hostname = r1i7n18
commandline = ../glasgow/solve_subgraph_isomorphism --value-ordering=biased --geometric-restarts=1.0 --restarts-constant=10000 --triggered-restarts --threads=36 --timeout 1000 --format lad ../instances/LV/g12 ../instances/largerGraphs/g73-normed
started_at = 2018-11-16 16:39:42
pattern_file = ../instances/LV/g12
target_file = ../instances/largerGraphs/g73-normed
status = false
nodes = 499713
propagations = 2942435
runtime = 262
t32.stop_reason = aborted
t32.restarts = 3
t32.nogoods_size = 1155
t32.nodes = 16879
t32.propagations = 16879
t12.stop_reason = aborted
t12.restarts = 3
t12.nogoods_size = 1155
t12.nodes = 14622
t12.propagations = 14622
t13.stop_reason = unsatisfiable
t13.restarts = 3
t13.nogoods_size = 1155
t13.nodes = 16305
t13.propagations = 16305
t9.stop_reason = aborted
t9.restarts = 3
t9.nogoods_size = 1155
t9.nodes = 13886
t9.propagations = 13886
t16.stop_reason = aborted
t16.restarts = 3
t16.nogoods_size = 1155
t16.nodes = 16716
t16.propagations = 16716
t34.stop_reason = aborted
t34.restarts = 3
t34.nogoods_size = 1155
t34.nodes = 13806
t34.propagations = 13806
t10.stop_reason = aborted
t10.restarts = 3
t10.nogoods_size = 1155
t10.nodes = 14401
t10.propagations = 14401
t29.stop_reason = aborted
t29.restarts = 3
t29.nogoods_size = 1155
t29.nodes = 7162
t29.propagations = 7162
t25.stop_reason = aborted
t25.restarts = 3
t25.nogoods_size = 1155
t25.nodes = 12520
t25.propagations = 12520
t31.stop_reason = aborted
t31.restarts = 3
t31.nogoods_size = 1155
t31.nodes = 13619
t31.propagations = 13619
t21.stop_reason = aborted
t21.restarts = 3
t21.nogoods_size = 1155
t21.nodes = 15557
t21.propagations = 15557
t26.stop_reason = unsatisfiable
t26.restarts = 3
t26.nogoods_size = 1155
t26.nodes = 9626
t26.propagations = 9626
t22.stop_reason = aborted
t22.restarts = 3
t22.nogoods_size = 1155
t22.nodes = 16853
t22.propagations = 16853
t2.stop_reason = aborted
t2.restarts = 3
t2.nogoods_size = 1155
t2.nodes = 16325
t2.propagations = 16325
t7.stop_reason = aborted
t7.restarts = 3
t7.nogoods_size = 1155
t7.nodes = 16871
t7.propagations = 16871
t15.stop_reason = aborted
t15.restarts = 3
t15.nogoods_size = 1155
t15.nodes = 14057
t15.propagations = 14057
t4.stop_reason = aborted
t4.restarts = 3
t4.nogoods_size = 1155
t4.nodes = 7290
t4.propagations = 7290
t11.stop_reason = aborted
t11.restarts = 3
t11.nogoods_size = 1155
t11.nodes = 14309
t11.propagations = 14309
t0.stop_reason = aborted
t0.restarts = 3
t0.nogoods_size = 1155
t0.nodes = 10011
t0.propagations = 10011
t20.stop_reason = aborted
t20.restarts = 3
t20.nogoods_size = 1155
t20.nodes = 14395
t20.propagations = 14395
t33.stop_reason = aborted
t33.restarts = 3
t33.nogoods_size = 1155
t33.nodes = 14163
t33.propagations = 14163
t6.stop_reason = aborted
t6.restarts = 3
t6.nogoods_size = 1155
t6.nodes = 16861
t6.propagations = 16861
t30.stop_reason = aborted
t30.restarts = 3
t30.nogoods_size = 1155
t30.nodes = 16774
t30.propagations = 16774
t18.stop_reason = aborted
t18.restarts = 3
t18.nogoods_size = 1155
t18.nodes = 10331
t18.propagations = 10331
t23.stop_reason = aborted
t23.restarts = 3
t23.nogoods_size = 1155
t23.nodes = 16740
t23.propagations = 16740
t24.stop_reason = aborted
t24.restarts = 3
t24.nogoods_size = 1155
t24.nodes = 14230
t24.propagations = 14230
t1.stop_reason = aborted
t1.restarts = 3
t1.nogoods_size = 1155
t1.nodes = 16249
t1.propagations = 16249
t28.stop_reason = aborted
t28.restarts = 3
t28.nogoods_size = 1155
t28.nodes = 7146
t28.propagations = 7146
t3.stop_reason = aborted
t3.restarts = 3
t3.nogoods_size = 1155
t3.nodes = 12942
t3.propagations = 12942
t5.stop_reason = aborted
t5.restarts = 3
t5.nogoods_size = 1155
t5.nodes = 14362
t5.propagations = 14362
t19.stop_reason = aborted
t19.restarts = 3
t19.nogoods_size = 1155
t19.nodes = 15018
t19.propagations = 15018
t14.stop_reason = aborted
t14.restarts = 3
t14.nogoods_size = 1155
t14.nodes = 16712
t14.propagations = 16712
t17.stop_reason = aborted
t17.restarts = 3
t17.nogoods_size = 1155
t17.nodes = 16996
t17.propagations = 16996
t35.stop_reason = aborted
t35.restarts = 3
t35.nogoods_size = 1155
t35.nodes = 15806
t35.propagations = 15806
t27.stop_reason = aborted
t27.restarts = 3
t27.nogoods_size = 1155
t27.nodes = 12624
t27.propagations = 12624
t8.stop_reason = aborted
t8.restarts = 3
t8.nogoods_size = 1155
t8.nodes = 7549
t8.propagations = 7549
search_time = 243
