hostname = r1i7n18
commandline = ../glasgow/solve_subgraph_isomorphism --value-ordering=biased --geometric-restarts=1.0 --restarts-constant=10000 --triggered-restarts --threads=36 --timeout 1000 --format lad ../instances/LV/g12 ../instances/largerGraphs/g77
started_at = 2018-11-16 16:36:46
pattern_file = ../instances/LV/g12
target_file = ../instances/largerGraphs/g77
status = true
nodes = 1071
propagations = 1105
mapping = (0 -> 510) (1 -> 511) (2 -> 543) (3 -> 607) (4 -> 506) (5 -> 515) (6 -> 513) (7 -> 537) (8 -> 541) (9 -> 538) (10 -> 542) (11 -> 609) (12 -> 514) (13 -> 549) (14 -> 608) (15 -> 539) (16 -> 349) (17 -> 19) (18 -> 263) (19 -> 0) (20 -> 44) (21 -> 78) (22 -> 227) (23 -> 176) (24 -> 166) (25 -> 217) (26 -> 305) (27 -> 351) (28 -> 281) (29 -> 218) (30 -> 180) (31 -> 183) (32 -> 57) (33 -> 156) (34 -> 266) (35 -> 320) (36 -> 187) (37 -> 28) (38 -> 279) (39 -> 133) (40 -> 46) (41 -> 348) (42 -> 47) (43 -> 238) (44 -> 278) (45 -> 172) (46 -> 1) (47 -> 2) 
runtime = 637
t31.stop_reason = aborted
t31.restarts = 2
t31.nogoods_size = 36
t31.nodes = 23
t31.propagations = 23
t15.stop_reason = aborted
t15.restarts = 2
t15.nogoods_size = 36
t15.nodes = 36
t15.propagations = 36
t6.stop_reason = aborted
t6.restarts = 2
t6.nogoods_size = 36
t6.nodes = 40
t6.propagations = 40
t17.where = 0/610 -1/-1 0/249 -1/-1 0/248 -1/-1 0/247 -1/-1 0/246 -1/-1 0/245 -1/-1 0/244 -1/-1 0/243 -1/-1 0/242 -1/-1 0/241 -1/-1 0/240 -1/-1 0/239 -1/-1 0/238 -1/-1 0/237 -1/-1 0/236 -1/-1 0/235 -1/-1 0/348 -1/-1 0/347 -1/-1 0/346 -1/-1 0/346 -1/-1 0/345 -1/-1 0/345 -1/-1 0/344 -1/-1 0/346 -1/-1 0/345 -1/-1 0/344 -1/-1 0/344 -1/-1 0/344 -1/-1 0/344 -1/-1 0/343 -1/-1 0/342 -1/-1 0/341 -1/-1 0/340 -1/-1 0/340 -1/-1 0/339 -1/-1 0/338 -1/-1 0/337 -1/-1 0/336 -1/-1 0/335 -1/-1 0/336 -1/-1 0/335 -1/-1 0/334 -1/-1 0/333 -1/-1 0/333 -1/-1 0/332 -1/-1
t17.stop_reason = satisfiable
t17.restarts = 2
t17.nogoods_size = 36
t17.nodes = 46
t17.propagations = 46
t29.stop_reason = aborted
t29.restarts = 2
t29.nogoods_size = 36
t29.nodes = 25
t29.propagations = 25
t20.stop_reason = aborted
t20.restarts = 2
t20.nogoods_size = 36
t20.nodes = 29
t20.propagations = 29
t7.where = 0/610 -1/-1 0/249 -1/-1 0/248 -1/-1 0/247 -1/-1 0/246 -1/-1 0/245 -1/-1 0/244 -1/-1 0/243 -1/-1 0/242 -1/-1 0/241 -1/-1 0/240 -1/-1 0/239 -1/-1 0/238 -1/-1 0/237 -1/-1 0/236 -1/-1 0/235 -1/-1 0/350 -1/-1 0/349 -1/-1 0/348 -1/-1 0/347 -1/-1 0/346 -1/-1 0/345 -1/-1 0/345 -1/-1 0/344 -1/-1 0/344 -1/-1 0/344 -1/-1 0/343 -1/-1 0/342 -1/-1 0/341 -1/-1 0/340 -1/-1 0/339 -1/-1 0/339 -1/-1 0/338 -1/-1 0/338 -1/-1 0/338 -1/-1 0/338 -1/-1 0/337 -1/-1 0/336 -1/-1 0/335 -1/-1 0/334 -1/-1 0/333 -1/-1 0/333 -1/-1 0/332 -1/-1 0/332 -1/-1 0/331 -1/-1
t7.stop_reason = satisfiable
t7.restarts = 2
t7.nogoods_size = 36
t7.nodes = 46
t7.propagations = 46
t12.stop_reason = aborted
t12.restarts = 2
t12.nogoods_size = 36
t12.nodes = 26
t12.propagations = 26
t28.stop_reason = aborted
t28.restarts = 2
t28.nogoods_size = 36
t28.nodes = 25
t28.propagations = 25
t30.stop_reason = aborted
t30.restarts = 2
t30.nogoods_size = 36
t30.nodes = 24
t30.propagations = 24
t11.stop_reason = aborted
t11.restarts = 2
t11.nogoods_size = 36
t11.nodes = 43
t11.propagations = 43
t9.stop_reason = aborted
t9.restarts = 2
t9.nogoods_size = 36
t9.nodes = 26
t9.propagations = 26
t27.stop_reason = aborted
t27.restarts = 2
t27.nogoods_size = 36
t27.nodes = 27
t27.propagations = 27
t22.stop_reason = aborted
t22.restarts = 2
t22.nogoods_size = 36
t22.nodes = 30
t22.propagations = 30
t26.stop_reason = aborted
t26.restarts = 2
t26.nogoods_size = 36
t26.nodes = 20
t26.propagations = 20
t13.stop_reason = aborted
t13.restarts = 2
t13.nogoods_size = 36
t13.nodes = 26
t13.propagations = 26
t0.stop_reason = aborted
t0.restarts = 2
t0.nogoods_size = 36
t0.nodes = 38
t0.propagations = 38
t21.stop_reason = aborted
t21.restarts = 2
t21.nogoods_size = 36
t21.nodes = 21
t21.propagations = 21
t34.stop_reason = aborted
t34.restarts = 2
t34.nogoods_size = 36
t34.nodes = 20
t34.propagations = 20
t24.stop_reason = aborted
t24.restarts = 2
t24.nogoods_size = 36
t24.nodes = 29
t24.propagations = 29
t8.stop_reason = aborted
t8.restarts = 2
t8.nogoods_size = 36
t8.nodes = 41
t8.propagations = 41
t23.stop_reason = aborted
t23.restarts = 2
t23.nogoods_size = 36
t23.nodes = 22
t23.propagations = 22
t2.stop_reason = aborted
t2.restarts = 2
t2.nogoods_size = 36
t2.nodes = 29
t2.propagations = 29
t18.stop_reason = aborted
t18.restarts = 2
t18.nogoods_size = 36
t18.nodes = 33
t18.propagations = 33
t19.stop_reason = aborted
t19.restarts = 2
t19.nogoods_size = 36
t19.nodes = 25
t19.propagations = 25
t16.stop_reason = aborted
t16.restarts = 2
t16.nogoods_size = 36
t16.nodes = 35
t16.propagations = 35
t3.stop_reason = aborted
t3.restarts = 2
t3.nogoods_size = 36
t3.nodes = 39
t3.propagations = 39
t32.stop_reason = aborted
t32.restarts = 2
t32.nogoods_size = 36
t32.nodes = 22
t32.propagations = 22
t14.stop_reason = aborted
t14.restarts = 2
t14.nogoods_size = 36
t14.nodes = 26
t14.propagations = 26
t25.stop_reason = aborted
t25.restarts = 2
t25.nogoods_size = 36
t25.nodes = 29
t25.propagations = 29
t10.stop_reason = aborted
t10.restarts = 2
t10.nogoods_size = 36
t10.nodes = 38
t10.propagations = 38
t4.stop_reason = aborted
t4.restarts = 2
t4.nogoods_size = 36
t4.nodes = 39
t4.propagations = 39
t35.stop_reason = aborted
t35.restarts = 2
t35.nogoods_size = 36
t35.nodes = 19
t35.propagations = 19
t5.stop_reason = aborted
t5.restarts = 2
t5.nogoods_size = 36
t5.nodes = 28
t5.propagations = 28
t33.stop_reason = aborted
t33.restarts = 2
t33.nogoods_size = 36
t33.nodes = 13
t33.propagations = 13
t1.stop_reason = aborted
t1.restarts = 2
t1.nogoods_size = 36
t1.nodes = 33
t1.propagations = 33
search_time = 16
