hostname = r1i2n20
commandline = ../glasgow/solve_subgraph_isomorphism --value-ordering=biased --geometric-restarts=1.0 --restarts-constant=10000 --triggered-restarts --threads=36 --timeout 1000 --format lad ../instances/LV/g16 ../instances/largerGraphs/g93-normed
started_at = 2018-11-16 21:21:47
pattern_file = ../instances/LV/g16
target_file = ../instances/largerGraphs/g93-normed
status = false
nodes = 700987240
propagations = 7582872615
runtime = 549557
t31.stop_reason = unsatisfiable
t31.restarts = 1932
t31.nogoods_size = 2279358
t31.nodes = 19465923
t31.propagations = 19465923
t1.stop_reason = unsatisfiable
t1.restarts = 1932
t1.nogoods_size = 2279358
t1.nodes = 19601997
t1.propagations = 19601997
t0.stop_reason = unsatisfiable
t0.restarts = 1932
t0.nogoods_size = 2279358
t0.nodes = 19310349
t0.propagations = 19310349
t12.stop_reason = unsatisfiable
t12.restarts = 1932
t12.nogoods_size = 2279358
t12.nodes = 19440325
t12.propagations = 19440325
t33.stop_reason = unsatisfiable
t33.restarts = 1932
t33.nogoods_size = 2279358
t33.nodes = 19330394
t33.propagations = 19330394
t2.stop_reason = unsatisfiable
t2.restarts = 1932
t2.nogoods_size = 2279358
t2.nodes = 19559759
t2.propagations = 19559759
t3.stop_reason = unsatisfiable
t3.restarts = 1932
t3.nogoods_size = 2279358
t3.nodes = 19323080
t3.propagations = 19323080
t7.stop_reason = unsatisfiable
t7.restarts = 1932
t7.nogoods_size = 2279358
t7.nodes = 19370564
t7.propagations = 19370564
t11.stop_reason = unsatisfiable
t11.restarts = 1932
t11.nogoods_size = 2279358
t11.nodes = 19598204
t11.propagations = 19598204
t19.stop_reason = unsatisfiable
t19.restarts = 1932
t19.nogoods_size = 2279358
t19.nodes = 19522828
t19.propagations = 19522828
t29.stop_reason = unsatisfiable
t29.restarts = 1932
t29.nogoods_size = 2279358
t29.nodes = 19386336
t29.propagations = 19386336
t26.stop_reason = unsatisfiable
t26.restarts = 1932
t26.nogoods_size = 2279358
t26.nodes = 19495423
t26.propagations = 19495423
t8.stop_reason = unsatisfiable
t8.restarts = 1932
t8.nogoods_size = 2279358
t8.nodes = 19619542
t8.propagations = 19619542
t28.stop_reason = unsatisfiable
t28.restarts = 1932
t28.nogoods_size = 2279358
t28.nodes = 19585471
t28.propagations = 19585471
t18.stop_reason = unsatisfiable
t18.restarts = 1932
t18.nogoods_size = 2279358
t18.nodes = 19505238
t18.propagations = 19505238
t15.stop_reason = unsatisfiable
t15.restarts = 1932
t15.nogoods_size = 2279358
t15.nodes = 19339033
t15.propagations = 19339033
t35.stop_reason = unsatisfiable
t35.restarts = 1932
t35.nogoods_size = 2279358
t35.nodes = 19454580
t35.propagations = 19454580
t14.stop_reason = unsatisfiable
t14.restarts = 1932
t14.nogoods_size = 2279358
t14.nodes = 19459859
t14.propagations = 19459859
t6.stop_reason = unsatisfiable
t6.restarts = 1932
t6.nogoods_size = 2279358
t6.nodes = 19556973
t6.propagations = 19556973
t23.stop_reason = unsatisfiable
t23.restarts = 1932
t23.nogoods_size = 2279358
t23.nodes = 19517633
t23.propagations = 19517633
t32.stop_reason = unsatisfiable
t32.restarts = 1932
t32.nogoods_size = 2279358
t32.nodes = 19490742
t32.propagations = 19490742
t17.stop_reason = unsatisfiable
t17.restarts = 1932
t17.nogoods_size = 2279358
t17.nodes = 19550826
t17.propagations = 19550826
t10.stop_reason = unsatisfiable
t10.restarts = 1932
t10.nogoods_size = 2279358
t10.nodes = 19451194
t10.propagations = 19451194
t4.stop_reason = unsatisfiable
t4.restarts = 1932
t4.nogoods_size = 2279358
t4.nodes = 19443413
t4.propagations = 19443413
t34.stop_reason = unsatisfiable
t34.restarts = 1932
t34.nogoods_size = 2279358
t34.nodes = 19444497
t34.propagations = 19444497
t13.stop_reason = unsatisfiable
t13.restarts = 1932
t13.nogoods_size = 2279358
t13.nodes = 19533549
t13.propagations = 19533549
t9.stop_reason = unsatisfiable
t9.restarts = 1932
t9.nogoods_size = 2279358
t9.nodes = 19370754
t9.propagations = 19370754
t21.stop_reason = unsatisfiable
t21.restarts = 1932
t21.nogoods_size = 2279358
t21.nodes = 19498687
t21.propagations = 19498687
t20.stop_reason = unsatisfiable
t20.restarts = 1932
t20.nogoods_size = 2279358
t20.nodes = 19510674
t20.propagations = 19510674
t25.stop_reason = unsatisfiable
t25.restarts = 1932
t25.nogoods_size = 2279358
t25.nodes = 19600012
t25.propagations = 19600012
t24.stop_reason = unsatisfiable
t24.restarts = 1932
t24.nogoods_size = 2279358
t24.nodes = 19458078
t24.propagations = 19458078
t27.stop_reason = unsatisfiable
t27.restarts = 1932
t27.nogoods_size = 2279358
t27.nodes = 19362004
t27.propagations = 19362004
t30.stop_reason = unsatisfiable
t30.restarts = 1932
t30.nogoods_size = 2279358
t30.nodes = 19427406
t30.propagations = 19427406
t16.stop_reason = unsatisfiable
t16.restarts = 1932
t16.nogoods_size = 2279358
t16.nodes = 19378219
t16.propagations = 19378219
t5.stop_reason = unsatisfiable
t5.restarts = 1932
t5.nogoods_size = 2279358
t5.nodes = 19572757
t5.propagations = 19572757
t22.stop_reason = unsatisfiable
t22.restarts = 1932
t22.nogoods_size = 2279358
t22.nodes = 19450917
t22.propagations = 19450917
search_time = 529971
