hostname = r1i7n10
commandline = ../glasgow/solve_subgraph_isomorphism --value-ordering=biased --geometric-restarts=1.0 --restarts-constant=10000 --triggered-restarts --threads=36 --timeout 1000 --format lad ../instances/LV/g17 ../instances/largerGraphs/g84
started_at = 2018-11-16 16:37:20
pattern_file = ../instances/LV/g17
target_file = ../instances/largerGraphs/g84
status = true
nodes = 1636
propagations = 1671
mapping = (0 -> 543) (1 -> 923) (2 -> 924) (3 -> 986) (4 -> 792) (5 -> 956) (6 -> 694) (7 -> 436) (8 -> 815) (9 -> 427) (10 -> 398) (11 -> 402) (12 -> 392) (13 -> 652) (14 -> 682) (15 -> 184) (16 -> 297) (17 -> 385) (18 -> 455) (19 -> 979) (20 -> 922) (21 -> 936) (22 -> 172) (23 -> 42) (24 -> 73) (25 -> 197) (26 -> 710) (27 -> 994) (28 -> 810) (29 -> 698) (30 -> 162) (31 -> 6) (32 -> 621) (33 -> 737) (34 -> 579) (35 -> 875) (36 -> 315) (37 -> 555) (38 -> 139) (39 -> 151) (40 -> 865) (41 -> 633) (42 -> 623) (43 -> 975) (44 -> 799) (45 -> 907) (46 -> 671) (47 -> 645) (48 -> 113) (49 -> 127) (50 -> 1023) (51 -> 351) (52 -> 411) (53 -> 919) (54 -> 797) (55 -> 665) (56 -> 341) (57 -> 86) (58 -> 982) (59 -> 222) (60 -> 458) (61 -> 467) (62 -> 981) (63 -> 705) 
runtime = 380
t34.stop_reason = aborted
t34.restarts = 2
t34.nogoods_size = 36
t34.nodes = 28
t34.propagations = 28
t35.stop_reason = aborted
t35.restarts = 2
t35.nogoods_size = 36
t35.nodes = 24
t35.propagations = 24
t22.stop_reason = aborted
t22.restarts = 2
t22.nogoods_size = 36
t22.nodes = 44
t22.propagations = 44
t4.stop_reason = aborted
t4.restarts = 2
t4.nogoods_size = 36
t4.nodes = 60
t4.propagations = 60
t7.stop_reason = aborted
t7.restarts = 2
t7.nogoods_size = 36
t7.nodes = 57
t7.propagations = 57
t1.where = 0/1024 -1/-1 0/120 -1/-1 0/119 -1/-1 0/118 -1/-1 0/35 -1/-1 0/34 -1/-1 0/117 -1/-1 0/19 -1/-1 0/116 -1/-1 0/18 -1/-1 0/33 -1/-1 0/34 -1/-1 0/115 -1/-1 0/34 -1/-1 0/34 -1/-1 0/115 -1/-1 0/52 -1/-1 0/33 -1/-1 0/114 -1/-1 0/19 -1/-1 0/35 -1/-1 0/19 -1/-1 0/52 -1/-1 0/34 -1/-1 0/112 -1/-1 0/19 -1/-1 0/19 -1/-1 0/35 -1/-1 0/113 -1/-1 0/19 -1/-1 0/34 -1/-1 0/34 -1/-1 0/53 -1/-1 0/34 -1/-1 0/34 -1/-1 0/112 -1/-1 0/32 -1/-1 0/34 -1/-1 0/33 -1/-1 0/35 -1/-1 0/51 -1/-1 0/52 -1/-1 0/107 -1/-1 0/51 -1/-1 0/52 -1/-1 0/30 -1/-1 0/34 -1/-1 0/34 -1/-1 0/18 -1/-1 0/108 -1/-1 0/19 -1/-1 0/32 -1/-1 0/32 -1/-1 0/14 -1/-1 0/17 -1/-1 0/35 -1/-1 0/108 -1/-1 0/33 -1/-1 0/33 -1/-1 0/33 -1/-1 0/33 -1/-1 0/34 -1/-1 0/53 -1/-1 0/33 -1/-1
t1.stop_reason = satisfiable
t1.restarts = 2
t1.nogoods_size = 36
t1.nodes = 65
t1.propagations = 65
t17.stop_reason = aborted
t17.restarts = 2
t17.nogoods_size = 36
t17.nodes = 46
t17.propagations = 46
t31.stop_reason = aborted
t31.restarts = 2
t31.nogoods_size = 36
t31.nodes = 33
t31.propagations = 33
t33.stop_reason = aborted
t33.restarts = 2
t33.nogoods_size = 36
t33.nodes = 28
t33.propagations = 28
t10.stop_reason = aborted
t10.restarts = 2
t10.nogoods_size = 36
t10.nodes = 52
t10.propagations = 52
t28.stop_reason = aborted
t28.restarts = 2
t28.nogoods_size = 36
t28.nodes = 35
t28.propagations = 35
t6.stop_reason = aborted
t6.restarts = 2
t6.nogoods_size = 36
t6.nodes = 54
t6.propagations = 54
t24.stop_reason = aborted
t24.restarts = 2
t24.nogoods_size = 36
t24.nodes = 41
t24.propagations = 41
t18.stop_reason = aborted
t18.restarts = 2
t18.nogoods_size = 36
t18.nodes = 52
t18.propagations = 52
t12.stop_reason = aborted
t12.restarts = 2
t12.nogoods_size = 36
t12.nodes = 56
t12.propagations = 56
t27.stop_reason = aborted
t27.restarts = 2
t27.nogoods_size = 36
t27.nodes = 37
t27.propagations = 37
t25.stop_reason = aborted
t25.restarts = 2
t25.nogoods_size = 36
t25.nodes = 41
t25.propagations = 41
t32.stop_reason = aborted
t32.restarts = 2
t32.nogoods_size = 36
t32.nodes = 30
t32.propagations = 30
t30.stop_reason = aborted
t30.restarts = 2
t30.nogoods_size = 36
t30.nodes = 33
t30.propagations = 33
t3.stop_reason = aborted
t3.restarts = 2
t3.nogoods_size = 36
t3.nodes = 58
t3.propagations = 58
t5.stop_reason = aborted
t5.restarts = 2
t5.nogoods_size = 36
t5.nodes = 54
t5.propagations = 54
t26.stop_reason = aborted
t26.restarts = 2
t26.nogoods_size = 36
t26.nodes = 39
t26.propagations = 39
t16.stop_reason = aborted
t16.restarts = 2
t16.nogoods_size = 36
t16.nodes = 49
t16.propagations = 49
t15.stop_reason = aborted
t15.restarts = 2
t15.nogoods_size = 36
t15.nodes = 51
t15.propagations = 51
t20.stop_reason = aborted
t20.restarts = 2
t20.nogoods_size = 36
t20.nodes = 45
t20.propagations = 45
t29.stop_reason = aborted
t29.restarts = 2
t29.nogoods_size = 36
t29.nodes = 34
t29.propagations = 34
t9.stop_reason = aborted
t9.restarts = 2
t9.nogoods_size = 36
t9.nodes = 50
t9.propagations = 50
t14.stop_reason = aborted
t14.restarts = 2
t14.nogoods_size = 36
t14.nodes = 48
t14.propagations = 48
t23.stop_reason = aborted
t23.restarts = 2
t23.nogoods_size = 36
t23.nodes = 42
t23.propagations = 42
t0.stop_reason = aborted
t0.restarts = 2
t0.nogoods_size = 36
t0.nodes = 48
t0.propagations = 48
t2.stop_reason = aborted
t2.restarts = 2
t2.nogoods_size = 36
t2.nodes = 51
t2.propagations = 51
t21.stop_reason = aborted
t21.restarts = 2
t21.nogoods_size = 36
t21.nodes = 44
t21.propagations = 44
t19.stop_reason = aborted
t19.restarts = 2
t19.nogoods_size = 36
t19.nodes = 45
t19.propagations = 45
t8.stop_reason = aborted
t8.restarts = 2
t8.nogoods_size = 36
t8.nodes = 56
t8.propagations = 56
t13.stop_reason = aborted
t13.restarts = 2
t13.nogoods_size = 36
t13.nodes = 54
t13.propagations = 54
t11.stop_reason = aborted
t11.restarts = 2
t11.nogoods_size = 36
t11.nodes = 52
t11.propagations = 52
search_time = 48
