hostname = r1i0n27
commandline = ../glasgow/solve_subgraph_isomorphism --value-ordering=biased --geometric-restarts=1.0 --restarts-constant=10000 --triggered-restarts --threads=36 --timeout 1000 --format lad ../instances/LV/g17 ../instances/largerGraphs/g64
started_at = 2018-11-16 16:36:50
pattern_file = ../instances/LV/g17
target_file = ../instances/largerGraphs/g64
status = true
nodes = 830
propagations = 864
mapping = (0 -> 382) (1 -> 98) (2 -> 384) (3 -> 280) (4 -> 43) (5 -> 82) (6 -> 380) (7 -> 86) (8 -> 92) (9 -> 24) (10 -> 0) (11 -> 21) (12 -> 4) (13 -> 120) (14 -> 13) (15 -> 27) (16 -> 284) (17 -> 6) (18 -> 104) (19 -> 226) (20 -> 20) (21 -> 187) (22 -> 26) (23 -> 359) (24 -> 96) (25 -> 264) (26 -> 1) (27 -> 100) (28 -> 44) (29 -> 146) (30 -> 220) (31 -> 141) (32 -> 11) (33 -> 134) (34 -> 64) (35 -> 7) (36 -> 101) (37 -> 300) (38 -> 203) (39 -> 304) (40 -> 244) (41 -> 238) (42 -> 191) (43 -> 124) (44 -> 60) (45 -> 103) (46 -> 152) (47 -> 202) (48 -> 222) (49 -> 356) (50 -> 144) (51 -> 22) (52 -> 183) (53 -> 232) (54 -> 184) (55 -> 32) (56 -> 131) (57 -> 142) (58 -> 116) (59 -> 251) (60 -> 234) (61 -> 243) (62 -> 114) (63 -> 204) 
runtime = 52
t17.stop_reason = aborted
t17.restarts = 2
t17.nogoods_size = 36
t17.nodes = 15
t17.propagations = 15
t0.where = 0/400 -1/-1 0/165 -1/-1 0/129 -1/-1 0/128 -1/-1 0/29 -1/-1 0/51 -1/-1 0/50 -1/-1 0/63 -1/-1 0/88 -1/-1 0/97 -1/-1 0/107 -1/-1 0/60 -1/-1 0/63 -1/-1 0/3 -1/-1 0/27 -1/-1 0/27 -1/-1 0/54 -1/-1 0/24 -1/-1 -1/-1 0/16 -1/-1 0/40 -1/-1 0/33 -1/-1 0/31 -1/-1 0/30 -1/-1 0/38 -1/-1 0/22 -1/-1 0/24 -1/-1 0/3 -1/-1 0/47 -1/-1 0/12 -1/-1 0/46 -1/-1 0/46 -1/-1 0/10 -1/-1 0/16 -1/-1 0/7 -1/-1 0/26 -1/-1 0/25 -1/-1 0/26 -1/-1 0/10 -1/-1 0/26 -1/-1 0/26 -1/-1 0/29 -1/-1 0/15 -1/-1 0/30 -1/-1 0/22 -1/-1 0/34 -1/-1 0/3 -1/-1 0/19 -1/-1 0/26 -1/-1 0/24 -1/-1 0/26 -1/-1 0/38 -1/-1 0/9 -1/-1 0/30 -1/-1 0/6 -1/-1 0/49 -1/-1 0/28 -1/-1 0/30 -1/-1 0/16 -1/-1 0/11 -1/-1 0/25 -1/-1 0/7 -1/-1 0/4 -1/-1 0/13 -1/-1
t0.stop_reason = satisfiable
t0.restarts = 2
t0.nogoods_size = 36
t0.nodes = 64
t0.propagations = 64
t10.stop_reason = aborted
t10.restarts = 2
t10.nogoods_size = 36
t10.nodes = 52
t10.propagations = 52
t11.stop_reason = aborted
t11.restarts = 2
t11.nogoods_size = 36
t11.nodes = 38
t11.propagations = 38
t1.where = 0/400 -1/-1 0/165 -1/-1 0/129 -1/-1 0/128 -1/-1 0/29 -1/-1 0/97 -1/-1 0/25 -1/-1 0/96 -1/-1 0/16 -1/-1 0/36 -1/-1 0/107 -1/-1 0/58 -1/-1 0/39 -1/-1 0/24 -1/-1 0/16 -1/-1 0/37 -1/-1 0/21 -1/-1 0/36 -1/-1 0/10 -1/-1 0/35 -1/-1 0/7 -1/-1 0/25 -1/-1 0/13 -1/-1 0/25 -1/-1 0/30 -1/-1 0/26 -1/-1 0/32 -1/-1 0/23 -1/-1 0/24 -1/-1 0/51 -1/-1 0/15 -1/-1 0/22 -1/-1 0/20 -1/-1 0/21 -1/-1 0/40 -1/-1 0/55 -1/-1 -1/-1 0/2 -1/-1 0/15 -1/-1 0/35 -1/-1 0/7 -1/-1 0/10 -1/-1 0/15 -1/-1 0/15 -1/-1 0/7 -1/-1 0/6 -1/-1 0/13 -1/-1 0/15 -1/-1 0/15 -1/-1 0/15 -1/-1 0/6 -1/-1 0/19 -1/-1 0/18 -1/-1 0/17 -1/-1 0/24 -1/-1 0/8 -1/-1 0/35 -1/-1 0/2 -1/-1 0/13 -1/-1 0/22 -1/-1 0/5 -1/-1 0/12 -1/-1 0/30 -1/-1 0/9 -1/-1
t1.stop_reason = satisfiable
t1.restarts = 2
t1.nogoods_size = 36
t1.nodes = 64
t1.propagations = 64
t23.stop_reason = aborted
t23.restarts = 2
t23.nogoods_size = 36
t23.nodes = 0
t23.propagations = 0
t13.stop_reason = aborted
t13.restarts = 2
t13.nogoods_size = 36
t13.nodes = 28
t13.propagations = 28
t21.stop_reason = aborted
t21.restarts = 2
t21.nogoods_size = 36
t21.nodes = 7
t21.propagations = 7
t14.stop_reason = aborted
t14.restarts = 2
t14.nogoods_size = 36
t14.nodes = 32
t14.propagations = 32
t15.stop_reason = aborted
t15.restarts = 2
t15.nogoods_size = 36
t15.nodes = 24
t15.propagations = 24
t8.stop_reason = aborted
t8.restarts = 2
t8.nogoods_size = 36
t8.nodes = 46
t8.propagations = 46
t9.stop_reason = aborted
t9.restarts = 2
t9.nogoods_size = 36
t9.nodes = 40
t9.propagations = 40
t12.stop_reason = aborted
t12.restarts = 2
t12.nogoods_size = 36
t12.nodes = 28
t12.propagations = 28
t6.stop_reason = aborted
t6.restarts = 2
t6.nogoods_size = 36
t6.nodes = 55
t6.propagations = 55
t24.stop_reason = aborted
t24.restarts = 2
t24.nogoods_size = 36
t24.nodes = 0
t24.propagations = 0
t16.stop_reason = aborted
t16.restarts = 2
t16.nogoods_size = 36
t16.nodes = 24
t16.propagations = 24
t7.stop_reason = aborted
t7.restarts = 2
t7.nogoods_size = 36
t7.nodes = 44
t7.propagations = 44
t18.stop_reason = aborted
t18.restarts = 2
t18.nogoods_size = 36
t18.nodes = 16
t18.propagations = 16
t5.stop_reason = aborted
t5.restarts = 2
t5.nogoods_size = 36
t5.nodes = 61
t5.propagations = 61
t2.stop_reason = aborted
t2.restarts = 2
t2.nogoods_size = 36
t2.nodes = 63
t2.propagations = 63
t4.stop_reason = aborted
t4.restarts = 2
t4.nogoods_size = 36
t4.nodes = 53
t4.propagations = 53
t19.stop_reason = aborted
t19.restarts = 2
t19.nogoods_size = 36
t19.nodes = 13
t19.propagations = 13
t3.stop_reason = aborted
t3.restarts = 2
t3.nogoods_size = 36
t3.nodes = 52
t3.propagations = 52
t25.stop_reason = aborted
t25.restarts = 2
t25.nogoods_size = 36
t25.nodes = 0
t25.propagations = 0
t20.stop_reason = aborted
t20.restarts = 2
t20.nogoods_size = 36
t20.nodes = 8
t20.propagations = 8
t26.stop_reason = aborted
t26.restarts = 2
t26.nogoods_size = 36
t26.nodes = 0
t26.propagations = 0
t22.stop_reason = aborted
t22.restarts = 2
t22.nogoods_size = 36
t22.nodes = 3
t22.propagations = 3
t28.stop_reason = aborted
t28.restarts = 2
t28.nogoods_size = 36
t28.nodes = 0
t28.propagations = 0
t27.stop_reason = aborted
t27.restarts = 2
t27.nogoods_size = 36
t27.nodes = 0
t27.propagations = 0
t29.stop_reason = aborted
t29.restarts = 2
t29.nogoods_size = 36
t29.nodes = 0
t29.propagations = 0
t30.stop_reason = aborted
t30.restarts = 2
t30.nogoods_size = 36
t30.nodes = 0
t30.propagations = 0
t31.stop_reason = aborted
t31.restarts = 2
t31.nogoods_size = 36
t31.nodes = 0
t31.propagations = 0
t32.stop_reason = aborted
t32.restarts = 2
t32.nogoods_size = 36
t32.nodes = 0
t32.propagations = 0
t33.stop_reason = aborted
t33.restarts = 2
t33.nogoods_size = 36
t33.nodes = 0
t33.propagations = 0
t34.stop_reason = aborted
t34.restarts = 2
t34.nogoods_size = 36
t34.nodes = 0
t34.propagations = 0
t35.stop_reason = aborted
t35.restarts = 2
t35.nogoods_size = 36
t35.nodes = 0
t35.propagations = 0
search_time = 14
