hostname = r1i7n0
commandline = ../glasgow/solve_subgraph_isomorphism --value-ordering=biased --geometric-restarts=1.0 --restarts-constant=10000 --triggered-restarts --threads=36 --timeout 1000 --format lad ../instances/LV/g19 ../instances/largerGraphs/g83
started_at = 2018-11-16 16:37:17
pattern_file = ../instances/LV/g19
target_file = ../instances/largerGraphs/g83
status = false
nodes = 474640
propagations = 3856539
runtime = 453
t30.stop_reason = aborted
t30.restarts = 3
t30.nogoods_size = 3614
t30.nodes = 7574
t30.propagations = 7574
t7.stop_reason = aborted
t7.restarts = 3
t7.nogoods_size = 3614
t7.nodes = 13657
t7.propagations = 13657
t11.stop_reason = aborted
t11.restarts = 3
t11.nogoods_size = 3614
t11.nodes = 11910
t11.propagations = 11910
t17.stop_reason = aborted
t17.restarts = 3
t17.nogoods_size = 3614
t17.nodes = 13867
t17.propagations = 13867
t14.stop_reason = aborted
t14.restarts = 3
t14.nogoods_size = 3614
t14.nodes = 13897
t14.propagations = 13897
t28.stop_reason = aborted
t28.restarts = 3
t28.nogoods_size = 3614
t28.nodes = 13860
t28.propagations = 13860
t34.stop_reason = aborted
t34.restarts = 3
t34.nogoods_size = 3614
t34.nodes = 13716
t34.propagations = 13716
t21.stop_reason = aborted
t21.restarts = 3
t21.nogoods_size = 3614
t21.nodes = 13795
t21.propagations = 13795
t27.stop_reason = aborted
t27.restarts = 3
t27.nogoods_size = 3614
t27.nodes = 13556
t27.propagations = 13556
t32.stop_reason = aborted
t32.restarts = 3
t32.nogoods_size = 3614
t32.nodes = 10442
t32.propagations = 10442
t20.stop_reason = aborted
t20.restarts = 3
t20.nogoods_size = 3614
t20.nodes = 13643
t20.propagations = 13643
t1.stop_reason = aborted
t1.restarts = 3
t1.nogoods_size = 3614
t1.nodes = 13896
t1.propagations = 13896
t4.stop_reason = unsatisfiable
t4.restarts = 3
t4.nogoods_size = 3614
t4.nodes = 13998
t4.propagations = 13998
t3.stop_reason = aborted
t3.restarts = 3
t3.nogoods_size = 3614
t3.nodes = 13945
t3.propagations = 13945
t6.stop_reason = aborted
t6.restarts = 3
t6.nogoods_size = 3614
t6.nodes = 13898
t6.propagations = 13898
t13.stop_reason = aborted
t13.restarts = 3
t13.nogoods_size = 3614
t13.nodes = 13661
t13.propagations = 13661
t24.stop_reason = aborted
t24.restarts = 3
t24.nogoods_size = 3614
t24.nodes = 10630
t24.propagations = 10630
t0.stop_reason = aborted
t0.restarts = 3
t0.nogoods_size = 3614
t0.nodes = 13988
t0.propagations = 13988
t12.stop_reason = aborted
t12.restarts = 3
t12.nogoods_size = 3614
t12.nodes = 13899
t12.propagations = 13899
t10.stop_reason = aborted
t10.restarts = 3
t10.nogoods_size = 3614
t10.nodes = 13944
t10.propagations = 13944
t29.stop_reason = aborted
t29.restarts = 3
t29.nogoods_size = 3614
t29.nodes = 13879
t29.propagations = 13879
t15.stop_reason = aborted
t15.restarts = 3
t15.nogoods_size = 3614
t15.nodes = 13653
t15.propagations = 13653
t5.stop_reason = aborted
t5.restarts = 3
t5.nogoods_size = 3614
t5.nodes = 13717
t5.propagations = 13717
t25.stop_reason = aborted
t25.restarts = 3
t25.nogoods_size = 3614
t25.nodes = 13922
t25.propagations = 13922
t23.stop_reason = aborted
t23.restarts = 3
t23.nogoods_size = 3614
t23.nodes = 13824
t23.propagations = 13824
t33.stop_reason = aborted
t33.restarts = 3
t33.nogoods_size = 3614
t33.nodes = 13702
t33.propagations = 13702
t31.stop_reason = aborted
t31.restarts = 3
t31.nogoods_size = 3614
t31.nodes = 13699
t31.propagations = 13699
t9.stop_reason = aborted
t9.restarts = 3
t9.nogoods_size = 3614
t9.nodes = 11708
t9.propagations = 11708
t2.stop_reason = aborted
t2.restarts = 3
t2.nogoods_size = 3614
t2.nodes = 13987
t2.propagations = 13987
t18.stop_reason = aborted
t18.restarts = 3
t18.nogoods_size = 3614
t18.nodes = 7586
t18.propagations = 7586
t35.stop_reason = aborted
t35.restarts = 3
t35.nogoods_size = 3614
t35.nodes = 13855
t35.propagations = 13855
t26.stop_reason = aborted
t26.restarts = 3
t26.nogoods_size = 3614
t26.nodes = 13861
t26.propagations = 13861
t16.stop_reason = aborted
t16.restarts = 3
t16.nogoods_size = 3614
t16.nodes = 13910
t16.propagations = 13910
t19.stop_reason = aborted
t19.restarts = 3
t19.nogoods_size = 3614
t19.nodes = 13796
t19.propagations = 13796
t22.stop_reason = aborted
t22.restarts = 3
t22.nogoods_size = 3614
t22.nodes = 13870
t22.propagations = 13870
t8.stop_reason = aborted
t8.restarts = 3
t8.nogoods_size = 3614
t8.nodes = 13895
t8.propagations = 13895
search_time = 401
