hostname = r1i2n34
commandline = ../glasgow/solve_subgraph_isomorphism --value-ordering=biased --geometric-restarts=1.0 --restarts-constant=10000 --triggered-restarts --threads=36 --timeout 1000 --format lad ../instances/LV/g28 ../instances/largerGraphs/g79
started_at = 2018-11-16 20:14:20
pattern_file = ../instances/LV/g28
target_file = ../instances/largerGraphs/g79
status = aborted
nodes = 2028115913
propagations = 12408310420
runtime = 1032371
t1.stop_reason = aborted
t1.restarts = 5589
t1.nogoods_size = 2611548
t1.nodes = 56714044
t1.propagations = 56714044
t28.stop_reason = aborted
t28.restarts = 5589
t28.nogoods_size = 2611548
t28.nodes = 56307289
t28.propagations = 56307289
t32.stop_reason = aborted
t32.restarts = 5589
t32.nogoods_size = 2611548
t32.nodes = 56409143
t32.propagations = 56409143
t35.stop_reason = aborted
t35.restarts = 5589
t35.nogoods_size = 2611548
t35.nodes = 56842494
t35.propagations = 56842494
t19.stop_reason = aborted
t19.restarts = 5589
t19.nogoods_size = 2611548
t19.nodes = 56096606
t19.propagations = 56096606
t34.stop_reason = aborted
t34.restarts = 5589
t34.nogoods_size = 2611548
t34.nodes = 56853954
t34.propagations = 56853954
t6.stop_reason = aborted
t6.restarts = 5589
t6.nogoods_size = 2611548
t6.nodes = 56661037
t6.propagations = 56661037
t18.stop_reason = aborted
t18.restarts = 5589
t18.nogoods_size = 2611548
t18.nodes = 56719244
t18.propagations = 56719244
t17.stop_reason = aborted
t17.restarts = 5589
t17.nogoods_size = 2611548
t17.nodes = 56218672
t17.propagations = 56218672
t7.stop_reason = aborted
t7.restarts = 5589
t7.nogoods_size = 2611548
t7.nodes = 56860721
t7.propagations = 56860721
t8.stop_reason = aborted
t8.restarts = 5589
t8.nogoods_size = 2611548
t8.nodes = 56026692
t8.propagations = 56026692
t29.stop_reason = aborted
t29.restarts = 5589
t29.nogoods_size = 2611548
t29.nodes = 55840757
t29.propagations = 55840757
t5.stop_reason = aborted
t5.restarts = 5589
t5.nogoods_size = 2611548
t5.nodes = 56799429
t5.propagations = 56799429
t15.stop_reason = aborted
t15.restarts = 5589
t15.nogoods_size = 2611548
t15.nodes = 56323514
t15.propagations = 56323514
t14.stop_reason = aborted
t14.restarts = 5589
t14.nogoods_size = 2611548
t14.nodes = 56696335
t14.propagations = 56696335
t21.stop_reason = aborted
t21.restarts = 5589
t21.nogoods_size = 2611548
t21.nodes = 56136300
t21.propagations = 56136300
t9.stop_reason = aborted
t9.restarts = 5589
t9.nogoods_size = 2611548
t9.nodes = 56068204
t9.propagations = 56068204
t27.stop_reason = aborted
t27.restarts = 5589
t27.nogoods_size = 2611548
t27.nodes = 56273330
t27.propagations = 56273330
t13.stop_reason = aborted
t13.restarts = 5589
t13.nogoods_size = 2611548
t13.nodes = 55806892
t13.propagations = 55806892
t23.stop_reason = aborted
t23.restarts = 5589
t23.nogoods_size = 2611548
t23.nodes = 56201899
t23.propagations = 56201899
t20.stop_reason = aborted
t20.restarts = 5589
t20.nogoods_size = 2611548
t20.nodes = 56242454
t20.propagations = 56242454
t22.stop_reason = aborted
t22.restarts = 5589
t22.nogoods_size = 2611548
t22.nodes = 56634859
t22.propagations = 56634859
t11.stop_reason = aborted
t11.restarts = 5589
t11.nogoods_size = 2611548
t11.nodes = 56108959
t11.propagations = 56108959
t3.stop_reason = aborted
t3.restarts = 5589
t3.nogoods_size = 2611548
t3.nodes = 55859543
t3.propagations = 55859543
t2.stop_reason = aborted
t2.restarts = 5589
t2.nogoods_size = 2611548
t2.nodes = 56933834
t2.propagations = 56933834
t24.stop_reason = aborted
t24.restarts = 5589
t24.nogoods_size = 2611548
t24.nodes = 56131020
t24.propagations = 56131020
t10.stop_reason = aborted
t10.restarts = 5589
t10.nogoods_size = 2611548
t10.nodes = 56378761
t10.propagations = 56378761
t31.stop_reason = aborted
t31.restarts = 5589
t31.nogoods_size = 2611548
t31.nodes = 56073595
t31.propagations = 56073595
t30.stop_reason = aborted
t30.restarts = 5589
t30.nogoods_size = 2611548
t30.nodes = 56435661
t30.propagations = 56435661
t26.stop_reason = aborted
t26.restarts = 5589
t26.nogoods_size = 2611548
t26.nodes = 56363241
t26.propagations = 56363241
t16.stop_reason = aborted
t16.restarts = 5589
t16.nogoods_size = 2611548
t16.nodes = 56267945
t16.propagations = 56267945
t0.stop_reason = aborted
t0.restarts = 5589
t0.nogoods_size = 2611548
t0.nodes = 55950700
t0.propagations = 55950700
t12.stop_reason = aborted
t12.restarts = 5589
t12.nogoods_size = 2611548
t12.nodes = 55811789
t12.propagations = 55811789
t25.stop_reason = aborted
t25.restarts = 5589
t25.nogoods_size = 2611548
t25.nodes = 55959863
t25.propagations = 55959863
t33.stop_reason = aborted
t33.restarts = 5589
t33.nogoods_size = 2611548
t33.nodes = 56654989
t33.propagations = 56654989
t4.stop_reason = aborted
t4.restarts = 5589
t4.nogoods_size = 2611548
t4.nodes = 56452144
t4.propagations = 56452144
search_time = 1000000
