hostname = r1i7n0
commandline = ../glasgow/solve_subgraph_isomorphism --value-ordering=biased --geometric-restarts=1.0 --restarts-constant=10000 --triggered-restarts --threads=36 --timeout 1000 --format lad ../instances/LV/g39 ../instances/LV/g50
started_at = 2018-11-16 16:36:37
pattern_file = ../instances/LV/g39
target_file = ../instances/LV/g50
status = true
nodes = 321716
propagations = 1208381
mapping = (0 -> 75) (1 -> 127) (2 -> 67) (3 -> 99) (4 -> 121) (5 -> 114) (6 -> 68) (7 -> 1) (8 -> 115) (9 -> 85) (10 -> 60) (11 -> 64) (12 -> 90) (13 -> 26) (14 -> 61) (15 -> 63) (16 -> 98) (17 -> 78) (18 -> 72) (19 -> 112) (20 -> 24) (21 -> 45) (22 -> 120) (23 -> 32) (24 -> 87) (25 -> 91) (26 -> 7) (27 -> 113) (28 -> 74) (29 -> 6) (30 -> 126) (31 -> 52) (32 -> 81) (33 -> 11) (34 -> 34) (35 -> 79) (36 -> 124) (37 -> 125) (38 -> 42) (39 -> 44) (40 -> 29) (41 -> 19) (42 -> 9) (43 -> 37) (44 -> 47) (45 -> 15) (46 -> 50) (47 -> 100) (48 -> 27) (49 -> 107) (50 -> 109) (51 -> 51) (52 -> 95) (53 -> 23) (54 -> 57) (55 -> 62) (56 -> 2) (57 -> 33) (58 -> 77) (59 -> 82) (60 -> 65) (61 -> 106) (62 -> 122) (63 -> 70) (64 -> 69) (65 -> 92) (66 -> 84) (67 -> 3) (68 -> 86) (69 -> 96) (70 -> 13) (71 -> 18) (72 -> 38) (73 -> 89) (74 -> 66) (75 -> 110) (76 -> 83) (77 -> 49) (78 -> 58) (79 -> 28) (80 -> 31) (81 -> 104) (82 -> 116) (83 -> 101) (84 -> 73) (85 -> 54) (86 -> 12) (87 -> 93) (88 -> 123) (89 -> 10) (90 -> 25) (91 -> 4) (92 -> 36) (93 -> 30) (94 -> 119) (95 -> 43) (96 -> 56) (97 -> 88) (98 -> 40) (99 -> 17) (100 -> 103) (101 -> 8) (102 -> 76) (103 -> 14) (104 -> 111) (105 -> 71) (106 -> 0) (107 -> 22) (108 -> 5) (109 -> 59) (110 -> 39) (111 -> 80) (112 -> 16) (113 -> 48) (114 -> 20) (115 -> 53) (116 -> 46) (117 -> 118) (118 -> 108) (119 -> 97) (120 -> 102) 
runtime = 113
t1.stop_reason = aborted
t1.restarts = 3
t1.nogoods_size = 826
t1.nodes = 11955
t1.propagations = 11955
t26.stop_reason = aborted
t26.restarts = 3
t26.nogoods_size = 826
t26.nodes = 8799
t26.propagations = 8799
t32.stop_reason = aborted
t32.restarts = 3
t32.nogoods_size = 826
t32.nodes = 11512
t32.propagations = 11512
t27.stop_reason = aborted
t27.restarts = 3
t27.nogoods_size = 826
t27.nodes = 15738
t27.propagations = 15738
t25.stop_reason = aborted
t25.restarts = 3
t25.nogoods_size = 826
t25.nodes = 8700
t25.propagations = 8700
t2.stop_reason = aborted
t2.restarts = 3
t2.nogoods_size = 826
t2.nodes = 5919
t2.propagations = 5919
t12.stop_reason = aborted
t12.restarts = 3
t12.nogoods_size = 826
t12.nodes = 5852
t12.propagations = 5852
t11.stop_reason = aborted
t11.restarts = 3
t11.nogoods_size = 826
t11.nodes = 10994
t11.propagations = 10994
t18.stop_reason = aborted
t18.restarts = 3
t18.nogoods_size = 826
t18.nodes = 9599
t18.propagations = 9599
t19.stop_reason = aborted
t19.restarts = 3
t19.nogoods_size = 826
t19.nodes = 12921
t19.propagations = 12921
t31.stop_reason = aborted
t31.restarts = 3
t31.nogoods_size = 826
t31.nodes = 5005
t31.propagations = 5005
t13.stop_reason = aborted
t13.restarts = 3
t13.nogoods_size = 826
t13.nodes = 6969
t13.propagations = 6969
t10.stop_reason = aborted
t10.restarts = 3
t10.nogoods_size = 826
t10.nodes = 10640
t10.propagations = 10640
t30.stop_reason = aborted
t30.restarts = 3
t30.nogoods_size = 826
t30.nodes = 9787
t30.propagations = 9787
t34.stop_reason = aborted
t34.restarts = 3
t34.nogoods_size = 826
t34.nodes = 9294
t34.propagations = 9294
t9.stop_reason = aborted
t9.restarts = 3
t9.nogoods_size = 826
t9.nodes = 7948
t9.propagations = 7948
t35.stop_reason = aborted
t35.restarts = 3
t35.nogoods_size = 826
t35.nodes = 9659
t35.propagations = 9659
t24.stop_reason = aborted
t24.restarts = 3
t24.nogoods_size = 826
t24.nodes = 7657
t24.propagations = 7657
t17.stop_reason = aborted
t17.restarts = 3
t17.nogoods_size = 826
t17.nodes = 7286
t17.propagations = 7286
t15.stop_reason = aborted
t15.restarts = 3
t15.nogoods_size = 826
t15.nodes = 8939
t15.propagations = 8939
t20.stop_reason = aborted
t20.restarts = 3
t20.nogoods_size = 826
t20.nodes = 6831
t20.propagations = 6831
t23.stop_reason = aborted
t23.restarts = 3
t23.nogoods_size = 826
t23.nodes = 13341
t23.propagations = 13341
t6.stop_reason = aborted
t6.restarts = 3
t6.nogoods_size = 826
t6.nodes = 8472
t6.propagations = 8472
t7.stop_reason = aborted
t7.restarts = 3
t7.nogoods_size = 826
t7.nodes = 9806
t7.propagations = 9806
t16.stop_reason = aborted
t16.restarts = 3
t16.nogoods_size = 826
t16.nodes = 13107
t16.propagations = 13107
t14.stop_reason = aborted
t14.restarts = 3
t14.nogoods_size = 826
t14.nodes = 9668
t14.propagations = 9668
t3.stop_reason = aborted
t3.restarts = 3
t3.nogoods_size = 826
t3.nodes = 7828
t3.propagations = 7828
t8.stop_reason = aborted
t8.restarts = 3
t8.nogoods_size = 826
t8.nodes = 7479
t8.propagations = 7479
t28.stop_reason = aborted
t28.restarts = 3
t28.nogoods_size = 826
t28.nodes = 7597
t28.propagations = 7597
t33.stop_reason = aborted
t33.restarts = 3
t33.nogoods_size = 826
t33.nodes = 4943
t33.propagations = 4943
t5.stop_reason = aborted
t5.restarts = 3
t5.nogoods_size = 826
t5.nodes = 6202
t5.propagations = 6202
t21.stop_reason = aborted
t21.restarts = 3
t21.nogoods_size = 826
t21.nodes = 9215
t21.propagations = 9215
t22.stop_reason = aborted
t22.restarts = 3
t22.nogoods_size = 826
t22.nodes = 9628
t22.propagations = 9628
t29.where = 0/128 -1/-1 0/83 -1/-1 0/75 -1/-1 0/74 -1/-1 0/75 -1/-1 0/76 -1/-1 0/70 -1/-1 0/71 -1/-1 0/73 -1/-1 0/70 -1/-1 0/63 -1/-1 0/56 -1/-1 0/42 -1/-1 0/46 -1/-1 0/41 -1/-1 0/33 -1/-1 0/38 -1/-1 0/39 -1/-1 0/38 -1/-1 0/43 -1/-1 0/29 -1/-1 0/25 -1/-1 0/35 -1/-1 0/33 -1/-1 0/28 -1/-1 0/34 -1/-1 0/36 -1/-1 0/10 -1/-1 0/15 -1/-1 0/9 -1/-1 0/21 -1/-1 0/17 -1/-1 0/16 -1/-1 0/22 -1/-1 0/23 -1/-1 0/26 -1/-1 0/26 -1/-1 0/22 -1/-1 0/24 -1/-1 0/18 -1/-1 0/9 -1/-1 0/11 -1/-1 0/11 -1/-1 0/15 -1/-1 0/8 -1/-1 0/8 -1/-1 0/3 -1/-1 0/7 -1/-1 0/7 -1/-1 0/9 -1/-1 0/9 -1/-1 0/6 -1/-1 1/7 -1/-1 -1/-1 -1/-1 0/5 -1/-1 0/5 -1/-1 0/4 -1/-1 0/3 -1/-1 0/9 -1/-1 0/9 -1/-1 0/7 -1/-1 0/10 -1/-1 0/6 -1/-1 0/8 -1/-1 0/7 -1/-1 3/6 -1/-1 0/3 -1/-1 0/2 -1/-1 0/2 -1/-1 0/3 -1/-1 0/2 -1/-1 -1/-1 0/2 -1/-1 0/2 -1/-1 0/3 -1/-1 0/2 -1/-1 0/2 -1/-1 0/2 -1/-1 0/2 -1/-1 0/2 -1/-1 0/2 -1/-1 0/2 -1/-1 -1/-1 1/2 -1/-1 0/2 -1/-1 0/3 -1/-1 0/2 -1/-1 -1/-1 0/2 -1/-1 -1/-1 -1/-1 0/2 -1/-1 0/2 -1/-1 0/9 -1/-1 0/9 -1/-1 0/9 -1/-1 0/8 -1/-1 0/7 -1/-1 0/6 -1/-1 0/5 -1/-1 0/7 -1/-1 0/9 -1/-1 0/8 -1/-1 0/8 -1/-1 0/7 -1/-1 0/5 -1/-1 0/4 -1/-1 0/3 -1/-1 0/2 -1/-1 0/2 -1/-1 0/10 -1/-1 0/12 -1/-1 0/11 -1/-1 0/10 -1/-1 0/9 -1/-1 0/8 -1/-1 0/7 -1/-1 0/6 -1/-1 0/5 -1/-1 0/4 -1/-1
t29.stop_reason = satisfiable
t29.restarts = 3
t29.nogoods_size = 826
t29.nodes = 3826
t29.propagations = 3826
t0.stop_reason = aborted
t0.restarts = 3
t0.nogoods_size = 826
t0.nodes = 10416
t0.propagations = 10416
t4.stop_reason = aborted
t4.restarts = 3
t4.nogoods_size = 826
t4.nodes = 8184
t4.propagations = 8184
search_time = 98
