hostname = r1i2n21
commandline = ../glasgow/solve_subgraph_isomorphism --value-ordering=biased --geometric-restarts=1.0 --restarts-constant=10000 --triggered-restarts --threads=36 --timeout 1000 --format lad ../instances/LV/g9 ../instances/largerGraphs/g106
started_at = 2018-11-16 16:39:43
pattern_file = ../instances/LV/g9
target_file = ../instances/largerGraphs/g106
status = true
nodes = 2445
propagations = 7102
mapping = (0 -> 3513) (1 -> 3176) (2 -> 2645) (3 -> 1281) (4 -> 1621) (5 -> 1042) (6 -> 0) (7 -> 905) (8 -> 2375) (9 -> 2288) (10 -> 2538) (11 -> 2727) (12 -> 1222) (13 -> 1848) (14 -> 4366) (15 -> 1) (16 -> 471) (17 -> 3037) (18 -> 2393) (19 -> 1760) (20 -> 2270) (21 -> 458) (22 -> 3177) (23 -> 2390) (24 -> 4009) (25 -> 2533) (26 -> 4031) (27 -> 3575) (28 -> 2580) (29 -> 52) (30 -> 531) (31 -> 506) (32 -> 2) (33 -> 1100) (34 -> 3) (35 -> 4) (36 -> 5) 
runtime = 288
t4.where = 0/760 -1/-1 0/16 -1/-1 0/9 -1/-1 0/8 -1/-1 0/7 -1/-1 0/6 -1/-1 0/5 -1/-1 0/4 -1/-1 0/3 -1/-1 0/2 -1/-1 0/7 -1/-1 0/5 -1/-1 0/4 -1/-1 0/3 -1/-1 0/2 -1/-1 0/9 -1/-1 0/8 -1/-1 0/13 -1/-1 0/5 -1/-1 0/12 -1/-1 0/11 -1/-1 0/10 -1/-1 0/13 -1/-1 0/1053 -1/-1 0/21 -1/-1 0/8 -1/-1 0/7 -1/-1 0/6 -1/-1 0/5 -1/-1 0/4 -1/-1 0/18 -1/-1
t4.stop_reason = satisfiable
t4.restarts = 2
t4.nogoods_size = 36
t4.nodes = 32
t4.propagations = 32
t35.stop_reason = aborted
t35.restarts = 2
t35.nogoods_size = 36
t35.nodes = 82
t35.propagations = 82
t1.stop_reason = aborted
t1.restarts = 2
t1.nogoods_size = 36
t1.nodes = 265
t1.propagations = 265
t2.stop_reason = aborted
t2.restarts = 2
t2.nogoods_size = 36
t2.nodes = 220
t2.propagations = 220
t27.stop_reason = aborted
t27.restarts = 2
t27.nogoods_size = 36
t27.nodes = 75
t27.propagations = 75
t31.stop_reason = aborted
t31.restarts = 2
t31.nogoods_size = 36
t31.nodes = 14
t31.propagations = 14
t23.stop_reason = aborted
t23.restarts = 2
t23.nogoods_size = 36
t23.nodes = 99
t23.propagations = 99
t25.stop_reason = aborted
t25.restarts = 2
t25.nogoods_size = 36
t25.nodes = 101
t25.propagations = 101
t32.stop_reason = aborted
t32.restarts = 2
t32.nogoods_size = 36
t32.nodes = 51
t32.propagations = 51
t3.stop_reason = aborted
t3.restarts = 2
t3.nogoods_size = 36
t3.nodes = 219
t3.propagations = 219
t20.stop_reason = aborted
t20.restarts = 2
t20.nogoods_size = 36
t20.nodes = 148
t20.propagations = 148
t22.stop_reason = aborted
t22.restarts = 2
t22.nogoods_size = 36
t22.nodes = 19
t22.propagations = 19
t21.stop_reason = aborted
t21.restarts = 2
t21.nogoods_size = 36
t21.nodes = 17
t21.propagations = 17
t14.stop_reason = aborted
t14.restarts = 2
t14.nogoods_size = 36
t14.nodes = 130
t14.propagations = 130
t15.stop_reason = aborted
t15.restarts = 2
t15.nogoods_size = 36
t15.nodes = 110
t15.propagations = 110
t6.stop_reason = aborted
t6.restarts = 2
t6.nogoods_size = 36
t6.nodes = 175
t6.propagations = 175
t8.stop_reason = aborted
t8.restarts = 2
t8.nogoods_size = 36
t8.nodes = 112
t8.propagations = 112
t9.stop_reason = aborted
t9.restarts = 2
t9.nogoods_size = 36
t9.nodes = 146
t9.propagations = 146
t16.stop_reason = aborted
t16.restarts = 2
t16.nogoods_size = 36
t16.nodes = 22
t16.propagations = 22
t28.stop_reason = aborted
t28.restarts = 2
t28.nogoods_size = 36
t28.nodes = 16
t28.propagations = 16
t29.stop_reason = aborted
t29.restarts = 2
t29.nogoods_size = 36
t29.nodes = 54
t29.propagations = 54
t19.stop_reason = aborted
t19.restarts = 2
t19.nogoods_size = 36
t19.nodes = 22
t19.propagations = 22
t33.stop_reason = aborted
t33.restarts = 2
t33.nogoods_size = 36
t33.nodes = 12
t33.propagations = 12
t13.stop_reason = aborted
t13.restarts = 2
t13.nogoods_size = 36
t13.nodes = 37
t13.propagations = 37
t10.stop_reason = aborted
t10.restarts = 2
t10.nogoods_size = 36
t10.nodes = 41
t10.propagations = 41
t34.stop_reason = aborted
t34.restarts = 2
t34.nogoods_size = 36
t34.nodes = 11
t34.propagations = 11
t18.stop_reason = aborted
t18.restarts = 2
t18.nogoods_size = 36
t18.nodes = 20
t18.propagations = 20
t0.stop_reason = aborted
t0.restarts = 2
t0.nogoods_size = 36
t0.nodes = 28
t0.propagations = 28
t5.stop_reason = aborted
t5.restarts = 2
t5.nogoods_size = 36
t5.nodes = 26
t5.propagations = 26
t24.stop_reason = aborted
t24.restarts = 2
t24.nogoods_size = 36
t24.nodes = 17
t24.propagations = 17
t30.stop_reason = aborted
t30.restarts = 2
t30.nogoods_size = 36
t30.nodes = 12
t30.propagations = 12
t7.stop_reason = aborted
t7.restarts = 2
t7.nogoods_size = 36
t7.nodes = 23
t7.propagations = 23
t26.stop_reason = aborted
t26.restarts = 2
t26.nogoods_size = 36
t26.nodes = 17
t26.propagations = 17
t11.stop_reason = aborted
t11.restarts = 2
t11.nogoods_size = 36
t11.nodes = 23
t11.propagations = 23
t12.stop_reason = aborted
t12.restarts = 2
t12.nogoods_size = 36
t12.nodes = 24
t12.propagations = 24
t17.stop_reason = aborted
t17.restarts = 2
t17.nogoods_size = 36
t17.nodes = 25
t17.propagations = 25
search_time = 81
