hostname = r1i0n15
commandline = ../glasgow/solve_subgraph_isomorphism --value-ordering=biased --geometric-restarts=1.0 --restarts-constant=10000 --triggered-restarts --threads=36 --timeout 1000 --format lad ../instances/phase/phase-30-150-0.64-0.62-0.64-1-pattern ../instances/phase/phase-30-150-0.64-0.62-0.64-1-target
started_at = 2018-11-17 01:32:29
pattern_file = ../instances/phase/phase-30-150-0.64-0.62-0.64-1-pattern
target_file = ../instances/phase/phase-30-150-0.64-0.62-0.64-1-target
status = true
nodes = 55071781
propagations = 141178135
mapping = (0 -> 36) (1 -> 116) (2 -> 41) (3 -> 56) (4 -> 101) (5 -> 81) (6 -> 146) (7 -> 70) (8 -> 102) (9 -> 52) (10 -> 104) (11 -> 96) (12 -> 10) (13 -> 66) (14 -> 30) (15 -> 127) (16 -> 142) (17 -> 92) (18 -> 21) (19 -> 131) (20 -> 126) (21 -> 51) (22 -> 87) (23 -> 43) (24 -> 69) (25 -> 62) (26 -> 1) (27 -> 3) (28 -> 9) (29 -> 24) 
runtime = 5906
t16.stop_reason = aborted
t16.restarts = 163
t16.nogoods_size = 95514
t16.nodes = 1541433
t16.propagations = 1541433
t35.stop_reason = aborted
t35.restarts = 163
t35.nogoods_size = 95514
t35.nodes = 1604342
t35.propagations = 1604342
t28.stop_reason = aborted
t28.restarts = 163
t28.nogoods_size = 95514
t28.nodes = 1543553
t28.propagations = 1543553
t27.stop_reason = aborted
t27.restarts = 163
t27.nogoods_size = 95514
t27.nodes = 1493957
t27.propagations = 1493957
t5.stop_reason = aborted
t5.restarts = 163
t5.nogoods_size = 95514
t5.nodes = 1575696
t5.propagations = 1575696
t30.where = 0/150 -1/-1 0/108 -1/-1 0/78 -1/-1 0/55 -1/-1 0/37 -1/-1 0/26 -1/-1 0/17 -1/-1 0/15 -1/-1 2/12 -1/-1 1/8 -1/-1 3/7 -1/-1 3/7 -1/-1 0/4 -1/-1 0/5 -1/-1 0/5 -1/-1 0/3 -1/-1 0/3 -1/-1 0/3 -1/-1 0/2 -1/-1 0/2 -1/-1 -1/-1 -1/-1 -1/-1 0/2 -1/-1 -1/-1 -1/-1 -1/-1 -1/-1 0/2 -1/-1 0/2 -1/-1
t30.stop_reason = satisfiable
t30.restarts = 163
t30.nogoods_size = 95514
t30.nodes = 1578485
t30.propagations = 1578485
t10.stop_reason = aborted
t10.restarts = 163
t10.nogoods_size = 95514
t10.nodes = 1539848
t10.propagations = 1539848
t14.stop_reason = aborted
t14.restarts = 163
t14.nogoods_size = 95514
t14.nodes = 1530311
t14.propagations = 1530311
t2.stop_reason = aborted
t2.restarts = 163
t2.nogoods_size = 95514
t2.nodes = 1487349
t2.propagations = 1487349
t24.stop_reason = aborted
t24.restarts = 163
t24.nogoods_size = 95514
t24.nodes = 1537023
t24.propagations = 1537023
t29.stop_reason = aborted
t29.restarts = 163
t29.nogoods_size = 95514
t29.nodes = 1604278
t29.propagations = 1604278
t12.stop_reason = aborted
t12.restarts = 163
t12.nogoods_size = 95514
t12.nodes = 1545288
t12.propagations = 1545288
t26.stop_reason = aborted
t26.restarts = 163
t26.nogoods_size = 95514
t26.nodes = 1518391
t26.propagations = 1518391
t4.stop_reason = aborted
t4.restarts = 163
t4.nogoods_size = 95514
t4.nodes = 1512752
t4.propagations = 1512752
t13.stop_reason = aborted
t13.restarts = 163
t13.nogoods_size = 95514
t13.nodes = 1505948
t13.propagations = 1505948
t34.stop_reason = aborted
t34.restarts = 163
t34.nogoods_size = 95514
t34.nodes = 1587104
t34.propagations = 1587104
t7.stop_reason = aborted
t7.restarts = 163
t7.nogoods_size = 95514
t7.nodes = 1609000
t7.propagations = 1609000
t21.stop_reason = aborted
t21.restarts = 163
t21.nogoods_size = 95514
t21.nodes = 1497778
t21.propagations = 1497778
t22.stop_reason = aborted
t22.restarts = 163
t22.nogoods_size = 95514
t22.nodes = 1531862
t22.propagations = 1531862
t19.stop_reason = aborted
t19.restarts = 163
t19.nogoods_size = 95514
t19.nodes = 1481857
t19.propagations = 1481857
t33.stop_reason = aborted
t33.restarts = 163
t33.nogoods_size = 95514
t33.nodes = 1577190
t33.propagations = 1577190
t20.stop_reason = aborted
t20.restarts = 163
t20.nogoods_size = 95514
t20.nodes = 1543313
t20.propagations = 1543313
t0.stop_reason = aborted
t0.restarts = 163
t0.nogoods_size = 95514
t0.nodes = 1612275
t0.propagations = 1612275
t8.stop_reason = aborted
t8.restarts = 163
t8.nogoods_size = 95514
t8.nodes = 1588073
t8.propagations = 1588073
t15.stop_reason = aborted
t15.restarts = 163
t15.nogoods_size = 95514
t15.nodes = 1492065
t15.propagations = 1492065
t17.stop_reason = aborted
t17.restarts = 163
t17.nogoods_size = 95514
t17.nodes = 1502632
t17.propagations = 1502632
t3.stop_reason = aborted
t3.restarts = 163
t3.nogoods_size = 95514
t3.nodes = 1502432
t3.propagations = 1502432
t32.stop_reason = aborted
t32.restarts = 163
t32.nogoods_size = 95514
t32.nodes = 1539373
t32.propagations = 1539373
t11.stop_reason = aborted
t11.restarts = 163
t11.nogoods_size = 95514
t11.nodes = 1501327
t11.propagations = 1501327
t25.stop_reason = aborted
t25.restarts = 163
t25.nogoods_size = 95514
t25.nodes = 1469624
t25.propagations = 1469624
t31.stop_reason = aborted
t31.restarts = 163
t31.nogoods_size = 95514
t31.nodes = 1436283
t31.propagations = 1436283
t9.stop_reason = aborted
t9.restarts = 163
t9.nogoods_size = 95514
t9.nodes = 1452439
t9.propagations = 1452439
t1.stop_reason = aborted
t1.restarts = 163
t1.nogoods_size = 95514
t1.nodes = 1482379
t1.propagations = 1482379
t18.stop_reason = aborted
t18.restarts = 163
t18.nogoods_size = 95514
t18.nodes = 1533339
t18.propagations = 1533339
t23.stop_reason = aborted
t23.restarts = 163
t23.nogoods_size = 95514
t23.nodes = 1420008
t23.propagations = 1420008
t6.stop_reason = aborted
t6.restarts = 163
t6.nogoods_size = 95514
t6.nodes = 1592774
t6.propagations = 1592774
search_time = 5325
