hostname = r1i7n18
commandline = ../glasgow/solve_subgraph_isomorphism --value-ordering=biased --geometric-restarts=1.0 --restarts-constant=10000 --triggered-restarts --threads=36 --timeout 1000 --format lad ../instances/si/si4_rand_r005_400/si4_r005_m400.04/pattern ../instances/si/si4_rand_r005_400/si4_r005_m400.04/target
started_at = 2018-11-16 16:35:17
pattern_file = ../instances/si/si4_rand_r005_400/si4_r005_m400.04/pattern
target_file = ../instances/si/si4_rand_r005_400/si4_r005_m400.04/target
status = true
nodes = 296611
propagations = 874351
mapping = (0 -> 383) (1 -> 148) (2 -> 173) (3 -> 168) (4 -> 121) (5 -> 56) (6 -> 277) (7 -> 235) (8 -> 65) (9 -> 281) (10 -> 262) (11 -> 207) (12 -> 236) (13 -> 395) (14 -> 292) (15 -> 99) (16 -> 115) (17 -> 381) (18 -> 391) (19 -> 101) (20 -> 332) (21 -> 385) (22 -> 246) (23 -> 275) (24 -> 279) (25 -> 141) (26 -> 46) (27 -> 361) (28 -> 208) (29 -> 228) (30 -> 328) (31 -> 342) (32 -> 51) (33 -> 315) (34 -> 130) (35 -> 355) (36 -> 334) (37 -> 24) (38 -> 107) (39 -> 229) (40 -> 253) (41 -> 250) (42 -> 327) (43 -> 373) (44 -> 330) (45 -> 66) (46 -> 350) (47 -> 67) (48 -> 227) (49 -> 161) (50 -> 44) (51 -> 127) (52 -> 75) (53 -> 197) (54 -> 318) (55 -> 136) (56 -> 379) (57 -> 111) (58 -> 259) (59 -> 209) (60 -> 322) (61 -> 152) (62 -> 270) (63 -> 335) (64 -> 324) (65 -> 33) (66 -> 337) (67 -> 69) (68 -> 325) (69 -> 50) (70 -> 298) (71 -> 45) (72 -> 193) (73 -> 278) (74 -> 220) (75 -> 390) (76 -> 372) (77 -> 221) (78 -> 233) (79 -> 387) (80 -> 212) (81 -> 264) (82 -> 265) (83 -> 28) (84 -> 219) (85 -> 200) (86 -> 122) (87 -> 369) (88 -> 159) (89 -> 240) (90 -> 392) (91 -> 352) (92 -> 305) (93 -> 249) (94 -> 129) (95 -> 132) (96 -> 261) (97 -> 156) (98 -> 199) (99 -> 30) (100 -> 54) (101 -> 366) (102 -> 2) (103 -> 358) (104 -> 87) (105 -> 214) (106 -> 133) (107 -> 25) (108 -> 300) (109 -> 7) (110 -> 291) (111 -> 53) (112 -> 182) (113 -> 150) (114 -> 47) (115 -> 313) (116 -> 223) (117 -> 206) (118 -> 289) (119 -> 137) (120 -> 170) (121 -> 368) (122 -> 118) (123 -> 165) (124 -> 225) (125 -> 36) (126 -> 183) (127 -> 3) (128 -> 120) (129 -> 349) (130 -> 158) (131 -> 163) (132 -> 295) (133 -> 42) (134 -> 376) (135 -> 254) (136 -> 110) (137 -> 312) (138 -> 230) (139 -> 217) (140 -> 288) (141 -> 93) (142 -> 202) (143 -> 293) (144 -> 91) (145 -> 10) (146 -> 82) (147 -> 378) (148 -> 17) (149 -> 41) (150 -> 176) (151 -> 222) (152 -> 263) (153 -> 177) (154 -> 166) (155 -> 356) (156 -> 321) (157 -> 104) (158 -> 215) (159 -> 188) 
runtime = 313
t0.where = 33/399 -1/-1 17/29 -1/-1 0/4 -1/-1 0/2 -1/-1 0/2 -1/-1 0/2 -1/-1 0/2 -1/-1 -1/-1 -1/-1 -1/-1 -1/-1 -1/-1 -1/-1 -1/-1 -1/-1 -1/-1 -1/-1 -1/-1 -1/-1 -1/-1 -1/-1 -1/-1 -1/-1 -1/-1 -1/-1 -1/-1 -1/-1 -1/-1 -1/-1 -1/-1 -1/-1 -1/-1 -1/-1 -1/-1 -1/-1 -1/-1 -1/-1 -1/-1 -1/-1 -1/-1 -1/-1 -1/-1 -1/-1 -1/-1 -1/-1 -1/-1 -1/-1 -1/-1 -1/-1 -1/-1 -1/-1 -1/-1 -1/-1 -1/-1 -1/-1 -1/-1 -1/-1 -1/-1 -1/-1 -1/-1 -1/-1 -1/-1 -1/-1 -1/-1 -1/-1 -1/-1 -1/-1 -1/-1 -1/-1 -1/-1 -1/-1 -1/-1 -1/-1 -1/-1 -1/-1 -1/-1 -1/-1 -1/-1 -1/-1 -1/-1 -1/-1 -1/-1 -1/-1 -1/-1 -1/-1 -1/-1 -1/-1 -1/-1 -1/-1 -1/-1 -1/-1 -1/-1 -1/-1 -1/-1 -1/-1 -1/-1 -1/-1 -1/-1 -1/-1 -1/-1 -1/-1 -1/-1 -1/-1 -1/-1 -1/-1 -1/-1 -1/-1 -1/-1 -1/-1 -1/-1 -1/-1 -1/-1 -1/-1 -1/-1 -1/-1 -1/-1 -1/-1 -1/-1 -1/-1 -1/-1 -1/-1 -1/-1 -1/-1 -1/-1 -1/-1 -1/-1 -1/-1 -1/-1 -1/-1 -1/-1 -1/-1 -1/-1 -1/-1 -1/-1 -1/-1 -1/-1 -1/-1 -1/-1 -1/-1 -1/-1 -1/-1 -1/-1 -1/-1 -1/-1 -1/-1 -1/-1 -1/-1 -1/-1 -1/-1 -1/-1 -1/-1 -1/-1 -1/-1 -1/-1 -1/-1 -1/-1 -1/-1 -1/-1 -1/-1 -1/-1
t0.stop_reason = satisfiable
t0.restarts = 2
t0.nogoods_size = 36
t0.nodes = 7804
t0.propagations = 7804
t24.stop_reason = aborted
t24.restarts = 2
t24.nogoods_size = 36
t24.nodes = 8152
t24.propagations = 8152
t11.stop_reason = aborted
t11.restarts = 2
t11.nogoods_size = 36
t11.nodes = 10277
t11.propagations = 10277
t1.stop_reason = aborted
t1.restarts = 2
t1.nogoods_size = 36
t1.nodes = 7245
t1.propagations = 7245
t6.stop_reason = aborted
t6.restarts = 2
t6.nogoods_size = 36
t6.nodes = 10181
t6.propagations = 10181
t21.stop_reason = aborted
t21.restarts = 2
t21.nogoods_size = 36
t21.nodes = 10214
t21.propagations = 10214
t29.stop_reason = aborted
t29.restarts = 2
t29.nogoods_size = 36
t29.nodes = 8256
t29.propagations = 8256
t19.stop_reason = aborted
t19.restarts = 2
t19.nogoods_size = 36
t19.nodes = 7923
t19.propagations = 7923
t14.stop_reason = aborted
t14.restarts = 2
t14.nogoods_size = 36
t14.nodes = 8000
t14.propagations = 8000
t16.stop_reason = aborted
t16.restarts = 2
t16.nogoods_size = 36
t16.nodes = 8231
t16.propagations = 8231
t22.stop_reason = aborted
t22.restarts = 2
t22.nogoods_size = 36
t22.nodes = 5220
t22.propagations = 5220
t28.stop_reason = aborted
t28.restarts = 2
t28.nogoods_size = 36
t28.nodes = 10175
t28.propagations = 10175
t27.stop_reason = aborted
t27.restarts = 2
t27.nogoods_size = 36
t27.nodes = 8065
t27.propagations = 8065
t35.stop_reason = aborted
t35.restarts = 2
t35.nogoods_size = 36
t35.nodes = 8966
t35.propagations = 8966
t32.stop_reason = aborted
t32.restarts = 2
t32.nogoods_size = 36
t32.nodes = 7908
t32.propagations = 7908
t17.stop_reason = aborted
t17.restarts = 2
t17.nogoods_size = 36
t17.nodes = 10272
t17.propagations = 10272
t3.stop_reason = aborted
t3.restarts = 2
t3.nogoods_size = 36
t3.nodes = 10131
t3.propagations = 10131
t33.stop_reason = aborted
t33.restarts = 2
t33.nogoods_size = 36
t33.nodes = 9432
t33.propagations = 9432
t2.stop_reason = aborted
t2.restarts = 2
t2.nogoods_size = 36
t2.nodes = 6761
t2.propagations = 6761
t18.stop_reason = aborted
t18.restarts = 2
t18.nogoods_size = 36
t18.nodes = 8645
t18.propagations = 8645
t23.stop_reason = aborted
t23.restarts = 2
t23.nogoods_size = 36
t23.nodes = 10185
t23.propagations = 10185
t25.stop_reason = aborted
t25.restarts = 2
t25.nogoods_size = 36
t25.nodes = 4789
t25.propagations = 4789
t7.stop_reason = aborted
t7.restarts = 2
t7.nogoods_size = 36
t7.nodes = 8319
t7.propagations = 8319
t20.stop_reason = aborted
t20.restarts = 2
t20.nogoods_size = 36
t20.nodes = 7924
t20.propagations = 7924
t31.stop_reason = aborted
t31.restarts = 2
t31.nogoods_size = 36
t31.nodes = 8308
t31.propagations = 8308
t8.stop_reason = aborted
t8.restarts = 2
t8.nogoods_size = 36
t8.nodes = 10239
t8.propagations = 10239
t4.stop_reason = aborted
t4.restarts = 2
t4.nogoods_size = 36
t4.nodes = 6387
t4.propagations = 6387
t5.stop_reason = aborted
t5.restarts = 2
t5.nogoods_size = 36
t5.nodes = 6783
t5.propagations = 6783
t9.stop_reason = aborted
t9.restarts = 2
t9.nogoods_size = 36
t9.nodes = 6690
t9.propagations = 6690
t26.stop_reason = aborted
t26.restarts = 2
t26.nogoods_size = 36
t26.nodes = 7796
t26.propagations = 7796
t12.stop_reason = aborted
t12.restarts = 2
t12.nogoods_size = 36
t12.nodes = 8128
t12.propagations = 8128
t30.stop_reason = aborted
t30.restarts = 2
t30.nogoods_size = 36
t30.nodes = 8291
t30.propagations = 8291
t10.stop_reason = aborted
t10.restarts = 2
t10.nogoods_size = 36
t10.nodes = 10348
t10.propagations = 10348
t15.stop_reason = aborted
t15.restarts = 2
t15.nogoods_size = 36
t15.nodes = 7766
t15.propagations = 7766
t13.stop_reason = aborted
t13.restarts = 2
t13.nogoods_size = 36
t13.nodes = 8023
t13.propagations = 8023
t34.stop_reason = aborted
t34.restarts = 2
t34.nogoods_size = 36
t34.nodes = 4777
t34.propagations = 4777
search_time = 221
