hostname = r1i2n21
commandline = ../glasgow/solve_subgraph_isomorphism --value-ordering=biased --geometric-restarts=1.0 --restarts-constant=10000 --triggered-restarts --threads=36 --timeout 1000 --format lad ../instances/si/si4_bvg_b06_800/si4_b06_m800.09/pattern ../instances/si/si4_bvg_b06_800/si4_b06_m800.09/target
started_at = 2018-11-16 16:36:05
pattern_file = ../instances/si/si4_bvg_b06_800/si4_b06_m800.09/pattern
target_file = ../instances/si/si4_bvg_b06_800/si4_b06_m800.09/target
status = true
nodes = 73
propagations = 108
mapping = (0 -> 366) (1 -> 129) (2 -> 476) (3 -> 781) (4 -> 170) (5 -> 444) (6 -> 115) (7 -> 549) (8 -> 664) (9 -> 755) (10 -> 602) (11 -> 258) (12 -> 53) (13 -> 347) (14 -> 300) (15 -> 426) (16 -> 517) (17 -> 293) (18 -> 167) (19 -> 127) (20 -> 172) (21 -> 188) (22 -> 42) (23 -> 21) (24 -> 228) (25 -> 456) (26 -> 262) (27 -> 165) (28 -> 477) (29 -> 334) (30 -> 26) (31 -> 363) (32 -> 626) (33 -> 430) (34 -> 298) (35 -> 551) (36 -> 325) (37 -> 501) (38 -> 310) (39 -> 472) (40 -> 731) (41 -> 222) (42 -> 655) (43 -> 31) (44 -> 43) (45 -> 579) (46 -> 83) (47 -> 651) (48 -> 786) (49 -> 562) (50 -> 358) (51 -> 202) (52 -> 75) (53 -> 226) (54 -> 391) (55 -> 506) (56 -> 508) (57 -> 275) (58 -> 185) (59 -> 384) (60 -> 133) (61 -> 357) (62 -> 276) (63 -> 171) (64 -> 343) (65 -> 547) (66 -> 381) (67 -> 577) (68 -> 46) (69 -> 559) (70 -> 730) (71 -> 625) (72 -> 34) (73 -> 763) (74 -> 756) (75 -> 303) (76 -> 196) (77 -> 390) (78 -> 495) (79 -> 767) (80 -> 520) (81 -> 448) (82 -> 489) (83 -> 251) (84 -> 438) (85 -> 267) (86 -> 252) (87 -> 462) (88 -> 271) (89 -> 590) (90 -> 297) (91 -> 558) (92 -> 616) (93 -> 465) (94 -> 471) (95 -> 423) (96 -> 535) (97 -> 584) (98 -> 788) (99 -> 776) (100 -> 552) (101 -> 588) (102 -> 315) (103 -> 490) (104 -> 86) (105 -> 715) (106 -> 717) (107 -> 546) (108 -> 632) (109 -> 675) (110 -> 778) (111 -> 639) (112 -> 142) (113 -> 695) (114 -> 610) (115 -> 52) (116 -> 192) (117 -> 93) (118 -> 619) (119 -> 266) (120 -> 475) (121 -> 200) (122 -> 408) (123 -> 647) (124 -> 512) (125 -> 669) (126 -> 637) (127 -> 195) (128 -> 583) (129 -> 17) (130 -> 682) (131 -> 638) (132 -> 661) (133 -> 354) (134 -> 543) (135 -> 348) (136 -> 405) (137 -> 307) (138 -> 754) (139 -> 488) (140 -> 10) (141 -> 527) (142 -> 533) (143 -> 529) (144 -> 587) (145 -> 624) (146 -> 556) (147 -> 138) (148 -> 304) (149 -> 273) (150 -> 569) (151 -> 764) (152 -> 44) (153 -> 772) (154 -> 106) (155 -> 73) (156 -> 572) (157 -> 40) (158 -> 691) (159 -> 312) (160 -> 58) (161 -> 640) (162 -> 240) (163 -> 605) (164 -> 486) (165 -> 16) (166 -> 178) (167 -> 109) (168 -> 790) (169 -> 464) (170 -> 340) (171 -> 576) (172 -> 557) (173 -> 422) (174 -> 250) (175 -> 648) (176 -> 487) (177 -> 326) (178 -> 406) (179 -> 139) (180 -> 318) (181 -> 586) (182 -> 553) (183 -> 793) (184 -> 723) (185 -> 183) (186 -> 656) (187 -> 634) (188 -> 482) (189 -> 174) (190 -> 120) (191 -> 643) (192 -> 469) (193 -> 728) (194 -> 279) (195 -> 219) (196 -> 510) (197 -> 636) (198 -> 703) (199 -> 393) (200 -> 379) (201 -> 540) (202 -> 375) (203 -> 395) (204 -> 720) (205 -> 762) (206 -> 573) (207 -> 113) (208 -> 460) (209 -> 724) (210 -> 645) (211 -> 435) (212 -> 745) (213 -> 68) (214 -> 135) (215 -> 429) (216 -> 173) (217 -> 532) (218 -> 716) (219 -> 759) (220 -> 332) (221 -> 62) (222 -> 481) (223 -> 23) (224 -> 733) (225 -> 680) (226 -> 550) (227 -> 122) (228 -> 697) (229 -> 582) (230 -> 112) (231 -> 795) (232 -> 223) (233 -> 61) (234 -> 263) (235 -> 470) (236 -> 658) (237 -> 193) (238 -> 751) (239 -> 237) (240 -> 91) (241 -> 614) (242 -> 613) (243 -> 119) (244 -> 306) (245 -> 290) (246 -> 220) (247 -> 433) (248 -> 359) (249 -> 181) (250 -> 561) (251 -> 125) (252 -> 350) (253 -> 479) (254 -> 769) (255 -> 528) (256 -> 280) (257 -> 657) (258 -> 585) (259 -> 615) (260 -> 132) (261 -> 403) (262 -> 98) (263 -> 690) (264 -> 186) (265 -> 367) (266 -> 459) (267 -> 560) (268 -> 372) (269 -> 392) (270 -> 211) (271 -> 189) (272 -> 672) (273 -> 157) (274 -> 570) (275 -> 84) (276 -> 516) (277 -> 446) (278 -> 421) (279 -> 49) (280 -> 453) (281 -> 117) (282 -> 55) (283 -> 593) (284 -> 305) (285 -> 463) (286 -> 654) (287 -> 247) (288 -> 12) (289 -> 5) (290 -> 37) (291 -> 622) (292 -> 248) (293 -> 409) (294 -> 698) (295 -> 153) (296 -> 241) (297 -> 662) (298 -> 155) (299 -> 603) (300 -> 706) (301 -> 660) (302 -> 264) (303 -> 398) (304 -> 259) (305 -> 692) (306 -> 216) (307 -> 108) (308 -> 735) (309 -> 541) (310 -> 491) (311 -> 374) (312 -> 642) (313 -> 766) (314 -> 652) (315 -> 454) (316 -> 288) (317 -> 213) (318 -> 627) (319 -> 182) 
runtime = 272
t35.where = 0/800 -1/-1 0/2 -1/-1 -1/-1 -1/-1 -1/-1 -1/-1 -1/-1 -1/-1 -1/-1 -1/-1 -1/-1 -1/-1 -1/-1 -1/-1 -1/-1 -1/-1 -1/-1 -1/-1 -1/-1 -1/-1 -1/-1 -1/-1 -1/-1 -1/-1 -1/-1 -1/-1 -1/-1 -1/-1 -1/-1 -1/-1 -1/-1 -1/-1 -1/-1 -1/-1 -1/-1 -1/-1 -1/-1 -1/-1 -1/-1 -1/-1 -1/-1 -1/-1 -1/-1 -1/-1 -1/-1 -1/-1 -1/-1 -1/-1 -1/-1 -1/-1 -1/-1 -1/-1 -1/-1 -1/-1 -1/-1 -1/-1 -1/-1 -1/-1 -1/-1 -1/-1 -1/-1 -1/-1 -1/-1 -1/-1 -1/-1 -1/-1 -1/-1 -1/-1 -1/-1 -1/-1 -1/-1 -1/-1 -1/-1 -1/-1 -1/-1 -1/-1 -1/-1 -1/-1 -1/-1 -1/-1 -1/-1 -1/-1 -1/-1 -1/-1 -1/-1 -1/-1 -1/-1 -1/-1 -1/-1 -1/-1 -1/-1 -1/-1 -1/-1 -1/-1 -1/-1 -1/-1 -1/-1 -1/-1 -1/-1 -1/-1 -1/-1 -1/-1 -1/-1 -1/-1 -1/-1 -1/-1 -1/-1 -1/-1 -1/-1 -1/-1 -1/-1 -1/-1 -1/-1 -1/-1 -1/-1 -1/-1 -1/-1 -1/-1 -1/-1 -1/-1 -1/-1 -1/-1 -1/-1 -1/-1 -1/-1 -1/-1 -1/-1 -1/-1 -1/-1 -1/-1 -1/-1 -1/-1 -1/-1 -1/-1 -1/-1 -1/-1 -1/-1 -1/-1 -1/-1 -1/-1 -1/-1 -1/-1 -1/-1 -1/-1 -1/-1 -1/-1 -1/-1 -1/-1 -1/-1 -1/-1 -1/-1 -1/-1 -1/-1 -1/-1 -1/-1 -1/-1 -1/-1 -1/-1 -1/-1 -1/-1 -1/-1 -1/-1 -1/-1 -1/-1 -1/-1 -1/-1 -1/-1 -1/-1 -1/-1 -1/-1 -1/-1 -1/-1 -1/-1 -1/-1 -1/-1 -1/-1 -1/-1 -1/-1 -1/-1 -1/-1 -1/-1 -1/-1 -1/-1 -1/-1 -1/-1 -1/-1 -1/-1 -1/-1 -1/-1 -1/-1 -1/-1 -1/-1 -1/-1 -1/-1 -1/-1 -1/-1 -1/-1 -1/-1 -1/-1 -1/-1 -1/-1 -1/-1 -1/-1 -1/-1 -1/-1 -1/-1 -1/-1 -1/-1 -1/-1 -1/-1 -1/-1 -1/-1 -1/-1 -1/-1 -1/-1 -1/-1 -1/-1 -1/-1 -1/-1 -1/-1 -1/-1 -1/-1 -1/-1 -1/-1 -1/-1 -1/-1 -1/-1 -1/-1 -1/-1 -1/-1 -1/-1 -1/-1 -1/-1 -1/-1 -1/-1 -1/-1 -1/-1 -1/-1 -1/-1 -1/-1 -1/-1 -1/-1 -1/-1 -1/-1 -1/-1 -1/-1 -1/-1 -1/-1 -1/-1 -1/-1 -1/-1 -1/-1 -1/-1 -1/-1 -1/-1 -1/-1 -1/-1 -1/-1 -1/-1 -1/-1 -1/-1 -1/-1 -1/-1 -1/-1 -1/-1 -1/-1 -1/-1 -1/-1 -1/-1 -1/-1 -1/-1 -1/-1 -1/-1 -1/-1 -1/-1 -1/-1 -1/-1 -1/-1 -1/-1 -1/-1 -1/-1 -1/-1 -1/-1 -1/-1 -1/-1 -1/-1 -1/-1 -1/-1 -1/-1 -1/-1 -1/-1 -1/-1 -1/-1 -1/-1 -1/-1 -1/-1 -1/-1 -1/-1 -1/-1 -1/-1 -1/-1 -1/-1 -1/-1 -1/-1 -1/-1 -1/-1 -1/-1 -1/-1 -1/-1 -1/-1 -1/-1 -1/-1 -1/-1 -1/-1 -1/-1 -1/-1 -1/-1 -1/-1 -1/-1 -1/-1
t35.stop_reason = satisfiable
t35.restarts = 2
t35.nogoods_size = 36
t35.nodes = 3
t35.propagations = 3
t8.stop_reason = aborted
t8.restarts = 2
t8.nogoods_size = 36
t8.nodes = 2
t8.propagations = 2
t4.stop_reason = aborted
t4.restarts = 2
t4.nogoods_size = 36
t4.nodes = 2
t4.propagations = 2
t0.stop_reason = aborted
t0.restarts = 2
t0.nogoods_size = 36
t0.nodes = 2
t0.propagations = 2
t3.stop_reason = aborted
t3.restarts = 2
t3.nogoods_size = 36
t3.nodes = 2
t3.propagations = 2
t5.stop_reason = aborted
t5.restarts = 2
t5.nogoods_size = 36
t5.nodes = 2
t5.propagations = 2
t11.stop_reason = aborted
t11.restarts = 2
t11.nogoods_size = 36
t11.nodes = 2
t11.propagations = 2
t12.stop_reason = aborted
t12.restarts = 2
t12.nogoods_size = 36
t12.nodes = 2
t12.propagations = 2
t17.stop_reason = aborted
t17.restarts = 2
t17.nogoods_size = 36
t17.nodes = 2
t17.propagations = 2
t15.stop_reason = aborted
t15.restarts = 2
t15.nogoods_size = 36
t15.nodes = 2
t15.propagations = 2
t16.stop_reason = aborted
t16.restarts = 2
t16.nogoods_size = 36
t16.nodes = 2
t16.propagations = 2
t24.stop_reason = aborted
t24.restarts = 2
t24.nogoods_size = 36
t24.nodes = 2
t24.propagations = 2
t18.stop_reason = aborted
t18.restarts = 2
t18.nogoods_size = 36
t18.nodes = 2
t18.propagations = 2
t7.stop_reason = aborted
t7.restarts = 2
t7.nogoods_size = 36
t7.nodes = 2
t7.propagations = 2
t10.stop_reason = aborted
t10.restarts = 2
t10.nogoods_size = 36
t10.nodes = 2
t10.propagations = 2
t31.stop_reason = aborted
t31.restarts = 2
t31.nogoods_size = 36
t31.nodes = 2
t31.propagations = 2
t21.stop_reason = aborted
t21.restarts = 2
t21.nogoods_size = 36
t21.nodes = 2
t21.propagations = 2
t26.stop_reason = aborted
t26.restarts = 2
t26.nogoods_size = 36
t26.nodes = 2
t26.propagations = 2
t13.stop_reason = aborted
t13.restarts = 2
t13.nogoods_size = 36
t13.nodes = 2
t13.propagations = 2
t28.stop_reason = aborted
t28.restarts = 2
t28.nogoods_size = 36
t28.nodes = 2
t28.propagations = 2
t25.stop_reason = aborted
t25.restarts = 2
t25.nogoods_size = 36
t25.nodes = 2
t25.propagations = 2
t19.stop_reason = aborted
t19.restarts = 2
t19.nogoods_size = 36
t19.nodes = 2
t19.propagations = 2
t32.stop_reason = aborted
t32.restarts = 2
t32.nogoods_size = 36
t32.nodes = 2
t32.propagations = 2
t27.stop_reason = aborted
t27.restarts = 2
t27.nogoods_size = 36
t27.nodes = 2
t27.propagations = 2
t29.stop_reason = aborted
t29.restarts = 2
t29.nogoods_size = 36
t29.nodes = 2
t29.propagations = 2
t30.stop_reason = aborted
t30.restarts = 2
t30.nogoods_size = 36
t30.nodes = 2
t30.propagations = 2
t34.stop_reason = aborted
t34.restarts = 2
t34.nogoods_size = 36
t34.nodes = 2
t34.propagations = 2
t33.stop_reason = aborted
t33.restarts = 2
t33.nogoods_size = 36
t33.nodes = 2
t33.propagations = 2
t6.stop_reason = aborted
t6.restarts = 2
t6.nogoods_size = 36
t6.nodes = 2
t6.propagations = 2
t9.stop_reason = aborted
t9.restarts = 2
t9.nogoods_size = 36
t9.nodes = 2
t9.propagations = 2
t2.stop_reason = aborted
t2.restarts = 2
t2.nogoods_size = 36
t2.nodes = 2
t2.propagations = 2
t1.stop_reason = aborted
t1.restarts = 2
t1.nogoods_size = 36
t1.nodes = 2
t1.propagations = 2
t14.stop_reason = aborted
t14.restarts = 2
t14.nogoods_size = 36
t14.nodes = 2
t14.propagations = 2
t23.stop_reason = aborted
t23.restarts = 2
t23.nogoods_size = 36
t23.nodes = 2
t23.propagations = 2
t20.stop_reason = aborted
t20.restarts = 2
t20.nogoods_size = 36
t20.nodes = 2
t20.propagations = 2
t22.stop_reason = aborted
t22.restarts = 2
t22.nogoods_size = 36
t22.nodes = 2
t22.propagations = 2
search_time = 135
