hostname = r1i4n19
commandline = ../glasgow/solve_subgraph_isomorphism --value-ordering=biased --geometric-restarts=1.0 --restarts-constant=10000 --triggered-restarts --threads=36 --timeout 1000 --format lad ../instances/si/si6_rand_r005_600/si6_r005_m600.06/pattern ../instances/si/si6_rand_r005_600/si6_r005_m600.06/target
started_at = 2018-11-16 16:35:10
pattern_file = ../instances/si/si6_rand_r005_600/si6_r005_m600.06/pattern
target_file = ../instances/si/si6_rand_r005_600/si6_r005_m600.06/target
status = true
nodes = 103304
propagations = 503799
mapping = (0 -> 353) (1 -> 255) (2 -> 379) (3 -> 529) (4 -> 486) (5 -> 308) (6 -> 351) (7 -> 83) (8 -> 403) (9 -> 496) (10 -> 578) (11 -> 423) (12 -> 533) (13 -> 336) (14 -> 103) (15 -> 248) (16 -> 321) (17 -> 511) (18 -> 203) (19 -> 317) (20 -> 440) (21 -> 579) (22 -> 318) (23 -> 222) (24 -> 13) (25 -> 223) (26 -> 44) (27 -> 304) (28 -> 290) (29 -> 491) (30 -> 50) (31 -> 374) (32 -> 492) (33 -> 565) (34 -> 97) (35 -> 506) (36 -> 122) (37 -> 453) (38 -> 538) (39 -> 532) (40 -> 63) (41 -> 419) (42 -> 402) (43 -> 17) (44 -> 5) (45 -> 448) (46 -> 359) (47 -> 41) (48 -> 432) (49 -> 500) (50 -> 169) (51 -> 542) (52 -> 306) (53 -> 46) (54 -> 284) (55 -> 73) (56 -> 489) (57 -> 75) (58 -> 36) (59 -> 47) (60 -> 130) (61 -> 140) (62 -> 472) (63 -> 515) (64 -> 387) (65 -> 427) (66 -> 296) (67 -> 313) (68 -> 188) (69 -> 599) (70 -> 490) (71 -> 527) (72 -> 420) (73 -> 105) (74 -> 56) (75 -> 104) (76 -> 126) (77 -> 289) (78 -> 132) (79 -> 417) (80 -> 295) (81 -> 583) (82 -> 2) (83 -> 428) (84 -> 149) (85 -> 162) (86 -> 390) (87 -> 354) (88 -> 585) (89 -> 219) (90 -> 548) (91 -> 591) (92 -> 596) (93 -> 202) (94 -> 451) (95 -> 414) (96 -> 560) (97 -> 109) (98 -> 303) (99 -> 90) (100 -> 157) (101 -> 582) (102 -> 25) (103 -> 77) (104 -> 575) (105 -> 452) (106 -> 333) (107 -> 399) (108 -> 11) (109 -> 20) (110 -> 66) (111 -> 185) (112 -> 549) (113 -> 460) (114 -> 301) (115 -> 593) (116 -> 328) (117 -> 476) (118 -> 176) (119 -> 297) (120 -> 281) (121 -> 349) (122 -> 331) (123 -> 257) (124 -> 338) (125 -> 194) (126 -> 584) (127 -> 484) (128 -> 138) (129 -> 316) (130 -> 26) (131 -> 522) (132 -> 1) (133 -> 393) (134 -> 275) (135 -> 69) (136 -> 411) (137 -> 449) (138 -> 167) (139 -> 276) (140 -> 124) (141 -> 247) (142 -> 494) (143 -> 434) (144 -> 367) (145 -> 475) (146 -> 269) (147 -> 410) (148 -> 268) (149 -> 64) (150 -> 178) (151 -> 226) (152 -> 525) (153 -> 270) (154 -> 96) (155 -> 363) (156 -> 534) (157 -> 254) (158 -> 35) (159 -> 294) (160 -> 588) (161 -> 564) (162 -> 446) (163 -> 302) (164 -> 356) (165 -> 389) (166 -> 21) (167 -> 456) (168 -> 345) (169 -> 88) (170 -> 54) (171 -> 52) (172 -> 352) (173 -> 394) (174 -> 145) (175 -> 99) (176 -> 161) (177 -> 240) (178 -> 166) (179 -> 62) (180 -> 92) (181 -> 264) (182 -> 398) (183 -> 426) (184 -> 327) (185 -> 8) (186 -> 173) (187 -> 539) (188 -> 497) (189 -> 576) (190 -> 481) (191 -> 115) (192 -> 445) (193 -> 344) (194 -> 408) (195 -> 495) (196 -> 415) (197 -> 455) (198 -> 95) (199 -> 471) (200 -> 545) (201 -> 215) (202 -> 48) (203 -> 168) (204 -> 31) (205 -> 127) (206 -> 199) (207 -> 68) (208 -> 150) (209 -> 482) (210 -> 120) (211 -> 205) (212 -> 89) (213 -> 569) (214 -> 204) (215 -> 212) (216 -> 305) (217 -> 487) (218 -> 405) (219 -> 598) (220 -> 429) (221 -> 437) (222 -> 558) (223 -> 450) (224 -> 243) (225 -> 443) (226 -> 554) (227 -> 315) (228 -> 233) (229 -> 183) (230 -> 217) (231 -> 111) (232 -> 524) (233 -> 53) (234 -> 71) (235 -> 236) (236 -> 347) (237 -> 330) (238 -> 384) (239 -> 14) (240 -> 459) (241 -> 340) (242 -> 239) (243 -> 57) (244 -> 530) (245 -> 112) (246 -> 241) (247 -> 195) (248 -> 422) (249 -> 192) (250 -> 102) (251 -> 147) (252 -> 93) (253 -> 595) (254 -> 151) (255 -> 125) (256 -> 139) (257 -> 404) (258 -> 172) (259 -> 311) (260 -> 179) (261 -> 377) (262 -> 373) (263 -> 424) (264 -> 391) (265 -> 378) (266 -> 324) (267 -> 433) (268 -> 43) (269 -> 164) (270 -> 211) (271 -> 229) (272 -> 371) (273 -> 567) (274 -> 171) (275 -> 571) (276 -> 348) (277 -> 551) (278 -> 134) (279 -> 266) (280 -> 70) (281 -> 24) (282 -> 463) (283 -> 98) (284 -> 300) (285 -> 479) (286 -> 531) (287 -> 546) (288 -> 196) (289 -> 407) (290 -> 441) (291 -> 252) (292 -> 154) (293 -> 477) (294 -> 27) (295 -> 508) (296 -> 521) (297 -> 409) (298 -> 272) (299 -> 131) (300 -> 187) (301 -> 232) (302 -> 74) (303 -> 376) (304 -> 286) (305 -> 320) (306 -> 208) (307 -> 326) (308 -> 227) (309 -> 291) (310 -> 267) (311 -> 355) (312 -> 4) (313 -> 590) (314 -> 553) (315 -> 108) (316 -> 509) (317 -> 197) (318 -> 128) (319 -> 574) (320 -> 561) (321 -> 181) (322 -> 34) (323 -> 536) (324 -> 287) (325 -> 72) (326 -> 209) (327 -> 135) (328 -> 153) (329 -> 198) (330 -> 10) (331 -> 502) (332 -> 182) (333 -> 467) (334 -> 210) (335 -> 220) (336 -> 312) (337 -> 258) (338 -> 457) (339 -> 225) (340 -> 543) (341 -> 358) (342 -> 431) (343 -> 314) (344 -> 260) (345 -> 259) (346 -> 325) (347 -> 323) (348 -> 156) (349 -> 206) (350 -> 364) (351 -> 40) (352 -> 86) (353 -> 360) (354 -> 517) (355 -> 144) (356 -> 280) (357 -> 228) (358 -> 285) (359 -> 283) 
runtime = 1608
t28.where = 8/547 -1/-1 7/64 -1/-1 2/7 -1/-1 0/4 -1/-1 0/2 -1/-1 -1/-1 -1/-1 -1/-1 -1/-1 -1/-1 -1/-1 -1/-1 -1/-1 -1/-1 -1/-1 -1/-1 -1/-1 -1/-1 -1/-1 -1/-1 -1/-1 -1/-1 -1/-1 -1/-1 -1/-1 -1/-1 -1/-1 -1/-1 -1/-1 -1/-1 -1/-1 -1/-1 -1/-1 -1/-1 -1/-1 -1/-1 -1/-1 -1/-1 -1/-1 -1/-1 -1/-1 -1/-1 -1/-1 -1/-1 -1/-1 -1/-1 -1/-1 -1/-1 -1/-1 -1/-1 -1/-1 -1/-1 -1/-1 -1/-1 -1/-1 -1/-1 -1/-1 -1/-1 -1/-1 -1/-1 -1/-1 -1/-1 -1/-1 -1/-1 -1/-1 -1/-1 -1/-1 -1/-1 -1/-1 -1/-1 -1/-1 -1/-1 -1/-1 -1/-1 -1/-1 -1/-1 -1/-1 -1/-1 -1/-1 -1/-1 -1/-1 -1/-1 -1/-1 -1/-1 -1/-1 -1/-1 -1/-1 -1/-1 -1/-1 -1/-1 -1/-1 -1/-1 -1/-1 -1/-1 -1/-1 -1/-1 -1/-1 -1/-1 -1/-1 -1/-1 -1/-1 -1/-1 -1/-1 -1/-1 -1/-1 -1/-1 -1/-1 -1/-1 -1/-1 -1/-1 -1/-1 -1/-1 -1/-1 -1/-1 -1/-1 -1/-1 -1/-1 -1/-1 -1/-1 -1/-1 -1/-1 -1/-1 -1/-1 -1/-1 -1/-1 -1/-1 -1/-1 -1/-1 -1/-1 -1/-1 -1/-1 -1/-1 -1/-1 -1/-1 -1/-1 -1/-1 -1/-1 -1/-1 -1/-1 -1/-1 -1/-1 -1/-1 -1/-1 -1/-1 -1/-1 -1/-1 -1/-1 -1/-1 -1/-1 -1/-1 -1/-1 -1/-1 -1/-1 -1/-1 -1/-1 -1/-1 -1/-1 -1/-1 -1/-1 -1/-1 -1/-1 -1/-1 -1/-1 -1/-1 -1/-1 -1/-1 -1/-1 -1/-1 -1/-1 -1/-1 -1/-1 -1/-1 -1/-1 -1/-1 -1/-1 -1/-1 -1/-1 -1/-1 -1/-1 -1/-1 -1/-1 -1/-1 -1/-1 -1/-1 -1/-1 -1/-1 -1/-1 -1/-1 -1/-1 -1/-1 -1/-1 -1/-1 -1/-1 -1/-1 -1/-1 -1/-1 -1/-1 -1/-1 -1/-1 -1/-1 -1/-1 -1/-1 -1/-1 -1/-1 -1/-1 -1/-1 -1/-1 -1/-1 -1/-1 -1/-1 -1/-1 -1/-1 -1/-1 -1/-1 -1/-1 -1/-1 -1/-1 -1/-1 -1/-1 -1/-1 -1/-1 -1/-1 -1/-1 -1/-1 -1/-1 -1/-1 -1/-1 -1/-1 -1/-1 -1/-1 -1/-1 -1/-1 -1/-1 -1/-1 -1/-1 -1/-1 -1/-1 -1/-1 -1/-1 -1/-1 -1/-1 -1/-1 -1/-1 -1/-1 -1/-1 -1/-1 -1/-1 -1/-1 -1/-1 -1/-1 -1/-1 -1/-1 -1/-1 -1/-1 -1/-1 -1/-1 -1/-1 -1/-1 -1/-1 -1/-1 -1/-1 -1/-1 -1/-1 -1/-1 -1/-1 -1/-1 -1/-1 -1/-1 -1/-1 -1/-1 -1/-1 -1/-1 -1/-1 -1/-1 -1/-1 -1/-1 -1/-1 -1/-1 -1/-1 -1/-1 -1/-1 -1/-1 -1/-1 -1/-1 -1/-1 -1/-1 -1/-1 -1/-1 -1/-1 -1/-1 -1/-1 -1/-1 -1/-1 -1/-1 -1/-1 -1/-1 -1/-1 -1/-1 -1/-1 -1/-1 -1/-1 -1/-1 -1/-1 -1/-1 -1/-1 -1/-1 -1/-1 -1/-1 -1/-1 -1/-1 -1/-1 -1/-1 -1/-1 -1/-1 -1/-1 -1/-1 -1/-1 -1/-1 -1/-1 -1/-1 -1/-1 -1/-1 -1/-1 -1/-1 -1/-1 -1/-1 -1/-1 -1/-1 -1/-1 -1/-1 -1/-1 -1/-1 -1/-1 -1/-1 -1/-1 -1/-1 -1/-1 -1/-1 -1/-1 -1/-1 -1/-1 -1/-1 -1/-1 -1/-1 -1/-1 -1/-1 -1/-1 -1/-1 -1/-1 -1/-1 -1/-1 -1/-1 -1/-1 -1/-1 -1/-1 -1/-1 -1/-1 -1/-1 -1/-1 -1/-1
t28.stop_reason = satisfiable
t28.restarts = 2
t28.nogoods_size = 36
t28.nodes = 3306
t28.propagations = 3306
t25.stop_reason = aborted
t25.restarts = 2
t25.nogoods_size = 36
t25.nodes = 3473
t25.propagations = 3473
t5.stop_reason = aborted
t5.restarts = 2
t5.nogoods_size = 36
t5.nodes = 2932
t5.propagations = 2932
t32.stop_reason = aborted
t32.restarts = 2
t32.nogoods_size = 36
t32.nodes = 3421
t32.propagations = 3421
t3.stop_reason = aborted
t3.restarts = 2
t3.nogoods_size = 36
t3.nodes = 3519
t3.propagations = 3519
t27.stop_reason = aborted
t27.restarts = 2
t27.nogoods_size = 36
t27.nodes = 2141
t27.propagations = 2141
t35.stop_reason = aborted
t35.restarts = 2
t35.nogoods_size = 36
t35.nodes = 3347
t35.propagations = 3347
t14.stop_reason = aborted
t14.restarts = 2
t14.nogoods_size = 36
t14.nodes = 3225
t14.propagations = 3225
t2.stop_reason = aborted
t2.restarts = 2
t2.nogoods_size = 36
t2.nodes = 2603
t2.propagations = 2603
t33.stop_reason = aborted
t33.restarts = 2
t33.nogoods_size = 36
t33.nodes = 3398
t33.propagations = 3398
t15.stop_reason = aborted
t15.restarts = 2
t15.nogoods_size = 36
t15.nodes = 3486
t15.propagations = 3486
t9.stop_reason = aborted
t9.restarts = 2
t9.nogoods_size = 36
t9.nodes = 2018
t9.propagations = 2018
t13.stop_reason = aborted
t13.restarts = 2
t13.nogoods_size = 36
t13.nodes = 2046
t13.propagations = 2046
t17.stop_reason = aborted
t17.restarts = 2
t17.nogoods_size = 36
t17.nodes = 3428
t17.propagations = 3428
t8.stop_reason = aborted
t8.restarts = 2
t8.nogoods_size = 36
t8.nodes = 2533
t8.propagations = 2533
t23.stop_reason = aborted
t23.restarts = 2
t23.nogoods_size = 36
t23.nodes = 2977
t23.propagations = 2977
t24.stop_reason = aborted
t24.restarts = 2
t24.nogoods_size = 36
t24.nodes = 3243
t24.propagations = 3243
t11.stop_reason = aborted
t11.restarts = 2
t11.nogoods_size = 36
t11.nodes = 2939
t11.propagations = 2939
t30.stop_reason = aborted
t30.restarts = 2
t30.nogoods_size = 36
t30.nodes = 3391
t30.propagations = 3391
t16.stop_reason = aborted
t16.restarts = 2
t16.nogoods_size = 36
t16.nodes = 2021
t16.propagations = 2021
t12.stop_reason = aborted
t12.restarts = 2
t12.nogoods_size = 36
t12.nodes = 2614
t12.propagations = 2614
t7.stop_reason = aborted
t7.restarts = 2
t7.nogoods_size = 36
t7.nodes = 2071
t7.propagations = 2071
t4.stop_reason = aborted
t4.restarts = 2
t4.nogoods_size = 36
t4.nodes = 2821
t4.propagations = 2821
t34.stop_reason = aborted
t34.restarts = 2
t34.nogoods_size = 36
t34.nodes = 3392
t34.propagations = 3392
t31.stop_reason = aborted
t31.restarts = 2
t31.nogoods_size = 36
t31.nodes = 3435
t31.propagations = 3435
t6.stop_reason = aborted
t6.restarts = 2
t6.nogoods_size = 36
t6.nodes = 2033
t6.propagations = 2033
t10.stop_reason = aborted
t10.restarts = 2
t10.nogoods_size = 36
t10.nodes = 2027
t10.propagations = 2027
t19.stop_reason = aborted
t19.restarts = 2
t19.nogoods_size = 36
t19.nodes = 3442
t19.propagations = 3442
t22.stop_reason = aborted
t22.restarts = 2
t22.nogoods_size = 36
t22.nodes = 3498
t22.propagations = 3498
t21.stop_reason = aborted
t21.restarts = 2
t21.nogoods_size = 36
t21.nodes = 3092
t21.propagations = 3092
t29.stop_reason = aborted
t29.restarts = 2
t29.nogoods_size = 36
t29.nodes = 2563
t29.propagations = 2563
t1.stop_reason = aborted
t1.restarts = 2
t1.nogoods_size = 36
t1.nodes = 3415
t1.propagations = 3415
t18.stop_reason = aborted
t18.restarts = 2
t18.nogoods_size = 36
t18.nodes = 2447
t18.propagations = 2447
t26.stop_reason = aborted
t26.restarts = 2
t26.nogoods_size = 36
t26.nodes = 2913
t26.propagations = 2913
t0.stop_reason = aborted
t0.restarts = 2
t0.nogoods_size = 36
t0.nodes = 2066
t0.propagations = 2066
t20.stop_reason = aborted
t20.restarts = 2
t20.nogoods_size = 36
t20.nodes = 2028
t20.propagations = 2028
search_time = 534
