hostname = r1i0n25
commandline = ../glasgow/mpi_solve_subgraph_isomorphism --timeout 1000 --format lad --geometric-restarts=1.0 --restarts-constant=5400 --triggered-restarts --threads 18 --value-ordering=biased --non-random-threads=32 ../instances/LV/g20 ../instances/LV/g50
started_at = 2018-11-21 00:25:22
pattern_file = ../instances/LV/g20
target_file = ../instances/LV/g50
status = aborted
nodes = 9821563267
propagations = 40193211081
runtime = 1057862
h0.t17.stop_reason = aborted
h0.t17.restarts = 2827
h0.t17.nogoods_size = 16598795
h0.t17.nodes = 27997464
h0.t17.propagations = 27997464
h0.t0.stop_reason = aborted
h0.t0.restarts = 2827
h0.t0.nogoods_size = 16598795
h0.t0.nodes = 15348357
h0.t0.propagations = 15348357
h0.t16.stop_reason = aborted
h0.t16.restarts = 2827
h0.t16.nogoods_size = 16598795
h0.t16.nodes = 80605504
h0.t16.propagations = 80605504
h0.t4.stop_reason = aborted
h0.t4.restarts = 2827
h0.t4.nogoods_size = 16598795
h0.t4.nodes = 80350670
h0.t4.propagations = 80350670
h0.t1.stop_reason = aborted
h0.t1.restarts = 2827
h0.t1.nogoods_size = 16598795
h0.t1.nodes = 82227268
h0.t1.propagations = 82227268
h0.t6.stop_reason = aborted
h0.t6.restarts = 2827
h0.t6.nogoods_size = 16598795
h0.t6.nodes = 80843182
h0.t6.propagations = 80843182
h0.t11.stop_reason = aborted
h0.t11.restarts = 2827
h0.t11.nogoods_size = 16598795
h0.t11.nodes = 79462078
h0.t11.propagations = 79462078
h0.t14.stop_reason = aborted
h0.t14.restarts = 2827
h0.t14.nogoods_size = 16598795
h0.t14.nodes = 79930004
h0.t14.propagations = 79930004
h0.t3.stop_reason = aborted
h0.t3.restarts = 2827
h0.t3.nogoods_size = 16598795
h0.t3.nodes = 79617888
h0.t3.propagations = 79617888
h0.t10.stop_reason = aborted
h0.t10.restarts = 2827
h0.t10.nogoods_size = 16598795
h0.t10.nodes = 79950563
h0.t10.propagations = 79950563
h0.t7.stop_reason = aborted
h0.t7.restarts = 2827
h0.t7.nogoods_size = 16598795
h0.t7.nodes = 79646681
h0.t7.propagations = 79646681
h0.t2.stop_reason = aborted
h0.t2.restarts = 2827
h0.t2.nogoods_size = 16598795
h0.t2.nodes = 82324026
h0.t2.propagations = 82324026
h0.t5.stop_reason = aborted
h0.t5.restarts = 2827
h0.t5.nogoods_size = 16598795
h0.t5.nodes = 81469427
h0.t5.propagations = 81469427
h0.t12.stop_reason = aborted
h0.t12.restarts = 2827
h0.t12.nogoods_size = 16598795
h0.t12.nodes = 79561486
h0.t12.propagations = 79561486
h0.t13.stop_reason = aborted
h0.t13.restarts = 2827
h0.t13.nogoods_size = 16598795
h0.t13.nodes = 80771900
h0.t13.propagations = 80771900
h0.t15.stop_reason = aborted
h0.t15.restarts = 2827
h0.t15.nogoods_size = 16598795
h0.t15.nodes = 80317417
h0.t15.propagations = 80317417
h0.t8.stop_reason = aborted
h0.t8.restarts = 2827
h0.t8.nogoods_size = 16598795
h0.t8.nodes = 80375816
h0.t8.propagations = 80375816
h0.t9.stop_reason = aborted
h0.t9.restarts = 2827
h0.t9.nogoods_size = 16598795
h0.t9.nodes = 80467261
h0.t9.propagations = 80467261
h0.search_time = 1000016
h0.nodes = 1331266992
h0.propagations = 4161504327
h1.t16.stop_reason = aborted
h1.t16.restarts = 2827
h1.t16.nogoods_size = 16774946
h1.t16.nodes = 64427723
h1.t16.propagations = 64427723
h1.t8.stop_reason = aborted
h1.t8.restarts = 2827
h1.t8.nogoods_size = 16774946
h1.t8.nodes = 68246658
h1.t8.propagations = 68246658
h1.t2.stop_reason = aborted
h1.t2.restarts = 2827
h1.t2.nogoods_size = 16774946
h1.t2.nodes = 68562833
h1.t2.propagations = 68562833
h1.t14.stop_reason = aborted
h1.t14.restarts = 2827
h1.t14.nogoods_size = 16774946
h1.t14.nodes = 64589326
h1.t14.propagations = 64589326
h1.t17.stop_reason = aborted
h1.t17.restarts = 2827
h1.t17.nogoods_size = 16774946
h1.t17.nodes = 29059351
h1.t17.propagations = 29059351
h1.t4.stop_reason = aborted
h1.t4.restarts = 2827
h1.t4.nogoods_size = 16774946
h1.t4.nodes = 69059114
h1.t4.propagations = 69059114
h1.t5.stop_reason = aborted
h1.t5.restarts = 2827
h1.t5.nogoods_size = 16774946
h1.t5.nodes = 68460141
h1.t5.propagations = 68460141
h1.t1.stop_reason = aborted
h1.t1.restarts = 2827
h1.t1.nogoods_size = 16774946
h1.t1.nodes = 69188856
h1.t1.propagations = 69188856
h1.t13.stop_reason = aborted
h1.t13.restarts = 2827
h1.t13.nogoods_size = 16774946
h1.t13.nodes = 68063484
h1.t13.propagations = 68063484
h1.t0.stop_reason = aborted
h1.t0.restarts = 2827
h1.t0.nogoods_size = 16774946
h1.t0.nodes = 15348277
h1.t0.propagations = 15348277
h1.t7.stop_reason = aborted
h1.t7.restarts = 2827
h1.t7.nogoods_size = 16774946
h1.t7.nodes = 68684354
h1.t7.propagations = 68684354
h1.t10.stop_reason = aborted
h1.t10.restarts = 2827
h1.t10.nogoods_size = 16774946
h1.t10.nodes = 67496229
h1.t10.propagations = 67496229
h1.t9.stop_reason = aborted
h1.t9.restarts = 2827
h1.t9.nogoods_size = 16774946
h1.t9.nodes = 68917886
h1.t9.propagations = 68917886
h1.t6.stop_reason = aborted
h1.t6.restarts = 2827
h1.t6.nogoods_size = 16774946
h1.t6.nodes = 68458936
h1.t6.propagations = 68458936
h1.t3.stop_reason = aborted
h1.t3.restarts = 2827
h1.t3.nogoods_size = 16774946
h1.t3.nodes = 68088632
h1.t3.propagations = 68088632
h1.t11.stop_reason = aborted
h1.t11.restarts = 2827
h1.t11.nogoods_size = 16774946
h1.t11.nodes = 68042505
h1.t11.propagations = 68042505
h1.t12.stop_reason = aborted
h1.t12.restarts = 2827
h1.t12.nogoods_size = 16774946
h1.t12.nodes = 68324024
h1.t12.propagations = 68324024
h1.t15.stop_reason = aborted
h1.t15.restarts = 2827
h1.t15.nogoods_size = 16774946
h1.t15.nodes = 62973011
h1.t15.propagations = 62973011
h1.search_time = 1000017
h1.nodes = 1125991340
h1.propagations = 3794233356
h2.t6.stop_reason = aborted
h2.t6.restarts = 2827
h2.t6.nogoods_size = 17414139
h2.t6.nodes = 50267683
h2.t6.propagations = 50267683
h2.t10.stop_reason = aborted
h2.t10.restarts = 2827
h2.t10.nogoods_size = 17414139
h2.t10.nodes = 51066456
h2.t10.propagations = 51066456
h2.t2.stop_reason = aborted
h2.t2.restarts = 2827
h2.t2.nogoods_size = 17414139
h2.t2.nodes = 51048777
h2.t2.propagations = 51048777
h2.t5.stop_reason = aborted
h2.t5.restarts = 2827
h2.t5.nogoods_size = 17414139
h2.t5.nodes = 50809034
h2.t5.propagations = 50809034
h2.t1.stop_reason = aborted
h2.t1.restarts = 2827
h2.t1.nogoods_size = 17414139
h2.t1.nodes = 51200929
h2.t1.propagations = 51200929
h2.t8.stop_reason = aborted
h2.t8.restarts = 2827
h2.t8.nogoods_size = 17414139
h2.t8.nodes = 51217174
h2.t8.propagations = 51217174
h2.t11.stop_reason = aborted
h2.t11.restarts = 2827
h2.t11.nogoods_size = 17414139
h2.t11.nodes = 51475688
h2.t11.propagations = 51475688
h2.t3.stop_reason = aborted
h2.t3.restarts = 2827
h2.t3.nogoods_size = 17414139
h2.t3.nodes = 50908432
h2.t3.propagations = 50908432
h2.t4.stop_reason = aborted
h2.t4.restarts = 2827
h2.t4.nogoods_size = 17414139
h2.t4.nodes = 50425647
h2.t4.propagations = 50425647
h2.t13.stop_reason = aborted
h2.t13.restarts = 2827
h2.t13.nogoods_size = 17414139
h2.t13.nodes = 50825126
h2.t13.propagations = 50825126
h2.t16.stop_reason = aborted
h2.t16.restarts = 2827
h2.t16.nogoods_size = 17414139
h2.t16.nodes = 51784716
h2.t16.propagations = 51784716
h2.t7.stop_reason = aborted
h2.t7.restarts = 2827
h2.t7.nogoods_size = 17414139
h2.t7.nodes = 50062023
h2.t7.propagations = 50062023
h2.t9.stop_reason = aborted
h2.t9.restarts = 2827
h2.t9.nogoods_size = 17414139
h2.t9.nodes = 51349683
h2.t9.propagations = 51349683
h2.t12.stop_reason = aborted
h2.t12.restarts = 2827
h2.t12.nogoods_size = 17414139
h2.t12.nodes = 51319865
h2.t12.propagations = 51319865
h2.t15.stop_reason = aborted
h2.t15.restarts = 2827
h2.t15.nogoods_size = 17414139
h2.t15.nodes = 50057296
h2.t15.propagations = 50057296
h2.t14.stop_reason = aborted
h2.t14.restarts = 2827
h2.t14.nogoods_size = 17414139
h2.t14.nodes = 50964530
h2.t14.propagations = 50964530
h2.t17.stop_reason = aborted
h2.t17.restarts = 2827
h2.t17.nogoods_size = 17414139
h2.t17.nodes = 23175893
h2.t17.propagations = 23175893
h2.t0.stop_reason = aborted
h2.t0.restarts = 2827
h2.t0.nogoods_size = 17414139
h2.t0.nodes = 15339079
h2.t0.propagations = 15339079
h2.search_time = 1000027
h2.nodes = 853298031
h2.propagations = 3740287264
h3.t2.stop_reason = aborted
h3.t2.restarts = 2827
h3.t2.nogoods_size = 17420800
h3.t2.nodes = 50016503
h3.t2.propagations = 50016503
h3.t17.stop_reason = aborted
h3.t17.restarts = 2827
h3.t17.nogoods_size = 17420800
h3.t17.nodes = 22580805
h3.t17.propagations = 22580805
h3.t3.stop_reason = aborted
h3.t3.restarts = 2827
h3.t3.nogoods_size = 17420800
h3.t3.nodes = 50671793
h3.t3.propagations = 50671793
h3.t9.stop_reason = aborted
h3.t9.restarts = 2827
h3.t9.nogoods_size = 17420800
h3.t9.nodes = 50602199
h3.t9.propagations = 50602199
h3.t14.stop_reason = aborted
h3.t14.restarts = 2827
h3.t14.nogoods_size = 17420800
h3.t14.nodes = 50484308
h3.t14.propagations = 50484308
h3.t13.stop_reason = aborted
h3.t13.restarts = 2827
h3.t13.nogoods_size = 17420800
h3.t13.nodes = 49682851
h3.t13.propagations = 49682851
h3.t4.stop_reason = aborted
h3.t4.restarts = 2827
h3.t4.nogoods_size = 17420800
h3.t4.nodes = 50910728
h3.t4.propagations = 50910728
h3.t15.stop_reason = aborted
h3.t15.restarts = 2827
h3.t15.nogoods_size = 17420800
h3.t15.nodes = 50712399
h3.t15.propagations = 50712399
h3.t12.stop_reason = aborted
h3.t12.restarts = 2827
h3.t12.nogoods_size = 17420800
h3.t12.nodes = 50658497
h3.t12.propagations = 50658497
h3.t10.stop_reason = aborted
h3.t10.restarts = 2827
h3.t10.nogoods_size = 17420800
h3.t10.nodes = 50301230
h3.t10.propagations = 50301230
h3.t1.stop_reason = aborted
h3.t1.restarts = 2827
h3.t1.nogoods_size = 17420800
h3.t1.nodes = 51483050
h3.t1.propagations = 51483050
h3.t6.stop_reason = aborted
h3.t6.restarts = 2827
h3.t6.nogoods_size = 17420800
h3.t6.nodes = 50712680
h3.t6.propagations = 50712680
h3.t5.stop_reason = aborted
h3.t5.restarts = 2827
h3.t5.nogoods_size = 17420800
h3.t5.nodes = 50225667
h3.t5.propagations = 50225667
h3.t11.stop_reason = aborted
h3.t11.restarts = 2827
h3.t11.nogoods_size = 17420800
h3.t11.nodes = 50341896
h3.t11.propagations = 50341896
h3.t16.stop_reason = aborted
h3.t16.restarts = 2827
h3.t16.nogoods_size = 17420800
h3.t16.nodes = 50887940
h3.t16.propagations = 50887940
h3.t7.stop_reason = aborted
h3.t7.restarts = 2827
h3.t7.nogoods_size = 17420800
h3.t7.nodes = 50374528
h3.t7.propagations = 50374528
h3.t8.stop_reason = aborted
h3.t8.restarts = 2827
h3.t8.nogoods_size = 17420800
h3.t8.nodes = 50559394
h3.t8.propagations = 50559394
h3.t0.stop_reason = aborted
h3.t0.restarts = 2827
h3.t0.nogoods_size = 17420800
h3.t0.nodes = 15341848
h3.t0.propagations = 15341848
h3.search_time = 1000021
h3.nodes = 846548316
h3.propagations = 3712069715
h4.t10.restarts = 2827
h4.t10.nogoods_size = 17435056
h4.t10.nodes = 58414932
h4.t10.propagations = 58414932
h4.t16.restarts = 2827
h4.t16.nogoods_size = 17435056
h4.t16.nodes = 59634263
h4.t16.propagations = 59634263
h4.t5.restarts = 2827
h4.t5.nogoods_size = 17435056
h4.t5.nodes = 59033850
h4.t5.propagations = 59033850
h4.t4.restarts = 2827
h4.t4.nogoods_size = 17435056
h4.t4.nodes = 59637737
h4.t4.propagations = 59637737
h4.t6.restarts = 2827
h4.t6.nogoods_size = 17435056
h4.t6.nodes = 59570375
h4.t6.propagations = 59570375
h4.t3.restarts = 2827
h4.t3.nogoods_size = 17435056
h4.t3.nodes = 58839824
h4.t3.propagations = 58839824
h4.t12.restarts = 2827
h4.t12.nogoods_size = 17435056
h4.t12.nodes = 58891253
h4.t12.propagations = 58891253
h4.t11.restarts = 2827
h4.t11.nogoods_size = 17435056
h4.t11.nodes = 58145268
h4.t11.propagations = 58145268
h4.t14.restarts = 2827
h4.t14.nogoods_size = 17435056
h4.t14.nodes = 58875576
h4.t14.propagations = 58875576
h4.t7.restarts = 2827
h4.t7.nogoods_size = 17435056
h4.t7.nodes = 58781739
h4.t7.propagations = 58781739
h4.t15.restarts = 2827
h4.t15.nogoods_size = 17435056
h4.t15.nodes = 57271659
h4.t15.propagations = 57271659
h4.t2.restarts = 2827
h4.t2.nogoods_size = 17435056
h4.t2.nodes = 58867214
h4.t2.propagations = 58867214
h4.t13.restarts = 2827
h4.t13.nogoods_size = 17435056
h4.t13.nodes = 58337804
h4.t13.propagations = 58337804
h4.t9.restarts = 2827
h4.t9.nogoods_size = 17435056
h4.t9.nodes = 60556636
h4.t9.propagations = 60556636
h4.t17.restarts = 2827
h4.t17.nogoods_size = 17435056
h4.t17.nodes = 22174042
h4.t17.propagations = 22174042
h4.t1.restarts = 2827
h4.t1.nogoods_size = 17435056
h4.t1.nodes = 59482498
h4.t1.propagations = 59482498
h4.t0.restarts = 2827
h4.t0.nogoods_size = 17435056
h4.t0.nodes = 15343035
h4.t0.propagations = 15343035
h4.t8.restarts = 2827
h4.t8.nogoods_size = 17435056
h4.t8.nodes = 59143022
h4.t8.propagations = 59143022
h4.search_time = 1000032
h4.nodes = 981000727
h4.propagations = 4291537984
h5.t17.stop_reason = aborted
h5.t17.restarts = 2827
h5.t17.nogoods_size = 17432271
h5.t17.nodes = 21845566
h5.t17.propagations = 21845566
h5.t0.stop_reason = aborted
h5.t0.restarts = 2827
h5.t0.nogoods_size = 17432271
h5.t0.nodes = 15341484
h5.t0.propagations = 15341484
h5.t16.stop_reason = aborted
h5.t16.restarts = 2827
h5.t16.nogoods_size = 17432271
h5.t16.nodes = 59661749
h5.t16.propagations = 59661749
h5.t14.stop_reason = aborted
h5.t14.restarts = 2827
h5.t14.nogoods_size = 17432271
h5.t14.nodes = 58712504
h5.t14.propagations = 58712504
h5.t5.stop_reason = aborted
h5.t5.restarts = 2827
h5.t5.nogoods_size = 17432271
h5.t5.nodes = 59049067
h5.t5.propagations = 59049067
h5.t12.stop_reason = aborted
h5.t12.restarts = 2827
h5.t12.nogoods_size = 17432271
h5.t12.nodes = 59343349
h5.t12.propagations = 59343349
h5.t1.stop_reason = aborted
h5.t1.restarts = 2827
h5.t1.nogoods_size = 17432271
h5.t1.nodes = 60175639
h5.t1.propagations = 60175639
h5.t10.stop_reason = aborted
h5.t10.restarts = 2827
h5.t10.nogoods_size = 17432271
h5.t10.nodes = 59199990
h5.t10.propagations = 59199990
h5.t15.stop_reason = aborted
h5.t15.restarts = 2827
h5.t15.nogoods_size = 17432271
h5.t15.nodes = 59220534
h5.t15.propagations = 59220534
h5.t9.stop_reason = aborted
h5.t9.restarts = 2827
h5.t9.nogoods_size = 17432271
h5.t9.nodes = 58830865
h5.t9.propagations = 58830865
h5.t4.stop_reason = aborted
h5.t4.restarts = 2827
h5.t4.nogoods_size = 17432271
h5.t4.nodes = 58713661
h5.t4.propagations = 58713661
h5.t3.stop_reason = aborted
h5.t3.restarts = 2827
h5.t3.nogoods_size = 17432271
h5.t3.nodes = 59477115
h5.t3.propagations = 59477115
h5.t7.stop_reason = aborted
h5.t7.restarts = 2827
h5.t7.nogoods_size = 17432271
h5.t7.nodes = 59278884
h5.t7.propagations = 59278884
h5.t8.stop_reason = aborted
h5.t8.restarts = 2827
h5.t8.nogoods_size = 17432271
h5.t8.nodes = 59311867
h5.t8.propagations = 59311867
h5.t11.stop_reason = aborted
h5.t11.restarts = 2827
h5.t11.nogoods_size = 17432271
h5.t11.nodes = 59632221
h5.t11.propagations = 59632221
h5.t2.stop_reason = aborted
h5.t2.restarts = 2827
h5.t2.nogoods_size = 17432271
h5.t2.nodes = 59134429
h5.t2.propagations = 59134429
h5.t6.stop_reason = aborted
h5.t6.restarts = 2827
h5.t6.nogoods_size = 17432271
h5.t6.nodes = 59293888
h5.t6.propagations = 59293888
h5.t13.stop_reason = aborted
h5.t13.restarts = 2827
h5.t13.nogoods_size = 17432271
h5.t13.nodes = 58882194
h5.t13.propagations = 58882194
h5.search_time = 1000028
h5.nodes = 985105006
h5.propagations = 4311970284
h6.t17.stop_reason = aborted
h6.t17.restarts = 2827
h6.t17.nogoods_size = 17413554
h6.t17.nodes = 22587910
h6.t17.propagations = 22587910
h6.t0.stop_reason = aborted
h6.t0.restarts = 2827
h6.t0.nogoods_size = 17413554
h6.t0.nodes = 15339281
h6.t0.propagations = 15339281
h6.t6.stop_reason = aborted
h6.t6.restarts = 2827
h6.t6.nogoods_size = 17413554
h6.t6.nodes = 51702582
h6.t6.propagations = 51702582
h6.t16.stop_reason = aborted
h6.t16.restarts = 2827
h6.t16.nogoods_size = 17413554
h6.t16.nodes = 51416869
h6.t16.propagations = 51416869
h6.t12.stop_reason = aborted
h6.t12.restarts = 2827
h6.t12.nogoods_size = 17413554
h6.t12.nodes = 51631774
h6.t12.propagations = 51631774
h6.t4.stop_reason = aborted
h6.t4.restarts = 2827
h6.t4.nogoods_size = 17413554
h6.t4.nodes = 52549397
h6.t4.propagations = 52549397
h6.t5.stop_reason = aborted
h6.t5.restarts = 2827
h6.t5.nogoods_size = 17413554
h6.t5.nodes = 52560355
h6.t5.propagations = 52560355
h6.t11.stop_reason = aborted
h6.t11.restarts = 2827
h6.t11.nogoods_size = 17413554
h6.t11.nodes = 50743146
h6.t11.propagations = 50743146
h6.t7.stop_reason = aborted
h6.t7.restarts = 2827
h6.t7.nogoods_size = 17413554
h6.t7.nodes = 51702082
h6.t7.propagations = 51702082
h6.t9.stop_reason = aborted
h6.t9.restarts = 2827
h6.t9.nogoods_size = 17413554
h6.t9.nodes = 51537000
h6.t9.propagations = 51537000
h6.t3.stop_reason = aborted
h6.t3.restarts = 2827
h6.t3.nogoods_size = 17413554
h6.t3.nodes = 51350082
h6.t3.propagations = 51350082
h6.t8.stop_reason = aborted
h6.t8.restarts = 2827
h6.t8.nogoods_size = 17413554
h6.t8.nodes = 51888428
h6.t8.propagations = 51888428
h6.t13.stop_reason = aborted
h6.t13.restarts = 2827
h6.t13.nogoods_size = 17413554
h6.t13.nodes = 51309308
h6.t13.propagations = 51309308
h6.t2.stop_reason = aborted
h6.t2.restarts = 2827
h6.t2.nogoods_size = 17413554
h6.t2.nodes = 52212674
h6.t2.propagations = 52212674
h6.t1.stop_reason = aborted
h6.t1.restarts = 2827
h6.t1.nogoods_size = 17413554
h6.t1.nodes = 51712935
h6.t1.propagations = 51712935
h6.t14.stop_reason = aborted
h6.t14.restarts = 2827
h6.t14.nogoods_size = 17413554
h6.t14.nodes = 51863714
h6.t14.propagations = 51863714
h6.t15.stop_reason = aborted
h6.t15.restarts = 2827
h6.t15.nogoods_size = 17413554
h6.t15.nodes = 50032241
h6.t15.propagations = 50032241
h6.t10.stop_reason = aborted
h6.t10.restarts = 2827
h6.t10.nogoods_size = 17413554
h6.t10.nodes = 50531213
h6.t10.propagations = 50531213
h6.search_time = 1000027
h6.nodes = 862670991
h6.propagations = 3773422153
h7.t12.restarts = 2827
h7.t12.nogoods_size = 17413868
h7.t12.nodes = 51577654
h7.t12.propagations = 51577654
h7.t7.restarts = 2827
h7.t7.nogoods_size = 17413868
h7.t7.nodes = 50859472
h7.t7.propagations = 50859472
h7.t1.restarts = 2827
h7.t1.nogoods_size = 17413868
h7.t1.nodes = 52248486
h7.t1.propagations = 52248486
h7.t2.restarts = 2827
h7.t2.nogoods_size = 17413868
h7.t2.nodes = 51704166
h7.t2.propagations = 51704166
h7.t8.restarts = 2827
h7.t8.nogoods_size = 17413868
h7.t8.nodes = 51002336
h7.t8.propagations = 51002336
h7.t6.restarts = 2827
h7.t6.nogoods_size = 17413868
h7.t6.nodes = 51600436
h7.t6.propagations = 51600436
h7.t10.restarts = 2827
h7.t10.nogoods_size = 17413868
h7.t10.nodes = 51771023
h7.t10.propagations = 51771023
h7.t17.restarts = 2827
h7.t17.nogoods_size = 17413868
h7.t17.nodes = 22896777
h7.t17.propagations = 22896777
h7.t15.restarts = 2827
h7.t15.nogoods_size = 17413868
h7.t15.nodes = 50477507
h7.t15.propagations = 50477507
h7.t9.restarts = 2827
h7.t9.nogoods_size = 17413868
h7.t9.nodes = 52074210
h7.t9.propagations = 52074210
h7.t3.restarts = 2827
h7.t3.nogoods_size = 17413868
h7.t3.nodes = 50923744
h7.t3.propagations = 50923744
h7.t11.restarts = 2827
h7.t11.nogoods_size = 17413868
h7.t11.nodes = 51194820
h7.t11.propagations = 51194820
h7.t14.restarts = 2827
h7.t14.nogoods_size = 17413868
h7.t14.nodes = 50483230
h7.t14.propagations = 50483230
h7.t13.restarts = 2827
h7.t13.nogoods_size = 17413868
h7.t13.nodes = 51334105
h7.t13.propagations = 51334105
h7.t16.restarts = 2827
h7.t16.nogoods_size = 17413868
h7.t16.nodes = 52410680
h7.t16.propagations = 52410680
h7.t4.restarts = 2827
h7.t4.nogoods_size = 17413868
h7.t4.nodes = 51270951
h7.t4.propagations = 51270951
h7.t0.restarts = 2827
h7.t0.nogoods_size = 17413868
h7.t0.nodes = 15342323
h7.t0.propagations = 15342323
h7.t5.restarts = 2827
h7.t5.nogoods_size = 17413868
h7.t5.nodes = 51572587
h7.t5.propagations = 51572587
h7.search_time = 1000026
h7.nodes = 860744507
h7.propagations = 3761217394
h8.t13.stop_reason = aborted
h8.t13.restarts = 2827
h8.t13.nogoods_size = 17434940
h8.t13.nodes = 58790114
h8.t13.propagations = 58790114
h8.t17.stop_reason = aborted
h8.t17.restarts = 2827
h8.t17.nogoods_size = 17434940
h8.t17.nodes = 22681560
h8.t17.propagations = 22681560
h8.t0.stop_reason = aborted
h8.t0.restarts = 2827
h8.t0.nogoods_size = 17434940
h8.t0.nodes = 15341529
h8.t0.propagations = 15341529
h8.t1.stop_reason = aborted
h8.t1.restarts = 2827
h8.t1.nogoods_size = 17434940
h8.t1.nodes = 58126066
h8.t1.propagations = 58126066
h8.t5.stop_reason = aborted
h8.t5.restarts = 2827
h8.t5.nogoods_size = 17434940
h8.t5.nodes = 59728817
h8.t5.propagations = 59728817
h8.t6.stop_reason = aborted
h8.t6.restarts = 2827
h8.t6.nogoods_size = 17434940
h8.t6.nodes = 58457421
h8.t6.propagations = 58457421
h8.t12.stop_reason = aborted
h8.t12.restarts = 2827
h8.t12.nogoods_size = 17434940
h8.t12.nodes = 58129627
h8.t12.propagations = 58129627
h8.t14.stop_reason = aborted
h8.t14.restarts = 2827
h8.t14.nogoods_size = 17434940
h8.t14.nodes = 58052444
h8.t14.propagations = 58052444
h8.t3.stop_reason = aborted
h8.t3.restarts = 2827
h8.t3.nogoods_size = 17434940
h8.t3.nodes = 58836910
h8.t3.propagations = 58836910
h8.t10.stop_reason = aborted
h8.t10.restarts = 2827
h8.t10.nogoods_size = 17434940
h8.t10.nodes = 59137526
h8.t10.propagations = 59137526
h8.t7.stop_reason = aborted
h8.t7.restarts = 2827
h8.t7.nogoods_size = 17434940
h8.t7.nodes = 59068544
h8.t7.propagations = 59068544
h8.t11.stop_reason = aborted
h8.t11.restarts = 2827
h8.t11.nogoods_size = 17434940
h8.t11.nodes = 58931424
h8.t11.propagations = 58931424
h8.t4.stop_reason = aborted
h8.t4.restarts = 2827
h8.t4.nogoods_size = 17434940
h8.t4.nodes = 58470686
h8.t4.propagations = 58470686
h8.t15.stop_reason = aborted
h8.t15.restarts = 2827
h8.t15.nogoods_size = 17434940
h8.t15.nodes = 58937779
h8.t15.propagations = 58937779
h8.t9.stop_reason = aborted
h8.t9.restarts = 2827
h8.t9.nogoods_size = 17434940
h8.t9.nodes = 58946845
h8.t9.propagations = 58946845
h8.t2.stop_reason = aborted
h8.t2.restarts = 2827
h8.t2.nogoods_size = 17434940
h8.t2.nodes = 59329325
h8.t2.propagations = 59329325
h8.t8.stop_reason = aborted
h8.t8.restarts = 2827
h8.t8.nogoods_size = 17434940
h8.t8.nodes = 58386635
h8.t8.propagations = 58386635
h8.t16.stop_reason = aborted
h8.t16.restarts = 2827
h8.t16.nogoods_size = 17434940
h8.t16.nodes = 58586877
h8.t16.propagations = 58586877
h8.search_time = 1000028
h8.nodes = 977940129
h8.propagations = 4281023650
h9.t8.restarts = 2827
h9.t8.nogoods_size = 17441396
h9.t8.nodes = 59165564
h9.t8.propagations = 59165564
h9.t5.restarts = 2827
h9.t5.nogoods_size = 17441396
h9.t5.nodes = 60282053
h9.t5.propagations = 60282053
h9.t3.restarts = 2827
h9.t3.nogoods_size = 17441396
h9.t3.nodes = 59700837
h9.t3.propagations = 59700837
h9.t7.restarts = 2827
h9.t7.nogoods_size = 17441396
h9.t7.nodes = 59968048
h9.t7.propagations = 59968048
h9.t12.restarts = 2827
h9.t12.nogoods_size = 17441396
h9.t12.nodes = 59625277
h9.t12.propagations = 59625277
h9.t9.restarts = 2827
h9.t9.nogoods_size = 17441396
h9.t9.nodes = 60116331
h9.t9.propagations = 60116331
h9.t14.restarts = 2827
h9.t14.nogoods_size = 17441396
h9.t14.nodes = 60061232
h9.t14.propagations = 60061232
h9.t1.restarts = 2827
h9.t1.nogoods_size = 17441396
h9.t1.nodes = 60586632
h9.t1.propagations = 60586632
h9.t16.restarts = 2827
h9.t16.nogoods_size = 17441396
h9.t16.nodes = 60467619
h9.t16.propagations = 60467619
h9.t17.restarts = 2827
h9.t17.nogoods_size = 17441396
h9.t17.nodes = 22943016
h9.t17.propagations = 22943016
h9.t10.restarts = 2827
h9.t10.nogoods_size = 17441396
h9.t10.nodes = 60176489
h9.t10.propagations = 60176489
h9.t13.restarts = 2827
h9.t13.nogoods_size = 17441396
h9.t13.nodes = 59622362
h9.t13.propagations = 59622362
h9.t15.restarts = 2827
h9.t15.nogoods_size = 17441396
h9.t15.nodes = 59324195
h9.t15.propagations = 59324195
h9.t2.restarts = 2827
h9.t2.nogoods_size = 17441396
h9.t2.nodes = 59964065
h9.t2.propagations = 59964065
h9.t4.restarts = 2827
h9.t4.nogoods_size = 17441396
h9.t4.nodes = 59720903
h9.t4.propagations = 59720903
h9.t0.restarts = 2827
h9.t0.nogoods_size = 17441396
h9.t0.nodes = 15342629
h9.t0.propagations = 15342629
h9.t11.restarts = 2827
h9.t11.nogoods_size = 17441396
h9.t11.nodes = 60261108
h9.t11.propagations = 60261108
h9.t6.restarts = 2827
h9.t6.nogoods_size = 17441396
h9.t6.nodes = 59668868
h9.t6.propagations = 59668868
h9.search_time = 1000030
h9.nodes = 996997228
h9.propagations = 4365944954
