hostname = r1i0n4
commandline = ../glasgow/mpi_solve_subgraph_isomorphism --timeout 1000 --format lad --geometric-restarts=1.0 --restarts-constant=5400 --triggered-restarts --threads 18 --value-ordering=biased --non-random-threads=32 ../instances/LV/g28 ../instances/largerGraphs/g108
started_at = 2018-11-21 01:22:14
pattern_file = ../instances/LV/g28
target_file = ../instances/largerGraphs/g108
status = aborted
nodes = 1675986709
propagations = 6994759443
runtime = 1013409
h0.t9.restarts = 882
h0.t9.nogoods_size = 3118151
h0.t9.nodes = 9721430
h0.t9.propagations = 9721430
h0.t0.restarts = 882
h0.t0.nogoods_size = 3118151
h0.t0.nodes = 4774162
h0.t0.propagations = 4774162
h0.t6.restarts = 882
h0.t6.nogoods_size = 3118151
h0.t6.nodes = 9797634
h0.t6.propagations = 9797634
h0.t1.restarts = 882
h0.t1.nogoods_size = 3118151
h0.t1.nodes = 9952992
h0.t1.propagations = 9952992
h0.t3.restarts = 882
h0.t3.nogoods_size = 3118151
h0.t3.nodes = 9728539
h0.t3.propagations = 9728539
h0.t8.restarts = 882
h0.t8.nogoods_size = 3118151
h0.t8.nodes = 9639897
h0.t8.propagations = 9639897
h0.t15.restarts = 882
h0.t15.nogoods_size = 3118151
h0.t15.nodes = 9757482
h0.t15.propagations = 9757482
h0.t14.restarts = 882
h0.t14.nogoods_size = 3118151
h0.t14.nodes = 9697039
h0.t14.propagations = 9697039
h0.t11.restarts = 882
h0.t11.nogoods_size = 3118151
h0.t11.nodes = 9607804
h0.t11.propagations = 9607804
h0.t12.restarts = 882
h0.t12.nogoods_size = 3118151
h0.t12.nodes = 9771254
h0.t12.propagations = 9771254
h0.t10.restarts = 882
h0.t10.nogoods_size = 3118151
h0.t10.nodes = 9735569
h0.t10.propagations = 9735569
h0.t2.restarts = 882
h0.t2.nogoods_size = 3118151
h0.t2.nodes = 9807313
h0.t2.propagations = 9807313
h0.t7.restarts = 882
h0.t7.nogoods_size = 3118151
h0.t7.nodes = 9766073
h0.t7.propagations = 9766073
h0.t5.restarts = 882
h0.t5.nogoods_size = 3118151
h0.t5.nodes = 9831574
h0.t5.propagations = 9831574
h0.t4.restarts = 882
h0.t4.nogoods_size = 3118151
h0.t4.nodes = 9874666
h0.t4.propagations = 9874666
h0.t13.restarts = 882
h0.t13.nogoods_size = 3118151
h0.t13.nodes = 9807711
h0.t13.propagations = 9807711
h0.t16.restarts = 882
h0.t16.nogoods_size = 3118151
h0.t16.nodes = 9793534
h0.t16.propagations = 9793534
h0.t17.restarts = 882
h0.t17.nogoods_size = 3118151
h0.t17.nodes = 5158253
h0.t17.propagations = 5158253
h0.search_time = 999825
h0.nodes = 166222926
h0.propagations = 728446898
h1.t0.restarts = 882
h1.t0.nogoods_size = 3115640
h1.t0.nodes = 4774382
h1.t0.propagations = 4774382
h1.t5.restarts = 882
h1.t5.nogoods_size = 3115640
h1.t5.nodes = 9561999
h1.t5.propagations = 9561999
h1.t9.restarts = 882
h1.t9.nogoods_size = 3115640
h1.t9.nodes = 9710328
h1.t9.propagations = 9710328
h1.t16.restarts = 882
h1.t16.nogoods_size = 3115640
h1.t16.nodes = 9807171
h1.t16.propagations = 9807171
h1.t15.restarts = 882
h1.t15.nogoods_size = 3115640
h1.t15.nodes = 9707032
h1.t15.propagations = 9707032
h1.t11.restarts = 882
h1.t11.nogoods_size = 3115640
h1.t11.nodes = 9670342
h1.t11.propagations = 9670342
h1.t7.restarts = 882
h1.t7.nogoods_size = 3115640
h1.t7.nodes = 9732828
h1.t7.propagations = 9732828
h1.t2.restarts = 882
h1.t2.nogoods_size = 3115640
h1.t2.nodes = 9704346
h1.t2.propagations = 9704346
h1.t3.restarts = 882
h1.t3.nogoods_size = 3115640
h1.t3.nodes = 9687631
h1.t3.propagations = 9687631
h1.t6.restarts = 882
h1.t6.nogoods_size = 3115640
h1.t6.nodes = 9614180
h1.t6.propagations = 9614180
h1.t1.restarts = 882
h1.t1.nogoods_size = 3115640
h1.t1.nodes = 9680349
h1.t1.propagations = 9680349
h1.t8.restarts = 882
h1.t8.nogoods_size = 3115640
h1.t8.nodes = 9674014
h1.t8.propagations = 9674014
h1.t12.restarts = 882
h1.t12.nogoods_size = 3115640
h1.t12.nodes = 9756653
h1.t12.propagations = 9756653
h1.t17.restarts = 882
h1.t17.nogoods_size = 3115640
h1.t17.nodes = 5173727
h1.t17.propagations = 5173727
h1.t4.restarts = 882
h1.t4.nogoods_size = 3115640
h1.t4.nodes = 9691393
h1.t4.propagations = 9691393
h1.t10.restarts = 882
h1.t10.nogoods_size = 3115640
h1.t10.nodes = 9499433
h1.t10.propagations = 9499433
h1.t14.restarts = 882
h1.t14.nogoods_size = 3115640
h1.t14.nodes = 9738793
h1.t14.propagations = 9738793
h1.t13.restarts = 882
h1.t13.nogoods_size = 3115640
h1.t13.nodes = 9743694
h1.t13.propagations = 9743694
h1.search_time = 999951
h1.nodes = 164928295
h1.propagations = 713241404
h2.t0.restarts = 882
h2.t0.nogoods_size = 3105932
h2.t0.nodes = 4772514
h2.t0.propagations = 4772514
h2.t7.restarts = 882
h2.t7.nogoods_size = 3105932
h2.t7.nodes = 9717998
h2.t7.propagations = 9717998
h2.t14.restarts = 882
h2.t14.nogoods_size = 3105932
h2.t14.nodes = 9637975
h2.t14.propagations = 9637975
h2.t4.restarts = 882
h2.t4.nogoods_size = 3105932
h2.t4.nodes = 9867791
h2.t4.propagations = 9867791
h2.t2.restarts = 882
h2.t2.nogoods_size = 3105932
h2.t2.nodes = 9708645
h2.t2.propagations = 9708645
h2.t13.restarts = 882
h2.t13.nogoods_size = 3105932
h2.t13.nodes = 9727102
h2.t13.propagations = 9727102
h2.t1.restarts = 882
h2.t1.nogoods_size = 3105932
h2.t1.nodes = 9670646
h2.t1.propagations = 9670646
h2.t9.restarts = 882
h2.t9.nogoods_size = 3105932
h2.t9.nodes = 9746116
h2.t9.propagations = 9746116
h2.t3.restarts = 882
h2.t3.nogoods_size = 3105932
h2.t3.nodes = 9786066
h2.t3.propagations = 9786066
h2.t17.restarts = 882
h2.t17.nogoods_size = 3105932
h2.t17.nodes = 5187328
h2.t17.propagations = 5187328
h2.t10.restarts = 882
h2.t10.nogoods_size = 3105932
h2.t10.nodes = 9702506
h2.t10.propagations = 9702506
h2.t15.restarts = 882
h2.t15.nogoods_size = 3105932
h2.t15.nodes = 9617264
h2.t15.propagations = 9617264
h2.t12.restarts = 882
h2.t12.nogoods_size = 3105932
h2.t12.nodes = 9777227
h2.t12.propagations = 9777227
h2.t8.restarts = 882
h2.t8.nogoods_size = 3105932
h2.t8.nodes = 9758066
h2.t8.propagations = 9758066
h2.t5.restarts = 882
h2.t5.nogoods_size = 3105932
h2.t5.nodes = 9793399
h2.t5.propagations = 9793399
h2.t6.restarts = 882
h2.t6.nogoods_size = 3105932
h2.t6.nodes = 9655899
h2.t6.propagations = 9655899
h2.t11.restarts = 882
h2.t11.nogoods_size = 3105932
h2.t11.nodes = 9747035
h2.t11.propagations = 9747035
h2.t16.restarts = 882
h2.t16.nogoods_size = 3105932
h2.t16.nodes = 9759243
h2.t16.propagations = 9759243
h2.search_time = 999835
h2.nodes = 165632820
h2.propagations = 684454337
h3.t0.restarts = 882
h3.t0.nogoods_size = 3105933
h3.t0.nodes = 4772449
h3.t0.propagations = 4772449
h3.t2.restarts = 882
h3.t2.nogoods_size = 3105933
h3.t2.nodes = 9781528
h3.t2.propagations = 9781528
h3.t5.restarts = 882
h3.t5.nogoods_size = 3105933
h3.t5.nodes = 9761731
h3.t5.propagations = 9761731
h3.t9.restarts = 882
h3.t9.nogoods_size = 3105933
h3.t9.nodes = 9937232
h3.t9.propagations = 9937232
h3.t13.restarts = 882
h3.t13.nogoods_size = 3105933
h3.t13.nodes = 9625381
h3.t13.propagations = 9625381
h3.t8.restarts = 882
h3.t8.nogoods_size = 3105933
h3.t8.nodes = 9790161
h3.t8.propagations = 9790161
h3.t14.restarts = 882
h3.t14.nogoods_size = 3105933
h3.t14.nodes = 9701343
h3.t14.propagations = 9701343
h3.t4.restarts = 882
h3.t4.nogoods_size = 3105933
h3.t4.nodes = 9758429
h3.t4.propagations = 9758429
h3.t6.restarts = 882
h3.t6.nogoods_size = 3105933
h3.t6.nodes = 9773243
h3.t6.propagations = 9773243
h3.t15.restarts = 882
h3.t15.nogoods_size = 3105933
h3.t15.nodes = 9721123
h3.t15.propagations = 9721123
h3.t7.restarts = 882
h3.t7.nogoods_size = 3105933
h3.t7.nodes = 9891850
h3.t7.propagations = 9891850
h3.t11.restarts = 882
h3.t11.nogoods_size = 3105933
h3.t11.nodes = 9639602
h3.t11.propagations = 9639602
h3.t1.restarts = 882
h3.t1.nogoods_size = 3105933
h3.t1.nodes = 9678253
h3.t1.propagations = 9678253
h3.t16.restarts = 882
h3.t16.nogoods_size = 3105933
h3.t16.nodes = 9747010
h3.t16.propagations = 9747010
h3.t10.restarts = 882
h3.t10.nogoods_size = 3105933
h3.t10.nodes = 9665394
h3.t10.propagations = 9665394
h3.t3.restarts = 882
h3.t3.nogoods_size = 3105933
h3.t3.nodes = 9755882
h3.t3.propagations = 9755882
h3.t12.restarts = 882
h3.t12.nogoods_size = 3105933
h3.t12.nodes = 9839596
h3.t12.propagations = 9839596
h3.t17.restarts = 882
h3.t17.nogoods_size = 3105933
h3.t17.nodes = 5249754
h3.t17.propagations = 5249754
h3.search_time = 999823
h3.nodes = 166089961
h3.propagations = 685337611
h4.t17.restarts = 882
h4.t17.nogoods_size = 3107234
h4.t17.nodes = 5096885
h4.t17.propagations = 5096885
h4.t6.restarts = 882
h4.t6.nogoods_size = 3107234
h4.t6.nodes = 9402487
h4.t6.propagations = 9402487
h4.t7.restarts = 882
h4.t7.nogoods_size = 3107234
h4.t7.nodes = 9640420
h4.t7.propagations = 9640420
h4.t12.restarts = 882
h4.t12.nogoods_size = 3107234
h4.t12.nodes = 9586470
h4.t12.propagations = 9586470
h4.t8.restarts = 882
h4.t8.nogoods_size = 3107234
h4.t8.nodes = 9424857
h4.t8.propagations = 9424857
h4.t16.restarts = 882
h4.t16.nogoods_size = 3107234
h4.t16.nodes = 9545795
h4.t16.propagations = 9545795
h4.t3.restarts = 882
h4.t3.nogoods_size = 3107234
h4.t3.nodes = 9694585
h4.t3.propagations = 9694585
h4.t0.restarts = 882
h4.t0.nogoods_size = 3107234
h4.t0.nodes = 4772504
h4.t0.propagations = 4772504
h4.t2.restarts = 882
h4.t2.nogoods_size = 3107234
h4.t2.nodes = 9622226
h4.t2.propagations = 9622226
h4.t5.restarts = 882
h4.t5.nogoods_size = 3107234
h4.t5.nodes = 9574373
h4.t5.propagations = 9574373
h4.t11.restarts = 882
h4.t11.nogoods_size = 3107234
h4.t11.nodes = 9553403
h4.t11.propagations = 9553403
h4.t13.restarts = 882
h4.t13.nogoods_size = 3107234
h4.t13.nodes = 9570993
h4.t13.propagations = 9570993
h4.t1.restarts = 882
h4.t1.nogoods_size = 3107234
h4.t1.nodes = 9526453
h4.t1.propagations = 9526453
h4.t10.restarts = 882
h4.t10.nogoods_size = 3107234
h4.t10.nodes = 9459454
h4.t10.propagations = 9459454
h4.t14.restarts = 882
h4.t14.nogoods_size = 3107234
h4.t14.nodes = 9399315
h4.t14.propagations = 9399315
h4.t9.restarts = 882
h4.t9.nogoods_size = 3107234
h4.t9.nodes = 9669924
h4.t9.propagations = 9669924
h4.t15.restarts = 882
h4.t15.nogoods_size = 3107234
h4.t15.nodes = 9495441
h4.t15.propagations = 9495441
h4.t4.restarts = 882
h4.t4.nogoods_size = 3107234
h4.t4.nodes = 9661577
h4.t4.propagations = 9661577
h4.search_time = 999819
h4.nodes = 162697162
h4.propagations = 671642004
h5.t9.restarts = 882
h5.t9.nogoods_size = 3107785
h5.t9.nodes = 9860011
h5.t9.propagations = 9860011
h5.t17.restarts = 882
h5.t17.nogoods_size = 3107785
h5.t17.nodes = 5238221
h5.t17.propagations = 5238221
h5.t3.restarts = 882
h5.t3.nogoods_size = 3107785
h5.t3.nodes = 9977068
h5.t3.propagations = 9977068
h5.t12.restarts = 882
h5.t12.nogoods_size = 3107785
h5.t12.nodes = 9841430
h5.t12.propagations = 9841430
h5.t15.restarts = 882
h5.t15.nogoods_size = 3107785
h5.t15.nodes = 9746935
h5.t15.propagations = 9746935
h5.t13.restarts = 882
h5.t13.nogoods_size = 3107785
h5.t13.nodes = 9836886
h5.t13.propagations = 9836886
h5.t8.restarts = 882
h5.t8.nogoods_size = 3107785
h5.t8.nodes = 10011191
h5.t8.propagations = 10011191
h5.t5.restarts = 882
h5.t5.nogoods_size = 3107785
h5.t5.nodes = 9759086
h5.t5.propagations = 9759086
h5.t14.restarts = 882
h5.t14.nogoods_size = 3107785
h5.t14.nodes = 9743795
h5.t14.propagations = 9743795
h5.t7.restarts = 882
h5.t7.nogoods_size = 3107785
h5.t7.nodes = 9765486
h5.t7.propagations = 9765486
h5.t0.restarts = 882
h5.t0.nogoods_size = 3107785
h5.t0.nodes = 4772280
h5.t0.propagations = 4772280
h5.t4.restarts = 882
h5.t4.nogoods_size = 3107785
h5.t4.nodes = 9734404
h5.t4.propagations = 9734404
h5.t10.restarts = 882
h5.t10.nogoods_size = 3107785
h5.t10.nodes = 9729720
h5.t10.propagations = 9729720
h5.t1.restarts = 882
h5.t1.nogoods_size = 3107785
h5.t1.nodes = 9789222
h5.t1.propagations = 9789222
h5.t6.restarts = 882
h5.t6.nogoods_size = 3107785
h5.t6.nodes = 9904894
h5.t6.propagations = 9904894
h5.t11.restarts = 882
h5.t11.nogoods_size = 3107785
h5.t11.nodes = 9859821
h5.t11.propagations = 9859821
h5.t2.restarts = 882
h5.t2.nogoods_size = 3107785
h5.t2.nodes = 9874787
h5.t2.propagations = 9874787
h5.t16.restarts = 882
h5.t16.nogoods_size = 3107785
h5.t16.nodes = 9794179
h5.t16.propagations = 9794179
h5.search_time = 999820
h5.nodes = 167239416
h5.propagations = 689838893
h6.t3.restarts = 882
h6.t3.nogoods_size = 3108364
h6.t3.nodes = 10089102
h6.t3.propagations = 10089102
h6.t14.restarts = 882
h6.t14.nogoods_size = 3108364
h6.t14.nodes = 10018269
h6.t14.propagations = 10018269
h6.t10.restarts = 882
h6.t10.nogoods_size = 3108364
h6.t10.nodes = 10081965
h6.t10.propagations = 10081965
h6.t2.restarts = 882
h6.t2.nogoods_size = 3108364
h6.t2.nodes = 10209610
h6.t2.propagations = 10209610
h6.t9.restarts = 882
h6.t9.nogoods_size = 3108364
h6.t9.nodes = 10061566
h6.t9.propagations = 10061566
h6.t0.restarts = 882
h6.t0.nogoods_size = 3108364
h6.t0.nodes = 4772862
h6.t0.propagations = 4772862
h6.t5.restarts = 882
h6.t5.nogoods_size = 3108364
h6.t5.nodes = 10072175
h6.t5.propagations = 10072175
h6.t15.restarts = 882
h6.t15.nogoods_size = 3108364
h6.t15.nodes = 9847851
h6.t15.propagations = 9847851
h6.t7.restarts = 882
h6.t7.nogoods_size = 3108364
h6.t7.nodes = 10088956
h6.t7.propagations = 10088956
h6.t12.restarts = 882
h6.t12.nogoods_size = 3108364
h6.t12.nodes = 10162886
h6.t12.propagations = 10162886
h6.t17.restarts = 882
h6.t17.nogoods_size = 3108364
h6.t17.nodes = 5194039
h6.t17.propagations = 5194039
h6.t16.restarts = 882
h6.t16.nogoods_size = 3108364
h6.t16.nodes = 10075980
h6.t16.propagations = 10075980
h6.t11.restarts = 882
h6.t11.nogoods_size = 3108364
h6.t11.nodes = 9965350
h6.t11.propagations = 9965350
h6.t13.restarts = 882
h6.t13.nogoods_size = 3108364
h6.t13.nodes = 10137387
h6.t13.propagations = 10137387
h6.t8.restarts = 882
h6.t8.nogoods_size = 3108364
h6.t8.nodes = 9909041
h6.t8.propagations = 9909041
h6.t4.restarts = 882
h6.t4.nogoods_size = 3108364
h6.t4.nodes = 10118359
h6.t4.propagations = 10118359
h6.t6.restarts = 882
h6.t6.nogoods_size = 3108364
h6.t6.nodes = 10189593
h6.t6.propagations = 10189593
h6.t1.restarts = 882
h6.t1.nogoods_size = 3108364
h6.t1.nodes = 10129757
h6.t1.propagations = 10129757
h6.search_time = 999834
h6.nodes = 171124748
h6.propagations = 708783230
h7.t17.stop_reason = aborted
h7.t17.restarts = 882
h7.t17.nogoods_size = 3103670
h7.t17.nodes = 5113248
h7.t17.propagations = 5113248
h7.t0.stop_reason = aborted
h7.t0.restarts = 882
h7.t0.nogoods_size = 3103670
h7.t0.nodes = 4771505
h7.t0.propagations = 4771505
h7.t16.stop_reason = aborted
h7.t16.restarts = 882
h7.t16.nogoods_size = 3103670
h7.t16.nodes = 10062482
h7.t16.propagations = 10062482
h7.t12.stop_reason = aborted
h7.t12.restarts = 882
h7.t12.nogoods_size = 3103670
h7.t12.nodes = 10104170
h7.t12.propagations = 10104170
h7.t2.stop_reason = aborted
h7.t2.restarts = 882
h7.t2.nogoods_size = 3103670
h7.t2.nodes = 10072158
h7.t2.propagations = 10072158
h7.t4.stop_reason = aborted
h7.t4.restarts = 882
h7.t4.nogoods_size = 3103670
h7.t4.nodes = 10117790
h7.t4.propagations = 10117790
h7.t11.stop_reason = aborted
h7.t11.restarts = 882
h7.t11.nogoods_size = 3103670
h7.t11.nodes = 9879713
h7.t11.propagations = 9879713
h7.t1.stop_reason = aborted
h7.t1.restarts = 882
h7.t1.nogoods_size = 3103670
h7.t1.nodes = 10000458
h7.t1.propagations = 10000458
h7.t7.stop_reason = aborted
h7.t7.restarts = 882
h7.t7.nogoods_size = 3103670
h7.t7.nodes = 10023003
h7.t7.propagations = 10023003
h7.t8.stop_reason = aborted
h7.t8.restarts = 882
h7.t8.nogoods_size = 3103670
h7.t8.nodes = 10217277
h7.t8.propagations = 10217277
h7.t14.stop_reason = aborted
h7.t14.restarts = 882
h7.t14.nogoods_size = 3103670
h7.t14.nodes = 10004430
h7.t14.propagations = 10004430
h7.t9.stop_reason = aborted
h7.t9.restarts = 882
h7.t9.nogoods_size = 3103670
h7.t9.nodes = 10028108
h7.t9.propagations = 10028108
h7.t5.stop_reason = aborted
h7.t5.restarts = 882
h7.t5.nogoods_size = 3103670
h7.t5.nodes = 10083706
h7.t5.propagations = 10083706
h7.t10.stop_reason = aborted
h7.t10.restarts = 882
h7.t10.nogoods_size = 3103670
h7.t10.nodes = 9918102
h7.t10.propagations = 9918102
h7.t13.stop_reason = aborted
h7.t13.restarts = 882
h7.t13.nogoods_size = 3103670
h7.t13.nodes = 10094411
h7.t13.propagations = 10094411
h7.t6.stop_reason = aborted
h7.t6.restarts = 882
h7.t6.nogoods_size = 3103670
h7.t6.nodes = 10209139
h7.t6.propagations = 10209139
h7.t3.stop_reason = aborted
h7.t3.restarts = 882
h7.t3.nogoods_size = 3103670
h7.t3.nodes = 10084908
h7.t3.propagations = 10084908
h7.t15.stop_reason = aborted
h7.t15.restarts = 882
h7.t15.nogoods_size = 3103670
h7.t15.nodes = 9872388
h7.t15.propagations = 9872388
h7.search_time = 999835
h7.nodes = 170656996
h7.propagations = 705360688
h8.t6.restarts = 882
h8.t6.nogoods_size = 3107756
h8.t6.nodes = 10171671
h8.t6.propagations = 10171671
h8.t14.restarts = 882
h8.t14.nogoods_size = 3107756
h8.t14.nodes = 10332604
h8.t14.propagations = 10332604
h8.t3.restarts = 882
h8.t3.nogoods_size = 3107756
h8.t3.nodes = 10065943
h8.t3.propagations = 10065943
h8.t16.restarts = 882
h8.t16.nogoods_size = 3107756
h8.t16.nodes = 9941977
h8.t16.propagations = 9941977
h8.t13.restarts = 882
h8.t13.nogoods_size = 3107756
h8.t13.nodes = 10078669
h8.t13.propagations = 10078669
h8.t5.restarts = 882
h8.t5.nogoods_size = 3107756
h8.t5.nodes = 10091361
h8.t5.propagations = 10091361
h8.t12.restarts = 882
h8.t12.nogoods_size = 3107756
h8.t12.nodes = 10207927
h8.t12.propagations = 10207927
h8.t7.restarts = 882
h8.t7.nogoods_size = 3107756
h8.t7.nodes = 10088259
h8.t7.propagations = 10088259
h8.t2.restarts = 882
h8.t2.nogoods_size = 3107756
h8.t2.nodes = 10090916
h8.t2.propagations = 10090916
h8.t11.restarts = 882
h8.t11.nogoods_size = 3107756
h8.t11.nodes = 9976499
h8.t11.propagations = 9976499
h8.t0.restarts = 882
h8.t0.nogoods_size = 3107756
h8.t0.nodes = 4772823
h8.t0.propagations = 4772823
h8.t1.restarts = 882
h8.t1.nogoods_size = 3107756
h8.t1.nodes = 10085199
h8.t1.propagations = 10085199
h8.t8.restarts = 882
h8.t8.nogoods_size = 3107756
h8.t8.nodes = 10224629
h8.t8.propagations = 10224629
h8.t10.restarts = 882
h8.t10.nogoods_size = 3107756
h8.t10.nodes = 10075740
h8.t10.propagations = 10075740
h8.t9.restarts = 882
h8.t9.nogoods_size = 3107756
h8.t9.nodes = 10147535
h8.t9.propagations = 10147535
h8.t4.restarts = 882
h8.t4.nogoods_size = 3107756
h8.t4.nodes = 10097015
h8.t4.propagations = 10097015
h8.t15.restarts = 882
h8.t15.nogoods_size = 3107756
h8.t15.nodes = 9981171
h8.t15.propagations = 9981171
h8.t17.restarts = 882
h8.t17.nogoods_size = 3107756
h8.t17.nodes = 5237731
h8.t17.propagations = 5237731
h8.search_time = 999833
h8.nodes = 171667669
h8.propagations = 706097409
h9.t0.restarts = 882
h9.t0.nogoods_size = 3106403
h9.t0.nodes = 4772772
h9.t0.propagations = 4772772
h9.t6.restarts = 882
h9.t6.nogoods_size = 3106403
h9.t6.nodes = 10100352
h9.t6.propagations = 10100352
h9.t11.restarts = 882
h9.t11.nogoods_size = 3106403
h9.t11.nodes = 9897457
h9.t11.propagations = 9897457
h9.t12.restarts = 882
h9.t12.nogoods_size = 3106403
h9.t12.nodes = 9958191
h9.t12.propagations = 9958191
h9.t9.restarts = 882
h9.t9.nogoods_size = 3106403
h9.t9.nodes = 10022747
h9.t9.propagations = 10022747
h9.t4.restarts = 882
h9.t4.nogoods_size = 3106403
h9.t4.nodes = 10012508
h9.t4.propagations = 10012508
h9.t14.restarts = 882
h9.t14.nogoods_size = 3106403
h9.t14.nodes = 9941287
h9.t14.propagations = 9941287
h9.t7.restarts = 882
h9.t7.nogoods_size = 3106403
h9.t7.nodes = 9968637
h9.t7.propagations = 9968637
h9.t3.restarts = 882
h9.t3.nogoods_size = 3106403
h9.t3.nodes = 10012723
h9.t3.propagations = 10012723
h9.t13.restarts = 882
h9.t13.nogoods_size = 3106403
h9.t13.nodes = 10012039
h9.t13.propagations = 10012039
h9.t15.restarts = 882
h9.t15.nogoods_size = 3106403
h9.t15.nodes = 9890806
h9.t15.propagations = 9890806
h9.t10.restarts = 882
h9.t10.nogoods_size = 3106403
h9.t10.nodes = 9988798
h9.t10.propagations = 9988798
h9.t1.restarts = 882
h9.t1.nogoods_size = 3106403
h9.t1.nodes = 10108848
h9.t1.propagations = 10108848
h9.t2.restarts = 882
h9.t2.nogoods_size = 3106403
h9.t2.nodes = 10081218
h9.t2.propagations = 10081218
h9.t8.restarts = 882
h9.t8.nogoods_size = 3106403
h9.t8.nodes = 10025494
h9.t8.propagations = 10025494
h9.t17.restarts = 882
h9.t17.nogoods_size = 3106403
h9.t17.nodes = 5104790
h9.t17.propagations = 5104790
h9.t16.restarts = 882
h9.t16.nogoods_size = 3106403
h9.t16.nodes = 9872029
h9.t16.propagations = 9872029
h9.t5.restarts = 882
h9.t5.nogoods_size = 3106403
h9.t5.nodes = 9956020
h9.t5.propagations = 9956020
h9.search_time = 999836
h9.nodes = 169726716
h9.propagations = 701556969
