hostname = r1i0n25
commandline = ../glasgow/mpi_solve_subgraph_isomorphism --timeout 1000 --format lad --geometric-restarts=1.0 --restarts-constant=5400 --triggered-restarts --threads 18 --value-ordering=biased --non-random-threads=32 ../instances/phase/phase-30-150-0.74-0.68-0.70-8-pattern ../instances/phase/phase-30-150-0.74-0.68-0.70-8-target
started_at = 2018-11-21 02:58:07
pattern_file = ../instances/phase/phase-30-150-0.74-0.68-0.70-8-pattern
target_file = ../instances/phase/phase-30-150-0.74-0.68-0.70-8-target
status = aborted
nodes = 10565698417
propagations = 44320497794
runtime = 1066730
h0.t3.stop_reason = aborted
h0.t3.restarts = 3595
h0.t3.nogoods_size = 23567738
h0.t3.nodes = 84037520
h0.t3.propagations = 84037520
h0.t4.stop_reason = aborted
h0.t4.restarts = 3595
h0.t4.nogoods_size = 23567738
h0.t4.nodes = 83164078
h0.t4.propagations = 83164078
h0.t1.stop_reason = aborted
h0.t1.restarts = 3595
h0.t1.nogoods_size = 23567738
h0.t1.nodes = 84864682
h0.t1.propagations = 84864682
h0.t10.stop_reason = aborted
h0.t10.restarts = 3595
h0.t10.nogoods_size = 23567738
h0.t10.nodes = 83279421
h0.t10.propagations = 83279421
h0.t12.stop_reason = aborted
h0.t12.restarts = 3595
h0.t12.nogoods_size = 23567738
h0.t12.nodes = 83701283
h0.t12.propagations = 83701283
h0.t9.stop_reason = aborted
h0.t9.restarts = 3595
h0.t9.nogoods_size = 23567738
h0.t9.nodes = 82858342
h0.t9.propagations = 82858342
h0.t15.stop_reason = aborted
h0.t15.restarts = 3595
h0.t15.nogoods_size = 23567738
h0.t15.nodes = 82158230
h0.t15.propagations = 82158230
h0.t16.stop_reason = aborted
h0.t16.restarts = 3595
h0.t16.nogoods_size = 23567738
h0.t16.nodes = 83942274
h0.t16.propagations = 83942274
h0.t14.stop_reason = aborted
h0.t14.restarts = 3595
h0.t14.nogoods_size = 23567738
h0.t14.nodes = 82390504
h0.t14.propagations = 82390504
h0.t5.stop_reason = aborted
h0.t5.restarts = 3595
h0.t5.nogoods_size = 23567738
h0.t5.nodes = 84080845
h0.t5.propagations = 84080845
h0.t13.stop_reason = aborted
h0.t13.restarts = 3595
h0.t13.nogoods_size = 23567738
h0.t13.nodes = 83371399
h0.t13.propagations = 83371399
h0.t2.stop_reason = aborted
h0.t2.restarts = 3595
h0.t2.nogoods_size = 23567738
h0.t2.nodes = 85061323
h0.t2.propagations = 85061323
h0.t8.stop_reason = aborted
h0.t8.restarts = 3595
h0.t8.nogoods_size = 23567738
h0.t8.nodes = 83954138
h0.t8.propagations = 83954138
h0.t11.stop_reason = aborted
h0.t11.restarts = 3595
h0.t11.nogoods_size = 23567738
h0.t11.nodes = 83927820
h0.t11.propagations = 83927820
h0.t7.stop_reason = aborted
h0.t7.restarts = 3595
h0.t7.nogoods_size = 23567738
h0.t7.nodes = 84450186
h0.t7.propagations = 84450186
h0.t6.stop_reason = aborted
h0.t6.restarts = 3595
h0.t6.nogoods_size = 23567738
h0.t6.nodes = 83675938
h0.t6.propagations = 83675938
h0.t0.stop_reason = aborted
h0.t0.restarts = 3595
h0.t0.nogoods_size = 23567738
h0.t0.nodes = 19437550
h0.t0.propagations = 19437550
h0.t17.stop_reason = aborted
h0.t17.restarts = 3595
h0.t17.nogoods_size = 23567738
h0.t17.nodes = 31697203
h0.t17.propagations = 31697203
h0.search_time = 1000127
h0.nodes = 1390052736
h0.propagations = 6220048814
h1.t3.stop_reason = aborted
h1.t3.restarts = 3595
h1.t3.nogoods_size = 23756104
h1.t3.nodes = 79335269
h1.t3.propagations = 79335269
h1.t17.stop_reason = aborted
h1.t17.restarts = 3595
h1.t17.nogoods_size = 23756104
h1.t17.nodes = 64106006
h1.t17.propagations = 64106006
h1.t12.stop_reason = aborted
h1.t12.restarts = 3595
h1.t12.nogoods_size = 23756104
h1.t12.nodes = 80460933
h1.t12.propagations = 80460933
h1.t4.stop_reason = aborted
h1.t4.restarts = 3595
h1.t4.nogoods_size = 23756104
h1.t4.nodes = 81386813
h1.t4.propagations = 81386813
h1.t2.stop_reason = aborted
h1.t2.restarts = 3595
h1.t2.nogoods_size = 23756104
h1.t2.nodes = 80412158
h1.t2.propagations = 80412158
h1.t10.stop_reason = aborted
h1.t10.restarts = 3595
h1.t10.nogoods_size = 23756104
h1.t10.nodes = 79695493
h1.t10.propagations = 79695493
h1.t8.stop_reason = aborted
h1.t8.restarts = 3595
h1.t8.nogoods_size = 23756104
h1.t8.nodes = 81557931
h1.t8.propagations = 81557931
h1.t0.stop_reason = aborted
h1.t0.restarts = 3595
h1.t0.nogoods_size = 23756104
h1.t0.nodes = 19437673
h1.t0.propagations = 19437673
h1.t13.stop_reason = aborted
h1.t13.restarts = 3595
h1.t13.nogoods_size = 23756104
h1.t13.nodes = 81438898
h1.t13.propagations = 81438898
h1.t9.stop_reason = aborted
h1.t9.restarts = 3595
h1.t9.nogoods_size = 23756104
h1.t9.nodes = 81211426
h1.t9.propagations = 81211426
h1.t6.stop_reason = aborted
h1.t6.restarts = 3595
h1.t6.nogoods_size = 23756104
h1.t6.nodes = 81611412
h1.t6.propagations = 81611412
h1.t14.stop_reason = aborted
h1.t14.restarts = 3595
h1.t14.nogoods_size = 23756104
h1.t14.nodes = 128802473
h1.t14.propagations = 128802473
h1.t11.stop_reason = aborted
h1.t11.restarts = 3595
h1.t11.nogoods_size = 23756104
h1.t11.nodes = 78993446
h1.t11.propagations = 78993446
h1.t16.stop_reason = aborted
h1.t16.restarts = 3595
h1.t16.nogoods_size = 23756104
h1.t16.nodes = 129285810
h1.t16.propagations = 129285810
h1.t15.stop_reason = aborted
h1.t15.restarts = 3595
h1.t15.nogoods_size = 23756104
h1.t15.nodes = 128753220
h1.t15.propagations = 128753220
h1.t5.stop_reason = aborted
h1.t5.restarts = 3595
h1.t5.nogoods_size = 23756104
h1.t5.nodes = 82008761
h1.t5.propagations = 82008761
h1.t7.stop_reason = aborted
h1.t7.restarts = 3595
h1.t7.nogoods_size = 23756104
h1.t7.nodes = 81125458
h1.t7.propagations = 81125458
h1.t1.stop_reason = aborted
h1.t1.restarts = 3595
h1.t1.nogoods_size = 23756104
h1.t1.nodes = 81180401
h1.t1.propagations = 81180401
h1.search_time = 1000128
h1.nodes = 1520803581
h1.propagations = 6664617560
h2.t17.stop_reason = aborted
h2.t17.restarts = 3595
h2.t17.nogoods_size = 24045340
h2.t17.nodes = 27361719
h2.t17.propagations = 27361719
h2.t9.stop_reason = aborted
h2.t9.restarts = 3595
h2.t9.nogoods_size = 24045340
h2.t9.nodes = 48174131
h2.t9.propagations = 48174131
h2.t6.stop_reason = aborted
h2.t6.restarts = 3595
h2.t6.nogoods_size = 24045340
h2.t6.nodes = 48771577
h2.t6.propagations = 48771577
h2.t11.stop_reason = aborted
h2.t11.restarts = 3595
h2.t11.nogoods_size = 24045340
h2.t11.nodes = 47490729
h2.t11.propagations = 47490729
h2.t3.stop_reason = aborted
h2.t3.restarts = 3595
h2.t3.nogoods_size = 24045340
h2.t3.nodes = 47846854
h2.t3.propagations = 47846854
h2.t14.stop_reason = aborted
h2.t14.restarts = 3595
h2.t14.nogoods_size = 24045340
h2.t14.nodes = 47848990
h2.t14.propagations = 47848990
h2.t15.stop_reason = aborted
h2.t15.restarts = 3595
h2.t15.nogoods_size = 24045340
h2.t15.nodes = 47751536
h2.t15.propagations = 47751536
h2.t13.stop_reason = aborted
h2.t13.restarts = 3595
h2.t13.nogoods_size = 24045340
h2.t13.nodes = 48098673
h2.t13.propagations = 48098673
h2.t7.stop_reason = aborted
h2.t7.restarts = 3595
h2.t7.nogoods_size = 24045340
h2.t7.nodes = 48054171
h2.t7.propagations = 48054171
h2.t10.stop_reason = aborted
h2.t10.restarts = 3595
h2.t10.nogoods_size = 24045340
h2.t10.nodes = 48076845
h2.t10.propagations = 48076845
h2.t4.stop_reason = aborted
h2.t4.restarts = 3595
h2.t4.nogoods_size = 24045340
h2.t4.nodes = 48741442
h2.t4.propagations = 48741442
h2.t16.stop_reason = aborted
h2.t16.restarts = 3595
h2.t16.nogoods_size = 24045340
h2.t16.nodes = 48096851
h2.t16.propagations = 48096851
h2.t12.stop_reason = aborted
h2.t12.restarts = 3595
h2.t12.nogoods_size = 24045340
h2.t12.nodes = 48400015
h2.t12.propagations = 48400015
h2.t2.stop_reason = aborted
h2.t2.restarts = 3595
h2.t2.nogoods_size = 24045340
h2.t2.nodes = 48400022
h2.t2.propagations = 48400022
h2.t5.stop_reason = aborted
h2.t5.restarts = 3595
h2.t5.nogoods_size = 24045340
h2.t5.nodes = 49110504
h2.t5.propagations = 49110504
h2.t8.stop_reason = aborted
h2.t8.restarts = 3595
h2.t8.nogoods_size = 24045340
h2.t8.nodes = 47600296
h2.t8.propagations = 47600296
h2.t1.stop_reason = aborted
h2.t1.restarts = 3595
h2.t1.nogoods_size = 24045340
h2.t1.nodes = 48688753
h2.t1.propagations = 48688753
h2.t0.stop_reason = aborted
h2.t0.restarts = 3595
h2.t0.nogoods_size = 24045340
h2.t0.nodes = 19434867
h2.t0.propagations = 19434867
h2.search_time = 1000127
h2.nodes = 817947975
h2.propagations = 3348064402
h3.t17.stop_reason = aborted
h3.t17.restarts = 3595
h3.t17.nogoods_size = 24048192
h3.t17.nodes = 27007849
h3.t17.propagations = 27007849
h3.t9.stop_reason = aborted
h3.t9.restarts = 3595
h3.t9.nogoods_size = 24048192
h3.t9.nodes = 48297904
h3.t9.propagations = 48297904
h3.t7.stop_reason = aborted
h3.t7.restarts = 3595
h3.t7.nogoods_size = 24048192
h3.t7.nodes = 48831836
h3.t7.propagations = 48831836
h3.t14.stop_reason = aborted
h3.t14.restarts = 3595
h3.t14.nogoods_size = 24048192
h3.t14.nodes = 48162014
h3.t14.propagations = 48162014
h3.t4.stop_reason = aborted
h3.t4.restarts = 3595
h3.t4.nogoods_size = 24048192
h3.t4.nodes = 48350616
h3.t4.propagations = 48350616
h3.t16.stop_reason = aborted
h3.t16.restarts = 3595
h3.t16.nogoods_size = 24048192
h3.t16.nodes = 48821060
h3.t16.propagations = 48821060
h3.t3.stop_reason = aborted
h3.t3.restarts = 3595
h3.t3.nogoods_size = 24048192
h3.t3.nodes = 47882128
h3.t3.propagations = 47882128
h3.t10.stop_reason = aborted
h3.t10.restarts = 3595
h3.t10.nogoods_size = 24048192
h3.t10.nodes = 47873323
h3.t10.propagations = 47873323
h3.t11.stop_reason = aborted
h3.t11.restarts = 3595
h3.t11.nogoods_size = 24048192
h3.t11.nodes = 47888554
h3.t11.propagations = 47888554
h3.t8.stop_reason = aborted
h3.t8.restarts = 3595
h3.t8.nogoods_size = 24048192
h3.t8.nodes = 48443879
h3.t8.propagations = 48443879
h3.t15.stop_reason = aborted
h3.t15.restarts = 3595
h3.t15.nogoods_size = 24048192
h3.t15.nodes = 48401089
h3.t15.propagations = 48401089
h3.t13.stop_reason = aborted
h3.t13.restarts = 3595
h3.t13.nogoods_size = 24048192
h3.t13.nodes = 48275663
h3.t13.propagations = 48275663
h3.t5.stop_reason = aborted
h3.t5.restarts = 3595
h3.t5.nogoods_size = 24048192
h3.t5.nodes = 48529161
h3.t5.propagations = 48529161
h3.t1.stop_reason = aborted
h3.t1.restarts = 3595
h3.t1.nogoods_size = 24048192
h3.t1.nodes = 48265755
h3.t1.propagations = 48265755
h3.t6.stop_reason = aborted
h3.t6.restarts = 3595
h3.t6.nogoods_size = 24048192
h3.t6.nodes = 48383822
h3.t6.propagations = 48383822
h3.t0.stop_reason = aborted
h3.t0.restarts = 3595
h3.t0.nogoods_size = 24048192
h3.t0.nodes = 19435071
h3.t0.propagations = 19435071
h3.t2.stop_reason = aborted
h3.t2.restarts = 3595
h3.t2.nogoods_size = 24048192
h3.t2.nodes = 48126076
h3.t2.propagations = 48126076
h3.t12.stop_reason = aborted
h3.t12.restarts = 3595
h3.t12.nogoods_size = 24048192
h3.t12.nodes = 48382809
h3.t12.propagations = 48382809
h3.search_time = 1000128
h3.nodes = 819358609
h3.propagations = 3354838198
h4.t17.stop_reason = aborted
h4.t17.restarts = 3595
h4.t17.nogoods_size = 24147979
h4.t17.nodes = 27026314
h4.t17.propagations = 27026314
h4.t0.stop_reason = aborted
h4.t0.restarts = 3595
h4.t0.nogoods_size = 24147979
h4.t0.nodes = 19435028
h4.t0.propagations = 19435028
h4.t1.stop_reason = aborted
h4.t1.restarts = 3595
h4.t1.nogoods_size = 24147979
h4.t1.nodes = 65427146
h4.t1.propagations = 65427146
h4.t3.stop_reason = aborted
h4.t3.restarts = 3595
h4.t3.nogoods_size = 24147979
h4.t3.nodes = 64245879
h4.t3.propagations = 64245879
h4.t6.stop_reason = aborted
h4.t6.restarts = 3595
h4.t6.nogoods_size = 24147979
h4.t6.nodes = 64921303
h4.t6.propagations = 64921303
h4.t7.stop_reason = aborted
h4.t7.restarts = 3595
h4.t7.nogoods_size = 24147979
h4.t7.nodes = 64823585
h4.t7.propagations = 64823585
h4.t16.stop_reason = aborted
h4.t16.restarts = 3595
h4.t16.nogoods_size = 24147979
h4.t16.nodes = 65009347
h4.t16.propagations = 65009347
h4.t10.stop_reason = aborted
h4.t10.restarts = 3595
h4.t10.nogoods_size = 24147979
h4.t10.nodes = 64648830
h4.t10.propagations = 64648830
h4.t4.stop_reason = aborted
h4.t4.restarts = 3595
h4.t4.nogoods_size = 24147979
h4.t4.nodes = 65354134
h4.t4.propagations = 65354134
h4.t15.stop_reason = aborted
h4.t15.restarts = 3595
h4.t15.nogoods_size = 24147979
h4.t15.nodes = 64240772
h4.t15.propagations = 64240772
h4.t14.stop_reason = aborted
h4.t14.restarts = 3595
h4.t14.nogoods_size = 24147979
h4.t14.nodes = 64618296
h4.t14.propagations = 64618296
h4.t2.stop_reason = aborted
h4.t2.restarts = 3595
h4.t2.nogoods_size = 24147979
h4.t2.nodes = 64730989
h4.t2.propagations = 64730989
h4.t11.stop_reason = aborted
h4.t11.restarts = 3595
h4.t11.nogoods_size = 24147979
h4.t11.nodes = 64138679
h4.t11.propagations = 64138679
h4.t13.stop_reason = aborted
h4.t13.restarts = 3595
h4.t13.nogoods_size = 24147979
h4.t13.nodes = 64449145
h4.t13.propagations = 64449145
h4.t12.stop_reason = aborted
h4.t12.restarts = 3595
h4.t12.nogoods_size = 24147979
h4.t12.nodes = 65047286
h4.t12.propagations = 65047286
h4.t5.stop_reason = aborted
h4.t5.restarts = 3595
h4.t5.nogoods_size = 24147979
h4.t5.nodes = 64825768
h4.t5.propagations = 64825768
h4.t9.stop_reason = aborted
h4.t9.restarts = 3595
h4.t9.nogoods_size = 24147979
h4.t9.nodes = 64935874
h4.t9.propagations = 64935874
h4.t8.stop_reason = aborted
h4.t8.restarts = 3595
h4.t8.nogoods_size = 24147979
h4.t8.nodes = 64758139
h4.t8.propagations = 64758139
h4.search_time = 1000134
h4.nodes = 1082636514
h4.propagations = 4455097212
h5.t17.stop_reason = aborted
h5.t17.restarts = 3595
h5.t17.nogoods_size = 24159280
h5.t17.nodes = 26975665
h5.t17.propagations = 26975665
h5.t0.stop_reason = aborted
h5.t0.restarts = 3595
h5.t0.nogoods_size = 24159280
h5.t0.nodes = 19435055
h5.t0.propagations = 19435055
h5.t11.stop_reason = aborted
h5.t11.restarts = 3595
h5.t11.nogoods_size = 24159280
h5.t11.nodes = 66954943
h5.t11.propagations = 66954943
h5.t8.stop_reason = aborted
h5.t8.restarts = 3595
h5.t8.nogoods_size = 24159280
h5.t8.nodes = 67473903
h5.t8.propagations = 67473903
h5.t12.stop_reason = aborted
h5.t12.restarts = 3595
h5.t12.nogoods_size = 24159280
h5.t12.nodes = 67227605
h5.t12.propagations = 67227605
h5.t15.stop_reason = aborted
h5.t15.restarts = 3595
h5.t15.nogoods_size = 24159280
h5.t15.nodes = 67282929
h5.t15.propagations = 67282929
h5.t1.stop_reason = aborted
h5.t1.restarts = 3595
h5.t1.nogoods_size = 24159280
h5.t1.nodes = 67824019
h5.t1.propagations = 67824019
h5.t4.stop_reason = aborted
h5.t4.restarts = 3595
h5.t4.nogoods_size = 24159280
h5.t4.nodes = 67278955
h5.t4.propagations = 67278955
h5.t16.stop_reason = aborted
h5.t16.restarts = 3595
h5.t16.nogoods_size = 24159280
h5.t16.nodes = 67253707
h5.t16.propagations = 67253707
h5.t14.stop_reason = aborted
h5.t14.restarts = 3595
h5.t14.nogoods_size = 24159280
h5.t14.nodes = 67235213
h5.t14.propagations = 67235213
h5.t6.stop_reason = aborted
h5.t6.restarts = 3595
h5.t6.nogoods_size = 24159280
h5.t6.nodes = 67233136
h5.t6.propagations = 67233136
h5.t7.stop_reason = aborted
h5.t7.restarts = 3595
h5.t7.nogoods_size = 24159280
h5.t7.nodes = 66844998
h5.t7.propagations = 66844998
h5.t2.stop_reason = aborted
h5.t2.restarts = 3595
h5.t2.nogoods_size = 24159280
h5.t2.nodes = 67047964
h5.t2.propagations = 67047964
h5.t5.stop_reason = aborted
h5.t5.restarts = 3595
h5.t5.nogoods_size = 24159280
h5.t5.nodes = 66971428
h5.t5.propagations = 66971428
h5.t3.stop_reason = aborted
h5.t3.restarts = 3595
h5.t3.nogoods_size = 24159280
h5.t3.nodes = 66576314
h5.t3.propagations = 66576314
h5.t10.stop_reason = aborted
h5.t10.restarts = 3595
h5.t10.nogoods_size = 24159280
h5.t10.nodes = 67216697
h5.t10.propagations = 67216697
h5.t13.stop_reason = aborted
h5.t13.restarts = 3595
h5.t13.nogoods_size = 24159280
h5.t13.nodes = 67454333
h5.t13.propagations = 67454333
h5.t9.stop_reason = aborted
h5.t9.restarts = 3595
h5.t9.nogoods_size = 24159280
h5.t9.nodes = 67100608
h5.t9.propagations = 67100608
h5.search_time = 1000134
h5.nodes = 1121387472
h5.propagations = 4621792659
h6.t17.stop_reason = aborted
h6.t17.restarts = 3595
h6.t17.nogoods_size = 24042325
h6.t17.nodes = 27044041
h6.t17.propagations = 27044041
h6.t0.stop_reason = aborted
h6.t0.restarts = 3595
h6.t0.nogoods_size = 24042325
h6.t0.nodes = 19435003
h6.t0.propagations = 19435003
h6.t3.stop_reason = aborted
h6.t3.restarts = 3595
h6.t3.nogoods_size = 24042325
h6.t3.nodes = 48288769
h6.t3.propagations = 48288769
h6.t2.stop_reason = aborted
h6.t2.restarts = 3595
h6.t2.nogoods_size = 24042325
h6.t2.nodes = 48276141
h6.t2.propagations = 48276141
h6.t4.stop_reason = aborted
h6.t4.restarts = 3595
h6.t4.nogoods_size = 24042325
h6.t4.nodes = 47865173
h6.t4.propagations = 47865173
h6.t15.stop_reason = aborted
h6.t15.restarts = 3595
h6.t15.nogoods_size = 24042325
h6.t15.nodes = 47936387
h6.t15.propagations = 47936387
h6.t14.stop_reason = aborted
h6.t14.restarts = 3595
h6.t14.nogoods_size = 24042325
h6.t14.nodes = 47667689
h6.t14.propagations = 47667689
h6.t8.stop_reason = aborted
h6.t8.restarts = 3595
h6.t8.nogoods_size = 24042325
h6.t8.nodes = 48318975
h6.t8.propagations = 48318975
h6.t5.stop_reason = aborted
h6.t5.restarts = 3595
h6.t5.nogoods_size = 24042325
h6.t5.nodes = 48254108
h6.t5.propagations = 48254108
h6.t11.stop_reason = aborted
h6.t11.restarts = 3595
h6.t11.nogoods_size = 24042325
h6.t11.nodes = 47877412
h6.t11.propagations = 47877412
h6.t1.stop_reason = aborted
h6.t1.restarts = 3595
h6.t1.nogoods_size = 24042325
h6.t1.nodes = 48418689
h6.t1.propagations = 48418689
h6.t12.stop_reason = aborted
h6.t12.restarts = 3595
h6.t12.nogoods_size = 24042325
h6.t12.nodes = 48521885
h6.t12.propagations = 48521885
h6.t10.stop_reason = aborted
h6.t10.restarts = 3595
h6.t10.nogoods_size = 24042325
h6.t10.nodes = 47791495
h6.t10.propagations = 47791495
h6.t16.stop_reason = aborted
h6.t16.restarts = 3595
h6.t16.nogoods_size = 24042325
h6.t16.nodes = 48048663
h6.t16.propagations = 48048663
h6.t9.stop_reason = aborted
h6.t9.restarts = 3595
h6.t9.nogoods_size = 24042325
h6.t9.nodes = 48144355
h6.t9.propagations = 48144355
h6.t13.stop_reason = aborted
h6.t13.restarts = 3595
h6.t13.nogoods_size = 24042325
h6.t13.nodes = 48384954
h6.t13.propagations = 48384954
h6.t6.stop_reason = aborted
h6.t6.restarts = 3595
h6.t6.nogoods_size = 24042325
h6.t6.nodes = 48057320
h6.t6.propagations = 48057320
h6.t7.stop_reason = aborted
h6.t7.restarts = 3595
h6.t7.nogoods_size = 24042325
h6.t7.nodes = 48501149
h6.t7.propagations = 48501149
h6.search_time = 1000134
h6.nodes = 816832208
h6.propagations = 3339998939
h7.t17.stop_reason = aborted
h7.t17.restarts = 3595
h7.t17.nogoods_size = 24047069
h7.t17.nodes = 26903831
h7.t17.propagations = 26903831
h7.t5.stop_reason = aborted
h7.t5.restarts = 3595
h7.t5.nogoods_size = 24047069
h7.t5.nodes = 48792734
h7.t5.propagations = 48792734
h7.t2.stop_reason = aborted
h7.t2.restarts = 3595
h7.t2.nogoods_size = 24047069
h7.t2.nodes = 48520972
h7.t2.propagations = 48520972
h7.t9.stop_reason = aborted
h7.t9.restarts = 3595
h7.t9.nogoods_size = 24047069
h7.t9.nodes = 48616927
h7.t9.propagations = 48616927
h7.t1.stop_reason = aborted
h7.t1.restarts = 3595
h7.t1.nogoods_size = 24047069
h7.t1.nodes = 48669689
h7.t1.propagations = 48669689
h7.t15.stop_reason = aborted
h7.t15.restarts = 3595
h7.t15.nogoods_size = 24047069
h7.t15.nodes = 48486235
h7.t15.propagations = 48486235
h7.t14.stop_reason = aborted
h7.t14.restarts = 3595
h7.t14.nogoods_size = 24047069
h7.t14.nodes = 47910339
h7.t14.propagations = 47910339
h7.t13.stop_reason = aborted
h7.t13.restarts = 3595
h7.t13.nogoods_size = 24047069
h7.t13.nodes = 48484622
h7.t13.propagations = 48484622
h7.t11.stop_reason = aborted
h7.t11.restarts = 3595
h7.t11.nogoods_size = 24047069
h7.t11.nodes = 47773862
h7.t11.propagations = 47773862
h7.t7.stop_reason = aborted
h7.t7.restarts = 3595
h7.t7.nogoods_size = 24047069
h7.t7.nodes = 48953381
h7.t7.propagations = 48953381
h7.t8.stop_reason = aborted
h7.t8.restarts = 3595
h7.t8.nogoods_size = 24047069
h7.t8.nodes = 48816829
h7.t8.propagations = 48816829
h7.t16.stop_reason = aborted
h7.t16.restarts = 3595
h7.t16.nogoods_size = 24047069
h7.t16.nodes = 48715973
h7.t16.propagations = 48715973
h7.t12.stop_reason = aborted
h7.t12.restarts = 3595
h7.t12.nogoods_size = 24047069
h7.t12.nodes = 48847012
h7.t12.propagations = 48847012
h7.t10.stop_reason = aborted
h7.t10.restarts = 3595
h7.t10.nogoods_size = 24047069
h7.t10.nodes = 48375236
h7.t10.propagations = 48375236
h7.t3.stop_reason = aborted
h7.t3.restarts = 3595
h7.t3.nogoods_size = 24047069
h7.t3.nodes = 48191989
h7.t3.propagations = 48191989
h7.t0.stop_reason = aborted
h7.t0.restarts = 3595
h7.t0.nogoods_size = 24047069
h7.t0.nodes = 19435208
h7.t0.propagations = 19435208
h7.t4.stop_reason = aborted
h7.t4.restarts = 3595
h7.t4.nogoods_size = 24047069
h7.t4.nodes = 48248177
h7.t4.propagations = 48248177
h7.t6.stop_reason = aborted
h7.t6.restarts = 3595
h7.t6.nogoods_size = 24047069
h7.t6.nodes = 48385937
h7.t6.propagations = 48385937
h7.search_time = 1000128
h7.nodes = 822128953
h7.propagations = 3365448224
h8.t17.stop_reason = aborted
h8.t17.restarts = 3595
h8.t17.nogoods_size = 24149344
h8.t17.nodes = 27284585
h8.t17.propagations = 27284585
h8.t0.stop_reason = aborted
h8.t0.restarts = 3595
h8.t0.nogoods_size = 24149344
h8.t0.nodes = 19435010
h8.t0.propagations = 19435010
h8.t14.stop_reason = aborted
h8.t14.restarts = 3595
h8.t14.nogoods_size = 24149344
h8.t14.nodes = 64540105
h8.t14.propagations = 64540105
h8.t3.stop_reason = aborted
h8.t3.restarts = 3595
h8.t3.nogoods_size = 24149344
h8.t3.nodes = 64046819
h8.t3.propagations = 64046819
h8.t4.stop_reason = aborted
h8.t4.restarts = 3595
h8.t4.nogoods_size = 24149344
h8.t4.nodes = 64992610
h8.t4.propagations = 64992610
h8.t15.stop_reason = aborted
h8.t15.restarts = 3595
h8.t15.nogoods_size = 24149344
h8.t15.nodes = 64684684
h8.t15.propagations = 64684684
h8.t11.stop_reason = aborted
h8.t11.restarts = 3595
h8.t11.nogoods_size = 24149344
h8.t11.nodes = 64372447
h8.t11.propagations = 64372447
h8.t5.stop_reason = aborted
h8.t5.restarts = 3595
h8.t5.nogoods_size = 24149344
h8.t5.nodes = 65358866
h8.t5.propagations = 65358866
h8.t13.stop_reason = aborted
h8.t13.restarts = 3595
h8.t13.nogoods_size = 24149344
h8.t13.nodes = 65273348
h8.t13.propagations = 65273348
h8.t2.stop_reason = aborted
h8.t2.restarts = 3595
h8.t2.nogoods_size = 24149344
h8.t2.nodes = 64475825
h8.t2.propagations = 64475825
h8.t1.stop_reason = aborted
h8.t1.restarts = 3595
h8.t1.nogoods_size = 24149344
h8.t1.nodes = 65572621
h8.t1.propagations = 65572621
h8.t7.stop_reason = aborted
h8.t7.restarts = 3595
h8.t7.nogoods_size = 24149344
h8.t7.nodes = 65036102
h8.t7.propagations = 65036102
h8.t8.stop_reason = aborted
h8.t8.restarts = 3595
h8.t8.nogoods_size = 24149344
h8.t8.nodes = 64508022
h8.t8.propagations = 64508022
h8.t6.stop_reason = aborted
h8.t6.restarts = 3595
h8.t6.nogoods_size = 24149344
h8.t6.nodes = 64805613
h8.t6.propagations = 64805613
h8.t9.stop_reason = aborted
h8.t9.restarts = 3595
h8.t9.nogoods_size = 24149344
h8.t9.nodes = 65085836
h8.t9.propagations = 65085836
h8.t12.stop_reason = aborted
h8.t12.restarts = 3595
h8.t12.nogoods_size = 24149344
h8.t12.nodes = 64875879
h8.t12.propagations = 64875879
h8.t16.stop_reason = aborted
h8.t16.restarts = 3595
h8.t16.nogoods_size = 24149344
h8.t16.nodes = 64645602
h8.t16.propagations = 64645602
h8.t10.stop_reason = aborted
h8.t10.restarts = 3595
h8.t10.nogoods_size = 24149344
h8.t10.nodes = 64221481
h8.t10.propagations = 64221481
h8.search_time = 1000134
h8.nodes = 1083215455
h8.propagations = 4458397392
h9.t4.stop_reason = aborted
h9.t4.restarts = 3595
h9.t4.nogoods_size = 24154055
h9.t4.nodes = 65159537
h9.t4.propagations = 65159537
h9.t9.stop_reason = aborted
h9.t9.restarts = 3595
h9.t9.nogoods_size = 24154055
h9.t9.nodes = 65270856
h9.t9.propagations = 65270856
h9.t2.stop_reason = aborted
h9.t2.restarts = 3595
h9.t2.nogoods_size = 24154055
h9.t2.nodes = 65210891
h9.t2.propagations = 65210891
h9.t10.stop_reason = aborted
h9.t10.restarts = 3595
h9.t10.nogoods_size = 24154055
h9.t10.nodes = 64935179
h9.t10.propagations = 64935179
h9.t6.stop_reason = aborted
h9.t6.restarts = 3595
h9.t6.nogoods_size = 24154055
h9.t6.nodes = 65144929
h9.t6.propagations = 65144929
h9.t14.stop_reason = aborted
h9.t14.restarts = 3595
h9.t14.nogoods_size = 24154055
h9.t14.nodes = 66368995
h9.t14.propagations = 66368995
h9.t16.stop_reason = aborted
h9.t16.restarts = 3595
h9.t16.nogoods_size = 24154055
h9.t16.nodes = 65264557
h9.t16.propagations = 65264557
h9.t1.stop_reason = aborted
h9.t1.restarts = 3595
h9.t1.nogoods_size = 24154055
h9.t1.nodes = 65459806
h9.t1.propagations = 65459806
h9.t7.stop_reason = aborted
h9.t7.restarts = 3595
h9.t7.nogoods_size = 24154055
h9.t7.nodes = 65291380
h9.t7.propagations = 65291380
h9.t17.stop_reason = aborted
h9.t17.restarts = 3595
h9.t17.nogoods_size = 24154055
h9.t17.nodes = 26180407
h9.t17.propagations = 26180407
h9.t8.stop_reason = aborted
h9.t8.restarts = 3595
h9.t8.nogoods_size = 24154055
h9.t8.nodes = 65566676
h9.t8.propagations = 65566676
h9.t11.stop_reason = aborted
h9.t11.restarts = 3595
h9.t11.nogoods_size = 24154055
h9.t11.nodes = 64425233
h9.t11.propagations = 64425233
h9.t12.stop_reason = aborted
h9.t12.restarts = 3595
h9.t12.nogoods_size = 24154055
h9.t12.nodes = 65933705
h9.t12.propagations = 65933705
h9.t3.stop_reason = aborted
h9.t3.restarts = 3595
h9.t3.nogoods_size = 24154055
h9.t3.nodes = 64779951
h9.t3.propagations = 64779951
h9.t15.stop_reason = aborted
h9.t15.restarts = 3595
h9.t15.nogoods_size = 24154055
h9.t15.nodes = 65327825
h9.t15.propagations = 65327825
h9.t13.stop_reason = aborted
h9.t13.restarts = 3595
h9.t13.nogoods_size = 24154055
h9.t13.nodes = 65367263
h9.t13.propagations = 65367263
h9.t5.stop_reason = aborted
h9.t5.restarts = 3595
h9.t5.nogoods_size = 24154055
h9.t5.nodes = 66212698
h9.t5.propagations = 66212698
h9.t0.stop_reason = aborted
h9.t0.restarts = 3595
h9.t0.nogoods_size = 24154055
h9.t0.nodes = 19435026
h9.t0.propagations = 19435026
h9.search_time = 1000134
h9.nodes = 1091334914
h9.propagations = 4492194394
