hostname = r1i3n28
commandline = ../glasgow/mpi_solve_subgraph_isomorphism --timeout 1000 --format lad --geometric-restarts=1.0 --restarts-constant=5400 --triggered-restarts --threads 18 --value-ordering=biased --non-random-threads=32 ../instances/si/si2_rand_r005_600/si2_r005_m600.05/pattern ../instances/si/si2_rand_r005_600/si2_r005_m600.05/target
started_at = 2018-11-21 00:06:44
pattern_file = ../instances/si/si2_rand_r005_600/si2_r005_m600.05/pattern
target_file = ../instances/si/si2_rand_r005_600/si2_r005_m600.05/target
status = true
nodes = 32296529
propagations = 99202820
mapping = (0 -> 488) (1 -> 535) (2 -> 8) (3 -> 318) (4 -> 525) (5 -> 146) (6 -> 50) (7 -> 557) (8 -> 337) (9 -> 503) (10 -> 502) (11 -> 384) (12 -> 338) (13 -> 125) (14 -> 120) (15 -> 279) (16 -> 417) (17 -> 322) (18 -> 408) (19 -> 324) (20 -> 537) (21 -> 195) (22 -> 432) (23 -> 140) (24 -> 235) (25 -> 172) (26 -> 173) (27 -> 499) (28 -> 274) (29 -> 546) (30 -> 319) (31 -> 208) (32 -> 64) (33 -> 66) (34 -> 220) (35 -> 421) (36 -> 490) (37 -> 534) (38 -> 271) (39 -> 69) (40 -> 104) (41 -> 457) (42 -> 440) (43 -> 100) (44 -> 354) (45 -> 313) (46 -> 270) (47 -> 174) (48 -> 128) (49 -> 405) (50 -> 211) (51 -> 94) (52 -> 171) (53 -> 412) (54 -> 342) (55 -> 597) (56 -> 513) (57 -> 562) (58 -> 228) (59 -> 574) (60 -> 327) (61 -> 461) (62 -> 101) (63 -> 293) (64 -> 570) (65 -> 376) (66 -> 566) (67 -> 147) (68 -> 0) (69 -> 45) (70 -> 99) (71 -> 541) (72 -> 411) (73 -> 162) (74 -> 230) (75 -> 477) (76 -> 282) (77 -> 22) (78 -> 111) (79 -> 539) (80 -> 400) (81 -> 31) (82 -> 139) (83 -> 304) (84 -> 261) (85 -> 443) (86 -> 569) (87 -> 107) (88 -> 226) (89 -> 493) (90 -> 273) (91 -> 96) (92 -> 433) (93 -> 441) (94 -> 355) (95 -> 205) (96 -> 44) (97 -> 153) (98 -> 276) (99 -> 487) (100 -> 213) (101 -> 532) (102 -> 585) (103 -> 554) (104 -> 386) (105 -> 533) (106 -> 86) (107 -> 581) (108 -> 177) (109 -> 185) (110 -> 138) (111 -> 527) (112 -> 265) (113 -> 67) (114 -> 105) (115 -> 531) (116 -> 115) (117 -> 559) (118 -> 370) (119 -> 303) 
runtime = 5287
h0.t5.restarts = 19
h0.t5.nogoods_size = 72776
h0.t5.nodes = 194017
h0.t5.propagations = 194017
h0.t11.restarts = 19
h0.t11.nogoods_size = 72776
h0.t11.nodes = 193288
h0.t11.propagations = 193288
h0.t10.restarts = 19
h0.t10.nogoods_size = 72776
h0.t10.nodes = 193969
h0.t10.propagations = 193969
h0.t2.restarts = 19
h0.t2.nogoods_size = 72776
h0.t2.nodes = 195536
h0.t2.propagations = 195536
h0.t15.restarts = 19
h0.t15.nogoods_size = 72776
h0.t15.nodes = 194791
h0.t15.propagations = 194791
h0.t17.restarts = 19
h0.t17.nogoods_size = 72776
h0.t17.nodes = 102949
h0.t17.propagations = 102949
h0.t6.restarts = 19
h0.t6.nogoods_size = 72776
h0.t6.nodes = 194407
h0.t6.propagations = 194407
h0.t3.restarts = 19
h0.t3.nogoods_size = 72776
h0.t3.nodes = 194363
h0.t3.propagations = 194363
h0.t14.restarts = 19
h0.t14.nogoods_size = 72776
h0.t14.nodes = 196360
h0.t14.propagations = 196360
h0.t16.restarts = 19
h0.t16.nogoods_size = 72776
h0.t16.nodes = 194032
h0.t16.propagations = 194032
h0.t9.restarts = 19
h0.t9.nogoods_size = 72776
h0.t9.nodes = 192416
h0.t9.propagations = 192416
h0.t8.restarts = 19
h0.t8.nogoods_size = 72776
h0.t8.nodes = 194253
h0.t8.propagations = 194253
h0.t13.restarts = 19
h0.t13.nogoods_size = 72776
h0.t13.nodes = 194911
h0.t13.propagations = 194911
h0.t7.restarts = 19
h0.t7.nogoods_size = 72776
h0.t7.nodes = 193826
h0.t7.propagations = 193826
h0.t4.restarts = 19
h0.t4.nogoods_size = 72776
h0.t4.nodes = 194819
h0.t4.propagations = 194819
h0.t0.restarts = 19
h0.t0.nogoods_size = 72776
h0.t0.nodes = 97334
h0.t0.propagations = 97334
h0.t1.restarts = 19
h0.t1.nogoods_size = 72776
h0.t1.nodes = 194585
h0.t1.propagations = 194585
h0.t12.restarts = 19
h0.t12.nogoods_size = 72776
h0.t12.nodes = 195155
h0.t12.propagations = 195155
h0.search_time = 5014
h0.nodes = 3311011
h0.propagations = 10469168
h1.t10.restarts = 19
h1.t10.nogoods_size = 72983
h1.t10.nodes = 194733
h1.t10.propagations = 194733
h1.t12.restarts = 19
h1.t12.nogoods_size = 72983
h1.t12.nodes = 197093
h1.t12.propagations = 197093
h1.t0.restarts = 19
h1.t0.nogoods_size = 72983
h1.t0.nodes = 97347
h1.t0.propagations = 97347
h1.t3.restarts = 19
h1.t3.nogoods_size = 72983
h1.t3.nodes = 194210
h1.t3.propagations = 194210
h1.t4.restarts = 19
h1.t4.nogoods_size = 72983
h1.t4.nodes = 194378
h1.t4.propagations = 194378
h1.t2.restarts = 19
h1.t2.nogoods_size = 72983
h1.t2.nodes = 196270
h1.t2.propagations = 196270
h1.t16.restarts = 19
h1.t16.nogoods_size = 72983
h1.t16.nodes = 202149
h1.t16.propagations = 202149
h1.t14.restarts = 19
h1.t14.nogoods_size = 72983
h1.t14.nodes = 202901
h1.t14.propagations = 202901
h1.t1.restarts = 19
h1.t1.nogoods_size = 72983
h1.t1.nodes = 195185
h1.t1.propagations = 195185
h1.t17.restarts = 19
h1.t17.nogoods_size = 72983
h1.t17.nodes = 106186
h1.t17.propagations = 106186
h1.t11.restarts = 19
h1.t11.nogoods_size = 72983
h1.t11.nodes = 196327
h1.t11.propagations = 196327
h1.t7.restarts = 19
h1.t7.nogoods_size = 72983
h1.t7.nodes = 197640
h1.t7.propagations = 197640
h1.t9.restarts = 19
h1.t9.nogoods_size = 72983
h1.t9.nodes = 195067
h1.t9.propagations = 195067
h1.t6.restarts = 19
h1.t6.nogoods_size = 72983
h1.t6.nodes = 194791
h1.t6.propagations = 194791
h1.t15.restarts = 19
h1.t15.nogoods_size = 72983
h1.t15.nodes = 202386
h1.t15.propagations = 202386
h1.t5.restarts = 19
h1.t5.nogoods_size = 72983
h1.t5.nodes = 195448
h1.t5.propagations = 195448
h1.t13.restarts = 19
h1.t13.nogoods_size = 72983
h1.t13.nodes = 195363
h1.t13.propagations = 195363
h1.t8.restarts = 19
h1.t8.nogoods_size = 72983
h1.t8.nodes = 194492
h1.t8.propagations = 194492
h1.search_time = 5015
h1.nodes = 3351966
h1.propagations = 10475242
h2.t17.restarts = 19
h2.t17.nogoods_size = 74300
h2.t17.nodes = 104157
h2.t17.propagations = 104157
h2.t14.restarts = 19
h2.t14.nogoods_size = 74300
h2.t14.nodes = 183252
h2.t14.propagations = 183252
h2.t6.restarts = 19
h2.t6.nogoods_size = 74300
h2.t6.nodes = 184485
h2.t6.propagations = 184485
h2.t16.restarts = 19
h2.t16.nogoods_size = 74300
h2.t16.nodes = 187564
h2.t16.propagations = 187564
h2.t11.restarts = 19
h2.t11.nogoods_size = 74300
h2.t11.nodes = 182554
h2.t11.propagations = 182554
h2.t2.restarts = 19
h2.t2.nogoods_size = 74300
h2.t2.nodes = 184043
h2.t2.propagations = 184043
h2.t1.restarts = 19
h2.t1.nogoods_size = 74300
h2.t1.nodes = 181900
h2.t1.propagations = 181900
h2.t10.restarts = 19
h2.t10.nogoods_size = 74300
h2.t10.nodes = 184623
h2.t10.propagations = 184623
h2.t7.restarts = 19
h2.t7.nogoods_size = 74300
h2.t7.nodes = 185771
h2.t7.propagations = 185771
h2.t9.restarts = 19
h2.t9.nogoods_size = 74300
h2.t9.nodes = 183173
h2.t9.propagations = 183173
h2.t3.restarts = 19
h2.t3.nogoods_size = 74300
h2.t3.nodes = 181866
h2.t3.propagations = 181866
h2.t13.restarts = 19
h2.t13.nogoods_size = 74300
h2.t13.nodes = 182029
h2.t13.propagations = 182029
h2.t0.restarts = 19
h2.t0.nogoods_size = 74300
h2.t0.nodes = 97341
h2.t0.propagations = 97341
h2.t4.restarts = 19
h2.t4.nogoods_size = 74300
h2.t4.nodes = 184674
h2.t4.propagations = 184674
h2.t15.restarts = 19
h2.t15.nogoods_size = 74300
h2.t15.nodes = 180902
h2.t15.propagations = 180902
h2.t8.restarts = 19
h2.t8.nogoods_size = 74300
h2.t8.nodes = 181740
h2.t8.propagations = 181740
h2.t12.restarts = 19
h2.t12.nogoods_size = 74300
h2.t12.nodes = 186028
h2.t12.propagations = 186028
h2.t5.restarts = 19
h2.t5.nogoods_size = 74300
h2.t5.nodes = 185773
h2.t5.propagations = 185773
h2.search_time = 5019
h2.nodes = 3141875
h2.propagations = 9585627
h3.t2.restarts = 19
h3.t2.nogoods_size = 74420
h3.t2.nodes = 188531
h3.t2.propagations = 188531
h3.t0.restarts = 19
h3.t0.nogoods_size = 74420
h3.t0.nodes = 97329
h3.t0.propagations = 97329
h3.t7.restarts = 19
h3.t7.nogoods_size = 74420
h3.t7.nodes = 187311
h3.t7.propagations = 187311
h3.t1.restarts = 19
h3.t1.nogoods_size = 74420
h3.t1.nodes = 187026
h3.t1.propagations = 187026
h3.t11.restarts = 19
h3.t11.nogoods_size = 74420
h3.t11.nodes = 185458
h3.t11.propagations = 185458
h3.t15.restarts = 19
h3.t15.nogoods_size = 74420
h3.t15.nodes = 183934
h3.t15.propagations = 183934
h3.t10.restarts = 19
h3.t10.nogoods_size = 74420
h3.t10.nodes = 184529
h3.t10.propagations = 184529
h3.t3.restarts = 19
h3.t3.nogoods_size = 74420
h3.t3.nodes = 189565
h3.t3.propagations = 189565
h3.t12.restarts = 19
h3.t12.nogoods_size = 74420
h3.t12.nodes = 187594
h3.t12.propagations = 187594
h3.t4.restarts = 19
h3.t4.nogoods_size = 74420
h3.t4.nodes = 186795
h3.t4.propagations = 186795
h3.t17.restarts = 19
h3.t17.nogoods_size = 74420
h3.t17.nodes = 104129
h3.t17.propagations = 104129
h3.t6.restarts = 19
h3.t6.nogoods_size = 74420
h3.t6.nodes = 185794
h3.t6.propagations = 185794
h3.t14.restarts = 19
h3.t14.nogoods_size = 74420
h3.t14.nodes = 188600
h3.t14.propagations = 188600
h3.t5.restarts = 19
h3.t5.nogoods_size = 74420
h3.t5.nodes = 186000
h3.t5.propagations = 186000
h3.t8.restarts = 19
h3.t8.nogoods_size = 74420
h3.t8.nodes = 188378
h3.t8.propagations = 188378
h3.t16.restarts = 19
h3.t16.nogoods_size = 74420
h3.t16.nodes = 193657
h3.t16.propagations = 193657
h3.t13.restarts = 19
h3.t13.nogoods_size = 74420
h3.t13.nodes = 188612
h3.t13.propagations = 188612
h3.t9.restarts = 19
h3.t9.nogoods_size = 74420
h3.t9.nodes = 187037
h3.t9.propagations = 187037
h3.search_time = 5009
h3.nodes = 3200279
h3.propagations = 9768543
h4.t4.restarts = 19
h4.t4.nogoods_size = 74345
h4.t4.nodes = 196629
h4.t4.propagations = 196629
h4.t12.restarts = 19
h4.t12.nogoods_size = 74345
h4.t12.nodes = 197955
h4.t12.propagations = 197955
h4.t10.restarts = 19
h4.t10.nogoods_size = 74345
h4.t10.nodes = 197184
h4.t10.propagations = 197184
h4.t0.restarts = 19
h4.t0.nogoods_size = 74345
h4.t0.nodes = 97340
h4.t0.propagations = 97340
h4.t6.restarts = 19
h4.t6.nogoods_size = 74345
h4.t6.nodes = 196106
h4.t6.propagations = 196106
h4.t14.restarts = 19
h4.t14.nogoods_size = 74345
h4.t14.nodes = 196872
h4.t14.propagations = 196872
h4.t9.restarts = 19
h4.t9.nogoods_size = 74345
h4.t9.nodes = 195343
h4.t9.propagations = 195343
h4.t16.restarts = 19
h4.t16.nogoods_size = 74345
h4.t16.nodes = 198160
h4.t16.propagations = 198160
h4.t15.restarts = 19
h4.t15.nogoods_size = 74345
h4.t15.nodes = 196541
h4.t15.propagations = 196541
h4.t11.restarts = 19
h4.t11.nogoods_size = 74345
h4.t11.nodes = 194622
h4.t11.propagations = 194622
h4.t1.restarts = 19
h4.t1.nogoods_size = 74345
h4.t1.nodes = 195709
h4.t1.propagations = 195709
h4.t3.restarts = 19
h4.t3.nogoods_size = 74345
h4.t3.nodes = 195669
h4.t3.propagations = 195669
h4.t5.restarts = 19
h4.t5.nogoods_size = 74345
h4.t5.nodes = 196235
h4.t5.propagations = 196235
h4.t13.restarts = 19
h4.t13.nogoods_size = 74345
h4.t13.nodes = 195733
h4.t13.propagations = 195733
h4.t17.restarts = 19
h4.t17.nogoods_size = 74345
h4.t17.nodes = 104131
h4.t17.propagations = 104131
h4.t7.restarts = 19
h4.t7.nogoods_size = 74345
h4.t7.nodes = 198371
h4.t7.propagations = 198371
h4.t2.restarts = 19
h4.t2.nogoods_size = 74345
h4.t2.nodes = 196150
h4.t2.propagations = 196150
h4.t8.restarts = 19
h4.t8.nogoods_size = 74345
h4.t8.nodes = 198655
h4.t8.propagations = 198655
h4.search_time = 5016
h4.nodes = 3347405
h4.propagations = 10216979
h5.t3.restarts = 19
h5.t3.nogoods_size = 74374
h5.t3.nodes = 195469
h5.t3.propagations = 195469
h5.t2.restarts = 19
h5.t2.nogoods_size = 74374
h5.t2.nodes = 194627
h5.t2.propagations = 194627
h5.t6.restarts = 19
h5.t6.nogoods_size = 74374
h5.t6.nodes = 196308
h5.t6.propagations = 196308
h5.t0.restarts = 19
h5.t0.nogoods_size = 74374
h5.t0.nodes = 97325
h5.t0.propagations = 97325
h5.t11.restarts = 19
h5.t11.nogoods_size = 74374
h5.t11.nodes = 195925
h5.t11.propagations = 195925
h5.t10.restarts = 19
h5.t10.nogoods_size = 74374
h5.t10.nodes = 194915
h5.t10.propagations = 194915
h5.t9.restarts = 19
h5.t9.nogoods_size = 74374
h5.t9.nodes = 193743
h5.t9.propagations = 193743
h5.t5.restarts = 19
h5.t5.nogoods_size = 74374
h5.t5.nodes = 195977
h5.t5.propagations = 195977
h5.t12.restarts = 19
h5.t12.nogoods_size = 74374
h5.t12.nodes = 197002
h5.t12.propagations = 197002
h5.t4.restarts = 19
h5.t4.nogoods_size = 74374
h5.t4.nodes = 195256
h5.t4.propagations = 195256
h5.t16.restarts = 19
h5.t16.nogoods_size = 74374
h5.t16.nodes = 194150
h5.t16.propagations = 194150
h5.t7.restarts = 19
h5.t7.nogoods_size = 74374
h5.t7.nodes = 194486
h5.t7.propagations = 194486
h5.t13.restarts = 19
h5.t13.nogoods_size = 74374
h5.t13.nodes = 197800
h5.t13.propagations = 197800
h5.t15.restarts = 19
h5.t15.nogoods_size = 74374
h5.t15.nodes = 194770
h5.t15.propagations = 194770
h5.t1.restarts = 19
h5.t1.nogoods_size = 74374
h5.t1.nodes = 194875
h5.t1.propagations = 194875
h5.t17.restarts = 19
h5.t17.nogoods_size = 74374
h5.t17.nodes = 104188
h5.t17.propagations = 104188
h5.t14.restarts = 19
h5.t14.nogoods_size = 74374
h5.t14.nodes = 196024
h5.t14.propagations = 196024
h5.t8.restarts = 19
h5.t8.nogoods_size = 74374
h5.t8.nodes = 196349
h5.t8.propagations = 196349
h5.search_time = 5016
h5.nodes = 3329189
h5.propagations = 10138965
h6.t10.restarts = 19
h6.t10.nogoods_size = 74139
h6.t10.nodes = 187515
h6.t10.propagations = 187515
h6.t11.restarts = 19
h6.t11.nogoods_size = 74139
h6.t11.nodes = 186531
h6.t11.propagations = 186531
h6.t7.restarts = 19
h6.t7.nogoods_size = 74139
h6.t7.nodes = 183755
h6.t7.propagations = 183755
h6.t1.restarts = 19
h6.t1.nogoods_size = 74139
h6.t1.nodes = 182010
h6.t1.propagations = 182010
h6.t4.restarts = 19
h6.t4.nogoods_size = 74139
h6.t4.nodes = 189049
h6.t4.propagations = 189049
h6.t15.restarts = 19
h6.t15.nogoods_size = 74139
h6.t15.nodes = 181987
h6.t15.propagations = 181987
h6.t14.restarts = 19
h6.t14.nogoods_size = 74139
h6.t14.nodes = 189875
h6.t14.propagations = 189875
h6.t5.restarts = 19
h6.t5.nogoods_size = 74139
h6.t5.nodes = 187061
h6.t5.propagations = 187061
h6.t9.restarts = 19
h6.t9.nogoods_size = 74139
h6.t9.nodes = 187640
h6.t9.propagations = 187640
h6.t8.restarts = 19
h6.t8.nogoods_size = 74139
h6.t8.nodes = 185625
h6.t8.propagations = 185625
h6.t3.restarts = 19
h6.t3.nogoods_size = 74139
h6.t3.nodes = 188975
h6.t3.propagations = 188975
h6.t2.restarts = 19
h6.t2.nogoods_size = 74139
h6.t2.nodes = 183543
h6.t2.propagations = 183543
h6.t12.restarts = 19
h6.t12.nogoods_size = 74139
h6.t12.nodes = 186064
h6.t12.propagations = 186064
h6.t6.restarts = 19
h6.t6.nogoods_size = 74139
h6.t6.nodes = 184916
h6.t6.propagations = 184916
h6.t13.restarts = 19
h6.t13.nogoods_size = 74139
h6.t13.nodes = 186190
h6.t13.propagations = 186190
h6.t16.restarts = 19
h6.t16.nogoods_size = 74139
h6.t16.nodes = 185339
h6.t16.propagations = 185339
h6.t17.restarts = 19
h6.t17.nogoods_size = 74139
h6.t17.nodes = 103928
h6.t17.propagations = 103928
h6.t0.restarts = 19
h6.t0.nogoods_size = 74139
h6.t0.nodes = 97335
h6.t0.propagations = 97335
h6.search_time = 5015
h6.nodes = 3177338
h6.propagations = 9715087
h7.t4.restarts = 19
h7.t4.nogoods_size = 74304
h7.t4.nodes = 182647
h7.t4.propagations = 182647
h7.t12.restarts = 19
h7.t12.nogoods_size = 74304
h7.t12.nodes = 181319
h7.t12.propagations = 181319
h7.t2.restarts = 19
h7.t2.nogoods_size = 74304
h7.t2.nodes = 183455
h7.t2.propagations = 183455
h7.t7.restarts = 19
h7.t7.nogoods_size = 74304
h7.t7.nodes = 182047
h7.t7.propagations = 182047
h7.t3.restarts = 19
h7.t3.nogoods_size = 74304
h7.t3.nodes = 182849
h7.t3.propagations = 182849
h7.t6.restarts = 19
h7.t6.nogoods_size = 74304
h7.t6.nodes = 179674
h7.t6.propagations = 179674
h7.t15.restarts = 19
h7.t15.nogoods_size = 74304
h7.t15.nodes = 181409
h7.t15.propagations = 181409
h7.t16.restarts = 19
h7.t16.nogoods_size = 74304
h7.t16.nodes = 183863
h7.t16.propagations = 183863
h7.t5.restarts = 19
h7.t5.nogoods_size = 74304
h7.t5.nodes = 182439
h7.t5.propagations = 182439
h7.t9.restarts = 19
h7.t9.nogoods_size = 74304
h7.t9.nodes = 185101
h7.t9.propagations = 185101
h7.t11.restarts = 19
h7.t11.nogoods_size = 74304
h7.t11.nodes = 181523
h7.t11.propagations = 181523
h7.t0.restarts = 19
h7.t0.nogoods_size = 74304
h7.t0.nodes = 97328
h7.t0.propagations = 97328
h7.t10.restarts = 19
h7.t10.nogoods_size = 74304
h7.t10.nodes = 180450
h7.t10.propagations = 180450
h7.t8.restarts = 19
h7.t8.nogoods_size = 74304
h7.t8.nodes = 181473
h7.t8.propagations = 181473
h7.t14.restarts = 19
h7.t14.nogoods_size = 74304
h7.t14.nodes = 183486
h7.t14.propagations = 183486
h7.t1.restarts = 19
h7.t1.nogoods_size = 74304
h7.t1.nodes = 184503
h7.t1.propagations = 184503
h7.t13.restarts = 19
h7.t13.nogoods_size = 74304
h7.t13.nodes = 180554
h7.t13.propagations = 180554
h7.t17.restarts = 19
h7.t17.nogoods_size = 74304
h7.t17.nodes = 103471
h7.t17.propagations = 103471
h7.search_time = 5012
h7.nodes = 3117591
h7.propagations = 9518595
h8.t3.restarts = 19
h8.t3.nogoods_size = 74306
h8.t3.nodes = 189780
h8.t3.propagations = 189780
h8.t4.restarts = 19
h8.t4.nogoods_size = 74306
h8.t4.nodes = 190143
h8.t4.propagations = 190143
h8.t10.restarts = 19
h8.t10.nogoods_size = 74306
h8.t10.nodes = 188851
h8.t10.propagations = 188851
h8.t8.restarts = 19
h8.t8.nogoods_size = 74306
h8.t8.nodes = 190456
h8.t8.propagations = 190456
h8.t11.restarts = 19
h8.t11.nogoods_size = 74306
h8.t11.nodes = 188288
h8.t11.propagations = 188288
h8.t5.restarts = 19
h8.t5.nogoods_size = 74306
h8.t5.nodes = 192217
h8.t5.propagations = 192217
h8.t2.restarts = 19
h8.t2.nogoods_size = 74306
h8.t2.nodes = 187989
h8.t2.propagations = 187989
h8.t12.restarts = 19
h8.t12.nogoods_size = 74306
h8.t12.nodes = 192595
h8.t12.propagations = 192595
h8.t16.restarts = 19
h8.t16.nogoods_size = 74306
h8.t16.nodes = 189856
h8.t16.propagations = 189856
h8.t7.restarts = 19
h8.t7.nogoods_size = 74306
h8.t7.nodes = 192543
h8.t7.propagations = 192543
h8.t1.restarts = 19
h8.t1.nogoods_size = 74306
h8.t1.nodes = 188047
h8.t1.propagations = 188047
h8.t14.restarts = 19
h8.t14.nogoods_size = 74306
h8.t14.nodes = 191328
h8.t14.propagations = 191328
h8.t15.restarts = 19
h8.t15.nogoods_size = 74306
h8.t15.nodes = 190119
h8.t15.propagations = 190119
h8.t17.restarts = 19
h8.t17.nogoods_size = 74306
h8.t17.nodes = 104755
h8.t17.propagations = 104755
h8.t9.restarts = 19
h8.t9.nogoods_size = 74306
h8.t9.nodes = 188980
h8.t9.propagations = 188980
h8.t13.restarts = 19
h8.t13.nogoods_size = 74306
h8.t13.nodes = 190615
h8.t13.propagations = 190615
h8.t6.restarts = 19
h8.t6.nogoods_size = 74306
h8.t6.nodes = 190758
h8.t6.propagations = 190758
h8.t0.restarts = 19
h8.t0.nogoods_size = 74306
h8.t0.nodes = 97330
h8.t0.propagations = 97330
h8.search_time = 5013
h8.nodes = 3244650
h8.propagations = 9912000
h9.t12.stop_reason = aborted
h9.t12.restarts = 19
h9.t12.nogoods_size = 70936
h9.t12.nodes = 181238
h9.t12.propagations = 181238
h9.t2.stop_reason = aborted
h9.t2.restarts = 19
h9.t2.nogoods_size = 70936
h9.t2.nodes = 177282
h9.t2.propagations = 177282
h9.t4.stop_reason = aborted
h9.t4.restarts = 19
h9.t4.nogoods_size = 70936
h9.t4.nodes = 180408
h9.t4.propagations = 180408
h9.t10.stop_reason = aborted
h9.t10.restarts = 19
h9.t10.nogoods_size = 70936
h9.t10.nodes = 180806
h9.t10.propagations = 180806
h9.t7.stop_reason = aborted
h9.t7.restarts = 19
h9.t7.nogoods_size = 70936
h9.t7.nodes = 179078
h9.t7.propagations = 179078
h9.t16.stop_reason = aborted
h9.t16.restarts = 19
h9.t16.nogoods_size = 70936
h9.t16.nodes = 181700
h9.t16.propagations = 181700
h9.t1.stop_reason = aborted
h9.t1.restarts = 19
h9.t1.nogoods_size = 70936
h9.t1.nodes = 180425
h9.t1.propagations = 180425
h9.t8.stop_reason = aborted
h9.t8.restarts = 19
h9.t8.nogoods_size = 70936
h9.t8.nodes = 181487
h9.t8.propagations = 181487
h9.t13.stop_reason = aborted
h9.t13.restarts = 19
h9.t13.nogoods_size = 70936
h9.t13.nodes = 182516
h9.t13.propagations = 182516
h9.t9.where = 0/119 -1/-1 10/26 -1/-1 6/7 -1/-1 1/6 -1/-1 0/5 -1/-1 -1/-1 0/3 -1/-1 -1/-1 0/2 -1/-1 -1/-1 -1/-1 -1/-1 -1/-1 -1/-1 -1/-1 -1/-1 -1/-1 -1/-1 -1/-1 -1/-1 -1/-1 -1/-1 -1/-1 -1/-1 -1/-1 -1/-1 -1/-1 -1/-1 -1/-1 -1/-1 -1/-1 -1/-1 -1/-1 -1/-1 -1/-1 -1/-1 -1/-1 -1/-1 -1/-1 -1/-1 -1/-1 -1/-1 -1/-1 -1/-1 -1/-1 -1/-1 -1/-1 -1/-1 -1/-1 -1/-1 -1/-1 -1/-1 -1/-1 -1/-1 -1/-1 -1/-1 -1/-1 -1/-1 -1/-1 -1/-1 -1/-1 -1/-1 -1/-1 -1/-1 -1/-1 -1/-1 -1/-1 -1/-1 -1/-1 -1/-1 -1/-1 -1/-1 -1/-1 -1/-1 -1/-1 -1/-1 -1/-1 -1/-1 -1/-1 -1/-1 -1/-1 -1/-1 -1/-1 -1/-1 -1/-1 -1/-1 -1/-1 -1/-1 -1/-1 -1/-1 -1/-1 -1/-1 -1/-1 -1/-1 -1/-1 -1/-1 -1/-1 -1/-1 -1/-1 -1/-1 -1/-1 -1/-1 -1/-1 -1/-1 -1/-1 -1/-1 -1/-1 -1/-1 -1/-1 -1/-1 -1/-1 -1/-1 -1/-1 -1/-1 -1/-1 -1/-1 -1/-1 -1/-1 -1/-1 -1/-1
h9.t9.stop_reason = satisfiable
h9.t9.restarts = 19
h9.t9.nogoods_size = 70936
h9.t9.nodes = 179089
h9.t9.propagations = 179089
h9.t17.stop_reason = aborted
h9.t17.restarts = 19
h9.t17.nogoods_size = 70936
h9.t17.nodes = 101183
h9.t17.propagations = 101183
h9.t11.stop_reason = aborted
h9.t11.restarts = 19
h9.t11.nogoods_size = 70936
h9.t11.nodes = 177328
h9.t11.propagations = 177328
h9.t5.stop_reason = aborted
h9.t5.restarts = 19
h9.t5.nogoods_size = 70936
h9.t5.nodes = 179876
h9.t5.propagations = 179876
h9.t15.stop_reason = aborted
h9.t15.restarts = 19
h9.t15.nogoods_size = 70936
h9.t15.nodes = 182352
h9.t15.propagations = 182352
h9.t3.stop_reason = aborted
h9.t3.restarts = 19
h9.t3.nogoods_size = 70936
h9.t3.nodes = 178033
h9.t3.propagations = 178033
h9.t6.stop_reason = aborted
h9.t6.restarts = 19
h9.t6.nogoods_size = 70936
h9.t6.nodes = 178770
h9.t6.propagations = 178770
h9.t0.stop_reason = aborted
h9.t0.restarts = 19
h9.t0.nogoods_size = 70936
h9.t0.nodes = 95817
h9.t0.propagations = 95817
h9.t14.stop_reason = aborted
h9.t14.restarts = 19
h9.t14.nogoods_size = 70936
h9.t14.nodes = 177837
h9.t14.propagations = 177837
h9.search_time = 4999
h9.nodes = 3075225
h9.propagations = 9402614
