hostname = r1i4n19
commandline = ../glasgow/solve_subgraph_isomorphism --value-ordering=biased --threads=36 --timeout 1000 --format lad ../instances/LV/g13 ../instances/largerGraphs/g51
started_at = 2018-11-16 16:36:32
pattern_file = ../instances/LV/g13
target_file = ../instances/largerGraphs/g51
status = true
nodes = 372949
propagations = 946507
mapping = (0 -> 94) (1 -> 71) (2 -> 35) (3 -> 17) (4 -> 73) (5 -> 115) (6 -> 135) (7 -> 32) (8 -> 137) (9 -> 20) (10 -> 76) (11 -> 0) (12 -> 25) (13 -> 19) (14 -> 28) (15 -> 98) (16 -> 77) (17 -> 111) (18 -> 105) (19 -> 5) (20 -> 134) (21 -> 33) (22 -> 1) (23 -> 63) (24 -> 2) (25 -> 108) (26 -> 91) (27 -> 3) (28 -> 4) (29 -> 6) (30 -> 7) (31 -> 88) (32 -> 53) (33 -> 119) (34 -> 90) (35 -> 92) (36 -> 132) (37 -> 116) (38 -> 8) (39 -> 80) (40 -> 129) (41 -> 36) (42 -> 69) (43 -> 9) (44 -> 24) (45 -> 107) (46 -> 10) (47 -> 11) (48 -> 15) 
runtime = 159
t29.where = 0/9 -1/-1 0/7 -1/-1 0/6 -1/-1 -1/-1 0/3 -1/-1 0/2 -1/-1 -1/-1 -1/-1 -1/-1 -1/-1 -1/-1 -1/-1 0/4 -1/-1 0/3 -1/-1 1/3 -1/-1 1/2 -1/-1 0/3 -1/-1 0/2 -1/-1 -1/-1 1/3 -1/-1 -1/-1 1/2 -1/-1 0/3 -1/-1 -1/-1 -1/-1 0/2 -1/-1 0/3 -1/-1 1/3 -1/-1 1/2 -1/-1 0/3 -1/-1 -1/-1 0/3 -1/-1 0/2 -1/-1 -1/-1 0/3 -1/-1 0/4 -1/-1 0/9 -1/-1 0/23 -1/-1 0/23 -1/-1
t29.stop_reason = satisfiable
t29.restarts = 18
t29.nogoods_size = 5264
t29.nodes = 6672
t29.propagations = 6672
t34.stop_reason = aborted
t34.restarts = 18
t34.nogoods_size = 5264
t34.nodes = 12651
t34.propagations = 12651
t4.stop_reason = aborted
t4.restarts = 18
t4.nogoods_size = 5264
t4.nodes = 6677
t4.propagations = 6677
t26.stop_reason = aborted
t26.restarts = 18
t26.nogoods_size = 5264
t26.nodes = 12082
t26.propagations = 12082
t16.stop_reason = aborted
t16.restarts = 18
t16.nogoods_size = 5264
t16.nodes = 6271
t16.propagations = 6271
t32.stop_reason = aborted
t32.restarts = 18
t32.nogoods_size = 5264
t32.nodes = 9681
t32.propagations = 9681
t25.stop_reason = aborted
t25.restarts = 18
t25.nogoods_size = 5264
t25.nodes = 11387
t25.propagations = 11387
t24.stop_reason = aborted
t24.restarts = 18
t24.nogoods_size = 5264
t24.nodes = 13087
t24.propagations = 13087
t14.stop_reason = aborted
t14.restarts = 18
t14.nogoods_size = 5264
t14.nodes = 20225
t14.propagations = 20225
t9.stop_reason = aborted
t9.restarts = 18
t9.nogoods_size = 5264
t9.nodes = 6731
t9.propagations = 6731
t30.stop_reason = aborted
t30.restarts = 18
t30.nogoods_size = 5264
t30.nodes = 19515
t30.propagations = 19515
t23.stop_reason = aborted
t23.restarts = 18
t23.nogoods_size = 5264
t23.nodes = 10949
t23.propagations = 10949
t7.stop_reason = aborted
t7.restarts = 18
t7.nogoods_size = 5264
t7.nodes = 13965
t7.propagations = 13965
t6.stop_reason = aborted
t6.restarts = 18
t6.nogoods_size = 5264
t6.nodes = 9104
t6.propagations = 9104
t35.stop_reason = aborted
t35.restarts = 18
t35.nogoods_size = 5264
t35.nodes = 13187
t35.propagations = 13187
t22.stop_reason = aborted
t22.restarts = 18
t22.nogoods_size = 5264
t22.nodes = 11965
t22.propagations = 11965
t21.stop_reason = aborted
t21.restarts = 18
t21.nogoods_size = 5264
t21.nodes = 12084
t21.propagations = 12084
t33.stop_reason = aborted
t33.restarts = 18
t33.nogoods_size = 5264
t33.nodes = 6556
t33.propagations = 6556
t5.stop_reason = aborted
t5.restarts = 18
t5.nogoods_size = 5264
t5.nodes = 6911
t5.propagations = 6911
t10.stop_reason = aborted
t10.restarts = 18
t10.nogoods_size = 5264
t10.nodes = 11783
t10.propagations = 11783
t19.stop_reason = aborted
t19.restarts = 18
t19.nogoods_size = 5264
t19.nodes = 11254
t19.propagations = 11254
t13.stop_reason = aborted
t13.restarts = 18
t13.nogoods_size = 5264
t13.nodes = 11450
t13.propagations = 11450
t20.stop_reason = aborted
t20.restarts = 18
t20.nogoods_size = 5264
t20.nodes = 13351
t20.propagations = 13351
t27.stop_reason = aborted
t27.restarts = 18
t27.nogoods_size = 5264
t27.nodes = 6761
t27.propagations = 6761
t11.stop_reason = aborted
t11.restarts = 18
t11.nogoods_size = 5264
t11.nodes = 6564
t11.propagations = 6564
t2.stop_reason = aborted
t2.restarts = 18
t2.nogoods_size = 5264
t2.nodes = 7292
t2.propagations = 7292
t1.stop_reason = aborted
t1.restarts = 18
t1.nogoods_size = 5264
t1.nodes = 6930
t1.propagations = 6930
t3.stop_reason = aborted
t3.restarts = 18
t3.nogoods_size = 5264
t3.nodes = 11103
t3.propagations = 11103
t17.stop_reason = aborted
t17.restarts = 18
t17.nogoods_size = 5264
t17.nodes = 12016
t17.propagations = 12016
t15.stop_reason = aborted
t15.restarts = 18
t15.nogoods_size = 5264
t15.nodes = 12759
t15.propagations = 12759
t12.stop_reason = aborted
t12.restarts = 18
t12.nogoods_size = 5264
t12.nodes = 11098
t12.propagations = 11098
t0.stop_reason = aborted
t0.restarts = 18
t0.nogoods_size = 5264
t0.nodes = 7266
t0.propagations = 7266
t31.stop_reason = aborted
t31.restarts = 18
t31.nogoods_size = 5264
t31.nodes = 6505
t31.propagations = 6505
t28.stop_reason = aborted
t28.restarts = 18
t28.nogoods_size = 5264
t28.nodes = 7341
t28.propagations = 7341
t8.stop_reason = aborted
t8.restarts = 18
t8.nogoods_size = 5264
t8.nodes = 5733
t8.propagations = 5733
t18.stop_reason = aborted
t18.restarts = 18
t18.nogoods_size = 5264
t18.nodes = 14043
t18.propagations = 14043
search_time = 113
