hostname = r1i7n10
commandline = ../glasgow/solve_subgraph_isomorphism --value-ordering=biased --threads=36 --timeout 1000 --format lad ../instances/LV/g17 ../instances/largerGraphs/g56
started_at = 2018-11-16 16:37:17
pattern_file = ../instances/LV/g17
target_file = ../instances/largerGraphs/g56
status = true
nodes = 8132
propagations = 18283
mapping = (0 -> 95) (1 -> 186) (2 -> 69) (3 -> 247) (4 -> 45) (5 -> 209) (6 -> 97) (7 -> 204) (8 -> 237) (9 -> 118) (10 -> 253) (11 -> 87) (12 -> 240) (13 -> 114) (14 -> 182) (15 -> 108) (16 -> 62) (17 -> 169) (18 -> 94) (19 -> 242) (20 -> 109) (21 -> 233) (22 -> 127) (23 -> 244) (24 -> 197) (25 -> 71) (26 -> 218) (27 -> 116) (28 -> 199) (29 -> 66) (30 -> 216) (31 -> 59) (32 -> 80) (33 -> 230) (34 -> 76) (35 -> 210) (36 -> 96) (37 -> 252) (38 -> 121) (39 -> 194) (40 -> 229) (41 -> 88) (42 -> 219) (43 -> 49) (44 -> 254) (45 -> 100) (46 -> 226) (47 -> 122) (48 -> 82) (49 -> 227) (50 -> 101) (51 -> 231) (52 -> 58) (53 -> 241) (54 -> 106) (55 -> 249) (56 -> 238) (57 -> 104) (58 -> 228) (59 -> 86) (60 -> 212) (61 -> 125) (62 -> 208) (63 -> 123) 
runtime = 19
t33.where = 0/188 -1/-1 0/25 -1/-1 0/16 -1/-1 0/13 -1/-1 0/2 -1/-1 0/2 -1/-1 0/2 -1/-1 -1/-1 0/2 -1/-1 0/2 -1/-1 -1/-1 -1/-1 0/3 -1/-1 -1/-1 -1/-1 -1/-1 0/2 -1/-1 0/2 -1/-1 -1/-1 -1/-1 -1/-1 -1/-1 0/2 -1/-1 -1/-1 0/2 -1/-1 -1/-1 0/3 -1/-1 0/2 -1/-1 0/3 -1/-1 0/3 -1/-1 1/2 -1/-1 -1/-1 1/2 -1/-1 1/2 -1/-1 -1/-1 0/2 -1/-1 0/2 -1/-1 0/2 -1/-1 0/2 -1/-1 1/2 -1/-1 -1/-1 -1/-1 -1/-1 1/3 -1/-1 1/2 -1/-1 1/3 -1/-1 -1/-1 0/2 -1/-1 -1/-1 0/2 -1/-1 -1/-1 -1/-1 -1/-1 -1/-1 0/4 -1/-1 1/2 -1/-1 -1/-1 -1/-1 0/3 -1/-1 -1/-1 -1/-1 0/3 -1/-1 0/4 -1/-1 0/2 -1/-1
t33.stop_reason = satisfiable
t33.restarts = 2
t33.nogoods_size = 36
t33.nodes = 135
t33.propagations = 135
t32.stop_reason = aborted
t32.restarts = 2
t32.nogoods_size = 36
t32.nodes = 70
t32.propagations = 70
t24.stop_reason = aborted
t24.restarts = 2
t24.nogoods_size = 36
t24.nodes = 86
t24.propagations = 86
t13.stop_reason = aborted
t13.restarts = 2
t13.nogoods_size = 36
t13.nodes = 430
t13.propagations = 430
t3.stop_reason = aborted
t3.restarts = 2
t3.nogoods_size = 36
t3.nodes = 289
t3.propagations = 289
t21.where = 0/188 -1/-1 0/21 -1/-1 0/16 -1/-1 0/5 -1/-1 0/9 -1/-1 0/3 -1/-1 0/8 -1/-1 0/3 -1/-1 0/5 -1/-1 0/4 -1/-1 -1/-1 -1/-1 0/2 -1/-1 -1/-1 -1/-1 -1/-1 -1/-1 -1/-1 0/2 -1/-1 0/2 -1/-1 0/2 -1/-1 -1/-1 -1/-1 -1/-1 0/2 -1/-1 0/2 -1/-1 0/2 -1/-1 0/2 -1/-1 -1/-1 0/2 -1/-1 0/2 -1/-1 0/2 -1/-1 0/2 -1/-1 -1/-1 2/3 -1/-1 0/2 -1/-1 1/2 -1/-1 -1/-1 -1/-1 -1/-1 -1/-1 0/3 -1/-1 0/2 -1/-1 -1/-1 -1/-1 -1/-1 -1/-1 0/2 -1/-1 0/2 -1/-1 0/2 -1/-1 0/3 -1/-1 0/3 -1/-1 -1/-1 0/3 -1/-1 -1/-1 -1/-1 0/2 -1/-1 -1/-1 0/3 -1/-1 0/4 -1/-1 0/2 -1/-1 0/2 -1/-1 -1/-1 0/3 -1/-1
t21.stop_reason = satisfiable
t21.restarts = 2
t21.nogoods_size = 36
t21.nodes = 132
t21.propagations = 132
t14.stop_reason = aborted
t14.restarts = 2
t14.nogoods_size = 36
t14.nodes = 186
t14.propagations = 186
t7.stop_reason = aborted
t7.restarts = 2
t7.nogoods_size = 36
t7.nodes = 480
t7.propagations = 480
t8.stop_reason = aborted
t8.restarts = 2
t8.nogoods_size = 36
t8.nodes = 362
t8.propagations = 362
t18.stop_reason = aborted
t18.restarts = 2
t18.nogoods_size = 36
t18.nodes = 188
t18.propagations = 188
t16.stop_reason = aborted
t16.restarts = 2
t16.nogoods_size = 36
t16.nodes = 153
t16.propagations = 153
t9.stop_reason = aborted
t9.restarts = 2
t9.nogoods_size = 36
t9.nodes = 406
t9.propagations = 406
t1.stop_reason = aborted
t1.restarts = 2
t1.nogoods_size = 36
t1.nodes = 254
t1.propagations = 254
t31.stop_reason = aborted
t31.restarts = 2
t31.nogoods_size = 36
t31.nodes = 99
t31.propagations = 99
t30.stop_reason = aborted
t30.restarts = 2
t30.nogoods_size = 36
t30.nodes = 72
t30.propagations = 72
t15.stop_reason = aborted
t15.restarts = 2
t15.nogoods_size = 36
t15.nodes = 330
t15.propagations = 330
t6.stop_reason = aborted
t6.restarts = 2
t6.nogoods_size = 36
t6.nodes = 376
t6.propagations = 376
t5.stop_reason = aborted
t5.restarts = 2
t5.nogoods_size = 36
t5.nodes = 543
t5.propagations = 543
t0.stop_reason = aborted
t0.restarts = 2
t0.nogoods_size = 36
t0.nodes = 289
t0.propagations = 289
t12.stop_reason = aborted
t12.restarts = 2
t12.nogoods_size = 36
t12.nodes = 165
t12.propagations = 165
t27.stop_reason = aborted
t27.restarts = 2
t27.nogoods_size = 36
t27.nodes = 104
t27.propagations = 104
t4.stop_reason = aborted
t4.restarts = 2
t4.nogoods_size = 36
t4.nodes = 348
t4.propagations = 348
t34.stop_reason = aborted
t34.restarts = 2
t34.nogoods_size = 36
t34.nodes = 124
t34.propagations = 124
t23.stop_reason = aborted
t23.restarts = 2
t23.nogoods_size = 36
t23.nodes = 95
t23.propagations = 95
t28.stop_reason = aborted
t28.restarts = 2
t28.nogoods_size = 36
t28.nodes = 43
t28.propagations = 43
t35.stop_reason = aborted
t35.restarts = 2
t35.nogoods_size = 36
t35.nodes = 61
t35.propagations = 61
t11.stop_reason = aborted
t11.restarts = 2
t11.nogoods_size = 36
t11.nodes = 402
t11.propagations = 402
t10.stop_reason = aborted
t10.restarts = 2
t10.nogoods_size = 36
t10.nodes = 284
t10.propagations = 284
t2.stop_reason = aborted
t2.restarts = 2
t2.nogoods_size = 36
t2.nodes = 269
t2.propagations = 269
t20.stop_reason = aborted
t20.restarts = 2
t20.nogoods_size = 36
t20.nodes = 252
t20.propagations = 252
t25.stop_reason = aborted
t25.restarts = 2
t25.nogoods_size = 36
t25.nodes = 106
t25.propagations = 106
t22.stop_reason = aborted
t22.restarts = 2
t22.nogoods_size = 36
t22.nodes = 167
t22.propagations = 167
t19.stop_reason = aborted
t19.restarts = 2
t19.nogoods_size = 36
t19.nodes = 233
t19.propagations = 233
t29.stop_reason = aborted
t29.restarts = 2
t29.nogoods_size = 36
t29.nodes = 85
t29.propagations = 85
t26.stop_reason = aborted
t26.restarts = 2
t26.nogoods_size = 36
t26.nodes = 194
t26.propagations = 194
t17.stop_reason = aborted
t17.restarts = 2
t17.nogoods_size = 36
t17.nodes = 320
t17.propagations = 320
search_time = 13
