hostname = r1i7n18
commandline = ../glasgow/solve_subgraph_isomorphism --value-ordering=biased --threads=36 --timeout 1000 --format lad ../instances/LV/g18 ../instances/largerGraphs/g73-normed
started_at = 2018-11-16 21:06:08
pattern_file = ../instances/LV/g18
target_file = ../instances/largerGraphs/g73-normed
status = aborted
nodes = 632247755
propagations = 1849846433
runtime = 1084848
t22.restarts = 8951
t22.nogoods_size = 3295153
t22.nodes = 18234129
t22.propagations = 18234129
t11.restarts = 8951
t11.nogoods_size = 3295153
t11.nodes = 17683914
t11.propagations = 17683914
t19.restarts = 8951
t19.nogoods_size = 3295153
t19.nodes = 18350493
t19.propagations = 18350493
t16.restarts = 8951
t16.nogoods_size = 3295153
t16.nodes = 17981352
t16.propagations = 17981352
t35.restarts = 8951
t35.nogoods_size = 3295153
t35.nodes = 18889587
t35.propagations = 18889587
t14.restarts = 8951
t14.nogoods_size = 3295153
t14.nodes = 17172630
t14.propagations = 17172630
t21.restarts = 8951
t21.nogoods_size = 3295153
t21.nodes = 17036722
t21.propagations = 17036722
t28.restarts = 8951
t28.nogoods_size = 3295153
t28.nodes = 16471053
t28.propagations = 16471053
t4.restarts = 8951
t4.nogoods_size = 3295153
t4.nodes = 16529781
t4.propagations = 16529781
t13.restarts = 8951
t13.nogoods_size = 3295153
t13.nodes = 16364333
t13.propagations = 16364333
t32.restarts = 8951
t32.nogoods_size = 3295153
t32.nodes = 17390848
t32.propagations = 17390848
t23.restarts = 8951
t23.nogoods_size = 3295153
t23.nodes = 16903723
t23.propagations = 16903723
t1.restarts = 8951
t1.nogoods_size = 3295153
t1.nodes = 18134598
t1.propagations = 18134598
t0.restarts = 8951
t0.nogoods_size = 3295153
t0.nodes = 17734974
t0.propagations = 17734974
t10.restarts = 8951
t10.nogoods_size = 3295153
t10.nodes = 18600061
t10.propagations = 18600061
t6.restarts = 8951
t6.nogoods_size = 3295153
t6.nodes = 18737521
t6.propagations = 18737521
t5.restarts = 8951
t5.nogoods_size = 3295153
t5.nodes = 16694080
t5.propagations = 16694080
t24.restarts = 8951
t24.nogoods_size = 3295153
t24.nodes = 18413906
t24.propagations = 18413906
t31.restarts = 8951
t31.nogoods_size = 3295153
t31.nodes = 15247105
t31.propagations = 15247105
t33.restarts = 8951
t33.nogoods_size = 3295153
t33.nodes = 17308115
t33.propagations = 17308115
t27.restarts = 8951
t27.nogoods_size = 3295153
t27.nodes = 16165364
t27.propagations = 16165364
t17.restarts = 8951
t17.nogoods_size = 3295153
t17.nodes = 17505373
t17.propagations = 17505373
t34.restarts = 8951
t34.nogoods_size = 3295153
t34.nodes = 17841985
t34.propagations = 17841985
t20.restarts = 8951
t20.nogoods_size = 3295153
t20.nodes = 18488456
t20.propagations = 18488456
t25.restarts = 8951
t25.nogoods_size = 3295153
t25.nodes = 18012595
t25.propagations = 18012595
t12.restarts = 8951
t12.nogoods_size = 3295153
t12.nodes = 17480627
t12.propagations = 17480627
t8.restarts = 8951
t8.nogoods_size = 3295153
t8.nodes = 16843218
t8.propagations = 16843218
t15.restarts = 8951
t15.nogoods_size = 3295153
t15.nodes = 17704210
t15.propagations = 17704210
t30.restarts = 8951
t30.nogoods_size = 3295153
t30.nodes = 17270468
t30.propagations = 17270468
t26.stop_reason = aborted
t26.restarts = 8951
t26.nogoods_size = 3295153
t26.nodes = 17033893
t26.propagations = 17033893
t7.stop_reason = aborted
t7.restarts = 8951
t7.nogoods_size = 3295153
t7.nodes = 18247828
t7.propagations = 18247828
t18.restarts = 8951
t18.nogoods_size = 3295153
t18.nodes = 17975170
t18.propagations = 17975170
t2.restarts = 8951
t2.nogoods_size = 3295153
t2.nodes = 17860285
t2.propagations = 17860285
t29.stop_reason = aborted
t29.restarts = 8951
t29.nogoods_size = 3295153
t29.nodes = 17203462
t29.propagations = 17203462
t3.stop_reason = aborted
t3.restarts = 8951
t3.nogoods_size = 3295153
t3.nodes = 18181681
t3.propagations = 18181681
t9.stop_reason = aborted
t9.restarts = 8951
t9.nogoods_size = 3295153
t9.nodes = 18554215
t9.propagations = 18554215
search_time = 1000007
