hostname = r2i2n1
commandline = ../glasgow/solve_subgraph_isomorphism --value-ordering=biased --threads=36 --timeout 1000 --format lad ../instances/LV/g38 ../instances/largerGraphs/g73-normed
started_at = 2018-11-16 22:47:43
pattern_file = ../instances/LV/g38
target_file = ../instances/largerGraphs/g73-normed
status = aborted
nodes = 667402880
propagations = 4095462463
runtime = 1022470
t14.restarts = 7138
t14.nogoods_size = 1430900
t14.nodes = 18826618
t14.propagations = 18826618
t17.restarts = 7138
t17.nogoods_size = 1430900
t17.nodes = 18451482
t17.propagations = 18451482
t32.restarts = 7138
t32.nogoods_size = 1430900
t32.nodes = 18234925
t32.propagations = 18234925
t30.restarts = 7138
t30.nogoods_size = 1430900
t30.nodes = 18672717
t30.propagations = 18672717
t35.stop_reason = aborted
t35.restarts = 7138
t35.nogoods_size = 1430900
t35.nodes = 18545521
t35.propagations = 18545521
t21.stop_reason = aborted
t21.restarts = 7138
t21.nogoods_size = 1430900
t21.nodes = 18582856
t21.propagations = 18582856
t15.stop_reason = aborted
t15.restarts = 7138
t15.nogoods_size = 1430900
t15.nodes = 18711005
t15.propagations = 18711005
t9.restarts = 7138
t9.nogoods_size = 1430900
t9.nodes = 18546208
t9.propagations = 18546208
t29.stop_reason = aborted
t29.restarts = 7138
t29.nogoods_size = 1430900
t29.nodes = 18813269
t29.propagations = 18813269
t25.stop_reason = aborted
t25.restarts = 7138
t25.nogoods_size = 1430900
t25.nodes = 18761709
t25.propagations = 18761709
t2.stop_reason = aborted
t2.restarts = 7138
t2.nogoods_size = 1430900
t2.nodes = 18545467
t2.propagations = 18545467
t8.restarts = 7138
t8.nogoods_size = 1430900
t8.nodes = 18029097
t8.propagations = 18029097
t28.stop_reason = aborted
t28.restarts = 7138
t28.nogoods_size = 1430900
t28.nodes = 18493684
t28.propagations = 18493684
t18.stop_reason = aborted
t18.restarts = 7138
t18.nogoods_size = 1430900
t18.nodes = 18574508
t18.propagations = 18574508
t26.stop_reason = aborted
t26.restarts = 7138
t26.nogoods_size = 1430900
t26.nodes = 18689189
t26.propagations = 18689189
t10.stop_reason = aborted
t10.restarts = 7138
t10.nogoods_size = 1430900
t10.nodes = 18650532
t10.propagations = 18650532
t0.stop_reason = aborted
t0.restarts = 7138
t0.nogoods_size = 1430900
t0.nodes = 18848951
t0.propagations = 18848951
t31.restarts = 7138
t31.nogoods_size = 1430900
t31.nodes = 18742907
t31.propagations = 18742907
t16.restarts = 7138
t16.nogoods_size = 1430900
t16.nodes = 18391173
t16.propagations = 18391173
t11.stop_reason = aborted
t11.restarts = 7138
t11.nogoods_size = 1430900
t11.nodes = 18173885
t11.propagations = 18173885
t5.restarts = 7138
t5.nogoods_size = 1430900
t5.nodes = 18431712
t5.propagations = 18431712
t19.restarts = 7138
t19.nogoods_size = 1430900
t19.nodes = 18596875
t19.propagations = 18596875
t24.stop_reason = aborted
t24.restarts = 7138
t24.nogoods_size = 1430900
t24.nodes = 18597161
t24.propagations = 18597161
t4.stop_reason = aborted
t4.restarts = 7138
t4.nogoods_size = 1430900
t4.nodes = 18498723
t4.propagations = 18498723
t3.stop_reason = aborted
t3.restarts = 7138
t3.nogoods_size = 1430900
t3.nodes = 18050871
t3.propagations = 18050871
t6.stop_reason = aborted
t6.restarts = 7138
t6.nogoods_size = 1430900
t6.nodes = 18254555
t6.propagations = 18254555
t13.stop_reason = aborted
t13.restarts = 7138
t13.nogoods_size = 1430900
t13.nodes = 18582910
t13.propagations = 18582910
t12.stop_reason = aborted
t12.restarts = 7138
t12.nogoods_size = 1430900
t12.nodes = 18769185
t12.propagations = 18769185
t1.stop_reason = aborted
t1.restarts = 7138
t1.nogoods_size = 1430900
t1.nodes = 18699776
t1.propagations = 18699776
t22.stop_reason = aborted
t22.restarts = 7138
t22.nogoods_size = 1430900
t22.nodes = 18586415
t22.propagations = 18586415
t27.stop_reason = aborted
t27.restarts = 7138
t27.nogoods_size = 1430900
t27.nodes = 18722972
t27.propagations = 18722972
t20.stop_reason = aborted
t20.restarts = 7138
t20.nogoods_size = 1430900
t20.nodes = 18191881
t20.propagations = 18191881
t7.stop_reason = aborted
t7.restarts = 7138
t7.nogoods_size = 1430900
t7.nodes = 18494503
t7.propagations = 18494503
t23.stop_reason = aborted
t23.restarts = 7138
t23.nogoods_size = 1430900
t23.nodes = 18353340
t23.propagations = 18353340
t34.stop_reason = aborted
t34.restarts = 7138
t34.nogoods_size = 1430900
t34.nodes = 18501878
t34.propagations = 18501878
t33.stop_reason = aborted
t33.restarts = 7138
t33.nogoods_size = 1430900
t33.nodes = 18784420
t33.propagations = 18784420
search_time = 1000007
