hostname = r1i1n27
commandline = ../glasgow/solve_subgraph_isomorphism --value-ordering=biased --threads=36 --timeout 1000 --format lad ../instances/phase/phase-30-150-0.78-0.72-0.74-2-pattern ../instances/phase/phase-30-150-0.78-0.72-0.74-2-target
started_at = 2018-11-17 01:48:51
pattern_file = ../instances/phase/phase-30-150-0.78-0.72-0.74-2-pattern
target_file = ../instances/phase/phase-30-150-0.78-0.72-0.74-2-target
status = true
nodes = 129353824
propagations = 373162222
mapping = (0 -> 6) (1 -> 54) (2 -> 130) (3 -> 85) (4 -> 33) (5 -> 83) (6 -> 138) (7 -> 90) (8 -> 139) (9 -> 115) (10 -> 73) (11 -> 37) (12 -> 59) (13 -> 110) (14 -> 145) (15 -> 113) (16 -> 109) (17 -> 35) (18 -> 108) (19 -> 24) (20 -> 105) (21 -> 7) (22 -> 120) (23 -> 67) (24 -> 76) (25 -> 71) (26 -> 14) (27 -> 9) (28 -> 58) (29 -> 74) 
runtime = 51127
t14.where = 0/150 -1/-1 0/121 -1/-1 0/92 -1/-1 0/72 -1/-1 0/52 -1/-1 0/40 -1/-1 0/30 -1/-1 0/21 -1/-1 0/15 -1/-1 9/11 -1/-1 1/7 -1/-1 5/6 -1/-1 1/4 -1/-1 3/4 -1/-1 0/2 -1/-1 0/2 -1/-1 0/2 -1/-1 0/2 -1/-1 -1/-1 -1/-1 0/2 -1/-1 0/2 -1/-1 -1/-1 0/2 -1/-1 -1/-1 0/2 -1/-1 0/2 -1/-1 -1/-1 -1/-1 -1/-1
t14.stop_reason = satisfiable
t14.restarts = 1916
t14.nogoods_size = 450940
t14.nodes = 3553024
t14.propagations = 3553024
t10.stop_reason = aborted
t10.restarts = 1916
t10.nogoods_size = 450940
t10.nodes = 3522459
t10.propagations = 3522459
t23.stop_reason = aborted
t23.restarts = 1916
t23.nogoods_size = 450940
t23.nodes = 3608582
t23.propagations = 3608582
t3.stop_reason = aborted
t3.restarts = 1916
t3.nogoods_size = 450940
t3.nodes = 3374973
t3.propagations = 3374973
t8.stop_reason = aborted
t8.restarts = 1916
t8.nogoods_size = 450940
t8.nodes = 3401143
t8.propagations = 3401143
t31.stop_reason = aborted
t31.restarts = 1916
t31.nogoods_size = 450940
t31.nodes = 3729840
t31.propagations = 3729840
t34.stop_reason = aborted
t34.restarts = 1916
t34.nogoods_size = 450940
t34.nodes = 3417085
t34.propagations = 3417085
t25.stop_reason = aborted
t25.restarts = 1916
t25.nogoods_size = 450940
t25.nodes = 3610596
t25.propagations = 3610596
t12.stop_reason = aborted
t12.restarts = 1916
t12.nogoods_size = 450940
t12.nodes = 3533287
t12.propagations = 3533287
t27.stop_reason = aborted
t27.restarts = 1916
t27.nogoods_size = 450940
t27.nodes = 3573991
t27.propagations = 3573991
t33.stop_reason = aborted
t33.restarts = 1916
t33.nogoods_size = 450940
t33.nodes = 3556529
t33.propagations = 3556529
t32.stop_reason = aborted
t32.restarts = 1916
t32.nogoods_size = 450940
t32.nodes = 3516947
t32.propagations = 3516947
t9.stop_reason = aborted
t9.restarts = 1916
t9.nogoods_size = 450940
t9.nodes = 3692837
t9.propagations = 3692837
t5.stop_reason = aborted
t5.restarts = 1916
t5.nogoods_size = 450940
t5.nodes = 3713708
t5.propagations = 3713708
t11.stop_reason = aborted
t11.restarts = 1916
t11.nogoods_size = 450940
t11.nodes = 3636438
t11.propagations = 3636438
t20.stop_reason = aborted
t20.restarts = 1916
t20.nogoods_size = 450940
t20.nodes = 3425695
t20.propagations = 3425695
t18.stop_reason = aborted
t18.restarts = 1916
t18.nogoods_size = 450940
t18.nodes = 3510120
t18.propagations = 3510120
t7.stop_reason = aborted
t7.restarts = 1916
t7.nogoods_size = 450940
t7.nodes = 3616724
t7.propagations = 3616724
t19.stop_reason = aborted
t19.restarts = 1916
t19.nogoods_size = 450940
t19.nodes = 3645453
t19.propagations = 3645453
t26.stop_reason = aborted
t26.restarts = 1916
t26.nogoods_size = 450940
t26.nodes = 3564274
t26.propagations = 3564274
t21.stop_reason = aborted
t21.restarts = 1916
t21.nogoods_size = 450940
t21.nodes = 3654637
t21.propagations = 3654637
t17.stop_reason = aborted
t17.restarts = 1916
t17.nogoods_size = 450940
t17.nodes = 3797828
t17.propagations = 3797828
t16.stop_reason = aborted
t16.restarts = 1916
t16.nogoods_size = 450940
t16.nodes = 3680813
t16.propagations = 3680813
t24.stop_reason = aborted
t24.restarts = 1916
t24.nogoods_size = 450940
t24.nodes = 3481059
t24.propagations = 3481059
t35.stop_reason = aborted
t35.restarts = 1916
t35.nogoods_size = 450940
t35.nodes = 3593487
t35.propagations = 3593487
t6.stop_reason = aborted
t6.restarts = 1916
t6.nogoods_size = 450940
t6.nodes = 3561137
t6.propagations = 3561137
t30.stop_reason = aborted
t30.restarts = 1916
t30.nogoods_size = 450940
t30.nodes = 3812898
t30.propagations = 3812898
t28.stop_reason = aborted
t28.restarts = 1916
t28.nogoods_size = 450940
t28.nodes = 3703431
t28.propagations = 3703431
t1.stop_reason = aborted
t1.restarts = 1916
t1.nogoods_size = 450940
t1.nodes = 3763610
t1.propagations = 3763610
t0.stop_reason = aborted
t0.restarts = 1916
t0.nogoods_size = 450940
t0.nodes = 3690111
t0.propagations = 3690111
t13.stop_reason = aborted
t13.restarts = 1916
t13.nogoods_size = 450940
t13.nodes = 3623482
t13.propagations = 3623482
t29.stop_reason = aborted
t29.restarts = 1916
t29.nogoods_size = 450940
t29.nodes = 3722000
t29.propagations = 3722000
t2.stop_reason = aborted
t2.restarts = 1916
t2.nogoods_size = 450940
t2.nodes = 3471683
t2.propagations = 3471683
t4.stop_reason = aborted
t4.restarts = 1916
t4.nogoods_size = 450940
t4.nodes = 3511262
t4.propagations = 3511262
t22.stop_reason = aborted
t22.restarts = 1916
t22.nogoods_size = 450940
t22.nodes = 3462677
t22.propagations = 3462677
t15.stop_reason = aborted
t15.restarts = 1916
t15.nogoods_size = 450940
t15.nodes = 3620004
t15.propagations = 3620004
search_time = 47003
