hostname = r2i2n0
commandline = ../glasgow/solve_subgraph_isomorphism --value-ordering=biased --threads=36 --timeout 1000 --format lad ../instances/phase/phase-30-150-0.54-0.56-0.58-1-pattern ../instances/phase/phase-30-150-0.54-0.56-0.58-1-target
started_at = 2018-11-17 00:17:18
pattern_file = ../instances/phase/phase-30-150-0.54-0.56-0.58-1-pattern
target_file = ../instances/phase/phase-30-150-0.54-0.56-0.58-1-target
status = aborted
nodes = 929338914
propagations = 2426958865
runtime = 1020566
t35.stop_reason = aborted
t35.restarts = 10379
t35.nogoods_size = 1801795
t35.nodes = 26522393
t35.propagations = 26522393
t5.restarts = 10379
t5.nogoods_size = 1801795
t5.nodes = 25548256
t5.propagations = 25548256
t19.restarts = 10379
t19.nogoods_size = 1801795
t19.nodes = 26778336
t19.propagations = 26778336
t3.restarts = 10379
t3.nogoods_size = 1801795
t3.nodes = 26155666
t3.propagations = 26155666
t21.restarts = 10379
t21.nogoods_size = 1801795
t21.nodes = 26300921
t21.propagations = 26300921
t12.restarts = 10379
t12.nogoods_size = 1801795
t12.nodes = 25520927
t12.propagations = 25520927
t28.restarts = 10379
t28.nogoods_size = 1801795
t28.nodes = 25695743
t28.propagations = 25695743
t32.restarts = 10379
t32.nogoods_size = 1801795
t32.nodes = 25712861
t32.propagations = 25712861
t17.restarts = 10379
t17.nogoods_size = 1801795
t17.nodes = 25641144
t17.propagations = 25641144
t9.restarts = 10379
t9.nogoods_size = 1801795
t9.nodes = 25912515
t9.propagations = 25912515
t23.restarts = 10379
t23.nogoods_size = 1801795
t23.nodes = 25782604
t23.propagations = 25782604
t34.restarts = 10379
t34.nogoods_size = 1801795
t34.nodes = 25942667
t34.propagations = 25942667
t24.restarts = 10379
t24.nogoods_size = 1801795
t24.nodes = 25289061
t24.propagations = 25289061
t6.restarts = 10379
t6.nogoods_size = 1801795
t6.nodes = 24904484
t6.propagations = 24904484
t10.restarts = 10379
t10.nogoods_size = 1801795
t10.nodes = 25174844
t10.propagations = 25174844
t31.restarts = 10379
t31.nogoods_size = 1801795
t31.nodes = 25657380
t31.propagations = 25657380
t15.restarts = 10379
t15.nogoods_size = 1801795
t15.nodes = 26136408
t15.propagations = 26136408
t11.restarts = 10379
t11.nogoods_size = 1801795
t11.nodes = 26069434
t11.propagations = 26069434
t29.restarts = 10379
t29.nogoods_size = 1801795
t29.nodes = 26045655
t29.propagations = 26045655
t4.restarts = 10379
t4.nogoods_size = 1801795
t4.nodes = 24981677
t4.propagations = 24981677
t2.restarts = 10379
t2.nogoods_size = 1801795
t2.nodes = 24970166
t2.propagations = 24970166
t7.restarts = 10379
t7.nogoods_size = 1801795
t7.nodes = 25700792
t7.propagations = 25700792
t22.restarts = 10379
t22.nogoods_size = 1801795
t22.nodes = 25454021
t22.propagations = 25454021
t0.restarts = 10379
t0.nogoods_size = 1801795
t0.nodes = 27118096
t0.propagations = 27118096
t25.restarts = 10379
t25.nogoods_size = 1801795
t25.nodes = 25941851
t25.propagations = 25941851
t13.stop_reason = aborted
t13.restarts = 10379
t13.nogoods_size = 1801795
t13.nodes = 26965176
t13.propagations = 26965176
t30.stop_reason = aborted
t30.restarts = 10379
t30.nogoods_size = 1801795
t30.nodes = 24939506
t30.propagations = 24939506
t14.stop_reason = aborted
t14.restarts = 10379
t14.nogoods_size = 1801795
t14.nodes = 25328961
t14.propagations = 25328961
t16.stop_reason = aborted
t16.restarts = 10379
t16.nogoods_size = 1801795
t16.nodes = 25697685
t16.propagations = 25697685
t26.stop_reason = aborted
t26.restarts = 10379
t26.nogoods_size = 1801795
t26.nodes = 25273296
t26.propagations = 25273296
t18.stop_reason = aborted
t18.restarts = 10379
t18.nogoods_size = 1801795
t18.nodes = 26874911
t18.propagations = 26874911
t20.stop_reason = aborted
t20.restarts = 10379
t20.nogoods_size = 1801795
t20.nodes = 25181674
t20.propagations = 25181674
t1.stop_reason = aborted
t1.restarts = 10379
t1.nogoods_size = 1801795
t1.nodes = 27291184
t1.propagations = 27291184
t33.stop_reason = aborted
t33.restarts = 10379
t33.nogoods_size = 1801795
t33.nodes = 25917154
t33.propagations = 25917154
t8.stop_reason = aborted
t8.restarts = 10379
t8.nogoods_size = 1801795
t8.nodes = 25586590
t8.propagations = 25586590
t27.stop_reason = aborted
t27.restarts = 10379
t27.nogoods_size = 1801795
t27.nodes = 25324875
t27.propagations = 25324875
search_time = 1000038
