hostname = r1i4n28
commandline = ../glasgow/solve_subgraph_isomorphism --value-ordering=biased --threads=36 --timeout 1000 --format lad ../instances/phase/phase-30-150-0.38-0.38-0.44-8-pattern ../instances/phase/phase-30-150-0.38-0.38-0.44-8-target
started_at = 2018-11-16 23:23:53
pattern_file = ../instances/phase/phase-30-150-0.38-0.38-0.44-8-pattern
target_file = ../instances/phase/phase-30-150-0.38-0.38-0.44-8-target
status = aborted
nodes = 2279511863
propagations = 5732456213
runtime = 1043103
t5.restarts = 21645
t5.nogoods_size = 3693110
t5.nodes = 63825725
t5.propagations = 63825725
t11.restarts = 21645
t11.nogoods_size = 3693110
t11.nodes = 62316541
t11.propagations = 62316541
t25.restarts = 21645
t25.nogoods_size = 3693110
t25.nodes = 65026628
t25.propagations = 65026628
t13.restarts = 21645
t13.nogoods_size = 3693110
t13.nodes = 63435588
t13.propagations = 63435588
t6.restarts = 21645
t6.nogoods_size = 3693110
t6.nodes = 62135954
t6.propagations = 62135954
t16.restarts = 21645
t16.nogoods_size = 3693110
t16.nodes = 63871642
t16.propagations = 63871642
t31.restarts = 21645
t31.nogoods_size = 3693110
t31.nodes = 63455128
t31.propagations = 63455128
t17.restarts = 21645
t17.nogoods_size = 3693110
t17.nodes = 61489740
t17.propagations = 61489740
t10.restarts = 21645
t10.nogoods_size = 3693110
t10.nodes = 61786135
t10.propagations = 61786135
t24.restarts = 21645
t24.nogoods_size = 3693110
t24.nodes = 65101896
t24.propagations = 65101896
t35.restarts = 21645
t35.nogoods_size = 3693110
t35.nodes = 63704969
t35.propagations = 63704969
t33.restarts = 21645
t33.nogoods_size = 3693110
t33.nodes = 63075462
t33.propagations = 63075462
t14.stop_reason = aborted
t14.restarts = 21645
t14.nogoods_size = 3693110
t14.nodes = 64935216
t14.propagations = 64935216
t19.restarts = 21645
t19.nogoods_size = 3693110
t19.nodes = 63255500
t19.propagations = 63255500
t15.stop_reason = aborted
t15.restarts = 21645
t15.nogoods_size = 3693110
t15.nodes = 62964669
t15.propagations = 62964669
t0.restarts = 21645
t0.nogoods_size = 3693110
t0.nodes = 65642469
t0.propagations = 65642469
t20.restarts = 21645
t20.nogoods_size = 3693110
t20.nodes = 63691502
t20.propagations = 63691502
t34.restarts = 21645
t34.nogoods_size = 3693110
t34.nodes = 65184055
t34.propagations = 65184055
t1.stop_reason = aborted
t1.restarts = 21645
t1.nogoods_size = 3693110
t1.nodes = 64819391
t1.propagations = 64819391
t2.restarts = 21645
t2.nogoods_size = 3693110
t2.nodes = 61550953
t2.propagations = 61550953
t28.stop_reason = aborted
t28.restarts = 21645
t28.nogoods_size = 3693110
t28.nodes = 63785161
t28.propagations = 63785161
t9.stop_reason = aborted
t9.restarts = 21645
t9.nogoods_size = 3693110
t9.nodes = 65188083
t9.propagations = 65188083
t26.stop_reason = aborted
t26.restarts = 21645
t26.nogoods_size = 3693110
t26.nodes = 65516931
t26.propagations = 65516931
t7.stop_reason = aborted
t7.restarts = 21645
t7.nogoods_size = 3693110
t7.nodes = 63938846
t7.propagations = 63938846
t18.stop_reason = aborted
t18.restarts = 21645
t18.nogoods_size = 3693110
t18.nodes = 62555366
t18.propagations = 62555366
t3.stop_reason = aborted
t3.restarts = 21645
t3.nogoods_size = 3693110
t3.nodes = 63899286
t3.propagations = 63899286
t27.stop_reason = aborted
t27.restarts = 21645
t27.nogoods_size = 3693110
t27.nodes = 63754795
t27.propagations = 63754795
t29.stop_reason = aborted
t29.restarts = 21645
t29.nogoods_size = 3693110
t29.nodes = 61469188
t29.propagations = 61469188
t23.stop_reason = aborted
t23.restarts = 21645
t23.nogoods_size = 3693110
t23.nodes = 63600546
t23.propagations = 63600546
t21.stop_reason = aborted
t21.restarts = 21645
t21.nogoods_size = 3693110
t21.nodes = 61441711
t21.propagations = 61441711
t32.stop_reason = aborted
t32.restarts = 21645
t32.nogoods_size = 3693110
t32.nodes = 62191882
t32.propagations = 62191882
t30.stop_reason = aborted
t30.restarts = 21645
t30.nogoods_size = 3693110
t30.nodes = 61789162
t30.propagations = 61789162
t4.stop_reason = aborted
t4.restarts = 21645
t4.nogoods_size = 3693110
t4.nodes = 59925391
t4.propagations = 59925391
t8.stop_reason = aborted
t8.restarts = 21645
t8.nogoods_size = 3693110
t8.nodes = 65778310
t8.propagations = 65778310
t12.restarts = 21645
t12.nogoods_size = 3693110
t12.nodes = 61661051
t12.propagations = 61661051
t22.stop_reason = aborted
t22.restarts = 21645
t22.nogoods_size = 3693110
t22.nodes = 61746991
t22.propagations = 61746991
search_time = 1000011
