hostname = r1i0n16
commandline = ../glasgow/solve_subgraph_isomorphism --value-ordering=biased --threads=36 --timeout 1000 --format lad ../instances/phase/phase-30-150-0.66-0.64-0.66-2-pattern ../instances/phase/phase-30-150-0.66-0.64-0.66-2-target
started_at = 2018-11-17 01:07:52
pattern_file = ../instances/phase/phase-30-150-0.66-0.64-0.66-2-pattern
target_file = ../instances/phase/phase-30-150-0.66-0.64-0.66-2-target
status = aborted
nodes = 1098212072
propagations = 2817518675
runtime = 1021385
t0.stop_reason = aborted
t0.restarts = 12578
t0.nogoods_size = 1799529
t0.nodes = 31825434
t0.propagations = 31825434
t18.restarts = 12578
t18.nogoods_size = 1799529
t18.nodes = 31815901
t18.propagations = 31815901
t2.stop_reason = aborted
t2.restarts = 12578
t2.nogoods_size = 1799529
t2.nodes = 30893516
t2.propagations = 30893516
t35.restarts = 12578
t35.nogoods_size = 1799529
t35.nodes = 31428389
t35.propagations = 31428389
t17.restarts = 12578
t17.nogoods_size = 1799529
t17.nodes = 29875169
t17.propagations = 29875169
t30.restarts = 12578
t30.nogoods_size = 1799529
t30.nodes = 30409524
t30.propagations = 30409524
t4.restarts = 12578
t4.nogoods_size = 1799529
t4.nodes = 31607189
t4.propagations = 31607189
t28.restarts = 12578
t28.nogoods_size = 1799529
t28.nodes = 30749456
t28.propagations = 30749456
t27.restarts = 12578
t27.nogoods_size = 1799529
t27.nodes = 29111287
t27.propagations = 29111287
t26.restarts = 12578
t26.nogoods_size = 1799529
t26.nodes = 31043467
t26.propagations = 31043467
t8.restarts = 12578
t8.nogoods_size = 1799529
t8.nodes = 30646208
t8.propagations = 30646208
t16.restarts = 12578
t16.nogoods_size = 1799529
t16.nodes = 30941795
t16.propagations = 30941795
t31.restarts = 12578
t31.nogoods_size = 1799529
t31.nodes = 29249870
t31.propagations = 29249870
t1.restarts = 12578
t1.nogoods_size = 1799529
t1.nodes = 31478002
t1.propagations = 31478002
t7.restarts = 12578
t7.nogoods_size = 1799529
t7.nodes = 29844260
t7.propagations = 29844260
t22.restarts = 12578
t22.nogoods_size = 1799529
t22.nodes = 30213795
t22.propagations = 30213795
t5.restarts = 12578
t5.nogoods_size = 1799529
t5.nodes = 29745563
t5.propagations = 29745563
t15.restarts = 12578
t15.nogoods_size = 1799529
t15.nodes = 29840860
t15.propagations = 29840860
t10.restarts = 12578
t10.nogoods_size = 1799529
t10.nodes = 31224018
t10.propagations = 31224018
t29.restarts = 12578
t29.nogoods_size = 1799529
t29.nodes = 31630789
t29.propagations = 31630789
t9.restarts = 12578
t9.nogoods_size = 1799529
t9.nodes = 29534187
t9.propagations = 29534187
t34.restarts = 12578
t34.nogoods_size = 1799529
t34.nodes = 30822653
t34.propagations = 30822653
t19.restarts = 12578
t19.nogoods_size = 1799529
t19.nodes = 29669353
t19.propagations = 29669353
t14.restarts = 12578
t14.nogoods_size = 1799529
t14.nodes = 30320993
t14.propagations = 30320993
t24.restarts = 12578
t24.nogoods_size = 1799529
t24.nodes = 29886682
t24.propagations = 29886682
t12.stop_reason = aborted
t12.restarts = 12578
t12.nogoods_size = 1799529
t12.nodes = 31012624
t12.propagations = 31012624
t21.stop_reason = aborted
t21.restarts = 12578
t21.nogoods_size = 1799529
t21.nodes = 29884323
t21.propagations = 29884323
t11.stop_reason = aborted
t11.restarts = 12578
t11.nogoods_size = 1799529
t11.nodes = 29580293
t11.propagations = 29580293
t13.stop_reason = aborted
t13.restarts = 12578
t13.nogoods_size = 1799529
t13.nodes = 29129188
t13.propagations = 29129188
t3.stop_reason = aborted
t3.restarts = 12578
t3.nogoods_size = 1799529
t3.nodes = 31997685
t3.propagations = 31997685
t20.stop_reason = aborted
t20.restarts = 12578
t20.nogoods_size = 1799529
t20.nodes = 30600930
t20.propagations = 30600930
t33.stop_reason = aborted
t33.restarts = 12578
t33.nogoods_size = 1799529
t33.nodes = 29465584
t33.propagations = 29465584
t32.stop_reason = aborted
t32.restarts = 12578
t32.nogoods_size = 1799529
t32.nodes = 30723442
t32.propagations = 30723442
t6.stop_reason = aborted
t6.restarts = 12578
t6.nogoods_size = 1799529
t6.nodes = 30786786
t6.propagations = 30786786
t25.restarts = 12578
t25.nogoods_size = 1799529
t25.nodes = 31874087
t25.propagations = 31874087
t23.stop_reason = aborted
t23.restarts = 12578
t23.nogoods_size = 1799529
t23.nodes = 29348770
t23.propagations = 29348770
search_time = 999995
