hostname = r1i7n2
commandline = ../glasgow/solve_subgraph_isomorphism --value-ordering=biased --threads=36 --timeout 1000 --format lad ../instances/si/si2_rand_r01_200/si2_r01_m200.00/pattern ../instances/si/si2_rand_r01_200/si2_r01_m200.00/target
started_at = 2018-11-16 16:36:17
pattern_file = ../instances/si/si2_rand_r01_200/si2_r01_m200.00/pattern
target_file = ../instances/si/si2_rand_r01_200/si2_r01_m200.00/target
status = true
nodes = 1625365
propagations = 4345597
mapping = (0 -> 117) (1 -> 28) (2 -> 133) (3 -> 177) (4 -> 21) (5 -> 197) (6 -> 184) (7 -> 109) (8 -> 159) (9 -> 22) (10 -> 179) (11 -> 113) (12 -> 16) (13 -> 69) (14 -> 131) (15 -> 14) (16 -> 79) (17 -> 46) (18 -> 62) (19 -> 195) (20 -> 95) (21 -> 88) (22 -> 58) (23 -> 145) (24 -> 163) (25 -> 32) (26 -> 85) (27 -> 196) (28 -> 34) (29 -> 33) (30 -> 140) (31 -> 108) (32 -> 89) (33 -> 81) (34 -> 178) (35 -> 112) (36 -> 121) (37 -> 99) (38 -> 9) (39 -> 17) 
runtime = 454
t7.where = 0/117 -1/-1 7/30 -1/-1 1/8 -1/-1 1/7 -1/-1 1/4 -1/-1 -1/-1 1/2 -1/-1 0/2 -1/-1 -1/-1 0/2 -1/-1 0/2 -1/-1 -1/-1 -1/-1 -1/-1 -1/-1 -1/-1 -1/-1 -1/-1 -1/-1 -1/-1 -1/-1 -1/-1 -1/-1 -1/-1 -1/-1 -1/-1 -1/-1 -1/-1 1/2 -1/-1 0/2 -1/-1 -1/-1 -1/-1 -1/-1 0/2 -1/-1 -1/-1 0/2 -1/-1 0/2 -1/-1 0/2 -1/-1 0/2 -1/-1 0/11 -1/-1
t7.stop_reason = satisfiable
t7.restarts = 38
t7.nogoods_size = 17311
t7.nodes = 30400
t7.propagations = 30400
t20.stop_reason = aborted
t20.restarts = 38
t20.nogoods_size = 17311
t20.nodes = 45577
t20.propagations = 45577
t1.stop_reason = aborted
t1.restarts = 38
t1.nogoods_size = 17311
t1.nodes = 43947
t1.propagations = 43947
t3.stop_reason = aborted
t3.restarts = 38
t3.nogoods_size = 17311
t3.nodes = 43868
t3.propagations = 43868
t19.stop_reason = aborted
t19.restarts = 38
t19.nogoods_size = 17311
t19.nodes = 44885
t19.propagations = 44885
t26.stop_reason = aborted
t26.restarts = 38
t26.nogoods_size = 17311
t26.nodes = 44841
t26.propagations = 44841
t2.stop_reason = aborted
t2.restarts = 38
t2.nogoods_size = 17311
t2.nodes = 47962
t2.propagations = 47962
t29.stop_reason = aborted
t29.restarts = 38
t29.nogoods_size = 17311
t29.nodes = 46136
t29.propagations = 46136
t12.stop_reason = aborted
t12.restarts = 38
t12.nogoods_size = 17311
t12.nodes = 44309
t12.propagations = 44309
t35.stop_reason = aborted
t35.restarts = 38
t35.nogoods_size = 17311
t35.nodes = 46126
t35.propagations = 46126
t15.stop_reason = aborted
t15.restarts = 38
t15.nogoods_size = 17311
t15.nodes = 43974
t15.propagations = 43974
t13.stop_reason = aborted
t13.restarts = 38
t13.nogoods_size = 17311
t13.nodes = 44257
t13.propagations = 44257
t25.stop_reason = aborted
t25.restarts = 38
t25.nogoods_size = 17311
t25.nodes = 46461
t25.propagations = 46461
t4.stop_reason = aborted
t4.restarts = 38
t4.nogoods_size = 17311
t4.nodes = 45759
t4.propagations = 45759
t28.stop_reason = aborted
t28.restarts = 38
t28.nogoods_size = 17311
t28.nodes = 46363
t28.propagations = 46363
t9.stop_reason = aborted
t9.restarts = 38
t9.nogoods_size = 17311
t9.nodes = 40010
t9.propagations = 40010
t17.stop_reason = aborted
t17.restarts = 38
t17.nogoods_size = 17311
t17.nodes = 45051
t17.propagations = 45051
t5.stop_reason = aborted
t5.restarts = 38
t5.nogoods_size = 17311
t5.nodes = 52575
t5.propagations = 52575
t8.stop_reason = aborted
t8.restarts = 38
t8.nogoods_size = 17311
t8.nodes = 47731
t8.propagations = 47731
t10.stop_reason = aborted
t10.restarts = 38
t10.nogoods_size = 17311
t10.nodes = 47280
t10.propagations = 47280
t14.stop_reason = aborted
t14.restarts = 38
t14.nogoods_size = 17311
t14.nodes = 47272
t14.propagations = 47272
t23.stop_reason = aborted
t23.restarts = 38
t23.nogoods_size = 17311
t23.nodes = 44744
t23.propagations = 44744
t24.stop_reason = aborted
t24.restarts = 38
t24.nogoods_size = 17311
t24.nodes = 47066
t24.propagations = 47066
t33.stop_reason = aborted
t33.restarts = 38
t33.nogoods_size = 17311
t33.nodes = 45000
t33.propagations = 45000
t34.stop_reason = aborted
t34.restarts = 38
t34.nogoods_size = 17311
t34.nodes = 53034
t34.propagations = 53034
t11.stop_reason = aborted
t11.restarts = 38
t11.nogoods_size = 17311
t11.nodes = 35814
t11.propagations = 35814
t0.stop_reason = aborted
t0.restarts = 38
t0.nogoods_size = 17311
t0.nodes = 45591
t0.propagations = 45591
t18.stop_reason = aborted
t18.restarts = 38
t18.nogoods_size = 17311
t18.nodes = 34517
t18.propagations = 34517
t21.stop_reason = aborted
t21.restarts = 38
t21.nogoods_size = 17311
t21.nodes = 44311
t21.propagations = 44311
t30.stop_reason = aborted
t30.restarts = 38
t30.nogoods_size = 17311
t30.nodes = 46486
t30.propagations = 46486
t27.stop_reason = aborted
t27.restarts = 38
t27.nogoods_size = 17311
t27.nodes = 47667
t27.propagations = 47667
t6.stop_reason = aborted
t6.restarts = 38
t6.nogoods_size = 17311
t6.nodes = 48350
t6.propagations = 48350
t16.stop_reason = aborted
t16.restarts = 38
t16.nogoods_size = 17311
t16.nodes = 47105
t16.propagations = 47105
t22.stop_reason = aborted
t22.restarts = 38
t22.nogoods_size = 17311
t22.nodes = 41862
t22.propagations = 41862
t31.stop_reason = aborted
t31.restarts = 38
t31.nogoods_size = 17311
t31.nodes = 45545
t31.propagations = 45545
t32.stop_reason = aborted
t32.restarts = 38
t32.nogoods_size = 17311
t32.nodes = 53489
t32.propagations = 53489
search_time = 357
