hostname = r1i7n10
commandline = ../glasgow/solve_subgraph_isomorphism --value-ordering=biased --threads=36 --timeout 1000 --format lad ../instances/si/si4_bvg_b06_800/si4_b06_m800.03/pattern ../instances/si/si4_bvg_b06_800/si4_b06_m800.03/target
started_at = 2018-11-16 16:35:56
pattern_file = ../instances/si/si4_bvg_b06_800/si4_b06_m800.03/pattern
target_file = ../instances/si/si4_bvg_b06_800/si4_b06_m800.03/target
status = true
nodes = 73
propagations = 108
mapping = (0 -> 178) (1 -> 583) (2 -> 275) (3 -> 689) (4 -> 769) (5 -> 513) (6 -> 400) (7 -> 38) (8 -> 421) (9 -> 66) (10 -> 563) (11 -> 557) (12 -> 159) (13 -> 9) (14 -> 250) (15 -> 338) (16 -> 526) (17 -> 191) (18 -> 465) (19 -> 678) (20 -> 145) (21 -> 582) (22 -> 782) (23 -> 680) (24 -> 347) (25 -> 351) (26 -> 418) (27 -> 337) (28 -> 694) (29 -> 301) (30 -> 156) (31 -> 764) (32 -> 630) (33 -> 435) (34 -> 578) (35 -> 1) (36 -> 411) (37 -> 623) (38 -> 600) (39 -> 656) (40 -> 483) (41 -> 729) (42 -> 543) (43 -> 489) (44 -> 644) (45 -> 538) (46 -> 608) (47 -> 479) (48 -> 132) (49 -> 595) (50 -> 180) (51 -> 206) (52 -> 599) (53 -> 620) (54 -> 747) (55 -> 165) (56 -> 458) (57 -> 14) (58 -> 283) (59 -> 393) (60 -> 82) (61 -> 547) (62 -> 762) (63 -> 419) (64 -> 590) (65 -> 228) (66 -> 64) (67 -> 592) (68 -> 268) (69 -> 443) (70 -> 559) (71 -> 448) (72 -> 93) (73 -> 43) (74 -> 534) (75 -> 476) (76 -> 278) (77 -> 403) (78 -> 81) (79 -> 697) (80 -> 660) (81 -> 34) (82 -> 379) (83 -> 607) (84 -> 784) (85 -> 167) (86 -> 153) (87 -> 486) (88 -> 699) (89 -> 631) (90 -> 74) (91 -> 61) (92 -> 431) (93 -> 157) (94 -> 267) (95 -> 707) (96 -> 604) (97 -> 224) (98 -> 399) (99 -> 306) (100 -> 552) (101 -> 655) (102 -> 113) (103 -> 160) (104 -> 734) (105 -> 103) (106 -> 79) (107 -> 492) (108 -> 219) (109 -> 303) (110 -> 424) (111 -> 273) (112 -> 6) (113 -> 777) (114 -> 571) (115 -> 302) (116 -> 715) (117 -> 640) (118 -> 212) (119 -> 62) (120 -> 464) (121 -> 696) (122 -> 740) (123 -> 714) (124 -> 373) (125 -> 638) (126 -> 693) (127 -> 577) (128 -> 176) (129 -> 457) (130 -> 213) (131 -> 369) (132 -> 307) (133 -> 497) (134 -> 772) (135 -> 637) (136 -> 442) (137 -> 259) (138 -> 254) (139 -> 125) (140 -> 345) (141 -> 556) (142 -> 460) (143 -> 488) (144 -> 462) (145 -> 233) (146 -> 733) (147 -> 510) (148 -> 222) (149 -> 357) (150 -> 484) (151 -> 495) (152 -> 363) (153 -> 673) (154 -> 46) (155 -> 410) (156 -> 712) (157 -> 438) (158 -> 19) (159 -> 427) (160 -> 257) (161 -> 580) (162 -> 654) (163 -> 398) (164 -> 763) (165 -> 65) (166 -> 115) (167 -> 759) (168 -> 505) (169 -> 451) (170 -> 527) (171 -> 356) (172 -> 472) (173 -> 791) (174 -> 551) (175 -> 381) (176 -> 372) (177 -> 731) (178 -> 371) (179 -> 719) (180 -> 444) (181 -> 581) (182 -> 501) (183 -> 7) (184 -> 454) (185 -> 730) (186 -> 785) (187 -> 151) (188 -> 797) (189 -> 242) (190 -> 370) (191 -> 528) (192 -> 744) (193 -> 147) (194 -> 201) (195 -> 415) (196 -> 133) (197 -> 209) (198 -> 162) (199 -> 406) (200 -> 627) (201 -> 44) (202 -> 45) (203 -> 239) (204 -> 47) (205 -> 499) (206 -> 214) (207 -> 236) (208 -> 450) (209 -> 348) (210 -> 229) (211 -> 207) (212 -> 621) (213 -> 617) (214 -> 569) (215 -> 507) (216 -> 567) (217 -> 677) (218 -> 89) (219 -> 310) (220 -> 227) (221 -> 97) (222 -> 333) (223 -> 490) (224 -> 375) (225 -> 126) (226 -> 407) (227 -> 545) (228 -> 542) (229 -> 754) (230 -> 169) (231 -> 452) (232 -> 252) (233 -> 708) (234 -> 266) (235 -> 749) (236 -> 144) (237 -> 137) (238 -> 110) (239 -> 663) (240 -> 767) (241 -> 17) (242 -> 698) (243 -> 248) (244 -> 508) (245 -> 554) (246 -> 331) (247 -> 737) (248 -> 532) (249 -> 188) (250 -> 140) (251 -> 504) (252 -> 330) (253 -> 98) (254 -> 679) (255 -> 280) (256 -> 174) (257 -> 136) (258 -> 88) (259 -> 163) (260 -> 279) (261 -> 471) (262 -> 377) (263 -> 329) (264 -> 409) (265 -> 691) (266 -> 286) (267 -> 653) (268 -> 722) (269 -> 39) (270 -> 296) (271 -> 646) (272 -> 258) (273 -> 544) (274 -> 388) (275 -> 361) (276 -> 309) (277 -> 135) (278 -> 40) (279 -> 3) (280 -> 37) (281 -> 28) (282 -> 597) (283 -> 261) (284 -> 111) (285 -> 401) (286 -> 121) (287 -> 405) (288 -> 519) (289 -> 289) (290 -> 216) (291 -> 374) (292 -> 531) (293 -> 485) (294 -> 183) (295 -> 389) (296 -> 107) (297 -> 235) (298 -> 341) (299 -> 426) (300 -> 670) (301 -> 520) (302 -> 517) (303 -> 223) (304 -> 684) (305 -> 114) (306 -> 150) (307 -> 524) (308 -> 138) (309 -> 704) (310 -> 50) (311 -> 408) (312 -> 773) (313 -> 525) (314 -> 276) (315 -> 344) (316 -> 676) (317 -> 533) (318 -> 124) (319 -> 77) 
runtime = 256
t16.where = 0/800 -1/-1 0/2 -1/-1 -1/-1 -1/-1 -1/-1 -1/-1 -1/-1 -1/-1 -1/-1 -1/-1 -1/-1 -1/-1 -1/-1 -1/-1 -1/-1 -1/-1 -1/-1 -1/-1 -1/-1 -1/-1 -1/-1 -1/-1 -1/-1 -1/-1 -1/-1 -1/-1 -1/-1 -1/-1 -1/-1 -1/-1 -1/-1 -1/-1 -1/-1 -1/-1 -1/-1 -1/-1 -1/-1 -1/-1 -1/-1 -1/-1 -1/-1 -1/-1 -1/-1 -1/-1 -1/-1 -1/-1 -1/-1 -1/-1 -1/-1 -1/-1 -1/-1 -1/-1 -1/-1 -1/-1 -1/-1 -1/-1 -1/-1 -1/-1 -1/-1 -1/-1 -1/-1 -1/-1 -1/-1 -1/-1 -1/-1 -1/-1 -1/-1 -1/-1 -1/-1 -1/-1 -1/-1 -1/-1 -1/-1 -1/-1 -1/-1 -1/-1 -1/-1 -1/-1 -1/-1 -1/-1 -1/-1 -1/-1 -1/-1 -1/-1 -1/-1 -1/-1 -1/-1 -1/-1 -1/-1 -1/-1 -1/-1 -1/-1 -1/-1 -1/-1 -1/-1 -1/-1 -1/-1 -1/-1 -1/-1 -1/-1 -1/-1 -1/-1 -1/-1 -1/-1 -1/-1 -1/-1 -1/-1 -1/-1 -1/-1 -1/-1 -1/-1 -1/-1 -1/-1 -1/-1 -1/-1 -1/-1 -1/-1 -1/-1 -1/-1 -1/-1 -1/-1 -1/-1 -1/-1 -1/-1 -1/-1 -1/-1 -1/-1 -1/-1 -1/-1 -1/-1 -1/-1 -1/-1 -1/-1 -1/-1 -1/-1 -1/-1 -1/-1 -1/-1 -1/-1 -1/-1 -1/-1 -1/-1 -1/-1 -1/-1 -1/-1 -1/-1 -1/-1 -1/-1 -1/-1 -1/-1 -1/-1 -1/-1 -1/-1 -1/-1 -1/-1 -1/-1 -1/-1 -1/-1 -1/-1 -1/-1 -1/-1 -1/-1 -1/-1 -1/-1 -1/-1 -1/-1 -1/-1 -1/-1 -1/-1 -1/-1 -1/-1 -1/-1 -1/-1 -1/-1 -1/-1 -1/-1 -1/-1 -1/-1 -1/-1 -1/-1 -1/-1 -1/-1 -1/-1 -1/-1 -1/-1 -1/-1 -1/-1 -1/-1 -1/-1 -1/-1 -1/-1 -1/-1 -1/-1 -1/-1 -1/-1 -1/-1 -1/-1 -1/-1 -1/-1 -1/-1 -1/-1 -1/-1 -1/-1 -1/-1 -1/-1 -1/-1 -1/-1 -1/-1 -1/-1 -1/-1 -1/-1 -1/-1 -1/-1 -1/-1 -1/-1 -1/-1 -1/-1 -1/-1 -1/-1 -1/-1 -1/-1 -1/-1 -1/-1 -1/-1 -1/-1 -1/-1 -1/-1 -1/-1 -1/-1 -1/-1 -1/-1 -1/-1 -1/-1 -1/-1 -1/-1 -1/-1 -1/-1 -1/-1 -1/-1 -1/-1 -1/-1 -1/-1 -1/-1 -1/-1 -1/-1 -1/-1 -1/-1 -1/-1 -1/-1 -1/-1 -1/-1 -1/-1 -1/-1 -1/-1 -1/-1 -1/-1 -1/-1 -1/-1 -1/-1 -1/-1 -1/-1 -1/-1 -1/-1 -1/-1 -1/-1 -1/-1 -1/-1 -1/-1 -1/-1 -1/-1 -1/-1 -1/-1 -1/-1 -1/-1 -1/-1 -1/-1 -1/-1 -1/-1 -1/-1 -1/-1 -1/-1 -1/-1 -1/-1 -1/-1 -1/-1 -1/-1 -1/-1 -1/-1 -1/-1 -1/-1 -1/-1 -1/-1 -1/-1 -1/-1 -1/-1 -1/-1 -1/-1 -1/-1 -1/-1 -1/-1 -1/-1 -1/-1 -1/-1 -1/-1 -1/-1 -1/-1 -1/-1 -1/-1 -1/-1 -1/-1 -1/-1 -1/-1 -1/-1 -1/-1 -1/-1 -1/-1 -1/-1 -1/-1 -1/-1 -1/-1
t16.stop_reason = satisfiable
t16.restarts = 2
t16.nogoods_size = 36
t16.nodes = 3
t16.propagations = 3
t5.stop_reason = aborted
t5.restarts = 2
t5.nogoods_size = 36
t5.nodes = 2
t5.propagations = 2
t12.stop_reason = aborted
t12.restarts = 2
t12.nogoods_size = 36
t12.nodes = 2
t12.propagations = 2
t11.stop_reason = aborted
t11.restarts = 2
t11.nogoods_size = 36
t11.nodes = 2
t11.propagations = 2
t7.stop_reason = aborted
t7.restarts = 2
t7.nogoods_size = 36
t7.nodes = 2
t7.propagations = 2
t2.stop_reason = aborted
t2.restarts = 2
t2.nogoods_size = 36
t2.nodes = 2
t2.propagations = 2
t13.stop_reason = aborted
t13.restarts = 2
t13.nogoods_size = 36
t13.nodes = 2
t13.propagations = 2
t3.stop_reason = aborted
t3.restarts = 2
t3.nogoods_size = 36
t3.nodes = 2
t3.propagations = 2
t27.stop_reason = aborted
t27.restarts = 2
t27.nogoods_size = 36
t27.nodes = 2
t27.propagations = 2
t19.stop_reason = aborted
t19.restarts = 2
t19.nogoods_size = 36
t19.nodes = 2
t19.propagations = 2
t21.stop_reason = aborted
t21.restarts = 2
t21.nogoods_size = 36
t21.nodes = 2
t21.propagations = 2
t15.stop_reason = aborted
t15.restarts = 2
t15.nogoods_size = 36
t15.nodes = 2
t15.propagations = 2
t14.stop_reason = aborted
t14.restarts = 2
t14.nogoods_size = 36
t14.nodes = 2
t14.propagations = 2
t18.stop_reason = aborted
t18.restarts = 2
t18.nogoods_size = 36
t18.nodes = 2
t18.propagations = 2
t20.stop_reason = aborted
t20.restarts = 2
t20.nogoods_size = 36
t20.nodes = 2
t20.propagations = 2
t22.stop_reason = aborted
t22.restarts = 2
t22.nogoods_size = 36
t22.nodes = 2
t22.propagations = 2
t26.stop_reason = aborted
t26.restarts = 2
t26.nogoods_size = 36
t26.nodes = 2
t26.propagations = 2
t25.stop_reason = aborted
t25.restarts = 2
t25.nogoods_size = 36
t25.nodes = 2
t25.propagations = 2
t28.stop_reason = aborted
t28.restarts = 2
t28.nogoods_size = 36
t28.nodes = 2
t28.propagations = 2
t30.stop_reason = aborted
t30.restarts = 2
t30.nogoods_size = 36
t30.nodes = 2
t30.propagations = 2
t31.stop_reason = aborted
t31.restarts = 2
t31.nogoods_size = 36
t31.nodes = 2
t31.propagations = 2
t29.stop_reason = aborted
t29.restarts = 2
t29.nogoods_size = 36
t29.nodes = 2
t29.propagations = 2
t34.stop_reason = aborted
t34.restarts = 2
t34.nogoods_size = 36
t34.nodes = 2
t34.propagations = 2
t32.stop_reason = aborted
t32.restarts = 2
t32.nogoods_size = 36
t32.nodes = 2
t32.propagations = 2
t33.stop_reason = aborted
t33.restarts = 2
t33.nogoods_size = 36
t33.nodes = 2
t33.propagations = 2
t35.stop_reason = aborted
t35.restarts = 2
t35.nogoods_size = 36
t35.nodes = 2
t35.propagations = 2
t4.stop_reason = aborted
t4.restarts = 2
t4.nogoods_size = 36
t4.nodes = 2
t4.propagations = 2
t9.stop_reason = aborted
t9.restarts = 2
t9.nogoods_size = 36
t9.nodes = 2
t9.propagations = 2
t1.stop_reason = aborted
t1.restarts = 2
t1.nogoods_size = 36
t1.nodes = 2
t1.propagations = 2
t0.stop_reason = aborted
t0.restarts = 2
t0.nogoods_size = 36
t0.nodes = 2
t0.propagations = 2
t10.stop_reason = aborted
t10.restarts = 2
t10.nogoods_size = 36
t10.nodes = 2
t10.propagations = 2
t6.stop_reason = aborted
t6.restarts = 2
t6.nogoods_size = 36
t6.nodes = 2
t6.propagations = 2
t8.stop_reason = aborted
t8.restarts = 2
t8.nogoods_size = 36
t8.nodes = 2
t8.propagations = 2
t24.stop_reason = aborted
t24.restarts = 2
t24.nogoods_size = 36
t24.nodes = 2
t24.propagations = 2
t17.stop_reason = aborted
t17.restarts = 2
t17.nogoods_size = 36
t17.nodes = 2
t17.propagations = 2
t23.stop_reason = aborted
t23.restarts = 2
t23.nogoods_size = 36
t23.nodes = 2
t23.propagations = 2
search_time = 131
