hostname = r1i7n19
commandline = ../glasgow/mpi_solve_subgraph_isomorphism --timeout 1000 --format lad --geometric-restarts=1.0 --restarts-constant=100000 --restart-timer=100 --triggered-restarts --threads 18 --value-ordering=biased ../instances/LV/g10 ../instances/LV/g37
started_at = 2018-11-27 13:26:42
pattern_file = ../instances/LV/g10
target_file = ../instances/LV/g37
status = false
nodes = 14300320
propagations = 38195123
runtime = 307
h0.t1.stop_reason = unsatisfiable
h0.t1.restarts = 3
h0.t1.nogoods_size = 13265
h0.t1.nodes = 11005
h0.t1.propagations = 11005
h0.t4.stop_reason = unsatisfiable
h0.t4.restarts = 3
h0.t4.nogoods_size = 13265
h0.t4.nodes = 13284
h0.t4.propagations = 13284
h0.t17.stop_reason = aborted
h0.t17.restarts = 3
h0.t17.nogoods_size = 13265
h0.t17.nodes = 9575
h0.t17.propagations = 9575
h0.t2.stop_reason = unsatisfiable
h0.t2.restarts = 3
h0.t2.nogoods_size = 13265
h0.t2.nodes = 12518
h0.t2.propagations = 12518
h0.t0.stop_reason = unsatisfiable
h0.t0.restarts = 3
h0.t0.nogoods_size = 13265
h0.t0.nodes = 8968
h0.t0.propagations = 8968
h0.t8.stop_reason = aborted
h0.t8.restarts = 3
h0.t8.nogoods_size = 13265
h0.t8.nodes = 12628
h0.t8.propagations = 12628
h0.t12.stop_reason = unsatisfiable
h0.t12.restarts = 3
h0.t12.nogoods_size = 13265
h0.t12.nodes = 11194
h0.t12.propagations = 11194
h0.t11.stop_reason = unsatisfiable
h0.t11.restarts = 3
h0.t11.nogoods_size = 13265
h0.t11.nodes = 13394
h0.t11.propagations = 13394
h0.t10.stop_reason = unsatisfiable
h0.t10.restarts = 3
h0.t10.nogoods_size = 13265
h0.t10.nodes = 12860
h0.t10.propagations = 12860
h0.t6.stop_reason = aborted
h0.t6.restarts = 3
h0.t6.nogoods_size = 13265
h0.t6.nodes = 11634
h0.t6.propagations = 11634
h0.t15.stop_reason = unsatisfiable
h0.t15.restarts = 3
h0.t15.nogoods_size = 13265
h0.t15.nodes = 11957
h0.t15.propagations = 11957
h0.t9.stop_reason = unsatisfiable
h0.t9.restarts = 3
h0.t9.nogoods_size = 13265
h0.t9.nodes = 10747
h0.t9.propagations = 10747
h0.t3.stop_reason = unsatisfiable
h0.t3.restarts = 3
h0.t3.nogoods_size = 13265
h0.t3.nodes = 15137
h0.t3.propagations = 15137
h0.t14.stop_reason = unsatisfiable
h0.t14.restarts = 3
h0.t14.nogoods_size = 13265
h0.t14.nodes = 12715
h0.t14.propagations = 12715
h0.t13.stop_reason = unsatisfiable
h0.t13.restarts = 3
h0.t13.nogoods_size = 13265
h0.t13.nodes = 12161
h0.t13.propagations = 12161
h0.t16.stop_reason = unsatisfiable
h0.t16.restarts = 3
h0.t16.nogoods_size = 13265
h0.t16.nodes = 13362
h0.t16.propagations = 13362
h0.t7.stop_reason = unsatisfiable
h0.t7.restarts = 3
h0.t7.nogoods_size = 13265
h0.t7.nodes = 13647
h0.t7.propagations = 13647
h0.t5.stop_reason = unsatisfiable
h0.t5.restarts = 3
h0.t5.nogoods_size = 13265
h0.t5.nodes = 11114
h0.t5.propagations = 11114
h0.search_time = 264
h0.nodes = 217900
h0.propagations = 585533
h1.t0.stop_reason = unsatisfiable
h1.t0.restarts = 3
h1.t0.nogoods_size = 13263
h1.t0.nodes = 9267
h1.t0.propagations = 9267
h1.t16.stop_reason = aborted
h1.t16.restarts = 3
h1.t16.nogoods_size = 13263
h1.t16.nodes = 15673
h1.t16.propagations = 15673
h1.t9.stop_reason = aborted
h1.t9.restarts = 3
h1.t9.nogoods_size = 13263
h1.t9.nodes = 15392
h1.t9.propagations = 15392
h1.t13.stop_reason = aborted
h1.t13.restarts = 3
h1.t13.nogoods_size = 13263
h1.t13.nodes = 15577
h1.t13.propagations = 15577
h1.t8.stop_reason = aborted
h1.t8.restarts = 3
h1.t8.nogoods_size = 13263
h1.t8.nodes = 16809
h1.t8.propagations = 16809
h1.t6.stop_reason = aborted
h1.t6.restarts = 3
h1.t6.nogoods_size = 13263
h1.t6.nodes = 15691
h1.t6.propagations = 15691
h1.t1.stop_reason = aborted
h1.t1.restarts = 3
h1.t1.nogoods_size = 13263
h1.t1.nodes = 15033
h1.t1.propagations = 15033
h1.t4.stop_reason = aborted
h1.t4.restarts = 3
h1.t4.nogoods_size = 13263
h1.t4.nodes = 15802
h1.t4.propagations = 15802
h1.t11.stop_reason = aborted
h1.t11.restarts = 3
h1.t11.nogoods_size = 13263
h1.t11.nodes = 13480
h1.t11.propagations = 13480
h1.t3.stop_reason = aborted
h1.t3.restarts = 3
h1.t3.nogoods_size = 13263
h1.t3.nodes = 15182
h1.t3.propagations = 15182
h1.t2.stop_reason = aborted
h1.t2.restarts = 3
h1.t2.nogoods_size = 13263
h1.t2.nodes = 13711
h1.t2.propagations = 13711
h1.t5.stop_reason = aborted
h1.t5.restarts = 3
h1.t5.nogoods_size = 13263
h1.t5.nodes = 16405
h1.t5.propagations = 16405
h1.t12.stop_reason = aborted
h1.t12.restarts = 3
h1.t12.nogoods_size = 13263
h1.t12.nodes = 12957
h1.t12.propagations = 12957
h1.t10.stop_reason = aborted
h1.t10.restarts = 3
h1.t10.nogoods_size = 13263
h1.t10.nodes = 14857
h1.t10.propagations = 14857
h1.t14.stop_reason = aborted
h1.t14.restarts = 3
h1.t14.nogoods_size = 13263
h1.t14.nodes = 15901
h1.t14.propagations = 15901
h1.t15.stop_reason = aborted
h1.t15.restarts = 3
h1.t15.nogoods_size = 13263
h1.t15.nodes = 14329
h1.t15.propagations = 14329
h1.t17.stop_reason = aborted
h1.t17.restarts = 3
h1.t17.nogoods_size = 13263
h1.t17.nodes = 10337
h1.t17.propagations = 10337
h1.t7.stop_reason = aborted
h1.t7.restarts = 3
h1.t7.nogoods_size = 13263
h1.t7.nodes = 14692
h1.t7.propagations = 14692
h1.search_time = 271
h1.nodes = 261095
h1.propagations = 704696
h2.t6.stop_reason = unsatisfiable
h2.t6.restarts = 3
h2.t6.nogoods_size = 13269
h2.t6.nodes = 18750
h2.t6.propagations = 18750
h2.t4.stop_reason = aborted
h2.t4.restarts = 3
h2.t4.nogoods_size = 13269
h2.t4.nodes = 20325
h2.t4.propagations = 20325
h2.t8.stop_reason = aborted
h2.t8.restarts = 3
h2.t8.nogoods_size = 13269
h2.t8.nodes = 22193
h2.t8.propagations = 22193
h2.t10.stop_reason = aborted
h2.t10.restarts = 3
h2.t10.nogoods_size = 13269
h2.t10.nodes = 20483
h2.t10.propagations = 20483
h2.t3.stop_reason = unsatisfiable
h2.t3.restarts = 3
h2.t3.nogoods_size = 13269
h2.t3.nodes = 22110
h2.t3.propagations = 22110
h2.t17.stop_reason = aborted
h2.t17.restarts = 3
h2.t17.nogoods_size = 13269
h2.t17.nodes = 10548
h2.t17.propagations = 10548
h2.t14.stop_reason = unsatisfiable
h2.t14.restarts = 3
h2.t14.nogoods_size = 13269
h2.t14.nodes = 20250
h2.t14.propagations = 20250
h2.t15.stop_reason = unsatisfiable
h2.t15.restarts = 3
h2.t15.nogoods_size = 13269
h2.t15.nodes = 19081
h2.t15.propagations = 19081
h2.t9.stop_reason = unsatisfiable
h2.t9.restarts = 3
h2.t9.nogoods_size = 13269
h2.t9.nodes = 21742
h2.t9.propagations = 21742
h2.t16.stop_reason = aborted
h2.t16.restarts = 3
h2.t16.nogoods_size = 13269
h2.t16.nodes = 22778
h2.t16.propagations = 22778
h2.t11.stop_reason = aborted
h2.t11.restarts = 3
h2.t11.nogoods_size = 13269
h2.t11.nodes = 19265
h2.t11.propagations = 19265
h2.t7.stop_reason = unsatisfiable
h2.t7.restarts = 3
h2.t7.nogoods_size = 13269
h2.t7.nodes = 20556
h2.t7.propagations = 20556
h2.t12.stop_reason = unsatisfiable
h2.t12.restarts = 3
h2.t12.nogoods_size = 13269
h2.t12.nodes = 19520
h2.t12.propagations = 19520
h2.t1.stop_reason = unsatisfiable
h2.t1.restarts = 3
h2.t1.nogoods_size = 13269
h2.t1.nodes = 20452
h2.t1.propagations = 20452
h2.t13.stop_reason = unsatisfiable
h2.t13.restarts = 3
h2.t13.nogoods_size = 13269
h2.t13.nodes = 18938
h2.t13.propagations = 18938
h2.t5.stop_reason = unsatisfiable
h2.t5.restarts = 3
h2.t5.nogoods_size = 13269
h2.t5.nodes = 20247
h2.t5.propagations = 20247
h2.t2.stop_reason = unsatisfiable
h2.t2.restarts = 3
h2.t2.nogoods_size = 13269
h2.t2.nodes = 18546
h2.t2.propagations = 18546
h2.t0.stop_reason = unsatisfiable
h2.t0.restarts = 3
h2.t0.nogoods_size = 13269
h2.t0.nodes = 9750
h2.t0.propagations = 9750
h2.search_time = 263
h2.nodes = 345534
h2.propagations = 917760
h3.t17.stop_reason = unsatisfiable
h3.t17.restarts = 3
h3.t17.nogoods_size = 13272
h3.t17.nodes = 11283
h3.t17.propagations = 11283
h3.t0.stop_reason = aborted
h3.t0.restarts = 3
h3.t0.nogoods_size = 13272
h3.t0.nodes = 9719
h3.t0.propagations = 9719
h3.t1.stop_reason = unsatisfiable
h3.t1.restarts = 3
h3.t1.nogoods_size = 13272
h3.t1.nodes = 20756
h3.t1.propagations = 20756
h3.t14.stop_reason = aborted
h3.t14.restarts = 3
h3.t14.nogoods_size = 13272
h3.t14.nodes = 20896
h3.t14.propagations = 20896
h3.t3.stop_reason = aborted
h3.t3.restarts = 3
h3.t3.nogoods_size = 13272
h3.t3.nodes = 20663
h3.t3.propagations = 20663
h3.t16.stop_reason = unsatisfiable
h3.t16.restarts = 3
h3.t16.nogoods_size = 13272
h3.t16.nodes = 20684
h3.t16.propagations = 20684
h3.t10.stop_reason = aborted
h3.t10.restarts = 3
h3.t10.nogoods_size = 13272
h3.t10.nodes = 19195
h3.t10.propagations = 19195
h3.t11.stop_reason = unsatisfiable
h3.t11.restarts = 3
h3.t11.nogoods_size = 13272
h3.t11.nodes = 19548
h3.t11.propagations = 19548
h3.t8.stop_reason = unsatisfiable
h3.t8.restarts = 3
h3.t8.nogoods_size = 13272
h3.t8.nodes = 20149
h3.t8.propagations = 20149
h3.t12.stop_reason = unsatisfiable
h3.t12.restarts = 3
h3.t12.nogoods_size = 13272
h3.t12.nodes = 19433
h3.t12.propagations = 19433
h3.t4.stop_reason = unsatisfiable
h3.t4.restarts = 3
h3.t4.nogoods_size = 13272
h3.t4.nodes = 20719
h3.t4.propagations = 20719
h3.t7.stop_reason = unsatisfiable
h3.t7.restarts = 3
h3.t7.nogoods_size = 13272
h3.t7.nodes = 22237
h3.t7.propagations = 22237
h3.t9.stop_reason = unsatisfiable
h3.t9.restarts = 3
h3.t9.nogoods_size = 13272
h3.t9.nodes = 21962
h3.t9.propagations = 21962
h3.t5.stop_reason = unsatisfiable
h3.t5.restarts = 3
h3.t5.nogoods_size = 13272
h3.t5.nodes = 19927
h3.t5.propagations = 19927
h3.t13.stop_reason = unsatisfiable
h3.t13.restarts = 3
h3.t13.nogoods_size = 13272
h3.t13.nodes = 22017
h3.t13.propagations = 22017
h3.t2.stop_reason = unsatisfiable
h3.t2.restarts = 3
h3.t2.nogoods_size = 13272
h3.t2.nodes = 22299
h3.t2.propagations = 22299
h3.t6.stop_reason = unsatisfiable
h3.t6.restarts = 3
h3.t6.nogoods_size = 13272
h3.t6.nodes = 20872
h3.t6.propagations = 20872
h3.t15.stop_reason = unsatisfiable
h3.t15.restarts = 3
h3.t15.nogoods_size = 13272
h3.t15.nodes = 21244
h3.t15.propagations = 21244
h3.search_time = 262
h3.nodes = 353603
h3.propagations = 936184
h4.t17.stop_reason = unsatisfiable
h4.t17.restarts = 3
h4.t17.nogoods_size = 13269
h4.t17.nodes = 10408
h4.t17.propagations = 10408
h4.t0.stop_reason = aborted
h4.t0.restarts = 3
h4.t0.nogoods_size = 13269
h4.t0.nodes = 9369
h4.t0.propagations = 9369
h4.t4.stop_reason = unsatisfiable
h4.t4.restarts = 3
h4.t4.nogoods_size = 13269
h4.t4.nodes = 22518
h4.t4.propagations = 22518
h4.t9.stop_reason = aborted
h4.t9.restarts = 3
h4.t9.nogoods_size = 13269
h4.t9.nodes = 20365
h4.t9.propagations = 20365
h4.t13.stop_reason = aborted
h4.t13.restarts = 3
h4.t13.nogoods_size = 13269
h4.t13.nodes = 19448
h4.t13.propagations = 19448
h4.t16.stop_reason = aborted
h4.t16.restarts = 3
h4.t16.nogoods_size = 13269
h4.t16.nodes = 20638
h4.t16.propagations = 20638
h4.t6.stop_reason = aborted
h4.t6.restarts = 3
h4.t6.nogoods_size = 13269
h4.t6.nodes = 20102
h4.t6.propagations = 20102
h4.t15.stop_reason = unsatisfiable
h4.t15.restarts = 3
h4.t15.nogoods_size = 13269
h4.t15.nodes = 19843
h4.t15.propagations = 19843
h4.t7.stop_reason = unsatisfiable
h4.t7.restarts = 3
h4.t7.nogoods_size = 13269
h4.t7.nodes = 19967
h4.t7.propagations = 19967
h4.t12.stop_reason = unsatisfiable
h4.t12.restarts = 3
h4.t12.nogoods_size = 13269
h4.t12.nodes = 19380
h4.t12.propagations = 19380
h4.t1.stop_reason = unsatisfiable
h4.t1.restarts = 3
h4.t1.nogoods_size = 13269
h4.t1.nodes = 21593
h4.t1.propagations = 21593
h4.t8.stop_reason = unsatisfiable
h4.t8.restarts = 3
h4.t8.nogoods_size = 13269
h4.t8.nodes = 18920
h4.t8.propagations = 18920
h4.t5.stop_reason = unsatisfiable
h4.t5.restarts = 3
h4.t5.nogoods_size = 13269
h4.t5.nodes = 19279
h4.t5.propagations = 19279
h4.t10.stop_reason = unsatisfiable
h4.t10.restarts = 3
h4.t10.nogoods_size = 13269
h4.t10.nodes = 18633
h4.t10.propagations = 18633
h4.t14.stop_reason = unsatisfiable
h4.t14.restarts = 3
h4.t14.nogoods_size = 13269
h4.t14.nodes = 20002
h4.t14.propagations = 20002
h4.t11.stop_reason = unsatisfiable
h4.t11.restarts = 3
h4.t11.nogoods_size = 13269
h4.t11.nodes = 21570
h4.t11.propagations = 21570
h4.t3.stop_reason = unsatisfiable
h4.t3.restarts = 3
h4.t3.nogoods_size = 13269
h4.t3.nodes = 20073
h4.t3.propagations = 20073
h4.t2.stop_reason = unsatisfiable
h4.t2.restarts = 3
h4.t2.nogoods_size = 13269
h4.t2.nodes = 20999
h4.t2.propagations = 20999
h4.search_time = 274
h4.nodes = 343107
h4.propagations = 908622
h5.t17.stop_reason = unsatisfiable
h5.t17.restarts = 3
h5.t17.nogoods_size = 13279
h5.t17.nodes = 11785
h5.t17.propagations = 11785
h5.t0.stop_reason = aborted
h5.t0.restarts = 3
h5.t0.nogoods_size = 13279
h5.t0.nodes = 11260
h5.t0.propagations = 11260
h5.t11.stop_reason = aborted
h5.t11.restarts = 3
h5.t11.nogoods_size = 13279
h5.t11.nodes = 18936
h5.t11.propagations = 18936
h5.t4.stop_reason = aborted
h5.t4.restarts = 3
h5.t4.nogoods_size = 13279
h5.t4.nodes = 18776
h5.t4.propagations = 18776
h5.t16.stop_reason = unsatisfiable
h5.t16.restarts = 3
h5.t16.nogoods_size = 13279
h5.t16.nodes = 20243
h5.t16.propagations = 20243
h5.t13.stop_reason = aborted
h5.t13.restarts = 3
h5.t13.nogoods_size = 13279
h5.t13.nodes = 20696
h5.t13.propagations = 20696
h5.t3.stop_reason = aborted
h5.t3.restarts = 3
h5.t3.nogoods_size = 13279
h5.t3.nodes = 18647
h5.t3.propagations = 18647
h5.t7.stop_reason = unsatisfiable
h5.t7.restarts = 3
h5.t7.nogoods_size = 13279
h5.t7.nodes = 21524
h5.t7.propagations = 21524
h5.t1.stop_reason = aborted
h5.t1.restarts = 3
h5.t1.nogoods_size = 13279
h5.t1.nodes = 20365
h5.t1.propagations = 20365
h5.t14.stop_reason = aborted
h5.t14.restarts = 3
h5.t14.nogoods_size = 13279
h5.t14.nodes = 21482
h5.t14.propagations = 21482
h5.t12.stop_reason = aborted
h5.t12.restarts = 3
h5.t12.nogoods_size = 13279
h5.t12.nodes = 20027
h5.t12.propagations = 20027
h5.t6.stop_reason = aborted
h5.t6.restarts = 3
h5.t6.nogoods_size = 13279
h5.t6.nodes = 20800
h5.t6.propagations = 20800
h5.t10.stop_reason = aborted
h5.t10.restarts = 3
h5.t10.nogoods_size = 13279
h5.t10.nodes = 20947
h5.t10.propagations = 20947
h5.t15.stop_reason = aborted
h5.t15.restarts = 3
h5.t15.nogoods_size = 13279
h5.t15.nodes = 19401
h5.t15.propagations = 19401
h5.t2.stop_reason = aborted
h5.t2.restarts = 3
h5.t2.nogoods_size = 13279
h5.t2.nodes = 20038
h5.t2.propagations = 20038
h5.t8.stop_reason = aborted
h5.t8.restarts = 3
h5.t8.nogoods_size = 13279
h5.t8.nodes = 18677
h5.t8.propagations = 18677
h5.t9.stop_reason = aborted
h5.t9.restarts = 3
h5.t9.nogoods_size = 13279
h5.t9.nodes = 25632
h5.t9.propagations = 25632
h5.t5.stop_reason = aborted
h5.t5.restarts = 3
h5.t5.nogoods_size = 13279
h5.t5.nodes = 19929
h5.t5.propagations = 19929
h5.search_time = 273
h5.nodes = 349165
h5.propagations = 920865
h6.t1.stop_reason = unsatisfiable
h6.t1.restarts = 3
h6.t1.nogoods_size = 13278
h6.t1.nodes = 20726
h6.t1.propagations = 20726
h6.t12.stop_reason = unsatisfiable
h6.t12.restarts = 3
h6.t12.nogoods_size = 13278
h6.t12.nodes = 19513
h6.t12.propagations = 19513
h6.t13.stop_reason = unsatisfiable
h6.t13.restarts = 3
h6.t13.nogoods_size = 13278
h6.t13.nodes = 18722
h6.t13.propagations = 18722
h6.t2.stop_reason = unsatisfiable
h6.t2.restarts = 3
h6.t2.nogoods_size = 13278
h6.t2.nodes = 19553
h6.t2.propagations = 19553
h6.t11.stop_reason = unsatisfiable
h6.t11.restarts = 3
h6.t11.nogoods_size = 13278
h6.t11.nodes = 19322
h6.t11.propagations = 19322
h6.t3.stop_reason = unsatisfiable
h6.t3.restarts = 3
h6.t3.nogoods_size = 13278
h6.t3.nodes = 20234
h6.t3.propagations = 20234
h6.t5.stop_reason = unsatisfiable
h6.t5.restarts = 3
h6.t5.nogoods_size = 13278
h6.t5.nodes = 20443
h6.t5.propagations = 20443
h6.t14.stop_reason = unsatisfiable
h6.t14.restarts = 3
h6.t14.nogoods_size = 13278
h6.t14.nodes = 19637
h6.t14.propagations = 19637
h6.t16.stop_reason = unsatisfiable
h6.t16.restarts = 3
h6.t16.nogoods_size = 13278
h6.t16.nodes = 18862
h6.t16.propagations = 18862
h6.t4.stop_reason = unsatisfiable
h6.t4.restarts = 3
h6.t4.nogoods_size = 13278
h6.t4.nodes = 19931
h6.t4.propagations = 19931
h6.t9.stop_reason = unsatisfiable
h6.t9.restarts = 3
h6.t9.nogoods_size = 13278
h6.t9.nodes = 20637
h6.t9.propagations = 20637
h6.t10.stop_reason = unsatisfiable
h6.t10.restarts = 3
h6.t10.nogoods_size = 13278
h6.t10.nodes = 19989
h6.t10.propagations = 19989
h6.t7.stop_reason = unsatisfiable
h6.t7.restarts = 3
h6.t7.nogoods_size = 13278
h6.t7.nodes = 20799
h6.t7.propagations = 20799
h6.t8.stop_reason = unsatisfiable
h6.t8.restarts = 3
h6.t8.nogoods_size = 13278
h6.t8.nodes = 19978
h6.t8.propagations = 19978
h6.t6.stop_reason = unsatisfiable
h6.t6.restarts = 3
h6.t6.nogoods_size = 13278
h6.t6.nodes = 19417
h6.t6.propagations = 19417
h6.t17.stop_reason = unsatisfiable
h6.t17.restarts = 3
h6.t17.nogoods_size = 13278
h6.t17.nodes = 10654
h6.t17.propagations = 10654
h6.t15.stop_reason = unsatisfiable
h6.t15.restarts = 3
h6.t15.nogoods_size = 13278
h6.t15.nodes = 18811
h6.t15.propagations = 18811
h6.t0.stop_reason = unsatisfiable
h6.t0.restarts = 3
h6.t0.nogoods_size = 13278
h6.t0.nodes = 9022
h6.t0.propagations = 9022
h6.search_time = 263
h6.nodes = 336250
h6.propagations = 900029
h7.t17.stop_reason = unsatisfiable
h7.t17.restarts = 3
h7.t17.nogoods_size = 13293
h7.t17.nodes = 11048
h7.t17.propagations = 11048
h7.t0.stop_reason = aborted
h7.t0.restarts = 3
h7.t0.nogoods_size = 13293
h7.t0.nodes = 10781
h7.t0.propagations = 10781
h7.t1.stop_reason = unsatisfiable
h7.t1.restarts = 3
h7.t1.nogoods_size = 13293
h7.t1.nodes = 22323
h7.t1.propagations = 22323
h7.t5.stop_reason = aborted
h7.t5.restarts = 3
h7.t5.nogoods_size = 13293
h7.t5.nodes = 20324
h7.t5.propagations = 20324
h7.t7.stop_reason = aborted
h7.t7.restarts = 3
h7.t7.nogoods_size = 13293
h7.t7.nodes = 19768
h7.t7.propagations = 19768
h7.t16.stop_reason = aborted
h7.t16.restarts = 3
h7.t16.nogoods_size = 13293
h7.t16.nodes = 20431
h7.t16.propagations = 20431
h7.t11.stop_reason = unsatisfiable
h7.t11.restarts = 3
h7.t11.nogoods_size = 13293
h7.t11.nodes = 20288
h7.t11.propagations = 20288
h7.t2.stop_reason = unsatisfiable
h7.t2.restarts = 3
h7.t2.nogoods_size = 13293
h7.t2.nodes = 19565
h7.t2.propagations = 19565
h7.t4.stop_reason = unsatisfiable
h7.t4.restarts = 3
h7.t4.nogoods_size = 13293
h7.t4.nodes = 20205
h7.t4.propagations = 20205
h7.t14.stop_reason = unsatisfiable
h7.t14.restarts = 3
h7.t14.nogoods_size = 13293
h7.t14.nodes = 19368
h7.t14.propagations = 19368
h7.t10.stop_reason = unsatisfiable
h7.t10.restarts = 3
h7.t10.nogoods_size = 13293
h7.t10.nodes = 19905
h7.t10.propagations = 19905
h7.t9.stop_reason = unsatisfiable
h7.t9.restarts = 3
h7.t9.nogoods_size = 13293
h7.t9.nodes = 20750
h7.t9.propagations = 20750
h7.t3.stop_reason = unsatisfiable
h7.t3.restarts = 3
h7.t3.nogoods_size = 13293
h7.t3.nodes = 21857
h7.t3.propagations = 21857
h7.t13.stop_reason = unsatisfiable
h7.t13.restarts = 3
h7.t13.nogoods_size = 13293
h7.t13.nodes = 20456
h7.t13.propagations = 20456
h7.t12.stop_reason = unsatisfiable
h7.t12.restarts = 3
h7.t12.nogoods_size = 13293
h7.t12.nodes = 19547
h7.t12.propagations = 19547
h7.t8.stop_reason = unsatisfiable
h7.t8.restarts = 3
h7.t8.nogoods_size = 13293
h7.t8.nodes = 21795
h7.t8.propagations = 21795
h7.t6.stop_reason = unsatisfiable
h7.t6.restarts = 3
h7.t6.nogoods_size = 13293
h7.t6.nodes = 20908
h7.t6.propagations = 20908
h7.t15.stop_reason = unsatisfiable
h7.t15.restarts = 3
h7.t15.nogoods_size = 13293
h7.t15.nodes = 19039
h7.t15.propagations = 19039
h7.search_time = 262
h7.nodes = 348358
h7.propagations = 932476
h8.t10.stop_reason = aborted
h8.t10.restarts = 3
h8.t10.nogoods_size = 13275
h8.t10.nodes = 19881
h8.t10.propagations = 19881
h8.t16.stop_reason = unsatisfiable
h8.t16.restarts = 3
h8.t16.nogoods_size = 13275
h8.t16.nodes = 27555
h8.t16.propagations = 27555
h8.t15.stop_reason = unsatisfiable
h8.t15.restarts = 3
h8.t15.nogoods_size = 13275
h8.t15.nodes = 19902
h8.t15.propagations = 19902
h8.t3.stop_reason = unsatisfiable
h8.t3.restarts = 3
h8.t3.nogoods_size = 13275
h8.t3.nodes = 20154
h8.t3.propagations = 20154
h8.t11.stop_reason = unsatisfiable
h8.t11.restarts = 3
h8.t11.nogoods_size = 13275
h8.t11.nodes = 20924
h8.t11.propagations = 20924
h8.t2.stop_reason = unsatisfiable
h8.t2.restarts = 3
h8.t2.nogoods_size = 13275
h8.t2.nodes = 20025
h8.t2.propagations = 20025
h8.t13.stop_reason = unsatisfiable
h8.t13.restarts = 3
h8.t13.nogoods_size = 13275
h8.t13.nodes = 19235
h8.t13.propagations = 19235
h8.t7.stop_reason = aborted
h8.t7.restarts = 3
h8.t7.nogoods_size = 13275
h8.t7.nodes = 22006
h8.t7.propagations = 22006
h8.t9.stop_reason = unsatisfiable
h8.t9.restarts = 3
h8.t9.nogoods_size = 13275
h8.t9.nodes = 21712
h8.t9.propagations = 21712
h8.t5.stop_reason = unsatisfiable
h8.t5.restarts = 3
h8.t5.nogoods_size = 13275
h8.t5.nodes = 19274
h8.t5.propagations = 19274
h8.t6.stop_reason = unsatisfiable
h8.t6.restarts = 3
h8.t6.nogoods_size = 13275
h8.t6.nodes = 20146
h8.t6.propagations = 20146
h8.t4.stop_reason = unsatisfiable
h8.t4.restarts = 3
h8.t4.nogoods_size = 13275
h8.t4.nodes = 20698
h8.t4.propagations = 20698
h8.t8.stop_reason = unsatisfiable
h8.t8.restarts = 3
h8.t8.nogoods_size = 13275
h8.t8.nodes = 19586
h8.t8.propagations = 19586
h8.t1.stop_reason = unsatisfiable
h8.t1.restarts = 3
h8.t1.nogoods_size = 13275
h8.t1.nodes = 21277
h8.t1.propagations = 21277
h8.t14.stop_reason = unsatisfiable
h8.t14.restarts = 3
h8.t14.nogoods_size = 13275
h8.t14.nodes = 19990
h8.t14.propagations = 19990
h8.t0.stop_reason = unsatisfiable
h8.t0.restarts = 3
h8.t0.nogoods_size = 13275
h8.t0.nodes = 10637
h8.t0.propagations = 10637
h8.t12.stop_reason = unsatisfiable
h8.t12.restarts = 3
h8.t12.nogoods_size = 13275
h8.t12.nodes = 19568
h8.t12.propagations = 19568
h8.t17.stop_reason = aborted
h8.t17.restarts = 3
h8.t17.nogoods_size = 13275
h8.t17.nodes = 11194
h8.t17.propagations = 11194
h8.search_time = 263
h8.nodes = 353764
h8.propagations = 939772
h9.t17.stop_reason = unsatisfiable
h9.t17.restarts = 3
h9.t17.nogoods_size = 13265
h9.t17.nodes = 13544
h9.t17.propagations = 13544
h9.t0.stop_reason = aborted
h9.t0.restarts = 3
h9.t0.nogoods_size = 13265
h9.t0.nodes = 14267
h9.t0.propagations = 14267
h9.t9.stop_reason = unsatisfiable
h9.t9.restarts = 3
h9.t9.nogoods_size = 13265
h9.t9.nodes = 19227
h9.t9.propagations = 19227
h9.t4.stop_reason = aborted
h9.t4.restarts = 3
h9.t4.nogoods_size = 13265
h9.t4.nodes = 20591
h9.t4.propagations = 20591
h9.t11.stop_reason = aborted
h9.t11.restarts = 3
h9.t11.nogoods_size = 13265
h9.t11.nodes = 19772
h9.t11.propagations = 19772
h9.t12.stop_reason = aborted
h9.t12.restarts = 3
h9.t12.nogoods_size = 13265
h9.t12.nodes = 18633
h9.t12.propagations = 18633
h9.t2.stop_reason = aborted
h9.t2.restarts = 3
h9.t2.nogoods_size = 13265
h9.t2.nodes = 20639
h9.t2.propagations = 20639
h9.t16.stop_reason = unsatisfiable
h9.t16.restarts = 3
h9.t16.nogoods_size = 13265
h9.t16.nodes = 23761
h9.t16.propagations = 23761
h9.t10.stop_reason = unsatisfiable
h9.t10.restarts = 3
h9.t10.nogoods_size = 13265
h9.t10.nodes = 19364
h9.t10.propagations = 19364
h9.t6.stop_reason = unsatisfiable
h9.t6.restarts = 3
h9.t6.nogoods_size = 13265
h9.t6.nodes = 20178
h9.t6.propagations = 20178
h9.t8.stop_reason = unsatisfiable
h9.t8.restarts = 3
h9.t8.nogoods_size = 13265
h9.t8.nodes = 19306
h9.t8.propagations = 19306
h9.t1.stop_reason = unsatisfiable
h9.t1.restarts = 3
h9.t1.nogoods_size = 13265
h9.t1.nodes = 19338
h9.t1.propagations = 19338
h9.t5.stop_reason = unsatisfiable
h9.t5.restarts = 3
h9.t5.nogoods_size = 13265
h9.t5.nodes = 19077
h9.t5.propagations = 19077
h9.t14.stop_reason = unsatisfiable
h9.t14.restarts = 3
h9.t14.nogoods_size = 13265
h9.t14.nodes = 19632
h9.t14.propagations = 19632
h9.t7.stop_reason = unsatisfiable
h9.t7.restarts = 3
h9.t7.nogoods_size = 13265
h9.t7.nodes = 18222
h9.t7.propagations = 18222
h9.t15.stop_reason = unsatisfiable
h9.t15.restarts = 3
h9.t15.nogoods_size = 13265
h9.t15.nodes = 19552
h9.t15.propagations = 19552
h9.t13.stop_reason = unsatisfiable
h9.t13.restarts = 3
h9.t13.nogoods_size = 13265
h9.t13.nodes = 20217
h9.t13.propagations = 20217
h9.t3.stop_reason = unsatisfiable
h9.t3.restarts = 3
h9.t3.nogoods_size = 13265
h9.t3.nodes = 22062
h9.t3.propagations = 22062
h9.search_time = 265
h9.nodes = 347382
h9.propagations = 929044
h10.t13.stop_reason = unsatisfiable
h10.t13.restarts = 3
h10.t13.nogoods_size = 13257
h10.t13.nodes = 18306
h10.t13.propagations = 18306
h10.t5.stop_reason = aborted
h10.t5.restarts = 3
h10.t5.nogoods_size = 13257
h10.t5.nodes = 19491
h10.t5.propagations = 19491
h10.t1.stop_reason = unsatisfiable
h10.t1.restarts = 3
h10.t1.nogoods_size = 13257
h10.t1.nodes = 20311
h10.t1.propagations = 20311
h10.t8.stop_reason = aborted
h10.t8.restarts = 3
h10.t8.nogoods_size = 13257
h10.t8.nodes = 20085
h10.t8.propagations = 20085
h10.t15.stop_reason = aborted
h10.t15.restarts = 3
h10.t15.nogoods_size = 13257
h10.t15.nodes = 18966
h10.t15.propagations = 18966
h10.t4.stop_reason = unsatisfiable
h10.t4.restarts = 3
h10.t4.nogoods_size = 13257
h10.t4.nodes = 19807
h10.t4.propagations = 19807
h10.t7.stop_reason = aborted
h10.t7.restarts = 3
h10.t7.nogoods_size = 13257
h10.t7.nodes = 20986
h10.t7.propagations = 20986
h10.t6.stop_reason = unsatisfiable
h10.t6.restarts = 3
h10.t6.nogoods_size = 13257
h10.t6.nodes = 23092
h10.t6.propagations = 23092
h10.t2.stop_reason = unsatisfiable
h10.t2.restarts = 3
h10.t2.nogoods_size = 13257
h10.t2.nodes = 20072
h10.t2.propagations = 20072
h10.t10.stop_reason = unsatisfiable
h10.t10.restarts = 3
h10.t10.nogoods_size = 13257
h10.t10.nodes = 18840
h10.t10.propagations = 18840
h10.t12.stop_reason = unsatisfiable
h10.t12.restarts = 3
h10.t12.nogoods_size = 13257
h10.t12.nodes = 19603
h10.t12.propagations = 19603
h10.t17.stop_reason = aborted
h10.t17.restarts = 3
h10.t17.nogoods_size = 13257
h10.t17.nodes = 9965
h10.t17.propagations = 9965
h10.t3.stop_reason = unsatisfiable
h10.t3.restarts = 3
h10.t3.nogoods_size = 13257
h10.t3.nodes = 22295
h10.t3.propagations = 22295
h10.t11.stop_reason = unsatisfiable
h10.t11.restarts = 3
h10.t11.nogoods_size = 13257
h10.t11.nodes = 22185
h10.t11.propagations = 22185
h10.t9.stop_reason = unsatisfiable
h10.t9.restarts = 3
h10.t9.nogoods_size = 13257
h10.t9.nodes = 18078
h10.t9.propagations = 18078
h10.t14.stop_reason = unsatisfiable
h10.t14.restarts = 3
h10.t14.nogoods_size = 13257
h10.t14.nodes = 20933
h10.t14.propagations = 20933
h10.t16.stop_reason = unsatisfiable
h10.t16.restarts = 3
h10.t16.nogoods_size = 13257
h10.t16.nodes = 21087
h10.t16.propagations = 21087
h10.t0.stop_reason = unsatisfiable
h10.t0.restarts = 3
h10.t0.nogoods_size = 13257
h10.t0.nodes = 10991
h10.t0.propagations = 10991
h10.search_time = 262
h10.nodes = 345093
h10.propagations = 926162
h11.t16.stop_reason = aborted
h11.t16.restarts = 3
h11.t16.nogoods_size = 13271
h11.t16.nodes = 20268
h11.t16.propagations = 20268
h11.t5.stop_reason = aborted
h11.t5.restarts = 3
h11.t5.nogoods_size = 13271
h11.t5.nodes = 20142
h11.t5.propagations = 20142
h11.t4.stop_reason = aborted
h11.t4.restarts = 3
h11.t4.nogoods_size = 13271
h11.t4.nodes = 19832
h11.t4.propagations = 19832
h11.t10.stop_reason = aborted
h11.t10.restarts = 3
h11.t10.nogoods_size = 13271
h11.t10.nodes = 19011
h11.t10.propagations = 19011
h11.t9.stop_reason = aborted
h11.t9.restarts = 3
h11.t9.nogoods_size = 13271
h11.t9.nodes = 19942
h11.t9.propagations = 19942
h11.t13.stop_reason = aborted
h11.t13.restarts = 3
h11.t13.nogoods_size = 13271
h11.t13.nodes = 20865
h11.t13.propagations = 20865
h11.t8.stop_reason = aborted
h11.t8.restarts = 3
h11.t8.nogoods_size = 13271
h11.t8.nodes = 19671
h11.t8.propagations = 19671
h11.t14.stop_reason = aborted
h11.t14.restarts = 3
h11.t14.nogoods_size = 13271
h11.t14.nodes = 20261
h11.t14.propagations = 20261
h11.t11.stop_reason = aborted
h11.t11.restarts = 3
h11.t11.nogoods_size = 13271
h11.t11.nodes = 20704
h11.t11.propagations = 20704
h11.t6.stop_reason = aborted
h11.t6.restarts = 3
h11.t6.nogoods_size = 13271
h11.t6.nodes = 20126
h11.t6.propagations = 20126
h11.t7.stop_reason = unsatisfiable
h11.t7.restarts = 3
h11.t7.nogoods_size = 13271
h11.t7.nodes = 21316
h11.t7.propagations = 21316
h11.t15.stop_reason = aborted
h11.t15.restarts = 3
h11.t15.nogoods_size = 13271
h11.t15.nodes = 20929
h11.t15.propagations = 20929
h11.t3.stop_reason = aborted
h11.t3.restarts = 3
h11.t3.nogoods_size = 13271
h11.t3.nodes = 21792
h11.t3.propagations = 21792
h11.t2.stop_reason = aborted
h11.t2.restarts = 3
h11.t2.nogoods_size = 13271
h11.t2.nodes = 24070
h11.t2.propagations = 24070
h11.t0.stop_reason = aborted
h11.t0.restarts = 3
h11.t0.nogoods_size = 13271
h11.t0.nodes = 10331
h11.t0.propagations = 10331
h11.t12.stop_reason = aborted
h11.t12.restarts = 3
h11.t12.nogoods_size = 13271
h11.t12.nodes = 19860
h11.t12.propagations = 19860
h11.t17.stop_reason = unsatisfiable
h11.t17.restarts = 3
h11.t17.nogoods_size = 13271
h11.t17.nodes = 10252
h11.t17.propagations = 10252
h11.t1.stop_reason = aborted
h11.t1.restarts = 3
h11.t1.nogoods_size = 13271
h11.t1.nodes = 18466
h11.t1.propagations = 18466
h11.search_time = 263
h11.nodes = 347838
h11.propagations = 919065
h12.t5.stop_reason = unsatisfiable
h12.t5.restarts = 3
h12.t5.nogoods_size = 13311
h12.t5.nodes = 31911
h12.t5.propagations = 31911
h12.t10.stop_reason = unsatisfiable
h12.t10.restarts = 3
h12.t10.nogoods_size = 13311
h12.t10.nodes = 28164
h12.t10.propagations = 28164
h12.t2.stop_reason = unsatisfiable
h12.t2.restarts = 3
h12.t2.nogoods_size = 13311
h12.t2.nodes = 28347
h12.t2.propagations = 28347
h12.t17.stop_reason = unsatisfiable
h12.t17.restarts = 3
h12.t17.nogoods_size = 13311
h12.t17.nodes = 14768
h12.t17.propagations = 14768
h12.t1.stop_reason = unsatisfiable
h12.t1.restarts = 3
h12.t1.nogoods_size = 13311
h12.t1.nodes = 28504
h12.t1.propagations = 28504
h12.t15.stop_reason = unsatisfiable
h12.t15.restarts = 3
h12.t15.nogoods_size = 13311
h12.t15.nodes = 30695
h12.t15.propagations = 30695
h12.t7.stop_reason = unsatisfiable
h12.t7.restarts = 3
h12.t7.nogoods_size = 13311
h12.t7.nodes = 33136
h12.t7.propagations = 33136
h12.t9.stop_reason = unsatisfiable
h12.t9.restarts = 3
h12.t9.nogoods_size = 13311
h12.t9.nodes = 30921
h12.t9.propagations = 30921
h12.t3.stop_reason = unsatisfiable
h12.t3.restarts = 3
h12.t3.nogoods_size = 13311
h12.t3.nodes = 28882
h12.t3.propagations = 28882
h12.t13.stop_reason = unsatisfiable
h12.t13.restarts = 3
h12.t13.nogoods_size = 13311
h12.t13.nodes = 28022
h12.t13.propagations = 28022
h12.t8.stop_reason = unsatisfiable
h12.t8.restarts = 3
h12.t8.nogoods_size = 13311
h12.t8.nodes = 29242
h12.t8.propagations = 29242
h12.t12.stop_reason = unsatisfiable
h12.t12.restarts = 3
h12.t12.nogoods_size = 13311
h12.t12.nodes = 30445
h12.t12.propagations = 30445
h12.t4.stop_reason = unsatisfiable
h12.t4.restarts = 3
h12.t4.nogoods_size = 13311
h12.t4.nodes = 28860
h12.t4.propagations = 28860
h12.t14.stop_reason = unsatisfiable
h12.t14.restarts = 3
h12.t14.nogoods_size = 13311
h12.t14.nodes = 28623
h12.t14.propagations = 28623
h12.t11.stop_reason = unsatisfiable
h12.t11.restarts = 3
h12.t11.nogoods_size = 13311
h12.t11.nodes = 30593
h12.t11.propagations = 30593
h12.t16.stop_reason = unsatisfiable
h12.t16.restarts = 3
h12.t16.nogoods_size = 13311
h12.t16.nodes = 28133
h12.t16.propagations = 28133
h12.t6.stop_reason = unsatisfiable
h12.t6.restarts = 3
h12.t6.nogoods_size = 13311
h12.t6.nodes = 31129
h12.t6.propagations = 31129
h12.t0.stop_reason = unsatisfiable
h12.t0.restarts = 3
h12.t0.nogoods_size = 13311
h12.t0.nodes = 15024
h12.t0.propagations = 15024
h12.search_time = 265
h12.nodes = 505399
h12.propagations = 1350312
h13.t16.stop_reason = unsatisfiable
h13.t16.restarts = 3
h13.t16.nogoods_size = 13268
h13.t16.nodes = 28897
h13.t16.propagations = 28897
h13.t8.stop_reason = unsatisfiable
h13.t8.restarts = 3
h13.t8.nogoods_size = 13268
h13.t8.nodes = 32245
h13.t8.propagations = 32245
h13.t6.stop_reason = unsatisfiable
h13.t6.restarts = 3
h13.t6.nogoods_size = 13268
h13.t6.nodes = 31897
h13.t6.propagations = 31897
h13.t11.stop_reason = unsatisfiable
h13.t11.restarts = 3
h13.t11.nogoods_size = 13268
h13.t11.nodes = 31054
h13.t11.propagations = 31054
h13.t3.stop_reason = unsatisfiable
h13.t3.restarts = 3
h13.t3.nogoods_size = 13268
h13.t3.nodes = 34265
h13.t3.propagations = 34265
h13.t17.stop_reason = unsatisfiable
h13.t17.restarts = 3
h13.t17.nogoods_size = 13268
h13.t17.nodes = 14882
h13.t17.propagations = 14882
h13.t7.stop_reason = unsatisfiable
h13.t7.restarts = 3
h13.t7.nogoods_size = 13268
h13.t7.nodes = 32128
h13.t7.propagations = 32128
h13.t13.stop_reason = unsatisfiable
h13.t13.restarts = 3
h13.t13.nogoods_size = 13268
h13.t13.nodes = 32876
h13.t13.propagations = 32876
h13.t1.stop_reason = unsatisfiable
h13.t1.restarts = 3
h13.t1.nogoods_size = 13268
h13.t1.nodes = 30050
h13.t1.propagations = 30050
h13.t5.stop_reason = unsatisfiable
h13.t5.restarts = 3
h13.t5.nogoods_size = 13268
h13.t5.nodes = 31574
h13.t5.propagations = 31574
h13.t14.stop_reason = unsatisfiable
h13.t14.restarts = 3
h13.t14.nogoods_size = 13268
h13.t14.nodes = 31538
h13.t14.propagations = 31538
h13.t12.stop_reason = unsatisfiable
h13.t12.restarts = 3
h13.t12.nogoods_size = 13268
h13.t12.nodes = 31330
h13.t12.propagations = 31330
h13.t10.stop_reason = unsatisfiable
h13.t10.restarts = 3
h13.t10.nogoods_size = 13268
h13.t10.nodes = 29554
h13.t10.propagations = 29554
h13.t15.stop_reason = unsatisfiable
h13.t15.restarts = 3
h13.t15.nogoods_size = 13268
h13.t15.nodes = 30835
h13.t15.propagations = 30835
h13.t2.stop_reason = unsatisfiable
h13.t2.restarts = 3
h13.t2.nogoods_size = 13268
h13.t2.nodes = 34534
h13.t2.propagations = 34534
h13.t9.stop_reason = unsatisfiable
h13.t9.restarts = 3
h13.t9.nogoods_size = 13268
h13.t9.nodes = 31033
h13.t9.propagations = 31033
h13.t0.stop_reason = unsatisfiable
h13.t0.restarts = 3
h13.t0.nogoods_size = 13268
h13.t0.nodes = 15794
h13.t0.propagations = 15794
h13.t4.stop_reason = unsatisfiable
h13.t4.restarts = 3
h13.t4.nogoods_size = 13268
h13.t4.nodes = 30886
h13.t4.propagations = 30886
h13.search_time = 265
h13.nodes = 535372
h13.propagations = 1422706
h14.t13.stop_reason = aborted
h14.t13.restarts = 3
h14.t13.nogoods_size = 13270
h14.t13.nodes = 18952
h14.t13.propagations = 18952
h14.t6.stop_reason = aborted
h14.t6.restarts = 3
h14.t6.nogoods_size = 13270
h14.t6.nodes = 20007
h14.t6.propagations = 20007
h14.t11.stop_reason = unsatisfiable
h14.t11.restarts = 3
h14.t11.nogoods_size = 13270
h14.t11.nodes = 18825
h14.t11.propagations = 18825
h14.t12.stop_reason = unsatisfiable
h14.t12.restarts = 3
h14.t12.nogoods_size = 13270
h14.t12.nodes = 17126
h14.t12.propagations = 17126
h14.t4.stop_reason = aborted
h14.t4.restarts = 3
h14.t4.nogoods_size = 13270
h14.t4.nodes = 20212
h14.t4.propagations = 20212
h14.t17.stop_reason = aborted
h14.t17.restarts = 3
h14.t17.nogoods_size = 13270
h14.t17.nodes = 10400
h14.t17.propagations = 10400
h14.t2.stop_reason = unsatisfiable
h14.t2.restarts = 3
h14.t2.nogoods_size = 13270
h14.t2.nodes = 20195
h14.t2.propagations = 20195
h14.t3.stop_reason = unsatisfiable
h14.t3.restarts = 3
h14.t3.nogoods_size = 13270
h14.t3.nodes = 19076
h14.t3.propagations = 19076
h14.t16.stop_reason = unsatisfiable
h14.t16.restarts = 3
h14.t16.nogoods_size = 13270
h14.t16.nodes = 23043
h14.t16.propagations = 23043
h14.t10.stop_reason = unsatisfiable
h14.t10.restarts = 3
h14.t10.nogoods_size = 13270
h14.t10.nodes = 18969
h14.t10.propagations = 18969
h14.t5.stop_reason = unsatisfiable
h14.t5.restarts = 3
h14.t5.nogoods_size = 13270
h14.t5.nodes = 19818
h14.t5.propagations = 19818
h14.t1.stop_reason = unsatisfiable
h14.t1.restarts = 3
h14.t1.nogoods_size = 13270
h14.t1.nodes = 21762
h14.t1.propagations = 21762
h14.t7.stop_reason = unsatisfiable
h14.t7.restarts = 3
h14.t7.nogoods_size = 13270
h14.t7.nodes = 19408
h14.t7.propagations = 19408
h14.t14.stop_reason = unsatisfiable
h14.t14.restarts = 3
h14.t14.nogoods_size = 13270
h14.t14.nodes = 17766
h14.t14.propagations = 17766
h14.t9.stop_reason = unsatisfiable
h14.t9.restarts = 3
h14.t9.nogoods_size = 13270
h14.t9.nodes = 19855
h14.t9.propagations = 19855
h14.t8.stop_reason = unsatisfiable
h14.t8.restarts = 3
h14.t8.nogoods_size = 13270
h14.t8.nodes = 19811
h14.t8.propagations = 19811
h14.t0.stop_reason = unsatisfiable
h14.t0.restarts = 3
h14.t0.nogoods_size = 13270
h14.t0.nodes = 9548
h14.t0.propagations = 9548
h14.t15.stop_reason = unsatisfiable
h14.t15.restarts = 3
h14.t15.nogoods_size = 13270
h14.t15.nodes = 19442
h14.t15.propagations = 19442
h14.search_time = 271
h14.nodes = 334215
h14.propagations = 905625
h15.t16.stop_reason = aborted
h15.t16.restarts = 3
h15.t16.nogoods_size = 13294
h15.t16.nodes = 25087
h15.t16.propagations = 25087
h15.t14.stop_reason = aborted
h15.t14.restarts = 3
h15.t14.nogoods_size = 13294
h15.t14.nodes = 18888
h15.t14.propagations = 18888
h15.t3.stop_reason = aborted
h15.t3.restarts = 3
h15.t3.nogoods_size = 13294
h15.t3.nodes = 19309
h15.t3.propagations = 19309
h15.t1.stop_reason = aborted
h15.t1.restarts = 3
h15.t1.nogoods_size = 13294
h15.t1.nodes = 23222
h15.t1.propagations = 23222
h15.t8.stop_reason = aborted
h15.t8.restarts = 3
h15.t8.nogoods_size = 13294
h15.t8.nodes = 21583
h15.t8.propagations = 21583
h15.t11.stop_reason = aborted
h15.t11.restarts = 3
h15.t11.nogoods_size = 13294
h15.t11.nodes = 20201
h15.t11.propagations = 20201
h15.t6.stop_reason = aborted
h15.t6.restarts = 3
h15.t6.nogoods_size = 13294
h15.t6.nodes = 20386
h15.t6.propagations = 20386
h15.t7.stop_reason = aborted
h15.t7.restarts = 3
h15.t7.nogoods_size = 13294
h15.t7.nodes = 20840
h15.t7.propagations = 20840
h15.t2.stop_reason = unsatisfiable
h15.t2.restarts = 3
h15.t2.nogoods_size = 13294
h15.t2.nodes = 18944
h15.t2.propagations = 18944
h15.t9.stop_reason = aborted
h15.t9.restarts = 3
h15.t9.nogoods_size = 13294
h15.t9.nodes = 19104
h15.t9.propagations = 19104
h15.t10.stop_reason = aborted
h15.t10.restarts = 3
h15.t10.nogoods_size = 13294
h15.t10.nodes = 20305
h15.t10.propagations = 20305
h15.t4.stop_reason = aborted
h15.t4.restarts = 3
h15.t4.nogoods_size = 13294
h15.t4.nodes = 20321
h15.t4.propagations = 20321
h15.t12.stop_reason = aborted
h15.t12.restarts = 3
h15.t12.nogoods_size = 13294
h15.t12.nodes = 20443
h15.t12.propagations = 20443
h15.t13.stop_reason = aborted
h15.t13.restarts = 3
h15.t13.nogoods_size = 13294
h15.t13.nodes = 20938
h15.t13.propagations = 20938
h15.t0.stop_reason = aborted
h15.t0.restarts = 3
h15.t0.nogoods_size = 13294
h15.t0.nodes = 11083
h15.t0.propagations = 11083
h15.t5.stop_reason = aborted
h15.t5.restarts = 3
h15.t5.nogoods_size = 13294
h15.t5.nodes = 19661
h15.t5.propagations = 19661
h15.t15.stop_reason = aborted
h15.t15.restarts = 3
h15.t15.nogoods_size = 13294
h15.t15.nodes = 20461
h15.t15.propagations = 20461
h15.t17.stop_reason = unsatisfiable
h15.t17.restarts = 3
h15.t17.nogoods_size = 13294
h15.t17.nodes = 9953
h15.t17.propagations = 9953
h15.search_time = 272
h15.nodes = 350729
h15.propagations = 929002
h16.t17.stop_reason = unsatisfiable
h16.t17.restarts = 3
h16.t17.nogoods_size = 13280
h16.t17.nodes = 16708
h16.t17.propagations = 16708
h16.t0.stop_reason = unsatisfiable
h16.t0.restarts = 3
h16.t0.nogoods_size = 13280
h16.t0.nodes = 16072
h16.t0.propagations = 16072
h16.t9.stop_reason = unsatisfiable
h16.t9.restarts = 3
h16.t9.nogoods_size = 13280
h16.t9.nodes = 29381
h16.t9.propagations = 29381
h16.t13.stop_reason = unsatisfiable
h16.t13.restarts = 3
h16.t13.nogoods_size = 13280
h16.t13.nodes = 29201
h16.t13.propagations = 29201
h16.t11.stop_reason = unsatisfiable
h16.t11.restarts = 3
h16.t11.nogoods_size = 13280
h16.t11.nodes = 31026
h16.t11.propagations = 31026
h16.t7.stop_reason = unsatisfiable
h16.t7.restarts = 3
h16.t7.nogoods_size = 13280
h16.t7.nodes = 29266
h16.t7.propagations = 29266
h16.t15.stop_reason = unsatisfiable
h16.t15.restarts = 3
h16.t15.nogoods_size = 13280
h16.t15.nodes = 30333
h16.t15.propagations = 30333
h16.t10.stop_reason = unsatisfiable
h16.t10.restarts = 3
h16.t10.nogoods_size = 13280
h16.t10.nodes = 28883
h16.t10.propagations = 28883
h16.t8.stop_reason = unsatisfiable
h16.t8.restarts = 3
h16.t8.nogoods_size = 13280
h16.t8.nodes = 28805
h16.t8.propagations = 28805
h16.t2.stop_reason = unsatisfiable
h16.t2.restarts = 3
h16.t2.nogoods_size = 13280
h16.t2.nodes = 31311
h16.t2.propagations = 31311
h16.t1.stop_reason = unsatisfiable
h16.t1.restarts = 3
h16.t1.nogoods_size = 13280
h16.t1.nodes = 27910
h16.t1.propagations = 27910
h16.t12.stop_reason = unsatisfiable
h16.t12.restarts = 3
h16.t12.nogoods_size = 13280
h16.t12.nodes = 29078
h16.t12.propagations = 29078
h16.t4.stop_reason = unsatisfiable
h16.t4.restarts = 3
h16.t4.nogoods_size = 13280
h16.t4.nodes = 27935
h16.t4.propagations = 27935
h16.t3.stop_reason = unsatisfiable
h16.t3.restarts = 3
h16.t3.nogoods_size = 13280
h16.t3.nodes = 27525
h16.t3.propagations = 27525
h16.t6.stop_reason = unsatisfiable
h16.t6.restarts = 3
h16.t6.nogoods_size = 13280
h16.t6.nodes = 27763
h16.t6.propagations = 27763
h16.t16.stop_reason = unsatisfiable
h16.t16.restarts = 3
h16.t16.nogoods_size = 13280
h16.t16.nodes = 32434
h16.t16.propagations = 32434
h16.t14.stop_reason = unsatisfiable
h16.t14.restarts = 3
h16.t14.nogoods_size = 13280
h16.t14.nodes = 30709
h16.t14.propagations = 30709
h16.t5.stop_reason = unsatisfiable
h16.t5.restarts = 3
h16.t5.nogoods_size = 13280
h16.t5.nodes = 31613
h16.t5.propagations = 31613
h16.search_time = 265
h16.nodes = 505953
h16.propagations = 1331783
h17.t2.stop_reason = unsatisfiable
h17.t2.restarts = 3
h17.t2.nogoods_size = 13263
h17.t2.nodes = 29686
h17.t2.propagations = 29686
h17.t4.stop_reason = unsatisfiable
h17.t4.restarts = 3
h17.t4.nogoods_size = 13263
h17.t4.nodes = 32215
h17.t4.propagations = 32215
h17.t14.stop_reason = unsatisfiable
h17.t14.restarts = 3
h17.t14.nogoods_size = 13263
h17.t14.nodes = 29698
h17.t14.propagations = 29698
h17.t3.stop_reason = unsatisfiable
h17.t3.restarts = 3
h17.t3.nogoods_size = 13263
h17.t3.nodes = 33242
h17.t3.propagations = 33242
h17.t5.stop_reason = unsatisfiable
h17.t5.restarts = 3
h17.t5.nogoods_size = 13263
h17.t5.nodes = 31419
h17.t5.propagations = 31419
h17.t13.stop_reason = unsatisfiable
h17.t13.restarts = 3
h17.t13.nogoods_size = 13263
h17.t13.nodes = 29941
h17.t13.propagations = 29941
h17.t9.stop_reason = unsatisfiable
h17.t9.restarts = 3
h17.t9.nogoods_size = 13263
h17.t9.nodes = 29742
h17.t9.propagations = 29742
h17.t6.stop_reason = unsatisfiable
h17.t6.restarts = 3
h17.t6.nogoods_size = 13263
h17.t6.nodes = 30192
h17.t6.propagations = 30192
h17.t7.stop_reason = unsatisfiable
h17.t7.restarts = 3
h17.t7.nogoods_size = 13263
h17.t7.nodes = 32312
h17.t7.propagations = 32312
h17.t17.stop_reason = unsatisfiable
h17.t17.restarts = 3
h17.t17.nogoods_size = 13263
h17.t17.nodes = 16089
h17.t17.propagations = 16089
h17.t15.stop_reason = unsatisfiable
h17.t15.restarts = 3
h17.t15.nogoods_size = 13263
h17.t15.nodes = 30478
h17.t15.propagations = 30478
h17.t1.stop_reason = unsatisfiable
h17.t1.restarts = 3
h17.t1.nogoods_size = 13263
h17.t1.nodes = 29660
h17.t1.propagations = 29660
h17.t8.stop_reason = unsatisfiable
h17.t8.restarts = 3
h17.t8.nogoods_size = 13263
h17.t8.nodes = 29506
h17.t8.propagations = 29506
h17.t0.stop_reason = unsatisfiable
h17.t0.restarts = 3
h17.t0.nogoods_size = 13263
h17.t0.nodes = 16605
h17.t0.propagations = 16605
h17.t11.stop_reason = unsatisfiable
h17.t11.restarts = 3
h17.t11.nogoods_size = 13263
h17.t11.nodes = 29643
h17.t11.propagations = 29643
h17.t16.stop_reason = unsatisfiable
h17.t16.restarts = 3
h17.t16.nogoods_size = 13263
h17.t16.nodes = 31223
h17.t16.propagations = 31223
h17.t12.stop_reason = unsatisfiable
h17.t12.restarts = 3
h17.t12.nogoods_size = 13263
h17.t12.nodes = 31436
h17.t12.propagations = 31436
h17.t10.stop_reason = unsatisfiable
h17.t10.restarts = 3
h17.t10.nogoods_size = 13263
h17.t10.nodes = 32779
h17.t10.propagations = 32779
h17.search_time = 265
h17.nodes = 525866
h17.propagations = 1411600
h18.t1.stop_reason = aborted
h18.t1.restarts = 3
h18.t1.nogoods_size = 13283
h18.t1.nodes = 19809
h18.t1.propagations = 19809
h18.t3.stop_reason = aborted
h18.t3.restarts = 3
h18.t3.nogoods_size = 13283
h18.t3.nodes = 19514
h18.t3.propagations = 19514
h18.t12.stop_reason = unsatisfiable
h18.t12.restarts = 3
h18.t12.nogoods_size = 13283
h18.t12.nodes = 19093
h18.t12.propagations = 19093
h18.t9.stop_reason = aborted
h18.t9.restarts = 3
h18.t9.nogoods_size = 13283
h18.t9.nodes = 21277
h18.t9.propagations = 21277
h18.t10.stop_reason = aborted
h18.t10.restarts = 3
h18.t10.nogoods_size = 13283
h18.t10.nodes = 19434
h18.t10.propagations = 19434
h18.t13.stop_reason = unsatisfiable
h18.t13.restarts = 3
h18.t13.nogoods_size = 13283
h18.t13.nodes = 19889
h18.t13.propagations = 19889
h18.t17.stop_reason = aborted
h18.t17.restarts = 3
h18.t17.nogoods_size = 13283
h18.t17.nodes = 10439
h18.t17.propagations = 10439
h18.t7.stop_reason = unsatisfiable
h18.t7.restarts = 3
h18.t7.nogoods_size = 13283
h18.t7.nodes = 18918
h18.t7.propagations = 18918
h18.t4.stop_reason = unsatisfiable
h18.t4.restarts = 3
h18.t4.nogoods_size = 13283
h18.t4.nodes = 22204
h18.t4.propagations = 22204
h18.t14.stop_reason = unsatisfiable
h18.t14.restarts = 3
h18.t14.nogoods_size = 13283
h18.t14.nodes = 21154
h18.t14.propagations = 21154
h18.t15.stop_reason = unsatisfiable
h18.t15.restarts = 3
h18.t15.nogoods_size = 13283
h18.t15.nodes = 20853
h18.t15.propagations = 20853
h18.t16.stop_reason = unsatisfiable
h18.t16.restarts = 3
h18.t16.nogoods_size = 13283
h18.t16.nodes = 18357
h18.t16.propagations = 18357
h18.t11.stop_reason = unsatisfiable
h18.t11.restarts = 3
h18.t11.nogoods_size = 13283
h18.t11.nodes = 21371
h18.t11.propagations = 21371
h18.t5.stop_reason = unsatisfiable
h18.t5.restarts = 3
h18.t5.nogoods_size = 13283
h18.t5.nodes = 18722
h18.t5.propagations = 18722
h18.t0.stop_reason = unsatisfiable
h18.t0.restarts = 3
h18.t0.nogoods_size = 13283
h18.t0.nodes = 10689
h18.t0.propagations = 10689
h18.t8.stop_reason = unsatisfiable
h18.t8.restarts = 3
h18.t8.nogoods_size = 13283
h18.t8.nodes = 19040
h18.t8.propagations = 19040
h18.t2.stop_reason = unsatisfiable
h18.t2.restarts = 3
h18.t2.nogoods_size = 13283
h18.t2.nodes = 19139
h18.t2.propagations = 19139
h18.t6.stop_reason = unsatisfiable
h18.t6.restarts = 3
h18.t6.nogoods_size = 13283
h18.t6.nodes = 19936
h18.t6.propagations = 19936
h18.search_time = 263
h18.nodes = 339838
h18.propagations = 902756
h19.t16.stop_reason = aborted
h19.t16.restarts = 3
h19.t16.nogoods_size = 13275
h19.t16.nodes = 26349
h19.t16.propagations = 26349
h19.t15.stop_reason = aborted
h19.t15.restarts = 3
h19.t15.nogoods_size = 13275
h19.t15.nodes = 19432
h19.t15.propagations = 19432
h19.t4.stop_reason = aborted
h19.t4.restarts = 3
h19.t4.nogoods_size = 13275
h19.t4.nodes = 18755
h19.t4.propagations = 18755
h19.t7.stop_reason = aborted
h19.t7.restarts = 3
h19.t7.nogoods_size = 13275
h19.t7.nodes = 21050
h19.t7.propagations = 21050
h19.t13.stop_reason = aborted
h19.t13.restarts = 3
h19.t13.nogoods_size = 13275
h19.t13.nodes = 18833
h19.t13.propagations = 18833
h19.t3.stop_reason = aborted
h19.t3.restarts = 3
h19.t3.nogoods_size = 13275
h19.t3.nodes = 19205
h19.t3.propagations = 19205
h19.t2.stop_reason = aborted
h19.t2.restarts = 3
h19.t2.nogoods_size = 13275
h19.t2.nodes = 20089
h19.t2.propagations = 20089
h19.t8.stop_reason = aborted
h19.t8.restarts = 3
h19.t8.nogoods_size = 13275
h19.t8.nodes = 19406
h19.t8.propagations = 19406
h19.t11.stop_reason = aborted
h19.t11.restarts = 3
h19.t11.nogoods_size = 13275
h19.t11.nodes = 21466
h19.t11.propagations = 21466
h19.t9.stop_reason = aborted
h19.t9.restarts = 3
h19.t9.nogoods_size = 13275
h19.t9.nodes = 20649
h19.t9.propagations = 20649
h19.t1.stop_reason = aborted
h19.t1.restarts = 3
h19.t1.nogoods_size = 13275
h19.t1.nodes = 19487
h19.t1.propagations = 19487
h19.t5.stop_reason = aborted
h19.t5.restarts = 3
h19.t5.nogoods_size = 13275
h19.t5.nodes = 20804
h19.t5.propagations = 20804
h19.t10.stop_reason = aborted
h19.t10.restarts = 3
h19.t10.nogoods_size = 13275
h19.t10.nodes = 20620
h19.t10.propagations = 20620
h19.t6.stop_reason = aborted
h19.t6.restarts = 3
h19.t6.nogoods_size = 13275
h19.t6.nodes = 19761
h19.t6.propagations = 19761
h19.t14.stop_reason = unsatisfiable
h19.t14.restarts = 3
h19.t14.nogoods_size = 13275
h19.t14.nodes = 18826
h19.t14.propagations = 18826
h19.t12.stop_reason = aborted
h19.t12.restarts = 3
h19.t12.nogoods_size = 13275
h19.t12.nodes = 18877
h19.t12.propagations = 18877
h19.t17.stop_reason = unsatisfiable
h19.t17.restarts = 3
h19.t17.nogoods_size = 13275
h19.t17.nodes = 9330
h19.t17.propagations = 9330
h19.t0.stop_reason = aborted
h19.t0.restarts = 3
h19.t0.nogoods_size = 13275
h19.t0.nodes = 10813
h19.t0.propagations = 10813
h19.search_time = 266
h19.nodes = 343752
h19.propagations = 936746
h20.t1.stop_reason = aborted
h20.t1.restarts = 3
h20.t1.nogoods_size = 13270
h20.t1.nodes = 18499
h20.t1.propagations = 18499
h20.t3.stop_reason = aborted
h20.t3.restarts = 3
h20.t3.nogoods_size = 13270
h20.t3.nodes = 18632
h20.t3.propagations = 18632
h20.t4.stop_reason = aborted
h20.t4.restarts = 3
h20.t4.nogoods_size = 13270
h20.t4.nodes = 18317
h20.t4.propagations = 18317
h20.t5.stop_reason = unsatisfiable
h20.t5.restarts = 3
h20.t5.nogoods_size = 13270
h20.t5.nodes = 23661
h20.t5.propagations = 23661
h20.t15.stop_reason = unsatisfiable
h20.t15.restarts = 3
h20.t15.nogoods_size = 13270
h20.t15.nodes = 19980
h20.t15.propagations = 19980
h20.t7.stop_reason = unsatisfiable
h20.t7.restarts = 3
h20.t7.nogoods_size = 13270
h20.t7.nodes = 19572
h20.t7.propagations = 19572
h20.t14.stop_reason = aborted
h20.t14.restarts = 3
h20.t14.nogoods_size = 13270
h20.t14.nodes = 20001
h20.t14.propagations = 20001
h20.t12.stop_reason = unsatisfiable
h20.t12.restarts = 3
h20.t12.nogoods_size = 13270
h20.t12.nodes = 19826
h20.t12.propagations = 19826
h20.t16.stop_reason = unsatisfiable
h20.t16.restarts = 3
h20.t16.nogoods_size = 13270
h20.t16.nodes = 18951
h20.t16.propagations = 18951
h20.t8.stop_reason = unsatisfiable
h20.t8.restarts = 3
h20.t8.nogoods_size = 13270
h20.t8.nodes = 18783
h20.t8.propagations = 18783
h20.t9.stop_reason = unsatisfiable
h20.t9.restarts = 3
h20.t9.nogoods_size = 13270
h20.t9.nodes = 18856
h20.t9.propagations = 18856
h20.t17.stop_reason = aborted
h20.t17.restarts = 3
h20.t17.nogoods_size = 13270
h20.t17.nodes = 9170
h20.t17.propagations = 9170
h20.t6.stop_reason = unsatisfiable
h20.t6.restarts = 3
h20.t6.nogoods_size = 13270
h20.t6.nodes = 18602
h20.t6.propagations = 18602
h20.t13.stop_reason = unsatisfiable
h20.t13.restarts = 3
h20.t13.nogoods_size = 13270
h20.t13.nodes = 19443
h20.t13.propagations = 19443
h20.t11.stop_reason = unsatisfiable
h20.t11.restarts = 3
h20.t11.nogoods_size = 13270
h20.t11.nodes = 19173
h20.t11.propagations = 19173
h20.t0.stop_reason = unsatisfiable
h20.t0.restarts = 3
h20.t0.nogoods_size = 13270
h20.t0.nodes = 9317
h20.t0.propagations = 9317
h20.t10.stop_reason = unsatisfiable
h20.t10.restarts = 3
h20.t10.nogoods_size = 13270
h20.t10.nodes = 19868
h20.t10.propagations = 19868
h20.t2.stop_reason = unsatisfiable
h20.t2.restarts = 3
h20.t2.nogoods_size = 13270
h20.t2.nodes = 18864
h20.t2.propagations = 18864
h20.search_time = 262
h20.nodes = 329515
h20.propagations = 896353
h21.t17.stop_reason = unsatisfiable
h21.t17.restarts = 3
h21.t17.nogoods_size = 13257
h21.t17.nodes = 10845
h21.t17.propagations = 10845
h21.t0.stop_reason = unsatisfiable
h21.t0.restarts = 3
h21.t0.nogoods_size = 13257
h21.t0.nodes = 10524
h21.t0.propagations = 10524
h21.t8.stop_reason = unsatisfiable
h21.t8.restarts = 3
h21.t8.nogoods_size = 13257
h21.t8.nodes = 20199
h21.t8.propagations = 20199
h21.t9.stop_reason = aborted
h21.t9.restarts = 3
h21.t9.nogoods_size = 13257
h21.t9.nodes = 20991
h21.t9.propagations = 20991
h21.t2.stop_reason = aborted
h21.t2.restarts = 3
h21.t2.nogoods_size = 13257
h21.t2.nodes = 19887
h21.t2.propagations = 19887
h21.t16.stop_reason = aborted
h21.t16.restarts = 3
h21.t16.nogoods_size = 13257
h21.t16.nodes = 24618
h21.t16.propagations = 24618
h21.t15.stop_reason = unsatisfiable
h21.t15.restarts = 3
h21.t15.nogoods_size = 13257
h21.t15.nodes = 19768
h21.t15.propagations = 19768
h21.t6.stop_reason = unsatisfiable
h21.t6.restarts = 3
h21.t6.nogoods_size = 13257
h21.t6.nodes = 18406
h21.t6.propagations = 18406
h21.t5.stop_reason = unsatisfiable
h21.t5.restarts = 3
h21.t5.nogoods_size = 13257
h21.t5.nodes = 20268
h21.t5.propagations = 20268
h21.t10.stop_reason = unsatisfiable
h21.t10.restarts = 3
h21.t10.nogoods_size = 13257
h21.t10.nodes = 18369
h21.t10.propagations = 18369
h21.t3.stop_reason = unsatisfiable
h21.t3.restarts = 3
h21.t3.nogoods_size = 13257
h21.t3.nodes = 20878
h21.t3.propagations = 20878
h21.t1.stop_reason = unsatisfiable
h21.t1.restarts = 3
h21.t1.nogoods_size = 13257
h21.t1.nodes = 20360
h21.t1.propagations = 20360
h21.t14.stop_reason = unsatisfiable
h21.t14.restarts = 3
h21.t14.nogoods_size = 13257
h21.t14.nodes = 19582
h21.t14.propagations = 19582
h21.t12.stop_reason = unsatisfiable
h21.t12.restarts = 3
h21.t12.nogoods_size = 13257
h21.t12.nodes = 21119
h21.t12.propagations = 21119
h21.t13.stop_reason = unsatisfiable
h21.t13.restarts = 3
h21.t13.nogoods_size = 13257
h21.t13.nodes = 20869
h21.t13.propagations = 20869
h21.t7.stop_reason = unsatisfiable
h21.t7.restarts = 3
h21.t7.nogoods_size = 13257
h21.t7.nodes = 20084
h21.t7.propagations = 20084
h21.t4.stop_reason = unsatisfiable
h21.t4.restarts = 3
h21.t4.nogoods_size = 13257
h21.t4.nodes = 20837
h21.t4.propagations = 20837
h21.t11.stop_reason = unsatisfiable
h21.t11.restarts = 3
h21.t11.nogoods_size = 13257
h21.t11.nodes = 18785
h21.t11.propagations = 18785
h21.search_time = 262
h21.nodes = 346389
h21.propagations = 921873
h22.t14.stop_reason = aborted
h22.t14.restarts = 3
h22.t14.nogoods_size = 13231
h22.t14.nodes = 19746
h22.t14.propagations = 19746
h22.t9.stop_reason = aborted
h22.t9.restarts = 3
h22.t9.nogoods_size = 13231
h22.t9.nodes = 19577
h22.t9.propagations = 19577
h22.t13.stop_reason = aborted
h22.t13.restarts = 3
h22.t13.nogoods_size = 13231
h22.t13.nodes = 18772
h22.t13.propagations = 18772
h22.t2.stop_reason = unsatisfiable
h22.t2.restarts = 3
h22.t2.nogoods_size = 13231
h22.t2.nodes = 19289
h22.t2.propagations = 19289
h22.t7.stop_reason = unsatisfiable
h22.t7.restarts = 3
h22.t7.nogoods_size = 13231
h22.t7.nodes = 20062
h22.t7.propagations = 20062
h22.t5.stop_reason = aborted
h22.t5.restarts = 3
h22.t5.nogoods_size = 13231
h22.t5.nodes = 19977
h22.t5.propagations = 19977
h22.t4.stop_reason = unsatisfiable
h22.t4.restarts = 3
h22.t4.nogoods_size = 13231
h22.t4.nodes = 19479
h22.t4.propagations = 19479
h22.t15.stop_reason = unsatisfiable
h22.t15.restarts = 3
h22.t15.nogoods_size = 13231
h22.t15.nodes = 19606
h22.t15.propagations = 19606
h22.t3.stop_reason = unsatisfiable
h22.t3.restarts = 3
h22.t3.nogoods_size = 13231
h22.t3.nodes = 21091
h22.t3.propagations = 21091
h22.t11.stop_reason = unsatisfiable
h22.t11.restarts = 3
h22.t11.nogoods_size = 13231
h22.t11.nodes = 19938
h22.t11.propagations = 19938
h22.t6.stop_reason = unsatisfiable
h22.t6.restarts = 3
h22.t6.nogoods_size = 13231
h22.t6.nodes = 20092
h22.t6.propagations = 20092
h22.t12.stop_reason = unsatisfiable
h22.t12.restarts = 3
h22.t12.nogoods_size = 13231
h22.t12.nodes = 21245
h22.t12.propagations = 21245
h22.t8.stop_reason = unsatisfiable
h22.t8.restarts = 3
h22.t8.nogoods_size = 13231
h22.t8.nodes = 18755
h22.t8.propagations = 18755
h22.t0.stop_reason = unsatisfiable
h22.t0.restarts = 3
h22.t0.nogoods_size = 13231
h22.t0.nodes = 9263
h22.t0.propagations = 9263
h22.t1.stop_reason = unsatisfiable
h22.t1.restarts = 3
h22.t1.nogoods_size = 13231
h22.t1.nodes = 20357
h22.t1.propagations = 20357
h22.t10.stop_reason = unsatisfiable
h22.t10.restarts = 3
h22.t10.nogoods_size = 13231
h22.t10.nodes = 20656
h22.t10.propagations = 20656
h22.t16.stop_reason = unsatisfiable
h22.t16.restarts = 3
h22.t16.nogoods_size = 13231
h22.t16.nodes = 19501
h22.t16.propagations = 19501
h22.t17.stop_reason = aborted
h22.t17.restarts = 3
h22.t17.nogoods_size = 13231
h22.t17.nodes = 9536
h22.t17.propagations = 9536
h22.search_time = 264
h22.nodes = 336942
h22.propagations = 907358
h23.t16.stop_reason = unsatisfiable
h23.t16.restarts = 3
h23.t16.nogoods_size = 13331
h23.t16.nodes = 19666
h23.t16.propagations = 19666
h23.t3.stop_reason = unsatisfiable
h23.t3.restarts = 3
h23.t3.nogoods_size = 13331
h23.t3.nodes = 20324
h23.t3.propagations = 20324
h23.t4.stop_reason = aborted
h23.t4.restarts = 3
h23.t4.nogoods_size = 13331
h23.t4.nodes = 20318
h23.t4.propagations = 20318
h23.t11.stop_reason = unsatisfiable
h23.t11.restarts = 3
h23.t11.nogoods_size = 13331
h23.t11.nodes = 22743
h23.t11.propagations = 22743
h23.t14.stop_reason = aborted
h23.t14.restarts = 3
h23.t14.nogoods_size = 13331
h23.t14.nodes = 22328
h23.t14.propagations = 22328
h23.t8.stop_reason = aborted
h23.t8.restarts = 3
h23.t8.nogoods_size = 13331
h23.t8.nodes = 19618
h23.t8.propagations = 19618
h23.t1.stop_reason = aborted
h23.t1.restarts = 3
h23.t1.nogoods_size = 13331
h23.t1.nodes = 20922
h23.t1.propagations = 20922
h23.t7.stop_reason = unsatisfiable
h23.t7.restarts = 3
h23.t7.nogoods_size = 13331
h23.t7.nodes = 18814
h23.t7.propagations = 18814
h23.t10.stop_reason = unsatisfiable
h23.t10.restarts = 3
h23.t10.nogoods_size = 13331
h23.t10.nodes = 21884
h23.t10.propagations = 21884
h23.t6.stop_reason = unsatisfiable
h23.t6.restarts = 3
h23.t6.nogoods_size = 13331
h23.t6.nodes = 19935
h23.t6.propagations = 19935
h23.t17.stop_reason = aborted
h23.t17.restarts = 3
h23.t17.nogoods_size = 13331
h23.t17.nodes = 10189
h23.t17.propagations = 10189
h23.t9.stop_reason = unsatisfiable
h23.t9.restarts = 3
h23.t9.nogoods_size = 13331
h23.t9.nodes = 22289
h23.t9.propagations = 22289
h23.t5.stop_reason = unsatisfiable
h23.t5.restarts = 3
h23.t5.nogoods_size = 13331
h23.t5.nodes = 21108
h23.t5.propagations = 21108
h23.t2.stop_reason = unsatisfiable
h23.t2.restarts = 3
h23.t2.nogoods_size = 13331
h23.t2.nodes = 25509
h23.t2.propagations = 25509
h23.t0.stop_reason = unsatisfiable
h23.t0.restarts = 3
h23.t0.nogoods_size = 13331
h23.t0.nodes = 9434
h23.t0.propagations = 9434
h23.t13.stop_reason = unsatisfiable
h23.t13.restarts = 3
h23.t13.nogoods_size = 13331
h23.t13.nodes = 19547
h23.t13.propagations = 19547
h23.t15.stop_reason = unsatisfiable
h23.t15.restarts = 3
h23.t15.nogoods_size = 13331
h23.t15.nodes = 21155
h23.t15.propagations = 21155
h23.t12.stop_reason = unsatisfiable
h23.t12.restarts = 3
h23.t12.nogoods_size = 13331
h23.t12.nodes = 19647
h23.t12.propagations = 19647
h23.search_time = 263
h23.nodes = 355430
h23.propagations = 939386
h24.t15.stop_reason = unsatisfiable
h24.t15.restarts = 3
h24.t15.nogoods_size = 13299
h24.t15.nodes = 19505
h24.t15.propagations = 19505
h24.t16.stop_reason = aborted
h24.t16.restarts = 3
h24.t16.nogoods_size = 13299
h24.t16.nodes = 21394
h24.t16.propagations = 21394
h24.t9.stop_reason = aborted
h24.t9.restarts = 3
h24.t9.nogoods_size = 13299
h24.t9.nodes = 20524
h24.t9.propagations = 20524
h24.t2.stop_reason = aborted
h24.t2.restarts = 3
h24.t2.nogoods_size = 13299
h24.t2.nodes = 22790
h24.t2.propagations = 22790
h24.t8.stop_reason = unsatisfiable
h24.t8.restarts = 3
h24.t8.nogoods_size = 13299
h24.t8.nodes = 24005
h24.t8.propagations = 24005
h24.t17.stop_reason = aborted
h24.t17.restarts = 3
h24.t17.nogoods_size = 13299
h24.t17.nodes = 11403
h24.t17.propagations = 11403
h24.t6.stop_reason = unsatisfiable
h24.t6.restarts = 3
h24.t6.nogoods_size = 13299
h24.t6.nodes = 19549
h24.t6.propagations = 19549
h24.t10.stop_reason = unsatisfiable
h24.t10.restarts = 3
h24.t10.nogoods_size = 13299
h24.t10.nodes = 20096
h24.t10.propagations = 20096
h24.t14.stop_reason = unsatisfiable
h24.t14.restarts = 3
h24.t14.nogoods_size = 13299
h24.t14.nodes = 22549
h24.t14.propagations = 22549
h24.t4.stop_reason = unsatisfiable
h24.t4.restarts = 3
h24.t4.nogoods_size = 13299
h24.t4.nodes = 19395
h24.t4.propagations = 19395
h24.t7.stop_reason = unsatisfiable
h24.t7.restarts = 3
h24.t7.nogoods_size = 13299
h24.t7.nodes = 18098
h24.t7.propagations = 18098
h24.t12.stop_reason = unsatisfiable
h24.t12.restarts = 3
h24.t12.nogoods_size = 13299
h24.t12.nodes = 21163
h24.t12.propagations = 21163
h24.t13.stop_reason = unsatisfiable
h24.t13.restarts = 3
h24.t13.nogoods_size = 13299
h24.t13.nodes = 19295
h24.t13.propagations = 19295
h24.t1.stop_reason = unsatisfiable
h24.t1.restarts = 3
h24.t1.nogoods_size = 13299
h24.t1.nodes = 20375
h24.t1.propagations = 20375
h24.t5.stop_reason = unsatisfiable
h24.t5.restarts = 3
h24.t5.nogoods_size = 13299
h24.t5.nodes = 21943
h24.t5.propagations = 21943
h24.t0.stop_reason = unsatisfiable
h24.t0.restarts = 3
h24.t0.nogoods_size = 13299
h24.t0.nodes = 10010
h24.t0.propagations = 10010
h24.t11.stop_reason = unsatisfiable
h24.t11.restarts = 3
h24.t11.nogoods_size = 13299
h24.t11.nodes = 19803
h24.t11.propagations = 19803
h24.t3.stop_reason = unsatisfiable
h24.t3.restarts = 3
h24.t3.nogoods_size = 13299
h24.t3.nodes = 19354
h24.t3.propagations = 19354
h24.search_time = 264
h24.nodes = 351251
h24.propagations = 934221
h25.t2.stop_reason = unsatisfiable
h25.t2.restarts = 3
h25.t2.nogoods_size = 13238
h25.t2.nodes = 19725
h25.t2.propagations = 19725
h25.t16.stop_reason = unsatisfiable
h25.t16.restarts = 3
h25.t16.nogoods_size = 13238
h25.t16.nodes = 18930
h25.t16.propagations = 18930
h25.t17.stop_reason = aborted
h25.t17.restarts = 3
h25.t17.nogoods_size = 13238
h25.t17.nodes = 10403
h25.t17.propagations = 10403
h25.t4.stop_reason = aborted
h25.t4.restarts = 3
h25.t4.nogoods_size = 13238
h25.t4.nodes = 18730
h25.t4.propagations = 18730
h25.t3.stop_reason = unsatisfiable
h25.t3.restarts = 3
h25.t3.nogoods_size = 13238
h25.t3.nodes = 18793
h25.t3.propagations = 18793
h25.t9.stop_reason = unsatisfiable
h25.t9.restarts = 3
h25.t9.nogoods_size = 13238
h25.t9.nodes = 21640
h25.t9.propagations = 21640
h25.t7.stop_reason = aborted
h25.t7.restarts = 3
h25.t7.nogoods_size = 13238
h25.t7.nodes = 19567
h25.t7.propagations = 19567
h25.t10.stop_reason = unsatisfiable
h25.t10.restarts = 3
h25.t10.nogoods_size = 13238
h25.t10.nodes = 19641
h25.t10.propagations = 19641
h25.t6.stop_reason = unsatisfiable
h25.t6.restarts = 3
h25.t6.nogoods_size = 13238
h25.t6.nodes = 20987
h25.t6.propagations = 20987
h25.t13.stop_reason = unsatisfiable
h25.t13.restarts = 3
h25.t13.nogoods_size = 13238
h25.t13.nodes = 21630
h25.t13.propagations = 21630
h25.t15.stop_reason = unsatisfiable
h25.t15.restarts = 3
h25.t15.nogoods_size = 13238
h25.t15.nodes = 18774
h25.t15.propagations = 18774
h25.t1.stop_reason = unsatisfiable
h25.t1.restarts = 3
h25.t1.nogoods_size = 13238
h25.t1.nodes = 21712
h25.t1.propagations = 21712
h25.t0.stop_reason = unsatisfiable
h25.t0.restarts = 3
h25.t0.nogoods_size = 13238
h25.t0.nodes = 10702
h25.t0.propagations = 10702
h25.t14.stop_reason = aborted
h25.t14.restarts = 3
h25.t14.nogoods_size = 13238
h25.t14.nodes = 20032
h25.t14.propagations = 20032
h25.t11.stop_reason = aborted
h25.t11.restarts = 3
h25.t11.nogoods_size = 13238
h25.t11.nodes = 19683
h25.t11.propagations = 19683
h25.t8.stop_reason = unsatisfiable
h25.t8.restarts = 3
h25.t8.nogoods_size = 13238
h25.t8.nodes = 18729
h25.t8.propagations = 18729
h25.t5.stop_reason = unsatisfiable
h25.t5.restarts = 3
h25.t5.nogoods_size = 13238
h25.t5.nodes = 20050
h25.t5.propagations = 20050
h25.t12.stop_reason = unsatisfiable
h25.t12.restarts = 3
h25.t12.nogoods_size = 13238
h25.t12.nodes = 20023
h25.t12.propagations = 20023
h25.search_time = 263
h25.nodes = 339751
h25.propagations = 916409
h26.t17.stop_reason = unsatisfiable
h26.t17.restarts = 3
h26.t17.nogoods_size = 13260
h26.t17.nodes = 9873
h26.t17.propagations = 9873
h26.t0.stop_reason = aborted
h26.t0.restarts = 3
h26.t0.nogoods_size = 13260
h26.t0.nodes = 12010
h26.t0.propagations = 12010
h26.t4.stop_reason = unsatisfiable
h26.t4.restarts = 3
h26.t4.nogoods_size = 13260
h26.t4.nodes = 21930
h26.t4.propagations = 21930
h26.t3.stop_reason = aborted
h26.t3.restarts = 3
h26.t3.nogoods_size = 13260
h26.t3.nodes = 18632
h26.t3.propagations = 18632
h26.t1.stop_reason = aborted
h26.t1.restarts = 3
h26.t1.nogoods_size = 13260
h26.t1.nodes = 18779
h26.t1.propagations = 18779
h26.t7.stop_reason = aborted
h26.t7.restarts = 3
h26.t7.nogoods_size = 13260
h26.t7.nodes = 20694
h26.t7.propagations = 20694
h26.t13.stop_reason = aborted
h26.t13.restarts = 3
h26.t13.nogoods_size = 13260
h26.t13.nodes = 21072
h26.t13.propagations = 21072
h26.t8.stop_reason = unsatisfiable
h26.t8.restarts = 3
h26.t8.nogoods_size = 13260
h26.t8.nodes = 20142
h26.t8.propagations = 20142
h26.t2.stop_reason = unsatisfiable
h26.t2.restarts = 3
h26.t2.nogoods_size = 13260
h26.t2.nodes = 18954
h26.t2.propagations = 18954
h26.t14.stop_reason = unsatisfiable
h26.t14.restarts = 3
h26.t14.nogoods_size = 13260
h26.t14.nodes = 19757
h26.t14.propagations = 19757
h26.t5.stop_reason = unsatisfiable
h26.t5.restarts = 3
h26.t5.nogoods_size = 13260
h26.t5.nodes = 22115
h26.t5.propagations = 22115
h26.t10.stop_reason = unsatisfiable
h26.t10.restarts = 3
h26.t10.nogoods_size = 13260
h26.t10.nodes = 20266
h26.t10.propagations = 20266
h26.t12.stop_reason = unsatisfiable
h26.t12.restarts = 3
h26.t12.nogoods_size = 13260
h26.t12.nodes = 19648
h26.t12.propagations = 19648
h26.t6.stop_reason = unsatisfiable
h26.t6.restarts = 3
h26.t6.nogoods_size = 13260
h26.t6.nodes = 19827
h26.t6.propagations = 19827
h26.t11.stop_reason = unsatisfiable
h26.t11.restarts = 3
h26.t11.nogoods_size = 13260
h26.t11.nodes = 22871
h26.t11.propagations = 22871
h26.t9.stop_reason = unsatisfiable
h26.t9.restarts = 3
h26.t9.nogoods_size = 13260
h26.t9.nodes = 20126
h26.t9.propagations = 20126
h26.t15.stop_reason = unsatisfiable
h26.t15.restarts = 3
h26.t15.nogoods_size = 13260
h26.t15.nodes = 19335
h26.t15.propagations = 19335
h26.t16.stop_reason = unsatisfiable
h26.t16.restarts = 3
h26.t16.nogoods_size = 13260
h26.t16.nodes = 18700
h26.t16.propagations = 18700
h26.search_time = 265
h26.nodes = 344731
h26.propagations = 920377
h27.t2.stop_reason = aborted
h27.t2.restarts = 3
h27.t2.nogoods_size = 13263
h27.t2.nodes = 21520
h27.t2.propagations = 21520
h27.t17.stop_reason = aborted
h27.t17.restarts = 3
h27.t17.nogoods_size = 13263
h27.t17.nodes = 7424
h27.t17.propagations = 7424
h27.t8.stop_reason = aborted
h27.t8.restarts = 3
h27.t8.nogoods_size = 13263
h27.t8.nodes = 19191
h27.t8.propagations = 19191
h27.t15.stop_reason = unsatisfiable
h27.t15.restarts = 3
h27.t15.nogoods_size = 13263
h27.t15.nodes = 19407
h27.t15.propagations = 19407
h27.t16.stop_reason = unsatisfiable
h27.t16.restarts = 3
h27.t16.nogoods_size = 13263
h27.t16.nodes = 18983
h27.t16.propagations = 18983
h27.t10.stop_reason = unsatisfiable
h27.t10.restarts = 3
h27.t10.nogoods_size = 13263
h27.t10.nodes = 19509
h27.t10.propagations = 19509
h27.t7.stop_reason = unsatisfiable
h27.t7.restarts = 3
h27.t7.nogoods_size = 13263
h27.t7.nodes = 19727
h27.t7.propagations = 19727
h27.t6.stop_reason = aborted
h27.t6.restarts = 3
h27.t6.nogoods_size = 13263
h27.t6.nodes = 20542
h27.t6.propagations = 20542
h27.t4.stop_reason = unsatisfiable
h27.t4.restarts = 3
h27.t4.nogoods_size = 13263
h27.t4.nodes = 19912
h27.t4.propagations = 19912
h27.t5.stop_reason = unsatisfiable
h27.t5.restarts = 3
h27.t5.nogoods_size = 13263
h27.t5.nodes = 20377
h27.t5.propagations = 20377
h27.t12.stop_reason = unsatisfiable
h27.t12.restarts = 3
h27.t12.nogoods_size = 13263
h27.t12.nodes = 19462
h27.t12.propagations = 19462
h27.t9.stop_reason = unsatisfiable
h27.t9.restarts = 3
h27.t9.nogoods_size = 13263
h27.t9.nodes = 21826
h27.t9.propagations = 21826
h27.t13.stop_reason = unsatisfiable
h27.t13.restarts = 3
h27.t13.nogoods_size = 13263
h27.t13.nodes = 19101
h27.t13.propagations = 19101
h27.t0.stop_reason = unsatisfiable
h27.t0.restarts = 3
h27.t0.nogoods_size = 13263
h27.t0.nodes = 12908
h27.t0.propagations = 12908
h27.t14.stop_reason = unsatisfiable
h27.t14.restarts = 3
h27.t14.nogoods_size = 13263
h27.t14.nodes = 19026
h27.t14.propagations = 19026
h27.t11.stop_reason = unsatisfiable
h27.t11.restarts = 3
h27.t11.nogoods_size = 13263
h27.t11.nodes = 19226
h27.t11.propagations = 19226
h27.t1.stop_reason = unsatisfiable
h27.t1.restarts = 3
h27.t1.nogoods_size = 13263
h27.t1.nodes = 20618
h27.t1.propagations = 20618
h27.t3.stop_reason = unsatisfiable
h27.t3.restarts = 3
h27.t3.nogoods_size = 13263
h27.t3.nodes = 19261
h27.t3.propagations = 19261
h27.search_time = 264
h27.nodes = 338020
h27.propagations = 906866
h28.t16.stop_reason = unsatisfiable
h28.t16.restarts = 3
h28.t16.nogoods_size = 13268
h28.t16.nodes = 20718
h28.t16.propagations = 20718
h28.t4.stop_reason = aborted
h28.t4.restarts = 3
h28.t4.nogoods_size = 13268
h28.t4.nodes = 19566
h28.t4.propagations = 19566
h28.t1.stop_reason = aborted
h28.t1.restarts = 3
h28.t1.nogoods_size = 13268
h28.t1.nodes = 19979
h28.t1.propagations = 19979
h28.t3.stop_reason = aborted
h28.t3.restarts = 3
h28.t3.nogoods_size = 13268
h28.t3.nodes = 23771
h28.t3.propagations = 23771
h28.t5.stop_reason = unsatisfiable
h28.t5.restarts = 3
h28.t5.nogoods_size = 13268
h28.t5.nodes = 19657
h28.t5.propagations = 19657
h28.t12.stop_reason = unsatisfiable
h28.t12.restarts = 3
h28.t12.nogoods_size = 13268
h28.t12.nodes = 21188
h28.t12.propagations = 21188
h28.t13.stop_reason = unsatisfiable
h28.t13.restarts = 3
h28.t13.nogoods_size = 13268
h28.t13.nodes = 19742
h28.t13.propagations = 19742
h28.t11.stop_reason = unsatisfiable
h28.t11.restarts = 3
h28.t11.nogoods_size = 13268
h28.t11.nodes = 20137
h28.t11.propagations = 20137
h28.t15.stop_reason = unsatisfiable
h28.t15.restarts = 3
h28.t15.nogoods_size = 13268
h28.t15.nodes = 18265
h28.t15.propagations = 18265
h28.t8.stop_reason = unsatisfiable
h28.t8.restarts = 3
h28.t8.nogoods_size = 13268
h28.t8.nodes = 18199
h28.t8.propagations = 18199
h28.t14.stop_reason = aborted
h28.t14.restarts = 3
h28.t14.nogoods_size = 13268
h28.t14.nodes = 19092
h28.t14.propagations = 19092
h28.t6.stop_reason = unsatisfiable
h28.t6.restarts = 3
h28.t6.nogoods_size = 13268
h28.t6.nodes = 22089
h28.t6.propagations = 22089
h28.t7.stop_reason = unsatisfiable
h28.t7.restarts = 3
h28.t7.nogoods_size = 13268
h28.t7.nodes = 22296
h28.t7.propagations = 22296
h28.t9.stop_reason = unsatisfiable
h28.t9.restarts = 3
h28.t9.nogoods_size = 13268
h28.t9.nodes = 18278
h28.t9.propagations = 18278
h28.t17.stop_reason = aborted
h28.t17.restarts = 3
h28.t17.nogoods_size = 13268
h28.t17.nodes = 10000
h28.t17.propagations = 10000
h28.t2.stop_reason = unsatisfiable
h28.t2.restarts = 3
h28.t2.nogoods_size = 13268
h28.t2.nodes = 19644
h28.t2.propagations = 19644
h28.t0.stop_reason = unsatisfiable
h28.t0.restarts = 3
h28.t0.nogoods_size = 13268
h28.t0.nodes = 10898
h28.t0.propagations = 10898
h28.t10.stop_reason = unsatisfiable
h28.t10.restarts = 3
h28.t10.nogoods_size = 13268
h28.t10.nodes = 19480
h28.t10.propagations = 19480
h28.search_time = 262
h28.nodes = 342999
h28.propagations = 918363
h29.t0.stop_reason = aborted
h29.t0.restarts = 3
h29.t0.nogoods_size = 13291
h29.t0.nodes = 10539
h29.t0.propagations = 10539
h29.t13.stop_reason = aborted
h29.t13.restarts = 3
h29.t13.nogoods_size = 13291
h29.t13.nodes = 32143
h29.t13.propagations = 32143
h29.t9.stop_reason = aborted
h29.t9.restarts = 3
h29.t9.nogoods_size = 13291
h29.t9.nodes = 20299
h29.t9.propagations = 20299
h29.t8.stop_reason = aborted
h29.t8.restarts = 3
h29.t8.nogoods_size = 13291
h29.t8.nodes = 22514
h29.t8.propagations = 22514
h29.t2.stop_reason = unsatisfiable
h29.t2.restarts = 3
h29.t2.nogoods_size = 13291
h29.t2.nodes = 19436
h29.t2.propagations = 19436
h29.t3.stop_reason = aborted
h29.t3.restarts = 3
h29.t3.nogoods_size = 13291
h29.t3.nodes = 20602
h29.t3.propagations = 20602
h29.t1.stop_reason = aborted
h29.t1.restarts = 3
h29.t1.nogoods_size = 13291
h29.t1.nodes = 18762
h29.t1.propagations = 18762
h29.t5.stop_reason = aborted
h29.t5.restarts = 3
h29.t5.nogoods_size = 13291
h29.t5.nodes = 20813
h29.t5.propagations = 20813
h29.t6.stop_reason = aborted
h29.t6.restarts = 3
h29.t6.nogoods_size = 13291
h29.t6.nodes = 18177
h29.t6.propagations = 18177
h29.t11.stop_reason = aborted
h29.t11.restarts = 3
h29.t11.nogoods_size = 13291
h29.t11.nodes = 20298
h29.t11.propagations = 20298
h29.t14.stop_reason = aborted
h29.t14.restarts = 3
h29.t14.nogoods_size = 13291
h29.t14.nodes = 20319
h29.t14.propagations = 20319
h29.t12.stop_reason = aborted
h29.t12.restarts = 3
h29.t12.nogoods_size = 13291
h29.t12.nodes = 18956
h29.t12.propagations = 18956
h29.t10.stop_reason = aborted
h29.t10.restarts = 3
h29.t10.nogoods_size = 13291
h29.t10.nodes = 20848
h29.t10.propagations = 20848
h29.t7.stop_reason = aborted
h29.t7.restarts = 3
h29.t7.nogoods_size = 13291
h29.t7.nodes = 20896
h29.t7.propagations = 20896
h29.t4.stop_reason = aborted
h29.t4.restarts = 3
h29.t4.nogoods_size = 13291
h29.t4.nodes = 19328
h29.t4.propagations = 19328
h29.t15.stop_reason = aborted
h29.t15.restarts = 3
h29.t15.nogoods_size = 13291
h29.t15.nodes = 19857
h29.t15.propagations = 19857
h29.t17.stop_reason = unsatisfiable
h29.t17.restarts = 3
h29.t17.nogoods_size = 13291
h29.t17.nodes = 9205
h29.t17.propagations = 9205
h29.t16.stop_reason = unsatisfiable
h29.t16.restarts = 3
h29.t16.nogoods_size = 13291
h29.t16.nodes = 25493
h29.t16.propagations = 25493
h29.search_time = 262
h29.nodes = 358485
h29.propagations = 952595
h30.t17.stop_reason = unsatisfiable
h30.t17.restarts = 3
h30.t17.nogoods_size = 13266
h30.t17.nodes = 10100
h30.t17.propagations = 10100
h30.t9.stop_reason = aborted
h30.t9.restarts = 3
h30.t9.nogoods_size = 13266
h30.t9.nodes = 20053
h30.t9.propagations = 20053
h30.t16.stop_reason = aborted
h30.t16.restarts = 3
h30.t16.nogoods_size = 13266
h30.t16.nodes = 24466
h30.t16.propagations = 24466
h30.t12.stop_reason = aborted
h30.t12.restarts = 3
h30.t12.nogoods_size = 13266
h30.t12.nodes = 20147
h30.t12.propagations = 20147
h30.t5.stop_reason = aborted
h30.t5.restarts = 3
h30.t5.nogoods_size = 13266
h30.t5.nodes = 20122
h30.t5.propagations = 20122
h30.t4.stop_reason = aborted
h30.t4.restarts = 3
h30.t4.nogoods_size = 13266
h30.t4.nodes = 19072
h30.t4.propagations = 19072
h30.t10.stop_reason = aborted
h30.t10.restarts = 3
h30.t10.nogoods_size = 13266
h30.t10.nodes = 19939
h30.t10.propagations = 19939
h30.t7.stop_reason = aborted
h30.t7.restarts = 3
h30.t7.nogoods_size = 13266
h30.t7.nodes = 20285
h30.t7.propagations = 20285
h30.t15.stop_reason = aborted
h30.t15.restarts = 3
h30.t15.nogoods_size = 13266
h30.t15.nodes = 18931
h30.t15.propagations = 18931
h30.t14.stop_reason = aborted
h30.t14.restarts = 3
h30.t14.nogoods_size = 13266
h30.t14.nodes = 20628
h30.t14.propagations = 20628
h30.t13.stop_reason = aborted
h30.t13.restarts = 3
h30.t13.nogoods_size = 13266
h30.t13.nodes = 20804
h30.t13.propagations = 20804
h30.t2.stop_reason = aborted
h30.t2.restarts = 3
h30.t2.nogoods_size = 13266
h30.t2.nodes = 19582
h30.t2.propagations = 19582
h30.t11.stop_reason = aborted
h30.t11.restarts = 3
h30.t11.nogoods_size = 13266
h30.t11.nodes = 21224
h30.t11.propagations = 21224
h30.t3.stop_reason = unsatisfiable
h30.t3.restarts = 3
h30.t3.nogoods_size = 13266
h30.t3.nodes = 18367
h30.t3.propagations = 18367
h30.t6.stop_reason = aborted
h30.t6.restarts = 3
h30.t6.nogoods_size = 13266
h30.t6.nodes = 20047
h30.t6.propagations = 20047
h30.t0.stop_reason = aborted
h30.t0.restarts = 3
h30.t0.nogoods_size = 13266
h30.t0.nodes = 9364
h30.t0.propagations = 9364
h30.t1.stop_reason = aborted
h30.t1.restarts = 3
h30.t1.nogoods_size = 13266
h30.t1.nodes = 19736
h30.t1.propagations = 19736
h30.t8.stop_reason = aborted
h30.t8.restarts = 3
h30.t8.nogoods_size = 13266
h30.t8.nodes = 20495
h30.t8.propagations = 20495
h30.search_time = 265
h30.nodes = 343362
h30.propagations = 916213
h31.t16.stop_reason = aborted
h31.t16.restarts = 3
h31.t16.nogoods_size = 13276
h31.t16.nodes = 27342
h31.t16.propagations = 27342
h31.t7.stop_reason = aborted
h31.t7.restarts = 3
h31.t7.nogoods_size = 13276
h31.t7.nodes = 18602
h31.t7.propagations = 18602
h31.t1.stop_reason = aborted
h31.t1.restarts = 3
h31.t1.nogoods_size = 13276
h31.t1.nodes = 25986
h31.t1.propagations = 25986
h31.t12.stop_reason = aborted
h31.t12.restarts = 3
h31.t12.nogoods_size = 13276
h31.t12.nodes = 19491
h31.t12.propagations = 19491
h31.t6.stop_reason = aborted
h31.t6.restarts = 3
h31.t6.nogoods_size = 13276
h31.t6.nodes = 18099
h31.t6.propagations = 18099
h31.t14.stop_reason = aborted
h31.t14.restarts = 3
h31.t14.nogoods_size = 13276
h31.t14.nodes = 20175
h31.t14.propagations = 20175
h31.t11.stop_reason = aborted
h31.t11.restarts = 3
h31.t11.nogoods_size = 13276
h31.t11.nodes = 19743
h31.t11.propagations = 19743
h31.t10.stop_reason = aborted
h31.t10.restarts = 3
h31.t10.nogoods_size = 13276
h31.t10.nodes = 18126
h31.t10.propagations = 18126
h31.t5.stop_reason = aborted
h31.t5.restarts = 3
h31.t5.nogoods_size = 13276
h31.t5.nodes = 19086
h31.t5.propagations = 19086
h31.t8.stop_reason = unsatisfiable
h31.t8.restarts = 3
h31.t8.nogoods_size = 13276
h31.t8.nodes = 19887
h31.t8.propagations = 19887
h31.t4.stop_reason = aborted
h31.t4.restarts = 3
h31.t4.nogoods_size = 13276
h31.t4.nodes = 20626
h31.t4.propagations = 20626
h31.t2.stop_reason = aborted
h31.t2.restarts = 3
h31.t2.nogoods_size = 13276
h31.t2.nodes = 21900
h31.t2.propagations = 21900
h31.t15.stop_reason = aborted
h31.t15.restarts = 3
h31.t15.nogoods_size = 13276
h31.t15.nodes = 22048
h31.t15.propagations = 22048
h31.t13.stop_reason = aborted
h31.t13.restarts = 3
h31.t13.nogoods_size = 13276
h31.t13.nodes = 20449
h31.t13.propagations = 20449
h31.t3.stop_reason = aborted
h31.t3.restarts = 3
h31.t3.nogoods_size = 13276
h31.t3.nodes = 20635
h31.t3.propagations = 20635
h31.t17.stop_reason = unsatisfiable
h31.t17.restarts = 3
h31.t17.nogoods_size = 13276
h31.t17.nodes = 10257
h31.t17.propagations = 10257
h31.t0.stop_reason = aborted
h31.t0.restarts = 3
h31.t0.nogoods_size = 13276
h31.t0.nodes = 9325
h31.t0.propagations = 9325
h31.t9.stop_reason = aborted
h31.t9.restarts = 3
h31.t9.nogoods_size = 13276
h31.t9.nodes = 18403
h31.t9.propagations = 18403
h31.search_time = 263
h31.nodes = 350180
h31.propagations = 931409
h32.t17.stop_reason = unsatisfiable
h32.t17.restarts = 3
h32.t17.nogoods_size = 13282
h32.t17.nodes = 12249
h32.t17.propagations = 12249
h32.t8.stop_reason = unsatisfiable
h32.t8.restarts = 3
h32.t8.nogoods_size = 13282
h32.t8.nodes = 18608
h32.t8.propagations = 18608
h32.t5.stop_reason = aborted
h32.t5.restarts = 3
h32.t5.nogoods_size = 13282
h32.t5.nodes = 18865
h32.t5.propagations = 18865
h32.t6.stop_reason = unsatisfiable
h32.t6.restarts = 3
h32.t6.nogoods_size = 13282
h32.t6.nodes = 19221
h32.t6.propagations = 19221
h32.t13.stop_reason = unsatisfiable
h32.t13.restarts = 3
h32.t13.nogoods_size = 13282
h32.t13.nodes = 19733
h32.t13.propagations = 19733
h32.t11.stop_reason = aborted
h32.t11.restarts = 3
h32.t11.nogoods_size = 13282
h32.t11.nodes = 20066
h32.t11.propagations = 20066
h32.t4.stop_reason = unsatisfiable
h32.t4.restarts = 3
h32.t4.nogoods_size = 13282
h32.t4.nodes = 20211
h32.t4.propagations = 20211
h32.t1.stop_reason = unsatisfiable
h32.t1.restarts = 3
h32.t1.nogoods_size = 13282
h32.t1.nodes = 19673
h32.t1.propagations = 19673
h32.t14.stop_reason = aborted
h32.t14.restarts = 3
h32.t14.nogoods_size = 13282
h32.t14.nodes = 21552
h32.t14.propagations = 21552
h32.t7.stop_reason = unsatisfiable
h32.t7.restarts = 3
h32.t7.nogoods_size = 13282
h32.t7.nodes = 19720
h32.t7.propagations = 19720
h32.t15.stop_reason = unsatisfiable
h32.t15.restarts = 3
h32.t15.nogoods_size = 13282
h32.t15.nodes = 20229
h32.t15.propagations = 20229
h32.t3.stop_reason = aborted
h32.t3.restarts = 3
h32.t3.nogoods_size = 13282
h32.t3.nodes = 30941
h32.t3.propagations = 30941
h32.t10.stop_reason = unsatisfiable
h32.t10.restarts = 3
h32.t10.nogoods_size = 13282
h32.t10.nodes = 20167
h32.t10.propagations = 20167
h32.t9.stop_reason = unsatisfiable
h32.t9.restarts = 3
h32.t9.nogoods_size = 13282
h32.t9.nodes = 18281
h32.t9.propagations = 18281
h32.t2.stop_reason = unsatisfiable
h32.t2.restarts = 3
h32.t2.nogoods_size = 13282
h32.t2.nodes = 20798
h32.t2.propagations = 20798
h32.t0.stop_reason = aborted
h32.t0.restarts = 3
h32.t0.nogoods_size = 13282
h32.t0.nodes = 11598
h32.t0.propagations = 11598
h32.t12.stop_reason = unsatisfiable
h32.t12.restarts = 3
h32.t12.nogoods_size = 13282
h32.t12.nodes = 20054
h32.t12.propagations = 20054
h32.t16.stop_reason = unsatisfiable
h32.t16.restarts = 3
h32.t16.nogoods_size = 13282
h32.t16.nodes = 20519
h32.t16.propagations = 20519
h32.search_time = 263
h32.nodes = 352485
h32.propagations = 934954
h33.t16.stop_reason = aborted
h33.t16.restarts = 3
h33.t16.nogoods_size = 13260
h33.t16.nodes = 23970
h33.t16.propagations = 23970
h33.t7.stop_reason = aborted
h33.t7.restarts = 3
h33.t7.nogoods_size = 13260
h33.t7.nodes = 19844
h33.t7.propagations = 19844
h33.t11.stop_reason = aborted
h33.t11.restarts = 3
h33.t11.nogoods_size = 13260
h33.t11.nodes = 20031
h33.t11.propagations = 20031
h33.t1.stop_reason = aborted
h33.t1.restarts = 3
h33.t1.nogoods_size = 13260
h33.t1.nodes = 19551
h33.t1.propagations = 19551
h33.t3.stop_reason = aborted
h33.t3.restarts = 3
h33.t3.nogoods_size = 13260
h33.t3.nodes = 19670
h33.t3.propagations = 19670
h33.t5.stop_reason = aborted
h33.t5.restarts = 3
h33.t5.nogoods_size = 13260
h33.t5.nodes = 20098
h33.t5.propagations = 20098
h33.t6.stop_reason = unsatisfiable
h33.t6.restarts = 3
h33.t6.nogoods_size = 13260
h33.t6.nodes = 21423
h33.t6.propagations = 21423
h33.t2.stop_reason = aborted
h33.t2.restarts = 3
h33.t2.nogoods_size = 13260
h33.t2.nodes = 21251
h33.t2.propagations = 21251
h33.t4.stop_reason = aborted
h33.t4.restarts = 3
h33.t4.nogoods_size = 13260
h33.t4.nodes = 19150
h33.t4.propagations = 19150
h33.t10.stop_reason = aborted
h33.t10.restarts = 3
h33.t10.nogoods_size = 13260
h33.t10.nodes = 20789
h33.t10.propagations = 20789
h33.t8.stop_reason = aborted
h33.t8.restarts = 3
h33.t8.nogoods_size = 13260
h33.t8.nodes = 19221
h33.t8.propagations = 19221
h33.t9.stop_reason = aborted
h33.t9.restarts = 3
h33.t9.nogoods_size = 13260
h33.t9.nodes = 20722
h33.t9.propagations = 20722
h33.t14.stop_reason = aborted
h33.t14.restarts = 3
h33.t14.nogoods_size = 13260
h33.t14.nodes = 18150
h33.t14.propagations = 18150
h33.t13.stop_reason = aborted
h33.t13.restarts = 3
h33.t13.nogoods_size = 13260
h33.t13.nodes = 20060
h33.t13.propagations = 20060
h33.t15.stop_reason = aborted
h33.t15.restarts = 3
h33.t15.nogoods_size = 13260
h33.t15.nodes = 17334
h33.t15.propagations = 17334
h33.t17.stop_reason = unsatisfiable
h33.t17.restarts = 3
h33.t17.nogoods_size = 13260
h33.t17.nodes = 9756
h33.t17.propagations = 9756
h33.t12.stop_reason = aborted
h33.t12.restarts = 3
h33.t12.nogoods_size = 13260
h33.t12.nodes = 22467
h33.t12.propagations = 22467
h33.t0.stop_reason = aborted
h33.t0.restarts = 3
h33.t0.nogoods_size = 13260
h33.t0.nodes = 10570
h33.t0.propagations = 10570
h33.search_time = 263
h33.nodes = 344057
h33.propagations = 914112
h34.t6.stop_reason = unsatisfiable
h34.t6.restarts = 3
h34.t6.nogoods_size = 13306
h34.t6.nodes = 21516
h34.t6.propagations = 21516
h34.t15.stop_reason = aborted
h34.t15.restarts = 3
h34.t15.nogoods_size = 13306
h34.t15.nodes = 17752
h34.t15.propagations = 17752
h34.t12.stop_reason = aborted
h34.t12.restarts = 3
h34.t12.nogoods_size = 13306
h34.t12.nodes = 19402
h34.t12.propagations = 19402
h34.t13.stop_reason = unsatisfiable
h34.t13.restarts = 3
h34.t13.nogoods_size = 13306
h34.t13.nodes = 18387
h34.t13.propagations = 18387
h34.t1.stop_reason = aborted
h34.t1.restarts = 3
h34.t1.nogoods_size = 13306
h34.t1.nodes = 19604
h34.t1.propagations = 19604
h34.t9.stop_reason = unsatisfiable
h34.t9.restarts = 3
h34.t9.nogoods_size = 13306
h34.t9.nodes = 19504
h34.t9.propagations = 19504
h34.t16.stop_reason = unsatisfiable
h34.t16.restarts = 3
h34.t16.nogoods_size = 13306
h34.t16.nodes = 19482
h34.t16.propagations = 19482
h34.t8.stop_reason = unsatisfiable
h34.t8.restarts = 3
h34.t8.nogoods_size = 13306
h34.t8.nodes = 20283
h34.t8.propagations = 20283
h34.t17.stop_reason = aborted
h34.t17.restarts = 3
h34.t17.nogoods_size = 13306
h34.t17.nodes = 10226
h34.t17.propagations = 10226
h34.t2.stop_reason = unsatisfiable
h34.t2.restarts = 3
h34.t2.nogoods_size = 13306
h34.t2.nodes = 19475
h34.t2.propagations = 19475
h34.t14.stop_reason = unsatisfiable
h34.t14.restarts = 3
h34.t14.nogoods_size = 13306
h34.t14.nodes = 17945
h34.t14.propagations = 17945
h34.t3.stop_reason = unsatisfiable
h34.t3.restarts = 3
h34.t3.nogoods_size = 13306
h34.t3.nodes = 23994
h34.t3.propagations = 23994
h34.t11.stop_reason = unsatisfiable
h34.t11.restarts = 3
h34.t11.nogoods_size = 13306
h34.t11.nodes = 18785
h34.t11.propagations = 18785
h34.t4.stop_reason = unsatisfiable
h34.t4.restarts = 3
h34.t4.nogoods_size = 13306
h34.t4.nodes = 22692
h34.t4.propagations = 22692
h34.t5.stop_reason = unsatisfiable
h34.t5.restarts = 3
h34.t5.nogoods_size = 13306
h34.t5.nodes = 19627
h34.t5.propagations = 19627
h34.t0.stop_reason = unsatisfiable
h34.t0.restarts = 3
h34.t0.nogoods_size = 13306
h34.t0.nodes = 10665
h34.t0.propagations = 10665
h34.t10.stop_reason = unsatisfiable
h34.t10.restarts = 3
h34.t10.nogoods_size = 13306
h34.t10.nodes = 20607
h34.t10.propagations = 20607
h34.t7.stop_reason = unsatisfiable
h34.t7.restarts = 3
h34.t7.nogoods_size = 13306
h34.t7.nodes = 19491
h34.t7.propagations = 19491
h34.search_time = 263
h34.nodes = 339437
h34.propagations = 917724
h35.t5.stop_reason = unsatisfiable
h35.t5.restarts = 3
h35.t5.nogoods_size = 13251
h35.t5.nodes = 21012
h35.t5.propagations = 21012
h35.t15.stop_reason = aborted
h35.t15.restarts = 3
h35.t15.nogoods_size = 13251
h35.t15.nodes = 21482
h35.t15.propagations = 21482
h35.t8.stop_reason = aborted
h35.t8.restarts = 3
h35.t8.nogoods_size = 13251
h35.t8.nodes = 18651
h35.t8.propagations = 18651
h35.t2.stop_reason = unsatisfiable
h35.t2.restarts = 3
h35.t2.nogoods_size = 13251
h35.t2.nodes = 21175
h35.t2.propagations = 21175
h35.t11.stop_reason = aborted
h35.t11.restarts = 3
h35.t11.nogoods_size = 13251
h35.t11.nodes = 19674
h35.t11.propagations = 19674
h35.t7.stop_reason = unsatisfiable
h35.t7.restarts = 3
h35.t7.nogoods_size = 13251
h35.t7.nodes = 20262
h35.t7.propagations = 20262
h35.t6.stop_reason = unsatisfiable
h35.t6.restarts = 3
h35.t6.nogoods_size = 13251
h35.t6.nodes = 19227
h35.t6.propagations = 19227
h35.t4.stop_reason = unsatisfiable
h35.t4.restarts = 3
h35.t4.nogoods_size = 13251
h35.t4.nodes = 18725
h35.t4.propagations = 18725
h35.t10.stop_reason = unsatisfiable
h35.t10.restarts = 3
h35.t10.nogoods_size = 13251
h35.t10.nodes = 19597
h35.t10.propagations = 19597
h35.t14.stop_reason = unsatisfiable
h35.t14.restarts = 3
h35.t14.nogoods_size = 13251
h35.t14.nodes = 21450
h35.t14.propagations = 21450
h35.t1.stop_reason = unsatisfiable
h35.t1.restarts = 3
h35.t1.nogoods_size = 13251
h35.t1.nodes = 21032
h35.t1.propagations = 21032
h35.t3.stop_reason = unsatisfiable
h35.t3.restarts = 3
h35.t3.nogoods_size = 13251
h35.t3.nodes = 21553
h35.t3.propagations = 21553
h35.t17.stop_reason = aborted
h35.t17.restarts = 3
h35.t17.nogoods_size = 13251
h35.t17.nodes = 9730
h35.t17.propagations = 9730
h35.t9.stop_reason = unsatisfiable
h35.t9.restarts = 3
h35.t9.nogoods_size = 13251
h35.t9.nodes = 18586
h35.t9.propagations = 18586
h35.t16.stop_reason = unsatisfiable
h35.t16.restarts = 3
h35.t16.nogoods_size = 13251
h35.t16.nodes = 28833
h35.t16.propagations = 28833
h35.t12.stop_reason = aborted
h35.t12.restarts = 3
h35.t12.nogoods_size = 13251
h35.t12.nodes = 21759
h35.t12.propagations = 21759
h35.t13.stop_reason = unsatisfiable
h35.t13.restarts = 3
h35.t13.nogoods_size = 13251
h35.t13.nodes = 21260
h35.t13.propagations = 21260
h35.t0.stop_reason = unsatisfiable
h35.t0.restarts = 3
h35.t0.nogoods_size = 13251
h35.t0.nodes = 9533
h35.t0.propagations = 9533
h35.search_time = 265
h35.nodes = 353541
h35.propagations = 936494
h36.t5.stop_reason = aborted
h36.t5.restarts = 3
h36.t5.nogoods_size = 13244
h36.t5.nodes = 20756
h36.t5.propagations = 20756
h36.t3.stop_reason = aborted
h36.t3.restarts = 3
h36.t3.nogoods_size = 13244
h36.t3.nodes = 21545
h36.t3.propagations = 21545
h36.t16.stop_reason = unsatisfiable
h36.t16.restarts = 3
h36.t16.nogoods_size = 13244
h36.t16.nodes = 24647
h36.t16.propagations = 24647
h36.t4.stop_reason = unsatisfiable
h36.t4.restarts = 3
h36.t4.nogoods_size = 13244
h36.t4.nodes = 19677
h36.t4.propagations = 19677
h36.t14.stop_reason = unsatisfiable
h36.t14.restarts = 3
h36.t14.nogoods_size = 13244
h36.t14.nodes = 21277
h36.t14.propagations = 21277
h36.t7.stop_reason = unsatisfiable
h36.t7.restarts = 3
h36.t7.nogoods_size = 13244
h36.t7.nodes = 21594
h36.t7.propagations = 21594
h36.t1.stop_reason = aborted
h36.t1.restarts = 3
h36.t1.nogoods_size = 13244
h36.t1.nodes = 20194
h36.t1.propagations = 20194
h36.t2.stop_reason = unsatisfiable
h36.t2.restarts = 3
h36.t2.nogoods_size = 13244
h36.t2.nodes = 19416
h36.t2.propagations = 19416
h36.t11.stop_reason = unsatisfiable
h36.t11.restarts = 3
h36.t11.nogoods_size = 13244
h36.t11.nodes = 21858
h36.t11.propagations = 21858
h36.t15.stop_reason = unsatisfiable
h36.t15.restarts = 3
h36.t15.nogoods_size = 13244
h36.t15.nodes = 19839
h36.t15.propagations = 19839
h36.t17.stop_reason = aborted
h36.t17.restarts = 3
h36.t17.nogoods_size = 13244
h36.t17.nodes = 11257
h36.t17.propagations = 11257
h36.t6.stop_reason = unsatisfiable
h36.t6.restarts = 3
h36.t6.nogoods_size = 13244
h36.t6.nodes = 20990
h36.t6.propagations = 20990
h36.t9.stop_reason = unsatisfiable
h36.t9.restarts = 3
h36.t9.nogoods_size = 13244
h36.t9.nodes = 19123
h36.t9.propagations = 19123
h36.t8.stop_reason = unsatisfiable
h36.t8.restarts = 3
h36.t8.nogoods_size = 13244
h36.t8.nodes = 19368
h36.t8.propagations = 19368
h36.t10.stop_reason = unsatisfiable
h36.t10.restarts = 3
h36.t10.nogoods_size = 13244
h36.t10.nodes = 19309
h36.t10.propagations = 19309
h36.t0.stop_reason = unsatisfiable
h36.t0.restarts = 3
h36.t0.nogoods_size = 13244
h36.t0.nodes = 9619
h36.t0.propagations = 9619
h36.t13.stop_reason = unsatisfiable
h36.t13.restarts = 3
h36.t13.nogoods_size = 13244
h36.t13.nodes = 18848
h36.t13.propagations = 18848
h36.t12.stop_reason = unsatisfiable
h36.t12.restarts = 3
h36.t12.nogoods_size = 13244
h36.t12.nodes = 20570
h36.t12.propagations = 20570
h36.search_time = 262
h36.nodes = 349887
h36.propagations = 930741
h37.t17.stop_reason = unsatisfiable
h37.t17.restarts = 3
h37.t17.nogoods_size = 13255
h37.t17.nodes = 9839
h37.t17.propagations = 9839
h37.t0.stop_reason = aborted
h37.t0.restarts = 3
h37.t0.nogoods_size = 13255
h37.t0.nodes = 9224
h37.t0.propagations = 9224
h37.t2.stop_reason = unsatisfiable
h37.t2.restarts = 3
h37.t2.nogoods_size = 13255
h37.t2.nodes = 19989
h37.t2.propagations = 19989
h37.t9.stop_reason = aborted
h37.t9.restarts = 3
h37.t9.nogoods_size = 13255
h37.t9.nodes = 19311
h37.t9.propagations = 19311
h37.t1.stop_reason = aborted
h37.t1.restarts = 3
h37.t1.nogoods_size = 13255
h37.t1.nodes = 21012
h37.t1.propagations = 21012
h37.t10.stop_reason = aborted
h37.t10.restarts = 3
h37.t10.nogoods_size = 13255
h37.t10.nodes = 19415
h37.t10.propagations = 19415
h37.t16.stop_reason = unsatisfiable
h37.t16.restarts = 3
h37.t16.nogoods_size = 13255
h37.t16.nodes = 25565
h37.t16.propagations = 25565
h37.t13.stop_reason = unsatisfiable
h37.t13.restarts = 3
h37.t13.nogoods_size = 13255
h37.t13.nodes = 19769
h37.t13.propagations = 19769
h37.t11.stop_reason = aborted
h37.t11.restarts = 3
h37.t11.nogoods_size = 13255
h37.t11.nodes = 20455
h37.t11.propagations = 20455
h37.t7.stop_reason = unsatisfiable
h37.t7.restarts = 3
h37.t7.nogoods_size = 13255
h37.t7.nodes = 19957
h37.t7.propagations = 19957
h37.t15.stop_reason = unsatisfiable
h37.t15.restarts = 3
h37.t15.nogoods_size = 13255
h37.t15.nodes = 18534
h37.t15.propagations = 18534
h37.t14.stop_reason = unsatisfiable
h37.t14.restarts = 3
h37.t14.nogoods_size = 13255
h37.t14.nodes = 20385
h37.t14.propagations = 20385
h37.t8.stop_reason = unsatisfiable
h37.t8.restarts = 3
h37.t8.nogoods_size = 13255
h37.t8.nodes = 19558
h37.t8.propagations = 19558
h37.t3.stop_reason = unsatisfiable
h37.t3.restarts = 3
h37.t3.nogoods_size = 13255
h37.t3.nodes = 19612
h37.t3.propagations = 19612
h37.t12.stop_reason = unsatisfiable
h37.t12.restarts = 3
h37.t12.nogoods_size = 13255
h37.t12.nodes = 22183
h37.t12.propagations = 22183
h37.t5.stop_reason = unsatisfiable
h37.t5.restarts = 3
h37.t5.nogoods_size = 13255
h37.t5.nodes = 18702
h37.t5.propagations = 18702
h37.t4.stop_reason = unsatisfiable
h37.t4.restarts = 3
h37.t4.nogoods_size = 13255
h37.t4.nodes = 18791
h37.t4.propagations = 18791
h37.t6.stop_reason = unsatisfiable
h37.t6.restarts = 3
h37.t6.nogoods_size = 13255
h37.t6.nodes = 21937
h37.t6.propagations = 21937
h37.search_time = 262
h37.nodes = 344238
h37.propagations = 936489
h38.t12.stop_reason = aborted
h38.t12.restarts = 3
h38.t12.nogoods_size = 13258
h38.t12.nodes = 18768
h38.t12.propagations = 18768
h38.t17.stop_reason = aborted
h38.t17.restarts = 3
h38.t17.nogoods_size = 13258
h38.t17.nodes = 10139
h38.t17.propagations = 10139
h38.t9.stop_reason = unsatisfiable
h38.t9.restarts = 3
h38.t9.nogoods_size = 13258
h38.t9.nodes = 19614
h38.t9.propagations = 19614
h38.t6.stop_reason = unsatisfiable
h38.t6.restarts = 3
h38.t6.nogoods_size = 13258
h38.t6.nodes = 20144
h38.t6.propagations = 20144
h38.t13.stop_reason = unsatisfiable
h38.t13.restarts = 3
h38.t13.nogoods_size = 13258
h38.t13.nodes = 20863
h38.t13.propagations = 20863
h38.t4.stop_reason = aborted
h38.t4.restarts = 3
h38.t4.nogoods_size = 13258
h38.t4.nodes = 18827
h38.t4.propagations = 18827
h38.t2.stop_reason = unsatisfiable
h38.t2.restarts = 3
h38.t2.nogoods_size = 13258
h38.t2.nodes = 19814
h38.t2.propagations = 19814
h38.t3.stop_reason = unsatisfiable
h38.t3.restarts = 3
h38.t3.nogoods_size = 13258
h38.t3.nodes = 19008
h38.t3.propagations = 19008
h38.t8.stop_reason = aborted
h38.t8.restarts = 3
h38.t8.nogoods_size = 13258
h38.t8.nodes = 22333
h38.t8.propagations = 22333
h38.t15.stop_reason = unsatisfiable
h38.t15.restarts = 3
h38.t15.nogoods_size = 13258
h38.t15.nodes = 19039
h38.t15.propagations = 19039
h38.t10.stop_reason = unsatisfiable
h38.t10.restarts = 3
h38.t10.nogoods_size = 13258
h38.t10.nodes = 22145
h38.t10.propagations = 22145
h38.t16.stop_reason = unsatisfiable
h38.t16.restarts = 3
h38.t16.nogoods_size = 13258
h38.t16.nodes = 18690
h38.t16.propagations = 18690
h38.t14.stop_reason = unsatisfiable
h38.t14.restarts = 3
h38.t14.nogoods_size = 13258
h38.t14.nodes = 19016
h38.t14.propagations = 19016
h38.t11.stop_reason = unsatisfiable
h38.t11.restarts = 3
h38.t11.nogoods_size = 13258
h38.t11.nodes = 19967
h38.t11.propagations = 19967
h38.t7.stop_reason = unsatisfiable
h38.t7.restarts = 3
h38.t7.nogoods_size = 13258
h38.t7.nodes = 22274
h38.t7.propagations = 22274
h38.t1.stop_reason = unsatisfiable
h38.t1.restarts = 3
h38.t1.nogoods_size = 13258
h38.t1.nodes = 20670
h38.t1.propagations = 20670
h38.t5.stop_reason = unsatisfiable
h38.t5.restarts = 3
h38.t5.nogoods_size = 13258
h38.t5.nodes = 19120
h38.t5.propagations = 19120
h38.t0.stop_reason = unsatisfiable
h38.t0.restarts = 3
h38.t0.nogoods_size = 13258
h38.t0.nodes = 8716
h38.t0.propagations = 8716
h38.search_time = 262
h38.nodes = 339147
h38.propagations = 908885
h39.t12.stop_reason = unsatisfiable
h39.t12.restarts = 3
h39.t12.nogoods_size = 13261
h39.t12.nodes = 19307
h39.t12.propagations = 19307
h39.t10.stop_reason = aborted
h39.t10.restarts = 3
h39.t10.nogoods_size = 13261
h39.t10.nodes = 17814
h39.t10.propagations = 17814
h39.t16.stop_reason = unsatisfiable
h39.t16.restarts = 3
h39.t16.nogoods_size = 13261
h39.t16.nodes = 26286
h39.t16.propagations = 26286
h39.t3.stop_reason = unsatisfiable
h39.t3.restarts = 3
h39.t3.nogoods_size = 13261
h39.t3.nodes = 19083
h39.t3.propagations = 19083
h39.t1.stop_reason = unsatisfiable
h39.t1.restarts = 3
h39.t1.nogoods_size = 13261
h39.t1.nodes = 24016
h39.t1.propagations = 24016
h39.t7.stop_reason = unsatisfiable
h39.t7.restarts = 3
h39.t7.nogoods_size = 13261
h39.t7.nodes = 22563
h39.t7.propagations = 22563
h39.t6.stop_reason = unsatisfiable
h39.t6.restarts = 3
h39.t6.nogoods_size = 13261
h39.t6.nodes = 21158
h39.t6.propagations = 21158
h39.t4.stop_reason = aborted
h39.t4.restarts = 3
h39.t4.nogoods_size = 13261
h39.t4.nodes = 21004
h39.t4.propagations = 21004
h39.t5.stop_reason = unsatisfiable
h39.t5.restarts = 3
h39.t5.nogoods_size = 13261
h39.t5.nodes = 20160
h39.t5.propagations = 20160
h39.t8.stop_reason = unsatisfiable
h39.t8.restarts = 3
h39.t8.nogoods_size = 13261
h39.t8.nodes = 18743
h39.t8.propagations = 18743
h39.t11.stop_reason = unsatisfiable
h39.t11.restarts = 3
h39.t11.nogoods_size = 13261
h39.t11.nodes = 19360
h39.t11.propagations = 19360
h39.t9.stop_reason = unsatisfiable
h39.t9.restarts = 3
h39.t9.nogoods_size = 13261
h39.t9.nodes = 21068
h39.t9.propagations = 21068
h39.t15.stop_reason = unsatisfiable
h39.t15.restarts = 3
h39.t15.nogoods_size = 13261
h39.t15.nodes = 18937
h39.t15.propagations = 18937
h39.t2.stop_reason = unsatisfiable
h39.t2.restarts = 3
h39.t2.nogoods_size = 13261
h39.t2.nodes = 20081
h39.t2.propagations = 20081
h39.t17.stop_reason = aborted
h39.t17.restarts = 3
h39.t17.nogoods_size = 13261
h39.t17.nodes = 9872
h39.t17.propagations = 9872
h39.t13.stop_reason = aborted
h39.t13.restarts = 3
h39.t13.nogoods_size = 13261
h39.t13.nodes = 18970
h39.t13.propagations = 18970
h39.t14.stop_reason = unsatisfiable
h39.t14.restarts = 3
h39.t14.nogoods_size = 13261
h39.t14.nodes = 21023
h39.t14.propagations = 21023
h39.t0.stop_reason = unsatisfiable
h39.t0.restarts = 3
h39.t0.nogoods_size = 13261
h39.t0.nodes = 10815
h39.t0.propagations = 10815
h39.search_time = 262
h39.nodes = 350260
h39.propagations = 943563
