hostname = r1i2n32
commandline = ../glasgow/mpi_solve_subgraph_isomorphism --timeout 1000 --format lad --geometric-restarts=1.0 --restarts-constant=100000 --restart-timer=100 --triggered-restarts --threads 18 --value-ordering=biased ../instances/LV/g14 ../instances/largerGraphs/g93-normed
started_at = 2018-11-27 13:42:28
pattern_file = ../instances/LV/g14
target_file = ../instances/largerGraphs/g93-normed
status = false
nodes = 2476916
propagations = 76259511
runtime = 6982
h0.t4.stop_reason = aborted
h0.t4.restarts = 4
h0.t4.nogoods_size = 195780
h0.t4.nodes = 3602
h0.t4.propagations = 3602
h0.t6.stop_reason = aborted
h0.t6.restarts = 4
h0.t6.nogoods_size = 195780
h0.t6.nodes = 3606
h0.t6.propagations = 3606
h0.t7.stop_reason = unsatisfiable
h0.t7.restarts = 4
h0.t7.nogoods_size = 195780
h0.t7.nodes = 3713
h0.t7.propagations = 3713
h0.t15.stop_reason = aborted
h0.t15.restarts = 4
h0.t15.nogoods_size = 195780
h0.t15.nodes = 3585
h0.t15.propagations = 3585
h0.t16.stop_reason = aborted
h0.t16.restarts = 4
h0.t16.nogoods_size = 195780
h0.t16.nodes = 3766
h0.t16.propagations = 3766
h0.t12.stop_reason = aborted
h0.t12.restarts = 4
h0.t12.nogoods_size = 195780
h0.t12.nodes = 3560
h0.t12.propagations = 3560
h0.t3.stop_reason = aborted
h0.t3.restarts = 4
h0.t3.nogoods_size = 195780
h0.t3.nodes = 3643
h0.t3.propagations = 3643
h0.t9.stop_reason = aborted
h0.t9.restarts = 4
h0.t9.nogoods_size = 195780
h0.t9.nodes = 3581
h0.t9.propagations = 3581
h0.t13.stop_reason = aborted
h0.t13.restarts = 4
h0.t13.nogoods_size = 195780
h0.t13.nodes = 3554
h0.t13.propagations = 3554
h0.t10.stop_reason = aborted
h0.t10.restarts = 4
h0.t10.nogoods_size = 195780
h0.t10.nodes = 3591
h0.t10.propagations = 3591
h0.t5.stop_reason = aborted
h0.t5.restarts = 4
h0.t5.nogoods_size = 195780
h0.t5.nodes = 3590
h0.t5.propagations = 3590
h0.t2.stop_reason = aborted
h0.t2.restarts = 4
h0.t2.nogoods_size = 195780
h0.t2.nodes = 3568
h0.t2.propagations = 3568
h0.t1.stop_reason = aborted
h0.t1.restarts = 4
h0.t1.nogoods_size = 195780
h0.t1.nodes = 3663
h0.t1.propagations = 3663
h0.t11.stop_reason = aborted
h0.t11.restarts = 4
h0.t11.nogoods_size = 195780
h0.t11.nodes = 3438
h0.t11.propagations = 3438
h0.t14.stop_reason = aborted
h0.t14.restarts = 4
h0.t14.nogoods_size = 195780
h0.t14.nodes = 3693
h0.t14.propagations = 3693
h0.t8.stop_reason = aborted
h0.t8.restarts = 4
h0.t8.nogoods_size = 195780
h0.t8.nodes = 3543
h0.t8.propagations = 3543
h0.t0.stop_reason = aborted
h0.t0.restarts = 4
h0.t0.nogoods_size = 195780
h0.t0.nodes = 1752
h0.t0.propagations = 1752
h0.t17.stop_reason = aborted
h0.t17.restarts = 4
h0.t17.nogoods_size = 195780
h0.t17.nodes = 1925
h0.t17.propagations = 1925
h0.search_time = 4922
h0.nodes = 61373
h0.propagations = 1879066
h1.t2.stop_reason = aborted
h1.t2.restarts = 4
h1.t2.nogoods_size = 196596
h1.t2.nodes = 3603
h1.t2.propagations = 3603
h1.t8.stop_reason = aborted
h1.t8.restarts = 4
h1.t8.nogoods_size = 196596
h1.t8.nodes = 3743
h1.t8.propagations = 3743
h1.t17.stop_reason = aborted
h1.t17.restarts = 4
h1.t17.nogoods_size = 196596
h1.t17.nodes = 1903
h1.t17.propagations = 1903
h1.t6.stop_reason = unsatisfiable
h1.t6.restarts = 4
h1.t6.nogoods_size = 196596
h1.t6.nodes = 3763
h1.t6.propagations = 3763
h1.t12.stop_reason = aborted
h1.t12.restarts = 4
h1.t12.nogoods_size = 196596
h1.t12.nodes = 3747
h1.t12.propagations = 3747
h1.t5.stop_reason = aborted
h1.t5.restarts = 4
h1.t5.nogoods_size = 196596
h1.t5.nodes = 3344
h1.t5.propagations = 3344
h1.t15.stop_reason = aborted
h1.t15.restarts = 4
h1.t15.nogoods_size = 196596
h1.t15.nodes = 3249
h1.t15.propagations = 3249
h1.t11.stop_reason = aborted
h1.t11.restarts = 4
h1.t11.nogoods_size = 196596
h1.t11.nodes = 3560
h1.t11.propagations = 3560
h1.t14.stop_reason = aborted
h1.t14.restarts = 4
h1.t14.nogoods_size = 196596
h1.t14.nodes = 3711
h1.t14.propagations = 3711
h1.t7.stop_reason = unsatisfiable
h1.t7.restarts = 4
h1.t7.nogoods_size = 196596
h1.t7.nodes = 3733
h1.t7.propagations = 3733
h1.t16.stop_reason = aborted
h1.t16.restarts = 4
h1.t16.nogoods_size = 196596
h1.t16.nodes = 3528
h1.t16.propagations = 3528
h1.t9.stop_reason = aborted
h1.t9.restarts = 4
h1.t9.nogoods_size = 196596
h1.t9.nodes = 3738
h1.t9.propagations = 3738
h1.t13.stop_reason = aborted
h1.t13.restarts = 4
h1.t13.nogoods_size = 196596
h1.t13.nodes = 3705
h1.t13.propagations = 3705
h1.t0.stop_reason = aborted
h1.t0.restarts = 4
h1.t0.nogoods_size = 196596
h1.t0.nodes = 1747
h1.t0.propagations = 1747
h1.t1.stop_reason = aborted
h1.t1.restarts = 4
h1.t1.nogoods_size = 196596
h1.t1.nodes = 3640
h1.t1.propagations = 3640
h1.t4.stop_reason = aborted
h1.t4.restarts = 4
h1.t4.nogoods_size = 196596
h1.t4.nodes = 3737
h1.t4.propagations = 3737
h1.t3.stop_reason = aborted
h1.t3.restarts = 4
h1.t3.nogoods_size = 196596
h1.t3.nodes = 3734
h1.t3.propagations = 3734
h1.t10.stop_reason = aborted
h1.t10.restarts = 4
h1.t10.nogoods_size = 196596
h1.t10.nodes = 3712
h1.t10.propagations = 3712
h1.search_time = 4941
h1.nodes = 61897
h1.propagations = 1894803
h2.t12.stop_reason = unsatisfiable
h2.t12.restarts = 4
h2.t12.nogoods_size = 195922
h2.t12.nodes = 2001
h2.t12.propagations = 2001
h2.t0.stop_reason = aborted
h2.t0.restarts = 4
h2.t0.nogoods_size = 195922
h2.t0.nodes = 1333
h2.t0.propagations = 1333
h2.t3.stop_reason = aborted
h2.t3.restarts = 4
h2.t3.nogoods_size = 195922
h2.t3.nodes = 1987
h2.t3.propagations = 1987
h2.t15.stop_reason = aborted
h2.t15.restarts = 4
h2.t15.nogoods_size = 195922
h2.t15.nodes = 1922
h2.t15.propagations = 1922
h2.t16.stop_reason = aborted
h2.t16.restarts = 4
h2.t16.nogoods_size = 195922
h2.t16.nodes = 1986
h2.t16.propagations = 1986
h2.t6.stop_reason = aborted
h2.t6.restarts = 4
h2.t6.nogoods_size = 195922
h2.t6.nodes = 1836
h2.t6.propagations = 1836
h2.t10.stop_reason = aborted
h2.t10.restarts = 4
h2.t10.nogoods_size = 195922
h2.t10.nodes = 1806
h2.t10.propagations = 1806
h2.t11.stop_reason = aborted
h2.t11.restarts = 4
h2.t11.nogoods_size = 195922
h2.t11.nodes = 1978
h2.t11.propagations = 1978
h2.t14.stop_reason = aborted
h2.t14.restarts = 4
h2.t14.nogoods_size = 195922
h2.t14.nodes = 1941
h2.t14.propagations = 1941
h2.t13.stop_reason = aborted
h2.t13.restarts = 4
h2.t13.nogoods_size = 195922
h2.t13.nodes = 1973
h2.t13.propagations = 1973
h2.t4.stop_reason = aborted
h2.t4.restarts = 4
h2.t4.nogoods_size = 195922
h2.t4.nodes = 1984
h2.t4.propagations = 1984
h2.t5.stop_reason = aborted
h2.t5.restarts = 4
h2.t5.nogoods_size = 195922
h2.t5.nodes = 1811
h2.t5.propagations = 1811
h2.t8.stop_reason = aborted
h2.t8.restarts = 4
h2.t8.nogoods_size = 195922
h2.t8.nodes = 2004
h2.t8.propagations = 2004
h2.t7.stop_reason = aborted
h2.t7.restarts = 4
h2.t7.nogoods_size = 195922
h2.t7.nodes = 1974
h2.t7.propagations = 1974
h2.t1.stop_reason = aborted
h2.t1.restarts = 4
h2.t1.nogoods_size = 195922
h2.t1.nodes = 1815
h2.t1.propagations = 1815
h2.t9.stop_reason = aborted
h2.t9.restarts = 4
h2.t9.nogoods_size = 195922
h2.t9.nodes = 1806
h2.t9.propagations = 1806
h2.t2.stop_reason = aborted
h2.t2.restarts = 4
h2.t2.nogoods_size = 195922
h2.t2.nodes = 1814
h2.t2.propagations = 1814
h2.t17.stop_reason = aborted
h2.t17.restarts = 4
h2.t17.nogoods_size = 195922
h2.t17.nodes = 1375
h2.t17.propagations = 1375
h2.search_time = 1296
h2.nodes = 33346
h2.propagations = 1039474
h3.t17.stop_reason = aborted
h3.t17.restarts = 4
h3.t17.nogoods_size = 195180
h3.t17.nodes = 1323
h3.t17.propagations = 1323
h3.t0.stop_reason = aborted
h3.t0.restarts = 4
h3.t0.nogoods_size = 195180
h3.t0.nodes = 1288
h3.t0.propagations = 1288
h3.t8.stop_reason = aborted
h3.t8.restarts = 4
h3.t8.nogoods_size = 195180
h3.t8.nodes = 1990
h3.t8.propagations = 1990
h3.t1.stop_reason = unsatisfiable
h3.t1.restarts = 4
h3.t1.nogoods_size = 195180
h3.t1.nodes = 2041
h3.t1.propagations = 2041
h3.t10.stop_reason = aborted
h3.t10.restarts = 4
h3.t10.nogoods_size = 195180
h3.t10.nodes = 1976
h3.t10.propagations = 1976
h3.t12.stop_reason = aborted
h3.t12.restarts = 4
h3.t12.nogoods_size = 195180
h3.t12.nodes = 1880
h3.t12.propagations = 1880
h3.t11.stop_reason = aborted
h3.t11.restarts = 4
h3.t11.nogoods_size = 195180
h3.t11.nodes = 1839
h3.t11.propagations = 1839
h3.t5.stop_reason = aborted
h3.t5.restarts = 4
h3.t5.nogoods_size = 195180
h3.t5.nodes = 2021
h3.t5.propagations = 2021
h3.t6.stop_reason = aborted
h3.t6.restarts = 4
h3.t6.nogoods_size = 195180
h3.t6.nodes = 1967
h3.t6.propagations = 1967
h3.t2.stop_reason = aborted
h3.t2.restarts = 4
h3.t2.nogoods_size = 195180
h3.t2.nodes = 2012
h3.t2.propagations = 2012
h3.t7.stop_reason = aborted
h3.t7.restarts = 4
h3.t7.nogoods_size = 195180
h3.t7.nodes = 1997
h3.t7.propagations = 1997
h3.t14.stop_reason = unsatisfiable
h3.t14.restarts = 4
h3.t14.nogoods_size = 195180
h3.t14.nodes = 2006
h3.t14.propagations = 2006
h3.t3.stop_reason = aborted
h3.t3.restarts = 4
h3.t3.nogoods_size = 195180
h3.t3.nodes = 2014
h3.t3.propagations = 2014
h3.t16.stop_reason = aborted
h3.t16.restarts = 4
h3.t16.nogoods_size = 195180
h3.t16.nodes = 1983
h3.t16.propagations = 1983
h3.t9.stop_reason = aborted
h3.t9.restarts = 4
h3.t9.nogoods_size = 195180
h3.t9.nodes = 2012
h3.t9.propagations = 2012
h3.t13.stop_reason = aborted
h3.t13.restarts = 4
h3.t13.nogoods_size = 195180
h3.t13.nodes = 2071
h3.t13.propagations = 2071
h3.t15.stop_reason = aborted
h3.t15.restarts = 4
h3.t15.nogoods_size = 195180
h3.t15.nodes = 1748
h3.t15.propagations = 1748
h3.t4.stop_reason = aborted
h3.t4.restarts = 4
h3.t4.nogoods_size = 195180
h3.t4.nodes = 1933
h3.t4.propagations = 1933
h3.search_time = 1711
h3.nodes = 34101
h3.propagations = 1067796
h4.t12.stop_reason = aborted
h4.t12.restarts = 4
h4.t12.nogoods_size = 196957
h4.t12.nodes = 3776
h4.t12.propagations = 3776
h4.t13.stop_reason = aborted
h4.t13.restarts = 4
h4.t13.nogoods_size = 196957
h4.t13.nodes = 3644
h4.t13.propagations = 3644
h4.t7.stop_reason = aborted
h4.t7.restarts = 4
h4.t7.nogoods_size = 196957
h4.t7.nodes = 3775
h4.t7.propagations = 3775
h4.t1.stop_reason = aborted
h4.t1.restarts = 4
h4.t1.nogoods_size = 196957
h4.t1.nodes = 3872
h4.t1.propagations = 3872
h4.t8.stop_reason = aborted
h4.t8.restarts = 4
h4.t8.nogoods_size = 196957
h4.t8.nodes = 3655
h4.t8.propagations = 3655
h4.t16.stop_reason = aborted
h4.t16.restarts = 4
h4.t16.nogoods_size = 196957
h4.t16.nodes = 3631
h4.t16.propagations = 3631
h4.t5.stop_reason = aborted
h4.t5.restarts = 4
h4.t5.nogoods_size = 196957
h4.t5.nodes = 3697
h4.t5.propagations = 3697
h4.t2.stop_reason = unsatisfiable
h4.t2.restarts = 4
h4.t2.nogoods_size = 196957
h4.t2.nodes = 3812
h4.t2.propagations = 3812
h4.t15.stop_reason = aborted
h4.t15.restarts = 4
h4.t15.nogoods_size = 196957
h4.t15.nodes = 3694
h4.t15.propagations = 3694
h4.t11.stop_reason = aborted
h4.t11.restarts = 4
h4.t11.nogoods_size = 196957
h4.t11.nodes = 3770
h4.t11.propagations = 3770
h4.t17.stop_reason = aborted
h4.t17.restarts = 4
h4.t17.nogoods_size = 196957
h4.t17.nodes = 2147
h4.t17.propagations = 2147
h4.t9.stop_reason = aborted
h4.t9.restarts = 4
h4.t9.nogoods_size = 196957
h4.t9.nodes = 3723
h4.t9.propagations = 3723
h4.t10.stop_reason = aborted
h4.t10.restarts = 4
h4.t10.nogoods_size = 196957
h4.t10.nodes = 3700
h4.t10.propagations = 3700
h4.t14.stop_reason = aborted
h4.t14.restarts = 4
h4.t14.nogoods_size = 196957
h4.t14.nodes = 3731
h4.t14.propagations = 3731
h4.t3.stop_reason = aborted
h4.t3.restarts = 4
h4.t3.nogoods_size = 196957
h4.t3.nodes = 3797
h4.t3.propagations = 3797
h4.t0.stop_reason = aborted
h4.t0.restarts = 4
h4.t0.nogoods_size = 196957
h4.t0.nodes = 1775
h4.t0.propagations = 1775
h4.t4.stop_reason = aborted
h4.t4.restarts = 4
h4.t4.nogoods_size = 196957
h4.t4.nodes = 3661
h4.t4.propagations = 3661
h4.t6.stop_reason = aborted
h4.t6.restarts = 4
h4.t6.nogoods_size = 196957
h4.t6.nodes = 3614
h4.t6.propagations = 3614
h4.search_time = 4940
h4.nodes = 63474
h4.propagations = 1951566
h5.t9.stop_reason = aborted
h5.t9.restarts = 4
h5.t9.nogoods_size = 196938
h5.t9.nodes = 3633
h5.t9.propagations = 3633
h5.t16.stop_reason = aborted
h5.t16.restarts = 4
h5.t16.nogoods_size = 196938
h5.t16.nodes = 3531
h5.t16.propagations = 3531
h5.t12.stop_reason = aborted
h5.t12.restarts = 4
h5.t12.nogoods_size = 196938
h5.t12.nodes = 3627
h5.t12.propagations = 3627
h5.t1.stop_reason = aborted
h5.t1.restarts = 4
h5.t1.nogoods_size = 196938
h5.t1.nodes = 3680
h5.t1.propagations = 3680
h5.t8.stop_reason = aborted
h5.t8.restarts = 4
h5.t8.nogoods_size = 196938
h5.t8.nodes = 3313
h5.t8.propagations = 3313
h5.t17.stop_reason = aborted
h5.t17.restarts = 4
h5.t17.nogoods_size = 196938
h5.t17.nodes = 1920
h5.t17.propagations = 1920
h5.t7.stop_reason = aborted
h5.t7.restarts = 4
h5.t7.nogoods_size = 196938
h5.t7.nodes = 3703
h5.t7.propagations = 3703
h5.t2.stop_reason = aborted
h5.t2.restarts = 4
h5.t2.nogoods_size = 196938
h5.t2.nodes = 3665
h5.t2.propagations = 3665
h5.t5.stop_reason = aborted
h5.t5.restarts = 4
h5.t5.nogoods_size = 196938
h5.t5.nodes = 3368
h5.t5.propagations = 3368
h5.t13.stop_reason = aborted
h5.t13.restarts = 4
h5.t13.nogoods_size = 196938
h5.t13.nodes = 3638
h5.t13.propagations = 3638
h5.t4.stop_reason = aborted
h5.t4.restarts = 4
h5.t4.nogoods_size = 196938
h5.t4.nodes = 3191
h5.t4.propagations = 3191
h5.t14.stop_reason = unsatisfiable
h5.t14.restarts = 4
h5.t14.nogoods_size = 196938
h5.t14.nodes = 3597
h5.t14.propagations = 3597
h5.t3.stop_reason = aborted
h5.t3.restarts = 4
h5.t3.nogoods_size = 196938
h5.t3.nodes = 3191
h5.t3.propagations = 3191
h5.t15.stop_reason = aborted
h5.t15.restarts = 4
h5.t15.nogoods_size = 196938
h5.t15.nodes = 3561
h5.t15.propagations = 3561
h5.t10.stop_reason = aborted
h5.t10.restarts = 4
h5.t10.nogoods_size = 196938
h5.t10.nodes = 3150
h5.t10.propagations = 3150
h5.t6.stop_reason = aborted
h5.t6.restarts = 4
h5.t6.nogoods_size = 196938
h5.t6.nodes = 3559
h5.t6.propagations = 3559
h5.t0.stop_reason = aborted
h5.t0.restarts = 4
h5.t0.nogoods_size = 196938
h5.t0.nodes = 1724
h5.t0.propagations = 1724
h5.t11.stop_reason = aborted
h5.t11.restarts = 4
h5.t11.nogoods_size = 196938
h5.t11.nodes = 3498
h5.t11.propagations = 3498
h5.search_time = 4921
h5.nodes = 59549
h5.propagations = 1825576
h6.t17.stop_reason = aborted
h6.t17.restarts = 4
h6.t17.nogoods_size = 196316
h6.t17.nodes = 2400
h6.t17.propagations = 2400
h6.t0.stop_reason = aborted
h6.t0.restarts = 4
h6.t0.nogoods_size = 196316
h6.t0.nodes = 2197
h6.t0.propagations = 2197
h6.t2.stop_reason = unsatisfiable
h6.t2.restarts = 4
h6.t2.nogoods_size = 196316
h6.t2.nodes = 3753
h6.t2.propagations = 3753
h6.t5.stop_reason = aborted
h6.t5.restarts = 4
h6.t5.nogoods_size = 196316
h6.t5.nodes = 3609
h6.t5.propagations = 3609
h6.t9.stop_reason = aborted
h6.t9.restarts = 4
h6.t9.nogoods_size = 196316
h6.t9.nodes = 3389
h6.t9.propagations = 3389
h6.t6.stop_reason = aborted
h6.t6.restarts = 4
h6.t6.nogoods_size = 196316
h6.t6.nodes = 3754
h6.t6.propagations = 3754
h6.t16.stop_reason = aborted
h6.t16.restarts = 4
h6.t16.nogoods_size = 196316
h6.t16.nodes = 3602
h6.t16.propagations = 3602
h6.t7.stop_reason = aborted
h6.t7.restarts = 4
h6.t7.nogoods_size = 196316
h6.t7.nodes = 3828
h6.t7.propagations = 3828
h6.t1.stop_reason = aborted
h6.t1.restarts = 4
h6.t1.nogoods_size = 196316
h6.t1.nodes = 3750
h6.t1.propagations = 3750
h6.t14.stop_reason = aborted
h6.t14.restarts = 4
h6.t14.nogoods_size = 196316
h6.t14.nodes = 3699
h6.t14.propagations = 3699
h6.t3.stop_reason = aborted
h6.t3.restarts = 4
h6.t3.nogoods_size = 196316
h6.t3.nodes = 3590
h6.t3.propagations = 3590
h6.t10.stop_reason = aborted
h6.t10.restarts = 4
h6.t10.nogoods_size = 196316
h6.t10.nodes = 3654
h6.t10.propagations = 3654
h6.t4.stop_reason = aborted
h6.t4.restarts = 4
h6.t4.nogoods_size = 196316
h6.t4.nodes = 3759
h6.t4.propagations = 3759
h6.t11.stop_reason = aborted
h6.t11.restarts = 4
h6.t11.nogoods_size = 196316
h6.t11.nodes = 3693
h6.t11.propagations = 3693
h6.t8.stop_reason = aborted
h6.t8.restarts = 4
h6.t8.nogoods_size = 196316
h6.t8.nodes = 3748
h6.t8.propagations = 3748
h6.t15.stop_reason = aborted
h6.t15.restarts = 4
h6.t15.nogoods_size = 196316
h6.t15.nodes = 3311
h6.t15.propagations = 3311
h6.t13.stop_reason = aborted
h6.t13.restarts = 4
h6.t13.nogoods_size = 196316
h6.t13.nodes = 3687
h6.t13.propagations = 3687
h6.t12.stop_reason = aborted
h6.t12.restarts = 4
h6.t12.nogoods_size = 196316
h6.t12.nodes = 3645
h6.t12.propagations = 3645
h6.search_time = 4952
h6.nodes = 63068
h6.propagations = 1925217
h7.t7.stop_reason = aborted
h7.t7.restarts = 4
h7.t7.nogoods_size = 195121
h7.t7.nodes = 3704
h7.t7.propagations = 3704
h7.t6.stop_reason = aborted
h7.t6.restarts = 4
h7.t6.nogoods_size = 195121
h7.t6.nodes = 3658
h7.t6.propagations = 3658
h7.t5.stop_reason = unsatisfiable
h7.t5.restarts = 4
h7.t5.nogoods_size = 195121
h7.t5.nodes = 3702
h7.t5.propagations = 3702
h7.t4.stop_reason = aborted
h7.t4.restarts = 4
h7.t4.nogoods_size = 195121
h7.t4.nodes = 3759
h7.t4.propagations = 3759
h7.t14.stop_reason = aborted
h7.t14.restarts = 4
h7.t14.nogoods_size = 195121
h7.t14.nodes = 3626
h7.t14.propagations = 3626
h7.t3.stop_reason = aborted
h7.t3.restarts = 4
h7.t3.nogoods_size = 195121
h7.t3.nodes = 3794
h7.t3.propagations = 3794
h7.t2.stop_reason = aborted
h7.t2.restarts = 4
h7.t2.nogoods_size = 195121
h7.t2.nodes = 3453
h7.t2.propagations = 3453
h7.t12.stop_reason = aborted
h7.t12.restarts = 4
h7.t12.nogoods_size = 195121
h7.t12.nodes = 3619
h7.t12.propagations = 3619
h7.t9.stop_reason = aborted
h7.t9.restarts = 4
h7.t9.nogoods_size = 195121
h7.t9.nodes = 3614
h7.t9.propagations = 3614
h7.t16.stop_reason = aborted
h7.t16.restarts = 4
h7.t16.nogoods_size = 195121
h7.t16.nodes = 3652
h7.t16.propagations = 3652
h7.t17.stop_reason = aborted
h7.t17.restarts = 4
h7.t17.nogoods_size = 195121
h7.t17.nodes = 1944
h7.t17.propagations = 1944
h7.t15.stop_reason = aborted
h7.t15.restarts = 4
h7.t15.nogoods_size = 195121
h7.t15.nodes = 3614
h7.t15.propagations = 3614
h7.t10.stop_reason = aborted
h7.t10.restarts = 4
h7.t10.nogoods_size = 195121
h7.t10.nodes = 3718
h7.t10.propagations = 3718
h7.t13.stop_reason = aborted
h7.t13.restarts = 4
h7.t13.nogoods_size = 195121
h7.t13.nodes = 3606
h7.t13.propagations = 3606
h7.t11.stop_reason = aborted
h7.t11.restarts = 4
h7.t11.nogoods_size = 195121
h7.t11.nodes = 3651
h7.t11.propagations = 3651
h7.t1.stop_reason = aborted
h7.t1.restarts = 4
h7.t1.nogoods_size = 195121
h7.t1.nodes = 3710
h7.t1.propagations = 3710
h7.t8.stop_reason = aborted
h7.t8.restarts = 4
h7.t8.nogoods_size = 195121
h7.t8.nodes = 3625
h7.t8.propagations = 3625
h7.t0.stop_reason = aborted
h7.t0.restarts = 4
h7.t0.nogoods_size = 195121
h7.t0.nodes = 1743
h7.t0.propagations = 1743
h7.search_time = 4951
h7.nodes = 62192
h7.propagations = 1904669
h8.t1.stop_reason = aborted
h8.t1.restarts = 4
h8.t1.nogoods_size = 197357
h8.t1.nodes = 3409
h8.t1.propagations = 3409
h8.t5.stop_reason = aborted
h8.t5.restarts = 4
h8.t5.nogoods_size = 197357
h8.t5.nodes = 3225
h8.t5.propagations = 3225
h8.t9.stop_reason = aborted
h8.t9.restarts = 4
h8.t9.nogoods_size = 197357
h8.t9.nodes = 3557
h8.t9.propagations = 3557
h8.t14.stop_reason = aborted
h8.t14.restarts = 4
h8.t14.nogoods_size = 197357
h8.t14.nodes = 3623
h8.t14.propagations = 3623
h8.t3.stop_reason = aborted
h8.t3.restarts = 4
h8.t3.nogoods_size = 197357
h8.t3.nodes = 3604
h8.t3.propagations = 3604
h8.t17.stop_reason = aborted
h8.t17.restarts = 4
h8.t17.nogoods_size = 197357
h8.t17.nodes = 1854
h8.t17.propagations = 1854
h8.t8.stop_reason = aborted
h8.t8.restarts = 4
h8.t8.nogoods_size = 197357
h8.t8.nodes = 3353
h8.t8.propagations = 3353
h8.t4.stop_reason = aborted
h8.t4.restarts = 4
h8.t4.nogoods_size = 197357
h8.t4.nodes = 3592
h8.t4.propagations = 3592
h8.t10.stop_reason = aborted
h8.t10.restarts = 4
h8.t10.nogoods_size = 197357
h8.t10.nodes = 3572
h8.t10.propagations = 3572
h8.t13.stop_reason = aborted
h8.t13.restarts = 4
h8.t13.nogoods_size = 197357
h8.t13.nodes = 3500
h8.t13.propagations = 3500
h8.t16.stop_reason = aborted
h8.t16.restarts = 4
h8.t16.nogoods_size = 197357
h8.t16.nodes = 3495
h8.t16.propagations = 3495
h8.t2.stop_reason = aborted
h8.t2.restarts = 4
h8.t2.nogoods_size = 197357
h8.t2.nodes = 3649
h8.t2.propagations = 3649
h8.t6.stop_reason = aborted
h8.t6.restarts = 4
h8.t6.nogoods_size = 197357
h8.t6.nodes = 3592
h8.t6.propagations = 3592
h8.t12.stop_reason = unsatisfiable
h8.t12.restarts = 4
h8.t12.nogoods_size = 197357
h8.t12.nodes = 3695
h8.t12.propagations = 3695
h8.t15.stop_reason = aborted
h8.t15.restarts = 4
h8.t15.nogoods_size = 197357
h8.t15.nodes = 3516
h8.t15.propagations = 3516
h8.t7.stop_reason = aborted
h8.t7.restarts = 4
h8.t7.nogoods_size = 197357
h8.t7.nodes = 3630
h8.t7.propagations = 3630
h8.t11.stop_reason = aborted
h8.t11.restarts = 4
h8.t11.nogoods_size = 197357
h8.t11.nodes = 3538
h8.t11.propagations = 3538
h8.t0.stop_reason = aborted
h8.t0.restarts = 4
h8.t0.nogoods_size = 197357
h8.t0.nodes = 1715
h8.t0.propagations = 1715
h8.search_time = 4925
h8.nodes = 60119
h8.propagations = 1841417
h9.t13.stop_reason = unsatisfiable
h9.t13.restarts = 4
h9.t13.nogoods_size = 196139
h9.t13.nodes = 3754
h9.t13.propagations = 3754
h9.t5.stop_reason = aborted
h9.t5.restarts = 4
h9.t5.nogoods_size = 196139
h9.t5.nodes = 3693
h9.t5.propagations = 3693
h9.t10.stop_reason = aborted
h9.t10.restarts = 4
h9.t10.nogoods_size = 196139
h9.t10.nodes = 3618
h9.t10.propagations = 3618
h9.t4.stop_reason = aborted
h9.t4.restarts = 4
h9.t4.nogoods_size = 196139
h9.t4.nodes = 3587
h9.t4.propagations = 3587
h9.t12.stop_reason = unsatisfiable
h9.t12.restarts = 4
h9.t12.nogoods_size = 196139
h9.t12.nodes = 3737
h9.t12.propagations = 3737
h9.t17.stop_reason = aborted
h9.t17.restarts = 4
h9.t17.nogoods_size = 196139
h9.t17.nodes = 1937
h9.t17.propagations = 1937
h9.t3.stop_reason = aborted
h9.t3.restarts = 4
h9.t3.nogoods_size = 196139
h9.t3.nodes = 3485
h9.t3.propagations = 3485
h9.t8.stop_reason = aborted
h9.t8.restarts = 4
h9.t8.nogoods_size = 196139
h9.t8.nodes = 3762
h9.t8.propagations = 3762
h9.t11.stop_reason = aborted
h9.t11.restarts = 4
h9.t11.nogoods_size = 196139
h9.t11.nodes = 3637
h9.t11.propagations = 3637
h9.t6.stop_reason = aborted
h9.t6.restarts = 4
h9.t6.nogoods_size = 196139
h9.t6.nodes = 3666
h9.t6.propagations = 3666
h9.t1.stop_reason = aborted
h9.t1.restarts = 4
h9.t1.nogoods_size = 196139
h9.t1.nodes = 3538
h9.t1.propagations = 3538
h9.t9.stop_reason = aborted
h9.t9.restarts = 4
h9.t9.nogoods_size = 196139
h9.t9.nodes = 3721
h9.t9.propagations = 3721
h9.t15.stop_reason = aborted
h9.t15.restarts = 4
h9.t15.nogoods_size = 196139
h9.t15.nodes = 3713
h9.t15.propagations = 3713
h9.t14.stop_reason = aborted
h9.t14.restarts = 4
h9.t14.nogoods_size = 196139
h9.t14.nodes = 3698
h9.t14.propagations = 3698
h9.t7.stop_reason = aborted
h9.t7.restarts = 4
h9.t7.nogoods_size = 196139
h9.t7.nodes = 3539
h9.t7.propagations = 3539
h9.t2.stop_reason = aborted
h9.t2.restarts = 4
h9.t2.nogoods_size = 196139
h9.t2.nodes = 3609
h9.t2.propagations = 3609
h9.t0.stop_reason = aborted
h9.t0.restarts = 4
h9.t0.nogoods_size = 196139
h9.t0.nodes = 1740
h9.t0.propagations = 1740
h9.t16.stop_reason = aborted
h9.t16.restarts = 4
h9.t16.nogoods_size = 196139
h9.t16.nodes = 3708
h9.t16.propagations = 3708
h9.search_time = 4943
h9.nodes = 62142
h9.propagations = 1914037
h10.t14.stop_reason = aborted
h10.t14.restarts = 4
h10.t14.nogoods_size = 196998
h10.t14.nodes = 3583
h10.t14.propagations = 3583
h10.t8.stop_reason = aborted
h10.t8.restarts = 4
h10.t8.nogoods_size = 196998
h10.t8.nodes = 3626
h10.t8.propagations = 3626
h10.t7.stop_reason = aborted
h10.t7.restarts = 4
h10.t7.nogoods_size = 196998
h10.t7.nodes = 3612
h10.t7.propagations = 3612
h10.t6.stop_reason = unsatisfiable
h10.t6.restarts = 4
h10.t6.nogoods_size = 196998
h10.t6.nodes = 3811
h10.t6.propagations = 3811
h10.t2.stop_reason = aborted
h10.t2.restarts = 4
h10.t2.nogoods_size = 196998
h10.t2.nodes = 3657
h10.t2.propagations = 3657
h10.t4.stop_reason = aborted
h10.t4.restarts = 4
h10.t4.nogoods_size = 196998
h10.t4.nodes = 3565
h10.t4.propagations = 3565
h10.t1.stop_reason = aborted
h10.t1.restarts = 4
h10.t1.nogoods_size = 196998
h10.t1.nodes = 3703
h10.t1.propagations = 3703
h10.t13.stop_reason = aborted
h10.t13.restarts = 4
h10.t13.nogoods_size = 196998
h10.t13.nodes = 3612
h10.t13.propagations = 3612
h10.t10.stop_reason = aborted
h10.t10.restarts = 4
h10.t10.nogoods_size = 196998
h10.t10.nodes = 3841
h10.t10.propagations = 3841
h10.t5.stop_reason = aborted
h10.t5.restarts = 4
h10.t5.nogoods_size = 196998
h10.t5.nodes = 3453
h10.t5.propagations = 3453
h10.t3.stop_reason = aborted
h10.t3.restarts = 4
h10.t3.nogoods_size = 196998
h10.t3.nodes = 3741
h10.t3.propagations = 3741
h10.t11.stop_reason = aborted
h10.t11.restarts = 4
h10.t11.nogoods_size = 196998
h10.t11.nodes = 3705
h10.t11.propagations = 3705
h10.t16.stop_reason = aborted
h10.t16.restarts = 4
h10.t16.nogoods_size = 196998
h10.t16.nodes = 3647
h10.t16.propagations = 3647
h10.t15.stop_reason = aborted
h10.t15.restarts = 4
h10.t15.nogoods_size = 196998
h10.t15.nodes = 3581
h10.t15.propagations = 3581
h10.t0.stop_reason = aborted
h10.t0.restarts = 4
h10.t0.nogoods_size = 196998
h10.t0.nodes = 1780
h10.t0.propagations = 1780
h10.t12.stop_reason = aborted
h10.t12.restarts = 4
h10.t12.nogoods_size = 196998
h10.t12.nodes = 3753
h10.t12.propagations = 3753
h10.t17.stop_reason = aborted
h10.t17.restarts = 4
h10.t17.nogoods_size = 196998
h10.t17.nodes = 1956
h10.t17.propagations = 1956
h10.t9.stop_reason = aborted
h10.t9.restarts = 4
h10.t9.nogoods_size = 196998
h10.t9.nodes = 3558
h10.t9.propagations = 3558
h10.search_time = 4938
h10.nodes = 62184
h10.propagations = 1922421
h11.t1.stop_reason = aborted
h11.t1.restarts = 4
h11.t1.nogoods_size = 196615
h11.t1.nodes = 3434
h11.t1.propagations = 3434
h11.t16.stop_reason = aborted
h11.t16.restarts = 4
h11.t16.nogoods_size = 196615
h11.t16.nodes = 3627
h11.t16.propagations = 3627
h11.t5.stop_reason = aborted
h11.t5.restarts = 4
h11.t5.nogoods_size = 196615
h11.t5.nodes = 3724
h11.t5.propagations = 3724
h11.t15.stop_reason = aborted
h11.t15.restarts = 4
h11.t15.nogoods_size = 196615
h11.t15.nodes = 3631
h11.t15.propagations = 3631
h11.t3.stop_reason = aborted
h11.t3.restarts = 4
h11.t3.nogoods_size = 196615
h11.t3.nodes = 3761
h11.t3.propagations = 3761
h11.t10.stop_reason = aborted
h11.t10.restarts = 4
h11.t10.nogoods_size = 196615
h11.t10.nodes = 3657
h11.t10.propagations = 3657
h11.t13.stop_reason = aborted
h11.t13.restarts = 4
h11.t13.nogoods_size = 196615
h11.t13.nodes = 3646
h11.t13.propagations = 3646
h11.t9.stop_reason = unsatisfiable
h11.t9.restarts = 4
h11.t9.nogoods_size = 196615
h11.t9.nodes = 3730
h11.t9.propagations = 3730
h11.t6.stop_reason = aborted
h11.t6.restarts = 4
h11.t6.nogoods_size = 196615
h11.t6.nodes = 3660
h11.t6.propagations = 3660
h11.t17.stop_reason = aborted
h11.t17.restarts = 4
h11.t17.nogoods_size = 196615
h11.t17.nodes = 1949
h11.t17.propagations = 1949
h11.t14.stop_reason = aborted
h11.t14.restarts = 4
h11.t14.nogoods_size = 196615
h11.t14.nodes = 3707
h11.t14.propagations = 3707
h11.t2.stop_reason = aborted
h11.t2.restarts = 4
h11.t2.nogoods_size = 196615
h11.t2.nodes = 3800
h11.t2.propagations = 3800
h11.t8.stop_reason = aborted
h11.t8.restarts = 4
h11.t8.nogoods_size = 196615
h11.t8.nodes = 3791
h11.t8.propagations = 3791
h11.t12.stop_reason = aborted
h11.t12.restarts = 4
h11.t12.nogoods_size = 196615
h11.t12.nodes = 3728
h11.t12.propagations = 3728
h11.t7.stop_reason = aborted
h11.t7.restarts = 4
h11.t7.nogoods_size = 196615
h11.t7.nodes = 3714
h11.t7.propagations = 3714
h11.t11.stop_reason = aborted
h11.t11.restarts = 4
h11.t11.nogoods_size = 196615
h11.t11.nodes = 3697
h11.t11.propagations = 3697
h11.t4.stop_reason = aborted
h11.t4.restarts = 4
h11.t4.nogoods_size = 196615
h11.t4.nodes = 3715
h11.t4.propagations = 3715
h11.t0.stop_reason = aborted
h11.t0.restarts = 4
h11.t0.nogoods_size = 196615
h11.t0.nodes = 1698
h11.t0.propagations = 1698
h11.search_time = 4918
h11.nodes = 62669
h11.propagations = 1932011
h12.t11.stop_reason = aborted
h12.t11.restarts = 4
h12.t11.nogoods_size = 195670
h12.t11.nodes = 3600
h12.t11.propagations = 3600
h12.t7.stop_reason = unsatisfiable
h12.t7.restarts = 4
h12.t7.nogoods_size = 195670
h12.t7.nodes = 3666
h12.t7.propagations = 3666
h12.t17.stop_reason = aborted
h12.t17.restarts = 4
h12.t17.nogoods_size = 195670
h12.t17.nodes = 1886
h12.t17.propagations = 1886
h12.t12.stop_reason = aborted
h12.t12.restarts = 4
h12.t12.nogoods_size = 195670
h12.t12.nodes = 3731
h12.t12.propagations = 3731
h12.t3.stop_reason = aborted
h12.t3.restarts = 4
h12.t3.nogoods_size = 195670
h12.t3.nodes = 3741
h12.t3.propagations = 3741
h12.t5.stop_reason = aborted
h12.t5.restarts = 4
h12.t5.nogoods_size = 195670
h12.t5.nodes = 3645
h12.t5.propagations = 3645
h12.t6.stop_reason = aborted
h12.t6.restarts = 4
h12.t6.nogoods_size = 195670
h12.t6.nodes = 3577
h12.t6.propagations = 3577
h12.t2.stop_reason = unsatisfiable
h12.t2.restarts = 4
h12.t2.nogoods_size = 195670
h12.t2.nodes = 3784
h12.t2.propagations = 3784
h12.t8.stop_reason = aborted
h12.t8.restarts = 4
h12.t8.nogoods_size = 195670
h12.t8.nodes = 3674
h12.t8.propagations = 3674
h12.t1.stop_reason = aborted
h12.t1.restarts = 4
h12.t1.nogoods_size = 195670
h12.t1.nodes = 3731
h12.t1.propagations = 3731
h12.t16.stop_reason = aborted
h12.t16.restarts = 4
h12.t16.nogoods_size = 195670
h12.t16.nodes = 3669
h12.t16.propagations = 3669
h12.t13.stop_reason = aborted
h12.t13.restarts = 4
h12.t13.nogoods_size = 195670
h12.t13.nodes = 3730
h12.t13.propagations = 3730
h12.t15.stop_reason = aborted
h12.t15.restarts = 4
h12.t15.nogoods_size = 195670
h12.t15.nodes = 3694
h12.t15.propagations = 3694
h12.t14.stop_reason = aborted
h12.t14.restarts = 4
h12.t14.nogoods_size = 195670
h12.t14.nodes = 3762
h12.t14.propagations = 3762
h12.t9.stop_reason = aborted
h12.t9.restarts = 4
h12.t9.nogoods_size = 195670
h12.t9.nodes = 3808
h12.t9.propagations = 3808
h12.t10.stop_reason = aborted
h12.t10.restarts = 4
h12.t10.nogoods_size = 195670
h12.t10.nodes = 3628
h12.t10.propagations = 3628
h12.t0.stop_reason = aborted
h12.t0.restarts = 4
h12.t0.nogoods_size = 195670
h12.t0.nodes = 1677
h12.t0.propagations = 1677
h12.t4.stop_reason = aborted
h12.t4.restarts = 4
h12.t4.nogoods_size = 195670
h12.t4.nodes = 3676
h12.t4.propagations = 3676
h12.search_time = 4909
h12.nodes = 62679
h12.propagations = 1914744
h13.t4.stop_reason = aborted
h13.t4.restarts = 4
h13.t4.nogoods_size = 196090
h13.t4.nodes = 3551
h13.t4.propagations = 3551
h13.t15.stop_reason = aborted
h13.t15.restarts = 4
h13.t15.nogoods_size = 196090
h13.t15.nodes = 3658
h13.t15.propagations = 3658
h13.t2.stop_reason = unsatisfiable
h13.t2.restarts = 4
h13.t2.nogoods_size = 196090
h13.t2.nodes = 3597
h13.t2.propagations = 3597
h13.t9.stop_reason = aborted
h13.t9.restarts = 4
h13.t9.nogoods_size = 196090
h13.t9.nodes = 3677
h13.t9.propagations = 3677
h13.t8.stop_reason = aborted
h13.t8.restarts = 4
h13.t8.nogoods_size = 196090
h13.t8.nodes = 3353
h13.t8.propagations = 3353
h13.t11.stop_reason = aborted
h13.t11.restarts = 4
h13.t11.nogoods_size = 196090
h13.t11.nodes = 3676
h13.t11.propagations = 3676
h13.t13.stop_reason = aborted
h13.t13.restarts = 4
h13.t13.nogoods_size = 196090
h13.t13.nodes = 3768
h13.t13.propagations = 3768
h13.t16.stop_reason = aborted
h13.t16.restarts = 4
h13.t16.nogoods_size = 196090
h13.t16.nodes = 3444
h13.t16.propagations = 3444
h13.t12.stop_reason = aborted
h13.t12.restarts = 4
h13.t12.nogoods_size = 196090
h13.t12.nodes = 3495
h13.t12.propagations = 3495
h13.t1.stop_reason = aborted
h13.t1.restarts = 4
h13.t1.nogoods_size = 196090
h13.t1.nodes = 3815
h13.t1.propagations = 3815
h13.t14.stop_reason = aborted
h13.t14.restarts = 4
h13.t14.nogoods_size = 196090
h13.t14.nodes = 3631
h13.t14.propagations = 3631
h13.t7.stop_reason = unsatisfiable
h13.t7.restarts = 4
h13.t7.nogoods_size = 196090
h13.t7.nodes = 3761
h13.t7.propagations = 3761
h13.t10.stop_reason = aborted
h13.t10.restarts = 4
h13.t10.nogoods_size = 196090
h13.t10.nodes = 3625
h13.t10.propagations = 3625
h13.t17.stop_reason = aborted
h13.t17.restarts = 4
h13.t17.nogoods_size = 196090
h13.t17.nodes = 1877
h13.t17.propagations = 1877
h13.t6.stop_reason = unsatisfiable
h13.t6.restarts = 4
h13.t6.nogoods_size = 196090
h13.t6.nodes = 3791
h13.t6.propagations = 3791
h13.t0.stop_reason = aborted
h13.t0.restarts = 4
h13.t0.nogoods_size = 196090
h13.t0.nodes = 1710
h13.t0.propagations = 1710
h13.t5.stop_reason = aborted
h13.t5.restarts = 4
h13.t5.nogoods_size = 196090
h13.t5.nodes = 3693
h13.t5.propagations = 3693
h13.t3.stop_reason = aborted
h13.t3.restarts = 4
h13.t3.nogoods_size = 196090
h13.t3.nodes = 3655
h13.t3.propagations = 3655
h13.search_time = 4944
h13.nodes = 61777
h13.propagations = 1900301
h14.t6.stop_reason = aborted
h14.t6.restarts = 4
h14.t6.nogoods_size = 196420
h14.t6.nodes = 4615
h14.t6.propagations = 4615
h14.t8.stop_reason = aborted
h14.t8.restarts = 4
h14.t8.nogoods_size = 196420
h14.t8.nodes = 4567
h14.t8.propagations = 4567
h14.t11.stop_reason = aborted
h14.t11.restarts = 4
h14.t11.nogoods_size = 196420
h14.t11.nodes = 4537
h14.t11.propagations = 4537
h14.t7.stop_reason = unsatisfiable
h14.t7.restarts = 4
h14.t7.nogoods_size = 196420
h14.t7.nodes = 4589
h14.t7.propagations = 4589
h14.t12.stop_reason = aborted
h14.t12.restarts = 4
h14.t12.nogoods_size = 196420
h14.t12.nodes = 4472
h14.t12.propagations = 4472
h14.t17.stop_reason = aborted
h14.t17.restarts = 4
h14.t17.nogoods_size = 196420
h14.t17.nodes = 2331
h14.t17.propagations = 2331
h14.t13.stop_reason = aborted
h14.t13.restarts = 4
h14.t13.nogoods_size = 196420
h14.t13.nodes = 4591
h14.t13.propagations = 4591
h14.t15.stop_reason = aborted
h14.t15.restarts = 4
h14.t15.nogoods_size = 196420
h14.t15.nodes = 4463
h14.t15.propagations = 4463
h14.t3.stop_reason = aborted
h14.t3.restarts = 4
h14.t3.nogoods_size = 196420
h14.t3.nodes = 4530
h14.t3.propagations = 4530
h14.t10.stop_reason = aborted
h14.t10.restarts = 4
h14.t10.nogoods_size = 196420
h14.t10.nodes = 4484
h14.t10.propagations = 4484
h14.t4.stop_reason = aborted
h14.t4.restarts = 4
h14.t4.nogoods_size = 196420
h14.t4.nodes = 4580
h14.t4.propagations = 4580
h14.t9.stop_reason = aborted
h14.t9.restarts = 4
h14.t9.nogoods_size = 196420
h14.t9.nodes = 4529
h14.t9.propagations = 4529
h14.t2.stop_reason = aborted
h14.t2.restarts = 4
h14.t2.nogoods_size = 196420
h14.t2.nodes = 4634
h14.t2.propagations = 4634
h14.t5.stop_reason = unsatisfiable
h14.t5.restarts = 4
h14.t5.nogoods_size = 196420
h14.t5.nodes = 4566
h14.t5.propagations = 4566
h14.t16.stop_reason = aborted
h14.t16.restarts = 4
h14.t16.nogoods_size = 196420
h14.t16.nodes = 4498
h14.t16.propagations = 4498
h14.t1.stop_reason = aborted
h14.t1.restarts = 4
h14.t1.nogoods_size = 196420
h14.t1.nodes = 4629
h14.t1.propagations = 4629
h14.t0.stop_reason = aborted
h14.t0.restarts = 4
h14.t0.nogoods_size = 196420
h14.t0.nodes = 2145
h14.t0.propagations = 2145
h14.t14.stop_reason = aborted
h14.t14.restarts = 4
h14.t14.nogoods_size = 196420
h14.t14.nodes = 4517
h14.t14.propagations = 4517
h14.search_time = 4958
h14.nodes = 77277
h14.propagations = 2416866
h15.t17.stop_reason = aborted
h15.t17.restarts = 4
h15.t17.nogoods_size = 195379
h15.t17.nodes = 2470
h15.t17.propagations = 2470
h15.t0.stop_reason = aborted
h15.t0.restarts = 4
h15.t0.nogoods_size = 195379
h15.t0.nodes = 2275
h15.t0.propagations = 2275
h15.t12.stop_reason = aborted
h15.t12.restarts = 4
h15.t12.nogoods_size = 195379
h15.t12.nodes = 4627
h15.t12.propagations = 4627
h15.t13.stop_reason = unsatisfiable
h15.t13.restarts = 4
h15.t13.nogoods_size = 195379
h15.t13.nodes = 4626
h15.t13.propagations = 4626
h15.t16.stop_reason = aborted
h15.t16.restarts = 4
h15.t16.nogoods_size = 195379
h15.t16.nodes = 4557
h15.t16.propagations = 4557
h15.t2.stop_reason = aborted
h15.t2.restarts = 4
h15.t2.nogoods_size = 195379
h15.t2.nodes = 4670
h15.t2.propagations = 4670
h15.t5.stop_reason = aborted
h15.t5.restarts = 4
h15.t5.nogoods_size = 195379
h15.t5.nodes = 4644
h15.t5.propagations = 4644
h15.t9.stop_reason = aborted
h15.t9.restarts = 4
h15.t9.nogoods_size = 195379
h15.t9.nodes = 4632
h15.t9.propagations = 4632
h15.t3.stop_reason = aborted
h15.t3.restarts = 4
h15.t3.nogoods_size = 195379
h15.t3.nodes = 4620
h15.t3.propagations = 4620
h15.t11.stop_reason = aborted
h15.t11.restarts = 4
h15.t11.nogoods_size = 195379
h15.t11.nodes = 4593
h15.t11.propagations = 4593
h15.t7.stop_reason = aborted
h15.t7.restarts = 4
h15.t7.nogoods_size = 195379
h15.t7.nodes = 4629
h15.t7.propagations = 4629
h15.t14.stop_reason = aborted
h15.t14.restarts = 4
h15.t14.nogoods_size = 195379
h15.t14.nodes = 4538
h15.t14.propagations = 4538
h15.t6.stop_reason = aborted
h15.t6.restarts = 4
h15.t6.nogoods_size = 195379
h15.t6.nodes = 4614
h15.t6.propagations = 4614
h15.t4.stop_reason = aborted
h15.t4.restarts = 4
h15.t4.nogoods_size = 195379
h15.t4.nodes = 4618
h15.t4.propagations = 4618
h15.t15.stop_reason = aborted
h15.t15.restarts = 4
h15.t15.nogoods_size = 195379
h15.t15.nodes = 4587
h15.t15.propagations = 4587
h15.t8.stop_reason = aborted
h15.t8.restarts = 4
h15.t8.nogoods_size = 195379
h15.t8.nodes = 4582
h15.t8.propagations = 4582
h15.t1.stop_reason = aborted
h15.t1.restarts = 4
h15.t1.nogoods_size = 195379
h15.t1.nodes = 4664
h15.t1.propagations = 4664
h15.t10.stop_reason = aborted
h15.t10.restarts = 4
h15.t10.nogoods_size = 195379
h15.t10.nodes = 4604
h15.t10.propagations = 4604
h15.search_time = 4962
h15.nodes = 78550
h15.propagations = 2490419
h16.t2.stop_reason = aborted
h16.t2.restarts = 4
h16.t2.nogoods_size = 196292
h16.t2.nodes = 3792
h16.t2.propagations = 3792
h16.t3.stop_reason = aborted
h16.t3.restarts = 4
h16.t3.nogoods_size = 196292
h16.t3.nodes = 3727
h16.t3.propagations = 3727
h16.t6.stop_reason = aborted
h16.t6.restarts = 4
h16.t6.nogoods_size = 196292
h16.t6.nodes = 3752
h16.t6.propagations = 3752
h16.t13.stop_reason = unsatisfiable
h16.t13.restarts = 4
h16.t13.nogoods_size = 196292
h16.t13.nodes = 3685
h16.t13.propagations = 3685
h16.t1.stop_reason = aborted
h16.t1.restarts = 4
h16.t1.nogoods_size = 196292
h16.t1.nodes = 3776
h16.t1.propagations = 3776
h16.t15.stop_reason = aborted
h16.t15.restarts = 4
h16.t15.nogoods_size = 196292
h16.t15.nodes = 3684
h16.t15.propagations = 3684
h16.t17.stop_reason = aborted
h16.t17.restarts = 4
h16.t17.nogoods_size = 196292
h16.t17.nodes = 1898
h16.t17.propagations = 1898
h16.t11.stop_reason = aborted
h16.t11.restarts = 4
h16.t11.nogoods_size = 196292
h16.t11.nodes = 3619
h16.t11.propagations = 3619
h16.t8.stop_reason = aborted
h16.t8.restarts = 4
h16.t8.nogoods_size = 196292
h16.t8.nodes = 3566
h16.t8.propagations = 3566
h16.t5.stop_reason = unsatisfiable
h16.t5.restarts = 4
h16.t5.nogoods_size = 196292
h16.t5.nodes = 3740
h16.t5.propagations = 3740
h16.t16.stop_reason = aborted
h16.t16.restarts = 4
h16.t16.nogoods_size = 196292
h16.t16.nodes = 3619
h16.t16.propagations = 3619
h16.t14.stop_reason = aborted
h16.t14.restarts = 4
h16.t14.nogoods_size = 196292
h16.t14.nodes = 3684
h16.t14.propagations = 3684
h16.t7.stop_reason = aborted
h16.t7.restarts = 4
h16.t7.nogoods_size = 196292
h16.t7.nodes = 3871
h16.t7.propagations = 3871
h16.t12.stop_reason = aborted
h16.t12.restarts = 4
h16.t12.nogoods_size = 196292
h16.t12.nodes = 3690
h16.t12.propagations = 3690
h16.t0.stop_reason = aborted
h16.t0.restarts = 4
h16.t0.nogoods_size = 196292
h16.t0.nodes = 1736
h16.t0.propagations = 1736
h16.t10.stop_reason = aborted
h16.t10.restarts = 4
h16.t10.nogoods_size = 196292
h16.t10.nodes = 3687
h16.t10.propagations = 3687
h16.t4.stop_reason = aborted
h16.t4.restarts = 4
h16.t4.nogoods_size = 196292
h16.t4.nodes = 3728
h16.t4.propagations = 3728
h16.t9.stop_reason = aborted
h16.t9.restarts = 4
h16.t9.nogoods_size = 196292
h16.t9.nodes = 3635
h16.t9.propagations = 3635
h16.search_time = 4938
h16.nodes = 62889
h16.propagations = 1918930
h17.t14.stop_reason = aborted
h17.t14.restarts = 4
h17.t14.nogoods_size = 196766
h17.t14.nodes = 3587
h17.t14.propagations = 3587
h17.t13.stop_reason = aborted
h17.t13.restarts = 4
h17.t13.nogoods_size = 196766
h17.t13.nodes = 3671
h17.t13.propagations = 3671
h17.t17.stop_reason = aborted
h17.t17.restarts = 4
h17.t17.nogoods_size = 196766
h17.t17.nodes = 2022
h17.t17.propagations = 2022
h17.t7.stop_reason = unsatisfiable
h17.t7.restarts = 4
h17.t7.nogoods_size = 196766
h17.t7.nodes = 3526
h17.t7.propagations = 3526
h17.t1.stop_reason = aborted
h17.t1.restarts = 4
h17.t1.nogoods_size = 196766
h17.t1.nodes = 3661
h17.t1.propagations = 3661
h17.t8.stop_reason = aborted
h17.t8.restarts = 4
h17.t8.nogoods_size = 196766
h17.t8.nodes = 3726
h17.t8.propagations = 3726
h17.t16.stop_reason = aborted
h17.t16.restarts = 4
h17.t16.nogoods_size = 196766
h17.t16.nodes = 3675
h17.t16.propagations = 3675
h17.t4.stop_reason = aborted
h17.t4.restarts = 4
h17.t4.nogoods_size = 196766
h17.t4.nodes = 3363
h17.t4.propagations = 3363
h17.t6.stop_reason = aborted
h17.t6.restarts = 4
h17.t6.nogoods_size = 196766
h17.t6.nodes = 3732
h17.t6.propagations = 3732
h17.t9.stop_reason = aborted
h17.t9.restarts = 4
h17.t9.nogoods_size = 196766
h17.t9.nodes = 3595
h17.t9.propagations = 3595
h17.t12.stop_reason = aborted
h17.t12.restarts = 4
h17.t12.nogoods_size = 196766
h17.t12.nodes = 3640
h17.t12.propagations = 3640
h17.t5.stop_reason = aborted
h17.t5.restarts = 4
h17.t5.nogoods_size = 196766
h17.t5.nodes = 3740
h17.t5.propagations = 3740
h17.t2.stop_reason = aborted
h17.t2.restarts = 4
h17.t2.nogoods_size = 196766
h17.t2.nodes = 3690
h17.t2.propagations = 3690
h17.t15.stop_reason = aborted
h17.t15.restarts = 4
h17.t15.nogoods_size = 196766
h17.t15.nodes = 3354
h17.t15.propagations = 3354
h17.t0.stop_reason = aborted
h17.t0.restarts = 4
h17.t0.nogoods_size = 196766
h17.t0.nodes = 1727
h17.t0.propagations = 1727
h17.t10.stop_reason = aborted
h17.t10.restarts = 4
h17.t10.nogoods_size = 196766
h17.t10.nodes = 3632
h17.t10.propagations = 3632
h17.t3.stop_reason = aborted
h17.t3.restarts = 4
h17.t3.nogoods_size = 196766
h17.t3.nodes = 3704
h17.t3.propagations = 3704
h17.t11.stop_reason = aborted
h17.t11.restarts = 4
h17.t11.nogoods_size = 196766
h17.t11.nodes = 3736
h17.t11.propagations = 3736
h17.search_time = 4942
h17.nodes = 61781
h17.propagations = 1884648
h18.t15.stop_reason = aborted
h18.t15.restarts = 4
h18.t15.nogoods_size = 196386
h18.t15.nodes = 4447
h18.t15.propagations = 4447
h18.t9.stop_reason = aborted
h18.t9.restarts = 4
h18.t9.nogoods_size = 196386
h18.t9.nodes = 4612
h18.t9.propagations = 4612
h18.t3.stop_reason = aborted
h18.t3.restarts = 4
h18.t3.nogoods_size = 196386
h18.t3.nodes = 4563
h18.t3.propagations = 4563
h18.t6.stop_reason = aborted
h18.t6.restarts = 4
h18.t6.nogoods_size = 196386
h18.t6.nodes = 4585
h18.t6.propagations = 4585
h18.t17.stop_reason = aborted
h18.t17.restarts = 4
h18.t17.nogoods_size = 196386
h18.t17.nodes = 2376
h18.t17.propagations = 2376
h18.t8.stop_reason = aborted
h18.t8.restarts = 4
h18.t8.nogoods_size = 196386
h18.t8.nodes = 4539
h18.t8.propagations = 4539
h18.t2.stop_reason = unsatisfiable
h18.t2.restarts = 4
h18.t2.nogoods_size = 196386
h18.t2.nodes = 4634
h18.t2.propagations = 4634
h18.t11.stop_reason = aborted
h18.t11.restarts = 4
h18.t11.nogoods_size = 196386
h18.t11.nodes = 4435
h18.t11.propagations = 4435
h18.t16.stop_reason = aborted
h18.t16.restarts = 4
h18.t16.nogoods_size = 196386
h18.t16.nodes = 4475
h18.t16.propagations = 4475
h18.t5.stop_reason = aborted
h18.t5.restarts = 4
h18.t5.nogoods_size = 196386
h18.t5.nodes = 4506
h18.t5.propagations = 4506
h18.t14.stop_reason = aborted
h18.t14.restarts = 4
h18.t14.nogoods_size = 196386
h18.t14.nodes = 4430
h18.t14.propagations = 4430
h18.t4.stop_reason = aborted
h18.t4.restarts = 4
h18.t4.nogoods_size = 196386
h18.t4.nodes = 4511
h18.t4.propagations = 4511
h18.t13.stop_reason = aborted
h18.t13.restarts = 4
h18.t13.nogoods_size = 196386
h18.t13.nodes = 4536
h18.t13.propagations = 4536
h18.t1.stop_reason = aborted
h18.t1.restarts = 4
h18.t1.nogoods_size = 196386
h18.t1.nodes = 4513
h18.t1.propagations = 4513
h18.t10.stop_reason = aborted
h18.t10.restarts = 4
h18.t10.nogoods_size = 196386
h18.t10.nodes = 4496
h18.t10.propagations = 4496
h18.t7.stop_reason = unsatisfiable
h18.t7.restarts = 4
h18.t7.nogoods_size = 196386
h18.t7.nodes = 4575
h18.t7.propagations = 4575
h18.t12.stop_reason = aborted
h18.t12.restarts = 4
h18.t12.nogoods_size = 196386
h18.t12.nodes = 4530
h18.t12.propagations = 4530
h18.t0.stop_reason = aborted
h18.t0.restarts = 4
h18.t0.nogoods_size = 196386
h18.t0.nodes = 2108
h18.t0.propagations = 2108
h18.search_time = 4954
h18.nodes = 76871
h18.propagations = 2409909
h19.t15.stop_reason = aborted
h19.t15.restarts = 4
h19.t15.nogoods_size = 195230
h19.t15.nodes = 4610
h19.t15.propagations = 4610
h19.t17.stop_reason = unsatisfiable
h19.t17.restarts = 4
h19.t17.nogoods_size = 195230
h19.t17.nodes = 2592
h19.t17.propagations = 2592
h19.t2.stop_reason = unsatisfiable
h19.t2.restarts = 4
h19.t2.nogoods_size = 195230
h19.t2.nodes = 4746
h19.t2.propagations = 4746
h19.t1.stop_reason = aborted
h19.t1.restarts = 4
h19.t1.nogoods_size = 195230
h19.t1.nodes = 4723
h19.t1.propagations = 4723
h19.t10.stop_reason = aborted
h19.t10.restarts = 4
h19.t10.nogoods_size = 195230
h19.t10.nodes = 4632
h19.t10.propagations = 4632
h19.t3.stop_reason = aborted
h19.t3.restarts = 4
h19.t3.nogoods_size = 195230
h19.t3.nodes = 4682
h19.t3.propagations = 4682
h19.t9.stop_reason = aborted
h19.t9.restarts = 4
h19.t9.nogoods_size = 195230
h19.t9.nodes = 4723
h19.t9.propagations = 4723
h19.t12.stop_reason = aborted
h19.t12.restarts = 4
h19.t12.nogoods_size = 195230
h19.t12.nodes = 4707
h19.t12.propagations = 4707
h19.t13.stop_reason = aborted
h19.t13.restarts = 4
h19.t13.nogoods_size = 195230
h19.t13.nodes = 4750
h19.t13.propagations = 4750
h19.t11.stop_reason = aborted
h19.t11.restarts = 4
h19.t11.nogoods_size = 195230
h19.t11.nodes = 4678
h19.t11.propagations = 4678
h19.t0.stop_reason = aborted
h19.t0.restarts = 4
h19.t0.nogoods_size = 195230
h19.t0.nodes = 2270
h19.t0.propagations = 2270
h19.t5.stop_reason = aborted
h19.t5.restarts = 4
h19.t5.nogoods_size = 195230
h19.t5.nodes = 4784
h19.t5.propagations = 4784
h19.t6.stop_reason = aborted
h19.t6.restarts = 4
h19.t6.nogoods_size = 195230
h19.t6.nodes = 4750
h19.t6.propagations = 4750
h19.t16.stop_reason = aborted
h19.t16.restarts = 4
h19.t16.nogoods_size = 195230
h19.t16.nodes = 4675
h19.t16.propagations = 4675
h19.t4.stop_reason = aborted
h19.t4.restarts = 4
h19.t4.nogoods_size = 195230
h19.t4.nodes = 4724
h19.t4.propagations = 4724
h19.t14.stop_reason = aborted
h19.t14.restarts = 4
h19.t14.nogoods_size = 195230
h19.t14.nodes = 4647
h19.t14.propagations = 4647
h19.t7.stop_reason = aborted
h19.t7.restarts = 4
h19.t7.nogoods_size = 195230
h19.t7.nodes = 4761
h19.t7.propagations = 4761
h19.t8.stop_reason = aborted
h19.t8.restarts = 4
h19.t8.nogoods_size = 195230
h19.t8.nodes = 4696
h19.t8.propagations = 4696
h19.search_time = 4961
h19.nodes = 80150
h19.propagations = 2531246
h20.t13.stop_reason = aborted
h20.t13.restarts = 4
h20.t13.nogoods_size = 196534
h20.t13.nodes = 3558
h20.t13.propagations = 3558
h20.t9.stop_reason = aborted
h20.t9.restarts = 4
h20.t9.nogoods_size = 196534
h20.t9.nodes = 3589
h20.t9.propagations = 3589
h20.t10.stop_reason = aborted
h20.t10.restarts = 4
h20.t10.nogoods_size = 196534
h20.t10.nodes = 3525
h20.t10.propagations = 3525
h20.t6.stop_reason = aborted
h20.t6.restarts = 4
h20.t6.nogoods_size = 196534
h20.t6.nodes = 3540
h20.t6.propagations = 3540
h20.t7.stop_reason = aborted
h20.t7.restarts = 4
h20.t7.nogoods_size = 196534
h20.t7.nodes = 3645
h20.t7.propagations = 3645
h20.t14.stop_reason = aborted
h20.t14.restarts = 4
h20.t14.nogoods_size = 196534
h20.t14.nodes = 3548
h20.t14.propagations = 3548
h20.t12.stop_reason = unsatisfiable
h20.t12.restarts = 4
h20.t12.nogoods_size = 196534
h20.t12.nodes = 3474
h20.t12.propagations = 3474
h20.t2.stop_reason = aborted
h20.t2.restarts = 4
h20.t2.nogoods_size = 196534
h20.t2.nodes = 3245
h20.t2.propagations = 3245
h20.t5.stop_reason = aborted
h20.t5.restarts = 4
h20.t5.nogoods_size = 196534
h20.t5.nodes = 3538
h20.t5.propagations = 3538
h20.t11.stop_reason = aborted
h20.t11.restarts = 4
h20.t11.nogoods_size = 196534
h20.t11.nodes = 3580
h20.t11.propagations = 3580
h20.t8.stop_reason = aborted
h20.t8.restarts = 4
h20.t8.nogoods_size = 196534
h20.t8.nodes = 3521
h20.t8.propagations = 3521
h20.t1.stop_reason = aborted
h20.t1.restarts = 4
h20.t1.nogoods_size = 196534
h20.t1.nodes = 3546
h20.t1.propagations = 3546
h20.t16.stop_reason = aborted
h20.t16.restarts = 4
h20.t16.nogoods_size = 196534
h20.t16.nodes = 3513
h20.t16.propagations = 3513
h20.t15.stop_reason = aborted
h20.t15.restarts = 4
h20.t15.nogoods_size = 196534
h20.t15.nodes = 3459
h20.t15.propagations = 3459
h20.t0.stop_reason = aborted
h20.t0.restarts = 4
h20.t0.nogoods_size = 196534
h20.t0.nodes = 1687
h20.t0.propagations = 1687
h20.t3.stop_reason = aborted
h20.t3.restarts = 4
h20.t3.nogoods_size = 196534
h20.t3.nodes = 3554
h20.t3.propagations = 3554
h20.t4.stop_reason = aborted
h20.t4.restarts = 4
h20.t4.nogoods_size = 196534
h20.t4.nodes = 3562
h20.t4.propagations = 3562
h20.t17.stop_reason = aborted
h20.t17.restarts = 4
h20.t17.nogoods_size = 196534
h20.t17.nodes = 1921
h20.t17.propagations = 1921
h20.search_time = 4929
h20.nodes = 60005
h20.propagations = 1841189
h21.t17.stop_reason = aborted
h21.t17.restarts = 4
h21.t17.nogoods_size = 197529
h21.t17.nodes = 1957
h21.t17.propagations = 1957
h21.t0.stop_reason = aborted
h21.t0.restarts = 4
h21.t0.nogoods_size = 197529
h21.t0.nodes = 1706
h21.t0.propagations = 1706
h21.t2.stop_reason = unsatisfiable
h21.t2.restarts = 4
h21.t2.nogoods_size = 197529
h21.t2.nodes = 3771
h21.t2.propagations = 3771
h21.t10.stop_reason = aborted
h21.t10.restarts = 4
h21.t10.nogoods_size = 197529
h21.t10.nodes = 3496
h21.t10.propagations = 3496
h21.t4.stop_reason = aborted
h21.t4.restarts = 4
h21.t4.nogoods_size = 197529
h21.t4.nodes = 3371
h21.t4.propagations = 3371
h21.t1.stop_reason = aborted
h21.t1.restarts = 4
h21.t1.nogoods_size = 197529
h21.t1.nodes = 3230
h21.t1.propagations = 3230
h21.t8.stop_reason = aborted
h21.t8.restarts = 4
h21.t8.nogoods_size = 197529
h21.t8.nodes = 3035
h21.t8.propagations = 3035
h21.t15.stop_reason = aborted
h21.t15.restarts = 4
h21.t15.nogoods_size = 197529
h21.t15.nodes = 3499
h21.t15.propagations = 3499
h21.t9.stop_reason = aborted
h21.t9.restarts = 4
h21.t9.nogoods_size = 197529
h21.t9.nodes = 3554
h21.t9.propagations = 3554
h21.t7.stop_reason = aborted
h21.t7.restarts = 4
h21.t7.nogoods_size = 197529
h21.t7.nodes = 3716
h21.t7.propagations = 3716
h21.t3.stop_reason = aborted
h21.t3.restarts = 4
h21.t3.nogoods_size = 197529
h21.t3.nodes = 3526
h21.t3.propagations = 3526
h21.t5.stop_reason = aborted
h21.t5.restarts = 4
h21.t5.nogoods_size = 197529
h21.t5.nodes = 3657
h21.t5.propagations = 3657
h21.t12.stop_reason = aborted
h21.t12.restarts = 4
h21.t12.nogoods_size = 197529
h21.t12.nodes = 3611
h21.t12.propagations = 3611
h21.t13.stop_reason = aborted
h21.t13.restarts = 4
h21.t13.nogoods_size = 197529
h21.t13.nodes = 3789
h21.t13.propagations = 3789
h21.t6.stop_reason = aborted
h21.t6.restarts = 4
h21.t6.nogoods_size = 197529
h21.t6.nodes = 3522
h21.t6.propagations = 3522
h21.t14.stop_reason = aborted
h21.t14.restarts = 4
h21.t14.nogoods_size = 197529
h21.t14.nodes = 3596
h21.t14.propagations = 3596
h21.t16.stop_reason = aborted
h21.t16.restarts = 4
h21.t16.nogoods_size = 197529
h21.t16.nodes = 3676
h21.t16.propagations = 3676
h21.t11.stop_reason = aborted
h21.t11.restarts = 4
h21.t11.nogoods_size = 197529
h21.t11.nodes = 3249
h21.t11.propagations = 3249
h21.search_time = 4957
h21.nodes = 59961
h21.propagations = 1832066
h22.t6.stop_reason = aborted
h22.t6.restarts = 4
h22.t6.nogoods_size = 195811
h22.t6.nodes = 3692
h22.t6.propagations = 3692
h22.t9.stop_reason = aborted
h22.t9.restarts = 4
h22.t9.nogoods_size = 195811
h22.t9.nodes = 3443
h22.t9.propagations = 3443
h22.t13.stop_reason = aborted
h22.t13.restarts = 4
h22.t13.nogoods_size = 195811
h22.t13.nodes = 3649
h22.t13.propagations = 3649
h22.t7.stop_reason = unsatisfiable
h22.t7.restarts = 4
h22.t7.nogoods_size = 195811
h22.t7.nodes = 3532
h22.t7.propagations = 3532
h22.t2.stop_reason = aborted
h22.t2.restarts = 4
h22.t2.nogoods_size = 195811
h22.t2.nodes = 3293
h22.t2.propagations = 3293
h22.t5.stop_reason = aborted
h22.t5.restarts = 4
h22.t5.nogoods_size = 195811
h22.t5.nodes = 3741
h22.t5.propagations = 3741
h22.t16.stop_reason = aborted
h22.t16.restarts = 4
h22.t16.nogoods_size = 195811
h22.t16.nodes = 3634
h22.t16.propagations = 3634
h22.t8.stop_reason = aborted
h22.t8.restarts = 4
h22.t8.nogoods_size = 195811
h22.t8.nodes = 3571
h22.t8.propagations = 3571
h22.t15.stop_reason = aborted
h22.t15.restarts = 4
h22.t15.nogoods_size = 195811
h22.t15.nodes = 3610
h22.t15.propagations = 3610
h22.t3.stop_reason = aborted
h22.t3.restarts = 4
h22.t3.nogoods_size = 195811
h22.t3.nodes = 3613
h22.t3.propagations = 3613
h22.t11.stop_reason = aborted
h22.t11.restarts = 4
h22.t11.nogoods_size = 195811
h22.t11.nodes = 3614
h22.t11.propagations = 3614
h22.t12.stop_reason = aborted
h22.t12.restarts = 4
h22.t12.nogoods_size = 195811
h22.t12.nodes = 3392
h22.t12.propagations = 3392
h22.t17.stop_reason = aborted
h22.t17.restarts = 4
h22.t17.nogoods_size = 195811
h22.t17.nodes = 1866
h22.t17.propagations = 1866
h22.t14.stop_reason = aborted
h22.t14.restarts = 4
h22.t14.nogoods_size = 195811
h22.t14.nodes = 3539
h22.t14.propagations = 3539
h22.t10.stop_reason = aborted
h22.t10.restarts = 4
h22.t10.nogoods_size = 195811
h22.t10.nodes = 3674
h22.t10.propagations = 3674
h22.t4.stop_reason = aborted
h22.t4.restarts = 4
h22.t4.nogoods_size = 195811
h22.t4.nodes = 3570
h22.t4.propagations = 3570
h22.t0.stop_reason = aborted
h22.t0.restarts = 4
h22.t0.nogoods_size = 195811
h22.t0.nodes = 1645
h22.t0.propagations = 1645
h22.t1.stop_reason = aborted
h22.t1.restarts = 4
h22.t1.nogoods_size = 195811
h22.t1.nodes = 3796
h22.t1.propagations = 3796
h22.search_time = 4956
h22.nodes = 60874
h22.propagations = 1856151
h23.t13.stop_reason = aborted
h23.t13.restarts = 4
h23.t13.nogoods_size = 195433
h23.t13.nodes = 3367
h23.t13.propagations = 3367
h23.t14.stop_reason = aborted
h23.t14.restarts = 4
h23.t14.nogoods_size = 195433
h23.t14.nodes = 3336
h23.t14.propagations = 3336
h23.t4.stop_reason = aborted
h23.t4.restarts = 4
h23.t4.nogoods_size = 195433
h23.t4.nodes = 3577
h23.t4.propagations = 3577
h23.t2.stop_reason = aborted
h23.t2.restarts = 4
h23.t2.nogoods_size = 195433
h23.t2.nodes = 3734
h23.t2.propagations = 3734
h23.t1.stop_reason = aborted
h23.t1.restarts = 4
h23.t1.nogoods_size = 195433
h23.t1.nodes = 3466
h23.t1.propagations = 3466
h23.t8.stop_reason = aborted
h23.t8.restarts = 4
h23.t8.nogoods_size = 195433
h23.t8.nodes = 3654
h23.t8.propagations = 3654
h23.t16.stop_reason = aborted
h23.t16.restarts = 4
h23.t16.nogoods_size = 195433
h23.t16.nodes = 3569
h23.t16.propagations = 3569
h23.t5.stop_reason = aborted
h23.t5.restarts = 4
h23.t5.nogoods_size = 195433
h23.t5.nodes = 3634
h23.t5.propagations = 3634
h23.t7.stop_reason = unsatisfiable
h23.t7.restarts = 4
h23.t7.nogoods_size = 195433
h23.t7.nodes = 3680
h23.t7.propagations = 3680
h23.t10.stop_reason = aborted
h23.t10.restarts = 4
h23.t10.nogoods_size = 195433
h23.t10.nodes = 3599
h23.t10.propagations = 3599
h23.t15.stop_reason = aborted
h23.t15.restarts = 4
h23.t15.nogoods_size = 195433
h23.t15.nodes = 3712
h23.t15.propagations = 3712
h23.t11.stop_reason = aborted
h23.t11.restarts = 4
h23.t11.nogoods_size = 195433
h23.t11.nodes = 3372
h23.t11.propagations = 3372
h23.t12.stop_reason = aborted
h23.t12.restarts = 4
h23.t12.nogoods_size = 195433
h23.t12.nodes = 3666
h23.t12.propagations = 3666
h23.t0.stop_reason = aborted
h23.t0.restarts = 4
h23.t0.nogoods_size = 195433
h23.t0.nodes = 1706
h23.t0.propagations = 1706
h23.t3.stop_reason = aborted
h23.t3.restarts = 4
h23.t3.nogoods_size = 195433
h23.t3.nodes = 3495
h23.t3.propagations = 3495
h23.t9.stop_reason = aborted
h23.t9.restarts = 4
h23.t9.nogoods_size = 195433
h23.t9.nodes = 3471
h23.t9.propagations = 3471
h23.t17.stop_reason = aborted
h23.t17.restarts = 4
h23.t17.nogoods_size = 195433
h23.t17.nodes = 1888
h23.t17.propagations = 1888
h23.t6.stop_reason = aborted
h23.t6.restarts = 4
h23.t6.nogoods_size = 195433
h23.t6.nodes = 3533
h23.t6.propagations = 3533
h23.search_time = 4957
h23.nodes = 60459
h23.propagations = 1862974
h24.t17.stop_reason = aborted
h24.t17.restarts = 4
h24.t17.nogoods_size = 196601
h24.t17.nodes = 1935
h24.t17.propagations = 1935
h24.t0.stop_reason = aborted
h24.t0.restarts = 4
h24.t0.nogoods_size = 196601
h24.t0.nodes = 1697
h24.t0.propagations = 1697
h24.t12.stop_reason = unsatisfiable
h24.t12.restarts = 4
h24.t12.nogoods_size = 196601
h24.t12.nodes = 3597
h24.t12.propagations = 3597
h24.t1.stop_reason = aborted
h24.t1.restarts = 4
h24.t1.nogoods_size = 196601
h24.t1.nodes = 3305
h24.t1.propagations = 3305
h24.t16.stop_reason = aborted
h24.t16.restarts = 4
h24.t16.nogoods_size = 196601
h24.t16.nodes = 3692
h24.t16.propagations = 3692
h24.t9.stop_reason = unsatisfiable
h24.t9.restarts = 4
h24.t9.nogoods_size = 196601
h24.t9.nodes = 3751
h24.t9.propagations = 3751
h24.t10.stop_reason = aborted
h24.t10.restarts = 4
h24.t10.nogoods_size = 196601
h24.t10.nodes = 3795
h24.t10.propagations = 3795
h24.t13.stop_reason = aborted
h24.t13.restarts = 4
h24.t13.nogoods_size = 196601
h24.t13.nodes = 3822
h24.t13.propagations = 3822
h24.t2.stop_reason = unsatisfiable
h24.t2.restarts = 4
h24.t2.nogoods_size = 196601
h24.t2.nodes = 3782
h24.t2.propagations = 3782
h24.t8.stop_reason = unsatisfiable
h24.t8.restarts = 4
h24.t8.nogoods_size = 196601
h24.t8.nodes = 3719
h24.t8.propagations = 3719
h24.t5.stop_reason = unsatisfiable
h24.t5.restarts = 4
h24.t5.nogoods_size = 196601
h24.t5.nodes = 3721
h24.t5.propagations = 3721
h24.t7.stop_reason = unsatisfiable
h24.t7.restarts = 4
h24.t7.nogoods_size = 196601
h24.t7.nodes = 3760
h24.t7.propagations = 3760
h24.t6.stop_reason = aborted
h24.t6.restarts = 4
h24.t6.nogoods_size = 196601
h24.t6.nodes = 3590
h24.t6.propagations = 3590
h24.t4.stop_reason = aborted
h24.t4.restarts = 4
h24.t4.nogoods_size = 196601
h24.t4.nodes = 3512
h24.t4.propagations = 3512
h24.t14.stop_reason = aborted
h24.t14.restarts = 4
h24.t14.nogoods_size = 196601
h24.t14.nodes = 3755
h24.t14.propagations = 3755
h24.t3.stop_reason = aborted
h24.t3.restarts = 4
h24.t3.nogoods_size = 196601
h24.t3.nodes = 3707
h24.t3.propagations = 3707
h24.t15.stop_reason = aborted
h24.t15.restarts = 4
h24.t15.nogoods_size = 196601
h24.t15.nodes = 3607
h24.t15.propagations = 3607
h24.t11.stop_reason = aborted
h24.t11.restarts = 4
h24.t11.nogoods_size = 196601
h24.t11.nodes = 3725
h24.t11.propagations = 3725
h24.search_time = 4931
h24.nodes = 62472
h24.propagations = 1922827
h25.t17.stop_reason = aborted
h25.t17.restarts = 4
h25.t17.nogoods_size = 193816
h25.t17.nodes = 2037
h25.t17.propagations = 2037
h25.t0.stop_reason = aborted
h25.t0.restarts = 4
h25.t0.nogoods_size = 193816
h25.t0.nodes = 1719
h25.t0.propagations = 1719
h25.t7.stop_reason = unsatisfiable
h25.t7.restarts = 4
h25.t7.nogoods_size = 193816
h25.t7.nodes = 3853
h25.t7.propagations = 3853
h25.t4.stop_reason = aborted
h25.t4.restarts = 4
h25.t4.nogoods_size = 193816
h25.t4.nodes = 3803
h25.t4.propagations = 3803
h25.t8.stop_reason = aborted
h25.t8.restarts = 4
h25.t8.nogoods_size = 193816
h25.t8.nodes = 3936
h25.t8.propagations = 3936
h25.t16.stop_reason = aborted
h25.t16.restarts = 4
h25.t16.nogoods_size = 193816
h25.t16.nodes = 3908
h25.t16.propagations = 3908
h25.t11.stop_reason = aborted
h25.t11.restarts = 4
h25.t11.nogoods_size = 193816
h25.t11.nodes = 3653
h25.t11.propagations = 3653
h25.t14.stop_reason = aborted
h25.t14.restarts = 4
h25.t14.nogoods_size = 193816
h25.t14.nodes = 3656
h25.t14.propagations = 3656
h25.t2.stop_reason = aborted
h25.t2.restarts = 4
h25.t2.nogoods_size = 193816
h25.t2.nodes = 3879
h25.t2.propagations = 3879
h25.t15.stop_reason = aborted
h25.t15.restarts = 4
h25.t15.nogoods_size = 193816
h25.t15.nodes = 3557
h25.t15.propagations = 3557
h25.t13.stop_reason = aborted
h25.t13.restarts = 4
h25.t13.nogoods_size = 193816
h25.t13.nodes = 3719
h25.t13.propagations = 3719
h25.t1.stop_reason = aborted
h25.t1.restarts = 4
h25.t1.nogoods_size = 193816
h25.t1.nodes = 3931
h25.t1.propagations = 3931
h25.t10.stop_reason = aborted
h25.t10.restarts = 4
h25.t10.nogoods_size = 193816
h25.t10.nodes = 3844
h25.t10.propagations = 3844
h25.t5.stop_reason = aborted
h25.t5.restarts = 4
h25.t5.nogoods_size = 193816
h25.t5.nodes = 3690
h25.t5.propagations = 3690
h25.t12.stop_reason = aborted
h25.t12.restarts = 4
h25.t12.nogoods_size = 193816
h25.t12.nodes = 3356
h25.t12.propagations = 3356
h25.t9.stop_reason = aborted
h25.t9.restarts = 4
h25.t9.nogoods_size = 193816
h25.t9.nodes = 3713
h25.t9.propagations = 3713
h25.t6.stop_reason = aborted
h25.t6.restarts = 4
h25.t6.nogoods_size = 193816
h25.t6.nodes = 3773
h25.t6.propagations = 3773
h25.t3.stop_reason = aborted
h25.t3.restarts = 4
h25.t3.nogoods_size = 193816
h25.t3.nodes = 3729
h25.t3.propagations = 3729
h25.search_time = 4951
h25.nodes = 63756
h25.propagations = 1958412
h26.t6.stop_reason = aborted
h26.t6.restarts = 4
h26.t6.nogoods_size = 196170
h26.t6.nodes = 3801
h26.t6.propagations = 3801
h26.t3.stop_reason = aborted
h26.t3.restarts = 4
h26.t3.nogoods_size = 196170
h26.t3.nodes = 3216
h26.t3.propagations = 3216
h26.t1.stop_reason = aborted
h26.t1.restarts = 4
h26.t1.nogoods_size = 196170
h26.t1.nodes = 3804
h26.t1.propagations = 3804
h26.t13.stop_reason = aborted
h26.t13.restarts = 4
h26.t13.nogoods_size = 196170
h26.t13.nodes = 3688
h26.t13.propagations = 3688
h26.t8.stop_reason = aborted
h26.t8.restarts = 4
h26.t8.nogoods_size = 196170
h26.t8.nodes = 3664
h26.t8.propagations = 3664
h26.t12.stop_reason = aborted
h26.t12.restarts = 4
h26.t12.nogoods_size = 196170
h26.t12.nodes = 3246
h26.t12.propagations = 3246
h26.t10.stop_reason = aborted
h26.t10.restarts = 4
h26.t10.nogoods_size = 196170
h26.t10.nodes = 3739
h26.t10.propagations = 3739
h26.t4.stop_reason = aborted
h26.t4.restarts = 4
h26.t4.nogoods_size = 196170
h26.t4.nodes = 3721
h26.t4.propagations = 3721
h26.t2.stop_reason = unsatisfiable
h26.t2.restarts = 4
h26.t2.nogoods_size = 196170
h26.t2.nodes = 3768
h26.t2.propagations = 3768
h26.t15.stop_reason = aborted
h26.t15.restarts = 4
h26.t15.nogoods_size = 196170
h26.t15.nodes = 3565
h26.t15.propagations = 3565
h26.t11.stop_reason = aborted
h26.t11.restarts = 4
h26.t11.nogoods_size = 196170
h26.t11.nodes = 3646
h26.t11.propagations = 3646
h26.t5.stop_reason = aborted
h26.t5.restarts = 4
h26.t5.nogoods_size = 196170
h26.t5.nodes = 3739
h26.t5.propagations = 3739
h26.t9.stop_reason = aborted
h26.t9.restarts = 4
h26.t9.nogoods_size = 196170
h26.t9.nodes = 3682
h26.t9.propagations = 3682
h26.t16.stop_reason = aborted
h26.t16.restarts = 4
h26.t16.nogoods_size = 196170
h26.t16.nodes = 3775
h26.t16.propagations = 3775
h26.t7.stop_reason = aborted
h26.t7.restarts = 4
h26.t7.nogoods_size = 196170
h26.t7.nodes = 3696
h26.t7.propagations = 3696
h26.t17.stop_reason = aborted
h26.t17.restarts = 4
h26.t17.nogoods_size = 196170
h26.t17.nodes = 1896
h26.t17.propagations = 1896
h26.t0.stop_reason = aborted
h26.t0.restarts = 4
h26.t0.nogoods_size = 196170
h26.t0.nodes = 1751
h26.t0.propagations = 1751
h26.t14.stop_reason = aborted
h26.t14.restarts = 4
h26.t14.nogoods_size = 196170
h26.t14.nodes = 3748
h26.t14.propagations = 3748
h26.search_time = 4918
h26.nodes = 62145
h26.propagations = 1904315
h27.t6.stop_reason = unsatisfiable
h27.t6.restarts = 4
h27.t6.nogoods_size = 196370
h27.t6.nodes = 3771
h27.t6.propagations = 3771
h27.t5.stop_reason = aborted
h27.t5.restarts = 4
h27.t5.nogoods_size = 196370
h27.t5.nodes = 3530
h27.t5.propagations = 3530
h27.t1.stop_reason = aborted
h27.t1.restarts = 4
h27.t1.nogoods_size = 196370
h27.t1.nodes = 3628
h27.t1.propagations = 3628
h27.t2.stop_reason = aborted
h27.t2.restarts = 4
h27.t2.nogoods_size = 196370
h27.t2.nodes = 3548
h27.t2.propagations = 3548
h27.t7.stop_reason = unsatisfiable
h27.t7.restarts = 4
h27.t7.nogoods_size = 196370
h27.t7.nodes = 3781
h27.t7.propagations = 3781
h27.t12.stop_reason = aborted
h27.t12.restarts = 4
h27.t12.nogoods_size = 196370
h27.t12.nodes = 3616
h27.t12.propagations = 3616
h27.t8.stop_reason = aborted
h27.t8.restarts = 4
h27.t8.nogoods_size = 196370
h27.t8.nodes = 3385
h27.t8.propagations = 3385
h27.t4.stop_reason = aborted
h27.t4.restarts = 4
h27.t4.nogoods_size = 196370
h27.t4.nodes = 3522
h27.t4.propagations = 3522
h27.t15.stop_reason = aborted
h27.t15.restarts = 4
h27.t15.nogoods_size = 196370
h27.t15.nodes = 3697
h27.t15.propagations = 3697
h27.t11.stop_reason = aborted
h27.t11.restarts = 4
h27.t11.nogoods_size = 196370
h27.t11.nodes = 3286
h27.t11.propagations = 3286
h27.t17.stop_reason = aborted
h27.t17.restarts = 4
h27.t17.nogoods_size = 196370
h27.t17.nodes = 1915
h27.t17.propagations = 1915
h27.t3.stop_reason = aborted
h27.t3.restarts = 4
h27.t3.nogoods_size = 196370
h27.t3.nodes = 3557
h27.t3.propagations = 3557
h27.t0.stop_reason = aborted
h27.t0.restarts = 4
h27.t0.nogoods_size = 196370
h27.t0.nodes = 1726
h27.t0.propagations = 1726
h27.t10.stop_reason = aborted
h27.t10.restarts = 4
h27.t10.nogoods_size = 196370
h27.t10.nodes = 3587
h27.t10.propagations = 3587
h27.t16.stop_reason = aborted
h27.t16.restarts = 4
h27.t16.nogoods_size = 196370
h27.t16.nodes = 3529
h27.t16.propagations = 3529
h27.t14.stop_reason = aborted
h27.t14.restarts = 4
h27.t14.nogoods_size = 196370
h27.t14.nodes = 3555
h27.t14.propagations = 3555
h27.t9.stop_reason = aborted
h27.t9.restarts = 4
h27.t9.nogoods_size = 196370
h27.t9.nodes = 3775
h27.t9.propagations = 3775
h27.t13.stop_reason = aborted
h27.t13.restarts = 4
h27.t13.nogoods_size = 196370
h27.t13.nodes = 3419
h27.t13.propagations = 3419
h27.search_time = 4942
h27.nodes = 60827
h27.propagations = 1867483
h28.t13.stop_reason = unsatisfiable
h28.t13.restarts = 4
h28.t13.nogoods_size = 195863
h28.t13.nodes = 3606
h28.t13.propagations = 3606
h28.t9.stop_reason = aborted
h28.t9.restarts = 4
h28.t9.nogoods_size = 195863
h28.t9.nodes = 3529
h28.t9.propagations = 3529
h28.t2.stop_reason = aborted
h28.t2.restarts = 4
h28.t2.nogoods_size = 195863
h28.t2.nodes = 3661
h28.t2.propagations = 3661
h28.t3.stop_reason = aborted
h28.t3.restarts = 4
h28.t3.nogoods_size = 195863
h28.t3.nodes = 3764
h28.t3.propagations = 3764
h28.t5.stop_reason = aborted
h28.t5.restarts = 4
h28.t5.nogoods_size = 195863
h28.t5.nodes = 3664
h28.t5.propagations = 3664
h28.t17.stop_reason = aborted
h28.t17.restarts = 4
h28.t17.nogoods_size = 195863
h28.t17.nodes = 2078
h28.t17.propagations = 2078
h28.t10.stop_reason = aborted
h28.t10.restarts = 4
h28.t10.nogoods_size = 195863
h28.t10.nodes = 3344
h28.t10.propagations = 3344
h28.t6.stop_reason = aborted
h28.t6.restarts = 4
h28.t6.nogoods_size = 195863
h28.t6.nodes = 3531
h28.t6.propagations = 3531
h28.t8.stop_reason = aborted
h28.t8.restarts = 4
h28.t8.nogoods_size = 195863
h28.t8.nodes = 3653
h28.t8.propagations = 3653
h28.t7.stop_reason = aborted
h28.t7.restarts = 4
h28.t7.nogoods_size = 195863
h28.t7.nodes = 3564
h28.t7.propagations = 3564
h28.t4.stop_reason = aborted
h28.t4.restarts = 4
h28.t4.nogoods_size = 195863
h28.t4.nodes = 3565
h28.t4.propagations = 3565
h28.t11.stop_reason = aborted
h28.t11.restarts = 4
h28.t11.nogoods_size = 195863
h28.t11.nodes = 3698
h28.t11.propagations = 3698
h28.t14.stop_reason = aborted
h28.t14.restarts = 4
h28.t14.nogoods_size = 195863
h28.t14.nodes = 3401
h28.t14.propagations = 3401
h28.t16.stop_reason = aborted
h28.t16.restarts = 4
h28.t16.nogoods_size = 195863
h28.t16.nodes = 3625
h28.t16.propagations = 3625
h28.t12.stop_reason = aborted
h28.t12.restarts = 4
h28.t12.nogoods_size = 195863
h28.t12.nodes = 3601
h28.t12.propagations = 3601
h28.t15.stop_reason = aborted
h28.t15.restarts = 4
h28.t15.nogoods_size = 195863
h28.t15.nodes = 3680
h28.t15.propagations = 3680
h28.t0.stop_reason = aborted
h28.t0.restarts = 4
h28.t0.nogoods_size = 195863
h28.t0.nodes = 1703
h28.t0.propagations = 1703
h28.t1.stop_reason = aborted
h28.t1.restarts = 4
h28.t1.nogoods_size = 195863
h28.t1.nodes = 3760
h28.t1.propagations = 3760
h28.search_time = 4941
h28.nodes = 61427
h28.propagations = 1871148
h29.t14.stop_reason = aborted
h29.t14.restarts = 4
h29.t14.nogoods_size = 196653
h29.t14.nodes = 3264
h29.t14.propagations = 3264
h29.t15.stop_reason = aborted
h29.t15.restarts = 4
h29.t15.nogoods_size = 196653
h29.t15.nodes = 3706
h29.t15.propagations = 3706
h29.t8.stop_reason = aborted
h29.t8.restarts = 4
h29.t8.nogoods_size = 196653
h29.t8.nodes = 3704
h29.t8.propagations = 3704
h29.t17.stop_reason = aborted
h29.t17.restarts = 4
h29.t17.nogoods_size = 196653
h29.t17.nodes = 1962
h29.t17.propagations = 1962
h29.t2.stop_reason = aborted
h29.t2.restarts = 4
h29.t2.nogoods_size = 196653
h29.t2.nodes = 3787
h29.t2.propagations = 3787
h29.t5.stop_reason = aborted
h29.t5.restarts = 4
h29.t5.nogoods_size = 196653
h29.t5.nodes = 3785
h29.t5.propagations = 3785
h29.t13.stop_reason = aborted
h29.t13.restarts = 4
h29.t13.nogoods_size = 196653
h29.t13.nodes = 3768
h29.t13.propagations = 3768
h29.t3.stop_reason = aborted
h29.t3.restarts = 4
h29.t3.nogoods_size = 196653
h29.t3.nodes = 3751
h29.t3.propagations = 3751
h29.t16.stop_reason = aborted
h29.t16.restarts = 4
h29.t16.nogoods_size = 196653
h29.t16.nodes = 3749
h29.t16.propagations = 3749
h29.t4.stop_reason = aborted
h29.t4.restarts = 4
h29.t4.nogoods_size = 196653
h29.t4.nodes = 3856
h29.t4.propagations = 3856
h29.t11.stop_reason = aborted
h29.t11.restarts = 4
h29.t11.nogoods_size = 196653
h29.t11.nodes = 3782
h29.t11.propagations = 3782
h29.t1.stop_reason = aborted
h29.t1.restarts = 4
h29.t1.nogoods_size = 196653
h29.t1.nodes = 3822
h29.t1.propagations = 3822
h29.t12.stop_reason = aborted
h29.t12.restarts = 4
h29.t12.nogoods_size = 196653
h29.t12.nodes = 3720
h29.t12.propagations = 3720
h29.t9.stop_reason = aborted
h29.t9.restarts = 4
h29.t9.nogoods_size = 196653
h29.t9.nodes = 3720
h29.t9.propagations = 3720
h29.t6.stop_reason = unsatisfiable
h29.t6.restarts = 4
h29.t6.nogoods_size = 196653
h29.t6.nodes = 3711
h29.t6.propagations = 3711
h29.t10.stop_reason = aborted
h29.t10.restarts = 4
h29.t10.nogoods_size = 196653
h29.t10.nodes = 3658
h29.t10.propagations = 3658
h29.t0.stop_reason = aborted
h29.t0.restarts = 4
h29.t0.nogoods_size = 196653
h29.t0.nodes = 1721
h29.t0.propagations = 1721
h29.t7.stop_reason = aborted
h29.t7.restarts = 4
h29.t7.nogoods_size = 196653
h29.t7.nodes = 3725
h29.t7.propagations = 3725
h29.search_time = 4929
h29.nodes = 63191
h29.propagations = 1937566
h30.t7.stop_reason = unsatisfiable
h30.t7.restarts = 4
h30.t7.nogoods_size = 195894
h30.t7.nodes = 3914
h30.t7.propagations = 3914
h30.t10.stop_reason = aborted
h30.t10.restarts = 4
h30.t10.nogoods_size = 195894
h30.t10.nodes = 3707
h30.t10.propagations = 3707
h30.t12.stop_reason = aborted
h30.t12.restarts = 4
h30.t12.nogoods_size = 195894
h30.t12.nodes = 3726
h30.t12.propagations = 3726
h30.t14.stop_reason = aborted
h30.t14.restarts = 4
h30.t14.nogoods_size = 195894
h30.t14.nodes = 3707
h30.t14.propagations = 3707
h30.t5.stop_reason = aborted
h30.t5.restarts = 4
h30.t5.nogoods_size = 195894
h30.t5.nodes = 3694
h30.t5.propagations = 3694
h30.t13.stop_reason = aborted
h30.t13.restarts = 4
h30.t13.nogoods_size = 195894
h30.t13.nodes = 3447
h30.t13.propagations = 3447
h30.t4.stop_reason = aborted
h30.t4.restarts = 4
h30.t4.nogoods_size = 195894
h30.t4.nodes = 3657
h30.t4.propagations = 3657
h30.t15.stop_reason = aborted
h30.t15.restarts = 4
h30.t15.nogoods_size = 195894
h30.t15.nodes = 3695
h30.t15.propagations = 3695
h30.t6.stop_reason = aborted
h30.t6.restarts = 4
h30.t6.nogoods_size = 195894
h30.t6.nodes = 3850
h30.t6.propagations = 3850
h30.t11.stop_reason = aborted
h30.t11.restarts = 4
h30.t11.nogoods_size = 195894
h30.t11.nodes = 3736
h30.t11.propagations = 3736
h30.t2.stop_reason = aborted
h30.t2.restarts = 4
h30.t2.nogoods_size = 195894
h30.t2.nodes = 3712
h30.t2.propagations = 3712
h30.t9.stop_reason = aborted
h30.t9.restarts = 4
h30.t9.nogoods_size = 195894
h30.t9.nodes = 3563
h30.t9.propagations = 3563
h30.t17.stop_reason = aborted
h30.t17.restarts = 4
h30.t17.nogoods_size = 195894
h30.t17.nodes = 1940
h30.t17.propagations = 1940
h30.t8.stop_reason = aborted
h30.t8.restarts = 4
h30.t8.nogoods_size = 195894
h30.t8.nodes = 3803
h30.t8.propagations = 3803
h30.t16.stop_reason = aborted
h30.t16.restarts = 4
h30.t16.nogoods_size = 195894
h30.t16.nodes = 3711
h30.t16.propagations = 3711
h30.t0.stop_reason = aborted
h30.t0.restarts = 4
h30.t0.nogoods_size = 195894
h30.t0.nodes = 1756
h30.t0.propagations = 1756
h30.t3.stop_reason = aborted
h30.t3.restarts = 4
h30.t3.nogoods_size = 195894
h30.t3.nodes = 4133
h30.t3.propagations = 4133
h30.t1.stop_reason = aborted
h30.t1.restarts = 4
h30.t1.nogoods_size = 195894
h30.t1.nodes = 3694
h30.t1.propagations = 3694
h30.search_time = 4928
h30.nodes = 63445
h30.propagations = 1934433
h31.t6.stop_reason = aborted
h31.t6.restarts = 4
h31.t6.nogoods_size = 197346
h31.t6.nodes = 3642
h31.t6.propagations = 3642
h31.t16.stop_reason = aborted
h31.t16.restarts = 4
h31.t16.nogoods_size = 197346
h31.t16.nodes = 3531
h31.t16.propagations = 3531
h31.t13.stop_reason = aborted
h31.t13.restarts = 4
h31.t13.nogoods_size = 197346
h31.t13.nodes = 4755
h31.t13.propagations = 4755
h31.t3.stop_reason = aborted
h31.t3.restarts = 4
h31.t3.nogoods_size = 197346
h31.t3.nodes = 3735
h31.t3.propagations = 3735
h31.t2.stop_reason = unsatisfiable
h31.t2.restarts = 4
h31.t2.nogoods_size = 197346
h31.t2.nodes = 3842
h31.t2.propagations = 3842
h31.t14.stop_reason = unsatisfiable
h31.t14.restarts = 4
h31.t14.nogoods_size = 197346
h31.t14.nodes = 3704
h31.t14.propagations = 3704
h31.t7.stop_reason = aborted
h31.t7.restarts = 4
h31.t7.nogoods_size = 197346
h31.t7.nodes = 3528
h31.t7.propagations = 3528
h31.t4.stop_reason = aborted
h31.t4.restarts = 4
h31.t4.nogoods_size = 197346
h31.t4.nodes = 3517
h31.t4.propagations = 3517
h31.t15.stop_reason = aborted
h31.t15.restarts = 4
h31.t15.nogoods_size = 197346
h31.t15.nodes = 3519
h31.t15.propagations = 3519
h31.t9.stop_reason = aborted
h31.t9.restarts = 4
h31.t9.nogoods_size = 197346
h31.t9.nodes = 3574
h31.t9.propagations = 3574
h31.t1.stop_reason = aborted
h31.t1.restarts = 4
h31.t1.nogoods_size = 197346
h31.t1.nodes = 3291
h31.t1.propagations = 3291
h31.t5.stop_reason = aborted
h31.t5.restarts = 4
h31.t5.nogoods_size = 197346
h31.t5.nodes = 3549
h31.t5.propagations = 3549
h31.t10.stop_reason = aborted
h31.t10.restarts = 4
h31.t10.nogoods_size = 197346
h31.t10.nodes = 3708
h31.t10.propagations = 3708
h31.t8.stop_reason = aborted
h31.t8.restarts = 4
h31.t8.nogoods_size = 197346
h31.t8.nodes = 3554
h31.t8.propagations = 3554
h31.t17.stop_reason = aborted
h31.t17.restarts = 4
h31.t17.nogoods_size = 197346
h31.t17.nodes = 1929
h31.t17.propagations = 1929
h31.t11.stop_reason = aborted
h31.t11.restarts = 4
h31.t11.nogoods_size = 197346
h31.t11.nodes = 3492
h31.t11.propagations = 3492
h31.t12.stop_reason = aborted
h31.t12.restarts = 4
h31.t12.nogoods_size = 197346
h31.t12.nodes = 3510
h31.t12.propagations = 3510
h31.t0.stop_reason = aborted
h31.t0.restarts = 4
h31.t0.nogoods_size = 197346
h31.t0.nodes = 1691
h31.t0.propagations = 1691
h31.search_time = 4933
h31.nodes = 62071
h31.propagations = 1905086
h32.t8.stop_reason = aborted
h32.t8.restarts = 4
h32.t8.nogoods_size = 196656
h32.t8.nodes = 3692
h32.t8.propagations = 3692
h32.t10.stop_reason = aborted
h32.t10.restarts = 4
h32.t10.nogoods_size = 196656
h32.t10.nodes = 3687
h32.t10.propagations = 3687
h32.t13.stop_reason = aborted
h32.t13.restarts = 4
h32.t13.nogoods_size = 196656
h32.t13.nodes = 3453
h32.t13.propagations = 3453
h32.t12.stop_reason = aborted
h32.t12.restarts = 4
h32.t12.nogoods_size = 196656
h32.t12.nodes = 3749
h32.t12.propagations = 3749
h32.t14.stop_reason = aborted
h32.t14.restarts = 4
h32.t14.nogoods_size = 196656
h32.t14.nodes = 3681
h32.t14.propagations = 3681
h32.t15.stop_reason = aborted
h32.t15.restarts = 4
h32.t15.nogoods_size = 196656
h32.t15.nodes = 3680
h32.t15.propagations = 3680
h32.t3.stop_reason = aborted
h32.t3.restarts = 4
h32.t3.nogoods_size = 196656
h32.t3.nodes = 3693
h32.t3.propagations = 3693
h32.t7.stop_reason = aborted
h32.t7.restarts = 4
h32.t7.nogoods_size = 196656
h32.t7.nodes = 3504
h32.t7.propagations = 3504
h32.t1.stop_reason = unsatisfiable
h32.t1.restarts = 4
h32.t1.nogoods_size = 196656
h32.t1.nodes = 3390
h32.t1.propagations = 3390
h32.t9.stop_reason = aborted
h32.t9.restarts = 4
h32.t9.nogoods_size = 196656
h32.t9.nodes = 3753
h32.t9.propagations = 3753
h32.t2.stop_reason = aborted
h32.t2.restarts = 4
h32.t2.nogoods_size = 196656
h32.t2.nodes = 3707
h32.t2.propagations = 3707
h32.t11.stop_reason = aborted
h32.t11.restarts = 4
h32.t11.nogoods_size = 196656
h32.t11.nodes = 3726
h32.t11.propagations = 3726
h32.t6.stop_reason = aborted
h32.t6.restarts = 4
h32.t6.nogoods_size = 196656
h32.t6.nodes = 3733
h32.t6.propagations = 3733
h32.t16.stop_reason = aborted
h32.t16.restarts = 4
h32.t16.nogoods_size = 196656
h32.t16.nodes = 3631
h32.t16.propagations = 3631
h32.t5.stop_reason = aborted
h32.t5.restarts = 4
h32.t5.nogoods_size = 196656
h32.t5.nodes = 3310
h32.t5.propagations = 3310
h32.t4.stop_reason = aborted
h32.t4.restarts = 4
h32.t4.nogoods_size = 196656
h32.t4.nodes = 3716
h32.t4.propagations = 3716
h32.t0.stop_reason = aborted
h32.t0.restarts = 4
h32.t0.nogoods_size = 196656
h32.t0.nodes = 1672
h32.t0.propagations = 1672
h32.t17.stop_reason = aborted
h32.t17.restarts = 4
h32.t17.nogoods_size = 196656
h32.t17.nodes = 1916
h32.t17.propagations = 1916
h32.search_time = 4924
h32.nodes = 61693
h32.propagations = 1895460
h33.t6.stop_reason = aborted
h33.t6.restarts = 4
h33.t6.nogoods_size = 196733
h33.t6.nodes = 3757
h33.t6.propagations = 3757
h33.t3.stop_reason = aborted
h33.t3.restarts = 4
h33.t3.nogoods_size = 196733
h33.t3.nodes = 3726
h33.t3.propagations = 3726
h33.t2.stop_reason = unsatisfiable
h33.t2.restarts = 4
h33.t2.nogoods_size = 196733
h33.t2.nodes = 3275
h33.t2.propagations = 3275
h33.t11.stop_reason = aborted
h33.t11.restarts = 4
h33.t11.nogoods_size = 196733
h33.t11.nodes = 3643
h33.t11.propagations = 3643
h33.t17.stop_reason = aborted
h33.t17.restarts = 4
h33.t17.nogoods_size = 196733
h33.t17.nodes = 1918
h33.t17.propagations = 1918
h33.t4.stop_reason = aborted
h33.t4.restarts = 4
h33.t4.nogoods_size = 196733
h33.t4.nodes = 3659
h33.t4.propagations = 3659
h33.t8.stop_reason = aborted
h33.t8.restarts = 4
h33.t8.nogoods_size = 196733
h33.t8.nodes = 3016
h33.t8.propagations = 3016
h33.t1.stop_reason = aborted
h33.t1.restarts = 4
h33.t1.nogoods_size = 196733
h33.t1.nodes = 3716
h33.t1.propagations = 3716
h33.t14.stop_reason = aborted
h33.t14.restarts = 4
h33.t14.nogoods_size = 196733
h33.t14.nodes = 3669
h33.t14.propagations = 3669
h33.t10.stop_reason = aborted
h33.t10.restarts = 4
h33.t10.nogoods_size = 196733
h33.t10.nodes = 3783
h33.t10.propagations = 3783
h33.t12.stop_reason = aborted
h33.t12.restarts = 4
h33.t12.nogoods_size = 196733
h33.t12.nodes = 3702
h33.t12.propagations = 3702
h33.t16.stop_reason = aborted
h33.t16.restarts = 4
h33.t16.nogoods_size = 196733
h33.t16.nodes = 3235
h33.t16.propagations = 3235
h33.t5.stop_reason = aborted
h33.t5.restarts = 4
h33.t5.nogoods_size = 196733
h33.t5.nodes = 3731
h33.t5.propagations = 3731
h33.t7.stop_reason = aborted
h33.t7.restarts = 4
h33.t7.nogoods_size = 196733
h33.t7.nodes = 3807
h33.t7.propagations = 3807
h33.t15.stop_reason = aborted
h33.t15.restarts = 4
h33.t15.nogoods_size = 196733
h33.t15.nodes = 3752
h33.t15.propagations = 3752
h33.t0.stop_reason = aborted
h33.t0.restarts = 4
h33.t0.nogoods_size = 196733
h33.t0.nodes = 1753
h33.t0.propagations = 1753
h33.t9.stop_reason = aborted
h33.t9.restarts = 4
h33.t9.nogoods_size = 196733
h33.t9.nodes = 3666
h33.t9.propagations = 3666
h33.t13.stop_reason = aborted
h33.t13.restarts = 4
h33.t13.nogoods_size = 196733
h33.t13.nodes = 3695
h33.t13.propagations = 3695
h33.search_time = 4960
h33.nodes = 61503
h33.propagations = 1898800
h34.t17.stop_reason = aborted
h34.t17.restarts = 4
h34.t17.nogoods_size = 196681
h34.t17.nodes = 1960
h34.t17.propagations = 1960
h34.t0.stop_reason = aborted
h34.t0.restarts = 4
h34.t0.nogoods_size = 196681
h34.t0.nodes = 1702
h34.t0.propagations = 1702
h34.t5.stop_reason = aborted
h34.t5.restarts = 4
h34.t5.nogoods_size = 196681
h34.t5.nodes = 3353
h34.t5.propagations = 3353
h34.t1.stop_reason = aborted
h34.t1.restarts = 4
h34.t1.nogoods_size = 196681
h34.t1.nodes = 3587
h34.t1.propagations = 3587
h34.t6.stop_reason = aborted
h34.t6.restarts = 4
h34.t6.nogoods_size = 196681
h34.t6.nodes = 3575
h34.t6.propagations = 3575
h34.t8.stop_reason = aborted
h34.t8.restarts = 4
h34.t8.nogoods_size = 196681
h34.t8.nodes = 3557
h34.t8.propagations = 3557
h34.t7.stop_reason = aborted
h34.t7.restarts = 4
h34.t7.nogoods_size = 196681
h34.t7.nodes = 3592
h34.t7.propagations = 3592
h34.t9.stop_reason = aborted
h34.t9.restarts = 4
h34.t9.nogoods_size = 196681
h34.t9.nodes = 3329
h34.t9.propagations = 3329
h34.t11.stop_reason = aborted
h34.t11.restarts = 4
h34.t11.nogoods_size = 196681
h34.t11.nodes = 3572
h34.t11.propagations = 3572
h34.t16.stop_reason = aborted
h34.t16.restarts = 4
h34.t16.nogoods_size = 196681
h34.t16.nodes = 3481
h34.t16.propagations = 3481
h34.t14.stop_reason = aborted
h34.t14.restarts = 4
h34.t14.nogoods_size = 196681
h34.t14.nodes = 3513
h34.t14.propagations = 3513
h34.t12.stop_reason = aborted
h34.t12.restarts = 4
h34.t12.nogoods_size = 196681
h34.t12.nodes = 3560
h34.t12.propagations = 3560
h34.t3.stop_reason = aborted
h34.t3.restarts = 4
h34.t3.nogoods_size = 196681
h34.t3.nodes = 3541
h34.t3.propagations = 3541
h34.t15.stop_reason = aborted
h34.t15.restarts = 4
h34.t15.nogoods_size = 196681
h34.t15.nodes = 3056
h34.t15.propagations = 3056
h34.t10.stop_reason = aborted
h34.t10.restarts = 4
h34.t10.nogoods_size = 196681
h34.t10.nodes = 3151
h34.t10.propagations = 3151
h34.t13.stop_reason = aborted
h34.t13.restarts = 4
h34.t13.nogoods_size = 196681
h34.t13.nodes = 3575
h34.t13.propagations = 3575
h34.t4.stop_reason = unsatisfiable
h34.t4.restarts = 4
h34.t4.nogoods_size = 196681
h34.t4.nodes = 3744
h34.t4.propagations = 3744
h34.t2.stop_reason = aborted
h34.t2.restarts = 4
h34.t2.nogoods_size = 196681
h34.t2.nodes = 3582
h34.t2.propagations = 3582
h34.search_time = 4935
h34.nodes = 59430
h34.propagations = 1819825
h35.t17.stop_reason = aborted
h35.t17.restarts = 4
h35.t17.nogoods_size = 196891
h35.t17.nodes = 1966
h35.t17.propagations = 1966
h35.t0.stop_reason = aborted
h35.t0.restarts = 4
h35.t0.nogoods_size = 196891
h35.t0.nodes = 1693
h35.t0.propagations = 1693
h35.t4.stop_reason = aborted
h35.t4.restarts = 4
h35.t4.nogoods_size = 196891
h35.t4.nodes = 3355
h35.t4.propagations = 3355
h35.t2.stop_reason = unsatisfiable
h35.t2.restarts = 4
h35.t2.nogoods_size = 196891
h35.t2.nodes = 3692
h35.t2.propagations = 3692
h35.t10.stop_reason = aborted
h35.t10.restarts = 4
h35.t10.nogoods_size = 196891
h35.t10.nodes = 3764
h35.t10.propagations = 3764
h35.t12.stop_reason = aborted
h35.t12.restarts = 4
h35.t12.nogoods_size = 196891
h35.t12.nodes = 3749
h35.t12.propagations = 3749
h35.t1.stop_reason = aborted
h35.t1.restarts = 4
h35.t1.nogoods_size = 196891
h35.t1.nodes = 3798
h35.t1.propagations = 3798
h35.t11.stop_reason = aborted
h35.t11.restarts = 4
h35.t11.nogoods_size = 196891
h35.t11.nodes = 3652
h35.t11.propagations = 3652
h35.t14.stop_reason = aborted
h35.t14.restarts = 4
h35.t14.nogoods_size = 196891
h35.t14.nodes = 3718
h35.t14.propagations = 3718
h35.t16.stop_reason = aborted
h35.t16.restarts = 4
h35.t16.nogoods_size = 196891
h35.t16.nodes = 3579
h35.t16.propagations = 3579
h35.t13.stop_reason = aborted
h35.t13.restarts = 4
h35.t13.nogoods_size = 196891
h35.t13.nodes = 3302
h35.t13.propagations = 3302
h35.t3.stop_reason = aborted
h35.t3.restarts = 4
h35.t3.nogoods_size = 196891
h35.t3.nodes = 3742
h35.t3.propagations = 3742
h35.t15.stop_reason = aborted
h35.t15.restarts = 4
h35.t15.nogoods_size = 196891
h35.t15.nodes = 3495
h35.t15.propagations = 3495
h35.t9.stop_reason = aborted
h35.t9.restarts = 4
h35.t9.nogoods_size = 196891
h35.t9.nodes = 3811
h35.t9.propagations = 3811
h35.t7.stop_reason = aborted
h35.t7.restarts = 4
h35.t7.nogoods_size = 196891
h35.t7.nodes = 3723
h35.t7.propagations = 3723
h35.t5.stop_reason = aborted
h35.t5.restarts = 4
h35.t5.nogoods_size = 196891
h35.t5.nodes = 3767
h35.t5.propagations = 3767
h35.t8.stop_reason = aborted
h35.t8.restarts = 4
h35.t8.nogoods_size = 196891
h35.t8.nodes = 3315
h35.t8.propagations = 3315
h35.t6.stop_reason = aborted
h35.t6.restarts = 4
h35.t6.nogoods_size = 196891
h35.t6.nodes = 3689
h35.t6.propagations = 3689
h35.search_time = 4922
h35.nodes = 61810
h35.propagations = 1896684
h36.t17.stop_reason = aborted
h36.t17.restarts = 4
h36.t17.nogoods_size = 196392
h36.t17.nodes = 1925
h36.t17.propagations = 1925
h36.t0.stop_reason = aborted
h36.t0.restarts = 4
h36.t0.nogoods_size = 196392
h36.t0.nodes = 1736
h36.t0.propagations = 1736
h36.t14.stop_reason = unsatisfiable
h36.t14.restarts = 4
h36.t14.nogoods_size = 196392
h36.t14.nodes = 3644
h36.t14.propagations = 3644
h36.t8.stop_reason = aborted
h36.t8.restarts = 4
h36.t8.nogoods_size = 196392
h36.t8.nodes = 3739
h36.t8.propagations = 3739
h36.t11.stop_reason = aborted
h36.t11.restarts = 4
h36.t11.nogoods_size = 196392
h36.t11.nodes = 3782
h36.t11.propagations = 3782
h36.t10.stop_reason = aborted
h36.t10.restarts = 4
h36.t10.nogoods_size = 196392
h36.t10.nodes = 3703
h36.t10.propagations = 3703
h36.t15.stop_reason = aborted
h36.t15.restarts = 4
h36.t15.nogoods_size = 196392
h36.t15.nodes = 3676
h36.t15.propagations = 3676
h36.t4.stop_reason = aborted
h36.t4.restarts = 4
h36.t4.nogoods_size = 196392
h36.t4.nodes = 3765
h36.t4.propagations = 3765
h36.t16.stop_reason = aborted
h36.t16.restarts = 4
h36.t16.nogoods_size = 196392
h36.t16.nodes = 3666
h36.t16.propagations = 3666
h36.t1.stop_reason = aborted
h36.t1.restarts = 4
h36.t1.nogoods_size = 196392
h36.t1.nodes = 3815
h36.t1.propagations = 3815
h36.t9.stop_reason = aborted
h36.t9.restarts = 4
h36.t9.nogoods_size = 196392
h36.t9.nodes = 3762
h36.t9.propagations = 3762
h36.t7.stop_reason = aborted
h36.t7.restarts = 4
h36.t7.nogoods_size = 196392
h36.t7.nodes = 3713
h36.t7.propagations = 3713
h36.t5.stop_reason = aborted
h36.t5.restarts = 4
h36.t5.nogoods_size = 196392
h36.t5.nodes = 3815
h36.t5.propagations = 3815
h36.t13.stop_reason = aborted
h36.t13.restarts = 4
h36.t13.nogoods_size = 196392
h36.t13.nodes = 3670
h36.t13.propagations = 3670
h36.t2.stop_reason = aborted
h36.t2.restarts = 4
h36.t2.nogoods_size = 196392
h36.t2.nodes = 3736
h36.t2.propagations = 3736
h36.t6.stop_reason = aborted
h36.t6.restarts = 4
h36.t6.nogoods_size = 196392
h36.t6.nodes = 3757
h36.t6.propagations = 3757
h36.t3.stop_reason = aborted
h36.t3.restarts = 4
h36.t3.nogoods_size = 196392
h36.t3.nodes = 3718
h36.t3.propagations = 3718
h36.t12.stop_reason = aborted
h36.t12.restarts = 4
h36.t12.nogoods_size = 196392
h36.t12.nodes = 3767
h36.t12.propagations = 3767
h36.search_time = 4930
h36.nodes = 63389
h36.propagations = 1949196
h37.t14.stop_reason = aborted
h37.t14.restarts = 4
h37.t14.nogoods_size = 195594
h37.t14.nodes = 3529
h37.t14.propagations = 3529
h37.t15.stop_reason = aborted
h37.t15.restarts = 4
h37.t15.nogoods_size = 195594
h37.t15.nodes = 3517
h37.t15.propagations = 3517
h37.t11.stop_reason = aborted
h37.t11.restarts = 4
h37.t11.nogoods_size = 195594
h37.t11.nodes = 3364
h37.t11.propagations = 3364
h37.t7.stop_reason = aborted
h37.t7.restarts = 4
h37.t7.nogoods_size = 195594
h37.t7.nodes = 3576
h37.t7.propagations = 3576
h37.t12.stop_reason = unsatisfiable
h37.t12.restarts = 4
h37.t12.nogoods_size = 195594
h37.t12.nodes = 3472
h37.t12.propagations = 3472
h37.t5.stop_reason = aborted
h37.t5.restarts = 4
h37.t5.nogoods_size = 195594
h37.t5.nodes = 3591
h37.t5.propagations = 3591
h37.t17.stop_reason = aborted
h37.t17.restarts = 4
h37.t17.nogoods_size = 195594
h37.t17.nodes = 1901
h37.t17.propagations = 1901
h37.t13.stop_reason = aborted
h37.t13.restarts = 4
h37.t13.nogoods_size = 195594
h37.t13.nodes = 3561
h37.t13.propagations = 3561
h37.t8.stop_reason = aborted
h37.t8.restarts = 4
h37.t8.nogoods_size = 195594
h37.t8.nodes = 3466
h37.t8.propagations = 3466
h37.t4.stop_reason = aborted
h37.t4.restarts = 4
h37.t4.nogoods_size = 195594
h37.t4.nodes = 3617
h37.t4.propagations = 3617
h37.t2.stop_reason = aborted
h37.t2.restarts = 4
h37.t2.nogoods_size = 195594
h37.t2.nodes = 3583
h37.t2.propagations = 3583
h37.t16.stop_reason = aborted
h37.t16.restarts = 4
h37.t16.nogoods_size = 195594
h37.t16.nodes = 3424
h37.t16.propagations = 3424
h37.t10.stop_reason = aborted
h37.t10.restarts = 4
h37.t10.nogoods_size = 195594
h37.t10.nodes = 3291
h37.t10.propagations = 3291
h37.t3.stop_reason = aborted
h37.t3.restarts = 4
h37.t3.nogoods_size = 195594
h37.t3.nodes = 3568
h37.t3.propagations = 3568
h37.t1.stop_reason = aborted
h37.t1.restarts = 4
h37.t1.nogoods_size = 195594
h37.t1.nodes = 3593
h37.t1.propagations = 3593
h37.t6.stop_reason = aborted
h37.t6.restarts = 4
h37.t6.nogoods_size = 195594
h37.t6.nodes = 3620
h37.t6.propagations = 3620
h37.t9.stop_reason = aborted
h37.t9.restarts = 4
h37.t9.nogoods_size = 195594
h37.t9.nodes = 3536
h37.t9.propagations = 3536
h37.t0.stop_reason = aborted
h37.t0.restarts = 4
h37.t0.nogoods_size = 195594
h37.t0.nodes = 1763
h37.t0.propagations = 1763
h37.search_time = 4936
h37.nodes = 59972
h37.propagations = 1832276
h38.t10.stop_reason = aborted
h38.t10.restarts = 4
h38.t10.nogoods_size = 195665
h38.t10.nodes = 3600
h38.t10.propagations = 3600
h38.t2.stop_reason = unsatisfiable
h38.t2.restarts = 4
h38.t2.nogoods_size = 195665
h38.t2.nodes = 3527
h38.t2.propagations = 3527
h38.t6.stop_reason = unsatisfiable
h38.t6.restarts = 4
h38.t6.nogoods_size = 195665
h38.t6.nodes = 3605
h38.t6.propagations = 3605
h38.t17.stop_reason = aborted
h38.t17.restarts = 4
h38.t17.nogoods_size = 195665
h38.t17.nodes = 1896
h38.t17.propagations = 1896
h38.t7.stop_reason = aborted
h38.t7.restarts = 4
h38.t7.nogoods_size = 195665
h38.t7.nodes = 3739
h38.t7.propagations = 3739
h38.t5.stop_reason = aborted
h38.t5.restarts = 4
h38.t5.nogoods_size = 195665
h38.t5.nodes = 3721
h38.t5.propagations = 3721
h38.t11.stop_reason = aborted
h38.t11.restarts = 4
h38.t11.nogoods_size = 195665
h38.t11.nodes = 3246
h38.t11.propagations = 3246
h38.t3.stop_reason = aborted
h38.t3.restarts = 4
h38.t3.nogoods_size = 195665
h38.t3.nodes = 3262
h38.t3.propagations = 3262
h38.t12.stop_reason = aborted
h38.t12.restarts = 4
h38.t12.nogoods_size = 195665
h38.t12.nodes = 3637
h38.t12.propagations = 3637
h38.t15.stop_reason = aborted
h38.t15.restarts = 4
h38.t15.nogoods_size = 195665
h38.t15.nodes = 3674
h38.t15.propagations = 3674
h38.t13.stop_reason = aborted
h38.t13.restarts = 4
h38.t13.nogoods_size = 195665
h38.t13.nodes = 3209
h38.t13.propagations = 3209
h38.t4.stop_reason = aborted
h38.t4.restarts = 4
h38.t4.nogoods_size = 195665
h38.t4.nodes = 3388
h38.t4.propagations = 3388
h38.t16.stop_reason = aborted
h38.t16.restarts = 4
h38.t16.nogoods_size = 195665
h38.t16.nodes = 3635
h38.t16.propagations = 3635
h38.t14.stop_reason = aborted
h38.t14.restarts = 4
h38.t14.nogoods_size = 195665
h38.t14.nodes = 3699
h38.t14.propagations = 3699
h38.t9.stop_reason = aborted
h38.t9.restarts = 4
h38.t9.nogoods_size = 195665
h38.t9.nodes = 3718
h38.t9.propagations = 3718
h38.t0.stop_reason = aborted
h38.t0.restarts = 4
h38.t0.nogoods_size = 195665
h38.t0.nodes = 1768
h38.t0.propagations = 1768
h38.t1.stop_reason = aborted
h38.t1.restarts = 4
h38.t1.nogoods_size = 195665
h38.t1.nodes = 3682
h38.t1.propagations = 3682
h38.t8.stop_reason = aborted
h38.t8.restarts = 4
h38.t8.nogoods_size = 195665
h38.t8.nodes = 3589
h38.t8.propagations = 3589
h38.search_time = 4943
h38.nodes = 60595
h38.propagations = 1863366
h39.t12.stop_reason = unsatisfiable
h39.t12.restarts = 4
h39.t12.nogoods_size = 196050
h39.t12.nodes = 3618
h39.t12.propagations = 3618
h39.t6.stop_reason = unsatisfiable
h39.t6.restarts = 4
h39.t6.nogoods_size = 196050
h39.t6.nodes = 3654
h39.t6.propagations = 3654
h39.t4.stop_reason = aborted
h39.t4.restarts = 4
h39.t4.nogoods_size = 196050
h39.t4.nodes = 3493
h39.t4.propagations = 3493
h39.t9.stop_reason = aborted
h39.t9.restarts = 4
h39.t9.nogoods_size = 196050
h39.t9.nodes = 3451
h39.t9.propagations = 3451
h39.t7.stop_reason = aborted
h39.t7.restarts = 4
h39.t7.nogoods_size = 196050
h39.t7.nodes = 3081
h39.t7.propagations = 3081
h39.t11.stop_reason = aborted
h39.t11.restarts = 4
h39.t11.nogoods_size = 196050
h39.t11.nodes = 3571
h39.t11.propagations = 3571
h39.t3.stop_reason = aborted
h39.t3.restarts = 4
h39.t3.nogoods_size = 196050
h39.t3.nodes = 3707
h39.t3.propagations = 3707
h39.t13.stop_reason = aborted
h39.t13.restarts = 4
h39.t13.nogoods_size = 196050
h39.t13.nodes = 3617
h39.t13.propagations = 3617
h39.t14.stop_reason = aborted
h39.t14.restarts = 4
h39.t14.nogoods_size = 196050
h39.t14.nodes = 3300
h39.t14.propagations = 3300
h39.t2.stop_reason = aborted
h39.t2.restarts = 4
h39.t2.nogoods_size = 196050
h39.t2.nodes = 3579
h39.t2.propagations = 3579
h39.t10.stop_reason = aborted
h39.t10.restarts = 4
h39.t10.nogoods_size = 196050
h39.t10.nodes = 3511
h39.t10.propagations = 3511
h39.t8.stop_reason = aborted
h39.t8.restarts = 4
h39.t8.nogoods_size = 196050
h39.t8.nodes = 3638
h39.t8.propagations = 3638
h39.t15.stop_reason = aborted
h39.t15.restarts = 4
h39.t15.nogoods_size = 196050
h39.t15.nodes = 3424
h39.t15.propagations = 3424
h39.t16.stop_reason = aborted
h39.t16.restarts = 4
h39.t16.nogoods_size = 196050
h39.t16.nodes = 3503
h39.t16.propagations = 3503
h39.t17.stop_reason = aborted
h39.t17.restarts = 4
h39.t17.nogoods_size = 196050
h39.t17.nodes = 1841
h39.t17.propagations = 1841
h39.t5.stop_reason = aborted
h39.t5.restarts = 4
h39.t5.nogoods_size = 196050
h39.t5.nodes = 3626
h39.t5.propagations = 3626
h39.t0.stop_reason = aborted
h39.t0.restarts = 4
h39.t0.nogoods_size = 196050
h39.t0.nodes = 1668
h39.t0.propagations = 1668
h39.t1.stop_reason = aborted
h39.t1.restarts = 4
h39.t1.nogoods_size = 196050
h39.t1.nodes = 3521
h39.t1.propagations = 3521
h39.search_time = 4948
h39.nodes = 59803
h39.propagations = 1845138
