hostname = r1i2n16
commandline = ../glasgow/mpi_solve_subgraph_isomorphism --timeout 1000 --format lad --geometric-restarts=1.0 --restarts-constant=100000 --restart-timer=100 --triggered-restarts --threads 18 --value-ordering=biased ../instances/LV/g18 ../instances/LV/g44
started_at = 2018-11-27 20:49:11
pattern_file = ../instances/LV/g18
target_file = ../instances/LV/g44
status = aborted
nodes = 12377371523
propagations = 35364891933
runtime = 1047747
h0.t2.stop_reason = aborted
h0.t2.restarts = 1363
h0.t2.nogoods_size = 9485803
h0.t2.nodes = 18922533
h0.t2.propagations = 18922533
h0.t13.stop_reason = aborted
h0.t13.restarts = 1363
h0.t13.nogoods_size = 9485803
h0.t13.nodes = 18370995
h0.t13.propagations = 18370995
h0.t0.stop_reason = aborted
h0.t0.restarts = 1363
h0.t0.nogoods_size = 9485803
h0.t0.nodes = 1249560
h0.t0.propagations = 1249560
h0.t7.stop_reason = aborted
h0.t7.restarts = 1363
h0.t7.nogoods_size = 9485803
h0.t7.nodes = 18599826
h0.t7.propagations = 18599826
h0.t16.stop_reason = aborted
h0.t16.restarts = 1363
h0.t16.nogoods_size = 9485803
h0.t16.nodes = 18547737
h0.t16.propagations = 18547737
h0.t15.stop_reason = aborted
h0.t15.restarts = 1363
h0.t15.nogoods_size = 9485803
h0.t15.nodes = 18161392
h0.t15.propagations = 18161392
h0.t14.stop_reason = aborted
h0.t14.restarts = 1363
h0.t14.nogoods_size = 9485803
h0.t14.nodes = 19360009
h0.t14.propagations = 19360009
h0.t1.stop_reason = aborted
h0.t1.restarts = 1363
h0.t1.nogoods_size = 9485803
h0.t1.nodes = 19172375
h0.t1.propagations = 19172375
h0.t11.stop_reason = aborted
h0.t11.restarts = 1363
h0.t11.nogoods_size = 9485803
h0.t11.nodes = 19908492
h0.t11.propagations = 19908492
h0.t6.stop_reason = aborted
h0.t6.restarts = 1363
h0.t6.nogoods_size = 9485803
h0.t6.nodes = 19770809
h0.t6.propagations = 19770809
h0.t17.stop_reason = aborted
h0.t17.restarts = 1363
h0.t17.nogoods_size = 9485803
h0.t17.nodes = 3658732
h0.t17.propagations = 3658732
h0.t5.stop_reason = aborted
h0.t5.restarts = 1363
h0.t5.nogoods_size = 9485803
h0.t5.nodes = 18116862
h0.t5.propagations = 18116862
h0.t3.stop_reason = aborted
h0.t3.restarts = 1363
h0.t3.nogoods_size = 9485803
h0.t3.nodes = 17633203
h0.t3.propagations = 17633203
h0.t10.stop_reason = aborted
h0.t10.restarts = 1363
h0.t10.nogoods_size = 9485803
h0.t10.nodes = 17852240
h0.t10.propagations = 17852240
h0.t4.stop_reason = aborted
h0.t4.restarts = 1363
h0.t4.nogoods_size = 9485803
h0.t4.nodes = 19562687
h0.t4.propagations = 19562687
h0.t8.stop_reason = aborted
h0.t8.restarts = 1363
h0.t8.nogoods_size = 9485803
h0.t8.nodes = 18377728
h0.t8.propagations = 18377728
h0.t9.stop_reason = aborted
h0.t9.restarts = 1363
h0.t9.nogoods_size = 9485803
h0.t9.nodes = 18598429
h0.t9.propagations = 18598429
h0.t12.stop_reason = aborted
h0.t12.restarts = 1363
h0.t12.nogoods_size = 9485803
h0.t12.nodes = 19567716
h0.t12.propagations = 19567716
h0.search_time = 1000140
h0.nodes = 305431325
h0.propagations = 872322970
h1.t14.restarts = 1363
h1.t14.nogoods_size = 9482934
h1.t14.nodes = 19517247
h1.t14.propagations = 19517247
h1.t2.restarts = 1363
h1.t2.nogoods_size = 9482934
h1.t2.nodes = 17945713
h1.t2.propagations = 17945713
h1.t7.restarts = 1363
h1.t7.nogoods_size = 9482934
h1.t7.nodes = 18856143
h1.t7.propagations = 18856143
h1.t3.restarts = 1363
h1.t3.nogoods_size = 9482934
h1.t3.nodes = 17589642
h1.t3.propagations = 17589642
h1.t5.restarts = 1363
h1.t5.nogoods_size = 9482934
h1.t5.nodes = 18469174
h1.t5.propagations = 18469174
h1.t6.restarts = 1363
h1.t6.nogoods_size = 9482934
h1.t6.nodes = 18654325
h1.t6.propagations = 18654325
h1.t4.restarts = 1363
h1.t4.nogoods_size = 9482934
h1.t4.nodes = 19063202
h1.t4.propagations = 19063202
h1.t8.restarts = 1363
h1.t8.nogoods_size = 9482934
h1.t8.nodes = 19605629
h1.t8.propagations = 19605629
h1.t1.restarts = 1363
h1.t1.nogoods_size = 9482934
h1.t1.nodes = 18641655
h1.t1.propagations = 18641655
h1.t16.restarts = 1363
h1.t16.nogoods_size = 9482934
h1.t16.nodes = 20383626
h1.t16.propagations = 20383626
h1.t12.restarts = 1363
h1.t12.nogoods_size = 9482934
h1.t12.nodes = 19188486
h1.t12.propagations = 19188486
h1.t15.restarts = 1363
h1.t15.nogoods_size = 9482934
h1.t15.nodes = 19570325
h1.t15.propagations = 19570325
h1.t9.restarts = 1363
h1.t9.nogoods_size = 9482934
h1.t9.nodes = 18958069
h1.t9.propagations = 18958069
h1.t0.restarts = 1363
h1.t0.nogoods_size = 9482934
h1.t0.nodes = 1226531
h1.t0.propagations = 1226531
h1.t13.restarts = 1363
h1.t13.nogoods_size = 9482934
h1.t13.nodes = 19513229
h1.t13.propagations = 19513229
h1.t11.restarts = 1363
h1.t11.nogoods_size = 9482934
h1.t11.nodes = 18230966
h1.t11.propagations = 18230966
h1.t17.restarts = 1363
h1.t17.nogoods_size = 9482934
h1.t17.nodes = 3643646
h1.t17.propagations = 3643646
h1.t10.restarts = 1363
h1.t10.nogoods_size = 9482934
h1.t10.nodes = 18830287
h1.t10.propagations = 18830287
h1.search_time = 1000142
h1.nodes = 307887895
h1.propagations = 879920665
h2.t14.restarts = 1363
h2.t14.nogoods_size = 9482607
h2.t14.nodes = 17076406
h2.t14.propagations = 17076406
h2.t1.restarts = 1363
h2.t1.nogoods_size = 9482607
h2.t1.nodes = 18104054
h2.t1.propagations = 18104054
h2.t13.restarts = 1363
h2.t13.nogoods_size = 9482607
h2.t13.nodes = 17803657
h2.t13.propagations = 17803657
h2.t7.restarts = 1363
h2.t7.nogoods_size = 9482607
h2.t7.nodes = 18746716
h2.t7.propagations = 18746716
h2.t15.restarts = 1363
h2.t15.nogoods_size = 9482607
h2.t15.nodes = 17554320
h2.t15.propagations = 17554320
h2.t5.restarts = 1363
h2.t5.nogoods_size = 9482607
h2.t5.nodes = 17987743
h2.t5.propagations = 17987743
h2.t9.restarts = 1363
h2.t9.nogoods_size = 9482607
h2.t9.nodes = 17694516
h2.t9.propagations = 17694516
h2.t2.restarts = 1363
h2.t2.nogoods_size = 9482607
h2.t2.nodes = 16977230
h2.t2.propagations = 16977230
h2.t4.restarts = 1363
h2.t4.nogoods_size = 9482607
h2.t4.nodes = 17038007
h2.t4.propagations = 17038007
h2.t17.restarts = 1363
h2.t17.nogoods_size = 9482607
h2.t17.nodes = 3614167
h2.t17.propagations = 3614167
h2.t8.restarts = 1363
h2.t8.nogoods_size = 9482607
h2.t8.nodes = 17605505
h2.t8.propagations = 17605505
h2.t12.restarts = 1363
h2.t12.nogoods_size = 9482607
h2.t12.nodes = 17967042
h2.t12.propagations = 17967042
h2.t11.restarts = 1363
h2.t11.nogoods_size = 9482607
h2.t11.nodes = 16542391
h2.t11.propagations = 16542391
h2.t10.restarts = 1363
h2.t10.nogoods_size = 9482607
h2.t10.nodes = 17212641
h2.t10.propagations = 17212641
h2.t16.restarts = 1363
h2.t16.nogoods_size = 9482607
h2.t16.nodes = 17081791
h2.t16.propagations = 17081791
h2.t6.restarts = 1363
h2.t6.nogoods_size = 9482607
h2.t6.nodes = 17726158
h2.t6.propagations = 17726158
h2.t0.restarts = 1363
h2.t0.nogoods_size = 9482607
h2.t0.nodes = 1245805
h2.t0.propagations = 1245805
h2.t3.restarts = 1363
h2.t3.nogoods_size = 9482607
h2.t3.nodes = 17531542
h2.t3.propagations = 17531542
h2.search_time = 1000140
h2.nodes = 285509691
h2.propagations = 816085244
h3.t7.restarts = 1363
h3.t7.nogoods_size = 9480674
h3.t7.nodes = 18273166
h3.t7.propagations = 18273166
h3.t12.restarts = 1363
h3.t12.nogoods_size = 9480674
h3.t12.nodes = 18900274
h3.t12.propagations = 18900274
h3.t11.restarts = 1363
h3.t11.nogoods_size = 9480674
h3.t11.nodes = 16264385
h3.t11.propagations = 16264385
h3.t9.restarts = 1363
h3.t9.nogoods_size = 9480674
h3.t9.nodes = 17615167
h3.t9.propagations = 17615167
h3.t8.restarts = 1363
h3.t8.nogoods_size = 9480674
h3.t8.nodes = 19521388
h3.t8.propagations = 19521388
h3.t6.restarts = 1363
h3.t6.nogoods_size = 9480674
h3.t6.nodes = 18866141
h3.t6.propagations = 18866141
h3.t4.restarts = 1363
h3.t4.nogoods_size = 9480674
h3.t4.nodes = 17190906
h3.t4.propagations = 17190906
h3.t14.restarts = 1363
h3.t14.nogoods_size = 9480674
h3.t14.nodes = 17832371
h3.t14.propagations = 17832371
h3.t10.restarts = 1363
h3.t10.nogoods_size = 9480674
h3.t10.nodes = 17922846
h3.t10.propagations = 17922846
h3.t5.restarts = 1363
h3.t5.nogoods_size = 9480674
h3.t5.nodes = 17434546
h3.t5.propagations = 17434546
h3.t15.restarts = 1363
h3.t15.nogoods_size = 9480674
h3.t15.nodes = 18754536
h3.t15.propagations = 18754536
h3.t17.restarts = 1363
h3.t17.nogoods_size = 9480674
h3.t17.nodes = 3388692
h3.t17.propagations = 3388692
h3.t2.restarts = 1363
h3.t2.nogoods_size = 9480674
h3.t2.nodes = 19054397
h3.t2.propagations = 19054397
h3.t1.restarts = 1363
h3.t1.nogoods_size = 9480674
h3.t1.nodes = 17645488
h3.t1.propagations = 17645488
h3.t3.restarts = 1363
h3.t3.nogoods_size = 9480674
h3.t3.nodes = 17667339
h3.t3.propagations = 17667339
h3.t16.restarts = 1363
h3.t16.nogoods_size = 9480674
h3.t16.nodes = 16916977
h3.t16.propagations = 16916977
h3.t13.restarts = 1363
h3.t13.nogoods_size = 9480674
h3.t13.nodes = 18494205
h3.t13.propagations = 18494205
h3.t0.restarts = 1363
h3.t0.nogoods_size = 9480674
h3.t0.nodes = 1336041
h3.t0.propagations = 1336041
h3.search_time = 1000137
h3.nodes = 293078865
h3.propagations = 836994061
h4.t13.restarts = 1363
h4.t13.nogoods_size = 9485596
h4.t13.nodes = 18040142
h4.t13.propagations = 18040142
h4.t16.restarts = 1363
h4.t16.nogoods_size = 9485596
h4.t16.nodes = 17666882
h4.t16.propagations = 17666882
h4.t3.restarts = 1363
h4.t3.nogoods_size = 9485596
h4.t3.nodes = 17515494
h4.t3.propagations = 17515494
h4.t11.restarts = 1363
h4.t11.nogoods_size = 9485596
h4.t11.nodes = 17913600
h4.t11.propagations = 17913600
h4.t8.restarts = 1363
h4.t8.nogoods_size = 9485596
h4.t8.nodes = 18845267
h4.t8.propagations = 18845267
h4.t14.restarts = 1363
h4.t14.nogoods_size = 9485596
h4.t14.nodes = 18019483
h4.t14.propagations = 18019483
h4.t12.restarts = 1363
h4.t12.nogoods_size = 9485596
h4.t12.nodes = 17834848
h4.t12.propagations = 17834848
h4.t1.restarts = 1363
h4.t1.nogoods_size = 9485596
h4.t1.nodes = 17961323
h4.t1.propagations = 17961323
h4.t4.restarts = 1363
h4.t4.nogoods_size = 9485596
h4.t4.nodes = 18283965
h4.t4.propagations = 18283965
h4.t2.restarts = 1363
h4.t2.nogoods_size = 9485596
h4.t2.nodes = 18568970
h4.t2.propagations = 18568970
h4.t10.restarts = 1363
h4.t10.nogoods_size = 9485596
h4.t10.nodes = 16843064
h4.t10.propagations = 16843064
h4.t17.restarts = 1363
h4.t17.nogoods_size = 9485596
h4.t17.nodes = 3674476
h4.t17.propagations = 3674476
h4.t6.restarts = 1363
h4.t6.nogoods_size = 9485596
h4.t6.nodes = 18110509
h4.t6.propagations = 18110509
h4.t7.restarts = 1363
h4.t7.nogoods_size = 9485596
h4.t7.nodes = 19350427
h4.t7.propagations = 19350427
h4.t5.restarts = 1363
h4.t5.nogoods_size = 9485596
h4.t5.nodes = 18711265
h4.t5.propagations = 18711265
h4.t9.restarts = 1363
h4.t9.nogoods_size = 9485596
h4.t9.nodes = 18199537
h4.t9.propagations = 18199537
h4.t0.restarts = 1363
h4.t0.nogoods_size = 9485596
h4.t0.nodes = 1250301
h4.t0.propagations = 1250301
h4.t15.restarts = 1363
h4.t15.nogoods_size = 9485596
h4.t15.nodes = 16719003
h4.t15.propagations = 16719003
h4.search_time = 1000140
h4.nodes = 293508556
h4.propagations = 837295245
h5.t5.restarts = 1363
h5.t5.nogoods_size = 9483676
h5.t5.nodes = 18262415
h5.t5.propagations = 18262415
h5.t11.restarts = 1363
h5.t11.nogoods_size = 9483676
h5.t11.nodes = 17947254
h5.t11.propagations = 17947254
h5.t4.restarts = 1363
h5.t4.nogoods_size = 9483676
h5.t4.nodes = 19494558
h5.t4.propagations = 19494558
h5.t14.restarts = 1363
h5.t14.nogoods_size = 9483676
h5.t14.nodes = 17523718
h5.t14.propagations = 17523718
h5.t3.restarts = 1363
h5.t3.nogoods_size = 9483676
h5.t3.nodes = 18229246
h5.t3.propagations = 18229246
h5.t9.restarts = 1363
h5.t9.nogoods_size = 9483676
h5.t9.nodes = 17527008
h5.t9.propagations = 17527008
h5.t17.restarts = 1363
h5.t17.nogoods_size = 9483676
h5.t17.nodes = 3616253
h5.t17.propagations = 3616253
h5.t15.restarts = 1363
h5.t15.nogoods_size = 9483676
h5.t15.nodes = 18247667
h5.t15.propagations = 18247667
h5.t13.restarts = 1363
h5.t13.nogoods_size = 9483676
h5.t13.nodes = 19519399
h5.t13.propagations = 19519399
h5.t1.restarts = 1363
h5.t1.nogoods_size = 9483676
h5.t1.nodes = 19759484
h5.t1.propagations = 19759484
h5.t10.restarts = 1363
h5.t10.nogoods_size = 9483676
h5.t10.nodes = 17352957
h5.t10.propagations = 17352957
h5.t2.restarts = 1363
h5.t2.nogoods_size = 9483676
h5.t2.nodes = 17953803
h5.t2.propagations = 17953803
h5.t8.restarts = 1363
h5.t8.nogoods_size = 9483676
h5.t8.nodes = 18088677
h5.t8.propagations = 18088677
h5.t16.restarts = 1363
h5.t16.nogoods_size = 9483676
h5.t16.nodes = 17909443
h5.t16.propagations = 17909443
h5.t12.restarts = 1363
h5.t12.nogoods_size = 9483676
h5.t12.nodes = 17501948
h5.t12.propagations = 17501948
h5.t7.restarts = 1363
h5.t7.nogoods_size = 9483676
h5.t7.nodes = 19361467
h5.t7.propagations = 19361467
h5.t0.restarts = 1363
h5.t0.nogoods_size = 9483676
h5.t0.nodes = 1270043
h5.t0.propagations = 1270043
h5.t6.restarts = 1363
h5.t6.nogoods_size = 9483676
h5.t6.nodes = 17565813
h5.t6.propagations = 17565813
h5.search_time = 1000140
h5.nodes = 297131153
h5.propagations = 848596818
h6.t2.restarts = 1363
h6.t2.nogoods_size = 9485251
h6.t2.nodes = 18134234
h6.t2.propagations = 18134234
h6.t11.restarts = 1363
h6.t11.nogoods_size = 9485251
h6.t11.nodes = 17450368
h6.t11.propagations = 17450368
h6.t7.restarts = 1363
h6.t7.nogoods_size = 9485251
h6.t7.nodes = 17747193
h6.t7.propagations = 17747193
h6.t9.restarts = 1363
h6.t9.nogoods_size = 9485251
h6.t9.nodes = 17661600
h6.t9.propagations = 17661600
h6.t8.restarts = 1363
h6.t8.nogoods_size = 9485251
h6.t8.nodes = 19119398
h6.t8.propagations = 19119398
h6.t10.restarts = 1363
h6.t10.nogoods_size = 9485251
h6.t10.nodes = 18038739
h6.t10.propagations = 18038739
h6.t3.restarts = 1363
h6.t3.nogoods_size = 9485251
h6.t3.nodes = 18332668
h6.t3.propagations = 18332668
h6.t4.restarts = 1363
h6.t4.nogoods_size = 9485251
h6.t4.nodes = 17309519
h6.t4.propagations = 17309519
h6.t6.restarts = 1363
h6.t6.nogoods_size = 9485251
h6.t6.nodes = 17538058
h6.t6.propagations = 17538058
h6.t17.restarts = 1363
h6.t17.nogoods_size = 9485251
h6.t17.nodes = 3591904
h6.t17.propagations = 3591904
h6.t12.restarts = 1363
h6.t12.nogoods_size = 9485251
h6.t12.nodes = 18708140
h6.t12.propagations = 18708140
h6.t13.restarts = 1363
h6.t13.nogoods_size = 9485251
h6.t13.nodes = 18430883
h6.t13.propagations = 18430883
h6.t5.restarts = 1363
h6.t5.nogoods_size = 9485251
h6.t5.nodes = 17977865
h6.t5.propagations = 17977865
h6.t15.restarts = 1363
h6.t15.nogoods_size = 9485251
h6.t15.nodes = 17576078
h6.t15.propagations = 17576078
h6.t1.restarts = 1363
h6.t1.nogoods_size = 9485251
h6.t1.nodes = 18343954
h6.t1.propagations = 18343954
h6.t16.restarts = 1363
h6.t16.nogoods_size = 9485251
h6.t16.nodes = 18736512
h6.t16.propagations = 18736512
h6.t14.restarts = 1363
h6.t14.nogoods_size = 9485251
h6.t14.nodes = 17697184
h6.t14.propagations = 17697184
h6.t0.restarts = 1363
h6.t0.nogoods_size = 9485251
h6.t0.nodes = 1260831
h6.t0.propagations = 1260831
h6.search_time = 1000137
h6.nodes = 293655128
h6.propagations = 838430882
h7.t8.restarts = 1363
h7.t8.nogoods_size = 9483098
h7.t8.nodes = 19092942
h7.t8.propagations = 19092942
h7.t16.restarts = 1363
h7.t16.nogoods_size = 9483098
h7.t16.nodes = 18648620
h7.t16.propagations = 18648620
h7.t4.restarts = 1363
h7.t4.nogoods_size = 9483098
h7.t4.nodes = 17838030
h7.t4.propagations = 17838030
h7.t6.restarts = 1363
h7.t6.nogoods_size = 9483098
h7.t6.nodes = 18612439
h7.t6.propagations = 18612439
h7.t2.restarts = 1363
h7.t2.nogoods_size = 9483098
h7.t2.nodes = 18026795
h7.t2.propagations = 18026795
h7.t5.restarts = 1363
h7.t5.nogoods_size = 9483098
h7.t5.nodes = 18689933
h7.t5.propagations = 18689933
h7.t15.restarts = 1363
h7.t15.nogoods_size = 9483098
h7.t15.nodes = 17988049
h7.t15.propagations = 17988049
h7.t9.restarts = 1363
h7.t9.nogoods_size = 9483098
h7.t9.nodes = 18568488
h7.t9.propagations = 18568488
h7.t11.stop_reason = aborted
h7.t11.restarts = 1363
h7.t11.nogoods_size = 9483098
h7.t11.nodes = 17996535
h7.t11.propagations = 17996535
h7.t7.restarts = 1363
h7.t7.nogoods_size = 9483098
h7.t7.nodes = 19123591
h7.t7.propagations = 19123591
h7.t13.restarts = 1363
h7.t13.nogoods_size = 9483098
h7.t13.nodes = 17998967
h7.t13.propagations = 17998967
h7.t12.restarts = 1363
h7.t12.nogoods_size = 9483098
h7.t12.nodes = 17449413
h7.t12.propagations = 17449413
h7.t14.restarts = 1363
h7.t14.nogoods_size = 9483098
h7.t14.nodes = 18344159
h7.t14.propagations = 18344159
h7.t3.restarts = 1363
h7.t3.nogoods_size = 9483098
h7.t3.nodes = 17862461
h7.t3.propagations = 17862461
h7.t10.restarts = 1363
h7.t10.nogoods_size = 9483098
h7.t10.nodes = 18059351
h7.t10.propagations = 18059351
h7.t17.restarts = 1363
h7.t17.nogoods_size = 9483098
h7.t17.nodes = 3531505
h7.t17.propagations = 3531505
h7.t0.restarts = 1363
h7.t0.nogoods_size = 9483098
h7.t0.nodes = 1308065
h7.t0.propagations = 1308065
h7.t1.restarts = 1363
h7.t1.nogoods_size = 9483098
h7.t1.nodes = 18338133
h7.t1.propagations = 18338133
h7.search_time = 1000141
h7.nodes = 297477476
h7.propagations = 849797089
h8.t17.restarts = 1363
h8.t17.nogoods_size = 9490066
h8.t17.nodes = 3632496
h8.t17.propagations = 3632496
h8.t0.restarts = 1363
h8.t0.nogoods_size = 9490066
h8.t0.nodes = 1221385
h8.t0.propagations = 1221385
h8.t13.restarts = 1363
h8.t13.nogoods_size = 9490066
h8.t13.nodes = 21502829
h8.t13.propagations = 21502829
h8.t1.restarts = 1363
h8.t1.nogoods_size = 9490066
h8.t1.nodes = 19418280
h8.t1.propagations = 19418280
h8.t10.restarts = 1363
h8.t10.nogoods_size = 9490066
h8.t10.nodes = 20789936
h8.t10.propagations = 20789936
h8.t8.restarts = 1363
h8.t8.nogoods_size = 9490066
h8.t8.nodes = 21840517
h8.t8.propagations = 21840517
h8.t6.restarts = 1363
h8.t6.nogoods_size = 9490066
h8.t6.nodes = 21874944
h8.t6.propagations = 21874944
h8.t9.restarts = 1363
h8.t9.nogoods_size = 9490066
h8.t9.nodes = 21508640
h8.t9.propagations = 21508640
h8.t4.restarts = 1363
h8.t4.nogoods_size = 9490066
h8.t4.nodes = 21338334
h8.t4.propagations = 21338334
h8.t11.restarts = 1363
h8.t11.nogoods_size = 9490066
h8.t11.nodes = 21200008
h8.t11.propagations = 21200008
h8.t3.restarts = 1363
h8.t3.nogoods_size = 9490066
h8.t3.nodes = 20637793
h8.t3.propagations = 20637793
h8.t16.restarts = 1363
h8.t16.nogoods_size = 9490066
h8.t16.nodes = 21331050
h8.t16.propagations = 21331050
h8.t2.restarts = 1363
h8.t2.nogoods_size = 9490066
h8.t2.nodes = 21570934
h8.t2.propagations = 21570934
h8.t5.restarts = 1363
h8.t5.nogoods_size = 9490066
h8.t5.nodes = 21356991
h8.t5.propagations = 21356991
h8.t7.restarts = 1363
h8.t7.nogoods_size = 9490066
h8.t7.nodes = 21576447
h8.t7.propagations = 21576447
h8.t15.restarts = 1363
h8.t15.nogoods_size = 9490066
h8.t15.nodes = 21414140
h8.t15.propagations = 21414140
h8.t14.restarts = 1363
h8.t14.nogoods_size = 9490066
h8.t14.nodes = 21345011
h8.t14.propagations = 21345011
h8.t12.restarts = 1363
h8.t12.nogoods_size = 9490066
h8.t12.nodes = 20554476
h8.t12.propagations = 20554476
h8.search_time = 1000159
h8.nodes = 344114211
h8.propagations = 983616718
h9.t9.restarts = 1363
h9.t9.nogoods_size = 9487332
h9.t9.nodes = 19672638
h9.t9.propagations = 19672638
h9.t4.restarts = 1363
h9.t4.nogoods_size = 9487332
h9.t4.nodes = 19839906
h9.t4.propagations = 19839906
h9.t3.restarts = 1363
h9.t3.nogoods_size = 9487332
h9.t3.nodes = 20365867
h9.t3.propagations = 20365867
h9.t6.restarts = 1363
h9.t6.nogoods_size = 9487332
h9.t6.nodes = 20035333
h9.t6.propagations = 20035333
h9.t16.restarts = 1363
h9.t16.nogoods_size = 9487332
h9.t16.nodes = 19285536
h9.t16.propagations = 19285536
h9.t12.restarts = 1363
h9.t12.nogoods_size = 9487332
h9.t12.nodes = 20352600
h9.t12.propagations = 20352600
h9.t15.restarts = 1363
h9.t15.nogoods_size = 9487332
h9.t15.nodes = 19367215
h9.t15.propagations = 19367215
h9.t14.restarts = 1363
h9.t14.nogoods_size = 9487332
h9.t14.nodes = 19788186
h9.t14.propagations = 19788186
h9.t2.restarts = 1363
h9.t2.nogoods_size = 9487332
h9.t2.nodes = 20759069
h9.t2.propagations = 20759069
h9.t13.restarts = 1363
h9.t13.nogoods_size = 9487332
h9.t13.nodes = 18385964
h9.t13.propagations = 18385964
h9.t11.restarts = 1363
h9.t11.nogoods_size = 9487332
h9.t11.nodes = 19220708
h9.t11.propagations = 19220708
h9.t17.restarts = 1363
h9.t17.nogoods_size = 9487332
h9.t17.nodes = 3636203
h9.t17.propagations = 3636203
h9.t10.restarts = 1363
h9.t10.nogoods_size = 9487332
h9.t10.nodes = 19496724
h9.t10.propagations = 19496724
h9.t5.restarts = 1363
h9.t5.nogoods_size = 9487332
h9.t5.nodes = 20125176
h9.t5.propagations = 20125176
h9.t7.restarts = 1363
h9.t7.nogoods_size = 9487332
h9.t7.nodes = 20599429
h9.t7.propagations = 20599429
h9.t0.restarts = 1363
h9.t0.nogoods_size = 9487332
h9.t0.nodes = 1327044
h9.t0.propagations = 1327044
h9.t1.restarts = 1363
h9.t1.nogoods_size = 9487332
h9.t1.nodes = 20658161
h9.t1.propagations = 20658161
h9.t8.restarts = 1363
h9.t8.nogoods_size = 9487332
h9.t8.nodes = 19920539
h9.t8.propagations = 19920539
h9.search_time = 1000155
h9.nodes = 322836298
h9.propagations = 922290169
h10.t16.restarts = 1363
h10.t16.nogoods_size = 9485389
h10.t16.nodes = 18042275
h10.t16.propagations = 18042275
h10.t7.restarts = 1363
h10.t7.nogoods_size = 9485389
h10.t7.nodes = 19461119
h10.t7.propagations = 19461119
h10.t6.restarts = 1363
h10.t6.nogoods_size = 9485389
h10.t6.nodes = 18559021
h10.t6.propagations = 18559021
h10.t15.restarts = 1363
h10.t15.nogoods_size = 9485389
h10.t15.nodes = 17181263
h10.t15.propagations = 17181263
h10.t4.restarts = 1363
h10.t4.nogoods_size = 9485389
h10.t4.nodes = 19233979
h10.t4.propagations = 19233979
h10.t12.restarts = 1363
h10.t12.nogoods_size = 9485389
h10.t12.nodes = 19358998
h10.t12.propagations = 19358998
h10.t1.restarts = 1363
h10.t1.nogoods_size = 9485389
h10.t1.nodes = 19080293
h10.t1.propagations = 19080293
h10.t10.restarts = 1363
h10.t10.nogoods_size = 9485389
h10.t10.nodes = 17791319
h10.t10.propagations = 17791319
h10.t13.restarts = 1363
h10.t13.nogoods_size = 9485389
h10.t13.nodes = 18405574
h10.t13.propagations = 18405574
h10.t0.restarts = 1363
h10.t0.nogoods_size = 9485389
h10.t0.nodes = 1305752
h10.t0.propagations = 1305752
h10.t5.restarts = 1363
h10.t5.nogoods_size = 9485389
h10.t5.nodes = 17787509
h10.t5.propagations = 17787509
h10.t11.restarts = 1363
h10.t11.nogoods_size = 9485389
h10.t11.nodes = 17234582
h10.t11.propagations = 17234582
h10.t2.restarts = 1363
h10.t2.nogoods_size = 9485389
h10.t2.nodes = 17966746
h10.t2.propagations = 17966746
h10.t14.restarts = 1363
h10.t14.nogoods_size = 9485389
h10.t14.nodes = 18244483
h10.t14.propagations = 18244483
h10.t8.restarts = 1363
h10.t8.nogoods_size = 9485389
h10.t8.nodes = 18575571
h10.t8.propagations = 18575571
h10.t17.restarts = 1363
h10.t17.nogoods_size = 9485389
h10.t17.nodes = 3580620
h10.t17.propagations = 3580620
h10.t3.restarts = 1363
h10.t3.nogoods_size = 9485389
h10.t3.nodes = 17713148
h10.t3.propagations = 17713148
h10.t9.restarts = 1363
h10.t9.nogoods_size = 9485389
h10.t9.nodes = 18980310
h10.t9.propagations = 18980310
h10.search_time = 1000140
h10.nodes = 298502562
h10.propagations = 852155809
h11.t10.restarts = 1363
h11.t10.nogoods_size = 9487244
h11.t10.nodes = 18859475
h11.t10.propagations = 18859475
h11.t16.restarts = 1363
h11.t16.nogoods_size = 9487244
h11.t16.nodes = 19088399
h11.t16.propagations = 19088399
h11.t4.restarts = 1363
h11.t4.nogoods_size = 9487244
h11.t4.nodes = 19382727
h11.t4.propagations = 19382727
h11.t1.restarts = 1363
h11.t1.nogoods_size = 9487244
h11.t1.nodes = 19459226
h11.t1.propagations = 19459226
h11.t2.restarts = 1363
h11.t2.nogoods_size = 9487244
h11.t2.nodes = 18504020
h11.t2.propagations = 18504020
h11.t6.restarts = 1363
h11.t6.nogoods_size = 9487244
h11.t6.nodes = 20522908
h11.t6.propagations = 20522908
h11.t15.restarts = 1363
h11.t15.nogoods_size = 9487244
h11.t15.nodes = 18099009
h11.t15.propagations = 18099009
h11.t13.restarts = 1363
h11.t13.nogoods_size = 9487244
h11.t13.nodes = 18849285
h11.t13.propagations = 18849285
h11.t7.restarts = 1363
h11.t7.nogoods_size = 9487244
h11.t7.nodes = 18973238
h11.t7.propagations = 18973238
h11.t8.restarts = 1363
h11.t8.nogoods_size = 9487244
h11.t8.nodes = 18085331
h11.t8.propagations = 18085331
h11.t5.restarts = 1363
h11.t5.nogoods_size = 9487244
h11.t5.nodes = 18344376
h11.t5.propagations = 18344376
h11.t9.restarts = 1363
h11.t9.nogoods_size = 9487244
h11.t9.nodes = 18643582
h11.t9.propagations = 18643582
h11.t14.restarts = 1363
h11.t14.nogoods_size = 9487244
h11.t14.nodes = 19594502
h11.t14.propagations = 19594502
h11.t11.restarts = 1363
h11.t11.nogoods_size = 9487244
h11.t11.nodes = 18309308
h11.t11.propagations = 18309308
h11.t3.restarts = 1363
h11.t3.nogoods_size = 9487244
h11.t3.nodes = 18963256
h11.t3.propagations = 18963256
h11.t17.restarts = 1363
h11.t17.nogoods_size = 9487244
h11.t17.nodes = 3491997
h11.t17.propagations = 3491997
h11.t0.restarts = 1363
h11.t0.nogoods_size = 9487244
h11.t0.nodes = 1296564
h11.t0.propagations = 1296564
h11.t12.restarts = 1363
h11.t12.nogoods_size = 9487244
h11.t12.nodes = 19475078
h11.t12.propagations = 19475078
h11.search_time = 1000137
h11.nodes = 307942281
h11.propagations = 879633222
h12.t8.restarts = 1363
h12.t8.nogoods_size = 9484082
h12.t8.nodes = 18011720
h12.t8.propagations = 18011720
h12.t7.restarts = 1363
h12.t7.nogoods_size = 9484082
h12.t7.nodes = 19513434
h12.t7.propagations = 19513434
h12.t11.restarts = 1363
h12.t11.nogoods_size = 9484082
h12.t11.nodes = 17277852
h12.t11.propagations = 17277852
h12.t10.restarts = 1363
h12.t10.nogoods_size = 9484082
h12.t10.nodes = 17549253
h12.t10.propagations = 17549253
h12.t5.restarts = 1363
h12.t5.nogoods_size = 9484082
h12.t5.nodes = 17764250
h12.t5.propagations = 17764250
h12.t15.restarts = 1363
h12.t15.nogoods_size = 9484082
h12.t15.nodes = 16759232
h12.t15.propagations = 16759232
h12.t1.restarts = 1363
h12.t1.nogoods_size = 9484082
h12.t1.nodes = 19147887
h12.t1.propagations = 19147887
h12.t12.restarts = 1363
h12.t12.nogoods_size = 9484082
h12.t12.nodes = 19269349
h12.t12.propagations = 19269349
h12.t13.restarts = 1363
h12.t13.nogoods_size = 9484082
h12.t13.nodes = 18449706
h12.t13.propagations = 18449706
h12.t6.restarts = 1363
h12.t6.nogoods_size = 9484082
h12.t6.nodes = 18768719
h12.t6.propagations = 18768719
h12.t17.restarts = 1363
h12.t17.nogoods_size = 9484082
h12.t17.nodes = 3303403
h12.t17.propagations = 3303403
h12.t16.restarts = 1363
h12.t16.nogoods_size = 9484082
h12.t16.nodes = 17755803
h12.t16.propagations = 17755803
h12.t0.restarts = 1363
h12.t0.nogoods_size = 9484082
h12.t0.nodes = 1313959
h12.t0.propagations = 1313959
h12.t9.restarts = 1363
h12.t9.nogoods_size = 9484082
h12.t9.nodes = 18585797
h12.t9.propagations = 18585797
h12.t3.restarts = 1363
h12.t3.nogoods_size = 9484082
h12.t3.nodes = 18712141
h12.t3.propagations = 18712141
h12.t14.restarts = 1363
h12.t14.nogoods_size = 9484082
h12.t14.nodes = 18288998
h12.t14.propagations = 18288998
h12.t2.restarts = 1363
h12.t2.nogoods_size = 9484082
h12.t2.nodes = 18437933
h12.t2.propagations = 18437933
h12.t4.restarts = 1363
h12.t4.nogoods_size = 9484082
h12.t4.nodes = 17803840
h12.t4.propagations = 17803840
h12.search_time = 1000162
h12.nodes = 296713276
h12.propagations = 847913346
h13.t5.restarts = 1363
h13.t5.nogoods_size = 9483359
h13.t5.nodes = 18100100
h13.t5.propagations = 18100100
h13.t8.restarts = 1363
h13.t8.nogoods_size = 9483359
h13.t8.nodes = 18661696
h13.t8.propagations = 18661696
h13.t14.restarts = 1363
h13.t14.nogoods_size = 9483359
h13.t14.nodes = 17875022
h13.t14.propagations = 17875022
h13.t13.restarts = 1363
h13.t13.nogoods_size = 9483359
h13.t13.nodes = 18935957
h13.t13.propagations = 18935957
h13.t11.restarts = 1363
h13.t11.nogoods_size = 9483359
h13.t11.nodes = 18022746
h13.t11.propagations = 18022746
h13.t2.restarts = 1363
h13.t2.nogoods_size = 9483359
h13.t2.nodes = 19305528
h13.t2.propagations = 19305528
h13.t9.restarts = 1363
h13.t9.nogoods_size = 9483359
h13.t9.nodes = 17242917
h13.t9.propagations = 17242917
h13.t3.restarts = 1363
h13.t3.nogoods_size = 9483359
h13.t3.nodes = 17685999
h13.t3.propagations = 17685999
h13.t4.restarts = 1363
h13.t4.nogoods_size = 9483359
h13.t4.nodes = 17004438
h13.t4.propagations = 17004438
h13.t15.restarts = 1363
h13.t15.nogoods_size = 9483359
h13.t15.nodes = 17776622
h13.t15.propagations = 17776622
h13.t6.restarts = 1363
h13.t6.nogoods_size = 9483359
h13.t6.nodes = 19268690
h13.t6.propagations = 19268690
h13.t7.restarts = 1363
h13.t7.nogoods_size = 9483359
h13.t7.nodes = 18247278
h13.t7.propagations = 18247278
h13.t16.restarts = 1363
h13.t16.nogoods_size = 9483359
h13.t16.nodes = 18299043
h13.t16.propagations = 18299043
h13.t1.restarts = 1363
h13.t1.nogoods_size = 9483359
h13.t1.nodes = 18229910
h13.t1.propagations = 18229910
h13.t12.restarts = 1363
h13.t12.nogoods_size = 9483359
h13.t12.nodes = 16898824
h13.t12.propagations = 16898824
h13.t17.restarts = 1363
h13.t17.nogoods_size = 9483359
h13.t17.nodes = 3424424
h13.t17.propagations = 3424424
h13.t10.restarts = 1363
h13.t10.nogoods_size = 9483359
h13.t10.nodes = 17122349
h13.t10.propagations = 17122349
h13.t0.restarts = 1363
h13.t0.nogoods_size = 9483359
h13.t0.nodes = 1307077
h13.t0.propagations = 1307077
h13.search_time = 1000160
h13.nodes = 293408620
h13.propagations = 838384832
h14.t14.restarts = 1363
h14.t14.nogoods_size = 9486002
h14.t14.nodes = 18625829
h14.t14.propagations = 18625829
h14.t2.restarts = 1363
h14.t2.nogoods_size = 9486002
h14.t2.nodes = 18637579
h14.t2.propagations = 18637579
h14.t5.restarts = 1363
h14.t5.nogoods_size = 9486002
h14.t5.nodes = 17614048
h14.t5.propagations = 17614048
h14.t15.restarts = 1363
h14.t15.nogoods_size = 9486002
h14.t15.nodes = 17641651
h14.t15.propagations = 17641651
h14.t4.restarts = 1363
h14.t4.nogoods_size = 9486002
h14.t4.nodes = 17537114
h14.t4.propagations = 17537114
h14.t10.restarts = 1363
h14.t10.nogoods_size = 9486002
h14.t10.nodes = 17752249
h14.t10.propagations = 17752249
h14.t7.restarts = 1363
h14.t7.nogoods_size = 9486002
h14.t7.nodes = 18648039
h14.t7.propagations = 18648039
h14.t11.restarts = 1363
h14.t11.nogoods_size = 9486002
h14.t11.nodes = 18930181
h14.t11.propagations = 18930181
h14.t12.restarts = 1363
h14.t12.nogoods_size = 9486002
h14.t12.nodes = 19437516
h14.t12.propagations = 19437516
h14.t16.restarts = 1363
h14.t16.nogoods_size = 9486002
h14.t16.nodes = 17987172
h14.t16.propagations = 17987172
h14.t9.restarts = 1363
h14.t9.nogoods_size = 9486002
h14.t9.nodes = 18835150
h14.t9.propagations = 18835150
h14.t1.restarts = 1363
h14.t1.nogoods_size = 9486002
h14.t1.nodes = 17935107
h14.t1.propagations = 17935107
h14.t3.restarts = 1363
h14.t3.nogoods_size = 9486002
h14.t3.nodes = 19281310
h14.t3.propagations = 19281310
h14.t13.restarts = 1363
h14.t13.nogoods_size = 9486002
h14.t13.nodes = 18864898
h14.t13.propagations = 18864898
h14.t8.restarts = 1363
h14.t8.nogoods_size = 9486002
h14.t8.nodes = 19446065
h14.t8.propagations = 19446065
h14.t6.restarts = 1363
h14.t6.nogoods_size = 9486002
h14.t6.nodes = 18115353
h14.t6.propagations = 18115353
h14.t0.restarts = 1363
h14.t0.nogoods_size = 9486002
h14.t0.nodes = 1264758
h14.t0.propagations = 1264758
h14.t17.restarts = 1363
h14.t17.nogoods_size = 9486002
h14.t17.nodes = 3902240
h14.t17.propagations = 3902240
h14.search_time = 1000139
h14.nodes = 300456259
h14.propagations = 858683068
h15.t13.restarts = 1363
h15.t13.nogoods_size = 9483713
h15.t13.nodes = 17628155
h15.t13.propagations = 17628155
h15.t8.restarts = 1363
h15.t8.nogoods_size = 9483713
h15.t8.nodes = 18207505
h15.t8.propagations = 18207505
h15.t15.restarts = 1363
h15.t15.nogoods_size = 9483713
h15.t15.nodes = 17431419
h15.t15.propagations = 17431419
h15.t6.restarts = 1363
h15.t6.nogoods_size = 9483713
h15.t6.nodes = 17724985
h15.t6.propagations = 17724985
h15.t1.restarts = 1363
h15.t1.nogoods_size = 9483713
h15.t1.nodes = 17885588
h15.t1.propagations = 17885588
h15.t3.restarts = 1363
h15.t3.nogoods_size = 9483713
h15.t3.nodes = 17399736
h15.t3.propagations = 17399736
h15.t17.restarts = 1363
h15.t17.nogoods_size = 9483713
h15.t17.nodes = 3552221
h15.t17.propagations = 3552221
h15.t16.restarts = 1363
h15.t16.nogoods_size = 9483713
h15.t16.nodes = 17816526
h15.t16.propagations = 17816526
h15.t0.restarts = 1363
h15.t0.nogoods_size = 9483713
h15.t0.nodes = 1328885
h15.t0.propagations = 1328885
h15.t4.restarts = 1363
h15.t4.nogoods_size = 9483713
h15.t4.nodes = 18834379
h15.t4.propagations = 18834379
h15.t10.restarts = 1363
h15.t10.nogoods_size = 9483713
h15.t10.nodes = 16976503
h15.t10.propagations = 16976503
h15.t7.restarts = 1363
h15.t7.nogoods_size = 9483713
h15.t7.nodes = 17603831
h15.t7.propagations = 17603831
h15.t14.restarts = 1363
h15.t14.nogoods_size = 9483713
h15.t14.nodes = 17342518
h15.t14.propagations = 17342518
h15.t11.restarts = 1363
h15.t11.nogoods_size = 9483713
h15.t11.nodes = 17092827
h15.t11.propagations = 17092827
h15.t12.restarts = 1363
h15.t12.nogoods_size = 9483713
h15.t12.nodes = 17873532
h15.t12.propagations = 17873532
h15.t2.restarts = 1363
h15.t2.nogoods_size = 9483713
h15.t2.nodes = 17771037
h15.t2.propagations = 17771037
h15.t9.restarts = 1363
h15.t9.nogoods_size = 9483713
h15.t9.nodes = 18523347
h15.t9.propagations = 18523347
h15.t5.restarts = 1363
h15.t5.nogoods_size = 9483713
h15.t5.nodes = 17644097
h15.t5.propagations = 17644097
h15.search_time = 1000140
h15.nodes = 288637091
h15.propagations = 824959157
h16.t13.restarts = 1363
h16.t13.nogoods_size = 9485445
h16.t13.nodes = 18965143
h16.t13.propagations = 18965143
h16.t10.restarts = 1363
h16.t10.nogoods_size = 9485445
h16.t10.nodes = 16561486
h16.t10.propagations = 16561486
h16.t1.restarts = 1363
h16.t1.nogoods_size = 9485445
h16.t1.nodes = 19884846
h16.t1.propagations = 19884846
h16.t4.restarts = 1363
h16.t4.nogoods_size = 9485445
h16.t4.nodes = 18606882
h16.t4.propagations = 18606882
h16.t11.restarts = 1363
h16.t11.nogoods_size = 9485445
h16.t11.nodes = 18645450
h16.t11.propagations = 18645450
h16.t15.restarts = 1363
h16.t15.nogoods_size = 9485445
h16.t15.nodes = 18658051
h16.t15.propagations = 18658051
h16.t8.restarts = 1363
h16.t8.nogoods_size = 9485445
h16.t8.nodes = 18649618
h16.t8.propagations = 18649618
h16.t6.restarts = 1363
h16.t6.nogoods_size = 9485445
h16.t6.nodes = 18263640
h16.t6.propagations = 18263640
h16.t16.restarts = 1363
h16.t16.nogoods_size = 9485445
h16.t16.nodes = 18618808
h16.t16.propagations = 18618808
h16.t17.restarts = 1363
h16.t17.nogoods_size = 9485445
h16.t17.nodes = 3278747
h16.t17.propagations = 3278747
h16.t7.restarts = 1363
h16.t7.nogoods_size = 9485445
h16.t7.nodes = 18696167
h16.t7.propagations = 18696167
h16.t12.restarts = 1363
h16.t12.nogoods_size = 9485445
h16.t12.nodes = 17670414
h16.t12.propagations = 17670414
h16.t5.restarts = 1363
h16.t5.nogoods_size = 9485445
h16.t5.nodes = 18489215
h16.t5.propagations = 18489215
h16.t2.restarts = 1363
h16.t2.nogoods_size = 9485445
h16.t2.nodes = 19390389
h16.t2.propagations = 19390389
h16.t0.restarts = 1363
h16.t0.nogoods_size = 9485445
h16.t0.nodes = 1215241
h16.t0.propagations = 1215241
h16.t3.restarts = 1363
h16.t3.nogoods_size = 9485445
h16.t3.nodes = 18972146
h16.t3.propagations = 18972146
h16.t14.restarts = 1363
h16.t14.nogoods_size = 9485445
h16.t14.nodes = 19170837
h16.t14.propagations = 19170837
h16.t9.restarts = 1363
h16.t9.nogoods_size = 9485445
h16.t9.nodes = 19261455
h16.t9.propagations = 19261455
h16.search_time = 1000144
h16.nodes = 302998535
h16.propagations = 865732978
h17.t13.restarts = 1363
h17.t13.nogoods_size = 9485234
h17.t13.nodes = 18413239
h17.t13.propagations = 18413239
h17.t17.restarts = 1363
h17.t17.nogoods_size = 9485234
h17.t17.nodes = 3755656
h17.t17.propagations = 3755656
h17.t12.restarts = 1363
h17.t12.nogoods_size = 9485234
h17.t12.nodes = 19311985
h17.t12.propagations = 19311985
h17.t3.restarts = 1363
h17.t3.nogoods_size = 9485234
h17.t3.nodes = 19783669
h17.t3.propagations = 19783669
h17.t8.restarts = 1363
h17.t8.nogoods_size = 9485234
h17.t8.nodes = 19484101
h17.t8.propagations = 19484101
h17.t7.restarts = 1363
h17.t7.nogoods_size = 9485234
h17.t7.nodes = 19290335
h17.t7.propagations = 19290335
h17.t11.restarts = 1363
h17.t11.nogoods_size = 9485234
h17.t11.nodes = 18795199
h17.t11.propagations = 18795199
h17.t15.restarts = 1363
h17.t15.nogoods_size = 9485234
h17.t15.nodes = 18180544
h17.t15.propagations = 18180544
h17.t2.restarts = 1363
h17.t2.nogoods_size = 9485234
h17.t2.nodes = 18881653
h17.t2.propagations = 18881653
h17.t9.restarts = 1363
h17.t9.nogoods_size = 9485234
h17.t9.nodes = 19582728
h17.t9.propagations = 19582728
h17.t5.restarts = 1363
h17.t5.nogoods_size = 9485234
h17.t5.nodes = 19975966
h17.t5.propagations = 19975966
h17.t6.restarts = 1363
h17.t6.nogoods_size = 9485234
h17.t6.nodes = 18430486
h17.t6.propagations = 18430486
h17.t14.restarts = 1363
h17.t14.nogoods_size = 9485234
h17.t14.nodes = 18753244
h17.t14.propagations = 18753244
h17.t1.restarts = 1363
h17.t1.nogoods_size = 9485234
h17.t1.nodes = 19284398
h17.t1.propagations = 19284398
h17.t16.restarts = 1363
h17.t16.nogoods_size = 9485234
h17.t16.nodes = 19105294
h17.t16.propagations = 19105294
h17.t10.restarts = 1363
h17.t10.nogoods_size = 9485234
h17.t10.nodes = 17525984
h17.t10.propagations = 17525984
h17.t0.restarts = 1363
h17.t0.nogoods_size = 9485234
h17.t0.nodes = 1289125
h17.t0.propagations = 1289125
h17.t4.restarts = 1363
h17.t4.nogoods_size = 9485234
h17.t4.nodes = 18263406
h17.t4.propagations = 18263406
h17.search_time = 1000141
h17.nodes = 308107012
h17.propagations = 879460676
h18.t5.restarts = 1363
h18.t5.nogoods_size = 9487329
h18.t5.nodes = 19788942
h18.t5.propagations = 19788942
h18.t14.restarts = 1363
h18.t14.nogoods_size = 9487329
h18.t14.nodes = 19778091
h18.t14.propagations = 19778091
h18.t1.restarts = 1363
h18.t1.nogoods_size = 9487329
h18.t1.nodes = 20198403
h18.t1.propagations = 20198403
h18.t9.restarts = 1363
h18.t9.nogoods_size = 9487329
h18.t9.nodes = 19791122
h18.t9.propagations = 19791122
h18.t15.restarts = 1363
h18.t15.nogoods_size = 9487329
h18.t15.nodes = 17945502
h18.t15.propagations = 17945502
h18.t6.restarts = 1363
h18.t6.nogoods_size = 9487329
h18.t6.nodes = 19364024
h18.t6.propagations = 19364024
h18.t8.restarts = 1363
h18.t8.nogoods_size = 9487329
h18.t8.nodes = 20074016
h18.t8.propagations = 20074016
h18.t4.restarts = 1363
h18.t4.nogoods_size = 9487329
h18.t4.nodes = 18263513
h18.t4.propagations = 18263513
h18.t7.restarts = 1363
h18.t7.nogoods_size = 9487329
h18.t7.nodes = 18930945
h18.t7.propagations = 18930945
h18.t17.restarts = 1363
h18.t17.nogoods_size = 9487329
h18.t17.nodes = 3867950
h18.t17.propagations = 3867950
h18.t13.restarts = 1363
h18.t13.nogoods_size = 9487329
h18.t13.nodes = 18851102
h18.t13.propagations = 18851102
h18.t3.restarts = 1363
h18.t3.nogoods_size = 9487329
h18.t3.nodes = 18564055
h18.t3.propagations = 18564055
h18.t10.restarts = 1363
h18.t10.nogoods_size = 9487329
h18.t10.nodes = 18824396
h18.t10.propagations = 18824396
h18.t12.restarts = 1363
h18.t12.nogoods_size = 9487329
h18.t12.nodes = 19316223
h18.t12.propagations = 19316223
h18.t16.restarts = 1363
h18.t16.nogoods_size = 9487329
h18.t16.nodes = 18811247
h18.t16.propagations = 18811247
h18.t11.restarts = 1363
h18.t11.nogoods_size = 9487329
h18.t11.nodes = 19115463
h18.t11.propagations = 19115463
h18.t2.restarts = 1363
h18.t2.nogoods_size = 9487329
h18.t2.nodes = 17870395
h18.t2.propagations = 17870395
h18.t0.restarts = 1363
h18.t0.nogoods_size = 9487329
h18.t0.nodes = 1337186
h18.t0.propagations = 1337186
h18.search_time = 1000144
h18.nodes = 310692575
h18.propagations = 887273359
h19.t2.restarts = 1363
h19.t2.nogoods_size = 9484820
h19.t2.nodes = 18985530
h19.t2.propagations = 18985530
h19.t5.restarts = 1363
h19.t5.nogoods_size = 9484820
h19.t5.nodes = 18843651
h19.t5.propagations = 18843651
h19.t9.restarts = 1363
h19.t9.nogoods_size = 9484820
h19.t9.nodes = 18444416
h19.t9.propagations = 18444416
h19.t1.restarts = 1363
h19.t1.nogoods_size = 9484820
h19.t1.nodes = 19148356
h19.t1.propagations = 19148356
h19.t7.restarts = 1363
h19.t7.nogoods_size = 9484820
h19.t7.nodes = 19498745
h19.t7.propagations = 19498745
h19.t13.restarts = 1363
h19.t13.nogoods_size = 9484820
h19.t13.nodes = 18904112
h19.t13.propagations = 18904112
h19.t11.restarts = 1363
h19.t11.nogoods_size = 9484820
h19.t11.nodes = 18632835
h19.t11.propagations = 18632835
h19.t3.restarts = 1363
h19.t3.nogoods_size = 9484820
h19.t3.nodes = 19242235
h19.t3.propagations = 19242235
h19.t14.restarts = 1363
h19.t14.nogoods_size = 9484820
h19.t14.nodes = 18229240
h19.t14.propagations = 18229240
h19.t4.restarts = 1363
h19.t4.nogoods_size = 9484820
h19.t4.nodes = 18888333
h19.t4.propagations = 18888333
h19.t10.restarts = 1363
h19.t10.nogoods_size = 9484820
h19.t10.nodes = 18829899
h19.t10.propagations = 18829899
h19.t12.restarts = 1363
h19.t12.nogoods_size = 9484820
h19.t12.nodes = 18894528
h19.t12.propagations = 18894528
h19.t8.restarts = 1363
h19.t8.nogoods_size = 9484820
h19.t8.nodes = 18813432
h19.t8.propagations = 18813432
h19.t17.restarts = 1363
h19.t17.nogoods_size = 9484820
h19.t17.nodes = 3694024
h19.t17.propagations = 3694024
h19.t6.restarts = 1363
h19.t6.nogoods_size = 9484820
h19.t6.nodes = 18805674
h19.t6.propagations = 18805674
h19.t16.restarts = 1363
h19.t16.nogoods_size = 9484820
h19.t16.nodes = 17708128
h19.t16.propagations = 17708128
h19.t15.restarts = 1363
h19.t15.nogoods_size = 9484820
h19.t15.nodes = 18606106
h19.t15.propagations = 18606106
h19.t0.restarts = 1363
h19.t0.nogoods_size = 9484820
h19.t0.nodes = 1315242
h19.t0.propagations = 1315242
h19.search_time = 1000142
h19.nodes = 305484486
h19.propagations = 872161601
h20.t8.stop_reason = aborted
h20.t8.restarts = 1363
h20.t8.nogoods_size = 9484814
h20.t8.nodes = 18532165
h20.t8.propagations = 18532165
h20.t2.stop_reason = aborted
h20.t2.restarts = 1363
h20.t2.nogoods_size = 9484814
h20.t2.nodes = 19529917
h20.t2.propagations = 19529917
h20.t13.stop_reason = aborted
h20.t13.restarts = 1363
h20.t13.nogoods_size = 9484814
h20.t13.nodes = 18709451
h20.t13.propagations = 18709451
h20.t4.stop_reason = aborted
h20.t4.restarts = 1363
h20.t4.nogoods_size = 9484814
h20.t4.nodes = 18166320
h20.t4.propagations = 18166320
h20.t14.stop_reason = aborted
h20.t14.restarts = 1363
h20.t14.nogoods_size = 9484814
h20.t14.nodes = 18853650
h20.t14.propagations = 18853650
h20.t6.stop_reason = aborted
h20.t6.restarts = 1363
h20.t6.nogoods_size = 9484814
h20.t6.nodes = 18269243
h20.t6.propagations = 18269243
h20.t15.stop_reason = aborted
h20.t15.restarts = 1363
h20.t15.nogoods_size = 9484814
h20.t15.nodes = 18691456
h20.t15.propagations = 18691456
h20.t16.stop_reason = aborted
h20.t16.restarts = 1363
h20.t16.nogoods_size = 9484814
h20.t16.nodes = 18838462
h20.t16.propagations = 18838462
h20.t9.stop_reason = aborted
h20.t9.restarts = 1363
h20.t9.nogoods_size = 9484814
h20.t9.nodes = 16916586
h20.t9.propagations = 16916586
h20.t10.stop_reason = aborted
h20.t10.restarts = 1363
h20.t10.nogoods_size = 9484814
h20.t10.nodes = 18557603
h20.t10.propagations = 18557603
h20.t17.stop_reason = aborted
h20.t17.restarts = 1363
h20.t17.nogoods_size = 9484814
h20.t17.nodes = 3534264
h20.t17.propagations = 3534264
h20.t7.stop_reason = aborted
h20.t7.restarts = 1363
h20.t7.nogoods_size = 9484814
h20.t7.nodes = 17631047
h20.t7.propagations = 17631047
h20.t5.stop_reason = aborted
h20.t5.restarts = 1363
h20.t5.nogoods_size = 9484814
h20.t5.nodes = 19075702
h20.t5.propagations = 19075702
h20.t3.stop_reason = aborted
h20.t3.restarts = 1363
h20.t3.nogoods_size = 9484814
h20.t3.nodes = 18428941
h20.t3.propagations = 18428941
h20.t11.stop_reason = aborted
h20.t11.restarts = 1363
h20.t11.nogoods_size = 9484814
h20.t11.nodes = 18649228
h20.t11.propagations = 18649228
h20.t0.stop_reason = aborted
h20.t0.restarts = 1363
h20.t0.nogoods_size = 9484814
h20.t0.nodes = 1313001
h20.t0.propagations = 1313001
h20.t12.stop_reason = aborted
h20.t12.restarts = 1363
h20.t12.nogoods_size = 9484814
h20.t12.nodes = 18165323
h20.t12.propagations = 18165323
h20.t1.stop_reason = aborted
h20.t1.restarts = 1363
h20.t1.nogoods_size = 9484814
h20.t1.nodes = 19089087
h20.t1.propagations = 19089087
h20.search_time = 1000141
h20.nodes = 300951446
h20.propagations = 860086268
h21.t14.restarts = 1363
h21.t14.nogoods_size = 9484108
h21.t14.nodes = 18140114
h21.t14.propagations = 18140114
h21.t4.restarts = 1363
h21.t4.nogoods_size = 9484108
h21.t4.nodes = 19357001
h21.t4.propagations = 19357001
h21.t12.restarts = 1363
h21.t12.nogoods_size = 9484108
h21.t12.nodes = 17531430
h21.t12.propagations = 17531430
h21.t10.restarts = 1363
h21.t10.nogoods_size = 9484108
h21.t10.nodes = 17306558
h21.t10.propagations = 17306558
h21.t3.restarts = 1363
h21.t3.nogoods_size = 9484108
h21.t3.nodes = 18415538
h21.t3.propagations = 18415538
h21.t7.restarts = 1363
h21.t7.nogoods_size = 9484108
h21.t7.nodes = 19647711
h21.t7.propagations = 19647711
h21.t16.restarts = 1363
h21.t16.nogoods_size = 9484108
h21.t16.nodes = 18275752
h21.t16.propagations = 18275752
h21.t13.restarts = 1363
h21.t13.nogoods_size = 9484108
h21.t13.nodes = 19030461
h21.t13.propagations = 19030461
h21.t17.restarts = 1363
h21.t17.nogoods_size = 9484108
h21.t17.nodes = 3693745
h21.t17.propagations = 3693745
h21.t8.restarts = 1363
h21.t8.nogoods_size = 9484108
h21.t8.nodes = 18313009
h21.t8.propagations = 18313009
h21.t2.restarts = 1363
h21.t2.nogoods_size = 9484108
h21.t2.nodes = 19115102
h21.t2.propagations = 19115102
h21.t9.restarts = 1363
h21.t9.nogoods_size = 9484108
h21.t9.nodes = 19268562
h21.t9.propagations = 19268562
h21.t15.restarts = 1363
h21.t15.nogoods_size = 9484108
h21.t15.nodes = 17882275
h21.t15.propagations = 17882275
h21.t0.restarts = 1363
h21.t0.nogoods_size = 9484108
h21.t0.nodes = 1342874
h21.t0.propagations = 1342874
h21.t5.stop_reason = aborted
h21.t5.restarts = 1363
h21.t5.nogoods_size = 9484108
h21.t5.nodes = 17480409
h21.t5.propagations = 17480409
h21.t11.restarts = 1363
h21.t11.nogoods_size = 9484108
h21.t11.nodes = 18062112
h21.t11.propagations = 18062112
h21.t1.restarts = 1363
h21.t1.nogoods_size = 9484108
h21.t1.nodes = 17849647
h21.t1.propagations = 17849647
h21.t6.restarts = 1363
h21.t6.nogoods_size = 9484108
h21.t6.nodes = 18090761
h21.t6.propagations = 18090761
h21.search_time = 1000142
h21.nodes = 298803061
h21.propagations = 854357728
h22.t14.restarts = 1363
h22.t14.nogoods_size = 9489694
h22.t14.nodes = 20668245
h22.t14.propagations = 20668245
h22.t11.restarts = 1363
h22.t11.nogoods_size = 9489694
h22.t11.nodes = 19636271
h22.t11.propagations = 19636271
h22.t4.restarts = 1363
h22.t4.nogoods_size = 9489694
h22.t4.nodes = 20131346
h22.t4.propagations = 20131346
h22.t6.restarts = 1363
h22.t6.nogoods_size = 9489694
h22.t6.nodes = 20931334
h22.t6.propagations = 20931334
h22.t12.restarts = 1363
h22.t12.nogoods_size = 9489694
h22.t12.nodes = 20513304
h22.t12.propagations = 20513304
h22.t16.restarts = 1363
h22.t16.nogoods_size = 9489694
h22.t16.nodes = 19159643
h22.t16.propagations = 19159643
h22.t13.restarts = 1363
h22.t13.nogoods_size = 9489694
h22.t13.nodes = 19943572
h22.t13.propagations = 19943572
h22.t10.restarts = 1363
h22.t10.nogoods_size = 9489694
h22.t10.nodes = 18952141
h22.t10.propagations = 18952141
h22.t7.restarts = 1363
h22.t7.nogoods_size = 9489694
h22.t7.nodes = 20540883
h22.t7.propagations = 20540883
h22.t1.restarts = 1363
h22.t1.nogoods_size = 9489694
h22.t1.nodes = 19642921
h22.t1.propagations = 19642921
h22.t15.restarts = 1363
h22.t15.nogoods_size = 9489694
h22.t15.nodes = 19734410
h22.t15.propagations = 19734410
h22.t9.restarts = 1363
h22.t9.nogoods_size = 9489694
h22.t9.nodes = 19491928
h22.t9.propagations = 19491928
h22.t8.restarts = 1363
h22.t8.nogoods_size = 9489694
h22.t8.nodes = 19835621
h22.t8.propagations = 19835621
h22.t3.restarts = 1363
h22.t3.nogoods_size = 9489694
h22.t3.nodes = 20848355
h22.t3.propagations = 20848355
h22.t17.restarts = 1363
h22.t17.nogoods_size = 9489694
h22.t17.nodes = 3562924
h22.t17.propagations = 3562924
h22.t2.restarts = 1363
h22.t2.nogoods_size = 9489694
h22.t2.nodes = 21031273
h22.t2.propagations = 21031273
h22.t5.restarts = 1363
h22.t5.nogoods_size = 9489694
h22.t5.nodes = 21078001
h22.t5.propagations = 21078001
h22.t0.restarts = 1363
h22.t0.nogoods_size = 9489694
h22.t0.nodes = 1304516
h22.t0.propagations = 1304516
h22.search_time = 1000163
h22.nodes = 327006688
h22.propagations = 933191210
h23.t10.restarts = 1363
h23.t10.nogoods_size = 9488826
h23.t10.nodes = 19222440
h23.t10.propagations = 19222440
h23.t4.restarts = 1363
h23.t4.nogoods_size = 9488826
h23.t4.nodes = 20061890
h23.t4.propagations = 20061890
h23.t1.restarts = 1363
h23.t1.nogoods_size = 9488826
h23.t1.nodes = 20091302
h23.t1.propagations = 20091302
h23.t2.restarts = 1363
h23.t2.nogoods_size = 9488826
h23.t2.nodes = 20348368
h23.t2.propagations = 20348368
h23.t13.restarts = 1363
h23.t13.nogoods_size = 9488826
h23.t13.nodes = 20697201
h23.t13.propagations = 20697201
h23.t8.restarts = 1363
h23.t8.nogoods_size = 9488826
h23.t8.nodes = 20176738
h23.t8.propagations = 20176738
h23.t14.restarts = 1363
h23.t14.nogoods_size = 9488826
h23.t14.nodes = 19740289
h23.t14.propagations = 19740289
h23.t17.restarts = 1363
h23.t17.nogoods_size = 9488826
h23.t17.nodes = 3750822
h23.t17.propagations = 3750822
h23.t11.restarts = 1363
h23.t11.nogoods_size = 9488826
h23.t11.nodes = 19242691
h23.t11.propagations = 19242691
h23.t15.restarts = 1363
h23.t15.nogoods_size = 9488826
h23.t15.nodes = 19764688
h23.t15.propagations = 19764688
h23.t3.restarts = 1363
h23.t3.nogoods_size = 9488826
h23.t3.nodes = 19656399
h23.t3.propagations = 19656399
h23.t6.restarts = 1363
h23.t6.nogoods_size = 9488826
h23.t6.nodes = 20868410
h23.t6.propagations = 20868410
h23.t9.restarts = 1363
h23.t9.nogoods_size = 9488826
h23.t9.nodes = 21681728
h23.t9.propagations = 21681728
h23.t12.restarts = 1363
h23.t12.nogoods_size = 9488826
h23.t12.nodes = 19885371
h23.t12.propagations = 19885371
h23.t5.restarts = 1363
h23.t5.nogoods_size = 9488826
h23.t5.nodes = 20393107
h23.t5.propagations = 20393107
h23.t16.restarts = 1363
h23.t16.nogoods_size = 9488826
h23.t16.nodes = 19685030
h23.t16.propagations = 19685030
h23.t7.restarts = 1363
h23.t7.nogoods_size = 9488826
h23.t7.nodes = 21683127
h23.t7.propagations = 21683127
h23.t0.restarts = 1363
h23.t0.nogoods_size = 9488826
h23.t0.nodes = 1292772
h23.t0.propagations = 1292772
h23.search_time = 1000158
h23.nodes = 328242373
h23.propagations = 938054485
h24.t6.restarts = 1363
h24.t6.nogoods_size = 9480193
h24.t6.nodes = 16725574
h24.t6.propagations = 16725574
h24.t1.restarts = 1363
h24.t1.nogoods_size = 9480193
h24.t1.nodes = 17526756
h24.t1.propagations = 17526756
h24.t9.restarts = 1363
h24.t9.nogoods_size = 9480193
h24.t9.nodes = 17294913
h24.t9.propagations = 17294913
h24.t10.restarts = 1363
h24.t10.nogoods_size = 9480193
h24.t10.nodes = 17193951
h24.t10.propagations = 17193951
h24.t17.restarts = 1363
h24.t17.nogoods_size = 9480193
h24.t17.nodes = 3556537
h24.t17.propagations = 3556537
h24.t3.restarts = 1363
h24.t3.nogoods_size = 9480193
h24.t3.nodes = 16402372
h24.t3.propagations = 16402372
h24.t12.restarts = 1363
h24.t12.nogoods_size = 9480193
h24.t12.nodes = 17874002
h24.t12.propagations = 17874002
h24.t5.restarts = 1363
h24.t5.nogoods_size = 9480193
h24.t5.nodes = 17487398
h24.t5.propagations = 17487398
h24.t15.restarts = 1363
h24.t15.nogoods_size = 9480193
h24.t15.nodes = 16416349
h24.t15.propagations = 16416349
h24.t4.restarts = 1363
h24.t4.nogoods_size = 9480193
h24.t4.nodes = 17804686
h24.t4.propagations = 17804686
h24.t11.restarts = 1363
h24.t11.nogoods_size = 9480193
h24.t11.nodes = 15342854
h24.t11.propagations = 15342854
h24.t8.restarts = 1363
h24.t8.nogoods_size = 9480193
h24.t8.nodes = 18166661
h24.t8.propagations = 18166661
h24.t0.restarts = 1363
h24.t0.nogoods_size = 9480193
h24.t0.nodes = 1271597
h24.t0.propagations = 1271597
h24.t13.restarts = 1363
h24.t13.nogoods_size = 9480193
h24.t13.nodes = 18143148
h24.t13.propagations = 18143148
h24.t7.restarts = 1363
h24.t7.nogoods_size = 9480193
h24.t7.nodes = 17783330
h24.t7.propagations = 17783330
h24.t16.restarts = 1363
h24.t16.nogoods_size = 9480193
h24.t16.nodes = 16787109
h24.t16.propagations = 16787109
h24.t14.restarts = 1363
h24.t14.nogoods_size = 9480193
h24.t14.nodes = 17195932
h24.t14.propagations = 17195932
h24.t2.restarts = 1363
h24.t2.nogoods_size = 9480193
h24.t2.nodes = 16790049
h24.t2.propagations = 16790049
h24.search_time = 1000156
h24.nodes = 279763218
h24.propagations = 798419572
h25.t2.stop_reason = aborted
h25.t2.restarts = 1363
h25.t2.nogoods_size = 9482916
h25.t2.nodes = 18941659
h25.t2.propagations = 18941659
h25.t10.stop_reason = aborted
h25.t10.restarts = 1363
h25.t10.nogoods_size = 9482916
h25.t10.nodes = 19504039
h25.t10.propagations = 19504039
h25.t15.stop_reason = aborted
h25.t15.restarts = 1363
h25.t15.nogoods_size = 9482916
h25.t15.nodes = 18317475
h25.t15.propagations = 18317475
h25.t17.stop_reason = aborted
h25.t17.restarts = 1363
h25.t17.nogoods_size = 9482916
h25.t17.nodes = 3698561
h25.t17.propagations = 3698561
h25.t1.stop_reason = aborted
h25.t1.restarts = 1363
h25.t1.nogoods_size = 9482916
h25.t1.nodes = 17750189
h25.t1.propagations = 17750189
h25.t16.stop_reason = aborted
h25.t16.restarts = 1363
h25.t16.nogoods_size = 9482916
h25.t16.nodes = 17463845
h25.t16.propagations = 17463845
h25.t12.stop_reason = aborted
h25.t12.restarts = 1363
h25.t12.nogoods_size = 9482916
h25.t12.nodes = 19049780
h25.t12.propagations = 19049780
h25.t13.stop_reason = aborted
h25.t13.restarts = 1363
h25.t13.nogoods_size = 9482916
h25.t13.nodes = 17548878
h25.t13.propagations = 17548878
h25.t8.stop_reason = aborted
h25.t8.restarts = 1363
h25.t8.nogoods_size = 9482916
h25.t8.nodes = 18792397
h25.t8.propagations = 18792397
h25.t11.stop_reason = aborted
h25.t11.restarts = 1363
h25.t11.nogoods_size = 9482916
h25.t11.nodes = 18788717
h25.t11.propagations = 18788717
h25.t6.stop_reason = aborted
h25.t6.restarts = 1363
h25.t6.nogoods_size = 9482916
h25.t6.nodes = 19806124
h25.t6.propagations = 19806124
h25.t5.stop_reason = aborted
h25.t5.restarts = 1363
h25.t5.nogoods_size = 9482916
h25.t5.nodes = 18026934
h25.t5.propagations = 18026934
h25.t14.stop_reason = aborted
h25.t14.restarts = 1363
h25.t14.nogoods_size = 9482916
h25.t14.nodes = 18872991
h25.t14.propagations = 18872991
h25.t9.stop_reason = aborted
h25.t9.restarts = 1363
h25.t9.nogoods_size = 9482916
h25.t9.nodes = 17761924
h25.t9.propagations = 17761924
h25.t0.stop_reason = aborted
h25.t0.restarts = 1363
h25.t0.nogoods_size = 9482916
h25.t0.nodes = 1206010
h25.t0.propagations = 1206010
h25.t4.stop_reason = aborted
h25.t4.restarts = 1363
h25.t4.nogoods_size = 9482916
h25.t4.nodes = 18863937
h25.t4.propagations = 18863937
h25.t7.stop_reason = aborted
h25.t7.restarts = 1363
h25.t7.nogoods_size = 9482916
h25.t7.nodes = 19264027
h25.t7.propagations = 19264027
h25.t3.stop_reason = aborted
h25.t3.restarts = 1363
h25.t3.nogoods_size = 9482916
h25.t3.nodes = 18450569
h25.t3.propagations = 18450569
h25.search_time = 1000160
h25.nodes = 302108056
h25.propagations = 863783481
h26.t12.restarts = 1363
h26.t12.nogoods_size = 9484879
h26.t12.nodes = 18872992
h26.t12.propagations = 18872992
h26.t3.restarts = 1363
h26.t3.nogoods_size = 9484879
h26.t3.nodes = 19030409
h26.t3.propagations = 19030409
h26.t11.restarts = 1363
h26.t11.nogoods_size = 9484879
h26.t11.nodes = 18876422
h26.t11.propagations = 18876422
h26.t8.restarts = 1363
h26.t8.nogoods_size = 9484879
h26.t8.nodes = 18943036
h26.t8.propagations = 18943036
h26.t13.restarts = 1363
h26.t13.nogoods_size = 9484879
h26.t13.nodes = 19045422
h26.t13.propagations = 19045422
h26.t15.restarts = 1363
h26.t15.nogoods_size = 9484879
h26.t15.nodes = 18554569
h26.t15.propagations = 18554569
h26.t2.restarts = 1363
h26.t2.nogoods_size = 9484879
h26.t2.nodes = 19037222
h26.t2.propagations = 19037222
h26.t14.restarts = 1363
h26.t14.nogoods_size = 9484879
h26.t14.nodes = 19022970
h26.t14.propagations = 19022970
h26.t9.restarts = 1363
h26.t9.nogoods_size = 9484879
h26.t9.nodes = 19566848
h26.t9.propagations = 19566848
h26.t4.restarts = 1363
h26.t4.nogoods_size = 9484879
h26.t4.nodes = 19474958
h26.t4.propagations = 19474958
h26.t17.restarts = 1363
h26.t17.nogoods_size = 9484879
h26.t17.nodes = 3944113
h26.t17.propagations = 3944113
h26.t10.restarts = 1363
h26.t10.nogoods_size = 9484879
h26.t10.nodes = 18259423
h26.t10.propagations = 18259423
h26.t5.stop_reason = aborted
h26.t5.restarts = 1363
h26.t5.nogoods_size = 9484879
h26.t5.nodes = 20222705
h26.t5.propagations = 20222705
h26.t7.restarts = 1363
h26.t7.nogoods_size = 9484879
h26.t7.nodes = 19615073
h26.t7.propagations = 19615073
h26.t1.restarts = 1363
h26.t1.nogoods_size = 9484879
h26.t1.nodes = 18777981
h26.t1.propagations = 18777981
h26.t6.restarts = 1363
h26.t6.nogoods_size = 9484879
h26.t6.nodes = 19285720
h26.t6.propagations = 19285720
h26.t0.restarts = 1363
h26.t0.nogoods_size = 9484879
h26.t0.nodes = 1285708
h26.t0.propagations = 1285708
h26.t16.restarts = 1363
h26.t16.nogoods_size = 9484879
h26.t16.nodes = 19124960
h26.t16.propagations = 19124960
h26.search_time = 1000164
h26.nodes = 310940531
h26.propagations = 888633595
h27.t2.restarts = 1363
h27.t2.nogoods_size = 9485677
h27.t2.nodes = 18921807
h27.t2.propagations = 18921807
h27.t12.restarts = 1363
h27.t12.nogoods_size = 9485677
h27.t12.nodes = 19110939
h27.t12.propagations = 19110939
h27.t3.restarts = 1363
h27.t3.nogoods_size = 9485677
h27.t3.nodes = 19110852
h27.t3.propagations = 19110852
h27.t11.restarts = 1363
h27.t11.nogoods_size = 9485677
h27.t11.nodes = 18234099
h27.t11.propagations = 18234099
h27.t10.restarts = 1363
h27.t10.nogoods_size = 9485677
h27.t10.nodes = 18641667
h27.t10.propagations = 18641667
h27.t9.restarts = 1363
h27.t9.nogoods_size = 9485677
h27.t9.nodes = 18175831
h27.t9.propagations = 18175831
h27.t4.restarts = 1363
h27.t4.nogoods_size = 9485677
h27.t4.nodes = 17639395
h27.t4.propagations = 17639395
h27.t1.restarts = 1363
h27.t1.nogoods_size = 9485677
h27.t1.nodes = 18288425
h27.t1.propagations = 18288425
h27.t7.restarts = 1363
h27.t7.nogoods_size = 9485677
h27.t7.nodes = 18665009
h27.t7.propagations = 18665009
h27.t8.restarts = 1363
h27.t8.nogoods_size = 9485677
h27.t8.nodes = 19363617
h27.t8.propagations = 19363617
h27.t16.restarts = 1363
h27.t16.nogoods_size = 9485677
h27.t16.nodes = 18523662
h27.t16.propagations = 18523662
h27.t13.restarts = 1363
h27.t13.nogoods_size = 9485677
h27.t13.nodes = 19193344
h27.t13.propagations = 19193344
h27.t6.restarts = 1363
h27.t6.nogoods_size = 9485677
h27.t6.nodes = 18802226
h27.t6.propagations = 18802226
h27.t5.restarts = 1363
h27.t5.nogoods_size = 9485677
h27.t5.nodes = 19116934
h27.t5.propagations = 19116934
h27.t14.restarts = 1363
h27.t14.nogoods_size = 9485677
h27.t14.nodes = 19007017
h27.t14.propagations = 19007017
h27.t15.restarts = 1363
h27.t15.nogoods_size = 9485677
h27.t15.nodes = 17734786
h27.t15.propagations = 17734786
h27.t17.restarts = 1363
h27.t17.nogoods_size = 9485677
h27.t17.nodes = 3662997
h27.t17.propagations = 3662997
h27.t0.restarts = 1363
h27.t0.nogoods_size = 9485677
h27.t0.nodes = 1361248
h27.t0.propagations = 1361248
h27.search_time = 1000162
h27.nodes = 303553855
h27.propagations = 866645509
h28.t17.stop_reason = aborted
h28.t17.restarts = 1363
h28.t17.nogoods_size = 9490234
h28.t17.nodes = 3587896
h28.t17.propagations = 3587896
h28.t0.stop_reason = aborted
h28.t0.restarts = 1363
h28.t0.nogoods_size = 9490234
h28.t0.nodes = 1273266
h28.t0.propagations = 1273266
h28.t2.stop_reason = aborted
h28.t2.restarts = 1363
h28.t2.nogoods_size = 9490234
h28.t2.nodes = 19751341
h28.t2.propagations = 19751341
h28.t4.stop_reason = aborted
h28.t4.restarts = 1363
h28.t4.nogoods_size = 9490234
h28.t4.nodes = 19370865
h28.t4.propagations = 19370865
h28.t14.stop_reason = aborted
h28.t14.restarts = 1363
h28.t14.nogoods_size = 9490234
h28.t14.nodes = 20081787
h28.t14.propagations = 20081787
h28.t13.stop_reason = aborted
h28.t13.restarts = 1363
h28.t13.nogoods_size = 9490234
h28.t13.nodes = 19485401
h28.t13.propagations = 19485401
h28.t3.stop_reason = aborted
h28.t3.restarts = 1363
h28.t3.nogoods_size = 9490234
h28.t3.nodes = 20118580
h28.t3.propagations = 20118580
h28.t15.stop_reason = aborted
h28.t15.restarts = 1363
h28.t15.nogoods_size = 9490234
h28.t15.nodes = 19121273
h28.t15.propagations = 19121273
h28.t7.stop_reason = aborted
h28.t7.restarts = 1363
h28.t7.nogoods_size = 9490234
h28.t7.nodes = 19561493
h28.t7.propagations = 19561493
h28.t8.stop_reason = aborted
h28.t8.restarts = 1363
h28.t8.nogoods_size = 9490234
h28.t8.nodes = 19883037
h28.t8.propagations = 19883037
h28.t11.stop_reason = aborted
h28.t11.restarts = 1363
h28.t11.nogoods_size = 9490234
h28.t11.nodes = 19532577
h28.t11.propagations = 19532577
h28.t5.stop_reason = aborted
h28.t5.restarts = 1363
h28.t5.nogoods_size = 9490234
h28.t5.nodes = 19856597
h28.t5.propagations = 19856597
h28.t16.stop_reason = aborted
h28.t16.restarts = 1363
h28.t16.nogoods_size = 9490234
h28.t16.nodes = 18944834
h28.t16.propagations = 18944834
h28.t1.stop_reason = aborted
h28.t1.restarts = 1363
h28.t1.nogoods_size = 9490234
h28.t1.nodes = 20156927
h28.t1.propagations = 20156927
h28.t12.stop_reason = aborted
h28.t12.restarts = 1363
h28.t12.nogoods_size = 9490234
h28.t12.nodes = 19955498
h28.t12.propagations = 19955498
h28.t6.stop_reason = aborted
h28.t6.restarts = 1363
h28.t6.nogoods_size = 9490234
h28.t6.nodes = 21530133
h28.t6.propagations = 21530133
h28.t9.stop_reason = aborted
h28.t9.restarts = 1363
h28.t9.nogoods_size = 9490234
h28.t9.nodes = 20733406
h28.t9.propagations = 20733406
h28.t10.stop_reason = aborted
h28.t10.restarts = 1363
h28.t10.nogoods_size = 9490234
h28.t10.nodes = 19485544
h28.t10.propagations = 19485544
h28.search_time = 1000146
h28.nodes = 322430455
h28.propagations = 921041208
h29.t4.restarts = 1363
h29.t4.nogoods_size = 9489353
h29.t4.nodes = 20816459
h29.t4.propagations = 20816459
h29.t3.restarts = 1363
h29.t3.nogoods_size = 9489353
h29.t3.nodes = 20815881
h29.t3.propagations = 20815881
h29.t14.restarts = 1363
h29.t14.nogoods_size = 9489353
h29.t14.nodes = 20537672
h29.t14.propagations = 20537672
h29.t1.restarts = 1363
h29.t1.nogoods_size = 9489353
h29.t1.nodes = 21489966
h29.t1.propagations = 21489966
h29.t8.restarts = 1363
h29.t8.nogoods_size = 9489353
h29.t8.nodes = 21436670
h29.t8.propagations = 21436670
h29.t10.restarts = 1363
h29.t10.nogoods_size = 9489353
h29.t10.nodes = 20063178
h29.t10.propagations = 20063178
h29.t13.restarts = 1363
h29.t13.nogoods_size = 9489353
h29.t13.nodes = 21019301
h29.t13.propagations = 21019301
h29.t6.restarts = 1363
h29.t6.nogoods_size = 9489353
h29.t6.nodes = 20866147
h29.t6.propagations = 20866147
h29.t12.restarts = 1363
h29.t12.nogoods_size = 9489353
h29.t12.nodes = 20529528
h29.t12.propagations = 20529528
h29.t2.restarts = 1363
h29.t2.nogoods_size = 9489353
h29.t2.nodes = 19794431
h29.t2.propagations = 19794431
h29.t9.restarts = 1363
h29.t9.nogoods_size = 9489353
h29.t9.nodes = 19875477
h29.t9.propagations = 19875477
h29.t0.restarts = 1363
h29.t0.nogoods_size = 9489353
h29.t0.nodes = 1300456
h29.t0.propagations = 1300456
h29.t7.restarts = 1363
h29.t7.nogoods_size = 9489353
h29.t7.nodes = 20441060
h29.t7.propagations = 20441060
h29.t16.restarts = 1363
h29.t16.nogoods_size = 9489353
h29.t16.nodes = 19881617
h29.t16.propagations = 19881617
h29.t15.restarts = 1363
h29.t15.nogoods_size = 9489353
h29.t15.nodes = 20688670
h29.t15.propagations = 20688670
h29.t11.restarts = 1363
h29.t11.nogoods_size = 9489353
h29.t11.nodes = 20319392
h29.t11.propagations = 20319392
h29.t17.restarts = 1363
h29.t17.nogoods_size = 9489353
h29.t17.nodes = 3650355
h29.t17.propagations = 3650355
h29.t5.restarts = 1363
h29.t5.nogoods_size = 9489353
h29.t5.nodes = 20167417
h29.t5.propagations = 20167417
h29.search_time = 1000146
h29.nodes = 333693677
h29.propagations = 953552432
h30.t3.restarts = 1363
h30.t3.nogoods_size = 9484572
h30.t3.nodes = 17345434
h30.t3.propagations = 17345434
h30.t2.restarts = 1363
h30.t2.nogoods_size = 9484572
h30.t2.nodes = 17648443
h30.t2.propagations = 17648443
h30.t14.restarts = 1363
h30.t14.nogoods_size = 9484572
h30.t14.nodes = 19339866
h30.t14.propagations = 19339866
h30.t8.restarts = 1363
h30.t8.nogoods_size = 9484572
h30.t8.nodes = 18828203
h30.t8.propagations = 18828203
h30.t11.restarts = 1363
h30.t11.nogoods_size = 9484572
h30.t11.nodes = 17590661
h30.t11.propagations = 17590661
h30.t7.restarts = 1363
h30.t7.nogoods_size = 9484572
h30.t7.nodes = 18720517
h30.t7.propagations = 18720517
h30.t17.restarts = 1363
h30.t17.nogoods_size = 9484572
h30.t17.nodes = 3607175
h30.t17.propagations = 3607175
h30.t4.restarts = 1363
h30.t4.nogoods_size = 9484572
h30.t4.nodes = 19631006
h30.t4.propagations = 19631006
h30.t1.restarts = 1363
h30.t1.nogoods_size = 9484572
h30.t1.nodes = 19195173
h30.t1.propagations = 19195173
h30.t15.restarts = 1363
h30.t15.nogoods_size = 9484572
h30.t15.nodes = 19040711
h30.t15.propagations = 19040711
h30.t16.restarts = 1363
h30.t16.nogoods_size = 9484572
h30.t16.nodes = 19877246
h30.t16.propagations = 19877246
h30.t6.restarts = 1363
h30.t6.nogoods_size = 9484572
h30.t6.nodes = 18824644
h30.t6.propagations = 18824644
h30.t5.restarts = 1363
h30.t5.nogoods_size = 9484572
h30.t5.nodes = 18395586
h30.t5.propagations = 18395586
h30.t10.restarts = 1363
h30.t10.nogoods_size = 9484572
h30.t10.nodes = 17547008
h30.t10.propagations = 17547008
h30.t12.restarts = 1363
h30.t12.nogoods_size = 9484572
h30.t12.nodes = 17564367
h30.t12.propagations = 17564367
h30.t13.restarts = 1363
h30.t13.nogoods_size = 9484572
h30.t13.nodes = 18490425
h30.t13.propagations = 18490425
h30.t0.restarts = 1363
h30.t0.nogoods_size = 9484572
h30.t0.nodes = 1265397
h30.t0.propagations = 1265397
h30.t9.restarts = 1363
h30.t9.nogoods_size = 9484572
h30.t9.nodes = 19579325
h30.t9.propagations = 19579325
h30.search_time = 1000142
h30.nodes = 302491187
h30.propagations = 864647664
h31.t17.stop_reason = aborted
h31.t17.restarts = 1363
h31.t17.nogoods_size = 9484831
h31.t17.nodes = 3932938
h31.t17.propagations = 3932938
h31.t0.stop_reason = aborted
h31.t0.restarts = 1363
h31.t0.nogoods_size = 9484831
h31.t0.nodes = 1274245
h31.t0.propagations = 1274245
h31.t14.stop_reason = aborted
h31.t14.restarts = 1363
h31.t14.nogoods_size = 9484831
h31.t14.nodes = 19371753
h31.t14.propagations = 19371753
h31.t12.stop_reason = aborted
h31.t12.restarts = 1363
h31.t12.nogoods_size = 9484831
h31.t12.nodes = 20406249
h31.t12.propagations = 20406249
h31.t6.stop_reason = aborted
h31.t6.restarts = 1363
h31.t6.nogoods_size = 9484831
h31.t6.nodes = 18433658
h31.t6.propagations = 18433658
h31.t3.stop_reason = aborted
h31.t3.restarts = 1363
h31.t3.nogoods_size = 9484831
h31.t3.nodes = 18281421
h31.t3.propagations = 18281421
h31.t4.stop_reason = aborted
h31.t4.restarts = 1363
h31.t4.nogoods_size = 9484831
h31.t4.nodes = 20534528
h31.t4.propagations = 20534528
h31.t8.stop_reason = aborted
h31.t8.restarts = 1363
h31.t8.nogoods_size = 9484831
h31.t8.nodes = 19714295
h31.t8.propagations = 19714295
h31.t9.stop_reason = aborted
h31.t9.restarts = 1363
h31.t9.nogoods_size = 9484831
h31.t9.nodes = 18876760
h31.t9.propagations = 18876760
h31.t7.stop_reason = aborted
h31.t7.restarts = 1363
h31.t7.nogoods_size = 9484831
h31.t7.nodes = 19678641
h31.t7.propagations = 19678641
h31.t2.stop_reason = aborted
h31.t2.restarts = 1363
h31.t2.nogoods_size = 9484831
h31.t2.nodes = 19764288
h31.t2.propagations = 19764288
h31.t13.stop_reason = aborted
h31.t13.restarts = 1363
h31.t13.nogoods_size = 9484831
h31.t13.nodes = 19638571
h31.t13.propagations = 19638571
h31.t5.stop_reason = aborted
h31.t5.restarts = 1363
h31.t5.nogoods_size = 9484831
h31.t5.nodes = 19067140
h31.t5.propagations = 19067140
h31.t1.stop_reason = aborted
h31.t1.restarts = 1363
h31.t1.nogoods_size = 9484831
h31.t1.nodes = 19719355
h31.t1.propagations = 19719355
h31.t10.stop_reason = aborted
h31.t10.restarts = 1363
h31.t10.nogoods_size = 9484831
h31.t10.nodes = 18610412
h31.t10.propagations = 18610412
h31.t16.stop_reason = aborted
h31.t16.restarts = 1363
h31.t16.nogoods_size = 9484831
h31.t16.nodes = 18958381
h31.t16.propagations = 18958381
h31.t11.stop_reason = aborted
h31.t11.restarts = 1363
h31.t11.nogoods_size = 9484831
h31.t11.nodes = 17968598
h31.t11.propagations = 17968598
h31.t15.stop_reason = aborted
h31.t15.restarts = 1363
h31.t15.nogoods_size = 9484831
h31.t15.nodes = 18384972
h31.t15.propagations = 18384972
h31.search_time = 1000139
h31.nodes = 312616205
h31.propagations = 894070238
h32.t10.restarts = 1363
h32.t10.nogoods_size = 9490085
h32.t10.nodes = 20514941
h32.t10.propagations = 20514941
h32.t11.restarts = 1363
h32.t11.nogoods_size = 9490085
h32.t11.nodes = 20411886
h32.t11.propagations = 20411886
h32.t4.restarts = 1363
h32.t4.nogoods_size = 9490085
h32.t4.nodes = 19990751
h32.t4.propagations = 19990751
h32.t15.restarts = 1363
h32.t15.nogoods_size = 9490085
h32.t15.nodes = 19076728
h32.t15.propagations = 19076728
h32.t13.restarts = 1363
h32.t13.nogoods_size = 9490085
h32.t13.nodes = 20363119
h32.t13.propagations = 20363119
h32.t3.restarts = 1363
h32.t3.nogoods_size = 9490085
h32.t3.nodes = 19264030
h32.t3.propagations = 19264030
h32.t17.restarts = 1363
h32.t17.nogoods_size = 9490085
h32.t17.nodes = 3847889
h32.t17.propagations = 3847889
h32.t9.restarts = 1363
h32.t9.nogoods_size = 9490085
h32.t9.nodes = 19429328
h32.t9.propagations = 19429328
h32.t2.restarts = 1363
h32.t2.nogoods_size = 9490085
h32.t2.nodes = 19734617
h32.t2.propagations = 19734617
h32.t7.restarts = 1363
h32.t7.nogoods_size = 9490085
h32.t7.nodes = 20173706
h32.t7.propagations = 20173706
h32.t0.restarts = 1363
h32.t0.nogoods_size = 9490085
h32.t0.nodes = 1307388
h32.t0.propagations = 1307388
h32.t8.restarts = 1363
h32.t8.nogoods_size = 9490085
h32.t8.nodes = 20287744
h32.t8.propagations = 20287744
h32.t12.restarts = 1363
h32.t12.nogoods_size = 9490085
h32.t12.nodes = 20436933
h32.t12.propagations = 20436933
h32.t5.restarts = 1363
h32.t5.nogoods_size = 9490085
h32.t5.nodes = 20395304
h32.t5.propagations = 20395304
h32.t1.restarts = 1363
h32.t1.nogoods_size = 9490085
h32.t1.nodes = 19720737
h32.t1.propagations = 19720737
h32.t16.restarts = 1363
h32.t16.nogoods_size = 9490085
h32.t16.nodes = 19306143
h32.t16.propagations = 19306143
h32.t6.restarts = 1363
h32.t6.nogoods_size = 9490085
h32.t6.nodes = 20569823
h32.t6.propagations = 20569823
h32.t14.restarts = 1363
h32.t14.nogoods_size = 9490085
h32.t14.nodes = 20114575
h32.t14.propagations = 20114575
h32.search_time = 1000164
h32.nodes = 324945642
h32.propagations = 928914953
h33.t7.stop_reason = aborted
h33.t7.restarts = 1363
h33.t7.nogoods_size = 9489094
h33.t7.nodes = 19910349
h33.t7.propagations = 19910349
h33.t13.stop_reason = aborted
h33.t13.restarts = 1363
h33.t13.nogoods_size = 9489094
h33.t13.nodes = 20700975
h33.t13.propagations = 20700975
h33.t14.stop_reason = aborted
h33.t14.restarts = 1363
h33.t14.nogoods_size = 9489094
h33.t14.nodes = 18199623
h33.t14.propagations = 18199623
h33.t10.stop_reason = aborted
h33.t10.restarts = 1363
h33.t10.nogoods_size = 9489094
h33.t10.nodes = 19197037
h33.t10.propagations = 19197037
h33.t17.stop_reason = aborted
h33.t17.restarts = 1363
h33.t17.nogoods_size = 9489094
h33.t17.nodes = 3589955
h33.t17.propagations = 3589955
h33.t2.stop_reason = aborted
h33.t2.restarts = 1363
h33.t2.nogoods_size = 9489094
h33.t2.nodes = 20193383
h33.t2.propagations = 20193383
h33.t15.stop_reason = aborted
h33.t15.restarts = 1363
h33.t15.nogoods_size = 9489094
h33.t15.nodes = 19065914
h33.t15.propagations = 19065914
h33.t12.stop_reason = aborted
h33.t12.restarts = 1363
h33.t12.nogoods_size = 9489094
h33.t12.nodes = 20009715
h33.t12.propagations = 20009715
h33.t8.stop_reason = aborted
h33.t8.restarts = 1363
h33.t8.nogoods_size = 9489094
h33.t8.nodes = 18442760
h33.t8.propagations = 18442760
h33.t11.stop_reason = aborted
h33.t11.restarts = 1363
h33.t11.nogoods_size = 9489094
h33.t11.nodes = 20521834
h33.t11.propagations = 20521834
h33.t3.stop_reason = aborted
h33.t3.restarts = 1363
h33.t3.nogoods_size = 9489094
h33.t3.nodes = 20361887
h33.t3.propagations = 20361887
h33.t5.stop_reason = aborted
h33.t5.restarts = 1363
h33.t5.nogoods_size = 9489094
h33.t5.nodes = 21367736
h33.t5.propagations = 21367736
h33.t0.stop_reason = aborted
h33.t0.restarts = 1363
h33.t0.nogoods_size = 9489094
h33.t0.nodes = 1306859
h33.t0.propagations = 1306859
h33.t9.stop_reason = aborted
h33.t9.restarts = 1363
h33.t9.nogoods_size = 9489094
h33.t9.nodes = 20989618
h33.t9.propagations = 20989618
h33.t4.stop_reason = aborted
h33.t4.restarts = 1363
h33.t4.nogoods_size = 9489094
h33.t4.nodes = 19453686
h33.t4.propagations = 19453686
h33.t6.stop_reason = aborted
h33.t6.restarts = 1363
h33.t6.nogoods_size = 9489094
h33.t6.nodes = 19883192
h33.t6.propagations = 19883192
h33.t16.stop_reason = aborted
h33.t16.restarts = 1363
h33.t16.nogoods_size = 9489094
h33.t16.nodes = 19851407
h33.t16.propagations = 19851407
h33.t1.stop_reason = aborted
h33.t1.restarts = 1363
h33.t1.nogoods_size = 9489094
h33.t1.nodes = 21280337
h33.t1.propagations = 21280337
h33.search_time = 1000164
h33.nodes = 324326267
h33.propagations = 927113727
h34.t5.restarts = 1363
h34.t5.nogoods_size = 9487505
h34.t5.nodes = 19645448
h34.t5.propagations = 19645448
h34.t2.restarts = 1363
h34.t2.nogoods_size = 9487505
h34.t2.nodes = 19793270
h34.t2.propagations = 19793270
h34.t4.restarts = 1363
h34.t4.nogoods_size = 9487505
h34.t4.nodes = 19562370
h34.t4.propagations = 19562370
h34.t12.restarts = 1363
h34.t12.nogoods_size = 9487505
h34.t12.nodes = 19551110
h34.t12.propagations = 19551110
h34.t11.restarts = 1363
h34.t11.nogoods_size = 9487505
h34.t11.nodes = 19176015
h34.t11.propagations = 19176015
h34.t7.restarts = 1363
h34.t7.nogoods_size = 9487505
h34.t7.nodes = 20360602
h34.t7.propagations = 20360602
h34.t3.restarts = 1363
h34.t3.nogoods_size = 9487505
h34.t3.nodes = 18468535
h34.t3.propagations = 18468535
h34.t16.restarts = 1363
h34.t16.nogoods_size = 9487505
h34.t16.nodes = 18939053
h34.t16.propagations = 18939053
h34.t6.restarts = 1363
h34.t6.nogoods_size = 9487505
h34.t6.nodes = 21399516
h34.t6.propagations = 21399516
h34.t8.restarts = 1363
h34.t8.nogoods_size = 9487505
h34.t8.nodes = 19448881
h34.t8.propagations = 19448881
h34.t9.restarts = 1363
h34.t9.nogoods_size = 9487505
h34.t9.nodes = 19245696
h34.t9.propagations = 19245696
h34.t17.restarts = 1363
h34.t17.nogoods_size = 9487505
h34.t17.nodes = 3673223
h34.t17.propagations = 3673223
h34.t13.restarts = 1363
h34.t13.nogoods_size = 9487505
h34.t13.nodes = 20479703
h34.t13.propagations = 20479703
h34.t1.restarts = 1363
h34.t1.nogoods_size = 9487505
h34.t1.nodes = 19786602
h34.t1.propagations = 19786602
h34.t14.restarts = 1363
h34.t14.nogoods_size = 9487505
h34.t14.nodes = 20028095
h34.t14.propagations = 20028095
h34.t15.restarts = 1363
h34.t15.nogoods_size = 9487505
h34.t15.nodes = 18613183
h34.t15.propagations = 18613183
h34.t10.restarts = 1363
h34.t10.nogoods_size = 9487505
h34.t10.nodes = 17985053
h34.t10.propagations = 17985053
h34.t0.restarts = 1363
h34.t0.nogoods_size = 9487505
h34.t0.nodes = 1212848
h34.t0.propagations = 1212848
h34.search_time = 1000165
h34.nodes = 317369203
h34.propagations = 906989263
h35.t13.restarts = 1363
h35.t13.nogoods_size = 9488857
h35.t13.nodes = 21324785
h35.t13.propagations = 21324785
h35.t2.restarts = 1363
h35.t2.nogoods_size = 9488857
h35.t2.nodes = 20923523
h35.t2.propagations = 20923523
h35.t5.restarts = 1363
h35.t5.nogoods_size = 9488857
h35.t5.nodes = 20886112
h35.t5.propagations = 20886112
h35.t15.restarts = 1363
h35.t15.nogoods_size = 9488857
h35.t15.nodes = 20075340
h35.t15.propagations = 20075340
h35.t17.restarts = 1363
h35.t17.nogoods_size = 9488857
h35.t17.nodes = 3648885
h35.t17.propagations = 3648885
h35.t3.restarts = 1363
h35.t3.nogoods_size = 9488857
h35.t3.nodes = 19335366
h35.t3.propagations = 19335366
h35.t0.restarts = 1363
h35.t0.nogoods_size = 9488857
h35.t0.nodes = 1308589
h35.t0.propagations = 1308589
h35.t10.restarts = 1363
h35.t10.nogoods_size = 9488857
h35.t10.nodes = 20636684
h35.t10.propagations = 20636684
h35.t4.restarts = 1363
h35.t4.nogoods_size = 9488857
h35.t4.nodes = 19874113
h35.t4.propagations = 19874113
h35.t9.restarts = 1363
h35.t9.nogoods_size = 9488857
h35.t9.nodes = 20124928
h35.t9.propagations = 20124928
h35.t12.restarts = 1363
h35.t12.nogoods_size = 9488857
h35.t12.nodes = 20502766
h35.t12.propagations = 20502766
h35.t11.restarts = 1363
h35.t11.nogoods_size = 9488857
h35.t11.nodes = 20776323
h35.t11.propagations = 20776323
h35.t8.restarts = 1363
h35.t8.nogoods_size = 9488857
h35.t8.nodes = 21413742
h35.t8.propagations = 21413742
h35.t16.restarts = 1363
h35.t16.nogoods_size = 9488857
h35.t16.nodes = 20716161
h35.t16.propagations = 20716161
h35.t6.restarts = 1363
h35.t6.nogoods_size = 9488857
h35.t6.nodes = 21814508
h35.t6.propagations = 21814508
h35.t1.restarts = 1363
h35.t1.nogoods_size = 9488857
h35.t1.nodes = 20996496
h35.t1.propagations = 20996496
h35.t7.restarts = 1363
h35.t7.nogoods_size = 9488857
h35.t7.nodes = 20634218
h35.t7.propagations = 20634218
h35.t14.restarts = 1363
h35.t14.nogoods_size = 9488857
h35.t14.nodes = 21214392
h35.t14.propagations = 21214392
h35.search_time = 1000165
h35.nodes = 336206931
h35.propagations = 961612619
h36.t12.restarts = 1363
h36.t12.nogoods_size = 9488701
h36.t12.nodes = 19981518
h36.t12.propagations = 19981518
h36.t3.restarts = 1363
h36.t3.nogoods_size = 9488701
h36.t3.nodes = 20567403
h36.t3.propagations = 20567403
h36.t2.restarts = 1363
h36.t2.nogoods_size = 9488701
h36.t2.nodes = 21309639
h36.t2.propagations = 21309639
h36.t15.restarts = 1363
h36.t15.nogoods_size = 9488701
h36.t15.nodes = 19785328
h36.t15.propagations = 19785328
h36.t9.restarts = 1363
h36.t9.nogoods_size = 9488701
h36.t9.nodes = 20322965
h36.t9.propagations = 20322965
h36.t16.restarts = 1363
h36.t16.nogoods_size = 9488701
h36.t16.nodes = 18275158
h36.t16.propagations = 18275158
h36.t4.restarts = 1363
h36.t4.nogoods_size = 9488701
h36.t4.nodes = 19629813
h36.t4.propagations = 19629813
h36.t5.restarts = 1363
h36.t5.nogoods_size = 9488701
h36.t5.nodes = 19536656
h36.t5.propagations = 19536656
h36.t8.restarts = 1363
h36.t8.nogoods_size = 9488701
h36.t8.nodes = 20784231
h36.t8.propagations = 20784231
h36.t17.restarts = 1363
h36.t17.nogoods_size = 9488701
h36.t17.nodes = 3819863
h36.t17.propagations = 3819863
h36.t1.restarts = 1363
h36.t1.nogoods_size = 9488701
h36.t1.nodes = 20306246
h36.t1.propagations = 20306246
h36.t7.restarts = 1363
h36.t7.nogoods_size = 9488701
h36.t7.nodes = 20065357
h36.t7.propagations = 20065357
h36.t10.restarts = 1363
h36.t10.nogoods_size = 9488701
h36.t10.nodes = 19029517
h36.t10.propagations = 19029517
h36.t6.restarts = 1363
h36.t6.nogoods_size = 9488701
h36.t6.nodes = 20485282
h36.t6.propagations = 20485282
h36.t11.restarts = 1363
h36.t11.nogoods_size = 9488701
h36.t11.nodes = 19433869
h36.t11.propagations = 19433869
h36.t14.restarts = 1363
h36.t14.nogoods_size = 9488701
h36.t14.nodes = 20976768
h36.t14.propagations = 20976768
h36.t13.restarts = 1363
h36.t13.nogoods_size = 9488701
h36.t13.nodes = 21000047
h36.t13.propagations = 21000047
h36.t0.restarts = 1363
h36.t0.nogoods_size = 9488701
h36.t0.nodes = 1248622
h36.t0.propagations = 1248622
h36.search_time = 1000148
h36.nodes = 326558282
h36.propagations = 932821770
h37.t14.stop_reason = aborted
h37.t14.restarts = 1363
h37.t14.nogoods_size = 9487753
h37.t14.nodes = 19615148
h37.t14.propagations = 19615148
h37.t16.stop_reason = aborted
h37.t16.restarts = 1363
h37.t16.nogoods_size = 9487753
h37.t16.nodes = 18413940
h37.t16.propagations = 18413940
h37.t5.stop_reason = aborted
h37.t5.restarts = 1363
h37.t5.nogoods_size = 9487753
h37.t5.nodes = 20497069
h37.t5.propagations = 20497069
h37.t10.stop_reason = aborted
h37.t10.restarts = 1363
h37.t10.nogoods_size = 9487753
h37.t10.nodes = 18968739
h37.t10.propagations = 18968739
h37.t7.stop_reason = aborted
h37.t7.restarts = 1363
h37.t7.nogoods_size = 9487753
h37.t7.nodes = 20428095
h37.t7.propagations = 20428095
h37.t3.stop_reason = aborted
h37.t3.restarts = 1363
h37.t3.nogoods_size = 9487753
h37.t3.nodes = 20373945
h37.t3.propagations = 20373945
h37.t9.stop_reason = aborted
h37.t9.restarts = 1363
h37.t9.nogoods_size = 9487753
h37.t9.nodes = 20019788
h37.t9.propagations = 20019788
h37.t2.stop_reason = aborted
h37.t2.restarts = 1363
h37.t2.nogoods_size = 9487753
h37.t2.nodes = 19297344
h37.t2.propagations = 19297344
h37.t12.stop_reason = aborted
h37.t12.restarts = 1363
h37.t12.nogoods_size = 9487753
h37.t12.nodes = 19878046
h37.t12.propagations = 19878046
h37.t11.stop_reason = aborted
h37.t11.restarts = 1363
h37.t11.nogoods_size = 9487753
h37.t11.nodes = 19482697
h37.t11.propagations = 19482697
h37.t1.stop_reason = aborted
h37.t1.restarts = 1363
h37.t1.nogoods_size = 9487753
h37.t1.nodes = 18496566
h37.t1.propagations = 18496566
h37.t17.stop_reason = aborted
h37.t17.restarts = 1363
h37.t17.nogoods_size = 9487753
h37.t17.nodes = 3534755
h37.t17.propagations = 3534755
h37.t13.stop_reason = aborted
h37.t13.restarts = 1363
h37.t13.nogoods_size = 9487753
h37.t13.nodes = 19329679
h37.t13.propagations = 19329679
h37.t8.stop_reason = aborted
h37.t8.restarts = 1363
h37.t8.nogoods_size = 9487753
h37.t8.nodes = 19448545
h37.t8.propagations = 19448545
h37.t15.stop_reason = aborted
h37.t15.restarts = 1363
h37.t15.nogoods_size = 9487753
h37.t15.nodes = 18648281
h37.t15.propagations = 18648281
h37.t4.stop_reason = aborted
h37.t4.restarts = 1363
h37.t4.nogoods_size = 9487753
h37.t4.nodes = 19818681
h37.t4.propagations = 19818681
h37.t0.stop_reason = aborted
h37.t0.restarts = 1363
h37.t0.nogoods_size = 9487753
h37.t0.nodes = 1223195
h37.t0.propagations = 1223195
h37.t6.stop_reason = aborted
h37.t6.restarts = 1363
h37.t6.nogoods_size = 9487753
h37.t6.nodes = 21108637
h37.t6.propagations = 21108637
h37.search_time = 1000148
h37.nodes = 318583150
h37.propagations = 911567675
h38.t12.restarts = 1363
h38.t12.nogoods_size = 9489258
h38.t12.nodes = 19853597
h38.t12.propagations = 19853597
h38.t2.restarts = 1363
h38.t2.nogoods_size = 9489258
h38.t2.nodes = 19382302
h38.t2.propagations = 19382302
h38.t14.restarts = 1363
h38.t14.nogoods_size = 9489258
h38.t14.nodes = 20314036
h38.t14.propagations = 20314036
h38.t0.restarts = 1363
h38.t0.nogoods_size = 9489258
h38.t0.nodes = 1290202
h38.t0.propagations = 1290202
h38.t8.restarts = 1363
h38.t8.nogoods_size = 9489258
h38.t8.nodes = 20676971
h38.t8.propagations = 20676971
h38.t7.restarts = 1363
h38.t7.nogoods_size = 9489258
h38.t7.nodes = 20611133
h38.t7.propagations = 20611133
h38.t1.restarts = 1363
h38.t1.nogoods_size = 9489258
h38.t1.nodes = 19949944
h38.t1.propagations = 19949944
h38.t15.restarts = 1363
h38.t15.nogoods_size = 9489258
h38.t15.nodes = 18685660
h38.t15.propagations = 18685660
h38.t3.restarts = 1363
h38.t3.nogoods_size = 9489258
h38.t3.nodes = 18793851
h38.t3.propagations = 18793851
h38.t17.restarts = 1363
h38.t17.nogoods_size = 9489258
h38.t17.nodes = 3834983
h38.t17.propagations = 3834983
h38.t11.restarts = 1363
h38.t11.nogoods_size = 9489258
h38.t11.nodes = 19874897
h38.t11.propagations = 19874897
h38.t13.restarts = 1363
h38.t13.nogoods_size = 9489258
h38.t13.nodes = 20329308
h38.t13.propagations = 20329308
h38.t5.restarts = 1363
h38.t5.nogoods_size = 9489258
h38.t5.nodes = 20115709
h38.t5.propagations = 20115709
h38.t6.restarts = 1363
h38.t6.nogoods_size = 9489258
h38.t6.nodes = 20687960
h38.t6.propagations = 20687960
h38.t10.restarts = 1363
h38.t10.nogoods_size = 9489258
h38.t10.nodes = 19754545
h38.t10.propagations = 19754545
h38.t16.restarts = 1363
h38.t16.nogoods_size = 9489258
h38.t16.nodes = 19506578
h38.t16.propagations = 19506578
h38.t9.restarts = 1363
h38.t9.nogoods_size = 9489258
h38.t9.nodes = 19758556
h38.t9.propagations = 19758556
h38.t4.restarts = 1363
h38.t4.nogoods_size = 9489258
h38.t4.nodes = 20390135
h38.t4.propagations = 20390135
h38.search_time = 1000147
h38.nodes = 323810367
h38.propagations = 925588119
h39.t10.restarts = 1363
h39.t10.nogoods_size = 9489495
h39.t10.nodes = 19415902
h39.t10.propagations = 19415902
h39.t14.restarts = 1363
h39.t14.nogoods_size = 9489495
h39.t14.nodes = 20350660
h39.t14.propagations = 20350660
h39.t5.restarts = 1363
h39.t5.nogoods_size = 9489495
h39.t5.nodes = 21134302
h39.t5.propagations = 21134302
h39.t17.restarts = 1363
h39.t17.nogoods_size = 9489495
h39.t17.nodes = 3905659
h39.t17.propagations = 3905659
h39.t3.restarts = 1363
h39.t3.nogoods_size = 9489495
h39.t3.nodes = 19736642
h39.t3.propagations = 19736642
h39.t1.restarts = 1363
h39.t1.nogoods_size = 9489495
h39.t1.nodes = 20557001
h39.t1.propagations = 20557001
h39.t13.restarts = 1363
h39.t13.nogoods_size = 9489495
h39.t13.nodes = 20737713
h39.t13.propagations = 20737713
h39.t9.restarts = 1363
h39.t9.nogoods_size = 9489495
h39.t9.nodes = 20657285
h39.t9.propagations = 20657285
h39.t2.restarts = 1363
h39.t2.nogoods_size = 9489495
h39.t2.nodes = 20559286
h39.t2.propagations = 20559286
h39.t0.restarts = 1363
h39.t0.nogoods_size = 9489495
h39.t0.nodes = 1303201
h39.t0.propagations = 1303201
h39.t12.restarts = 1363
h39.t12.nogoods_size = 9489495
h39.t12.nodes = 19270971
h39.t12.propagations = 19270971
h39.t15.restarts = 1363
h39.t15.nogoods_size = 9489495
h39.t15.nodes = 19008624
h39.t15.propagations = 19008624
h39.t7.restarts = 1363
h39.t7.nogoods_size = 9489495
h39.t7.nodes = 19746878
h39.t7.propagations = 19746878
h39.t16.restarts = 1363
h39.t16.nogoods_size = 9489495
h39.t16.nodes = 20116307
h39.t16.propagations = 20116307
h39.t8.restarts = 1363
h39.t8.nogoods_size = 9489495
h39.t8.nodes = 21683502
h39.t8.propagations = 21683502
h39.t4.restarts = 1363
h39.t4.nogoods_size = 9489495
h39.t4.nodes = 21020559
h39.t4.propagations = 21020559
h39.t6.restarts = 1363
h39.t6.nogoods_size = 9489495
h39.t6.nodes = 20103285
h39.t6.propagations = 20103285
h39.t11.restarts = 1363
h39.t11.nogoods_size = 9489495
h39.t11.nodes = 20089857
h39.t11.propagations = 20089857
h39.search_time = 1000147
h39.nodes = 329397634
h39.propagations = 942092508
