hostname = r1i2n16
commandline = ../glasgow/mpi_solve_subgraph_isomorphism --timeout 1000 --format lad --geometric-restarts=1.0 --restarts-constant=100000 --restart-timer=100 --triggered-restarts --threads 18 --value-ordering=biased ../instances/LV/g18 ../instances/LV/g29
started_at = 2018-11-27 20:16:10
pattern_file = ../instances/LV/g18
target_file = ../instances/LV/g29
status = true
nodes = 18334765
propagations = 51722165
mapping = (0 -> 24) (1 -> 93) (2 -> 0) (3 -> 7) (4 -> 30) (5 -> 61) (6 -> 84) (7 -> 25) (8 -> 40) (9 -> 96) (10 -> 55) (11 -> 54) (12 -> 47) (13 -> 67) (14 -> 33) (15 -> 41) (16 -> 46) (17 -> 63) (18 -> 78) (19 -> 62) (20 -> 81) (21 -> 27) (22 -> 65) (23 -> 57) (24 -> 79) (25 -> 69) (26 -> 66) (27 -> 44) (28 -> 99) (29 -> 36) (30 -> 13) (31 -> 1) (32 -> 34) (33 -> 80) (34 -> 92) (35 -> 48) (36 -> 12) (37 -> 31) (38 -> 56) (39 -> 75) (40 -> 97) (41 -> 83) (42 -> 8) (43 -> 23) (44 -> 59) (45 -> 16) (46 -> 19) (47 -> 58) (48 -> 9) (49 -> 94) (50 -> 18) (51 -> 32) (52 -> 15) (53 -> 42) (54 -> 43) (55 -> 45) (56 -> 14) (57 -> 73) (58 -> 17) (59 -> 89) (60 -> 90) (61 -> 5) (62 -> 95) (63 -> 6) 
runtime = 217
h0.t0.restarts = 2
h0.t0.nogoods_size = 2544
h0.t0.nodes = 14450
h0.t0.propagations = 14450
h0.t11.restarts = 2
h0.t11.nogoods_size = 2544
h0.t11.nodes = 21477
h0.t11.propagations = 21477
h0.t17.restarts = 2
h0.t17.nogoods_size = 2544
h0.t17.nodes = 12184
h0.t17.propagations = 12184
h0.t10.restarts = 2
h0.t10.nogoods_size = 2544
h0.t10.nodes = 19626
h0.t10.propagations = 19626
h0.t1.restarts = 2
h0.t1.nogoods_size = 2544
h0.t1.nodes = 26265
h0.t1.propagations = 26265
h0.t7.restarts = 2
h0.t7.nogoods_size = 2544
h0.t7.nodes = 24992
h0.t7.propagations = 24992
h0.t6.restarts = 2
h0.t6.nogoods_size = 2544
h0.t6.nodes = 19043
h0.t6.propagations = 19043
h0.t8.restarts = 2
h0.t8.nogoods_size = 2544
h0.t8.nodes = 20611
h0.t8.propagations = 20611
h0.t14.restarts = 2
h0.t14.nogoods_size = 2544
h0.t14.nodes = 16819
h0.t14.propagations = 16819
h0.t15.restarts = 2
h0.t15.nogoods_size = 2544
h0.t15.nodes = 18207
h0.t15.propagations = 18207
h0.t13.restarts = 2
h0.t13.nogoods_size = 2544
h0.t13.nodes = 25587
h0.t13.propagations = 25587
h0.t3.restarts = 2
h0.t3.nogoods_size = 2544
h0.t3.nodes = 20115
h0.t3.propagations = 20115
h0.t16.restarts = 2
h0.t16.nogoods_size = 2544
h0.t16.nodes = 32969
h0.t16.propagations = 32969
h0.t4.restarts = 2
h0.t4.nogoods_size = 2544
h0.t4.nodes = 27783
h0.t4.propagations = 27783
h0.t12.restarts = 2
h0.t12.nogoods_size = 2544
h0.t12.nodes = 19656
h0.t12.propagations = 19656
h0.t2.restarts = 2
h0.t2.nogoods_size = 2544
h0.t2.nodes = 20005
h0.t2.propagations = 20005
h0.t9.restarts = 2
h0.t9.nogoods_size = 2544
h0.t9.nodes = 26795
h0.t9.propagations = 26795
h0.t5.restarts = 2
h0.t5.nogoods_size = 2544
h0.t5.nodes = 22245
h0.t5.propagations = 22245
h0.search_time = 202
h0.nodes = 388829
h0.propagations = 1106145
h1.t0.restarts = 2
h1.t0.nogoods_size = 2558
h1.t0.nodes = 10126
h1.t0.propagations = 10126
h1.t14.restarts = 2
h1.t14.nogoods_size = 2558
h1.t14.nodes = 25504
h1.t14.propagations = 25504
h1.t8.restarts = 2
h1.t8.nogoods_size = 2558
h1.t8.nodes = 18411
h1.t8.propagations = 18411
h1.t2.restarts = 2
h1.t2.nogoods_size = 2558
h1.t2.nodes = 19869
h1.t2.propagations = 19869
h1.t13.restarts = 2
h1.t13.nogoods_size = 2558
h1.t13.nodes = 19099
h1.t13.propagations = 19099
h1.t5.restarts = 2
h1.t5.nogoods_size = 2558
h1.t5.nodes = 22065
h1.t5.propagations = 22065
h1.t12.restarts = 2
h1.t12.nogoods_size = 2558
h1.t12.nodes = 23948
h1.t12.propagations = 23948
h1.t9.restarts = 2
h1.t9.nogoods_size = 2558
h1.t9.nodes = 17573
h1.t9.propagations = 17573
h1.t3.restarts = 2
h1.t3.nogoods_size = 2558
h1.t3.nodes = 28747
h1.t3.propagations = 28747
h1.t4.restarts = 2
h1.t4.nogoods_size = 2558
h1.t4.nodes = 27067
h1.t4.propagations = 27067
h1.t17.restarts = 2
h1.t17.nogoods_size = 2558
h1.t17.nodes = 16167
h1.t17.propagations = 16167
h1.t6.restarts = 2
h1.t6.nogoods_size = 2558
h1.t6.nodes = 25711
h1.t6.propagations = 25711
h1.t7.restarts = 2
h1.t7.nogoods_size = 2558
h1.t7.nodes = 25715
h1.t7.propagations = 25715
h1.t15.restarts = 2
h1.t15.nogoods_size = 2558
h1.t15.nodes = 25887
h1.t15.propagations = 25887
h1.t10.restarts = 2
h1.t10.nogoods_size = 2558
h1.t10.nodes = 23544
h1.t10.propagations = 23544
h1.t11.restarts = 2
h1.t11.nogoods_size = 2558
h1.t11.nodes = 25144
h1.t11.propagations = 25144
h1.t16.restarts = 2
h1.t16.nogoods_size = 2558
h1.t16.nodes = 40397
h1.t16.propagations = 40397
h1.t1.restarts = 2
h1.t1.nogoods_size = 2558
h1.t1.nodes = 20935
h1.t1.propagations = 20935
h1.search_time = 205
h1.nodes = 415909
h1.propagations = 1186252
h2.t0.restarts = 2
h2.t0.nogoods_size = 2600
h2.t0.nodes = 9143
h2.t0.propagations = 9143
h2.t15.restarts = 2
h2.t15.nogoods_size = 2600
h2.t15.nodes = 24185
h2.t15.propagations = 24185
h2.t12.restarts = 2
h2.t12.nogoods_size = 2600
h2.t12.nodes = 27353
h2.t12.propagations = 27353
h2.t11.restarts = 2
h2.t11.nogoods_size = 2600
h2.t11.nodes = 19704
h2.t11.propagations = 19704
h2.t10.restarts = 2
h2.t10.nogoods_size = 2600
h2.t10.nodes = 19581
h2.t10.propagations = 19581
h2.t7.restarts = 2
h2.t7.nogoods_size = 2600
h2.t7.nodes = 19380
h2.t7.propagations = 19380
h2.t9.restarts = 2
h2.t9.nogoods_size = 2600
h2.t9.nodes = 19378
h2.t9.propagations = 19378
h2.t1.restarts = 2
h2.t1.nogoods_size = 2600
h2.t1.nodes = 27168
h2.t1.propagations = 27168
h2.t4.restarts = 2
h2.t4.nogoods_size = 2600
h2.t4.nodes = 26682
h2.t4.propagations = 26682
h2.t2.restarts = 2
h2.t2.nogoods_size = 2600
h2.t2.nodes = 33875
h2.t2.propagations = 33875
h2.t5.restarts = 2
h2.t5.nogoods_size = 2600
h2.t5.nodes = 26754
h2.t5.propagations = 26754
h2.t6.restarts = 2
h2.t6.nogoods_size = 2600
h2.t6.nodes = 20485
h2.t6.propagations = 20485
h2.t8.restarts = 2
h2.t8.nogoods_size = 2600
h2.t8.nodes = 17784
h2.t8.propagations = 17784
h2.t13.restarts = 2
h2.t13.nogoods_size = 2600
h2.t13.nodes = 18063
h2.t13.propagations = 18063
h2.t17.restarts = 2
h2.t17.nogoods_size = 2600
h2.t17.nodes = 10604
h2.t17.propagations = 10604
h2.t16.restarts = 2
h2.t16.nogoods_size = 2600
h2.t16.nodes = 25936
h2.t16.propagations = 25936
h2.t14.restarts = 2
h2.t14.nogoods_size = 2600
h2.t14.nodes = 26095
h2.t14.propagations = 26095
h2.t3.restarts = 2
h2.t3.nogoods_size = 2600
h2.t3.nodes = 26309
h2.t3.propagations = 26309
h2.search_time = 205
h2.nodes = 398479
h2.propagations = 1132835
h3.t0.restarts = 2
h3.t0.nogoods_size = 2531
h3.t0.nodes = 12893
h3.t0.propagations = 12893
h3.t11.restarts = 2
h3.t11.nogoods_size = 2531
h3.t11.nodes = 22856
h3.t11.propagations = 22856
h3.t10.restarts = 2
h3.t10.nogoods_size = 2531
h3.t10.nodes = 22552
h3.t10.propagations = 22552
h3.t1.restarts = 2
h3.t1.nogoods_size = 2531
h3.t1.nodes = 25041
h3.t1.propagations = 25041
h3.t5.restarts = 2
h3.t5.nogoods_size = 2531
h3.t5.nodes = 18436
h3.t5.propagations = 18436
h3.t3.restarts = 2
h3.t3.nogoods_size = 2531
h3.t3.nodes = 20259
h3.t3.propagations = 20259
h3.t6.restarts = 2
h3.t6.nogoods_size = 2531
h3.t6.nodes = 27437
h3.t6.propagations = 27437
h3.t8.restarts = 2
h3.t8.nogoods_size = 2531
h3.t8.nodes = 18618
h3.t8.propagations = 18618
h3.t17.restarts = 2
h3.t17.nogoods_size = 2531
h3.t17.nodes = 13628
h3.t17.propagations = 13628
h3.t13.restarts = 2
h3.t13.nogoods_size = 2531
h3.t13.nodes = 19400
h3.t13.propagations = 19400
h3.t14.restarts = 2
h3.t14.nogoods_size = 2531
h3.t14.nodes = 20477
h3.t14.propagations = 20477
h3.t16.restarts = 2
h3.t16.nogoods_size = 2531
h3.t16.nodes = 25472
h3.t16.propagations = 25472
h3.t2.restarts = 2
h3.t2.nogoods_size = 2531
h3.t2.nodes = 25248
h3.t2.propagations = 25248
h3.t12.restarts = 2
h3.t12.nogoods_size = 2531
h3.t12.nodes = 27179
h3.t12.propagations = 27179
h3.t15.restarts = 2
h3.t15.nogoods_size = 2531
h3.t15.nodes = 28414
h3.t15.propagations = 28414
h3.t4.restarts = 2
h3.t4.nogoods_size = 2531
h3.t4.nodes = 19997
h3.t4.propagations = 19997
h3.t9.restarts = 2
h3.t9.nogoods_size = 2531
h3.t9.nodes = 26172
h3.t9.propagations = 26172
h3.t7.restarts = 2
h3.t7.nogoods_size = 2531
h3.t7.nodes = 26719
h3.t7.propagations = 26719
h3.search_time = 202
h3.nodes = 400798
h3.propagations = 1116561
h4.t0.restarts = 2
h4.t0.nogoods_size = 2532
h4.t0.nodes = 9187
h4.t0.propagations = 9187
h4.t9.restarts = 2
h4.t9.nogoods_size = 2532
h4.t9.nodes = 28204
h4.t9.propagations = 28204
h4.t1.restarts = 2
h4.t1.nogoods_size = 2532
h4.t1.nodes = 19612
h4.t1.propagations = 19612
h4.t6.restarts = 2
h4.t6.nogoods_size = 2532
h4.t6.nodes = 22923
h4.t6.propagations = 22923
h4.t3.restarts = 2
h4.t3.nogoods_size = 2532
h4.t3.nodes = 28798
h4.t3.propagations = 28798
h4.t8.restarts = 2
h4.t8.nogoods_size = 2532
h4.t8.nodes = 29399
h4.t8.propagations = 29399
h4.t17.restarts = 2
h4.t17.nogoods_size = 2532
h4.t17.nodes = 10501
h4.t17.propagations = 10501
h4.t5.restarts = 2
h4.t5.nogoods_size = 2532
h4.t5.nodes = 22989
h4.t5.propagations = 22989
h4.t14.restarts = 2
h4.t14.nogoods_size = 2532
h4.t14.nodes = 27815
h4.t14.propagations = 27815
h4.t4.restarts = 2
h4.t4.nogoods_size = 2532
h4.t4.nodes = 27987
h4.t4.propagations = 27987
h4.t7.restarts = 2
h4.t7.nogoods_size = 2532
h4.t7.nodes = 27671
h4.t7.propagations = 27671
h4.t2.restarts = 2
h4.t2.nogoods_size = 2532
h4.t2.nodes = 26700
h4.t2.propagations = 26700
h4.t15.restarts = 2
h4.t15.nogoods_size = 2532
h4.t15.nodes = 20247
h4.t15.propagations = 20247
h4.t11.restarts = 2
h4.t11.nogoods_size = 2532
h4.t11.nodes = 25163
h4.t11.propagations = 25163
h4.t16.restarts = 2
h4.t16.nogoods_size = 2532
h4.t16.nodes = 23270
h4.t16.propagations = 23270
h4.t10.restarts = 2
h4.t10.nogoods_size = 2532
h4.t10.nodes = 24006
h4.t10.propagations = 24006
h4.t13.restarts = 2
h4.t13.nogoods_size = 2532
h4.t13.nodes = 26370
h4.t13.propagations = 26370
h4.t12.restarts = 2
h4.t12.nogoods_size = 2532
h4.t12.nodes = 21150
h4.t12.propagations = 21150
h4.search_time = 207
h4.nodes = 421992
h4.propagations = 1191034
h5.t0.restarts = 2
h5.t0.nogoods_size = 2555
h5.t0.nodes = 11532
h5.t0.propagations = 11532
h5.t9.restarts = 2
h5.t9.nogoods_size = 2555
h5.t9.nodes = 21979
h5.t9.propagations = 21979
h5.t13.restarts = 2
h5.t13.nogoods_size = 2555
h5.t13.nodes = 26706
h5.t13.propagations = 26706
h5.t17.restarts = 2
h5.t17.nogoods_size = 2555
h5.t17.nodes = 10292
h5.t17.propagations = 10292
h5.t2.restarts = 2
h5.t2.nogoods_size = 2555
h5.t2.nodes = 22231
h5.t2.propagations = 22231
h5.t15.restarts = 2
h5.t15.nogoods_size = 2555
h5.t15.nodes = 27514
h5.t15.propagations = 27514
h5.t4.restarts = 2
h5.t4.nogoods_size = 2555
h5.t4.nodes = 26893
h5.t4.propagations = 26893
h5.t16.restarts = 2
h5.t16.nogoods_size = 2555
h5.t16.nodes = 20465
h5.t16.propagations = 20465
h5.t10.restarts = 2
h5.t10.nogoods_size = 2555
h5.t10.nodes = 27756
h5.t10.propagations = 27756
h5.t6.restarts = 2
h5.t6.nogoods_size = 2555
h5.t6.nodes = 21192
h5.t6.propagations = 21192
h5.t8.restarts = 2
h5.t8.nogoods_size = 2555
h5.t8.nodes = 20177
h5.t8.propagations = 20177
h5.t12.restarts = 2
h5.t12.nogoods_size = 2555
h5.t12.nodes = 27956
h5.t12.propagations = 27956
h5.t3.restarts = 2
h5.t3.nogoods_size = 2555
h5.t3.nodes = 28811
h5.t3.propagations = 28811
h5.t14.restarts = 2
h5.t14.nogoods_size = 2555
h5.t14.nodes = 26547
h5.t14.propagations = 26547
h5.t7.restarts = 2
h5.t7.nogoods_size = 2555
h5.t7.nodes = 21072
h5.t7.propagations = 21072
h5.t11.restarts = 2
h5.t11.nogoods_size = 2555
h5.t11.nodes = 20475
h5.t11.propagations = 20475
h5.t5.restarts = 2
h5.t5.nogoods_size = 2555
h5.t5.nodes = 26936
h5.t5.propagations = 26936
h5.t1.restarts = 2
h5.t1.nogoods_size = 2555
h5.t1.nodes = 28367
h5.t1.propagations = 28367
h5.search_time = 205
h5.nodes = 416901
h5.propagations = 1168075
h6.t0.restarts = 2
h6.t0.nogoods_size = 2511
h6.t0.nodes = 10824
h6.t0.propagations = 10824
h6.t4.restarts = 2
h6.t4.nogoods_size = 2511
h6.t4.nodes = 17155
h6.t4.propagations = 17155
h6.t13.restarts = 2
h6.t13.nogoods_size = 2511
h6.t13.nodes = 18015
h6.t13.propagations = 18015
h6.t12.restarts = 2
h6.t12.nogoods_size = 2511
h6.t12.nodes = 23001
h6.t12.propagations = 23001
h6.t3.restarts = 2
h6.t3.nogoods_size = 2511
h6.t3.nodes = 33610
h6.t3.propagations = 33610
h6.t11.restarts = 2
h6.t11.nogoods_size = 2511
h6.t11.nodes = 24744
h6.t11.propagations = 24744
h6.t8.restarts = 2
h6.t8.nogoods_size = 2511
h6.t8.nodes = 20592
h6.t8.propagations = 20592
h6.t1.restarts = 2
h6.t1.nogoods_size = 2511
h6.t1.nodes = 27535
h6.t1.propagations = 27535
h6.t10.restarts = 2
h6.t10.nogoods_size = 2511
h6.t10.nodes = 17103
h6.t10.propagations = 17103
h6.t2.restarts = 2
h6.t2.nogoods_size = 2511
h6.t2.nodes = 20792
h6.t2.propagations = 20792
h6.t7.restarts = 2
h6.t7.nogoods_size = 2511
h6.t7.nodes = 16741
h6.t7.propagations = 16741
h6.t5.restarts = 2
h6.t5.nogoods_size = 2511
h6.t5.nodes = 27998
h6.t5.propagations = 27998
h6.t6.restarts = 2
h6.t6.nogoods_size = 2511
h6.t6.nodes = 18742
h6.t6.propagations = 18742
h6.t16.restarts = 2
h6.t16.nogoods_size = 2511
h6.t16.nodes = 20748
h6.t16.propagations = 20748
h6.t15.restarts = 2
h6.t15.nogoods_size = 2511
h6.t15.nodes = 17731
h6.t15.propagations = 17731
h6.t9.restarts = 2
h6.t9.nogoods_size = 2511
h6.t9.nodes = 19166
h6.t9.propagations = 19166
h6.t14.restarts = 2
h6.t14.nogoods_size = 2511
h6.t14.nodes = 22839
h6.t14.propagations = 22839
h6.t17.restarts = 2
h6.t17.nogoods_size = 2511
h6.t17.nodes = 13533
h6.t17.propagations = 13533
h6.search_time = 207
h6.nodes = 370869
h6.propagations = 1053157
h7.t17.where = 0/100 -1/-1 0/31 -1/-1 0/21 -1/-1 0/20 -1/-1 0/4 -1/-1 0/7 -1/-1 0/18 -1/-1 0/7 -1/-1 0/9 -1/-1 0/17 -1/-1 0/2 -1/-1 0/3 -1/-1 0/16 -1/-1 0/5 -1/-1 0/6 -1/-1 0/13 -1/-1 -1/-1 0/3 -1/-1 0/10 -1/-1 0/4 -1/-1 0/3 -1/-1 0/2 -1/-1 0/3 -1/-1 1/4 -1/-1 1/8 -1/-1 0/2 -1/-1 0/2 -1/-1 -1/-1 -1/-1 -1/-1 1/2 -1/-1 -1/-1 5/8 -1/-1 1/2 -1/-1 -1/-1 0/2 -1/-1 1/3 -1/-1 1/4 -1/-1 1/3 -1/-1 -1/-1 1/5 -1/-1 -1/-1 0/2 -1/-1 0/2 -1/-1 0/3 -1/-1 2/3 -1/-1 0/2 -1/-1 2/3 -1/-1 1/6 -1/-1 0/2 -1/-1 -1/-1 -1/-1 -1/-1 -1/-1 -1/-1 -1/-1 0/2 -1/-1 -1/-1 0/2 -1/-1 -1/-1 -1/-1 -1/-1 -1/-1 -1/-1
h7.t17.stop_reason = satisfiable
h7.t17.restarts = 2
h7.t17.nogoods_size = 1
h7.t17.nodes = 12783
h7.t17.propagations = 12783
h7.t0.stop_reason = aborted
h7.t0.restarts = 2
h7.t0.nogoods_size = 1
h7.t0.nodes = 10773
h7.t0.propagations = 10773
h7.t6.stop_reason = aborted
h7.t6.restarts = 2
h7.t6.nogoods_size = 1
h7.t6.nodes = 27173
h7.t6.propagations = 27173
h7.t8.stop_reason = aborted
h7.t8.restarts = 2
h7.t8.nogoods_size = 1
h7.t8.nodes = 25006
h7.t8.propagations = 25006
h7.t16.stop_reason = aborted
h7.t16.restarts = 2
h7.t16.nogoods_size = 1
h7.t16.nodes = 32550
h7.t16.propagations = 32550
h7.t14.stop_reason = aborted
h7.t14.restarts = 2
h7.t14.nogoods_size = 1
h7.t14.nodes = 20868
h7.t14.propagations = 20868
h7.t1.stop_reason = aborted
h7.t1.restarts = 2
h7.t1.nogoods_size = 1
h7.t1.nodes = 24318
h7.t1.propagations = 24318
h7.t3.stop_reason = aborted
h7.t3.restarts = 2
h7.t3.nogoods_size = 1
h7.t3.nodes = 17455
h7.t3.propagations = 17455
h7.t5.stop_reason = aborted
h7.t5.restarts = 2
h7.t5.nogoods_size = 1
h7.t5.nodes = 25187
h7.t5.propagations = 25187
h7.t11.stop_reason = aborted
h7.t11.restarts = 2
h7.t11.nogoods_size = 1
h7.t11.nodes = 20083
h7.t11.propagations = 20083
h7.t12.stop_reason = aborted
h7.t12.restarts = 2
h7.t12.nogoods_size = 1
h7.t12.nodes = 23820
h7.t12.propagations = 23820
h7.t9.stop_reason = aborted
h7.t9.restarts = 2
h7.t9.nogoods_size = 1
h7.t9.nodes = 25507
h7.t9.propagations = 25507
h7.t2.stop_reason = aborted
h7.t2.restarts = 2
h7.t2.nogoods_size = 1
h7.t2.nodes = 17895
h7.t2.propagations = 17895
h7.t15.stop_reason = aborted
h7.t15.restarts = 2
h7.t15.nogoods_size = 1
h7.t15.nodes = 21363
h7.t15.propagations = 21363
h7.t13.stop_reason = aborted
h7.t13.restarts = 2
h7.t13.nogoods_size = 1
h7.t13.nodes = 24181
h7.t13.propagations = 24181
h7.t4.stop_reason = aborted
h7.t4.restarts = 2
h7.t4.nogoods_size = 1
h7.t4.nodes = 18677
h7.t4.propagations = 18677
h7.t10.stop_reason = aborted
h7.t10.restarts = 2
h7.t10.nogoods_size = 1
h7.t10.nodes = 18391
h7.t10.propagations = 18391
h7.t7.stop_reason = aborted
h7.t7.restarts = 2
h7.t7.nogoods_size = 1
h7.t7.nodes = 19523
h7.t7.propagations = 19523
h7.search_time = 182
h7.nodes = 385553
h7.propagations = 1092751
h8.t8.restarts = 2
h8.t8.nogoods_size = 2519
h8.t8.nodes = 42718
h8.t8.propagations = 42718
h8.t0.restarts = 2
h8.t0.nogoods_size = 2519
h8.t0.nodes = 20066
h8.t0.propagations = 20066
h8.t4.restarts = 2
h8.t4.nogoods_size = 2519
h8.t4.nodes = 42642
h8.t4.propagations = 42642
h8.t6.restarts = 2
h8.t6.nogoods_size = 2519
h8.t6.nodes = 41388
h8.t6.propagations = 41388
h8.t9.restarts = 2
h8.t9.nogoods_size = 2519
h8.t9.nodes = 39424
h8.t9.propagations = 39424
h8.t16.restarts = 2
h8.t16.nogoods_size = 2519
h8.t16.nodes = 31715
h8.t16.propagations = 31715
h8.t5.restarts = 2
h8.t5.nogoods_size = 2519
h8.t5.nodes = 31409
h8.t5.propagations = 31409
h8.t10.restarts = 2
h8.t10.nogoods_size = 2519
h8.t10.nodes = 36357
h8.t10.propagations = 36357
h8.t1.restarts = 2
h8.t1.nogoods_size = 2519
h8.t1.nodes = 37229
h8.t1.propagations = 37229
h8.t12.restarts = 2
h8.t12.nogoods_size = 2519
h8.t12.nodes = 36998
h8.t12.propagations = 36998
h8.t13.restarts = 2
h8.t13.nogoods_size = 2519
h8.t13.nodes = 37174
h8.t13.propagations = 37174
h8.t11.restarts = 2
h8.t11.nogoods_size = 2519
h8.t11.nodes = 34187
h8.t11.propagations = 34187
h8.t2.restarts = 2
h8.t2.nogoods_size = 2519
h8.t2.nodes = 43871
h8.t2.propagations = 43871
h8.t3.restarts = 2
h8.t3.nogoods_size = 2519
h8.t3.nodes = 44636
h8.t3.propagations = 44636
h8.t7.restarts = 2
h8.t7.nogoods_size = 2519
h8.t7.nodes = 31825
h8.t7.propagations = 31825
h8.t14.restarts = 2
h8.t14.nogoods_size = 2519
h8.t14.nodes = 43702
h8.t14.propagations = 43702
h8.t17.restarts = 2
h8.t17.nogoods_size = 2519
h8.t17.nodes = 15673
h8.t17.propagations = 15673
h8.t15.restarts = 2
h8.t15.nogoods_size = 2519
h8.t15.nodes = 33874
h8.t15.propagations = 33874
h8.search_time = 209
h8.nodes = 644888
h8.propagations = 1798517
h9.t9.restarts = 2
h9.t9.nogoods_size = 2522
h9.t9.nodes = 29815
h9.t9.propagations = 29815
h9.t0.restarts = 2
h9.t0.nogoods_size = 2522
h9.t0.nodes = 15211
h9.t0.propagations = 15211
h9.t7.restarts = 2
h9.t7.nogoods_size = 2522
h9.t7.nodes = 33661
h9.t7.propagations = 33661
h9.t4.restarts = 2
h9.t4.nogoods_size = 2522
h9.t4.nodes = 29980
h9.t4.propagations = 29980
h9.t3.restarts = 2
h9.t3.nogoods_size = 2522
h9.t3.nodes = 40488
h9.t3.propagations = 40488
h9.t12.restarts = 2
h9.t12.nogoods_size = 2522
h9.t12.nodes = 30088
h9.t12.propagations = 30088
h9.t14.restarts = 2
h9.t14.nogoods_size = 2522
h9.t14.nodes = 32395
h9.t14.propagations = 32395
h9.t10.restarts = 2
h9.t10.nogoods_size = 2522
h9.t10.nodes = 31437
h9.t10.propagations = 31437
h9.t6.restarts = 2
h9.t6.nogoods_size = 2522
h9.t6.nodes = 32154
h9.t6.propagations = 32154
h9.t8.restarts = 2
h9.t8.nogoods_size = 2522
h9.t8.nodes = 40810
h9.t8.propagations = 40810
h9.t16.restarts = 2
h9.t16.nogoods_size = 2522
h9.t16.nodes = 31681
h9.t16.propagations = 31681
h9.t11.restarts = 2
h9.t11.nogoods_size = 2522
h9.t11.nodes = 36897
h9.t11.propagations = 36897
h9.t1.restarts = 2
h9.t1.nogoods_size = 2522
h9.t1.nodes = 30672
h9.t1.propagations = 30672
h9.t13.restarts = 2
h9.t13.nogoods_size = 2522
h9.t13.nodes = 39761
h9.t13.propagations = 39761
h9.t2.restarts = 2
h9.t2.nogoods_size = 2522
h9.t2.nodes = 31330
h9.t2.propagations = 31330
h9.t5.restarts = 2
h9.t5.nogoods_size = 2522
h9.t5.nodes = 31707
h9.t5.propagations = 31707
h9.t15.restarts = 2
h9.t15.nogoods_size = 2522
h9.t15.nodes = 39639
h9.t15.propagations = 39639
h9.t17.restarts = 2
h9.t17.nogoods_size = 2522
h9.t17.nodes = 14165
h9.t17.propagations = 14165
h9.search_time = 207
h9.nodes = 571891
h9.propagations = 1613564
h10.t0.restarts = 2
h10.t0.nogoods_size = 2536
h10.t0.nodes = 10717
h10.t0.propagations = 10717
h10.t4.restarts = 2
h10.t4.nogoods_size = 2536
h10.t4.nodes = 20010
h10.t4.propagations = 20010
h10.t6.restarts = 2
h10.t6.nogoods_size = 2536
h10.t6.nodes = 21356
h10.t6.propagations = 21356
h10.t9.restarts = 2
h10.t9.nogoods_size = 2536
h10.t9.nodes = 20388
h10.t9.propagations = 20388
h10.t13.restarts = 2
h10.t13.nogoods_size = 2536
h10.t13.nodes = 19104
h10.t13.propagations = 19104
h10.t5.restarts = 2
h10.t5.nogoods_size = 2536
h10.t5.nodes = 20635
h10.t5.propagations = 20635
h10.t8.restarts = 2
h10.t8.nogoods_size = 2536
h10.t8.nodes = 24943
h10.t8.propagations = 24943
h10.t14.restarts = 2
h10.t14.nogoods_size = 2536
h10.t14.nodes = 26411
h10.t14.propagations = 26411
h10.t2.restarts = 2
h10.t2.nogoods_size = 2536
h10.t2.nodes = 20365
h10.t2.propagations = 20365
h10.t17.restarts = 2
h10.t17.nogoods_size = 2536
h10.t17.nodes = 13471
h10.t17.propagations = 13471
h10.t1.restarts = 2
h10.t1.nogoods_size = 2536
h10.t1.nodes = 18143
h10.t1.propagations = 18143
h10.t12.restarts = 2
h10.t12.nogoods_size = 2536
h10.t12.nodes = 21093
h10.t12.propagations = 21093
h10.t7.restarts = 2
h10.t7.nogoods_size = 2536
h10.t7.nodes = 19670
h10.t7.propagations = 19670
h10.t10.restarts = 2
h10.t10.nogoods_size = 2536
h10.t10.nodes = 30149
h10.t10.propagations = 30149
h10.t3.restarts = 2
h10.t3.nogoods_size = 2536
h10.t3.nodes = 34175
h10.t3.propagations = 34175
h10.t15.restarts = 2
h10.t15.nogoods_size = 2536
h10.t15.nodes = 27101
h10.t15.propagations = 27101
h10.t16.restarts = 2
h10.t16.nogoods_size = 2536
h10.t16.nodes = 20142
h10.t16.propagations = 20142
h10.t11.restarts = 2
h10.t11.nogoods_size = 2536
h10.t11.nodes = 19924
h10.t11.propagations = 19924
h10.search_time = 206
h10.nodes = 387797
h10.propagations = 1087266
h11.t17.restarts = 2
h11.t17.nogoods_size = 2549
h11.t17.nodes = 14577
h11.t17.propagations = 14577
h11.t4.restarts = 2
h11.t4.nogoods_size = 2549
h11.t4.nodes = 17369
h11.t4.propagations = 17369
h11.t12.restarts = 2
h11.t12.nogoods_size = 2549
h11.t12.nodes = 20413
h11.t12.propagations = 20413
h11.t0.restarts = 2
h11.t0.nogoods_size = 2549
h11.t0.nodes = 14271
h11.t0.propagations = 14271
h11.t10.restarts = 2
h11.t10.nogoods_size = 2549
h11.t10.nodes = 19660
h11.t10.propagations = 19660
h11.t7.restarts = 2
h11.t7.nogoods_size = 2549
h11.t7.nodes = 22069
h11.t7.propagations = 22069
h11.t2.restarts = 2
h11.t2.nogoods_size = 2549
h11.t2.nodes = 18641
h11.t2.propagations = 18641
h11.t5.restarts = 2
h11.t5.nogoods_size = 2549
h11.t5.nodes = 19473
h11.t5.propagations = 19473
h11.t13.restarts = 2
h11.t13.nogoods_size = 2549
h11.t13.nodes = 18188
h11.t13.propagations = 18188
h11.t15.restarts = 2
h11.t15.nogoods_size = 2549
h11.t15.nodes = 18611
h11.t15.propagations = 18611
h11.t1.restarts = 2
h11.t1.nogoods_size = 2549
h11.t1.nodes = 21102
h11.t1.propagations = 21102
h11.t16.restarts = 2
h11.t16.nogoods_size = 2549
h11.t16.nodes = 26844
h11.t16.propagations = 26844
h11.t6.restarts = 2
h11.t6.nogoods_size = 2549
h11.t6.nodes = 25612
h11.t6.propagations = 25612
h11.t9.restarts = 2
h11.t9.nogoods_size = 2549
h11.t9.nodes = 21895
h11.t9.propagations = 21895
h11.t14.restarts = 2
h11.t14.nogoods_size = 2549
h11.t14.nodes = 18553
h11.t14.propagations = 18553
h11.t11.restarts = 2
h11.t11.nogoods_size = 2549
h11.t11.nodes = 26593
h11.t11.propagations = 26593
h11.t8.restarts = 2
h11.t8.nogoods_size = 2549
h11.t8.nodes = 17835
h11.t8.propagations = 17835
h11.t3.restarts = 2
h11.t3.nogoods_size = 2549
h11.t3.nodes = 25782
h11.t3.propagations = 25782
h11.search_time = 206
h11.nodes = 367488
h11.propagations = 1050737
h12.t0.restarts = 2
h12.t0.nogoods_size = 2563
h12.t0.nodes = 9290
h12.t0.propagations = 9290
h12.t5.restarts = 2
h12.t5.nogoods_size = 2563
h12.t5.nodes = 26524
h12.t5.propagations = 26524
h12.t3.restarts = 2
h12.t3.nogoods_size = 2563
h12.t3.nodes = 29819
h12.t3.propagations = 29819
h12.t1.restarts = 2
h12.t1.nogoods_size = 2563
h12.t1.nodes = 22391
h12.t1.propagations = 22391
h12.t10.restarts = 2
h12.t10.nogoods_size = 2563
h12.t10.nodes = 19773
h12.t10.propagations = 19773
h12.t11.restarts = 2
h12.t11.nogoods_size = 2563
h12.t11.nodes = 24656
h12.t11.propagations = 24656
h12.t9.restarts = 2
h12.t9.nogoods_size = 2563
h12.t9.nodes = 20585
h12.t9.propagations = 20585
h12.t17.restarts = 2
h12.t17.nogoods_size = 2563
h12.t17.nodes = 9841
h12.t17.propagations = 9841
h12.t8.restarts = 2
h12.t8.nogoods_size = 2563
h12.t8.nodes = 20377
h12.t8.propagations = 20377
h12.t6.restarts = 2
h12.t6.nogoods_size = 2563
h12.t6.nodes = 22174
h12.t6.propagations = 22174
h12.t7.restarts = 2
h12.t7.nogoods_size = 2563
h12.t7.nodes = 25239
h12.t7.propagations = 25239
h12.t13.restarts = 2
h12.t13.nogoods_size = 2563
h12.t13.nodes = 28269
h12.t13.propagations = 28269
h12.t4.restarts = 2
h12.t4.nogoods_size = 2563
h12.t4.nodes = 27970
h12.t4.propagations = 27970
h12.t16.restarts = 2
h12.t16.nogoods_size = 2563
h12.t16.nodes = 25968
h12.t16.propagations = 25968
h12.t14.restarts = 2
h12.t14.nogoods_size = 2563
h12.t14.nodes = 24296
h12.t14.propagations = 24296
h12.t15.restarts = 2
h12.t15.nogoods_size = 2563
h12.t15.nodes = 25342
h12.t15.propagations = 25342
h12.t12.restarts = 2
h12.t12.nogoods_size = 2563
h12.t12.nodes = 26339
h12.t12.propagations = 26339
h12.t2.restarts = 2
h12.t2.nogoods_size = 2563
h12.t2.nodes = 22964
h12.t2.propagations = 22964
h12.search_time = 207
h12.nodes = 411817
h12.propagations = 1151078
h13.t0.restarts = 2
h13.t0.nogoods_size = 2513
h13.t0.nodes = 11646
h13.t0.propagations = 11646
h13.t11.restarts = 2
h13.t11.nogoods_size = 2513
h13.t11.nodes = 21610
h13.t11.propagations = 21610
h13.t8.restarts = 2
h13.t8.nogoods_size = 2513
h13.t8.nodes = 26152
h13.t8.propagations = 26152
h13.t7.restarts = 2
h13.t7.nogoods_size = 2513
h13.t7.nodes = 20035
h13.t7.propagations = 20035
h13.t10.restarts = 2
h13.t10.nogoods_size = 2513
h13.t10.nodes = 20046
h13.t10.propagations = 20046
h13.t16.restarts = 2
h13.t16.nogoods_size = 2513
h13.t16.nodes = 25400
h13.t16.propagations = 25400
h13.t1.restarts = 2
h13.t1.nogoods_size = 2513
h13.t1.nodes = 20896
h13.t1.propagations = 20896
h13.t15.restarts = 2
h13.t15.nogoods_size = 2513
h13.t15.nodes = 23593
h13.t15.propagations = 23593
h13.t17.restarts = 2
h13.t17.nogoods_size = 2513
h13.t17.nodes = 9384
h13.t17.propagations = 9384
h13.t9.restarts = 2
h13.t9.nogoods_size = 2513
h13.t9.nodes = 21405
h13.t9.propagations = 21405
h13.t14.restarts = 2
h13.t14.nogoods_size = 2513
h13.t14.nodes = 18057
h13.t14.propagations = 18057
h13.t2.restarts = 2
h13.t2.nogoods_size = 2513
h13.t2.nodes = 19975
h13.t2.propagations = 19975
h13.t6.restarts = 2
h13.t6.nogoods_size = 2513
h13.t6.nodes = 24927
h13.t6.propagations = 24927
h13.t4.restarts = 2
h13.t4.nogoods_size = 2513
h13.t4.nodes = 21758
h13.t4.propagations = 21758
h13.t12.restarts = 2
h13.t12.nogoods_size = 2513
h13.t12.nodes = 17920
h13.t12.propagations = 17920
h13.t5.restarts = 2
h13.t5.nogoods_size = 2513
h13.t5.nodes = 20661
h13.t5.propagations = 20661
h13.t13.restarts = 2
h13.t13.nogoods_size = 2513
h13.t13.nodes = 21114
h13.t13.propagations = 21114
h13.t3.restarts = 2
h13.t3.nogoods_size = 2513
h13.t3.nodes = 28105
h13.t3.propagations = 28105
h13.search_time = 208
h13.nodes = 372684
h13.propagations = 1049435
h14.t0.restarts = 2
h14.t0.nogoods_size = 2544
h14.t0.nodes = 12992
h14.t0.propagations = 12992
h14.t8.restarts = 2
h14.t8.nogoods_size = 2544
h14.t8.nodes = 27973
h14.t8.propagations = 27973
h14.t16.restarts = 2
h14.t16.nogoods_size = 2544
h14.t16.nodes = 19894
h14.t16.propagations = 19894
h14.t7.restarts = 2
h14.t7.nogoods_size = 2544
h14.t7.nodes = 27733
h14.t7.propagations = 27733
h14.t17.restarts = 2
h14.t17.nogoods_size = 2544
h14.t17.nodes = 13809
h14.t17.propagations = 13809
h14.t5.restarts = 2
h14.t5.nogoods_size = 2544
h14.t5.nodes = 23033
h14.t5.propagations = 23033
h14.t13.restarts = 2
h14.t13.nogoods_size = 2544
h14.t13.nodes = 18430
h14.t13.propagations = 18430
h14.t15.restarts = 2
h14.t15.nogoods_size = 2544
h14.t15.nodes = 21089
h14.t15.propagations = 21089
h14.t11.restarts = 2
h14.t11.nogoods_size = 2544
h14.t11.nodes = 19131
h14.t11.propagations = 19131
h14.t3.restarts = 2
h14.t3.nogoods_size = 2544
h14.t3.nodes = 18417
h14.t3.propagations = 18417
h14.t14.restarts = 2
h14.t14.nogoods_size = 2544
h14.t14.nodes = 27368
h14.t14.propagations = 27368
h14.t6.restarts = 2
h14.t6.nogoods_size = 2544
h14.t6.nodes = 19682
h14.t6.propagations = 19682
h14.t4.restarts = 2
h14.t4.nogoods_size = 2544
h14.t4.nodes = 21499
h14.t4.propagations = 21499
h14.t2.restarts = 2
h14.t2.nogoods_size = 2544
h14.t2.nodes = 37442
h14.t2.propagations = 37442
h14.t1.restarts = 2
h14.t1.nogoods_size = 2544
h14.t1.nodes = 19878
h14.t1.propagations = 19878
h14.t9.restarts = 2
h14.t9.nogoods_size = 2544
h14.t9.nodes = 19938
h14.t9.propagations = 19938
h14.t12.restarts = 2
h14.t12.nogoods_size = 2544
h14.t12.nodes = 21389
h14.t12.propagations = 21389
h14.t10.restarts = 2
h14.t10.nogoods_size = 2544
h14.t10.nodes = 19285
h14.t10.propagations = 19285
h14.search_time = 211
h14.nodes = 388982
h14.propagations = 1103941
h15.t0.restarts = 2
h15.t0.nogoods_size = 2550
h15.t0.nodes = 12509
h15.t0.propagations = 12509
h15.t1.restarts = 2
h15.t1.nogoods_size = 2550
h15.t1.nodes = 21337
h15.t1.propagations = 21337
h15.t13.restarts = 2
h15.t13.nogoods_size = 2550
h15.t13.nodes = 24608
h15.t13.propagations = 24608
h15.t8.restarts = 2
h15.t8.nogoods_size = 2550
h15.t8.nodes = 25632
h15.t8.propagations = 25632
h15.t5.restarts = 2
h15.t5.nogoods_size = 2550
h15.t5.nodes = 24356
h15.t5.propagations = 24356
h15.t12.restarts = 2
h15.t12.nogoods_size = 2550
h15.t12.nodes = 25142
h15.t12.propagations = 25142
h15.t3.restarts = 2
h15.t3.nogoods_size = 2550
h15.t3.nodes = 26107
h15.t3.propagations = 26107
h15.t15.restarts = 2
h15.t15.nogoods_size = 2550
h15.t15.nodes = 19950
h15.t15.propagations = 19950
h15.t7.restarts = 2
h15.t7.nogoods_size = 2550
h15.t7.nodes = 26541
h15.t7.propagations = 26541
h15.t11.restarts = 2
h15.t11.nogoods_size = 2550
h15.t11.nodes = 21504
h15.t11.propagations = 21504
h15.t14.restarts = 2
h15.t14.nogoods_size = 2550
h15.t14.nodes = 19332
h15.t14.propagations = 19332
h15.t6.restarts = 2
h15.t6.nogoods_size = 2550
h15.t6.nodes = 18664
h15.t6.propagations = 18664
h15.t2.restarts = 2
h15.t2.nogoods_size = 2550
h15.t2.nodes = 18504
h15.t2.propagations = 18504
h15.t17.restarts = 2
h15.t17.nogoods_size = 2550
h15.t17.nodes = 9302
h15.t17.propagations = 9302
h15.t9.restarts = 2
h15.t9.nogoods_size = 2550
h15.t9.nodes = 26346
h15.t9.propagations = 26346
h15.t16.restarts = 2
h15.t16.nogoods_size = 2550
h15.t16.nodes = 30272
h15.t16.propagations = 30272
h15.t10.restarts = 2
h15.t10.nogoods_size = 2550
h15.t10.nodes = 27682
h15.t10.propagations = 27682
h15.t4.restarts = 2
h15.t4.nogoods_size = 2550
h15.t4.nodes = 19459
h15.t4.propagations = 19459
h15.search_time = 209
h15.nodes = 397247
h15.propagations = 1111965
h16.t0.restarts = 2
h16.t0.nogoods_size = 2561
h16.t0.nodes = 14176
h16.t0.propagations = 14176
h16.t4.restarts = 2
h16.t4.nogoods_size = 2561
h16.t4.nodes = 20577
h16.t4.propagations = 20577
h16.t7.restarts = 2
h16.t7.nogoods_size = 2561
h16.t7.nodes = 20116
h16.t7.propagations = 20116
h16.t13.restarts = 2
h16.t13.nogoods_size = 2561
h16.t13.nodes = 19892
h16.t13.propagations = 19892
h16.t12.restarts = 2
h16.t12.nogoods_size = 2561
h16.t12.nodes = 29372
h16.t12.propagations = 29372
h16.t17.restarts = 2
h16.t17.nogoods_size = 2561
h16.t17.nodes = 10649
h16.t17.propagations = 10649
h16.t9.restarts = 2
h16.t9.nogoods_size = 2561
h16.t9.nodes = 18447
h16.t9.propagations = 18447
h16.t8.restarts = 2
h16.t8.nogoods_size = 2561
h16.t8.nodes = 25653
h16.t8.propagations = 25653
h16.t2.restarts = 2
h16.t2.nogoods_size = 2561
h16.t2.nodes = 21475
h16.t2.propagations = 21475
h16.t10.restarts = 2
h16.t10.nogoods_size = 2561
h16.t10.nodes = 18750
h16.t10.propagations = 18750
h16.t5.restarts = 2
h16.t5.nogoods_size = 2561
h16.t5.nodes = 20362
h16.t5.propagations = 20362
h16.t14.restarts = 2
h16.t14.nogoods_size = 2561
h16.t14.nodes = 26187
h16.t14.propagations = 26187
h16.t15.restarts = 2
h16.t15.nogoods_size = 2561
h16.t15.nodes = 20346
h16.t15.propagations = 20346
h16.t16.restarts = 2
h16.t16.nogoods_size = 2561
h16.t16.nodes = 23299
h16.t16.propagations = 23299
h16.t11.restarts = 2
h16.t11.nogoods_size = 2561
h16.t11.nodes = 42710
h16.t11.propagations = 42710
h16.t1.restarts = 2
h16.t1.nogoods_size = 2561
h16.t1.nodes = 21073
h16.t1.propagations = 21073
h16.t6.restarts = 2
h16.t6.nogoods_size = 2561
h16.t6.nodes = 18842
h16.t6.propagations = 18842
h16.t3.restarts = 2
h16.t3.nogoods_size = 2561
h16.t3.nodes = 27572
h16.t3.propagations = 27572
h16.search_time = 211
h16.nodes = 399498
h16.propagations = 1121173
h17.t0.restarts = 2
h17.t0.nogoods_size = 2505
h17.t0.nodes = 14435
h17.t0.propagations = 14435
h17.t9.restarts = 2
h17.t9.nogoods_size = 2505
h17.t9.nodes = 18804
h17.t9.propagations = 18804
h17.t15.restarts = 2
h17.t15.nogoods_size = 2505
h17.t15.nodes = 20234
h17.t15.propagations = 20234
h17.t3.restarts = 2
h17.t3.nogoods_size = 2505
h17.t3.nodes = 22515
h17.t3.propagations = 22515
h17.t2.restarts = 2
h17.t2.nogoods_size = 2505
h17.t2.nodes = 29068
h17.t2.propagations = 29068
h17.t11.restarts = 2
h17.t11.nogoods_size = 2505
h17.t11.nodes = 18090
h17.t11.propagations = 18090
h17.t8.restarts = 2
h17.t8.nogoods_size = 2505
h17.t8.nodes = 20794
h17.t8.propagations = 20794
h17.t10.restarts = 2
h17.t10.nogoods_size = 2505
h17.t10.nodes = 27167
h17.t10.propagations = 27167
h17.t1.restarts = 2
h17.t1.nogoods_size = 2505
h17.t1.nodes = 19482
h17.t1.propagations = 19482
h17.t14.restarts = 2
h17.t14.nogoods_size = 2505
h17.t14.nodes = 26654
h17.t14.propagations = 26654
h17.t7.restarts = 2
h17.t7.nogoods_size = 2505
h17.t7.nodes = 27598
h17.t7.propagations = 27598
h17.t4.restarts = 2
h17.t4.nogoods_size = 2505
h17.t4.nodes = 37953
h17.t4.propagations = 37953
h17.t5.restarts = 2
h17.t5.nogoods_size = 2505
h17.t5.nodes = 17695
h17.t5.propagations = 17695
h17.t12.restarts = 2
h17.t12.nogoods_size = 2505
h17.t12.nodes = 25801
h17.t12.propagations = 25801
h17.t6.restarts = 2
h17.t6.nogoods_size = 2505
h17.t6.nodes = 28572
h17.t6.propagations = 28572
h17.t13.restarts = 2
h17.t13.nogoods_size = 2505
h17.t13.nodes = 18440
h17.t13.propagations = 18440
h17.t16.restarts = 2
h17.t16.nogoods_size = 2505
h17.t16.nodes = 26244
h17.t16.propagations = 26244
h17.t17.restarts = 2
h17.t17.nogoods_size = 2505
h17.t17.nodes = 10927
h17.t17.propagations = 10927
h17.search_time = 210
h17.nodes = 410473
h17.propagations = 1154925
h18.t10.restarts = 2
h18.t10.nogoods_size = 2538
h18.t10.nodes = 25825
h18.t10.propagations = 25825
h18.t6.restarts = 2
h18.t6.nogoods_size = 2538
h18.t6.nodes = 21548
h18.t6.propagations = 21548
h18.t11.restarts = 2
h18.t11.nogoods_size = 2538
h18.t11.nodes = 19474
h18.t11.propagations = 19474
h18.t14.restarts = 2
h18.t14.nogoods_size = 2538
h18.t14.nodes = 20060
h18.t14.propagations = 20060
h18.t0.restarts = 2
h18.t0.nogoods_size = 2538
h18.t0.nodes = 10722
h18.t0.propagations = 10722
h18.t17.restarts = 2
h18.t17.nogoods_size = 2538
h18.t17.nodes = 12540
h18.t17.propagations = 12540
h18.t7.restarts = 2
h18.t7.nogoods_size = 2538
h18.t7.nodes = 27254
h18.t7.propagations = 27254
h18.t2.restarts = 2
h18.t2.nogoods_size = 2538
h18.t2.nodes = 26517
h18.t2.propagations = 26517
h18.t5.restarts = 2
h18.t5.nogoods_size = 2538
h18.t5.nodes = 25894
h18.t5.propagations = 25894
h18.t9.restarts = 2
h18.t9.nogoods_size = 2538
h18.t9.nodes = 27798
h18.t9.propagations = 27798
h18.t4.restarts = 2
h18.t4.nogoods_size = 2538
h18.t4.nodes = 21021
h18.t4.propagations = 21021
h18.t13.restarts = 2
h18.t13.nogoods_size = 2538
h18.t13.nodes = 26721
h18.t13.propagations = 26721
h18.t8.restarts = 2
h18.t8.nogoods_size = 2538
h18.t8.nodes = 20958
h18.t8.propagations = 20958
h18.t16.restarts = 2
h18.t16.nogoods_size = 2538
h18.t16.nodes = 25967
h18.t16.propagations = 25967
h18.t12.restarts = 2
h18.t12.nogoods_size = 2538
h18.t12.nodes = 26146
h18.t12.propagations = 26146
h18.t15.restarts = 2
h18.t15.nogoods_size = 2538
h18.t15.nodes = 19715
h18.t15.propagations = 19715
h18.t3.restarts = 2
h18.t3.nogoods_size = 2538
h18.t3.nodes = 26720
h18.t3.propagations = 26720
h18.t1.restarts = 2
h18.t1.nogoods_size = 2538
h18.t1.nodes = 22296
h18.t1.propagations = 22296
h18.search_time = 214
h18.nodes = 407176
h18.propagations = 1149179
h19.t0.restarts = 2
h19.t0.nogoods_size = 2506
h19.t0.nodes = 10713
h19.t0.propagations = 10713
h19.t6.restarts = 2
h19.t6.nogoods_size = 2506
h19.t6.nodes = 20239
h19.t6.propagations = 20239
h19.t11.restarts = 2
h19.t11.nogoods_size = 2506
h19.t11.nodes = 19022
h19.t11.propagations = 19022
h19.t8.restarts = 2
h19.t8.nogoods_size = 2506
h19.t8.nodes = 19655
h19.t8.propagations = 19655
h19.t5.restarts = 2
h19.t5.nogoods_size = 2506
h19.t5.nodes = 24421
h19.t5.propagations = 24421
h19.t4.restarts = 2
h19.t4.nogoods_size = 2506
h19.t4.nodes = 24773
h19.t4.propagations = 24773
h19.t7.restarts = 2
h19.t7.nogoods_size = 2506
h19.t7.nodes = 27954
h19.t7.propagations = 27954
h19.t3.restarts = 2
h19.t3.nogoods_size = 2506
h19.t3.nodes = 27956
h19.t3.propagations = 27956
h19.t10.restarts = 2
h19.t10.nogoods_size = 2506
h19.t10.nodes = 18243
h19.t10.propagations = 18243
h19.t14.restarts = 2
h19.t14.nogoods_size = 2506
h19.t14.nodes = 22585
h19.t14.propagations = 22585
h19.t17.restarts = 2
h19.t17.nogoods_size = 2506
h19.t17.nodes = 10245
h19.t17.propagations = 10245
h19.t13.restarts = 2
h19.t13.nogoods_size = 2506
h19.t13.nodes = 20145
h19.t13.propagations = 20145
h19.t15.restarts = 2
h19.t15.nogoods_size = 2506
h19.t15.nodes = 22324
h19.t15.propagations = 22324
h19.t2.restarts = 2
h19.t2.nogoods_size = 2506
h19.t2.nodes = 31590
h19.t2.propagations = 31590
h19.t9.restarts = 2
h19.t9.nogoods_size = 2506
h19.t9.nodes = 21502
h19.t9.propagations = 21502
h19.t1.restarts = 2
h19.t1.nogoods_size = 2506
h19.t1.nodes = 18863
h19.t1.propagations = 18863
h19.t12.restarts = 2
h19.t12.nogoods_size = 2506
h19.t12.nodes = 18897
h19.t12.propagations = 18897
h19.t16.restarts = 2
h19.t16.nogoods_size = 2506
h19.t16.nodes = 22562
h19.t16.propagations = 22562
h19.search_time = 211
h19.nodes = 381689
h19.propagations = 1067463
h20.t0.restarts = 2
h20.t0.nogoods_size = 2537
h20.t0.nodes = 10109
h20.t0.propagations = 10109
h20.t13.restarts = 2
h20.t13.nogoods_size = 2537
h20.t13.nodes = 25676
h20.t13.propagations = 25676
h20.t15.restarts = 2
h20.t15.nogoods_size = 2537
h20.t15.nodes = 26327
h20.t15.propagations = 26327
h20.t1.restarts = 2
h20.t1.nogoods_size = 2537
h20.t1.nodes = 27422
h20.t1.propagations = 27422
h20.t14.restarts = 2
h20.t14.nogoods_size = 2537
h20.t14.nodes = 19697
h20.t14.propagations = 19697
h20.t17.restarts = 2
h20.t17.nogoods_size = 2537
h20.t17.nodes = 14260
h20.t17.propagations = 14260
h20.t9.restarts = 2
h20.t9.nogoods_size = 2537
h20.t9.nodes = 26294
h20.t9.propagations = 26294
h20.t12.restarts = 2
h20.t12.nogoods_size = 2537
h20.t12.nodes = 18251
h20.t12.propagations = 18251
h20.t7.restarts = 2
h20.t7.nogoods_size = 2537
h20.t7.nodes = 26352
h20.t7.propagations = 26352
h20.t11.restarts = 2
h20.t11.nogoods_size = 2537
h20.t11.nodes = 19491
h20.t11.propagations = 19491
h20.t5.restarts = 2
h20.t5.nogoods_size = 2537
h20.t5.nodes = 25981
h20.t5.propagations = 25981
h20.t6.restarts = 2
h20.t6.nogoods_size = 2537
h20.t6.nodes = 26894
h20.t6.propagations = 26894
h20.t8.restarts = 2
h20.t8.nogoods_size = 2537
h20.t8.nodes = 23224
h20.t8.propagations = 23224
h20.t10.restarts = 2
h20.t10.nogoods_size = 2537
h20.t10.nodes = 25917
h20.t10.propagations = 25917
h20.t16.restarts = 2
h20.t16.nogoods_size = 2537
h20.t16.nodes = 20599
h20.t16.propagations = 20599
h20.t3.restarts = 2
h20.t3.nogoods_size = 2537
h20.t3.nodes = 26720
h20.t3.propagations = 26720
h20.t2.restarts = 2
h20.t2.nogoods_size = 2537
h20.t2.nodes = 28039
h20.t2.propagations = 28039
h20.t4.restarts = 2
h20.t4.nogoods_size = 2537
h20.t4.nodes = 33146
h20.t4.propagations = 33146
h20.search_time = 214
h20.nodes = 424399
h20.propagations = 1191210
h21.t0.restarts = 2
h21.t0.nogoods_size = 2562
h21.t0.nodes = 13219
h21.t0.propagations = 13219
h21.t10.restarts = 2
h21.t10.nogoods_size = 2562
h21.t10.nodes = 26971
h21.t10.propagations = 26971
h21.t3.restarts = 2
h21.t3.nogoods_size = 2562
h21.t3.nodes = 21499
h21.t3.propagations = 21499
h21.t4.restarts = 2
h21.t4.nogoods_size = 2562
h21.t4.nodes = 27966
h21.t4.propagations = 27966
h21.t9.restarts = 2
h21.t9.nogoods_size = 2562
h21.t9.nodes = 25126
h21.t9.propagations = 25126
h21.t13.restarts = 2
h21.t13.nogoods_size = 2562
h21.t13.nodes = 26511
h21.t13.propagations = 26511
h21.t17.restarts = 2
h21.t17.nogoods_size = 2562
h21.t17.nodes = 14212
h21.t17.propagations = 14212
h21.t6.restarts = 2
h21.t6.nogoods_size = 2562
h21.t6.nodes = 24841
h21.t6.propagations = 24841
h21.t12.restarts = 2
h21.t12.nogoods_size = 2562
h21.t12.nodes = 26307
h21.t12.propagations = 26307
h21.t7.restarts = 2
h21.t7.nogoods_size = 2562
h21.t7.nodes = 25937
h21.t7.propagations = 25937
h21.t15.restarts = 2
h21.t15.nogoods_size = 2562
h21.t15.nodes = 20699
h21.t15.propagations = 20699
h21.t11.restarts = 2
h21.t11.nogoods_size = 2562
h21.t11.nodes = 20184
h21.t11.propagations = 20184
h21.t5.restarts = 2
h21.t5.nogoods_size = 2562
h21.t5.nodes = 19366
h21.t5.propagations = 19366
h21.t14.restarts = 2
h21.t14.nogoods_size = 2562
h21.t14.nodes = 24783
h21.t14.propagations = 24783
h21.t1.restarts = 2
h21.t1.nogoods_size = 2562
h21.t1.nodes = 25117
h21.t1.propagations = 25117
h21.t2.restarts = 2
h21.t2.nogoods_size = 2562
h21.t2.nodes = 27460
h21.t2.propagations = 27460
h21.t16.restarts = 2
h21.t16.nogoods_size = 2562
h21.t16.nodes = 30724
h21.t16.propagations = 30724
h21.t8.restarts = 2
h21.t8.nogoods_size = 2562
h21.t8.nodes = 25485
h21.t8.propagations = 25485
h21.search_time = 214
h21.nodes = 426407
h21.propagations = 1189779
h22.t10.where = 0/100 -1/-1 0/31 -1/-1 0/22 -1/-1 0/21 -1/-1 0/3 -1/-1 0/7 -1/-1 0/20 -1/-1 0/5 -1/-1 0/6 -1/-1 0/16 -1/-1 0/5 -1/-1 0/6 -1/-1 0/14 -1/-1 0/6 -1/-1 -1/-1 0/12 -1/-1 0/4 -1/-1 0/3 -1/-1 0/11 -1/-1 1/2 -1/-1 0/3 -1/-1 1/2 -1/-1 0/2 -1/-1 0/2 -1/-1 2/8 -1/-1 -1/-1 -1/-1 1/3 -1/-1 0/2 -1/-1 0/3 -1/-1 1/3 -1/-1 -1/-1 3/6 -1/-1 1/3 -1/-1 0/3 -1/-1 1/2 -1/-1 0/2 -1/-1 1/4 -1/-1 -1/-1 -1/-1 0/5 -1/-1 0/2 -1/-1 -1/-1 -1/-1 -1/-1 -1/-1 0/2 -1/-1 -1/-1 0/6 -1/-1 0/2 -1/-1 0/2 -1/-1 0/2 -1/-1 0/2 -1/-1 -1/-1 -1/-1 -1/-1 -1/-1 0/2 -1/-1 -1/-1 -1/-1 -1/-1 -1/-1 0/2 -1/-1 -1/-1
h22.t10.stop_reason = satisfiable
h22.t10.restarts = 2
h22.t10.nogoods_size = 1
h22.t10.nodes = 36944
h22.t10.propagations = 36944
h22.t14.stop_reason = aborted
h22.t14.restarts = 2
h22.t14.nogoods_size = 1
h22.t14.nodes = 29728
h22.t14.propagations = 29728
h22.t3.stop_reason = aborted
h22.t3.restarts = 2
h22.t3.nogoods_size = 1
h22.t3.nodes = 29095
h22.t3.propagations = 29095
h22.t2.stop_reason = aborted
h22.t2.restarts = 2
h22.t2.nogoods_size = 1
h22.t2.nodes = 29179
h22.t2.propagations = 29179
h22.t7.stop_reason = aborted
h22.t7.restarts = 2
h22.t7.nogoods_size = 1
h22.t7.nodes = 27786
h22.t7.propagations = 27786
h22.t4.stop_reason = aborted
h22.t4.restarts = 2
h22.t4.nogoods_size = 1
h22.t4.nodes = 39458
h22.t4.propagations = 39458
h22.t8.stop_reason = aborted
h22.t8.restarts = 2
h22.t8.nogoods_size = 1
h22.t8.nodes = 26628
h22.t8.propagations = 26628
h22.t5.stop_reason = aborted
h22.t5.restarts = 2
h22.t5.nogoods_size = 1
h22.t5.nodes = 26454
h22.t5.propagations = 26454
h22.t13.stop_reason = aborted
h22.t13.restarts = 2
h22.t13.nogoods_size = 1
h22.t13.nodes = 34559
h22.t13.propagations = 34559
h22.t6.stop_reason = aborted
h22.t6.restarts = 2
h22.t6.nogoods_size = 1
h22.t6.nodes = 27302
h22.t6.propagations = 27302
h22.t16.stop_reason = aborted
h22.t16.restarts = 2
h22.t16.nogoods_size = 1
h22.t16.nodes = 36709
h22.t16.propagations = 36709
h22.t1.stop_reason = aborted
h22.t1.restarts = 2
h22.t1.nogoods_size = 1
h22.t1.nodes = 28944
h22.t1.propagations = 28944
h22.t17.stop_reason = aborted
h22.t17.restarts = 2
h22.t17.nogoods_size = 1
h22.t17.nodes = 15746
h22.t17.propagations = 15746
h22.t12.stop_reason = aborted
h22.t12.restarts = 2
h22.t12.nogoods_size = 1
h22.t12.nodes = 26512
h22.t12.propagations = 26512
h22.t11.stop_reason = aborted
h22.t11.restarts = 2
h22.t11.nogoods_size = 1
h22.t11.nodes = 28482
h22.t11.propagations = 28482
h22.t0.stop_reason = aborted
h22.t0.restarts = 2
h22.t0.nogoods_size = 1
h22.t0.nodes = 14856
h22.t0.propagations = 14856
h22.t15.stop_reason = aborted
h22.t15.restarts = 2
h22.t15.nogoods_size = 1
h22.t15.nodes = 26768
h22.t15.propagations = 26768
h22.t9.stop_reason = aborted
h22.t9.restarts = 2
h22.t9.nogoods_size = 1
h22.t9.nodes = 36778
h22.t9.propagations = 36778
h22.search_time = 197
h22.nodes = 521928
h22.propagations = 1471402
h23.t14.restarts = 2
h23.t14.nogoods_size = 2520
h23.t14.nodes = 35035
h23.t14.propagations = 35035
h23.t11.restarts = 2
h23.t11.nogoods_size = 2520
h23.t11.nodes = 31455
h23.t11.propagations = 31455
h23.t0.restarts = 2
h23.t0.nogoods_size = 2520
h23.t0.nodes = 14323
h23.t0.propagations = 14323
h23.t4.restarts = 2
h23.t4.nogoods_size = 2520
h23.t4.nodes = 39853
h23.t4.propagations = 39853
h23.t1.restarts = 2
h23.t1.nogoods_size = 2520
h23.t1.nodes = 39915
h23.t1.propagations = 39915
h23.t16.restarts = 2
h23.t16.nogoods_size = 2520
h23.t16.nodes = 39243
h23.t16.propagations = 39243
h23.t10.restarts = 2
h23.t10.nogoods_size = 2520
h23.t10.nodes = 29927
h23.t10.propagations = 29927
h23.t8.restarts = 2
h23.t8.nogoods_size = 2520
h23.t8.nodes = 31303
h23.t8.propagations = 31303
h23.t7.restarts = 2
h23.t7.nogoods_size = 2520
h23.t7.nodes = 29637
h23.t7.propagations = 29637
h23.t15.restarts = 2
h23.t15.nogoods_size = 2520
h23.t15.nodes = 33999
h23.t15.propagations = 33999
h23.t5.restarts = 2
h23.t5.nogoods_size = 2520
h23.t5.nodes = 41729
h23.t5.propagations = 41729
h23.t6.restarts = 2
h23.t6.nogoods_size = 2520
h23.t6.nodes = 29172
h23.t6.propagations = 29172
h23.t3.restarts = 2
h23.t3.nogoods_size = 2520
h23.t3.nodes = 28332
h23.t3.propagations = 28332
h23.t17.restarts = 2
h23.t17.nogoods_size = 2520
h23.t17.nodes = 13961
h23.t17.propagations = 13961
h23.t13.restarts = 2
h23.t13.nogoods_size = 2520
h23.t13.nodes = 26260
h23.t13.propagations = 26260
h23.t2.restarts = 2
h23.t2.nogoods_size = 2520
h23.t2.nodes = 29584
h23.t2.propagations = 29584
h23.t9.restarts = 2
h23.t9.nogoods_size = 2520
h23.t9.nodes = 39016
h23.t9.propagations = 39016
h23.t12.restarts = 2
h23.t12.nogoods_size = 2520
h23.t12.nodes = 26929
h23.t12.propagations = 26929
h23.search_time = 219
h23.nodes = 559673
h23.propagations = 1582280
h24.t0.restarts = 2
h24.t0.nogoods_size = 2519
h24.t0.nodes = 12018
h24.t0.propagations = 12018
h24.t2.restarts = 2
h24.t2.nogoods_size = 2519
h24.t2.nodes = 19837
h24.t2.propagations = 19837
h24.t5.restarts = 2
h24.t5.nogoods_size = 2519
h24.t5.nodes = 19289
h24.t5.propagations = 19289
h24.t11.restarts = 2
h24.t11.nogoods_size = 2519
h24.t11.nodes = 19016
h24.t11.propagations = 19016
h24.t4.restarts = 2
h24.t4.nogoods_size = 2519
h24.t4.nodes = 26653
h24.t4.propagations = 26653
h24.t1.restarts = 2
h24.t1.nogoods_size = 2519
h24.t1.nodes = 23963
h24.t1.propagations = 23963
h24.t13.restarts = 2
h24.t13.nogoods_size = 2519
h24.t13.nodes = 21216
h24.t13.propagations = 21216
h24.t16.restarts = 2
h24.t16.nogoods_size = 2519
h24.t16.nodes = 21391
h24.t16.propagations = 21391
h24.t8.restarts = 2
h24.t8.nogoods_size = 2519
h24.t8.nodes = 20102
h24.t8.propagations = 20102
h24.t17.restarts = 2
h24.t17.nogoods_size = 2519
h24.t17.nodes = 14560
h24.t17.propagations = 14560
h24.t7.restarts = 2
h24.t7.nogoods_size = 2519
h24.t7.nodes = 23342
h24.t7.propagations = 23342
h24.t3.restarts = 2
h24.t3.nogoods_size = 2519
h24.t3.nodes = 26141
h24.t3.propagations = 26141
h24.t14.restarts = 2
h24.t14.nogoods_size = 2519
h24.t14.nodes = 19252
h24.t14.propagations = 19252
h24.t6.restarts = 2
h24.t6.nogoods_size = 2519
h24.t6.nodes = 21404
h24.t6.propagations = 21404
h24.t10.restarts = 2
h24.t10.nogoods_size = 2519
h24.t10.nodes = 21448
h24.t10.propagations = 21448
h24.t9.restarts = 2
h24.t9.nogoods_size = 2519
h24.t9.nodes = 28039
h24.t9.propagations = 28039
h24.t15.restarts = 2
h24.t15.nogoods_size = 2519
h24.t15.nodes = 19942
h24.t15.propagations = 19942
h24.t12.restarts = 2
h24.t12.nogoods_size = 2519
h24.t12.nodes = 23998
h24.t12.propagations = 23998
h24.search_time = 231
h24.nodes = 381611
h24.propagations = 1078137
h25.t0.restarts = 2
h25.t0.nogoods_size = 2555
h25.t0.nodes = 15005
h25.t0.propagations = 15005
h25.t5.restarts = 2
h25.t5.nogoods_size = 2555
h25.t5.nodes = 20209
h25.t5.propagations = 20209
h25.t10.restarts = 2
h25.t10.nogoods_size = 2555
h25.t10.nodes = 18997
h25.t10.propagations = 18997
h25.t6.restarts = 2
h25.t6.nogoods_size = 2555
h25.t6.nodes = 20230
h25.t6.propagations = 20230
h25.t1.restarts = 2
h25.t1.nogoods_size = 2555
h25.t1.nodes = 17868
h25.t1.propagations = 17868
h25.t17.restarts = 2
h25.t17.nogoods_size = 2555
h25.t17.nodes = 13683
h25.t17.propagations = 13683
h25.t12.restarts = 2
h25.t12.nogoods_size = 2555
h25.t12.nodes = 18722
h25.t12.propagations = 18722
h25.t7.restarts = 2
h25.t7.nogoods_size = 2555
h25.t7.nodes = 25541
h25.t7.propagations = 25541
h25.t15.restarts = 2
h25.t15.nogoods_size = 2555
h25.t15.nodes = 25060
h25.t15.propagations = 25060
h25.t8.restarts = 2
h25.t8.nogoods_size = 2555
h25.t8.nodes = 27275
h25.t8.propagations = 27275
h25.t11.restarts = 2
h25.t11.nogoods_size = 2555
h25.t11.nodes = 18429
h25.t11.propagations = 18429
h25.t3.restarts = 2
h25.t3.nogoods_size = 2555
h25.t3.nodes = 24914
h25.t3.propagations = 24914
h25.t4.restarts = 2
h25.t4.nogoods_size = 2555
h25.t4.nodes = 20922
h25.t4.propagations = 20922
h25.t2.restarts = 2
h25.t2.nogoods_size = 2555
h25.t2.nodes = 29665
h25.t2.propagations = 29665
h25.t13.restarts = 2
h25.t13.nogoods_size = 2555
h25.t13.nodes = 18822
h25.t13.propagations = 18822
h25.t14.restarts = 2
h25.t14.nogoods_size = 2555
h25.t14.nodes = 25732
h25.t14.propagations = 25732
h25.t16.restarts = 2
h25.t16.nogoods_size = 2555
h25.t16.nodes = 29596
h25.t16.propagations = 29596
h25.t9.restarts = 2
h25.t9.nogoods_size = 2555
h25.t9.nodes = 20391
h25.t9.propagations = 20391
h25.search_time = 226
h25.nodes = 391061
h25.propagations = 1107708
h26.t0.restarts = 2
h26.t0.nogoods_size = 2525
h26.t0.nodes = 9454
h26.t0.propagations = 9454
h26.t10.restarts = 2
h26.t10.nogoods_size = 2525
h26.t10.nodes = 27463
h26.t10.propagations = 27463
h26.t2.restarts = 2
h26.t2.nogoods_size = 2525
h26.t2.nodes = 19188
h26.t2.propagations = 19188
h26.t3.restarts = 2
h26.t3.nogoods_size = 2525
h26.t3.nodes = 26788
h26.t3.propagations = 26788
h26.t8.restarts = 2
h26.t8.nogoods_size = 2525
h26.t8.nodes = 19387
h26.t8.propagations = 19387
h26.t9.restarts = 2
h26.t9.nogoods_size = 2525
h26.t9.nodes = 19572
h26.t9.propagations = 19572
h26.t6.restarts = 2
h26.t6.nogoods_size = 2525
h26.t6.nodes = 27064
h26.t6.propagations = 27064
h26.t4.restarts = 2
h26.t4.nogoods_size = 2525
h26.t4.nodes = 27331
h26.t4.propagations = 27331
h26.t7.restarts = 2
h26.t7.nogoods_size = 2525
h26.t7.nodes = 27920
h26.t7.propagations = 27920
h26.t17.restarts = 2
h26.t17.nogoods_size = 2525
h26.t17.nodes = 9662
h26.t17.propagations = 9662
h26.t5.restarts = 2
h26.t5.nogoods_size = 2525
h26.t5.nodes = 30048
h26.t5.propagations = 30048
h26.t13.restarts = 2
h26.t13.nogoods_size = 2525
h26.t13.nodes = 21592
h26.t13.propagations = 21592
h26.t15.restarts = 2
h26.t15.nogoods_size = 2525
h26.t15.nodes = 17962
h26.t15.propagations = 17962
h26.t14.restarts = 2
h26.t14.nogoods_size = 2525
h26.t14.nodes = 18879
h26.t14.propagations = 18879
h26.t1.restarts = 2
h26.t1.nogoods_size = 2525
h26.t1.nodes = 31483
h26.t1.propagations = 31483
h26.t16.restarts = 2
h26.t16.nogoods_size = 2525
h26.t16.nodes = 20926
h26.t16.propagations = 20926
h26.t11.restarts = 2
h26.t11.nogoods_size = 2525
h26.t11.nodes = 26589
h26.t11.propagations = 26589
h26.t12.restarts = 2
h26.t12.nogoods_size = 2525
h26.t12.nodes = 21870
h26.t12.propagations = 21870
h26.search_time = 228
h26.nodes = 403178
h26.propagations = 1135944
h27.t0.restarts = 2
h27.t0.nogoods_size = 2558
h27.t0.nodes = 12594
h27.t0.propagations = 12594
h27.t13.restarts = 2
h27.t13.nogoods_size = 2558
h27.t13.nodes = 19184
h27.t13.propagations = 19184
h27.t8.restarts = 2
h27.t8.nogoods_size = 2558
h27.t8.nodes = 22951
h27.t8.propagations = 22951
h27.t3.restarts = 2
h27.t3.nogoods_size = 2558
h27.t3.nodes = 26613
h27.t3.propagations = 26613
h27.t14.restarts = 2
h27.t14.nogoods_size = 2558
h27.t14.nodes = 20674
h27.t14.propagations = 20674
h27.t16.restarts = 2
h27.t16.nogoods_size = 2558
h27.t16.nodes = 28208
h27.t16.propagations = 28208
h27.t12.restarts = 2
h27.t12.nogoods_size = 2558
h27.t12.nodes = 19564
h27.t12.propagations = 19564
h27.t2.restarts = 2
h27.t2.nogoods_size = 2558
h27.t2.nodes = 20312
h27.t2.propagations = 20312
h27.t17.restarts = 2
h27.t17.nogoods_size = 2558
h27.t17.nodes = 14142
h27.t17.propagations = 14142
h27.t6.restarts = 2
h27.t6.nogoods_size = 2558
h27.t6.nodes = 26954
h27.t6.propagations = 26954
h27.t10.restarts = 2
h27.t10.nogoods_size = 2558
h27.t10.nodes = 19754
h27.t10.propagations = 19754
h27.t7.restarts = 2
h27.t7.nogoods_size = 2558
h27.t7.nodes = 21030
h27.t7.propagations = 21030
h27.t9.restarts = 2
h27.t9.nogoods_size = 2558
h27.t9.nodes = 26289
h27.t9.propagations = 26289
h27.t15.restarts = 2
h27.t15.nogoods_size = 2558
h27.t15.nodes = 22170
h27.t15.propagations = 22170
h27.t5.restarts = 2
h27.t5.nogoods_size = 2558
h27.t5.nodes = 24528
h27.t5.propagations = 24528
h27.t1.restarts = 2
h27.t1.nogoods_size = 2558
h27.t1.nodes = 26782
h27.t1.propagations = 26782
h27.t4.restarts = 2
h27.t4.nogoods_size = 2558
h27.t4.nodes = 26571
h27.t4.propagations = 26571
h27.t11.restarts = 2
h27.t11.nogoods_size = 2558
h27.t11.nodes = 26741
h27.t11.propagations = 26741
h27.search_time = 227
h27.nodes = 405061
h27.propagations = 1121673
h28.t1.restarts = 2
h28.t1.nogoods_size = 2556
h28.t1.nodes = 40145
h28.t1.propagations = 40145
h28.t10.restarts = 2
h28.t10.nogoods_size = 2556
h28.t10.nodes = 35218
h28.t10.propagations = 35218
h28.t4.restarts = 2
h28.t4.nogoods_size = 2556
h28.t4.nodes = 31467
h28.t4.propagations = 31467
h28.t2.restarts = 2
h28.t2.nogoods_size = 2556
h28.t2.nodes = 30666
h28.t2.propagations = 30666
h28.t16.restarts = 2
h28.t16.nogoods_size = 2556
h28.t16.nodes = 36604
h28.t16.propagations = 36604
h28.t3.restarts = 2
h28.t3.nogoods_size = 2556
h28.t3.nodes = 44489
h28.t3.propagations = 44489
h28.t8.restarts = 2
h28.t8.nogoods_size = 2556
h28.t8.nodes = 32630
h28.t8.propagations = 32630
h28.t17.restarts = 2
h28.t17.nogoods_size = 2556
h28.t17.nodes = 14496
h28.t17.propagations = 14496
h28.t13.restarts = 2
h28.t13.nogoods_size = 2556
h28.t13.nodes = 31186
h28.t13.propagations = 31186
h28.t7.restarts = 2
h28.t7.nogoods_size = 2556
h28.t7.nodes = 44704
h28.t7.propagations = 44704
h28.t6.restarts = 2
h28.t6.nogoods_size = 2556
h28.t6.nodes = 40129
h28.t6.propagations = 40129
h28.t12.restarts = 2
h28.t12.nogoods_size = 2556
h28.t12.nodes = 29471
h28.t12.propagations = 29471
h28.t11.restarts = 2
h28.t11.nogoods_size = 2556
h28.t11.nodes = 32279
h28.t11.propagations = 32279
h28.t15.restarts = 2
h28.t15.nogoods_size = 2556
h28.t15.nodes = 29652
h28.t15.propagations = 29652
h28.t5.restarts = 2
h28.t5.nogoods_size = 2556
h28.t5.nodes = 32417
h28.t5.propagations = 32417
h28.t0.restarts = 2
h28.t0.nogoods_size = 2556
h28.t0.nodes = 22166
h28.t0.propagations = 22166
h28.t9.restarts = 2
h28.t9.nogoods_size = 2556
h28.t9.nodes = 29609
h28.t9.propagations = 29609
h28.t14.restarts = 2
h28.t14.nogoods_size = 2556
h28.t14.nodes = 29867
h28.t14.propagations = 29867
h28.search_time = 217
h28.nodes = 587195
h28.propagations = 1663482
h29.t0.restarts = 2
h29.t0.nogoods_size = 2579
h29.t0.nodes = 13421
h29.t0.propagations = 13421
h29.t15.restarts = 2
h29.t15.nogoods_size = 2579
h29.t15.nodes = 29989
h29.t15.propagations = 29989
h29.t3.restarts = 2
h29.t3.nogoods_size = 2579
h29.t3.nodes = 41254
h29.t3.propagations = 41254
h29.t2.restarts = 2
h29.t2.nogoods_size = 2579
h29.t2.nodes = 40382
h29.t2.propagations = 40382
h29.t9.restarts = 2
h29.t9.nogoods_size = 2579
h29.t9.nodes = 35321
h29.t9.propagations = 35321
h29.t11.restarts = 2
h29.t11.nogoods_size = 2579
h29.t11.nodes = 30189
h29.t11.propagations = 30189
h29.t1.restarts = 2
h29.t1.nogoods_size = 2579
h29.t1.nodes = 30025
h29.t1.propagations = 30025
h29.t13.restarts = 2
h29.t13.nogoods_size = 2579
h29.t13.nodes = 29829
h29.t13.propagations = 29829
h29.t10.restarts = 2
h29.t10.nogoods_size = 2579
h29.t10.nodes = 41586
h29.t10.propagations = 41586
h29.t8.restarts = 2
h29.t8.nogoods_size = 2579
h29.t8.nodes = 37501
h29.t8.propagations = 37501
h29.t4.restarts = 2
h29.t4.nogoods_size = 2579
h29.t4.nodes = 32856
h29.t4.propagations = 32856
h29.t7.restarts = 2
h29.t7.nogoods_size = 2579
h29.t7.nodes = 29728
h29.t7.propagations = 29728
h29.t12.restarts = 2
h29.t12.nogoods_size = 2579
h29.t12.nodes = 32030
h29.t12.propagations = 32030
h29.t14.restarts = 2
h29.t14.nogoods_size = 2579
h29.t14.nodes = 40836
h29.t14.propagations = 40836
h29.t16.restarts = 2
h29.t16.nogoods_size = 2579
h29.t16.nodes = 31879
h29.t16.propagations = 31879
h29.t5.restarts = 2
h29.t5.nogoods_size = 2579
h29.t5.nodes = 30899
h29.t5.propagations = 30899
h29.t6.restarts = 2
h29.t6.nogoods_size = 2579
h29.t6.nodes = 28392
h29.t6.propagations = 28392
h29.t17.restarts = 2
h29.t17.nogoods_size = 2579
h29.t17.nodes = 21365
h29.t17.propagations = 21365
h29.search_time = 218
h29.nodes = 577482
h29.propagations = 1634548
h30.t0.restarts = 2
h30.t0.nogoods_size = 2554
h30.t0.nodes = 12619
h30.t0.propagations = 12619
h30.t13.restarts = 2
h30.t13.nogoods_size = 2554
h30.t13.nodes = 20203
h30.t13.propagations = 20203
h30.t5.restarts = 2
h30.t5.nogoods_size = 2554
h30.t5.nodes = 27353
h30.t5.propagations = 27353
h30.t14.restarts = 2
h30.t14.nogoods_size = 2554
h30.t14.nodes = 17455
h30.t14.propagations = 17455
h30.t8.restarts = 2
h30.t8.nogoods_size = 2554
h30.t8.nodes = 26398
h30.t8.propagations = 26398
h30.t9.restarts = 2
h30.t9.nogoods_size = 2554
h30.t9.nodes = 21753
h30.t9.propagations = 21753
h30.t10.restarts = 2
h30.t10.nogoods_size = 2554
h30.t10.nodes = 25420
h30.t10.propagations = 25420
h30.t15.restarts = 2
h30.t15.nogoods_size = 2554
h30.t15.nodes = 18042
h30.t15.propagations = 18042
h30.t1.restarts = 2
h30.t1.nogoods_size = 2554
h30.t1.nodes = 21114
h30.t1.propagations = 21114
h30.t6.restarts = 2
h30.t6.nogoods_size = 2554
h30.t6.nodes = 26947
h30.t6.propagations = 26947
h30.t17.restarts = 2
h30.t17.nogoods_size = 2554
h30.t17.nodes = 13322
h30.t17.propagations = 13322
h30.t11.restarts = 2
h30.t11.nogoods_size = 2554
h30.t11.nodes = 26843
h30.t11.propagations = 26843
h30.t3.restarts = 2
h30.t3.nogoods_size = 2554
h30.t3.nodes = 20290
h30.t3.propagations = 20290
h30.t2.restarts = 2
h30.t2.nogoods_size = 2554
h30.t2.nodes = 22317
h30.t2.propagations = 22317
h30.t7.restarts = 2
h30.t7.nogoods_size = 2554
h30.t7.nodes = 18722
h30.t7.propagations = 18722
h30.t12.restarts = 2
h30.t12.nogoods_size = 2554
h30.t12.nodes = 27555
h30.t12.propagations = 27555
h30.t4.restarts = 2
h30.t4.nogoods_size = 2554
h30.t4.nodes = 26867
h30.t4.propagations = 26867
h30.t16.restarts = 2
h30.t16.nogoods_size = 2554
h30.t16.nodes = 32393
h30.t16.propagations = 32393
h30.search_time = 219
h30.nodes = 405613
h30.propagations = 1157695
h31.t0.restarts = 2
h31.t0.nogoods_size = 2529
h31.t0.nodes = 10286
h31.t0.propagations = 10286
h31.t4.restarts = 2
h31.t4.nogoods_size = 2529
h31.t4.nodes = 20607
h31.t4.propagations = 20607
h31.t12.restarts = 2
h31.t12.nogoods_size = 2529
h31.t12.nodes = 24886
h31.t12.propagations = 24886
h31.t1.restarts = 2
h31.t1.nogoods_size = 2529
h31.t1.nodes = 31160
h31.t1.propagations = 31160
h31.t14.restarts = 2
h31.t14.nogoods_size = 2529
h31.t14.nodes = 24901
h31.t14.propagations = 24901
h31.t7.restarts = 2
h31.t7.nogoods_size = 2529
h31.t7.nodes = 19390
h31.t7.propagations = 19390
h31.t6.restarts = 2
h31.t6.nogoods_size = 2529
h31.t6.nodes = 21301
h31.t6.propagations = 21301
h31.t13.restarts = 2
h31.t13.nogoods_size = 2529
h31.t13.nodes = 22406
h31.t13.propagations = 22406
h31.t9.restarts = 2
h31.t9.nogoods_size = 2529
h31.t9.nodes = 26133
h31.t9.propagations = 26133
h31.t3.restarts = 2
h31.t3.nogoods_size = 2529
h31.t3.nodes = 21467
h31.t3.propagations = 21467
h31.t15.restarts = 2
h31.t15.nogoods_size = 2529
h31.t15.nodes = 25347
h31.t15.propagations = 25347
h31.t2.restarts = 2
h31.t2.nogoods_size = 2529
h31.t2.nodes = 27584
h31.t2.propagations = 27584
h31.t5.restarts = 2
h31.t5.nogoods_size = 2529
h31.t5.nodes = 27984
h31.t5.propagations = 27984
h31.t11.restarts = 2
h31.t11.nogoods_size = 2529
h31.t11.nodes = 19517
h31.t11.propagations = 19517
h31.t10.restarts = 2
h31.t10.nogoods_size = 2529
h31.t10.nodes = 18774
h31.t10.propagations = 18774
h31.t8.restarts = 2
h31.t8.nogoods_size = 2529
h31.t8.nodes = 20975
h31.t8.propagations = 20975
h31.t17.restarts = 2
h31.t17.nogoods_size = 2529
h31.t17.nodes = 14028
h31.t17.propagations = 14028
h31.t16.restarts = 2
h31.t16.nogoods_size = 2529
h31.t16.nodes = 26014
h31.t16.propagations = 26014
h31.search_time = 217
h31.nodes = 402760
h31.propagations = 1131333
h32.t10.where = 0/100 -1/-1 0/31 -1/-1 0/24 -1/-1 0/21 -1/-1 0/20 -1/-1 0/4 -1/-1 0/5 -1/-1 0/7 -1/-1 0/16 -1/-1 0/7 -1/-1 0/15 -1/-1 0/4 -1/-1 0/5 -1/-1 -1/-1 -1/-1 0/11 -1/-1 -1/-1 0/3 -1/-1 0/2 -1/-1 0/3 -1/-1 0/10 -1/-1 0/2 -1/-1 -1/-1 0/2 -1/-1 0/2 -1/-1 3/9 -1/-1 0/3 -1/-1 4/7 -1/-1 0/3 -1/-1 1/4 -1/-1 4/8 -1/-1 2/3 -1/-1 0/2 -1/-1 0/3 -1/-1 -1/-1 0/2 -1/-1 -1/-1 1/2 -1/-1 0/3 -1/-1 0/2 -1/-1 1/6 -1/-1 0/2 -1/-1 -1/-1 0/2 -1/-1 -1/-1 -1/-1 -1/-1 0/2 -1/-1 0/3 -1/-1 -1/-1 -1/-1 -1/-1 -1/-1 -1/-1 -1/-1 -1/-1 -1/-1 -1/-1 -1/-1 -1/-1 -1/-1 0/2 -1/-1 -1/-1 -1/-1
h32.t10.stop_reason = satisfiable
h32.t10.restarts = 2
h32.t10.nogoods_size = 1
h32.t10.nodes = 26569
h32.t10.propagations = 26569
h32.t17.stop_reason = aborted
h32.t17.restarts = 2
h32.t17.nogoods_size = 1
h32.t17.nodes = 14820
h32.t17.propagations = 14820
h32.t8.stop_reason = aborted
h32.t8.restarts = 2
h32.t8.nogoods_size = 1
h32.t8.nodes = 30247
h32.t8.propagations = 30247
h32.t3.stop_reason = aborted
h32.t3.restarts = 2
h32.t3.nogoods_size = 1
h32.t3.nodes = 23494
h32.t3.propagations = 23494
h32.t14.stop_reason = aborted
h32.t14.restarts = 2
h32.t14.nogoods_size = 1
h32.t14.nodes = 25227
h32.t14.propagations = 25227
h32.t5.stop_reason = aborted
h32.t5.restarts = 2
h32.t5.nogoods_size = 1
h32.t5.nodes = 21924
h32.t5.propagations = 21924
h32.t12.stop_reason = aborted
h32.t12.restarts = 2
h32.t12.nogoods_size = 1
h32.t12.nodes = 24049
h32.t12.propagations = 24049
h32.t1.stop_reason = aborted
h32.t1.restarts = 2
h32.t1.nogoods_size = 1
h32.t1.nodes = 19974
h32.t1.propagations = 19974
h32.t16.stop_reason = aborted
h32.t16.restarts = 2
h32.t16.nogoods_size = 1
h32.t16.nodes = 24407
h32.t16.propagations = 24407
h32.t7.stop_reason = aborted
h32.t7.restarts = 2
h32.t7.nogoods_size = 1
h32.t7.nodes = 31324
h32.t7.propagations = 31324
h32.t6.stop_reason = aborted
h32.t6.restarts = 2
h32.t6.nogoods_size = 1
h32.t6.nodes = 30217
h32.t6.propagations = 30217
h32.t11.stop_reason = aborted
h32.t11.restarts = 2
h32.t11.nogoods_size = 1
h32.t11.nodes = 25889
h32.t11.propagations = 25889
h32.t4.stop_reason = aborted
h32.t4.restarts = 2
h32.t4.nogoods_size = 1
h32.t4.nodes = 23446
h32.t4.propagations = 23446
h32.t13.stop_reason = aborted
h32.t13.restarts = 2
h32.t13.nogoods_size = 1
h32.t13.nodes = 27562
h32.t13.propagations = 27562
h32.t2.stop_reason = aborted
h32.t2.restarts = 2
h32.t2.nogoods_size = 1
h32.t2.nodes = 29947
h32.t2.propagations = 29947
h32.t9.stop_reason = aborted
h32.t9.restarts = 2
h32.t9.nogoods_size = 1
h32.t9.nodes = 24450
h32.t9.propagations = 24450
h32.t15.stop_reason = aborted
h32.t15.restarts = 2
h32.t15.nogoods_size = 1
h32.t15.nodes = 22853
h32.t15.propagations = 22853
h32.t0.stop_reason = aborted
h32.t0.restarts = 2
h32.t0.nogoods_size = 1
h32.t0.nodes = 11310
h32.t0.propagations = 11310
h32.search_time = 212
h32.nodes = 437709
h32.propagations = 1253868
h33.t0.restarts = 2
h33.t0.nogoods_size = 2559
h33.t0.nodes = 14450
h33.t0.propagations = 14450
h33.t9.restarts = 2
h33.t9.nogoods_size = 2559
h33.t9.nodes = 39437
h33.t9.propagations = 39437
h33.t1.restarts = 2
h33.t1.nogoods_size = 2559
h33.t1.nodes = 29377
h33.t1.propagations = 29377
h33.t6.restarts = 2
h33.t6.nogoods_size = 2559
h33.t6.nodes = 28613
h33.t6.propagations = 28613
h33.t17.restarts = 2
h33.t17.nogoods_size = 2559
h33.t17.nodes = 15719
h33.t17.propagations = 15719
h33.t14.restarts = 2
h33.t14.nogoods_size = 2559
h33.t14.nodes = 28862
h33.t14.propagations = 28862
h33.t12.restarts = 2
h33.t12.nogoods_size = 2559
h33.t12.nodes = 30439
h33.t12.propagations = 30439
h33.t3.restarts = 2
h33.t3.nogoods_size = 2559
h33.t3.nodes = 37497
h33.t3.propagations = 37497
h33.t11.restarts = 2
h33.t11.nogoods_size = 2559
h33.t11.nodes = 27549
h33.t11.propagations = 27549
h33.t5.restarts = 2
h33.t5.nogoods_size = 2559
h33.t5.nodes = 30576
h33.t5.propagations = 30576
h33.t7.restarts = 2
h33.t7.nogoods_size = 2559
h33.t7.nodes = 30486
h33.t7.propagations = 30486
h33.t16.restarts = 2
h33.t16.nogoods_size = 2559
h33.t16.nodes = 29744
h33.t16.propagations = 29744
h33.t4.restarts = 2
h33.t4.nogoods_size = 2559
h33.t4.nodes = 37556
h33.t4.propagations = 37556
h33.t8.restarts = 2
h33.t8.nogoods_size = 2559
h33.t8.nodes = 39942
h33.t8.propagations = 39942
h33.t2.restarts = 2
h33.t2.nogoods_size = 2559
h33.t2.nodes = 39275
h33.t2.propagations = 39275
h33.t13.restarts = 2
h33.t13.nogoods_size = 2559
h33.t13.nodes = 40244
h33.t13.propagations = 40244
h33.t15.restarts = 2
h33.t15.nogoods_size = 2559
h33.t15.nodes = 31586
h33.t15.propagations = 31586
h33.t10.restarts = 2
h33.t10.nogoods_size = 2559
h33.t10.nodes = 31696
h33.t10.propagations = 31696
h33.search_time = 232
h33.nodes = 563048
h33.propagations = 1579704
h34.t0.restarts = 2
h34.t0.nogoods_size = 2529
h34.t0.nodes = 15922
h34.t0.propagations = 15922
h34.t16.restarts = 2
h34.t16.nogoods_size = 2529
h34.t16.nodes = 32688
h34.t16.propagations = 32688
h34.t9.restarts = 2
h34.t9.nogoods_size = 2529
h34.t9.nodes = 33797
h34.t9.propagations = 33797
h34.t6.restarts = 2
h34.t6.nogoods_size = 2529
h34.t6.nodes = 42427
h34.t6.propagations = 42427
h34.t17.restarts = 2
h34.t17.nogoods_size = 2529
h34.t17.nodes = 14212
h34.t17.propagations = 14212
h34.t8.restarts = 2
h34.t8.nogoods_size = 2529
h34.t8.nodes = 44174
h34.t8.propagations = 44174
h34.t1.restarts = 2
h34.t1.nogoods_size = 2529
h34.t1.nodes = 32981
h34.t1.propagations = 32981
h34.t15.restarts = 2
h34.t15.nogoods_size = 2529
h34.t15.nodes = 43375
h34.t15.propagations = 43375
h34.t11.restarts = 2
h34.t11.nogoods_size = 2529
h34.t11.nodes = 31233
h34.t11.propagations = 31233
h34.t14.restarts = 2
h34.t14.nogoods_size = 2529
h34.t14.nodes = 42397
h34.t14.propagations = 42397
h34.t3.restarts = 2
h34.t3.nogoods_size = 2529
h34.t3.nodes = 32037
h34.t3.propagations = 32037
h34.t4.restarts = 2
h34.t4.nogoods_size = 2529
h34.t4.nodes = 29864
h34.t4.propagations = 29864
h34.t12.restarts = 2
h34.t12.nogoods_size = 2529
h34.t12.nodes = 31186
h34.t12.propagations = 31186
h34.t13.restarts = 2
h34.t13.nogoods_size = 2529
h34.t13.nodes = 32933
h34.t13.propagations = 32933
h34.t7.restarts = 2
h34.t7.nogoods_size = 2529
h34.t7.nodes = 39632
h34.t7.propagations = 39632
h34.t5.restarts = 2
h34.t5.nogoods_size = 2529
h34.t5.nodes = 43061
h34.t5.propagations = 43061
h34.t10.restarts = 2
h34.t10.nogoods_size = 2529
h34.t10.nodes = 42797
h34.t10.propagations = 42797
h34.t2.restarts = 2
h34.t2.nogoods_size = 2529
h34.t2.nodes = 31044
h34.t2.propagations = 31044
h34.search_time = 225
h34.nodes = 615760
h34.propagations = 1729509
h35.t0.restarts = 2
h35.t0.nogoods_size = 2556
h35.t0.nodes = 20988
h35.t0.propagations = 20988
h35.t8.restarts = 2
h35.t8.nogoods_size = 2556
h35.t8.nodes = 30431
h35.t8.propagations = 30431
h35.t14.restarts = 2
h35.t14.nogoods_size = 2556
h35.t14.nodes = 30988
h35.t14.propagations = 30988
h35.t1.restarts = 2
h35.t1.nogoods_size = 2556
h35.t1.nodes = 31707
h35.t1.propagations = 31707
h35.t15.restarts = 2
h35.t15.nogoods_size = 2556
h35.t15.nodes = 32721
h35.t15.propagations = 32721
h35.t10.restarts = 2
h35.t10.nogoods_size = 2556
h35.t10.nodes = 30604
h35.t10.propagations = 30604
h35.t2.restarts = 2
h35.t2.nogoods_size = 2556
h35.t2.nodes = 29814
h35.t2.propagations = 29814
h35.t7.restarts = 2
h35.t7.nogoods_size = 2556
h35.t7.nodes = 29009
h35.t7.propagations = 29009
h35.t13.restarts = 2
h35.t13.nogoods_size = 2556
h35.t13.nodes = 39863
h35.t13.propagations = 39863
h35.t9.restarts = 2
h35.t9.nogoods_size = 2556
h35.t9.nodes = 28675
h35.t9.propagations = 28675
h35.t16.restarts = 2
h35.t16.nogoods_size = 2556
h35.t16.nodes = 41181
h35.t16.propagations = 41181
h35.t6.restarts = 2
h35.t6.nogoods_size = 2556
h35.t6.nodes = 32254
h35.t6.propagations = 32254
h35.t12.restarts = 2
h35.t12.nogoods_size = 2556
h35.t12.nodes = 31152
h35.t12.propagations = 31152
h35.t11.restarts = 2
h35.t11.nogoods_size = 2556
h35.t11.nodes = 38919
h35.t11.propagations = 38919
h35.t17.restarts = 2
h35.t17.nogoods_size = 2556
h35.t17.nodes = 14611
h35.t17.propagations = 14611
h35.t5.restarts = 2
h35.t5.nogoods_size = 2556
h35.t5.nodes = 40481
h35.t5.propagations = 40481
h35.t4.restarts = 2
h35.t4.nogoods_size = 2556
h35.t4.nodes = 27688
h35.t4.propagations = 27688
h35.t3.restarts = 2
h35.t3.nogoods_size = 2556
h35.t3.nodes = 39119
h35.t3.propagations = 39119
h35.search_time = 226
h35.nodes = 570205
h35.propagations = 1613959
h36.t0.restarts = 2
h36.t0.nogoods_size = 2523
h36.t0.nodes = 15638
h36.t0.propagations = 15638
h36.t7.restarts = 2
h36.t7.nogoods_size = 2523
h36.t7.nodes = 30517
h36.t7.propagations = 30517
h36.t5.restarts = 2
h36.t5.nogoods_size = 2523
h36.t5.nodes = 32108
h36.t5.propagations = 32108
h36.t17.restarts = 2
h36.t17.nogoods_size = 2523
h36.t17.nodes = 15731
h36.t17.propagations = 15731
h36.t14.restarts = 2
h36.t14.nogoods_size = 2523
h36.t14.nodes = 32857
h36.t14.propagations = 32857
h36.t8.restarts = 2
h36.t8.nogoods_size = 2523
h36.t8.nodes = 30597
h36.t8.propagations = 30597
h36.t11.restarts = 2
h36.t11.nogoods_size = 2523
h36.t11.nodes = 31523
h36.t11.propagations = 31523
h36.t10.restarts = 2
h36.t10.nogoods_size = 2523
h36.t10.nodes = 28314
h36.t10.propagations = 28314
h36.t6.restarts = 2
h36.t6.nogoods_size = 2523
h36.t6.nodes = 33303
h36.t6.propagations = 33303
h36.t9.restarts = 2
h36.t9.nogoods_size = 2523
h36.t9.nodes = 42452
h36.t9.propagations = 42452
h36.t1.restarts = 2
h36.t1.nogoods_size = 2523
h36.t1.nodes = 31972
h36.t1.propagations = 31972
h36.t12.restarts = 2
h36.t12.nogoods_size = 2523
h36.t12.nodes = 42364
h36.t12.propagations = 42364
h36.t16.restarts = 2
h36.t16.nogoods_size = 2523
h36.t16.nodes = 41324
h36.t16.propagations = 41324
h36.t13.restarts = 2
h36.t13.nogoods_size = 2523
h36.t13.nodes = 29389
h36.t13.propagations = 29389
h36.t15.restarts = 2
h36.t15.nogoods_size = 2523
h36.t15.nodes = 41879
h36.t15.propagations = 41879
h36.t3.restarts = 2
h36.t3.nogoods_size = 2523
h36.t3.nodes = 39525
h36.t3.propagations = 39525
h36.t4.restarts = 2
h36.t4.nogoods_size = 2523
h36.t4.nodes = 31722
h36.t4.propagations = 31722
h36.t2.restarts = 2
h36.t2.nogoods_size = 2523
h36.t2.nodes = 32308
h36.t2.propagations = 32308
h36.search_time = 222
h36.nodes = 583523
h36.propagations = 1669314
h37.t8.restarts = 2
h37.t8.nogoods_size = 2566
h37.t8.nodes = 39890
h37.t8.propagations = 39890
h37.t15.restarts = 2
h37.t15.nogoods_size = 2566
h37.t15.nodes = 37728
h37.t15.propagations = 37728
h37.t1.restarts = 2
h37.t1.nogoods_size = 2566
h37.t1.nodes = 30058
h37.t1.propagations = 30058
h37.t9.restarts = 2
h37.t9.nogoods_size = 2566
h37.t9.nodes = 32022
h37.t9.propagations = 32022
h37.t17.restarts = 2
h37.t17.nogoods_size = 2566
h37.t17.nodes = 15760
h37.t17.propagations = 15760
h37.t2.restarts = 2
h37.t2.nogoods_size = 2566
h37.t2.nodes = 30264
h37.t2.propagations = 30264
h37.t0.restarts = 2
h37.t0.nogoods_size = 2566
h37.t0.nodes = 15271
h37.t0.propagations = 15271
h37.t5.restarts = 2
h37.t5.nogoods_size = 2566
h37.t5.nodes = 28240
h37.t5.propagations = 28240
h37.t4.restarts = 2
h37.t4.nogoods_size = 2566
h37.t4.nodes = 33931
h37.t4.propagations = 33931
h37.t16.restarts = 2
h37.t16.nogoods_size = 2566
h37.t16.nodes = 42933
h37.t16.propagations = 42933
h37.t12.restarts = 2
h37.t12.nogoods_size = 2566
h37.t12.nodes = 33353
h37.t12.propagations = 33353
h37.t11.restarts = 2
h37.t11.nogoods_size = 2566
h37.t11.nodes = 37442
h37.t11.propagations = 37442
h37.t10.restarts = 2
h37.t10.nogoods_size = 2566
h37.t10.nodes = 30871
h37.t10.propagations = 30871
h37.t13.restarts = 2
h37.t13.nogoods_size = 2566
h37.t13.nodes = 29605
h37.t13.propagations = 29605
h37.t3.restarts = 2
h37.t3.nogoods_size = 2566
h37.t3.nodes = 33746
h37.t3.propagations = 33746
h37.t6.restarts = 2
h37.t6.nogoods_size = 2566
h37.t6.nodes = 40620
h37.t6.propagations = 40620
h37.t7.restarts = 2
h37.t7.nogoods_size = 2566
h37.t7.nodes = 29424
h37.t7.propagations = 29424
h37.t14.restarts = 2
h37.t14.nogoods_size = 2566
h37.t14.nodes = 29814
h37.t14.propagations = 29814
h37.search_time = 226
h37.nodes = 570972
h37.propagations = 1605656
h38.t14.restarts = 2
h38.t14.nogoods_size = 2529
h38.t14.nodes = 34653
h38.t14.propagations = 34653
h38.t12.restarts = 2
h38.t12.nogoods_size = 2529
h38.t12.nodes = 33683
h38.t12.propagations = 33683
h38.t9.restarts = 2
h38.t9.nogoods_size = 2529
h38.t9.nodes = 33010
h38.t9.propagations = 33010
h38.t8.restarts = 2
h38.t8.nogoods_size = 2529
h38.t8.nodes = 30531
h38.t8.propagations = 30531
h38.t11.restarts = 2
h38.t11.nogoods_size = 2529
h38.t11.nodes = 32505
h38.t11.propagations = 32505
h38.t0.restarts = 2
h38.t0.nogoods_size = 2529
h38.t0.nodes = 15202
h38.t0.propagations = 15202
h38.t13.restarts = 2
h38.t13.nogoods_size = 2529
h38.t13.nodes = 32632
h38.t13.propagations = 32632
h38.t2.restarts = 2
h38.t2.nogoods_size = 2529
h38.t2.nodes = 45236
h38.t2.propagations = 45236
h38.t7.restarts = 2
h38.t7.nogoods_size = 2529
h38.t7.nodes = 30480
h38.t7.propagations = 30480
h38.t5.restarts = 2
h38.t5.nogoods_size = 2529
h38.t5.nodes = 43754
h38.t5.propagations = 43754
h38.t17.restarts = 2
h38.t17.nogoods_size = 2529
h38.t17.nodes = 16122
h38.t17.propagations = 16122
h38.t1.restarts = 2
h38.t1.nogoods_size = 2529
h38.t1.nodes = 45788
h38.t1.propagations = 45788
h38.t4.restarts = 2
h38.t4.nogoods_size = 2529
h38.t4.nodes = 36034
h38.t4.propagations = 36034
h38.t3.restarts = 2
h38.t3.nogoods_size = 2529
h38.t3.nodes = 30943
h38.t3.propagations = 30943
h38.t15.restarts = 2
h38.t15.nogoods_size = 2529
h38.t15.nodes = 43208
h38.t15.propagations = 43208
h38.t10.restarts = 2
h38.t10.nogoods_size = 2529
h38.t10.nodes = 33217
h38.t10.propagations = 33217
h38.t16.restarts = 2
h38.t16.nogoods_size = 2529
h38.t16.nodes = 39465
h38.t16.propagations = 39465
h38.t6.restarts = 2
h38.t6.nogoods_size = 2529
h38.t6.nodes = 38210
h38.t6.propagations = 38210
h38.search_time = 219
h38.nodes = 614673
h38.propagations = 1738341
h39.t13.restarts = 2
h39.t13.nogoods_size = 2543
h39.t13.nodes = 27303
h39.t13.propagations = 27303
h39.t6.restarts = 2
h39.t6.nogoods_size = 2543
h39.t6.nodes = 28844
h39.t6.propagations = 28844
h39.t10.restarts = 2
h39.t10.nogoods_size = 2543
h39.t10.nodes = 30020
h39.t10.propagations = 30020
h39.t1.restarts = 2
h39.t1.nogoods_size = 2543
h39.t1.nodes = 27173
h39.t1.propagations = 27173
h39.t4.restarts = 2
h39.t4.nogoods_size = 2543
h39.t4.nodes = 40965
h39.t4.propagations = 40965
h39.t12.restarts = 2
h39.t12.nogoods_size = 2543
h39.t12.nodes = 40118
h39.t12.propagations = 40118
h39.t0.restarts = 2
h39.t0.nogoods_size = 2543
h39.t0.nodes = 16235
h39.t0.propagations = 16235
h39.t15.restarts = 2
h39.t15.nogoods_size = 2543
h39.t15.nodes = 39010
h39.t15.propagations = 39010
h39.t14.restarts = 2
h39.t14.nogoods_size = 2543
h39.t14.nodes = 32579
h39.t14.propagations = 32579
h39.t17.restarts = 2
h39.t17.nogoods_size = 2543
h39.t17.nodes = 18877
h39.t17.propagations = 18877
h39.t9.restarts = 2
h39.t9.nogoods_size = 2543
h39.t9.nodes = 29591
h39.t9.propagations = 29591
h39.t7.restarts = 2
h39.t7.nogoods_size = 2543
h39.t7.nodes = 30159
h39.t7.propagations = 30159
h39.t16.restarts = 2
h39.t16.nogoods_size = 2543
h39.t16.nodes = 27964
h39.t16.propagations = 27964
h39.t2.restarts = 2
h39.t2.nogoods_size = 2543
h39.t2.nodes = 42600
h39.t2.propagations = 42600
h39.t3.restarts = 2
h39.t3.nogoods_size = 2543
h39.t3.nodes = 30826
h39.t3.propagations = 30826
h39.t8.restarts = 2
h39.t8.nogoods_size = 2543
h39.t8.nodes = 29280
h39.t8.propagations = 29280
h39.t5.restarts = 2
h39.t5.nogoods_size = 2543
h39.t5.nodes = 27206
h39.t5.propagations = 27206
h39.t11.restarts = 2
h39.t11.nogoods_size = 2543
h39.t11.nodes = 32797
h39.t11.propagations = 32797
h39.search_time = 221
h39.nodes = 551547
h39.propagations = 1560570
