hostname = r1i2n16
commandline = ../glasgow/mpi_solve_subgraph_isomorphism --timeout 1000 --format lad --geometric-restarts=1.0 --restarts-constant=100000 --restart-timer=100 --triggered-restarts --threads 18 --value-ordering=biased ../instances/LV/g22 ../instances/largerGraphs/g73-normed
started_at = 2018-11-28 13:51:03
pattern_file = ../instances/LV/g22
target_file = ../instances/largerGraphs/g73-normed
status = aborted
nodes = 13694893302
propagations = 43401680197
runtime = 1056163
h0.t12.stop_reason = aborted
h0.t12.restarts = 1282
h0.t12.nogoods_size = 14872787
h0.t12.nodes = 21481757
h0.t12.propagations = 21481757
h0.t6.restarts = 1282
h0.t6.nogoods_size = 14872787
h0.t6.nodes = 21803606
h0.t6.propagations = 21803606
h0.t10.restarts = 1282
h0.t10.nogoods_size = 14872787
h0.t10.nodes = 21901624
h0.t10.propagations = 21901624
h0.t3.restarts = 1282
h0.t3.nogoods_size = 14872787
h0.t3.nodes = 22073385
h0.t3.propagations = 22073385
h0.t7.restarts = 1282
h0.t7.nogoods_size = 14872787
h0.t7.nodes = 21743637
h0.t7.propagations = 21743637
h0.t1.restarts = 1282
h0.t1.nogoods_size = 14872787
h0.t1.nodes = 22021946
h0.t1.propagations = 22021946
h0.t15.restarts = 1282
h0.t15.nogoods_size = 14872787
h0.t15.nodes = 21405337
h0.t15.propagations = 21405337
h0.t2.restarts = 1282
h0.t2.nogoods_size = 14872787
h0.t2.nodes = 21901678
h0.t2.propagations = 21901678
h0.t11.restarts = 1282
h0.t11.nogoods_size = 14872787
h0.t11.nodes = 21208676
h0.t11.propagations = 21208676
h0.t16.stop_reason = aborted
h0.t16.restarts = 1282
h0.t16.nogoods_size = 14872787
h0.t16.nodes = 21586030
h0.t16.propagations = 21586030
h0.t8.restarts = 1282
h0.t8.nogoods_size = 14872787
h0.t8.nodes = 21892449
h0.t8.propagations = 21892449
h0.t5.restarts = 1282
h0.t5.nogoods_size = 14872787
h0.t5.nodes = 22214414
h0.t5.propagations = 22214414
h0.t17.stop_reason = aborted
h0.t17.restarts = 1282
h0.t17.nogoods_size = 14872787
h0.t17.nodes = 5415715
h0.t17.propagations = 5415715
h0.t13.stop_reason = aborted
h0.t13.restarts = 1282
h0.t13.nogoods_size = 14872787
h0.t13.nodes = 21751226
h0.t13.propagations = 21751226
h0.t9.restarts = 1282
h0.t9.nogoods_size = 14872787
h0.t9.nodes = 22113094
h0.t9.propagations = 22113094
h0.t4.restarts = 1282
h0.t4.nogoods_size = 14872787
h0.t4.nodes = 21983349
h0.t4.propagations = 21983349
h0.t14.restarts = 1282
h0.t14.nogoods_size = 14872787
h0.t14.nodes = 21632010
h0.t14.propagations = 21632010
h0.t0.restarts = 1282
h0.t0.nogoods_size = 14872787
h0.t0.nodes = 421712
h0.t0.propagations = 421712
h0.search_time = 1000560
h0.nodes = 354551645
h0.propagations = 1123221774
h1.t8.restarts = 1282
h1.t8.nogoods_size = 14869661
h1.t8.nodes = 21662830
h1.t8.propagations = 21662830
h1.t4.restarts = 1282
h1.t4.nogoods_size = 14869661
h1.t4.nodes = 21192508
h1.t4.propagations = 21192508
h1.t15.restarts = 1282
h1.t15.nogoods_size = 14869661
h1.t15.nodes = 20640905
h1.t15.propagations = 20640905
h1.t14.restarts = 1282
h1.t14.nogoods_size = 14869661
h1.t14.nodes = 21065531
h1.t14.propagations = 21065531
h1.t11.restarts = 1282
h1.t11.nogoods_size = 14869661
h1.t11.nodes = 20709800
h1.t11.propagations = 20709800
h1.t17.restarts = 1282
h1.t17.nogoods_size = 14869661
h1.t17.nodes = 4948761
h1.t17.propagations = 4948761
h1.t1.restarts = 1282
h1.t1.nogoods_size = 14869661
h1.t1.nodes = 21989714
h1.t1.propagations = 21989714
h1.t3.restarts = 1282
h1.t3.nogoods_size = 14869661
h1.t3.nodes = 21240181
h1.t3.propagations = 21240181
h1.t10.restarts = 1282
h1.t10.nogoods_size = 14869661
h1.t10.nodes = 20833117
h1.t10.propagations = 20833117
h1.t6.restarts = 1282
h1.t6.nogoods_size = 14869661
h1.t6.nodes = 21220464
h1.t6.propagations = 21220464
h1.t0.restarts = 1282
h1.t0.nogoods_size = 14869661
h1.t0.nodes = 453534
h1.t0.propagations = 453534
h1.t9.restarts = 1282
h1.t9.nogoods_size = 14869661
h1.t9.nodes = 21613226
h1.t9.propagations = 21613226
h1.t7.restarts = 1282
h1.t7.nogoods_size = 14869661
h1.t7.nodes = 21884699
h1.t7.propagations = 21884699
h1.t2.restarts = 1282
h1.t2.nogoods_size = 14869661
h1.t2.nodes = 21743644
h1.t2.propagations = 21743644
h1.t16.restarts = 1282
h1.t16.nogoods_size = 14869661
h1.t16.nodes = 20806279
h1.t16.propagations = 20806279
h1.t12.restarts = 1282
h1.t12.nogoods_size = 14869661
h1.t12.nodes = 21428669
h1.t12.propagations = 21428669
h1.t5.restarts = 1282
h1.t5.nogoods_size = 14869661
h1.t5.nodes = 21160521
h1.t5.propagations = 21160521
h1.t13.restarts = 1282
h1.t13.nogoods_size = 14869661
h1.t13.nodes = 21431272
h1.t13.propagations = 21431272
h1.search_time = 1000200
h1.nodes = 346025655
h1.propagations = 1095798598
h2.t2.restarts = 1282
h2.t2.nogoods_size = 14864832
h2.t2.nodes = 19984543
h2.t2.propagations = 19984543
h2.t12.restarts = 1282
h2.t12.nogoods_size = 14864832
h2.t12.nodes = 19879332
h2.t12.propagations = 19879332
h2.t16.restarts = 1282
h2.t16.nogoods_size = 14864832
h2.t16.nodes = 20096763
h2.t16.propagations = 20096763
h2.t3.restarts = 1282
h2.t3.nogoods_size = 14864832
h2.t3.nodes = 19616164
h2.t3.propagations = 19616164
h2.t4.restarts = 1282
h2.t4.nogoods_size = 14864832
h2.t4.nodes = 19868401
h2.t4.propagations = 19868401
h2.t10.restarts = 1282
h2.t10.nogoods_size = 14864832
h2.t10.nodes = 19035129
h2.t10.propagations = 19035129
h2.t13.restarts = 1282
h2.t13.nogoods_size = 14864832
h2.t13.nodes = 19902652
h2.t13.propagations = 19902652
h2.t14.restarts = 1282
h2.t14.nogoods_size = 14864832
h2.t14.nodes = 20083121
h2.t14.propagations = 20083121
h2.t7.restarts = 1282
h2.t7.nogoods_size = 14864832
h2.t7.nodes = 20064204
h2.t7.propagations = 20064204
h2.t15.restarts = 1282
h2.t15.nogoods_size = 14864832
h2.t15.nodes = 19484973
h2.t15.propagations = 19484973
h2.t9.restarts = 1282
h2.t9.nogoods_size = 14864832
h2.t9.nodes = 19396742
h2.t9.propagations = 19396742
h2.t6.restarts = 1282
h2.t6.nogoods_size = 14864832
h2.t6.nodes = 19790494
h2.t6.propagations = 19790494
h2.t5.restarts = 1282
h2.t5.nogoods_size = 14864832
h2.t5.nodes = 19427149
h2.t5.propagations = 19427149
h2.t0.restarts = 1282
h2.t0.nogoods_size = 14864832
h2.t0.nodes = 475376
h2.t0.propagations = 475376
h2.t8.restarts = 1282
h2.t8.nogoods_size = 14864832
h2.t8.nodes = 19355275
h2.t8.propagations = 19355275
h2.t11.restarts = 1282
h2.t11.nogoods_size = 14864832
h2.t11.nodes = 20347182
h2.t11.propagations = 20347182
h2.t17.restarts = 1282
h2.t17.nogoods_size = 14864832
h2.t17.nodes = 4615556
h2.t17.propagations = 4615556
h2.t1.restarts = 1282
h2.t1.nogoods_size = 14864832
h2.t1.nodes = 19807879
h2.t1.propagations = 19807879
h2.search_time = 1000190
h2.nodes = 321230935
h2.propagations = 1018172141
h3.t4.restarts = 1282
h3.t4.nogoods_size = 14872679
h3.t4.nodes = 22664415
h3.t4.propagations = 22664415
h3.t16.restarts = 1282
h3.t16.nogoods_size = 14872679
h3.t16.nodes = 22296090
h3.t16.propagations = 22296090
h3.t2.restarts = 1282
h3.t2.nogoods_size = 14872679
h3.t2.nodes = 22254796
h3.t2.propagations = 22254796
h3.t10.restarts = 1282
h3.t10.nogoods_size = 14872679
h3.t10.nodes = 21920397
h3.t10.propagations = 21920397
h3.t9.restarts = 1282
h3.t9.nogoods_size = 14872679
h3.t9.nodes = 22359512
h3.t9.propagations = 22359512
h3.t6.restarts = 1282
h3.t6.nogoods_size = 14872679
h3.t6.nodes = 22482824
h3.t6.propagations = 22482824
h3.t8.restarts = 1282
h3.t8.nogoods_size = 14872679
h3.t8.nodes = 22502985
h3.t8.propagations = 22502985
h3.t5.restarts = 1282
h3.t5.nogoods_size = 14872679
h3.t5.nodes = 22061516
h3.t5.propagations = 22061516
h3.t14.restarts = 1282
h3.t14.nogoods_size = 14872679
h3.t14.nodes = 22553003
h3.t14.propagations = 22553003
h3.t7.restarts = 1282
h3.t7.nogoods_size = 14872679
h3.t7.nodes = 22526175
h3.t7.propagations = 22526175
h3.t3.restarts = 1282
h3.t3.nogoods_size = 14872679
h3.t3.nodes = 21678555
h3.t3.propagations = 21678555
h3.t12.restarts = 1282
h3.t12.nogoods_size = 14872679
h3.t12.nodes = 21647541
h3.t12.propagations = 21647541
h3.t15.restarts = 1282
h3.t15.nogoods_size = 14872679
h3.t15.nodes = 21659967
h3.t15.propagations = 21659967
h3.t11.restarts = 1282
h3.t11.nogoods_size = 14872679
h3.t11.nodes = 21849901
h3.t11.propagations = 21849901
h3.t13.restarts = 1282
h3.t13.nogoods_size = 14872679
h3.t13.nodes = 22350142
h3.t13.propagations = 22350142
h3.t17.restarts = 1282
h3.t17.nogoods_size = 14872679
h3.t17.nodes = 5834348
h3.t17.propagations = 5834348
h3.t0.restarts = 1282
h3.t0.nogoods_size = 14872679
h3.t0.nodes = 465895
h3.t0.propagations = 465895
h3.t1.restarts = 1282
h3.t1.nogoods_size = 14872679
h3.t1.nodes = 21965661
h3.t1.propagations = 21965661
h3.search_time = 1000188
h3.nodes = 361073723
h3.propagations = 1143581721
h4.t17.restarts = 1282
h4.t17.nogoods_size = 14866664
h4.t17.nodes = 5089050
h4.t17.propagations = 5089050
h4.t13.restarts = 1282
h4.t13.nogoods_size = 14866664
h4.t13.nodes = 21363490
h4.t13.propagations = 21363490
h4.t9.restarts = 1282
h4.t9.nogoods_size = 14866664
h4.t9.nodes = 21160772
h4.t9.propagations = 21160772
h4.t11.restarts = 1282
h4.t11.nogoods_size = 14866664
h4.t11.nodes = 20800504
h4.t11.propagations = 20800504
h4.t8.restarts = 1282
h4.t8.nogoods_size = 14866664
h4.t8.nodes = 20905155
h4.t8.propagations = 20905155
h4.t15.restarts = 1282
h4.t15.nogoods_size = 14866664
h4.t15.nodes = 20787242
h4.t15.propagations = 20787242
h4.t16.restarts = 1282
h4.t16.nogoods_size = 14866664
h4.t16.nodes = 20862953
h4.t16.propagations = 20862953
h4.t6.restarts = 1282
h4.t6.nogoods_size = 14866664
h4.t6.nodes = 21354900
h4.t6.propagations = 21354900
h4.t10.restarts = 1282
h4.t10.nogoods_size = 14866664
h4.t10.nodes = 20475765
h4.t10.propagations = 20475765
h4.t14.restarts = 1282
h4.t14.nogoods_size = 14866664
h4.t14.nodes = 20756957
h4.t14.propagations = 20756957
h4.t7.restarts = 1282
h4.t7.nogoods_size = 14866664
h4.t7.nodes = 21240636
h4.t7.propagations = 21240636
h4.t2.restarts = 1282
h4.t2.nogoods_size = 14866664
h4.t2.nodes = 20849054
h4.t2.propagations = 20849054
h4.t12.restarts = 1282
h4.t12.nogoods_size = 14866664
h4.t12.nodes = 20918703
h4.t12.propagations = 20918703
h4.t3.restarts = 1282
h4.t3.nogoods_size = 14866664
h4.t3.nodes = 20825364
h4.t3.propagations = 20825364
h4.t0.restarts = 1282
h4.t0.nogoods_size = 14866664
h4.t0.nodes = 482733
h4.t0.propagations = 482733
h4.t1.restarts = 1282
h4.t1.nogoods_size = 14866664
h4.t1.nodes = 20886916
h4.t1.propagations = 20886916
h4.t4.restarts = 1282
h4.t4.nogoods_size = 14866664
h4.t4.nodes = 20638801
h4.t4.propagations = 20638801
h4.t5.restarts = 1282
h4.t5.nogoods_size = 14866664
h4.t5.nodes = 21071178
h4.t5.propagations = 21071178
h4.search_time = 1000201
h4.nodes = 340470173
h4.propagations = 1078577233
h5.t2.restarts = 1282
h5.t2.nogoods_size = 14866086
h5.t2.nodes = 21248667
h5.t2.propagations = 21248667
h5.t17.restarts = 1282
h5.t17.nogoods_size = 14866086
h5.t17.nodes = 4942090
h5.t17.propagations = 4942090
h5.t14.restarts = 1282
h5.t14.nogoods_size = 14866086
h5.t14.nodes = 21672949
h5.t14.propagations = 21672949
h5.t6.restarts = 1282
h5.t6.nogoods_size = 14866086
h5.t6.nodes = 20775704
h5.t6.propagations = 20775704
h5.t3.restarts = 1282
h5.t3.nogoods_size = 14866086
h5.t3.nodes = 20301999
h5.t3.propagations = 20301999
h5.t12.restarts = 1282
h5.t12.nogoods_size = 14866086
h5.t12.nodes = 20999271
h5.t12.propagations = 20999271
h5.t10.restarts = 1282
h5.t10.nogoods_size = 14866086
h5.t10.nodes = 20855134
h5.t10.propagations = 20855134
h5.t15.restarts = 1282
h5.t15.nogoods_size = 14866086
h5.t15.nodes = 21297600
h5.t15.propagations = 21297600
h5.t8.restarts = 1282
h5.t8.nogoods_size = 14866086
h5.t8.nodes = 21049135
h5.t8.propagations = 21049135
h5.t11.restarts = 1282
h5.t11.nogoods_size = 14866086
h5.t11.nodes = 20731659
h5.t11.propagations = 20731659
h5.t7.restarts = 1282
h5.t7.nogoods_size = 14866086
h5.t7.nodes = 21391976
h5.t7.propagations = 21391976
h5.t1.restarts = 1282
h5.t1.nogoods_size = 14866086
h5.t1.nodes = 21093299
h5.t1.propagations = 21093299
h5.t9.restarts = 1282
h5.t9.nogoods_size = 14866086
h5.t9.nodes = 20603215
h5.t9.propagations = 20603215
h5.t13.restarts = 1282
h5.t13.nogoods_size = 14866086
h5.t13.nodes = 20867491
h5.t13.propagations = 20867491
h5.t4.restarts = 1282
h5.t4.nogoods_size = 14866086
h5.t4.nodes = 21484350
h5.t4.propagations = 21484350
h5.t0.restarts = 1282
h5.t0.nogoods_size = 14866086
h5.t0.nodes = 459137
h5.t0.propagations = 459137
h5.t5.restarts = 1282
h5.t5.nogoods_size = 14866086
h5.t5.nodes = 21203886
h5.t5.propagations = 21203886
h5.t16.restarts = 1282
h5.t16.nogoods_size = 14866086
h5.t16.nodes = 20598076
h5.t16.propagations = 20598076
h5.search_time = 1000190
h5.nodes = 341575638
h5.propagations = 1081937417
h6.t17.restarts = 1282
h6.t17.nogoods_size = 14867819
h6.t17.nodes = 4519582
h6.t17.propagations = 4519582
h6.t7.restarts = 1282
h6.t7.nogoods_size = 14867819
h6.t7.nodes = 20216058
h6.t7.propagations = 20216058
h6.t10.restarts = 1282
h6.t10.nogoods_size = 14867819
h6.t10.nodes = 19439344
h6.t10.propagations = 19439344
h6.t11.restarts = 1282
h6.t11.nogoods_size = 14867819
h6.t11.nodes = 20588698
h6.t11.propagations = 20588698
h6.t15.restarts = 1282
h6.t15.nogoods_size = 14867819
h6.t15.nodes = 19878180
h6.t15.propagations = 19878180
h6.t13.restarts = 1282
h6.t13.nogoods_size = 14867819
h6.t13.nodes = 18932356
h6.t13.propagations = 18932356
h6.t5.restarts = 1282
h6.t5.nogoods_size = 14867819
h6.t5.nodes = 20651016
h6.t5.propagations = 20651016
h6.t12.restarts = 1282
h6.t12.nogoods_size = 14867819
h6.t12.nodes = 19971165
h6.t12.propagations = 19971165
h6.t3.restarts = 1282
h6.t3.nogoods_size = 14867819
h6.t3.nodes = 20268898
h6.t3.propagations = 20268898
h6.t6.restarts = 1282
h6.t6.nogoods_size = 14867819
h6.t6.nodes = 20173331
h6.t6.propagations = 20173331
h6.t16.restarts = 1282
h6.t16.nogoods_size = 14867819
h6.t16.nodes = 19760177
h6.t16.propagations = 19760177
h6.t1.restarts = 1282
h6.t1.nogoods_size = 14867819
h6.t1.nodes = 19372641
h6.t1.propagations = 19372641
h6.t2.restarts = 1282
h6.t2.nogoods_size = 14867819
h6.t2.nodes = 20461660
h6.t2.propagations = 20461660
h6.t14.restarts = 1282
h6.t14.nogoods_size = 14867819
h6.t14.nodes = 20121944
h6.t14.propagations = 20121944
h6.t9.restarts = 1282
h6.t9.nogoods_size = 14867819
h6.t9.nodes = 20932930
h6.t9.propagations = 20932930
h6.t4.restarts = 1282
h6.t4.nogoods_size = 14867819
h6.t4.nodes = 20032203
h6.t4.propagations = 20032203
h6.t8.restarts = 1282
h6.t8.nogoods_size = 14867819
h6.t8.nodes = 20170164
h6.t8.propagations = 20170164
h6.t0.restarts = 1282
h6.t0.nogoods_size = 14867819
h6.t0.nodes = 489999
h6.t0.propagations = 489999
h6.search_time = 1000195
h6.nodes = 325980346
h6.propagations = 1033100228
h7.t14.restarts = 1282
h7.t14.nogoods_size = 14864474
h7.t14.nodes = 20665418
h7.t14.propagations = 20665418
h7.t16.restarts = 1282
h7.t16.nogoods_size = 14864474
h7.t16.nodes = 20455437
h7.t16.propagations = 20455437
h7.t8.restarts = 1282
h7.t8.nogoods_size = 14864474
h7.t8.nodes = 20838830
h7.t8.propagations = 20838830
h7.t1.restarts = 1282
h7.t1.nogoods_size = 14864474
h7.t1.nodes = 20576657
h7.t1.propagations = 20576657
h7.t2.restarts = 1282
h7.t2.nogoods_size = 14864474
h7.t2.nodes = 20557534
h7.t2.propagations = 20557534
h7.t7.restarts = 1282
h7.t7.nogoods_size = 14864474
h7.t7.nodes = 20796322
h7.t7.propagations = 20796322
h7.t12.restarts = 1282
h7.t12.nogoods_size = 14864474
h7.t12.nodes = 20625084
h7.t12.propagations = 20625084
h7.t13.restarts = 1282
h7.t13.nogoods_size = 14864474
h7.t13.nodes = 20511398
h7.t13.propagations = 20511398
h7.t11.restarts = 1282
h7.t11.nogoods_size = 14864474
h7.t11.nodes = 20507908
h7.t11.propagations = 20507908
h7.t3.restarts = 1282
h7.t3.nogoods_size = 14864474
h7.t3.nodes = 20006673
h7.t3.propagations = 20006673
h7.t15.restarts = 1282
h7.t15.nogoods_size = 14864474
h7.t15.nodes = 20568037
h7.t15.propagations = 20568037
h7.t9.restarts = 1282
h7.t9.nogoods_size = 14864474
h7.t9.nodes = 20147606
h7.t9.propagations = 20147606
h7.t0.restarts = 1282
h7.t0.nogoods_size = 14864474
h7.t0.nodes = 492558
h7.t0.propagations = 492558
h7.t6.restarts = 1282
h7.t6.nogoods_size = 14864474
h7.t6.nodes = 20625307
h7.t6.propagations = 20625307
h7.t5.restarts = 1282
h7.t5.nogoods_size = 14864474
h7.t5.nodes = 20713776
h7.t5.propagations = 20713776
h7.t4.restarts = 1282
h7.t4.nogoods_size = 14864474
h7.t4.nodes = 21344421
h7.t4.propagations = 21344421
h7.t10.restarts = 1282
h7.t10.nogoods_size = 14864474
h7.t10.nodes = 20442123
h7.t10.propagations = 20442123
h7.t17.restarts = 1282
h7.t17.nogoods_size = 14864474
h7.t17.nodes = 5074082
h7.t17.propagations = 5074082
h7.search_time = 1000201
h7.nodes = 334949171
h7.propagations = 1061023343
h8.t15.restarts = 1282
h8.t15.nogoods_size = 14864807
h8.t15.nodes = 18930812
h8.t15.propagations = 18930812
h8.t11.restarts = 1282
h8.t11.nogoods_size = 14864807
h8.t11.nodes = 19413195
h8.t11.propagations = 19413195
h8.t13.restarts = 1282
h8.t13.nogoods_size = 14864807
h8.t13.nodes = 20048355
h8.t13.propagations = 20048355
h8.t1.restarts = 1282
h8.t1.nogoods_size = 14864807
h8.t1.nodes = 19936693
h8.t1.propagations = 19936693
h8.t3.restarts = 1282
h8.t3.nogoods_size = 14864807
h8.t3.nodes = 19817794
h8.t3.propagations = 19817794
h8.t6.restarts = 1282
h8.t6.nogoods_size = 14864807
h8.t6.nodes = 20194159
h8.t6.propagations = 20194159
h8.t9.restarts = 1282
h8.t9.nogoods_size = 14864807
h8.t9.nodes = 19590477
h8.t9.propagations = 19590477
h8.t4.restarts = 1282
h8.t4.nogoods_size = 14864807
h8.t4.nodes = 20062104
h8.t4.propagations = 20062104
h8.t17.restarts = 1282
h8.t17.nogoods_size = 14864807
h8.t17.nodes = 4770416
h8.t17.propagations = 4770416
h8.t0.restarts = 1282
h8.t0.nogoods_size = 14864807
h8.t0.nodes = 495351
h8.t0.propagations = 495351
h8.t10.restarts = 1282
h8.t10.nogoods_size = 14864807
h8.t10.nodes = 19342284
h8.t10.propagations = 19342284
h8.t5.restarts = 1282
h8.t5.nogoods_size = 14864807
h8.t5.nodes = 20230139
h8.t5.propagations = 20230139
h8.t12.restarts = 1282
h8.t12.nogoods_size = 14864807
h8.t12.nodes = 20138783
h8.t12.propagations = 20138783
h8.t7.restarts = 1282
h8.t7.nogoods_size = 14864807
h8.t7.nodes = 19841343
h8.t7.propagations = 19841343
h8.t14.restarts = 1282
h8.t14.nogoods_size = 14864807
h8.t14.nodes = 19843961
h8.t14.propagations = 19843961
h8.t8.restarts = 1282
h8.t8.nogoods_size = 14864807
h8.t8.nodes = 19291842
h8.t8.propagations = 19291842
h8.t2.restarts = 1282
h8.t2.nogoods_size = 14864807
h8.t2.nodes = 19624511
h8.t2.propagations = 19624511
h8.t16.restarts = 1282
h8.t16.nogoods_size = 14864807
h8.t16.nodes = 20724438
h8.t16.propagations = 20724438
h8.search_time = 1000492
h8.nodes = 322296657
h8.propagations = 1022780042
h9.t17.restarts = 1282
h9.t17.nogoods_size = 14864692
h9.t17.nodes = 4778727
h9.t17.propagations = 4778727
h9.t4.restarts = 1282
h9.t4.nogoods_size = 14864692
h9.t4.nodes = 19785862
h9.t4.propagations = 19785862
h9.t7.restarts = 1282
h9.t7.nogoods_size = 14864692
h9.t7.nodes = 20633810
h9.t7.propagations = 20633810
h9.t1.restarts = 1282
h9.t1.nogoods_size = 14864692
h9.t1.nodes = 20361141
h9.t1.propagations = 20361141
h9.t14.restarts = 1282
h9.t14.nogoods_size = 14864692
h9.t14.nodes = 20913334
h9.t14.propagations = 20913334
h9.t2.restarts = 1282
h9.t2.nogoods_size = 14864692
h9.t2.nodes = 20235226
h9.t2.propagations = 20235226
h9.t15.restarts = 1282
h9.t15.nogoods_size = 14864692
h9.t15.nodes = 20749287
h9.t15.propagations = 20749287
h9.t12.restarts = 1282
h9.t12.nogoods_size = 14864692
h9.t12.nodes = 21433047
h9.t12.propagations = 21433047
h9.t6.restarts = 1282
h9.t6.nogoods_size = 14864692
h9.t6.nodes = 20746701
h9.t6.propagations = 20746701
h9.t8.restarts = 1282
h9.t8.nogoods_size = 14864692
h9.t8.nodes = 20774062
h9.t8.propagations = 20774062
h9.t10.restarts = 1282
h9.t10.nogoods_size = 14864692
h9.t10.nodes = 20021411
h9.t10.propagations = 20021411
h9.t16.restarts = 1282
h9.t16.nogoods_size = 14864692
h9.t16.nodes = 20503649
h9.t16.propagations = 20503649
h9.t5.restarts = 1282
h9.t5.nogoods_size = 14864692
h9.t5.nodes = 20383516
h9.t5.propagations = 20383516
h9.t13.restarts = 1282
h9.t13.nogoods_size = 14864692
h9.t13.nodes = 19941400
h9.t13.propagations = 19941400
h9.t3.restarts = 1282
h9.t3.nogoods_size = 14864692
h9.t3.nodes = 20078492
h9.t3.propagations = 20078492
h9.t0.restarts = 1282
h9.t0.nogoods_size = 14864692
h9.t0.nodes = 500187
h9.t0.propagations = 500187
h9.t11.restarts = 1282
h9.t11.nogoods_size = 14864692
h9.t11.nodes = 20180476
h9.t11.propagations = 20180476
h9.t9.restarts = 1282
h9.t9.nogoods_size = 14864692
h9.t9.nodes = 20050968
h9.t9.propagations = 20050968
h9.search_time = 1000195
h9.nodes = 332071296
h9.propagations = 1053826362
h10.t17.restarts = 1282
h10.t17.nogoods_size = 14866549
h10.t17.nodes = 4876734
h10.t17.propagations = 4876734
h10.t15.restarts = 1282
h10.t15.nogoods_size = 14866549
h10.t15.nodes = 20558346
h10.t15.propagations = 20558346
h10.t10.restarts = 1282
h10.t10.nogoods_size = 14866549
h10.t10.nodes = 18922139
h10.t10.propagations = 18922139
h10.t2.restarts = 1282
h10.t2.nogoods_size = 14866549
h10.t2.nodes = 20496861
h10.t2.propagations = 20496861
h10.t8.restarts = 1282
h10.t8.nogoods_size = 14866549
h10.t8.nodes = 20816178
h10.t8.propagations = 20816178
h10.t16.restarts = 1282
h10.t16.nogoods_size = 14866549
h10.t16.nodes = 20749921
h10.t16.propagations = 20749921
h10.t5.restarts = 1282
h10.t5.nogoods_size = 14866549
h10.t5.nodes = 20575339
h10.t5.propagations = 20575339
h10.t7.restarts = 1282
h10.t7.nogoods_size = 14866549
h10.t7.nodes = 20368293
h10.t7.propagations = 20368293
h10.t13.restarts = 1282
h10.t13.nogoods_size = 14866549
h10.t13.nodes = 20523143
h10.t13.propagations = 20523143
h10.t11.restarts = 1282
h10.t11.nogoods_size = 14866549
h10.t11.nodes = 19772826
h10.t11.propagations = 19772826
h10.t4.restarts = 1282
h10.t4.nogoods_size = 14866549
h10.t4.nodes = 20537015
h10.t4.propagations = 20537015
h10.t1.restarts = 1282
h10.t1.nogoods_size = 14866549
h10.t1.nodes = 20501563
h10.t1.propagations = 20501563
h10.t9.restarts = 1282
h10.t9.nogoods_size = 14866549
h10.t9.nodes = 20579656
h10.t9.propagations = 20579656
h10.t6.restarts = 1282
h10.t6.nogoods_size = 14866549
h10.t6.nodes = 20832880
h10.t6.propagations = 20832880
h10.t3.restarts = 1282
h10.t3.nogoods_size = 14866549
h10.t3.nodes = 20352608
h10.t3.propagations = 20352608
h10.t14.restarts = 1282
h10.t14.nogoods_size = 14866549
h10.t14.nodes = 20378361
h10.t14.propagations = 20378361
h10.t12.restarts = 1282
h10.t12.nogoods_size = 14866549
h10.t12.nodes = 20367392
h10.t12.propagations = 20367392
h10.t0.restarts = 1282
h10.t0.nogoods_size = 14866549
h10.t0.nodes = 493688
h10.t0.propagations = 493688
h10.search_time = 1000201
h10.nodes = 331702943
h10.propagations = 1050011897
h11.t13.restarts = 1282
h11.t13.nogoods_size = 14873502
h11.t13.nodes = 22358324
h11.t13.propagations = 22358324
h11.t9.restarts = 1282
h11.t9.nogoods_size = 14873502
h11.t9.nodes = 22064733
h11.t9.propagations = 22064733
h11.t3.restarts = 1282
h11.t3.nogoods_size = 14873502
h11.t3.nodes = 21933050
h11.t3.propagations = 21933050
h11.t15.restarts = 1282
h11.t15.nogoods_size = 14873502
h11.t15.nodes = 22266119
h11.t15.propagations = 22266119
h11.t6.restarts = 1282
h11.t6.nogoods_size = 14873502
h11.t6.nodes = 21800736
h11.t6.propagations = 21800736
h11.t5.restarts = 1282
h11.t5.nogoods_size = 14873502
h11.t5.nodes = 22342947
h11.t5.propagations = 22342947
h11.t2.restarts = 1282
h11.t2.nogoods_size = 14873502
h11.t2.nodes = 21999956
h11.t2.propagations = 21999956
h11.t14.restarts = 1282
h11.t14.nogoods_size = 14873502
h11.t14.nodes = 22263328
h11.t14.propagations = 22263328
h11.t8.restarts = 1282
h11.t8.nogoods_size = 14873502
h11.t8.nodes = 21482318
h11.t8.propagations = 21482318
h11.t7.restarts = 1282
h11.t7.nogoods_size = 14873502
h11.t7.nodes = 22381198
h11.t7.propagations = 22381198
h11.t11.restarts = 1282
h11.t11.nogoods_size = 14873502
h11.t11.nodes = 21645118
h11.t11.propagations = 21645118
h11.t17.restarts = 1282
h11.t17.nogoods_size = 14873502
h11.t17.nodes = 5605337
h11.t17.propagations = 5605337
h11.t1.restarts = 1282
h11.t1.nogoods_size = 14873502
h11.t1.nodes = 21353050
h11.t1.propagations = 21353050
h11.t12.restarts = 1282
h11.t12.nogoods_size = 14873502
h11.t12.nodes = 22458080
h11.t12.propagations = 22458080
h11.t10.restarts = 1282
h11.t10.nogoods_size = 14873502
h11.t10.nodes = 21897815
h11.t10.propagations = 21897815
h11.t16.restarts = 1282
h11.t16.nogoods_size = 14873502
h11.t16.nodes = 22670958
h11.t16.propagations = 22670958
h11.t0.restarts = 1282
h11.t0.nogoods_size = 14873502
h11.t0.nodes = 465395
h11.t0.propagations = 465395
h11.t4.restarts = 1282
h11.t4.nogoods_size = 14873502
h11.t4.nodes = 22100908
h11.t4.propagations = 22100908
h11.search_time = 1000190
h11.nodes = 359089370
h11.propagations = 1137029815
h12.t3.restarts = 1282
h12.t3.nogoods_size = 14871179
h12.t3.nodes = 20751991
h12.t3.propagations = 20751991
h12.t15.restarts = 1282
h12.t15.nogoods_size = 14871179
h12.t15.nodes = 20206293
h12.t15.propagations = 20206293
h12.t8.restarts = 1282
h12.t8.nogoods_size = 14871179
h12.t8.nodes = 20652009
h12.t8.propagations = 20652009
h12.t2.restarts = 1282
h12.t2.nogoods_size = 14871179
h12.t2.nodes = 21210615
h12.t2.propagations = 21210615
h12.t7.restarts = 1282
h12.t7.nogoods_size = 14871179
h12.t7.nodes = 20885414
h12.t7.propagations = 20885414
h12.t17.restarts = 1282
h12.t17.nogoods_size = 14871179
h12.t17.nodes = 4803898
h12.t17.propagations = 4803898
h12.t11.restarts = 1282
h12.t11.nogoods_size = 14871179
h12.t11.nodes = 20717111
h12.t11.propagations = 20717111
h12.t5.restarts = 1282
h12.t5.nogoods_size = 14871179
h12.t5.nodes = 21137660
h12.t5.propagations = 21137660
h12.t13.restarts = 1282
h12.t13.nogoods_size = 14871179
h12.t13.nodes = 21023323
h12.t13.propagations = 21023323
h12.t4.restarts = 1282
h12.t4.nogoods_size = 14871179
h12.t4.nodes = 21010481
h12.t4.propagations = 21010481
h12.t0.restarts = 1282
h12.t0.nogoods_size = 14871179
h12.t0.nodes = 474202
h12.t0.propagations = 474202
h12.t6.restarts = 1282
h12.t6.nogoods_size = 14871179
h12.t6.nodes = 21110133
h12.t6.propagations = 21110133
h12.t14.restarts = 1282
h12.t14.nogoods_size = 14871179
h12.t14.nodes = 20658828
h12.t14.propagations = 20658828
h12.t16.restarts = 1282
h12.t16.nogoods_size = 14871179
h12.t16.nodes = 20552192
h12.t16.propagations = 20552192
h12.t9.restarts = 1282
h12.t9.nogoods_size = 14871179
h12.t9.nodes = 20350710
h12.t9.propagations = 20350710
h12.t10.restarts = 1282
h12.t10.nogoods_size = 14871179
h12.t10.nodes = 21073195
h12.t10.propagations = 21073195
h12.t1.restarts = 1282
h12.t1.nogoods_size = 14871179
h12.t1.nodes = 20342607
h12.t1.propagations = 20342607
h12.t12.restarts = 1282
h12.t12.nogoods_size = 14871179
h12.t12.nodes = 20914189
h12.t12.propagations = 20914189
h12.search_time = 1000507
h12.nodes = 337874851
h12.propagations = 1071264003
h13.t12.restarts = 1282
h13.t12.nogoods_size = 14870614
h13.t12.nodes = 21089792
h13.t12.propagations = 21089792
h13.t3.restarts = 1282
h13.t3.nogoods_size = 14870614
h13.t3.nodes = 21851234
h13.t3.propagations = 21851234
h13.t14.restarts = 1282
h13.t14.nogoods_size = 14870614
h13.t14.nodes = 21985698
h13.t14.propagations = 21985698
h13.t13.restarts = 1282
h13.t13.nogoods_size = 14870614
h13.t13.nodes = 22154562
h13.t13.propagations = 22154562
h13.t15.restarts = 1282
h13.t15.nogoods_size = 14870614
h13.t15.nodes = 21047289
h13.t15.propagations = 21047289
h13.t16.restarts = 1282
h13.t16.nogoods_size = 14870614
h13.t16.nodes = 22137553
h13.t16.propagations = 22137553
h13.t5.restarts = 1282
h13.t5.nogoods_size = 14870614
h13.t5.nodes = 22121056
h13.t5.propagations = 22121056
h13.t10.restarts = 1282
h13.t10.nogoods_size = 14870614
h13.t10.nodes = 21540696
h13.t10.propagations = 21540696
h13.t11.restarts = 1282
h13.t11.nogoods_size = 14870614
h13.t11.nodes = 21415298
h13.t11.propagations = 21415298
h13.t9.restarts = 1282
h13.t9.nogoods_size = 14870614
h13.t9.nodes = 21810839
h13.t9.propagations = 21810839
h13.t4.restarts = 1282
h13.t4.nogoods_size = 14870614
h13.t4.nodes = 21407773
h13.t4.propagations = 21407773
h13.t1.restarts = 1282
h13.t1.nogoods_size = 14870614
h13.t1.nodes = 21968450
h13.t1.propagations = 21968450
h13.t8.restarts = 1282
h13.t8.nogoods_size = 14870614
h13.t8.nodes = 22070926
h13.t8.propagations = 22070926
h13.t7.restarts = 1282
h13.t7.nogoods_size = 14870614
h13.t7.nodes = 22091406
h13.t7.propagations = 22091406
h13.t2.restarts = 1282
h13.t2.nogoods_size = 14870614
h13.t2.nodes = 21640312
h13.t2.propagations = 21640312
h13.t17.restarts = 1282
h13.t17.nogoods_size = 14870614
h13.t17.nodes = 5612787
h13.t17.propagations = 5612787
h13.t6.restarts = 1282
h13.t6.nogoods_size = 14870614
h13.t6.nodes = 22108984
h13.t6.propagations = 22108984
h13.t0.restarts = 1282
h13.t0.nogoods_size = 14870614
h13.t0.nodes = 475361
h13.t0.propagations = 475361
h13.search_time = 1000198
h13.nodes = 354530016
h13.propagations = 1125099108
h14.t4.restarts = 1282
h14.t4.nogoods_size = 14880784
h14.t4.nodes = 22811667
h14.t4.propagations = 22811667
h14.t1.restarts = 1282
h14.t1.nogoods_size = 14880784
h14.t1.nodes = 22941002
h14.t1.propagations = 22941002
h14.t3.restarts = 1282
h14.t3.nogoods_size = 14880784
h14.t3.nodes = 22889403
h14.t3.propagations = 22889403
h14.t16.restarts = 1282
h14.t16.nogoods_size = 14880784
h14.t16.nodes = 23229849
h14.t16.propagations = 23229849
h14.t11.restarts = 1282
h14.t11.nogoods_size = 14880784
h14.t11.nodes = 22884134
h14.t11.propagations = 22884134
h14.t14.restarts = 1282
h14.t14.nogoods_size = 14880784
h14.t14.nodes = 22581207
h14.t14.propagations = 22581207
h14.t12.restarts = 1282
h14.t12.nogoods_size = 14880784
h14.t12.nodes = 23408602
h14.t12.propagations = 23408602
h14.t5.restarts = 1282
h14.t5.nogoods_size = 14880784
h14.t5.nodes = 22724912
h14.t5.propagations = 22724912
h14.t9.restarts = 1282
h14.t9.nogoods_size = 14880784
h14.t9.nodes = 23183370
h14.t9.propagations = 23183370
h14.t8.restarts = 1282
h14.t8.nogoods_size = 14880784
h14.t8.nodes = 22880310
h14.t8.propagations = 22880310
h14.t13.restarts = 1282
h14.t13.nogoods_size = 14880784
h14.t13.nodes = 23470447
h14.t13.propagations = 23470447
h14.t10.restarts = 1282
h14.t10.nogoods_size = 14880784
h14.t10.nodes = 22270193
h14.t10.propagations = 22270193
h14.t2.restarts = 1282
h14.t2.nogoods_size = 14880784
h14.t2.nodes = 22621641
h14.t2.propagations = 22621641
h14.t0.restarts = 1282
h14.t0.nogoods_size = 14880784
h14.t0.nodes = 467465
h14.t0.propagations = 467465
h14.t15.restarts = 1282
h14.t15.nogoods_size = 14880784
h14.t15.nodes = 22323478
h14.t15.propagations = 22323478
h14.t17.restarts = 1282
h14.t17.nogoods_size = 14880784
h14.t17.nodes = 5432722
h14.t17.propagations = 5432722
h14.t7.restarts = 1282
h14.t7.nogoods_size = 14880784
h14.t7.nodes = 22452910
h14.t7.propagations = 22452910
h14.t6.restarts = 1282
h14.t6.nogoods_size = 14880784
h14.t6.nodes = 23080789
h14.t6.propagations = 23080789
h14.search_time = 1000201
h14.nodes = 371654101
h14.propagations = 1177499621
h15.t17.restarts = 1282
h15.t17.nogoods_size = 14868989
h15.t17.nodes = 4474845
h15.t17.propagations = 4474845
h15.t15.restarts = 1282
h15.t15.nogoods_size = 14868989
h15.t15.nodes = 20681624
h15.t15.propagations = 20681624
h15.t6.restarts = 1282
h15.t6.nogoods_size = 14868989
h15.t6.nodes = 21303745
h15.t6.propagations = 21303745
h15.t13.restarts = 1282
h15.t13.nogoods_size = 14868989
h15.t13.nodes = 20949839
h15.t13.propagations = 20949839
h15.t1.restarts = 1282
h15.t1.nogoods_size = 14868989
h15.t1.nodes = 21271542
h15.t1.propagations = 21271542
h15.t3.restarts = 1282
h15.t3.nogoods_size = 14868989
h15.t3.nodes = 21394236
h15.t3.propagations = 21394236
h15.t4.restarts = 1282
h15.t4.nogoods_size = 14868989
h15.t4.nodes = 21021295
h15.t4.propagations = 21021295
h15.t10.restarts = 1282
h15.t10.nogoods_size = 14868989
h15.t10.nodes = 20502920
h15.t10.propagations = 20502920
h15.t11.restarts = 1282
h15.t11.nogoods_size = 14868989
h15.t11.nodes = 20990112
h15.t11.propagations = 20990112
h15.t8.restarts = 1282
h15.t8.nogoods_size = 14868989
h15.t8.nodes = 21284316
h15.t8.propagations = 21284316
h15.t9.restarts = 1282
h15.t9.nogoods_size = 14868989
h15.t9.nodes = 20792883
h15.t9.propagations = 20792883
h15.t12.restarts = 1282
h15.t12.nogoods_size = 14868989
h15.t12.nodes = 21283773
h15.t12.propagations = 21283773
h15.t14.restarts = 1282
h15.t14.nogoods_size = 14868989
h15.t14.nodes = 21147249
h15.t14.propagations = 21147249
h15.t2.restarts = 1282
h15.t2.nogoods_size = 14868989
h15.t2.nodes = 21441062
h15.t2.propagations = 21441062
h15.t5.restarts = 1282
h15.t5.nogoods_size = 14868989
h15.t5.nodes = 20449824
h15.t5.propagations = 20449824
h15.t16.restarts = 1282
h15.t16.nogoods_size = 14868989
h15.t16.nodes = 21144141
h15.t16.propagations = 21144141
h15.t7.restarts = 1282
h15.t7.nogoods_size = 14868989
h15.t7.nodes = 21015386
h15.t7.propagations = 21015386
h15.t0.restarts = 1282
h15.t0.nogoods_size = 14868989
h15.t0.nodes = 453429
h15.t0.propagations = 453429
h15.search_time = 1000200
h15.nodes = 341602221
h15.propagations = 1082551859
h16.t9.restarts = 1282
h16.t9.nogoods_size = 14866758
h16.t9.nodes = 21174085
h16.t9.propagations = 21174085
h16.t14.restarts = 1282
h16.t14.nogoods_size = 14866758
h16.t14.nodes = 20275568
h16.t14.propagations = 20275568
h16.t13.restarts = 1282
h16.t13.nogoods_size = 14866758
h16.t13.nodes = 20860180
h16.t13.propagations = 20860180
h16.t4.restarts = 1282
h16.t4.nogoods_size = 14866758
h16.t4.nodes = 20658172
h16.t4.propagations = 20658172
h16.t6.restarts = 1282
h16.t6.nogoods_size = 14866758
h16.t6.nodes = 21396677
h16.t6.propagations = 21396677
h16.t2.restarts = 1282
h16.t2.nogoods_size = 14866758
h16.t2.nodes = 20846296
h16.t2.propagations = 20846296
h16.t17.restarts = 1282
h16.t17.nogoods_size = 14866758
h16.t17.nodes = 5480636
h16.t17.propagations = 5480636
h16.t15.restarts = 1282
h16.t15.nogoods_size = 14866758
h16.t15.nodes = 20018013
h16.t15.propagations = 20018013
h16.t12.restarts = 1282
h16.t12.nogoods_size = 14866758
h16.t12.nodes = 20633039
h16.t12.propagations = 20633039
h16.t16.restarts = 1282
h16.t16.nogoods_size = 14866758
h16.t16.nodes = 20720954
h16.t16.propagations = 20720954
h16.t1.restarts = 1282
h16.t1.nogoods_size = 14866758
h16.t1.nodes = 20691150
h16.t1.propagations = 20691150
h16.t3.restarts = 1282
h16.t3.nogoods_size = 14866758
h16.t3.nodes = 19955228
h16.t3.propagations = 19955228
h16.t8.restarts = 1282
h16.t8.nogoods_size = 14866758
h16.t8.nodes = 20986741
h16.t8.propagations = 20986741
h16.t0.restarts = 1282
h16.t0.nogoods_size = 14866758
h16.t0.nodes = 452356
h16.t0.propagations = 452356
h16.t7.restarts = 1282
h16.t7.nogoods_size = 14866758
h16.t7.nodes = 21113730
h16.t7.propagations = 21113730
h16.t5.restarts = 1282
h16.t5.nogoods_size = 14866758
h16.t5.nodes = 20205631
h16.t5.propagations = 20205631
h16.t11.restarts = 1282
h16.t11.nogoods_size = 14866758
h16.t11.nodes = 19792209
h16.t11.propagations = 19792209
h16.t10.restarts = 1282
h16.t10.nogoods_size = 14866758
h16.t10.nodes = 20393515
h16.t10.propagations = 20393515
h16.search_time = 1000199
h16.nodes = 335654180
h16.propagations = 1063856612
h17.t5.restarts = 1282
h17.t5.nogoods_size = 14861189
h17.t5.nodes = 19992674
h17.t5.propagations = 19992674
h17.t13.restarts = 1282
h17.t13.nogoods_size = 14861189
h17.t13.nodes = 19980421
h17.t13.propagations = 19980421
h17.t8.restarts = 1282
h17.t8.nogoods_size = 14861189
h17.t8.nodes = 20797082
h17.t8.propagations = 20797082
h17.t9.restarts = 1282
h17.t9.nogoods_size = 14861189
h17.t9.nodes = 20716252
h17.t9.propagations = 20716252
h17.t3.restarts = 1282
h17.t3.nogoods_size = 14861189
h17.t3.nodes = 20634980
h17.t3.propagations = 20634980
h17.t7.restarts = 1282
h17.t7.nogoods_size = 14861189
h17.t7.nodes = 20834915
h17.t7.propagations = 20834915
h17.t6.restarts = 1282
h17.t6.nogoods_size = 14861189
h17.t6.nodes = 20157925
h17.t6.propagations = 20157925
h17.t14.restarts = 1282
h17.t14.nogoods_size = 14861189
h17.t14.nodes = 20396201
h17.t14.propagations = 20396201
h17.t11.restarts = 1282
h17.t11.nogoods_size = 14861189
h17.t11.nodes = 20518143
h17.t11.propagations = 20518143
h17.t10.restarts = 1282
h17.t10.nogoods_size = 14861189
h17.t10.nodes = 19922703
h17.t10.propagations = 19922703
h17.t15.restarts = 1282
h17.t15.nogoods_size = 14861189
h17.t15.nodes = 20374021
h17.t15.propagations = 20374021
h17.t2.restarts = 1282
h17.t2.nogoods_size = 14861189
h17.t2.nodes = 20628486
h17.t2.propagations = 20628486
h17.t1.restarts = 1282
h17.t1.nogoods_size = 14861189
h17.t1.nodes = 20463904
h17.t1.propagations = 20463904
h17.t17.restarts = 1282
h17.t17.nogoods_size = 14861189
h17.t17.nodes = 4639108
h17.t17.propagations = 4639108
h17.t12.restarts = 1282
h17.t12.nogoods_size = 14861189
h17.t12.nodes = 20359386
h17.t12.propagations = 20359386
h17.t4.restarts = 1282
h17.t4.nogoods_size = 14861189
h17.t4.nodes = 20195035
h17.t4.propagations = 20195035
h17.t16.restarts = 1282
h17.t16.nogoods_size = 14861189
h17.t16.nodes = 20238862
h17.t16.propagations = 20238862
h17.t0.restarts = 1282
h17.t0.nogoods_size = 14861189
h17.t0.nodes = 520933
h17.t0.propagations = 520933
h17.search_time = 1000198
h17.nodes = 331371031
h17.propagations = 1050030671
h18.t0.restarts = 1282
h18.t0.nogoods_size = 14868465
h18.t0.nodes = 471310
h18.t0.propagations = 471310
h18.t11.restarts = 1282
h18.t11.nogoods_size = 14868465
h18.t11.nodes = 20636471
h18.t11.propagations = 20636471
h18.t2.restarts = 1282
h18.t2.nogoods_size = 14868465
h18.t2.nodes = 20772137
h18.t2.propagations = 20772137
h18.t1.restarts = 1282
h18.t1.nogoods_size = 14868465
h18.t1.nodes = 20980079
h18.t1.propagations = 20980079
h18.t5.restarts = 1282
h18.t5.nogoods_size = 14868465
h18.t5.nodes = 20978008
h18.t5.propagations = 20978008
h18.t16.restarts = 1282
h18.t16.nogoods_size = 14868465
h18.t16.nodes = 20879491
h18.t16.propagations = 20879491
h18.t10.restarts = 1282
h18.t10.nogoods_size = 14868465
h18.t10.nodes = 20574107
h18.t10.propagations = 20574107
h18.t12.restarts = 1282
h18.t12.nogoods_size = 14868465
h18.t12.nodes = 20608942
h18.t12.propagations = 20608942
h18.t3.restarts = 1282
h18.t3.nogoods_size = 14868465
h18.t3.nodes = 21203141
h18.t3.propagations = 21203141
h18.t6.restarts = 1282
h18.t6.nogoods_size = 14868465
h18.t6.nodes = 20315900
h18.t6.propagations = 20315900
h18.t7.restarts = 1282
h18.t7.nogoods_size = 14868465
h18.t7.nodes = 20169369
h18.t7.propagations = 20169369
h18.t15.restarts = 1282
h18.t15.nogoods_size = 14868465
h18.t15.nodes = 20512766
h18.t15.propagations = 20512766
h18.t14.restarts = 1282
h18.t14.nogoods_size = 14868465
h18.t14.nodes = 20974540
h18.t14.propagations = 20974540
h18.t9.restarts = 1282
h18.t9.nogoods_size = 14868465
h18.t9.nodes = 20525800
h18.t9.propagations = 20525800
h18.t4.restarts = 1282
h18.t4.nogoods_size = 14868465
h18.t4.nodes = 20755672
h18.t4.propagations = 20755672
h18.t17.restarts = 1282
h18.t17.nogoods_size = 14868465
h18.t17.nodes = 4797705
h18.t17.propagations = 4797705
h18.t8.restarts = 1282
h18.t8.nogoods_size = 14868465
h18.t8.nodes = 20341871
h18.t8.propagations = 20341871
h18.t13.restarts = 1282
h18.t13.nogoods_size = 14868465
h18.t13.nodes = 21000152
h18.t13.propagations = 21000152
h18.search_time = 1000203
h18.nodes = 336497461
h18.propagations = 1066387501
h19.t17.restarts = 1282
h19.t17.nogoods_size = 14868568
h19.t17.nodes = 4795511
h19.t17.propagations = 4795511
h19.t2.restarts = 1282
h19.t2.nogoods_size = 14868568
h19.t2.nodes = 21453427
h19.t2.propagations = 21453427
h19.t8.restarts = 1282
h19.t8.nogoods_size = 14868568
h19.t8.nodes = 20897517
h19.t8.propagations = 20897517
h19.t9.restarts = 1282
h19.t9.nogoods_size = 14868568
h19.t9.nodes = 21193325
h19.t9.propagations = 21193325
h19.t10.restarts = 1282
h19.t10.nogoods_size = 14868568
h19.t10.nodes = 21188592
h19.t10.propagations = 21188592
h19.t3.restarts = 1282
h19.t3.nogoods_size = 14868568
h19.t3.nodes = 20558313
h19.t3.propagations = 20558313
h19.t12.restarts = 1282
h19.t12.nogoods_size = 14868568
h19.t12.nodes = 21175134
h19.t12.propagations = 21175134
h19.t13.restarts = 1282
h19.t13.nogoods_size = 14868568
h19.t13.nodes = 20704053
h19.t13.propagations = 20704053
h19.t5.restarts = 1282
h19.t5.nogoods_size = 14868568
h19.t5.nodes = 21030436
h19.t5.propagations = 21030436
h19.t6.restarts = 1282
h19.t6.nogoods_size = 14868568
h19.t6.nodes = 20917454
h19.t6.propagations = 20917454
h19.t4.restarts = 1282
h19.t4.nogoods_size = 14868568
h19.t4.nodes = 21859591
h19.t4.propagations = 21859591
h19.t14.restarts = 1282
h19.t14.nogoods_size = 14868568
h19.t14.nodes = 19793542
h19.t14.propagations = 19793542
h19.t1.restarts = 1282
h19.t1.nogoods_size = 14868568
h19.t1.nodes = 21531590
h19.t1.propagations = 21531590
h19.t16.restarts = 1282
h19.t16.nogoods_size = 14868568
h19.t16.nodes = 20982981
h19.t16.propagations = 20982981
h19.t7.restarts = 1282
h19.t7.nogoods_size = 14868568
h19.t7.nodes = 21101158
h19.t7.propagations = 21101158
h19.t0.restarts = 1282
h19.t0.nogoods_size = 14868568
h19.t0.nodes = 490298
h19.t0.propagations = 490298
h19.t15.restarts = 1282
h19.t15.nogoods_size = 14868568
h19.t15.nodes = 21042228
h19.t15.propagations = 21042228
h19.t11.restarts = 1282
h19.t11.nogoods_size = 14868568
h19.t11.nodes = 20544259
h19.t11.propagations = 20544259
h19.search_time = 1000192
h19.nodes = 341259409
h19.propagations = 1082109331
h20.t0.restarts = 1282
h20.t0.nogoods_size = 14871566
h20.t0.nodes = 425241
h20.t0.propagations = 425241
h20.t9.restarts = 1282
h20.t9.nogoods_size = 14871566
h20.t9.nodes = 21666200
h20.t9.propagations = 21666200
h20.t2.restarts = 1282
h20.t2.nogoods_size = 14871566
h20.t2.nodes = 21855948
h20.t2.propagations = 21855948
h20.t14.restarts = 1282
h20.t14.nogoods_size = 14871566
h20.t14.nodes = 21786765
h20.t14.propagations = 21786765
h20.t15.restarts = 1282
h20.t15.nogoods_size = 14871566
h20.t15.nodes = 21417329
h20.t15.propagations = 21417329
h20.t16.restarts = 1282
h20.t16.nogoods_size = 14871566
h20.t16.nodes = 22553331
h20.t16.propagations = 22553331
h20.t4.restarts = 1282
h20.t4.nogoods_size = 14871566
h20.t4.nodes = 21934807
h20.t4.propagations = 21934807
h20.t11.restarts = 1282
h20.t11.nogoods_size = 14871566
h20.t11.nodes = 22123812
h20.t11.propagations = 22123812
h20.t8.restarts = 1282
h20.t8.nogoods_size = 14871566
h20.t8.nodes = 21893349
h20.t8.propagations = 21893349
h20.t7.restarts = 1282
h20.t7.nogoods_size = 14871566
h20.t7.nodes = 21421585
h20.t7.propagations = 21421585
h20.t3.restarts = 1282
h20.t3.nogoods_size = 14871566
h20.t3.nodes = 21931638
h20.t3.propagations = 21931638
h20.t10.restarts = 1282
h20.t10.nogoods_size = 14871566
h20.t10.nodes = 21584240
h20.t10.propagations = 21584240
h20.t13.restarts = 1282
h20.t13.nogoods_size = 14871566
h20.t13.nodes = 21590688
h20.t13.propagations = 21590688
h20.t1.restarts = 1282
h20.t1.nogoods_size = 14871566
h20.t1.nodes = 21632100
h20.t1.propagations = 21632100
h20.t12.restarts = 1282
h20.t12.nogoods_size = 14871566
h20.t12.nodes = 21646566
h20.t12.propagations = 21646566
h20.t6.restarts = 1282
h20.t6.nogoods_size = 14871566
h20.t6.nodes = 22019924
h20.t6.propagations = 22019924
h20.t17.restarts = 1282
h20.t17.nogoods_size = 14871566
h20.t17.nodes = 5434330
h20.t17.propagations = 5434330
h20.t5.restarts = 1282
h20.t5.nogoods_size = 14871566
h20.t5.nodes = 22284704
h20.t5.propagations = 22284704
h20.search_time = 1000200
h20.nodes = 355202557
h20.propagations = 1126084064
h21.t10.restarts = 1282
h21.t10.nogoods_size = 14863386
h21.t10.nodes = 19218366
h21.t10.propagations = 19218366
h21.t5.restarts = 1282
h21.t5.nogoods_size = 14863386
h21.t5.nodes = 19569657
h21.t5.propagations = 19569657
h21.t7.restarts = 1282
h21.t7.nogoods_size = 14863386
h21.t7.nodes = 20186475
h21.t7.propagations = 20186475
h21.t14.restarts = 1282
h21.t14.nogoods_size = 14863386
h21.t14.nodes = 20023186
h21.t14.propagations = 20023186
h21.t9.restarts = 1282
h21.t9.nogoods_size = 14863386
h21.t9.nodes = 20175850
h21.t9.propagations = 20175850
h21.t17.restarts = 1282
h21.t17.nogoods_size = 14863386
h21.t17.nodes = 4827094
h21.t17.propagations = 4827094
h21.t8.restarts = 1282
h21.t8.nogoods_size = 14863386
h21.t8.nodes = 19974320
h21.t8.propagations = 19974320
h21.t13.restarts = 1282
h21.t13.nogoods_size = 14863386
h21.t13.nodes = 20088249
h21.t13.propagations = 20088249
h21.t11.restarts = 1282
h21.t11.nogoods_size = 14863386
h21.t11.nodes = 20336206
h21.t11.propagations = 20336206
h21.t12.restarts = 1282
h21.t12.nogoods_size = 14863386
h21.t12.nodes = 19870858
h21.t12.propagations = 19870858
h21.t6.restarts = 1282
h21.t6.nogoods_size = 14863386
h21.t6.nodes = 19610321
h21.t6.propagations = 19610321
h21.t3.restarts = 1282
h21.t3.nogoods_size = 14863386
h21.t3.nodes = 20247742
h21.t3.propagations = 20247742
h21.t4.restarts = 1282
h21.t4.nogoods_size = 14863386
h21.t4.nodes = 19955149
h21.t4.propagations = 19955149
h21.t2.restarts = 1282
h21.t2.nogoods_size = 14863386
h21.t2.nodes = 19509242
h21.t2.propagations = 19509242
h21.t1.restarts = 1282
h21.t1.nogoods_size = 14863386
h21.t1.nodes = 19750547
h21.t1.propagations = 19750547
h21.t0.restarts = 1282
h21.t0.nogoods_size = 14863386
h21.t0.nodes = 463249
h21.t0.propagations = 463249
h21.t16.restarts = 1282
h21.t16.nogoods_size = 14863386
h21.t16.nodes = 19979442
h21.t16.propagations = 19979442
h21.t15.restarts = 1282
h21.t15.nogoods_size = 14863386
h21.t15.nodes = 19577532
h21.t15.propagations = 19577532
h21.search_time = 1000201
h21.nodes = 323363485
h21.propagations = 1024186761
h22.t4.restarts = 1282
h22.t4.nogoods_size = 14872873
h22.t4.nodes = 21126224
h22.t4.propagations = 21126224
h22.t5.restarts = 1282
h22.t5.nogoods_size = 14872873
h22.t5.nodes = 21614278
h22.t5.propagations = 21614278
h22.t3.restarts = 1282
h22.t3.nogoods_size = 14872873
h22.t3.nodes = 20902843
h22.t3.propagations = 20902843
h22.t15.restarts = 1282
h22.t15.nogoods_size = 14872873
h22.t15.nodes = 21447498
h22.t15.propagations = 21447498
h22.t2.restarts = 1282
h22.t2.nogoods_size = 14872873
h22.t2.nodes = 22046238
h22.t2.propagations = 22046238
h22.t7.restarts = 1282
h22.t7.nogoods_size = 14872873
h22.t7.nodes = 22325294
h22.t7.propagations = 22325294
h22.t0.restarts = 1282
h22.t0.nogoods_size = 14872873
h22.t0.nodes = 481177
h22.t0.propagations = 481177
h22.t1.restarts = 1282
h22.t1.nogoods_size = 14872873
h22.t1.nodes = 21409333
h22.t1.propagations = 21409333
h22.t12.restarts = 1282
h22.t12.nogoods_size = 14872873
h22.t12.nodes = 21554298
h22.t12.propagations = 21554298
h22.t8.restarts = 1282
h22.t8.nogoods_size = 14872873
h22.t8.nodes = 21504686
h22.t8.propagations = 21504686
h22.t14.restarts = 1282
h22.t14.nogoods_size = 14872873
h22.t14.nodes = 20629541
h22.t14.propagations = 20629541
h22.t10.restarts = 1282
h22.t10.nogoods_size = 14872873
h22.t10.nodes = 21124230
h22.t10.propagations = 21124230
h22.t16.restarts = 1282
h22.t16.nogoods_size = 14872873
h22.t16.nodes = 21179318
h22.t16.propagations = 21179318
h22.t11.restarts = 1282
h22.t11.nogoods_size = 14872873
h22.t11.nodes = 21208415
h22.t11.propagations = 21208415
h22.t13.restarts = 1282
h22.t13.nogoods_size = 14872873
h22.t13.nodes = 22063870
h22.t13.propagations = 22063870
h22.t6.restarts = 1282
h22.t6.nogoods_size = 14872873
h22.t6.nodes = 21632045
h22.t6.propagations = 21632045
h22.t17.restarts = 1282
h22.t17.nogoods_size = 14872873
h22.t17.nodes = 4589697
h22.t17.propagations = 4589697
h22.t9.restarts = 1282
h22.t9.nogoods_size = 14872873
h22.t9.nodes = 21662689
h22.t9.propagations = 21662689
h22.search_time = 1000204
h22.nodes = 348501674
h22.propagations = 1104043928
h23.t17.restarts = 1282
h23.t17.nogoods_size = 14874827
h23.t17.nodes = 4939327
h23.t17.propagations = 4939327
h23.t15.restarts = 1282
h23.t15.nogoods_size = 14874827
h23.t15.nodes = 21268628
h23.t15.propagations = 21268628
h23.t10.restarts = 1282
h23.t10.nogoods_size = 14874827
h23.t10.nodes = 21534581
h23.t10.propagations = 21534581
h23.t9.restarts = 1282
h23.t9.nogoods_size = 14874827
h23.t9.nodes = 21433696
h23.t9.propagations = 21433696
h23.t3.restarts = 1282
h23.t3.nogoods_size = 14874827
h23.t3.nodes = 21653166
h23.t3.propagations = 21653166
h23.t5.restarts = 1282
h23.t5.nogoods_size = 14874827
h23.t5.nodes = 21919974
h23.t5.propagations = 21919974
h23.t12.restarts = 1282
h23.t12.nogoods_size = 14874827
h23.t12.nodes = 21935040
h23.t12.propagations = 21935040
h23.t8.restarts = 1282
h23.t8.nogoods_size = 14874827
h23.t8.nodes = 21904359
h23.t8.propagations = 21904359
h23.t1.restarts = 1282
h23.t1.nogoods_size = 14874827
h23.t1.nodes = 21255329
h23.t1.propagations = 21255329
h23.t6.restarts = 1282
h23.t6.nogoods_size = 14874827
h23.t6.nodes = 21952264
h23.t6.propagations = 21952264
h23.t14.restarts = 1282
h23.t14.nogoods_size = 14874827
h23.t14.nodes = 21793459
h23.t14.propagations = 21793459
h23.t4.restarts = 1282
h23.t4.nogoods_size = 14874827
h23.t4.nodes = 21686210
h23.t4.propagations = 21686210
h23.t2.restarts = 1282
h23.t2.nogoods_size = 14874827
h23.t2.nodes = 22123311
h23.t2.propagations = 22123311
h23.t11.restarts = 1282
h23.t11.nogoods_size = 14874827
h23.t11.nodes = 21166938
h23.t11.propagations = 21166938
h23.t7.restarts = 1282
h23.t7.nogoods_size = 14874827
h23.t7.nodes = 22314943
h23.t7.propagations = 22314943
h23.t16.restarts = 1282
h23.t16.nogoods_size = 14874827
h23.t16.nodes = 21490001
h23.t16.propagations = 21490001
h23.t13.restarts = 1282
h23.t13.nogoods_size = 14874827
h23.t13.nodes = 21033380
h23.t13.propagations = 21033380
h23.t0.restarts = 1282
h23.t0.nogoods_size = 14874827
h23.t0.nodes = 480309
h23.t0.propagations = 480309
h23.search_time = 1000204
h23.nodes = 351884915
h23.propagations = 1114656652
h24.t17.restarts = 1282
h24.t17.nogoods_size = 14871408
h24.t17.nodes = 4558592
h24.t17.propagations = 4558592
h24.t16.restarts = 1282
h24.t16.nogoods_size = 14871408
h24.t16.nodes = 20796030
h24.t16.propagations = 20796030
h24.t15.restarts = 1282
h24.t15.nogoods_size = 14871408
h24.t15.nodes = 20744129
h24.t15.propagations = 20744129
h24.t12.restarts = 1282
h24.t12.nogoods_size = 14871408
h24.t12.nodes = 21594374
h24.t12.propagations = 21594374
h24.t10.restarts = 1282
h24.t10.nogoods_size = 14871408
h24.t10.nodes = 20647029
h24.t10.propagations = 20647029
h24.t5.restarts = 1282
h24.t5.nogoods_size = 14871408
h24.t5.nodes = 21578882
h24.t5.propagations = 21578882
h24.t4.restarts = 1282
h24.t4.nogoods_size = 14871408
h24.t4.nodes = 20522211
h24.t4.propagations = 20522211
h24.t9.restarts = 1282
h24.t9.nogoods_size = 14871408
h24.t9.nodes = 21072919
h24.t9.propagations = 21072919
h24.t14.restarts = 1282
h24.t14.nogoods_size = 14871408
h24.t14.nodes = 20906525
h24.t14.propagations = 20906525
h24.t11.restarts = 1282
h24.t11.nogoods_size = 14871408
h24.t11.nodes = 20723568
h24.t11.propagations = 20723568
h24.t1.restarts = 1282
h24.t1.nogoods_size = 14871408
h24.t1.nodes = 21370861
h24.t1.propagations = 21370861
h24.t13.restarts = 1282
h24.t13.nogoods_size = 14871408
h24.t13.nodes = 21218104
h24.t13.propagations = 21218104
h24.t8.restarts = 1282
h24.t8.nogoods_size = 14871408
h24.t8.nodes = 20891403
h24.t8.propagations = 20891403
h24.t3.restarts = 1282
h24.t3.nogoods_size = 14871408
h24.t3.nodes = 20542949
h24.t3.propagations = 20542949
h24.t6.restarts = 1282
h24.t6.nogoods_size = 14871408
h24.t6.nodes = 20734014
h24.t6.propagations = 20734014
h24.t0.restarts = 1282
h24.t0.nogoods_size = 14871408
h24.t0.nodes = 433884
h24.t0.propagations = 433884
h24.t2.restarts = 1282
h24.t2.nogoods_size = 14871408
h24.t2.nodes = 21724280
h24.t2.propagations = 21724280
h24.t7.restarts = 1282
h24.t7.nogoods_size = 14871408
h24.t7.nodes = 21238306
h24.t7.propagations = 21238306
h24.search_time = 1000204
h24.nodes = 341298060
h24.propagations = 1082078373
h25.t13.restarts = 1282
h25.t13.nogoods_size = 14872176
h25.t13.nodes = 21504193
h25.t13.propagations = 21504193
h25.t2.restarts = 1282
h25.t2.nogoods_size = 14872176
h25.t2.nodes = 21493726
h25.t2.propagations = 21493726
h25.t11.restarts = 1282
h25.t11.nogoods_size = 14872176
h25.t11.nodes = 20906834
h25.t11.propagations = 20906834
h25.t14.restarts = 1282
h25.t14.nogoods_size = 14872176
h25.t14.nodes = 21018823
h25.t14.propagations = 21018823
h25.t7.restarts = 1282
h25.t7.nogoods_size = 14872176
h25.t7.nodes = 21183129
h25.t7.propagations = 21183129
h25.t6.restarts = 1282
h25.t6.nogoods_size = 14872176
h25.t6.nodes = 20742501
h25.t6.propagations = 20742501
h25.t1.restarts = 1282
h25.t1.nogoods_size = 14872176
h25.t1.nodes = 20979659
h25.t1.propagations = 20979659
h25.t4.restarts = 1282
h25.t4.nogoods_size = 14872176
h25.t4.nodes = 21188922
h25.t4.propagations = 21188922
h25.t0.restarts = 1282
h25.t0.nogoods_size = 14872176
h25.t0.nodes = 461036
h25.t0.propagations = 461036
h25.t16.restarts = 1282
h25.t16.nogoods_size = 14872176
h25.t16.nodes = 20457818
h25.t16.propagations = 20457818
h25.t3.restarts = 1282
h25.t3.nogoods_size = 14872176
h25.t3.nodes = 20796148
h25.t3.propagations = 20796148
h25.t9.restarts = 1282
h25.t9.nogoods_size = 14872176
h25.t9.nodes = 21040825
h25.t9.propagations = 21040825
h25.t15.restarts = 1282
h25.t15.nogoods_size = 14872176
h25.t15.nodes = 21777991
h25.t15.propagations = 21777991
h25.t8.restarts = 1282
h25.t8.nogoods_size = 14872176
h25.t8.nodes = 20724151
h25.t8.propagations = 20724151
h25.t17.restarts = 1282
h25.t17.nogoods_size = 14872176
h25.t17.nodes = 4896198
h25.t17.propagations = 4896198
h25.t10.restarts = 1282
h25.t10.nogoods_size = 14872176
h25.t10.nodes = 21784334
h25.t10.propagations = 21784334
h25.t12.restarts = 1282
h25.t12.nogoods_size = 14872176
h25.t12.nodes = 21340178
h25.t12.propagations = 21340178
h25.t5.restarts = 1282
h25.t5.nogoods_size = 14872176
h25.t5.nodes = 20778973
h25.t5.propagations = 20778973
h25.search_time = 1000203
h25.nodes = 343075439
h25.propagations = 1086700358
h26.t3.restarts = 1282
h26.t3.nogoods_size = 14870654
h26.t3.nodes = 20555502
h26.t3.propagations = 20555502
h26.t6.restarts = 1282
h26.t6.nogoods_size = 14870654
h26.t6.nodes = 20238437
h26.t6.propagations = 20238437
h26.t4.restarts = 1282
h26.t4.nogoods_size = 14870654
h26.t4.nodes = 20448290
h26.t4.propagations = 20448290
h26.t5.restarts = 1282
h26.t5.nogoods_size = 14870654
h26.t5.nodes = 21086015
h26.t5.propagations = 21086015
h26.t9.restarts = 1282
h26.t9.nogoods_size = 14870654
h26.t9.nodes = 20315519
h26.t9.propagations = 20315519
h26.t17.restarts = 1282
h26.t17.nogoods_size = 14870654
h26.t17.nodes = 4166682
h26.t17.propagations = 4166682
h26.t12.restarts = 1282
h26.t12.nogoods_size = 14870654
h26.t12.nodes = 20626232
h26.t12.propagations = 20626232
h26.t2.restarts = 1282
h26.t2.nogoods_size = 14870654
h26.t2.nodes = 21351980
h26.t2.propagations = 21351980
h26.t15.restarts = 1282
h26.t15.nogoods_size = 14870654
h26.t15.nodes = 20264349
h26.t15.propagations = 20264349
h26.t14.restarts = 1282
h26.t14.nogoods_size = 14870654
h26.t14.nodes = 20096513
h26.t14.propagations = 20096513
h26.t13.restarts = 1282
h26.t13.nogoods_size = 14870654
h26.t13.nodes = 20638030
h26.t13.propagations = 20638030
h26.t16.restarts = 1282
h26.t16.nogoods_size = 14870654
h26.t16.nodes = 20238633
h26.t16.propagations = 20238633
h26.t10.restarts = 1282
h26.t10.nogoods_size = 14870654
h26.t10.nodes = 20539448
h26.t10.propagations = 20539448
h26.t7.restarts = 1282
h26.t7.nogoods_size = 14870654
h26.t7.nodes = 20443167
h26.t7.propagations = 20443167
h26.t1.restarts = 1282
h26.t1.nogoods_size = 14870654
h26.t1.nodes = 20678480
h26.t1.propagations = 20678480
h26.t11.restarts = 1282
h26.t11.nogoods_size = 14870654
h26.t11.nodes = 19938857
h26.t11.propagations = 19938857
h26.t8.restarts = 1282
h26.t8.nogoods_size = 14870654
h26.t8.nodes = 20606513
h26.t8.propagations = 20606513
h26.t0.restarts = 1282
h26.t0.nogoods_size = 14870654
h26.t0.nodes = 453628
h26.t0.propagations = 453628
h26.search_time = 1000200
h26.nodes = 332686275
h26.propagations = 1055779875
h27.t9.restarts = 1282
h27.t9.nogoods_size = 14874932
h27.t9.nodes = 22905453
h27.t9.propagations = 22905453
h27.t5.restarts = 1282
h27.t5.nogoods_size = 14874932
h27.t5.nodes = 22766447
h27.t5.propagations = 22766447
h27.t1.restarts = 1282
h27.t1.nogoods_size = 14874932
h27.t1.nodes = 22413111
h27.t1.propagations = 22413111
h27.t6.restarts = 1282
h27.t6.nogoods_size = 14874932
h27.t6.nodes = 22302052
h27.t6.propagations = 22302052
h27.t11.restarts = 1282
h27.t11.nogoods_size = 14874932
h27.t11.nodes = 21539613
h27.t11.propagations = 21539613
h27.t7.restarts = 1282
h27.t7.nogoods_size = 14874932
h27.t7.nodes = 22121487
h27.t7.propagations = 22121487
h27.t15.restarts = 1282
h27.t15.nogoods_size = 14874932
h27.t15.nodes = 22229732
h27.t15.propagations = 22229732
h27.t8.restarts = 1282
h27.t8.nogoods_size = 14874932
h27.t8.nodes = 22911160
h27.t8.propagations = 22911160
h27.t14.restarts = 1282
h27.t14.nogoods_size = 14874932
h27.t14.nodes = 22000109
h27.t14.propagations = 22000109
h27.t17.restarts = 1282
h27.t17.nogoods_size = 14874932
h27.t17.nodes = 5115936
h27.t17.propagations = 5115936
h27.t16.restarts = 1282
h27.t16.nogoods_size = 14874932
h27.t16.nodes = 21570609
h27.t16.propagations = 21570609
h27.t4.restarts = 1282
h27.t4.nogoods_size = 14874932
h27.t4.nodes = 22779106
h27.t4.propagations = 22779106
h27.t0.restarts = 1282
h27.t0.nogoods_size = 14874932
h27.t0.nodes = 473706
h27.t0.propagations = 473706
h27.t10.restarts = 1282
h27.t10.nogoods_size = 14874932
h27.t10.nodes = 22333196
h27.t10.propagations = 22333196
h27.t3.restarts = 1282
h27.t3.nogoods_size = 14874932
h27.t3.nodes = 21976219
h27.t3.propagations = 21976219
h27.t12.restarts = 1282
h27.t12.nogoods_size = 14874932
h27.t12.nodes = 21924739
h27.t12.propagations = 21924739
h27.t2.restarts = 1282
h27.t2.nogoods_size = 14874932
h27.t2.nodes = 22221840
h27.t2.propagations = 22221840
h27.t13.restarts = 1282
h27.t13.nogoods_size = 14874932
h27.t13.nodes = 22142618
h27.t13.propagations = 22142618
h27.search_time = 1000204
h27.nodes = 361727133
h27.propagations = 1146118987
h28.t6.restarts = 1282
h28.t6.nogoods_size = 14867350
h28.t6.nodes = 20818583
h28.t6.propagations = 20818583
h28.t0.restarts = 1282
h28.t0.nogoods_size = 14867350
h28.t0.nodes = 429272
h28.t0.propagations = 429272
h28.t7.restarts = 1282
h28.t7.nogoods_size = 14867350
h28.t7.nodes = 21229750
h28.t7.propagations = 21229750
h28.t9.restarts = 1282
h28.t9.nogoods_size = 14867350
h28.t9.nodes = 20998556
h28.t9.propagations = 20998556
h28.t13.restarts = 1282
h28.t13.nogoods_size = 14867350
h28.t13.nodes = 21404104
h28.t13.propagations = 21404104
h28.t8.restarts = 1282
h28.t8.nogoods_size = 14867350
h28.t8.nodes = 21194111
h28.t8.propagations = 21194111
h28.t10.restarts = 1282
h28.t10.nogoods_size = 14867350
h28.t10.nodes = 20926538
h28.t10.propagations = 20926538
h28.t16.restarts = 1282
h28.t16.nogoods_size = 14867350
h28.t16.nodes = 20762432
h28.t16.propagations = 20762432
h28.t12.restarts = 1282
h28.t12.nogoods_size = 14867350
h28.t12.nodes = 21134743
h28.t12.propagations = 21134743
h28.t5.restarts = 1282
h28.t5.nogoods_size = 14867350
h28.t5.nodes = 21450402
h28.t5.propagations = 21450402
h28.t14.restarts = 1282
h28.t14.nogoods_size = 14867350
h28.t14.nodes = 20619456
h28.t14.propagations = 20619456
h28.t3.restarts = 1282
h28.t3.nogoods_size = 14867350
h28.t3.nodes = 21684010
h28.t3.propagations = 21684010
h28.t11.restarts = 1282
h28.t11.nogoods_size = 14867350
h28.t11.nodes = 20970831
h28.t11.propagations = 20970831
h28.t2.restarts = 1282
h28.t2.nogoods_size = 14867350
h28.t2.nodes = 20742663
h28.t2.propagations = 20742663
h28.t4.restarts = 1282
h28.t4.nogoods_size = 14867350
h28.t4.nodes = 21143541
h28.t4.propagations = 21143541
h28.t15.restarts = 1282
h28.t15.nogoods_size = 14867350
h28.t15.nodes = 20625525
h28.t15.propagations = 20625525
h28.t17.restarts = 1282
h28.t17.nogoods_size = 14867350
h28.t17.nodes = 5198024
h28.t17.propagations = 5198024
h28.t1.restarts = 1282
h28.t1.nogoods_size = 14867350
h28.t1.nodes = 21073173
h28.t1.propagations = 21073173
h28.search_time = 1000575
h28.nodes = 342405714
h28.propagations = 1085581372
h29.t8.restarts = 1282
h29.t8.nogoods_size = 14864922
h29.t8.nodes = 20067377
h29.t8.propagations = 20067377
h29.t12.restarts = 1282
h29.t12.nogoods_size = 14864922
h29.t12.nodes = 19760810
h29.t12.propagations = 19760810
h29.t15.restarts = 1282
h29.t15.nogoods_size = 14864922
h29.t15.nodes = 20197968
h29.t15.propagations = 20197968
h29.t6.restarts = 1282
h29.t6.nogoods_size = 14864922
h29.t6.nodes = 19751710
h29.t6.propagations = 19751710
h29.t13.restarts = 1282
h29.t13.nogoods_size = 14864922
h29.t13.nodes = 20181516
h29.t13.propagations = 20181516
h29.t17.restarts = 1282
h29.t17.nogoods_size = 14864922
h29.t17.nodes = 4931203
h29.t17.propagations = 4931203
h29.t2.restarts = 1282
h29.t2.nogoods_size = 14864922
h29.t2.nodes = 20822470
h29.t2.propagations = 20822470
h29.t3.restarts = 1282
h29.t3.nogoods_size = 14864922
h29.t3.nodes = 19743074
h29.t3.propagations = 19743074
h29.t5.restarts = 1282
h29.t5.nogoods_size = 14864922
h29.t5.nodes = 20202294
h29.t5.propagations = 20202294
h29.t4.restarts = 1282
h29.t4.nogoods_size = 14864922
h29.t4.nodes = 20092400
h29.t4.propagations = 20092400
h29.t10.restarts = 1282
h29.t10.nogoods_size = 14864922
h29.t10.nodes = 20477563
h29.t10.propagations = 20477563
h29.t9.restarts = 1282
h29.t9.nogoods_size = 14864922
h29.t9.nodes = 20572650
h29.t9.propagations = 20572650
h29.t11.restarts = 1282
h29.t11.nogoods_size = 14864922
h29.t11.nodes = 20703941
h29.t11.propagations = 20703941
h29.t7.restarts = 1282
h29.t7.nogoods_size = 14864922
h29.t7.nodes = 21034142
h29.t7.propagations = 21034142
h29.t16.restarts = 1282
h29.t16.nogoods_size = 14864922
h29.t16.nodes = 20061385
h29.t16.propagations = 20061385
h29.t14.restarts = 1282
h29.t14.nogoods_size = 14864922
h29.t14.nodes = 20390550
h29.t14.propagations = 20390550
h29.t1.restarts = 1282
h29.t1.nogoods_size = 14864922
h29.t1.nodes = 20679351
h29.t1.propagations = 20679351
h29.t0.restarts = 1282
h29.t0.nogoods_size = 14864922
h29.t0.nodes = 457734
h29.t0.propagations = 457734
h29.search_time = 1000200
h29.nodes = 330128138
h29.propagations = 1046876359
h30.t17.restarts = 1282
h30.t17.nogoods_size = 14872013
h30.t17.nodes = 5272530
h30.t17.propagations = 5272530
h30.t6.restarts = 1282
h30.t6.nogoods_size = 14872013
h30.t6.nodes = 22162604
h30.t6.propagations = 22162604
h30.t14.restarts = 1282
h30.t14.nogoods_size = 14872013
h30.t14.nodes = 21391932
h30.t14.propagations = 21391932
h30.t8.restarts = 1282
h30.t8.nogoods_size = 14872013
h30.t8.nodes = 22154938
h30.t8.propagations = 22154938
h30.t7.restarts = 1282
h30.t7.nogoods_size = 14872013
h30.t7.nodes = 22020097
h30.t7.propagations = 22020097
h30.t11.restarts = 1282
h30.t11.nogoods_size = 14872013
h30.t11.nodes = 21397254
h30.t11.propagations = 21397254
h30.t16.restarts = 1282
h30.t16.nogoods_size = 14872013
h30.t16.nodes = 21010741
h30.t16.propagations = 21010741
h30.t13.restarts = 1282
h30.t13.nogoods_size = 14872013
h30.t13.nodes = 21591079
h30.t13.propagations = 21591079
h30.t15.restarts = 1282
h30.t15.nogoods_size = 14872013
h30.t15.nodes = 20645467
h30.t15.propagations = 20645467
h30.t4.restarts = 1282
h30.t4.nogoods_size = 14872013
h30.t4.nodes = 21432350
h30.t4.propagations = 21432350
h30.t10.restarts = 1282
h30.t10.nogoods_size = 14872013
h30.t10.nodes = 21485314
h30.t10.propagations = 21485314
h30.t12.restarts = 1282
h30.t12.nogoods_size = 14872013
h30.t12.nodes = 21201739
h30.t12.propagations = 21201739
h30.t2.restarts = 1282
h30.t2.nogoods_size = 14872013
h30.t2.nodes = 21417544
h30.t2.propagations = 21417544
h30.t1.restarts = 1282
h30.t1.nogoods_size = 14872013
h30.t1.nodes = 21108445
h30.t1.propagations = 21108445
h30.t3.restarts = 1282
h30.t3.nogoods_size = 14872013
h30.t3.nodes = 21292045
h30.t3.propagations = 21292045
h30.t0.restarts = 1282
h30.t0.nogoods_size = 14872013
h30.t0.nodes = 421801
h30.t0.propagations = 421801
h30.t5.restarts = 1282
h30.t5.nogoods_size = 14872013
h30.t5.nodes = 21458341
h30.t5.propagations = 21458341
h30.t9.restarts = 1282
h30.t9.nogoods_size = 14872013
h30.t9.nodes = 22006985
h30.t9.propagations = 22006985
h30.search_time = 1000206
h30.nodes = 349471206
h30.propagations = 1108529344
h31.t15.restarts = 1282
h31.t15.nogoods_size = 14864549
h31.t15.nodes = 20353978
h31.t15.propagations = 20353978
h31.t2.restarts = 1282
h31.t2.nogoods_size = 14864549
h31.t2.nodes = 20560273
h31.t2.propagations = 20560273
h31.t7.restarts = 1282
h31.t7.nogoods_size = 14864549
h31.t7.nodes = 20758878
h31.t7.propagations = 20758878
h31.t11.restarts = 1282
h31.t11.nogoods_size = 14864549
h31.t11.nodes = 20975386
h31.t11.propagations = 20975386
h31.t14.restarts = 1282
h31.t14.nogoods_size = 14864549
h31.t14.nodes = 20234955
h31.t14.propagations = 20234955
h31.t6.restarts = 1282
h31.t6.nogoods_size = 14864549
h31.t6.nodes = 20669679
h31.t6.propagations = 20669679
h31.t12.restarts = 1282
h31.t12.nogoods_size = 14864549
h31.t12.nodes = 20778143
h31.t12.propagations = 20778143
h31.t4.restarts = 1282
h31.t4.nogoods_size = 14864549
h31.t4.nodes = 20008114
h31.t4.propagations = 20008114
h31.t1.restarts = 1282
h31.t1.nogoods_size = 14864549
h31.t1.nodes = 20699535
h31.t1.propagations = 20699535
h31.t9.restarts = 1282
h31.t9.nogoods_size = 14864549
h31.t9.nodes = 20428374
h31.t9.propagations = 20428374
h31.t10.restarts = 1282
h31.t10.nogoods_size = 14864549
h31.t10.nodes = 20238209
h31.t10.propagations = 20238209
h31.t17.restarts = 1282
h31.t17.nogoods_size = 14864549
h31.t17.nodes = 5030966
h31.t17.propagations = 5030966
h31.t3.restarts = 1282
h31.t3.nogoods_size = 14864549
h31.t3.nodes = 20427586
h31.t3.propagations = 20427586
h31.t13.restarts = 1282
h31.t13.nogoods_size = 14864549
h31.t13.nodes = 20556460
h31.t13.propagations = 20556460
h31.t5.restarts = 1282
h31.t5.nogoods_size = 14864549
h31.t5.nodes = 20537082
h31.t5.propagations = 20537082
h31.t8.restarts = 1282
h31.t8.nogoods_size = 14864549
h31.t8.nodes = 21024960
h31.t8.propagations = 21024960
h31.t16.restarts = 1282
h31.t16.nogoods_size = 14864549
h31.t16.nodes = 20989854
h31.t16.propagations = 20989854
h31.t0.restarts = 1282
h31.t0.nogoods_size = 14864549
h31.t0.nodes = 456190
h31.t0.propagations = 456190
h31.search_time = 1000195
h31.nodes = 334728622
h31.propagations = 1060063775
h32.t17.restarts = 1282
h32.t17.nogoods_size = 14868685
h32.t17.nodes = 5142582
h32.t17.propagations = 5142582
h32.t4.restarts = 1282
h32.t4.nogoods_size = 14868685
h32.t4.nodes = 20986069
h32.t4.propagations = 20986069
h32.t0.restarts = 1282
h32.t0.nogoods_size = 14868685
h32.t0.nodes = 422810
h32.t0.propagations = 422810
h32.t15.restarts = 1282
h32.t15.nogoods_size = 14868685
h32.t15.nodes = 20687213
h32.t15.propagations = 20687213
h32.t1.restarts = 1282
h32.t1.nogoods_size = 14868685
h32.t1.nodes = 21255519
h32.t1.propagations = 21255519
h32.t2.restarts = 1282
h32.t2.nogoods_size = 14868685
h32.t2.nodes = 21655001
h32.t2.propagations = 21655001
h32.t13.restarts = 1282
h32.t13.nogoods_size = 14868685
h32.t13.nodes = 21091411
h32.t13.propagations = 21091411
h32.t9.restarts = 1282
h32.t9.nogoods_size = 14868685
h32.t9.nodes = 21042400
h32.t9.propagations = 21042400
h32.t6.restarts = 1282
h32.t6.nogoods_size = 14868685
h32.t6.nodes = 21413331
h32.t6.propagations = 21413331
h32.t12.restarts = 1282
h32.t12.nogoods_size = 14868685
h32.t12.nodes = 20971750
h32.t12.propagations = 20971750
h32.t5.restarts = 1282
h32.t5.nogoods_size = 14868685
h32.t5.nodes = 21028088
h32.t5.propagations = 21028088
h32.t16.restarts = 1282
h32.t16.nogoods_size = 14868685
h32.t16.nodes = 21044765
h32.t16.propagations = 21044765
h32.t7.restarts = 1282
h32.t7.nogoods_size = 14868685
h32.t7.nodes = 20730152
h32.t7.propagations = 20730152
h32.t3.restarts = 1282
h32.t3.nogoods_size = 14868685
h32.t3.nodes = 21141206
h32.t3.propagations = 21141206
h32.t11.restarts = 1282
h32.t11.nogoods_size = 14868685
h32.t11.nodes = 20822364
h32.t11.propagations = 20822364
h32.t14.restarts = 1282
h32.t14.nogoods_size = 14868685
h32.t14.nodes = 21174597
h32.t14.propagations = 21174597
h32.t10.restarts = 1282
h32.t10.nogoods_size = 14868685
h32.t10.nodes = 20409046
h32.t10.propagations = 20409046
h32.t8.restarts = 1282
h32.t8.nogoods_size = 14868685
h32.t8.nodes = 20902575
h32.t8.propagations = 20902575
h32.search_time = 1000203
h32.nodes = 341920879
h32.propagations = 1082820838
h33.t14.restarts = 1282
h33.t14.nogoods_size = 14867848
h33.t14.nodes = 20800876
h33.t14.propagations = 20800876
h33.t13.restarts = 1282
h33.t13.nogoods_size = 14867848
h33.t13.nodes = 21046205
h33.t13.propagations = 21046205
h33.t5.restarts = 1282
h33.t5.nogoods_size = 14867848
h33.t5.nodes = 20886049
h33.t5.propagations = 20886049
h33.t15.restarts = 1282
h33.t15.nogoods_size = 14867848
h33.t15.nodes = 19663938
h33.t15.propagations = 19663938
h33.t8.restarts = 1282
h33.t8.nogoods_size = 14867848
h33.t8.nodes = 20779181
h33.t8.propagations = 20779181
h33.t10.restarts = 1282
h33.t10.nogoods_size = 14867848
h33.t10.nodes = 20156287
h33.t10.propagations = 20156287
h33.t12.restarts = 1282
h33.t12.nogoods_size = 14867848
h33.t12.nodes = 20071810
h33.t12.propagations = 20071810
h33.t17.restarts = 1282
h33.t17.nogoods_size = 14867848
h33.t17.nodes = 4726565
h33.t17.propagations = 4726565
h33.t11.restarts = 1282
h33.t11.nogoods_size = 14867848
h33.t11.nodes = 20485785
h33.t11.propagations = 20485785
h33.t16.restarts = 1282
h33.t16.nogoods_size = 14867848
h33.t16.nodes = 20303201
h33.t16.propagations = 20303201
h33.t3.restarts = 1282
h33.t3.nogoods_size = 14867848
h33.t3.nodes = 20528281
h33.t3.propagations = 20528281
h33.t6.restarts = 1282
h33.t6.nogoods_size = 14867848
h33.t6.nodes = 20601003
h33.t6.propagations = 20601003
h33.t9.restarts = 1282
h33.t9.nogoods_size = 14867848
h33.t9.nodes = 20317721
h33.t9.propagations = 20317721
h33.t1.restarts = 1282
h33.t1.nogoods_size = 14867848
h33.t1.nodes = 19600628
h33.t1.propagations = 19600628
h33.t7.restarts = 1282
h33.t7.nogoods_size = 14867848
h33.t7.nodes = 20671871
h33.t7.propagations = 20671871
h33.t4.restarts = 1282
h33.t4.nogoods_size = 14867848
h33.t4.nodes = 20697332
h33.t4.propagations = 20697332
h33.t2.restarts = 1282
h33.t2.nogoods_size = 14867848
h33.t2.nodes = 20936449
h33.t2.propagations = 20936449
h33.t0.restarts = 1282
h33.t0.nogoods_size = 14867848
h33.t0.nodes = 450525
h33.t0.propagations = 450525
h33.search_time = 1000199
h33.nodes = 332723707
h33.propagations = 1054250779
h34.t6.stop_reason = aborted
h34.t6.restarts = 1282
h34.t6.nogoods_size = 14872541
h34.t6.nodes = 21328680
h34.t6.propagations = 21328680
h34.t7.stop_reason = aborted
h34.t7.restarts = 1282
h34.t7.nogoods_size = 14872541
h34.t7.nodes = 22228049
h34.t7.propagations = 22228049
h34.t3.stop_reason = aborted
h34.t3.restarts = 1282
h34.t3.nogoods_size = 14872541
h34.t3.nodes = 21909003
h34.t3.propagations = 21909003
h34.t8.stop_reason = aborted
h34.t8.restarts = 1282
h34.t8.nogoods_size = 14872541
h34.t8.nodes = 21786956
h34.t8.propagations = 21786956
h34.t14.stop_reason = aborted
h34.t14.restarts = 1282
h34.t14.nogoods_size = 14872541
h34.t14.nodes = 21967335
h34.t14.propagations = 21967335
h34.t15.stop_reason = aborted
h34.t15.restarts = 1282
h34.t15.nogoods_size = 14872541
h34.t15.nodes = 21723097
h34.t15.propagations = 21723097
h34.t4.stop_reason = aborted
h34.t4.restarts = 1282
h34.t4.nogoods_size = 14872541
h34.t4.nodes = 22202606
h34.t4.propagations = 22202606
h34.t10.stop_reason = aborted
h34.t10.restarts = 1282
h34.t10.nogoods_size = 14872541
h34.t10.nodes = 21891863
h34.t10.propagations = 21891863
h34.t1.stop_reason = aborted
h34.t1.restarts = 1282
h34.t1.nogoods_size = 14872541
h34.t1.nodes = 22281935
h34.t1.propagations = 22281935
h34.t11.stop_reason = aborted
h34.t11.restarts = 1282
h34.t11.nogoods_size = 14872541
h34.t11.nodes = 21217679
h34.t11.propagations = 21217679
h34.t16.stop_reason = aborted
h34.t16.restarts = 1282
h34.t16.nogoods_size = 14872541
h34.t16.nodes = 21264796
h34.t16.propagations = 21264796
h34.t12.stop_reason = aborted
h34.t12.restarts = 1282
h34.t12.nogoods_size = 14872541
h34.t12.nodes = 22756056
h34.t12.propagations = 22756056
h34.t5.stop_reason = aborted
h34.t5.restarts = 1282
h34.t5.nogoods_size = 14872541
h34.t5.nodes = 21744133
h34.t5.propagations = 21744133
h34.t2.stop_reason = aborted
h34.t2.restarts = 1282
h34.t2.nogoods_size = 14872541
h34.t2.nodes = 22108802
h34.t2.propagations = 22108802
h34.t9.stop_reason = aborted
h34.t9.restarts = 1282
h34.t9.nogoods_size = 14872541
h34.t9.nodes = 21021227
h34.t9.propagations = 21021227
h34.t17.stop_reason = aborted
h34.t17.restarts = 1282
h34.t17.nogoods_size = 14872541
h34.t17.nodes = 4824797
h34.t17.propagations = 4824797
h34.t0.stop_reason = aborted
h34.t0.restarts = 1282
h34.t0.nogoods_size = 14872541
h34.t0.nodes = 457520
h34.t0.propagations = 457520
h34.t13.stop_reason = aborted
h34.t13.restarts = 1282
h34.t13.nogoods_size = 14872541
h34.t13.nodes = 21746370
h34.t13.propagations = 21746370
h34.search_time = 1000205
h34.nodes = 354460904
h34.propagations = 1122747021
h35.t17.stop_reason = aborted
h35.t17.restarts = 1282
h35.t17.nogoods_size = 14876863
h35.t17.nodes = 5147055
h35.t17.propagations = 5147055
h35.t0.stop_reason = aborted
h35.t0.restarts = 1282
h35.t0.nogoods_size = 14876863
h35.t0.nodes = 453002
h35.t0.propagations = 453002
h35.t12.stop_reason = aborted
h35.t12.restarts = 1282
h35.t12.nogoods_size = 14876863
h35.t12.nodes = 22969036
h35.t12.propagations = 22969036
h35.t3.stop_reason = aborted
h35.t3.restarts = 1282
h35.t3.nogoods_size = 14876863
h35.t3.nodes = 23185488
h35.t3.propagations = 23185488
h35.t8.stop_reason = aborted
h35.t8.restarts = 1282
h35.t8.nogoods_size = 14876863
h35.t8.nodes = 22867224
h35.t8.propagations = 22867224
h35.t1.stop_reason = aborted
h35.t1.restarts = 1282
h35.t1.nogoods_size = 14876863
h35.t1.nodes = 23400376
h35.t1.propagations = 23400376
h35.t7.stop_reason = aborted
h35.t7.restarts = 1282
h35.t7.nogoods_size = 14876863
h35.t7.nodes = 23738193
h35.t7.propagations = 23738193
h35.t11.stop_reason = aborted
h35.t11.restarts = 1282
h35.t11.nogoods_size = 14876863
h35.t11.nodes = 22633640
h35.t11.propagations = 22633640
h35.t9.stop_reason = aborted
h35.t9.restarts = 1282
h35.t9.nogoods_size = 14876863
h35.t9.nodes = 23423258
h35.t9.propagations = 23423258
h35.t13.stop_reason = aborted
h35.t13.restarts = 1282
h35.t13.nogoods_size = 14876863
h35.t13.nodes = 22797224
h35.t13.propagations = 22797224
h35.t5.stop_reason = aborted
h35.t5.restarts = 1282
h35.t5.nogoods_size = 14876863
h35.t5.nodes = 23749984
h35.t5.propagations = 23749984
h35.t14.stop_reason = aborted
h35.t14.restarts = 1282
h35.t14.nogoods_size = 14876863
h35.t14.nodes = 22545643
h35.t14.propagations = 22545643
h35.t16.stop_reason = aborted
h35.t16.restarts = 1282
h35.t16.nogoods_size = 14876863
h35.t16.nodes = 23299008
h35.t16.propagations = 23299008
h35.t4.stop_reason = aborted
h35.t4.restarts = 1282
h35.t4.nogoods_size = 14876863
h35.t4.nodes = 22962306
h35.t4.propagations = 22962306
h35.t15.stop_reason = aborted
h35.t15.restarts = 1282
h35.t15.nogoods_size = 14876863
h35.t15.nodes = 21866152
h35.t15.propagations = 21866152
h35.t10.stop_reason = aborted
h35.t10.restarts = 1282
h35.t10.nogoods_size = 14876863
h35.t10.nodes = 22234631
h35.t10.propagations = 22234631
h35.t2.stop_reason = aborted
h35.t2.restarts = 1282
h35.t2.nogoods_size = 14876863
h35.t2.nodes = 22391711
h35.t2.propagations = 22391711
h35.t6.stop_reason = aborted
h35.t6.restarts = 1282
h35.t6.nogoods_size = 14876863
h35.t6.nodes = 22140853
h35.t6.propagations = 22140853
h35.search_time = 1000205
h35.nodes = 371804784
h35.propagations = 1178857689
h36.t17.restarts = 1282
h36.t17.nogoods_size = 14867889
h36.t17.nodes = 5174344
h36.t17.propagations = 5174344
h36.t2.restarts = 1282
h36.t2.nogoods_size = 14867889
h36.t2.nodes = 21029807
h36.t2.propagations = 21029807
h36.t9.restarts = 1282
h36.t9.nogoods_size = 14867889
h36.t9.nodes = 21214190
h36.t9.propagations = 21214190
h36.t13.restarts = 1282
h36.t13.nogoods_size = 14867889
h36.t13.nodes = 21571094
h36.t13.propagations = 21571094
h36.t14.restarts = 1282
h36.t14.nogoods_size = 14867889
h36.t14.nodes = 20295347
h36.t14.propagations = 20295347
h36.t15.restarts = 1282
h36.t15.nogoods_size = 14867889
h36.t15.nodes = 21529364
h36.t15.propagations = 21529364
h36.t12.restarts = 1282
h36.t12.nogoods_size = 14867889
h36.t12.nodes = 21477651
h36.t12.propagations = 21477651
h36.t6.restarts = 1282
h36.t6.nogoods_size = 14867889
h36.t6.nodes = 21164832
h36.t6.propagations = 21164832
h36.t1.restarts = 1282
h36.t1.nogoods_size = 14867889
h36.t1.nodes = 20680611
h36.t1.propagations = 20680611
h36.t11.restarts = 1282
h36.t11.nogoods_size = 14867889
h36.t11.nodes = 20793911
h36.t11.propagations = 20793911
h36.t8.restarts = 1282
h36.t8.nogoods_size = 14867889
h36.t8.nodes = 20632777
h36.t8.propagations = 20632777
h36.t7.restarts = 1282
h36.t7.nogoods_size = 14867889
h36.t7.nodes = 21191984
h36.t7.propagations = 21191984
h36.t10.restarts = 1282
h36.t10.nogoods_size = 14867889
h36.t10.nodes = 21374088
h36.t10.propagations = 21374088
h36.t16.restarts = 1282
h36.t16.nogoods_size = 14867889
h36.t16.nodes = 20360025
h36.t16.propagations = 20360025
h36.t4.restarts = 1282
h36.t4.nogoods_size = 14867889
h36.t4.nodes = 21011653
h36.t4.propagations = 21011653
h36.t3.restarts = 1282
h36.t3.nogoods_size = 14867889
h36.t3.nodes = 21117012
h36.t3.propagations = 21117012
h36.t5.restarts = 1282
h36.t5.nogoods_size = 14867889
h36.t5.nodes = 20887529
h36.t5.propagations = 20887529
h36.t0.restarts = 1282
h36.t0.nogoods_size = 14867889
h36.t0.nodes = 498467
h36.t0.propagations = 498467
h36.search_time = 1000197
h36.nodes = 342004686
h36.propagations = 1084348924
h37.t0.restarts = 1282
h37.t0.nogoods_size = 14867552
h37.t0.nodes = 425179
h37.t0.propagations = 425179
h37.t2.restarts = 1282
h37.t2.nogoods_size = 14867552
h37.t2.nodes = 20963505
h37.t2.propagations = 20963505
h37.t10.restarts = 1282
h37.t10.nogoods_size = 14867552
h37.t10.nodes = 20562049
h37.t10.propagations = 20562049
h37.t6.restarts = 1282
h37.t6.nogoods_size = 14867552
h37.t6.nodes = 21138737
h37.t6.propagations = 21138737
h37.t13.restarts = 1282
h37.t13.nogoods_size = 14867552
h37.t13.nodes = 21199643
h37.t13.propagations = 21199643
h37.t5.restarts = 1282
h37.t5.nogoods_size = 14867552
h37.t5.nodes = 21077378
h37.t5.propagations = 21077378
h37.t3.restarts = 1282
h37.t3.nogoods_size = 14867552
h37.t3.nodes = 21207648
h37.t3.propagations = 21207648
h37.t7.restarts = 1282
h37.t7.nogoods_size = 14867552
h37.t7.nodes = 21350638
h37.t7.propagations = 21350638
h37.t1.restarts = 1282
h37.t1.nogoods_size = 14867552
h37.t1.nodes = 21319933
h37.t1.propagations = 21319933
h37.t16.restarts = 1282
h37.t16.nogoods_size = 14867552
h37.t16.nodes = 21521548
h37.t16.propagations = 21521548
h37.t15.restarts = 1282
h37.t15.nogoods_size = 14867552
h37.t15.nodes = 21101920
h37.t15.propagations = 21101920
h37.t11.restarts = 1282
h37.t11.nogoods_size = 14867552
h37.t11.nodes = 20953306
h37.t11.propagations = 20953306
h37.t9.restarts = 1282
h37.t9.nogoods_size = 14867552
h37.t9.nodes = 20839132
h37.t9.propagations = 20839132
h37.t4.restarts = 1282
h37.t4.nogoods_size = 14867552
h37.t4.nodes = 21462346
h37.t4.propagations = 21462346
h37.t12.restarts = 1282
h37.t12.nogoods_size = 14867552
h37.t12.nodes = 21066734
h37.t12.propagations = 21066734
h37.t17.restarts = 1282
h37.t17.nogoods_size = 14867552
h37.t17.nodes = 5493472
h37.t17.propagations = 5493472
h37.t8.restarts = 1282
h37.t8.nogoods_size = 14867552
h37.t8.nodes = 21283119
h37.t8.propagations = 21283119
h37.t14.restarts = 1282
h37.t14.nogoods_size = 14867552
h37.t14.nodes = 21406635
h37.t14.propagations = 21406635
h37.search_time = 1000201
h37.nodes = 344372922
h37.propagations = 1091168661
h38.t4.restarts = 1282
h38.t4.nogoods_size = 14868293
h38.t4.nodes = 20411489
h38.t4.propagations = 20411489
h38.t17.restarts = 1282
h38.t17.nogoods_size = 14868293
h38.t17.nodes = 4996071
h38.t17.propagations = 4996071
h38.t12.restarts = 1282
h38.t12.nogoods_size = 14868293
h38.t12.nodes = 20306555
h38.t12.propagations = 20306555
h38.t9.restarts = 1282
h38.t9.nogoods_size = 14868293
h38.t9.nodes = 21118574
h38.t9.propagations = 21118574
h38.t1.restarts = 1282
h38.t1.nogoods_size = 14868293
h38.t1.nodes = 20266271
h38.t1.propagations = 20266271
h38.t3.restarts = 1282
h38.t3.nogoods_size = 14868293
h38.t3.nodes = 20301723
h38.t3.propagations = 20301723
h38.t2.restarts = 1282
h38.t2.nogoods_size = 14868293
h38.t2.nodes = 20375547
h38.t2.propagations = 20375547
h38.t7.restarts = 1282
h38.t7.nogoods_size = 14868293
h38.t7.nodes = 21101675
h38.t7.propagations = 21101675
h38.t8.restarts = 1282
h38.t8.nogoods_size = 14868293
h38.t8.nodes = 20074291
h38.t8.propagations = 20074291
h38.t14.restarts = 1282
h38.t14.nogoods_size = 14868293
h38.t14.nodes = 20917051
h38.t14.propagations = 20917051
h38.t15.restarts = 1282
h38.t15.nogoods_size = 14868293
h38.t15.nodes = 19699936
h38.t15.propagations = 19699936
h38.t10.restarts = 1282
h38.t10.nogoods_size = 14868293
h38.t10.nodes = 20230136
h38.t10.propagations = 20230136
h38.t13.restarts = 1282
h38.t13.nogoods_size = 14868293
h38.t13.nodes = 20531308
h38.t13.propagations = 20531308
h38.t16.restarts = 1282
h38.t16.nogoods_size = 14868293
h38.t16.nodes = 20990427
h38.t16.propagations = 20990427
h38.t6.restarts = 1282
h38.t6.nogoods_size = 14868293
h38.t6.nodes = 20526008
h38.t6.propagations = 20526008
h38.t5.restarts = 1282
h38.t5.nogoods_size = 14868293
h38.t5.nodes = 20362387
h38.t5.propagations = 20362387
h38.t11.restarts = 1282
h38.t11.nogoods_size = 14868293
h38.t11.nodes = 20268486
h38.t11.propagations = 20268486
h38.t0.restarts = 1282
h38.t0.nogoods_size = 14868293
h38.t0.nodes = 425098
h38.t0.propagations = 425098
h38.search_time = 1000198
h38.nodes = 332903033
h38.propagations = 1054786798
h39.t17.restarts = 1282
h39.t17.nogoods_size = 14866145
h39.t17.nodes = 5140192
h39.t17.propagations = 5140192
h39.t15.restarts = 1282
h39.t15.nogoods_size = 14866145
h39.t15.nodes = 20909258
h39.t15.propagations = 20909258
h39.t2.restarts = 1282
h39.t2.nogoods_size = 14866145
h39.t2.nodes = 20334246
h39.t2.propagations = 20334246
h39.t12.restarts = 1282
h39.t12.nogoods_size = 14866145
h39.t12.nodes = 21426585
h39.t12.propagations = 21426585
h39.t11.restarts = 1282
h39.t11.nogoods_size = 14866145
h39.t11.nodes = 20933811
h39.t11.propagations = 20933811
h39.t9.restarts = 1282
h39.t9.nogoods_size = 14866145
h39.t9.nodes = 20664858
h39.t9.propagations = 20664858
h39.t1.restarts = 1282
h39.t1.nogoods_size = 14866145
h39.t1.nodes = 21381721
h39.t1.propagations = 21381721
h39.t5.restarts = 1282
h39.t5.nogoods_size = 14866145
h39.t5.nodes = 20860980
h39.t5.propagations = 20860980
h39.t7.restarts = 1282
h39.t7.nogoods_size = 14866145
h39.t7.nodes = 21354997
h39.t7.propagations = 21354997
h39.t13.restarts = 1282
h39.t13.nogoods_size = 14866145
h39.t13.nodes = 20608519
h39.t13.propagations = 20608519
h39.t6.restarts = 1282
h39.t6.nogoods_size = 14866145
h39.t6.nodes = 20461556
h39.t6.propagations = 20461556
h39.t8.restarts = 1282
h39.t8.nogoods_size = 14866145
h39.t8.nodes = 20820557
h39.t8.propagations = 20820557
h39.t16.restarts = 1282
h39.t16.nogoods_size = 14866145
h39.t16.nodes = 20928820
h39.t16.propagations = 20928820
h39.t14.restarts = 1282
h39.t14.nogoods_size = 14866145
h39.t14.nodes = 20000732
h39.t14.propagations = 20000732
h39.t4.restarts = 1282
h39.t4.nogoods_size = 14866145
h39.t4.nodes = 20758019
h39.t4.propagations = 20758019
h39.t0.restarts = 1282
h39.t0.nogoods_size = 14866145
h39.t0.nodes = 458712
h39.t0.propagations = 458712
h39.t3.restarts = 1282
h39.t3.nogoods_size = 14866145
h39.t3.nodes = 21100563
h39.t3.propagations = 21100563
h39.t10.restarts = 1282
h39.t10.nogoods_size = 14866145
h39.t10.nodes = 20624221
h39.t10.propagations = 20624221
h39.search_time = 1000198
h39.nodes = 338768347
h39.propagations = 1074140362
