hostname = r1i7n1
commandline = ../glasgow/mpi_solve_subgraph_isomorphism --timeout 1000 --format lad --geometric-restarts=1.0 --restarts-constant=100000 --restart-timer=100 --triggered-restarts --threads 18 --value-ordering=biased ../instances/LV/g43 ../instances/largerGraphs/g64
started_at = 2018-11-27 20:19:11
pattern_file = ../instances/LV/g43
target_file = ../instances/largerGraphs/g64
status = false
nodes = 17961838
propagations = 89388929
runtime = 2419
h0.t4.stop_reason = unsatisfiable
h0.t4.restarts = 7
h0.t4.nogoods_size = 221685
h0.t4.nodes = 28882
h0.t4.propagations = 28882
h0.t12.stop_reason = unsatisfiable
h0.t12.restarts = 7
h0.t12.nogoods_size = 221685
h0.t12.nodes = 24024
h0.t12.propagations = 24024
h0.t5.stop_reason = unsatisfiable
h0.t5.restarts = 7
h0.t5.nogoods_size = 221685
h0.t5.nodes = 27128
h0.t5.propagations = 27128
h0.t2.stop_reason = unsatisfiable
h0.t2.restarts = 7
h0.t2.nogoods_size = 221685
h0.t2.nodes = 25055
h0.t2.propagations = 25055
h0.t1.stop_reason = unsatisfiable
h0.t1.restarts = 7
h0.t1.nogoods_size = 221685
h0.t1.nodes = 28094
h0.t1.propagations = 28094
h0.t13.stop_reason = unsatisfiable
h0.t13.restarts = 7
h0.t13.nogoods_size = 221685
h0.t13.nodes = 30216
h0.t13.propagations = 30216
h0.t8.stop_reason = unsatisfiable
h0.t8.restarts = 7
h0.t8.nogoods_size = 221685
h0.t8.nodes = 30037
h0.t8.propagations = 30037
h0.t10.stop_reason = unsatisfiable
h0.t10.restarts = 7
h0.t10.nogoods_size = 221685
h0.t10.nodes = 26705
h0.t10.propagations = 26705
h0.t0.stop_reason = aborted
h0.t0.restarts = 7
h0.t0.nogoods_size = 221685
h0.t0.nodes = 12415
h0.t0.propagations = 12415
h0.t16.stop_reason = unsatisfiable
h0.t16.restarts = 7
h0.t16.nogoods_size = 221685
h0.t16.nodes = 29055
h0.t16.propagations = 29055
h0.t6.stop_reason = unsatisfiable
h0.t6.restarts = 7
h0.t6.nogoods_size = 221685
h0.t6.nodes = 27089
h0.t6.propagations = 27089
h0.t11.stop_reason = unsatisfiable
h0.t11.restarts = 7
h0.t11.nogoods_size = 221685
h0.t11.nodes = 25005
h0.t11.propagations = 25005
h0.t9.stop_reason = unsatisfiable
h0.t9.restarts = 7
h0.t9.nogoods_size = 221685
h0.t9.nodes = 26398
h0.t9.propagations = 26398
h0.t14.stop_reason = unsatisfiable
h0.t14.restarts = 7
h0.t14.nogoods_size = 221685
h0.t14.nodes = 29022
h0.t14.propagations = 29022
h0.t15.stop_reason = unsatisfiable
h0.t15.restarts = 7
h0.t15.nogoods_size = 221685
h0.t15.nodes = 27193
h0.t15.propagations = 27193
h0.t3.stop_reason = unsatisfiable
h0.t3.restarts = 7
h0.t3.nogoods_size = 221685
h0.t3.nodes = 26796
h0.t3.propagations = 26796
h0.t7.stop_reason = unsatisfiable
h0.t7.restarts = 7
h0.t7.nogoods_size = 221685
h0.t7.nodes = 25496
h0.t7.propagations = 25496
h0.t17.stop_reason = unsatisfiable
h0.t17.restarts = 7
h0.t17.nogoods_size = 221685
h0.t17.nodes = 13936
h0.t17.propagations = 13936
h0.search_time = 1781
h0.nodes = 462546
h0.propagations = 2335838
h1.t2.stop_reason = unsatisfiable
h1.t2.restarts = 7
h1.t2.nogoods_size = 221559
h1.t2.nodes = 30487
h1.t2.propagations = 30487
h1.t5.stop_reason = unsatisfiable
h1.t5.restarts = 7
h1.t5.nogoods_size = 221559
h1.t5.nodes = 30234
h1.t5.propagations = 30234
h1.t16.stop_reason = unsatisfiable
h1.t16.restarts = 7
h1.t16.nogoods_size = 221559
h1.t16.nodes = 31189
h1.t16.propagations = 31189
h1.t1.stop_reason = unsatisfiable
h1.t1.restarts = 7
h1.t1.nogoods_size = 221559
h1.t1.nodes = 30373
h1.t1.propagations = 30373
h1.t3.stop_reason = unsatisfiable
h1.t3.restarts = 7
h1.t3.nogoods_size = 221559
h1.t3.nodes = 28048
h1.t3.propagations = 28048
h1.t7.stop_reason = unsatisfiable
h1.t7.restarts = 7
h1.t7.nogoods_size = 221559
h1.t7.nodes = 30126
h1.t7.propagations = 30126
h1.t4.stop_reason = unsatisfiable
h1.t4.restarts = 7
h1.t4.nogoods_size = 221559
h1.t4.nodes = 25559
h1.t4.propagations = 25559
h1.t12.stop_reason = unsatisfiable
h1.t12.restarts = 7
h1.t12.nogoods_size = 221559
h1.t12.nodes = 26198
h1.t12.propagations = 26198
h1.t13.stop_reason = unsatisfiable
h1.t13.restarts = 7
h1.t13.nogoods_size = 221559
h1.t13.nodes = 26996
h1.t13.propagations = 26996
h1.t6.stop_reason = unsatisfiable
h1.t6.restarts = 7
h1.t6.nogoods_size = 221559
h1.t6.nodes = 31049
h1.t6.propagations = 31049
h1.t8.stop_reason = unsatisfiable
h1.t8.restarts = 7
h1.t8.nogoods_size = 221559
h1.t8.nodes = 29047
h1.t8.propagations = 29047
h1.t11.stop_reason = unsatisfiable
h1.t11.restarts = 7
h1.t11.nogoods_size = 221559
h1.t11.nodes = 28358
h1.t11.propagations = 28358
h1.t10.stop_reason = unsatisfiable
h1.t10.restarts = 7
h1.t10.nogoods_size = 221559
h1.t10.nodes = 29984
h1.t10.propagations = 29984
h1.t9.stop_reason = unsatisfiable
h1.t9.restarts = 7
h1.t9.nogoods_size = 221559
h1.t9.nodes = 28191
h1.t9.propagations = 28191
h1.t0.stop_reason = aborted
h1.t0.restarts = 7
h1.t0.nogoods_size = 221559
h1.t0.nodes = 12568
h1.t0.propagations = 12568
h1.t15.stop_reason = unsatisfiable
h1.t15.restarts = 7
h1.t15.nogoods_size = 221559
h1.t15.nodes = 26064
h1.t15.propagations = 26064
h1.t14.stop_reason = unsatisfiable
h1.t14.restarts = 7
h1.t14.nogoods_size = 221559
h1.t14.nodes = 30677
h1.t14.propagations = 30677
h1.t17.stop_reason = unsatisfiable
h1.t17.restarts = 7
h1.t17.nogoods_size = 221559
h1.t17.nodes = 12018
h1.t17.propagations = 12018
h1.search_time = 1780
h1.nodes = 487166
h1.propagations = 2417149
h2.t9.stop_reason = unsatisfiable
h2.t9.restarts = 7
h2.t9.nogoods_size = 221696
h2.t9.nodes = 26190
h2.t9.propagations = 26190
h2.t5.stop_reason = unsatisfiable
h2.t5.restarts = 7
h2.t5.nogoods_size = 221696
h2.t5.nodes = 20435
h2.t5.propagations = 20435
h2.t17.stop_reason = unsatisfiable
h2.t17.restarts = 7
h2.t17.nogoods_size = 221696
h2.t17.nodes = 14200
h2.t17.propagations = 14200
h2.t11.stop_reason = unsatisfiable
h2.t11.restarts = 7
h2.t11.nogoods_size = 221696
h2.t11.nodes = 21847
h2.t11.propagations = 21847
h2.t15.stop_reason = unsatisfiable
h2.t15.restarts = 7
h2.t15.nogoods_size = 221696
h2.t15.nodes = 21232
h2.t15.propagations = 21232
h2.t13.stop_reason = unsatisfiable
h2.t13.restarts = 7
h2.t13.nogoods_size = 221696
h2.t13.nodes = 28086
h2.t13.propagations = 28086
h2.t7.stop_reason = unsatisfiable
h2.t7.restarts = 7
h2.t7.nogoods_size = 221696
h2.t7.nodes = 25019
h2.t7.propagations = 25019
h2.t3.stop_reason = unsatisfiable
h2.t3.restarts = 7
h2.t3.nogoods_size = 221696
h2.t3.nodes = 27874
h2.t3.propagations = 27874
h2.t12.stop_reason = unsatisfiable
h2.t12.restarts = 7
h2.t12.nogoods_size = 221696
h2.t12.nodes = 27776
h2.t12.propagations = 27776
h2.t1.stop_reason = unsatisfiable
h2.t1.restarts = 7
h2.t1.nogoods_size = 221696
h2.t1.nodes = 23815
h2.t1.propagations = 23815
h2.t10.stop_reason = unsatisfiable
h2.t10.restarts = 7
h2.t10.nogoods_size = 221696
h2.t10.nodes = 26251
h2.t10.propagations = 26251
h2.t14.stop_reason = unsatisfiable
h2.t14.restarts = 7
h2.t14.nogoods_size = 221696
h2.t14.nodes = 24490
h2.t14.propagations = 24490
h2.t6.stop_reason = unsatisfiable
h2.t6.restarts = 7
h2.t6.nogoods_size = 221696
h2.t6.nodes = 25126
h2.t6.propagations = 25126
h2.t4.stop_reason = unsatisfiable
h2.t4.restarts = 7
h2.t4.nogoods_size = 221696
h2.t4.nodes = 22351
h2.t4.propagations = 22351
h2.t16.stop_reason = unsatisfiable
h2.t16.restarts = 7
h2.t16.nogoods_size = 221696
h2.t16.nodes = 26418
h2.t16.propagations = 26418
h2.t2.stop_reason = unsatisfiable
h2.t2.restarts = 7
h2.t2.nogoods_size = 221696
h2.t2.nodes = 26708
h2.t2.propagations = 26708
h2.t8.stop_reason = unsatisfiable
h2.t8.restarts = 7
h2.t8.nogoods_size = 221696
h2.t8.nodes = 23135
h2.t8.propagations = 23135
h2.t0.stop_reason = aborted
h2.t0.restarts = 7
h2.t0.nogoods_size = 221696
h2.t0.nodes = 8691
h2.t0.propagations = 8691
h2.search_time = 1792
h2.nodes = 419644
h2.propagations = 2091419
h3.t16.stop_reason = unsatisfiable
h3.t16.restarts = 7
h3.t16.nogoods_size = 221670
h3.t16.nodes = 25786
h3.t16.propagations = 25786
h3.t6.stop_reason = unsatisfiable
h3.t6.restarts = 7
h3.t6.nogoods_size = 221670
h3.t6.nodes = 28962
h3.t6.propagations = 28962
h3.t11.stop_reason = unsatisfiable
h3.t11.restarts = 7
h3.t11.nogoods_size = 221670
h3.t11.nodes = 26114
h3.t11.propagations = 26114
h3.t4.stop_reason = unsatisfiable
h3.t4.restarts = 7
h3.t4.nogoods_size = 221670
h3.t4.nodes = 23410
h3.t4.propagations = 23410
h3.t14.stop_reason = unsatisfiable
h3.t14.restarts = 7
h3.t14.nogoods_size = 221670
h3.t14.nodes = 26962
h3.t14.propagations = 26962
h3.t7.stop_reason = unsatisfiable
h3.t7.restarts = 7
h3.t7.nogoods_size = 221670
h3.t7.nodes = 25454
h3.t7.propagations = 25454
h3.t1.stop_reason = unsatisfiable
h3.t1.restarts = 7
h3.t1.nogoods_size = 221670
h3.t1.nodes = 28612
h3.t1.propagations = 28612
h3.t8.stop_reason = unsatisfiable
h3.t8.restarts = 7
h3.t8.nogoods_size = 221670
h3.t8.nodes = 23856
h3.t8.propagations = 23856
h3.t9.stop_reason = unsatisfiable
h3.t9.restarts = 7
h3.t9.nogoods_size = 221670
h3.t9.nodes = 27837
h3.t9.propagations = 27837
h3.t15.stop_reason = unsatisfiable
h3.t15.restarts = 7
h3.t15.nogoods_size = 221670
h3.t15.nodes = 27960
h3.t15.propagations = 27960
h3.t5.stop_reason = unsatisfiable
h3.t5.restarts = 7
h3.t5.nogoods_size = 221670
h3.t5.nodes = 28539
h3.t5.propagations = 28539
h3.t3.stop_reason = unsatisfiable
h3.t3.restarts = 7
h3.t3.nogoods_size = 221670
h3.t3.nodes = 28435
h3.t3.propagations = 28435
h3.t0.stop_reason = aborted
h3.t0.restarts = 7
h3.t0.nogoods_size = 221670
h3.t0.nodes = 8798
h3.t0.propagations = 8798
h3.t10.stop_reason = unsatisfiable
h3.t10.restarts = 7
h3.t10.nogoods_size = 221670
h3.t10.nodes = 26854
h3.t10.propagations = 26854
h3.t17.stop_reason = unsatisfiable
h3.t17.restarts = 7
h3.t17.nogoods_size = 221670
h3.t17.nodes = 11344
h3.t17.propagations = 11344
h3.t12.stop_reason = unsatisfiable
h3.t12.restarts = 7
h3.t12.nogoods_size = 221670
h3.t12.nodes = 25143
h3.t12.propagations = 25143
h3.t2.stop_reason = unsatisfiable
h3.t2.restarts = 7
h3.t2.nogoods_size = 221670
h3.t2.nodes = 27062
h3.t2.propagations = 27062
h3.t13.stop_reason = unsatisfiable
h3.t13.restarts = 7
h3.t13.nogoods_size = 221670
h3.t13.nodes = 30285
h3.t13.propagations = 30285
h3.search_time = 1763
h3.nodes = 451413
h3.propagations = 2224809
h4.t3.stop_reason = unsatisfiable
h4.t3.restarts = 7
h4.t3.nogoods_size = 221628
h4.t3.nodes = 27929
h4.t3.propagations = 27929
h4.t12.stop_reason = unsatisfiable
h4.t12.restarts = 7
h4.t12.nogoods_size = 221628
h4.t12.nodes = 26386
h4.t12.propagations = 26386
h4.t17.stop_reason = unsatisfiable
h4.t17.restarts = 7
h4.t17.nogoods_size = 221628
h4.t17.nodes = 10848
h4.t17.propagations = 10848
h4.t8.stop_reason = unsatisfiable
h4.t8.restarts = 7
h4.t8.nogoods_size = 221628
h4.t8.nodes = 24331
h4.t8.propagations = 24331
h4.t13.stop_reason = unsatisfiable
h4.t13.restarts = 7
h4.t13.nogoods_size = 221628
h4.t13.nodes = 29823
h4.t13.propagations = 29823
h4.t5.stop_reason = unsatisfiable
h4.t5.restarts = 7
h4.t5.nogoods_size = 221628
h4.t5.nodes = 28989
h4.t5.propagations = 28989
h4.t7.stop_reason = unsatisfiable
h4.t7.restarts = 7
h4.t7.nogoods_size = 221628
h4.t7.nodes = 23113
h4.t7.propagations = 23113
h4.t2.stop_reason = unsatisfiable
h4.t2.restarts = 7
h4.t2.nogoods_size = 221628
h4.t2.nodes = 27417
h4.t2.propagations = 27417
h4.t11.stop_reason = unsatisfiable
h4.t11.restarts = 7
h4.t11.nogoods_size = 221628
h4.t11.nodes = 23150
h4.t11.propagations = 23150
h4.t6.stop_reason = unsatisfiable
h4.t6.restarts = 7
h4.t6.nogoods_size = 221628
h4.t6.nodes = 30529
h4.t6.propagations = 30529
h4.t4.stop_reason = unsatisfiable
h4.t4.restarts = 7
h4.t4.nogoods_size = 221628
h4.t4.nodes = 24492
h4.t4.propagations = 24492
h4.t1.stop_reason = unsatisfiable
h4.t1.restarts = 7
h4.t1.nogoods_size = 221628
h4.t1.nodes = 27222
h4.t1.propagations = 27222
h4.t14.stop_reason = unsatisfiable
h4.t14.restarts = 7
h4.t14.nogoods_size = 221628
h4.t14.nodes = 26053
h4.t14.propagations = 26053
h4.t16.stop_reason = unsatisfiable
h4.t16.restarts = 7
h4.t16.nogoods_size = 221628
h4.t16.nodes = 21873
h4.t16.propagations = 21873
h4.t10.stop_reason = unsatisfiable
h4.t10.restarts = 7
h4.t10.nogoods_size = 221628
h4.t10.nodes = 29649
h4.t10.propagations = 29649
h4.t9.stop_reason = unsatisfiable
h4.t9.restarts = 7
h4.t9.nogoods_size = 221628
h4.t9.nodes = 30068
h4.t9.propagations = 30068
h4.t0.stop_reason = aborted
h4.t0.restarts = 7
h4.t0.nogoods_size = 221628
h4.t0.nodes = 10186
h4.t0.propagations = 10186
h4.t15.stop_reason = unsatisfiable
h4.t15.restarts = 7
h4.t15.nogoods_size = 221628
h4.t15.nodes = 17688
h4.t15.propagations = 17688
h4.search_time = 1777
h4.nodes = 439746
h4.propagations = 2224081
h5.t1.stop_reason = unsatisfiable
h5.t1.restarts = 7
h5.t1.nogoods_size = 221173
h5.t1.nodes = 21906
h5.t1.propagations = 21906
h5.t3.stop_reason = unsatisfiable
h5.t3.restarts = 7
h5.t3.nogoods_size = 221173
h5.t3.nodes = 25091
h5.t3.propagations = 25091
h5.t8.stop_reason = unsatisfiable
h5.t8.restarts = 7
h5.t8.nogoods_size = 221173
h5.t8.nodes = 28837
h5.t8.propagations = 28837
h5.t16.stop_reason = unsatisfiable
h5.t16.restarts = 7
h5.t16.nogoods_size = 221173
h5.t16.nodes = 23818
h5.t16.propagations = 23818
h5.t7.stop_reason = unsatisfiable
h5.t7.restarts = 7
h5.t7.nogoods_size = 221173
h5.t7.nodes = 29536
h5.t7.propagations = 29536
h5.t14.stop_reason = unsatisfiable
h5.t14.restarts = 7
h5.t14.nogoods_size = 221173
h5.t14.nodes = 22993
h5.t14.propagations = 22993
h5.t6.stop_reason = unsatisfiable
h5.t6.restarts = 7
h5.t6.nogoods_size = 221173
h5.t6.nodes = 26698
h5.t6.propagations = 26698
h5.t5.stop_reason = unsatisfiable
h5.t5.restarts = 7
h5.t5.nogoods_size = 221173
h5.t5.nodes = 29762
h5.t5.propagations = 29762
h5.t4.stop_reason = unsatisfiable
h5.t4.restarts = 7
h5.t4.nogoods_size = 221173
h5.t4.nodes = 28925
h5.t4.propagations = 28925
h5.t17.stop_reason = unsatisfiable
h5.t17.restarts = 7
h5.t17.nogoods_size = 221173
h5.t17.nodes = 9403
h5.t17.propagations = 9403
h5.t12.stop_reason = unsatisfiable
h5.t12.restarts = 7
h5.t12.nogoods_size = 221173
h5.t12.nodes = 27795
h5.t12.propagations = 27795
h5.t0.stop_reason = aborted
h5.t0.restarts = 7
h5.t0.nogoods_size = 221173
h5.t0.nodes = 10793
h5.t0.propagations = 10793
h5.t15.stop_reason = unsatisfiable
h5.t15.restarts = 7
h5.t15.nogoods_size = 221173
h5.t15.nodes = 23993
h5.t15.propagations = 23993
h5.t10.stop_reason = unsatisfiable
h5.t10.restarts = 7
h5.t10.nogoods_size = 221173
h5.t10.nodes = 26161
h5.t10.propagations = 26161
h5.t13.stop_reason = unsatisfiable
h5.t13.restarts = 7
h5.t13.nogoods_size = 221173
h5.t13.nodes = 25626
h5.t13.propagations = 25626
h5.t9.stop_reason = unsatisfiable
h5.t9.restarts = 7
h5.t9.nogoods_size = 221173
h5.t9.nodes = 26888
h5.t9.propagations = 26888
h5.t11.stop_reason = unsatisfiable
h5.t11.restarts = 7
h5.t11.nogoods_size = 221173
h5.t11.nodes = 26415
h5.t11.propagations = 26415
h5.t2.stop_reason = unsatisfiable
h5.t2.restarts = 7
h5.t2.nogoods_size = 221173
h5.t2.nodes = 30118
h5.t2.propagations = 30118
h5.search_time = 1762
h5.nodes = 444758
h5.propagations = 2203138
h6.t4.stop_reason = unsatisfiable
h6.t4.restarts = 7
h6.t4.nogoods_size = 221703
h6.t4.nodes = 26157
h6.t4.propagations = 26157
h6.t14.stop_reason = unsatisfiable
h6.t14.restarts = 7
h6.t14.nogoods_size = 221703
h6.t14.nodes = 26415
h6.t14.propagations = 26415
h6.t1.stop_reason = unsatisfiable
h6.t1.restarts = 7
h6.t1.nogoods_size = 221703
h6.t1.nodes = 31212
h6.t1.propagations = 31212
h6.t6.stop_reason = unsatisfiable
h6.t6.restarts = 7
h6.t6.nogoods_size = 221703
h6.t6.nodes = 22485
h6.t6.propagations = 22485
h6.t2.stop_reason = unsatisfiable
h6.t2.restarts = 7
h6.t2.nogoods_size = 221703
h6.t2.nodes = 28622
h6.t2.propagations = 28622
h6.t13.stop_reason = unsatisfiable
h6.t13.restarts = 7
h6.t13.nogoods_size = 221703
h6.t13.nodes = 21113
h6.t13.propagations = 21113
h6.t10.stop_reason = aborted
h6.t10.restarts = 7
h6.t10.nogoods_size = 221703
h6.t10.nodes = 26597
h6.t10.propagations = 26597
h6.t5.stop_reason = unsatisfiable
h6.t5.restarts = 7
h6.t5.nogoods_size = 221703
h6.t5.nodes = 24345
h6.t5.propagations = 24345
h6.t3.stop_reason = unsatisfiable
h6.t3.restarts = 7
h6.t3.nogoods_size = 221703
h6.t3.nodes = 23571
h6.t3.propagations = 23571
h6.t17.stop_reason = unsatisfiable
h6.t17.restarts = 7
h6.t17.nogoods_size = 221703
h6.t17.nodes = 9934
h6.t17.propagations = 9934
h6.t9.stop_reason = unsatisfiable
h6.t9.restarts = 7
h6.t9.nogoods_size = 221703
h6.t9.nodes = 25775
h6.t9.propagations = 25775
h6.t15.stop_reason = unsatisfiable
h6.t15.restarts = 7
h6.t15.nogoods_size = 221703
h6.t15.nodes = 19390
h6.t15.propagations = 19390
h6.t12.stop_reason = unsatisfiable
h6.t12.restarts = 7
h6.t12.nogoods_size = 221703
h6.t12.nodes = 26826
h6.t12.propagations = 26826
h6.t16.stop_reason = unsatisfiable
h6.t16.restarts = 7
h6.t16.nogoods_size = 221703
h6.t16.nodes = 26803
h6.t16.propagations = 26803
h6.t7.stop_reason = unsatisfiable
h6.t7.restarts = 7
h6.t7.nogoods_size = 221703
h6.t7.nodes = 23960
h6.t7.propagations = 23960
h6.t11.stop_reason = unsatisfiable
h6.t11.restarts = 7
h6.t11.nogoods_size = 221703
h6.t11.nodes = 24572
h6.t11.propagations = 24572
h6.t8.stop_reason = unsatisfiable
h6.t8.restarts = 7
h6.t8.nogoods_size = 221703
h6.t8.nodes = 26738
h6.t8.propagations = 26738
h6.t0.stop_reason = aborted
h6.t0.restarts = 7
h6.t0.nogoods_size = 221703
h6.t0.nodes = 9284
h6.t0.propagations = 9284
h6.search_time = 1756
h6.nodes = 423799
h6.propagations = 2136511
h7.t6.stop_reason = unsatisfiable
h7.t6.restarts = 7
h7.t6.nogoods_size = 221697
h7.t6.nodes = 28883
h7.t6.propagations = 28883
h7.t13.stop_reason = unsatisfiable
h7.t13.restarts = 7
h7.t13.nogoods_size = 221697
h7.t13.nodes = 26647
h7.t13.propagations = 26647
h7.t5.stop_reason = unsatisfiable
h7.t5.restarts = 7
h7.t5.nogoods_size = 221697
h7.t5.nodes = 20475
h7.t5.propagations = 20475
h7.t16.stop_reason = unsatisfiable
h7.t16.restarts = 7
h7.t16.nogoods_size = 221697
h7.t16.nodes = 28284
h7.t16.propagations = 28284
h7.t15.stop_reason = unsatisfiable
h7.t15.restarts = 7
h7.t15.nogoods_size = 221697
h7.t15.nodes = 23167
h7.t15.propagations = 23167
h7.t1.stop_reason = unsatisfiable
h7.t1.restarts = 7
h7.t1.nogoods_size = 221697
h7.t1.nodes = 25072
h7.t1.propagations = 25072
h7.t14.stop_reason = unsatisfiable
h7.t14.restarts = 7
h7.t14.nogoods_size = 221697
h7.t14.nodes = 30735
h7.t14.propagations = 30735
h7.t7.stop_reason = unsatisfiable
h7.t7.restarts = 7
h7.t7.nogoods_size = 221697
h7.t7.nodes = 23889
h7.t7.propagations = 23889
h7.t9.stop_reason = unsatisfiable
h7.t9.restarts = 7
h7.t9.nogoods_size = 221697
h7.t9.nodes = 28466
h7.t9.propagations = 28466
h7.t2.stop_reason = unsatisfiable
h7.t2.restarts = 7
h7.t2.nogoods_size = 221697
h7.t2.nodes = 21558
h7.t2.propagations = 21558
h7.t17.stop_reason = unsatisfiable
h7.t17.restarts = 7
h7.t17.nogoods_size = 221697
h7.t17.nodes = 13249
h7.t17.propagations = 13249
h7.t8.stop_reason = unsatisfiable
h7.t8.restarts = 7
h7.t8.nogoods_size = 221697
h7.t8.nodes = 32865
h7.t8.propagations = 32865
h7.t3.stop_reason = unsatisfiable
h7.t3.restarts = 7
h7.t3.nogoods_size = 221697
h7.t3.nodes = 26706
h7.t3.propagations = 26706
h7.t11.stop_reason = unsatisfiable
h7.t11.restarts = 7
h7.t11.nogoods_size = 221697
h7.t11.nodes = 29142
h7.t11.propagations = 29142
h7.t4.stop_reason = unsatisfiable
h7.t4.restarts = 7
h7.t4.nogoods_size = 221697
h7.t4.nodes = 24665
h7.t4.propagations = 24665
h7.t12.stop_reason = unsatisfiable
h7.t12.restarts = 7
h7.t12.nogoods_size = 221697
h7.t12.nodes = 28520
h7.t12.propagations = 28520
h7.t10.stop_reason = unsatisfiable
h7.t10.restarts = 7
h7.t10.nogoods_size = 221697
h7.t10.nodes = 22746
h7.t10.propagations = 22746
h7.t0.stop_reason = aborted
h7.t0.restarts = 7
h7.t0.nogoods_size = 221697
h7.t0.nodes = 8699
h7.t0.propagations = 8699
h7.search_time = 1757
h7.nodes = 443768
h7.propagations = 2158016
h8.t14.stop_reason = unsatisfiable
h8.t14.restarts = 7
h8.t14.nogoods_size = 221377
h8.t14.nodes = 18059
h8.t14.propagations = 18059
h8.t6.stop_reason = unsatisfiable
h8.t6.restarts = 7
h8.t6.nogoods_size = 221377
h8.t6.nodes = 22492
h8.t6.propagations = 22492
h8.t8.stop_reason = unsatisfiable
h8.t8.restarts = 7
h8.t8.nogoods_size = 221377
h8.t8.nodes = 20610
h8.t8.propagations = 20610
h8.t3.stop_reason = unsatisfiable
h8.t3.restarts = 7
h8.t3.nogoods_size = 221377
h8.t3.nodes = 21853
h8.t3.propagations = 21853
h8.t7.stop_reason = unsatisfiable
h8.t7.restarts = 7
h8.t7.nogoods_size = 221377
h8.t7.nodes = 21814
h8.t7.propagations = 21814
h8.t1.stop_reason = unsatisfiable
h8.t1.restarts = 7
h8.t1.nogoods_size = 221377
h8.t1.nodes = 18950
h8.t1.propagations = 18950
h8.t11.stop_reason = unsatisfiable
h8.t11.restarts = 7
h8.t11.nogoods_size = 221377
h8.t11.nodes = 20476
h8.t11.propagations = 20476
h8.t12.stop_reason = unsatisfiable
h8.t12.restarts = 7
h8.t12.nogoods_size = 221377
h8.t12.nodes = 25141
h8.t12.propagations = 25141
h8.t16.stop_reason = unsatisfiable
h8.t16.restarts = 7
h8.t16.nogoods_size = 221377
h8.t16.nodes = 20237
h8.t16.propagations = 20237
h8.t5.stop_reason = unsatisfiable
h8.t5.restarts = 7
h8.t5.nogoods_size = 221377
h8.t5.nodes = 18215
h8.t5.propagations = 18215
h8.t15.stop_reason = unsatisfiable
h8.t15.restarts = 7
h8.t15.nogoods_size = 221377
h8.t15.nodes = 19023
h8.t15.propagations = 19023
h8.t4.stop_reason = unsatisfiable
h8.t4.restarts = 7
h8.t4.nogoods_size = 221377
h8.t4.nodes = 19157
h8.t4.propagations = 19157
h8.t0.stop_reason = aborted
h8.t0.restarts = 7
h8.t0.nogoods_size = 221377
h8.t0.nodes = 11117
h8.t0.propagations = 11117
h8.t13.stop_reason = unsatisfiable
h8.t13.restarts = 7
h8.t13.nogoods_size = 221377
h8.t13.nodes = 24710
h8.t13.propagations = 24710
h8.t10.stop_reason = unsatisfiable
h8.t10.restarts = 7
h8.t10.nogoods_size = 221377
h8.t10.nodes = 17117
h8.t10.propagations = 17117
h8.t17.stop_reason = unsatisfiable
h8.t17.restarts = 7
h8.t17.nogoods_size = 221377
h8.t17.nodes = 17332
h8.t17.propagations = 17332
h8.t2.stop_reason = unsatisfiable
h8.t2.restarts = 7
h8.t2.nogoods_size = 221377
h8.t2.nodes = 29066
h8.t2.propagations = 29066
h8.t9.stop_reason = unsatisfiable
h8.t9.restarts = 7
h8.t9.nogoods_size = 221377
h8.t9.nodes = 20119
h8.t9.propagations = 20119
h8.search_time = 1771
h8.nodes = 365488
h8.propagations = 1855083
h9.t14.stop_reason = unsatisfiable
h9.t14.restarts = 7
h9.t14.nogoods_size = 221771
h9.t14.nodes = 24711
h9.t14.propagations = 24711
h9.t1.stop_reason = unsatisfiable
h9.t1.restarts = 7
h9.t1.nogoods_size = 221771
h9.t1.nodes = 29089
h9.t1.propagations = 29089
h9.t5.stop_reason = unsatisfiable
h9.t5.restarts = 7
h9.t5.nogoods_size = 221771
h9.t5.nodes = 25978
h9.t5.propagations = 25978
h9.t12.stop_reason = unsatisfiable
h9.t12.restarts = 7
h9.t12.nogoods_size = 221771
h9.t12.nodes = 31924
h9.t12.propagations = 31924
h9.t13.stop_reason = unsatisfiable
h9.t13.restarts = 7
h9.t13.nogoods_size = 221771
h9.t13.nodes = 29585
h9.t13.propagations = 29585
h9.t3.stop_reason = unsatisfiable
h9.t3.restarts = 7
h9.t3.nogoods_size = 221771
h9.t3.nodes = 24374
h9.t3.propagations = 24374
h9.t2.stop_reason = unsatisfiable
h9.t2.restarts = 7
h9.t2.nogoods_size = 221771
h9.t2.nodes = 31517
h9.t2.propagations = 31517
h9.t17.stop_reason = unsatisfiable
h9.t17.restarts = 7
h9.t17.nogoods_size = 221771
h9.t17.nodes = 10402
h9.t17.propagations = 10402
h9.t10.stop_reason = unsatisfiable
h9.t10.restarts = 7
h9.t10.nogoods_size = 221771
h9.t10.nodes = 25693
h9.t10.propagations = 25693
h9.t6.stop_reason = unsatisfiable
h9.t6.restarts = 7
h9.t6.nogoods_size = 221771
h9.t6.nodes = 25002
h9.t6.propagations = 25002
h9.t15.stop_reason = unsatisfiable
h9.t15.restarts = 7
h9.t15.nogoods_size = 221771
h9.t15.nodes = 25572
h9.t15.propagations = 25572
h9.t16.stop_reason = unsatisfiable
h9.t16.restarts = 7
h9.t16.nogoods_size = 221771
h9.t16.nodes = 27821
h9.t16.propagations = 27821
h9.t9.stop_reason = unsatisfiable
h9.t9.restarts = 7
h9.t9.nogoods_size = 221771
h9.t9.nodes = 29528
h9.t9.propagations = 29528
h9.t4.stop_reason = unsatisfiable
h9.t4.restarts = 7
h9.t4.nogoods_size = 221771
h9.t4.nodes = 22990
h9.t4.propagations = 22990
h9.t0.stop_reason = aborted
h9.t0.restarts = 7
h9.t0.nogoods_size = 221771
h9.t0.nodes = 10003
h9.t0.propagations = 10003
h9.t11.stop_reason = unsatisfiable
h9.t11.restarts = 7
h9.t11.nogoods_size = 221771
h9.t11.nodes = 24854
h9.t11.propagations = 24854
h9.t7.stop_reason = unsatisfiable
h9.t7.restarts = 7
h9.t7.nogoods_size = 221771
h9.t7.nodes = 27111
h9.t7.propagations = 27111
h9.t8.stop_reason = aborted
h9.t8.restarts = 7
h9.t8.nogoods_size = 221771
h9.t8.nodes = 22269
h9.t8.propagations = 22269
h9.search_time = 1750
h9.nodes = 448423
h9.propagations = 2256566
h10.t7.stop_reason = unsatisfiable
h10.t7.restarts = 7
h10.t7.nogoods_size = 221534
h10.t7.nodes = 30793
h10.t7.propagations = 30793
h10.t15.stop_reason = unsatisfiable
h10.t15.restarts = 7
h10.t15.nogoods_size = 221534
h10.t15.nodes = 26342
h10.t15.propagations = 26342
h10.t3.stop_reason = unsatisfiable
h10.t3.restarts = 7
h10.t3.nogoods_size = 221534
h10.t3.nodes = 30381
h10.t3.propagations = 30381
h10.t12.stop_reason = unsatisfiable
h10.t12.restarts = 7
h10.t12.nogoods_size = 221534
h10.t12.nodes = 22516
h10.t12.propagations = 22516
h10.t9.stop_reason = unsatisfiable
h10.t9.restarts = 7
h10.t9.nogoods_size = 221534
h10.t9.nodes = 25209
h10.t9.propagations = 25209
h10.t13.stop_reason = unsatisfiable
h10.t13.restarts = 7
h10.t13.nogoods_size = 221534
h10.t13.nodes = 29025
h10.t13.propagations = 29025
h10.t4.stop_reason = unsatisfiable
h10.t4.restarts = 7
h10.t4.nogoods_size = 221534
h10.t4.nodes = 28413
h10.t4.propagations = 28413
h10.t5.stop_reason = unsatisfiable
h10.t5.restarts = 7
h10.t5.nogoods_size = 221534
h10.t5.nodes = 26902
h10.t5.propagations = 26902
h10.t6.stop_reason = unsatisfiable
h10.t6.restarts = 7
h10.t6.nogoods_size = 221534
h10.t6.nodes = 25329
h10.t6.propagations = 25329
h10.t10.stop_reason = unsatisfiable
h10.t10.restarts = 7
h10.t10.nogoods_size = 221534
h10.t10.nodes = 27639
h10.t10.propagations = 27639
h10.t16.stop_reason = unsatisfiable
h10.t16.restarts = 7
h10.t16.nogoods_size = 221534
h10.t16.nodes = 27114
h10.t16.propagations = 27114
h10.t8.stop_reason = unsatisfiable
h10.t8.restarts = 7
h10.t8.nogoods_size = 221534
h10.t8.nodes = 24749
h10.t8.propagations = 24749
h10.t2.stop_reason = unsatisfiable
h10.t2.restarts = 7
h10.t2.nogoods_size = 221534
h10.t2.nodes = 25188
h10.t2.propagations = 25188
h10.t1.stop_reason = unsatisfiable
h10.t1.restarts = 7
h10.t1.nogoods_size = 221534
h10.t1.nodes = 27314
h10.t1.propagations = 27314
h10.t11.stop_reason = unsatisfiable
h10.t11.restarts = 7
h10.t11.nogoods_size = 221534
h10.t11.nodes = 21511
h10.t11.propagations = 21511
h10.t17.stop_reason = unsatisfiable
h10.t17.restarts = 7
h10.t17.nogoods_size = 221534
h10.t17.nodes = 12209
h10.t17.propagations = 12209
h10.t0.stop_reason = aborted
h10.t0.restarts = 7
h10.t0.nogoods_size = 221534
h10.t0.nodes = 9568
h10.t0.propagations = 9568
h10.t14.stop_reason = unsatisfiable
h10.t14.restarts = 7
h10.t14.nogoods_size = 221534
h10.t14.nodes = 24497
h10.t14.propagations = 24497
h10.search_time = 1759
h10.nodes = 444699
h10.propagations = 2236925
h11.t1.stop_reason = unsatisfiable
h11.t1.restarts = 7
h11.t1.nogoods_size = 221281
h11.t1.nodes = 29756
h11.t1.propagations = 29756
h11.t17.stop_reason = unsatisfiable
h11.t17.restarts = 7
h11.t17.nogoods_size = 221281
h11.t17.nodes = 8668
h11.t17.propagations = 8668
h11.t2.stop_reason = unsatisfiable
h11.t2.restarts = 7
h11.t2.nogoods_size = 221281
h11.t2.nodes = 22645
h11.t2.propagations = 22645
h11.t3.stop_reason = unsatisfiable
h11.t3.restarts = 7
h11.t3.nogoods_size = 221281
h11.t3.nodes = 23748
h11.t3.propagations = 23748
h11.t5.stop_reason = unsatisfiable
h11.t5.restarts = 7
h11.t5.nogoods_size = 221281
h11.t5.nodes = 25803
h11.t5.propagations = 25803
h11.t9.stop_reason = unsatisfiable
h11.t9.restarts = 7
h11.t9.nogoods_size = 221281
h11.t9.nodes = 27038
h11.t9.propagations = 27038
h11.t14.stop_reason = unsatisfiable
h11.t14.restarts = 7
h11.t14.nogoods_size = 221281
h11.t14.nodes = 28889
h11.t14.propagations = 28889
h11.t6.stop_reason = unsatisfiable
h11.t6.restarts = 7
h11.t6.nogoods_size = 221281
h11.t6.nodes = 27378
h11.t6.propagations = 27378
h11.t16.stop_reason = unsatisfiable
h11.t16.restarts = 7
h11.t16.nogoods_size = 221281
h11.t16.nodes = 23433
h11.t16.propagations = 23433
h11.t11.stop_reason = unsatisfiable
h11.t11.restarts = 7
h11.t11.nogoods_size = 221281
h11.t11.nodes = 24331
h11.t11.propagations = 24331
h11.t13.stop_reason = unsatisfiable
h11.t13.restarts = 7
h11.t13.nogoods_size = 221281
h11.t13.nodes = 28846
h11.t13.propagations = 28846
h11.t8.stop_reason = unsatisfiable
h11.t8.restarts = 7
h11.t8.nogoods_size = 221281
h11.t8.nodes = 26311
h11.t8.propagations = 26311
h11.t7.stop_reason = unsatisfiable
h11.t7.restarts = 7
h11.t7.nogoods_size = 221281
h11.t7.nodes = 25171
h11.t7.propagations = 25171
h11.t12.stop_reason = unsatisfiable
h11.t12.restarts = 7
h11.t12.nogoods_size = 221281
h11.t12.nodes = 24213
h11.t12.propagations = 24213
h11.t4.stop_reason = unsatisfiable
h11.t4.restarts = 7
h11.t4.nogoods_size = 221281
h11.t4.nodes = 25070
h11.t4.propagations = 25070
h11.t0.stop_reason = aborted
h11.t0.restarts = 7
h11.t0.nogoods_size = 221281
h11.t0.nodes = 9391
h11.t0.propagations = 9391
h11.t10.stop_reason = unsatisfiable
h11.t10.restarts = 7
h11.t10.nogoods_size = 221281
h11.t10.nodes = 22466
h11.t10.propagations = 22466
h11.t15.stop_reason = unsatisfiable
h11.t15.restarts = 7
h11.t15.nogoods_size = 221281
h11.t15.nodes = 29006
h11.t15.propagations = 29006
h11.search_time = 1759
h11.nodes = 432163
h11.propagations = 2223406
h12.t17.stop_reason = unsatisfiable
h12.t17.restarts = 7
h12.t17.nogoods_size = 221708
h12.t17.nodes = 13153
h12.t17.propagations = 13153
h12.t0.stop_reason = aborted
h12.t0.restarts = 7
h12.t0.nogoods_size = 221708
h12.t0.nodes = 12864
h12.t0.propagations = 12864
h12.t9.stop_reason = unsatisfiable
h12.t9.restarts = 7
h12.t9.nogoods_size = 221708
h12.t9.nodes = 25882
h12.t9.propagations = 25882
h12.t2.stop_reason = unsatisfiable
h12.t2.restarts = 7
h12.t2.nogoods_size = 221708
h12.t2.nodes = 25099
h12.t2.propagations = 25099
h12.t8.stop_reason = aborted
h12.t8.restarts = 7
h12.t8.nogoods_size = 221708
h12.t8.nodes = 24138
h12.t8.propagations = 24138
h12.t4.stop_reason = unsatisfiable
h12.t4.restarts = 7
h12.t4.nogoods_size = 221708
h12.t4.nodes = 25862
h12.t4.propagations = 25862
h12.t15.stop_reason = unsatisfiable
h12.t15.restarts = 7
h12.t15.nogoods_size = 221708
h12.t15.nodes = 26519
h12.t15.propagations = 26519
h12.t13.stop_reason = unsatisfiable
h12.t13.restarts = 7
h12.t13.nogoods_size = 221708
h12.t13.nodes = 31519
h12.t13.propagations = 31519
h12.t12.stop_reason = unsatisfiable
h12.t12.restarts = 7
h12.t12.nogoods_size = 221708
h12.t12.nodes = 28074
h12.t12.propagations = 28074
h12.t6.stop_reason = unsatisfiable
h12.t6.restarts = 7
h12.t6.nogoods_size = 221708
h12.t6.nodes = 30529
h12.t6.propagations = 30529
h12.t1.stop_reason = unsatisfiable
h12.t1.restarts = 7
h12.t1.nogoods_size = 221708
h12.t1.nodes = 29112
h12.t1.propagations = 29112
h12.t14.stop_reason = unsatisfiable
h12.t14.restarts = 7
h12.t14.nogoods_size = 221708
h12.t14.nodes = 24640
h12.t14.propagations = 24640
h12.t11.stop_reason = unsatisfiable
h12.t11.restarts = 7
h12.t11.nogoods_size = 221708
h12.t11.nodes = 24842
h12.t11.propagations = 24842
h12.t7.stop_reason = unsatisfiable
h12.t7.restarts = 7
h12.t7.nogoods_size = 221708
h12.t7.nodes = 20477
h12.t7.propagations = 20477
h12.t3.stop_reason = aborted
h12.t3.restarts = 7
h12.t3.nogoods_size = 221708
h12.t3.nodes = 31456
h12.t3.propagations = 31456
h12.t5.stop_reason = unsatisfiable
h12.t5.restarts = 7
h12.t5.nogoods_size = 221708
h12.t5.nodes = 25786
h12.t5.propagations = 25786
h12.t16.stop_reason = unsatisfiable
h12.t16.restarts = 7
h12.t16.nogoods_size = 221708
h12.t16.nodes = 30170
h12.t16.propagations = 30170
h12.t10.stop_reason = unsatisfiable
h12.t10.restarts = 7
h12.t10.nogoods_size = 221708
h12.t10.nodes = 22509
h12.t10.propagations = 22509
h12.search_time = 1754
h12.nodes = 452631
h12.propagations = 2272614
h13.t12.stop_reason = unsatisfiable
h13.t12.restarts = 7
h13.t12.nogoods_size = 221895
h13.t12.nodes = 25147
h13.t12.propagations = 25147
h13.t0.stop_reason = aborted
h13.t0.restarts = 7
h13.t0.nogoods_size = 221895
h13.t0.nodes = 9988
h13.t0.propagations = 9988
h13.t11.stop_reason = unsatisfiable
h13.t11.restarts = 7
h13.t11.nogoods_size = 221895
h13.t11.nodes = 26598
h13.t11.propagations = 26598
h13.t2.stop_reason = unsatisfiable
h13.t2.restarts = 7
h13.t2.nogoods_size = 221895
h13.t2.nodes = 24332
h13.t2.propagations = 24332
h13.t15.stop_reason = unsatisfiable
h13.t15.restarts = 7
h13.t15.nogoods_size = 221895
h13.t15.nodes = 29803
h13.t15.propagations = 29803
h13.t9.stop_reason = unsatisfiable
h13.t9.restarts = 7
h13.t9.nogoods_size = 221895
h13.t9.nodes = 24567
h13.t9.propagations = 24567
h13.t17.stop_reason = unsatisfiable
h13.t17.restarts = 7
h13.t17.nogoods_size = 221895
h13.t17.nodes = 12048
h13.t17.propagations = 12048
h13.t7.stop_reason = unsatisfiable
h13.t7.restarts = 7
h13.t7.nogoods_size = 221895
h13.t7.nodes = 29032
h13.t7.propagations = 29032
h13.t14.stop_reason = unsatisfiable
h13.t14.restarts = 7
h13.t14.nogoods_size = 221895
h13.t14.nodes = 25561
h13.t14.propagations = 25561
h13.t3.stop_reason = unsatisfiable
h13.t3.restarts = 7
h13.t3.nogoods_size = 221895
h13.t3.nodes = 29259
h13.t3.propagations = 29259
h13.t4.stop_reason = aborted
h13.t4.restarts = 7
h13.t4.nogoods_size = 221895
h13.t4.nodes = 27937
h13.t4.propagations = 27937
h13.t6.stop_reason = unsatisfiable
h13.t6.restarts = 7
h13.t6.nogoods_size = 221895
h13.t6.nodes = 25179
h13.t6.propagations = 25179
h13.t10.stop_reason = unsatisfiable
h13.t10.restarts = 7
h13.t10.nogoods_size = 221895
h13.t10.nodes = 26871
h13.t10.propagations = 26871
h13.t16.stop_reason = unsatisfiable
h13.t16.restarts = 7
h13.t16.nogoods_size = 221895
h13.t16.nodes = 22408
h13.t16.propagations = 22408
h13.t5.stop_reason = unsatisfiable
h13.t5.restarts = 7
h13.t5.nogoods_size = 221895
h13.t5.nodes = 25262
h13.t5.propagations = 25262
h13.t8.stop_reason = unsatisfiable
h13.t8.restarts = 7
h13.t8.nogoods_size = 221895
h13.t8.nodes = 17711
h13.t8.propagations = 17711
h13.t13.stop_reason = unsatisfiable
h13.t13.restarts = 7
h13.t13.nogoods_size = 221895
h13.t13.nodes = 23760
h13.t13.propagations = 23760
h13.t1.stop_reason = unsatisfiable
h13.t1.restarts = 7
h13.t1.nogoods_size = 221895
h13.t1.nodes = 26774
h13.t1.propagations = 26774
h13.search_time = 1777
h13.nodes = 432237
h13.propagations = 2216841
h14.t7.stop_reason = unsatisfiable
h14.t7.restarts = 7
h14.t7.nogoods_size = 221301
h14.t7.nodes = 28902
h14.t7.propagations = 28902
h14.t5.stop_reason = unsatisfiable
h14.t5.restarts = 7
h14.t5.nogoods_size = 221301
h14.t5.nodes = 24100
h14.t5.propagations = 24100
h14.t12.stop_reason = unsatisfiable
h14.t12.restarts = 7
h14.t12.nogoods_size = 221301
h14.t12.nodes = 24250
h14.t12.propagations = 24250
h14.t16.stop_reason = unsatisfiable
h14.t16.restarts = 7
h14.t16.nogoods_size = 221301
h14.t16.nodes = 23924
h14.t16.propagations = 23924
h14.t14.stop_reason = aborted
h14.t14.restarts = 7
h14.t14.nogoods_size = 221301
h14.t14.nodes = 28966
h14.t14.propagations = 28966
h14.t3.stop_reason = unsatisfiable
h14.t3.restarts = 7
h14.t3.nogoods_size = 221301
h14.t3.nodes = 27219
h14.t3.propagations = 27219
h14.t2.stop_reason = unsatisfiable
h14.t2.restarts = 7
h14.t2.nogoods_size = 221301
h14.t2.nodes = 27055
h14.t2.propagations = 27055
h14.t15.stop_reason = unsatisfiable
h14.t15.restarts = 7
h14.t15.nogoods_size = 221301
h14.t15.nodes = 25865
h14.t15.propagations = 25865
h14.t10.stop_reason = unsatisfiable
h14.t10.restarts = 7
h14.t10.nogoods_size = 221301
h14.t10.nodes = 21698
h14.t10.propagations = 21698
h14.t6.stop_reason = unsatisfiable
h14.t6.restarts = 7
h14.t6.nogoods_size = 221301
h14.t6.nodes = 28183
h14.t6.propagations = 28183
h14.t4.stop_reason = unsatisfiable
h14.t4.restarts = 7
h14.t4.nogoods_size = 221301
h14.t4.nodes = 25516
h14.t4.propagations = 25516
h14.t13.stop_reason = unsatisfiable
h14.t13.restarts = 7
h14.t13.nogoods_size = 221301
h14.t13.nodes = 23426
h14.t13.propagations = 23426
h14.t17.stop_reason = unsatisfiable
h14.t17.restarts = 7
h14.t17.nogoods_size = 221301
h14.t17.nodes = 11482
h14.t17.propagations = 11482
h14.t1.stop_reason = unsatisfiable
h14.t1.restarts = 7
h14.t1.nogoods_size = 221301
h14.t1.nodes = 25845
h14.t1.propagations = 25845
h14.t8.stop_reason = unsatisfiable
h14.t8.restarts = 7
h14.t8.nogoods_size = 221301
h14.t8.nodes = 27797
h14.t8.propagations = 27797
h14.t11.stop_reason = unsatisfiable
h14.t11.restarts = 7
h14.t11.nogoods_size = 221301
h14.t11.nodes = 29182
h14.t11.propagations = 29182
h14.t0.stop_reason = aborted
h14.t0.restarts = 7
h14.t0.nogoods_size = 221301
h14.t0.nodes = 10461
h14.t0.propagations = 10461
h14.t9.stop_reason = unsatisfiable
h14.t9.restarts = 7
h14.t9.nogoods_size = 221301
h14.t9.nodes = 28284
h14.t9.propagations = 28284
h14.search_time = 1769
h14.nodes = 442155
h14.propagations = 2203097
h15.t11.stop_reason = aborted
h15.t11.restarts = 7
h15.t11.nogoods_size = 221447
h15.t11.nodes = 28102
h15.t11.propagations = 28102
h15.t9.stop_reason = aborted
h15.t9.restarts = 7
h15.t9.nogoods_size = 221447
h15.t9.nodes = 24346
h15.t9.propagations = 24346
h15.t3.stop_reason = aborted
h15.t3.restarts = 7
h15.t3.nogoods_size = 221447
h15.t3.nodes = 25275
h15.t3.propagations = 25275
h15.t5.stop_reason = aborted
h15.t5.restarts = 7
h15.t5.nogoods_size = 221447
h15.t5.nodes = 25267
h15.t5.propagations = 25267
h15.t8.stop_reason = aborted
h15.t8.restarts = 7
h15.t8.nogoods_size = 221447
h15.t8.nodes = 25749
h15.t8.propagations = 25749
h15.t7.stop_reason = unsatisfiable
h15.t7.restarts = 7
h15.t7.nogoods_size = 221447
h15.t7.nodes = 24299
h15.t7.propagations = 24299
h15.t6.stop_reason = unsatisfiable
h15.t6.restarts = 7
h15.t6.nogoods_size = 221447
h15.t6.nodes = 19697
h15.t6.propagations = 19697
h15.t10.stop_reason = unsatisfiable
h15.t10.restarts = 7
h15.t10.nogoods_size = 221447
h15.t10.nodes = 27958
h15.t10.propagations = 27958
h15.t1.stop_reason = unsatisfiable
h15.t1.restarts = 7
h15.t1.nogoods_size = 221447
h15.t1.nodes = 29275
h15.t1.propagations = 29275
h15.t17.stop_reason = unsatisfiable
h15.t17.restarts = 7
h15.t17.nogoods_size = 221447
h15.t17.nodes = 10386
h15.t17.propagations = 10386
h15.t13.stop_reason = aborted
h15.t13.restarts = 7
h15.t13.nogoods_size = 221447
h15.t13.nodes = 30120
h15.t13.propagations = 30120
h15.t15.stop_reason = aborted
h15.t15.restarts = 7
h15.t15.nogoods_size = 221447
h15.t15.nodes = 29268
h15.t15.propagations = 29268
h15.t14.stop_reason = aborted
h15.t14.restarts = 7
h15.t14.nogoods_size = 221447
h15.t14.nodes = 22267
h15.t14.propagations = 22267
h15.t16.stop_reason = unsatisfiable
h15.t16.restarts = 7
h15.t16.nogoods_size = 221447
h15.t16.nodes = 25871
h15.t16.propagations = 25871
h15.t12.stop_reason = unsatisfiable
h15.t12.restarts = 7
h15.t12.nogoods_size = 221447
h15.t12.nodes = 27832
h15.t12.propagations = 27832
h15.t0.stop_reason = aborted
h15.t0.restarts = 7
h15.t0.nogoods_size = 221447
h15.t0.nodes = 9919
h15.t0.propagations = 9919
h15.t2.stop_reason = unsatisfiable
h15.t2.restarts = 7
h15.t2.nogoods_size = 221447
h15.t2.nodes = 28476
h15.t2.propagations = 28476
h15.t4.stop_reason = unsatisfiable
h15.t4.restarts = 7
h15.t4.nogoods_size = 221447
h15.t4.nodes = 25521
h15.t4.propagations = 25521
h15.search_time = 1776
h15.nodes = 439628
h15.propagations = 2208298
h16.t3.stop_reason = unsatisfiable
h16.t3.restarts = 7
h16.t3.nogoods_size = 221690
h16.t3.nodes = 25283
h16.t3.propagations = 25283
h16.t5.stop_reason = unsatisfiable
h16.t5.restarts = 7
h16.t5.nogoods_size = 221690
h16.t5.nodes = 22997
h16.t5.propagations = 22997
h16.t17.stop_reason = unsatisfiable
h16.t17.restarts = 7
h16.t17.nogoods_size = 221690
h16.t17.nodes = 15861
h16.t17.propagations = 15861
h16.t15.stop_reason = unsatisfiable
h16.t15.restarts = 7
h16.t15.nogoods_size = 221690
h16.t15.nodes = 25410
h16.t15.propagations = 25410
h16.t14.stop_reason = aborted
h16.t14.restarts = 7
h16.t14.nogoods_size = 221690
h16.t14.nodes = 28906
h16.t14.propagations = 28906
h16.t12.stop_reason = unsatisfiable
h16.t12.restarts = 7
h16.t12.nogoods_size = 221690
h16.t12.nodes = 29618
h16.t12.propagations = 29618
h16.t16.stop_reason = unsatisfiable
h16.t16.restarts = 7
h16.t16.nogoods_size = 221690
h16.t16.nodes = 28610
h16.t16.propagations = 28610
h16.t9.stop_reason = unsatisfiable
h16.t9.restarts = 7
h16.t9.nogoods_size = 221690
h16.t9.nodes = 25776
h16.t9.propagations = 25776
h16.t2.stop_reason = unsatisfiable
h16.t2.restarts = 7
h16.t2.nogoods_size = 221690
h16.t2.nodes = 25790
h16.t2.propagations = 25790
h16.t6.stop_reason = unsatisfiable
h16.t6.restarts = 7
h16.t6.nogoods_size = 221690
h16.t6.nodes = 31392
h16.t6.propagations = 31392
h16.t7.stop_reason = unsatisfiable
h16.t7.restarts = 7
h16.t7.nogoods_size = 221690
h16.t7.nodes = 23295
h16.t7.propagations = 23295
h16.t10.stop_reason = unsatisfiable
h16.t10.restarts = 7
h16.t10.nogoods_size = 221690
h16.t10.nodes = 29795
h16.t10.propagations = 29795
h16.t1.stop_reason = unsatisfiable
h16.t1.restarts = 7
h16.t1.nogoods_size = 221690
h16.t1.nodes = 25249
h16.t1.propagations = 25249
h16.t8.stop_reason = unsatisfiable
h16.t8.restarts = 7
h16.t8.nogoods_size = 221690
h16.t8.nodes = 29832
h16.t8.propagations = 29832
h16.t4.stop_reason = unsatisfiable
h16.t4.restarts = 7
h16.t4.nogoods_size = 221690
h16.t4.nodes = 27331
h16.t4.propagations = 27331
h16.t11.stop_reason = aborted
h16.t11.restarts = 7
h16.t11.nogoods_size = 221690
h16.t11.nodes = 29375
h16.t11.propagations = 29375
h16.t0.stop_reason = aborted
h16.t0.restarts = 7
h16.t0.nogoods_size = 221690
h16.t0.nodes = 9104
h16.t0.propagations = 9104
h16.t13.stop_reason = unsatisfiable
h16.t13.restarts = 7
h16.t13.nogoods_size = 221690
h16.t13.nodes = 30357
h16.t13.propagations = 30357
h16.search_time = 1777
h16.nodes = 463981
h16.propagations = 2300083
h17.t11.stop_reason = aborted
h17.t11.restarts = 7
h17.t11.nogoods_size = 221733
h17.t11.nodes = 26695
h17.t11.propagations = 26695
h17.t15.stop_reason = aborted
h17.t15.restarts = 7
h17.t15.nogoods_size = 221733
h17.t15.nodes = 26804
h17.t15.propagations = 26804
h17.t17.stop_reason = unsatisfiable
h17.t17.restarts = 7
h17.t17.nogoods_size = 221733
h17.t17.nodes = 12546
h17.t17.propagations = 12546
h17.t14.stop_reason = unsatisfiable
h17.t14.restarts = 7
h17.t14.nogoods_size = 221733
h17.t14.nodes = 27411
h17.t14.propagations = 27411
h17.t9.stop_reason = unsatisfiable
h17.t9.restarts = 7
h17.t9.nogoods_size = 221733
h17.t9.nodes = 28224
h17.t9.propagations = 28224
h17.t6.stop_reason = unsatisfiable
h17.t6.restarts = 7
h17.t6.nogoods_size = 221733
h17.t6.nodes = 27078
h17.t6.propagations = 27078
h17.t2.stop_reason = unsatisfiable
h17.t2.restarts = 7
h17.t2.nogoods_size = 221733
h17.t2.nodes = 26029
h17.t2.propagations = 26029
h17.t5.stop_reason = aborted
h17.t5.restarts = 7
h17.t5.nogoods_size = 221733
h17.t5.nodes = 27498
h17.t5.propagations = 27498
h17.t1.stop_reason = unsatisfiable
h17.t1.restarts = 7
h17.t1.nogoods_size = 221733
h17.t1.nodes = 26696
h17.t1.propagations = 26696
h17.t8.stop_reason = unsatisfiable
h17.t8.restarts = 7
h17.t8.nogoods_size = 221733
h17.t8.nodes = 31012
h17.t8.propagations = 31012
h17.t10.stop_reason = unsatisfiable
h17.t10.restarts = 7
h17.t10.nogoods_size = 221733
h17.t10.nodes = 22586
h17.t10.propagations = 22586
h17.t7.stop_reason = unsatisfiable
h17.t7.restarts = 7
h17.t7.nogoods_size = 221733
h17.t7.nodes = 24812
h17.t7.propagations = 24812
h17.t16.stop_reason = unsatisfiable
h17.t16.restarts = 7
h17.t16.nogoods_size = 221733
h17.t16.nodes = 24013
h17.t16.propagations = 24013
h17.t3.stop_reason = unsatisfiable
h17.t3.restarts = 7
h17.t3.nogoods_size = 221733
h17.t3.nodes = 24647
h17.t3.propagations = 24647
h17.t13.stop_reason = unsatisfiable
h17.t13.restarts = 7
h17.t13.nogoods_size = 221733
h17.t13.nodes = 24394
h17.t13.propagations = 24394
h17.t4.stop_reason = unsatisfiable
h17.t4.restarts = 7
h17.t4.nogoods_size = 221733
h17.t4.nodes = 30355
h17.t4.propagations = 30355
h17.t12.stop_reason = unsatisfiable
h17.t12.restarts = 7
h17.t12.nogoods_size = 221733
h17.t12.nodes = 30068
h17.t12.propagations = 30068
h17.t0.stop_reason = aborted
h17.t0.restarts = 7
h17.t0.nogoods_size = 221733
h17.t0.nodes = 8531
h17.t0.propagations = 8531
h17.search_time = 1752
h17.nodes = 449399
h17.propagations = 2239730
h18.t17.stop_reason = unsatisfiable
h18.t17.restarts = 7
h18.t17.nogoods_size = 221871
h18.t17.nodes = 12665
h18.t17.propagations = 12665
h18.t0.stop_reason = aborted
h18.t0.restarts = 7
h18.t0.nogoods_size = 221871
h18.t0.nodes = 10449
h18.t0.propagations = 10449
h18.t12.stop_reason = unsatisfiable
h18.t12.restarts = 7
h18.t12.nogoods_size = 221871
h18.t12.nodes = 27954
h18.t12.propagations = 27954
h18.t3.stop_reason = unsatisfiable
h18.t3.restarts = 7
h18.t3.nogoods_size = 221871
h18.t3.nodes = 27030
h18.t3.propagations = 27030
h18.t16.stop_reason = unsatisfiable
h18.t16.restarts = 7
h18.t16.nogoods_size = 221871
h18.t16.nodes = 29926
h18.t16.propagations = 29926
h18.t14.stop_reason = aborted
h18.t14.restarts = 7
h18.t14.nogoods_size = 221871
h18.t14.nodes = 29141
h18.t14.propagations = 29141
h18.t4.stop_reason = unsatisfiable
h18.t4.restarts = 7
h18.t4.nogoods_size = 221871
h18.t4.nodes = 21030
h18.t4.propagations = 21030
h18.t11.stop_reason = unsatisfiable
h18.t11.restarts = 7
h18.t11.nogoods_size = 221871
h18.t11.nodes = 29453
h18.t11.propagations = 29453
h18.t8.stop_reason = unsatisfiable
h18.t8.restarts = 7
h18.t8.nogoods_size = 221871
h18.t8.nodes = 29054
h18.t8.propagations = 29054
h18.t1.stop_reason = unsatisfiable
h18.t1.restarts = 7
h18.t1.nogoods_size = 221871
h18.t1.nodes = 27704
h18.t1.propagations = 27704
h18.t6.stop_reason = aborted
h18.t6.restarts = 7
h18.t6.nogoods_size = 221871
h18.t6.nodes = 29160
h18.t6.propagations = 29160
h18.t15.stop_reason = unsatisfiable
h18.t15.restarts = 7
h18.t15.nogoods_size = 221871
h18.t15.nodes = 22503
h18.t15.propagations = 22503
h18.t9.stop_reason = unsatisfiable
h18.t9.restarts = 7
h18.t9.nogoods_size = 221871
h18.t9.nodes = 26826
h18.t9.propagations = 26826
h18.t13.stop_reason = unsatisfiable
h18.t13.restarts = 7
h18.t13.nogoods_size = 221871
h18.t13.nodes = 28908
h18.t13.propagations = 28908
h18.t7.stop_reason = unsatisfiable
h18.t7.restarts = 7
h18.t7.nogoods_size = 221871
h18.t7.nodes = 26244
h18.t7.propagations = 26244
h18.t5.stop_reason = unsatisfiable
h18.t5.restarts = 7
h18.t5.nogoods_size = 221871
h18.t5.nodes = 27304
h18.t5.propagations = 27304
h18.t2.stop_reason = unsatisfiable
h18.t2.restarts = 7
h18.t2.nogoods_size = 221871
h18.t2.nodes = 30075
h18.t2.propagations = 30075
h18.t10.stop_reason = unsatisfiable
h18.t10.restarts = 7
h18.t10.nogoods_size = 221871
h18.t10.nodes = 27837
h18.t10.propagations = 27837
h18.search_time = 1764
h18.nodes = 463263
h18.propagations = 2288436
h19.t9.stop_reason = unsatisfiable
h19.t9.restarts = 7
h19.t9.nogoods_size = 221722
h19.t9.nodes = 27814
h19.t9.propagations = 27814
h19.t10.stop_reason = unsatisfiable
h19.t10.restarts = 7
h19.t10.nogoods_size = 221722
h19.t10.nodes = 29557
h19.t10.propagations = 29557
h19.t2.stop_reason = unsatisfiable
h19.t2.restarts = 7
h19.t2.nogoods_size = 221722
h19.t2.nodes = 27273
h19.t2.propagations = 27273
h19.t13.stop_reason = unsatisfiable
h19.t13.restarts = 7
h19.t13.nogoods_size = 221722
h19.t13.nodes = 31022
h19.t13.propagations = 31022
h19.t16.stop_reason = unsatisfiable
h19.t16.restarts = 7
h19.t16.nogoods_size = 221722
h19.t16.nodes = 28747
h19.t16.propagations = 28747
h19.t1.stop_reason = unsatisfiable
h19.t1.restarts = 7
h19.t1.nogoods_size = 221722
h19.t1.nodes = 26719
h19.t1.propagations = 26719
h19.t15.stop_reason = unsatisfiable
h19.t15.restarts = 7
h19.t15.nogoods_size = 221722
h19.t15.nodes = 30437
h19.t15.propagations = 30437
h19.t11.stop_reason = unsatisfiable
h19.t11.restarts = 7
h19.t11.nogoods_size = 221722
h19.t11.nodes = 23312
h19.t11.propagations = 23312
h19.t17.stop_reason = unsatisfiable
h19.t17.restarts = 7
h19.t17.nogoods_size = 221722
h19.t17.nodes = 11778
h19.t17.propagations = 11778
h19.t3.stop_reason = unsatisfiable
h19.t3.restarts = 7
h19.t3.nogoods_size = 221722
h19.t3.nodes = 28780
h19.t3.propagations = 28780
h19.t6.stop_reason = unsatisfiable
h19.t6.restarts = 7
h19.t6.nogoods_size = 221722
h19.t6.nodes = 25407
h19.t6.propagations = 25407
h19.t8.stop_reason = aborted
h19.t8.restarts = 7
h19.t8.nogoods_size = 221722
h19.t8.nodes = 29513
h19.t8.propagations = 29513
h19.t7.stop_reason = unsatisfiable
h19.t7.restarts = 7
h19.t7.nogoods_size = 221722
h19.t7.nodes = 30118
h19.t7.propagations = 30118
h19.t0.stop_reason = aborted
h19.t0.restarts = 7
h19.t0.nogoods_size = 221722
h19.t0.nodes = 8908
h19.t0.propagations = 8908
h19.t12.stop_reason = unsatisfiable
h19.t12.restarts = 7
h19.t12.nogoods_size = 221722
h19.t12.nodes = 31091
h19.t12.propagations = 31091
h19.t4.stop_reason = unsatisfiable
h19.t4.restarts = 7
h19.t4.nogoods_size = 221722
h19.t4.nodes = 22502
h19.t4.propagations = 22502
h19.t5.stop_reason = unsatisfiable
h19.t5.restarts = 7
h19.t5.nogoods_size = 221722
h19.t5.nodes = 29429
h19.t5.propagations = 29429
h19.t14.stop_reason = unsatisfiable
h19.t14.restarts = 7
h19.t14.nogoods_size = 221722
h19.t14.nodes = 28728
h19.t14.propagations = 28728
h19.search_time = 1780
h19.nodes = 471135
h19.propagations = 2293499
h20.t7.stop_reason = unsatisfiable
h20.t7.restarts = 7
h20.t7.nogoods_size = 221532
h20.t7.nodes = 28961
h20.t7.propagations = 28961
h20.t12.stop_reason = unsatisfiable
h20.t12.restarts = 7
h20.t12.nogoods_size = 221532
h20.t12.nodes = 26727
h20.t12.propagations = 26727
h20.t3.stop_reason = unsatisfiable
h20.t3.restarts = 7
h20.t3.nogoods_size = 221532
h20.t3.nodes = 27160
h20.t3.propagations = 27160
h20.t4.stop_reason = unsatisfiable
h20.t4.restarts = 7
h20.t4.nogoods_size = 221532
h20.t4.nodes = 26519
h20.t4.propagations = 26519
h20.t9.stop_reason = unsatisfiable
h20.t9.restarts = 7
h20.t9.nogoods_size = 221532
h20.t9.nodes = 26320
h20.t9.propagations = 26320
h20.t2.stop_reason = unsatisfiable
h20.t2.restarts = 7
h20.t2.nogoods_size = 221532
h20.t2.nodes = 20125
h20.t2.propagations = 20125
h20.t11.stop_reason = unsatisfiable
h20.t11.restarts = 7
h20.t11.nogoods_size = 221532
h20.t11.nodes = 22125
h20.t11.propagations = 22125
h20.t14.stop_reason = unsatisfiable
h20.t14.restarts = 7
h20.t14.nogoods_size = 221532
h20.t14.nodes = 22364
h20.t14.propagations = 22364
h20.t1.stop_reason = unsatisfiable
h20.t1.restarts = 7
h20.t1.nogoods_size = 221532
h20.t1.nodes = 26872
h20.t1.propagations = 26872
h20.t15.stop_reason = unsatisfiable
h20.t15.restarts = 7
h20.t15.nogoods_size = 221532
h20.t15.nodes = 26700
h20.t15.propagations = 26700
h20.t17.stop_reason = unsatisfiable
h20.t17.restarts = 7
h20.t17.nogoods_size = 221532
h20.t17.nodes = 12584
h20.t17.propagations = 12584
h20.t13.stop_reason = unsatisfiable
h20.t13.restarts = 7
h20.t13.nogoods_size = 221532
h20.t13.nodes = 26081
h20.t13.propagations = 26081
h20.t5.stop_reason = unsatisfiable
h20.t5.restarts = 7
h20.t5.nogoods_size = 221532
h20.t5.nodes = 27200
h20.t5.propagations = 27200
h20.t10.stop_reason = unsatisfiable
h20.t10.restarts = 7
h20.t10.nogoods_size = 221532
h20.t10.nodes = 25237
h20.t10.propagations = 25237
h20.t8.stop_reason = unsatisfiable
h20.t8.restarts = 7
h20.t8.nogoods_size = 221532
h20.t8.nodes = 24694
h20.t8.propagations = 24694
h20.t6.stop_reason = unsatisfiable
h20.t6.restarts = 7
h20.t6.nogoods_size = 221532
h20.t6.nodes = 23148
h20.t6.propagations = 23148
h20.t0.stop_reason = aborted
h20.t0.restarts = 7
h20.t0.nogoods_size = 221532
h20.t0.nodes = 9423
h20.t0.propagations = 9423
h20.t16.stop_reason = unsatisfiable
h20.t16.restarts = 7
h20.t16.nogoods_size = 221532
h20.t16.nodes = 27185
h20.t16.propagations = 27185
h20.search_time = 1753
h20.nodes = 429425
h20.propagations = 2106028
h21.t14.stop_reason = unsatisfiable
h21.t14.restarts = 7
h21.t14.nogoods_size = 221836
h21.t14.nodes = 30350
h21.t14.propagations = 30350
h21.t9.stop_reason = unsatisfiable
h21.t9.restarts = 7
h21.t9.nogoods_size = 221836
h21.t9.nodes = 26494
h21.t9.propagations = 26494
h21.t17.stop_reason = unsatisfiable
h21.t17.restarts = 7
h21.t17.nogoods_size = 221836
h21.t17.nodes = 13277
h21.t17.propagations = 13277
h21.t11.stop_reason = unsatisfiable
h21.t11.restarts = 7
h21.t11.nogoods_size = 221836
h21.t11.nodes = 28724
h21.t11.propagations = 28724
h21.t3.stop_reason = unsatisfiable
h21.t3.restarts = 7
h21.t3.nogoods_size = 221836
h21.t3.nodes = 28337
h21.t3.propagations = 28337
h21.t2.stop_reason = unsatisfiable
h21.t2.restarts = 7
h21.t2.nogoods_size = 221836
h21.t2.nodes = 26432
h21.t2.propagations = 26432
h21.t4.stop_reason = unsatisfiable
h21.t4.restarts = 7
h21.t4.nogoods_size = 221836
h21.t4.nodes = 32824
h21.t4.propagations = 32824
h21.t13.stop_reason = unsatisfiable
h21.t13.restarts = 7
h21.t13.nogoods_size = 221836
h21.t13.nodes = 26226
h21.t13.propagations = 26226
h21.t12.stop_reason = unsatisfiable
h21.t12.restarts = 7
h21.t12.nogoods_size = 221836
h21.t12.nodes = 28752
h21.t12.propagations = 28752
h21.t6.stop_reason = unsatisfiable
h21.t6.restarts = 7
h21.t6.nogoods_size = 221836
h21.t6.nodes = 25309
h21.t6.propagations = 25309
h21.t1.stop_reason = unsatisfiable
h21.t1.restarts = 7
h21.t1.nogoods_size = 221836
h21.t1.nodes = 25857
h21.t1.propagations = 25857
h21.t16.stop_reason = unsatisfiable
h21.t16.restarts = 7
h21.t16.nogoods_size = 221836
h21.t16.nodes = 30376
h21.t16.propagations = 30376
h21.t8.stop_reason = unsatisfiable
h21.t8.restarts = 7
h21.t8.nogoods_size = 221836
h21.t8.nodes = 26079
h21.t8.propagations = 26079
h21.t10.stop_reason = unsatisfiable
h21.t10.restarts = 7
h21.t10.nogoods_size = 221836
h21.t10.nodes = 27932
h21.t10.propagations = 27932
h21.t7.stop_reason = unsatisfiable
h21.t7.restarts = 7
h21.t7.nogoods_size = 221836
h21.t7.nodes = 29444
h21.t7.propagations = 29444
h21.t5.stop_reason = unsatisfiable
h21.t5.restarts = 7
h21.t5.nogoods_size = 221836
h21.t5.nodes = 30419
h21.t5.propagations = 30419
h21.t15.stop_reason = unsatisfiable
h21.t15.restarts = 7
h21.t15.nogoods_size = 221836
h21.t15.nodes = 29463
h21.t15.propagations = 29463
h21.t0.stop_reason = aborted
h21.t0.restarts = 7
h21.t0.nogoods_size = 221836
h21.t0.nodes = 12043
h21.t0.propagations = 12043
h21.search_time = 1752
h21.nodes = 478338
h21.propagations = 2337770
h22.t17.stop_reason = unsatisfiable
h22.t17.restarts = 7
h22.t17.nogoods_size = 221824
h22.t17.nodes = 10632
h22.t17.propagations = 10632
h22.t0.stop_reason = aborted
h22.t0.restarts = 7
h22.t0.nogoods_size = 221824
h22.t0.nodes = 9233
h22.t0.propagations = 9233
h22.t7.stop_reason = unsatisfiable
h22.t7.restarts = 7
h22.t7.nogoods_size = 221824
h22.t7.nodes = 28230
h22.t7.propagations = 28230
h22.t1.stop_reason = unsatisfiable
h22.t1.restarts = 7
h22.t1.nogoods_size = 221824
h22.t1.nodes = 21170
h22.t1.propagations = 21170
h22.t4.stop_reason = unsatisfiable
h22.t4.restarts = 7
h22.t4.nogoods_size = 221824
h22.t4.nodes = 26743
h22.t4.propagations = 26743
h22.t16.stop_reason = unsatisfiable
h22.t16.restarts = 7
h22.t16.nogoods_size = 221824
h22.t16.nodes = 27457
h22.t16.propagations = 27457
h22.t3.stop_reason = unsatisfiable
h22.t3.restarts = 7
h22.t3.nogoods_size = 221824
h22.t3.nodes = 24092
h22.t3.propagations = 24092
h22.t6.stop_reason = unsatisfiable
h22.t6.restarts = 7
h22.t6.nogoods_size = 221824
h22.t6.nodes = 31903
h22.t6.propagations = 31903
h22.t14.stop_reason = unsatisfiable
h22.t14.restarts = 7
h22.t14.nogoods_size = 221824
h22.t14.nodes = 27849
h22.t14.propagations = 27849
h22.t2.stop_reason = unsatisfiable
h22.t2.restarts = 7
h22.t2.nogoods_size = 221824
h22.t2.nodes = 27356
h22.t2.propagations = 27356
h22.t13.stop_reason = unsatisfiable
h22.t13.restarts = 7
h22.t13.nogoods_size = 221824
h22.t13.nodes = 30566
h22.t13.propagations = 30566
h22.t15.stop_reason = unsatisfiable
h22.t15.restarts = 7
h22.t15.nogoods_size = 221824
h22.t15.nodes = 29520
h22.t15.propagations = 29520
h22.t5.stop_reason = unsatisfiable
h22.t5.restarts = 7
h22.t5.nogoods_size = 221824
h22.t5.nodes = 28111
h22.t5.propagations = 28111
h22.t9.stop_reason = unsatisfiable
h22.t9.restarts = 7
h22.t9.nogoods_size = 221824
h22.t9.nodes = 29000
h22.t9.propagations = 29000
h22.t12.stop_reason = unsatisfiable
h22.t12.restarts = 7
h22.t12.nogoods_size = 221824
h22.t12.nodes = 25393
h22.t12.propagations = 25393
h22.t10.stop_reason = unsatisfiable
h22.t10.restarts = 7
h22.t10.nogoods_size = 221824
h22.t10.nodes = 27588
h22.t10.propagations = 27588
h22.t11.stop_reason = unsatisfiable
h22.t11.restarts = 7
h22.t11.nogoods_size = 221824
h22.t11.nodes = 31007
h22.t11.propagations = 31007
h22.t8.stop_reason = unsatisfiable
h22.t8.restarts = 7
h22.t8.nogoods_size = 221824
h22.t8.nodes = 26347
h22.t8.propagations = 26347
h22.search_time = 1780
h22.nodes = 462197
h22.propagations = 2263977
h23.t6.stop_reason = unsatisfiable
h23.t6.restarts = 7
h23.t6.nogoods_size = 221838
h23.t6.nodes = 22931
h23.t6.propagations = 22931
h23.t1.stop_reason = unsatisfiable
h23.t1.restarts = 7
h23.t1.nogoods_size = 221838
h23.t1.nodes = 27119
h23.t1.propagations = 27119
h23.t8.stop_reason = aborted
h23.t8.restarts = 7
h23.t8.nogoods_size = 221838
h23.t8.nodes = 24182
h23.t8.propagations = 24182
h23.t3.stop_reason = aborted
h23.t3.restarts = 7
h23.t3.nogoods_size = 221838
h23.t3.nodes = 23523
h23.t3.propagations = 23523
h23.t10.stop_reason = unsatisfiable
h23.t10.restarts = 7
h23.t10.nogoods_size = 221838
h23.t10.nodes = 23129
h23.t10.propagations = 23129
h23.t4.stop_reason = aborted
h23.t4.restarts = 7
h23.t4.nogoods_size = 221838
h23.t4.nodes = 24020
h23.t4.propagations = 24020
h23.t15.stop_reason = aborted
h23.t15.restarts = 7
h23.t15.nogoods_size = 221838
h23.t15.nodes = 29104
h23.t15.propagations = 29104
h23.t0.stop_reason = aborted
h23.t0.restarts = 7
h23.t0.nogoods_size = 221838
h23.t0.nodes = 10076
h23.t0.propagations = 10076
h23.t7.stop_reason = aborted
h23.t7.restarts = 7
h23.t7.nogoods_size = 221838
h23.t7.nodes = 21664
h23.t7.propagations = 21664
h23.t12.stop_reason = aborted
h23.t12.restarts = 7
h23.t12.nogoods_size = 221838
h23.t12.nodes = 21721
h23.t12.propagations = 21721
h23.t13.stop_reason = aborted
h23.t13.restarts = 7
h23.t13.nogoods_size = 221838
h23.t13.nodes = 24597
h23.t13.propagations = 24597
h23.t5.stop_reason = unsatisfiable
h23.t5.restarts = 7
h23.t5.nogoods_size = 221838
h23.t5.nodes = 23401
h23.t5.propagations = 23401
h23.t14.stop_reason = aborted
h23.t14.restarts = 7
h23.t14.nogoods_size = 221838
h23.t14.nodes = 26415
h23.t14.propagations = 26415
h23.t17.stop_reason = unsatisfiable
h23.t17.restarts = 7
h23.t17.nogoods_size = 221838
h23.t17.nodes = 12246
h23.t17.propagations = 12246
h23.t16.stop_reason = unsatisfiable
h23.t16.restarts = 7
h23.t16.nogoods_size = 221838
h23.t16.nodes = 28093
h23.t16.propagations = 28093
h23.t11.stop_reason = unsatisfiable
h23.t11.restarts = 7
h23.t11.nogoods_size = 221838
h23.t11.nodes = 28223
h23.t11.propagations = 28223
h23.t9.stop_reason = unsatisfiable
h23.t9.restarts = 7
h23.t9.nogoods_size = 221838
h23.t9.nodes = 26006
h23.t9.propagations = 26006
h23.t2.stop_reason = unsatisfiable
h23.t2.restarts = 7
h23.t2.nogoods_size = 221838
h23.t2.nodes = 17993
h23.t2.propagations = 17993
h23.search_time = 1759
h23.nodes = 414443
h23.propagations = 2101392
h24.t10.stop_reason = unsatisfiable
h24.t10.restarts = 7
h24.t10.nogoods_size = 221381
h24.t10.nodes = 24009
h24.t10.propagations = 24009
h24.t6.stop_reason = aborted
h24.t6.restarts = 7
h24.t6.nogoods_size = 221381
h24.t6.nodes = 22603
h24.t6.propagations = 22603
h24.t13.stop_reason = unsatisfiable
h24.t13.restarts = 7
h24.t13.nogoods_size = 221381
h24.t13.nodes = 26358
h24.t13.propagations = 26358
h24.t9.stop_reason = unsatisfiable
h24.t9.restarts = 7
h24.t9.nogoods_size = 221381
h24.t9.nodes = 24390
h24.t9.propagations = 24390
h24.t16.stop_reason = unsatisfiable
h24.t16.restarts = 7
h24.t16.nogoods_size = 221381
h24.t16.nodes = 28628
h24.t16.propagations = 28628
h24.t5.stop_reason = unsatisfiable
h24.t5.restarts = 7
h24.t5.nogoods_size = 221381
h24.t5.nodes = 28042
h24.t5.propagations = 28042
h24.t7.stop_reason = unsatisfiable
h24.t7.restarts = 7
h24.t7.nogoods_size = 221381
h24.t7.nodes = 27205
h24.t7.propagations = 27205
h24.t4.stop_reason = unsatisfiable
h24.t4.restarts = 7
h24.t4.nogoods_size = 221381
h24.t4.nodes = 31163
h24.t4.propagations = 31163
h24.t14.stop_reason = unsatisfiable
h24.t14.restarts = 7
h24.t14.nogoods_size = 221381
h24.t14.nodes = 24884
h24.t14.propagations = 24884
h24.t2.stop_reason = unsatisfiable
h24.t2.restarts = 7
h24.t2.nogoods_size = 221381
h24.t2.nodes = 26744
h24.t2.propagations = 26744
h24.t11.stop_reason = unsatisfiable
h24.t11.restarts = 7
h24.t11.nogoods_size = 221381
h24.t11.nodes = 27040
h24.t11.propagations = 27040
h24.t1.stop_reason = unsatisfiable
h24.t1.restarts = 7
h24.t1.nogoods_size = 221381
h24.t1.nodes = 22127
h24.t1.propagations = 22127
h24.t0.stop_reason = aborted
h24.t0.restarts = 7
h24.t0.nogoods_size = 221381
h24.t0.nodes = 10047
h24.t0.propagations = 10047
h24.t12.stop_reason = unsatisfiable
h24.t12.restarts = 7
h24.t12.nogoods_size = 221381
h24.t12.nodes = 28885
h24.t12.propagations = 28885
h24.t8.stop_reason = unsatisfiable
h24.t8.restarts = 7
h24.t8.nogoods_size = 221381
h24.t8.nodes = 18882
h24.t8.propagations = 18882
h24.t15.stop_reason = unsatisfiable
h24.t15.restarts = 7
h24.t15.nogoods_size = 221381
h24.t15.nodes = 25475
h24.t15.propagations = 25475
h24.t17.stop_reason = unsatisfiable
h24.t17.restarts = 7
h24.t17.nogoods_size = 221381
h24.t17.nodes = 12259
h24.t17.propagations = 12259
h24.t3.stop_reason = unsatisfiable
h24.t3.restarts = 7
h24.t3.nogoods_size = 221381
h24.t3.nodes = 28278
h24.t3.propagations = 28278
h24.search_time = 1757
h24.nodes = 437019
h24.propagations = 2164280
h25.t6.stop_reason = unsatisfiable
h25.t6.restarts = 7
h25.t6.nogoods_size = 221634
h25.t6.nodes = 29483
h25.t6.propagations = 29483
h25.t0.stop_reason = aborted
h25.t0.restarts = 7
h25.t0.nogoods_size = 221634
h25.t0.nodes = 12615
h25.t0.propagations = 12615
h25.t10.stop_reason = unsatisfiable
h25.t10.restarts = 7
h25.t10.nogoods_size = 221634
h25.t10.nodes = 28709
h25.t10.propagations = 28709
h25.t15.stop_reason = unsatisfiable
h25.t15.restarts = 7
h25.t15.nogoods_size = 221634
h25.t15.nodes = 24288
h25.t15.propagations = 24288
h25.t16.stop_reason = unsatisfiable
h25.t16.restarts = 7
h25.t16.nogoods_size = 221634
h25.t16.nodes = 29915
h25.t16.propagations = 29915
h25.t14.stop_reason = unsatisfiable
h25.t14.restarts = 7
h25.t14.nogoods_size = 221634
h25.t14.nodes = 28692
h25.t14.propagations = 28692
h25.t13.stop_reason = unsatisfiable
h25.t13.restarts = 7
h25.t13.nogoods_size = 221634
h25.t13.nodes = 25044
h25.t13.propagations = 25044
h25.t2.stop_reason = unsatisfiable
h25.t2.restarts = 7
h25.t2.nogoods_size = 221634
h25.t2.nodes = 24138
h25.t2.propagations = 24138
h25.t5.stop_reason = unsatisfiable
h25.t5.restarts = 7
h25.t5.nogoods_size = 221634
h25.t5.nodes = 27191
h25.t5.propagations = 27191
h25.t9.stop_reason = unsatisfiable
h25.t9.restarts = 7
h25.t9.nogoods_size = 221634
h25.t9.nodes = 23923
h25.t9.propagations = 23923
h25.t4.stop_reason = unsatisfiable
h25.t4.restarts = 7
h25.t4.nogoods_size = 221634
h25.t4.nodes = 23618
h25.t4.propagations = 23618
h25.t11.stop_reason = unsatisfiable
h25.t11.restarts = 7
h25.t11.nogoods_size = 221634
h25.t11.nodes = 25702
h25.t11.propagations = 25702
h25.t8.stop_reason = unsatisfiable
h25.t8.restarts = 7
h25.t8.nogoods_size = 221634
h25.t8.nodes = 26306
h25.t8.propagations = 26306
h25.t7.stop_reason = unsatisfiable
h25.t7.restarts = 7
h25.t7.nogoods_size = 221634
h25.t7.nodes = 24899
h25.t7.propagations = 24899
h25.t12.stop_reason = unsatisfiable
h25.t12.restarts = 7
h25.t12.nogoods_size = 221634
h25.t12.nodes = 17968
h25.t12.propagations = 17968
h25.t3.stop_reason = unsatisfiable
h25.t3.restarts = 7
h25.t3.nogoods_size = 221634
h25.t3.nodes = 24901
h25.t3.propagations = 24901
h25.t1.stop_reason = unsatisfiable
h25.t1.restarts = 7
h25.t1.nogoods_size = 221634
h25.t1.nodes = 28251
h25.t1.propagations = 28251
h25.t17.stop_reason = unsatisfiable
h25.t17.restarts = 7
h25.t17.nogoods_size = 221634
h25.t17.nodes = 13984
h25.t17.propagations = 13984
h25.search_time = 1760
h25.nodes = 439627
h25.propagations = 2181320
h26.t12.stop_reason = unsatisfiable
h26.t12.restarts = 7
h26.t12.nogoods_size = 221924
h26.t12.nodes = 30899
h26.t12.propagations = 30899
h26.t15.stop_reason = aborted
h26.t15.restarts = 7
h26.t15.nogoods_size = 221924
h26.t15.nodes = 25831
h26.t15.propagations = 25831
h26.t13.stop_reason = aborted
h26.t13.restarts = 7
h26.t13.nogoods_size = 221924
h26.t13.nodes = 27350
h26.t13.propagations = 27350
h26.t10.stop_reason = unsatisfiable
h26.t10.restarts = 7
h26.t10.nogoods_size = 221924
h26.t10.nodes = 23104
h26.t10.propagations = 23104
h26.t2.stop_reason = unsatisfiable
h26.t2.restarts = 7
h26.t2.nogoods_size = 221924
h26.t2.nodes = 30315
h26.t2.propagations = 30315
h26.t5.stop_reason = unsatisfiable
h26.t5.restarts = 7
h26.t5.nogoods_size = 221924
h26.t5.nodes = 27448
h26.t5.propagations = 27448
h26.t4.stop_reason = unsatisfiable
h26.t4.restarts = 7
h26.t4.nogoods_size = 221924
h26.t4.nodes = 29020
h26.t4.propagations = 29020
h26.t1.stop_reason = unsatisfiable
h26.t1.restarts = 7
h26.t1.nogoods_size = 221924
h26.t1.nodes = 22612
h26.t1.propagations = 22612
h26.t9.stop_reason = unsatisfiable
h26.t9.restarts = 7
h26.t9.nogoods_size = 221924
h26.t9.nodes = 25396
h26.t9.propagations = 25396
h26.t14.stop_reason = unsatisfiable
h26.t14.restarts = 7
h26.t14.nogoods_size = 221924
h26.t14.nodes = 29073
h26.t14.propagations = 29073
h26.t7.stop_reason = unsatisfiable
h26.t7.restarts = 7
h26.t7.nogoods_size = 221924
h26.t7.nodes = 26668
h26.t7.propagations = 26668
h26.t3.stop_reason = unsatisfiable
h26.t3.restarts = 7
h26.t3.nogoods_size = 221924
h26.t3.nodes = 25416
h26.t3.propagations = 25416
h26.t6.stop_reason = unsatisfiable
h26.t6.restarts = 7
h26.t6.nogoods_size = 221924
h26.t6.nodes = 25975
h26.t6.propagations = 25975
h26.t17.stop_reason = unsatisfiable
h26.t17.restarts = 7
h26.t17.nogoods_size = 221924
h26.t17.nodes = 11347
h26.t17.propagations = 11347
h26.t16.stop_reason = unsatisfiable
h26.t16.restarts = 7
h26.t16.nogoods_size = 221924
h26.t16.nodes = 24337
h26.t16.propagations = 24337
h26.t0.stop_reason = aborted
h26.t0.restarts = 7
h26.t0.nogoods_size = 221924
h26.t0.nodes = 11454
h26.t0.propagations = 11454
h26.t11.stop_reason = unsatisfiable
h26.t11.restarts = 7
h26.t11.nogoods_size = 221924
h26.t11.nodes = 20127
h26.t11.propagations = 20127
h26.t8.stop_reason = unsatisfiable
h26.t8.restarts = 7
h26.t8.nogoods_size = 221924
h26.t8.nodes = 28191
h26.t8.propagations = 28191
h26.search_time = 1769
h26.nodes = 444563
h26.propagations = 2228931
h27.t17.stop_reason = unsatisfiable
h27.t17.restarts = 7
h27.t17.nogoods_size = 221521
h27.t17.nodes = 11943
h27.t17.propagations = 11943
h27.t0.stop_reason = aborted
h27.t0.restarts = 7
h27.t0.nogoods_size = 221521
h27.t0.nodes = 7974
h27.t0.propagations = 7974
h27.t8.stop_reason = unsatisfiable
h27.t8.restarts = 7
h27.t8.nogoods_size = 221521
h27.t8.nodes = 23433
h27.t8.propagations = 23433
h27.t14.stop_reason = aborted
h27.t14.restarts = 7
h27.t14.nogoods_size = 221521
h27.t14.nodes = 26893
h27.t14.propagations = 26893
h27.t13.stop_reason = unsatisfiable
h27.t13.restarts = 7
h27.t13.nogoods_size = 221521
h27.t13.nodes = 28894
h27.t13.propagations = 28894
h27.t11.stop_reason = unsatisfiable
h27.t11.restarts = 7
h27.t11.nogoods_size = 221521
h27.t11.nodes = 29610
h27.t11.propagations = 29610
h27.t6.stop_reason = unsatisfiable
h27.t6.restarts = 7
h27.t6.nogoods_size = 221521
h27.t6.nodes = 24063
h27.t6.propagations = 24063
h27.t10.stop_reason = unsatisfiable
h27.t10.restarts = 7
h27.t10.nogoods_size = 221521
h27.t10.nodes = 29627
h27.t10.propagations = 29627
h27.t15.stop_reason = aborted
h27.t15.restarts = 7
h27.t15.nogoods_size = 221521
h27.t15.nodes = 27282
h27.t15.propagations = 27282
h27.t5.stop_reason = unsatisfiable
h27.t5.restarts = 7
h27.t5.nogoods_size = 221521
h27.t5.nodes = 26112
h27.t5.propagations = 26112
h27.t1.stop_reason = unsatisfiable
h27.t1.restarts = 7
h27.t1.nogoods_size = 221521
h27.t1.nodes = 26140
h27.t1.propagations = 26140
h27.t12.stop_reason = unsatisfiable
h27.t12.restarts = 7
h27.t12.nogoods_size = 221521
h27.t12.nodes = 29300
h27.t12.propagations = 29300
h27.t7.stop_reason = aborted
h27.t7.restarts = 7
h27.t7.nogoods_size = 221521
h27.t7.nodes = 26557
h27.t7.propagations = 26557
h27.t4.stop_reason = unsatisfiable
h27.t4.restarts = 7
h27.t4.nogoods_size = 221521
h27.t4.nodes = 29570
h27.t4.propagations = 29570
h27.t3.stop_reason = unsatisfiable
h27.t3.restarts = 7
h27.t3.nogoods_size = 221521
h27.t3.nodes = 26596
h27.t3.propagations = 26596
h27.t2.stop_reason = unsatisfiable
h27.t2.restarts = 7
h27.t2.nogoods_size = 221521
h27.t2.nodes = 27399
h27.t2.propagations = 27399
h27.t9.stop_reason = unsatisfiable
h27.t9.restarts = 7
h27.t9.nogoods_size = 221521
h27.t9.nodes = 26892
h27.t9.propagations = 26892
h27.t16.stop_reason = unsatisfiable
h27.t16.restarts = 7
h27.t16.nogoods_size = 221521
h27.t16.nodes = 26196
h27.t16.propagations = 26196
h27.search_time = 1799
h27.nodes = 454481
h27.propagations = 2245870
h28.t17.stop_reason = unsatisfiable
h28.t17.restarts = 7
h28.t17.nogoods_size = 221556
h28.t17.nodes = 10806
h28.t17.propagations = 10806
h28.t0.stop_reason = aborted
h28.t0.restarts = 7
h28.t0.nogoods_size = 221556
h28.t0.nodes = 13063
h28.t0.propagations = 13063
h28.t14.stop_reason = unsatisfiable
h28.t14.restarts = 7
h28.t14.nogoods_size = 221556
h28.t14.nodes = 24060
h28.t14.propagations = 24060
h28.t12.stop_reason = unsatisfiable
h28.t12.restarts = 7
h28.t12.nogoods_size = 221556
h28.t12.nodes = 25004
h28.t12.propagations = 25004
h28.t2.stop_reason = aborted
h28.t2.restarts = 7
h28.t2.nogoods_size = 221556
h28.t2.nodes = 25484
h28.t2.propagations = 25484
h28.t13.stop_reason = unsatisfiable
h28.t13.restarts = 7
h28.t13.nogoods_size = 221556
h28.t13.nodes = 18540
h28.t13.propagations = 18540
h28.t1.stop_reason = unsatisfiable
h28.t1.restarts = 7
h28.t1.nogoods_size = 221556
h28.t1.nodes = 25114
h28.t1.propagations = 25114
h28.t5.stop_reason = unsatisfiable
h28.t5.restarts = 7
h28.t5.nogoods_size = 221556
h28.t5.nodes = 29199
h28.t5.propagations = 29199
h28.t11.stop_reason = unsatisfiable
h28.t11.restarts = 7
h28.t11.nogoods_size = 221556
h28.t11.nodes = 22629
h28.t11.propagations = 22629
h28.t16.stop_reason = unsatisfiable
h28.t16.restarts = 7
h28.t16.nogoods_size = 221556
h28.t16.nodes = 23861
h28.t16.propagations = 23861
h28.t4.stop_reason = unsatisfiable
h28.t4.restarts = 7
h28.t4.nogoods_size = 221556
h28.t4.nodes = 23746
h28.t4.propagations = 23746
h28.t7.stop_reason = unsatisfiable
h28.t7.restarts = 7
h28.t7.nogoods_size = 221556
h28.t7.nodes = 22872
h28.t7.propagations = 22872
h28.t9.stop_reason = unsatisfiable
h28.t9.restarts = 7
h28.t9.nogoods_size = 221556
h28.t9.nodes = 26966
h28.t9.propagations = 26966
h28.t10.stop_reason = aborted
h28.t10.restarts = 7
h28.t10.nogoods_size = 221556
h28.t10.nodes = 26161
h28.t10.propagations = 26161
h28.t15.stop_reason = aborted
h28.t15.restarts = 7
h28.t15.nogoods_size = 221556
h28.t15.nodes = 27780
h28.t15.propagations = 27780
h28.t8.stop_reason = unsatisfiable
h28.t8.restarts = 7
h28.t8.nogoods_size = 221556
h28.t8.nodes = 27107
h28.t8.propagations = 27107
h28.t6.stop_reason = unsatisfiable
h28.t6.restarts = 7
h28.t6.nogoods_size = 221556
h28.t6.nodes = 24181
h28.t6.propagations = 24181
h28.t3.stop_reason = unsatisfiable
h28.t3.restarts = 7
h28.t3.nogoods_size = 221556
h28.t3.nodes = 28245
h28.t3.propagations = 28245
h28.search_time = 1766
h28.nodes = 424818
h28.propagations = 2108025
h29.t13.stop_reason = unsatisfiable
h29.t13.restarts = 7
h29.t13.nogoods_size = 221435
h29.t13.nodes = 31196
h29.t13.propagations = 31196
h29.t12.stop_reason = unsatisfiable
h29.t12.restarts = 7
h29.t12.nogoods_size = 221435
h29.t12.nodes = 28514
h29.t12.propagations = 28514
h29.t2.stop_reason = unsatisfiable
h29.t2.restarts = 7
h29.t2.nogoods_size = 221435
h29.t2.nodes = 26485
h29.t2.propagations = 26485
h29.t3.stop_reason = unsatisfiable
h29.t3.restarts = 7
h29.t3.nogoods_size = 221435
h29.t3.nodes = 22172
h29.t3.propagations = 22172
h29.t8.stop_reason = unsatisfiable
h29.t8.restarts = 7
h29.t8.nogoods_size = 221435
h29.t8.nodes = 25627
h29.t8.propagations = 25627
h29.t16.stop_reason = unsatisfiable
h29.t16.restarts = 7
h29.t16.nogoods_size = 221435
h29.t16.nodes = 22146
h29.t16.propagations = 22146
h29.t15.stop_reason = unsatisfiable
h29.t15.restarts = 7
h29.t15.nogoods_size = 221435
h29.t15.nodes = 27375
h29.t15.propagations = 27375
h29.t5.stop_reason = unsatisfiable
h29.t5.restarts = 7
h29.t5.nogoods_size = 221435
h29.t5.nodes = 25224
h29.t5.propagations = 25224
h29.t9.stop_reason = unsatisfiable
h29.t9.restarts = 7
h29.t9.nogoods_size = 221435
h29.t9.nodes = 22228
h29.t9.propagations = 22228
h29.t14.stop_reason = unsatisfiable
h29.t14.restarts = 7
h29.t14.nogoods_size = 221435
h29.t14.nodes = 30141
h29.t14.propagations = 30141
h29.t4.stop_reason = unsatisfiable
h29.t4.restarts = 7
h29.t4.nogoods_size = 221435
h29.t4.nodes = 31709
h29.t4.propagations = 31709
h29.t1.stop_reason = unsatisfiable
h29.t1.restarts = 7
h29.t1.nogoods_size = 221435
h29.t1.nodes = 27254
h29.t1.propagations = 27254
h29.t11.stop_reason = unsatisfiable
h29.t11.restarts = 7
h29.t11.nogoods_size = 221435
h29.t11.nodes = 18232
h29.t11.propagations = 18232
h29.t0.stop_reason = aborted
h29.t0.restarts = 7
h29.t0.nogoods_size = 221435
h29.t0.nodes = 9347
h29.t0.propagations = 9347
h29.t6.stop_reason = unsatisfiable
h29.t6.restarts = 7
h29.t6.nogoods_size = 221435
h29.t6.nodes = 25551
h29.t6.propagations = 25551
h29.t10.stop_reason = unsatisfiable
h29.t10.restarts = 7
h29.t10.nogoods_size = 221435
h29.t10.nodes = 25346
h29.t10.propagations = 25346
h29.t7.stop_reason = aborted
h29.t7.restarts = 7
h29.t7.nogoods_size = 221435
h29.t7.nodes = 25421
h29.t7.propagations = 25421
h29.t17.stop_reason = unsatisfiable
h29.t17.restarts = 7
h29.t17.nogoods_size = 221435
h29.t17.nodes = 13838
h29.t17.propagations = 13838
h29.search_time = 1766
h29.nodes = 437806
h29.propagations = 2189940
h30.t14.stop_reason = unsatisfiable
h30.t14.restarts = 7
h30.t14.nogoods_size = 221734
h30.t14.nodes = 20001
h30.t14.propagations = 20001
h30.t17.stop_reason = unsatisfiable
h30.t17.restarts = 7
h30.t17.nogoods_size = 221734
h30.t17.nodes = 15134
h30.t17.propagations = 15134
h30.t2.stop_reason = unsatisfiable
h30.t2.restarts = 7
h30.t2.nogoods_size = 221734
h30.t2.nodes = 21613
h30.t2.propagations = 21613
h30.t4.stop_reason = aborted
h30.t4.restarts = 7
h30.t4.nogoods_size = 221734
h30.t4.nodes = 22407
h30.t4.propagations = 22407
h30.t5.stop_reason = aborted
h30.t5.restarts = 7
h30.t5.nogoods_size = 221734
h30.t5.nodes = 26414
h30.t5.propagations = 26414
h30.t16.stop_reason = unsatisfiable
h30.t16.restarts = 7
h30.t16.nogoods_size = 221734
h30.t16.nodes = 18240
h30.t16.propagations = 18240
h30.t3.stop_reason = unsatisfiable
h30.t3.restarts = 7
h30.t3.nogoods_size = 221734
h30.t3.nodes = 27798
h30.t3.propagations = 27798
h30.t6.stop_reason = unsatisfiable
h30.t6.restarts = 7
h30.t6.nogoods_size = 221734
h30.t6.nodes = 23289
h30.t6.propagations = 23289
h30.t13.stop_reason = unsatisfiable
h30.t13.restarts = 7
h30.t13.nogoods_size = 221734
h30.t13.nodes = 19710
h30.t13.propagations = 19710
h30.t8.stop_reason = unsatisfiable
h30.t8.restarts = 7
h30.t8.nogoods_size = 221734
h30.t8.nodes = 27687
h30.t8.propagations = 27687
h30.t0.stop_reason = aborted
h30.t0.restarts = 7
h30.t0.nogoods_size = 221734
h30.t0.nodes = 10319
h30.t0.propagations = 10319
h30.t11.stop_reason = unsatisfiable
h30.t11.restarts = 7
h30.t11.nogoods_size = 221734
h30.t11.nodes = 23974
h30.t11.propagations = 23974
h30.t12.stop_reason = unsatisfiable
h30.t12.restarts = 7
h30.t12.nogoods_size = 221734
h30.t12.nodes = 27537
h30.t12.propagations = 27537
h30.t10.stop_reason = unsatisfiable
h30.t10.restarts = 7
h30.t10.nogoods_size = 221734
h30.t10.nodes = 28876
h30.t10.propagations = 28876
h30.t1.stop_reason = unsatisfiable
h30.t1.restarts = 7
h30.t1.nogoods_size = 221734
h30.t1.nodes = 27775
h30.t1.propagations = 27775
h30.t9.stop_reason = unsatisfiable
h30.t9.restarts = 7
h30.t9.nogoods_size = 221734
h30.t9.nodes = 23997
h30.t9.propagations = 23997
h30.t7.stop_reason = unsatisfiable
h30.t7.restarts = 7
h30.t7.nogoods_size = 221734
h30.t7.nodes = 22168
h30.t7.propagations = 22168
h30.t15.stop_reason = unsatisfiable
h30.t15.restarts = 7
h30.t15.nogoods_size = 221734
h30.t15.nodes = 28858
h30.t15.propagations = 28858
h30.search_time = 1768
h30.nodes = 415797
h30.propagations = 2086405
h31.t15.stop_reason = unsatisfiable
h31.t15.restarts = 7
h31.t15.nogoods_size = 221969
h31.t15.nodes = 23700
h31.t15.propagations = 23700
h31.t9.stop_reason = unsatisfiable
h31.t9.restarts = 7
h31.t9.nogoods_size = 221969
h31.t9.nodes = 30318
h31.t9.propagations = 30318
h31.t4.stop_reason = unsatisfiable
h31.t4.restarts = 7
h31.t4.nogoods_size = 221969
h31.t4.nodes = 25702
h31.t4.propagations = 25702
h31.t17.stop_reason = unsatisfiable
h31.t17.restarts = 7
h31.t17.nogoods_size = 221969
h31.t17.nodes = 10615
h31.t17.propagations = 10615
h31.t8.stop_reason = unsatisfiable
h31.t8.restarts = 7
h31.t8.nogoods_size = 221969
h31.t8.nodes = 30545
h31.t8.propagations = 30545
h31.t16.stop_reason = unsatisfiable
h31.t16.restarts = 7
h31.t16.nogoods_size = 221969
h31.t16.nodes = 26692
h31.t16.propagations = 26692
h31.t14.stop_reason = unsatisfiable
h31.t14.restarts = 7
h31.t14.nogoods_size = 221969
h31.t14.nodes = 28422
h31.t14.propagations = 28422
h31.t2.stop_reason = unsatisfiable
h31.t2.restarts = 7
h31.t2.nogoods_size = 221969
h31.t2.nodes = 28807
h31.t2.propagations = 28807
h31.t3.stop_reason = unsatisfiable
h31.t3.restarts = 7
h31.t3.nogoods_size = 221969
h31.t3.nodes = 27384
h31.t3.propagations = 27384
h31.t13.stop_reason = unsatisfiable
h31.t13.restarts = 7
h31.t13.nogoods_size = 221969
h31.t13.nodes = 30999
h31.t13.propagations = 30999
h31.t10.stop_reason = unsatisfiable
h31.t10.restarts = 7
h31.t10.nogoods_size = 221969
h31.t10.nodes = 29944
h31.t10.propagations = 29944
h31.t5.stop_reason = unsatisfiable
h31.t5.restarts = 7
h31.t5.nogoods_size = 221969
h31.t5.nodes = 30041
h31.t5.propagations = 30041
h31.t11.stop_reason = unsatisfiable
h31.t11.restarts = 7
h31.t11.nogoods_size = 221969
h31.t11.nodes = 26478
h31.t11.propagations = 26478
h31.t1.stop_reason = unsatisfiable
h31.t1.restarts = 7
h31.t1.nogoods_size = 221969
h31.t1.nodes = 28884
h31.t1.propagations = 28884
h31.t6.stop_reason = unsatisfiable
h31.t6.restarts = 7
h31.t6.nogoods_size = 221969
h31.t6.nodes = 29368
h31.t6.propagations = 29368
h31.t12.stop_reason = unsatisfiable
h31.t12.restarts = 7
h31.t12.nogoods_size = 221969
h31.t12.nodes = 30455
h31.t12.propagations = 30455
h31.t0.stop_reason = aborted
h31.t0.restarts = 7
h31.t0.nogoods_size = 221969
h31.t0.nodes = 10984
h31.t0.propagations = 10984
h31.t7.stop_reason = unsatisfiable
h31.t7.restarts = 7
h31.t7.nogoods_size = 221969
h31.t7.nodes = 26273
h31.t7.propagations = 26273
h31.search_time = 1774
h31.nodes = 475611
h31.propagations = 2327664
h32.t12.stop_reason = unsatisfiable
h32.t12.restarts = 7
h32.t12.nogoods_size = 221330
h32.t12.nodes = 24225
h32.t12.propagations = 24225
h32.t11.stop_reason = unsatisfiable
h32.t11.restarts = 7
h32.t11.nogoods_size = 221330
h32.t11.nodes = 28604
h32.t11.propagations = 28604
h32.t10.stop_reason = unsatisfiable
h32.t10.restarts = 7
h32.t10.nogoods_size = 221330
h32.t10.nodes = 26471
h32.t10.propagations = 26471
h32.t8.stop_reason = unsatisfiable
h32.t8.restarts = 7
h32.t8.nogoods_size = 221330
h32.t8.nodes = 28070
h32.t8.propagations = 28070
h32.t6.stop_reason = unsatisfiable
h32.t6.restarts = 7
h32.t6.nogoods_size = 221330
h32.t6.nodes = 28849
h32.t6.propagations = 28849
h32.t2.stop_reason = unsatisfiable
h32.t2.restarts = 7
h32.t2.nogoods_size = 221330
h32.t2.nodes = 30885
h32.t2.propagations = 30885
h32.t5.stop_reason = unsatisfiable
h32.t5.restarts = 7
h32.t5.nogoods_size = 221330
h32.t5.nodes = 26970
h32.t5.propagations = 26970
h32.t15.stop_reason = unsatisfiable
h32.t15.restarts = 7
h32.t15.nogoods_size = 221330
h32.t15.nodes = 28687
h32.t15.propagations = 28687
h32.t17.stop_reason = unsatisfiable
h32.t17.restarts = 7
h32.t17.nogoods_size = 221330
h32.t17.nodes = 11504
h32.t17.propagations = 11504
h32.t3.stop_reason = unsatisfiable
h32.t3.restarts = 7
h32.t3.nogoods_size = 221330
h32.t3.nodes = 28892
h32.t3.propagations = 28892
h32.t13.stop_reason = unsatisfiable
h32.t13.restarts = 7
h32.t13.nogoods_size = 221330
h32.t13.nodes = 26393
h32.t13.propagations = 26393
h32.t4.stop_reason = unsatisfiable
h32.t4.restarts = 7
h32.t4.nogoods_size = 221330
h32.t4.nodes = 23196
h32.t4.propagations = 23196
h32.t9.stop_reason = unsatisfiable
h32.t9.restarts = 7
h32.t9.nogoods_size = 221330
h32.t9.nodes = 28541
h32.t9.propagations = 28541
h32.t7.stop_reason = unsatisfiable
h32.t7.restarts = 7
h32.t7.nogoods_size = 221330
h32.t7.nodes = 30179
h32.t7.propagations = 30179
h32.t14.stop_reason = unsatisfiable
h32.t14.restarts = 7
h32.t14.nogoods_size = 221330
h32.t14.nodes = 27293
h32.t14.propagations = 27293
h32.t16.stop_reason = unsatisfiable
h32.t16.restarts = 7
h32.t16.nogoods_size = 221330
h32.t16.nodes = 24361
h32.t16.propagations = 24361
h32.t0.stop_reason = aborted
h32.t0.restarts = 7
h32.t0.nogoods_size = 221330
h32.t0.nodes = 10917
h32.t0.propagations = 10917
h32.t1.stop_reason = unsatisfiable
h32.t1.restarts = 7
h32.t1.nogoods_size = 221330
h32.t1.nodes = 29074
h32.t1.propagations = 29074
h32.search_time = 1781
h32.nodes = 463111
h32.propagations = 2311967
h33.t9.stop_reason = unsatisfiable
h33.t9.restarts = 7
h33.t9.nogoods_size = 222061
h33.t9.nodes = 29568
h33.t9.propagations = 29568
h33.t15.stop_reason = unsatisfiable
h33.t15.restarts = 7
h33.t15.nogoods_size = 222061
h33.t15.nodes = 28133
h33.t15.propagations = 28133
h33.t12.stop_reason = unsatisfiable
h33.t12.restarts = 7
h33.t12.nogoods_size = 222061
h33.t12.nodes = 30454
h33.t12.propagations = 30454
h33.t4.stop_reason = unsatisfiable
h33.t4.restarts = 7
h33.t4.nogoods_size = 222061
h33.t4.nodes = 30097
h33.t4.propagations = 30097
h33.t1.stop_reason = unsatisfiable
h33.t1.restarts = 7
h33.t1.nogoods_size = 222061
h33.t1.nodes = 31353
h33.t1.propagations = 31353
h33.t7.stop_reason = unsatisfiable
h33.t7.restarts = 7
h33.t7.nogoods_size = 222061
h33.t7.nodes = 33605
h33.t7.propagations = 33605
h33.t14.stop_reason = unsatisfiable
h33.t14.restarts = 7
h33.t14.nogoods_size = 222061
h33.t14.nodes = 28885
h33.t14.propagations = 28885
h33.t13.stop_reason = unsatisfiable
h33.t13.restarts = 7
h33.t13.nogoods_size = 222061
h33.t13.nodes = 30123
h33.t13.propagations = 30123
h33.t6.stop_reason = unsatisfiable
h33.t6.restarts = 7
h33.t6.nogoods_size = 222061
h33.t6.nodes = 32494
h33.t6.propagations = 32494
h33.t3.stop_reason = unsatisfiable
h33.t3.restarts = 7
h33.t3.nogoods_size = 222061
h33.t3.nodes = 28515
h33.t3.propagations = 28515
h33.t5.stop_reason = unsatisfiable
h33.t5.restarts = 7
h33.t5.nogoods_size = 222061
h33.t5.nodes = 32433
h33.t5.propagations = 32433
h33.t11.stop_reason = unsatisfiable
h33.t11.restarts = 7
h33.t11.nogoods_size = 222061
h33.t11.nodes = 32048
h33.t11.propagations = 32048
h33.t16.stop_reason = unsatisfiable
h33.t16.restarts = 7
h33.t16.nogoods_size = 222061
h33.t16.nodes = 31456
h33.t16.propagations = 31456
h33.t2.stop_reason = unsatisfiable
h33.t2.restarts = 7
h33.t2.nogoods_size = 222061
h33.t2.nodes = 31539
h33.t2.propagations = 31539
h33.t10.stop_reason = unsatisfiable
h33.t10.restarts = 7
h33.t10.nogoods_size = 222061
h33.t10.nodes = 30376
h33.t10.propagations = 30376
h33.t17.stop_reason = unsatisfiable
h33.t17.restarts = 7
h33.t17.nogoods_size = 222061
h33.t17.nodes = 16129
h33.t17.propagations = 16129
h33.t8.stop_reason = unsatisfiable
h33.t8.restarts = 7
h33.t8.nogoods_size = 222061
h33.t8.nodes = 31340
h33.t8.propagations = 31340
h33.t0.stop_reason = aborted
h33.t0.restarts = 7
h33.t0.nogoods_size = 222061
h33.t0.nodes = 10439
h33.t0.propagations = 10439
h33.search_time = 1781
h33.nodes = 518987
h33.propagations = 2524348
h34.t11.stop_reason = unsatisfiable
h34.t11.restarts = 7
h34.t11.nogoods_size = 221810
h34.t11.nodes = 24622
h34.t11.propagations = 24622
h34.t5.stop_reason = unsatisfiable
h34.t5.restarts = 7
h34.t5.nogoods_size = 221810
h34.t5.nodes = 22445
h34.t5.propagations = 22445
h34.t2.stop_reason = unsatisfiable
h34.t2.restarts = 7
h34.t2.nogoods_size = 221810
h34.t2.nodes = 21561
h34.t2.propagations = 21561
h34.t1.stop_reason = unsatisfiable
h34.t1.restarts = 7
h34.t1.nogoods_size = 221810
h34.t1.nodes = 24786
h34.t1.propagations = 24786
h34.t4.stop_reason = unsatisfiable
h34.t4.restarts = 7
h34.t4.nogoods_size = 221810
h34.t4.nodes = 21791
h34.t4.propagations = 21791
h34.t9.stop_reason = unsatisfiable
h34.t9.restarts = 7
h34.t9.nogoods_size = 221810
h34.t9.nodes = 23289
h34.t9.propagations = 23289
h34.t12.stop_reason = unsatisfiable
h34.t12.restarts = 7
h34.t12.nogoods_size = 221810
h34.t12.nodes = 28668
h34.t12.propagations = 28668
h34.t14.stop_reason = unsatisfiable
h34.t14.restarts = 7
h34.t14.nogoods_size = 221810
h34.t14.nodes = 29559
h34.t14.propagations = 29559
h34.t0.stop_reason = aborted
h34.t0.restarts = 7
h34.t0.nogoods_size = 221810
h34.t0.nodes = 11123
h34.t0.propagations = 11123
h34.t10.stop_reason = unsatisfiable
h34.t10.restarts = 7
h34.t10.nogoods_size = 221810
h34.t10.nodes = 26896
h34.t10.propagations = 26896
h34.t15.stop_reason = unsatisfiable
h34.t15.restarts = 7
h34.t15.nogoods_size = 221810
h34.t15.nodes = 26369
h34.t15.propagations = 26369
h34.t7.stop_reason = unsatisfiable
h34.t7.restarts = 7
h34.t7.nogoods_size = 221810
h34.t7.nodes = 28058
h34.t7.propagations = 28058
h34.t13.stop_reason = aborted
h34.t13.restarts = 7
h34.t13.nogoods_size = 221810
h34.t13.nodes = 28286
h34.t13.propagations = 28286
h34.t8.stop_reason = unsatisfiable
h34.t8.restarts = 7
h34.t8.nogoods_size = 221810
h34.t8.nodes = 26932
h34.t8.propagations = 26932
h34.t3.stop_reason = unsatisfiable
h34.t3.restarts = 7
h34.t3.nogoods_size = 221810
h34.t3.nodes = 30324
h34.t3.propagations = 30324
h34.t6.stop_reason = unsatisfiable
h34.t6.restarts = 7
h34.t6.nogoods_size = 221810
h34.t6.nodes = 27067
h34.t6.propagations = 27067
h34.t16.stop_reason = unsatisfiable
h34.t16.restarts = 7
h34.t16.nogoods_size = 221810
h34.t16.nodes = 28104
h34.t16.propagations = 28104
h34.t17.stop_reason = unsatisfiable
h34.t17.restarts = 7
h34.t17.nogoods_size = 221810
h34.t17.nodes = 14582
h34.t17.propagations = 14582
h34.search_time = 1767
h34.nodes = 444462
h34.propagations = 2222559
h35.t14.stop_reason = unsatisfiable
h35.t14.restarts = 7
h35.t14.nogoods_size = 221526
h35.t14.nodes = 25665
h35.t14.propagations = 25665
h35.t5.stop_reason = unsatisfiable
h35.t5.restarts = 7
h35.t5.nogoods_size = 221526
h35.t5.nodes = 25815
h35.t5.propagations = 25815
h35.t10.stop_reason = unsatisfiable
h35.t10.restarts = 7
h35.t10.nogoods_size = 221526
h35.t10.nodes = 30410
h35.t10.propagations = 30410
h35.t12.stop_reason = unsatisfiable
h35.t12.restarts = 7
h35.t12.nogoods_size = 221526
h35.t12.nodes = 28184
h35.t12.propagations = 28184
h35.t16.stop_reason = aborted
h35.t16.restarts = 7
h35.t16.nogoods_size = 221526
h35.t16.nodes = 27931
h35.t16.propagations = 27931
h35.t9.stop_reason = unsatisfiable
h35.t9.restarts = 7
h35.t9.nogoods_size = 221526
h35.t9.nodes = 23029
h35.t9.propagations = 23029
h35.t1.stop_reason = unsatisfiable
h35.t1.restarts = 7
h35.t1.nogoods_size = 221526
h35.t1.nodes = 28376
h35.t1.propagations = 28376
h35.t8.stop_reason = unsatisfiable
h35.t8.restarts = 7
h35.t8.nogoods_size = 221526
h35.t8.nodes = 25117
h35.t8.propagations = 25117
h35.t2.stop_reason = unsatisfiable
h35.t2.restarts = 7
h35.t2.nogoods_size = 221526
h35.t2.nodes = 27597
h35.t2.propagations = 27597
h35.t4.stop_reason = unsatisfiable
h35.t4.restarts = 7
h35.t4.nogoods_size = 221526
h35.t4.nodes = 23127
h35.t4.propagations = 23127
h35.t3.stop_reason = unsatisfiable
h35.t3.restarts = 7
h35.t3.nogoods_size = 221526
h35.t3.nodes = 27598
h35.t3.propagations = 27598
h35.t17.stop_reason = unsatisfiable
h35.t17.restarts = 7
h35.t17.nogoods_size = 221526
h35.t17.nodes = 13555
h35.t17.propagations = 13555
h35.t11.stop_reason = unsatisfiable
h35.t11.restarts = 7
h35.t11.nogoods_size = 221526
h35.t11.nodes = 24948
h35.t11.propagations = 24948
h35.t0.stop_reason = aborted
h35.t0.restarts = 7
h35.t0.nogoods_size = 221526
h35.t0.nodes = 8990
h35.t0.propagations = 8990
h35.t6.stop_reason = unsatisfiable
h35.t6.restarts = 7
h35.t6.nogoods_size = 221526
h35.t6.nodes = 26645
h35.t6.propagations = 26645
h35.t7.stop_reason = unsatisfiable
h35.t7.restarts = 7
h35.t7.nogoods_size = 221526
h35.t7.nodes = 23298
h35.t7.propagations = 23298
h35.t15.stop_reason = unsatisfiable
h35.t15.restarts = 7
h35.t15.nogoods_size = 221526
h35.t15.nodes = 26795
h35.t15.propagations = 26795
h35.t13.stop_reason = unsatisfiable
h35.t13.restarts = 7
h35.t13.nogoods_size = 221526
h35.t13.nodes = 23000
h35.t13.propagations = 23000
h35.search_time = 1757
h35.nodes = 440080
h35.propagations = 2214396
h36.t1.stop_reason = unsatisfiable
h36.t1.restarts = 7
h36.t1.nogoods_size = 221717
h36.t1.nodes = 27229
h36.t1.propagations = 27229
h36.t17.stop_reason = unsatisfiable
h36.t17.restarts = 7
h36.t17.nogoods_size = 221717
h36.t17.nodes = 10802
h36.t17.propagations = 10802
h36.t2.stop_reason = unsatisfiable
h36.t2.restarts = 7
h36.t2.nogoods_size = 221717
h36.t2.nodes = 28423
h36.t2.propagations = 28423
h36.t11.stop_reason = unsatisfiable
h36.t11.restarts = 7
h36.t11.nogoods_size = 221717
h36.t11.nodes = 27821
h36.t11.propagations = 27821
h36.t14.stop_reason = unsatisfiable
h36.t14.restarts = 7
h36.t14.nogoods_size = 221717
h36.t14.nodes = 29973
h36.t14.propagations = 29973
h36.t7.stop_reason = unsatisfiable
h36.t7.restarts = 7
h36.t7.nogoods_size = 221717
h36.t7.nodes = 26837
h36.t7.propagations = 26837
h36.t8.stop_reason = unsatisfiable
h36.t8.restarts = 7
h36.t8.nogoods_size = 221717
h36.t8.nodes = 20927
h36.t8.propagations = 20927
h36.t5.stop_reason = unsatisfiable
h36.t5.restarts = 7
h36.t5.nogoods_size = 221717
h36.t5.nodes = 30990
h36.t5.propagations = 30990
h36.t3.stop_reason = unsatisfiable
h36.t3.restarts = 7
h36.t3.nogoods_size = 221717
h36.t3.nodes = 26784
h36.t3.propagations = 26784
h36.t15.stop_reason = unsatisfiable
h36.t15.restarts = 7
h36.t15.nogoods_size = 221717
h36.t15.nodes = 27936
h36.t15.propagations = 27936
h36.t10.stop_reason = unsatisfiable
h36.t10.restarts = 7
h36.t10.nogoods_size = 221717
h36.t10.nodes = 28699
h36.t10.propagations = 28699
h36.t12.stop_reason = unsatisfiable
h36.t12.restarts = 7
h36.t12.nogoods_size = 221717
h36.t12.nodes = 23958
h36.t12.propagations = 23958
h36.t16.stop_reason = unsatisfiable
h36.t16.restarts = 7
h36.t16.nogoods_size = 221717
h36.t16.nodes = 27538
h36.t16.propagations = 27538
h36.t6.stop_reason = unsatisfiable
h36.t6.restarts = 7
h36.t6.nogoods_size = 221717
h36.t6.nodes = 25358
h36.t6.propagations = 25358
h36.t9.stop_reason = unsatisfiable
h36.t9.restarts = 7
h36.t9.nogoods_size = 221717
h36.t9.nodes = 27922
h36.t9.propagations = 27922
h36.t0.stop_reason = aborted
h36.t0.restarts = 7
h36.t0.nogoods_size = 221717
h36.t0.nodes = 10013
h36.t0.propagations = 10013
h36.t13.stop_reason = unsatisfiable
h36.t13.restarts = 7
h36.t13.nogoods_size = 221717
h36.t13.nodes = 28537
h36.t13.propagations = 28537
h36.t4.stop_reason = unsatisfiable
h36.t4.restarts = 7
h36.t4.nogoods_size = 221717
h36.t4.nodes = 25821
h36.t4.propagations = 25821
h36.search_time = 1759
h36.nodes = 455568
h36.propagations = 2234055
h37.t17.stop_reason = unsatisfiable
h37.t17.restarts = 7
h37.t17.nogoods_size = 221658
h37.t17.nodes = 12135
h37.t17.propagations = 12135
h37.t0.stop_reason = aborted
h37.t0.restarts = 7
h37.t0.nogoods_size = 221658
h37.t0.nodes = 8575
h37.t0.propagations = 8575
h37.t15.stop_reason = unsatisfiable
h37.t15.restarts = 7
h37.t15.nogoods_size = 221658
h37.t15.nodes = 25757
h37.t15.propagations = 25757
h37.t1.stop_reason = aborted
h37.t1.restarts = 7
h37.t1.nogoods_size = 221658
h37.t1.nodes = 29318
h37.t1.propagations = 29318
h37.t12.stop_reason = aborted
h37.t12.restarts = 7
h37.t12.nogoods_size = 221658
h37.t12.nodes = 28037
h37.t12.propagations = 28037
h37.t6.stop_reason = unsatisfiable
h37.t6.restarts = 7
h37.t6.nogoods_size = 221658
h37.t6.nodes = 28328
h37.t6.propagations = 28328
h37.t11.stop_reason = unsatisfiable
h37.t11.restarts = 7
h37.t11.nogoods_size = 221658
h37.t11.nodes = 27323
h37.t11.propagations = 27323
h37.t10.stop_reason = unsatisfiable
h37.t10.restarts = 7
h37.t10.nogoods_size = 221658
h37.t10.nodes = 30221
h37.t10.propagations = 30221
h37.t8.stop_reason = unsatisfiable
h37.t8.restarts = 7
h37.t8.nogoods_size = 221658
h37.t8.nodes = 26986
h37.t8.propagations = 26986
h37.t2.stop_reason = unsatisfiable
h37.t2.restarts = 7
h37.t2.nogoods_size = 221658
h37.t2.nodes = 26053
h37.t2.propagations = 26053
h37.t5.stop_reason = unsatisfiable
h37.t5.restarts = 7
h37.t5.nogoods_size = 221658
h37.t5.nodes = 26953
h37.t5.propagations = 26953
h37.t16.stop_reason = unsatisfiable
h37.t16.restarts = 7
h37.t16.nogoods_size = 221658
h37.t16.nodes = 29868
h37.t16.propagations = 29868
h37.t14.stop_reason = unsatisfiable
h37.t14.restarts = 7
h37.t14.nogoods_size = 221658
h37.t14.nodes = 30894
h37.t14.propagations = 30894
h37.t7.stop_reason = unsatisfiable
h37.t7.restarts = 7
h37.t7.nogoods_size = 221658
h37.t7.nodes = 25328
h37.t7.propagations = 25328
h37.t9.stop_reason = unsatisfiable
h37.t9.restarts = 7
h37.t9.nogoods_size = 221658
h37.t9.nodes = 28254
h37.t9.propagations = 28254
h37.t3.stop_reason = unsatisfiable
h37.t3.restarts = 7
h37.t3.nogoods_size = 221658
h37.t3.nodes = 19478
h37.t3.propagations = 19478
h37.t13.stop_reason = unsatisfiable
h37.t13.restarts = 7
h37.t13.nogoods_size = 221658
h37.t13.nodes = 28483
h37.t13.propagations = 28483
h37.t4.stop_reason = unsatisfiable
h37.t4.restarts = 7
h37.t4.nogoods_size = 221658
h37.t4.nodes = 26265
h37.t4.propagations = 26265
h37.search_time = 1762
h37.nodes = 458256
h37.propagations = 2294649
h38.t9.stop_reason = unsatisfiable
h38.t9.restarts = 7
h38.t9.nogoods_size = 221644
h38.t9.nodes = 27292
h38.t9.propagations = 27292
h38.t16.stop_reason = unsatisfiable
h38.t16.restarts = 7
h38.t16.nogoods_size = 221644
h38.t16.nodes = 33797
h38.t16.propagations = 33797
h38.t8.stop_reason = unsatisfiable
h38.t8.restarts = 7
h38.t8.nogoods_size = 221644
h38.t8.nodes = 28849
h38.t8.propagations = 28849
h38.t17.stop_reason = unsatisfiable
h38.t17.restarts = 7
h38.t17.nogoods_size = 221644
h38.t17.nodes = 12389
h38.t17.propagations = 12389
h38.t11.stop_reason = unsatisfiable
h38.t11.restarts = 7
h38.t11.nogoods_size = 221644
h38.t11.nodes = 28325
h38.t11.propagations = 28325
h38.t3.stop_reason = unsatisfiable
h38.t3.restarts = 7
h38.t3.nogoods_size = 221644
h38.t3.nodes = 25498
h38.t3.propagations = 25498
h38.t10.stop_reason = unsatisfiable
h38.t10.restarts = 7
h38.t10.nogoods_size = 221644
h38.t10.nodes = 28145
h38.t10.propagations = 28145
h38.t2.stop_reason = unsatisfiable
h38.t2.restarts = 7
h38.t2.nogoods_size = 221644
h38.t2.nodes = 28898
h38.t2.propagations = 28898
h38.t13.stop_reason = unsatisfiable
h38.t13.restarts = 7
h38.t13.nogoods_size = 221644
h38.t13.nodes = 34323
h38.t13.propagations = 34323
h38.t12.stop_reason = unsatisfiable
h38.t12.restarts = 7
h38.t12.nogoods_size = 221644
h38.t12.nodes = 33345
h38.t12.propagations = 33345
h38.t5.stop_reason = unsatisfiable
h38.t5.restarts = 7
h38.t5.nogoods_size = 221644
h38.t5.nodes = 28482
h38.t5.propagations = 28482
h38.t14.stop_reason = unsatisfiable
h38.t14.restarts = 7
h38.t14.nogoods_size = 221644
h38.t14.nodes = 30865
h38.t14.propagations = 30865
h38.t7.stop_reason = unsatisfiable
h38.t7.restarts = 7
h38.t7.nogoods_size = 221644
h38.t7.nodes = 27052
h38.t7.propagations = 27052
h38.t0.stop_reason = aborted
h38.t0.restarts = 7
h38.t0.nogoods_size = 221644
h38.t0.nodes = 10371
h38.t0.propagations = 10371
h38.t15.stop_reason = unsatisfiable
h38.t15.restarts = 7
h38.t15.nogoods_size = 221644
h38.t15.nodes = 28015
h38.t15.propagations = 28015
h38.t4.stop_reason = unsatisfiable
h38.t4.restarts = 7
h38.t4.nogoods_size = 221644
h38.t4.nodes = 29027
h38.t4.propagations = 29027
h38.t1.stop_reason = unsatisfiable
h38.t1.restarts = 7
h38.t1.nogoods_size = 221644
h38.t1.nodes = 30377
h38.t1.propagations = 30377
h38.t6.stop_reason = unsatisfiable
h38.t6.restarts = 7
h38.t6.nogoods_size = 221644
h38.t6.nodes = 27702
h38.t6.propagations = 27702
h38.search_time = 1781
h38.nodes = 492752
h38.propagations = 2469923
h39.t3.stop_reason = unsatisfiable
h39.t3.restarts = 7
h39.t3.nogoods_size = 221563
h39.t3.nodes = 28105
h39.t3.propagations = 28105
h39.t11.stop_reason = unsatisfiable
h39.t11.restarts = 7
h39.t11.nogoods_size = 221563
h39.t11.nodes = 29592
h39.t11.propagations = 29592
h39.t4.stop_reason = unsatisfiable
h39.t4.restarts = 7
h39.t4.nogoods_size = 221563
h39.t4.nodes = 27455
h39.t4.propagations = 27455
h39.t13.stop_reason = unsatisfiable
h39.t13.restarts = 7
h39.t13.nogoods_size = 221563
h39.t13.nodes = 30368
h39.t13.propagations = 30368
h39.t2.stop_reason = unsatisfiable
h39.t2.restarts = 7
h39.t2.nogoods_size = 221563
h39.t2.nodes = 31139
h39.t2.propagations = 31139
h39.t9.stop_reason = unsatisfiable
h39.t9.restarts = 7
h39.t9.nogoods_size = 221563
h39.t9.nodes = 31137
h39.t9.propagations = 31137
h39.t16.stop_reason = unsatisfiable
h39.t16.restarts = 7
h39.t16.nogoods_size = 221563
h39.t16.nodes = 30298
h39.t16.propagations = 30298
h39.t6.stop_reason = unsatisfiable
h39.t6.restarts = 7
h39.t6.nogoods_size = 221563
h39.t6.nodes = 28432
h39.t6.propagations = 28432
h39.t17.stop_reason = unsatisfiable
h39.t17.restarts = 7
h39.t17.nogoods_size = 221563
h39.t17.nodes = 13908
h39.t17.propagations = 13908
h39.t14.stop_reason = unsatisfiable
h39.t14.restarts = 7
h39.t14.nogoods_size = 221563
h39.t14.nodes = 29164
h39.t14.propagations = 29164
h39.t5.stop_reason = unsatisfiable
h39.t5.restarts = 7
h39.t5.nogoods_size = 221563
h39.t5.nodes = 27599
h39.t5.propagations = 27599
h39.t15.stop_reason = unsatisfiable
h39.t15.restarts = 7
h39.t15.nogoods_size = 221563
h39.t15.nodes = 28730
h39.t15.propagations = 28730
h39.t8.stop_reason = unsatisfiable
h39.t8.restarts = 7
h39.t8.nogoods_size = 221563
h39.t8.nodes = 27821
h39.t8.propagations = 27821
h39.t12.stop_reason = unsatisfiable
h39.t12.restarts = 7
h39.t12.nogoods_size = 221563
h39.t12.nodes = 32386
h39.t12.propagations = 32386
h39.t1.stop_reason = unsatisfiable
h39.t1.restarts = 7
h39.t1.nogoods_size = 221563
h39.t1.nodes = 31636
h39.t1.propagations = 31636
h39.t7.stop_reason = unsatisfiable
h39.t7.restarts = 7
h39.t7.nogoods_size = 221563
h39.t7.nodes = 27639
h39.t7.propagations = 27639
h39.t10.stop_reason = unsatisfiable
h39.t10.restarts = 7
h39.t10.nogoods_size = 221563
h39.t10.nodes = 29439
h39.t10.propagations = 29439
h39.t0.stop_reason = unsatisfiable
h39.t0.restarts = 7
h39.t0.nogoods_size = 221563
h39.t0.nodes = 11607
h39.t0.propagations = 11607
h39.search_time = 1781
h39.nodes = 496455
h39.propagations = 2389891
