hostname = r1i2n19
commandline = ../glasgow/mpi_solve_subgraph_isomorphism --timeout 1000 --format lad --geometric-restarts=1.0 --restarts-constant=100000 --restart-timer=100 --triggered-restarts --threads 18 --value-ordering=biased ../instances/phase/phase-30-150-0.42-0.46-0.50-4-pattern ../instances/phase/phase-30-150-0.42-0.46-0.50-4-target
started_at = 2018-11-29 05:01:34
pattern_file = ../instances/phase/phase-30-150-0.42-0.46-0.50-4-pattern
target_file = ../instances/phase/phase-30-150-0.42-0.46-0.50-4-target
status = false
nodes = 5610478517
propagations = 15201130397
runtime = 80290
h0.t5.restarts = 286
h0.t5.nogoods_size = 4567819
h0.t5.nodes = 7696868
h0.t5.propagations = 7696868
h0.t4.restarts = 286
h0.t4.nogoods_size = 4567819
h0.t4.nodes = 7645276
h0.t4.propagations = 7645276
h0.t1.restarts = 286
h0.t1.nogoods_size = 4567819
h0.t1.nodes = 7655472
h0.t1.propagations = 7655472
h0.t15.restarts = 286
h0.t15.nogoods_size = 4567819
h0.t15.nodes = 7683536
h0.t15.propagations = 7683536
h0.t17.restarts = 286
h0.t17.nogoods_size = 4567819
h0.t17.nodes = 4640266
h0.t17.propagations = 4640266
h0.t10.restarts = 286
h0.t10.nogoods_size = 4567819
h0.t10.nodes = 7661620
h0.t10.propagations = 7661620
h0.t13.restarts = 286
h0.t13.nogoods_size = 4567819
h0.t13.nodes = 7804007
h0.t13.propagations = 7804007
h0.t12.restarts = 286
h0.t12.nogoods_size = 4567819
h0.t12.nodes = 7809649
h0.t12.propagations = 7809649
h0.t14.restarts = 286
h0.t14.nogoods_size = 4567819
h0.t14.nodes = 7768399
h0.t14.propagations = 7768399
h0.t2.restarts = 286
h0.t2.nogoods_size = 4567819
h0.t2.nodes = 7761832
h0.t2.propagations = 7761832
h0.t0.restarts = 286
h0.t0.nogoods_size = 4567819
h0.t0.nodes = 3700716
h0.t0.propagations = 3700716
h0.t8.restarts = 286
h0.t8.nogoods_size = 4567819
h0.t8.nodes = 7703750
h0.t8.propagations = 7703750
h0.t6.restarts = 286
h0.t6.nogoods_size = 4567819
h0.t6.nodes = 7673826
h0.t6.propagations = 7673826
h0.t7.restarts = 286
h0.t7.nogoods_size = 4567819
h0.t7.nodes = 7631221
h0.t7.propagations = 7631221
h0.t9.restarts = 286
h0.t9.nogoods_size = 4567819
h0.t9.nodes = 7684757
h0.t9.propagations = 7684757
h0.t11.restarts = 286
h0.t11.nogoods_size = 4567819
h0.t11.nodes = 7685446
h0.t11.propagations = 7685446
h0.t3.restarts = 286
h0.t3.nogoods_size = 4567819
h0.t3.nodes = 7814681
h0.t3.propagations = 7814681
h0.t16.restarts = 286
h0.t16.nogoods_size = 4567819
h0.t16.nodes = 7778244
h0.t16.propagations = 7778244
h0.search_time = 66721
h0.nodes = 131799566
h0.propagations = 356957410
h1.t13.restarts = 286
h1.t13.nogoods_size = 4567620
h1.t13.nodes = 7671484
h1.t13.propagations = 7671484
h1.t12.restarts = 286
h1.t12.nogoods_size = 4567620
h1.t12.nodes = 7732130
h1.t12.propagations = 7732130
h1.t7.restarts = 286
h1.t7.nogoods_size = 4567620
h1.t7.nodes = 7702600
h1.t7.propagations = 7702600
h1.t8.restarts = 286
h1.t8.nogoods_size = 4567620
h1.t8.nodes = 7725047
h1.t8.propagations = 7725047
h1.t11.restarts = 286
h1.t11.nogoods_size = 4567620
h1.t11.nodes = 7688524
h1.t11.propagations = 7688524
h1.t6.restarts = 286
h1.t6.nogoods_size = 4567620
h1.t6.nodes = 7787623
h1.t6.propagations = 7787623
h1.t5.restarts = 286
h1.t5.nogoods_size = 4567620
h1.t5.nodes = 7605741
h1.t5.propagations = 7605741
h1.t15.restarts = 286
h1.t15.nogoods_size = 4567620
h1.t15.nodes = 7672369
h1.t15.propagations = 7672369
h1.t9.restarts = 286
h1.t9.nogoods_size = 4567620
h1.t9.nodes = 7739705
h1.t9.propagations = 7739705
h1.t14.restarts = 286
h1.t14.nogoods_size = 4567620
h1.t14.nodes = 7697717
h1.t14.propagations = 7697717
h1.t16.restarts = 286
h1.t16.nogoods_size = 4567620
h1.t16.nodes = 7880350
h1.t16.propagations = 7880350
h1.t10.restarts = 286
h1.t10.nogoods_size = 4567620
h1.t10.nodes = 7742567
h1.t10.propagations = 7742567
h1.t17.restarts = 286
h1.t17.nogoods_size = 4567620
h1.t17.nodes = 4535452
h1.t17.propagations = 4535452
h1.t3.restarts = 286
h1.t3.nogoods_size = 4567620
h1.t3.nodes = 7830319
h1.t3.propagations = 7830319
h1.t0.restarts = 286
h1.t0.nogoods_size = 4567620
h1.t0.nodes = 3733959
h1.t0.propagations = 3733959
h1.t2.restarts = 286
h1.t2.nogoods_size = 4567620
h1.t2.nodes = 7742328
h1.t2.propagations = 7742328
h1.t1.restarts = 286
h1.t1.nogoods_size = 4567620
h1.t1.nodes = 7616536
h1.t1.propagations = 7616536
h1.t4.restarts = 286
h1.t4.nogoods_size = 4567620
h1.t4.nodes = 7644376
h1.t4.propagations = 7644376
h1.search_time = 66730
h1.nodes = 131748827
h1.propagations = 356845326
h2.t15.restarts = 286
h2.t15.nogoods_size = 4568193
h2.t15.nodes = 7731595
h2.t15.propagations = 7731595
h2.t11.restarts = 286
h2.t11.nogoods_size = 4568193
h2.t11.nodes = 7774819
h2.t11.propagations = 7774819
h2.t14.restarts = 286
h2.t14.nogoods_size = 4568193
h2.t14.nodes = 7870505
h2.t14.propagations = 7870505
h2.t1.restarts = 286
h2.t1.nogoods_size = 4568193
h2.t1.nodes = 7922104
h2.t1.propagations = 7922104
h2.t17.restarts = 286
h2.t17.nogoods_size = 4568193
h2.t17.nodes = 4508668
h2.t17.propagations = 4508668
h2.t7.restarts = 286
h2.t7.nogoods_size = 4568193
h2.t7.nodes = 7672977
h2.t7.propagations = 7672977
h2.t4.restarts = 286
h2.t4.nogoods_size = 4568193
h2.t4.nodes = 7754689
h2.t4.propagations = 7754689
h2.t9.restarts = 286
h2.t9.nogoods_size = 4568193
h2.t9.nodes = 7740476
h2.t9.propagations = 7740476
h2.t3.restarts = 286
h2.t3.nogoods_size = 4568193
h2.t3.nodes = 7774073
h2.t3.propagations = 7774073
h2.t5.restarts = 286
h2.t5.nogoods_size = 4568193
h2.t5.nodes = 7723067
h2.t5.propagations = 7723067
h2.t13.restarts = 286
h2.t13.nogoods_size = 4568193
h2.t13.nodes = 7758614
h2.t13.propagations = 7758614
h2.t12.restarts = 286
h2.t12.nogoods_size = 4568193
h2.t12.nodes = 7714163
h2.t12.propagations = 7714163
h2.t8.restarts = 286
h2.t8.nogoods_size = 4568193
h2.t8.nodes = 7705124
h2.t8.propagations = 7705124
h2.t2.restarts = 286
h2.t2.nogoods_size = 4568193
h2.t2.nodes = 7770109
h2.t2.propagations = 7770109
h2.t6.restarts = 286
h2.t6.nogoods_size = 4568193
h2.t6.nodes = 7744762
h2.t6.propagations = 7744762
h2.t0.restarts = 286
h2.t0.nogoods_size = 4568193
h2.t0.nodes = 3767407
h2.t0.propagations = 3767407
h2.t16.restarts = 286
h2.t16.nogoods_size = 4568193
h2.t16.nodes = 8065192
h2.t16.propagations = 8065192
h2.t10.restarts = 286
h2.t10.nogoods_size = 4568193
h2.t10.nodes = 7743318
h2.t10.propagations = 7743318
h2.search_time = 66727
h2.nodes = 132741662
h2.propagations = 359688431
h3.t17.restarts = 286
h3.t17.nogoods_size = 4568799
h3.t17.nodes = 4529447
h3.t17.propagations = 4529447
h3.t8.restarts = 286
h3.t8.nogoods_size = 4568799
h3.t8.nodes = 7751413
h3.t8.propagations = 7751413
h3.t4.restarts = 286
h3.t4.nogoods_size = 4568799
h3.t4.nodes = 7648210
h3.t4.propagations = 7648210
h3.t7.restarts = 286
h3.t7.nogoods_size = 4568799
h3.t7.nodes = 7793304
h3.t7.propagations = 7793304
h3.t13.restarts = 286
h3.t13.nogoods_size = 4568799
h3.t13.nodes = 7801439
h3.t13.propagations = 7801439
h3.t2.restarts = 286
h3.t2.nogoods_size = 4568799
h3.t2.nodes = 7718239
h3.t2.propagations = 7718239
h3.t3.restarts = 286
h3.t3.nogoods_size = 4568799
h3.t3.nodes = 7682552
h3.t3.propagations = 7682552
h3.t11.restarts = 286
h3.t11.nogoods_size = 4568799
h3.t11.nodes = 7819891
h3.t11.propagations = 7819891
h3.t1.restarts = 286
h3.t1.nogoods_size = 4568799
h3.t1.nodes = 7727368
h3.t1.propagations = 7727368
h3.t14.restarts = 286
h3.t14.nogoods_size = 4568799
h3.t14.nodes = 7737868
h3.t14.propagations = 7737868
h3.t9.restarts = 286
h3.t9.nogoods_size = 4568799
h3.t9.nodes = 7623804
h3.t9.propagations = 7623804
h3.t12.restarts = 286
h3.t12.nogoods_size = 4568799
h3.t12.nodes = 7707997
h3.t12.propagations = 7707997
h3.t6.restarts = 286
h3.t6.nogoods_size = 4568799
h3.t6.nodes = 7752441
h3.t6.propagations = 7752441
h3.t10.restarts = 286
h3.t10.nogoods_size = 4568799
h3.t10.nodes = 7730453
h3.t10.propagations = 7730453
h3.t16.restarts = 286
h3.t16.nogoods_size = 4568799
h3.t16.nodes = 7861235
h3.t16.propagations = 7861235
h3.t15.restarts = 286
h3.t15.nogoods_size = 4568799
h3.t15.nodes = 7766660
h3.t15.propagations = 7766660
h3.t0.restarts = 286
h3.t0.nogoods_size = 4568799
h3.t0.nodes = 3689637
h3.t0.propagations = 3689637
h3.t5.restarts = 286
h3.t5.nogoods_size = 4568799
h3.t5.nodes = 7685237
h3.t5.propagations = 7685237
h3.search_time = 66724
h3.nodes = 132027195
h3.propagations = 357756966
h4.t11.restarts = 286
h4.t11.nogoods_size = 4569359
h4.t11.nodes = 8724980
h4.t11.propagations = 8724980
h4.t16.restarts = 286
h4.t16.nogoods_size = 4569359
h4.t16.nodes = 8765200
h4.t16.propagations = 8765200
h4.t10.restarts = 286
h4.t10.nogoods_size = 4569359
h4.t10.nodes = 8794712
h4.t10.propagations = 8794712
h4.t1.restarts = 286
h4.t1.nogoods_size = 4569359
h4.t1.nodes = 8761383
h4.t1.propagations = 8761383
h4.t4.restarts = 286
h4.t4.nogoods_size = 4569359
h4.t4.nodes = 8714895
h4.t4.propagations = 8714895
h4.t3.restarts = 286
h4.t3.nogoods_size = 4569359
h4.t3.nodes = 8813241
h4.t3.propagations = 8813241
h4.t7.restarts = 286
h4.t7.nogoods_size = 4569359
h4.t7.nodes = 8780956
h4.t7.propagations = 8780956
h4.t6.restarts = 286
h4.t6.nogoods_size = 4569359
h4.t6.nodes = 8820815
h4.t6.propagations = 8820815
h4.t17.restarts = 286
h4.t17.nogoods_size = 4569359
h4.t17.nodes = 4486773
h4.t17.propagations = 4486773
h4.t9.restarts = 286
h4.t9.nogoods_size = 4569359
h4.t9.nodes = 8752097
h4.t9.propagations = 8752097
h4.t14.restarts = 286
h4.t14.nogoods_size = 4569359
h4.t14.nodes = 8781127
h4.t14.propagations = 8781127
h4.t5.restarts = 286
h4.t5.nogoods_size = 4569359
h4.t5.nodes = 8679298
h4.t5.propagations = 8679298
h4.t2.restarts = 286
h4.t2.nogoods_size = 4569359
h4.t2.nodes = 8774064
h4.t2.propagations = 8774064
h4.t8.restarts = 286
h4.t8.nogoods_size = 4569359
h4.t8.nodes = 8829840
h4.t8.propagations = 8829840
h4.t15.restarts = 286
h4.t15.nogoods_size = 4569359
h4.t15.nodes = 8827468
h4.t15.propagations = 8827468
h4.t0.restarts = 286
h4.t0.nogoods_size = 4569359
h4.t0.nodes = 3590696
h4.t0.propagations = 3590696
h4.t13.restarts = 286
h4.t13.nogoods_size = 4569359
h4.t13.nodes = 8825129
h4.t13.propagations = 8825129
h4.t12.restarts = 286
h4.t12.nogoods_size = 4569359
h4.t12.nodes = 8723289
h4.t12.propagations = 8723289
h4.search_time = 66732
h4.nodes = 148445963
h4.propagations = 402160109
h5.t17.restarts = 286
h5.t17.nogoods_size = 4570256
h5.t17.nodes = 4489488
h5.t17.propagations = 4489488
h5.t0.restarts = 286
h5.t0.nogoods_size = 4570256
h5.t0.nodes = 3527357
h5.t0.propagations = 3527357
h5.t10.restarts = 286
h5.t10.nogoods_size = 4570256
h5.t10.nodes = 8645190
h5.t10.propagations = 8645190
h5.t4.restarts = 286
h5.t4.nogoods_size = 4570256
h5.t4.nodes = 8668814
h5.t4.propagations = 8668814
h5.t1.restarts = 286
h5.t1.nogoods_size = 4570256
h5.t1.nodes = 8651597
h5.t1.propagations = 8651597
h5.t6.restarts = 286
h5.t6.nogoods_size = 4570256
h5.t6.nodes = 8629457
h5.t6.propagations = 8629457
h5.t8.restarts = 286
h5.t8.nogoods_size = 4570256
h5.t8.nodes = 8564516
h5.t8.propagations = 8564516
h5.t16.restarts = 286
h5.t16.nogoods_size = 4570256
h5.t16.nodes = 8706990
h5.t16.propagations = 8706990
h5.t15.restarts = 286
h5.t15.nogoods_size = 4570256
h5.t15.nodes = 8608874
h5.t15.propagations = 8608874
h5.t5.restarts = 286
h5.t5.nogoods_size = 4570256
h5.t5.nodes = 8612549
h5.t5.propagations = 8612549
h5.t11.restarts = 286
h5.t11.nogoods_size = 4570256
h5.t11.nodes = 8594147
h5.t11.propagations = 8594147
h5.t7.restarts = 286
h5.t7.nogoods_size = 4570256
h5.t7.nodes = 8617850
h5.t7.propagations = 8617850
h5.t13.restarts = 286
h5.t13.nogoods_size = 4570256
h5.t13.nodes = 8618834
h5.t13.propagations = 8618834
h5.t14.restarts = 286
h5.t14.nogoods_size = 4570256
h5.t14.nodes = 8582113
h5.t14.propagations = 8582113
h5.t9.restarts = 286
h5.t9.nogoods_size = 4570256
h5.t9.nodes = 8545426
h5.t9.propagations = 8545426
h5.t12.restarts = 286
h5.t12.nogoods_size = 4570256
h5.t12.nodes = 8688388
h5.t12.propagations = 8688388
h5.t2.restarts = 286
h5.t2.nogoods_size = 4570256
h5.t2.nodes = 8618969
h5.t2.propagations = 8618969
h5.t3.restarts = 286
h5.t3.nogoods_size = 4570256
h5.t3.nodes = 8595518
h5.t3.propagations = 8595518
h5.search_time = 66731
h5.nodes = 145966077
h5.propagations = 395519055
h6.t6.restarts = 286
h6.t6.nogoods_size = 4567453
h6.t6.nodes = 7671082
h6.t6.propagations = 7671082
h6.t13.restarts = 286
h6.t13.nogoods_size = 4567453
h6.t13.nodes = 7767863
h6.t13.propagations = 7767863
h6.t8.restarts = 286
h6.t8.nogoods_size = 4567453
h6.t8.nodes = 7725643
h6.t8.propagations = 7725643
h6.t17.restarts = 286
h6.t17.nogoods_size = 4567453
h6.t17.nodes = 4516819
h6.t17.propagations = 4516819
h6.t5.restarts = 286
h6.t5.nogoods_size = 4567453
h6.t5.nodes = 7691703
h6.t5.propagations = 7691703
h6.t2.restarts = 286
h6.t2.nogoods_size = 4567453
h6.t2.nodes = 7664127
h6.t2.propagations = 7664127
h6.t14.restarts = 286
h6.t14.nogoods_size = 4567453
h6.t14.nodes = 7790523
h6.t14.propagations = 7790523
h6.t1.restarts = 286
h6.t1.nogoods_size = 4567453
h6.t1.nodes = 7752370
h6.t1.propagations = 7752370
h6.t15.restarts = 286
h6.t15.nogoods_size = 4567453
h6.t15.nodes = 7833187
h6.t15.propagations = 7833187
h6.t4.restarts = 286
h6.t4.nogoods_size = 4567453
h6.t4.nodes = 7790711
h6.t4.propagations = 7790711
h6.t9.restarts = 286
h6.t9.nogoods_size = 4567453
h6.t9.nodes = 7824335
h6.t9.propagations = 7824335
h6.t11.restarts = 286
h6.t11.nogoods_size = 4567453
h6.t11.nodes = 7864823
h6.t11.propagations = 7864823
h6.t10.restarts = 286
h6.t10.nogoods_size = 4567453
h6.t10.nodes = 7701823
h6.t10.propagations = 7701823
h6.t16.restarts = 286
h6.t16.nogoods_size = 4567453
h6.t16.nodes = 7886007
h6.t16.propagations = 7886007
h6.t7.restarts = 286
h6.t7.nogoods_size = 4567453
h6.t7.nodes = 7703129
h6.t7.propagations = 7703129
h6.t0.restarts = 286
h6.t0.nogoods_size = 4567453
h6.t0.nodes = 3720274
h6.t0.propagations = 3720274
h6.t3.restarts = 286
h6.t3.nogoods_size = 4567453
h6.t3.nodes = 7770612
h6.t3.propagations = 7770612
h6.t12.restarts = 286
h6.t12.nogoods_size = 4567453
h6.t12.nodes = 7696980
h6.t12.propagations = 7696980
h6.search_time = 66722
h6.nodes = 132372011
h6.propagations = 358746423
h7.t12.restarts = 286
h7.t12.nogoods_size = 4566237
h7.t12.nodes = 7703986
h7.t12.propagations = 7703986
h7.t9.restarts = 286
h7.t9.nogoods_size = 4566237
h7.t9.nodes = 7771719
h7.t9.propagations = 7771719
h7.t17.restarts = 286
h7.t17.nogoods_size = 4566237
h7.t17.nodes = 4538329
h7.t17.propagations = 4538329
h7.t14.restarts = 286
h7.t14.nogoods_size = 4566237
h7.t14.nodes = 7757491
h7.t14.propagations = 7757491
h7.t16.restarts = 286
h7.t16.nogoods_size = 4566237
h7.t16.nodes = 7772228
h7.t16.propagations = 7772228
h7.t2.restarts = 286
h7.t2.nogoods_size = 4566237
h7.t2.nodes = 7694782
h7.t2.propagations = 7694782
h7.t8.restarts = 286
h7.t8.nogoods_size = 4566237
h7.t8.nodes = 7757827
h7.t8.propagations = 7757827
h7.t13.restarts = 286
h7.t13.nogoods_size = 4566237
h7.t13.nodes = 7799174
h7.t13.propagations = 7799174
h7.t11.restarts = 286
h7.t11.nogoods_size = 4566237
h7.t11.nodes = 7735306
h7.t11.propagations = 7735306
h7.t15.restarts = 286
h7.t15.nogoods_size = 4566237
h7.t15.nodes = 7799397
h7.t15.propagations = 7799397
h7.t1.restarts = 286
h7.t1.nogoods_size = 4566237
h7.t1.nodes = 7812064
h7.t1.propagations = 7812064
h7.t3.restarts = 286
h7.t3.nogoods_size = 4566237
h7.t3.nodes = 7715679
h7.t3.propagations = 7715679
h7.t4.restarts = 286
h7.t4.nogoods_size = 4566237
h7.t4.nodes = 7916613
h7.t4.propagations = 7916613
h7.t5.restarts = 286
h7.t5.nogoods_size = 4566237
h7.t5.nodes = 7763552
h7.t5.propagations = 7763552
h7.t7.restarts = 286
h7.t7.nogoods_size = 4566237
h7.t7.nodes = 7763651
h7.t7.propagations = 7763651
h7.t10.restarts = 286
h7.t10.nogoods_size = 4566237
h7.t10.nodes = 7741640
h7.t10.propagations = 7741640
h7.t0.restarts = 286
h7.t0.nogoods_size = 4566237
h7.t0.nodes = 3754541
h7.t0.propagations = 3754541
h7.t6.restarts = 286
h7.t6.nogoods_size = 4566237
h7.t6.nodes = 7746472
h7.t6.propagations = 7746472
h7.search_time = 66725
h7.nodes = 132544451
h7.propagations = 359223988
h8.t8.stop_reason = aborted
h8.t8.restarts = 286
h8.t8.nogoods_size = 4567681
h8.t8.nodes = 8695237
h8.t8.propagations = 8695237
h8.t16.stop_reason = aborted
h8.t16.restarts = 286
h8.t16.nogoods_size = 4567681
h8.t16.nodes = 8710650
h8.t16.propagations = 8710650
h8.t15.stop_reason = aborted
h8.t15.restarts = 286
h8.t15.nogoods_size = 4567681
h8.t15.nodes = 8638134
h8.t15.propagations = 8638134
h8.t9.stop_reason = aborted
h8.t9.restarts = 286
h8.t9.nogoods_size = 4567681
h8.t9.nodes = 8718928
h8.t9.propagations = 8718928
h8.t10.stop_reason = aborted
h8.t10.restarts = 286
h8.t10.nogoods_size = 4567681
h8.t10.nodes = 8644861
h8.t10.propagations = 8644861
h8.t6.stop_reason = aborted
h8.t6.restarts = 286
h8.t6.nogoods_size = 4567681
h8.t6.nodes = 8685583
h8.t6.propagations = 8685583
h8.t3.stop_reason = aborted
h8.t3.restarts = 286
h8.t3.nogoods_size = 4567681
h8.t3.nodes = 8796730
h8.t3.propagations = 8796730
h8.t5.stop_reason = aborted
h8.t5.restarts = 286
h8.t5.nogoods_size = 4567681
h8.t5.nodes = 8751337
h8.t5.propagations = 8751337
h8.t13.stop_reason = aborted
h8.t13.restarts = 286
h8.t13.nogoods_size = 4567681
h8.t13.nodes = 8684065
h8.t13.propagations = 8684065
h8.t2.stop_reason = aborted
h8.t2.restarts = 286
h8.t2.nogoods_size = 4567681
h8.t2.nodes = 8813098
h8.t2.propagations = 8813098
h8.t11.stop_reason = aborted
h8.t11.restarts = 286
h8.t11.nogoods_size = 4567681
h8.t11.nodes = 8704915
h8.t11.propagations = 8704915
h8.t12.stop_reason = aborted
h8.t12.restarts = 286
h8.t12.nogoods_size = 4567681
h8.t12.nodes = 8659152
h8.t12.propagations = 8659152
h8.t4.stop_reason = aborted
h8.t4.restarts = 286
h8.t4.nogoods_size = 4567681
h8.t4.nodes = 8675728
h8.t4.propagations = 8675728
h8.t17.stop_reason = aborted
h8.t17.restarts = 286
h8.t17.nogoods_size = 4567681
h8.t17.nodes = 4545487
h8.t17.propagations = 4545487
h8.t14.stop_reason = aborted
h8.t14.restarts = 286
h8.t14.nogoods_size = 4567681
h8.t14.nodes = 8688341
h8.t14.propagations = 8688341
h8.t1.stop_reason = aborted
h8.t1.restarts = 286
h8.t1.nogoods_size = 4567681
h8.t1.nodes = 8642632
h8.t1.propagations = 8642632
h8.t7.stop_reason = unsatisfiable
h8.t7.restarts = 286
h8.t7.nogoods_size = 4567681
h8.t7.nodes = 8750388
h8.t7.propagations = 8750388
h8.t0.stop_reason = aborted
h8.t0.restarts = 286
h8.t0.nogoods_size = 4567681
h8.t0.nodes = 3578764
h8.t0.propagations = 3578764
h8.search_time = 66725
h8.nodes = 147384030
h8.propagations = 399467518
h9.t6.stop_reason = aborted
h9.t6.restarts = 286
h9.t6.nogoods_size = 4567540
h9.t6.nodes = 8573397
h9.t6.propagations = 8573397
h9.t14.stop_reason = aborted
h9.t14.restarts = 286
h9.t14.nogoods_size = 4567540
h9.t14.nodes = 8716227
h9.t14.propagations = 8716227
h9.t9.stop_reason = aborted
h9.t9.restarts = 286
h9.t9.nogoods_size = 4567540
h9.t9.nodes = 8631173
h9.t9.propagations = 8631173
h9.t13.stop_reason = aborted
h9.t13.restarts = 286
h9.t13.nogoods_size = 4567540
h9.t13.nodes = 8614171
h9.t13.propagations = 8614171
h9.t2.stop_reason = aborted
h9.t2.restarts = 286
h9.t2.nogoods_size = 4567540
h9.t2.nodes = 8707085
h9.t2.propagations = 8707085
h9.t12.stop_reason = aborted
h9.t12.restarts = 286
h9.t12.nogoods_size = 4567540
h9.t12.nodes = 8624173
h9.t12.propagations = 8624173
h9.t16.stop_reason = unsatisfiable
h9.t16.restarts = 286
h9.t16.nogoods_size = 4567540
h9.t16.nodes = 8559645
h9.t16.propagations = 8559645
h9.t11.stop_reason = aborted
h9.t11.restarts = 286
h9.t11.nogoods_size = 4567540
h9.t11.nodes = 8606413
h9.t11.propagations = 8606413
h9.t7.stop_reason = aborted
h9.t7.restarts = 286
h9.t7.nogoods_size = 4567540
h9.t7.nodes = 8608341
h9.t7.propagations = 8608341
h9.t5.stop_reason = aborted
h9.t5.restarts = 286
h9.t5.nogoods_size = 4567540
h9.t5.nodes = 8611070
h9.t5.propagations = 8611070
h9.t10.stop_reason = aborted
h9.t10.restarts = 286
h9.t10.nogoods_size = 4567540
h9.t10.nodes = 8568540
h9.t10.propagations = 8568540
h9.t15.stop_reason = aborted
h9.t15.restarts = 286
h9.t15.nogoods_size = 4567540
h9.t15.nodes = 8551161
h9.t15.propagations = 8551161
h9.t3.stop_reason = aborted
h9.t3.restarts = 286
h9.t3.nogoods_size = 4567540
h9.t3.nodes = 8529361
h9.t3.propagations = 8529361
h9.t17.stop_reason = aborted
h9.t17.restarts = 286
h9.t17.nogoods_size = 4567540
h9.t17.nodes = 4481105
h9.t17.propagations = 4481105
h9.t8.stop_reason = aborted
h9.t8.restarts = 286
h9.t8.nogoods_size = 4567540
h9.t8.nodes = 8634438
h9.t8.propagations = 8634438
h9.t4.stop_reason = aborted
h9.t4.restarts = 286
h9.t4.nogoods_size = 4567540
h9.t4.nodes = 8628807
h9.t4.propagations = 8628807
h9.t1.stop_reason = aborted
h9.t1.restarts = 286
h9.t1.nogoods_size = 4567540
h9.t1.nodes = 8675732
h9.t1.propagations = 8675732
h9.t0.stop_reason = aborted
h9.t0.restarts = 286
h9.t0.nogoods_size = 4567540
h9.t0.nodes = 3463647
h9.t0.propagations = 3463647
h9.search_time = 66725
h9.nodes = 145784486
h9.propagations = 395140986
h10.t13.stop_reason = aborted
h10.t13.restarts = 286
h10.t13.nogoods_size = 4567260
h10.t13.nodes = 8581495
h10.t13.propagations = 8581495
h10.t17.stop_reason = aborted
h10.t17.restarts = 286
h10.t17.nogoods_size = 4567260
h10.t17.nodes = 4492206
h10.t17.propagations = 4492206
h10.t11.stop_reason = unsatisfiable
h10.t11.restarts = 286
h10.t11.nogoods_size = 4567260
h10.t11.nodes = 8561396
h10.t11.propagations = 8561396
h10.t15.stop_reason = aborted
h10.t15.restarts = 286
h10.t15.nogoods_size = 4567260
h10.t15.nodes = 8676855
h10.t15.propagations = 8676855
h10.t16.stop_reason = aborted
h10.t16.restarts = 286
h10.t16.nogoods_size = 4567260
h10.t16.nodes = 8643081
h10.t16.propagations = 8643081
h10.t4.stop_reason = aborted
h10.t4.restarts = 286
h10.t4.nogoods_size = 4567260
h10.t4.nodes = 8591916
h10.t4.propagations = 8591916
h10.t5.stop_reason = aborted
h10.t5.restarts = 286
h10.t5.nogoods_size = 4567260
h10.t5.nodes = 8616446
h10.t5.propagations = 8616446
h10.t2.stop_reason = aborted
h10.t2.restarts = 286
h10.t2.nogoods_size = 4567260
h10.t2.nodes = 8606902
h10.t2.propagations = 8606902
h10.t3.stop_reason = aborted
h10.t3.restarts = 286
h10.t3.nogoods_size = 4567260
h10.t3.nodes = 8547186
h10.t3.propagations = 8547186
h10.t12.stop_reason = aborted
h10.t12.restarts = 286
h10.t12.nogoods_size = 4567260
h10.t12.nodes = 8654942
h10.t12.propagations = 8654942
h10.t1.stop_reason = aborted
h10.t1.restarts = 286
h10.t1.nogoods_size = 4567260
h10.t1.nodes = 8693955
h10.t1.propagations = 8693955
h10.t7.stop_reason = aborted
h10.t7.restarts = 286
h10.t7.nogoods_size = 4567260
h10.t7.nodes = 8616926
h10.t7.propagations = 8616926
h10.t8.stop_reason = aborted
h10.t8.restarts = 286
h10.t8.nogoods_size = 4567260
h10.t8.nodes = 8641452
h10.t8.propagations = 8641452
h10.t6.stop_reason = aborted
h10.t6.restarts = 286
h10.t6.nogoods_size = 4567260
h10.t6.nodes = 8629904
h10.t6.propagations = 8629904
h10.t0.restarts = 286
h10.t0.nogoods_size = 4567260
h10.t0.nodes = 3501004
h10.t0.propagations = 3501004
h10.t14.stop_reason = aborted
h10.t14.restarts = 286
h10.t14.nogoods_size = 4567260
h10.t14.nodes = 8648661
h10.t14.propagations = 8648661
h10.t10.stop_reason = aborted
h10.t10.restarts = 286
h10.t10.nogoods_size = 4567260
h10.t10.nodes = 8586981
h10.t10.propagations = 8586981
h10.t9.stop_reason = aborted
h10.t9.restarts = 286
h10.t9.nogoods_size = 4567260
h10.t9.nodes = 8692975
h10.t9.propagations = 8692975
h10.search_time = 66726
h10.nodes = 145984283
h10.propagations = 395598640
h11.t11.stop_reason = aborted
h11.t11.restarts = 286
h11.t11.nogoods_size = 4568771
h11.t11.nodes = 8707761
h11.t11.propagations = 8707761
h11.t2.stop_reason = aborted
h11.t2.restarts = 286
h11.t2.nogoods_size = 4568771
h11.t2.nodes = 8678678
h11.t2.propagations = 8678678
h11.t13.stop_reason = aborted
h11.t13.restarts = 286
h11.t13.nogoods_size = 4568771
h11.t13.nodes = 8793622
h11.t13.propagations = 8793622
h11.t8.stop_reason = aborted
h11.t8.restarts = 286
h11.t8.nogoods_size = 4568771
h11.t8.nodes = 8663124
h11.t8.propagations = 8663124
h11.t9.stop_reason = aborted
h11.t9.restarts = 286
h11.t9.nogoods_size = 4568771
h11.t9.nodes = 8768779
h11.t9.propagations = 8768779
h11.t17.stop_reason = aborted
h11.t17.restarts = 286
h11.t17.nogoods_size = 4568771
h11.t17.nodes = 4591322
h11.t17.propagations = 4591322
h11.t12.stop_reason = aborted
h11.t12.restarts = 286
h11.t12.nogoods_size = 4568771
h11.t12.nodes = 8685511
h11.t12.propagations = 8685511
h11.t15.stop_reason = aborted
h11.t15.restarts = 286
h11.t15.nogoods_size = 4568771
h11.t15.nodes = 8782228
h11.t15.propagations = 8782228
h11.t16.stop_reason = aborted
h11.t16.restarts = 286
h11.t16.nogoods_size = 4568771
h11.t16.nodes = 8649014
h11.t16.propagations = 8649014
h11.t6.stop_reason = aborted
h11.t6.restarts = 286
h11.t6.nogoods_size = 4568771
h11.t6.nodes = 8744645
h11.t6.propagations = 8744645
h11.t14.stop_reason = aborted
h11.t14.restarts = 286
h11.t14.nogoods_size = 4568771
h11.t14.nodes = 8668984
h11.t14.propagations = 8668984
h11.t3.stop_reason = aborted
h11.t3.restarts = 286
h11.t3.nogoods_size = 4568771
h11.t3.nodes = 8789300
h11.t3.propagations = 8789300
h11.t7.stop_reason = unsatisfiable
h11.t7.restarts = 286
h11.t7.nogoods_size = 4568771
h11.t7.nodes = 8755901
h11.t7.propagations = 8755901
h11.t4.stop_reason = aborted
h11.t4.restarts = 286
h11.t4.nogoods_size = 4568771
h11.t4.nodes = 8718914
h11.t4.propagations = 8718914
h11.t5.stop_reason = aborted
h11.t5.restarts = 286
h11.t5.nogoods_size = 4568771
h11.t5.nodes = 8750480
h11.t5.propagations = 8750480
h11.t1.stop_reason = aborted
h11.t1.restarts = 286
h11.t1.nogoods_size = 4568771
h11.t1.nodes = 8639207
h11.t1.propagations = 8639207
h11.t10.stop_reason = aborted
h11.t10.restarts = 286
h11.t10.nogoods_size = 4568771
h11.t10.nodes = 8643529
h11.t10.propagations = 8643529
h11.t0.restarts = 286
h11.t0.nogoods_size = 4568771
h11.t0.nodes = 3601182
h11.t0.propagations = 3601182
h11.search_time = 66726
h11.nodes = 147632181
h11.propagations = 400064174
h12.t6.stop_reason = aborted
h12.t6.restarts = 286
h12.t6.nogoods_size = 4565894
h12.t6.nodes = 7237673
h12.t6.propagations = 7237673
h12.t14.stop_reason = aborted
h12.t14.restarts = 286
h12.t14.nogoods_size = 4565894
h12.t14.nodes = 7228938
h12.t14.propagations = 7228938
h12.t15.stop_reason = aborted
h12.t15.restarts = 286
h12.t15.nogoods_size = 4565894
h12.t15.nodes = 7238412
h12.t15.propagations = 7238412
h12.t1.stop_reason = aborted
h12.t1.restarts = 286
h12.t1.nogoods_size = 4565894
h12.t1.nodes = 8704631
h12.t1.propagations = 8704631
h12.t3.stop_reason = aborted
h12.t3.restarts = 286
h12.t3.nogoods_size = 4565894
h12.t3.nodes = 7746104
h12.t3.propagations = 7746104
h12.t10.stop_reason = aborted
h12.t10.restarts = 286
h12.t10.nogoods_size = 4565894
h12.t10.nodes = 7132964
h12.t10.propagations = 7132964
h12.t17.stop_reason = aborted
h12.t17.restarts = 286
h12.t17.nogoods_size = 4565894
h12.t17.nodes = 4489738
h12.t17.propagations = 4489738
h12.t8.stop_reason = aborted
h12.t8.restarts = 286
h12.t8.nogoods_size = 4565894
h12.t8.nodes = 7209332
h12.t8.propagations = 7209332
h12.t4.stop_reason = aborted
h12.t4.restarts = 286
h12.t4.nogoods_size = 4565894
h12.t4.nodes = 7288499
h12.t4.propagations = 7288499
h12.t12.stop_reason = aborted
h12.t12.restarts = 286
h12.t12.nogoods_size = 4565894
h12.t12.nodes = 7215700
h12.t12.propagations = 7215700
h12.t16.stop_reason = aborted
h12.t16.restarts = 286
h12.t16.nogoods_size = 4565894
h12.t16.nodes = 7303514
h12.t16.propagations = 7303514
h12.t13.stop_reason = aborted
h12.t13.restarts = 286
h12.t13.nogoods_size = 4565894
h12.t13.nodes = 7237906
h12.t13.propagations = 7237906
h12.t7.stop_reason = aborted
h12.t7.restarts = 286
h12.t7.nogoods_size = 4565894
h12.t7.nodes = 8821503
h12.t7.propagations = 8821503
h12.t0.restarts = 286
h12.t0.nogoods_size = 4565894
h12.t0.nodes = 3712753
h12.t0.propagations = 3712753
h12.t11.stop_reason = aborted
h12.t11.restarts = 286
h12.t11.nogoods_size = 4565894
h12.t11.nodes = 8795412
h12.t11.propagations = 8795412
h12.t2.stop_reason = aborted
h12.t2.restarts = 286
h12.t2.nogoods_size = 4565894
h12.t2.nodes = 8767383
h12.t2.propagations = 8767383
h12.t5.stop_reason = aborted
h12.t5.restarts = 286
h12.t5.nogoods_size = 4565894
h12.t5.nodes = 7322646
h12.t5.propagations = 7322646
h12.t9.stop_reason = unsatisfiable
h12.t9.restarts = 286
h12.t9.nogoods_size = 4565894
h12.t9.nodes = 8794614
h12.t9.propagations = 8794614
h12.search_time = 66717
h12.nodes = 132247722
h12.propagations = 358209619
h13.t15.restarts = 286
h13.t15.nogoods_size = 4567861
h13.t15.nodes = 7745691
h13.t15.propagations = 7745691
h13.t16.restarts = 286
h13.t16.nogoods_size = 4567861
h13.t16.nodes = 7683622
h13.t16.propagations = 7683622
h13.t3.restarts = 286
h13.t3.nogoods_size = 4567861
h13.t3.nodes = 7692905
h13.t3.propagations = 7692905
h13.t10.restarts = 286
h13.t10.nogoods_size = 4567861
h13.t10.nodes = 7754817
h13.t10.propagations = 7754817
h13.t7.restarts = 286
h13.t7.nogoods_size = 4567861
h13.t7.nodes = 7659296
h13.t7.propagations = 7659296
h13.t13.restarts = 286
h13.t13.nogoods_size = 4567861
h13.t13.nodes = 7627090
h13.t13.propagations = 7627090
h13.t11.restarts = 286
h13.t11.nogoods_size = 4567861
h13.t11.nodes = 7797214
h13.t11.propagations = 7797214
h13.t12.restarts = 286
h13.t12.nogoods_size = 4567861
h13.t12.nodes = 7768019
h13.t12.propagations = 7768019
h13.t9.restarts = 286
h13.t9.nogoods_size = 4567861
h13.t9.nodes = 7662370
h13.t9.propagations = 7662370
h13.t1.restarts = 286
h13.t1.nogoods_size = 4567861
h13.t1.nodes = 7748789
h13.t1.propagations = 7748789
h13.t14.restarts = 286
h13.t14.nogoods_size = 4567861
h13.t14.nodes = 7700387
h13.t14.propagations = 7700387
h13.t6.restarts = 286
h13.t6.nogoods_size = 4567861
h13.t6.nodes = 7733935
h13.t6.propagations = 7733935
h13.t5.restarts = 286
h13.t5.nogoods_size = 4567861
h13.t5.nodes = 7686574
h13.t5.propagations = 7686574
h13.t0.restarts = 286
h13.t0.nogoods_size = 4567861
h13.t0.nodes = 3804629
h13.t0.propagations = 3804629
h13.t8.restarts = 286
h13.t8.nogoods_size = 4567861
h13.t8.nodes = 8431695
h13.t8.propagations = 8431695
h13.t4.restarts = 286
h13.t4.nogoods_size = 4567861
h13.t4.nodes = 7640218
h13.t4.propagations = 7640218
h13.t2.restarts = 286
h13.t2.nogoods_size = 4567861
h13.t2.nodes = 7600607
h13.t2.propagations = 7600607
h13.t17.restarts = 286
h13.t17.nogoods_size = 4567861
h13.t17.nodes = 4638457
h13.t17.propagations = 4638457
h13.search_time = 66728
h13.nodes = 132376315
h13.propagations = 358707836
h14.t12.restarts = 286
h14.t12.nogoods_size = 4569440
h14.t12.nodes = 7688060
h14.t12.propagations = 7688060
h14.t13.restarts = 286
h14.t13.nogoods_size = 4569440
h14.t13.nodes = 7770992
h14.t13.propagations = 7770992
h14.t5.restarts = 286
h14.t5.nogoods_size = 4569440
h14.t5.nodes = 7710420
h14.t5.propagations = 7710420
h14.t16.restarts = 286
h14.t16.nogoods_size = 4569440
h14.t16.nodes = 7762613
h14.t16.propagations = 7762613
h14.t0.restarts = 286
h14.t0.nogoods_size = 4569440
h14.t0.nodes = 3782434
h14.t0.propagations = 3782434
h14.t8.restarts = 286
h14.t8.nogoods_size = 4569440
h14.t8.nodes = 7730524
h14.t8.propagations = 7730524
h14.t14.restarts = 286
h14.t14.nogoods_size = 4569440
h14.t14.nodes = 7795425
h14.t14.propagations = 7795425
h14.t3.restarts = 286
h14.t3.nogoods_size = 4569440
h14.t3.nodes = 7686569
h14.t3.propagations = 7686569
h14.t6.restarts = 286
h14.t6.nogoods_size = 4569440
h14.t6.nodes = 7763543
h14.t6.propagations = 7763543
h14.t1.restarts = 286
h14.t1.nogoods_size = 4569440
h14.t1.nodes = 7749161
h14.t1.propagations = 7749161
h14.t4.restarts = 286
h14.t4.nogoods_size = 4569440
h14.t4.nodes = 7757870
h14.t4.propagations = 7757870
h14.t10.restarts = 286
h14.t10.nogoods_size = 4569440
h14.t10.nodes = 7788635
h14.t10.propagations = 7788635
h14.t17.restarts = 286
h14.t17.nogoods_size = 4569440
h14.t17.nodes = 4555298
h14.t17.propagations = 4555298
h14.t9.restarts = 286
h14.t9.nogoods_size = 4569440
h14.t9.nodes = 7712496
h14.t9.propagations = 7712496
h14.t7.restarts = 286
h14.t7.nogoods_size = 4569440
h14.t7.nodes = 7697454
h14.t7.propagations = 7697454
h14.t2.restarts = 286
h14.t2.nogoods_size = 4569440
h14.t2.nodes = 8048333
h14.t2.propagations = 8048333
h14.t15.restarts = 286
h14.t15.nogoods_size = 4569440
h14.t15.nodes = 7724678
h14.t15.propagations = 7724678
h14.t11.restarts = 286
h14.t11.nogoods_size = 4569440
h14.t11.nodes = 7716042
h14.t11.propagations = 7716042
h14.search_time = 66722
h14.nodes = 132440547
h14.propagations = 358936199
h15.t8.restarts = 286
h15.t8.nogoods_size = 4568686
h15.t8.nodes = 7732889
h15.t8.propagations = 7732889
h15.t14.restarts = 286
h15.t14.nogoods_size = 4568686
h15.t14.nodes = 7746823
h15.t14.propagations = 7746823
h15.t15.restarts = 286
h15.t15.nogoods_size = 4568686
h15.t15.nodes = 7841241
h15.t15.propagations = 7841241
h15.t12.restarts = 286
h15.t12.nogoods_size = 4568686
h15.t12.nodes = 7739447
h15.t12.propagations = 7739447
h15.t6.restarts = 286
h15.t6.nogoods_size = 4568686
h15.t6.nodes = 7819591
h15.t6.propagations = 7819591
h15.t17.restarts = 286
h15.t17.nogoods_size = 4568686
h15.t17.nodes = 4565871
h15.t17.propagations = 4565871
h15.t7.restarts = 286
h15.t7.nogoods_size = 4568686
h15.t7.nodes = 7698541
h15.t7.propagations = 7698541
h15.t9.restarts = 286
h15.t9.nogoods_size = 4568686
h15.t9.nodes = 7803465
h15.t9.propagations = 7803465
h15.t13.restarts = 286
h15.t13.nogoods_size = 4568686
h15.t13.nodes = 7856786
h15.t13.propagations = 7856786
h15.t5.restarts = 286
h15.t5.nogoods_size = 4568686
h15.t5.nodes = 7844259
h15.t5.propagations = 7844259
h15.t10.restarts = 286
h15.t10.nogoods_size = 4568686
h15.t10.nodes = 7787532
h15.t10.propagations = 7787532
h15.t11.restarts = 286
h15.t11.nogoods_size = 4568686
h15.t11.nodes = 7844769
h15.t11.propagations = 7844769
h15.t2.restarts = 286
h15.t2.nogoods_size = 4568686
h15.t2.nodes = 7727461
h15.t2.propagations = 7727461
h15.t4.restarts = 286
h15.t4.nogoods_size = 4568686
h15.t4.nodes = 7817427
h15.t4.propagations = 7817427
h15.t16.restarts = 286
h15.t16.nogoods_size = 4568686
h15.t16.nodes = 7797038
h15.t16.propagations = 7797038
h15.t3.restarts = 286
h15.t3.nogoods_size = 4568686
h15.t3.nodes = 7777165
h15.t3.propagations = 7777165
h15.t0.restarts = 286
h15.t0.nogoods_size = 4568686
h15.t0.nodes = 3718286
h15.t0.propagations = 3718286
h15.t1.restarts = 286
h15.t1.nogoods_size = 4568686
h15.t1.nodes = 7748466
h15.t1.propagations = 7748466
h15.search_time = 66724
h15.nodes = 132867057
h15.propagations = 360030413
h16.t10.restarts = 286
h16.t10.nogoods_size = 4569084
h16.t10.nodes = 7746526
h16.t10.propagations = 7746526
h16.t8.restarts = 286
h16.t8.nogoods_size = 4569084
h16.t8.nodes = 7697197
h16.t8.propagations = 7697197
h16.t12.restarts = 286
h16.t12.nogoods_size = 4569084
h16.t12.nodes = 7679783
h16.t12.propagations = 7679783
h16.t1.restarts = 286
h16.t1.nogoods_size = 4569084
h16.t1.nodes = 7709358
h16.t1.propagations = 7709358
h16.t2.restarts = 286
h16.t2.nogoods_size = 4569084
h16.t2.nodes = 7874305
h16.t2.propagations = 7874305
h16.t5.restarts = 286
h16.t5.nogoods_size = 4569084
h16.t5.nodes = 7773144
h16.t5.propagations = 7773144
h16.t6.restarts = 286
h16.t6.nogoods_size = 4569084
h16.t6.nodes = 7755141
h16.t6.propagations = 7755141
h16.t16.restarts = 286
h16.t16.nogoods_size = 4569084
h16.t16.nodes = 7870271
h16.t16.propagations = 7870271
h16.t14.restarts = 286
h16.t14.nogoods_size = 4569084
h16.t14.nodes = 7743060
h16.t14.propagations = 7743060
h16.t3.restarts = 286
h16.t3.nogoods_size = 4569084
h16.t3.nodes = 7719366
h16.t3.propagations = 7719366
h16.t13.restarts = 286
h16.t13.nogoods_size = 4569084
h16.t13.nodes = 7763005
h16.t13.propagations = 7763005
h16.t7.restarts = 286
h16.t7.nogoods_size = 4569084
h16.t7.nodes = 7729713
h16.t7.propagations = 7729713
h16.t17.restarts = 286
h16.t17.nogoods_size = 4569084
h16.t17.nodes = 4592026
h16.t17.propagations = 4592026
h16.t11.restarts = 286
h16.t11.nogoods_size = 4569084
h16.t11.nodes = 7783215
h16.t11.propagations = 7783215
h16.t4.restarts = 286
h16.t4.nogoods_size = 4569084
h16.t4.nodes = 7914524
h16.t4.propagations = 7914524
h16.t0.restarts = 286
h16.t0.nogoods_size = 4569084
h16.t0.nodes = 3746140
h16.t0.propagations = 3746140
h16.t9.restarts = 286
h16.t9.nogoods_size = 4569084
h16.t9.nodes = 7699544
h16.t9.propagations = 7699544
h16.t15.restarts = 286
h16.t15.nogoods_size = 4569084
h16.t15.nodes = 7688907
h16.t15.propagations = 7688907
h16.search_time = 66732
h16.nodes = 132485225
h16.propagations = 358852937
h17.t9.stop_reason = unsatisfiable
h17.t9.restarts = 286
h17.t9.nogoods_size = 4563969
h17.t9.nodes = 7721827
h17.t9.propagations = 7721827
h17.t4.stop_reason = aborted
h17.t4.restarts = 286
h17.t4.nogoods_size = 4563969
h17.t4.nodes = 7704416
h17.t4.propagations = 7704416
h17.t7.stop_reason = aborted
h17.t7.restarts = 286
h17.t7.nogoods_size = 4563969
h17.t7.nodes = 7689323
h17.t7.propagations = 7689323
h17.t16.stop_reason = aborted
h17.t16.restarts = 286
h17.t16.nogoods_size = 4563969
h17.t16.nodes = 7780247
h17.t16.propagations = 7780247
h17.t3.stop_reason = aborted
h17.t3.restarts = 286
h17.t3.nogoods_size = 4563969
h17.t3.nodes = 7761738
h17.t3.propagations = 7761738
h17.t8.stop_reason = aborted
h17.t8.restarts = 286
h17.t8.nogoods_size = 4563969
h17.t8.nodes = 7752629
h17.t8.propagations = 7752629
h17.t2.stop_reason = aborted
h17.t2.restarts = 286
h17.t2.nogoods_size = 4563969
h17.t2.nodes = 7730601
h17.t2.propagations = 7730601
h17.t12.stop_reason = aborted
h17.t12.restarts = 286
h17.t12.nogoods_size = 4563969
h17.t12.nodes = 7839204
h17.t12.propagations = 7839204
h17.t10.stop_reason = aborted
h17.t10.restarts = 286
h17.t10.nogoods_size = 4563969
h17.t10.nodes = 7799373
h17.t10.propagations = 7799373
h17.t5.stop_reason = aborted
h17.t5.restarts = 286
h17.t5.nogoods_size = 4563969
h17.t5.nodes = 7828515
h17.t5.propagations = 7828515
h17.t11.stop_reason = aborted
h17.t11.restarts = 286
h17.t11.nogoods_size = 4563969
h17.t11.nodes = 7713352
h17.t11.propagations = 7713352
h17.t6.stop_reason = aborted
h17.t6.restarts = 286
h17.t6.nogoods_size = 4563969
h17.t6.nodes = 7686994
h17.t6.propagations = 7686994
h17.t13.stop_reason = aborted
h17.t13.restarts = 286
h17.t13.nogoods_size = 4563969
h17.t13.nodes = 7651146
h17.t13.propagations = 7651146
h17.t17.stop_reason = aborted
h17.t17.restarts = 286
h17.t17.nogoods_size = 4563969
h17.t17.nodes = 4606854
h17.t17.propagations = 4606854
h17.t15.stop_reason = aborted
h17.t15.restarts = 286
h17.t15.nogoods_size = 4563969
h17.t15.nodes = 7621077
h17.t15.propagations = 7621077
h17.t14.stop_reason = aborted
h17.t14.restarts = 286
h17.t14.nogoods_size = 4563969
h17.t14.nodes = 7694686
h17.t14.propagations = 7694686
h17.t1.stop_reason = aborted
h17.t1.restarts = 286
h17.t1.nogoods_size = 4563969
h17.t1.nodes = 7614350
h17.t1.propagations = 7614350
h17.t0.stop_reason = aborted
h17.t0.restarts = 286
h17.t0.nogoods_size = 4563969
h17.t0.nodes = 3765712
h17.t0.propagations = 3765712
h17.search_time = 66726
h17.nodes = 131962044
h17.propagations = 357480932
h18.t9.restarts = 286
h18.t9.nogoods_size = 4570196
h18.t9.nodes = 8659962
h18.t9.propagations = 8659962
h18.t10.restarts = 286
h18.t10.nogoods_size = 4570196
h18.t10.nodes = 8653190
h18.t10.propagations = 8653190
h18.t17.restarts = 286
h18.t17.nogoods_size = 4570196
h18.t17.nodes = 4588672
h18.t17.propagations = 4588672
h18.t4.restarts = 286
h18.t4.nogoods_size = 4570196
h18.t4.nodes = 8754509
h18.t4.propagations = 8754509
h18.t6.restarts = 286
h18.t6.nogoods_size = 4570196
h18.t6.nodes = 8622161
h18.t6.propagations = 8622161
h18.t15.restarts = 286
h18.t15.nogoods_size = 4570196
h18.t15.nodes = 8693002
h18.t15.propagations = 8693002
h18.t5.restarts = 286
h18.t5.nogoods_size = 4570196
h18.t5.nodes = 8793975
h18.t5.propagations = 8793975
h18.t8.restarts = 286
h18.t8.nogoods_size = 4570196
h18.t8.nodes = 8665578
h18.t8.propagations = 8665578
h18.t12.restarts = 286
h18.t12.nogoods_size = 4570196
h18.t12.nodes = 8715941
h18.t12.propagations = 8715941
h18.t3.restarts = 286
h18.t3.nogoods_size = 4570196
h18.t3.nodes = 8626235
h18.t3.propagations = 8626235
h18.t16.restarts = 286
h18.t16.nogoods_size = 4570196
h18.t16.nodes = 8752866
h18.t16.propagations = 8752866
h18.t11.restarts = 286
h18.t11.nogoods_size = 4570196
h18.t11.nodes = 8726903
h18.t11.propagations = 8726903
h18.t14.restarts = 286
h18.t14.nogoods_size = 4570196
h18.t14.nodes = 8727463
h18.t14.propagations = 8727463
h18.t1.restarts = 286
h18.t1.nogoods_size = 4570196
h18.t1.nodes = 8768658
h18.t1.propagations = 8768658
h18.t13.restarts = 286
h18.t13.nogoods_size = 4570196
h18.t13.nodes = 8790894
h18.t13.propagations = 8790894
h18.t2.restarts = 286
h18.t2.nogoods_size = 4570196
h18.t2.nodes = 8730210
h18.t2.propagations = 8730210
h18.t0.restarts = 286
h18.t0.nogoods_size = 4570196
h18.t0.nodes = 3541264
h18.t0.propagations = 3541264
h18.t7.restarts = 286
h18.t7.nogoods_size = 4570196
h18.t7.nodes = 8748540
h18.t7.propagations = 8748540
h18.search_time = 66738
h18.nodes = 147560023
h18.propagations = 399767132
h19.t17.stop_reason = aborted
h19.t17.restarts = 286
h19.t17.nogoods_size = 4567214
h19.t17.nodes = 4552512
h19.t17.propagations = 4552512
h19.t0.stop_reason = aborted
h19.t0.restarts = 286
h19.t0.nogoods_size = 4567214
h19.t0.nodes = 3476363
h19.t0.propagations = 3476363
h19.t3.stop_reason = aborted
h19.t3.restarts = 286
h19.t3.nogoods_size = 4567214
h19.t3.nodes = 8548046
h19.t3.propagations = 8548046
h19.t6.stop_reason = aborted
h19.t6.restarts = 286
h19.t6.nogoods_size = 4567214
h19.t6.nodes = 8621352
h19.t6.propagations = 8621352
h19.t11.stop_reason = aborted
h19.t11.restarts = 286
h19.t11.nogoods_size = 4567214
h19.t11.nodes = 8643501
h19.t11.propagations = 8643501
h19.t15.stop_reason = aborted
h19.t15.restarts = 286
h19.t15.nogoods_size = 4567214
h19.t15.nodes = 8564112
h19.t15.propagations = 8564112
h19.t12.stop_reason = unsatisfiable
h19.t12.restarts = 286
h19.t12.nogoods_size = 4567214
h19.t12.nodes = 8654278
h19.t12.propagations = 8654278
h19.t5.stop_reason = aborted
h19.t5.restarts = 286
h19.t5.nogoods_size = 4567214
h19.t5.nodes = 8621056
h19.t5.propagations = 8621056
h19.t2.stop_reason = aborted
h19.t2.restarts = 286
h19.t2.nogoods_size = 4567214
h19.t2.nodes = 8633022
h19.t2.propagations = 8633022
h19.t10.stop_reason = aborted
h19.t10.restarts = 286
h19.t10.nogoods_size = 4567214
h19.t10.nodes = 8688036
h19.t10.propagations = 8688036
h19.t13.stop_reason = aborted
h19.t13.restarts = 286
h19.t13.nogoods_size = 4567214
h19.t13.nodes = 8546745
h19.t13.propagations = 8546745
h19.t14.stop_reason = aborted
h19.t14.restarts = 286
h19.t14.nogoods_size = 4567214
h19.t14.nodes = 8638765
h19.t14.propagations = 8638765
h19.t9.stop_reason = aborted
h19.t9.restarts = 286
h19.t9.nogoods_size = 4567214
h19.t9.nodes = 8587016
h19.t9.propagations = 8587016
h19.t4.stop_reason = aborted
h19.t4.restarts = 286
h19.t4.nogoods_size = 4567214
h19.t4.nodes = 8601009
h19.t4.propagations = 8601009
h19.t16.stop_reason = aborted
h19.t16.restarts = 286
h19.t16.nogoods_size = 4567214
h19.t16.nodes = 8664536
h19.t16.propagations = 8664536
h19.t7.stop_reason = aborted
h19.t7.restarts = 286
h19.t7.nogoods_size = 4567214
h19.t7.nodes = 8561354
h19.t7.propagations = 8561354
h19.t8.stop_reason = aborted
h19.t8.restarts = 286
h19.t8.nogoods_size = 4567214
h19.t8.nodes = 8614723
h19.t8.propagations = 8614723
h19.t1.stop_reason = aborted
h19.t1.restarts = 286
h19.t1.nogoods_size = 4567214
h19.t1.nodes = 8650699
h19.t1.propagations = 8650699
h19.search_time = 66726
h19.nodes = 145867125
h19.propagations = 395286085
h20.t12.restarts = 286
h20.t12.nogoods_size = 4568191
h20.t12.nodes = 7764264
h20.t12.propagations = 7764264
h20.t8.restarts = 286
h20.t8.nogoods_size = 4568191
h20.t8.nodes = 7742542
h20.t8.propagations = 7742542
h20.t14.restarts = 286
h20.t14.nogoods_size = 4568191
h20.t14.nodes = 7775217
h20.t14.propagations = 7775217
h20.t13.restarts = 286
h20.t13.nogoods_size = 4568191
h20.t13.nodes = 7662921
h20.t13.propagations = 7662921
h20.t2.restarts = 286
h20.t2.nogoods_size = 4568191
h20.t2.nodes = 7986439
h20.t2.propagations = 7986439
h20.t15.restarts = 286
h20.t15.nogoods_size = 4568191
h20.t15.nodes = 7633362
h20.t15.propagations = 7633362
h20.t4.restarts = 286
h20.t4.nogoods_size = 4568191
h20.t4.nodes = 7770799
h20.t4.propagations = 7770799
h20.t6.restarts = 286
h20.t6.nogoods_size = 4568191
h20.t6.nodes = 7753375
h20.t6.propagations = 7753375
h20.t16.restarts = 286
h20.t16.nogoods_size = 4568191
h20.t16.nodes = 7847119
h20.t16.propagations = 7847119
h20.t1.restarts = 286
h20.t1.nogoods_size = 4568191
h20.t1.nodes = 7708697
h20.t1.propagations = 7708697
h20.t9.restarts = 286
h20.t9.nogoods_size = 4568191
h20.t9.nodes = 7786156
h20.t9.propagations = 7786156
h20.t3.restarts = 286
h20.t3.nogoods_size = 4568191
h20.t3.nodes = 7736425
h20.t3.propagations = 7736425
h20.t5.restarts = 286
h20.t5.nogoods_size = 4568191
h20.t5.nodes = 7702131
h20.t5.propagations = 7702131
h20.t17.restarts = 286
h20.t17.nogoods_size = 4568191
h20.t17.nodes = 4577711
h20.t17.propagations = 4577711
h20.t11.restarts = 286
h20.t11.nogoods_size = 4568191
h20.t11.nodes = 7825829
h20.t11.propagations = 7825829
h20.t7.restarts = 286
h20.t7.nogoods_size = 4568191
h20.t7.nodes = 7748495
h20.t7.propagations = 7748495
h20.t10.restarts = 286
h20.t10.nogoods_size = 4568191
h20.t10.nodes = 7790394
h20.t10.propagations = 7790394
h20.t0.restarts = 286
h20.t0.nogoods_size = 4568191
h20.t0.nodes = 3731559
h20.t0.propagations = 3731559
h20.search_time = 66722
h20.nodes = 132543435
h20.propagations = 359175774
h21.t0.restarts = 286
h21.t0.nogoods_size = 4568677
h21.t0.nodes = 3728834
h21.t0.propagations = 3728834
h21.t2.restarts = 286
h21.t2.nogoods_size = 4568677
h21.t2.nodes = 7708431
h21.t2.propagations = 7708431
h21.t10.restarts = 286
h21.t10.nogoods_size = 4568677
h21.t10.nodes = 7688648
h21.t10.propagations = 7688648
h21.t16.restarts = 286
h21.t16.nogoods_size = 4568677
h21.t16.nodes = 7715035
h21.t16.propagations = 7715035
h21.t4.restarts = 286
h21.t4.nogoods_size = 4568677
h21.t4.nodes = 7690223
h21.t4.propagations = 7690223
h21.t7.restarts = 286
h21.t7.nogoods_size = 4568677
h21.t7.nodes = 7653813
h21.t7.propagations = 7653813
h21.t14.restarts = 286
h21.t14.nogoods_size = 4568677
h21.t14.nodes = 7714947
h21.t14.propagations = 7714947
h21.t6.restarts = 286
h21.t6.nogoods_size = 4568677
h21.t6.nodes = 7701548
h21.t6.propagations = 7701548
h21.t17.restarts = 286
h21.t17.nogoods_size = 4568677
h21.t17.nodes = 4604602
h21.t17.propagations = 4604602
h21.t8.restarts = 286
h21.t8.nogoods_size = 4568677
h21.t8.nodes = 7749630
h21.t8.propagations = 7749630
h21.t1.restarts = 286
h21.t1.nogoods_size = 4568677
h21.t1.nodes = 7616307
h21.t1.propagations = 7616307
h21.t12.restarts = 286
h21.t12.nogoods_size = 4568677
h21.t12.nodes = 7749802
h21.t12.propagations = 7749802
h21.t11.restarts = 286
h21.t11.nogoods_size = 4568677
h21.t11.nodes = 7711368
h21.t11.propagations = 7711368
h21.t9.restarts = 286
h21.t9.nogoods_size = 4568677
h21.t9.nodes = 7737467
h21.t9.propagations = 7737467
h21.t5.restarts = 286
h21.t5.nogoods_size = 4568677
h21.t5.nodes = 7789126
h21.t5.propagations = 7789126
h21.t15.restarts = 286
h21.t15.nogoods_size = 4568677
h21.t15.nodes = 7777095
h21.t15.propagations = 7777095
h21.t13.restarts = 286
h21.t13.nogoods_size = 4568677
h21.t13.nodes = 7692201
h21.t13.propagations = 7692201
h21.t3.restarts = 286
h21.t3.nogoods_size = 4568677
h21.t3.nodes = 7708841
h21.t3.propagations = 7708841
h21.search_time = 66732
h21.nodes = 131737918
h21.propagations = 357175042
h22.t14.restarts = 286
h22.t14.nogoods_size = 4568871
h22.t14.nodes = 8621269
h22.t14.propagations = 8621269
h22.t4.restarts = 286
h22.t4.nogoods_size = 4568871
h22.t4.nodes = 8566401
h22.t4.propagations = 8566401
h22.t17.restarts = 286
h22.t17.nogoods_size = 4568871
h22.t17.nodes = 4538569
h22.t17.propagations = 4538569
h22.t12.restarts = 286
h22.t12.nogoods_size = 4568871
h22.t12.nodes = 8611713
h22.t12.propagations = 8611713
h22.t10.restarts = 286
h22.t10.nogoods_size = 4568871
h22.t10.nodes = 8546686
h22.t10.propagations = 8546686
h22.t11.restarts = 286
h22.t11.nogoods_size = 4568871
h22.t11.nodes = 8633913
h22.t11.propagations = 8633913
h22.t7.restarts = 286
h22.t7.nogoods_size = 4568871
h22.t7.nodes = 8691710
h22.t7.propagations = 8691710
h22.t1.restarts = 286
h22.t1.nogoods_size = 4568871
h22.t1.nodes = 8629756
h22.t1.propagations = 8629756
h22.t16.restarts = 286
h22.t16.nogoods_size = 4568871
h22.t16.nodes = 8555442
h22.t16.propagations = 8555442
h22.t15.restarts = 286
h22.t15.nogoods_size = 4568871
h22.t15.nodes = 8579044
h22.t15.propagations = 8579044
h22.t6.restarts = 286
h22.t6.nogoods_size = 4568871
h22.t6.nodes = 8720367
h22.t6.propagations = 8720367
h22.t2.restarts = 286
h22.t2.nogoods_size = 4568871
h22.t2.nodes = 8666068
h22.t2.propagations = 8666068
h22.t3.restarts = 286
h22.t3.nogoods_size = 4568871
h22.t3.nodes = 8678014
h22.t3.propagations = 8678014
h22.t13.restarts = 286
h22.t13.nogoods_size = 4568871
h22.t13.nodes = 8642171
h22.t13.propagations = 8642171
h22.t9.restarts = 286
h22.t9.nogoods_size = 4568871
h22.t9.nodes = 8663709
h22.t9.propagations = 8663709
h22.t5.restarts = 286
h22.t5.nogoods_size = 4568871
h22.t5.nodes = 8655587
h22.t5.propagations = 8655587
h22.t0.restarts = 286
h22.t0.nogoods_size = 4568871
h22.t0.nodes = 3502712
h22.t0.propagations = 3502712
h22.t8.restarts = 286
h22.t8.nogoods_size = 4568871
h22.t8.nodes = 8621523
h22.t8.propagations = 8621523
h22.search_time = 66732
h22.nodes = 146124654
h22.propagations = 395915494
h23.t4.restarts = 286
h23.t4.nogoods_size = 4570870
h23.t4.nodes = 8743979
h23.t4.propagations = 8743979
h23.t7.restarts = 286
h23.t7.nogoods_size = 4570870
h23.t7.nodes = 8690154
h23.t7.propagations = 8690154
h23.t3.restarts = 286
h23.t3.nogoods_size = 4570870
h23.t3.nodes = 8730710
h23.t3.propagations = 8730710
h23.t15.restarts = 286
h23.t15.nogoods_size = 4570870
h23.t15.nodes = 8745310
h23.t15.propagations = 8745310
h23.t10.restarts = 286
h23.t10.nogoods_size = 4570870
h23.t10.nodes = 8705933
h23.t10.propagations = 8705933
h23.t2.restarts = 286
h23.t2.nogoods_size = 4570870
h23.t2.nodes = 8710285
h23.t2.propagations = 8710285
h23.t8.restarts = 286
h23.t8.nogoods_size = 4570870
h23.t8.nodes = 8699158
h23.t8.propagations = 8699158
h23.t14.restarts = 286
h23.t14.nogoods_size = 4570870
h23.t14.nodes = 8738008
h23.t14.propagations = 8738008
h23.t6.restarts = 286
h23.t6.nogoods_size = 4570870
h23.t6.nodes = 8824931
h23.t6.propagations = 8824931
h23.t13.restarts = 286
h23.t13.nogoods_size = 4570870
h23.t13.nodes = 8744376
h23.t13.propagations = 8744376
h23.t12.restarts = 286
h23.t12.nogoods_size = 4570870
h23.t12.nodes = 8796753
h23.t12.propagations = 8796753
h23.t17.restarts = 286
h23.t17.nogoods_size = 4570870
h23.t17.nodes = 4502589
h23.t17.propagations = 4502589
h23.t1.restarts = 286
h23.t1.nogoods_size = 4570870
h23.t1.nodes = 8716117
h23.t1.propagations = 8716117
h23.t5.restarts = 286
h23.t5.nogoods_size = 4570870
h23.t5.nodes = 8734943
h23.t5.propagations = 8734943
h23.t9.restarts = 286
h23.t9.nogoods_size = 4570870
h23.t9.nodes = 8672155
h23.t9.propagations = 8672155
h23.t16.restarts = 286
h23.t16.nogoods_size = 4570870
h23.t16.nodes = 8701889
h23.t16.propagations = 8701889
h23.t0.restarts = 286
h23.t0.nogoods_size = 4570870
h23.t0.nodes = 3570401
h23.t0.propagations = 3570401
h23.t11.restarts = 286
h23.t11.nogoods_size = 4570870
h23.t11.nodes = 8639700
h23.t11.propagations = 8639700
h23.search_time = 66733
h23.nodes = 147667391
h23.propagations = 400162167
h24.t17.stop_reason = aborted
h24.t17.restarts = 286
h24.t17.nogoods_size = 4568780
h24.t17.nodes = 4494759
h24.t17.propagations = 4494759
h24.t0.stop_reason = aborted
h24.t0.restarts = 286
h24.t0.nogoods_size = 4568780
h24.t0.nodes = 3433796
h24.t0.propagations = 3433796
h24.t14.stop_reason = aborted
h24.t14.restarts = 286
h24.t14.nogoods_size = 4568780
h24.t14.nodes = 8648771
h24.t14.propagations = 8648771
h24.t15.stop_reason = unsatisfiable
h24.t15.restarts = 286
h24.t15.nogoods_size = 4568780
h24.t15.nodes = 8601301
h24.t15.propagations = 8601301
h24.t5.stop_reason = aborted
h24.t5.restarts = 286
h24.t5.nogoods_size = 4568780
h24.t5.nodes = 8668223
h24.t5.propagations = 8668223
h24.t12.stop_reason = aborted
h24.t12.restarts = 286
h24.t12.nogoods_size = 4568780
h24.t12.nodes = 8707942
h24.t12.propagations = 8707942
h24.t3.stop_reason = aborted
h24.t3.restarts = 286
h24.t3.nogoods_size = 4568780
h24.t3.nodes = 8700498
h24.t3.propagations = 8700498
h24.t1.stop_reason = aborted
h24.t1.restarts = 286
h24.t1.nogoods_size = 4568780
h24.t1.nodes = 8725610
h24.t1.propagations = 8725610
h24.t2.stop_reason = aborted
h24.t2.restarts = 286
h24.t2.nogoods_size = 4568780
h24.t2.nodes = 8702116
h24.t2.propagations = 8702116
h24.t8.stop_reason = aborted
h24.t8.restarts = 286
h24.t8.nogoods_size = 4568780
h24.t8.nodes = 8604402
h24.t8.propagations = 8604402
h24.t9.stop_reason = aborted
h24.t9.restarts = 286
h24.t9.nogoods_size = 4568780
h24.t9.nodes = 8674696
h24.t9.propagations = 8674696
h24.t7.stop_reason = aborted
h24.t7.restarts = 286
h24.t7.nogoods_size = 4568780
h24.t7.nodes = 8658926
h24.t7.propagations = 8658926
h24.t11.stop_reason = aborted
h24.t11.restarts = 286
h24.t11.nogoods_size = 4568780
h24.t11.nodes = 8605880
h24.t11.propagations = 8605880
h24.t13.stop_reason = aborted
h24.t13.restarts = 286
h24.t13.nogoods_size = 4568780
h24.t13.nodes = 8701430
h24.t13.propagations = 8701430
h24.t16.stop_reason = aborted
h24.t16.restarts = 286
h24.t16.nogoods_size = 4568780
h24.t16.nodes = 8620504
h24.t16.propagations = 8620504
h24.t6.stop_reason = aborted
h24.t6.restarts = 286
h24.t6.nogoods_size = 4568780
h24.t6.nodes = 8680915
h24.t6.propagations = 8680915
h24.t4.stop_reason = aborted
h24.t4.restarts = 286
h24.t4.nogoods_size = 4568780
h24.t4.nodes = 8629708
h24.t4.propagations = 8629708
h24.t10.stop_reason = aborted
h24.t10.restarts = 286
h24.t10.nogoods_size = 4568780
h24.t10.nodes = 8605405
h24.t10.propagations = 8605405
h24.search_time = 66726
h24.nodes = 146464882
h24.propagations = 396784311
h25.t4.restarts = 286
h25.t4.nogoods_size = 4570036
h25.t4.nodes = 8762310
h25.t4.propagations = 8762310
h25.t9.restarts = 286
h25.t9.nogoods_size = 4570036
h25.t9.nodes = 8672120
h25.t9.propagations = 8672120
h25.t12.restarts = 286
h25.t12.nogoods_size = 4570036
h25.t12.nodes = 8687542
h25.t12.propagations = 8687542
h25.t17.restarts = 286
h25.t17.nogoods_size = 4570036
h25.t17.nodes = 4458307
h25.t17.propagations = 4458307
h25.t3.restarts = 286
h25.t3.nogoods_size = 4570036
h25.t3.nodes = 8768614
h25.t3.propagations = 8768614
h25.t13.restarts = 286
h25.t13.nogoods_size = 4570036
h25.t13.nodes = 8766985
h25.t13.propagations = 8766985
h25.t8.restarts = 286
h25.t8.nogoods_size = 4570036
h25.t8.nodes = 8775046
h25.t8.propagations = 8775046
h25.t1.restarts = 286
h25.t1.nogoods_size = 4570036
h25.t1.nodes = 8707403
h25.t1.propagations = 8707403
h25.t15.restarts = 286
h25.t15.nogoods_size = 4570036
h25.t15.nodes = 8699817
h25.t15.propagations = 8699817
h25.t10.restarts = 286
h25.t10.nogoods_size = 4570036
h25.t10.nodes = 8623503
h25.t10.propagations = 8623503
h25.t2.restarts = 286
h25.t2.nogoods_size = 4570036
h25.t2.nodes = 8793010
h25.t2.propagations = 8793010
h25.t6.restarts = 286
h25.t6.nogoods_size = 4570036
h25.t6.nodes = 8704267
h25.t6.propagations = 8704267
h25.t16.restarts = 286
h25.t16.nogoods_size = 4570036
h25.t16.nodes = 8731148
h25.t16.propagations = 8731148
h25.t11.restarts = 286
h25.t11.nogoods_size = 4570036
h25.t11.nodes = 8739028
h25.t11.propagations = 8739028
h25.t14.restarts = 286
h25.t14.nogoods_size = 4570036
h25.t14.nodes = 8781773
h25.t14.propagations = 8781773
h25.t7.restarts = 286
h25.t7.nogoods_size = 4570036
h25.t7.nodes = 8722339
h25.t7.propagations = 8722339
h25.t5.restarts = 286
h25.t5.nogoods_size = 4570036
h25.t5.nodes = 8657812
h25.t5.propagations = 8657812
h25.t0.restarts = 286
h25.t0.nogoods_size = 4570036
h25.t0.nodes = 3557710
h25.t0.propagations = 3557710
h25.search_time = 66734
h25.nodes = 147608734
h25.propagations = 399722848
h26.t17.stop_reason = aborted
h26.t17.restarts = 286
h26.t17.nogoods_size = 4567749
h26.t17.nodes = 4558248
h26.t17.propagations = 4558248
h26.t0.restarts = 286
h26.t0.nogoods_size = 4567749
h26.t0.nodes = 3560862
h26.t0.propagations = 3560862
h26.t4.stop_reason = aborted
h26.t4.restarts = 286
h26.t4.nogoods_size = 4567749
h26.t4.nodes = 8673187
h26.t4.propagations = 8673187
h26.t10.stop_reason = unsatisfiable
h26.t10.restarts = 286
h26.t10.nogoods_size = 4567749
h26.t10.nodes = 8565609
h26.t10.propagations = 8565609
h26.t15.stop_reason = aborted
h26.t15.restarts = 286
h26.t15.nogoods_size = 4567749
h26.t15.nodes = 8777700
h26.t15.propagations = 8777700
h26.t5.stop_reason = aborted
h26.t5.restarts = 286
h26.t5.nogoods_size = 4567749
h26.t5.nodes = 8782511
h26.t5.propagations = 8782511
h26.t14.stop_reason = aborted
h26.t14.restarts = 286
h26.t14.nogoods_size = 4567749
h26.t14.nodes = 8724656
h26.t14.propagations = 8724656
h26.t2.stop_reason = aborted
h26.t2.restarts = 286
h26.t2.nogoods_size = 4567749
h26.t2.nodes = 8708467
h26.t2.propagations = 8708467
h26.t3.stop_reason = aborted
h26.t3.restarts = 286
h26.t3.nogoods_size = 4567749
h26.t3.nodes = 8648051
h26.t3.propagations = 8648051
h26.t8.stop_reason = aborted
h26.t8.restarts = 286
h26.t8.nogoods_size = 4567749
h26.t8.nodes = 8770792
h26.t8.propagations = 8770792
h26.t13.stop_reason = aborted
h26.t13.restarts = 286
h26.t13.nogoods_size = 4567749
h26.t13.nodes = 8712823
h26.t13.propagations = 8712823
h26.t12.stop_reason = aborted
h26.t12.restarts = 286
h26.t12.nogoods_size = 4567749
h26.t12.nodes = 8678346
h26.t12.propagations = 8678346
h26.t1.stop_reason = aborted
h26.t1.restarts = 286
h26.t1.nogoods_size = 4567749
h26.t1.nodes = 8735433
h26.t1.propagations = 8735433
h26.t9.stop_reason = aborted
h26.t9.restarts = 286
h26.t9.nogoods_size = 4567749
h26.t9.nodes = 8730974
h26.t9.propagations = 8730974
h26.t16.stop_reason = aborted
h26.t16.restarts = 286
h26.t16.nogoods_size = 4567749
h26.t16.nodes = 8607831
h26.t16.propagations = 8607831
h26.t11.stop_reason = aborted
h26.t11.restarts = 286
h26.t11.nogoods_size = 4567749
h26.t11.nodes = 8696510
h26.t11.propagations = 8696510
h26.t6.stop_reason = aborted
h26.t6.restarts = 286
h26.t6.nogoods_size = 4567749
h26.t6.nodes = 8707365
h26.t6.propagations = 8707365
h26.t7.stop_reason = aborted
h26.t7.restarts = 286
h26.t7.nogoods_size = 4567749
h26.t7.nodes = 8735715
h26.t7.propagations = 8735715
h26.search_time = 66726
h26.nodes = 147375080
h26.propagations = 399183841
h27.t14.stop_reason = aborted
h27.t14.restarts = 286
h27.t14.nogoods_size = 4566807
h27.t14.nodes = 8726384
h27.t14.propagations = 8726384
h27.t10.stop_reason = aborted
h27.t10.restarts = 286
h27.t10.nogoods_size = 4566807
h27.t10.nodes = 8644126
h27.t10.propagations = 8644126
h27.t1.stop_reason = aborted
h27.t1.restarts = 286
h27.t1.nogoods_size = 4566807
h27.t1.nodes = 8635945
h27.t1.propagations = 8635945
h27.t6.stop_reason = aborted
h27.t6.restarts = 286
h27.t6.nogoods_size = 4566807
h27.t6.nodes = 8601913
h27.t6.propagations = 8601913
h27.t2.stop_reason = aborted
h27.t2.restarts = 286
h27.t2.nogoods_size = 4566807
h27.t2.nodes = 8617706
h27.t2.propagations = 8617706
h27.t7.stop_reason = aborted
h27.t7.restarts = 286
h27.t7.nogoods_size = 4566807
h27.t7.nodes = 8655842
h27.t7.propagations = 8655842
h27.t17.stop_reason = aborted
h27.t17.restarts = 286
h27.t17.nogoods_size = 4566807
h27.t17.nodes = 4475412
h27.t17.propagations = 4475412
h27.t11.stop_reason = aborted
h27.t11.restarts = 286
h27.t11.nogoods_size = 4566807
h27.t11.nodes = 8594693
h27.t11.propagations = 8594693
h27.t13.stop_reason = aborted
h27.t13.restarts = 286
h27.t13.nogoods_size = 4566807
h27.t13.nodes = 8680913
h27.t13.propagations = 8680913
h27.t8.stop_reason = unsatisfiable
h27.t8.restarts = 286
h27.t8.nogoods_size = 4566807
h27.t8.nodes = 8607238
h27.t8.propagations = 8607238
h27.t16.stop_reason = aborted
h27.t16.restarts = 286
h27.t16.nogoods_size = 4566807
h27.t16.nodes = 8596188
h27.t16.propagations = 8596188
h27.t4.stop_reason = aborted
h27.t4.restarts = 286
h27.t4.nogoods_size = 4566807
h27.t4.nodes = 8564608
h27.t4.propagations = 8564608
h27.t5.stop_reason = aborted
h27.t5.restarts = 286
h27.t5.nogoods_size = 4566807
h27.t5.nodes = 8582687
h27.t5.propagations = 8582687
h27.t12.stop_reason = aborted
h27.t12.restarts = 286
h27.t12.nogoods_size = 4566807
h27.t12.nodes = 8650800
h27.t12.propagations = 8650800
h27.t9.stop_reason = aborted
h27.t9.restarts = 286
h27.t9.nogoods_size = 4566807
h27.t9.nodes = 8606469
h27.t9.propagations = 8606469
h27.t3.stop_reason = aborted
h27.t3.restarts = 286
h27.t3.nogoods_size = 4566807
h27.t3.nodes = 8636741
h27.t3.propagations = 8636741
h27.t0.stop_reason = aborted
h27.t0.restarts = 286
h27.t0.nogoods_size = 4566807
h27.t0.nodes = 3494184
h27.t0.propagations = 3494184
h27.t15.stop_reason = aborted
h27.t15.restarts = 286
h27.t15.nogoods_size = 4566807
h27.t15.nodes = 8679251
h27.t15.propagations = 8679251
h27.search_time = 66726
h27.nodes = 146051100
h27.propagations = 395681880
h28.t3.restarts = 286
h28.t3.nogoods_size = 4568043
h28.t3.nodes = 7782344
h28.t3.propagations = 7782344
h28.t16.restarts = 286
h28.t16.nogoods_size = 4568043
h28.t16.nodes = 7771944
h28.t16.propagations = 7771944
h28.t5.restarts = 286
h28.t5.nogoods_size = 4568043
h28.t5.nodes = 7662895
h28.t5.propagations = 7662895
h28.t9.restarts = 286
h28.t9.nogoods_size = 4568043
h28.t9.nodes = 7742317
h28.t9.propagations = 7742317
h28.t6.restarts = 286
h28.t6.nogoods_size = 4568043
h28.t6.nodes = 7708298
h28.t6.propagations = 7708298
h28.t13.restarts = 286
h28.t13.nogoods_size = 4568043
h28.t13.nodes = 7683530
h28.t13.propagations = 7683530
h28.t4.restarts = 286
h28.t4.nogoods_size = 4568043
h28.t4.nodes = 7708406
h28.t4.propagations = 7708406
h28.t15.restarts = 286
h28.t15.nogoods_size = 4568043
h28.t15.nodes = 7624636
h28.t15.propagations = 7624636
h28.t17.restarts = 286
h28.t17.nogoods_size = 4568043
h28.t17.nodes = 4549705
h28.t17.propagations = 4549705
h28.t7.restarts = 286
h28.t7.nogoods_size = 4568043
h28.t7.nodes = 7778569
h28.t7.propagations = 7778569
h28.t1.restarts = 286
h28.t1.nogoods_size = 4568043
h28.t1.nodes = 7754304
h28.t1.propagations = 7754304
h28.t14.restarts = 286
h28.t14.nogoods_size = 4568043
h28.t14.nodes = 7712228
h28.t14.propagations = 7712228
h28.t0.restarts = 286
h28.t0.nogoods_size = 4568043
h28.t0.nodes = 3685851
h28.t0.propagations = 3685851
h28.t2.restarts = 286
h28.t2.nogoods_size = 4568043
h28.t2.nodes = 7652621
h28.t2.propagations = 7652621
h28.t12.restarts = 286
h28.t12.nogoods_size = 4568043
h28.t12.nodes = 7695630
h28.t12.propagations = 7695630
h28.t11.restarts = 286
h28.t11.nogoods_size = 4568043
h28.t11.nodes = 7699326
h28.t11.propagations = 7699326
h28.t10.restarts = 286
h28.t10.nogoods_size = 4568043
h28.t10.nodes = 7641333
h28.t10.propagations = 7641333
h28.t8.restarts = 286
h28.t8.nogoods_size = 4568043
h28.t8.nodes = 7796582
h28.t8.propagations = 7796582
h28.search_time = 66734
h28.nodes = 131650519
h28.propagations = 356872103
h29.t16.restarts = 286
h29.t16.nogoods_size = 4568315
h29.t16.nodes = 7628689
h29.t16.propagations = 7628689
h29.t7.restarts = 286
h29.t7.nogoods_size = 4568315
h29.t7.nodes = 7747067
h29.t7.propagations = 7747067
h29.t11.restarts = 286
h29.t11.nogoods_size = 4568315
h29.t11.nodes = 7605797
h29.t11.propagations = 7605797
h29.t14.restarts = 286
h29.t14.nogoods_size = 4568315
h29.t14.nodes = 7702189
h29.t14.propagations = 7702189
h29.t8.restarts = 286
h29.t8.nogoods_size = 4568315
h29.t8.nodes = 7719434
h29.t8.propagations = 7719434
h29.t1.restarts = 286
h29.t1.nogoods_size = 4568315
h29.t1.nodes = 7801275
h29.t1.propagations = 7801275
h29.t5.restarts = 286
h29.t5.nogoods_size = 4568315
h29.t5.nodes = 7727760
h29.t5.propagations = 7727760
h29.t9.restarts = 286
h29.t9.nogoods_size = 4568315
h29.t9.nodes = 7708596
h29.t9.propagations = 7708596
h29.t15.restarts = 286
h29.t15.nogoods_size = 4568315
h29.t15.nodes = 7680913
h29.t15.propagations = 7680913
h29.t12.restarts = 286
h29.t12.nogoods_size = 4568315
h29.t12.nodes = 7720354
h29.t12.propagations = 7720354
h29.t10.restarts = 286
h29.t10.nogoods_size = 4568315
h29.t10.nodes = 7704835
h29.t10.propagations = 7704835
h29.t17.restarts = 286
h29.t17.nogoods_size = 4568315
h29.t17.nodes = 4548897
h29.t17.propagations = 4548897
h29.t6.restarts = 286
h29.t6.nogoods_size = 4568315
h29.t6.nodes = 7672659
h29.t6.propagations = 7672659
h29.t13.restarts = 286
h29.t13.nogoods_size = 4568315
h29.t13.nodes = 7784756
h29.t13.propagations = 7784756
h29.t2.restarts = 286
h29.t2.nogoods_size = 4568315
h29.t2.nodes = 7773054
h29.t2.propagations = 7773054
h29.t4.restarts = 286
h29.t4.nogoods_size = 4568315
h29.t4.nodes = 7684788
h29.t4.propagations = 7684788
h29.t3.restarts = 286
h29.t3.nogoods_size = 4568315
h29.t3.nodes = 7772303
h29.t3.propagations = 7772303
h29.t0.restarts = 286
h29.t0.nogoods_size = 4568315
h29.t0.nodes = 3689599
h29.t0.propagations = 3689599
h29.search_time = 66733
h29.nodes = 131672965
h29.propagations = 356827585
h30.t10.stop_reason = aborted
h30.t10.restarts = 286
h30.t10.nogoods_size = 4567913
h30.t10.nodes = 8719716
h30.t10.propagations = 8719716
h30.t14.stop_reason = aborted
h30.t14.restarts = 286
h30.t14.nogoods_size = 4567913
h30.t14.nodes = 8707623
h30.t14.propagations = 8707623
h30.t4.stop_reason = aborted
h30.t4.restarts = 286
h30.t4.nogoods_size = 4567913
h30.t4.nodes = 8718138
h30.t4.propagations = 8718138
h30.t7.stop_reason = unsatisfiable
h30.t7.restarts = 286
h30.t7.nogoods_size = 4567913
h30.t7.nodes = 8756037
h30.t7.propagations = 8756037
h30.t17.stop_reason = aborted
h30.t17.restarts = 286
h30.t17.nogoods_size = 4567913
h30.t17.nodes = 4567857
h30.t17.propagations = 4567857
h30.t9.stop_reason = aborted
h30.t9.restarts = 286
h30.t9.nogoods_size = 4567913
h30.t9.nodes = 8791243
h30.t9.propagations = 8791243
h30.t3.stop_reason = aborted
h30.t3.restarts = 286
h30.t3.nogoods_size = 4567913
h30.t3.nodes = 8774874
h30.t3.propagations = 8774874
h30.t1.stop_reason = aborted
h30.t1.restarts = 286
h30.t1.nogoods_size = 4567913
h30.t1.nodes = 8770564
h30.t1.propagations = 8770564
h30.t13.stop_reason = aborted
h30.t13.restarts = 286
h30.t13.nogoods_size = 4567913
h30.t13.nodes = 8771289
h30.t13.propagations = 8771289
h30.t16.stop_reason = aborted
h30.t16.restarts = 286
h30.t16.nogoods_size = 4567913
h30.t16.nodes = 8643388
h30.t16.propagations = 8643388
h30.t5.stop_reason = aborted
h30.t5.restarts = 286
h30.t5.nogoods_size = 4567913
h30.t5.nodes = 8744005
h30.t5.propagations = 8744005
h30.t2.stop_reason = aborted
h30.t2.restarts = 286
h30.t2.nogoods_size = 4567913
h30.t2.nodes = 8778173
h30.t2.propagations = 8778173
h30.t8.stop_reason = aborted
h30.t8.restarts = 286
h30.t8.nogoods_size = 4567913
h30.t8.nodes = 8753259
h30.t8.propagations = 8753259
h30.t12.stop_reason = aborted
h30.t12.restarts = 286
h30.t12.nogoods_size = 4567913
h30.t12.nodes = 8643462
h30.t12.propagations = 8643462
h30.t11.stop_reason = aborted
h30.t11.restarts = 286
h30.t11.nogoods_size = 4567913
h30.t11.nodes = 8760333
h30.t11.propagations = 8760333
h30.t6.stop_reason = aborted
h30.t6.restarts = 286
h30.t6.nogoods_size = 4567913
h30.t6.nodes = 8769504
h30.t6.propagations = 8769504
h30.t0.restarts = 286
h30.t0.nogoods_size = 4567913
h30.t0.nodes = 3566024
h30.t0.propagations = 3566024
h30.t15.stop_reason = aborted
h30.t15.restarts = 286
h30.t15.nogoods_size = 4567913
h30.t15.nodes = 8723623
h30.t15.propagations = 8723623
h30.search_time = 66726
h30.nodes = 147959112
h30.propagations = 400889224
h31.t17.stop_reason = aborted
h31.t17.restarts = 286
h31.t17.nogoods_size = 4567696
h31.t17.nodes = 4515031
h31.t17.propagations = 4515031
h31.t0.stop_reason = aborted
h31.t0.restarts = 286
h31.t0.nogoods_size = 4567696
h31.t0.nodes = 3452752
h31.t0.propagations = 3452752
h31.t8.stop_reason = aborted
h31.t8.restarts = 286
h31.t8.nogoods_size = 4567696
h31.t8.nodes = 8722510
h31.t8.propagations = 8722510
h31.t5.stop_reason = aborted
h31.t5.restarts = 286
h31.t5.nogoods_size = 4567696
h31.t5.nodes = 8623207
h31.t5.propagations = 8623207
h31.t9.stop_reason = aborted
h31.t9.restarts = 286
h31.t9.nogoods_size = 4567696
h31.t9.nodes = 8644570
h31.t9.propagations = 8644570
h31.t2.stop_reason = unsatisfiable
h31.t2.restarts = 286
h31.t2.nogoods_size = 4567696
h31.t2.nodes = 8625404
h31.t2.propagations = 8625404
h31.t14.stop_reason = aborted
h31.t14.restarts = 286
h31.t14.nogoods_size = 4567696
h31.t14.nodes = 8623405
h31.t14.propagations = 8623405
h31.t13.stop_reason = aborted
h31.t13.restarts = 286
h31.t13.nogoods_size = 4567696
h31.t13.nodes = 8595044
h31.t13.propagations = 8595044
h31.t4.stop_reason = aborted
h31.t4.restarts = 286
h31.t4.nogoods_size = 4567696
h31.t4.nodes = 8680147
h31.t4.propagations = 8680147
h31.t7.stop_reason = aborted
h31.t7.restarts = 286
h31.t7.nogoods_size = 4567696
h31.t7.nodes = 8633957
h31.t7.propagations = 8633957
h31.t3.stop_reason = aborted
h31.t3.restarts = 286
h31.t3.nogoods_size = 4567696
h31.t3.nodes = 8632731
h31.t3.propagations = 8632731
h31.t10.stop_reason = aborted
h31.t10.restarts = 286
h31.t10.nogoods_size = 4567696
h31.t10.nodes = 8600399
h31.t10.propagations = 8600399
h31.t15.stop_reason = aborted
h31.t15.restarts = 286
h31.t15.nogoods_size = 4567696
h31.t15.nodes = 8552986
h31.t15.propagations = 8552986
h31.t11.stop_reason = aborted
h31.t11.restarts = 286
h31.t11.nogoods_size = 4567696
h31.t11.nodes = 8725004
h31.t11.propagations = 8725004
h31.t16.stop_reason = aborted
h31.t16.restarts = 286
h31.t16.nogoods_size = 4567696
h31.t16.nodes = 8662517
h31.t16.propagations = 8662517
h31.t12.stop_reason = aborted
h31.t12.restarts = 286
h31.t12.nogoods_size = 4567696
h31.t12.nodes = 8725711
h31.t12.propagations = 8725711
h31.t1.stop_reason = aborted
h31.t1.restarts = 286
h31.t1.nogoods_size = 4567696
h31.t1.nodes = 8596185
h31.t1.propagations = 8596185
h31.t6.stop_reason = aborted
h31.t6.restarts = 286
h31.t6.nogoods_size = 4567696
h31.t6.nodes = 8666130
h31.t6.propagations = 8666130
h31.search_time = 66726
h31.nodes = 146277690
h31.propagations = 396195625
h32.t15.stop_reason = aborted
h32.t15.restarts = 286
h32.t15.nogoods_size = 4566195
h32.t15.nodes = 8658986
h32.t15.propagations = 8658986
h32.t16.stop_reason = unsatisfiable
h32.t16.restarts = 286
h32.t16.nogoods_size = 4566195
h32.t16.nodes = 8713947
h32.t16.propagations = 8713947
h32.t11.stop_reason = aborted
h32.t11.restarts = 286
h32.t11.nogoods_size = 4566195
h32.t11.nodes = 8687521
h32.t11.propagations = 8687521
h32.t4.stop_reason = aborted
h32.t4.restarts = 286
h32.t4.nogoods_size = 4566195
h32.t4.nodes = 8737047
h32.t4.propagations = 8737047
h32.t17.stop_reason = aborted
h32.t17.restarts = 286
h32.t17.nogoods_size = 4566195
h32.t17.nodes = 4547189
h32.t17.propagations = 4547189
h32.t1.stop_reason = aborted
h32.t1.restarts = 286
h32.t1.nogoods_size = 4566195
h32.t1.nodes = 8699817
h32.t1.propagations = 8699817
h32.t9.stop_reason = aborted
h32.t9.restarts = 286
h32.t9.nogoods_size = 4566195
h32.t9.nodes = 8776095
h32.t9.propagations = 8776095
h32.t2.stop_reason = aborted
h32.t2.restarts = 286
h32.t2.nogoods_size = 4566195
h32.t2.nodes = 8646627
h32.t2.propagations = 8646627
h32.t5.stop_reason = aborted
h32.t5.restarts = 286
h32.t5.nogoods_size = 4566195
h32.t5.nodes = 8668597
h32.t5.propagations = 8668597
h32.t14.stop_reason = aborted
h32.t14.restarts = 286
h32.t14.nogoods_size = 4566195
h32.t14.nodes = 8645159
h32.t14.propagations = 8645159
h32.t3.stop_reason = aborted
h32.t3.restarts = 286
h32.t3.nogoods_size = 4566195
h32.t3.nodes = 8640755
h32.t3.propagations = 8640755
h32.t10.stop_reason = aborted
h32.t10.restarts = 286
h32.t10.nogoods_size = 4566195
h32.t10.nodes = 8667421
h32.t10.propagations = 8667421
h32.t6.stop_reason = aborted
h32.t6.restarts = 286
h32.t6.nogoods_size = 4566195
h32.t6.nodes = 8730617
h32.t6.propagations = 8730617
h32.t8.stop_reason = aborted
h32.t8.restarts = 286
h32.t8.nogoods_size = 4566195
h32.t8.nodes = 8694527
h32.t8.propagations = 8694527
h32.t12.stop_reason = aborted
h32.t12.restarts = 286
h32.t12.nogoods_size = 4566195
h32.t12.nodes = 8570939
h32.t12.propagations = 8570939
h32.t13.stop_reason = aborted
h32.t13.restarts = 286
h32.t13.nogoods_size = 4566195
h32.t13.nodes = 8689221
h32.t13.propagations = 8689221
h32.t0.restarts = 286
h32.t0.nogoods_size = 4566195
h32.t0.nodes = 3521679
h32.t0.propagations = 3521679
h32.t7.stop_reason = aborted
h32.t7.restarts = 286
h32.t7.nogoods_size = 4566195
h32.t7.nodes = 8717792
h32.t7.propagations = 8717792
h32.search_time = 66727
h32.nodes = 147013936
h32.propagations = 398190395
h33.t5.restarts = 286
h33.t5.nogoods_size = 4571138
h33.t5.nodes = 8572991
h33.t5.propagations = 8572991
h33.t2.restarts = 286
h33.t2.nogoods_size = 4571138
h33.t2.nodes = 8635766
h33.t2.propagations = 8635766
h33.t3.restarts = 286
h33.t3.nogoods_size = 4571138
h33.t3.nodes = 8610081
h33.t3.propagations = 8610081
h33.t17.restarts = 286
h33.t17.nogoods_size = 4571138
h33.t17.nodes = 4471376
h33.t17.propagations = 4471376
h33.t8.restarts = 286
h33.t8.nogoods_size = 4571138
h33.t8.nodes = 8631809
h33.t8.propagations = 8631809
h33.t6.restarts = 286
h33.t6.nogoods_size = 4571138
h33.t6.nodes = 8634495
h33.t6.propagations = 8634495
h33.t10.restarts = 286
h33.t10.nogoods_size = 4571138
h33.t10.nodes = 8539712
h33.t10.propagations = 8539712
h33.t1.restarts = 286
h33.t1.nogoods_size = 4571138
h33.t1.nodes = 8575021
h33.t1.propagations = 8575021
h33.t13.restarts = 286
h33.t13.nogoods_size = 4571138
h33.t13.nodes = 8572742
h33.t13.propagations = 8572742
h33.t15.restarts = 286
h33.t15.nogoods_size = 4571138
h33.t15.nodes = 8487757
h33.t15.propagations = 8487757
h33.t7.restarts = 286
h33.t7.nogoods_size = 4571138
h33.t7.nodes = 8618381
h33.t7.propagations = 8618381
h33.t16.restarts = 286
h33.t16.nogoods_size = 4571138
h33.t16.nodes = 8625294
h33.t16.propagations = 8625294
h33.t4.restarts = 286
h33.t4.nogoods_size = 4571138
h33.t4.nodes = 8605364
h33.t4.propagations = 8605364
h33.t9.restarts = 286
h33.t9.nogoods_size = 4571138
h33.t9.nodes = 8591278
h33.t9.propagations = 8591278
h33.t14.restarts = 286
h33.t14.nogoods_size = 4571138
h33.t14.nodes = 8629375
h33.t14.propagations = 8629375
h33.t12.restarts = 286
h33.t12.nogoods_size = 4571138
h33.t12.nodes = 8582090
h33.t12.propagations = 8582090
h33.t0.restarts = 286
h33.t0.nogoods_size = 4571138
h33.t0.nodes = 3480698
h33.t0.propagations = 3480698
h33.t11.restarts = 286
h33.t11.nogoods_size = 4571138
h33.t11.nodes = 8546509
h33.t11.propagations = 8546509
h33.search_time = 66733
h33.nodes = 145410739
h33.propagations = 393940991
h34.t14.restarts = 286
h34.t14.nogoods_size = 4567907
h34.t14.nodes = 7733779
h34.t14.propagations = 7733779
h34.t12.restarts = 286
h34.t12.nogoods_size = 4567907
h34.t12.nodes = 7788297
h34.t12.propagations = 7788297
h34.t3.restarts = 286
h34.t3.nogoods_size = 4567907
h34.t3.nodes = 7818855
h34.t3.propagations = 7818855
h34.t5.restarts = 286
h34.t5.nogoods_size = 4567907
h34.t5.nodes = 7848778
h34.t5.propagations = 7848778
h34.t17.restarts = 286
h34.t17.nogoods_size = 4567907
h34.t17.nodes = 4557976
h34.t17.propagations = 4557976
h34.t1.restarts = 286
h34.t1.nogoods_size = 4567907
h34.t1.nodes = 7758986
h34.t1.propagations = 7758986
h34.t13.restarts = 286
h34.t13.nogoods_size = 4567907
h34.t13.nodes = 7795670
h34.t13.propagations = 7795670
h34.t8.restarts = 286
h34.t8.nogoods_size = 4567907
h34.t8.nodes = 7641107
h34.t8.propagations = 7641107
h34.t16.restarts = 286
h34.t16.nogoods_size = 4567907
h34.t16.nodes = 7701697
h34.t16.propagations = 7701697
h34.t9.restarts = 286
h34.t9.nogoods_size = 4567907
h34.t9.nodes = 7794859
h34.t9.propagations = 7794859
h34.t10.restarts = 286
h34.t10.nogoods_size = 4567907
h34.t10.nodes = 7628106
h34.t10.propagations = 7628106
h34.t6.restarts = 286
h34.t6.nogoods_size = 4567907
h34.t6.nodes = 7712705
h34.t6.propagations = 7712705
h34.t11.restarts = 286
h34.t11.nogoods_size = 4567907
h34.t11.nodes = 7776917
h34.t11.propagations = 7776917
h34.t4.restarts = 286
h34.t4.nogoods_size = 4567907
h34.t4.nodes = 7728277
h34.t4.propagations = 7728277
h34.t7.restarts = 286
h34.t7.nogoods_size = 4567907
h34.t7.nodes = 7866151
h34.t7.propagations = 7866151
h34.t0.restarts = 286
h34.t0.nogoods_size = 4567907
h34.t0.nodes = 3745766
h34.t0.propagations = 3745766
h34.t2.restarts = 286
h34.t2.nogoods_size = 4567907
h34.t2.nodes = 7679608
h34.t2.propagations = 7679608
h34.t15.restarts = 286
h34.t15.nogoods_size = 4567907
h34.t15.nodes = 7790481
h34.t15.propagations = 7790481
h34.search_time = 66725
h34.nodes = 132368015
h34.propagations = 358676017
h35.t9.restarts = 286
h35.t9.nogoods_size = 4567597
h35.t9.nodes = 7844852
h35.t9.propagations = 7844852
h35.t8.restarts = 286
h35.t8.nogoods_size = 4567597
h35.t8.nodes = 7764165
h35.t8.propagations = 7764165
h35.t5.restarts = 286
h35.t5.nogoods_size = 4567597
h35.t5.nodes = 7945921
h35.t5.propagations = 7945921
h35.t15.restarts = 286
h35.t15.nogoods_size = 4567597
h35.t15.nodes = 7743181
h35.t15.propagations = 7743181
h35.t4.restarts = 286
h35.t4.nogoods_size = 4567597
h35.t4.nodes = 7737591
h35.t4.propagations = 7737591
h35.t17.restarts = 286
h35.t17.nogoods_size = 4567597
h35.t17.nodes = 4569160
h35.t17.propagations = 4569160
h35.t12.restarts = 286
h35.t12.nogoods_size = 4567597
h35.t12.nodes = 7702216
h35.t12.propagations = 7702216
h35.t7.restarts = 286
h35.t7.nogoods_size = 4567597
h35.t7.nodes = 7731604
h35.t7.propagations = 7731604
h35.t6.restarts = 286
h35.t6.nogoods_size = 4567597
h35.t6.nodes = 7695103
h35.t6.propagations = 7695103
h35.t13.restarts = 286
h35.t13.nogoods_size = 4567597
h35.t13.nodes = 7897689
h35.t13.propagations = 7897689
h35.t10.restarts = 286
h35.t10.nogoods_size = 4567597
h35.t10.nodes = 7744987
h35.t10.propagations = 7744987
h35.t1.restarts = 286
h35.t1.nogoods_size = 4567597
h35.t1.nodes = 7846542
h35.t1.propagations = 7846542
h35.t2.restarts = 286
h35.t2.nogoods_size = 4567597
h35.t2.nodes = 7730842
h35.t2.propagations = 7730842
h35.t16.restarts = 286
h35.t16.nogoods_size = 4567597
h35.t16.nodes = 7730160
h35.t16.propagations = 7730160
h35.t14.restarts = 286
h35.t14.nogoods_size = 4567597
h35.t14.nodes = 7739408
h35.t14.propagations = 7739408
h35.t0.restarts = 286
h35.t0.nogoods_size = 4567597
h35.t0.nodes = 3737092
h35.t0.propagations = 3737092
h35.t3.restarts = 286
h35.t3.nogoods_size = 4567597
h35.t3.nodes = 7701822
h35.t3.propagations = 7701822
h35.t11.restarts = 286
h35.t11.nogoods_size = 4567597
h35.t11.nodes = 7775928
h35.t11.propagations = 7775928
h35.search_time = 66729
h35.nodes = 132638263
h35.propagations = 359483866
h36.t14.stop_reason = aborted
h36.t14.restarts = 286
h36.t14.nogoods_size = 4567677
h36.t14.nodes = 8668395
h36.t14.propagations = 8668395
h36.t16.stop_reason = aborted
h36.t16.restarts = 286
h36.t16.nogoods_size = 4567677
h36.t16.nodes = 8687977
h36.t16.propagations = 8687977
h36.t17.stop_reason = aborted
h36.t17.restarts = 286
h36.t17.nogoods_size = 4567677
h36.t17.nodes = 4596896
h36.t17.propagations = 4596896
h36.t3.stop_reason = aborted
h36.t3.restarts = 286
h36.t3.nogoods_size = 4567677
h36.t3.nodes = 8592916
h36.t3.propagations = 8592916
h36.t15.stop_reason = unsatisfiable
h36.t15.restarts = 286
h36.t15.nogoods_size = 4567677
h36.t15.nodes = 8639393
h36.t15.propagations = 8639393
h36.t1.stop_reason = aborted
h36.t1.restarts = 286
h36.t1.nogoods_size = 4567677
h36.t1.nodes = 8624098
h36.t1.propagations = 8624098
h36.t9.stop_reason = aborted
h36.t9.restarts = 286
h36.t9.nogoods_size = 4567677
h36.t9.nodes = 8718947
h36.t9.propagations = 8718947
h36.t5.stop_reason = aborted
h36.t5.restarts = 286
h36.t5.nogoods_size = 4567677
h36.t5.nodes = 8676176
h36.t5.propagations = 8676176
h36.t13.stop_reason = aborted
h36.t13.restarts = 286
h36.t13.nogoods_size = 4567677
h36.t13.nodes = 8670459
h36.t13.propagations = 8670459
h36.t2.stop_reason = aborted
h36.t2.restarts = 286
h36.t2.nogoods_size = 4567677
h36.t2.nodes = 8718795
h36.t2.propagations = 8718795
h36.t7.stop_reason = aborted
h36.t7.restarts = 286
h36.t7.nogoods_size = 4567677
h36.t7.nodes = 8712190
h36.t7.propagations = 8712190
h36.t6.stop_reason = aborted
h36.t6.restarts = 286
h36.t6.nogoods_size = 4567677
h36.t6.nodes = 8646761
h36.t6.propagations = 8646761
h36.t12.stop_reason = aborted
h36.t12.restarts = 286
h36.t12.nogoods_size = 4567677
h36.t12.nodes = 8667090
h36.t12.propagations = 8667090
h36.t8.stop_reason = aborted
h36.t8.restarts = 286
h36.t8.nogoods_size = 4567677
h36.t8.nodes = 8620509
h36.t8.propagations = 8620509
h36.t4.stop_reason = aborted
h36.t4.restarts = 286
h36.t4.nogoods_size = 4567677
h36.t4.nodes = 8581835
h36.t4.propagations = 8581835
h36.t11.stop_reason = aborted
h36.t11.restarts = 286
h36.t11.nogoods_size = 4567677
h36.t11.nodes = 8699350
h36.t11.propagations = 8699350
h36.t10.stop_reason = aborted
h36.t10.restarts = 286
h36.t10.nogoods_size = 4567677
h36.t10.nodes = 8605161
h36.t10.propagations = 8605161
h36.t0.restarts = 286
h36.t0.nogoods_size = 4567677
h36.t0.nodes = 3454520
h36.t0.propagations = 3454520
h36.search_time = 66726
h36.nodes = 146581468
h36.propagations = 396933252
h37.t4.stop_reason = aborted
h37.t4.restarts = 286
h37.t4.nogoods_size = 4568271
h37.t4.nodes = 8741645
h37.t4.propagations = 8741645
h37.t1.stop_reason = aborted
h37.t1.restarts = 286
h37.t1.nogoods_size = 4568271
h37.t1.nodes = 8815357
h37.t1.propagations = 8815357
h37.t9.stop_reason = aborted
h37.t9.restarts = 286
h37.t9.nogoods_size = 4568271
h37.t9.nodes = 8737328
h37.t9.propagations = 8737328
h37.t10.stop_reason = aborted
h37.t10.restarts = 286
h37.t10.nogoods_size = 4568271
h37.t10.nodes = 8696625
h37.t10.propagations = 8696625
h37.t7.stop_reason = aborted
h37.t7.restarts = 286
h37.t7.nogoods_size = 4568271
h37.t7.nodes = 8724898
h37.t7.propagations = 8724898
h37.t8.stop_reason = aborted
h37.t8.restarts = 286
h37.t8.nogoods_size = 4568271
h37.t8.nodes = 8741791
h37.t8.propagations = 8741791
h37.t12.stop_reason = aborted
h37.t12.restarts = 286
h37.t12.nogoods_size = 4568271
h37.t12.nodes = 8746902
h37.t12.propagations = 8746902
h37.t17.stop_reason = aborted
h37.t17.restarts = 286
h37.t17.nogoods_size = 4568271
h37.t17.nodes = 4602994
h37.t17.propagations = 4602994
h37.t16.stop_reason = aborted
h37.t16.restarts = 286
h37.t16.nogoods_size = 4568271
h37.t16.nodes = 8704544
h37.t16.propagations = 8704544
h37.t3.stop_reason = aborted
h37.t3.restarts = 286
h37.t3.nogoods_size = 4568271
h37.t3.nodes = 8652262
h37.t3.propagations = 8652262
h37.t13.stop_reason = aborted
h37.t13.restarts = 286
h37.t13.nogoods_size = 4568271
h37.t13.nodes = 8602502
h37.t13.propagations = 8602502
h37.t6.stop_reason = aborted
h37.t6.restarts = 286
h37.t6.nogoods_size = 4568271
h37.t6.nodes = 8721834
h37.t6.propagations = 8721834
h37.t5.stop_reason = unsatisfiable
h37.t5.restarts = 286
h37.t5.nogoods_size = 4568271
h37.t5.nodes = 8681527
h37.t5.propagations = 8681527
h37.t11.stop_reason = aborted
h37.t11.restarts = 286
h37.t11.nogoods_size = 4568271
h37.t11.nodes = 8625284
h37.t11.propagations = 8625284
h37.t2.stop_reason = aborted
h37.t2.restarts = 286
h37.t2.nogoods_size = 4568271
h37.t2.nodes = 8722053
h37.t2.propagations = 8722053
h37.t15.stop_reason = aborted
h37.t15.restarts = 286
h37.t15.nogoods_size = 4568271
h37.t15.nodes = 8677184
h37.t15.propagations = 8677184
h37.t14.stop_reason = aborted
h37.t14.restarts = 286
h37.t14.nogoods_size = 4568271
h37.t14.nodes = 8726198
h37.t14.propagations = 8726198
h37.t0.stop_reason = aborted
h37.t0.restarts = 286
h37.t0.nogoods_size = 4568271
h37.t0.nodes = 3542790
h37.t0.propagations = 3542790
h37.search_time = 66727
h37.nodes = 147463718
h37.propagations = 399446414
h38.t17.stop_reason = aborted
h38.t17.restarts = 286
h38.t17.nogoods_size = 4568016
h38.t17.nodes = 4520045
h38.t17.propagations = 4520045
h38.t0.restarts = 286
h38.t0.nogoods_size = 4568016
h38.t0.nodes = 3565741
h38.t0.propagations = 3565741
h38.t9.stop_reason = aborted
h38.t9.restarts = 286
h38.t9.nogoods_size = 4568016
h38.t9.nodes = 8734703
h38.t9.propagations = 8734703
h38.t6.stop_reason = unsatisfiable
h38.t6.restarts = 286
h38.t6.nogoods_size = 4568016
h38.t6.nodes = 8730887
h38.t6.propagations = 8730887
h38.t16.stop_reason = aborted
h38.t16.restarts = 286
h38.t16.nogoods_size = 4568016
h38.t16.nodes = 8733227
h38.t16.propagations = 8733227
h38.t2.stop_reason = aborted
h38.t2.restarts = 286
h38.t2.nogoods_size = 4568016
h38.t2.nodes = 8788882
h38.t2.propagations = 8788882
h38.t1.stop_reason = aborted
h38.t1.restarts = 286
h38.t1.nogoods_size = 4568016
h38.t1.nodes = 8784643
h38.t1.propagations = 8784643
h38.t8.stop_reason = aborted
h38.t8.restarts = 286
h38.t8.nogoods_size = 4568016
h38.t8.nodes = 8841081
h38.t8.propagations = 8841081
h38.t13.stop_reason = aborted
h38.t13.restarts = 286
h38.t13.nogoods_size = 4568016
h38.t13.nodes = 8648374
h38.t13.propagations = 8648374
h38.t7.stop_reason = aborted
h38.t7.restarts = 286
h38.t7.nogoods_size = 4568016
h38.t7.nodes = 8827146
h38.t7.propagations = 8827146
h38.t3.stop_reason = aborted
h38.t3.restarts = 286
h38.t3.nogoods_size = 4568016
h38.t3.nodes = 8807838
h38.t3.propagations = 8807838
h38.t4.stop_reason = aborted
h38.t4.restarts = 286
h38.t4.nogoods_size = 4568016
h38.t4.nodes = 8773491
h38.t4.propagations = 8773491
h38.t12.stop_reason = aborted
h38.t12.restarts = 286
h38.t12.nogoods_size = 4568016
h38.t12.nodes = 8788076
h38.t12.propagations = 8788076
h38.t15.stop_reason = aborted
h38.t15.restarts = 286
h38.t15.nogoods_size = 4568016
h38.t15.nodes = 8722022
h38.t15.propagations = 8722022
h38.t11.stop_reason = aborted
h38.t11.restarts = 286
h38.t11.nogoods_size = 4568016
h38.t11.nodes = 8762759
h38.t11.propagations = 8762759
h38.t10.stop_reason = aborted
h38.t10.restarts = 286
h38.t10.nogoods_size = 4568016
h38.t10.nodes = 8719974
h38.t10.propagations = 8719974
h38.t14.stop_reason = aborted
h38.t14.restarts = 286
h38.t14.nogoods_size = 4568016
h38.t14.nodes = 8708379
h38.t14.propagations = 8708379
h38.t5.stop_reason = aborted
h38.t5.restarts = 286
h38.t5.nogoods_size = 4568016
h38.t5.nodes = 8767613
h38.t5.propagations = 8767613
h38.search_time = 66726
h38.nodes = 148224881
h38.propagations = 401450344
h39.t8.restarts = 286
h39.t8.nogoods_size = 4570360
h39.t8.nodes = 8593530
h39.t8.propagations = 8593530
h39.t4.restarts = 286
h39.t4.nogoods_size = 4570360
h39.t4.nodes = 8517104
h39.t4.propagations = 8517104
h39.t3.restarts = 286
h39.t3.nogoods_size = 4570360
h39.t3.nodes = 8601583
h39.t3.propagations = 8601583
h39.t7.restarts = 286
h39.t7.nogoods_size = 4570360
h39.t7.nodes = 8534209
h39.t7.propagations = 8534209
h39.t13.restarts = 286
h39.t13.nogoods_size = 4570360
h39.t13.nodes = 8526187
h39.t13.propagations = 8526187
h39.t11.restarts = 286
h39.t11.nogoods_size = 4570360
h39.t11.nodes = 8653415
h39.t11.propagations = 8653415
h39.t15.restarts = 286
h39.t15.nogoods_size = 4570360
h39.t15.nodes = 8630129
h39.t15.propagations = 8630129
h39.t6.restarts = 286
h39.t6.nogoods_size = 4570360
h39.t6.nodes = 8545755
h39.t6.propagations = 8545755
h39.t2.restarts = 286
h39.t2.nogoods_size = 4570360
h39.t2.nodes = 8695105
h39.t2.propagations = 8695105
h39.t12.restarts = 286
h39.t12.nogoods_size = 4570360
h39.t12.nodes = 8670372
h39.t12.propagations = 8670372
h39.t17.restarts = 286
h39.t17.nogoods_size = 4570360
h39.t17.nodes = 4492865
h39.t17.propagations = 4492865
h39.t16.restarts = 286
h39.t16.nogoods_size = 4570360
h39.t16.nodes = 8579658
h39.t16.propagations = 8579658
h39.t9.restarts = 286
h39.t9.nogoods_size = 4570360
h39.t9.nodes = 8596539
h39.t9.propagations = 8596539
h39.t10.restarts = 286
h39.t10.nogoods_size = 4570360
h39.t10.nodes = 8536397
h39.t10.propagations = 8536397
h39.t1.restarts = 286
h39.t1.nogoods_size = 4570360
h39.t1.nodes = 8620710
h39.t1.propagations = 8620710
h39.t5.restarts = 286
h39.t5.nogoods_size = 4570360
h39.t5.nodes = 8642703
h39.t5.propagations = 8642703
h39.t0.restarts = 286
h39.t0.nogoods_size = 4570360
h39.t0.nodes = 3515035
h39.t0.propagations = 3515035
h39.t14.restarts = 286
h39.t14.nogoods_size = 4570360
h39.t14.nodes = 8455931
h39.t14.propagations = 8455931
h39.search_time = 66733
h39.nodes = 145407227
h39.propagations = 393983045
