New incumbent 1 at time 154 ms
New incumbent 2 at time 155 ms
New incumbent 3 at time 155 ms
New incumbent 4 at time 155 ms
New incumbent 5 at time 157 ms
New incumbent 6 at time 157 ms
New incumbent 7 at time 157 ms
New incumbent 8 at time 159 ms
New incumbent 9 at time 159 ms
New incumbent 10 at time 159 ms
New incumbent 11 at time 159 ms
New incumbent 12 at time 185 ms
New incumbent 13 at time 291 ms
New incumbent 14 at time 317 ms
Upper bound: 31
New incumbent 15 at time 731 ms
New incumbent 16 at time 731 ms
New incumbent 17 at time 1175 ms
Upper bound: 30
New incumbent 18 at time 39239 ms
Solution size 18
(0 -> 316) (1 -> 1441) (2 -> 1440) (3 -> 1442) (4 -> 1443) (5 -> 1449) (6 -> 1447) (7 -> 1448) (8 -> 1450) (9 -> 1431) (11 -> 1451) (13 -> 320) (16 -> 325) (20 -> 1445) (22 -> 1444) (28 -> 1439) (30 -> 314) (31 -> 315) 
Peak nogood count:                  0
Final nogood count:                 0
Nodes:                              37120284
Time of last incumbent update (ms): 39239
CPU time (ms):                      1000003
TIMEOUT
Summary:
TIMEOUT 0 0 37120284 39239 1000003
