New incumbent 1 at time 1066 ms
New incumbent 2 at time 1066 ms
New incumbent 3 at time 1066 ms
New incumbent 4 at time 1066 ms
New incumbent 5 at time 1066 ms
New incumbent 6 at time 1066 ms
New incumbent 7 at time 1068 ms
New incumbent 8 at time 1068 ms
New incumbent 9 at time 1068 ms
New incumbent 10 at time 1173 ms
New incumbent 11 at time 1676 ms
New incumbent 12 at time 2242 ms
Upper bound: 14
New incumbent 13 at time 4742 ms
New incumbent 14 at time 5357 ms
Solution size 14
(0 -> 29) (1 -> 34) (2 -> 0) (3 -> 1) (4 -> 5628) (5 -> 26) (6 -> 27) (7 -> 28) (9 -> 19) (10 -> 5631) (11 -> 5630) (12 -> 21) (13 -> 20) (14 -> 2) 
Peak nogood count:                  0
Final nogood count:                 0
Nodes:                              49130
Time of last incumbent update (ms): 5357
CPU time (ms):                      5372
Summary:
COMPLETED 0 0 49130 5357 5372
