New incumbent 1 at time 824 ms
New incumbent 2 at time 824 ms
New incumbent 3 at time 824 ms
Upper bound: 162
New incumbent 4 at time 943 ms
New incumbent 5 at time 1014 ms
New incumbent 6 at time 1014 ms
New incumbent 7 at time 1014 ms
New incumbent 8 at time 1015 ms
New incumbent 9 at time 1015 ms
New incumbent 10 at time 1015 ms
New incumbent 11 at time 1015 ms
New incumbent 12 at time 1015 ms
New incumbent 13 at time 1016 ms
New incumbent 14 at time 1016 ms
New incumbent 15 at time 1016 ms
New incumbent 16 at time 1401 ms
New incumbent 17 at time 1401 ms
New incumbent 18 at time 1401 ms
New incumbent 19 at time 1402 ms
Upper bound: 161
New incumbent 20 at time 2147 ms
New incumbent 21 at time 2147 ms
New incumbent 22 at time 2529 ms
New incumbent 23 at time 2530 ms
New incumbent 24 at time 2530 ms
New incumbent 25 at time 2531 ms
New incumbent 26 at time 12643 ms
New incumbent 27 at time 14477 ms
New incumbent 28 at time 14477 ms
New incumbent 29 at time 14477 ms
New incumbent 30 at time 14477 ms
New incumbent 31 at time 14478 ms
New incumbent 32 at time 14478 ms
New incumbent 33 at time 14479 ms
New incumbent 34 at time 20311 ms
New incumbent 35 at time 20311 ms
New incumbent 36 at time 20467 ms
New incumbent 37 at time 20495 ms
New incumbent 38 at time 22669 ms
New incumbent 39 at time 22670 ms
New incumbent 40 at time 22670 ms
New incumbent 41 at time 22670 ms
New incumbent 42 at time 22670 ms
New incumbent 43 at time 22670 ms
New incumbent 44 at time 22683 ms
New incumbent 45 at time 22683 ms
New incumbent 46 at time 22683 ms
New incumbent 47 at time 22683 ms
New incumbent 48 at time 22683 ms
New incumbent 49 at time 22683 ms
New incumbent 50 at time 22683 ms
New incumbent 51 at time 22684 ms
New incumbent 52 at time 22684 ms
New incumbent 53 at time 22684 ms
New incumbent 54 at time 22684 ms
New incumbent 55 at time 22686 ms
New incumbent 56 at time 22688 ms
New incumbent 57 at time 22688 ms
New incumbent 58 at time 38627 ms
New incumbent 59 at time 38627 ms
New incumbent 60 at time 86697 ms
New incumbent 61 at time 86781 ms
New incumbent 62 at time 214477 ms
New incumbent 63 at time 214477 ms
New incumbent 64 at time 214496 ms
New incumbent 65 at time 214496 ms
New incumbent 66 at time 214496 ms
Solution size 66
(11 -> 1883) (13 -> 2454) (14 -> 2453) (15 -> 2446) (16 -> 2445) (17 -> 2913) (18 -> 2456) (19 -> 2460) (20 -> 2459) (21 -> 2497) (22 -> 2498) (23 -> 2494) (24 -> 2493) (25 -> 2642) (26 -> 2779) (27 -> 2780) (28 -> 2794) (29 -> 2050) (30 -> 2960) (31 -> 2959) (32 -> 2952) (33 -> 2048) (34 -> 2047) (35 -> 2044) (36 -> 2042) (37 -> 2958) (38 -> 2957) (39 -> 2776) (40 -> 2784) (41 -> 2783) (42 -> 2769) (45 -> 2444) (46 -> 2641) (47 -> 2501) (48 -> 2500) (49 -> 2502) (50 -> 2503) (51 -> 2504) (52 -> 2509) (53 -> 2508) (54 -> 2507) (55 -> 2506) (56 -> 2640) (57 -> 2639) (58 -> 2638) (59 -> 2637) (60 -> 2636) (61 -> 2514) (62 -> 2513) (63 -> 2875) (64 -> 2447) (65 -> 2448) (66 -> 2151) (67 -> 2150) (68 -> 2449) (69 -> 2450) (70 -> 2451) (71 -> 2149) (77 -> 2152) (125 -> 818) (126 -> 819) (127 -> 816) (128 -> 3127) (130 -> 1417) (131 -> 1418) (132 -> 817) 
Peak nogood count:                  0
Final nogood count:                 0
Nodes:                              13846663
Time of last incumbent update (ms): 214496
CPU time (ms):                      1000046
TIMEOUT
Summary:
TIMEOUT 0 0 13846663 214496 1000046
