New incumbent 1 at time 147 ms
Upper bound: 198
Upper bound: 197
New incumbent 2 at time 358 ms
New incumbent 3 at time 420 ms
Upper bound: 196
New incumbent 4 at time 559 ms
Upper bound: 195
New incumbent 5 at time 823 ms
Upper bound: 194
New incumbent 6 at time 1253 ms
New incumbent 7 at time 1820 ms
Upper bound: 193
New incumbent 8 at time 2876 ms
New incumbent 9 at time 5705 ms
New incumbent 10 at time 5705 ms
Upper bound: 192
New incumbent 11 at time 18951 ms
Upper bound: 191
New incumbent 12 at time 60159 ms
Upper bound: 190
New incumbent 13 at time 102698 ms
Upper bound: 189
New incumbent 14 at time 388342 ms
New incumbent 15 at time 810155 ms
New incumbent 16 at time 810155 ms
Solution size 16
(1 -> 1121) (2 -> 1120) (3 -> 1107) (4 -> 1108) (5 -> 1094) (6 -> 1095) (56 -> 1079) (58 -> 1118) (104 -> 1117) (106 -> 1080) (134 -> 1270) (135 -> 1076) (136 -> 1077) (137 -> 1081) (145 -> 1119) (147 -> 1093) 
Peak nogood count:                  0
Final nogood count:                 0
Nodes:                              37544536
Time of last incumbent update (ms): 810155
CPU time (ms):                      1000017
TIMEOUT
Summary:
TIMEOUT 0 0 37544536 810155 1000017
