New incumbent 1 at time 664 ms
New incumbent 2 at time 664 ms
New incumbent 3 at time 664 ms
New incumbent 4 at time 676 ms
New incumbent 5 at time 676 ms
New incumbent 6 at time 676 ms
New incumbent 7 at time 676 ms
New incumbent 8 at time 676 ms
New incumbent 9 at time 677 ms
New incumbent 10 at time 677 ms
Upper bound: 68
New incumbent 11 at time 1119 ms
New incumbent 12 at time 1122 ms
New incumbent 13 at time 1122 ms
New incumbent 14 at time 1122 ms
New incumbent 15 at time 1122 ms
New incumbent 16 at time 1123 ms
New incumbent 17 at time 1123 ms
New incumbent 18 at time 1865 ms
Upper bound: 67
New incumbent 19 at time 6083 ms
New incumbent 20 at time 6093 ms
New incumbent 21 at time 6187 ms
New incumbent 22 at time 6236 ms
New incumbent 23 at time 6254 ms
New incumbent 24 at time 6278 ms
New incumbent 25 at time 6331 ms
New incumbent 26 at time 6460 ms
New incumbent 27 at time 6460 ms
New incumbent 28 at time 7213 ms
New incumbent 29 at time 20057 ms
Solution size 29
(1 -> 83) (2 -> 82) (3 -> 2997) (4 -> 2996) (12 -> 3019) (13 -> 3020) (14 -> 80) (15 -> 79) (16 -> 3055) (17 -> 3054) (18 -> 2764) (20 -> 132) (21 -> 133) (23 -> 114) (24 -> 144) (25 -> 143) (26 -> 141) (27 -> 140) (28 -> 139) (29 -> 115) (30 -> 135) (31 -> 136) (32 -> 131) (33 -> 134) (34 -> 2763) (35 -> 2760) (39 -> 78) (40 -> 77) (63 -> 81) 
Peak nogood count:                  0
Final nogood count:                 0
Nodes:                              14535997
Time of last incumbent update (ms): 20057
CPU time (ms):                      1000022
TIMEOUT
Summary:
TIMEOUT 0 0 14535997 20057 1000022
