New incumbent 1 at time 51 ms
New incumbent 2 at time 51 ms
New incumbent 3 at time 51 ms
New incumbent 4 at time 51 ms
New incumbent 5 at time 51 ms
New incumbent 6 at time 51 ms
New incumbent 7 at time 51 ms
New incumbent 8 at time 51 ms
New incumbent 9 at time 52 ms
New incumbent 10 at time 52 ms
New incumbent 11 at time 59 ms
Upper bound: 69
New incumbent 12 at time 96 ms
New incumbent 13 at time 119 ms
New incumbent 14 at time 119 ms
New incumbent 15 at time 120 ms
Upper bound: 68
New incumbent 16 at time 767 ms
New incumbent 17 at time 776 ms
New incumbent 18 at time 908 ms
New incumbent 19 at time 908 ms
New incumbent 20 at time 908 ms
New incumbent 21 at time 908 ms
New incumbent 22 at time 908 ms
Upper bound: 67
New incumbent 23 at time 6086 ms
New incumbent 24 at time 9541 ms
New incumbent 25 at time 63358 ms
Upper bound: 66
New incumbent 26 at time 184297 ms
New incumbent 27 at time 197874 ms
Solution size 27
(1 -> 273) (2 -> 272) (3 -> 271) (4 -> 239) (5 -> 238) (6 -> 206) (7 -> 205) (8 -> 196) (13 -> 207) (19 -> 270) (20 -> 269) (22 -> 256) (23 -> 257) (24 -> 258) (25 -> 259) (27 -> 130) (47 -> 245) (48 -> 266) (49 -> 265) (50 -> 264) (51 -> 263) (53 -> 261) (54 -> 260) (55 -> 163) (57 -> 267) (58 -> 268) (67 -> 138) 
Peak nogood count:                  0
Final nogood count:                 0
Nodes:                              52074822
Time of last incumbent update (ms): 197874
CPU time (ms):                      1000004
TIMEOUT
Summary:
TIMEOUT 0 0 52074822 197874 1000004
