New incumbent 1 at time 114 ms
New incumbent 2 at time 114 ms
New incumbent 3 at time 114 ms
New incumbent 4 at time 114 ms
New incumbent 5 at time 115 ms
New incumbent 6 at time 115 ms
New incumbent 7 at time 115 ms
New incumbent 8 at time 115 ms
New incumbent 9 at time 122 ms
New incumbent 10 at time 122 ms
New incumbent 11 at time 122 ms
New incumbent 12 at time 122 ms
Upper bound: 22
New incumbent 13 at time 223 ms
New incumbent 14 at time 225 ms
New incumbent 15 at time 225 ms
New incumbent 16 at time 225 ms
Upper bound: 21
New incumbent 17 at time 1650 ms
New incumbent 18 at time 3826 ms
New incumbent 19 at time 3826 ms
New incumbent 20 at time 3826 ms
Upper bound: 20
Solution size 20
(0 -> 1661) (1 -> 1643) (2 -> 1642) (3 -> 714) (5 -> 1644) (6 -> 1659) (7 -> 1660) (8 -> 680) (9 -> 681) (10 -> 682) (12 -> 678) (13 -> 679) (15 -> 710) (16 -> 711) (17 -> 709) (18 -> 708) (19 -> 1662) (20 -> 707) (21 -> 712) (22 -> 713) 
Peak nogood count:                  0
Final nogood count:                 0
Nodes:                              379469
Time of last incumbent update (ms): 3826
CPU time (ms):                      10414
Summary:
COMPLETED 0 0 379469 3826 10414
