New incumbent 1 at time 40 ms
New incumbent 2 at time 40 ms
New incumbent 3 at time 40 ms
New incumbent 4 at time 40 ms
Upper bound: 48
New incumbent 5 at time 66 ms
Upper bound: 47
New incumbent 6 at time 128 ms
Upper bound: 46
New incumbent 7 at time 307 ms
New incumbent 8 at time 734 ms
Upper bound: 45
New incumbent 9 at time 965 ms
Upper bound: 44
New incumbent 10 at time 8382 ms
New incumbent 11 at time 8771 ms
New incumbent 12 at time 8771 ms
Upper bound: 43
New incumbent 13 at time 32684 ms
Upper bound: 42
New incumbent 14 at time 189825 ms
Upper bound: 41
New incumbent 15 at time 978963 ms
Solution size 15
(5 -> 251) (7 -> 358) (8 -> 357) (10 -> 360) (16 -> 241) (18 -> 356) (25 -> 242) (26 -> 355) (27 -> 365) (28 -> 353) (35 -> 354) (36 -> 371) (44 -> 204) (46 -> 359) (47 -> 247) 
Peak nogood count:                  0
Final nogood count:                 0
Nodes:                              59674516
Time of last incumbent update (ms): 978963
CPU time (ms):                      1000003
TIMEOUT
Summary:
TIMEOUT 0 0 59674516 978963 1000003
