New incumbent 1 at time 62 ms
New incumbent 2 at time 62 ms
Upper bound: 162
New incumbent 3 at time 78 ms
New incumbent 4 at time 78 ms
New incumbent 5 at time 78 ms
New incumbent 6 at time 78 ms
New incumbent 7 at time 80 ms
New incumbent 8 at time 80 ms
New incumbent 9 at time 80 ms
New incumbent 10 at time 80 ms
New incumbent 11 at time 80 ms
New incumbent 12 at time 80 ms
New incumbent 13 at time 80 ms
New incumbent 14 at time 80 ms
New incumbent 15 at time 80 ms
New incumbent 16 at time 80 ms
New incumbent 17 at time 81 ms
New incumbent 18 at time 86 ms
Upper bound: 161
New incumbent 19 at time 148 ms
New incumbent 20 at time 148 ms
New incumbent 21 at time 148 ms
New incumbent 22 at time 148 ms
New incumbent 23 at time 148 ms
New incumbent 24 at time 148 ms
New incumbent 25 at time 594 ms
New incumbent 26 at time 594 ms
New incumbent 27 at time 595 ms
New incumbent 28 at time 595 ms
New incumbent 29 at time 595 ms
New incumbent 30 at time 595 ms
New incumbent 31 at time 595 ms
New incumbent 32 at time 595 ms
New incumbent 33 at time 595 ms
New incumbent 34 at time 595 ms
New incumbent 35 at time 608 ms
New incumbent 36 at time 608 ms
New incumbent 37 at time 1955 ms
New incumbent 38 at time 1956 ms
New incumbent 39 at time 1958 ms
New incumbent 40 at time 1958 ms
New incumbent 41 at time 1958 ms
New incumbent 42 at time 1958 ms
New incumbent 43 at time 1958 ms
New incumbent 44 at time 2005 ms
New incumbent 45 at time 2005 ms
New incumbent 46 at time 2028 ms
New incumbent 47 at time 2028 ms
New incumbent 48 at time 2028 ms
New incumbent 49 at time 2028 ms
New incumbent 50 at time 2028 ms
New incumbent 51 at time 2028 ms
New incumbent 52 at time 2028 ms
New incumbent 53 at time 2028 ms
New incumbent 54 at time 2028 ms
New incumbent 55 at time 2042 ms
New incumbent 56 at time 2046 ms
New incumbent 57 at time 2047 ms
New incumbent 58 at time 2340 ms
New incumbent 59 at time 2340 ms
New incumbent 60 at time 10815 ms
New incumbent 61 at time 77108 ms
New incumbent 62 at time 77112 ms
Solution size 62
(11 -> 184) (14 -> 249) (15 -> 250) (16 -> 251) (17 -> 261) (22 -> 170) (23 -> 171) (24 -> 172) (25 -> 173) (26 -> 286) (27 -> 292) (28 -> 291) (29 -> 293) (30 -> 294) (31 -> 309) (32 -> 308) (33 -> 307) (34 -> 299) (35 -> 300) (36 -> 304) (37 -> 303) (38 -> 301) (39 -> 205) (40 -> 206) (41 -> 256) (42 -> 255) (43 -> 254) (44 -> 253) (45 -> 252) (46 -> 174) (47 -> 175) (48 -> 176) (49 -> 213) (50 -> 214) (51 -> 215) (52 -> 209) (53 -> 208) (54 -> 218) (55 -> 217) (56 -> 233) (57 -> 284) (58 -> 239) (59 -> 238) (60 -> 237) (61 -> 236) (62 -> 235) (64 -> 243) (65 -> 244) (66 -> 245) (67 -> 225) (68 -> 226) (69 -> 242) (70 -> 241) (71 -> 224) (77 -> 246) (125 -> 363) (126 -> 364) (127 -> 396) (129 -> 431) (130 -> 429) (131 -> 445) (132 -> 397) 
Peak nogood count:                  0
Final nogood count:                 0
Nodes:                              57391278
Time of last incumbent update (ms): 77112
CPU time (ms):                      1000008
TIMEOUT
Summary:
TIMEOUT 0 0 57391278 77112 1000008
