New incumbent 1 at time 1272 ms
New incumbent 2 at time 1272 ms
New incumbent 3 at time 1272 ms
New incumbent 4 at time 1272 ms
New incumbent 5 at time 1272 ms
New incumbent 6 at time 1276 ms
New incumbent 7 at time 1276 ms
New incumbent 8 at time 1388 ms
New incumbent 9 at time 1388 ms
New incumbent 10 at time 1609 ms
New incumbent 11 at time 1609 ms
New incumbent 12 at time 1610 ms
Upper bound: 64
New incumbent 13 at time 10074 ms
New incumbent 14 at time 10074 ms
New incumbent 15 at time 14856 ms
New incumbent 16 at time 18308 ms
New incumbent 17 at time 23621 ms
New incumbent 18 at time 23621 ms
Upper bound: 63
New incumbent 19 at time 64776 ms
New incumbent 20 at time 99081 ms
New incumbent 21 at time 99081 ms
New incumbent 22 at time 99081 ms
New incumbent 23 at time 99081 ms
New incumbent 24 at time 194376 ms
New incumbent 25 at time 194377 ms
Upper bound: 62
New incumbent 26 at time 511160 ms
Solution size 26
(0 -> 55) (2 -> 448) (4 -> 5963) (5 -> 50) (6 -> 51) (7 -> 5962) (8 -> 53) (9 -> 52) (10 -> 452) (11 -> 451) (12 -> 297) (13 -> 298) (14 -> 450) (15 -> 449) (16 -> 5951) (17 -> 300) (18 -> 299) (19 -> 307) (20 -> 308) (21 -> 296) (22 -> 295) (23 -> 294) (52 -> 312) (53 -> 311) (54 -> 310) (63 -> 301) 
Peak nogood count:                  0
Final nogood count:                 0
Nodes:                              11060706
Time of last incumbent update (ms): 511160
CPU time (ms):                      1000031
TIMEOUT
Summary:
TIMEOUT 0 0 11060706 511160 1000031
