New incumbent 1 at time 204 ms
New incumbent 2 at time 204 ms
Upper bound: 39
Upper bound: 38
New incumbent 3 at time 547 ms
New incumbent 4 at time 782 ms
Upper bound: 37
New incumbent 5 at time 1146 ms
New incumbent 6 at time 1146 ms
New incumbent 7 at time 1431 ms
Upper bound: 36
New incumbent 8 at time 3419 ms
New incumbent 9 at time 4426 ms
New incumbent 10 at time 4430 ms
Upper bound: 35
New incumbent 11 at time 503655 ms
New incumbent 12 at time 506098 ms
Solution size 12
(2 -> 1390) (3 -> 1391) (4 -> 1223) (5 -> 1221) (6 -> 1222) (8 -> 1219) (9 -> 1403) (12 -> 8) (13 -> 11) (14 -> 7) (15 -> 12) (16 -> 14) 
Peak nogood count:                  0
Final nogood count:                 0
Nodes:                              26099742
Time of last incumbent update (ms): 506098
CPU time (ms):                      1000008
TIMEOUT
Summary:
TIMEOUT 0 0 26099742 506098 1000008
