New incumbent 1 at time 797 ms
New incumbent 2 at time 797 ms
New incumbent 3 at time 803 ms
New incumbent 4 at time 803 ms
New incumbent 5 at time 803 ms
New incumbent 6 at time 804 ms
Upper bound: 80
New incumbent 7 at time 1275 ms
New incumbent 8 at time 1291 ms
New incumbent 9 at time 1296 ms
New incumbent 10 at time 1296 ms
New incumbent 11 at time 1335 ms
New incumbent 12 at time 1483 ms
New incumbent 13 at time 1483 ms
New incumbent 14 at time 1484 ms
Upper bound: 79
New incumbent 15 at time 12987 ms
New incumbent 16 at time 12987 ms
New incumbent 17 at time 14186 ms
New incumbent 18 at time 15049 ms
New incumbent 19 at time 19444 ms
New incumbent 20 at time 55494 ms
New incumbent 21 at time 55494 ms
New incumbent 22 at time 55494 ms
Upper bound: 78
New incumbent 23 at time 110223 ms
New incumbent 24 at time 126216 ms
New incumbent 25 at time 181925 ms
New incumbent 26 at time 205039 ms
New incumbent 27 at time 698817 ms
New incumbent 28 at time 698817 ms
New incumbent 29 at time 698817 ms
New incumbent 30 at time 698817 ms
New incumbent 31 at time 698818 ms
New incumbent 32 at time 698818 ms
New incumbent 33 at time 698818 ms
Upper bound: 77
Solution size 33
(7 -> 1452) (8 -> 1453) (9 -> 1652) (14 -> 1454) (15 -> 1455) (16 -> 1456) (17 -> 1650) (18 -> 1632) (19 -> 1631) (20 -> 1630) (29 -> 1643) (30 -> 1642) (41 -> 1649) (42 -> 1635) (43 -> 1634) (44 -> 1633) (45 -> 1636) (46 -> 1461) (47 -> 1460) (54 -> 1464) (55 -> 1463) (56 -> 1462) (57 -> 1468) (58 -> 1467) (59 -> 1465) (60 -> 1472) (61 -> 1471) (62 -> 2077) (63 -> 1476) (64 -> 1475) (65 -> 1474) (72 -> 1477) (80 -> 1473) 
Peak nogood count:                  0
Final nogood count:                 0
Nodes:                              14364669
Time of last incumbent update (ms): 698818
CPU time (ms):                      1000026
TIMEOUT
Summary:
TIMEOUT 0 0 14364669 698818 1000026
