New incumbent 1 at time 924 ms
Upper bound: 48
New incumbent 2 at time 1861 ms
Upper bound: 47
New incumbent 3 at time 2348 ms
New incumbent 4 at time 2348 ms
Upper bound: 46
New incumbent 5 at time 4093 ms
New incumbent 6 at time 5719 ms
Upper bound: 45
New incumbent 7 at time 19564 ms
New incumbent 8 at time 48038 ms
New incumbent 9 at time 48038 ms
Upper bound: 44
New incumbent 10 at time 201727 ms
Upper bound: 43
New incumbent 11 at time 654867 ms
New incumbent 12 at time 717309 ms
Solution size 12
(0 -> 612) (1 -> 611) (3 -> 608) (4 -> 604) (6 -> 631) (7 -> 630) (10 -> 626) (12 -> 613) (14 -> 628) (45 -> 610) (47 -> 605) (48 -> 607) 
Peak nogood count:                  0
Final nogood count:                 0
Nodes:                              13897003
Time of last incumbent update (ms): 717309
CPU time (ms):                      1000022
TIMEOUT
Summary:
TIMEOUT 0 0 13897003 717309 1000022
