New incumbent 1 at time 483 ms
New incumbent 2 at time 483 ms
New incumbent 3 at time 484 ms
New incumbent 4 at time 484 ms
New incumbent 5 at time 490 ms
New incumbent 6 at time 521 ms
New incumbent 7 at time 522 ms
Upper bound: 146
New incumbent 8 at time 784 ms
New incumbent 9 at time 794 ms
New incumbent 10 at time 794 ms
New incumbent 11 at time 1019 ms
New incumbent 12 at time 1133 ms
New incumbent 13 at time 1368 ms
New incumbent 14 at time 1368 ms
New incumbent 15 at time 1368 ms
New incumbent 16 at time 4027 ms
New incumbent 17 at time 4323 ms
Upper bound: 145
New incumbent 18 at time 7437 ms
New incumbent 19 at time 7437 ms
New incumbent 20 at time 13733 ms
New incumbent 21 at time 13733 ms
New incumbent 22 at time 13733 ms
New incumbent 23 at time 42235 ms
Upper bound: 144
New incumbent 24 at time 84348 ms
New incumbent 25 at time 139822 ms
New incumbent 26 at time 387175 ms
Upper bound: 143
New incumbent 27 at time 627956 ms
New incumbent 28 at time 627956 ms
New incumbent 29 at time 851674 ms
Solution size 29
(1 -> 2300) (2 -> 2227) (3 -> 2228) (4 -> 2216) (7 -> 2235) (8 -> 2234) (9 -> 2304) (10 -> 2055) (12 -> 2016) (13 -> 2307) (14 -> 2054) (15 -> 2053) (16 -> 2052) (17 -> 2044) (18 -> 2045) (19 -> 2209) (20 -> 2206) (21 -> 2205) (22 -> 2204) (23 -> 2203) (26 -> 2207) (33 -> 2047) (36 -> 2306) (37 -> 2046) (62 -> 2305) (63 -> 2233) (64 -> 2232) (65 -> 2231) (67 -> 2051) 
Peak nogood count:                  0
Final nogood count:                 0
Nodes:                              18262349
Time of last incumbent update (ms): 851674
CPU time (ms):                      1000029
TIMEOUT
Summary:
TIMEOUT 0 0 18262349 851674 1000029
