New incumbent 1 at time 18 ms
New incumbent 2 at time 18 ms
Upper bound: 81
New incumbent 3 at time 29 ms
Upper bound: 80
New incumbent 4 at time 49 ms
Upper bound: 79
New incumbent 5 at time 88 ms
Upper bound: 78
New incumbent 6 at time 177 ms
Upper bound: 77
New incumbent 7 at time 726 ms
Upper bound: 76
New incumbent 8 at time 2871 ms
Upper bound: 75
New incumbent 9 at time 9585 ms
Upper bound: 74
New incumbent 10 at time 32353 ms
New incumbent 11 at time 46040 ms
Upper bound: 73
New incumbent 12 at time 317462 ms
New incumbent 13 at time 317480 ms
Solution size 13
(0 -> 187) (1 -> 195) (2 -> 188) (6 -> 190) (7 -> 191) (8 -> 192) (11 -> 134) (12 -> 135) (13 -> 108) (16 -> 194) (24 -> 160) (80 -> 193) (81 -> 189) 
Peak nogood count:                  0
Final nogood count:                 0
Nodes:                              96954472
Time of last incumbent update (ms): 317480
CPU time (ms):                      1000002
TIMEOUT
Summary:
TIMEOUT 0 0 96954472 317480 1000002
