New incumbent 1 at time 729 ms
New incumbent 2 at time 729 ms
New incumbent 3 at time 729 ms
New incumbent 4 at time 729 ms
New incumbent 5 at time 729 ms
New incumbent 6 at time 729 ms
New incumbent 7 at time 730 ms
Upper bound: 123
Upper bound: 122
New incumbent 8 at time 1279 ms
New incumbent 9 at time 1279 ms
New incumbent 10 at time 1280 ms
New incumbent 11 at time 1281 ms
New incumbent 12 at time 1285 ms
New incumbent 13 at time 1291 ms
New incumbent 14 at time 1292 ms
New incumbent 15 at time 3155 ms
New incumbent 16 at time 3155 ms
Upper bound: 121
New incumbent 17 at time 8826 ms
New incumbent 18 at time 8826 ms
New incumbent 19 at time 8826 ms
New incumbent 20 at time 8900 ms
New incumbent 21 at time 8901 ms
New incumbent 22 at time 8901 ms
New incumbent 23 at time 8901 ms
New incumbent 24 at time 8901 ms
New incumbent 25 at time 8901 ms
New incumbent 26 at time 9073 ms
Upper bound: 120
New incumbent 27 at time 103627 ms
New incumbent 28 at time 103728 ms
New incumbent 29 at time 103831 ms
New incumbent 30 at time 370808 ms
New incumbent 31 at time 379647 ms
New incumbent 32 at time 379648 ms
New incumbent 33 at time 379650 ms
Solution size 33
(26 -> 3577) (27 -> 3578) (30 -> 3580) (31 -> 3579) (32 -> 3583) (33 -> 3584) (34 -> 2798) (35 -> 2797) (36 -> 2794) (37 -> 2793) (38 -> 2783) (40 -> 4176) (41 -> 4177) (42 -> 4164) (43 -> 4165) (45 -> 4162) (46 -> 4161) (48 -> 2292) (49 -> 4160) (51 -> 2294) (52 -> 2293) (53 -> 2791) (54 -> 2788) (55 -> 2789) (56 -> 2790) (57 -> 2787) (58 -> 2786) (59 -> 2785) (60 -> 2784) (61 -> 2297) (64 -> 2289) (65 -> 2290) (66 -> 2291) 
Peak nogood count:                  0
Final nogood count:                 0
Nodes:                              13914455
Time of last incumbent update (ms): 379650
CPU time (ms):                      1000037
TIMEOUT
Summary:
TIMEOUT 0 0 13914455 379650 1000037
