New incumbent 1 at time 810 ms
New incumbent 2 at time 810 ms
New incumbent 3 at time 810 ms
New incumbent 4 at time 810 ms
New incumbent 5 at time 810 ms
New incumbent 6 at time 810 ms
New incumbent 7 at time 814 ms
New incumbent 8 at time 814 ms
New incumbent 9 at time 824 ms
New incumbent 10 at time 853 ms
New incumbent 11 at time 899 ms
Upper bound: 103
New incumbent 12 at time 1589 ms
New incumbent 13 at time 1589 ms
New incumbent 14 at time 1705 ms
New incumbent 15 at time 1705 ms
New incumbent 16 at time 2132 ms
New incumbent 17 at time 2535 ms
New incumbent 18 at time 2572 ms
New incumbent 19 at time 4066 ms
New incumbent 20 at time 4066 ms
New incumbent 21 at time 5013 ms
New incumbent 22 at time 5013 ms
New incumbent 23 at time 5013 ms
New incumbent 24 at time 10153 ms
New incumbent 25 at time 10153 ms
Upper bound: 102
New incumbent 26 at time 51298 ms
New incumbent 27 at time 51298 ms
Upper bound: 101
New incumbent 28 at time 194125 ms
New incumbent 29 at time 194192 ms
New incumbent 30 at time 269335 ms
New incumbent 31 at time 269335 ms
New incumbent 32 at time 793081 ms
Solution size 32
(5 -> 3621) (6 -> 3515) (7 -> 3516) (8 -> 3522) (9 -> 3523) (10 -> 3525) (11 -> 3472) (12 -> 3471) (13 -> 3470) (14 -> 3469) (17 -> 3528) (18 -> 3518) (20 -> 3517) (21 -> 3534) (22 -> 3514) (23 -> 3513) (24 -> 3536) (25 -> 3537) (67 -> 3542) (68 -> 3535) (69 -> 3533) (70 -> 3532) (71 -> 3529) (72 -> 3530) (73 -> 3551) (74 -> 3552) (75 -> 3545) (84 -> 3477) (85 -> 3476) (86 -> 3475) (87 -> 3474) (103 -> 3531) 
Peak nogood count:                  0
Final nogood count:                 0
Nodes:                              14193448
Time of last incumbent update (ms): 793081
CPU time (ms):                      1000034
TIMEOUT
Summary:
TIMEOUT 0 0 14193448 793081 1000034
