New incumbent 1 at time 426 ms
New incumbent 2 at time 426 ms
New incumbent 3 at time 431 ms
New incumbent 4 at time 431 ms
New incumbent 5 at time 443 ms
New incumbent 6 at time 443 ms
New incumbent 7 at time 443 ms
New incumbent 8 at time 444 ms
Upper bound: 105
New incumbent 9 at time 692 ms
New incumbent 10 at time 692 ms
New incumbent 11 at time 789 ms
New incumbent 12 at time 789 ms
New incumbent 13 at time 790 ms
New incumbent 14 at time 790 ms
New incumbent 15 at time 2521 ms
New incumbent 16 at time 2521 ms
New incumbent 17 at time 3584 ms
Upper bound: 104
New incumbent 18 at time 8867 ms
Upper bound: 103
New incumbent 19 at time 48160 ms
New incumbent 20 at time 53764 ms
New incumbent 21 at time 69667 ms
New incumbent 22 at time 71358 ms
Solution size 22
(0 -> 227) (1 -> 226) (2 -> 3212) (3 -> 225) (4 -> 224) (5 -> 223) (6 -> 222) (7 -> 3214) (8 -> 219) (9 -> 218) (10 -> 217) (20 -> 216) (42 -> 1014) (43 -> 228) (44 -> 229) (45 -> 237) (47 -> 236) (63 -> 212) (64 -> 213) (65 -> 220) (67 -> 1020) (75 -> 208) 
Peak nogood count:                  0
Final nogood count:                 0
Nodes:                              17884945
Time of last incumbent update (ms): 71358
CPU time (ms):                      1000022
TIMEOUT
Summary:
TIMEOUT 0 0 17884945 71358 1000022
