New incumbent 1 at time 1029 ms
New incumbent 2 at time 1029 ms
New incumbent 3 at time 1029 ms
New incumbent 4 at time 1032 ms
New incumbent 5 at time 1032 ms
New incumbent 6 at time 1032 ms
New incumbent 7 at time 1120 ms
Upper bound: 95
New incumbent 8 at time 1566 ms
New incumbent 9 at time 1567 ms
New incumbent 10 at time 1619 ms
New incumbent 11 at time 1619 ms
New incumbent 12 at time 1619 ms
New incumbent 13 at time 1677 ms
New incumbent 14 at time 1677 ms
New incumbent 15 at time 1860 ms
New incumbent 16 at time 1861 ms
New incumbent 17 at time 3220 ms
New incumbent 18 at time 9403 ms
New incumbent 19 at time 13432 ms
New incumbent 20 at time 13432 ms
New incumbent 21 at time 13432 ms
Upper bound: 94
New incumbent 22 at time 25333 ms
New incumbent 23 at time 33817 ms
New incumbent 24 at time 33817 ms
New incumbent 25 at time 33817 ms
New incumbent 26 at time 33817 ms
New incumbent 27 at time 33817 ms
New incumbent 28 at time 131355 ms
Upper bound: 93
New incumbent 29 at time 266070 ms
New incumbent 30 at time 266070 ms
New incumbent 31 at time 266070 ms
New incumbent 32 at time 266070 ms
New incumbent 33 at time 671872 ms
New incumbent 34 at time 671872 ms
New incumbent 35 at time 671875 ms
New incumbent 36 at time 671875 ms
New incumbent 37 at time 671875 ms
Solution size 37
(0 -> 207) (2 -> 203) (3 -> 204) (4 -> 3051) (5 -> 211) (6 -> 212) (8 -> 2448) (11 -> 2446) (12 -> 2445) (13 -> 2444) (14 -> 2443) (15 -> 2460) (16 -> 2461) (17 -> 2462) (18 -> 2463) (27 -> 202) (66 -> 2429) (67 -> 2903) (68 -> 215) (69 -> 214) (70 -> 213) (77 -> 2441) (79 -> 2442) (80 -> 2459) (81 -> 2458) (82 -> 2457) (83 -> 2268) (86 -> 3035) (87 -> 2421) (88 -> 2447) (89 -> 3036) (90 -> 3037) (91 -> 3038) (92 -> 3039) (93 -> 3050) (94 -> 205) (95 -> 206) 
Peak nogood count:                  0
Final nogood count:                 0
Nodes:                              14019756
Time of last incumbent update (ms): 671875
CPU time (ms):                      1000030
TIMEOUT
Summary:
TIMEOUT 0 0 14019756 671875 1000030
