New incumbent 1 at time 920 ms
New incumbent 2 at time 920 ms
New incumbent 3 at time 920 ms
New incumbent 4 at time 920 ms
New incumbent 5 at time 923 ms
New incumbent 6 at time 923 ms
New incumbent 7 at time 929 ms
New incumbent 8 at time 929 ms
New incumbent 9 at time 931 ms
New incumbent 10 at time 931 ms
New incumbent 11 at time 931 ms
New incumbent 12 at time 931 ms
New incumbent 13 at time 988 ms
Upper bound: 96
New incumbent 14 at time 1622 ms
New incumbent 15 at time 1622 ms
New incumbent 16 at time 1623 ms
New incumbent 17 at time 2101 ms
New incumbent 18 at time 2101 ms
New incumbent 19 at time 2101 ms
New incumbent 20 at time 2101 ms
New incumbent 21 at time 2101 ms
New incumbent 22 at time 2102 ms
New incumbent 23 at time 2102 ms
New incumbent 24 at time 2102 ms
Upper bound: 95
New incumbent 25 at time 13923 ms
New incumbent 26 at time 13923 ms
New incumbent 27 at time 13924 ms
Upper bound: 94
New incumbent 28 at time 89889 ms
New incumbent 29 at time 91188 ms
New incumbent 30 at time 108041 ms
New incumbent 31 at time 122149 ms
New incumbent 32 at time 482404 ms
New incumbent 33 at time 482404 ms
New incumbent 34 at time 482404 ms
Upper bound: 93
New incumbent 35 at time 809506 ms
Solution size 35
(1 -> 631) (2 -> 630) (3 -> 629) (4 -> 636) (16 -> 4170) (17 -> 4171) (18 -> 4172) (19 -> 4173) (20 -> 4174) (21 -> 590) (22 -> 591) (24 -> 615) (26 -> 247) (27 -> 246) (38 -> 245) (61 -> 624) (62 -> 625) (63 -> 626) (64 -> 627) (65 -> 628) (66 -> 4234) (67 -> 4235) (69 -> 611) (70 -> 612) (71 -> 613) (72 -> 614) (73 -> 4236) (74 -> 594) (75 -> 593) (76 -> 592) (77 -> 4201) (78 -> 4202) (79 -> 4200) (82 -> 4175) (96 -> 589) 
Peak nogood count:                  0
Final nogood count:                 0
Nodes:                              14379073
Time of last incumbent update (ms): 809506
CPU time (ms):                      1000029
TIMEOUT
Summary:
TIMEOUT 0 0 14379073 809506 1000029
