New incumbent 1 at time 155 ms
New incumbent 2 at time 155 ms
Upper bound: 81
New incumbent 3 at time 243 ms
Upper bound: 80
New incumbent 4 at time 414 ms
New incumbent 5 at time 414 ms
Upper bound: 79
Upper bound: 78
New incumbent 6 at time 1070 ms
New incumbent 7 at time 1073 ms
Upper bound: 77
New incumbent 8 at time 2585 ms
New incumbent 9 at time 5674 ms
Upper bound: 76
New incumbent 10 at time 14391 ms
New incumbent 11 at time 14407 ms
Upper bound: 75
New incumbent 12 at time 44415 ms
Upper bound: 74
New incumbent 13 at time 310430 ms
Solution size 13
(0 -> 712) (2 -> 713) (3 -> 711) (8 -> 781) (9 -> 784) (14 -> 783) (16 -> 703) (18 -> 766) (19 -> 710) (28 -> 776) (30 -> 706) (80 -> 782) (81 -> 714) 
Peak nogood count:                  0
Final nogood count:                 0
Nodes:                              27752450
Time of last incumbent update (ms): 310430
CPU time (ms):                      1000009
TIMEOUT
Summary:
TIMEOUT 0 0 27752450 310430 1000009
