New incumbent 1 at time 477 ms
New incumbent 2 at time 477 ms
New incumbent 3 at time 477 ms
New incumbent 4 at time 477 ms
New incumbent 5 at time 480 ms
New incumbent 6 at time 480 ms
New incumbent 7 at time 480 ms
New incumbent 8 at time 481 ms
New incumbent 9 at time 481 ms
New incumbent 10 at time 481 ms
New incumbent 11 at time 531 ms
Upper bound: 80
New incumbent 12 at time 834 ms
New incumbent 13 at time 834 ms
New incumbent 14 at time 909 ms
New incumbent 15 at time 1002 ms
New incumbent 16 at time 3199 ms
Upper bound: 79
New incumbent 17 at time 9694 ms
New incumbent 18 at time 9864 ms
New incumbent 19 at time 9879 ms
New incumbent 20 at time 9879 ms
New incumbent 21 at time 9879 ms
New incumbent 22 at time 37066 ms
Upper bound: 78
New incumbent 23 at time 85171 ms
New incumbent 24 at time 85172 ms
New incumbent 25 at time 88413 ms
New incumbent 26 at time 284731 ms
New incumbent 27 at time 284731 ms
New incumbent 28 at time 284731 ms
New incumbent 29 at time 302216 ms
Solution size 29
(5 -> 2740) (6 -> 2739) (7 -> 2738) (8 -> 2737) (9 -> 2735) (10 -> 2736) (11 -> 2734) (12 -> 2733) (14 -> 2719) (15 -> 2718) (16 -> 2717) (17 -> 2716) (18 -> 2754) (19 -> 2755) (20 -> 1634) (22 -> 1638) (23 -> 1637) (24 -> 2756) (25 -> 2685) (26 -> 2686) (27 -> 2715) (28 -> 2714) (30 -> 2688) (31 -> 2687) (32 -> 2788) (47 -> 2677) (54 -> 2689) (78 -> 1636) (79 -> 1633) 
Peak nogood count:                  0
Final nogood count:                 0
Nodes:                              18481202
Time of last incumbent update (ms): 302216
CPU time (ms):                      1000019
TIMEOUT
Summary:
TIMEOUT 0 0 18481202 302216 1000019
