New incumbent 1 at time 298 ms
New incumbent 2 at time 299 ms
Upper bound: 81
New incumbent 3 at time 444 ms
Upper bound: 80
New incumbent 4 at time 742 ms
Upper bound: 79
Upper bound: 78
New incumbent 5 at time 2282 ms
Upper bound: 77
New incumbent 6 at time 5036 ms
Upper bound: 76
New incumbent 7 at time 14181 ms
Upper bound: 75
New incumbent 8 at time 38046 ms
Upper bound: 74
New incumbent 9 at time 139174 ms
New incumbent 10 at time 749679 ms
Solution size 10
(2 -> 1581) (3 -> 1582) (8 -> 1586) (9 -> 1587) (16 -> 1584) (17 -> 1583) (18 -> 1613) (20 -> 1571) (80 -> 1585) (81 -> 1580) 
Peak nogood count:                  0
Final nogood count:                 0
Nodes:                              21730038
Time of last incumbent update (ms): 749679
CPU time (ms):                      1000015
TIMEOUT
Summary:
TIMEOUT 0 0 21730038 749679 1000015
