New incumbent 1 at time 301 ms
New incumbent 2 at time 301 ms
New incumbent 3 at time 301 ms
New incumbent 4 at time 301 ms
New incumbent 5 at time 301 ms
New incumbent 6 at time 301 ms
New incumbent 7 at time 301 ms
New incumbent 8 at time 338 ms
New incumbent 9 at time 338 ms
New incumbent 10 at time 362 ms
New incumbent 11 at time 362 ms
New incumbent 12 at time 1275 ms
New incumbent 13 at time 1275 ms
Upper bound: 58
New incumbent 14 at time 1758 ms
New incumbent 15 at time 1759 ms
New incumbent 16 at time 3189 ms
New incumbent 17 at time 3510 ms
Upper bound: 57
New incumbent 18 at time 8202 ms
New incumbent 19 at time 8202 ms
New incumbent 20 at time 8297 ms
New incumbent 21 at time 8832 ms
New incumbent 22 at time 10472 ms
New incumbent 23 at time 10482 ms
New incumbent 24 at time 10483 ms
New incumbent 25 at time 17717 ms
New incumbent 26 at time 17717 ms
New incumbent 27 at time 19942 ms
New incumbent 28 at time 19942 ms
Upper bound: 56
New incumbent 29 at time 123283 ms
New incumbent 30 at time 123289 ms
New incumbent 31 at time 123290 ms
New incumbent 32 at time 123290 ms
Solution size 32
(0 -> 464) (1 -> 465) (2 -> 466) (3 -> 467) (4 -> 468) (5 -> 2208) (12 -> 469) (13 -> 470) (14 -> 472) (15 -> 471) (16 -> 473) (17 -> 477) (18 -> 478) (20 -> 462) (21 -> 461) (22 -> 2241) (23 -> 2240) (24 -> 452) (31 -> 459) (32 -> 460) (45 -> 2239) (46 -> 2238) (47 -> 2555) (48 -> 2554) (49 -> 2231) (50 -> 2232) (52 -> 2226) (53 -> 2227) (54 -> 2556) (55 -> 2228) (56 -> 2229) (57 -> 2230) 
Peak nogood count:                  0
Final nogood count:                 0
Nodes:                              22284584
Time of last incumbent update (ms): 123290
CPU time (ms):                      1000011
TIMEOUT
Summary:
TIMEOUT 0 0 22284584 123290 1000011
