New incumbent 1 at time 450 ms
New incumbent 2 at time 450 ms
New incumbent 3 at time 450 ms
New incumbent 4 at time 450 ms
New incumbent 5 at time 451 ms
New incumbent 6 at time 451 ms
New incumbent 7 at time 453 ms
New incumbent 8 at time 476 ms
New incumbent 9 at time 476 ms
New incumbent 10 at time 508 ms
New incumbent 11 at time 508 ms
New incumbent 12 at time 508 ms
Upper bound: 103
New incumbent 13 at time 845 ms
New incumbent 14 at time 845 ms
New incumbent 15 at time 1068 ms
New incumbent 16 at time 2105 ms
New incumbent 17 at time 2106 ms
New incumbent 18 at time 2108 ms
New incumbent 19 at time 2108 ms
New incumbent 20 at time 2108 ms
New incumbent 21 at time 2108 ms
Upper bound: 102
New incumbent 22 at time 12333 ms
New incumbent 23 at time 12334 ms
New incumbent 24 at time 15455 ms
New incumbent 25 at time 15455 ms
New incumbent 26 at time 15455 ms
New incumbent 27 at time 46524 ms
New incumbent 28 at time 46525 ms
Upper bound: 101
New incumbent 29 at time 107756 ms
New incumbent 30 at time 154311 ms
New incumbent 31 at time 216408 ms
New incumbent 32 at time 429784 ms
New incumbent 33 at time 493379 ms
New incumbent 34 at time 497426 ms
New incumbent 35 at time 497426 ms
New incumbent 36 at time 497426 ms
New incumbent 37 at time 498233 ms
Upper bound: 100
Solution size 37
(0 -> 1266) (3 -> 1723) (4 -> 1724) (5 -> 1725) (6 -> 1737) (7 -> 1736) (9 -> 2913) (10 -> 2912) (11 -> 2909) (12 -> 2910) (13 -> 2911) (14 -> 2890) (17 -> 2895) (18 -> 1734) (19 -> 1733) (20 -> 1735) (21 -> 1739) (22 -> 1738) (23 -> 2708) (24 -> 2707) (58 -> 1730) (59 -> 1731) (60 -> 1265) (61 -> 1264) (62 -> 1263) (67 -> 1742) (68 -> 1741) (69 -> 1740) (70 -> 2907) (71 -> 2896) (72 -> 2897) (73 -> 2898) (84 -> 2865) (85 -> 2864) (86 -> 2863) (87 -> 2862) (103 -> 2906) 
Peak nogood count:                  0
Final nogood count:                 0
Nodes:                              19043537
Time of last incumbent update (ms): 498233
CPU time (ms):                      1000022
TIMEOUT
Summary:
TIMEOUT 0 0 19043537 498233 1000022
