New incumbent 1 at time 943 ms
New incumbent 2 at time 943 ms
New incumbent 3 at time 943 ms
New incumbent 4 at time 944 ms
New incumbent 5 at time 944 ms
New incumbent 6 at time 944 ms
New incumbent 7 at time 949 ms
New incumbent 8 at time 949 ms
New incumbent 9 at time 960 ms
New incumbent 10 at time 960 ms
New incumbent 11 at time 975 ms
New incumbent 12 at time 1068 ms
Upper bound: 22
New incumbent 13 at time 1498 ms
New incumbent 14 at time 1498 ms
New incumbent 15 at time 1948 ms
New incumbent 16 at time 1948 ms
Upper bound: 21
New incumbent 17 at time 12255 ms
New incumbent 18 at time 22181 ms
New incumbent 19 at time 46819 ms
New incumbent 20 at time 75644 ms
Upper bound: 20
Solution size 20
(0 -> 2962) (1 -> 2964) (2 -> 2963) (3 -> 2980) (4 -> 2981) (5 -> 2965) (6 -> 2966) (7 -> 2972) (8 -> 2971) (9 -> 601) (10 -> 2973) (12 -> 590) (14 -> 2956) (16 -> 2960) (17 -> 2959) (18 -> 2958) (19 -> 3157) (20 -> 2957) (21 -> 2961) (22 -> 2979) 
Peak nogood count:                  0
Final nogood count:                 0
Nodes:                              1344258
Time of last incumbent update (ms): 75644
CPU time (ms):                      89223
Summary:
COMPLETED 0 0 1344258 75644 89223
