New incumbent 1 at time 1088 ms
New incumbent 2 at time 1088 ms
New incumbent 3 at time 1088 ms
New incumbent 4 at time 1088 ms
New incumbent 5 at time 1089 ms
New incumbent 6 at time 1090 ms
New incumbent 7 at time 1090 ms
New incumbent 8 at time 1090 ms
New incumbent 9 at time 1090 ms
New incumbent 10 at time 1090 ms
New incumbent 11 at time 1090 ms
New incumbent 12 at time 1090 ms
New incumbent 13 at time 1211 ms
New incumbent 14 at time 1211 ms
Upper bound: 147
New incumbent 15 at time 1917 ms
New incumbent 16 at time 2370 ms
New incumbent 17 at time 2370 ms
New incumbent 18 at time 2370 ms
New incumbent 19 at time 2370 ms
New incumbent 20 at time 2374 ms
New incumbent 21 at time 2374 ms
New incumbent 22 at time 2375 ms
Upper bound: 146
New incumbent 23 at time 29840 ms
New incumbent 24 at time 41125 ms
New incumbent 25 at time 41125 ms
New incumbent 26 at time 50258 ms
New incumbent 27 at time 267612 ms
New incumbent 28 at time 267612 ms
New incumbent 29 at time 267612 ms
New incumbent 30 at time 267612 ms
New incumbent 31 at time 267612 ms
Solution size 31
(0 -> 1369) (1 -> 1145) (2 -> 1143) (3 -> 1144) (4 -> 1372) (5 -> 1146) (6 -> 1137) (7 -> 1138) (10 -> 901) (18 -> 916) (19 -> 917) (20 -> 918) (21 -> 1375) (22 -> 1140) (23 -> 1139) (24 -> 919) (25 -> 1125) (26 -> 1124) (27 -> 1123) (28 -> 1122) (29 -> 1121) (30 -> 1120) (31 -> 1119) (32 -> 1118) (33 -> 1358) (34 -> 1342) (35 -> 1341) (36 -> 1340) (107 -> 1362) (123 -> 1117) (147 -> 1370) 
Peak nogood count:                  0
Final nogood count:                 0
Nodes:                              10627158
Time of last incumbent update (ms): 267612
CPU time (ms):                      1000055
TIMEOUT
Summary:
TIMEOUT 0 0 10627158 267612 1000055
