New incumbent 1 at time 391 ms
New incumbent 2 at time 391 ms
New incumbent 3 at time 391 ms
New incumbent 4 at time 391 ms
New incumbent 5 at time 391 ms
New incumbent 6 at time 391 ms
New incumbent 7 at time 398 ms
Upper bound: 95
New incumbent 8 at time 578 ms
New incumbent 9 at time 585 ms
New incumbent 10 at time 585 ms
New incumbent 11 at time 585 ms
New incumbent 12 at time 586 ms
New incumbent 13 at time 586 ms
New incumbent 14 at time 586 ms
New incumbent 15 at time 668 ms
New incumbent 16 at time 1279 ms
New incumbent 17 at time 1678 ms
New incumbent 18 at time 1678 ms
New incumbent 19 at time 2081 ms
Upper bound: 94
New incumbent 20 at time 5463 ms
New incumbent 21 at time 5463 ms
New incumbent 22 at time 8133 ms
New incumbent 23 at time 8133 ms
New incumbent 24 at time 11609 ms
New incumbent 25 at time 12026 ms
New incumbent 26 at time 51188 ms
New incumbent 27 at time 51189 ms
New incumbent 28 at time 51190 ms
New incumbent 29 at time 51190 ms
Upper bound: 93
New incumbent 30 at time 62382 ms
New incumbent 31 at time 158332 ms
New incumbent 32 at time 158332 ms
New incumbent 33 at time 421289 ms
New incumbent 34 at time 690501 ms
New incumbent 35 at time 690501 ms
New incumbent 36 at time 690527 ms
New incumbent 37 at time 690527 ms
New incumbent 38 at time 690527 ms
New incumbent 39 at time 690527 ms
New incumbent 40 at time 690527 ms
Solution size 40
(0 -> 889) (1 -> 888) (2 -> 887) (3 -> 665) (4 -> 664) (5 -> 663) (6 -> 2290) (8 -> 2243) (9 -> 2244) (10 -> 2245) (11 -> 2242) (12 -> 2241) (13 -> 2240) (14 -> 2277) (15 -> 2278) (22 -> 2293) (23 -> 905) (27 -> 886) (66 -> 2140) (67 -> 2182) (68 -> 2183) (69 -> 2184) (70 -> 2185) (77 -> 602) (79 -> 2276) (80 -> 2230) (81 -> 2231) (82 -> 2239) (83 -> 2229) (84 -> 2228) (86 -> 2192) (87 -> 2193) (88 -> 2281) (89 -> 2191) (90 -> 2188) (91 -> 2189) (92 -> 2190) (93 -> 2187) (94 -> 666) (95 -> 667) 
Peak nogood count:                  0
Final nogood count:                 0
Nodes:                              24648794
Time of last incumbent update (ms): 690527
CPU time (ms):                      1000015
TIMEOUT
Summary:
TIMEOUT 0 0 24648794 690527 1000015
