New incumbent 1 at time 150 ms
New incumbent 2 at time 150 ms
New incumbent 3 at time 150 ms
New incumbent 4 at time 150 ms
New incumbent 5 at time 151 ms
New incumbent 6 at time 151 ms
New incumbent 7 at time 151 ms
New incumbent 8 at time 152 ms
New incumbent 9 at time 177 ms
New incumbent 10 at time 177 ms
New incumbent 11 at time 178 ms
New incumbent 12 at time 178 ms
Upper bound: 69
New incumbent 13 at time 271 ms
New incumbent 14 at time 271 ms
New incumbent 15 at time 271 ms
New incumbent 16 at time 272 ms
New incumbent 17 at time 274 ms
New incumbent 18 at time 274 ms
New incumbent 19 at time 274 ms
New incumbent 20 at time 483 ms
Upper bound: 68
New incumbent 21 at time 1765 ms
New incumbent 22 at time 1765 ms
New incumbent 23 at time 1774 ms
New incumbent 24 at time 1844 ms
New incumbent 25 at time 1845 ms
New incumbent 26 at time 1865 ms
New incumbent 27 at time 1865 ms
New incumbent 28 at time 1865 ms
New incumbent 29 at time 1866 ms
Upper bound: 67
New incumbent 30 at time 55353 ms
New incumbent 31 at time 55366 ms
New incumbent 32 at time 60319 ms
New incumbent 33 at time 63035 ms
New incumbent 34 at time 63035 ms
New incumbent 35 at time 82545 ms
New incumbent 36 at time 82545 ms
New incumbent 37 at time 82545 ms
New incumbent 38 at time 82545 ms
New incumbent 39 at time 84254 ms
New incumbent 40 at time 84254 ms
Solution size 40
(0 -> 547) (1 -> 546) (2 -> 545) (3 -> 544) (4 -> 1005) (5 -> 1006) (6 -> 1007) (7 -> 1008) (8 -> 1009) (9 -> 1018) (10 -> 1016) (11 -> 1017) (13 -> 42) (14 -> 43) (15 -> 44) (16 -> 45) (17 -> 46) (19 -> 65) (20 -> 64) (21 -> 63) (22 -> 58) (23 -> 57) (24 -> 91) (25 -> 92) (26 -> 55) (27 -> 54) (28 -> 1469) (29 -> 1473) (30 -> 1474) (31 -> 1475) (32 -> 53) (33 -> 52) (34 -> 56) (35 -> 90) (41 -> 551) (48 -> 574) (49 -> 549) (50 -> 548) (51 -> 550) (52 -> 825) 
Peak nogood count:                  0
Final nogood count:                 0
Nodes:                              39151594
Time of last incumbent update (ms): 84254
CPU time (ms):                      1000006
TIMEOUT
Summary:
TIMEOUT 0 0 39151594 84254 1000006
