New incumbent 1 at time 910 ms
New incumbent 2 at time 910 ms
New incumbent 3 at time 910 ms
New incumbent 4 at time 910 ms
New incumbent 5 at time 910 ms
New incumbent 6 at time 912 ms
New incumbent 7 at time 913 ms
New incumbent 8 at time 913 ms
New incumbent 9 at time 950 ms
New incumbent 10 at time 1012 ms
Upper bound: 69
New incumbent 11 at time 1398 ms
New incumbent 12 at time 1413 ms
New incumbent 13 at time 1446 ms
New incumbent 14 at time 1551 ms
New incumbent 15 at time 1630 ms
New incumbent 16 at time 1926 ms
New incumbent 17 at time 1927 ms
New incumbent 18 at time 1927 ms
New incumbent 19 at time 2398 ms
New incumbent 20 at time 2727 ms
New incumbent 21 at time 5920 ms
New incumbent 22 at time 9183 ms
New incumbent 23 at time 9183 ms
New incumbent 24 at time 9183 ms
Upper bound: 68
New incumbent 25 at time 15553 ms
New incumbent 26 at time 30634 ms
New incumbent 27 at time 30634 ms
New incumbent 28 at time 30634 ms
New incumbent 29 at time 30634 ms
New incumbent 30 at time 30634 ms
Upper bound: 67
New incumbent 31 at time 230601 ms
New incumbent 32 at time 230725 ms
New incumbent 33 at time 230745 ms
New incumbent 34 at time 232213 ms
Solution size 34
(0 -> 3695) (1 -> 3694) (2 -> 3696) (3 -> 3701) (4 -> 3700) (5 -> 3699) (6 -> 3698) (7 -> 3697) (8 -> 3704) (11 -> 3693) (13 -> 6) (14 -> 5) (15 -> 12) (16 -> 4) (17 -> 3) (18 -> 7) (19 -> 8) (20 -> 9) (21 -> 10) (22 -> 13) (23 -> 14) (25 -> 22) (26 -> 23) (27 -> 24) (28 -> 25) (29 -> 4310) (30 -> 1) (31 -> 2) (32 -> 4311) (33 -> 21) (48 -> 3686) (49 -> 3687) (50 -> 3688) (51 -> 3832) 
Peak nogood count:                  0
Final nogood count:                 0
Nodes:                              14399968
Time of last incumbent update (ms): 232213
CPU time (ms):                      1000022
TIMEOUT
Summary:
TIMEOUT 0 0 14399968 232213 1000022
