New incumbent 1 at time 1193 ms
New incumbent 2 at time 1193 ms
New incumbent 3 at time 1193 ms
New incumbent 4 at time 1193 ms
New incumbent 5 at time 1196 ms
New incumbent 6 at time 1196 ms
New incumbent 7 at time 1199 ms
New incumbent 8 at time 1199 ms
New incumbent 9 at time 1199 ms
New incumbent 10 at time 1199 ms
New incumbent 11 at time 1199 ms
New incumbent 12 at time 1199 ms
Upper bound: 125
New incumbent 13 at time 1883 ms
New incumbent 14 at time 1883 ms
New incumbent 15 at time 1883 ms
New incumbent 16 at time 1883 ms
New incumbent 17 at time 1883 ms
New incumbent 18 at time 7041 ms
New incumbent 19 at time 7041 ms
Upper bound: 124
New incumbent 20 at time 13773 ms
New incumbent 21 at time 13773 ms
New incumbent 22 at time 19031 ms
New incumbent 23 at time 19031 ms
New incumbent 24 at time 19032 ms
New incumbent 25 at time 19032 ms
New incumbent 26 at time 19032 ms
New incumbent 27 at time 19032 ms
New incumbent 28 at time 19032 ms
New incumbent 29 at time 19033 ms
New incumbent 30 at time 19033 ms
Upper bound: 123
New incumbent 31 at time 175595 ms
New incumbent 32 at time 175627 ms
Solution size 32
(0 -> 2043) (1 -> 2027) (2 -> 2026) (3 -> 2025) (6 -> 2418) (7 -> 2417) (8 -> 2028) (9 -> 2029) (10 -> 2030) (11 -> 2416) (12 -> 1989) (38 -> 2128) (39 -> 2047) (40 -> 2048) (41 -> 2045) (42 -> 2044) (43 -> 2038) (44 -> 2039) (45 -> 2041) (46 -> 2040) (47 -> 2042) (50 -> 2014) (53 -> 2037) (54 -> 2415) (55 -> 2053) (56 -> 2052) (57 -> 2051) (58 -> 2401) (59 -> 2120) (110 -> 2055) (121 -> 2054) (125 -> 2050) 
Peak nogood count:                  0
Final nogood count:                 0
Nodes:                              13675361
Time of last incumbent update (ms): 175627
CPU time (ms):                      1000039
TIMEOUT
Summary:
TIMEOUT 0 0 13675361 175627 1000039
