New incumbent 1 at time 418 ms
New incumbent 2 at time 418 ms
New incumbent 3 at time 419 ms
New incumbent 4 at time 419 ms
New incumbent 5 at time 421 ms
New incumbent 6 at time 422 ms
New incumbent 7 at time 422 ms
New incumbent 8 at time 422 ms
New incumbent 9 at time 422 ms
New incumbent 10 at time 422 ms
New incumbent 11 at time 422 ms
New incumbent 12 at time 432 ms
New incumbent 13 at time 432 ms
New incumbent 14 at time 432 ms
Upper bound: 147
New incumbent 15 at time 731 ms
New incumbent 16 at time 853 ms
New incumbent 17 at time 853 ms
New incumbent 18 at time 853 ms
Upper bound: 146
New incumbent 19 at time 10706 ms
New incumbent 20 at time 10708 ms
New incumbent 21 at time 10708 ms
New incumbent 22 at time 10708 ms
New incumbent 23 at time 10730 ms
New incumbent 24 at time 10730 ms
New incumbent 25 at time 10730 ms
New incumbent 26 at time 10730 ms
New incumbent 27 at time 10730 ms
Solution size 27
(0 -> 130) (1 -> 129) (2 -> 127) (3 -> 128) (4 -> 131) (5 -> 3168) (6 -> 3163) (7 -> 3162) (9 -> 352) (11 -> 462) (12 -> 463) (13 -> 351) (14 -> 350) (15 -> 465) (16 -> 111) (17 -> 112) (18 -> 113) (21 -> 120) (22 -> 121) (23 -> 122) (36 -> 110) (76 -> 461) (83 -> 347) (84 -> 348) (85 -> 349) (87 -> 466) (147 -> 3157) 
Peak nogood count:                  0
Final nogood count:                 0
Nodes:                              17730262
Time of last incumbent update (ms): 10730
CPU time (ms):                      1000028
TIMEOUT
Summary:
TIMEOUT 0 0 17730262 10730 1000028
