New incumbent 1 at time 856 ms
New incumbent 2 at time 856 ms
New incumbent 3 at time 856 ms
New incumbent 4 at time 856 ms
New incumbent 5 at time 858 ms
New incumbent 6 at time 858 ms
New incumbent 7 at time 858 ms
New incumbent 8 at time 866 ms
New incumbent 9 at time 866 ms
New incumbent 10 at time 871 ms
New incumbent 11 at time 885 ms
New incumbent 12 at time 886 ms
New incumbent 13 at time 941 ms
New incumbent 14 at time 941 ms
New incumbent 15 at time 947 ms
Upper bound: 150
New incumbent 16 at time 1445 ms
New incumbent 17 at time 1629 ms
New incumbent 18 at time 1954 ms
New incumbent 19 at time 2207 ms
New incumbent 20 at time 4981 ms
New incumbent 21 at time 4981 ms
Upper bound: 149
New incumbent 22 at time 15734 ms
New incumbent 23 at time 16658 ms
New incumbent 24 at time 16658 ms
Upper bound: 148
New incumbent 25 at time 119594 ms
New incumbent 26 at time 119598 ms
New incumbent 27 at time 121594 ms
New incumbent 28 at time 121594 ms
New incumbent 29 at time 127765 ms
New incumbent 30 at time 127766 ms
New incumbent 31 at time 133356 ms
New incumbent 32 at time 259975 ms
Upper bound: 147
Solution size 32
(0 -> 376) (7 -> 397) (8 -> 398) (9 -> 385) (10 -> 384) (11 -> 3878) (12 -> 383) (13 -> 382) (14 -> 381) (15 -> 3877) (16 -> 3876) (17 -> 3875) (18 -> 380) (19 -> 372) (20 -> 373) (21 -> 374) (22 -> 378) (23 -> 377) (24 -> 399) (26 -> 400) (27 -> 401) (28 -> 402) (30 -> 404) (31 -> 405) (32 -> 1133) (85 -> 407) (86 -> 406) (87 -> 409) (88 -> 408) (148 -> 887) (149 -> 1129) (150 -> 403) 
Peak nogood count:                  0
Final nogood count:                 0
Nodes:                              16086919
Time of last incumbent update (ms): 259975
CPU time (ms):                      1000037
TIMEOUT
Summary:
TIMEOUT 0 0 16086919 259975 1000037
