New incumbent 1 at time 282 ms
New incumbent 2 at time 282 ms
New incumbent 3 at time 282 ms
New incumbent 4 at time 282 ms
New incumbent 5 at time 282 ms
New incumbent 6 at time 282 ms
New incumbent 7 at time 287 ms
New incumbent 8 at time 295 ms
New incumbent 9 at time 690 ms
New incumbent 10 at time 690 ms
New incumbent 11 at time 690 ms
New incumbent 12 at time 692 ms
New incumbent 13 at time 692 ms
Upper bound: 20
New incumbent 14 at time 1787 ms
New incumbent 15 at time 1817 ms
New incumbent 16 at time 3190 ms
New incumbent 17 at time 3190 ms
New incumbent 18 at time 3384 ms
Upper bound: 19
New incumbent 19 at time 11232 ms
Solution size 19
(0 -> 70) (2 -> 2766) (3 -> 2771) (4 -> 2770) (5 -> 2772) (6 -> 2773) (8 -> 2092) (9 -> 746) (10 -> 747) (11 -> 748) (12 -> 744) (13 -> 749) (14 -> 750) (15 -> 751) (16 -> 753) (17 -> 752) (18 -> 755) (19 -> 2079) (20 -> 754) 
Peak nogood count:                  0
Final nogood count:                 0
Nodes:                              265928
Time of last incumbent update (ms): 11232
CPU time (ms):                      11238
Summary:
COMPLETED 0 0 265928 11232 11238
