New incumbent 1 at time 302 ms
New incumbent 2 at time 302 ms
New incumbent 3 at time 303 ms
New incumbent 4 at time 303 ms
New incumbent 5 at time 310 ms
New incumbent 6 at time 310 ms
Upper bound: 143
New incumbent 7 at time 486 ms
New incumbent 8 at time 486 ms
New incumbent 9 at time 488 ms
New incumbent 10 at time 488 ms
New incumbent 11 at time 488 ms
New incumbent 12 at time 488 ms
New incumbent 13 at time 488 ms
New incumbent 14 at time 488 ms
New incumbent 15 at time 488 ms
New incumbent 16 at time 488 ms
New incumbent 17 at time 1198 ms
New incumbent 18 at time 1198 ms
New incumbent 19 at time 4404 ms
New incumbent 20 at time 5092 ms
Upper bound: 142
New incumbent 21 at time 5713 ms
New incumbent 22 at time 7233 ms
New incumbent 23 at time 7233 ms
New incumbent 24 at time 7719 ms
New incumbent 25 at time 7720 ms
New incumbent 26 at time 32173 ms
New incumbent 27 at time 32175 ms
New incumbent 28 at time 66629 ms
New incumbent 29 at time 66629 ms
New incumbent 30 at time 66629 ms
Upper bound: 141
New incumbent 31 at time 983006 ms
Solution size 31
(21 -> 1187) (22 -> 1188) (23 -> 1405) (24 -> 1404) (28 -> 1189) (30 -> 2367) (31 -> 2389) (32 -> 2390) (33 -> 2392) (34 -> 1429) (35 -> 1430) (37 -> 2426) (38 -> 1138) (39 -> 1139) (40 -> 2427) (41 -> 1421) (42 -> 1420) (43 -> 1144) (48 -> 1426) (49 -> 1422) (50 -> 1423) (51 -> 1424) (52 -> 2375) (53 -> 2376) (54 -> 2377) (55 -> 2378) (56 -> 2372) (57 -> 2371) (58 -> 1406) (59 -> 1407) (63 -> 2391) 
Peak nogood count:                  0
Final nogood count:                 0
Nodes:                              21863637
Time of last incumbent update (ms): 983006
CPU time (ms):                      1000023
TIMEOUT
Summary:
TIMEOUT 0 0 21863637 983006 1000023
