New incumbent 1 at time 181 ms
New incumbent 2 at time 181 ms
New incumbent 3 at time 185 ms
Upper bound: 48
New incumbent 4 at time 305 ms
Upper bound: 47
New incumbent 5 at time 607 ms
Upper bound: 46
New incumbent 6 at time 1494 ms
New incumbent 7 at time 2848 ms
Upper bound: 45
New incumbent 8 at time 5661 ms
New incumbent 9 at time 7866 ms
New incumbent 10 at time 10553 ms
New incumbent 11 at time 11252 ms
Upper bound: 44
Upper bound: 43
New incumbent 12 at time 141427 ms
Upper bound: 42
New incumbent 13 at time 315516 ms
Solution size 13
(1 -> 1991) (2 -> 1992) (10 -> 2059) (11 -> 2043) (12 -> 2006) (19 -> 2044) (26 -> 2046) (27 -> 2045) (28 -> 1987) (36 -> 1988) (44 -> 1980) (45 -> 1990) (46 -> 2058) 
Peak nogood count:                  0
Final nogood count:                 0
Nodes:                              29359783
Time of last incumbent update (ms): 315516
CPU time (ms):                      1000007
TIMEOUT
Summary:
TIMEOUT 0 0 29359783 315516 1000007
