New incumbent 1 at time 404 ms
New incumbent 2 at time 404 ms
New incumbent 3 at time 404 ms
New incumbent 4 at time 404 ms
New incumbent 5 at time 404 ms
New incumbent 6 at time 404 ms
New incumbent 7 at time 404 ms
New incumbent 8 at time 408 ms
New incumbent 9 at time 423 ms
New incumbent 10 at time 435 ms
New incumbent 11 at time 438 ms
New incumbent 12 at time 564 ms
New incumbent 13 at time 1360 ms
New incumbent 14 at time 1361 ms
Upper bound: 23
New incumbent 15 at time 2454 ms
New incumbent 16 at time 2621 ms
New incumbent 17 at time 3009 ms
New incumbent 18 at time 3009 ms
New incumbent 19 at time 9877 ms
Upper bound: 22
New incumbent 20 at time 14701 ms
New incumbent 21 at time 14701 ms
New incumbent 22 at time 15931 ms
Solution size 22
(0 -> 1006) (1 -> 1007) (2 -> 1008) (3 -> 1045) (4 -> 665) (5 -> 664) (6 -> 663) (7 -> 1054) (9 -> 659) (10 -> 660) (11 -> 661) (12 -> 662) (13 -> 2564) (14 -> 2565) (15 -> 1057) (16 -> 1058) (17 -> 1053) (19 -> 1052) (20 -> 1046) (21 -> 894) (22 -> 893) (23 -> 895) 
Peak nogood count:                  0
Final nogood count:                 0
Nodes:                              391498
Time of last incumbent update (ms): 15931
CPU time (ms):                      15938
Summary:
COMPLETED 0 0 391498 15931 15938
