New incumbent 1 at time 690 ms
New incumbent 2 at time 690 ms
New incumbent 3 at time 690 ms
New incumbent 4 at time 690 ms
New incumbent 5 at time 690 ms
New incumbent 6 at time 696 ms
New incumbent 7 at time 698 ms
New incumbent 8 at time 698 ms
New incumbent 9 at time 710 ms
New incumbent 10 at time 881 ms
New incumbent 11 at time 881 ms
New incumbent 12 at time 1370 ms
New incumbent 13 at time 1370 ms
New incumbent 14 at time 1370 ms
Upper bound: 23
New incumbent 15 at time 7004 ms
New incumbent 16 at time 8580 ms
New incumbent 17 at time 8580 ms
New incumbent 18 at time 8580 ms
New incumbent 19 at time 8580 ms
Upper bound: 22
New incumbent 20 at time 39355 ms
New incumbent 21 at time 39355 ms
New incumbent 22 at time 72392 ms
Solution size 22
(0 -> 252) (1 -> 253) (2 -> 254) (3 -> 257) (4 -> 211) (5 -> 210) (6 -> 209) (8 -> 243) (9 -> 240) (10 -> 239) (12 -> 165) (13 -> 164) (14 -> 162) (15 -> 242) (16 -> 241) (17 -> 255) (18 -> 212) (19 -> 213) (20 -> 258) (21 -> 214) (22 -> 215) (23 -> 216) 
Peak nogood count:                  0
Final nogood count:                 0
Nodes:                              1084789
Time of last incumbent update (ms): 72392
CPU time (ms):                      72405
Summary:
COMPLETED 0 0 1084789 72392 72405
