New incumbent 1 at time 211 ms
New incumbent 2 at time 212 ms
Upper bound: 198
Upper bound: 197
New incumbent 3 at time 592 ms
Upper bound: 196
New incumbent 4 at time 1087 ms
New incumbent 5 at time 1087 ms
Upper bound: 195
New incumbent 6 at time 1802 ms
Upper bound: 194
New incumbent 7 at time 2422 ms
Upper bound: 193
New incumbent 8 at time 3667 ms
Upper bound: 192
New incumbent 9 at time 7833 ms
Upper bound: 191
New incumbent 10 at time 21427 ms
New incumbent 11 at time 21428 ms
New incumbent 12 at time 40186 ms
Upper bound: 190
New incumbent 13 at time 71270 ms
New incumbent 14 at time 124658 ms
Upper bound: 189
New incumbent 15 at time 591603 ms
New incumbent 16 at time 591621 ms
New incumbent 17 at time 591621 ms
Solution size 17
(1 -> 236) (2 -> 263) (3 -> 262) (57 -> 266) (104 -> 270) (106 -> 280) (132 -> 285) (133 -> 284) (134 -> 283) (135 -> 899) (136 -> 281) (137 -> 279) (138 -> 278) (139 -> 900) (144 -> 204) (146 -> 261) (147 -> 260) 
Peak nogood count:                  0
Final nogood count:                 0
Nodes:                              29044384
Time of last incumbent update (ms): 591621
CPU time (ms):                      1000021
TIMEOUT
Summary:
TIMEOUT 0 0 29044384 591621 1000021
