New incumbent 1 at time 1116 ms
New incumbent 2 at time 1116 ms
New incumbent 3 at time 1116 ms
New incumbent 4 at time 1116 ms
New incumbent 5 at time 1116 ms
New incumbent 6 at time 1120 ms
New incumbent 7 at time 1120 ms
New incumbent 8 at time 1128 ms
New incumbent 9 at time 1128 ms
New incumbent 10 at time 1139 ms
New incumbent 11 at time 1163 ms
New incumbent 12 at time 1270 ms
New incumbent 13 at time 1270 ms
New incumbent 14 at time 1575 ms
New incumbent 15 at time 1809 ms
New incumbent 16 at time 1809 ms
New incumbent 17 at time 1809 ms
Upper bound: 90
New incumbent 18 at time 9854 ms
New incumbent 19 at time 9854 ms
New incumbent 20 at time 48660 ms
New incumbent 21 at time 48661 ms
Upper bound: 89
New incumbent 22 at time 78089 ms
New incumbent 23 at time 78090 ms
New incumbent 24 at time 80211 ms
New incumbent 25 at time 85344 ms
New incumbent 26 at time 136689 ms
New incumbent 27 at time 136689 ms
Upper bound: 88
Solution size 27
(2 -> 572) (3 -> 571) (25 -> 413) (26 -> 414) (27 -> 415) (28 -> 507) (31 -> 419) (32 -> 418) (33 -> 417) (34 -> 5509) (35 -> 581) (36 -> 580) (37 -> 579) (38 -> 578) (39 -> 577) (40 -> 428) (41 -> 429) (53 -> 426) (54 -> 427) (58 -> 582) (64 -> 569) (65 -> 570) (66 -> 576) (67 -> 585) (74 -> 537) (75 -> 416) (82 -> 508) 
Peak nogood count:                  0
Final nogood count:                 0
Nodes:                              11806860
Time of last incumbent update (ms): 136689
CPU time (ms):                      1000036
TIMEOUT
Summary:
TIMEOUT 0 0 11806860 136689 1000036
