New incumbent 1 at time 238 ms
New incumbent 2 at time 238 ms
New incumbent 3 at time 239 ms
New incumbent 4 at time 239 ms
New incumbent 5 at time 239 ms
New incumbent 6 at time 239 ms
New incumbent 7 at time 240 ms
New incumbent 8 at time 240 ms
New incumbent 9 at time 240 ms
New incumbent 10 at time 282 ms
New incumbent 11 at time 1293 ms
New incumbent 12 at time 1304 ms
Upper bound: 58
New incumbent 13 at time 1507 ms
New incumbent 14 at time 1656 ms
New incumbent 15 at time 1911 ms
New incumbent 16 at time 1911 ms
New incumbent 17 at time 1911 ms
New incumbent 18 at time 1911 ms
Upper bound: 57
New incumbent 19 at time 9086 ms
New incumbent 20 at time 9086 ms
New incumbent 21 at time 9875 ms
New incumbent 22 at time 9875 ms
New incumbent 23 at time 36295 ms
New incumbent 24 at time 41762 ms
New incumbent 25 at time 41762 ms
New incumbent 26 at time 42853 ms
Upper bound: 56
New incumbent 27 at time 316552 ms
New incumbent 28 at time 316552 ms
New incumbent 29 at time 335531 ms
New incumbent 30 at time 335531 ms
Solution size 30
(0 -> 1332) (1 -> 1333) (2 -> 1334) (3 -> 1335) (4 -> 1336) (5 -> 1357) (6 -> 1244) (7 -> 1245) (9 -> 1359) (10 -> 1358) (12 -> 1337) (13 -> 1353) (14 -> 1352) (15 -> 1351) (16 -> 1348) (17 -> 1349) (18 -> 1354) (19 -> 1138) (20 -> 1137) (21 -> 1136) (22 -> 1179) (23 -> 1163) (26 -> 1132) (27 -> 1133) (28 -> 1185) (29 -> 1181) (30 -> 1180) (31 -> 1134) (32 -> 1135) (33 -> 1183) 
Peak nogood count:                  0
Final nogood count:                 0
Nodes:                              24282081
Time of last incumbent update (ms): 335531
CPU time (ms):                      1000010
TIMEOUT
Summary:
TIMEOUT 0 0 24282081 335531 1000010
