New incumbent 1 at time 869 ms
New incumbent 2 at time 869 ms
New incumbent 3 at time 869 ms
New incumbent 4 at time 869 ms
New incumbent 5 at time 869 ms
New incumbent 6 at time 873 ms
New incumbent 7 at time 873 ms
New incumbent 8 at time 879 ms
New incumbent 9 at time 917 ms
New incumbent 10 at time 918 ms
New incumbent 11 at time 918 ms
New incumbent 12 at time 918 ms
New incumbent 13 at time 918 ms
New incumbent 14 at time 1061 ms
New incumbent 15 at time 1088 ms
New incumbent 16 at time 1088 ms
New incumbent 17 at time 1088 ms
New incumbent 18 at time 1088 ms
New incumbent 19 at time 1088 ms
New incumbent 20 at time 1088 ms
New incumbent 21 at time 1088 ms
New incumbent 22 at time 1088 ms
New incumbent 23 at time 1091 ms
Upper bound: 69
New incumbent 24 at time 1615 ms
New incumbent 25 at time 1615 ms
New incumbent 26 at time 1615 ms
New incumbent 27 at time 4275 ms
New incumbent 28 at time 4277 ms
New incumbent 29 at time 4306 ms
New incumbent 30 at time 4308 ms
Upper bound: 68
New incumbent 31 at time 43953 ms
New incumbent 32 at time 43953 ms
New incumbent 33 at time 43963 ms
New incumbent 34 at time 47210 ms
New incumbent 35 at time 47210 ms
New incumbent 36 at time 47210 ms
New incumbent 37 at time 415181 ms
New incumbent 38 at time 894611 ms
New incumbent 39 at time 894612 ms
New incumbent 40 at time 894612 ms
New incumbent 41 at time 894612 ms
Solution size 41
(0 -> 2284) (1 -> 2285) (2 -> 2286) (3 -> 2287) (4 -> 3332) (5 -> 3327) (6 -> 3328) (8 -> 3183) (10 -> 3190) (11 -> 3189) (12 -> 3188) (13 -> 3268) (14 -> 3267) (24 -> 2245) (25 -> 4337) (26 -> 2281) (27 -> 2280) (28 -> 2279) (29 -> 3323) (30 -> 3324) (31 -> 3325) (32 -> 3329) (33 -> 3330) (34 -> 3280) (35 -> 3279) (36 -> 3186) (37 -> 3185) (38 -> 4158) (39 -> 3187) (40 -> 3184) (41 -> 3326) (42 -> 3336) (43 -> 3322) (44 -> 3321) (45 -> 3338) (46 -> 2278) (61 -> 3270) (62 -> 3269) (63 -> 3194) (64 -> 3193) (65 -> 3192) 
Peak nogood count:                  0
Final nogood count:                 0
Nodes:                              12900082
Time of last incumbent update (ms): 894612
CPU time (ms):                      1000027
TIMEOUT
Summary:
TIMEOUT 0 0 12900082 894612 1000027
