New incumbent 1 at time 539 ms
New incumbent 2 at time 539 ms
New incumbent 3 at time 540 ms
New incumbent 4 at time 540 ms
New incumbent 5 at time 540 ms
New incumbent 6 at time 540 ms
New incumbent 7 at time 541 ms
New incumbent 8 at time 541 ms
New incumbent 9 at time 541 ms
New incumbent 10 at time 542 ms
New incumbent 11 at time 542 ms
New incumbent 12 at time 542 ms
New incumbent 13 at time 661 ms
New incumbent 14 at time 661 ms
Upper bound: 22
New incumbent 15 at time 1046 ms
New incumbent 16 at time 1048 ms
Upper bound: 21
New incumbent 17 at time 9297 ms
New incumbent 18 at time 11406 ms
New incumbent 19 at time 49938 ms
New incumbent 20 at time 68760 ms
Upper bound: 20
Solution size 20
(1 -> 1521) (2 -> 1495) (3 -> 1494) (4 -> 1493) (5 -> 1520) (6 -> 1519) (7 -> 1518) (8 -> 1517) (9 -> 1516) (10 -> 1515) (11 -> 1490) (12 -> 1491) (13 -> 1492) (14 -> 3530) (16 -> 1485) (17 -> 1486) (18 -> 1487) (20 -> 3529) (21 -> 1484) (22 -> 3526) 
Peak nogood count:                  0
Final nogood count:                 0
Nodes:                              1237640
Time of last incumbent update (ms): 68760
CPU time (ms):                      71480
Summary:
COMPLETED 0 0 1237640 68760 71480
