New incumbent 1 at time 559 ms
New incumbent 2 at time 559 ms
New incumbent 3 at time 559 ms
New incumbent 4 at time 559 ms
New incumbent 5 at time 565 ms
New incumbent 6 at time 565 ms
New incumbent 7 at time 565 ms
New incumbent 8 at time 565 ms
New incumbent 9 at time 565 ms
New incumbent 10 at time 565 ms
New incumbent 11 at time 618 ms
Upper bound: 147
New incumbent 12 at time 877 ms
New incumbent 13 at time 962 ms
New incumbent 14 at time 963 ms
New incumbent 15 at time 1236 ms
New incumbent 16 at time 1288 ms
New incumbent 17 at time 1288 ms
New incumbent 18 at time 1317 ms
New incumbent 19 at time 1317 ms
Upper bound: 146
New incumbent 20 at time 25059 ms
New incumbent 21 at time 26903 ms
New incumbent 22 at time 26903 ms
New incumbent 23 at time 26903 ms
New incumbent 24 at time 26903 ms
New incumbent 25 at time 26903 ms
Solution size 25
(1 -> 336) (2 -> 338) (3 -> 337) (4 -> 344) (5 -> 334) (6 -> 333) (7 -> 329) (9 -> 908) (10 -> 1315) (11 -> 895) (12 -> 896) (13 -> 907) (14 -> 906) (15 -> 925) (16 -> 924) (17 -> 922) (18 -> 923) (21 -> 920) (22 -> 921) (23 -> 330) (36 -> 913) (76 -> 894) (84 -> 904) (85 -> 905) (87 -> 910) 
Peak nogood count:                  0
Final nogood count:                 0
Nodes:                              17272262
Time of last incumbent update (ms): 26903
CPU time (ms):                      1000029
TIMEOUT
Summary:
TIMEOUT 0 0 17272262 26903 1000029
