New incumbent 1 at time 237 ms
New incumbent 2 at time 238 ms
New incumbent 3 at time 238 ms
New incumbent 4 at time 239 ms
New incumbent 5 at time 241 ms
New incumbent 6 at time 241 ms
New incumbent 7 at time 246 ms
New incumbent 8 at time 246 ms
New incumbent 9 at time 246 ms
New incumbent 10 at time 246 ms
Upper bound: 107
New incumbent 11 at time 413 ms
New incumbent 12 at time 413 ms
New incumbent 13 at time 421 ms
New incumbent 14 at time 492 ms
New incumbent 15 at time 658 ms
New incumbent 16 at time 896 ms
New incumbent 17 at time 897 ms
New incumbent 18 at time 897 ms
New incumbent 19 at time 897 ms
New incumbent 20 at time 897 ms
Upper bound: 106
New incumbent 21 at time 2621 ms
New incumbent 22 at time 5129 ms
New incumbent 23 at time 5130 ms
New incumbent 24 at time 10425 ms
Upper bound: 105
New incumbent 25 at time 104189 ms
New incumbent 26 at time 104189 ms
New incumbent 27 at time 128287 ms
New incumbent 28 at time 128287 ms
New incumbent 29 at time 128287 ms
Upper bound: 104
New incumbent 30 at time 725204 ms
New incumbent 31 at time 725204 ms
New incumbent 32 at time 725204 ms
New incumbent 33 at time 725204 ms
Solution size 33
(1 -> 539) (2 -> 540) (3 -> 620) (4 -> 592) (5 -> 591) (7 -> 594) (8 -> 593) (9 -> 543) (10 -> 544) (12 -> 546) (13 -> 606) (14 -> 607) (15 -> 547) (16 -> 548) (18 -> 1646) (28 -> 458) (29 -> 459) (30 -> 460) (31 -> 624) (32 -> 582) (33 -> 581) (34 -> 580) (51 -> 598) (53 -> 600) (54 -> 601) (55 -> 595) (68 -> 583) (70 -> 625) (71 -> 573) (79 -> 1647) (81 -> 608) (82 -> 545) (103 -> 590) 
Peak nogood count:                  0
Final nogood count:                 0
Nodes:                              31108010
Time of last incumbent update (ms): 725204
CPU time (ms):                      1000012
TIMEOUT
Summary:
TIMEOUT 0 0 31108010 725204 1000012
