New incumbent 1 at time 629 ms
New incumbent 2 at time 630 ms
New incumbent 3 at time 630 ms
New incumbent 4 at time 630 ms
New incumbent 5 at time 631 ms
New incumbent 6 at time 633 ms
New incumbent 7 at time 634 ms
New incumbent 8 at time 649 ms
New incumbent 9 at time 649 ms
New incumbent 10 at time 658 ms
New incumbent 11 at time 786 ms
New incumbent 12 at time 856 ms
New incumbent 13 at time 937 ms
New incumbent 14 at time 937 ms
New incumbent 15 at time 937 ms
New incumbent 16 at time 937 ms
New incumbent 17 at time 937 ms
New incumbent 18 at time 937 ms
Upper bound: 90
New incumbent 19 at time 5744 ms
New incumbent 20 at time 5744 ms
New incumbent 21 at time 24096 ms
New incumbent 22 at time 24096 ms
New incumbent 23 at time 24097 ms
New incumbent 24 at time 24097 ms
New incumbent 25 at time 24097 ms
New incumbent 26 at time 24097 ms
Upper bound: 89
New incumbent 27 at time 191264 ms
Upper bound: 88
Solution size 27
(0 -> 3711) (1 -> 3712) (2 -> 3638) (3 -> 3637) (4 -> 3643) (5 -> 3642) (6 -> 3641) (7 -> 3608) (9 -> 3611) (10 -> 3612) (11 -> 3620) (12 -> 3613) (13 -> 3614) (15 -> 3602) (16 -> 3603) (17 -> 3719) (20 -> 3715) (39 -> 3645) (64 -> 3635) (65 -> 3636) (66 -> 3644) (85 -> 3605) (86 -> 3606) (87 -> 3607) (88 -> 3621) (89 -> 3604) (90 -> 3640) 
Peak nogood count:                  0
Final nogood count:                 0
Nodes:                              15360913
Time of last incumbent update (ms): 191264
CPU time (ms):                      1000025
TIMEOUT
Summary:
TIMEOUT 0 0 15360913 191264 1000025
