New incumbent 1 at time 799 ms
New incumbent 2 at time 799 ms
New incumbent 3 at time 799 ms
New incumbent 4 at time 799 ms
New incumbent 5 at time 800 ms
New incumbent 6 at time 828 ms
New incumbent 7 at time 828 ms
Upper bound: 146
New incumbent 8 at time 1327 ms
New incumbent 9 at time 1327 ms
New incumbent 10 at time 1327 ms
New incumbent 11 at time 1327 ms
New incumbent 12 at time 1520 ms
New incumbent 13 at time 1698 ms
New incumbent 14 at time 1698 ms
New incumbent 15 at time 1699 ms
New incumbent 16 at time 6463 ms
New incumbent 17 at time 6463 ms
Upper bound: 145
New incumbent 18 at time 10944 ms
New incumbent 19 at time 10945 ms
New incumbent 20 at time 15328 ms
New incumbent 21 at time 15328 ms
New incumbent 22 at time 15468 ms
Upper bound: 144
New incumbent 23 at time 124498 ms
New incumbent 24 at time 145021 ms
New incumbent 25 at time 303431 ms
New incumbent 26 at time 382272 ms
New incumbent 27 at time 729136 ms
Solution size 27
(1 -> 4099) (2 -> 2459) (3 -> 2458) (4 -> 2731) (5 -> 2713) (22 -> 2720) (23 -> 2723) (24 -> 2724) (27 -> 2725) (28 -> 2726) (29 -> 2728) (30 -> 2729) (31 -> 2730) (32 -> 2732) (33 -> 2733) (36 -> 2457) (38 -> 2727) (39 -> 2756) (42 -> 2760) (43 -> 2759) (44 -> 2758) (45 -> 2722) (58 -> 2757) (59 -> 2755) (60 -> 2754) (64 -> 2463) (65 -> 2462) 
Peak nogood count:                  0
Final nogood count:                 0
Nodes:                              14681948
Time of last incumbent update (ms): 729136
CPU time (ms):                      1000042
TIMEOUT
Summary:
TIMEOUT 0 0 14681948 729136 1000042
