New incumbent 1 at time 211 ms
New incumbent 2 at time 211 ms
New incumbent 3 at time 211 ms
New incumbent 4 at time 211 ms
New incumbent 5 at time 211 ms
New incumbent 6 at time 211 ms
New incumbent 7 at time 211 ms
New incumbent 8 at time 225 ms
New incumbent 9 at time 225 ms
New incumbent 10 at time 225 ms
Upper bound: 116
New incumbent 11 at time 369 ms
New incumbent 12 at time 412 ms
New incumbent 13 at time 429 ms
New incumbent 14 at time 430 ms
New incumbent 15 at time 430 ms
New incumbent 16 at time 437 ms
New incumbent 17 at time 545 ms
New incumbent 18 at time 545 ms
Upper bound: 115
New incumbent 19 at time 2468 ms
New incumbent 20 at time 2888 ms
New incumbent 21 at time 2888 ms
New incumbent 22 at time 2888 ms
New incumbent 23 at time 2888 ms
New incumbent 24 at time 2888 ms
New incumbent 25 at time 2888 ms
New incumbent 26 at time 2888 ms
New incumbent 27 at time 2895 ms
Upper bound: 114
New incumbent 28 at time 17386 ms
New incumbent 29 at time 17386 ms
New incumbent 30 at time 17386 ms
New incumbent 31 at time 17442 ms
Upper bound: 113
New incumbent 32 at time 112257 ms
New incumbent 33 at time 112257 ms
New incumbent 34 at time 177990 ms
New incumbent 35 at time 177990 ms
New incumbent 36 at time 177990 ms
New incumbent 37 at time 532338 ms
New incumbent 38 at time 532338 ms
Upper bound: 112
Solution size 38
(0 -> 861) (1 -> 862) (2 -> 863) (3 -> 1086) (4 -> 1059) (5 -> 1060) (6 -> 1063) (7 -> 1067) (8 -> 1068) (9 -> 1069) (10 -> 1070) (11 -> 1029) (12 -> 1028) (13 -> 1071) (14 -> 1030) (15 -> 1031) (16 -> 1032) (17 -> 1033) (19 -> 1085) (20 -> 1038) (23 -> 887) (24 -> 888) (25 -> 1062) (26 -> 1061) (28 -> 867) (29 -> 866) (30 -> 865) (31 -> 864) (32 -> 951) (33 -> 952) (34 -> 947) (35 -> 946) (42 -> 950) (109 -> 855) (110 -> 1662) (111 -> 860) (112 -> 859) (115 -> 1064) 
Peak nogood count:                  0
Final nogood count:                 0
Nodes:                              35199223
Time of last incumbent update (ms): 532338
CPU time (ms):                      1000011
TIMEOUT
Summary:
TIMEOUT 0 0 35199223 532338 1000011
