New incumbent 1 at time 109 ms
Upper bound: 48
New incumbent 2 at time 232 ms
Upper bound: 47
New incumbent 3 at time 297 ms
Upper bound: 46
New incumbent 4 at time 492 ms
New incumbent 5 at time 577 ms
Upper bound: 45
Upper bound: 44
New incumbent 6 at time 1915 ms
Upper bound: 43
New incumbent 7 at time 5106 ms
New incumbent 8 at time 7810 ms
Upper bound: 42
New incumbent 9 at time 452869 ms
Upper bound: 41
Solution size 9
(1 -> 146) (2 -> 147) (3 -> 148) (4 -> 149) (6 -> 163) (7 -> 151) (8 -> 152) (45 -> 145) (47 -> 150) 
Peak nogood count:                  0
Final nogood count:                 0
Nodes:                              31356570
Time of last incumbent update (ms): 452869
CPU time (ms):                      1000006
TIMEOUT
Summary:
TIMEOUT 0 0 31356570 452869 1000006
