New incumbent 1 at time 626 ms
New incumbent 2 at time 626 ms
New incumbent 3 at time 627 ms
New incumbent 4 at time 629 ms
New incumbent 5 at time 629 ms
New incumbent 6 at time 629 ms
New incumbent 7 at time 651 ms
New incumbent 8 at time 693 ms
New incumbent 9 at time 693 ms
New incumbent 10 at time 693 ms
Upper bound: 95
New incumbent 11 at time 1081 ms
New incumbent 12 at time 1081 ms
New incumbent 13 at time 1081 ms
New incumbent 14 at time 1081 ms
New incumbent 15 at time 1620 ms
New incumbent 16 at time 1620 ms
New incumbent 17 at time 1621 ms
New incumbent 18 at time 1621 ms
New incumbent 19 at time 2225 ms
New incumbent 20 at time 4783 ms
New incumbent 21 at time 4783 ms
New incumbent 22 at time 4789 ms
New incumbent 23 at time 4789 ms
Upper bound: 94
New incumbent 24 at time 27951 ms
New incumbent 25 at time 64594 ms
New incumbent 26 at time 64616 ms
New incumbent 27 at time 74427 ms
New incumbent 28 at time 79996 ms
Upper bound: 93
New incumbent 29 at time 293098 ms
New incumbent 30 at time 293098 ms
New incumbent 31 at time 378829 ms
New incumbent 32 at time 378829 ms
New incumbent 33 at time 420048 ms
New incumbent 34 at time 669022 ms
New incumbent 35 at time 669022 ms
Solution size 35
(4 -> 127) (5 -> 102) (6 -> 101) (8 -> 183) (9 -> 184) (10 -> 185) (11 -> 182) (12 -> 181) (13 -> 180) (15 -> 164) (16 -> 163) (17 -> 3934) (18 -> 3935) (20 -> 159) (66 -> 96) (67 -> 97) (68 -> 98) (69 -> 99) (70 -> 100) (76 -> 4088) (77 -> 161) (78 -> 160) (79 -> 162) (80 -> 165) (81 -> 188) (82 -> 187) (83 -> 166) (86 -> 192) (87 -> 191) (88 -> 190) (89 -> 193) (90 -> 21) (91 -> 20) (92 -> 194) (93 -> 22) 
Peak nogood count:                  0
Final nogood count:                 0
Nodes:                              15935932
Time of last incumbent update (ms): 669022
CPU time (ms):                      1000025
TIMEOUT
Summary:
TIMEOUT 0 0 15935932 669022 1000025
