New incumbent 1 at time 1120 ms
New incumbent 2 at time 1120 ms
New incumbent 3 at time 1120 ms
New incumbent 4 at time 1120 ms
New incumbent 5 at time 1121 ms
New incumbent 6 at time 1124 ms
New incumbent 7 at time 1124 ms
New incumbent 8 at time 1124 ms
New incumbent 9 at time 1124 ms
New incumbent 10 at time 1124 ms
New incumbent 11 at time 1152 ms
New incumbent 12 at time 1152 ms
Upper bound: 146
New incumbent 13 at time 1915 ms
New incumbent 14 at time 1915 ms
New incumbent 15 at time 1926 ms
New incumbent 16 at time 1926 ms
New incumbent 17 at time 1926 ms
New incumbent 18 at time 2472 ms
New incumbent 19 at time 2473 ms
New incumbent 20 at time 4585 ms
New incumbent 21 at time 4585 ms
New incumbent 22 at time 4586 ms
New incumbent 23 at time 4586 ms
New incumbent 24 at time 4586 ms
Upper bound: 145
New incumbent 25 at time 20283 ms
New incumbent 26 at time 20678 ms
Upper bound: 144
New incumbent 27 at time 277065 ms
New incumbent 28 at time 277065 ms
New incumbent 29 at time 303126 ms
New incumbent 30 at time 303127 ms
New incumbent 31 at time 303127 ms
New incumbent 32 at time 323846 ms
New incumbent 33 at time 323846 ms
New incumbent 34 at time 948371 ms
New incumbent 35 at time 948371 ms
New incumbent 36 at time 948371 ms
New incumbent 37 at time 948371 ms
New incumbent 38 at time 948372 ms
Solution size 38
(3 -> 566) (4 -> 833) (5 -> 834) (6 -> 835) (7 -> 838) (9 -> 860) (10 -> 855) (11 -> 856) (12 -> 5000) (13 -> 716) (53 -> 1001) (54 -> 1011) (55 -> 1003) (63 -> 925) (64 -> 924) (65 -> 923) (66 -> 922) (67 -> 921) (68 -> 920) (70 -> 859) (71 -> 861) (72 -> 862) (73 -> 863) (74 -> 4967) (75 -> 4968) (76 -> 4969) (77 -> 4970) (79 -> 4993) (80 -> 4994) (81 -> 906) (82 -> 907) (83 -> 4983) (84 -> 4972) (85 -> 4963) (86 -> 4962) (87 -> 4992) (92 -> 4935) (93 -> 4934) 
Peak nogood count:                  0
Final nogood count:                 0
Nodes:                              10602414
Time of last incumbent update (ms): 948372
CPU time (ms):                      1000051
TIMEOUT
Summary:
TIMEOUT 0 0 10602414 948372 1000051
