New incumbent 1 at time 359 ms
Upper bound: 128
New incumbent 2 at time 558 ms
New incumbent 3 at time 558 ms
Upper bound: 127
New incumbent 4 at time 937 ms
Upper bound: 126
New incumbent 5 at time 1532 ms
Upper bound: 125
New incumbent 6 at time 2726 ms
New incumbent 7 at time 3876 ms
Upper bound: 124
New incumbent 8 at time 17705 ms
Upper bound: 123
New incumbent 9 at time 26885 ms
New incumbent 10 at time 36915 ms
New incumbent 11 at time 36915 ms
Upper bound: 122
New incumbent 12 at time 253343 ms
Upper bound: 121
New incumbent 13 at time 955109 ms
Solution size 13
(0 -> 116) (6 -> 135) (7 -> 113) (8 -> 112) (9 -> 134) (10 -> 143) (12 -> 514) (13 -> 117) (14 -> 115) (16 -> 114) (18 -> 133) (23 -> 118) (24 -> 138) 
Peak nogood count:                  0
Final nogood count:                 0
Nodes:                              23582205
Time of last incumbent update (ms): 955109
CPU time (ms):                      1000025
TIMEOUT
Summary:
TIMEOUT 0 0 23582205 955109 1000025
