New incumbent 1 at time 506 ms
New incumbent 2 at time 506 ms
New incumbent 3 at time 506 ms
New incumbent 4 at time 506 ms
New incumbent 5 at time 506 ms
New incumbent 6 at time 506 ms
New incumbent 7 at time 507 ms
New incumbent 8 at time 507 ms
New incumbent 9 at time 559 ms
Upper bound: 59
New incumbent 10 at time 880 ms
New incumbent 11 at time 1047 ms
New incumbent 12 at time 1047 ms
New incumbent 13 at time 1047 ms
New incumbent 14 at time 1059 ms
New incumbent 15 at time 1060 ms
New incumbent 16 at time 1060 ms
New incumbent 17 at time 2274 ms
New incumbent 18 at time 4798 ms
Upper bound: 58
New incumbent 19 at time 7384 ms
New incumbent 20 at time 7518 ms
New incumbent 21 at time 7518 ms
New incumbent 22 at time 24743 ms
New incumbent 23 at time 48276 ms
New incumbent 24 at time 48276 ms
New incumbent 25 at time 48276 ms
New incumbent 26 at time 48276 ms
New incumbent 27 at time 48278 ms
Upper bound: 57
New incumbent 28 at time 52870 ms
New incumbent 29 at time 63461 ms
New incumbent 30 at time 63462 ms
New incumbent 31 at time 66481 ms
New incumbent 32 at time 238734 ms
New incumbent 33 at time 283674 ms
New incumbent 34 at time 283674 ms
New incumbent 35 at time 283678 ms
New incumbent 36 at time 290795 ms
New incumbent 37 at time 742987 ms
Upper bound: 56
Solution size 37
(0 -> 2554) (1 -> 2555) (2 -> 2559) (3 -> 2560) (4 -> 1124) (5 -> 1123) (6 -> 1122) (7 -> 1121) (8 -> 2534) (9 -> 1120) (11 -> 1401) (12 -> 1402) (13 -> 342) (14 -> 341) (15 -> 344) (16 -> 345) (17 -> 1329) (18 -> 1330) (19 -> 1331) (20 -> 1332) (21 -> 1323) (22 -> 1324) (23 -> 1325) (32 -> 1378) (33 -> 1328) (34 -> 1327) (35 -> 1381) (44 -> 1326) (46 -> 1400) (51 -> 346) (53 -> 2553) (54 -> 2552) (55 -> 1131) (56 -> 1130) (57 -> 1129) (58 -> 1128) (59 -> 1127) 
Peak nogood count:                  0
Final nogood count:                 0
Nodes:                              22043389
Time of last incumbent update (ms): 742987
CPU time (ms):                      1000012
TIMEOUT
Summary:
TIMEOUT 0 0 22043389 742987 1000012
