New incumbent 1 at time 287 ms
New incumbent 2 at time 287 ms
New incumbent 3 at time 287 ms
New incumbent 4 at time 288 ms
New incumbent 5 at time 288 ms
New incumbent 6 at time 292 ms
New incumbent 7 at time 292 ms
New incumbent 8 at time 292 ms
New incumbent 9 at time 298 ms
New incumbent 10 at time 298 ms
New incumbent 11 at time 299 ms
Upper bound: 89
New incumbent 12 at time 470 ms
New incumbent 13 at time 470 ms
New incumbent 14 at time 481 ms
New incumbent 15 at time 481 ms
Upper bound: 88
New incumbent 16 at time 3429 ms
New incumbent 17 at time 3429 ms
New incumbent 18 at time 3429 ms
New incumbent 19 at time 3699 ms
New incumbent 20 at time 3699 ms
New incumbent 21 at time 14350 ms
New incumbent 22 at time 14351 ms
Upper bound: 87
New incumbent 23 at time 23037 ms
New incumbent 24 at time 23037 ms
New incumbent 25 at time 23037 ms
New incumbent 26 at time 101085 ms
New incumbent 27 at time 101085 ms
Upper bound: 86
New incumbent 28 at time 175629 ms
New incumbent 29 at time 346583 ms
Solution size 29
(3 -> 1956) (4 -> 1493) (5 -> 1494) (6 -> 1980) (7 -> 1972) (8 -> 1971) (9 -> 1970) (10 -> 1969) (12 -> 1507) (13 -> 1508) (18 -> 1544) (19 -> 1543) (20 -> 1529) (37 -> 1496) (38 -> 1495) (39 -> 1506) (40 -> 1505) (45 -> 1509) (77 -> 1215) (78 -> 1990) (79 -> 1991) (82 -> 1224) (83 -> 1221) (84 -> 1220) (85 -> 1219) (86 -> 1218) (87 -> 1217) (88 -> 1216) (89 -> 1979) 
Peak nogood count:                  0
Final nogood count:                 0
Nodes:                              27244541
Time of last incumbent update (ms): 346583
CPU time (ms):                      1000011
TIMEOUT
Summary:
TIMEOUT 0 0 27244541 346583 1000011
