New incumbent 1 at time 544 ms
New incumbent 2 at time 545 ms
New incumbent 3 at time 545 ms
New incumbent 4 at time 545 ms
New incumbent 5 at time 545 ms
New incumbent 6 at time 546 ms
New incumbent 7 at time 546 ms
New incumbent 8 at time 573 ms
New incumbent 9 at time 573 ms
New incumbent 10 at time 592 ms
New incumbent 11 at time 592 ms
New incumbent 12 at time 592 ms
Upper bound: 125
New incumbent 13 at time 936 ms
New incumbent 14 at time 936 ms
New incumbent 15 at time 2139 ms
New incumbent 16 at time 2139 ms
New incumbent 17 at time 2804 ms
New incumbent 18 at time 3474 ms
New incumbent 19 at time 3474 ms
New incumbent 20 at time 3474 ms
Upper bound: 124
New incumbent 21 at time 18224 ms
New incumbent 22 at time 28091 ms
New incumbent 23 at time 55534 ms
New incumbent 24 at time 55534 ms
Upper bound: 123
New incumbent 25 at time 62164 ms
New incumbent 26 at time 62164 ms
New incumbent 27 at time 148291 ms
New incumbent 28 at time 148293 ms
New incumbent 29 at time 545807 ms
New incumbent 30 at time 545807 ms
New incumbent 31 at time 719079 ms
New incumbent 32 at time 774818 ms
New incumbent 33 at time 774818 ms
New incumbent 34 at time 774818 ms
Solution size 34
(0 -> 1054) (1 -> 1028) (2 -> 1027) (3 -> 1104) (7 -> 1030) (8 -> 1029) (9 -> 1053) (10 -> 1052) (16 -> 1141) (38 -> 1142) (39 -> 1143) (40 -> 657) (42 -> 1007) (43 -> 1111) (44 -> 1025) (45 -> 1026) (46 -> 1024) (47 -> 1023) (50 -> 1006) (53 -> 1112) (54 -> 1113) (55 -> 1018) (106 -> 1015) (110 -> 1016) (111 -> 1115) (112 -> 1114) (113 -> 1116) (114 -> 1117) (115 -> 1118) (116 -> 655) (118 -> 653) (119 -> 654) (120 -> 656) (121 -> 1017) 
Peak nogood count:                  0
Final nogood count:                 0
Nodes:                              18194362
Time of last incumbent update (ms): 774818
CPU time (ms):                      1000028
TIMEOUT
Summary:
TIMEOUT 0 0 18194362 774818 1000028
