New incumbent 1 at time 156 ms
New incumbent 2 at time 156 ms
Upper bound: 198
Upper bound: 197
Upper bound: 196
Upper bound: 195
Upper bound: 194
New incumbent 3 at time 1159 ms
Upper bound: 193
New incumbent 4 at time 1556 ms
New incumbent 5 at time 1558 ms
Upper bound: 192
New incumbent 6 at time 2290 ms
Upper bound: 191
New incumbent 7 at time 4419 ms
Upper bound: 190
New incumbent 8 at time 11014 ms
New incumbent 9 at time 11151 ms
New incumbent 10 at time 11151 ms
Upper bound: 189
New incumbent 11 at time 28840 ms
Upper bound: 188
New incumbent 12 at time 290376 ms
Solution size 12
(0 -> 741) (181 -> 774) (182 -> 772) (184 -> 787) (187 -> 758) (189 -> 770) (190 -> 771) (192 -> 785) (193 -> 786) (194 -> 789) (196 -> 784) (198 -> 759) 
Peak nogood count:                  0
Final nogood count:                 0
Nodes:                              31035112
Time of last incumbent update (ms): 290376
CPU time (ms):                      1000023
TIMEOUT
Summary:
TIMEOUT 0 0 31035112 290376 1000023
