New incumbent 1 at time 858 ms
New incumbent 2 at time 858 ms
New incumbent 3 at time 858 ms
New incumbent 4 at time 860 ms
New incumbent 5 at time 865 ms
New incumbent 6 at time 865 ms
New incumbent 7 at time 1005 ms
Upper bound: 89
New incumbent 8 at time 1454 ms
New incumbent 9 at time 1454 ms
New incumbent 10 at time 1462 ms
New incumbent 11 at time 1571 ms
New incumbent 12 at time 1583 ms
New incumbent 13 at time 1942 ms
New incumbent 14 at time 4807 ms
Upper bound: 88
New incumbent 15 at time 17133 ms
New incumbent 16 at time 17601 ms
New incumbent 17 at time 17602 ms
New incumbent 18 at time 19923 ms
New incumbent 19 at time 19923 ms
New incumbent 20 at time 21266 ms
New incumbent 21 at time 21266 ms
Upper bound: 87
New incumbent 22 at time 140495 ms
New incumbent 23 at time 168430 ms
New incumbent 24 at time 356148 ms
New incumbent 25 at time 356149 ms
New incumbent 26 at time 957898 ms
New incumbent 27 at time 957898 ms
Solution size 27
(0 -> 1173) (1 -> 1174) (2 -> 4402) (4 -> 4352) (5 -> 4353) (11 -> 4372) (12 -> 4365) (13 -> 4366) (14 -> 4367) (18 -> 4381) (19 -> 4382) (21 -> 1177) (22 -> 1178) (23 -> 1179) (24 -> 1180) (25 -> 1181) (26 -> 1250) (27 -> 1248) (28 -> 1247) (29 -> 1251) (30 -> 1252) (33 -> 4389) (36 -> 4354) (86 -> 1171) (87 -> 1172) (88 -> 1249) (89 -> 1175) 
Peak nogood count:                  0
Final nogood count:                 0
Nodes:                              14089157
Time of last incumbent update (ms): 957898
CPU time (ms):                      1000031
TIMEOUT
Summary:
TIMEOUT 0 0 14089157 957898 1000031
