New incumbent 1 at time 897 ms
New incumbent 2 at time 897 ms
New incumbent 3 at time 897 ms
New incumbent 4 at time 902 ms
New incumbent 5 at time 902 ms
New incumbent 6 at time 909 ms
New incumbent 7 at time 918 ms
Upper bound: 95
New incumbent 8 at time 1464 ms
New incumbent 9 at time 1465 ms
New incumbent 10 at time 1481 ms
New incumbent 11 at time 1481 ms
New incumbent 12 at time 1553 ms
New incumbent 13 at time 1648 ms
New incumbent 14 at time 1648 ms
New incumbent 15 at time 1648 ms
New incumbent 16 at time 1813 ms
New incumbent 17 at time 2250 ms
New incumbent 18 at time 2250 ms
New incumbent 19 at time 2254 ms
New incumbent 20 at time 2254 ms
New incumbent 21 at time 3842 ms
New incumbent 22 at time 15135 ms
New incumbent 23 at time 15135 ms
Upper bound: 94
New incumbent 24 at time 37913 ms
New incumbent 25 at time 37914 ms
New incumbent 26 at time 37914 ms
New incumbent 27 at time 153087 ms
New incumbent 28 at time 153123 ms
New incumbent 29 at time 153123 ms
New incumbent 30 at time 153124 ms
New incumbent 31 at time 153124 ms
New incumbent 32 at time 153124 ms
New incumbent 33 at time 160061 ms
New incumbent 34 at time 160061 ms
New incumbent 35 at time 160061 ms
Upper bound: 93
New incumbent 36 at time 651984 ms
Solution size 36
(0 -> 2179) (1 -> 2180) (2 -> 2181) (3 -> 2182) (4 -> 2185) (5 -> 2186) (6 -> 2187) (12 -> 2741) (13 -> 2751) (14 -> 2750) (15 -> 2151) (16 -> 2152) (17 -> 2161) (18 -> 2160) (19 -> 2159) (20 -> 2100) (21 -> 2099) (22 -> 2098) (23 -> 2097) (24 -> 2096) (25 -> 4289) (26 -> 2091) (27 -> 4264) (28 -> 2090) (29 -> 2089) (30 -> 4284) (31 -> 4285) (33 -> 2087) (75 -> 2088) (76 -> 4288) (78 -> 2101) (79 -> 2153) (80 -> 2150) (82 -> 2752) (94 -> 2681) (95 -> 2680) 
Peak nogood count:                  0
Final nogood count:                 0
Nodes:                              13966003
Time of last incumbent update (ms): 651984
CPU time (ms):                      1000029
TIMEOUT
Summary:
TIMEOUT 0 0 13966003 651984 1000029
