New incumbent 1 at time 197 ms
New incumbent 2 at time 198 ms
New incumbent 3 at time 200 ms
New incumbent 4 at time 200 ms
New incumbent 5 at time 203 ms
New incumbent 6 at time 203 ms
Upper bound: 80
New incumbent 7 at time 278 ms
New incumbent 8 at time 278 ms
New incumbent 9 at time 291 ms
New incumbent 10 at time 291 ms
New incumbent 11 at time 360 ms
New incumbent 12 at time 360 ms
New incumbent 13 at time 796 ms
New incumbent 14 at time 1029 ms
Upper bound: 79
New incumbent 15 at time 1814 ms
New incumbent 16 at time 1814 ms
New incumbent 17 at time 1815 ms
New incumbent 18 at time 1815 ms
New incumbent 19 at time 1815 ms
New incumbent 20 at time 1815 ms
New incumbent 21 at time 4270 ms
New incumbent 22 at time 5025 ms
Upper bound: 78
New incumbent 23 at time 14561 ms
New incumbent 24 at time 16258 ms
New incumbent 25 at time 16258 ms
New incumbent 26 at time 75739 ms
Upper bound: 77
New incumbent 27 at time 125720 ms
New incumbent 28 at time 129184 ms
New incumbent 29 at time 191709 ms
New incumbent 30 at time 191709 ms
New incumbent 31 at time 192273 ms
Solution size 31
(0 -> 805) (1 -> 806) (2 -> 798) (3 -> 1071) (4 -> 807) (5 -> 808) (6 -> 864) (7 -> 1065) (8 -> 1064) (9 -> 1063) (11 -> 804) (28 -> 1066) (59 -> 1117) (60 -> 1118) (62 -> 1565) (63 -> 1122) (64 -> 1121) (65 -> 1120) (66 -> 1124) (67 -> 1570) (69 -> 1137) (70 -> 1138) (71 -> 1139) (72 -> 1123) (73 -> 1140) (74 -> 1141) (75 -> 1125) (76 -> 1126) (77 -> 1569) (79 -> 1136) (80 -> 1119) 
Peak nogood count:                  0
Final nogood count:                 0
Nodes:                              34887051
Time of last incumbent update (ms): 192273
CPU time (ms):                      1000008
TIMEOUT
Summary:
TIMEOUT 0 0 34887051 192273 1000008
