New incumbent 1 at time 229 ms
New incumbent 2 at time 229 ms
New incumbent 3 at time 229 ms
New incumbent 4 at time 229 ms
New incumbent 5 at time 229 ms
New incumbent 6 at time 229 ms
New incumbent 7 at time 230 ms
New incumbent 8 at time 230 ms
New incumbent 9 at time 234 ms
New incumbent 10 at time 244 ms
New incumbent 11 at time 244 ms
Upper bound: 69
New incumbent 12 at time 409 ms
New incumbent 13 at time 409 ms
New incumbent 14 at time 454 ms
New incumbent 15 at time 461 ms
New incumbent 16 at time 461 ms
New incumbent 17 at time 461 ms
New incumbent 18 at time 509 ms
New incumbent 19 at time 552 ms
New incumbent 20 at time 552 ms
New incumbent 21 at time 831 ms
New incumbent 22 at time 982 ms
New incumbent 23 at time 983 ms
New incumbent 24 at time 983 ms
New incumbent 25 at time 983 ms
New incumbent 26 at time 1053 ms
New incumbent 27 at time 2296 ms
New incumbent 28 at time 4111 ms
New incumbent 29 at time 4581 ms
Upper bound: 68
New incumbent 30 at time 10464 ms
New incumbent 31 at time 10464 ms
New incumbent 32 at time 16952 ms
New incumbent 33 at time 16952 ms
New incumbent 34 at time 50786 ms
New incumbent 35 at time 50786 ms
New incumbent 36 at time 141467 ms
Upper bound: 67
New incumbent 37 at time 205490 ms
New incumbent 38 at time 425380 ms
New incumbent 39 at time 425380 ms
Solution size 39
(0 -> 68) (1 -> 67) (2 -> 66) (3 -> 2310) (4 -> 2311) (5 -> 2312) (7 -> 1394) (8 -> 1396) (9 -> 69) (10 -> 70) (12 -> 1463) (13 -> 1460) (18 -> 45) (19 -> 46) (20 -> 106) (22 -> 105) (23 -> 104) (24 -> 47) (25 -> 48) (26 -> 49) (27 -> 50) (28 -> 51) (29 -> 52) (30 -> 53) (31 -> 54) (32 -> 2299) (33 -> 2300) (36 -> 1398) (37 -> 1397) (38 -> 1465) (39 -> 1464) (40 -> 1395) (41 -> 55) (42 -> 82) (43 -> 83) (44 -> 84) (45 -> 85) (46 -> 86) (65 -> 1486) 
Peak nogood count:                  0
Final nogood count:                 0
Nodes:                              27115687
Time of last incumbent update (ms): 425380
CPU time (ms):                      1000010
TIMEOUT
Summary:
TIMEOUT 0 0 27115687 425380 1000010
