New incumbent 1 at time 164 ms
New incumbent 2 at time 164 ms
New incumbent 3 at time 164 ms
New incumbent 4 at time 186 ms
Upper bound: 68
New incumbent 5 at time 275 ms
New incumbent 6 at time 275 ms
New incumbent 7 at time 276 ms
New incumbent 8 at time 276 ms
New incumbent 9 at time 276 ms
New incumbent 10 at time 276 ms
New incumbent 11 at time 277 ms
New incumbent 12 at time 286 ms
New incumbent 13 at time 286 ms
New incumbent 14 at time 286 ms
New incumbent 15 at time 286 ms
New incumbent 16 at time 286 ms
New incumbent 17 at time 384 ms
New incumbent 18 at time 384 ms
New incumbent 19 at time 384 ms
Upper bound: 67
New incumbent 20 at time 1678 ms
New incumbent 21 at time 1812 ms
New incumbent 22 at time 2410 ms
New incumbent 23 at time 2425 ms
New incumbent 24 at time 2430 ms
New incumbent 25 at time 2692 ms
Upper bound: 66
New incumbent 26 at time 892211 ms
New incumbent 27 at time 892231 ms
Solution size 27
(0 -> 1977) (1 -> 1979) (2 -> 1980) (3 -> 103) (4 -> 102) (5 -> 101) (9 -> 107) (11 -> 120) (14 -> 185) (15 -> 186) (16 -> 125) (17 -> 126) (19 -> 128) (20 -> 131) (34 -> 127) (35 -> 2016) (36 -> 2014) (37 -> 2017) (38 -> 2015) (39 -> 124) (40 -> 123) (41 -> 23) (42 -> 24) (63 -> 187) (64 -> 106) (65 -> 105) (66 -> 104) 
Peak nogood count:                  0
Final nogood count:                 0
Nodes:                              29049637
Time of last incumbent update (ms): 892231
CPU time (ms):                      1000009
TIMEOUT
Summary:
TIMEOUT 0 0 29049637 892231 1000009
