New incumbent 1 at time 391 ms
New incumbent 2 at time 391 ms
New incumbent 3 at time 391 ms
New incumbent 4 at time 391 ms
New incumbent 5 at time 393 ms
New incumbent 6 at time 393 ms
New incumbent 7 at time 396 ms
New incumbent 8 at time 396 ms
New incumbent 9 at time 396 ms
New incumbent 10 at time 431 ms
New incumbent 11 at time 759 ms
Upper bound: 21
New incumbent 12 at time 1402 ms
New incumbent 13 at time 1403 ms
New incumbent 14 at time 1533 ms
New incumbent 15 at time 1725 ms
New incumbent 16 at time 1725 ms
Upper bound: 20
New incumbent 17 at time 17662 ms
New incumbent 18 at time 17662 ms
New incumbent 19 at time 32941 ms
New incumbent 20 at time 35938 ms
Solution size 20
(0 -> 842) (1 -> 841) (3 -> 845) (4 -> 844) (5 -> 1425) (6 -> 1426) (7 -> 3223) (8 -> 3222) (9 -> 3221) (10 -> 1431) (11 -> 1430) (12 -> 2961) (13 -> 1429) (14 -> 2973) (16 -> 1427) (17 -> 843) (18 -> 1424) (19 -> 1377) (20 -> 1376) (21 -> 1378) 
Peak nogood count:                  0
Final nogood count:                 0
Nodes:                              708251
Time of last incumbent update (ms): 35938
CPU time (ms):                      35947
Summary:
COMPLETED 0 0 708251 35938 35947
