New incumbent 1 at time 137 ms
New incumbent 2 at time 137 ms
New incumbent 3 at time 137 ms
New incumbent 4 at time 137 ms
New incumbent 5 at time 137 ms
New incumbent 6 at time 137 ms
New incumbent 7 at time 137 ms
New incumbent 8 at time 144 ms
New incumbent 9 at time 144 ms
New incumbent 10 at time 147 ms
New incumbent 11 at time 147 ms
New incumbent 12 at time 149 ms
Upper bound: 49
New incumbent 13 at time 260 ms
New incumbent 14 at time 260 ms
New incumbent 15 at time 260 ms
New incumbent 16 at time 260 ms
Upper bound: 48
New incumbent 17 at time 1604 ms
New incumbent 18 at time 1604 ms
New incumbent 19 at time 1604 ms
New incumbent 20 at time 1605 ms
Upper bound: 47
New incumbent 21 at time 13067 ms
New incumbent 22 at time 14730 ms
New incumbent 23 at time 14731 ms
New incumbent 24 at time 14731 ms
New incumbent 25 at time 14731 ms
New incumbent 26 at time 14731 ms
New incumbent 27 at time 14731 ms
New incumbent 28 at time 14733 ms
Upper bound: 46
New incumbent 29 at time 168983 ms
New incumbent 30 at time 201586 ms
New incumbent 31 at time 201586 ms
New incumbent 32 at time 201586 ms
Solution size 32
(1 -> 1588) (2 -> 1587) (3 -> 1586) (6 -> 1033) (7 -> 1034) (8 -> 1035) (9 -> 1590) (10 -> 1591) (11 -> 1036) (12 -> 1037) (13 -> 1038) (14 -> 1039) (15 -> 1040) (17 -> 1081) (18 -> 1082) (19 -> 1083) (20 -> 1449) (21 -> 1087) (22 -> 1088) (24 -> 1583) (25 -> 1098) (26 -> 1099) (27 -> 1097) (28 -> 1096) (32 -> 1444) (33 -> 1448) (34 -> 1093) (35 -> 1092) (36 -> 1084) (37 -> 1085) (38 -> 1086) (47 -> 822) 
Peak nogood count:                  0
Final nogood count:                 0
Nodes:                              35217272
Time of last incumbent update (ms): 201586
CPU time (ms):                      1000005
TIMEOUT
Summary:
TIMEOUT 0 0 35217272 201586 1000005
