New incumbent 1 at time 250 ms
New incumbent 2 at time 250 ms
New incumbent 3 at time 251 ms
New incumbent 4 at time 251 ms
New incumbent 5 at time 251 ms
New incumbent 6 at time 252 ms
New incumbent 7 at time 253 ms
New incumbent 8 at time 253 ms
New incumbent 9 at time 264 ms
New incumbent 10 at time 267 ms
Upper bound: 14
New incumbent 11 at time 791 ms
New incumbent 12 at time 850 ms
New incumbent 13 at time 890 ms
New incumbent 14 at time 890 ms
Solution size 14
(0 -> 1357) (1 -> 1356) (2 -> 1355) (3 -> 1353) (4 -> 1352) (5 -> 1345) (7 -> 1358) (8 -> 1344) (9 -> 2100) (10 -> 2098) (11 -> 2099) (12 -> 1342) (13 -> 1343) (14 -> 1354) 
Peak nogood count:                  0
Final nogood count:                 0
Nodes:                              16804
Time of last incumbent update (ms): 890
CPU time (ms):                      894
Summary:
COMPLETED 0 0 16804 890 894
