New incumbent 1 at time 1242 ms
New incumbent 2 at time 1243 ms
New incumbent 3 at time 1243 ms
New incumbent 4 at time 1243 ms
New incumbent 5 at time 1243 ms
New incumbent 6 at time 1243 ms
New incumbent 7 at time 1243 ms
New incumbent 8 at time 1252 ms
New incumbent 9 at time 1263 ms
New incumbent 10 at time 1263 ms
New incumbent 11 at time 1267 ms
New incumbent 12 at time 1295 ms
Upper bound: 147
New incumbent 13 at time 2047 ms
New incumbent 14 at time 2333 ms
New incumbent 15 at time 2370 ms
New incumbent 16 at time 2370 ms
New incumbent 17 at time 2371 ms
New incumbent 18 at time 2371 ms
New incumbent 19 at time 2372 ms
New incumbent 20 at time 2372 ms
New incumbent 21 at time 2372 ms
Upper bound: 146
New incumbent 22 at time 30452 ms
New incumbent 23 at time 30453 ms
New incumbent 24 at time 30453 ms
New incumbent 25 at time 146433 ms
New incumbent 26 at time 146433 ms
Solution size 26
(0 -> 828) (1 -> 829) (2 -> 830) (3 -> 839) (4 -> 838) (5 -> 5517) (6 -> 5518) (7 -> 5522) (9 -> 5546) (11 -> 5532) (12 -> 5533) (13 -> 5555) (14 -> 5535) (15 -> 5536) (16 -> 5537) (17 -> 5538) (18 -> 5539) (21 -> 5581) (22 -> 5582) (23 -> 5521) (36 -> 5543) (83 -> 5632) (85 -> 5534) (86 -> 5525) (87 -> 5524) (147 -> 827) 
Peak nogood count:                  0
Final nogood count:                 0
Nodes:                              9643890
Time of last incumbent update (ms): 146433
CPU time (ms):                      1000053
TIMEOUT
Summary:
TIMEOUT 0 0 9643890 146433 1000053
