New incumbent 1 at time 595 ms
New incumbent 2 at time 595 ms
New incumbent 3 at time 595 ms
New incumbent 4 at time 595 ms
New incumbent 5 at time 595 ms
New incumbent 6 at time 596 ms
New incumbent 7 at time 596 ms
New incumbent 8 at time 596 ms
New incumbent 9 at time 596 ms
New incumbent 10 at time 596 ms
New incumbent 11 at time 596 ms
Upper bound: 77
New incumbent 12 at time 620 ms
New incumbent 13 at time 620 ms
New incumbent 14 at time 620 ms
New incumbent 15 at time 622 ms
New incumbent 16 at time 712 ms
Upper bound: 76
New incumbent 17 at time 1085 ms
New incumbent 18 at time 1085 ms
New incumbent 19 at time 6679 ms
New incumbent 20 at time 6679 ms
New incumbent 21 at time 6681 ms
New incumbent 22 at time 6683 ms
Upper bound: 75
New incumbent 23 at time 52662 ms
New incumbent 24 at time 52663 ms
New incumbent 25 at time 53094 ms
New incumbent 26 at time 53663 ms
New incumbent 27 at time 54925 ms
New incumbent 28 at time 138651 ms
New incumbent 29 at time 138651 ms
New incumbent 30 at time 511174 ms
Upper bound: 74
Solution size 30
(0 -> 2951) (1 -> 2234) (2 -> 2235) (3 -> 2950) (4 -> 2949) (7 -> 2229) (8 -> 2953) (9 -> 2233) (10 -> 2232) (30 -> 2284) (52 -> 2289) (53 -> 2285) (54 -> 2286) (55 -> 2287) (56 -> 2255) (57 -> 2254) (58 -> 2253) (60 -> 2906) (61 -> 2907) (62 -> 2908) (63 -> 2902) (64 -> 2903) (65 -> 2250) (66 -> 2251) (67 -> 2252) (68 -> 2905) (70 -> 2236) (71 -> 2237) (74 -> 2288) (77 -> 2952) 
Peak nogood count:                  0
Final nogood count:                 0
Nodes:                              17641517
Time of last incumbent update (ms): 511174
CPU time (ms):                      1000020
TIMEOUT
Summary:
TIMEOUT 0 0 17641517 511174 1000020
