New incumbent 1 at time 896 ms
New incumbent 2 at time 896 ms
New incumbent 3 at time 901 ms
New incumbent 4 at time 901 ms
New incumbent 5 at time 902 ms
New incumbent 6 at time 922 ms
New incumbent 7 at time 922 ms
New incumbent 8 at time 922 ms
Upper bound: 80
New incumbent 9 at time 1419 ms
New incumbent 10 at time 1419 ms
New incumbent 11 at time 1442 ms
New incumbent 12 at time 1751 ms
New incumbent 13 at time 1751 ms
New incumbent 14 at time 1751 ms
New incumbent 15 at time 1751 ms
New incumbent 16 at time 1751 ms
New incumbent 17 at time 1751 ms
New incumbent 18 at time 1751 ms
Upper bound: 79
New incumbent 19 at time 14726 ms
New incumbent 20 at time 15670 ms
New incumbent 21 at time 15670 ms
Upper bound: 78
New incumbent 22 at time 113753 ms
New incumbent 23 at time 113753 ms
New incumbent 24 at time 113753 ms
New incumbent 25 at time 131961 ms
New incumbent 26 at time 131961 ms
Upper bound: 77
New incumbent 27 at time 985689 ms
Solution size 27
(29 -> 56) (30 -> 58) (31 -> 9) (32 -> 10) (35 -> 4837) (36 -> 1) (37 -> 2) (38 -> 8) (41 -> 6) (46 -> 5) (47 -> 4) (48 -> 3) (49 -> 35) (54 -> 77) (55 -> 76) (56 -> 82) (57 -> 74) (58 -> 75) (59 -> 42) (60 -> 43) (61 -> 29) (63 -> 83) (64 -> 49) (65 -> 48) (66 -> 47) (72 -> 84) (80 -> 44) 
Peak nogood count:                  0
Final nogood count:                 0
Nodes:                              13980762
Time of last incumbent update (ms): 985689
CPU time (ms):                      1000028
TIMEOUT
Summary:
TIMEOUT 0 0 13980762 985689 1000028
