New incumbent 1 at time 251 ms
New incumbent 2 at time 251 ms
New incumbent 3 at time 251 ms
New incumbent 4 at time 253 ms
New incumbent 5 at time 253 ms
New incumbent 6 at time 271 ms
New incumbent 7 at time 271 ms
New incumbent 8 at time 278 ms
New incumbent 9 at time 278 ms
Upper bound: 52
New incumbent 10 at time 466 ms
New incumbent 11 at time 466 ms
New incumbent 12 at time 466 ms
New incumbent 13 at time 466 ms
New incumbent 14 at time 527 ms
New incumbent 15 at time 599 ms
New incumbent 16 at time 599 ms
New incumbent 17 at time 1923 ms
New incumbent 18 at time 3503 ms
New incumbent 19 at time 3503 ms
New incumbent 20 at time 3503 ms
New incumbent 21 at time 3503 ms
Upper bound: 51
New incumbent 22 at time 4009 ms
New incumbent 23 at time 4009 ms
New incumbent 24 at time 4009 ms
New incumbent 25 at time 4010 ms
New incumbent 26 at time 4010 ms
New incumbent 27 at time 4010 ms
New incumbent 28 at time 4010 ms
New incumbent 29 at time 4652 ms
New incumbent 30 at time 9537 ms
New incumbent 31 at time 9537 ms
New incumbent 32 at time 9537 ms
New incumbent 33 at time 9537 ms
New incumbent 34 at time 9537 ms
New incumbent 35 at time 59429 ms
New incumbent 36 at time 59429 ms
New incumbent 37 at time 59429 ms
New incumbent 38 at time 95548 ms
New incumbent 39 at time 95548 ms
Upper bound: 50
New incumbent 40 at time 132315 ms
New incumbent 41 at time 132315 ms
New incumbent 42 at time 132331 ms
New incumbent 43 at time 132683 ms
New incumbent 44 at time 133274 ms
New incumbent 45 at time 134112 ms
New incumbent 46 at time 134112 ms
New incumbent 47 at time 678375 ms
Solution size 47
(0 -> 285) (1 -> 284) (2 -> 281) (3 -> 282) (4 -> 286) (6 -> 2525) (7 -> 2528) (8 -> 2395) (9 -> 2394) (11 -> 2547) (12 -> 2402) (15 -> 2407) (16 -> 2403) (17 -> 2404) (18 -> 2405) (19 -> 2398) (20 -> 2397) (21 -> 2396) (22 -> 2406) (23 -> 2512) (24 -> 2513) (25 -> 2399) (27 -> 182) (28 -> 2463) (29 -> 2462) (30 -> 181) (31 -> 180) (32 -> 2585) (34 -> 2391) (35 -> 2390) (36 -> 2389) (37 -> 2434) (38 -> 2388) (39 -> 2387) (40 -> 2550) (41 -> 2551) (42 -> 2552) (43 -> 2349) (44 -> 2350) (45 -> 2351) (46 -> 2334) (47 -> 2333) (48 -> 2327) (49 -> 2326) (50 -> 2325) (51 -> 280) (52 -> 283) 
Peak nogood count:                  0
Final nogood count:                 0
Nodes:                              24332979
Time of last incumbent update (ms): 678375
CPU time (ms):                      1000010
TIMEOUT
Summary:
TIMEOUT 0 0 24332979 678375 1000010
