New incumbent 1 at time 92 ms
New incumbent 2 at time 92 ms
Upper bound: 128
Upper bound: 127
New incumbent 3 at time 382 ms
Upper bound: 126
New incumbent 4 at time 734 ms
Upper bound: 125
New incumbent 5 at time 1159 ms
Upper bound: 124
New incumbent 6 at time 3206 ms
New incumbent 7 at time 4260 ms
Upper bound: 123
New incumbent 8 at time 8450 ms
New incumbent 9 at time 16519 ms
Upper bound: 122
New incumbent 10 at time 100062 ms
Upper bound: 121
Solution size 10
(0 -> 257) (4 -> 192) (5 -> 191) (6 -> 211) (8 -> 212) (10 -> 190) (15 -> 213) (16 -> 258) (18 -> 265) (24 -> 214) 
Peak nogood count:                  0
Final nogood count:                 0
Nodes:                              40890998
Time of last incumbent update (ms): 100062
CPU time (ms):                      1000009
TIMEOUT
Summary:
TIMEOUT 0 0 40890998 100062 1000009
