New incumbent 1 at time 25 ms
New incumbent 2 at time 26 ms
Upper bound: 162
New incumbent 3 at time 33 ms
New incumbent 4 at time 34 ms
New incumbent 5 at time 34 ms
Upper bound: 161
New incumbent 6 at time 51 ms
New incumbent 7 at time 51 ms
New incumbent 8 at time 51 ms
New incumbent 9 at time 51 ms
New incumbent 10 at time 51 ms
New incumbent 11 at time 51 ms
New incumbent 12 at time 51 ms
Upper bound: 160
New incumbent 13 at time 1877 ms
New incumbent 14 at time 1877 ms
New incumbent 15 at time 1877 ms
New incumbent 16 at time 1877 ms
New incumbent 17 at time 1877 ms
New incumbent 18 at time 1877 ms
New incumbent 19 at time 1877 ms
New incumbent 20 at time 1877 ms
New incumbent 21 at time 1877 ms
New incumbent 22 at time 1877 ms
New incumbent 23 at time 1877 ms
New incumbent 24 at time 1877 ms
New incumbent 25 at time 1877 ms
New incumbent 26 at time 1877 ms
New incumbent 27 at time 1877 ms
New incumbent 28 at time 1878 ms
New incumbent 29 at time 1878 ms
New incumbent 30 at time 1878 ms
New incumbent 31 at time 1879 ms
New incumbent 32 at time 1946 ms
New incumbent 33 at time 1946 ms
New incumbent 34 at time 1946 ms
New incumbent 35 at time 1946 ms
Solution size 35
(1 -> 1) (5 -> 4) (6 -> 3) (7 -> 2) (8 -> 6) (9 -> 10) (10 -> 9) (11 -> 78) (18 -> 223) (19 -> 224) (20 -> 225) (21 -> 226) (22 -> 227) (23 -> 206) (24 -> 205) (25 -> 204) (26 -> 157) (27 -> 132) (28 -> 133) (29 -> 134) (30 -> 135) (31 -> 154) (32 -> 153) (33 -> 152) (34 -> 151) (35 -> 150) (36 -> 139) (37 -> 140) (38 -> 149) (39 -> 158) (40 -> 159) (46 -> 229) (47 -> 276) (83 -> 79) (84 -> 80) 
Peak nogood count:                  0
Final nogood count:                 0
Nodes:                              96289947
Time of last incumbent update (ms): 1946
CPU time (ms):                      1000003
TIMEOUT
Summary:
TIMEOUT 0 0 96289947 1946 1000003
