New incumbent 1 at time 752 ms
New incumbent 2 at time 752 ms
New incumbent 3 at time 752 ms
New incumbent 4 at time 752 ms
New incumbent 5 at time 755 ms
New incumbent 6 at time 756 ms
New incumbent 7 at time 756 ms
New incumbent 8 at time 765 ms
New incumbent 9 at time 765 ms
New incumbent 10 at time 765 ms
New incumbent 11 at time 766 ms
New incumbent 12 at time 773 ms
New incumbent 13 at time 943 ms
New incumbent 14 at time 1164 ms
New incumbent 15 at time 1632 ms
New incumbent 16 at time 4992 ms
Upper bound: 31
New incumbent 17 at time 8470 ms
New incumbent 18 at time 23736 ms
Upper bound: 30
Solution size 18
(0 -> 2201) (1 -> 4255) (2 -> 4256) (13 -> 4162) (14 -> 2196) (15 -> 2197) (16 -> 2198) (17 -> 2199) (18 -> 2200) (19 -> 4262) (20 -> 4201) (23 -> 2195) (24 -> 2192) (25 -> 2191) (27 -> 2193) (28 -> 2194) (30 -> 2203) (31 -> 2202) 
Peak nogood count:                  0
Final nogood count:                 0
Nodes:                              13578593
Time of last incumbent update (ms): 23736
CPU time (ms):                      1000014
TIMEOUT
Summary:
TIMEOUT 0 0 13578593 23736 1000014
