New incumbent 1 at time 1001 ms
New incumbent 2 at time 1001 ms
New incumbent 3 at time 1001 ms
New incumbent 4 at time 1002 ms
New incumbent 5 at time 1002 ms
New incumbent 6 at time 1004 ms
New incumbent 7 at time 1009 ms
New incumbent 8 at time 1009 ms
New incumbent 9 at time 1021 ms
New incumbent 10 at time 1049 ms
New incumbent 11 at time 1049 ms
New incumbent 12 at time 2210 ms
Upper bound: 14
New incumbent 13 at time 3673 ms
New incumbent 14 at time 3807 ms
Solution size 14
(0 -> 606) (1 -> 5024) (2 -> 626) (3 -> 627) (4 -> 609) (6 -> 608) (7 -> 607) (8 -> 695) (9 -> 694) (10 -> 624) (11 -> 688) (12 -> 687) (13 -> 693) (14 -> 625) 
Peak nogood count:                  0
Final nogood count:                 0
Nodes:                              32634
Time of last incumbent update (ms): 3807
CPU time (ms):                      3821
Summary:
COMPLETED 0 0 32634 3807 3821
