New incumbent 1 at time 592 ms
New incumbent 2 at time 592 ms
New incumbent 3 at time 593 ms
New incumbent 4 at time 596 ms
New incumbent 5 at time 603 ms
New incumbent 6 at time 605 ms
New incumbent 7 at time 605 ms
New incumbent 8 at time 630 ms
New incumbent 9 at time 630 ms
New incumbent 10 at time 631 ms
New incumbent 11 at time 690 ms
Upper bound: 107
New incumbent 12 at time 1011 ms
New incumbent 13 at time 1011 ms
New incumbent 14 at time 1011 ms
New incumbent 15 at time 1011 ms
New incumbent 16 at time 1011 ms
New incumbent 17 at time 1013 ms
New incumbent 18 at time 3130 ms
New incumbent 19 at time 3192 ms
New incumbent 20 at time 3192 ms
New incumbent 21 at time 3193 ms
New incumbent 22 at time 3193 ms
New incumbent 23 at time 3193 ms
Upper bound: 106
New incumbent 24 at time 34004 ms
New incumbent 25 at time 34012 ms
New incumbent 26 at time 34050 ms
Upper bound: 105
New incumbent 27 at time 345793 ms
New incumbent 28 at time 345826 ms
Solution size 28
(0 -> 469) (1 -> 460) (3 -> 461) (5 -> 711) (6 -> 635) (7 -> 634) (8 -> 633) (9 -> 632) (10 -> 631) (11 -> 630) (12 -> 629) (16 -> 643) (17 -> 644) (18 -> 645) (19 -> 647) (20 -> 665) (21 -> 548) (22 -> 549) (29 -> 546) (30 -> 684) (53 -> 727) (54 -> 466) (55 -> 467) (79 -> 646) (82 -> 729) (83 -> 636) (102 -> 471) (103 -> 470) 
Peak nogood count:                  0
Final nogood count:                 0
Nodes:                              14776697
Time of last incumbent update (ms): 345826
CPU time (ms):                      1000027
TIMEOUT
Summary:
TIMEOUT 0 0 14776697 345826 1000027
