New incumbent 1 at time 130 ms
New incumbent 2 at time 130 ms
New incumbent 3 at time 130 ms
New incumbent 4 at time 135 ms
Upper bound: 68
New incumbent 5 at time 208 ms
New incumbent 6 at time 208 ms
New incumbent 7 at time 208 ms
New incumbent 8 at time 211 ms
New incumbent 9 at time 211 ms
New incumbent 10 at time 211 ms
New incumbent 11 at time 211 ms
New incumbent 12 at time 225 ms
New incumbent 13 at time 225 ms
New incumbent 14 at time 225 ms
New incumbent 15 at time 225 ms
Upper bound: 67
New incumbent 16 at time 1052 ms
New incumbent 17 at time 1052 ms
New incumbent 18 at time 1126 ms
New incumbent 19 at time 1126 ms
New incumbent 20 at time 1126 ms
New incumbent 21 at time 1126 ms
New incumbent 22 at time 1395 ms
New incumbent 23 at time 1410 ms
New incumbent 24 at time 1410 ms
New incumbent 25 at time 1531 ms
New incumbent 26 at time 1531 ms
Upper bound: 66
Solution size 26
(2 -> 858) (12 -> 868) (13 -> 869) (14 -> 870) (15 -> 871) (16 -> 873) (17 -> 874) (18 -> 1592) (20 -> 914) (21 -> 915) (23 -> 1634) (24 -> 896) (25 -> 895) (26 -> 894) (27 -> 909) (28 -> 908) (29 -> 907) (30 -> 911) (31 -> 912) (32 -> 913) (33 -> 1633) (34 -> 875) (35 -> 876) (39 -> 872) (40 -> 1582) (63 -> 1640) 
Peak nogood count:                  0
Final nogood count:                 0
Nodes:                              33233118
Time of last incumbent update (ms): 1531
CPU time (ms):                      1000007
TIMEOUT
Summary:
TIMEOUT 0 0 33233118 1531 1000007
