New incumbent 1 at time 296 ms
New incumbent 2 at time 296 ms
New incumbent 3 at time 296 ms
New incumbent 4 at time 297 ms
New incumbent 5 at time 297 ms
New incumbent 6 at time 297 ms
New incumbent 7 at time 301 ms
New incumbent 8 at time 301 ms
New incumbent 9 at time 340 ms
Upper bound: 52
New incumbent 10 at time 514 ms
New incumbent 11 at time 514 ms
New incumbent 12 at time 514 ms
New incumbent 13 at time 522 ms
New incumbent 14 at time 554 ms
New incumbent 15 at time 605 ms
New incumbent 16 at time 1195 ms
New incumbent 17 at time 1195 ms
New incumbent 18 at time 1195 ms
New incumbent 19 at time 1195 ms
Upper bound: 51
New incumbent 20 at time 4773 ms
New incumbent 21 at time 4773 ms
New incumbent 22 at time 4774 ms
New incumbent 23 at time 4774 ms
New incumbent 24 at time 4774 ms
New incumbent 25 at time 4774 ms
New incumbent 26 at time 4774 ms
New incumbent 27 at time 4774 ms
New incumbent 28 at time 4774 ms
New incumbent 29 at time 4779 ms
New incumbent 30 at time 11776 ms
New incumbent 31 at time 12012 ms
New incumbent 32 at time 12012 ms
New incumbent 33 at time 12012 ms
New incumbent 34 at time 12018 ms
New incumbent 35 at time 12029 ms
New incumbent 36 at time 54361 ms
New incumbent 37 at time 61500 ms
New incumbent 38 at time 64759 ms
New incumbent 39 at time 64759 ms
Upper bound: 50
New incumbent 40 at time 111302 ms
New incumbent 41 at time 111302 ms
New incumbent 42 at time 111302 ms
New incumbent 43 at time 111302 ms
New incumbent 44 at time 111411 ms
New incumbent 45 at time 111557 ms
New incumbent 46 at time 111559 ms
New incumbent 47 at time 111559 ms
New incumbent 48 at time 112984 ms
Solution size 48
(0 -> 2396) (1 -> 2414) (2 -> 2415) (3 -> 2441) (4 -> 2395) (6 -> 1717) (7 -> 1556) (8 -> 1557) (9 -> 1558) (11 -> 1946) (12 -> 1945) (14 -> 1714) (15 -> 1554) (16 -> 1553) (17 -> 1552) (18 -> 1551) (19 -> 1547) (20 -> 1548) (21 -> 1549) (22 -> 1550) (23 -> 2267) (24 -> 1545) (25 -> 1546) (27 -> 216) (28 -> 215) (29 -> 2818) (30 -> 217) (31 -> 218) (32 -> 2815) (34 -> 1239) (35 -> 1240) (36 -> 1241) (37 -> 2452) (38 -> 1242) (39 -> 1243) (40 -> 2431) (41 -> 2427) (42 -> 2426) (43 -> 2425) (44 -> 2424) (45 -> 2423) (46 -> 2422) (47 -> 2421) (48 -> 2419) (49 -> 2418) (50 -> 2417) (51 -> 2416) (52 -> 2413) 
Peak nogood count:                  0
Final nogood count:                 0
Nodes:                              22233969
Time of last incumbent update (ms): 112984
CPU time (ms):                      1000012
TIMEOUT
Summary:
TIMEOUT 0 0 22233969 112984 1000012
