New incumbent 1 at time 138 ms
New incumbent 2 at time 138 ms
New incumbent 3 at time 138 ms
New incumbent 4 at time 144 ms
Upper bound: 95
New incumbent 5 at time 221 ms
New incumbent 6 at time 222 ms
New incumbent 7 at time 223 ms
New incumbent 8 at time 225 ms
New incumbent 9 at time 225 ms
New incumbent 10 at time 228 ms
New incumbent 11 at time 228 ms
New incumbent 12 at time 243 ms
New incumbent 13 at time 243 ms
New incumbent 14 at time 243 ms
New incumbent 15 at time 243 ms
New incumbent 16 at time 243 ms
New incumbent 17 at time 453 ms
Upper bound: 94
New incumbent 18 at time 2225 ms
New incumbent 19 at time 2225 ms
New incumbent 20 at time 2225 ms
New incumbent 21 at time 2225 ms
New incumbent 22 at time 5129 ms
New incumbent 23 at time 5129 ms
Upper bound: 93
New incumbent 24 at time 24776 ms
New incumbent 25 at time 24776 ms
New incumbent 26 at time 27936 ms
New incumbent 27 at time 27936 ms
New incumbent 28 at time 28433 ms
New incumbent 29 at time 28434 ms
New incumbent 30 at time 28434 ms
New incumbent 31 at time 28434 ms
New incumbent 32 at time 118240 ms
New incumbent 33 at time 118240 ms
New incumbent 34 at time 178146 ms
Upper bound: 92
Solution size 34
(0 -> 1581) (1 -> 1580) (2 -> 1053) (3 -> 1052) (4 -> 1051) (5 -> 1050) (6 -> 1049) (11 -> 1028) (12 -> 1029) (13 -> 1617) (14 -> 1616) (15 -> 1597) (16 -> 1598) (17 -> 1599) (66 -> 1073) (67 -> 1077) (68 -> 1078) (69 -> 1573) (70 -> 1577) (77 -> 1601) (79 -> 1600) (80 -> 1042) (81 -> 1041) (82 -> 1618) (83 -> 1043) (84 -> 1576) (85 -> 1575) (89 -> 1046) (90 -> 1047) (91 -> 1596) (92 -> 1045) (93 -> 1048) (94 -> 1593) (95 -> 1591) 
Peak nogood count:                  0
Final nogood count:                 0
Nodes:                              33045032
Time of last incumbent update (ms): 178146
CPU time (ms):                      1000010
TIMEOUT
Summary:
TIMEOUT 0 0 33045032 178146 1000010
