New incumbent 1 at time 168 ms
New incumbent 2 at time 168 ms
Upper bound: 128
Upper bound: 127
New incumbent 3 at time 435 ms
New incumbent 4 at time 437 ms
Upper bound: 126
New incumbent 5 at time 687 ms
New incumbent 6 at time 687 ms
Upper bound: 125
New incumbent 7 at time 1048 ms
New incumbent 8 at time 1048 ms
Upper bound: 124
New incumbent 9 at time 1726 ms
Upper bound: 123
New incumbent 10 at time 3823 ms
New incumbent 11 at time 7896 ms
Upper bound: 122
New incumbent 12 at time 11840 ms
Upper bound: 121
New incumbent 13 at time 111922 ms
Solution size 13
(0 -> 782) (2 -> 781) (5 -> 714) (6 -> 713) (7 -> 712) (8 -> 711) (12 -> 784) (13 -> 783) (16 -> 703) (17 -> 710) (24 -> 766) (26 -> 706) (32 -> 776) 
Peak nogood count:                  0
Final nogood count:                 0
Nodes:                              26672274
Time of last incumbent update (ms): 111922
CPU time (ms):                      1000015
TIMEOUT
Summary:
TIMEOUT 0 0 26672274 111922 1000015
