New incumbent 1 at time 1483 ms
New incumbent 2 at time 1483 ms
New incumbent 3 at time 1483 ms
New incumbent 4 at time 1483 ms
New incumbent 5 at time 1483 ms
New incumbent 6 at time 1483 ms
New incumbent 7 at time 1485 ms
New incumbent 8 at time 1485 ms
New incumbent 9 at time 1535 ms
New incumbent 10 at time 1536 ms
New incumbent 11 at time 1564 ms
New incumbent 12 at time 1564 ms
Upper bound: 69
New incumbent 13 at time 2625 ms
New incumbent 14 at time 2641 ms
New incumbent 15 at time 2641 ms
New incumbent 16 at time 2642 ms
New incumbent 17 at time 2642 ms
New incumbent 18 at time 2651 ms
New incumbent 19 at time 3164 ms
New incumbent 20 at time 3165 ms
New incumbent 21 at time 3165 ms
Upper bound: 68
New incumbent 22 at time 22501 ms
New incumbent 23 at time 22531 ms
New incumbent 24 at time 22531 ms
New incumbent 25 at time 22531 ms
New incumbent 26 at time 22531 ms
New incumbent 27 at time 22535 ms
New incumbent 28 at time 22535 ms
New incumbent 29 at time 33037 ms
New incumbent 30 at time 125964 ms
New incumbent 31 at time 126189 ms
New incumbent 32 at time 126345 ms
New incumbent 33 at time 126608 ms
New incumbent 34 at time 126608 ms
Upper bound: 67
Solution size 34
(0 -> 1087) (1 -> 1086) (2 -> 1084) (3 -> 1085) (4 -> 1081) (5 -> 1082) (6 -> 1097) (7 -> 1083) (8 -> 1094) (10 -> 1089) (11 -> 1088) (12 -> 1080) (14 -> 3262) (15 -> 3263) (16 -> 3264) (17 -> 3265) (18 -> 3269) (19 -> 2886) (20 -> 2885) (21 -> 2884) (22 -> 2889) (23 -> 2888) (25 -> 3252) (26 -> 3251) (27 -> 3250) (28 -> 3254) (29 -> 3255) (30 -> 3256) (31 -> 3266) (32 -> 3249) (33 -> 3253) (34 -> 2887) (49 -> 1119) (50 -> 4028) 
Peak nogood count:                  0
Final nogood count:                 0
Nodes:                              12222462
Time of last incumbent update (ms): 126608
CPU time (ms):                      1000027
TIMEOUT
Summary:
TIMEOUT 0 0 12222462 126608 1000027
