New incumbent 1 at time 988 ms
New incumbent 2 at time 989 ms
New incumbent 3 at time 989 ms
New incumbent 4 at time 989 ms
New incumbent 5 at time 991 ms
New incumbent 6 at time 991 ms
New incumbent 7 at time 991 ms
New incumbent 8 at time 991 ms
New incumbent 9 at time 991 ms
New incumbent 10 at time 991 ms
New incumbent 11 at time 991 ms
New incumbent 12 at time 1034 ms
New incumbent 13 at time 1034 ms
New incumbent 14 at time 1122 ms
New incumbent 15 at time 1185 ms
New incumbent 16 at time 1185 ms
New incumbent 17 at time 1185 ms
New incumbent 18 at time 1185 ms
New incumbent 19 at time 1186 ms
New incumbent 20 at time 1186 ms
Upper bound: 107
New incumbent 21 at time 2401 ms
New incumbent 22 at time 2573 ms
New incumbent 23 at time 2920 ms
Upper bound: 106
New incumbent 24 at time 21586 ms
New incumbent 25 at time 21591 ms
Upper bound: 105
New incumbent 26 at time 774335 ms
New incumbent 27 at time 774336 ms
Solution size 27
(10 -> 2148) (11 -> 2149) (12 -> 309) (13 -> 310) (14 -> 426) (15 -> 308) (17 -> 419) (18 -> 420) (19 -> 421) (20 -> 422) (21 -> 318) (22 -> 319) (23 -> 327) (24 -> 326) (25 -> 5162) (27 -> 321) (28 -> 320) (29 -> 428) (30 -> 418) (31 -> 417) (32 -> 413) (70 -> 416) (72 -> 5161) (73 -> 325) (79 -> 427) (81 -> 425) (82 -> 2171) 
Peak nogood count:                  0
Final nogood count:                 0
Nodes:                              11583423
Time of last incumbent update (ms): 774336
CPU time (ms):                      1000038
TIMEOUT
Summary:
TIMEOUT 0 0 11583423 774336 1000038
