New incumbent 1 at time 364 ms
New incumbent 2 at time 364 ms
New incumbent 3 at time 364 ms
New incumbent 4 at time 364 ms
New incumbent 5 at time 364 ms
New incumbent 6 at time 367 ms
New incumbent 7 at time 369 ms
New incumbent 8 at time 369 ms
New incumbent 9 at time 402 ms
Upper bound: 44
New incumbent 10 at time 676 ms
New incumbent 11 at time 677 ms
New incumbent 12 at time 677 ms
New incumbent 13 at time 678 ms
New incumbent 14 at time 967 ms
New incumbent 15 at time 1417 ms
New incumbent 16 at time 3143 ms
Upper bound: 43
New incumbent 17 at time 8575 ms
New incumbent 18 at time 9780 ms
New incumbent 19 at time 9780 ms
New incumbent 20 at time 9780 ms
New incumbent 21 at time 10052 ms
New incumbent 22 at time 10052 ms
New incumbent 23 at time 10053 ms
New incumbent 24 at time 10053 ms
New incumbent 25 at time 10587 ms
New incumbent 26 at time 20397 ms
Upper bound: 42
New incumbent 27 at time 68394 ms
New incumbent 28 at time 140758 ms
New incumbent 29 at time 140874 ms
New incumbent 30 at time 140875 ms
Solution size 30
(0 -> 1203) (2 -> 1503) (3 -> 1500) (4 -> 1501) (6 -> 1502) (7 -> 1476) (10 -> 1198) (12 -> 1199) (13 -> 2745) (14 -> 2743) (15 -> 1204) (16 -> 1205) (17 -> 1509) (18 -> 1508) (19 -> 1208) (20 -> 1207) (21 -> 1206) (22 -> 1209) (23 -> 1210) (24 -> 1211) (25 -> 1212) (26 -> 1213) (37 -> 1469) (38 -> 1470) (39 -> 1472) (40 -> 1473) (41 -> 2742) (42 -> 2744) (43 -> 1200) (44 -> 1481) 
Peak nogood count:                  0
Final nogood count:                 0
Nodes:                              20140391
Time of last incumbent update (ms): 140875
CPU time (ms):                      1000011
TIMEOUT
Summary:
TIMEOUT 0 0 20140391 140875 1000011
