New incumbent 1 at time 126 ms
New incumbent 2 at time 126 ms
New incumbent 3 at time 126 ms
New incumbent 4 at time 126 ms
New incumbent 5 at time 126 ms
New incumbent 6 at time 126 ms
New incumbent 7 at time 126 ms
New incumbent 8 at time 129 ms
New incumbent 9 at time 129 ms
New incumbent 10 at time 139 ms
New incumbent 11 at time 139 ms
Upper bound: 59
New incumbent 12 at time 266 ms
New incumbent 13 at time 266 ms
New incumbent 14 at time 370 ms
New incumbent 15 at time 390 ms
New incumbent 16 at time 390 ms
Upper bound: 58
New incumbent 17 at time 2399 ms
New incumbent 18 at time 2656 ms
New incumbent 19 at time 2685 ms
New incumbent 20 at time 2780 ms
New incumbent 21 at time 10963 ms
New incumbent 22 at time 10963 ms
New incumbent 23 at time 15294 ms
New incumbent 24 at time 15294 ms
New incumbent 25 at time 15294 ms
New incumbent 26 at time 15294 ms
Upper bound: 57
New incumbent 27 at time 19876 ms
New incumbent 28 at time 19876 ms
New incumbent 29 at time 19878 ms
New incumbent 30 at time 19878 ms
New incumbent 31 at time 19878 ms
New incumbent 32 at time 24425 ms
New incumbent 33 at time 24426 ms
New incumbent 34 at time 113734 ms
Upper bound: 56
New incumbent 35 at time 201287 ms
New incumbent 36 at time 231452 ms
New incumbent 37 at time 231452 ms
New incumbent 38 at time 231483 ms
Solution size 38
(10 -> 476) (11 -> 477) (12 -> 478) (13 -> 479) (14 -> 480) (15 -> 481) (16 -> 482) (18 -> 1491) (19 -> 139) (21 -> 1456) (22 -> 1472) (23 -> 1488) (24 -> 1489) (25 -> 1490) (26 -> 1477) (31 -> 143) (32 -> 142) (33 -> 1497) (34 -> 1486) (35 -> 1485) (37 -> 141) (38 -> 639) (39 -> 559) (43 -> 637) (44 -> 1487) (46 -> 567) (47 -> 1473) (48 -> 1474) (49 -> 1503) (50 -> 1455) (51 -> 138) (52 -> 137) (53 -> 136) (54 -> 550) (55 -> 551) (56 -> 552) (57 -> 549) (58 -> 548) 
Peak nogood count:                  0
Final nogood count:                 0
Nodes:                              34326464
Time of last incumbent update (ms): 231483
CPU time (ms):                      1000007
TIMEOUT
Summary:
TIMEOUT 0 0 34326464 231483 1000007
