New incumbent 1 at time 530 ms
New incumbent 2 at time 531 ms
New incumbent 3 at time 531 ms
New incumbent 4 at time 531 ms
New incumbent 5 at time 554 ms
New incumbent 6 at time 554 ms
New incumbent 7 at time 559 ms
New incumbent 8 at time 559 ms
Upper bound: 143
New incumbent 9 at time 848 ms
New incumbent 10 at time 848 ms
New incumbent 11 at time 928 ms
New incumbent 12 at time 929 ms
New incumbent 13 at time 929 ms
New incumbent 14 at time 929 ms
New incumbent 15 at time 929 ms
New incumbent 16 at time 929 ms
New incumbent 17 at time 930 ms
New incumbent 18 at time 930 ms
New incumbent 19 at time 930 ms
New incumbent 20 at time 6590 ms
New incumbent 21 at time 6590 ms
New incumbent 22 at time 6590 ms
New incumbent 23 at time 6590 ms
Upper bound: 142
New incumbent 24 at time 28277 ms
New incumbent 25 at time 28277 ms
New incumbent 26 at time 55341 ms
New incumbent 27 at time 56702 ms
New incumbent 28 at time 56702 ms
New incumbent 29 at time 56702 ms
New incumbent 30 at time 56702 ms
New incumbent 31 at time 100310 ms
Upper bound: 141
Solution size 31
(0 -> 2104) (1 -> 2173) (3 -> 2307) (4 -> 2308) (5 -> 2184) (6 -> 2183) (7 -> 2182) (8 -> 2448) (9 -> 2449) (10 -> 2450) (11 -> 2451) (12 -> 2178) (15 -> 2101) (16 -> 2102) (17 -> 2103) (18 -> 2185) (19 -> 2202) (20 -> 2203) (21 -> 2188) (22 -> 2189) (23 -> 1480) (24 -> 1479) (28 -> 2190) (58 -> 1481) (76 -> 2177) (77 -> 2176) (78 -> 2175) (79 -> 2172) (141 -> 2201) (142 -> 2187) (143 -> 2186) 
Peak nogood count:                  0
Final nogood count:                 0
Nodes:                              16633961
Time of last incumbent update (ms): 100310
CPU time (ms):                      1000033
TIMEOUT
Summary:
TIMEOUT 0 0 16633961 100310 1000033
