New incumbent 1 at time 1049 ms
New incumbent 2 at time 1049 ms
New incumbent 3 at time 1049 ms
New incumbent 4 at time 1049 ms
New incumbent 5 at time 1071 ms
New incumbent 6 at time 1071 ms
New incumbent 7 at time 1071 ms
New incumbent 8 at time 1072 ms
New incumbent 9 at time 1076 ms
New incumbent 10 at time 1076 ms
New incumbent 11 at time 1105 ms
New incumbent 12 at time 1105 ms
Upper bound: 107
New incumbent 13 at time 1606 ms
New incumbent 14 at time 1606 ms
New incumbent 15 at time 1742 ms
New incumbent 16 at time 1813 ms
New incumbent 17 at time 1813 ms
New incumbent 18 at time 1842 ms
New incumbent 19 at time 1922 ms
New incumbent 20 at time 1922 ms
New incumbent 21 at time 8004 ms
Upper bound: 106
New incumbent 22 at time 16073 ms
New incumbent 23 at time 16074 ms
New incumbent 24 at time 16074 ms
New incumbent 25 at time 51756 ms
Upper bound: 105
New incumbent 26 at time 345179 ms
New incumbent 27 at time 345179 ms
New incumbent 28 at time 713192 ms
Solution size 28
(0 -> 1600) (1 -> 1599) (3 -> 1598) (5 -> 1602) (6 -> 1603) (7 -> 1321) (8 -> 1322) (9 -> 1323) (10 -> 1324) (11 -> 1325) (12 -> 1326) (13 -> 1496) (14 -> 1328) (15 -> 1327) (16 -> 1336) (17 -> 1335) (18 -> 1317) (54 -> 1319) (55 -> 1320) (81 -> 1329) (82 -> 1499) (83 -> 1520) (88 -> 1610) (89 -> 1611) (90 -> 1612) (101 -> 2652) (102 -> 2651) (103 -> 1601) 
Peak nogood count:                  0
Final nogood count:                 0
Nodes:                              13464593
Time of last incumbent update (ms): 713192
CPU time (ms):                      1000030
TIMEOUT
Summary:
TIMEOUT 0 0 13464593 713192 1000030
