Upper bound: 162
New incumbent 1 at time 695 ms
New incumbent 2 at time 695 ms
Upper bound: 161
New incumbent 3 at time 1154 ms
New incumbent 4 at time 1154 ms
New incumbent 5 at time 1154 ms
New incumbent 6 at time 1613 ms
New incumbent 7 at time 1613 ms
New incumbent 8 at time 1613 ms
Upper bound: 160
New incumbent 9 at time 2486 ms
New incumbent 10 at time 2486 ms
New incumbent 11 at time 2486 ms
New incumbent 12 at time 2933 ms
New incumbent 13 at time 2933 ms
New incumbent 14 at time 2933 ms
New incumbent 15 at time 2933 ms
Upper bound: 159
New incumbent 16 at time 694722 ms
New incumbent 17 at time 694731 ms
New incumbent 18 at time 694740 ms
New incumbent 19 at time 694751 ms
Solution size 19
(16 -> 4) (26 -> 20) (27 -> 22) (28 -> 24) (29 -> 26) (30 -> 28) (31 -> 30) (32 -> 32) (33 -> 34) (34 -> 36) (35 -> 38) (39 -> 18) (40 -> 16) (41 -> 14) (42 -> 12) (43 -> 10) (44 -> 8) (45 -> 6) (127 -> 1) 
Peak nogood count:                  0
Final nogood count:                 0
Nodes:                              16280105
Time of last incumbent update (ms): 694751
CPU time (ms):                      1000039
TIMEOUT
Summary:
TIMEOUT 0 0 16280105 694751 1000039
