New incumbent 1 at time 1227 ms
New incumbent 2 at time 1227 ms
New incumbent 3 at time 1228 ms
New incumbent 4 at time 1228 ms
New incumbent 5 at time 1228 ms
New incumbent 6 at time 1228 ms
New incumbent 7 at time 1228 ms
New incumbent 8 at time 1247 ms
New incumbent 9 at time 1247 ms
New incumbent 10 at time 1302 ms
New incumbent 11 at time 1453 ms
New incumbent 12 at time 1471 ms
New incumbent 13 at time 1706 ms
New incumbent 14 at time 1706 ms
Upper bound: 58
New incumbent 15 at time 7846 ms
New incumbent 16 at time 9790 ms
New incumbent 17 at time 9790 ms
New incumbent 18 at time 9790 ms
New incumbent 19 at time 26784 ms
Upper bound: 57
New incumbent 20 at time 51339 ms
New incumbent 21 at time 51339 ms
New incumbent 22 at time 51339 ms
New incumbent 23 at time 51339 ms
New incumbent 24 at time 51339 ms
New incumbent 25 at time 60236 ms
New incumbent 26 at time 60236 ms
New incumbent 27 at time 60236 ms
New incumbent 28 at time 263750 ms
New incumbent 29 at time 465634 ms
Upper bound: 56
Solution size 29
(1 -> 4437) (2 -> 4436) (3 -> 4438) (4 -> 4439) (6 -> 4461) (7 -> 4459) (8 -> 4460) (9 -> 4458) (10 -> 4457) (11 -> 4456) (12 -> 4440) (13 -> 4444) (14 -> 4445) (15 -> 4449) (16 -> 4446) (17 -> 2427) (18 -> 2428) (19 -> 2444) (20 -> 2445) (21 -> 2446) (22 -> 2447) (23 -> 4550) (24 -> 4551) (25 -> 2423) (32 -> 2509) (40 -> 2425) (45 -> 2449) (46 -> 2450) (47 -> 4432) 
Peak nogood count:                  0
Final nogood count:                 0
Nodes:                              12101344
Time of last incumbent update (ms): 465634
CPU time (ms):                      1000027
TIMEOUT
Summary:
TIMEOUT 0 0 12101344 465634 1000027
