New incumbent 1 at time 932 ms
New incumbent 2 at time 933 ms
New incumbent 3 at time 933 ms
New incumbent 4 at time 933 ms
New incumbent 5 at time 933 ms
New incumbent 6 at time 933 ms
New incumbent 7 at time 934 ms
New incumbent 8 at time 935 ms
New incumbent 9 at time 937 ms
New incumbent 10 at time 951 ms
New incumbent 11 at time 965 ms
Upper bound: 96
New incumbent 12 at time 1631 ms
New incumbent 13 at time 1678 ms
New incumbent 14 at time 1678 ms
New incumbent 15 at time 1694 ms
New incumbent 16 at time 1694 ms
New incumbent 17 at time 1694 ms
New incumbent 18 at time 1694 ms
Upper bound: 95
New incumbent 19 at time 10949 ms
New incumbent 20 at time 10981 ms
New incumbent 21 at time 10984 ms
New incumbent 22 at time 10984 ms
New incumbent 23 at time 10984 ms
New incumbent 24 at time 10984 ms
Upper bound: 94
New incumbent 25 at time 80444 ms
New incumbent 26 at time 80444 ms
New incumbent 27 at time 80444 ms
New incumbent 28 at time 80455 ms
New incumbent 29 at time 80928 ms
New incumbent 30 at time 96326 ms
New incumbent 31 at time 96326 ms
New incumbent 32 at time 289893 ms
New incumbent 33 at time 289893 ms
Upper bound: 93
New incumbent 34 at time 734502 ms
New incumbent 35 at time 734590 ms
Solution size 35
(2 -> 2797) (3 -> 2727) (4 -> 2726) (5 -> 2882) (7 -> 2720) (8 -> 2721) (9 -> 2722) (10 -> 2723) (11 -> 2800) (12 -> 2724) (13 -> 2725) (14 -> 2938) (15 -> 2885) (18 -> 2465) (19 -> 2479) (20 -> 2480) (21 -> 2494) (22 -> 2493) (23 -> 2492) (24 -> 2491) (26 -> 2478) (27 -> 230) (28 -> 231) (38 -> 229) (61 -> 2787) (62 -> 2796) (63 -> 2801) (65 -> 2728) (66 -> 2500) (71 -> 2829) (72 -> 2830) (73 -> 2499) (76 -> 2485) (82 -> 2481) (96 -> 2495) 
Peak nogood count:                  0
Final nogood count:                 0
Nodes:                              14254547
Time of last incumbent update (ms): 734590
CPU time (ms):                      1000032
TIMEOUT
Summary:
TIMEOUT 0 0 14254547 734590 1000032
