New incumbent 1 at time 48 ms
New incumbent 2 at time 48 ms
Upper bound: 81
New incumbent 3 at time 93 ms
Upper bound: 80
New incumbent 4 at time 167 ms
Upper bound: 79
New incumbent 5 at time 285 ms
Upper bound: 78
New incumbent 6 at time 989 ms
Upper bound: 77
New incumbent 7 at time 3512 ms
Upper bound: 76
New incumbent 8 at time 10895 ms
New incumbent 9 at time 24904 ms
Upper bound: 75
New incumbent 10 at time 139825 ms
Upper bound: 74
Solution size 10
(2 -> 456) (3 -> 457) (6 -> 314) (10 -> 313) (16 -> 467) (17 -> 468) (18 -> 516) (20 -> 452) (80 -> 466) (81 -> 455) 
Peak nogood count:                  0
Final nogood count:                 0
Nodes:                              56366793
Time of last incumbent update (ms): 139825
CPU time (ms):                      1000005
TIMEOUT
Summary:
TIMEOUT 0 0 56366793 139825 1000005
