New incumbent 1 at time 304 ms
New incumbent 2 at time 304 ms
New incumbent 3 at time 304 ms
New incumbent 4 at time 304 ms
New incumbent 5 at time 307 ms
New incumbent 6 at time 307 ms
New incumbent 7 at time 319 ms
New incumbent 8 at time 319 ms
New incumbent 9 at time 319 ms
New incumbent 10 at time 319 ms
Upper bound: 143
New incumbent 11 at time 538 ms
New incumbent 12 at time 538 ms
New incumbent 13 at time 595 ms
New incumbent 14 at time 595 ms
New incumbent 15 at time 595 ms
New incumbent 16 at time 596 ms
New incumbent 17 at time 596 ms
New incumbent 18 at time 721 ms
New incumbent 19 at time 781 ms
New incumbent 20 at time 781 ms
Upper bound: 142
New incumbent 21 at time 5352 ms
New incumbent 22 at time 5352 ms
New incumbent 23 at time 5352 ms
New incumbent 24 at time 20426 ms
New incumbent 25 at time 28692 ms
New incumbent 26 at time 29504 ms
New incumbent 27 at time 29504 ms
New incumbent 28 at time 56653 ms
Upper bound: 141
New incumbent 29 at time 186020 ms
Solution size 29
(21 -> 519) (22 -> 495) (23 -> 494) (24 -> 1306) (28 -> 496) (32 -> 265) (33 -> 292) (34 -> 291) (35 -> 281) (37 -> 282) (38 -> 2563) (39 -> 2562) (40 -> 284) (41 -> 285) (42 -> 286) (43 -> 287) (49 -> 502) (50 -> 501) (51 -> 515) (52 -> 505) (53 -> 506) (54 -> 507) (55 -> 511) (56 -> 510) (57 -> 512) (58 -> 493) (59 -> 492) (63 -> 266) (64 -> 2644) 
Peak nogood count:                  0
Final nogood count:                 0
Nodes:                              21955154
Time of last incumbent update (ms): 186020
CPU time (ms):                      1000023
TIMEOUT
Summary:
TIMEOUT 0 0 21955154 186020 1000023
