New incumbent 1 at time 56 ms
Upper bound: 81
Upper bound: 80
Upper bound: 79
Upper bound: 78
Upper bound: 77
New incumbent 2 at time 452 ms
New incumbent 3 at time 452 ms
Upper bound: 76
New incumbent 4 at time 1086 ms
Upper bound: 75
New incumbent 5 at time 2584 ms
Upper bound: 74
New incumbent 6 at time 10084 ms
Upper bound: 73
New incumbent 7 at time 290356 ms
Solution size 7
(0 -> 18) (1 -> 5) (7 -> 4) (9 -> 3) (12 -> 2) (15 -> 7) (80 -> 6) 
Peak nogood count:                  0
Final nogood count:                 0
Nodes:                              48430939
Time of last incumbent update (ms): 290356
CPU time (ms):                      1000005
TIMEOUT
Summary:
TIMEOUT 0 0 48430939 290356 1000005
