New incumbent 1 at time 37 ms
New incumbent 2 at time 37 ms
Upper bound: 48
New incumbent 3 at time 60 ms
Upper bound: 47
New incumbent 4 at time 104 ms
Upper bound: 46
New incumbent 5 at time 189 ms
Upper bound: 45
New incumbent 6 at time 632 ms
Upper bound: 44
New incumbent 7 at time 2669 ms
Upper bound: 43
New incumbent 8 at time 9271 ms
Upper bound: 42
New incumbent 9 at time 32095 ms
New incumbent 10 at time 112582 ms
Upper bound: 41
New incumbent 11 at time 990321 ms
Solution size 11
(0 -> 51) (2 -> 62) (4 -> 82) (5 -> 91) (10 -> 53) (12 -> 50) (14 -> 61) (19 -> 39) (22 -> 70) (45 -> 52) (48 -> 79) 
Peak nogood count:                  0
Final nogood count:                 0
Nodes:                              74686039
Time of last incumbent update (ms): 990321
CPU time (ms):                      1000002
TIMEOUT
Summary:
TIMEOUT 0 0 74686039 990321 1000002
