New incumbent 1 at time 1224 ms
New incumbent 2 at time 1225 ms
New incumbent 3 at time 1225 ms
New incumbent 4 at time 1225 ms
New incumbent 5 at time 1225 ms
New incumbent 6 at time 1225 ms
New incumbent 7 at time 1225 ms
New incumbent 8 at time 1225 ms
New incumbent 9 at time 1226 ms
New incumbent 10 at time 1231 ms
New incumbent 11 at time 1231 ms
New incumbent 12 at time 1253 ms
New incumbent 13 at time 1253 ms
New incumbent 14 at time 1253 ms
Upper bound: 59
New incumbent 15 at time 2363 ms
New incumbent 16 at time 2364 ms
New incumbent 17 at time 11816 ms
New incumbent 18 at time 11817 ms
New incumbent 19 at time 11817 ms
Upper bound: 58
New incumbent 20 at time 37766 ms
New incumbent 21 at time 37766 ms
New incumbent 22 at time 37766 ms
New incumbent 23 at time 37766 ms
New incumbent 24 at time 39529 ms
New incumbent 25 at time 55249 ms
New incumbent 26 at time 55249 ms
New incumbent 27 at time 55249 ms
New incumbent 28 at time 223975 ms
New incumbent 29 at time 223975 ms
New incumbent 30 at time 250358 ms
New incumbent 31 at time 312912 ms
Upper bound: 57
New incumbent 32 at time 391377 ms
New incumbent 33 at time 403715 ms
New incumbent 34 at time 403729 ms
New incumbent 35 at time 601370 ms
Solution size 35
(0 -> 2895) (1 -> 2896) (2 -> 2897) (3 -> 2900) (5 -> 2898) (9 -> 2267) (10 -> 2266) (11 -> 2263) (12 -> 2262) (13 -> 2261) (14 -> 2260) (15 -> 2257) (16 -> 2258) (17 -> 2080) (18 -> 2079) (20 -> 149) (21 -> 144) (22 -> 145) (24 -> 166) (25 -> 169) (26 -> 170) (33 -> 2081) (34 -> 5451) (35 -> 167) (36 -> 168) (37 -> 5449) (38 -> 2085) (44 -> 5452) (45 -> 2060) (46 -> 2264) (47 -> 165) (48 -> 2077) (49 -> 142) (50 -> 143) (51 -> 2259) 
Peak nogood count:                  0
Final nogood count:                 0
Nodes:                              11456085
Time of last incumbent update (ms): 601370
CPU time (ms):                      1000030
TIMEOUT
Summary:
TIMEOUT 0 0 11456085 601370 1000030
