New incumbent 1 at time 1514 ms
New incumbent 2 at time 1514 ms
New incumbent 3 at time 1514 ms
New incumbent 4 at time 1514 ms
New incumbent 5 at time 1514 ms
New incumbent 6 at time 1515 ms
New incumbent 7 at time 1517 ms
New incumbent 8 at time 1519 ms
Upper bound: 33
New incumbent 9 at time 2280 ms
New incumbent 10 at time 2280 ms
New incumbent 11 at time 2281 ms
New incumbent 12 at time 2281 ms
New incumbent 13 at time 2329 ms
New incumbent 14 at time 2352 ms
New incumbent 15 at time 5146 ms
New incumbent 16 at time 5147 ms
New incumbent 17 at time 5147 ms
New incumbent 18 at time 5147 ms
New incumbent 19 at time 5147 ms
Upper bound: 32
New incumbent 20 at time 29890 ms
New incumbent 21 at time 29891 ms
New incumbent 22 at time 51897 ms
New incumbent 23 at time 51897 ms
New incumbent 24 at time 51900 ms
New incumbent 25 at time 185509 ms
New incumbent 26 at time 185520 ms
New incumbent 27 at time 185520 ms
New incumbent 28 at time 185520 ms
New incumbent 29 at time 185520 ms
New incumbent 30 at time 185520 ms
Upper bound: 31
New incumbent 31 at time 751656 ms
Solution size 31
(0 -> 298) (1 -> 299) (2 -> 300) (3 -> 301) (4 -> 302) (5 -> 352) (7 -> 5612) (9 -> 5624) (10 -> 5625) (11 -> 5622) (12 -> 5623) (14 -> 351) (15 -> 353) (16 -> 5619) (17 -> 5618) (18 -> 5620) (19 -> 5621) (20 -> 5615) (21 -> 5614) (22 -> 5613) (23 -> 294) (24 -> 345) (25 -> 344) (26 -> 347) (27 -> 346) (28 -> 295) (29 -> 296) (30 -> 350) (31 -> 297) (32 -> 303) (33 -> 304) 
Peak nogood count:                  0
Final nogood count:                 0
Nodes:                              8895047
Time of last incumbent update (ms): 751656
CPU time (ms):                      751675
Summary:
COMPLETED 0 0 8895047 751656 751675
