New incumbent 1 at time 738 ms
New incumbent 2 at time 738 ms
New incumbent 3 at time 740 ms
New incumbent 4 at time 740 ms
New incumbent 5 at time 740 ms
New incumbent 6 at time 741 ms
New incumbent 7 at time 779 ms
New incumbent 8 at time 779 ms
New incumbent 9 at time 781 ms
New incumbent 10 at time 921 ms
New incumbent 11 at time 923 ms
Upper bound: 14
New incumbent 12 at time 2795 ms
New incumbent 13 at time 2795 ms
New incumbent 14 at time 6804 ms
Solution size 14
(0 -> 582) (1 -> 567) (2 -> 568) (3 -> 569) (4 -> 622) (5 -> 579) (6 -> 580) (7 -> 581) (8 -> 578) (10 -> 571) (11 -> 572) (12 -> 4506) (13 -> 577) (14 -> 570) 
Peak nogood count:                  0
Final nogood count:                 0
Nodes:                              83785
Time of last incumbent update (ms): 6804
CPU time (ms):                      6816
Summary:
COMPLETED 0 0 83785 6804 6816
