New incumbent 1 at time 351 ms
New incumbent 2 at time 351 ms
New incumbent 3 at time 351 ms
New incumbent 4 at time 351 ms
New incumbent 5 at time 351 ms
New incumbent 6 at time 351 ms
New incumbent 7 at time 356 ms
New incumbent 8 at time 357 ms
New incumbent 9 at time 405 ms
New incumbent 10 at time 407 ms
New incumbent 11 at time 407 ms
Upper bound: 145
New incumbent 12 at time 733 ms
New incumbent 13 at time 900 ms
New incumbent 14 at time 910 ms
New incumbent 15 at time 1143 ms
New incumbent 16 at time 1155 ms
New incumbent 17 at time 1155 ms
New incumbent 18 at time 1155 ms
Upper bound: 144
New incumbent 19 at time 9023 ms
New incumbent 20 at time 33619 ms
New incumbent 21 at time 33619 ms
Upper bound: 143
New incumbent 22 at time 57243 ms
New incumbent 23 at time 57243 ms
New incumbent 24 at time 57243 ms
New incumbent 25 at time 58605 ms
New incumbent 26 at time 174800 ms
Upper bound: 142
New incumbent 27 at time 290528 ms
New incumbent 28 at time 316229 ms
New incumbent 29 at time 316230 ms
New incumbent 30 at time 316230 ms
New incumbent 31 at time 407258 ms
New incumbent 32 at time 407258 ms
Solution size 32
(17 -> 1943) (18 -> 1966) (19 -> 1954) (20 -> 1965) (21 -> 1930) (22 -> 1929) (23 -> 1927) (24 -> 1928) (25 -> 1921) (26 -> 1920) (27 -> 1939) (28 -> 1724) (29 -> 1723) (30 -> 1938) (31 -> 1722) (32 -> 1721) (33 -> 2056) (34 -> 1726) (35 -> 1727) (98 -> 1690) (100 -> 2058) (101 -> 2057) (102 -> 1720) (103 -> 1719) (108 -> 1924) (110 -> 1923) (111 -> 1922) (118 -> 1935) (119 -> 1955) (139 -> 1725) (140 -> 1918) (141 -> 1919) 
Peak nogood count:                  0
Final nogood count:                 0
Nodes:                              21989918
Time of last incumbent update (ms): 407258
CPU time (ms):                      1000025
TIMEOUT
Summary:
TIMEOUT 0 0 21989918 407258 1000025
