New incumbent 1 at time 1293 ms
New incumbent 2 at time 1293 ms
New incumbent 3 at time 1296 ms
New incumbent 4 at time 1296 ms
New incumbent 5 at time 1296 ms
New incumbent 6 at time 1297 ms
New incumbent 7 at time 1297 ms
New incumbent 8 at time 1337 ms
New incumbent 9 at time 1357 ms
New incumbent 10 at time 1369 ms
New incumbent 11 at time 1369 ms
New incumbent 12 at time 1370 ms
Upper bound: 125
New incumbent 13 at time 2262 ms
New incumbent 14 at time 2439 ms
New incumbent 15 at time 2454 ms
New incumbent 16 at time 2455 ms
New incumbent 17 at time 5331 ms
New incumbent 18 at time 5331 ms
Upper bound: 124
New incumbent 19 at time 21421 ms
New incumbent 20 at time 21519 ms
New incumbent 21 at time 21962 ms
New incumbent 22 at time 21962 ms
New incumbent 23 at time 25602 ms
New incumbent 24 at time 39606 ms
New incumbent 25 at time 187841 ms
New incumbent 26 at time 194516 ms
New incumbent 27 at time 194517 ms
Upper bound: 123
New incumbent 28 at time 262423 ms
New incumbent 29 at time 271206 ms
New incumbent 30 at time 271207 ms
New incumbent 31 at time 579942 ms
New incumbent 32 at time 579942 ms
Solution size 32
(40 -> 57) (41 -> 56) (42 -> 55) (43 -> 54) (44 -> 5938) (50 -> 551) (53 -> 53) (54 -> 568) (55 -> 569) (56 -> 570) (57 -> 571) (58 -> 572) (59 -> 581) (60 -> 580) (61 -> 579) (62 -> 29) (63 -> 30) (64 -> 1976) (66 -> 1903) (67 -> 1902) (94 -> 9) (95 -> 8) (96 -> 26) (97 -> 27) (98 -> 28) (99 -> 6) (100 -> 7) (101 -> 25) (108 -> 577) (109 -> 578) (123 -> 31) (124 -> 32) 
Peak nogood count:                  0
Final nogood count:                 0
Nodes:                              11168472
Time of last incumbent update (ms): 579942
CPU time (ms):                      1000051
TIMEOUT
Summary:
TIMEOUT 0 0 11168472 579942 1000051
