New incumbent 1 at time 1304 ms
New incumbent 2 at time 1304 ms
New incumbent 3 at time 1304 ms
New incumbent 4 at time 1304 ms
New incumbent 5 at time 1313 ms
New incumbent 6 at time 1328 ms
New incumbent 7 at time 1328 ms
New incumbent 8 at time 1422 ms
Upper bound: 146
New incumbent 9 at time 2057 ms
New incumbent 10 at time 2102 ms
New incumbent 11 at time 2162 ms
New incumbent 12 at time 2162 ms
New incumbent 13 at time 2323 ms
New incumbent 14 at time 2817 ms
New incumbent 15 at time 2818 ms
New incumbent 16 at time 4579 ms
New incumbent 17 at time 11059 ms
Upper bound: 145
New incumbent 18 at time 15642 ms
New incumbent 19 at time 16098 ms
New incumbent 20 at time 16098 ms
New incumbent 21 at time 16098 ms
New incumbent 22 at time 16099 ms
New incumbent 23 at time 16099 ms
Upper bound: 144
New incumbent 24 at time 142376 ms
New incumbent 25 at time 142376 ms
New incumbent 26 at time 161467 ms
Solution size 26
(0 -> 1575) (1 -> 1576) (2 -> 1574) (3 -> 1573) (4 -> 1572) (7 -> 1617) (8 -> 1618) (10 -> 4511) (12 -> 4497) (13 -> 4509) (14 -> 4508) (15 -> 4507) (16 -> 4471) (17 -> 4470) (18 -> 4469) (19 -> 4467) (20 -> 4466) (35 -> 4633) (36 -> 4632) (37 -> 4468) (61 -> 4506) (62 -> 4505) (63 -> 4512) (64 -> 4513) (65 -> 1577) (67 -> 4472) 
Peak nogood count:                  0
Final nogood count:                 0
Nodes:                              13259760
Time of last incumbent update (ms): 161467
CPU time (ms):                      1000045
TIMEOUT
Summary:
TIMEOUT 0 0 13259760 161467 1000045
