New incumbent 1 at time 692 ms
Upper bound: 128
Upper bound: 127
Upper bound: 126
Upper bound: 125
New incumbent 2 at time 4564 ms
New incumbent 3 at time 4564 ms
Upper bound: 124
New incumbent 4 at time 10927 ms
Upper bound: 123
Upper bound: 122
New incumbent 5 at time 82717 ms
New incumbent 6 at time 102423 ms
New incumbent 7 at time 168100 ms
Upper bound: 121
New incumbent 8 at time 266671 ms
New incumbent 9 at time 266671 ms
Solution size 9
(107 -> 35) (109 -> 57) (110 -> 38) (112 -> 19) (114 -> 21) (116 -> 18) (118 -> 36) (121 -> 20) (122 -> 22) 
Peak nogood count:                  0
Final nogood count:                 0
Nodes:                              15644968
Time of last incumbent update (ms): 266671
CPU time (ms):                      1000036
TIMEOUT
Summary:
TIMEOUT 0 0 15644968 266671 1000036
