New incumbent 1 at time 1165 ms
New incumbent 2 at time 1165 ms
New incumbent 3 at time 1174 ms
New incumbent 4 at time 1174 ms
New incumbent 5 at time 1174 ms
New incumbent 6 at time 1174 ms
New incumbent 7 at time 1174 ms
New incumbent 8 at time 1191 ms
New incumbent 9 at time 1191 ms
Upper bound: 105
New incumbent 10 at time 1796 ms
New incumbent 11 at time 1796 ms
New incumbent 12 at time 1796 ms
New incumbent 13 at time 2185 ms
New incumbent 14 at time 2185 ms
New incumbent 15 at time 2185 ms
New incumbent 16 at time 3576 ms
New incumbent 17 at time 3576 ms
Upper bound: 104
New incumbent 18 at time 15257 ms
New incumbent 19 at time 15257 ms
Upper bound: 103
New incumbent 20 at time 124341 ms
New incumbent 21 at time 124341 ms
New incumbent 22 at time 124341 ms
New incumbent 23 at time 133653 ms
New incumbent 24 at time 198081 ms
New incumbent 25 at time 758054 ms
Solution size 25
(11 -> 2556) (12 -> 2558) (13 -> 2373) (14 -> 2387) (15 -> 2386) (17 -> 2370) (18 -> 2384) (19 -> 2385) (21 -> 2388) (22 -> 2389) (23 -> 2376) (24 -> 2377) (25 -> 2421) (26 -> 2422) (27 -> 2423) (28 -> 2419) (29 -> 2420) (30 -> 2425) (32 -> 2426) (33 -> 2427) (34 -> 3480) (35 -> 3479) (41 -> 2372) (104 -> 3481) (105 -> 2418) 
Peak nogood count:                  0
Final nogood count:                 0
Nodes:                              13337304
Time of last incumbent update (ms): 758054
CPU time (ms):                      1000034
TIMEOUT
Summary:
TIMEOUT 0 0 13337304 758054 1000034
