New incumbent 1 at time 1060 ms
New incumbent 2 at time 1060 ms
New incumbent 3 at time 1060 ms
New incumbent 4 at time 1060 ms
New incumbent 5 at time 1060 ms
New incumbent 6 at time 1060 ms
New incumbent 7 at time 1067 ms
New incumbent 8 at time 1067 ms
New incumbent 9 at time 1085 ms
Upper bound: 52
New incumbent 10 at time 1785 ms
New incumbent 11 at time 1785 ms
New incumbent 12 at time 1785 ms
New incumbent 13 at time 1785 ms
New incumbent 14 at time 1786 ms
New incumbent 15 at time 1903 ms
New incumbent 16 at time 1916 ms
New incumbent 17 at time 15465 ms
Upper bound: 51
New incumbent 18 at time 18229 ms
New incumbent 19 at time 18229 ms
New incumbent 20 at time 18679 ms
New incumbent 21 at time 18679 ms
New incumbent 22 at time 18679 ms
New incumbent 23 at time 18679 ms
New incumbent 24 at time 18679 ms
New incumbent 25 at time 18679 ms
New incumbent 26 at time 18679 ms
New incumbent 27 at time 18680 ms
New incumbent 28 at time 18683 ms
New incumbent 29 at time 18808 ms
New incumbent 30 at time 19387 ms
New incumbent 31 at time 19387 ms
New incumbent 32 at time 19387 ms
New incumbent 33 at time 19387 ms
New incumbent 34 at time 28421 ms
New incumbent 35 at time 28431 ms
New incumbent 36 at time 267089 ms
New incumbent 37 at time 357303 ms
New incumbent 38 at time 357303 ms
New incumbent 39 at time 357303 ms
New incumbent 40 at time 381708 ms
Upper bound: 50
New incumbent 41 at time 816575 ms
New incumbent 42 at time 816744 ms
New incumbent 43 at time 816744 ms
New incumbent 44 at time 884503 ms
New incumbent 45 at time 885180 ms
New incumbent 46 at time 885180 ms
New incumbent 47 at time 885180 ms
New incumbent 48 at time 894892 ms
New incumbent 49 at time 894892 ms
Solution size 49
(0 -> 568) (1 -> 569) (2 -> 570) (3 -> 5390) (5 -> 1760) (6 -> 1761) (7 -> 1770) (8 -> 1765) (9 -> 1764) (10 -> 1755) (11 -> 1754) (12 -> 1753) (13 -> 4715) (14 -> 4713) (15 -> 4714) (16 -> 1752) (17 -> 1751) (18 -> 1750) (19 -> 1749) (20 -> 1767) (21 -> 1766) (22 -> 1769) (23 -> 1768) (25 -> 1748) (27 -> 473) (29 -> 477) (30 -> 474) (31 -> 4077) (32 -> 475) (33 -> 476) (34 -> 5439) (35 -> 481) (36 -> 480) (37 -> 479) (38 -> 5438) (39 -> 488) (40 -> 487) (41 -> 486) (42 -> 485) (43 -> 4118) (44 -> 4089) (45 -> 4088) (46 -> 579) (47 -> 578) (48 -> 5387) (49 -> 5388) (50 -> 572) (51 -> 571) (52 -> 5391) 
Peak nogood count:                  0
Final nogood count:                 0
Nodes:                              11643211
Time of last incumbent update (ms): 894892
CPU time (ms):                      1000024
TIMEOUT
Summary:
TIMEOUT 0 0 11643211 894892 1000024
