New incumbent 1 at time 280 ms
New incumbent 2 at time 280 ms
New incumbent 3 at time 280 ms
New incumbent 4 at time 280 ms
New incumbent 5 at time 280 ms
New incumbent 6 at time 282 ms
New incumbent 7 at time 282 ms
New incumbent 8 at time 284 ms
New incumbent 9 at time 293 ms
New incumbent 10 at time 293 ms
Upper bound: 66
New incumbent 11 at time 529 ms
New incumbent 12 at time 530 ms
New incumbent 13 at time 530 ms
New incumbent 14 at time 530 ms
New incumbent 15 at time 1057 ms
New incumbent 16 at time 3276 ms
New incumbent 17 at time 3276 ms
New incumbent 18 at time 4030 ms
Upper bound: 65
New incumbent 19 at time 4794 ms
New incumbent 20 at time 4794 ms
New incumbent 21 at time 5981 ms
New incumbent 22 at time 5981 ms
New incumbent 23 at time 30381 ms
New incumbent 24 at time 30470 ms
New incumbent 25 at time 31099 ms
New incumbent 26 at time 31116 ms
New incumbent 27 at time 31116 ms
New incumbent 28 at time 31116 ms
New incumbent 29 at time 39287 ms
Upper bound: 64
New incumbent 30 at time 287544 ms
New incumbent 31 at time 287544 ms
New incumbent 32 at time 442007 ms
New incumbent 33 at time 442007 ms
New incumbent 34 at time 442007 ms
Upper bound: 63
Solution size 34
(0 -> 1172) (1 -> 1187) (2 -> 1188) (3 -> 1189) (4 -> 1169) (5 -> 1168) (15 -> 1134) (17 -> 1095) (19 -> 1123) (20 -> 1125) (21 -> 1105) (22 -> 1106) (23 -> 1124) (24 -> 1107) (26 -> 1170) (27 -> 1171) (28 -> 1143) (29 -> 1142) (30 -> 1139) (31 -> 1138) (32 -> 1104) (33 -> 1103) (35 -> 1146) (36 -> 1145) (37 -> 1099) (38 -> 1131) (39 -> 1130) (40 -> 1132) (41 -> 1133) (57 -> 1102) (58 -> 1179) (59 -> 1175) (60 -> 1174) (61 -> 1173) 
Peak nogood count:                  0
Final nogood count:                 0
Nodes:                              28783877
Time of last incumbent update (ms): 442007
CPU time (ms):                      1000009
TIMEOUT
Summary:
TIMEOUT 0 0 28783877 442007 1000009
