New incumbent 1 at time 33 ms
New incumbent 2 at time 33 ms
Upper bound: 162
New incumbent 3 at time 49 ms
New incumbent 4 at time 49 ms
New incumbent 5 at time 49 ms
New incumbent 6 at time 49 ms
New incumbent 7 at time 49 ms
New incumbent 8 at time 49 ms
New incumbent 9 at time 49 ms
New incumbent 10 at time 49 ms
New incumbent 11 at time 49 ms
New incumbent 12 at time 49 ms
New incumbent 13 at time 49 ms
New incumbent 14 at time 49 ms
Upper bound: 161
New incumbent 15 at time 77 ms
New incumbent 16 at time 77 ms
New incumbent 17 at time 77 ms
New incumbent 18 at time 77 ms
New incumbent 19 at time 77 ms
New incumbent 20 at time 136 ms
New incumbent 21 at time 1606 ms
New incumbent 22 at time 1606 ms
New incumbent 23 at time 1606 ms
New incumbent 24 at time 1606 ms
New incumbent 25 at time 1606 ms
New incumbent 26 at time 1606 ms
New incumbent 27 at time 1606 ms
New incumbent 28 at time 1606 ms
New incumbent 29 at time 1606 ms
New incumbent 30 at time 1606 ms
New incumbent 31 at time 1606 ms
New incumbent 32 at time 1606 ms
New incumbent 33 at time 1606 ms
New incumbent 34 at time 1606 ms
New incumbent 35 at time 1611 ms
New incumbent 36 at time 1612 ms
New incumbent 37 at time 1612 ms
New incumbent 38 at time 1612 ms
New incumbent 39 at time 1612 ms
New incumbent 40 at time 1612 ms
New incumbent 41 at time 1612 ms
New incumbent 42 at time 1614 ms
New incumbent 43 at time 1615 ms
New incumbent 44 at time 1615 ms
New incumbent 45 at time 1615 ms
New incumbent 46 at time 1615 ms
New incumbent 47 at time 1615 ms
New incumbent 48 at time 1615 ms
New incumbent 49 at time 1615 ms
New incumbent 50 at time 1615 ms
New incumbent 51 at time 1615 ms
New incumbent 52 at time 1615 ms
New incumbent 53 at time 1615 ms
New incumbent 54 at time 1619 ms
New incumbent 55 at time 1619 ms
New incumbent 56 at time 1619 ms
New incumbent 57 at time 1619 ms
New incumbent 58 at time 1619 ms
New incumbent 59 at time 1619 ms
New incumbent 60 at time 1619 ms
New incumbent 61 at time 1619 ms
New incumbent 62 at time 1619 ms
New incumbent 63 at time 1619 ms
New incumbent 64 at time 1619 ms
New incumbent 65 at time 1619 ms
New incumbent 66 at time 1619 ms
New incumbent 67 at time 1619 ms
New incumbent 68 at time 1619 ms
New incumbent 69 at time 1620 ms
New incumbent 70 at time 1620 ms
New incumbent 71 at time 1620 ms
New incumbent 72 at time 1620 ms
New incumbent 73 at time 1620 ms
New incumbent 74 at time 1620 ms
New incumbent 75 at time 1620 ms
New incumbent 76 at time 1620 ms
New incumbent 77 at time 1620 ms
New incumbent 78 at time 1620 ms
New incumbent 79 at time 1620 ms
New incumbent 80 at time 80837 ms
New incumbent 81 at time 285001 ms
New incumbent 82 at time 285001 ms
New incumbent 83 at time 285001 ms
New incumbent 84 at time 299663 ms
New incumbent 85 at time 299663 ms
New incumbent 86 at time 299663 ms
New incumbent 87 at time 487965 ms
New incumbent 88 at time 487965 ms
New incumbent 89 at time 487965 ms
New incumbent 90 at time 487965 ms
New incumbent 91 at time 487965 ms
New incumbent 92 at time 487965 ms
New incumbent 93 at time 487966 ms
New incumbent 94 at time 487966 ms
New incumbent 95 at time 487966 ms
New incumbent 96 at time 965964 ms
Solution size 96
(5 -> 116) (6 -> 64) (7 -> 100) (8 -> 98) (9 -> 93) (10 -> 115) (11 -> 72) (12 -> 73) (13 -> 74) (14 -> 92) (15 -> 91) (16 -> 88) (20 -> 260) (21 -> 259) (22 -> 258) (23 -> 257) (24 -> 311) (25 -> 312) (26 -> 242) (27 -> 243) (28 -> 240) (29 -> 238) (30 -> 121) (31 -> 120) (32 -> 58) (33 -> 57) (34 -> 68) (35 -> 67) (36 -> 71) (37 -> 70) (38 -> 69) (39 -> 316) (40 -> 315) (41 -> 245) (42 -> 320) (43 -> 319) (46 -> 254) (47 -> 253) (48 -> 363) (49 -> 252) (50 -> 138) (51 -> 249) (52 -> 248) (53 -> 250) (54 -> 326) (55 -> 325) (56 -> 361) (57 -> 360) (58 -> 359) (59 -> 358) (60 -> 367) (61 -> 366) (62 -> 368) (64 -> 79) (65 -> 80) (69 -> 78) (83 -> 114) (84 -> 107) (85 -> 97) (86 -> 117) (87 -> 118) (88 -> 62) (89 -> 45) (90 -> 46) (91 -> 47) (92 -> 215) (93 -> 216) (94 -> 236) (95 -> 378) (96 -> 379) (97 -> 219) (98 -> 220) (99 -> 227) (100 -> 226) (101 -> 293) (102 -> 292) (103 -> 380) (104 -> 230) (105 -> 288) (106 -> 287) (107 -> 285) (108 -> 286) (109 -> 278) (110 -> 48) (111 -> 49) (112 -> 50) (113 -> 51) (114 -> 52) (115 -> 144) (116 -> 145) (117 -> 146) (118 -> 141) (119 -> 140) (120 -> 135) (121 -> 389) (122 -> 44) 
Peak nogood count:                  0
Final nogood count:                 0
Nodes:                              75039061
Time of last incumbent update (ms): 965964
CPU time (ms):                      1000005
TIMEOUT
Summary:
TIMEOUT 0 0 75039061 965964 1000005
