New incumbent 1 at time 842 ms
New incumbent 2 at time 842 ms
New incumbent 3 at time 842 ms
New incumbent 4 at time 842 ms
New incumbent 5 at time 842 ms
New incumbent 6 at time 848 ms
New incumbent 7 at time 860 ms
New incumbent 8 at time 861 ms
New incumbent 9 at time 1014 ms
Upper bound: 52
New incumbent 10 at time 1490 ms
New incumbent 11 at time 1509 ms
New incumbent 12 at time 1518 ms
New incumbent 13 at time 1518 ms
New incumbent 14 at time 1549 ms
New incumbent 15 at time 1728 ms
New incumbent 16 at time 1729 ms
New incumbent 17 at time 1729 ms
New incumbent 18 at time 10389 ms
New incumbent 19 at time 10389 ms
New incumbent 20 at time 10389 ms
New incumbent 21 at time 10389 ms
New incumbent 22 at time 10389 ms
New incumbent 23 at time 10389 ms
New incumbent 24 at time 10389 ms
New incumbent 25 at time 10389 ms
New incumbent 26 at time 10390 ms
New incumbent 27 at time 10390 ms
New incumbent 28 at time 10390 ms
New incumbent 29 at time 10390 ms
New incumbent 30 at time 10391 ms
Upper bound: 51
New incumbent 31 at time 17592 ms
New incumbent 32 at time 17592 ms
New incumbent 33 at time 17593 ms
New incumbent 34 at time 17593 ms
New incumbent 35 at time 17593 ms
New incumbent 36 at time 17593 ms
New incumbent 37 at time 17593 ms
New incumbent 38 at time 17593 ms
New incumbent 39 at time 17593 ms
New incumbent 40 at time 17594 ms
New incumbent 41 at time 17597 ms
New incumbent 42 at time 17597 ms
Upper bound: 50
New incumbent 43 at time 642897 ms
New incumbent 44 at time 644037 ms
New incumbent 45 at time 644998 ms
New incumbent 46 at time 644998 ms
New incumbent 47 at time 645001 ms
Solution size 47
(0 -> 4484) (1 -> 4483) (2 -> 4485) (3 -> 4481) (4 -> 4480) (6 -> 989) (7 -> 988) (8 -> 987) (9 -> 3530) (12 -> 1455) (14 -> 1448) (15 -> 1453) (16 -> 1454) (17 -> 984) (18 -> 983) (19 -> 982) (20 -> 981) (21 -> 986) (22 -> 985) (23 -> 980) (24 -> 1463) (25 -> 1462) (27 -> 296) (28 -> 294) (29 -> 293) (30 -> 292) (31 -> 291) (32 -> 300) (34 -> 4499) (35 -> 4500) (36 -> 4505) (37 -> 4506) (38 -> 4504) (39 -> 4503) (40 -> 4139) (41 -> 4140) (42 -> 4141) (43 -> 4580) (44 -> 4469) (45 -> 4470) (46 -> 4471) (47 -> 4472) (48 -> 4473) (49 -> 4475) (50 -> 4476) (51 -> 4486) (52 -> 4482) 
Peak nogood count:                  0
Final nogood count:                 0
Nodes:                              13195587
Time of last incumbent update (ms): 645001
CPU time (ms):                      1000022
TIMEOUT
Summary:
TIMEOUT 0 0 13195587 645001 1000022
