New incumbent 1 at time 159 ms
New incumbent 2 at time 159 ms
Upper bound: 128
Upper bound: 127
New incumbent 3 at time 462 ms
Upper bound: 126
New incumbent 4 at time 784 ms
New incumbent 5 at time 784 ms
Upper bound: 125
New incumbent 6 at time 1376 ms
Upper bound: 124
New incumbent 7 at time 3096 ms
Upper bound: 123
New incumbent 8 at time 8075 ms
Upper bound: 122
New incumbent 9 at time 24540 ms
Upper bound: 121
New incumbent 10 at time 80209 ms
Solution size 10
(110 -> 696) (111 -> 681) (112 -> 682) (116 -> 688) (117 -> 690) (118 -> 692) (119 -> 694) (120 -> 686) (121 -> 684) (124 -> 676) 
Peak nogood count:                  0
Final nogood count:                 0
Nodes:                              38323760
Time of last incumbent update (ms): 80209
CPU time (ms):                      1000010
TIMEOUT
Summary:
TIMEOUT 0 0 38323760 80209 1000010
