New incumbent 1 at time 1074 ms
New incumbent 2 at time 1074 ms
New incumbent 3 at time 1074 ms
New incumbent 4 at time 1074 ms
New incumbent 5 at time 1074 ms
New incumbent 6 at time 1078 ms
New incumbent 7 at time 1078 ms
New incumbent 8 at time 1097 ms
New incumbent 9 at time 1097 ms
New incumbent 10 at time 1121 ms
New incumbent 11 at time 1122 ms
New incumbent 12 at time 1213 ms
Upper bound: 125
New incumbent 13 at time 1789 ms
New incumbent 14 at time 1789 ms
New incumbent 15 at time 1789 ms
New incumbent 16 at time 1789 ms
New incumbent 17 at time 1790 ms
New incumbent 18 at time 2896 ms
Upper bound: 124
New incumbent 19 at time 15745 ms
New incumbent 20 at time 21475 ms
New incumbent 21 at time 33252 ms
New incumbent 22 at time 33252 ms
New incumbent 23 at time 36286 ms
New incumbent 24 at time 129662 ms
New incumbent 25 at time 129747 ms
New incumbent 26 at time 129747 ms
New incumbent 27 at time 131045 ms
New incumbent 28 at time 131045 ms
New incumbent 29 at time 141942 ms
Upper bound: 123
New incumbent 30 at time 162596 ms
New incumbent 31 at time 162610 ms
Solution size 31
(40 -> 378) (41 -> 379) (42 -> 5362) (43 -> 440) (44 -> 435) (50 -> 432) (53 -> 441) (54 -> 442) (55 -> 443) (56 -> 503) (57 -> 502) (58 -> 501) (60 -> 4245) (61 -> 4202) (63 -> 506) (64 -> 507) (65 -> 4254) (66 -> 4253) (67 -> 4252) (94 -> 519) (95 -> 510) (96 -> 509) (97 -> 508) (98 -> 515) (99 -> 512) (100 -> 511) (101 -> 4255) (110 -> 445) (121 -> 444) (123 -> 505) (124 -> 504) 
Peak nogood count:                  0
Final nogood count:                 0
Nodes:                              12397956
Time of last incumbent update (ms): 162610
CPU time (ms):                      1000043
TIMEOUT
Summary:
TIMEOUT 0 0 12397956 162610 1000043
