Upper bound: 162
New incumbent 1 at time 102 ms
New incumbent 2 at time 102 ms
New incumbent 3 at time 108 ms
New incumbent 4 at time 108 ms
Upper bound: 161
New incumbent 5 at time 155 ms
New incumbent 6 at time 166 ms
New incumbent 7 at time 167 ms
New incumbent 8 at time 167 ms
New incumbent 9 at time 167 ms
New incumbent 10 at time 167 ms
New incumbent 11 at time 167 ms
New incumbent 12 at time 167 ms
New incumbent 13 at time 167 ms
New incumbent 14 at time 167 ms
New incumbent 15 at time 167 ms
New incumbent 16 at time 167 ms
New incumbent 17 at time 167 ms
New incumbent 18 at time 167 ms
New incumbent 19 at time 167 ms
New incumbent 20 at time 167 ms
New incumbent 21 at time 167 ms
New incumbent 22 at time 167 ms
New incumbent 23 at time 167 ms
New incumbent 24 at time 168 ms
New incumbent 25 at time 168 ms
New incumbent 26 at time 168 ms
New incumbent 27 at time 168 ms
New incumbent 28 at time 168 ms
New incumbent 29 at time 168 ms
New incumbent 30 at time 168 ms
New incumbent 31 at time 168 ms
New incumbent 32 at time 168 ms
New incumbent 33 at time 168 ms
New incumbent 34 at time 168 ms
New incumbent 35 at time 168 ms
New incumbent 36 at time 168 ms
New incumbent 37 at time 168 ms
New incumbent 38 at time 168 ms
New incumbent 39 at time 168 ms
New incumbent 40 at time 168 ms
New incumbent 41 at time 168 ms
New incumbent 42 at time 168 ms
New incumbent 43 at time 168 ms
New incumbent 44 at time 168 ms
New incumbent 45 at time 168 ms
New incumbent 46 at time 168 ms
New incumbent 47 at time 168 ms
New incumbent 48 at time 169 ms
New incumbent 49 at time 169 ms
New incumbent 50 at time 169 ms
New incumbent 51 at time 169 ms
New incumbent 52 at time 170 ms
New incumbent 53 at time 170 ms
New incumbent 54 at time 171 ms
New incumbent 55 at time 172 ms
New incumbent 56 at time 175 ms
New incumbent 57 at time 175 ms
New incumbent 58 at time 175 ms
New incumbent 59 at time 176 ms
New incumbent 60 at time 749 ms
New incumbent 61 at time 749 ms
New incumbent 62 at time 749 ms
New incumbent 63 at time 750 ms
New incumbent 64 at time 750 ms
New incumbent 65 at time 770 ms
New incumbent 66 at time 770 ms
New incumbent 67 at time 770 ms
New incumbent 68 at time 770 ms
New incumbent 69 at time 770 ms
New incumbent 70 at time 771 ms
New incumbent 71 at time 771 ms
New incumbent 72 at time 771 ms
New incumbent 73 at time 771 ms
New incumbent 74 at time 984 ms
New incumbent 75 at time 985 ms
New incumbent 76 at time 1190 ms
New incumbent 77 at time 1191 ms
New incumbent 78 at time 1191 ms
New incumbent 79 at time 1191 ms
New incumbent 80 at time 2251 ms
New incumbent 81 at time 2418 ms
New incumbent 82 at time 7971 ms
New incumbent 83 at time 7971 ms
New incumbent 84 at time 7971 ms
New incumbent 85 at time 7971 ms
New incumbent 86 at time 7971 ms
New incumbent 87 at time 7971 ms
New incumbent 88 at time 7980 ms
New incumbent 89 at time 7980 ms
New incumbent 90 at time 7980 ms
New incumbent 91 at time 7980 ms
New incumbent 92 at time 7980 ms
New incumbent 93 at time 7980 ms
New incumbent 94 at time 7990 ms
New incumbent 95 at time 7990 ms
New incumbent 96 at time 7990 ms
New incumbent 97 at time 8354 ms
New incumbent 98 at time 17415 ms
New incumbent 99 at time 17415 ms
New incumbent 100 at time 17415 ms
New incumbent 101 at time 17415 ms
New incumbent 102 at time 17415 ms
New incumbent 103 at time 17415 ms
New incumbent 104 at time 363102 ms
New incumbent 105 at time 363102 ms
Solution size 105
(5 -> 206) (6 -> 207) (7 -> 231) (8 -> 232) (9 -> 233) (10 -> 234) (11 -> 62) (12 -> 244) (13 -> 109) (14 -> 108) (16 -> 258) (17 -> 407) (18 -> 249) (19 -> 410) (20 -> 251) (21 -> 252) (22 -> 253) (23 -> 123) (24 -> 122) (25 -> 86) (26 -> 85) (27 -> 76) (28 -> 77) (29 -> 78) (30 -> 73) (31 -> 72) (32 -> 448) (33 -> 449) (34 -> 450) (35 -> 56) (36 -> 61) (37 -> 60) (38 -> 57) (39 -> 84) (40 -> 442) (41 -> 125) (42 -> 126) (43 -> 348) (44 -> 255) (45 -> 409) (46 -> 87) (47 -> 92) (48 -> 93) (49 -> 91) (50 -> 90) (51 -> 473) (52 -> 472) (53 -> 513) (54 -> 514) (55 -> 544) (56 -> 88) (57 -> 468) (58 -> 467) (59 -> 504) (60 -> 503) (61 -> 502) (62 -> 505) (63 -> 506) (83 -> 65) (84 -> 68) (85 -> 404) (86 -> 205) (87 -> 204) (88 -> 224) (89 -> 201) (90 -> 200) (91 -> 199) (92 -> 292) (93 -> 291) (94 -> 289) (95 -> 288) (96 -> 286) (97 -> 284) (98 -> 285) (99 -> 274) (100 -> 275) (101 -> 282) (102 -> 281) (103 -> 287) (104 -> 271) (105 -> 270) (106 -> 327) (107 -> 328) (108 -> 320) (109 -> 313) (110 -> 298) (111 -> 297) (112 -> 130) (113 -> 129) (114 -> 128) (115 -> 301) (116 -> 302) (117 -> 194) (118 -> 193) (119 -> 142) (120 -> 141) (121 -> 226) (122 -> 202) (125 -> 628) (126 -> 627) (127 -> 626) (128 -> 683) (130 -> 680) (131 -> 681) (132 -> 623) 
Peak nogood count:                  0
Final nogood count:                 0
Nodes:                              66639634
Time of last incumbent update (ms): 363102
CPU time (ms):                      1000009
TIMEOUT
Summary:
TIMEOUT 0 0 66639634 363102 1000009
