New incumbent 1 at time 47 ms
Upper bound: 198
Upper bound: 197
Upper bound: 196
New incumbent 2 at time 146 ms
New incumbent 3 at time 147 ms
New incumbent 4 at time 155 ms
Upper bound: 195
New incumbent 5 at time 206 ms
Upper bound: 194
New incumbent 6 at time 257 ms
New incumbent 7 at time 350 ms
Upper bound: 193
New incumbent 8 at time 495 ms
New incumbent 9 at time 876 ms
Upper bound: 192
New incumbent 10 at time 2690 ms
New incumbent 11 at time 2692 ms
Upper bound: 191
New incumbent 12 at time 8845 ms
Upper bound: 190
New incumbent 13 at time 15183 ms
New incumbent 14 at time 17078 ms
Upper bound: 189
New incumbent 15 at time 60132 ms
New incumbent 16 at time 60132 ms
Upper bound: 188
New incumbent 17 at time 214787 ms
New incumbent 18 at time 223821 ms
New incumbent 19 at time 479366 ms
New incumbent 20 at time 503718 ms
Upper bound: 187
New incumbent 21 at time 984088 ms
Solution size 21
(0 -> 140) (2 -> 163) (3 -> 143) (28 -> 154) (56 -> 159) (57 -> 158) (58 -> 156) (62 -> 397) (63 -> 392) (98 -> 391) (99 -> 390) (100 -> 388) (101 -> 102) (102 -> 103) (103 -> 105) (104 -> 106) (137 -> 1) (138 -> 2) (139 -> 38) (140 -> 37) (144 -> 155) 
Peak nogood count:                  0
Final nogood count:                 0
Nodes:                              82875652
Time of last incumbent update (ms): 984088
CPU time (ms):                      1000005
TIMEOUT
Summary:
TIMEOUT 0 0 82875652 984088 1000005
