New incumbent 1 at time 265 ms
Upper bound: 39
Upper bound: 38
New incumbent 2 at time 992 ms
New incumbent 3 at time 992 ms
New incumbent 4 at time 992 ms
New incumbent 5 at time 1005 ms
Upper bound: 37
New incumbent 6 at time 1545 ms
New incumbent 7 at time 1546 ms
New incumbent 8 at time 1546 ms
New incumbent 9 at time 1606 ms
New incumbent 10 at time 1606 ms
Upper bound: 36
New incumbent 11 at time 3688 ms
New incumbent 12 at time 4171 ms
New incumbent 13 at time 4195 ms
Upper bound: 35
New incumbent 14 at time 844934 ms
New incumbent 15 at time 871754 ms
New incumbent 16 at time 875569 ms
Solution size 16
(2 -> 455) (3 -> 456) (4 -> 538) (5 -> 457) (6 -> 539) (7 -> 458) (10 -> 401) (11 -> 400) (12 -> 425) (14 -> 424) (15 -> 423) (16 -> 431) (17 -> 422) (18 -> 433) (19 -> 421) (20 -> 435) 
Peak nogood count:                  0
Final nogood count:                 0
Nodes:                              21901564
Time of last incumbent update (ms): 875569
CPU time (ms):                      1000009
TIMEOUT
Summary:
TIMEOUT 0 0 21901564 875569 1000009
