New incumbent 1 at time 508 ms
New incumbent 2 at time 508 ms
New incumbent 3 at time 508 ms
New incumbent 4 at time 508 ms
New incumbent 5 at time 509 ms
Upper bound: 123
New incumbent 6 at time 539 ms
New incumbent 7 at time 539 ms
New incumbent 8 at time 540 ms
Upper bound: 122
New incumbent 9 at time 846 ms
New incumbent 10 at time 846 ms
New incumbent 11 at time 846 ms
New incumbent 12 at time 1385 ms
New incumbent 13 at time 1386 ms
New incumbent 14 at time 1386 ms
New incumbent 15 at time 1657 ms
New incumbent 16 at time 1657 ms
New incumbent 17 at time 1657 ms
New incumbent 18 at time 2230 ms
New incumbent 19 at time 2230 ms
New incumbent 20 at time 2230 ms
New incumbent 21 at time 2230 ms
New incumbent 22 at time 2230 ms
New incumbent 23 at time 2230 ms
Upper bound: 121
New incumbent 24 at time 25256 ms
Upper bound: 120
New incumbent 25 at time 77543 ms
New incumbent 26 at time 82977 ms
New incumbent 27 at time 83898 ms
New incumbent 28 at time 83898 ms
New incumbent 29 at time 83898 ms
New incumbent 30 at time 603766 ms
New incumbent 31 at time 603766 ms
New incumbent 32 at time 603766 ms
New incumbent 33 at time 603766 ms
New incumbent 34 at time 603766 ms
New incumbent 35 at time 603766 ms
New incumbent 36 at time 603766 ms
Solution size 36
(10 -> 2677) (11 -> 2671) (12 -> 2672) (13 -> 2673) (14 -> 2674) (15 -> 2676) (16 -> 667) (17 -> 666) (18 -> 2665) (19 -> 2666) (21 -> 2669) (24 -> 537) (25 -> 538) (26 -> 539) (27 -> 568) (28 -> 595) (29 -> 593) (30 -> 594) (31 -> 569) (32 -> 570) (33 -> 580) (34 -> 579) (35 -> 578) (36 -> 577) (37 -> 576) (38 -> 575) (41 -> 601) (42 -> 600) (43 -> 2668) (44 -> 2667) (45 -> 599) (46 -> 690) (67 -> 590) (82 -> 540) (84 -> 2653) (119 -> 2664) 
Peak nogood count:                  0
Final nogood count:                 0
Nodes:                              19357548
Time of last incumbent update (ms): 603766
CPU time (ms):                      1000025
TIMEOUT
Summary:
TIMEOUT 0 0 19357548 603766 1000025
