New incumbent 1 at time 610 ms
New incumbent 2 at time 610 ms
New incumbent 3 at time 610 ms
New incumbent 4 at time 610 ms
New incumbent 5 at time 610 ms
New incumbent 6 at time 612 ms
New incumbent 7 at time 612 ms
New incumbent 8 at time 620 ms
New incumbent 9 at time 620 ms
New incumbent 10 at time 1575 ms
New incumbent 11 at time 1575 ms
Upper bound: 21
New incumbent 12 at time 2079 ms
New incumbent 13 at time 2079 ms
New incumbent 14 at time 2079 ms
New incumbent 15 at time 2079 ms
New incumbent 16 at time 4435 ms
New incumbent 17 at time 4435 ms
Upper bound: 20
New incumbent 18 at time 21355 ms
New incumbent 19 at time 21355 ms
Upper bound: 19
Solution size 19
(0 -> 1961) (1 -> 1796) (3 -> 1789) (4 -> 1788) (5 -> 1787) (7 -> 1793) (8 -> 1794) (9 -> 1795) (10 -> 1965) (11 -> 1966) (12 -> 1968) (13 -> 1967) (14 -> 1995) (15 -> 1994) (16 -> 1993) (17 -> 1964) (18 -> 1786) (19 -> 1785) (20 -> 2010) 
Peak nogood count:                  0
Final nogood count:                 0
Nodes:                              2770339
Time of last incumbent update (ms): 21355
CPU time (ms):                      148289
Summary:
COMPLETED 0 0 2770339 21355 148289
