New incumbent 1 at time 869 ms
New incumbent 2 at time 869 ms
New incumbent 3 at time 869 ms
New incumbent 4 at time 869 ms
New incumbent 5 at time 869 ms
New incumbent 6 at time 872 ms
New incumbent 7 at time 877 ms
New incumbent 8 at time 877 ms
New incumbent 9 at time 877 ms
New incumbent 10 at time 877 ms
New incumbent 11 at time 905 ms
New incumbent 12 at time 1032 ms
New incumbent 13 at time 1032 ms
Upper bound: 96
New incumbent 14 at time 1440 ms
New incumbent 15 at time 1454 ms
New incumbent 16 at time 1506 ms
New incumbent 17 at time 1962 ms
Upper bound: 95
New incumbent 18 at time 9301 ms
New incumbent 19 at time 9746 ms
New incumbent 20 at time 10636 ms
New incumbent 21 at time 10636 ms
New incumbent 22 at time 10637 ms
Upper bound: 94
New incumbent 23 at time 69611 ms
New incumbent 24 at time 69611 ms
New incumbent 25 at time 70418 ms
New incumbent 26 at time 70418 ms
New incumbent 27 at time 72965 ms
New incumbent 28 at time 74917 ms
New incumbent 29 at time 74918 ms
New incumbent 30 at time 74918 ms
New incumbent 31 at time 74918 ms
New incumbent 32 at time 74918 ms
Upper bound: 93
New incumbent 33 at time 654991 ms
New incumbent 34 at time 656255 ms
New incumbent 35 at time 656255 ms
New incumbent 36 at time 656255 ms
New incumbent 37 at time 922824 ms
Solution size 37
(7 -> 893) (8 -> 894) (9 -> 895) (10 -> 896) (14 -> 2848) (15 -> 2851) (16 -> 846) (17 -> 845) (18 -> 844) (19 -> 2847) (21 -> 900) (22 -> 2845) (23 -> 2846) (25 -> 902) (26 -> 903) (27 -> 904) (38 -> 838) (44 -> 2809) (62 -> 829) (63 -> 3007) (64 -> 820) (66 -> 832) (69 -> 2799) (70 -> 2800) (71 -> 2801) (72 -> 2802) (73 -> 833) (74 -> 909) (75 -> 910) (76 -> 2844) (77 -> 912) (78 -> 911) (79 -> 913) (84 -> 2989) (85 -> 848) (86 -> 847) (96 -> 901) 
Peak nogood count:                  0
Final nogood count:                 0
Nodes:                              15371496
Time of last incumbent update (ms): 922824
CPU time (ms):                      1000026
TIMEOUT
Summary:
TIMEOUT 0 0 15371496 922824 1000026
