New incumbent 1 at time 435 ms
New incumbent 2 at time 435 ms
New incumbent 3 at time 435 ms
New incumbent 4 at time 435 ms
New incumbent 5 at time 436 ms
New incumbent 6 at time 441 ms
New incumbent 7 at time 441 ms
New incumbent 8 at time 441 ms
Upper bound: 52
New incumbent 9 at time 759 ms
New incumbent 10 at time 785 ms
New incumbent 11 at time 794 ms
New incumbent 12 at time 794 ms
New incumbent 13 at time 794 ms
New incumbent 14 at time 798 ms
New incumbent 15 at time 799 ms
New incumbent 16 at time 799 ms
New incumbent 17 at time 4082 ms
Upper bound: 51
New incumbent 18 at time 6740 ms
New incumbent 19 at time 6740 ms
New incumbent 20 at time 6740 ms
New incumbent 21 at time 6740 ms
New incumbent 22 at time 6740 ms
New incumbent 23 at time 6740 ms
New incumbent 24 at time 6740 ms
New incumbent 25 at time 6740 ms
New incumbent 26 at time 6740 ms
New incumbent 27 at time 6740 ms
New incumbent 28 at time 6740 ms
New incumbent 29 at time 7300 ms
New incumbent 30 at time 9169 ms
New incumbent 31 at time 9169 ms
New incumbent 32 at time 10616 ms
New incumbent 33 at time 20621 ms
New incumbent 34 at time 20621 ms
New incumbent 35 at time 64095 ms
New incumbent 36 at time 85149 ms
New incumbent 37 at time 88625 ms
New incumbent 38 at time 94084 ms
New incumbent 39 at time 94084 ms
Upper bound: 50
New incumbent 40 at time 198802 ms
New incumbent 41 at time 199033 ms
New incumbent 42 at time 199033 ms
New incumbent 43 at time 199081 ms
New incumbent 44 at time 660497 ms
New incumbent 45 at time 660927 ms
New incumbent 46 at time 660993 ms
New incumbent 47 at time 660993 ms
Solution size 47
(0 -> 2462) (1 -> 2499) (2 -> 2465) (3 -> 2464) (4 -> 2461) (7 -> 1323) (8 -> 932) (9 -> 933) (11 -> 919) (12 -> 920) (14 -> 1327) (15 -> 1326) (16 -> 921) (17 -> 922) (18 -> 923) (19 -> 924) (20 -> 930) (21 -> 931) (22 -> 1325) (23 -> 929) (24 -> 928) (25 -> 925) (27 -> 551) (28 -> 550) (29 -> 565) (30 -> 552) (31 -> 553) (32 -> 564) (34 -> 2439) (35 -> 2440) (36 -> 2441) (37 -> 2442) (38 -> 2484) (39 -> 2483) (40 -> 2449) (41 -> 2450) (42 -> 2477) (43 -> 2453) (44 -> 2454) (45 -> 2455) (46 -> 2456) (47 -> 2457) (48 -> 2458) (49 -> 2468) (50 -> 2467) (51 -> 2466) (52 -> 2463) 
Peak nogood count:                  0
Final nogood count:                 0
Nodes:                              18279914
Time of last incumbent update (ms): 660993
CPU time (ms):                      1000014
TIMEOUT
Summary:
TIMEOUT 0 0 18279914 660993 1000014
