New incumbent 1 at time 1139 ms
New incumbent 2 at time 1139 ms
New incumbent 3 at time 1139 ms
New incumbent 4 at time 1140 ms
New incumbent 5 at time 1140 ms
New incumbent 6 at time 1140 ms
New incumbent 7 at time 1141 ms
New incumbent 8 at time 1141 ms
New incumbent 9 at time 1141 ms
New incumbent 10 at time 1143 ms
New incumbent 11 at time 1143 ms
Upper bound: 59
New incumbent 12 at time 2009 ms
New incumbent 13 at time 2327 ms
New incumbent 14 at time 2380 ms
New incumbent 15 at time 2380 ms
New incumbent 16 at time 2381 ms
New incumbent 17 at time 2381 ms
New incumbent 18 at time 2381 ms
New incumbent 19 at time 2381 ms
New incumbent 20 at time 2381 ms
New incumbent 21 at time 2381 ms
Upper bound: 58
New incumbent 22 at time 31730 ms
New incumbent 23 at time 31730 ms
New incumbent 24 at time 31731 ms
New incumbent 25 at time 39364 ms
New incumbent 26 at time 42169 ms
New incumbent 27 at time 42169 ms
New incumbent 28 at time 42169 ms
New incumbent 29 at time 42169 ms
New incumbent 30 at time 244480 ms
Upper bound: 57
New incumbent 31 at time 285121 ms
New incumbent 32 at time 331676 ms
New incumbent 33 at time 331699 ms
New incumbent 34 at time 551851 ms
New incumbent 35 at time 551851 ms
Solution size 35
(0 -> 798) (1 -> 799) (2 -> 863) (3 -> 862) (5 -> 864) (9 -> 801) (10 -> 800) (11 -> 794) (12 -> 795) (13 -> 5488) (14 -> 5487) (15 -> 721) (16 -> 722) (17 -> 707) (18 -> 706) (19 -> 698) (20 -> 699) (21 -> 700) (22 -> 701) (23 -> 704) (24 -> 703) (31 -> 791) (33 -> 708) (34 -> 5538) (35 -> 5537) (36 -> 710) (37 -> 711) (38 -> 712) (44 -> 705) (45 -> 792) (46 -> 793) (47 -> 702) (48 -> 5535) (49 -> 255) (50 -> 256) 
Peak nogood count:                  0
Final nogood count:                 0
Nodes:                              11989330
Time of last incumbent update (ms): 551851
CPU time (ms):                      1000029
TIMEOUT
Summary:
TIMEOUT 0 0 11989330 551851 1000029
