New incumbent 1 at time 698 ms
New incumbent 2 at time 698 ms
New incumbent 3 at time 698 ms
New incumbent 4 at time 698 ms
New incumbent 5 at time 699 ms
New incumbent 6 at time 699 ms
New incumbent 7 at time 701 ms
New incumbent 8 at time 752 ms
New incumbent 9 at time 762 ms
New incumbent 10 at time 762 ms
New incumbent 11 at time 762 ms
Upper bound: 125
New incumbent 12 at time 1278 ms
New incumbent 13 at time 1336 ms
New incumbent 14 at time 1534 ms
New incumbent 15 at time 1790 ms
New incumbent 16 at time 3093 ms
New incumbent 17 at time 3093 ms
New incumbent 18 at time 3201 ms
Upper bound: 124
New incumbent 19 at time 10116 ms
New incumbent 20 at time 10426 ms
New incumbent 21 at time 10426 ms
New incumbent 22 at time 10426 ms
New incumbent 23 at time 63429 ms
New incumbent 24 at time 65549 ms
New incumbent 25 at time 65550 ms
New incumbent 26 at time 65550 ms
New incumbent 27 at time 65550 ms
New incumbent 28 at time 65550 ms
New incumbent 29 at time 65550 ms
New incumbent 30 at time 65550 ms
New incumbent 31 at time 67886 ms
Upper bound: 123
New incumbent 32 at time 253707 ms
New incumbent 33 at time 253708 ms
New incumbent 34 at time 253708 ms
New incumbent 35 at time 253708 ms
Solution size 35
(40 -> 978) (41 -> 977) (42 -> 976) (43 -> 761) (44 -> 760) (50 -> 920) (53 -> 762) (54 -> 935) (55 -> 934) (56 -> 933) (58 -> 765) (59 -> 928) (60 -> 927) (61 -> 930) (62 -> 931) (63 -> 925) (64 -> 937) (66 -> 796) (67 -> 795) (93 -> 781) (94 -> 784) (95 -> 785) (96 -> 791) (97 -> 790) (98 -> 789) (99 -> 788) (100 -> 786) (101 -> 792) (108 -> 773) (109 -> 929) (116 -> 980) (120 -> 979) (123 -> 926) (124 -> 932) (125 -> 764) 
Peak nogood count:                  0
Final nogood count:                 0
Nodes:                              16304722
Time of last incumbent update (ms): 253708
CPU time (ms):                      1000029
TIMEOUT
Summary:
TIMEOUT 0 0 16304722 253708 1000029
