New incumbent 1 at time 70 ms
New incumbent 2 at time 70 ms
Upper bound: 198
Upper bound: 197
Upper bound: 196
New incumbent 3 at time 332 ms
Upper bound: 195
New incumbent 4 at time 509 ms
New incumbent 5 at time 607 ms
Upper bound: 194
New incumbent 6 at time 785 ms
Upper bound: 193
Upper bound: 192
New incumbent 7 at time 4852 ms
New incumbent 8 at time 4874 ms
Upper bound: 191
New incumbent 9 at time 13372 ms
New incumbent 10 at time 13375 ms
Upper bound: 190
New incumbent 11 at time 42335 ms
Upper bound: 189
New incumbent 12 at time 219849 ms
New incumbent 13 at time 373805 ms
Solution size 13
(0 -> 846) (2 -> 847) (181 -> 814) (183 -> 845) (185 -> 686) (187 -> 685) (189 -> 811) (190 -> 844) (191 -> 853) (192 -> 854) (193 -> 855) (194 -> 675) (198 -> 684) 
Peak nogood count:                  0
Final nogood count:                 0
Nodes:                              51698068
Time of last incumbent update (ms): 373805
CPU time (ms):                      1000011
TIMEOUT
Summary:
TIMEOUT 0 0 51698068 373805 1000011
