New incumbent 1 at time 150 ms
New incumbent 2 at time 150 ms
New incumbent 3 at time 151 ms
New incumbent 4 at time 151 ms
Upper bound: 40
New incumbent 5 at time 243 ms
New incumbent 6 at time 255 ms
New incumbent 7 at time 255 ms
New incumbent 8 at time 274 ms
Upper bound: 39
New incumbent 9 at time 492 ms
New incumbent 10 at time 660 ms
Upper bound: 38
New incumbent 11 at time 1152 ms
New incumbent 12 at time 2121 ms
New incumbent 13 at time 2777 ms
Upper bound: 37
New incumbent 14 at time 12002 ms
New incumbent 15 at time 13415 ms
Solution size 15
(0 -> 229) (1 -> 8) (3 -> 1314) (4 -> 84) (6 -> 990) (7 -> 1426) (8 -> 672) (12 -> 806) (14 -> 795) (15 -> 1922) (16 -> 1024) (17 -> 1872) (20 -> 1047) (22 -> 1751) (27 -> 1927) 
Peak nogood count:                  0
Final nogood count:                 0
Nodes:                              26654352
Time of last incumbent update (ms): 13415
CPU time (ms):                      1000008
TIMEOUT
Summary:
TIMEOUT 0 0 26654352 13415 1000008
