New incumbent 1 at time 1 ms
New incumbent 2 at time 1 ms
New incumbent 3 at time 1 ms
Upper bound: 40
New incumbent 4 at time 2 ms
New incumbent 5 at time 4 ms
Upper bound: 39
New incumbent 6 at time 7 ms
New incumbent 7 at time 7 ms
New incumbent 8 at time 8 ms
New incumbent 9 at time 8 ms
Upper bound: 38
New incumbent 10 at time 27 ms
New incumbent 11 at time 27 ms
New incumbent 12 at time 137 ms
Upper bound: 37
New incumbent 13 at time 328 ms
New incumbent 14 at time 328 ms
New incumbent 15 at time 2701 ms
Upper bound: 36
New incumbent 16 at time 12038 ms
New incumbent 17 at time 12832 ms
New incumbent 18 at time 45689 ms
New incumbent 19 at time 45689 ms
Upper bound: 35
New incumbent 20 at time 302672 ms
Upper bound: 34
New incumbent 21 at time 826634 ms
New incumbent 22 at time 911678 ms
Solution size 22
(0 -> 5) (1 -> 56) (3 -> 20) (4 -> 43) (6 -> 27) (7 -> 57) (8 -> 63) (9 -> 52) (10 -> 64) (11 -> 28) (12 -> 59) (13 -> 40) (14 -> 17) (15 -> 60) (18 -> 13) (19 -> 61) (24 -> 46) (25 -> 36) (34 -> 51) (36 -> 18) (39 -> 32) (40 -> 42) 
Peak nogood count:                  0
Final nogood count:                 0
Nodes:                              354652075
Time of last incumbent update (ms): 911678
CPU time (ms):                      1000000
TIMEOUT
Summary:
TIMEOUT 0 0 354652075 911678 1000000
