New incumbent 1 at time 68 ms
Upper bound: 41
Upper bound: 40
Upper bound: 39
Upper bound: 38
Upper bound: 37
New incumbent 2 at time 490 ms
Upper bound: 36
Upper bound: 35
New incumbent 3 at time 2678 ms
New incumbent 4 at time 3887 ms
Upper bound: 34
New incumbent 5 at time 5432 ms
Upper bound: 33
New incumbent 6 at time 61471 ms
New incumbent 7 at time 61630 ms
Solution size 7
(1 -> 546) (2 -> 503) (3 -> 397) (4 -> 383) (5 -> 666) (14 -> 409) (16 -> 1) 
Peak nogood count:                  0
Final nogood count:                 0
Nodes:                              51028885
Time of last incumbent update (ms): 61630
CPU time (ms):                      1000003
TIMEOUT
Summary:
TIMEOUT 0 0 51028885 61630 1000003
