New incumbent 1 at time 1 ms
New incumbent 2 at time 2 ms
New incumbent 3 at time 2 ms
New incumbent 4 at time 2 ms
Upper bound: 48
New incumbent 5 at time 92 ms
Upper bound: 47
New incumbent 6 at time 110 ms
New incumbent 7 at time 280 ms
Upper bound: 46
New incumbent 8 at time 370 ms
New incumbent 9 at time 702 ms
New incumbent 10 at time 703 ms
New incumbent 11 at time 703 ms
Upper bound: 45
New incumbent 12 at time 1007 ms
New incumbent 13 at time 1007 ms
New incumbent 14 at time 1007 ms
New incumbent 15 at time 1010 ms
New incumbent 16 at time 2099 ms
New incumbent 17 at time 2574 ms
New incumbent 18 at time 2574 ms
Upper bound: 44
Solution size 18
(0 -> 116) (5 -> 121) (6 -> 109) (8 -> 120) (10 -> 82) (14 -> 94) (15 -> 41) (18 -> 57) (20 -> 52) (21 -> 15) (25 -> 59) (32 -> 25) (35 -> 115) (36 -> 34) (37 -> 47) (41 -> 111) (42 -> 127) (45 -> 5) 
Peak nogood count:                  0
Final nogood count:                 0
Nodes:                              455269878
Time of last incumbent update (ms): 2574
CPU time (ms):                      1000000
TIMEOUT
Summary:
TIMEOUT 0 0 455269878 2574 1000000
