New incumbent 1 at time 24 ms
Upper bound: 49
Upper bound: 48
New incumbent 2 at time 76 ms
Upper bound: 47
Upper bound: 46
Upper bound: 45
New incumbent 3 at time 182 ms
Upper bound: 44
New incumbent 4 at time 208 ms
New incumbent 5 at time 225 ms
New incumbent 6 at time 225 ms
New incumbent 7 at time 226 ms
New incumbent 8 at time 244 ms
New incumbent 9 at time 244 ms
New incumbent 10 at time 244 ms
New incumbent 11 at time 244 ms
New incumbent 12 at time 244 ms
New incumbent 13 at time 244 ms
New incumbent 14 at time 244 ms
New incumbent 15 at time 244 ms
Upper bound: 43
New incumbent 16 at time 14981 ms
New incumbent 17 at time 14981 ms
Solution size 17
(2 -> 451) (5 -> 509) (7 -> 60) (11 -> 284) (13 -> 217) (18 -> 202) (19 -> 151) (24 -> 258) (32 -> 122) (33 -> 554) (34 -> 525) (36 -> 153) (37 -> 159) (42 -> 43) (43 -> 495) (45 -> 162) (46 -> 0) 
Peak nogood count:                  0
Final nogood count:                 0
Nodes:                              86745117
Time of last incumbent update (ms): 14981
CPU time (ms):                      1000001
TIMEOUT
Summary:
TIMEOUT 0 0 86745117 14981 1000001
