New incumbent 1 at time 98 ms
Upper bound: 52
Upper bound: 51
Upper bound: 50
Upper bound: 49
New incumbent 2 at time 529 ms
New incumbent 3 at time 530 ms
Upper bound: 48
New incumbent 4 at time 6028 ms
Upper bound: 47
New incumbent 5 at time 34710 ms
Upper bound: 46
New incumbent 6 at time 110228 ms
New incumbent 7 at time 283230 ms
New incumbent 8 at time 283230 ms
New incumbent 9 at time 283230 ms
New incumbent 10 at time 283478 ms
Upper bound: 45
Solution size 10
(2 -> 8) (9 -> 59) (10 -> 1) (18 -> 6) (21 -> 2) (29 -> 4) (31 -> 15) (35 -> 46) (36 -> 17) (49 -> 3) 
Peak nogood count:                  0
Final nogood count:                 0
Nodes:                              43616400
Time of last incumbent update (ms): 283478
CPU time (ms):                      1000005
TIMEOUT
Summary:
TIMEOUT 0 0 43616400 283478 1000005
