New incumbent 1 at time 2175 ms
New incumbent 2 at time 2176 ms
New incumbent 3 at time 2176 ms
New incumbent 4 at time 2283 ms
Upper bound: 52
Upper bound: 51
New incumbent 5 at time 7995 ms
Upper bound: 50
New incumbent 6 at time 17312 ms
Upper bound: 49
New incumbent 7 at time 35400 ms
New incumbent 8 at time 35401 ms
Upper bound: 48
Upper bound: 47
New incumbent 9 at time 183843 ms
New incumbent 10 at time 192663 ms
Upper bound: 46
Upper bound: 45
New incumbent 11 at time 797735 ms
Solution size 11
(1 -> 2784) (3 -> 2267) (21 -> 4355) (22 -> 4172) (29 -> 4441) (35 -> 4337) (37 -> 4739) (44 -> 4909) (45 -> 4456) (49 -> 732) (51 -> 4331) 
Peak nogood count:                  0
Final nogood count:                 0
Nodes:                              10545517
Time of last incumbent update (ms): 797735
CPU time (ms):                      1000035
TIMEOUT
Summary:
TIMEOUT 0 0 10545517 797735 1000035
