New incumbent 1 at time 159 ms
New incumbent 2 at time 160 ms
New incumbent 3 at time 160 ms
New incumbent 4 at time 160 ms
New incumbent 5 at time 160 ms
New incumbent 6 at time 161 ms
New incumbent 7 at time 161 ms
New incumbent 8 at time 167 ms
Upper bound: 63
New incumbent 9 at time 652 ms
New incumbent 10 at time 652 ms
New incumbent 11 at time 817 ms
New incumbent 12 at time 1017 ms
New incumbent 13 at time 1308 ms
New incumbent 14 at time 1511 ms
Upper bound: 62
New incumbent 15 at time 2628 ms
New incumbent 16 at time 4232 ms
Upper bound: 61
New incumbent 17 at time 21760 ms
New incumbent 18 at time 25882 ms
New incumbent 19 at time 25882 ms
New incumbent 20 at time 25889 ms
New incumbent 21 at time 25890 ms
Upper bound: 60
New incumbent 22 at time 360055 ms
Solution size 22
(0 -> 1352) (1 -> 931) (2 -> 1958) (3 -> 1652) (4 -> 568) (5 -> 703) (6 -> 1998) (7 -> 180) (8 -> 1923) (9 -> 1220) (10 -> 663) (12 -> 1762) (13 -> 1871) (14 -> 1345) (15 -> 1209) (16 -> 1653) (18 -> 142) (19 -> 633) (21 -> 1421) (23 -> 158) (24 -> 1005) (26 -> 92) 
Peak nogood count:                  0
Final nogood count:                 0
Nodes:                              30194735
Time of last incumbent update (ms): 360055
CPU time (ms):                      1000008
TIMEOUT
Summary:
TIMEOUT 0 0 30194735 360055 1000008
