New incumbent 1 at time 54 ms
New incumbent 2 at time 54 ms
New incumbent 3 at time 54 ms
New incumbent 4 at time 54 ms
New incumbent 5 at time 54 ms
New incumbent 6 at time 54 ms
New incumbent 7 at time 54 ms
New incumbent 8 at time 55 ms
New incumbent 9 at time 55 ms
New incumbent 10 at time 55 ms
New incumbent 11 at time 55 ms
New incumbent 12 at time 55 ms
New incumbent 13 at time 55 ms
New incumbent 14 at time 55 ms
New incumbent 15 at time 55 ms
New incumbent 16 at time 55 ms
New incumbent 17 at time 55 ms
New incumbent 18 at time 55 ms
New incumbent 19 at time 55 ms
New incumbent 20 at time 55 ms
New incumbent 21 at time 55 ms
New incumbent 22 at time 55 ms
New incumbent 23 at time 55 ms
New incumbent 24 at time 55 ms
New incumbent 25 at time 56 ms
New incumbent 26 at time 56 ms
New incumbent 27 at time 56 ms
New incumbent 28 at time 56 ms
New incumbent 29 at time 56 ms
New incumbent 30 at time 57 ms
New incumbent 31 at time 58 ms
New incumbent 32 at time 73 ms
New incumbent 33 at time 129 ms
New incumbent 34 at time 422 ms
Solution size 34
(0 -> 0) (1 -> 7) (2 -> 9) (3 -> 2) (4 -> 106) (5 -> 866) (6 -> 609) (7 -> 832) (8 -> 13) (9 -> 10) (10 -> 4) (11 -> 15) (12 -> 367) (13 -> 1006) (14 -> 877) (15 -> 777) (16 -> 57) (17 -> 122) (18 -> 116) (19 -> 87) (20 -> 126) (21 -> 830) (22 -> 821) (23 -> 827) (29 -> 694) (30 -> 818) (37 -> 434) (38 -> 688) (56 -> 388) (57 -> 903) (58 -> 905) (59 -> 650) (60 -> 1002) (63 -> 897) 
Peak nogood count:                  0
Final nogood count:                 0
Nodes:                              101040295
Time of last incumbent update (ms): 422
CPU time (ms):                      1000005
TIMEOUT
Summary:
TIMEOUT 0 0 101040295 422 1000005
