New incumbent 1 at time 6 ms
New incumbent 2 at time 6 ms
New incumbent 3 at time 6 ms
Upper bound: 63
Upper bound: 62
New incumbent 4 at time 365 ms
Upper bound: 61
Upper bound: 60
New incumbent 5 at time 3366 ms
Upper bound: 59
New incumbent 6 at time 26091 ms
Upper bound: 58
New incumbent 7 at time 161259 ms
Solution size 7
(0 -> 45) (1 -> 73) (2 -> 76) (4 -> 58) (10 -> 40) (11 -> 2) (12 -> 21) 
Peak nogood count:                  0
Final nogood count:                 0
Nodes:                              210891954
Time of last incumbent update (ms): 161259
CPU time (ms):                      1000000
TIMEOUT
Summary:
TIMEOUT 0 0 210891954 161259 1000000
