New incumbent 1 at time 17 ms
New incumbent 2 at time 17 ms
Upper bound: 66
New incumbent 3 at time 28 ms
Upper bound: 65
New incumbent 4 at time 48 ms
Upper bound: 64
New incumbent 5 at time 83 ms
New incumbent 6 at time 83 ms
New incumbent 7 at time 83 ms
Upper bound: 63
New incumbent 8 at time 150 ms
New incumbent 9 at time 150 ms
Upper bound: 62
New incumbent 10 at time 351 ms
Upper bound: 61
New incumbent 11 at time 2088 ms
Upper bound: 60
New incumbent 12 at time 13916 ms
Upper bound: 59
New incumbent 13 at time 69649 ms
New incumbent 14 at time 78438 ms
New incumbent 15 at time 78438 ms
Upper bound: 58
New incumbent 16 at time 403540 ms
Upper bound: 57
Solution size 16
(2 -> 151) (3 -> 284) (8 -> 554) (10 -> 548) (11 -> 495) (14 -> 164) (23 -> 399) (28 -> 202) (30 -> 527) (32 -> 446) (35 -> 60) (42 -> 149) (46 -> 525) (50 -> 43) (51 -> 258) (53 -> 217) 
Peak nogood count:                  0
Final nogood count:                 0
Nodes:                              88349638
Time of last incumbent update (ms): 403540
CPU time (ms):                      1000002
TIMEOUT
Summary:
TIMEOUT 0 0 88349638 403540 1000002
