New incumbent 1 at time 1072 ms
New incumbent 2 at time 1072 ms
Upper bound: 74
Upper bound: 73
Upper bound: 72
Upper bound: 71
Upper bound: 70
Upper bound: 69
Upper bound: 68
New incumbent 3 at time 475544 ms
New incumbent 4 at time 475544 ms
New incumbent 5 at time 481567 ms
Solution size 5
(21 -> 3900) (23 -> 3857) (49 -> 4033) (52 -> 3947) (68 -> 4038) 
Peak nogood count:                  0
Final nogood count:                 0
Nodes:                              11795017
Time of last incumbent update (ms): 481567
CPU time (ms):                      1000031
TIMEOUT
Summary:
TIMEOUT 0 0 11795017 481567 1000031
