New incumbent 1 at time 52 ms
New incumbent 2 at time 52 ms
Upper bound: 85
Upper bound: 84
Upper bound: 83
Upper bound: 82
Upper bound: 81
Upper bound: 80
Upper bound: 79
Upper bound: 78
Upper bound: 77
New incumbent 3 at time 560201 ms
Solution size 3
(12 -> 11) (32 -> 0) (56 -> 7) 
Peak nogood count:                  0
Final nogood count:                 0
Nodes:                              45066235
Time of last incumbent update (ms): 560201
CPU time (ms):                      1000005
TIMEOUT
Summary:
TIMEOUT 0 0 45066235 560201 1000005
