New incumbent 1 at time 51 ms
Upper bound: 85
Upper bound: 84
Upper bound: 83
Upper bound: 82
Upper bound: 81
Upper bound: 80
Upper bound: 79
Upper bound: 78
Upper bound: 77
Upper bound: 76
Upper bound: 75
Upper bound: 74
New incumbent 2 at time 2406 ms
New incumbent 3 at time 2406 ms
New incumbent 4 at time 2407 ms
Upper bound: 73
New incumbent 5 at time 2641 ms
New incumbent 6 at time 2642 ms
New incumbent 7 at time 2642 ms
Upper bound: 72
New incumbent 8 at time 2904 ms
Upper bound: 71
New incumbent 9 at time 6013 ms
Upper bound: 70
New incumbent 10 at time 189248 ms
New incumbent 11 at time 360043 ms
New incumbent 12 at time 360043 ms
New incumbent 13 at time 360043 ms
Upper bound: 69
Solution size 13
(2 -> 225) (6 -> 574) (18 -> 815) (19 -> 850) (26 -> 291) (49 -> 417) (50 -> 349) (53 -> 35) (58 -> 747) (67 -> 276) (68 -> 312) (69 -> 608) (77 -> 231) 
Peak nogood count:                  0
Final nogood count:                 0
Nodes:                              52659970
Time of last incumbent update (ms): 360043
CPU time (ms):                      1000004
TIMEOUT
Summary:
TIMEOUT 0 0 52659970 360043 1000004
