Upper bound: 99
Upper bound: 98
Upper bound: 97
Upper bound: 96
Upper bound: 95
Upper bound: 94
Upper bound: 93
Upper bound: 92
New incumbent 1 at time 1590 ms
Upper bound: 91
New incumbent 2 at time 2455 ms
New incumbent 3 at time 2458 ms
Upper bound: 90
Upper bound: 89
Upper bound: 88
Upper bound: 87
Upper bound: 86
New incumbent 4 at time 13025 ms
Upper bound: 85
Upper bound: 84
New incumbent 5 at time 31145 ms
Upper bound: 83
Upper bound: 82
Upper bound: 81
Upper bound: 80
New incumbent 6 at time 341862 ms
Upper bound: 79
Solution size 6
(24 -> 1521) (25 -> 1820) (47 -> 1595) (65 -> 1422) (78 -> 1043) (86 -> 2655) 
Peak nogood count:                  0
Final nogood count:                 0
Nodes:                              14975770
Time of last incumbent update (ms): 341862
CPU time (ms):                      1000031
TIMEOUT
Summary:
TIMEOUT 0 0 14975770 341862 1000031
