New incumbent 1 at time 936 ms
New incumbent 2 at time 936 ms
New incumbent 3 at time 936 ms
Upper bound: 100
New incumbent 4 at time 2013 ms
Upper bound: 99
New incumbent 5 at time 6494 ms
New incumbent 6 at time 12639 ms
Upper bound: 98
New incumbent 7 at time 23686 ms
New incumbent 8 at time 67099 ms
New incumbent 9 at time 67099 ms
Upper bound: 97
New incumbent 10 at time 310278 ms
New incumbent 11 at time 310982 ms
Upper bound: 96
Solution size 11
(0 -> 1769) (12 -> 1570) (20 -> 2693) (39 -> 1242) (51 -> 1487) (58 -> 2656) (59 -> 2255) (65 -> 1795) (68 -> 1220) (84 -> 4631) (90 -> 248) 
Peak nogood count:                  0
Final nogood count:                 0
Nodes:                              13358965
Time of last incumbent update (ms): 310982
CPU time (ms):                      1000047
TIMEOUT
Summary:
TIMEOUT 0 0 13358965 310982 1000047
