New incumbent 1 at time 3 ms
New incumbent 2 at time 3 ms
New incumbent 3 at time 4 ms
New incumbent 4 at time 4 ms
New incumbent 5 at time 9 ms
Upper bound: 100
New incumbent 6 at time 88 ms
New incumbent 7 at time 89 ms
Upper bound: 99
New incumbent 8 at time 369 ms
New incumbent 9 at time 369 ms
Upper bound: 98
New incumbent 10 at time 600 ms
Upper bound: 97
New incumbent 11 at time 2099 ms
Upper bound: 96
New incumbent 12 at time 8113 ms
New incumbent 13 at time 23685 ms
Upper bound: 95
New incumbent 14 at time 102241 ms
Upper bound: 94
New incumbent 15 at time 282924 ms
Upper bound: 93
Solution size 15
(15 -> 28) (22 -> 50) (25 -> 31) (27 -> 32) (38 -> 15) (46 -> 64) (52 -> 38) (56 -> 33) (63 -> 34) (65 -> 111) (73 -> 98) (80 -> 124) (82 -> 6) (87 -> 13) (100 -> 119) 
Peak nogood count:                  0
Final nogood count:                 0
Nodes:                              199306135
Time of last incumbent update (ms): 282924
CPU time (ms):                      1000000
TIMEOUT
Summary:
TIMEOUT 0 0 199306135 282924 1000000
