New incumbent 1 at time 5 ms
New incumbent 2 at time 6 ms
Upper bound: 119
Upper bound: 118
New incumbent 3 at time 13 ms
Upper bound: 117
New incumbent 4 at time 25 ms
Upper bound: 116
Upper bound: 115
New incumbent 5 at time 211 ms
Upper bound: 114
Upper bound: 113
New incumbent 6 at time 952 ms
Upper bound: 112
Upper bound: 111
New incumbent 7 at time 4674 ms
Upper bound: 110
New incumbent 8 at time 9686 ms
Upper bound: 109
New incumbent 9 at time 23876 ms
Upper bound: 108
New incumbent 10 at time 81662 ms
Upper bound: 107
New incumbent 11 at time 291580 ms
Upper bound: 106
Solution size 11
(6 -> 5) (9 -> 59) (16 -> 100) (20 -> 53) (32 -> 114) (47 -> 29) (63 -> 86) (74 -> 1) (100 -> 115) (109 -> 35) (119 -> 13) 
Peak nogood count:                  0
Final nogood count:                 0
Nodes:                              198928561
Time of last incumbent update (ms): 291580
CPU time (ms):                      1000000
TIMEOUT
Summary:
TIMEOUT 0 0 198928561 291580 1000000
