New incumbent 1 at time 60 ms
Upper bound: 127
Upper bound: 126
Upper bound: 125
Upper bound: 124
Upper bound: 123
Upper bound: 122
Upper bound: 121
New incumbent 2 at time 835 ms
Upper bound: 120
New incumbent 3 at time 1543 ms
New incumbent 4 at time 1544 ms
New incumbent 5 at time 1544 ms
Upper bound: 119
New incumbent 6 at time 6688 ms
Upper bound: 118
New incumbent 7 at time 23991 ms
New incumbent 8 at time 83769 ms
Upper bound: 117
Solution size 8
(11 -> 553) (46 -> 496) (55 -> 377) (56 -> 872) (71 -> 669) (94 -> 1011) (118 -> 38) (119 -> 380) 
Peak nogood count:                  0
Final nogood count:                 0
Nodes:                              44809453
Time of last incumbent update (ms): 83769
CPU time (ms):                      1000007
TIMEOUT
Summary:
TIMEOUT 0 0 44809453 83769 1000007
