New incumbent 1 at time 4 ms
New incumbent 2 at time 4 ms
Upper bound: 127
Upper bound: 126
New incumbent 3 at time 10 ms
Upper bound: 125
New incumbent 4 at time 21 ms
Upper bound: 124
New incumbent 5 at time 51 ms
Upper bound: 123
New incumbent 6 at time 131 ms
Upper bound: 122
New incumbent 7 at time 242 ms
Upper bound: 121
New incumbent 8 at time 601 ms
New incumbent 9 at time 675 ms
New incumbent 10 at time 675 ms
Upper bound: 120
Upper bound: 119
New incumbent 11 at time 161857 ms
Solution size 11
(3 -> 70) (8 -> 105) (14 -> 69) (17 -> 88) (20 -> 5) (25 -> 12) (39 -> 22) (53 -> 102) (76 -> 121) (103 -> 55) (123 -> 59) 
Peak nogood count:                  0
Final nogood count:                 0
Nodes:                              188384593
Time of last incumbent update (ms): 161857
CPU time (ms):                      1000001
TIMEOUT
Summary:
TIMEOUT 0 0 188384593 161857 1000001
