New incumbent 1 at time 1127 ms
New incumbent 2 at time 1127 ms
Upper bound: 127
Upper bound: 126
Upper bound: 125
Upper bound: 124
New incumbent 3 at time 32946 ms
Upper bound: 123
Upper bound: 122
New incumbent 4 at time 198147 ms
Upper bound: 121
Solution size 4
(24 -> 3984) (32 -> 3977) (68 -> 3980) (100 -> 3724) 
Peak nogood count:                  0
Final nogood count:                 0
Nodes:                              11460341
Time of last incumbent update (ms): 198147
CPU time (ms):                      1000045
TIMEOUT
Summary:
TIMEOUT 0 0 11460341 198147 1000045
