New incumbent 1 at time 20 ms
New incumbent 2 at time 21 ms
Upper bound: 10
New incumbent 3 at time 54 ms
New incumbent 4 at time 54 ms
New incumbent 5 at time 54 ms
New incumbent 6 at time 54 ms
New incumbent 7 at time 54 ms
New incumbent 8 at time 54 ms
New incumbent 9 at time 54 ms
New incumbent 10 at time 54 ms
Solution size 10
(1 -> 225) (2 -> 30) (3 -> 372) (4 -> 359) (5 -> 434) (6 -> 431) (7 -> 438) (8 -> 439) (9 -> 223) (10 -> 226) 
Peak nogood count:                  0
Final nogood count:                 0
Nodes:                              8475
Time of last incumbent update (ms): 54
CPU time (ms):                      54
Summary:
COMPLETED 0 0 8475 54 54
