New incumbent 1 at time 39 ms
Upper bound: 18
Upper bound: 17
New incumbent 2 at time 162 ms
Upper bound: 16
New incumbent 3 at time 293 ms
New incumbent 4 at time 293 ms
New incumbent 5 at time 293 ms
New incumbent 6 at time 293 ms
New incumbent 7 at time 293 ms
New incumbent 8 at time 293 ms
New incumbent 9 at time 293 ms
New incumbent 10 at time 293 ms
New incumbent 11 at time 294 ms
Solution size 11
(2 -> 2) (3 -> 719) (4 -> 917) (5 -> 383) (6 -> 1) (7 -> 330) (9 -> 132) (10 -> 566) (11 -> 611) (15 -> 3) (17 -> 548) 
Peak nogood count:                  0
Final nogood count:                 0
Nodes:                              54072209
Time of last incumbent update (ms): 294
CPU time (ms):                      1000001
TIMEOUT
Summary:
TIMEOUT 0 0 54072209 294 1000001
