New incumbent 1 at time 1 ms
New incumbent 2 at time 1 ms
New incumbent 3 at time 1 ms
Upper bound: 19
Upper bound: 18
Upper bound: 17
Upper bound: 16
New incumbent 4 at time 67 ms
Upper bound: 15
Upper bound: 14
Upper bound: 13
Upper bound: 12
Upper bound: 11
New incumbent 5 at time 820 ms
New incumbent 6 at time 820 ms
New incumbent 7 at time 821 ms
New incumbent 8 at time 821 ms
New incumbent 9 at time 821 ms
New incumbent 10 at time 821 ms
New incumbent 11 at time 821 ms
Solution size 11
(0 -> 36) (10 -> 71) (11 -> 2) (12 -> 58) (13 -> 13) (14 -> 34) (15 -> 9) (16 -> 42) (17 -> 30) (18 -> 52) (19 -> 60) 
Peak nogood count:                  0
Final nogood count:                 0
Nodes:                              333457
Time of last incumbent update (ms): 821
CPU time (ms):                      821
Summary:
COMPLETED 0 0 333457 821 821
