New incumbent 1 at time 1 ms
New incumbent 2 at time 2 ms
New incumbent 3 at time 2 ms
Upper bound: 19
Upper bound: 18
Upper bound: 17
Upper bound: 16
Upper bound: 15
Upper bound: 14
Upper bound: 13
New incumbent 4 at time 864 ms
Upper bound: 12
Upper bound: 11
New incumbent 5 at time 2047 ms
New incumbent 6 at time 2047 ms
New incumbent 7 at time 2047 ms
New incumbent 8 at time 2047 ms
New incumbent 9 at time 2047 ms
New incumbent 10 at time 2047 ms
New incumbent 11 at time 2047 ms
Solution size 11
(0 -> 17) (1 -> 53) (2 -> 60) (3 -> 29) (4 -> 105) (5 -> 92) (6 -> 36) (7 -> 108) (8 -> 46) (9 -> 121) (10 -> 94) 
Peak nogood count:                  0
Final nogood count:                 0
Nodes:                              915174
Time of last incumbent update (ms): 2047
CPU time (ms):                      2047
Summary:
COMPLETED 0 0 915174 2047 2047
