New incumbent 1 at time 0 ms
New incumbent 2 at time 0 ms
Upper bound: 29
New incumbent 3 at time 1 ms
New incumbent 4 at time 1 ms
Upper bound: 28
New incumbent 5 at time 8 ms
New incumbent 6 at time 9 ms
Upper bound: 27
New incumbent 7 at time 51 ms
New incumbent 8 at time 51 ms
Upper bound: 26
New incumbent 9 at time 235 ms
New incumbent 10 at time 496 ms
Upper bound: 25
New incumbent 11 at time 1151 ms
New incumbent 12 at time 1151 ms
Upper bound: 24
New incumbent 13 at time 4489 ms
New incumbent 14 at time 8119 ms
New incumbent 15 at time 8123 ms
Upper bound: 23
New incumbent 16 at time 16951 ms
New incumbent 17 at time 21607 ms
Upper bound: 22
New incumbent 18 at time 90784 ms
New incumbent 19 at time 111666 ms
New incumbent 20 at time 113047 ms
New incumbent 21 at time 113047 ms
Upper bound: 21
Solution size 21
(0 -> 8) (1 -> 35) (2 -> 39) (3 -> 27) (4 -> 7) (6 -> 11) (7 -> 33) (8 -> 30) (9 -> 29) (11 -> 1) (12 -> 17) (13 -> 5) (14 -> 12) (15 -> 40) (17 -> 3) (19 -> 22) (23 -> 13) (24 -> 6) (26 -> 41) (27 -> 21) (28 -> 0) 
Peak nogood count:                  0
Final nogood count:                 0
Nodes:                              274839849
Time of last incumbent update (ms): 113047
CPU time (ms):                      631200
Summary:
COMPLETED 0 0 274839849 113047 631200
