New incumbent 1 at time 1 ms
New incumbent 2 at time 1 ms
New incumbent 3 at time 1 ms
New incumbent 4 at time 1 ms
New incumbent 5 at time 3 ms
New incumbent 6 at time 3 ms
Upper bound: 29
New incumbent 7 at time 40 ms
New incumbent 8 at time 40 ms
New incumbent 9 at time 40 ms
New incumbent 10 at time 40 ms
New incumbent 11 at time 40 ms
New incumbent 12 at time 41 ms
Upper bound: 28
New incumbent 13 at time 156 ms
Upper bound: 27
New incumbent 14 at time 606 ms
Upper bound: 26
Upper bound: 25
New incumbent 15 at time 8272 ms
New incumbent 16 at time 11853 ms
New incumbent 17 at time 23953 ms
New incumbent 18 at time 32676 ms
New incumbent 19 at time 32676 ms
Upper bound: 24
New incumbent 20 at time 235768 ms
New incumbent 21 at time 235768 ms
New incumbent 22 at time 588534 ms
Upper bound: 23
Solution size 22
(1 -> 84) (3 -> 76) (5 -> 77) (7 -> 98) (8 -> 117) (10 -> 132) (11 -> 44) (12 -> 48) (14 -> 69) (16 -> 80) (17 -> 105) (18 -> 53) (19 -> 136) (20 -> 52) (21 -> 19) (22 -> 107) (23 -> 99) (24 -> 126) (25 -> 6) (26 -> 67) (28 -> 63) (29 -> 28) 
Peak nogood count:                  0
Final nogood count:                 0
Nodes:                              333326471
Time of last incumbent update (ms): 588534
CPU time (ms):                      1000000
TIMEOUT
Summary:
TIMEOUT 0 0 333326471 588534 1000000
