New incumbent 1 at time 10 ms
New incumbent 2 at time 10 ms
New incumbent 3 at time 10 ms
New incumbent 4 at time 10 ms
New incumbent 5 at time 10 ms
New incumbent 6 at time 11 ms
New incumbent 7 at time 11 ms
New incumbent 8 at time 11 ms
Upper bound: 36
New incumbent 9 at time 196458 ms
New incumbent 10 at time 196458 ms
New incumbent 11 at time 196458 ms
New incumbent 12 at time 197985 ms
Solution size 12
(0 -> 0) (2 -> 259) (4 -> 25) (7 -> 61) (8 -> 1) (9 -> 3) (10 -> 24) (13 -> 131) (17 -> 11) (21 -> 6) (23 -> 46) (30 -> 26) 
Peak nogood count:                  0
Final nogood count:                 0
Nodes:                              121519629
Time of last incumbent update (ms): 197985
CPU time (ms):                      1000001
TIMEOUT
Summary:
TIMEOUT 0 0 121519629 197985 1000001
