New incumbent 1 at time 1 ms
New incumbent 2 at time 2 ms
New incumbent 3 at time 2 ms
New incumbent 4 at time 2 ms
New incumbent 5 at time 2 ms
New incumbent 6 at time 2 ms
New incumbent 7 at time 2 ms
New incumbent 8 at time 2 ms
New incumbent 9 at time 23903 ms
Upper bound: 29
Solution size 9
(3 -> 115) (4 -> 3) (6 -> 93) (8 -> 52) (12 -> 119) (16 -> 125) (17 -> 79) (19 -> 36) (25 -> 62) 
Peak nogood count:                  0
Final nogood count:                 0
Nodes:                              131633462
Time of last incumbent update (ms): 23903
CPU time (ms):                      1000000
TIMEOUT
Summary:
TIMEOUT 0 0 131633462 23903 1000000
