New incumbent 1 at time 6 ms
New incumbent 2 at time 6 ms
New incumbent 3 at time 6 ms
New incumbent 4 at time 6 ms
New incumbent 5 at time 6 ms
New incumbent 6 at time 6 ms
New incumbent 7 at time 6 ms
New incumbent 8 at time 6 ms
New incumbent 9 at time 6 ms
New incumbent 10 at time 6 ms
New incumbent 11 at time 6 ms
New incumbent 12 at time 6 ms
New incumbent 13 at time 6 ms
New incumbent 14 at time 6 ms
New incumbent 15 at time 6 ms
New incumbent 16 at time 6 ms
New incumbent 17 at time 6 ms
New incumbent 18 at time 6 ms
New incumbent 19 at time 6 ms
New incumbent 20 at time 6 ms
New incumbent 21 at time 6 ms
New incumbent 22 at time 6 ms
New incumbent 23 at time 6 ms
New incumbent 24 at time 6 ms
New incumbent 25 at time 6 ms
New incumbent 26 at time 6 ms
New incumbent 27 at time 6 ms
New incumbent 28 at time 6 ms
New incumbent 29 at time 6 ms
New incumbent 30 at time 6 ms
New incumbent 31 at time 6 ms
New incumbent 32 at time 6 ms
New incumbent 33 at time 6 ms
New incumbent 34 at time 6 ms
New incumbent 35 at time 7 ms
New incumbent 36 at time 7 ms
New incumbent 37 at time 7 ms
New incumbent 38 at time 7 ms
New incumbent 39 at time 7 ms
New incumbent 40 at time 7 ms
New incumbent 41 at time 7 ms
New incumbent 42 at time 7 ms
New incumbent 43 at time 7 ms
New incumbent 44 at time 7 ms
New incumbent 45 at time 7 ms
New incumbent 46 at time 7 ms
New incumbent 47 at time 7 ms
New incumbent 48 at time 7 ms
New incumbent 49 at time 7 ms
New incumbent 50 at time 7 ms
New incumbent 51 at time 7 ms
Solution size 51
(0 -> 213) (1 -> 1) (2 -> 215) (3 -> 94) (4 -> 193) (5 -> 73) (6 -> 93) (7 -> 9) (8 -> 104) (9 -> 103) (10 -> 237) (11 -> 126) (12 -> 196) (13 -> 182) (14 -> 14) (15 -> 78) (16 -> 249) (17 -> 191) (18 -> 166) (19 -> 246) (20 -> 60) (21 -> 168) (22 -> 25) (23 -> 159) (24 -> 201) (25 -> 8) (26 -> 79) (27 -> 153) (28 -> 29) (29 -> 245) (30 -> 160) (31 -> 128) (32 -> 192) (33 -> 52) (34 -> 224) (35 -> 162) (36 -> 80) (37 -> 51) (38 -> 255) (39 -> 39) (40 -> 7) (41 -> 62) (42 -> 197) (43 -> 218) (44 -> 32) (45 -> 180) (46 -> 101) (47 -> 15) (48 -> 83) (49 -> 205) (50 -> 45) 
Peak nogood count:                  0
Final nogood count:                 0
Nodes:                              66
Time of last incumbent update (ms): 7
CPU time (ms):                      8
Summary:
COMPLETED 0 0 66 7 8
