New incumbent 1 at time 49 ms
New incumbent 2 at time 49 ms
New incumbent 3 at time 49 ms
New incumbent 4 at time 49 ms
New incumbent 5 at time 49 ms
New incumbent 6 at time 49 ms
New incumbent 7 at time 49 ms
New incumbent 8 at time 49 ms
New incumbent 9 at time 49 ms
New incumbent 10 at time 49 ms
New incumbent 11 at time 49 ms
New incumbent 12 at time 49 ms
New incumbent 13 at time 49 ms
New incumbent 14 at time 49 ms
New incumbent 15 at time 49 ms
New incumbent 16 at time 49 ms
New incumbent 17 at time 49 ms
New incumbent 18 at time 49 ms
New incumbent 19 at time 49 ms
New incumbent 20 at time 49 ms
New incumbent 21 at time 49 ms
New incumbent 22 at time 50 ms
New incumbent 23 at time 50 ms
New incumbent 24 at time 50 ms
New incumbent 25 at time 50 ms
New incumbent 26 at time 50 ms
New incumbent 27 at time 50 ms
New incumbent 28 at time 50 ms
New incumbent 29 at time 50 ms
New incumbent 30 at time 50 ms
New incumbent 31 at time 50 ms
New incumbent 32 at time 50 ms
New incumbent 33 at time 50 ms
New incumbent 34 at time 50 ms
New incumbent 35 at time 50 ms
New incumbent 36 at time 50 ms
New incumbent 37 at time 50 ms
New incumbent 38 at time 50 ms
New incumbent 39 at time 50 ms
New incumbent 40 at time 50 ms
New incumbent 41 at time 50 ms
New incumbent 42 at time 51 ms
New incumbent 43 at time 51 ms
New incumbent 44 at time 51 ms
New incumbent 45 at time 51 ms
New incumbent 46 at time 51 ms
New incumbent 47 at time 51 ms
New incumbent 48 at time 51 ms
New incumbent 49 at time 51 ms
New incumbent 50 at time 51 ms
New incumbent 51 at time 51 ms
New incumbent 52 at time 51 ms
New incumbent 53 at time 51 ms
New incumbent 54 at time 51 ms
New incumbent 55 at time 51 ms
New incumbent 56 at time 51 ms
New incumbent 57 at time 51 ms
New incumbent 58 at time 51 ms
New incumbent 59 at time 51 ms
New incumbent 60 at time 51 ms
New incumbent 61 at time 51 ms
New incumbent 62 at time 51 ms
New incumbent 63 at time 52 ms
New incumbent 64 at time 52 ms
New incumbent 65 at time 52 ms
New incumbent 66 at time 52 ms
New incumbent 67 at time 52 ms
New incumbent 68 at time 52 ms
New incumbent 69 at time 52 ms
New incumbent 70 at time 52 ms
New incumbent 71 at time 52 ms
New incumbent 72 at time 52 ms
New incumbent 73 at time 52 ms
New incumbent 74 at time 52 ms
New incumbent 75 at time 52 ms
New incumbent 76 at time 52 ms
New incumbent 77 at time 52 ms
New incumbent 78 at time 52 ms
New incumbent 79 at time 52 ms
New incumbent 80 at time 52 ms
New incumbent 81 at time 52 ms
New incumbent 82 at time 52 ms
New incumbent 83 at time 52 ms
New incumbent 84 at time 52 ms
New incumbent 85 at time 52 ms
New incumbent 86 at time 52 ms
New incumbent 87 at time 52 ms
New incumbent 88 at time 52 ms
New incumbent 89 at time 52 ms
New incumbent 90 at time 52 ms
New incumbent 91 at time 52 ms
New incumbent 92 at time 53 ms
New incumbent 93 at time 53 ms
New incumbent 94 at time 53 ms
New incumbent 95 at time 53 ms
New incumbent 96 at time 53 ms
New incumbent 97 at time 53 ms
New incumbent 98 at time 53 ms
New incumbent 99 at time 53 ms
New incumbent 100 at time 53 ms
New incumbent 101 at time 53 ms
New incumbent 102 at time 53 ms
New incumbent 103 at time 53 ms
New incumbent 104 at time 53 ms
New incumbent 105 at time 53 ms
New incumbent 106 at time 53 ms
New incumbent 107 at time 53 ms
New incumbent 108 at time 53 ms
New incumbent 109 at time 53 ms
New incumbent 110 at time 53 ms
New incumbent 111 at time 53 ms
New incumbent 112 at time 53 ms
New incumbent 113 at time 53 ms
New incumbent 114 at time 53 ms
New incumbent 115 at time 53 ms
New incumbent 116 at time 53 ms
New incumbent 117 at time 53 ms
New incumbent 118 at time 53 ms
New incumbent 119 at time 53 ms
New incumbent 120 at time 53 ms
New incumbent 121 at time 53 ms
New incumbent 122 at time 53 ms
New incumbent 123 at time 53 ms
New incumbent 124 at time 53 ms
New incumbent 125 at time 53 ms
Solution size 125
(0 -> 0) (1 -> 16) (2 -> 76) (3 -> 78) (4 -> 136) (5 -> 171) (6 -> 209) (7 -> 411) (8 -> 442) (9 -> 474) (10 -> 553) (11 -> 570) (12 -> 18) (13 -> 139) (14 -> 205) (15 -> 361) (16 -> 446) (17 -> 547) (18 -> 293) (19 -> 425) (20 -> 480) (21 -> 498) (22 -> 581) (23 -> 72) (24 -> 98) (25 -> 510) (26 -> 541) (27 -> 46) (28 -> 229) (29 -> 554) (30 -> 85) (31 -> 86) (32 -> 87) (33 -> 318) (34 -> 596) (35 -> 612) (36 -> 57) (37 -> 183) (38 -> 100) (39 -> 286) (40 -> 592) (41 -> 175) (42 -> 429) (43 -> 167) (44 -> 231) (45 -> 385) (46 -> 94) (47 -> 588) (48 -> 614) (49 -> 451) (50 -> 578) (51 -> 243) (52 -> 609) (53 -> 345) (54 -> 147) (55 -> 577) (56 -> 23) (57 -> 119) (58 -> 217) (59 -> 583) (60 -> 517) (61 -> 116) (62 -> 423) (63 -> 467) (64 -> 478) (65 -> 49) (66 -> 115) (67 -> 128) (68 -> 521) (69 -> 601) (70 -> 44) (71 -> 151) (72 -> 263) (73 -> 496) (74 -> 524) (75 -> 204) (76 -> 280) (77 -> 566) (78 -> 21) (79 -> 32) (80 -> 322) (81 -> 420) (82 -> 522) (83 -> 582) (84 -> 617) (85 -> 4) (86 -> 192) (87 -> 157) (88 -> 278) (89 -> 493) (90 -> 536) (91 -> 508) (92 -> 427) (93 -> 335) (94 -> 122) (95 -> 265) (96 -> 379) (97 -> 457) (98 -> 514) (99 -> 548) (100 -> 487) (101 -> 196) (102 -> 389) (103 -> 613) (104 -> 587) (105 -> 81) (106 -> 258) (107 -> 584) (108 -> 207) (109 -> 314) (110 -> 15) (111 -> 245) (112 -> 448) (113 -> 61) (114 -> 249) (115 -> 304) (116 -> 460) (117 -> 497) (118 -> 575) (119 -> 155) (120 -> 422) (121 -> 413) (122 -> 560) (123 -> 211) (124 -> 479) 
Peak nogood count:                  0
Final nogood count:                 0
Nodes:                              126
Time of last incumbent update (ms): 53
CPU time (ms):                      59
Summary:
COMPLETED 0 0 126 53 59
