New incumbent 1 at time 4 ms
New incumbent 2 at time 4 ms
New incumbent 3 at time 4 ms
New incumbent 4 at time 4 ms
New incumbent 5 at time 5 ms
New incumbent 6 at time 5 ms
New incumbent 7 at time 5 ms
New incumbent 8 at time 5 ms
New incumbent 9 at time 5 ms
New incumbent 10 at time 5 ms
New incumbent 11 at time 5 ms
New incumbent 12 at time 5 ms
New incumbent 13 at time 5 ms
New incumbent 14 at time 5 ms
New incumbent 15 at time 5 ms
New incumbent 16 at time 5 ms
New incumbent 17 at time 5 ms
New incumbent 18 at time 5 ms
New incumbent 19 at time 5 ms
New incumbent 20 at time 5 ms
New incumbent 21 at time 5 ms
New incumbent 22 at time 5 ms
New incumbent 23 at time 5 ms
New incumbent 24 at time 5 ms
New incumbent 25 at time 5 ms
New incumbent 26 at time 5 ms
New incumbent 27 at time 5 ms
New incumbent 28 at time 5 ms
New incumbent 29 at time 5 ms
New incumbent 30 at time 5 ms
New incumbent 31 at time 5 ms
New incumbent 32 at time 5 ms
New incumbent 33 at time 5 ms
New incumbent 34 at time 5 ms
New incumbent 35 at time 5 ms
New incumbent 36 at time 5 ms
New incumbent 37 at time 5 ms
New incumbent 38 at time 5 ms
New incumbent 39 at time 5 ms
New incumbent 40 at time 5 ms
New incumbent 41 at time 5 ms
New incumbent 42 at time 5 ms
New incumbent 43 at time 5 ms
New incumbent 44 at time 5 ms
New incumbent 45 at time 5 ms
New incumbent 46 at time 5 ms
New incumbent 47 at time 5 ms
New incumbent 48 at time 5 ms
New incumbent 49 at time 5 ms
New incumbent 50 at time 5 ms
New incumbent 51 at time 5 ms
New incumbent 52 at time 5 ms
New incumbent 53 at time 5 ms
New incumbent 54 at time 5 ms
New incumbent 55 at time 5 ms
New incumbent 56 at time 5 ms
New incumbent 57 at time 5 ms
New incumbent 58 at time 5 ms
New incumbent 59 at time 5 ms
New incumbent 60 at time 5 ms
New incumbent 61 at time 5 ms
New incumbent 62 at time 5 ms
New incumbent 63 at time 5 ms
New incumbent 64 at time 6 ms
New incumbent 65 at time 6 ms
New incumbent 66 at time 6 ms
New incumbent 67 at time 6 ms
New incumbent 68 at time 6 ms
New incumbent 69 at time 6 ms
New incumbent 70 at time 6 ms
New incumbent 71 at time 6 ms
New incumbent 72 at time 6 ms
New incumbent 73 at time 6 ms
New incumbent 74 at time 6 ms
New incumbent 75 at time 6 ms
New incumbent 76 at time 6 ms
New incumbent 77 at time 6 ms
New incumbent 78 at time 6 ms
New incumbent 79 at time 6 ms
New incumbent 80 at time 6 ms
Solution size 80
(0 -> 0) (1 -> 3) (2 -> 43) (3 -> 51) (4 -> 91) (5 -> 96) (6 -> 98) (7 -> 112) (8 -> 135) (9 -> 145) (10 -> 152) (11 -> 154) (12 -> 159) (13 -> 173) (14 -> 180) (15 -> 181) (16 -> 189) (17 -> 18) (18 -> 36) (19 -> 52) (20 -> 61) (21 -> 85) (22 -> 97) (23 -> 117) (24 -> 118) (25 -> 125) (26 -> 141) (27 -> 160) (28 -> 162) (29 -> 192) (30 -> 195) (31 -> 2) (32 -> 39) (33 -> 45) (34 -> 47) (35 -> 62) (36 -> 73) (37 -> 104) (38 -> 144) (39 -> 156) (40 -> 188) (41 -> 10) (42 -> 21) (43 -> 22) (44 -> 31) (45 -> 32) (46 -> 67) (47 -> 164) (48 -> 1) (49 -> 14) (50 -> 163) (51 -> 182) (52 -> 186) (53 -> 190) (54 -> 8) (55 -> 9) (56 -> 138) (57 -> 19) (58 -> 57) (59 -> 70) (60 -> 108) (61 -> 120) (62 -> 176) (63 -> 177) (64 -> 38) (65 -> 107) (66 -> 116) (67 -> 78) (68 -> 95) (69 -> 106) (70 -> 179) (71 -> 193) (72 -> 198) (73 -> 30) (74 -> 122) (75 -> 33) (76 -> 37) (77 -> 11) (78 -> 35) (79 -> 46) 
Peak nogood count:                  0
Final nogood count:                 0
Nodes:                              156
Time of last incumbent update (ms): 6
CPU time (ms):                      6
Summary:
COMPLETED 0 0 156 6 6
