New incumbent 1 at time 8 ms
New incumbent 2 at time 8 ms
New incumbent 3 at time 8 ms
New incumbent 4 at time 8 ms
New incumbent 5 at time 8 ms
New incumbent 6 at time 8 ms
New incumbent 7 at time 8 ms
New incumbent 8 at time 8 ms
New incumbent 9 at time 8 ms
New incumbent 10 at time 8 ms
New incumbent 11 at time 8 ms
New incumbent 12 at time 9 ms
New incumbent 13 at time 9 ms
New incumbent 14 at time 9 ms
New incumbent 15 at time 9 ms
New incumbent 16 at time 9 ms
New incumbent 17 at time 9 ms
New incumbent 18 at time 9 ms
New incumbent 19 at time 9 ms
New incumbent 20 at time 9 ms
New incumbent 21 at time 9 ms
New incumbent 22 at time 9 ms
New incumbent 23 at time 9 ms
New incumbent 24 at time 9 ms
New incumbent 25 at time 9 ms
New incumbent 26 at time 9 ms
New incumbent 27 at time 9 ms
New incumbent 28 at time 9 ms
New incumbent 29 at time 9 ms
New incumbent 30 at time 9 ms
New incumbent 31 at time 9 ms
New incumbent 32 at time 9 ms
New incumbent 33 at time 9 ms
New incumbent 34 at time 9 ms
New incumbent 35 at time 9 ms
New incumbent 36 at time 9 ms
New incumbent 37 at time 9 ms
New incumbent 38 at time 9 ms
New incumbent 39 at time 9 ms
New incumbent 40 at time 9 ms
New incumbent 41 at time 9 ms
New incumbent 42 at time 9 ms
New incumbent 43 at time 9 ms
New incumbent 44 at time 9 ms
New incumbent 45 at time 9 ms
New incumbent 46 at time 9 ms
New incumbent 47 at time 9 ms
New incumbent 48 at time 9 ms
New incumbent 49 at time 9 ms
New incumbent 50 at time 9 ms
New incumbent 51 at time 9 ms
New incumbent 52 at time 9 ms
New incumbent 53 at time 9 ms
New incumbent 54 at time 9 ms
New incumbent 55 at time 9 ms
New incumbent 56 at time 9 ms
New incumbent 57 at time 9 ms
New incumbent 58 at time 9 ms
New incumbent 59 at time 9 ms
New incumbent 60 at time 9 ms
New incumbent 61 at time 9 ms
New incumbent 62 at time 9 ms
New incumbent 63 at time 9 ms
New incumbent 64 at time 9 ms
New incumbent 65 at time 9 ms
New incumbent 66 at time 9 ms
New incumbent 67 at time 9 ms
New incumbent 68 at time 9 ms
New incumbent 69 at time 9 ms
New incumbent 70 at time 9 ms
New incumbent 71 at time 9 ms
New incumbent 72 at time 9 ms
New incumbent 73 at time 9 ms
New incumbent 74 at time 10 ms
New incumbent 75 at time 10 ms
New incumbent 76 at time 10 ms
New incumbent 77 at time 10 ms
New incumbent 78 at time 10 ms
New incumbent 79 at time 10 ms
New incumbent 80 at time 10 ms
Solution size 80
(0 -> 0) (1 -> 22) (2 -> 44) (3 -> 167) (4 -> 39) (5 -> 148) (6 -> 10) (7 -> 198) (8 -> 56) (9 -> 59) (10 -> 6) (11 -> 33) (12 -> 100) (13 -> 159) (14 -> 98) (15 -> 180) (16 -> 97) (17 -> 185) (18 -> 145) (19 -> 119) (20 -> 81) (21 -> 127) (22 -> 68) (23 -> 120) (24 -> 53) (25 -> 154) (26 -> 77) (27 -> 57) (28 -> 174) (29 -> 184) (30 -> 11) (31 -> 2) (32 -> 142) (33 -> 143) (34 -> 117) (35 -> 197) (36 -> 126) (37 -> 139) (38 -> 152) (39 -> 40) (40 -> 87) (41 -> 110) (42 -> 153) (43 -> 58) (44 -> 179) (45 -> 115) (46 -> 191) (47 -> 121) (48 -> 45) (49 -> 37) (50 -> 170) (51 -> 83) (52 -> 65) (53 -> 17) (54 -> 52) (55 -> 3) (56 -> 157) (57 -> 183) (58 -> 140) (59 -> 111) (60 -> 125) (61 -> 86) (62 -> 135) (63 -> 23) (64 -> 92) (65 -> 55) (66 -> 102) (67 -> 62) (68 -> 26) (69 -> 43) (70 -> 150) (71 -> 146) (72 -> 47) (73 -> 172) (74 -> 137) (75 -> 175) (76 -> 19) (77 -> 20) (78 -> 42) (79 -> 75) 
Peak nogood count:                  0
Final nogood count:                 0
Nodes:                              81
Time of last incumbent update (ms): 10
CPU time (ms):                      11
Summary:
COMPLETED 0 0 81 10 11
