New incumbent 1 at time 35 ms
New incumbent 2 at time 35 ms
New incumbent 3 at time 36 ms
New incumbent 4 at time 36 ms
New incumbent 5 at time 36 ms
New incumbent 6 at time 36 ms
New incumbent 7 at time 36 ms
New incumbent 8 at time 39 ms
New incumbent 9 at time 44 ms
New incumbent 10 at time 44 ms
New incumbent 11 at time 44 ms
New incumbent 12 at time 44 ms
New incumbent 13 at time 44 ms
New incumbent 14 at time 45 ms
New incumbent 15 at time 45 ms
New incumbent 16 at time 45 ms
New incumbent 17 at time 45 ms
New incumbent 18 at time 45 ms
New incumbent 19 at time 45 ms
New incumbent 20 at time 45 ms
New incumbent 21 at time 45 ms
New incumbent 22 at time 45 ms
New incumbent 23 at time 45 ms
New incumbent 24 at time 45 ms
New incumbent 25 at time 45 ms
New incumbent 26 at time 45 ms
New incumbent 27 at time 45 ms
New incumbent 28 at time 45 ms
New incumbent 29 at time 45 ms
New incumbent 30 at time 45 ms
New incumbent 31 at time 45 ms
New incumbent 32 at time 45 ms
New incumbent 33 at time 45 ms
New incumbent 34 at time 45 ms
New incumbent 35 at time 45 ms
New incumbent 36 at time 45 ms
New incumbent 37 at time 45 ms
New incumbent 38 at time 45 ms
New incumbent 39 at time 46 ms
New incumbent 40 at time 46 ms
New incumbent 41 at time 46 ms
New incumbent 42 at time 46 ms
New incumbent 43 at time 46 ms
New incumbent 44 at time 46 ms
New incumbent 45 at time 46 ms
New incumbent 46 at time 46 ms
New incumbent 47 at time 46 ms
New incumbent 48 at time 46 ms
New incumbent 49 at time 46 ms
New incumbent 50 at time 46 ms
New incumbent 51 at time 46 ms
New incumbent 52 at time 46 ms
New incumbent 53 at time 46 ms
New incumbent 54 at time 47 ms
New incumbent 55 at time 47 ms
New incumbent 56 at time 47 ms
New incumbent 57 at time 47 ms
New incumbent 58 at time 47 ms
New incumbent 59 at time 47 ms
New incumbent 60 at time 47 ms
New incumbent 61 at time 47 ms
New incumbent 62 at time 47 ms
New incumbent 63 at time 47 ms
New incumbent 64 at time 47 ms
New incumbent 65 at time 47 ms
New incumbent 66 at time 47 ms
New incumbent 67 at time 47 ms
New incumbent 68 at time 48 ms
New incumbent 69 at time 48 ms
New incumbent 70 at time 48 ms
New incumbent 71 at time 48 ms
New incumbent 72 at time 48 ms
New incumbent 73 at time 48 ms
New incumbent 74 at time 48 ms
New incumbent 75 at time 48 ms
New incumbent 76 at time 48 ms
New incumbent 77 at time 48 ms
New incumbent 78 at time 48 ms
New incumbent 79 at time 48 ms
New incumbent 80 at time 48 ms
New incumbent 81 at time 49 ms
New incumbent 82 at time 49 ms
New incumbent 83 at time 49 ms
New incumbent 84 at time 49 ms
New incumbent 85 at time 49 ms
New incumbent 86 at time 49 ms
New incumbent 87 at time 49 ms
New incumbent 88 at time 49 ms
New incumbent 89 at time 49 ms
New incumbent 90 at time 49 ms
New incumbent 91 at time 49 ms
New incumbent 92 at time 49 ms
New incumbent 93 at time 49 ms
New incumbent 94 at time 49 ms
New incumbent 95 at time 50 ms
New incumbent 96 at time 50 ms
New incumbent 97 at time 50 ms
New incumbent 98 at time 50 ms
New incumbent 99 at time 50 ms
New incumbent 100 at time 50 ms
New incumbent 101 at time 50 ms
New incumbent 102 at time 50 ms
New incumbent 103 at time 50 ms
New incumbent 104 at time 50 ms
New incumbent 105 at time 50 ms
New incumbent 106 at time 50 ms
New incumbent 107 at time 50 ms
New incumbent 108 at time 50 ms
New incumbent 109 at time 50 ms
New incumbent 110 at time 51 ms
New incumbent 111 at time 51 ms
New incumbent 112 at time 51 ms
New incumbent 113 at time 51 ms
New incumbent 114 at time 51 ms
New incumbent 115 at time 51 ms
New incumbent 116 at time 51 ms
New incumbent 117 at time 51 ms
New incumbent 118 at time 51 ms
New incumbent 119 at time 51 ms
New incumbent 120 at time 51 ms
New incumbent 121 at time 51 ms
New incumbent 122 at time 51 ms
New incumbent 123 at time 51 ms
New incumbent 124 at time 51 ms
New incumbent 125 at time 51 ms
New incumbent 126 at time 52 ms
New incumbent 127 at time 52 ms
New incumbent 128 at time 52 ms
New incumbent 129 at time 52 ms
New incumbent 130 at time 52 ms
New incumbent 131 at time 52 ms
New incumbent 132 at time 52 ms
New incumbent 133 at time 52 ms
New incumbent 134 at time 52 ms
New incumbent 135 at time 52 ms
New incumbent 136 at time 52 ms
New incumbent 137 at time 52 ms
New incumbent 138 at time 52 ms
New incumbent 139 at time 52 ms
New incumbent 140 at time 52 ms
New incumbent 141 at time 53 ms
New incumbent 142 at time 53 ms
New incumbent 143 at time 53 ms
New incumbent 144 at time 53 ms
New incumbent 145 at time 53 ms
New incumbent 146 at time 53 ms
New incumbent 147 at time 53 ms
New incumbent 148 at time 53 ms
New incumbent 149 at time 53 ms
New incumbent 150 at time 53 ms
New incumbent 151 at time 53 ms
New incumbent 152 at time 53 ms
New incumbent 153 at time 53 ms
New incumbent 154 at time 53 ms
New incumbent 155 at time 53 ms
New incumbent 156 at time 53 ms
New incumbent 157 at time 53 ms
New incumbent 158 at time 54 ms
New incumbent 159 at time 54 ms
New incumbent 160 at time 54 ms
New incumbent 161 at time 54 ms
New incumbent 162 at time 54 ms
New incumbent 163 at time 54 ms
New incumbent 164 at time 54 ms
New incumbent 165 at time 54 ms
New incumbent 166 at time 54 ms
New incumbent 167 at time 54 ms
New incumbent 168 at time 54 ms
New incumbent 169 at time 54 ms
New incumbent 170 at time 54 ms
New incumbent 171 at time 54 ms
New incumbent 172 at time 54 ms
New incumbent 173 at time 54 ms
New incumbent 174 at time 54 ms
New incumbent 175 at time 54 ms
New incumbent 176 at time 54 ms
New incumbent 177 at time 54 ms
New incumbent 178 at time 55 ms
New incumbent 179 at time 55 ms
New incumbent 180 at time 55 ms
New incumbent 181 at time 55 ms
New incumbent 182 at time 55 ms
New incumbent 183 at time 55 ms
New incumbent 184 at time 55 ms
New incumbent 185 at time 55 ms
New incumbent 186 at time 55 ms
New incumbent 187 at time 55 ms
New incumbent 188 at time 55 ms
New incumbent 189 at time 55 ms
New incumbent 190 at time 55 ms
New incumbent 191 at time 55 ms
New incumbent 192 at time 55 ms
New incumbent 193 at time 55 ms
New incumbent 194 at time 55 ms
New incumbent 195 at time 55 ms
New incumbent 196 at time 55 ms
New incumbent 197 at time 55 ms
New incumbent 198 at time 55 ms
New incumbent 199 at time 55 ms
New incumbent 200 at time 55 ms
New incumbent 201 at time 55 ms
New incumbent 202 at time 55 ms
New incumbent 203 at time 56 ms
New incumbent 204 at time 56 ms
New incumbent 205 at time 56 ms
New incumbent 206 at time 56 ms
New incumbent 207 at time 56 ms
New incumbent 208 at time 56 ms
New incumbent 209 at time 56 ms
New incumbent 210 at time 56 ms
New incumbent 211 at time 56 ms
New incumbent 212 at time 56 ms
New incumbent 213 at time 56 ms
New incumbent 214 at time 56 ms
New incumbent 215 at time 56 ms
New incumbent 216 at time 56 ms
New incumbent 217 at time 56 ms
New incumbent 218 at time 56 ms
New incumbent 219 at time 56 ms
New incumbent 220 at time 56 ms
New incumbent 221 at time 56 ms
New incumbent 222 at time 56 ms
New incumbent 223 at time 56 ms
New incumbent 224 at time 56 ms
New incumbent 225 at time 56 ms
New incumbent 226 at time 56 ms
New incumbent 227 at time 56 ms
New incumbent 228 at time 56 ms
New incumbent 229 at time 56 ms
New incumbent 230 at time 56 ms
New incumbent 231 at time 56 ms
New incumbent 232 at time 56 ms
New incumbent 233 at time 56 ms
New incumbent 234 at time 56 ms
New incumbent 235 at time 56 ms
New incumbent 236 at time 56 ms
New incumbent 237 at time 56 ms
New incumbent 238 at time 56 ms
New incumbent 239 at time 57 ms
New incumbent 240 at time 57 ms
Solution size 240
(0 -> 216) (1 -> 329) (2 -> 379) (3 -> 90) (4 -> 243) (5 -> 121) (6 -> 82) (7 -> 152) (8 -> 84) (9 -> 326) (10 -> 65) (11 -> 194) (12 -> 46) (13 -> 120) (14 -> 117) (15 -> 45) (16 -> 300) (17 -> 360) (18 -> 343) (19 -> 188) (20 -> 103) (21 -> 396) (22 -> 169) (23 -> 383) (24 -> 219) (25 -> 25) (26 -> 149) (27 -> 382) (28 -> 124) (29 -> 297) (30 -> 284) (31 -> 150) (32 -> 200) (33 -> 102) (34 -> 316) (35 -> 308) (36 -> 52) (37 -> 249) (38 -> 130) (39 -> 176) (40 -> 144) (41 -> 40) (42 -> 291) (43 -> 315) (44 -> 376) (45 -> 92) (46 -> 233) (47 -> 75) (48 -> 209) (49 -> 258) (50 -> 392) (51 -> 83) (52 -> 18) (53 -> 217) (54 -> 158) (55 -> 394) (56 -> 296) (57 -> 391) (58 -> 318) (59 -> 323) (60 -> 182) (61 -> 341) (62 -> 81) (63 -> 342) (64 -> 63) (65 -> 388) (66 -> 9) (67 -> 168) (68 -> 7) (69 -> 132) (70 -> 279) (71 -> 20) (72 -> 154) (73 -> 205) (74 -> 73) (75 -> 280) (76 -> 208) (77 -> 215) (78 -> 27) (79 -> 207) (80 -> 314) (81 -> 142) (82 -> 222) (83 -> 146) (84 -> 372) (85 -> 336) (86 -> 301) (87 -> 282) (88 -> 51) (89 -> 228) (90 -> 278) (91 -> 277) (92 -> 104) (93 -> 266) (94 -> 283) (95 -> 377) (96 -> 69) (97 -> 107) (98 -> 42) (99 -> 199) (100 -> 244) (101 -> 324) (102 -> 387) (103 -> 380) (104 -> 328) (105 -> 220) (106 -> 101) (107 -> 135) (108 -> 89) (109 -> 321) (110 -> 54) (111 -> 373) (112 -> 339) (113 -> 179) (114 -> 72) (115 -> 206) (116 -> 310) (117 -> 1) (118 -> 218) (119 -> 127) (120 -> 196) (121 -> 307) (122 -> 155) (123 -> 242) (124 -> 171) (125 -> 2) (126 -> 153) (127 -> 327) (128 -> 271) (129 -> 167) (130 -> 39) (131 -> 29) (132 -> 174) (133 -> 364) (134 -> 393) (135 -> 371) (136 -> 221) (137 -> 79) (138 -> 347) (139 -> 331) (140 -> 23) (141 -> 236) (142 -> 292) (143 -> 302) (144 -> 162) (145 -> 31) (146 -> 3) (147 -> 381) (148 -> 143) (149 -> 186) (150 -> 269) (151 -> 98) (152 -> 312) (153 -> 15) (154 -> 390) (155 -> 399) (156 -> 248) (157 -> 239) (158 -> 276) (159 -> 349) (160 -> 362) (161 -> 136) (162 -> 118) (163 -> 190) (164 -> 12) (165 -> 151) (166 -> 114) (167 -> 165) (168 -> 337) (169 -> 185) (170 -> 119) (171 -> 163) (172 -> 181) (173 -> 122) (174 -> 214) (175 -> 147) (176 -> 213) (177 -> 202) (178 -> 366) (179 -> 267) (180 -> 193) (181 -> 227) (182 -> 36) (183 -> 141) (184 -> 238) (185 -> 68) (186 -> 260) (187 -> 319) (188 -> 265) (189 -> 125) (190 -> 204) (191 -> 197) (192 -> 26) (193 -> 30) (194 -> 178) (195 -> 32) (196 -> 86) (197 -> 17) (198 -> 354) (199 -> 374) (200 -> 34) (201 -> 113) (202 -> 57) (203 -> 148) (204 -> 311) (205 -> 88) (206 -> 99) (207 -> 210) (208 -> 59) (209 -> 385) (210 -> 22) (211 -> 262) (212 -> 198) (213 -> 370) (214 -> 226) (215 -> 28) (216 -> 285) (217 -> 8) (218 -> 294) (219 -> 110) (220 -> 10) (221 -> 189) (222 -> 123) (223 -> 330) (224 -> 157) (225 -> 5) (226 -> 140) (227 -> 317) (228 -> 240) (229 -> 106) (230 -> 235) (231 -> 332) (232 -> 87) (233 -> 128) (234 -> 252) (235 -> 80) (236 -> 96) (237 -> 320) (238 -> 166) (239 -> 77) 
Peak nogood count:                  0
Final nogood count:                 0
Nodes:                              754
Time of last incumbent update (ms): 57
CPU time (ms):                      62
Summary:
COMPLETED 0 0 754 57 62
