New incumbent 1 at time 6 ms
New incumbent 2 at time 6 ms
New incumbent 3 at time 6 ms
New incumbent 4 at time 6 ms
New incumbent 5 at time 6 ms
New incumbent 6 at time 6 ms
New incumbent 7 at time 6 ms
New incumbent 8 at time 6 ms
New incumbent 9 at time 6 ms
New incumbent 10 at time 6 ms
New incumbent 11 at time 6 ms
New incumbent 12 at time 6 ms
New incumbent 13 at time 6 ms
New incumbent 14 at time 6 ms
New incumbent 15 at time 6 ms
New incumbent 16 at time 6 ms
New incumbent 17 at time 6 ms
New incumbent 18 at time 6 ms
New incumbent 19 at time 6 ms
New incumbent 20 at time 6 ms
New incumbent 21 at time 6 ms
New incumbent 22 at time 6 ms
New incumbent 23 at time 6 ms
New incumbent 24 at time 7 ms
New incumbent 25 at time 7 ms
New incumbent 26 at time 7 ms
New incumbent 27 at time 7 ms
New incumbent 28 at time 7 ms
New incumbent 29 at time 7 ms
New incumbent 30 at time 7 ms
New incumbent 31 at time 7 ms
New incumbent 32 at time 7 ms
New incumbent 33 at time 7 ms
New incumbent 34 at time 7 ms
New incumbent 35 at time 7 ms
New incumbent 36 at time 7 ms
New incumbent 37 at time 7 ms
New incumbent 38 at time 7 ms
New incumbent 39 at time 7 ms
New incumbent 40 at time 7 ms
New incumbent 41 at time 7 ms
New incumbent 42 at time 7 ms
New incumbent 43 at time 7 ms
New incumbent 44 at time 7 ms
New incumbent 45 at time 7 ms
New incumbent 46 at time 7 ms
New incumbent 47 at time 7 ms
New incumbent 48 at time 7 ms
New incumbent 49 at time 7 ms
New incumbent 50 at time 7 ms
New incumbent 51 at time 7 ms
New incumbent 52 at time 7 ms
New incumbent 53 at time 7 ms
New incumbent 54 at time 7 ms
New incumbent 55 at time 7 ms
New incumbent 56 at time 7 ms
New incumbent 57 at time 7 ms
New incumbent 58 at time 7 ms
New incumbent 59 at time 8 ms
New incumbent 60 at time 8 ms
New incumbent 61 at time 8 ms
New incumbent 62 at time 8 ms
New incumbent 63 at time 8 ms
New incumbent 64 at time 8 ms
New incumbent 65 at time 8 ms
New incumbent 66 at time 8 ms
New incumbent 67 at time 8 ms
New incumbent 68 at time 8 ms
New incumbent 69 at time 8 ms
New incumbent 70 at time 8 ms
New incumbent 71 at time 8 ms
New incumbent 72 at time 8 ms
New incumbent 73 at time 8 ms
New incumbent 74 at time 8 ms
New incumbent 75 at time 8 ms
New incumbent 76 at time 8 ms
New incumbent 77 at time 8 ms
New incumbent 78 at time 8 ms
New incumbent 79 at time 8 ms
New incumbent 80 at time 8 ms
New incumbent 81 at time 8 ms
New incumbent 82 at time 8 ms
New incumbent 83 at time 8 ms
New incumbent 84 at time 8 ms
New incumbent 85 at time 8 ms
New incumbent 86 at time 8 ms
New incumbent 87 at time 8 ms
New incumbent 88 at time 8 ms
New incumbent 89 at time 8 ms
New incumbent 90 at time 8 ms
New incumbent 91 at time 8 ms
New incumbent 92 at time 8 ms
New incumbent 93 at time 8 ms
New incumbent 94 at time 8 ms
New incumbent 95 at time 8 ms
New incumbent 96 at time 8 ms
New incumbent 97 at time 8 ms
New incumbent 98 at time 8 ms
New incumbent 99 at time 8 ms
New incumbent 100 at time 8 ms
New incumbent 101 at time 8 ms
New incumbent 102 at time 8 ms
New incumbent 103 at time 8 ms
New incumbent 104 at time 8 ms
New incumbent 105 at time 8 ms
New incumbent 106 at time 8 ms
New incumbent 107 at time 8 ms
New incumbent 108 at time 8 ms
New incumbent 109 at time 8 ms
New incumbent 110 at time 8 ms
New incumbent 111 at time 8 ms
New incumbent 112 at time 8 ms
New incumbent 113 at time 8 ms
New incumbent 114 at time 8 ms
New incumbent 115 at time 8 ms
New incumbent 116 at time 8 ms
New incumbent 117 at time 8 ms
New incumbent 118 at time 8 ms
New incumbent 119 at time 8 ms
New incumbent 120 at time 9 ms
Solution size 120
(0 -> 0) (1 -> 9) (2 -> 21) (3 -> 35) (4 -> 45) (5 -> 49) (6 -> 64) (7 -> 73) (8 -> 97) (9 -> 98) (10 -> 107) (11 -> 116) (12 -> 135) (13 -> 158) (14 -> 159) (15 -> 187) (16 -> 190) (17 -> 194) (18 -> 3) (19 -> 10) (20 -> 19) (21 -> 46) (22 -> 61) (23 -> 69) (24 -> 80) (25 -> 88) (26 -> 90) (27 -> 104) (28 -> 106) (29 -> 109) (30 -> 111) (31 -> 126) (32 -> 189) (33 -> 32) (34 -> 36) (35 -> 50) (36 -> 95) (37 -> 115) (38 -> 129) (39 -> 198) (40 -> 31) (41 -> 39) (42 -> 51) (43 -> 70) (44 -> 91) (45 -> 108) (46 -> 145) (47 -> 182) (48 -> 13) (49 -> 62) (50 -> 76) (51 -> 99) (52 -> 168) (53 -> 24) (54 -> 57) (55 -> 60) (56 -> 157) (57 -> 173) (58 -> 33) (59 -> 48) (60 -> 113) (61 -> 153) (62 -> 154) (63 -> 172) (64 -> 4) (65 -> 6) (66 -> 54) (67 -> 56) (68 -> 74) (69 -> 174) (70 -> 188) (71 -> 199) (72 -> 34) (73 -> 147) (74 -> 119) (75 -> 131) (76 -> 17) (77 -> 20) (78 -> 117) (79 -> 122) (80 -> 156) (81 -> 105) (82 -> 125) (83 -> 133) (84 -> 163) (85 -> 5) (86 -> 30) (87 -> 58) (88 -> 180) (89 -> 83) (90 -> 18) (91 -> 63) (92 -> 67) (93 -> 82) (94 -> 144) (95 -> 59) (96 -> 1) (97 -> 27) (98 -> 29) (99 -> 71) (100 -> 128) (101 -> 170) (102 -> 195) (103 -> 89) (104 -> 124) (105 -> 191) (106 -> 192) (107 -> 75) (108 -> 139) (109 -> 140) (110 -> 26) (111 -> 38) (112 -> 87) (113 -> 96) (114 -> 152) (115 -> 47) (116 -> 77) (117 -> 93) (118 -> 37) (119 -> 78) 
Peak nogood count:                  0
Final nogood count:                 0
Nodes:                              142
Time of last incumbent update (ms): 9
CPU time (ms):                      10
Summary:
COMPLETED 0 0 142 9 10
