New incumbent 1 at time 61 ms
New incumbent 2 at time 61 ms
New incumbent 3 at time 61 ms
New incumbent 4 at time 61 ms
New incumbent 5 at time 61 ms
New incumbent 6 at time 62 ms
New incumbent 7 at time 62 ms
New incumbent 8 at time 77 ms
New incumbent 9 at time 77 ms
New incumbent 10 at time 77 ms
New incumbent 11 at time 77 ms
New incumbent 12 at time 77 ms
New incumbent 13 at time 78 ms
New incumbent 14 at time 78 ms
New incumbent 15 at time 78 ms
New incumbent 16 at time 78 ms
New incumbent 17 at time 78 ms
New incumbent 18 at time 78 ms
New incumbent 19 at time 78 ms
New incumbent 20 at time 78 ms
New incumbent 21 at time 78 ms
New incumbent 22 at time 78 ms
New incumbent 23 at time 78 ms
New incumbent 24 at time 78 ms
New incumbent 25 at time 78 ms
New incumbent 26 at time 78 ms
New incumbent 27 at time 78 ms
New incumbent 28 at time 78 ms
New incumbent 29 at time 78 ms
New incumbent 30 at time 78 ms
New incumbent 31 at time 78 ms
New incumbent 32 at time 78 ms
New incumbent 33 at time 78 ms
New incumbent 34 at time 78 ms
New incumbent 35 at time 78 ms
New incumbent 36 at time 78 ms
New incumbent 37 at time 78 ms
New incumbent 38 at time 78 ms
New incumbent 39 at time 78 ms
New incumbent 40 at time 79 ms
New incumbent 41 at time 79 ms
New incumbent 42 at time 79 ms
New incumbent 43 at time 79 ms
New incumbent 44 at time 79 ms
New incumbent 45 at time 79 ms
New incumbent 46 at time 79 ms
New incumbent 47 at time 79 ms
New incumbent 48 at time 79 ms
New incumbent 49 at time 79 ms
New incumbent 50 at time 79 ms
New incumbent 51 at time 79 ms
New incumbent 52 at time 79 ms
New incumbent 53 at time 79 ms
New incumbent 54 at time 79 ms
New incumbent 55 at time 79 ms
New incumbent 56 at time 79 ms
New incumbent 57 at time 79 ms
New incumbent 58 at time 79 ms
New incumbent 59 at time 79 ms
New incumbent 60 at time 79 ms
New incumbent 61 at time 79 ms
New incumbent 62 at time 80 ms
New incumbent 63 at time 80 ms
New incumbent 64 at time 80 ms
New incumbent 65 at time 80 ms
New incumbent 66 at time 80 ms
New incumbent 67 at time 80 ms
New incumbent 68 at time 80 ms
New incumbent 69 at time 80 ms
New incumbent 70 at time 80 ms
New incumbent 71 at time 80 ms
New incumbent 72 at time 80 ms
New incumbent 73 at time 80 ms
New incumbent 74 at time 80 ms
New incumbent 75 at time 80 ms
New incumbent 76 at time 80 ms
New incumbent 77 at time 80 ms
New incumbent 78 at time 80 ms
New incumbent 79 at time 80 ms
New incumbent 80 at time 80 ms
New incumbent 81 at time 80 ms
New incumbent 82 at time 80 ms
New incumbent 83 at time 81 ms
New incumbent 84 at time 81 ms
New incumbent 85 at time 81 ms
New incumbent 86 at time 81 ms
New incumbent 87 at time 81 ms
New incumbent 88 at time 81 ms
New incumbent 89 at time 81 ms
New incumbent 90 at time 81 ms
New incumbent 91 at time 81 ms
New incumbent 92 at time 81 ms
New incumbent 93 at time 81 ms
New incumbent 94 at time 81 ms
New incumbent 95 at time 81 ms
New incumbent 96 at time 81 ms
New incumbent 97 at time 81 ms
New incumbent 98 at time 81 ms
New incumbent 99 at time 81 ms
New incumbent 100 at time 81 ms
New incumbent 101 at time 82 ms
New incumbent 102 at time 82 ms
New incumbent 103 at time 82 ms
New incumbent 104 at time 82 ms
New incumbent 105 at time 82 ms
New incumbent 106 at time 82 ms
New incumbent 107 at time 82 ms
New incumbent 108 at time 82 ms
New incumbent 109 at time 82 ms
New incumbent 110 at time 82 ms
New incumbent 111 at time 82 ms
New incumbent 112 at time 82 ms
New incumbent 113 at time 82 ms
New incumbent 114 at time 82 ms
New incumbent 115 at time 82 ms
New incumbent 116 at time 82 ms
New incumbent 117 at time 82 ms
New incumbent 118 at time 82 ms
New incumbent 119 at time 83 ms
New incumbent 120 at time 83 ms
New incumbent 121 at time 83 ms
New incumbent 122 at time 83 ms
New incumbent 123 at time 83 ms
New incumbent 124 at time 83 ms
New incumbent 125 at time 83 ms
New incumbent 126 at time 83 ms
New incumbent 127 at time 83 ms
New incumbent 128 at time 83 ms
New incumbent 129 at time 83 ms
New incumbent 130 at time 83 ms
New incumbent 131 at time 83 ms
New incumbent 132 at time 83 ms
New incumbent 133 at time 83 ms
New incumbent 134 at time 83 ms
New incumbent 135 at time 83 ms
New incumbent 136 at time 83 ms
New incumbent 137 at time 83 ms
New incumbent 138 at time 84 ms
New incumbent 139 at time 84 ms
New incumbent 140 at time 84 ms
New incumbent 141 at time 84 ms
New incumbent 142 at time 84 ms
New incumbent 143 at time 84 ms
New incumbent 144 at time 84 ms
New incumbent 145 at time 84 ms
New incumbent 146 at time 84 ms
New incumbent 147 at time 84 ms
New incumbent 148 at time 84 ms
New incumbent 149 at time 84 ms
New incumbent 150 at time 84 ms
New incumbent 151 at time 84 ms
New incumbent 152 at time 84 ms
New incumbent 153 at time 84 ms
New incumbent 154 at time 85 ms
New incumbent 155 at time 85 ms
New incumbent 156 at time 85 ms
New incumbent 157 at time 85 ms
New incumbent 158 at time 85 ms
New incumbent 159 at time 85 ms
New incumbent 160 at time 85 ms
New incumbent 161 at time 85 ms
New incumbent 162 at time 85 ms
New incumbent 163 at time 85 ms
New incumbent 164 at time 85 ms
New incumbent 165 at time 85 ms
New incumbent 166 at time 85 ms
New incumbent 167 at time 85 ms
New incumbent 168 at time 85 ms
New incumbent 169 at time 85 ms
New incumbent 170 at time 86 ms
New incumbent 171 at time 86 ms
New incumbent 172 at time 86 ms
New incumbent 173 at time 86 ms
New incumbent 174 at time 86 ms
New incumbent 175 at time 86 ms
New incumbent 176 at time 86 ms
New incumbent 177 at time 86 ms
New incumbent 178 at time 86 ms
New incumbent 179 at time 86 ms
New incumbent 180 at time 86 ms
New incumbent 181 at time 86 ms
New incumbent 182 at time 86 ms
New incumbent 183 at time 86 ms
New incumbent 184 at time 86 ms
New incumbent 185 at time 87 ms
New incumbent 186 at time 87 ms
New incumbent 187 at time 87 ms
New incumbent 188 at time 87 ms
New incumbent 189 at time 87 ms
New incumbent 190 at time 87 ms
New incumbent 191 at time 87 ms
New incumbent 192 at time 87 ms
New incumbent 193 at time 87 ms
New incumbent 194 at time 87 ms
New incumbent 195 at time 87 ms
New incumbent 196 at time 87 ms
New incumbent 197 at time 87 ms
New incumbent 198 at time 87 ms
New incumbent 199 at time 87 ms
New incumbent 200 at time 88 ms
New incumbent 201 at time 88 ms
New incumbent 202 at time 88 ms
New incumbent 203 at time 88 ms
New incumbent 204 at time 88 ms
New incumbent 205 at time 88 ms
New incumbent 206 at time 88 ms
New incumbent 207 at time 88 ms
New incumbent 208 at time 88 ms
New incumbent 209 at time 88 ms
New incumbent 210 at time 88 ms
New incumbent 211 at time 88 ms
New incumbent 212 at time 88 ms
New incumbent 213 at time 88 ms
New incumbent 214 at time 88 ms
New incumbent 215 at time 88 ms
New incumbent 216 at time 89 ms
New incumbent 217 at time 89 ms
New incumbent 218 at time 89 ms
New incumbent 219 at time 89 ms
New incumbent 220 at time 89 ms
New incumbent 221 at time 89 ms
New incumbent 222 at time 89 ms
New incumbent 223 at time 89 ms
New incumbent 224 at time 89 ms
New incumbent 225 at time 89 ms
New incumbent 226 at time 89 ms
New incumbent 227 at time 89 ms
New incumbent 228 at time 89 ms
New incumbent 229 at time 89 ms
New incumbent 230 at time 89 ms
New incumbent 231 at time 89 ms
New incumbent 232 at time 89 ms
New incumbent 233 at time 90 ms
New incumbent 234 at time 90 ms
New incumbent 235 at time 90 ms
New incumbent 236 at time 90 ms
New incumbent 237 at time 90 ms
New incumbent 238 at time 90 ms
New incumbent 239 at time 90 ms
New incumbent 240 at time 90 ms
New incumbent 241 at time 90 ms
New incumbent 242 at time 90 ms
New incumbent 243 at time 90 ms
New incumbent 244 at time 90 ms
New incumbent 245 at time 90 ms
New incumbent 246 at time 90 ms
New incumbent 247 at time 90 ms
New incumbent 248 at time 90 ms
New incumbent 249 at time 90 ms
New incumbent 250 at time 90 ms
New incumbent 251 at time 90 ms
New incumbent 252 at time 91 ms
New incumbent 253 at time 91 ms
New incumbent 254 at time 91 ms
New incumbent 255 at time 91 ms
New incumbent 256 at time 91 ms
New incumbent 257 at time 91 ms
New incumbent 258 at time 91 ms
New incumbent 259 at time 91 ms
New incumbent 260 at time 91 ms
New incumbent 261 at time 91 ms
New incumbent 262 at time 91 ms
New incumbent 263 at time 91 ms
New incumbent 264 at time 91 ms
New incumbent 265 at time 91 ms
New incumbent 266 at time 91 ms
New incumbent 267 at time 91 ms
New incumbent 268 at time 91 ms
New incumbent 269 at time 91 ms
New incumbent 270 at time 91 ms
New incumbent 271 at time 91 ms
New incumbent 272 at time 91 ms
New incumbent 273 at time 91 ms
New incumbent 274 at time 92 ms
New incumbent 275 at time 92 ms
New incumbent 276 at time 92 ms
New incumbent 277 at time 92 ms
New incumbent 278 at time 92 ms
New incumbent 279 at time 92 ms
New incumbent 280 at time 92 ms
New incumbent 281 at time 92 ms
New incumbent 282 at time 92 ms
New incumbent 283 at time 92 ms
New incumbent 284 at time 92 ms
New incumbent 285 at time 92 ms
New incumbent 286 at time 92 ms
New incumbent 287 at time 92 ms
New incumbent 288 at time 92 ms
New incumbent 289 at time 92 ms
New incumbent 290 at time 92 ms
New incumbent 291 at time 92 ms
New incumbent 292 at time 92 ms
New incumbent 293 at time 92 ms
New incumbent 294 at time 92 ms
New incumbent 295 at time 92 ms
New incumbent 296 at time 92 ms
New incumbent 297 at time 92 ms
New incumbent 298 at time 92 ms
New incumbent 299 at time 93 ms
New incumbent 300 at time 93 ms
New incumbent 301 at time 93 ms
New incumbent 302 at time 93 ms
New incumbent 303 at time 93 ms
New incumbent 304 at time 93 ms
New incumbent 305 at time 93 ms
New incumbent 306 at time 93 ms
New incumbent 307 at time 93 ms
New incumbent 308 at time 93 ms
New incumbent 309 at time 93 ms
New incumbent 310 at time 93 ms
New incumbent 311 at time 93 ms
New incumbent 312 at time 93 ms
New incumbent 313 at time 93 ms
New incumbent 314 at time 93 ms
New incumbent 315 at time 93 ms
New incumbent 316 at time 93 ms
New incumbent 317 at time 93 ms
New incumbent 318 at time 93 ms
New incumbent 319 at time 93 ms
New incumbent 320 at time 93 ms
New incumbent 321 at time 93 ms
New incumbent 322 at time 93 ms
New incumbent 323 at time 93 ms
New incumbent 324 at time 93 ms
New incumbent 325 at time 93 ms
New incumbent 326 at time 93 ms
New incumbent 327 at time 93 ms
New incumbent 328 at time 93 ms
New incumbent 329 at time 94 ms
New incumbent 330 at time 94 ms
New incumbent 331 at time 94 ms
New incumbent 332 at time 94 ms
New incumbent 333 at time 94 ms
New incumbent 334 at time 94 ms
New incumbent 335 at time 94 ms
New incumbent 336 at time 94 ms
New incumbent 337 at time 94 ms
New incumbent 338 at time 94 ms
New incumbent 339 at time 94 ms
New incumbent 340 at time 94 ms
New incumbent 341 at time 94 ms
New incumbent 342 at time 94 ms
New incumbent 343 at time 94 ms
New incumbent 344 at time 94 ms
New incumbent 345 at time 94 ms
New incumbent 346 at time 94 ms
New incumbent 347 at time 94 ms
New incumbent 348 at time 94 ms
New incumbent 349 at time 94 ms
New incumbent 350 at time 94 ms
New incumbent 351 at time 94 ms
New incumbent 352 at time 94 ms
New incumbent 353 at time 94 ms
New incumbent 354 at time 94 ms
New incumbent 355 at time 94 ms
New incumbent 356 at time 94 ms
New incumbent 357 at time 94 ms
New incumbent 358 at time 94 ms
New incumbent 359 at time 94 ms
New incumbent 360 at time 94 ms
New incumbent 361 at time 94 ms
New incumbent 362 at time 94 ms
New incumbent 363 at time 94 ms
New incumbent 364 at time 94 ms
New incumbent 365 at time 94 ms
New incumbent 366 at time 94 ms
New incumbent 367 at time 94 ms
New incumbent 368 at time 94 ms
New incumbent 369 at time 94 ms
New incumbent 370 at time 94 ms
New incumbent 371 at time 94 ms
New incumbent 372 at time 94 ms
New incumbent 373 at time 94 ms
New incumbent 374 at time 94 ms
New incumbent 375 at time 94 ms
Solution size 375
(0 -> 0) (1 -> 227) (2 -> 242) (3 -> 262) (4 -> 476) (5 -> 506) (6 -> 379) (7 -> 398) (8 -> 486) (9 -> 538) (10 -> 222) (11 -> 328) (12 -> 542) (13 -> 590) (14 -> 498) (15 -> 508) (16 -> 259) (17 -> 576) (18 -> 580) (19 -> 106) (20 -> 145) (21 -> 208) (22 -> 360) (23 -> 529) (24 -> 404) (25 -> 444) (26 -> 581) (27 -> 38) (28 -> 291) (29 -> 428) (30 -> 254) (31 -> 166) (32 -> 315) (33 -> 329) (34 -> 432) (35 -> 239) (36 -> 472) (37 -> 281) (38 -> 427) (39 -> 464) (40 -> 488) (41 -> 589) (42 -> 49) (43 -> 129) (44 -> 165) (45 -> 355) (46 -> 112) (47 -> 197) (48 -> 19) (49 -> 603) (50 -> 1) (51 -> 247) (52 -> 474) (53 -> 517) (54 -> 537) (55 -> 356) (56 -> 58) (57 -> 150) (58 -> 218) (59 -> 339) (60 -> 380) (61 -> 493) (62 -> 544) (63 -> 79) (64 -> 300) (65 -> 33) (66 -> 139) (67 -> 425) (68 -> 555) (69 -> 171) (70 -> 393) (71 -> 567) (72 -> 467) (73 -> 548) (74 -> 99) (75 -> 162) (76 -> 367) (77 -> 375) (78 -> 401) (79 -> 440) (80 -> 460) (81 -> 499) (82 -> 552) (83 -> 70) (84 -> 124) (85 -> 240) (86 -> 253) (87 -> 255) (88 -> 385) (89 -> 439) (90 -> 389) (91 -> 599) (92 -> 586) (93 -> 423) (94 -> 168) (95 -> 406) (96 -> 512) (97 -> 18) (98 -> 75) (99 -> 100) (100 -> 110) (101 -> 155) (102 -> 452) (103 -> 324) (104 -> 351) (105 -> 388) (106 -> 395) (107 -> 463) (108 -> 479) (109 -> 319) (110 -> 34) (111 -> 92) (112 -> 169) (113 -> 196) (114 -> 288) (115 -> 312) (116 -> 433) (117 -> 43) (118 -> 55) (119 -> 63) (120 -> 431) (121 -> 568) (122 -> 175) (123 -> 564) (124 -> 54) (125 -> 64) (126 -> 98) (127 -> 268) (128 -> 343) (129 -> 40) (130 -> 6) (131 -> 102) (132 -> 368) (133 -> 128) (134 -> 320) (135 -> 321) (136 -> 487) (137 -> 11) (138 -> 578) (139 -> 125) (140 -> 470) (141 -> 574) (142 -> 244) (143 -> 22) (144 -> 115) (145 -> 121) (146 -> 228) (147 -> 236) (148 -> 330) (149 -> 606) (150 -> 82) (151 -> 89) (152 -> 131) (153 -> 113) (154 -> 274) (155 -> 411) (156 -> 10) (157 -> 199) (158 -> 350) (159 -> 572) (160 -> 86) (161 -> 248) (162 -> 456) (163 -> 194) (164 -> 450) (165 -> 57) (166 -> 4) (167 -> 61) (168 -> 186) (169 -> 376) (170 -> 520) (171 -> 593) (172 -> 27) (173 -> 334) (174 -> 308) (175 -> 530) (176 -> 377) (177 -> 358) (178 -> 366) (179 -> 372) (180 -> 151) (181 -> 154) (182 -> 23) (183 -> 80) (184 -> 286) (185 -> 457) (186 -> 475) (187 -> 188) (188 -> 246) (189 -> 338) (190 -> 370) (191 -> 26) (192 -> 130) (193 -> 148) (194 -> 210) (195 -> 336) (196 -> 436) (197 -> 53) (198 -> 66) (199 -> 316) (200 -> 482) (201 -> 549) (202 -> 144) (203 -> 249) (204 -> 108) (205 -> 362) (206 -> 381) (207 -> 409) (208 -> 374) (209 -> 167) (210 -> 189) (211 -> 357) (212 -> 526) (213 -> 582) (214 -> 71) (215 -> 104) (216 -> 50) (217 -> 361) (218 -> 399) (219 -> 437) (220 -> 591) (221 -> 331) (222 -> 607) (223 -> 31) (224 -> 251) (225 -> 314) (226 -> 554) (227 -> 347) (228 -> 441) (229 -> 344) (230 -> 311) (231 -> 74) (232 -> 438) (233 -> 621) (234 -> 622) (235 -> 172) (236 -> 322) (237 -> 414) (238 -> 558) (239 -> 570) (240 -> 117) (241 -> 147) (242 -> 272) (243 -> 516) (244 -> 24) (245 -> 161) (246 -> 323) (247 -> 134) (248 -> 597) (249 -> 20) (250 -> 468) (251 -> 490) (252 -> 601) (253 -> 417) (254 -> 141) (255 -> 191) (256 -> 223) (257 -> 42) (258 -> 193) (259 -> 391) (260 -> 424) (261 -> 245) (262 -> 386) (263 -> 519) (264 -> 602) (265 -> 524) (266 -> 85) (267 -> 160) (268 -> 190) (269 -> 620) (270 -> 78) (271 -> 318) (272 -> 345) (273 -> 608) (274 -> 392) (275 -> 178) (276 -> 445) (277 -> 489) (278 -> 509) (279 -> 105) (280 -> 241) (281 -> 303) (282 -> 306) (283 -> 90) (284 -> 217) (285 -> 266) (286 -> 443) (287 -> 616) (288 -> 76) (289 -> 502) (290 -> 5) (291 -> 60) (292 -> 304) (293 -> 127) (294 -> 214) (295 -> 605) (296 -> 69) (297 -> 287) (298 -> 408) (299 -> 382) (300 -> 494) (301 -> 534) (302 -> 36) (303 -> 418) (304 -> 295) (305 -> 84) (306 -> 523) (307 -> 435) (308 -> 243) (309 -> 465) (310 -> 595) (311 -> 45) (312 -> 9) (313 -> 234) (314 -> 426) (315 -> 337) (316 -> 12) (317 -> 235) (318 -> 93) (319 -> 202) (320 -> 260) (321 -> 596) (322 -> 157) (323 -> 282) (324 -> 598) (325 -> 28) (326 -> 159) (327 -> 469) (328 -> 579) (329 -> 91) (330 -> 448) (331 -> 545) (332 -> 101) (333 -> 41) (334 -> 258) (335 -> 309) (336 -> 256) (337 -> 65) (338 -> 285) (339 -> 365) (340 -> 200) (341 -> 8) (342 -> 87) (343 -> 577) (344 -> 293) (345 -> 594) (346 -> 462) (347 -> 277) (348 -> 297) (349 -> 352) (350 -> 510) (351 -> 149) (352 -> 565) (353 -> 143) (354 -> 592) (355 -> 349) (356 -> 407) (357 -> 400) (358 -> 405) (359 -> 25) (360 -> 35) (361 -> 397) (362 -> 563) (363 -> 410) (364 -> 451) (365 -> 560) (366 -> 122) (367 -> 513) (368 -> 543) (369 -> 614) (370 -> 204) (371 -> 59) (372 -> 183) (373 -> 575) (374 -> 107) 
Peak nogood count:                  0
Final nogood count:                 0
Nodes:                              1265
Time of last incumbent update (ms): 94
CPU time (ms):                      107
Summary:
COMPLETED 0 0 1265 94 107
