-- 19927 <64 0
-- 19616 <63 0
-- 20045 <62 0
-- 22207 <61 0
-- 21787 <60 0
-- 20993 <59 0
-- 20264 <58 0
-- 20776 <57 0
-- 20128 <56 0
-- 20187 <55 0
-- 20515 <54 0
-- 20097 <53 0
-- 20384 <52 0
-- 20401 <51 0
-- 19615 <50 0
-- 20174 <49 0
-- 19769 <48 0
-- 19875 <47 0
-- 20024 <46 0
-- 20285 <45 0
-- 19895 <44 0
-- 19728 <43 0
-- 19931 <42 0
-- 20059 <41 0
-- 20196 <40 0
-- 19976 <39 0
-- 20324 <38 0
-- 20473 <37 0
-- 20123 <36 0
-- 20245 <35 0
-- 21223 <34 0
-- 21051 <33 0
-- 20497 <32 0
-- 21102 <31 0
-- 20831 <30 35
-- 21147 <29 36
-- 21045 <28 37
-- 20724 <27 38
-- 21667 <26 39
-- 21560 <25 40
-- 21719 <24 41
-- 21935 <23 42
-- 24970 <22 43
-- 25719 <21 44
-- 27116 <20 45
-- 31020 <19 46
-- 28044 <18 47
false 533 aborted

1000013 19927 19616 20045 22207 21787 20993 20264 20776 20128 20187 20515 20097 20384 20401 19615 20174 19769 19875 20024 20285 19895 19728 19931 20059 20196 19976 20324 20473 20123 20245 21223 21051 20497 21102 20831 21147 21045 20724 21667 21560 21719 21935 24970 25719 27116 31020 28044
FAIL0=19927 FAIL1=19616 FAIL10=20515 FAIL11=20097 FAIL12=20384 FAIL13=20401 FAIL14=19615 FAIL15=20174 FAIL16=19769 FAIL17=19875 FAIL18=20024 FAIL19=20285 FAIL2=20045 FAIL20=19895 FAIL21=19728 FAIL22=19931 FAIL23=20059 FAIL24=20196 FAIL25=19976 FAIL26=20324 FAIL27=20473 FAIL28=20123 FAIL29=20245 FAIL3=22207 FAIL30=21223 FAIL31=21051 FAIL32=20497 FAIL33=21102 FAIL34=20831 FAIL35=21147 FAIL36=21045 FAIL37=20724 FAIL38=21667 FAIL39=21560 FAIL4=21787 FAIL40=21719 FAIL41=21935 FAIL42=24970 FAIL43=25719 FAIL44=27116 FAIL45=31020 FAIL46=28044 FAIL5=20993 FAIL6=20264 FAIL7=20776 FAIL8=20128 FAIL9=20187 
