-- 332 <64 0
-- 334 <63 0
-- 331 <62 0
-- 330 <61 0
-- 330 <60 0
-- 331 <59 0
-- 331 <58 0
-- 329 <57 0
-- 332 <56 0
-- 330 <55 0
-- 331 <54 0
-- 332 <53 0
-- 331 <52 0
-- 330 <51 0
-- 330 <50 0
-- 329 <49 0
-- 331 <48 0
-- 330 <47 0
-- 331 <46 0
-- 331 <45 0
-- 340 <44 0
-- 331 <43 0
-- 331 <42 0
-- 332 <41 0
-- 331 <40 0
-- 331 <39 0
-- 331 <38 0
-- 332 <37 0
-- 331 <36 0
-- 331 <35 0
-- 332 <34 0
-- 329 <33 0
-- 331 <32 0
-- 347 <31 0
-- 335 <30 0
-- 332 <29 0
-- 332 <28 0
-- 330 <27 0
-- 331 <26 0
-- 349 <25 0
-- 335 <24 0
-- 334 <23 0
-- 335 <22 0
-- 336 <21 0
-- 344 <20 33
-- 356 <19 42
-- 390 <18 47
-- 426 <17 48
-- 607 <16 83
-- 775 <15 361
-- 5636 <14 41630
-- 12379 <13 92287
-- 41058 <12 283608
-- 80404 <11 470050
-- 151538 <10 816177
-- 290766 <9 2540816
-- 400603 <8 3485292
false 7730474 aborted

1000010 332 334 331 330 330 331 331 329 332 330 331 332 331 330 330 329 331 330 331 331 340 331 331 332 331 331 331 332 331 331 332 329 331 347 335 332 332 330 331 349 335 334 335 336 344 356 390 426 607 775 5636 12379 41058 80404 151538 290766 400603
FAIL0=332 FAIL1=334 FAIL10=331 FAIL11=332 FAIL12=331 FAIL13=330 FAIL14=330 FAIL15=329 FAIL16=331 FAIL17=330 FAIL18=331 FAIL19=331 FAIL2=331 FAIL20=340 FAIL21=331 FAIL22=331 FAIL23=332 FAIL24=331 FAIL25=331 FAIL26=331 FAIL27=332 FAIL28=331 FAIL29=331 FAIL3=330 FAIL30=332 FAIL31=329 FAIL32=331 FAIL33=347 FAIL34=335 FAIL35=332 FAIL36=332 FAIL37=330 FAIL38=331 FAIL39=349 FAIL4=330 FAIL40=335 FAIL41=334 FAIL42=335 FAIL43=336 FAIL44=344 FAIL45=356 FAIL46=390 FAIL47=426 FAIL48=607 FAIL49=775 FAIL5=331 FAIL50=5636 FAIL51=12379 FAIL52=41058 FAIL53=80404 FAIL54=151538 FAIL55=290766 FAIL56=400603 FAIL6=331 FAIL7=329 FAIL8=332 FAIL9=330 
