-- 14930 <64 0
-- 14792 <63 0
-- 14788 <62 0
-- 15082 <61 0
-- 14851 <60 0
-- 14796 <59 0
-- 15034 <58 0
-- 15005 <57 0
-- 14838 <56 0
-- 14847 <55 0
-- 14767 <54 0
-- 14767 <53 0
-- 14843 <52 0
-- 14852 <51 0
-- 15109 <50 0
-- 14842 <49 0
-- 14790 <48 0
-- 14934 <47 0
-- 14924 <46 0
-- 15176 <45 0
-- 14925 <44 0
-- 14930 <43 0
-- 14928 <42 0
-- 15020 <41 0
-- 14938 <40 0
-- 14955 <39 0
-- 14956 <38 0
-- 14936 <37 0
-- 14936 <36 0
-- 14938 <35 0
-- 14961 <34 0
-- 14934 <33 0
-- 14938 <32 0
-- 14960 <31 0
-- 15074 <30 0
-- 15162 <29 0
-- 14945 <28 0
-- 14933 <27 0
-- 14928 <26 0
-- 14932 <25 0
-- 14934 <24 0
-- 14932 <23 0
-- 14992 <22 0
-- 14931 <21 0
-- 14934 <20 0
-- 14932 <19 0
-- 14931 <18 0
-- 14931 <17 0
-- 15201 <16 0
-- 15388 <15 2
-- 15486 <14 3
-- 19793 <13 20
-- 19344 <12 21
-- 165012 <11 347848
-- 32616 <10 25563
false 373457 aborted

1000004 14930 14792 14788 15082 14851 14796 15034 15005 14838 14847 14767 14767 14843 14852 15109 14842 14790 14934 14924 15176 14925 14930 14928 15020 14938 14955 14956 14936 14936 14938 14961 14934 14938 14960 15074 15162 14945 14933 14928 14932 14934 14932 14992 14931 14934 14932 14931 14931 15201 15388 15486 19793 19344 165012 32616
FAIL0=14930 FAIL1=14792 FAIL10=14767 FAIL11=14767 FAIL12=14843 FAIL13=14852 FAIL14=15109 FAIL15=14842 FAIL16=14790 FAIL17=14934 FAIL18=14924 FAIL19=15176 FAIL2=14788 FAIL20=14925 FAIL21=14930 FAIL22=14928 FAIL23=15020 FAIL24=14938 FAIL25=14955 FAIL26=14956 FAIL27=14936 FAIL28=14936 FAIL29=14938 FAIL3=15082 FAIL30=14961 FAIL31=14934 FAIL32=14938 FAIL33=14960 FAIL34=15074 FAIL35=15162 FAIL36=14945 FAIL37=14933 FAIL38=14928 FAIL39=14932 FAIL4=14851 FAIL40=14934 FAIL41=14932 FAIL42=14992 FAIL43=14931 FAIL44=14934 FAIL45=14932 FAIL46=14931 FAIL47=14931 FAIL48=15201 FAIL49=15388 FAIL5=14796 FAIL50=15486 FAIL51=19793 FAIL52=19344 FAIL53=165012 FAIL54=32616 FAIL6=15034 FAIL7=15005 FAIL8=14838 FAIL9=14847 
