-- 347 <100 0
-- 332 <99 0
-- 331 <98 0
-- 333 <97 0
-- 336 <96 0
-- 329 <95 0
-- 332 <94 0
-- 332 <93 0
-- 338 <92 0
-- 332 <91 0
-- 340 <90 0
-- 339 <89 0
-- 338 <88 0
-- 334 <87 0
-- 332 <86 0
-- 339 <85 0
-- 339 <84 0
-- 335 <83 0
-- 336 <82 0
-- 338 <81 0
-- 327 <80 0
-- 333 <79 0
-- 333 <78 0
-- 337 <77 0
-- 329 <76 0
-- 341 <75 0
-- 339 <74 0
-- 339 <73 0
-- 344 <72 0
-- 341 <71 0
-- 332 <70 0
-- 336 <69 0
-- 354 <68 0
-- 337 <67 0
-- 332 <66 0
-- 342 <65 0
-- 340 <64 0
-- 339 <63 0
-- 340 <62 0
-- 339 <61 0
-- 339 <60 0
-- 336 <59 0
-- 341 <58 0
-- 339 <57 0
-- 343 <56 0
-- 336 <55 0
-- 330 <54 0
-- 337 <53 0
-- 329 <52 0
-- 336 <51 0
-- 331 <50 0
-- 333 <49 0
-- 333 <48 0
-- 330 <47 0
-- 332 <46 0
-- 335 <45 0
-- 329 <44 0
-- 329 <43 0
-- 330 <42 0
-- 344 <41 0
-- 332 <40 0
-- 329 <39 0
-- 330 <38 0
-- 335 <37 0
-- 339 <36 0
-- 366 <35 0
-- 354 <34 0
-- 372 <33 0
-- 367 <32 0
-- 349 <31 0
-- 357 <30 0
-- 364 <29 0
-- 360 <28 0
-- 356 <27 0
-- 350 <26 0
-- 348 <25 0
-- 361 <24 0
-- 349 <23 0
-- 350 <22 0
-- 357 <21 0
-- 365 <20 0
-- 358 <19 0
-- 359 <18 0
-- 365 <17 0
-- 365 <16 0
-- 358 <15 0
-- 366 <14 0
-- 367 <13 0
-- 361 <12 0
-- 433 <11 0
-- 437 <10 0
-- 437 <9 0
-- 436 <8 0
-- 428 <7 0
-- 434 <6 0
-- 428 <5 0
-- 6743 <4 97
-- 5855 <3 98
true 208
(0 -> 994) (1 -> -1) (2 -> -1) (3 -> -1) (4 -> -1) (5 -> -1) (6 -> -1) (7 -> -1) (8 -> -1) (9 -> -1) (10 -> -1) (11 -> 995) (12 -> -1) (13 -> -1) (14 -> -1) (15 -> -1) (16 -> -1) (17 -> -1) (18 -> -1) (19 -> -1) (20 -> -1) (21 -> -1) (22 -> -1) (23 -> -1) (24 -> -1) (25 -> -1) (26 -> -1) (27 -> -1) (28 -> -1) (29 -> -1) (30 -> -1) (31 -> -1) (32 -> -1) (33 -> -1) (34 -> -1) (35 -> -1) (36 -> -1) (37 -> -1) (38 -> -1) (39 -> -1) (40 -> -1) (41 -> -1) (42 -> -1) (43 -> -1) (44 -> -1) (45 -> -1) (46 -> -1) (47 -> -1) (48 -> -1) (49 -> -1) (50 -> -1) (51 -> -1) (52 -> -1) (53 -> -1) (54 -> -1) (55 -> -1) (56 -> -1) (57 -> -1) (58 -> -1) (59 -> -1) (60 -> -1) (61 -> -1) (62 -> -1) (63 -> -1) (64 -> -1) (65 -> -1) (66 -> -1) (67 -> -1) (68 -> -1) (69 -> -1) (70 -> -1) (71 -> -1) (72 -> -1) (73 -> -1) (74 -> -1) (75 -> -1) (76 -> -1) (77 -> -1) (78 -> -1) (79 -> -1) (80 -> -1) (81 -> -1) (82 -> -1) (83 -> -1) (84 -> -1) (85 -> -1) (86 -> -1) (87 -> -1) (88 -> -1) (89 -> -1) (90 -> -1) (91 -> -1) (92 -> -1) (93 -> -1) (94 -> -1) (95 -> -1) (96 -> -1) (97 -> -1) (98 -> -1) (99 -> -1) 
46647 347 332 331 333 336 329 332 332 338 332 340 339 338 334 332 339 339 335 336 338 327 333 333 337 329 341 339 339 344 341 332 336 354 337 332 342 340 339 340 339 339 336 341 339 343 336 330 337 329 336 331 333 333 330 332 335 329 329 330 344 332 329 330 335 339 366 354 372 367 349 357 364 360 356 350 348 361 349 350 357 365 358 359 365 365 358 366 367 361 433 437 437 436 428 434 428 6743 5855 485
EXCEPT=98 FAIL0=347 FAIL1=332 FAIL10=340 FAIL11=339 FAIL12=338 FAIL13=334 FAIL14=332 FAIL15=339 FAIL16=339 FAIL17=335 FAIL18=336 FAIL19=338 FAIL2=331 FAIL20=327 FAIL21=333 FAIL22=333 FAIL23=337 FAIL24=329 FAIL25=341 FAIL26=339 FAIL27=339 FAIL28=344 FAIL29=341 FAIL3=333 FAIL30=332 FAIL31=336 FAIL32=354 FAIL33=337 FAIL34=332 FAIL35=342 FAIL36=340 FAIL37=339 FAIL38=340 FAIL39=339 FAIL4=336 FAIL40=339 FAIL41=336 FAIL42=341 FAIL43=339 FAIL44=343 FAIL45=336 FAIL46=330 FAIL47=337 FAIL48=329 FAIL49=336 FAIL5=329 FAIL50=331 FAIL51=333 FAIL52=333 FAIL53=330 FAIL54=332 FAIL55=335 FAIL56=329 FAIL57=329 FAIL58=330 FAIL59=344 FAIL6=332 FAIL60=332 FAIL61=329 FAIL62=330 FAIL63=335 FAIL64=339 FAIL65=366 FAIL66=354 FAIL67=372 FAIL68=367 FAIL69=349 FAIL7=332 FAIL70=357 FAIL71=364 FAIL72=360 FAIL73=356 FAIL74=350 FAIL75=348 FAIL76=361 FAIL77=349 FAIL78=350 FAIL79=357 FAIL8=338 FAIL80=365 FAIL81=358 FAIL82=359 FAIL83=365 FAIL84=365 FAIL85=358 FAIL86=366 FAIL87=367 FAIL88=361 FAIL89=433 FAIL9=332 FAIL90=437 FAIL91=437 FAIL92=436 FAIL93=428 FAIL94=434 FAIL95=428 FAIL96=6743 FAIL97=5855 SIZE=2 
