-- 11693 <100 0
-- 11496 <99 0
-- 11501 <98 0
-- 11479 <97 0
-- 11515 <96 0
-- 11481 <95 0
-- 11505 <94 0
-- 11488 <93 0
-- 11491 <92 0
-- 11534 <91 0
-- 11519 <90 0
-- 11532 <89 0
-- 11529 <88 0
-- 11492 <87 0
-- 11492 <86 0
-- 11484 <85 0
-- 11463 <84 0
-- 11650 <83 0
-- 11482 <82 0
-- 11494 <81 0
-- 11489 <80 0
-- 11645 <79 0
-- 11693 <78 0
-- 11654 <77 0
-- 11493 <76 0
-- 11467 <75 0
-- 11636 <74 0
-- 11690 <73 0
-- 11627 <72 0
-- 11663 <71 0
-- 11461 <70 0
-- 11497 <69 0
-- 11575 <68 0
-- 11483 <67 0
-- 11461 <66 0
-- 11487 <65 0
-- 11489 <64 0
-- 11633 <63 0
-- 11468 <62 0
-- 11480 <61 0
-- 11496 <60 0
-- 11487 <59 0
-- 11487 <58 0
-- 11499 <57 0
-- 11504 <56 0
-- 11453 <55 0
-- 11468 <54 0
-- 11452 <53 0
-- 11619 <52 0
-- 11676 <51 0
-- 11621 <50 0
-- 11459 <49 0
-- 11588 <48 0
-- 11587 <47 0
-- 11613 <46 0
-- 11602 <45 0
-- 11587 <44 0
-- 11577 <43 0
-- 11599 <42 0
-- 11604 <41 0
-- 11587 <40 0
-- 11588 <39 0
-- 11588 <38 0
-- 11599 <37 0
-- 11590 <36 0
-- 11600 <35 0
-- 11586 <34 0
-- 11608 <33 0
-- 11608 <32 0
-- 11578 <31 0
-- 11614 <30 0
-- 11587 <29 0
-- 11587 <28 0
-- 11599 <27 0
-- 11596 <26 0
-- 11597 <25 0
-- 11594 <24 0
-- 11601 <23 0
-- 11592 <22 0
-- 11608 <21 0
-- 11605 <20 0
-- 11602 <19 0
-- 11613 <18 0
-- 11624 <17 0
-- 11650 <16 0
-- 12066 <15 86
-- 11704 <14 0
false 86 aborted

1007477 11693 11496 11501 11479 11515 11481 11505 11488 11491 11534 11519 11532 11529 11492 11492 11484 11463 11650 11482 11494 11489 11645 11693 11654 11493 11467 11636 11690 11627 11663 11461 11497 11575 11483 11461 11487 11489 11633 11468 11480 11496 11487 11487 11499 11504 11453 11468 11452 11619 11676 11621 11459 11588 11587 11613 11602 11587 11577 11599 11604 11587 11588 11588 11599 11590 11600 11586 11608 11608 11578 11614 11587 11587 11599 11596 11597 11594 11601 11592 11608 11605 11602 11613 11624 11650 12066 11704
FAIL0=11693 FAIL1=11496 FAIL10=11519 FAIL11=11532 FAIL12=11529 FAIL13=11492 FAIL14=11492 FAIL15=11484 FAIL16=11463 FAIL17=11650 FAIL18=11482 FAIL19=11494 FAIL2=11501 FAIL20=11489 FAIL21=11645 FAIL22=11693 FAIL23=11654 FAIL24=11493 FAIL25=11467 FAIL26=11636 FAIL27=11690 FAIL28=11627 FAIL29=11663 FAIL3=11479 FAIL30=11461 FAIL31=11497 FAIL32=11575 FAIL33=11483 FAIL34=11461 FAIL35=11487 FAIL36=11489 FAIL37=11633 FAIL38=11468 FAIL39=11480 FAIL4=11515 FAIL40=11496 FAIL41=11487 FAIL42=11487 FAIL43=11499 FAIL44=11504 FAIL45=11453 FAIL46=11468 FAIL47=11452 FAIL48=11619 FAIL49=11676 FAIL5=11481 FAIL50=11621 FAIL51=11459 FAIL52=11588 FAIL53=11587 FAIL54=11613 FAIL55=11602 FAIL56=11587 FAIL57=11577 FAIL58=11599 FAIL59=11604 FAIL6=11505 FAIL60=11587 FAIL61=11588 FAIL62=11588 FAIL63=11599 FAIL64=11590 FAIL65=11600 FAIL66=11586 FAIL67=11608 FAIL68=11608 FAIL69=11578 FAIL7=11488 FAIL70=11614 FAIL71=11587 FAIL72=11587 FAIL73=11599 FAIL74=11596 FAIL75=11597 FAIL76=11594 FAIL77=11601 FAIL78=11592 FAIL79=11608 FAIL8=11491 FAIL80=11605 FAIL81=11602 FAIL82=11613 FAIL83=11624 FAIL84=11650 FAIL85=12066 FAIL86=11704 FAIL9=11534 
