-- 30 <121 0
-- 31 <120 0
-- 31 <119 0
-- 31 <118 0
-- 31 <117 0
-- 31 <116 0
-- 31 <115 0
-- 31 <114 0
-- 31 <113 0
-- 31 <112 0
-- 31 <111 0
-- 31 <110 0
-- 31 <109 0
-- 32 <108 0
-- 31 <107 0
-- 31 <106 0
-- 31 <105 0
-- 31 <104 0
-- 31 <103 0
-- 31 <102 0
-- 32 <101 0
-- 31 <100 0
-- 31 <99 0
-- 31 <98 0
-- 31 <97 0
-- 32 <96 0
-- 31 <95 0
-- 30 <94 0
-- 30 <93 0
-- 30 <92 0
-- 30 <91 0
-- 30 <90 0
-- 30 <89 0
-- 30 <88 0
-- 32 <87 0
-- 30 <86 0
-- 30 <85 0
-- 31 <84 0
-- 31 <83 0
-- 31 <82 0
-- 31 <81 0
-- 31 <80 0
-- 32 <79 0
-- 32 <78 0
-- 33 <77 0
-- 34 <76 0
-- 34 <75 0
-- 36 <74 0
-- 475 <73 1429
-- 5596 <72 21728
-- 33616 <71 124305
-- 112606 <70 373566
-- 262953 <69 811522
-- 452451 <68 1358642
-- 130771 <67 443692
false 3134884 aborted

1000001 30 31 31 31 31 31 31 31 31 31 31 31 31 32 31 31 31 31 31 31 32 31 31 31 31 32 31 30 30 30 30 30 30 30 32 30 30 31 31 31 31 31 32 32 33 34 34 36 475 5596 33616 112606 262953 452451 130771
FAIL0=30 FAIL1=31 FAIL10=31 FAIL11=31 FAIL12=31 FAIL13=32 FAIL14=31 FAIL15=31 FAIL16=31 FAIL17=31 FAIL18=31 FAIL19=31 FAIL2=31 FAIL20=32 FAIL21=31 FAIL22=31 FAIL23=31 FAIL24=31 FAIL25=32 FAIL26=31 FAIL27=30 FAIL28=30 FAIL29=30 FAIL3=31 FAIL30=30 FAIL31=30 FAIL32=30 FAIL33=30 FAIL34=32 FAIL35=30 FAIL36=30 FAIL37=31 FAIL38=31 FAIL39=31 FAIL4=31 FAIL40=31 FAIL41=31 FAIL42=32 FAIL43=32 FAIL44=33 FAIL45=34 FAIL46=34 FAIL47=36 FAIL48=475 FAIL49=5596 FAIL5=31 FAIL50=33616 FAIL51=112606 FAIL52=262953 FAIL53=452451 FAIL54=130771 FAIL6=31 FAIL7=31 FAIL8=31 FAIL9=31 
