-- 107 <121 0
-- 102 <120 0
-- 68 <119 0
-- 67 <118 0
-- 67 <117 0
-- 67 <116 0
-- 67 <115 0
-- 67 <114 0
-- 67 <113 0
-- 67 <112 0
-- 67 <111 0
-- 67 <110 0
-- 68 <109 0
-- 68 <108 0
-- 68 <107 0
-- 68 <106 0
-- 68 <105 0
-- 68 <104 0
-- 68 <103 0
-- 67 <102 0
-- 68 <101 0
-- 68 <100 0
-- 68 <99 0
-- 67 <98 0
-- 67 <97 0
-- 67 <96 0
-- 67 <95 0
-- 67 <94 0
-- 68 <93 0
-- 67 <92 0
-- 67 <91 0
-- 67 <90 0
-- 67 <89 0
-- 67 <88 0
-- 67 <87 0
-- 66 <86 0
-- 67 <85 0
-- 66 <84 0
-- 66 <83 0
-- 66 <82 0
-- 66 <81 0
-- 66 <80 0
-- 66 <79 0
-- 66 <78 0
-- 66 <77 0
-- 66 <76 0
-- 67 <75 0
-- 66 <74 0
-- 68 <73 0
-- 71 <72 0
-- 72 <71 0
-- 76 <70 0
-- 78 <69 0
-- 369 <68 18
-- 5830 <67 19961
-- 23167 <66 89521
-- 63447 <65 220803
-- 147220 <64 482911
-- 280939 <63 762062
-- 475328 <62 1236452
false 2811728 aborted

1000005 107 102 68 67 67 67 67 67 67 67 67 67 68 68 68 68 68 68 68 67 68 68 68 67 67 67 67 67 68 67 67 67 67 67 67 66 67 66 66 66 66 66 66 66 66 66 67 66 68 71 72 76 78 369 5830 23167 63447 147220 280939 475328
FAIL0=107 FAIL1=102 FAIL10=67 FAIL11=67 FAIL12=68 FAIL13=68 FAIL14=68 FAIL15=68 FAIL16=68 FAIL17=68 FAIL18=68 FAIL19=67 FAIL2=68 FAIL20=68 FAIL21=68 FAIL22=68 FAIL23=67 FAIL24=67 FAIL25=67 FAIL26=67 FAIL27=67 FAIL28=68 FAIL29=67 FAIL3=67 FAIL30=67 FAIL31=67 FAIL32=67 FAIL33=67 FAIL34=67 FAIL35=66 FAIL36=67 FAIL37=66 FAIL38=66 FAIL39=66 FAIL4=67 FAIL40=66 FAIL41=66 FAIL42=66 FAIL43=66 FAIL44=66 FAIL45=66 FAIL46=67 FAIL47=66 FAIL48=68 FAIL49=71 FAIL5=67 FAIL50=72 FAIL51=76 FAIL52=78 FAIL53=369 FAIL54=5830 FAIL55=23167 FAIL56=63447 FAIL57=147220 FAIL58=280939 FAIL59=475328 FAIL6=67 FAIL7=67 FAIL8=67 FAIL9=67 
