-- 363 <128 0
-- 372 <127 0
-- 382 <126 0
-- 388 <125 0
-- 390 <124 0
-- 389 <123 0
-- 395 <122 0
-- 400 <121 0
-- 409 <120 0
-- 414 <119 0
-- 430 <118 0
-- 423 <117 0
-- 428 <116 0
-- 432 <115 0
-- 435 <114 0
-- 442 <113 0
-- 448 <112 0
-- 461 <111 0
-- 461 <110 0
-- 466 <109 0
-- 598 <108 2
-- 872 <107 6
-- 1148 <106 10
-- 1603 <105 16
-- 1821 <104 19
-- 26175 <103 21372
-- 9657 <102 22255
-- 12621 <101 36088
-- 149020 <100 265646
-- 626053 <99 377766
-- 162068 <98 36086
false 759266 aborted

1000001 363 372 382 388 390 389 395 400 409 414 430 423 428 432 435 442 448 461 461 466 598 872 1148 1603 1821 26175 9657 12621 149020 626053 162068
FAIL0=363 FAIL1=372 FAIL10=430 FAIL11=423 FAIL12=428 FAIL13=432 FAIL14=435 FAIL15=442 FAIL16=448 FAIL17=461 FAIL18=461 FAIL19=466 FAIL2=382 FAIL20=598 FAIL21=872 FAIL22=1148 FAIL23=1603 FAIL24=1821 FAIL25=26175 FAIL26=9657 FAIL27=12621 FAIL28=149020 FAIL29=626053 FAIL3=388 FAIL30=162068 FAIL4=390 FAIL5=389 FAIL6=395 FAIL7=400 FAIL8=409 FAIL9=414 
