-- 207 <128 0
-- 193 <127 0
-- 198 <126 0
-- 201 <125 0
-- 204 <124 0
-- 206 <123 0
-- 212 <122 0
-- 215 <121 0
-- 219 <120 0
-- 224 <119 0
-- 226 <118 0
-- 230 <117 0
-- 232 <116 0
-- 239 <115 5
-- 280 <114 38
-- 494 <113 397
-- 665 <112 899
-- 1407 <111 2322
-- 3989 <110 6579
-- 15069 <109 27374
-- 42750 <108 100070
-- 126962 <107 396167
-- 445249 <106 1633851
-- 360106 <105 1392411
false 3560113 aborted

1000002 207 193 198 201 204 206 212 215 219 224 226 230 232 239 280 494 665 1407 3989 15069 42750 126962 445249 360106
FAIL0=207 FAIL1=193 FAIL10=226 FAIL11=230 FAIL12=232 FAIL13=239 FAIL14=280 FAIL15=494 FAIL16=665 FAIL17=1407 FAIL18=3989 FAIL19=15069 FAIL2=198 FAIL20=42750 FAIL21=126962 FAIL22=445249 FAIL23=360106 FAIL3=201 FAIL4=204 FAIL5=206 FAIL6=212 FAIL7=215 FAIL8=219 FAIL9=224 
