-- 20425 <128 0
-- 20542 <127 0
-- 20702 <126 0
-- 20712 <125 0
-- 20758 <124 0
-- 20804 <123 0
-- 20827 <122 0
-- 20876 <121 0
-- 20945 <120 0
-- 21035 <119 1
-- 21792 <118 434
-- 24790 <117 2114
-- 28095 <116 3736
-- 35396 <115 7074
-- 57367 <114 15467
-- 120541 <113 40107
-- 236794 <112 100665
-- 267333 <111 110118
false 279716 aborted

1000005 20425 20542 20702 20712 20758 20804 20827 20876 20945 21035 21792 24790 28095 35396 57367 120541 236794 267333
FAIL0=20425 FAIL1=20542 FAIL10=21792 FAIL11=24790 FAIL12=28095 FAIL13=35396 FAIL14=57367 FAIL15=120541 FAIL16=236794 FAIL17=267333 FAIL2=20702 FAIL3=20712 FAIL4=20758 FAIL5=20804 FAIL6=20827 FAIL7=20876 FAIL8=20945 FAIL9=21035 
