-- 28 <128 0
-- 31 <127 0
-- 31 <126 0
-- 33 <125 0
-- 33 <124 0
-- 35 <123 4
-- 42 <122 26
-- 58 <121 75
-- 124 <120 271
-- 634 <119 2023
-- 2065 <118 7233
-- 5233 <117 19586
-- 15185 <116 60541
-- 41174 <115 173242
-- 102752 <114 463200
-- 256058 <113 1197186
-- 576472 <112 2820221
false 4743608 aborted

1000002 28 31 31 33 33 35 42 58 124 634 2065 5233 15185 41174 102752 256058 576472
FAIL0=28 FAIL1=31 FAIL10=2065 FAIL11=5233 FAIL12=15185 FAIL13=41174 FAIL14=102752 FAIL15=256058 FAIL16=576472 FAIL2=31 FAIL3=33 FAIL4=33 FAIL5=35 FAIL6=42 FAIL7=58 FAIL8=124 FAIL9=634 
