-- 944 <128 0
-- 759 <127 0
-- 764 <126 0
-- 763 <125 0
-- 762 <124 0
-- 763 <123 0
-- 776 <122 0
-- 762 <121 0
-- 763 <120 0
-- 763 <119 0
-- 764 <118 0
-- 764 <117 0
-- 768 <116 0
-- 766 <115 0
-- 767 <114 0
-- 771 <113 0
-- 777 <112 0
-- 778 <111 0
-- 785 <110 0
-- 790 <109 0
-- 796 <108 0
-- 801 <107 0
-- 805 <106 0
-- 807 <105 0
-- 810 <104 0
-- 830 <103 0
-- 812 <102 0
-- 838 <101 0
-- 838 <100 0
-- 841 <99 0
-- 843 <98 0
-- 843 <97 0
-- 846 <96 0
-- 847 <95 0
-- 850 <94 0
-- 868 <93 0
-- 854 <92 0
-- 856 <91 0
-- 862 <90 0
-- 860 <89 0
-- 869 <88 0
-- 862 <87 0
-- 869 <86 0
-- 869 <85 0
-- 896 <84 28
-- 896 <83 94
-- 969 <82 359
-- 1122 <81 897
-- 1491 <80 1978
-- 2175 <79 4036
-- 3175 <78 7325
-- 5821 <77 16799
-- 10991 <76 33271
-- 20694 <75 59512
-- 37565 <74 104930
-- 65674 <73 185077
-- 113518 <72 327548
-- 196197 <71 600702
-- 380821 <70 1201966
-- 122197 <69 294443
false 2838965 aborted

1000005 944 759 764 763 762 763 776 762 763 763 764 764 768 766 767 771 777 778 785 790 796 801 805 807 810 830 812 838 838 841 843 843 846 847 850 868 854 856 862 860 869 862 869 869 896 896 969 1122 1491 2175 3175 5821 10991 20694 37565 65674 113518 196197 380821 122197
FAIL0=944 FAIL1=759 FAIL10=764 FAIL11=764 FAIL12=768 FAIL13=766 FAIL14=767 FAIL15=771 FAIL16=777 FAIL17=778 FAIL18=785 FAIL19=790 FAIL2=764 FAIL20=796 FAIL21=801 FAIL22=805 FAIL23=807 FAIL24=810 FAIL25=830 FAIL26=812 FAIL27=838 FAIL28=838 FAIL29=841 FAIL3=763 FAIL30=843 FAIL31=843 FAIL32=846 FAIL33=847 FAIL34=850 FAIL35=868 FAIL36=854 FAIL37=856 FAIL38=862 FAIL39=860 FAIL4=762 FAIL40=869 FAIL41=862 FAIL42=869 FAIL43=869 FAIL44=896 FAIL45=896 FAIL46=969 FAIL47=1122 FAIL48=1491 FAIL49=2175 FAIL5=763 FAIL50=3175 FAIL51=5821 FAIL52=10991 FAIL53=20694 FAIL54=37565 FAIL55=65674 FAIL56=113518 FAIL57=196197 FAIL58=380821 FAIL59=122197 FAIL6=776 FAIL7=762 FAIL8=763 FAIL9=763 
