hostname = r1i1n30
commandline = ../glasgow/solve_subgraph_isomorphism --value-ordering=biased --threads=36 --timeout 1000 --format lad ../instances/LV/g11 ../instances/largerGraphs/g68
started_at = 2018-11-19 06:16:36
pattern_file = ../instances/LV/g11
target_file = ../instances/largerGraphs/g68
status = false
nodes = 18436395
propagations = 58209659
runtime = 4887
t35.stop_reason = aborted
t35.restarts = 255
t35.nogoods_size = 182329
t35.nodes = 522324
t35.propagations = 522324
t32.stop_reason = aborted
t32.restarts = 255
t32.nogoods_size = 182329
t32.nodes = 527331
t32.propagations = 527331
t15.stop_reason = aborted
t15.restarts = 255
t15.nogoods_size = 182329
t15.nodes = 511436
t15.propagations = 511436
t34.stop_reason = aborted
t34.restarts = 255
t34.nogoods_size = 182329
t34.nodes = 516426
t34.propagations = 516426
t24.stop_reason = aborted
t24.restarts = 255
t24.nogoods_size = 182329
t24.nodes = 506351
t24.propagations = 506351
t14.stop_reason = aborted
t14.restarts = 255
t14.nogoods_size = 182329
t14.nodes = 515972
t14.propagations = 515972
t2.stop_reason = aborted
t2.restarts = 255
t2.nogoods_size = 182329
t2.nodes = 516850
t2.propagations = 516850
t33.stop_reason = aborted
t33.restarts = 255
t33.nogoods_size = 182329
t33.nodes = 506690
t33.propagations = 506690
t23.stop_reason = aborted
t23.restarts = 255
t23.nogoods_size = 182329
t23.nodes = 529164
t23.propagations = 529164
t9.stop_reason = aborted
t9.restarts = 255
t9.nogoods_size = 182329
t9.nodes = 478616
t9.propagations = 478616
t8.stop_reason = aborted
t8.restarts = 255
t8.nogoods_size = 182329
t8.nodes = 501388
t8.propagations = 501388
t30.stop_reason = aborted
t30.restarts = 255
t30.nogoods_size = 182329
t30.nodes = 523945
t30.propagations = 523945
t25.stop_reason = aborted
t25.restarts = 255
t25.nogoods_size = 182329
t25.nodes = 507220
t25.propagations = 507220
t26.stop_reason = unsatisfiable
t26.restarts = 255
t26.nogoods_size = 182329
t26.nodes = 497822
t26.propagations = 497822
t4.stop_reason = aborted
t4.restarts = 255
t4.nogoods_size = 182329
t4.nodes = 509658
t4.propagations = 509658
t29.stop_reason = aborted
t29.restarts = 255
t29.nogoods_size = 182329
t29.nodes = 529386
t29.propagations = 529386
t3.stop_reason = aborted
t3.restarts = 255
t3.nogoods_size = 182329
t3.nodes = 508632
t3.propagations = 508632
t0.stop_reason = aborted
t0.restarts = 255
t0.nogoods_size = 182329
t0.nodes = 477913
t0.propagations = 477913
t27.stop_reason = unsatisfiable
t27.restarts = 255
t27.nogoods_size = 182329
t27.nodes = 505035
t27.propagations = 505035
t6.stop_reason = aborted
t6.restarts = 255
t6.nogoods_size = 182329
t6.nodes = 500139
t6.propagations = 500139
t16.stop_reason = aborted
t16.restarts = 255
t16.nogoods_size = 182329
t16.nodes = 516372
t16.propagations = 516372
t10.stop_reason = aborted
t10.restarts = 255
t10.nogoods_size = 182329
t10.nodes = 448136
t10.propagations = 448136
t1.stop_reason = aborted
t1.restarts = 255
t1.nogoods_size = 182329
t1.nodes = 510782
t1.propagations = 510782
t12.stop_reason = unsatisfiable
t12.restarts = 255
t12.nogoods_size = 182329
t12.nodes = 519075
t12.propagations = 519075
t18.stop_reason = aborted
t18.restarts = 255
t18.nogoods_size = 182329
t18.nodes = 517835
t18.propagations = 517835
t13.stop_reason = aborted
t13.restarts = 255
t13.nogoods_size = 182329
t13.nodes = 522418
t13.propagations = 522418
t11.stop_reason = aborted
t11.restarts = 255
t11.nogoods_size = 182329
t11.nodes = 526544
t11.propagations = 526544
t21.stop_reason = aborted
t21.restarts = 255
t21.nogoods_size = 182329
t21.nodes = 529942
t21.propagations = 529942
t5.stop_reason = aborted
t5.restarts = 255
t5.nogoods_size = 182329
t5.nodes = 531956
t5.propagations = 531956
t22.stop_reason = aborted
t22.restarts = 255
t22.nogoods_size = 182329
t22.nodes = 509252
t22.propagations = 509252
t28.stop_reason = aborted
t28.restarts = 255
t28.nogoods_size = 182329
t28.nodes = 518376
t28.propagations = 518376
t17.stop_reason = aborted
t17.restarts = 255
t17.nogoods_size = 182329
t17.nodes = 503901
t17.propagations = 503901
t19.stop_reason = aborted
t19.restarts = 255
t19.nogoods_size = 182329
t19.nodes = 510516
t19.propagations = 510516
t31.stop_reason = aborted
t31.restarts = 255
t31.nogoods_size = 182329
t31.nodes = 530357
t31.propagations = 530357
t20.stop_reason = aborted
t20.restarts = 255
t20.nogoods_size = 182329
t20.nodes = 518260
t20.propagations = 518260
t7.stop_reason = aborted
t7.restarts = 255
t7.nogoods_size = 182329
t7.nodes = 530375
t7.propagations = 530375
search_time = 3771
