hostname = r1i2n17
commandline = ../glasgow/solve_subgraph_isomorphism --value-ordering=biased --threads=36 --timeout 1000 --format lad ../instances/LV/g19 ../instances/largerGraphs/g83
started_at = 2018-11-19 06:14:13
pattern_file = ../instances/LV/g19
target_file = ../instances/largerGraphs/g83
status = false
nodes = 214233
propagations = 1735134
runtime = 307
t19.stop_reason = unsatisfiable
t19.restarts = 8
t19.nogoods_size = 3551
t19.nodes = 7348
t19.propagations = 7348
t18.stop_reason = aborted
t18.restarts = 8
t18.nogoods_size = 3551
t18.nodes = 7335
t18.propagations = 7335
t10.stop_reason = aborted
t10.restarts = 8
t10.nogoods_size = 3551
t10.nodes = 6972
t10.propagations = 6972
t34.stop_reason = aborted
t34.restarts = 8
t34.nogoods_size = 3551
t34.nodes = 5818
t34.propagations = 5818
t15.stop_reason = aborted
t15.restarts = 8
t15.nogoods_size = 3551
t15.nodes = 7295
t15.propagations = 7295
t7.stop_reason = aborted
t7.restarts = 8
t7.nogoods_size = 3551
t7.nodes = 6360
t7.propagations = 6360
t12.stop_reason = aborted
t12.restarts = 8
t12.nogoods_size = 3551
t12.nodes = 3999
t12.propagations = 3999
t9.stop_reason = aborted
t9.restarts = 8
t9.nogoods_size = 3551
t9.nodes = 5955
t9.propagations = 5955
t30.stop_reason = aborted
t30.restarts = 8
t30.nogoods_size = 3551
t30.nodes = 7209
t30.propagations = 7209
t24.stop_reason = aborted
t24.restarts = 8
t24.nogoods_size = 3551
t24.nodes = 7309
t24.propagations = 7309
t2.stop_reason = aborted
t2.restarts = 8
t2.nogoods_size = 3551
t2.nodes = 4061
t2.propagations = 4061
t31.stop_reason = unsatisfiable
t31.restarts = 8
t31.nogoods_size = 3551
t31.nodes = 7286
t31.propagations = 7286
t25.stop_reason = aborted
t25.restarts = 8
t25.nogoods_size = 3551
t25.nodes = 7319
t25.propagations = 7319
t23.stop_reason = aborted
t23.restarts = 8
t23.nogoods_size = 3551
t23.nodes = 4296
t23.propagations = 4296
t32.stop_reason = aborted
t32.restarts = 8
t32.nogoods_size = 3551
t32.nodes = 6249
t32.propagations = 6249
t16.stop_reason = aborted
t16.restarts = 8
t16.nogoods_size = 3551
t16.nodes = 6000
t16.propagations = 6000
t21.stop_reason = aborted
t21.restarts = 8
t21.nogoods_size = 3551
t21.nodes = 7353
t21.propagations = 7353
t17.stop_reason = aborted
t17.restarts = 8
t17.nogoods_size = 3551
t17.nodes = 3976
t17.propagations = 3976
t11.stop_reason = aborted
t11.restarts = 8
t11.nogoods_size = 3551
t11.nodes = 7301
t11.propagations = 7301
t35.stop_reason = aborted
t35.restarts = 8
t35.nogoods_size = 3551
t35.nodes = 5930
t35.propagations = 5930
t14.stop_reason = aborted
t14.restarts = 8
t14.nogoods_size = 3551
t14.nodes = 6125
t14.propagations = 6125
t5.stop_reason = aborted
t5.restarts = 8
t5.nogoods_size = 3551
t5.nodes = 6121
t5.propagations = 6121
t20.stop_reason = aborted
t20.restarts = 8
t20.nogoods_size = 3551
t20.nodes = 7326
t20.propagations = 7326
t22.stop_reason = aborted
t22.restarts = 8
t22.nogoods_size = 3551
t22.nodes = 7270
t22.propagations = 7270
t13.stop_reason = aborted
t13.restarts = 8
t13.nogoods_size = 3551
t13.nodes = 3297
t13.propagations = 3297
t26.stop_reason = aborted
t26.restarts = 8
t26.nogoods_size = 3551
t26.nodes = 5906
t26.propagations = 5906
t8.stop_reason = aborted
t8.restarts = 8
t8.nogoods_size = 3551
t8.nodes = 7254
t8.propagations = 7254
t29.stop_reason = aborted
t29.restarts = 8
t29.nogoods_size = 3551
t29.nodes = 5895
t29.propagations = 5895
t6.stop_reason = aborted
t6.restarts = 8
t6.nogoods_size = 3551
t6.nodes = 5963
t6.propagations = 5963
t33.stop_reason = aborted
t33.restarts = 8
t33.nogoods_size = 3551
t33.nodes = 5889
t33.propagations = 5889
t27.stop_reason = aborted
t27.restarts = 8
t27.nogoods_size = 3551
t27.nodes = 5553
t27.propagations = 5553
t28.stop_reason = aborted
t28.restarts = 8
t28.nogoods_size = 3551
t28.nodes = 4114
t28.propagations = 4114
t3.stop_reason = aborted
t3.restarts = 8
t3.nogoods_size = 3551
t3.nodes = 5576
t3.propagations = 5576
t0.stop_reason = aborted
t0.restarts = 8
t0.nogoods_size = 3551
t0.nodes = 3330
t0.propagations = 3330
t4.stop_reason = aborted
t4.restarts = 8
t4.nogoods_size = 3551
t4.nodes = 5941
t4.propagations = 5941
t1.stop_reason = aborted
t1.restarts = 8
t1.nogoods_size = 3551
t1.nodes = 3302
t1.propagations = 3302
search_time = 238
