hostname = r1i0n13
commandline = ../glasgow/solve_subgraph_isomorphism --value-ordering=biased --threads=36 --timeout 1000 --format lad ../instances/LV/g3 ../instances/largerGraphs/g89
started_at = 2018-11-19 06:17:29
pattern_file = ../instances/LV/g3
target_file = ../instances/largerGraphs/g89
status = false
nodes = 6905
propagations = 34403
runtime = 66
t30.stop_reason = aborted
t30.restarts = 3
t30.nogoods_size = 6898
t30.nodes = 8
t30.propagations = 8
t35.stop_reason = aborted
t35.restarts = 3
t35.nogoods_size = 6898
t35.nodes = 2
t35.propagations = 2
t10.stop_reason = aborted
t10.restarts = 3
t10.nogoods_size = 6898
t10.nodes = 661
t10.propagations = 661
t15.stop_reason = aborted
t15.restarts = 3
t15.nogoods_size = 6898
t15.nodes = 570
t15.propagations = 570
t33.stop_reason = aborted
t33.restarts = 3
t33.nogoods_size = 6898
t33.nodes = 107
t33.propagations = 107
t26.stop_reason = aborted
t26.restarts = 3
t26.nogoods_size = 6898
t26.nodes = 84
t26.propagations = 84
t23.stop_reason = aborted
t23.restarts = 3
t23.nogoods_size = 6898
t23.nodes = 177
t23.propagations = 177
t14.stop_reason = aborted
t14.restarts = 3
t14.nogoods_size = 6898
t14.nodes = 217
t14.propagations = 217
t17.stop_reason = aborted
t17.restarts = 3
t17.nogoods_size = 6898
t17.nodes = 179
t17.propagations = 179
t13.stop_reason = aborted
t13.restarts = 3
t13.nogoods_size = 6898
t13.nodes = 191
t13.propagations = 191
t4.stop_reason = aborted
t4.restarts = 3
t4.nogoods_size = 6898
t4.nodes = 533
t4.propagations = 533
t25.stop_reason = aborted
t25.restarts = 3
t25.nogoods_size = 6898
t25.nodes = 100
t25.propagations = 100
t24.stop_reason = aborted
t24.restarts = 3
t24.nogoods_size = 6898
t24.nodes = 107
t24.propagations = 107
t0.stop_reason = aborted
t0.restarts = 3
t0.nogoods_size = 6898
t0.nodes = 430
t0.propagations = 430
t9.stop_reason = aborted
t9.restarts = 3
t9.nogoods_size = 6898
t9.nodes = 240
t9.propagations = 240
t21.stop_reason = aborted
t21.restarts = 3
t21.nogoods_size = 6898
t21.nodes = 151
t21.propagations = 151
t11.stop_reason = aborted
t11.restarts = 3
t11.nogoods_size = 6898
t11.nodes = 206
t11.propagations = 206
t2.stop_reason = aborted
t2.restarts = 3
t2.nogoods_size = 6898
t2.nodes = 68
t2.propagations = 68
t27.stop_reason = aborted
t27.restarts = 3
t27.nogoods_size = 6898
t27.nodes = 41
t27.propagations = 41
t18.stop_reason = aborted
t18.restarts = 3
t18.nogoods_size = 6898
t18.nodes = 118
t18.propagations = 118
t8.stop_reason = aborted
t8.restarts = 3
t8.nogoods_size = 6898
t8.nodes = 301
t8.propagations = 301
t5.stop_reason = aborted
t5.restarts = 3
t5.nogoods_size = 6898
t5.nodes = 401
t5.propagations = 401
t7.stop_reason = aborted
t7.restarts = 3
t7.nogoods_size = 6898
t7.nodes = 287
t7.propagations = 287
t29.stop_reason = unsatisfiable
t29.restarts = 3
t29.nogoods_size = 6898
t29.nodes = 18
t29.propagations = 18
t28.stop_reason = aborted
t28.restarts = 3
t28.nogoods_size = 6898
t28.nodes = 56
t28.propagations = 56
t12.stop_reason = aborted
t12.restarts = 3
t12.nogoods_size = 6898
t12.nodes = 261
t12.propagations = 261
t6.stop_reason = aborted
t6.restarts = 3
t6.nogoods_size = 6898
t6.nodes = 331
t6.propagations = 331
t31.stop_reason = aborted
t31.restarts = 3
t31.nogoods_size = 6898
t31.nodes = 2
t31.propagations = 2
t3.stop_reason = aborted
t3.restarts = 3
t3.nogoods_size = 6898
t3.nodes = 336
t3.propagations = 336
t22.stop_reason = aborted
t22.restarts = 3
t22.nogoods_size = 6898
t22.nodes = 136
t22.propagations = 136
t16.stop_reason = aborted
t16.restarts = 3
t16.nogoods_size = 6898
t16.nodes = 152
t16.propagations = 152
t1.stop_reason = aborted
t1.restarts = 3
t1.nogoods_size = 6898
t1.nodes = 81
t1.propagations = 81
t32.stop_reason = aborted
t32.restarts = 3
t32.nogoods_size = 6898
t32.nodes = 2
t32.propagations = 2
t19.stop_reason = aborted
t19.restarts = 3
t19.nogoods_size = 6898
t19.nodes = 162
t19.propagations = 162
t34.stop_reason = unsatisfiable
t34.restarts = 3
t34.nogoods_size = 6898
t34.nodes = 5
t34.propagations = 5
t20.stop_reason = aborted
t20.restarts = 3
t20.nogoods_size = 6898
t20.nodes = 184
t20.propagations = 184
search_time = 41
