hostname = r1i4n11
commandline = ../glasgow/solve_subgraph_isomorphism --value-ordering=biased --threads=36 --timeout 1000 --format lad ../instances/LV/g34 ../instances/LV/g40
started_at = 2018-11-19 06:10:55
pattern_file = ../instances/LV/g34
target_file = ../instances/LV/g40
status = true
nodes = 1330
propagations = 1500
mapping = (0 -> 120) (1 -> 92) (2 -> 72) (3 -> 48) (4 -> 74) (5 -> 26) (6 -> 44) (7 -> 66) (8 -> 98) (9 -> 70) (10 -> 41) (11 -> 113) (12 -> 39) (13 -> 29) (14 -> 1) (15 -> 55) (16 -> 27) (17 -> 77) (18 -> 103) (19 -> 73) (20 -> 96) (21 -> 46) (22 -> 50) (23 -> 94) (24 -> 22) (25 -> 109) (26 -> 38) (27 -> 40) (28 -> 107) (29 -> 43) (30 -> 99) (31 -> 85) (32 -> 59) (33 -> 57) (34 -> 53) (35 -> 47) (36 -> 31) (37 -> 67) (38 -> 80) (39 -> 119) (40 -> 7) (41 -> 93) (42 -> 3) (43 -> 13) (44 -> 35) (45 -> 61) (46 -> 51) (47 -> 23) (48 -> 84) (49 -> 37) (50 -> 111) (51 -> 45) (52 -> 64) (53 -> 20) (54 -> 106) (55 -> 97) (56 -> 91) (57 -> 104) (58 -> 42) (59 -> 58) (60 -> 2) (61 -> 24) (62 -> 0) (63 -> 32) (64 -> 11) (65 -> 112) (66 -> 28) (67 -> 52) (68 -> 15) (69 -> 83) (70 -> 114) (71 -> 118) (72 -> 76) (73 -> 5) (74 -> 79) (75 -> 68) (76 -> 116) (77 -> 90) (78 -> 14) (79 -> 34) (80 -> 115) (81 -> 100) (82 -> 33) (83 -> 19) (84 -> 21) (85 -> 75) (86 -> 65) (87 -> 63) (88 -> 89) (89 -> 25) (90 -> 8) (91 -> 4) (92 -> 54) (93 -> 9) (94 -> 69) (95 -> 110) (96 -> 10) (97 -> 6) (98 -> 78) (99 -> 82) (100 -> 117) (101 -> 56) (102 -> 101) (103 -> 87) (104 -> 81) (105 -> 49) (106 -> 71) (107 -> 95) (108 -> 105) (109 -> 12) (110 -> 17) (111 -> 86) (112 -> 62) (113 -> 16) (114 -> 102) (115 -> 30) (116 -> 88) (117 -> 18) (118 -> 36) (119 -> 108) 
runtime = 25
t19.stop_reason = aborted
t19.restarts = 2
t19.nogoods_size = 36
t19.nodes = 18
t19.propagations = 18
t17.stop_reason = aborted
t17.restarts = 2
t17.nogoods_size = 36
t17.nodes = 29
t17.propagations = 29
t16.stop_reason = aborted
t16.restarts = 2
t16.nogoods_size = 36
t16.nodes = 31
t16.propagations = 31
t18.stop_reason = aborted
t18.restarts = 2
t18.nogoods_size = 36
t18.nodes = 21
t18.propagations = 21
t15.stop_reason = aborted
t15.restarts = 2
t15.nogoods_size = 36
t15.nodes = 32
t15.propagations = 32
t5.stop_reason = aborted
t5.restarts = 2
t5.nogoods_size = 36
t5.nodes = 81
t5.propagations = 81
t22.stop_reason = aborted
t22.restarts = 2
t22.nogoods_size = 36
t22.nodes = 5
t22.propagations = 5
t21.stop_reason = aborted
t21.restarts = 2
t21.nogoods_size = 36
t21.nodes = 6
t21.propagations = 6
t14.stop_reason = aborted
t14.restarts = 2
t14.nogoods_size = 36
t14.nodes = 40
t14.propagations = 40
t4.where = 0/121 -1/-1 0/65 -1/-1 0/62 -1/-1 0/61 -1/-1 0/37 -1/-1 0/59 -1/-1 0/32 -1/-1 0/41 -1/-1 0/57 -1/-1 0/56 -1/-1 0/46 -1/-1 0/54 -1/-1 0/37 -1/-1 0/52 -1/-1 0/42 -1/-1 0/34 -1/-1 0/26 -1/-1 0/46 -1/-1 0/21 -1/-1 0/23 -1/-1 0/28 -1/-1 0/41 -1/-1 0/20 -1/-1 0/40 -1/-1 0/20 -1/-1 0/38 -1/-1 0/21 -1/-1 0/34 -1/-1 0/28 -1/-1 0/32 -1/-1 0/6 -1/-1 0/14 -1/-1 0/8 -1/-1 0/28 -1/-1 0/19 -1/-1 0/27 -1/-1 0/20 -1/-1 0/19 -1/-1 0/20 -1/-1 0/26 -1/-1 0/25 -1/-1 0/15 -1/-1 0/14 -1/-1 0/14 -1/-1 0/19 -1/-1 0/7 -1/-1 0/22 -1/-1 0/9 -1/-1 0/22 -1/-1 0/11 -1/-1 0/22 -1/-1 0/22 -1/-1 0/21 -1/-1 0/9 -1/-1 0/8 -1/-1 0/6 -1/-1 0/6 -1/-1 0/9 -1/-1 0/18 -1/-1 0/18 -1/-1 0/5 -1/-1 0/8 -1/-1 0/10 -1/-1 0/13 -1/-1 0/18 -1/-1 0/11 -1/-1 0/8 -1/-1 0/7 -1/-1 0/15 -1/-1 0/8 -1/-1 0/15 -1/-1 0/8 -1/-1 0/8 -1/-1 0/11 -1/-1 0/4 -1/-1 0/4 -1/-1 0/11 -1/-1 0/11 -1/-1 0/11 -1/-1 0/10 -1/-1 0/12 -1/-1 0/11 -1/-1 0/8 -1/-1 0/11 -1/-1 0/9 -1/-1 0/10 -1/-1 0/7 -1/-1 0/10 -1/-1 0/6 -1/-1 0/9 -1/-1 0/9 -1/-1 0/2 -1/-1 0/4 -1/-1 -1/-1 0/4 -1/-1 0/3 -1/-1 0/3 -1/-1 0/4 -1/-1 0/2 -1/-1 -1/-1 0/2 -1/-1 0/2 -1/-1 -1/-1 -1/-1 0/2 -1/-1 0/3 -1/-1 0/3 -1/-1 0/4 -1/-1 0/3 -1/-1 0/3 -1/-1 0/3 -1/-1 0/4 -1/-1 0/4 -1/-1 0/6 -1/-1 0/7 -1/-1 0/6 -1/-1 0/5 -1/-1 0/4 -1/-1 0/3 -1/-1 0/2 -1/-1
t4.stop_reason = satisfiable
t4.restarts = 2
t4.nogoods_size = 36
t4.nodes = 117
t4.propagations = 117
t9.stop_reason = aborted
t9.restarts = 2
t9.nogoods_size = 36
t9.nodes = 55
t9.propagations = 55
t3.stop_reason = aborted
t3.restarts = 2
t3.nogoods_size = 36
t3.nodes = 87
t3.propagations = 87
t1.where = 0/121 -1/-1 0/65 -1/-1 0/64 -1/-1 0/63 -1/-1 0/57 -1/-1 0/56 -1/-1 0/20 -1/-1 0/42 -1/-1 0/55 -1/-1 0/41 -1/-1 0/53 -1/-1 0/28 -1/-1 0/51 -1/-1 0/30 -1/-1 0/26 -1/-1 0/28 -1/-1 0/28 -1/-1 0/26 -1/-1 0/47 -1/-1 0/37 -1/-1 0/44 -1/-1 0/29 -1/-1 0/42 -1/-1 0/22 -1/-1 0/22 -1/-1 0/20 -1/-1 0/38 -1/-1 0/17 -1/-1 0/36 -1/-1 0/29 -1/-1 0/34 -1/-1 0/13 -1/-1 0/9 -1/-1 0/11 -1/-1 0/11 -1/-1 0/10 -1/-1 0/8 -1/-1 0/8 -1/-1 0/10 -1/-1 0/4 -1/-1 0/25 -1/-1 0/16 -1/-1 0/23 -1/-1 0/12 -1/-1 0/11 -1/-1 0/8 -1/-1 0/24 -1/-1 0/6 -1/-1 0/7 -1/-1 0/10 -1/-1 0/14 -1/-1 0/14 -1/-1 0/22 -1/-1 0/10 -1/-1 0/11 -1/-1 0/21 -1/-1 0/11 -1/-1 0/21 -1/-1 0/12 -1/-1 0/13 -1/-1 0/16 -1/-1 0/18 -1/-1 0/7 -1/-1 0/17 -1/-1 0/12 -1/-1 0/19 -1/-1 0/23 -1/-1 0/13 -1/-1 0/19 -1/-1 0/16 -1/-1 0/14 -1/-1 0/10 -1/-1 0/19 -1/-1 0/15 -1/-1 0/8 -1/-1 0/4 -1/-1 0/17 -1/-1 0/16 -1/-1 0/17 -1/-1 0/11 -1/-1 0/16 -1/-1 0/15 -1/-1 0/15 -1/-1 0/11 -1/-1 0/4 -1/-1 0/4 -1/-1 0/9 -1/-1 0/7 -1/-1 0/8 -1/-1 0/7 -1/-1 0/8 -1/-1 0/5 -1/-1 0/3 -1/-1 0/3 -1/-1 -1/-1 0/3 -1/-1 -1/-1 0/2 -1/-1 0/3 -1/-1 1/4 -1/-1 0/5 -1/-1 0/2 -1/-1 0/4 -1/-1 1/3 -1/-1 -1/-1 -1/-1 2/4 -1/-1 -1/-1 -1/-1 0/2 -1/-1 -1/-1 -1/-1 -1/-1 -1/-1 -1/-1 0/2 -1/-1 -1/-1 0/2 -1/-1 0/3 -1/-1 0/2 -1/-1
t1.stop_reason = satisfiable
t1.restarts = 2
t1.nogoods_size = 36
t1.nodes = 130
t1.propagations = 130
t0.stop_reason = aborted
t0.restarts = 2
t0.nogoods_size = 36
t0.nodes = 99
t0.propagations = 99
t20.stop_reason = aborted
t20.restarts = 2
t20.nogoods_size = 36
t20.nodes = 13
t20.propagations = 13
t12.stop_reason = aborted
t12.restarts = 2
t12.nogoods_size = 36
t12.nodes = 48
t12.propagations = 48
t10.stop_reason = aborted
t10.restarts = 2
t10.nogoods_size = 36
t10.nodes = 56
t10.propagations = 56
t6.stop_reason = aborted
t6.restarts = 2
t6.nogoods_size = 36
t6.nodes = 80
t6.propagations = 80
t2.stop_reason = aborted
t2.restarts = 2
t2.nogoods_size = 36
t2.nodes = 154
t2.propagations = 154
t7.stop_reason = aborted
t7.restarts = 2
t7.nogoods_size = 36
t7.nodes = 77
t7.propagations = 77
t8.stop_reason = aborted
t8.restarts = 2
t8.nogoods_size = 36
t8.nodes = 56
t8.propagations = 56
t23.stop_reason = aborted
t23.restarts = 2
t23.nogoods_size = 36
t23.nodes = 0
t23.propagations = 0
t13.stop_reason = aborted
t13.restarts = 2
t13.nogoods_size = 36
t13.nodes = 45
t13.propagations = 45
t11.stop_reason = aborted
t11.restarts = 2
t11.nogoods_size = 36
t11.nodes = 50
t11.propagations = 50
t24.stop_reason = aborted
t24.restarts = 2
t24.nogoods_size = 36
t24.nodes = 0
t24.propagations = 0
t26.stop_reason = aborted
t26.restarts = 2
t26.nogoods_size = 36
t26.nodes = 0
t26.propagations = 0
t25.stop_reason = aborted
t25.restarts = 2
t25.nogoods_size = 36
t25.nodes = 0
t25.propagations = 0
t27.stop_reason = aborted
t27.restarts = 2
t27.nogoods_size = 36
t27.nodes = 0
t27.propagations = 0
t28.stop_reason = aborted
t28.restarts = 2
t28.nogoods_size = 36
t28.nodes = 0
t28.propagations = 0
t29.stop_reason = aborted
t29.restarts = 2
t29.nogoods_size = 36
t29.nodes = 0
t29.propagations = 0
t30.stop_reason = aborted
t30.restarts = 2
t30.nogoods_size = 36
t30.nodes = 0
t30.propagations = 0
t31.stop_reason = aborted
t31.restarts = 2
t31.nogoods_size = 36
t31.nodes = 0
t31.propagations = 0
t32.stop_reason = aborted
t32.restarts = 2
t32.nogoods_size = 36
t32.nodes = 0
t32.propagations = 0
t33.stop_reason = aborted
t33.restarts = 2
t33.nogoods_size = 36
t33.nodes = 0
t33.propagations = 0
t34.stop_reason = aborted
t34.restarts = 2
t34.nogoods_size = 36
t34.nodes = 0
t34.propagations = 0
t35.stop_reason = aborted
t35.restarts = 2
t35.nogoods_size = 36
t35.nodes = 0
t35.propagations = 0
search_time = 14
