hostname = r1i4n3
commandline = ../glasgow/solve_subgraph_isomorphism --value-ordering=biased --threads=36 --timeout 1000 --format lad ../instances/LV/g7 ../instances/largerGraphs/g84
started_at = 2018-11-18 22:32:22
pattern_file = ../instances/LV/g7
target_file = ../instances/largerGraphs/g84
status = aborted
nodes = 3831611936
propagations = 23576012946
runtime = 1235224
t27.stop_reason = aborted
t27.restarts = 28670
t27.nogoods_size = 21650352
t27.nodes = 105562192
t27.propagations = 105562192
t29.stop_reason = aborted
t29.restarts = 28670
t29.nogoods_size = 21650352
t29.nodes = 106549583
t29.propagations = 106549583
t6.stop_reason = aborted
t6.restarts = 28670
t6.nogoods_size = 21650352
t6.nodes = 103291381
t6.propagations = 103291381
t21.stop_reason = aborted
t21.restarts = 28670
t21.nogoods_size = 21650352
t21.nodes = 108515593
t21.propagations = 108515593
t8.stop_reason = aborted
t8.restarts = 28670
t8.nogoods_size = 21650352
t8.nodes = 105743971
t8.propagations = 105743971
t22.stop_reason = aborted
t22.restarts = 28670
t22.nogoods_size = 21650352
t22.nodes = 104949311
t22.propagations = 104949311
t1.stop_reason = aborted
t1.restarts = 28670
t1.nogoods_size = 21650352
t1.nodes = 109047020
t1.propagations = 109047020
t12.stop_reason = aborted
t12.restarts = 28670
t12.nogoods_size = 21650352
t12.nodes = 107532839
t12.propagations = 107532839
t33.stop_reason = aborted
t33.restarts = 28670
t33.nogoods_size = 21650352
t33.nodes = 104188662
t33.propagations = 104188662
t35.stop_reason = aborted
t35.restarts = 28670
t35.nogoods_size = 21650352
t35.nodes = 108529293
t35.propagations = 108529293
t23.stop_reason = aborted
t23.restarts = 28670
t23.nogoods_size = 21650352
t23.nodes = 107247355
t23.propagations = 107247355
t14.stop_reason = aborted
t14.restarts = 28670
t14.nogoods_size = 21650352
t14.nodes = 106996095
t14.propagations = 106996095
t5.stop_reason = aborted
t5.restarts = 28670
t5.nogoods_size = 21650352
t5.nodes = 104939149
t5.propagations = 104939149
t17.stop_reason = aborted
t17.restarts = 28670
t17.nogoods_size = 21650352
t17.nodes = 108747693
t17.propagations = 108747693
t7.stop_reason = aborted
t7.restarts = 28670
t7.nogoods_size = 21650352
t7.nodes = 108151797
t7.propagations = 108151797
t34.stop_reason = aborted
t34.restarts = 28670
t34.nogoods_size = 21650352
t34.nodes = 104870362
t34.propagations = 104870362
t15.stop_reason = aborted
t15.restarts = 28670
t15.nogoods_size = 21650352
t15.nodes = 105800348
t15.propagations = 105800348
t2.stop_reason = aborted
t2.restarts = 28670
t2.nogoods_size = 21650352
t2.nodes = 105686601
t2.propagations = 105686601
t26.stop_reason = aborted
t26.restarts = 28670
t26.nogoods_size = 21650352
t26.nodes = 105229727
t26.propagations = 105229727
t10.stop_reason = aborted
t10.restarts = 28670
t10.nogoods_size = 21650352
t10.nodes = 108109057
t10.propagations = 108109057
t30.stop_reason = aborted
t30.restarts = 28670
t30.nogoods_size = 21650352
t30.nodes = 105285958
t30.propagations = 105285958
t24.stop_reason = aborted
t24.restarts = 28670
t24.nogoods_size = 21650352
t24.nodes = 104777399
t24.propagations = 104777399
t9.stop_reason = aborted
t9.restarts = 28670
t9.nogoods_size = 21650352
t9.nodes = 108028177
t9.propagations = 108028177
t25.stop_reason = aborted
t25.restarts = 28670
t25.nogoods_size = 21650352
t25.nodes = 104384002
t25.propagations = 104384002
t11.stop_reason = aborted
t11.restarts = 28670
t11.nogoods_size = 21650352
t11.nodes = 106580519
t11.propagations = 106580519
t3.stop_reason = aborted
t3.restarts = 28670
t3.nogoods_size = 21650352
t3.nodes = 106555362
t3.propagations = 106555362
t4.stop_reason = aborted
t4.restarts = 28670
t4.nogoods_size = 21650352
t4.nodes = 104452263
t4.propagations = 104452263
t18.stop_reason = aborted
t18.restarts = 28670
t18.nogoods_size = 21650352
t18.nodes = 104191038
t18.propagations = 104191038
t20.stop_reason = aborted
t20.restarts = 28670
t20.nogoods_size = 21650352
t20.nodes = 105953036
t20.propagations = 105953036
t13.stop_reason = aborted
t13.restarts = 28670
t13.nogoods_size = 21650352
t13.nodes = 108517979
t13.propagations = 108517979
t31.stop_reason = aborted
t31.restarts = 28670
t31.nogoods_size = 21650352
t31.nodes = 106291901
t31.propagations = 106291901
t19.stop_reason = aborted
t19.restarts = 28670
t19.nogoods_size = 21650352
t19.nodes = 107445895
t19.propagations = 107445895
t28.stop_reason = aborted
t28.restarts = 28670
t28.nogoods_size = 21650352
t28.nodes = 104321879
t28.propagations = 104321879
t0.stop_reason = aborted
t0.restarts = 28670
t0.nogoods_size = 21650352
t0.nodes = 110159975
t0.propagations = 110159975
t16.stop_reason = aborted
t16.restarts = 28670
t16.nogoods_size = 21650352
t16.nodes = 108148313
t16.propagations = 108148313
t32.stop_reason = aborted
t32.restarts = 28670
t32.nogoods_size = 21650352
t32.nodes = 106830211
t32.propagations = 106830211
search_time = 999687
