hostname = r1i0n1
commandline = ../glasgow/solve_subgraph_isomorphism --value-ordering=biased --threads=36 --timeout 1000 --format lad ../instances/LV/g8 ../instances/LV/g15
started_at = 2018-11-19 06:20:12
pattern_file = ../instances/LV/g8
target_file = ../instances/LV/g15
status = false
nodes = 748136
propagations = 2241622
runtime = 218
t30.stop_reason = unsatisfiable
t30.restarts = 31
t30.nogoods_size = 9038
t30.nodes = 20406
t30.propagations = 20406
t1.stop_reason = aborted
t1.restarts = 31
t1.nogoods_size = 9038
t1.nodes = 16714
t1.propagations = 16714
t21.stop_reason = aborted
t21.restarts = 31
t21.nogoods_size = 9038
t21.nodes = 19988
t21.propagations = 19988
t7.stop_reason = aborted
t7.restarts = 31
t7.nogoods_size = 9038
t7.nodes = 20217
t7.propagations = 20217
t14.stop_reason = unsatisfiable
t14.restarts = 31
t14.nogoods_size = 9038
t14.nodes = 32628
t14.propagations = 32628
t24.stop_reason = aborted
t24.restarts = 31
t24.nogoods_size = 9038
t24.nodes = 20171
t24.propagations = 20171
t2.stop_reason = aborted
t2.restarts = 31
t2.nogoods_size = 9038
t2.nodes = 28777
t2.propagations = 28777
t34.stop_reason = aborted
t34.restarts = 31
t34.nogoods_size = 9038
t34.nodes = 22370
t34.propagations = 22370
t25.stop_reason = aborted
t25.restarts = 31
t25.nogoods_size = 9038
t25.nodes = 23810
t25.propagations = 23810
t3.stop_reason = aborted
t3.restarts = 31
t3.nogoods_size = 9038
t3.nodes = 31624
t3.propagations = 31624
t4.stop_reason = aborted
t4.restarts = 31
t4.nogoods_size = 9038
t4.nodes = 24751
t4.propagations = 24751
t27.stop_reason = aborted
t27.restarts = 31
t27.nogoods_size = 9038
t27.nodes = 32447
t27.propagations = 32447
t18.stop_reason = aborted
t18.restarts = 31
t18.nogoods_size = 9038
t18.nodes = 21907
t18.propagations = 21907
t15.stop_reason = aborted
t15.restarts = 31
t15.nogoods_size = 9038
t15.nodes = 23725
t15.propagations = 23725
t23.stop_reason = aborted
t23.restarts = 31
t23.nogoods_size = 9038
t23.nodes = 22490
t23.propagations = 22490
t16.stop_reason = aborted
t16.restarts = 31
t16.nogoods_size = 9038
t16.nodes = 16399
t16.propagations = 16399
t26.stop_reason = aborted
t26.restarts = 31
t26.nogoods_size = 9038
t26.nodes = 11288
t26.propagations = 11288
t11.stop_reason = aborted
t11.restarts = 31
t11.nogoods_size = 9038
t11.nodes = 20997
t11.propagations = 20997
t17.stop_reason = aborted
t17.restarts = 31
t17.nogoods_size = 9038
t17.nodes = 27135
t17.propagations = 27135
t31.stop_reason = aborted
t31.restarts = 31
t31.nogoods_size = 9038
t31.nodes = 13101
t31.propagations = 13101
t35.stop_reason = aborted
t35.restarts = 31
t35.nogoods_size = 9038
t35.nodes = 12864
t35.propagations = 12864
t8.stop_reason = aborted
t8.restarts = 31
t8.nogoods_size = 9038
t8.nodes = 13231
t8.propagations = 13231
t32.stop_reason = aborted
t32.restarts = 31
t32.nogoods_size = 9038
t32.nodes = 12681
t32.propagations = 12681
t29.stop_reason = aborted
t29.restarts = 31
t29.nogoods_size = 9038
t29.nodes = 11731
t29.propagations = 11731
t33.stop_reason = aborted
t33.restarts = 31
t33.nogoods_size = 9038
t33.nodes = 15314
t33.propagations = 15314
t13.stop_reason = aborted
t13.restarts = 31
t13.nogoods_size = 9038
t13.nodes = 12445
t13.propagations = 12445
t0.stop_reason = aborted
t0.restarts = 31
t0.nogoods_size = 9038
t0.nodes = 13215
t0.propagations = 13215
t5.stop_reason = aborted
t5.restarts = 31
t5.nogoods_size = 9038
t5.nodes = 12240
t5.propagations = 12240
t22.stop_reason = unsatisfiable
t22.restarts = 31
t22.nogoods_size = 9038
t22.nodes = 24881
t22.propagations = 24881
t12.stop_reason = unsatisfiable
t12.restarts = 31
t12.nogoods_size = 9038
t12.nodes = 24870
t12.propagations = 24870
t6.stop_reason = aborted
t6.restarts = 31
t6.nogoods_size = 9038
t6.nodes = 25052
t6.propagations = 25052
t9.stop_reason = aborted
t9.restarts = 31
t9.nogoods_size = 9038
t9.nodes = 25141
t9.propagations = 25141
t20.stop_reason = aborted
t20.restarts = 31
t20.nogoods_size = 9038
t20.nodes = 32277
t20.propagations = 32277
t28.stop_reason = aborted
t28.restarts = 31
t28.nogoods_size = 9038
t28.nodes = 20939
t28.propagations = 20939
t10.stop_reason = aborted
t10.restarts = 31
t10.nogoods_size = 9038
t10.nodes = 23756
t10.propagations = 23756
t19.stop_reason = aborted
t19.restarts = 31
t19.nogoods_size = 9038
t19.nodes = 16554
t19.propagations = 16554
search_time = 158
