hostname = r1i4n2
commandline = ../glasgow/solve_subgraph_isomorphism --value-ordering=biased --threads=36 --timeout 1000 --format lad ../instances/LV/g8 ../instances/LV/g13
started_at = 2018-11-19 06:19:21
pattern_file = ../instances/LV/g8
target_file = ../instances/LV/g13
status = false
nodes = 14476
propagations = 50504
runtime = 9
t11.stop_reason = unsatisfiable
t11.restarts = 4
t11.nogoods_size = 444
t11.nodes = 804
t11.propagations = 804
t14.stop_reason = aborted
t14.restarts = 4
t14.nogoods_size = 444
t14.nodes = 455
t14.propagations = 455
t18.stop_reason = aborted
t18.restarts = 4
t18.nogoods_size = 444
t18.nodes = 396
t18.propagations = 396
t29.stop_reason = unsatisfiable
t29.restarts = 4
t29.nogoods_size = 444
t29.nodes = 190
t29.propagations = 190
t28.stop_reason = aborted
t28.restarts = 4
t28.nogoods_size = 444
t28.nodes = 248
t28.propagations = 248
t21.stop_reason = aborted
t21.restarts = 4
t21.nogoods_size = 444
t21.nodes = 326
t21.propagations = 326
t13.stop_reason = aborted
t13.restarts = 4
t13.nogoods_size = 444
t13.nodes = 459
t13.propagations = 459
t10.stop_reason = aborted
t10.restarts = 4
t10.nogoods_size = 444
t10.nodes = 364
t10.propagations = 364
t24.stop_reason = aborted
t24.restarts = 4
t24.nogoods_size = 444
t24.nodes = 342
t24.propagations = 342
t32.stop_reason = aborted
t32.restarts = 4
t32.nogoods_size = 444
t32.nodes = 286
t32.propagations = 286
t27.stop_reason = aborted
t27.restarts = 4
t27.nogoods_size = 444
t27.nodes = 180
t27.propagations = 180
t16.stop_reason = aborted
t16.restarts = 4
t16.nogoods_size = 444
t16.nodes = 432
t16.propagations = 432
t4.stop_reason = aborted
t4.restarts = 4
t4.nogoods_size = 444
t4.nodes = 315
t4.propagations = 315
t22.stop_reason = aborted
t22.restarts = 4
t22.nogoods_size = 444
t22.nodes = 188
t22.propagations = 188
t25.stop_reason = aborted
t25.restarts = 4
t25.nogoods_size = 444
t25.nodes = 368
t25.propagations = 368
t12.stop_reason = aborted
t12.restarts = 4
t12.nogoods_size = 444
t12.nodes = 485
t12.propagations = 485
t15.stop_reason = aborted
t15.restarts = 4
t15.nogoods_size = 444
t15.nodes = 419
t15.propagations = 419
t17.stop_reason = aborted
t17.restarts = 4
t17.nogoods_size = 444
t17.nodes = 432
t17.propagations = 432
t2.stop_reason = aborted
t2.restarts = 4
t2.nogoods_size = 444
t2.nodes = 593
t2.propagations = 593
t8.stop_reason = aborted
t8.restarts = 4
t8.nogoods_size = 444
t8.nodes = 544
t8.propagations = 544
t35.stop_reason = aborted
t35.restarts = 4
t35.nogoods_size = 444
t35.nodes = 281
t35.propagations = 281
t3.stop_reason = aborted
t3.restarts = 4
t3.nogoods_size = 444
t3.nodes = 493
t3.propagations = 493
t20.stop_reason = aborted
t20.restarts = 4
t20.nogoods_size = 444
t20.nodes = 379
t20.propagations = 379
t1.stop_reason = aborted
t1.restarts = 4
t1.nogoods_size = 444
t1.nodes = 647
t1.propagations = 647
t34.stop_reason = aborted
t34.restarts = 4
t34.nogoods_size = 444
t34.nodes = 157
t34.propagations = 157
t33.stop_reason = aborted
t33.restarts = 4
t33.nogoods_size = 444
t33.nodes = 301
t33.propagations = 301
t23.stop_reason = aborted
t23.restarts = 4
t23.nogoods_size = 444
t23.nodes = 349
t23.propagations = 349
t30.stop_reason = aborted
t30.restarts = 4
t30.nogoods_size = 444
t30.nodes = 171
t30.propagations = 171
t26.stop_reason = aborted
t26.restarts = 4
t26.nogoods_size = 444
t26.nodes = 675
t26.propagations = 675
t0.stop_reason = aborted
t0.restarts = 4
t0.nogoods_size = 444
t0.nodes = 883
t0.propagations = 883
t5.stop_reason = aborted
t5.restarts = 4
t5.nogoods_size = 444
t5.nodes = 350
t5.propagations = 350
t9.stop_reason = aborted
t9.restarts = 4
t9.nogoods_size = 444
t9.nodes = 403
t9.propagations = 403
t19.stop_reason = aborted
t19.restarts = 4
t19.nogoods_size = 444
t19.nodes = 361
t19.propagations = 361
t7.stop_reason = aborted
t7.restarts = 4
t7.nogoods_size = 444
t7.nodes = 432
t7.propagations = 432
t6.stop_reason = aborted
t6.restarts = 4
t6.nogoods_size = 444
t6.nodes = 424
t6.propagations = 424
t31.stop_reason = aborted
t31.restarts = 4
t31.nogoods_size = 444
t31.nodes = 344
t31.propagations = 344
search_time = 7
