hostname = r1i7n27
commandline = ../glasgow/solve_subgraph_isomorphism --value-ordering=biased --threads=36 --timeout 1000 --format lad ../instances/phase/phase-30-150-0.66-0.64-0.66-8-pattern ../instances/phase/phase-30-150-0.66-0.64-0.66-8-target
started_at = 2018-11-19 03:30:58
pattern_file = ../instances/phase/phase-30-150-0.66-0.64-0.66-8-pattern
target_file = ../instances/phase/phase-30-150-0.66-0.64-0.66-8-target
status = true
nodes = 184749150
propagations = 461307947
mapping = (0 -> 105) (1 -> 69) (2 -> 5) (3 -> 136) (4 -> 120) (5 -> 111) (6 -> 55) (7 -> 95) (8 -> 100) (9 -> 64) (10 -> 125) (11 -> 96) (12 -> 15) (13 -> 0) (14 -> 135) (15 -> 130) (16 -> 83) (17 -> 21) (18 -> 41) (19 -> 70) (20 -> 2) (21 -> 140) (22 -> 89) (23 -> 143) (24 -> 39) (25 -> 7) (26 -> 23) (27 -> 112) (28 -> 126) (29 -> 3) 
runtime = 52532
t22.where = 0/150 -1/-1 0/107 -1/-1 0/77 -1/-1 0/53 -1/-1 0/38 -1/-1 2/22 -1/-1 2/15 -1/-1 2/8 -1/-1 2/5 -1/-1 4/6 -1/-1 3/4 -1/-1 1/3 -1/-1 0/4 -1/-1 0/3 -1/-1 0/2 -1/-1 -1/-1 0/2 -1/-1 -1/-1 -1/-1 0/2 -1/-1 0/2 -1/-1 -1/-1 -1/-1 -1/-1 -1/-1 -1/-1 -1/-1 -1/-1 -1/-1 0/3 -1/-1
t22.stop_reason = satisfiable
t22.restarts = 2048
t22.nogoods_size = 433022
t22.nodes = 5232320
t22.propagations = 5232320
t6.stop_reason = aborted
t6.restarts = 2048
t6.nogoods_size = 433022
t6.nodes = 4912334
t6.propagations = 4912334
t31.stop_reason = aborted
t31.restarts = 2048
t31.nogoods_size = 433022
t31.nodes = 5172546
t31.propagations = 5172546
t3.stop_reason = aborted
t3.restarts = 2048
t3.nogoods_size = 433022
t3.nodes = 5064715
t3.propagations = 5064715
t26.stop_reason = aborted
t26.restarts = 2048
t26.nogoods_size = 433022
t26.nodes = 4993780
t26.propagations = 4993780
t21.stop_reason = aborted
t21.restarts = 2048
t21.nogoods_size = 433022
t21.nodes = 5344193
t21.propagations = 5344193
t5.stop_reason = aborted
t5.restarts = 2048
t5.nogoods_size = 433022
t5.nodes = 5143399
t5.propagations = 5143399
t10.stop_reason = aborted
t10.restarts = 2048
t10.nogoods_size = 433022
t10.nodes = 4874371
t10.propagations = 4874371
t29.stop_reason = aborted
t29.restarts = 2048
t29.nogoods_size = 433022
t29.nodes = 5201842
t29.propagations = 5201842
t12.stop_reason = aborted
t12.restarts = 2048
t12.nogoods_size = 433022
t12.nodes = 4934143
t12.propagations = 4934143
t17.stop_reason = aborted
t17.restarts = 2048
t17.nogoods_size = 433022
t17.nodes = 5201180
t17.propagations = 5201180
t27.stop_reason = aborted
t27.restarts = 2048
t27.nogoods_size = 433022
t27.nodes = 5110372
t27.propagations = 5110372
t0.stop_reason = aborted
t0.restarts = 2048
t0.nogoods_size = 433022
t0.nodes = 5392930
t0.propagations = 5392930
t25.stop_reason = aborted
t25.restarts = 2048
t25.nogoods_size = 433022
t25.nodes = 5219246
t25.propagations = 5219246
t34.stop_reason = aborted
t34.restarts = 2048
t34.nogoods_size = 433022
t34.nodes = 5281136
t34.propagations = 5281136
t4.stop_reason = aborted
t4.restarts = 2048
t4.nogoods_size = 433022
t4.nodes = 4915214
t4.propagations = 4915214
t8.stop_reason = aborted
t8.restarts = 2048
t8.nogoods_size = 433022
t8.nodes = 4958975
t8.propagations = 4958975
t9.stop_reason = aborted
t9.restarts = 2048
t9.nogoods_size = 433022
t9.nodes = 5153656
t9.propagations = 5153656
t11.stop_reason = aborted
t11.restarts = 2048
t11.nogoods_size = 433022
t11.nodes = 5185488
t11.propagations = 5185488
t15.stop_reason = aborted
t15.restarts = 2048
t15.nogoods_size = 433022
t15.nodes = 5090078
t15.propagations = 5090078
t20.stop_reason = aborted
t20.restarts = 2048
t20.nogoods_size = 433022
t20.nodes = 5301675
t20.propagations = 5301675
t14.stop_reason = aborted
t14.restarts = 2048
t14.nogoods_size = 433022
t14.nodes = 4887884
t14.propagations = 4887884
t23.stop_reason = aborted
t23.restarts = 2048
t23.nogoods_size = 433022
t23.nodes = 5254278
t23.propagations = 5254278
t18.stop_reason = aborted
t18.restarts = 2048
t18.nogoods_size = 433022
t18.nodes = 5012991
t18.propagations = 5012991
t32.stop_reason = aborted
t32.restarts = 2048
t32.nogoods_size = 433022
t32.nodes = 5373846
t32.propagations = 5373846
t16.stop_reason = aborted
t16.restarts = 2048
t16.nogoods_size = 433022
t16.nodes = 5354193
t16.propagations = 5354193
t35.stop_reason = aborted
t35.restarts = 2048
t35.nogoods_size = 433022
t35.nodes = 5327773
t35.propagations = 5327773
t2.stop_reason = aborted
t2.restarts = 2048
t2.nogoods_size = 433022
t2.nodes = 5052404
t2.propagations = 5052404
t1.stop_reason = aborted
t1.restarts = 2048
t1.nogoods_size = 433022
t1.nodes = 5264184
t1.propagations = 5264184
t19.stop_reason = aborted
t19.restarts = 2048
t19.nogoods_size = 433022
t19.nodes = 5123014
t19.propagations = 5123014
t28.stop_reason = aborted
t28.restarts = 2048
t28.nogoods_size = 433022
t28.nodes = 4884782
t28.propagations = 4884782
t13.stop_reason = aborted
t13.restarts = 2048
t13.nogoods_size = 433022
t13.nodes = 5140915
t13.propagations = 5140915
t7.stop_reason = aborted
t7.restarts = 2048
t7.nogoods_size = 433022
t7.nodes = 5219493
t7.propagations = 5219493
t33.stop_reason = aborted
t33.restarts = 2048
t33.nogoods_size = 433022
t33.nodes = 5247355
t33.propagations = 5247355
t30.stop_reason = aborted
t30.restarts = 2048
t30.nogoods_size = 433022
t30.nodes = 4988731
t30.propagations = 4988731
t24.stop_reason = aborted
t24.restarts = 2048
t24.nogoods_size = 433022
t24.nodes = 4933714
t24.propagations = 4933714
search_time = 48434
