hostname = r1i4n2
commandline = ../glasgow/solve_subgraph_isomorphism --value-ordering=biased --threads=36 --timeout 1000 --format lad ../instances/si/si4_m4D_m4Dr4_625/si4_m4Dr4_m625.08/pattern ../instances/si/si4_m4D_m4Dr4_625/si4_m4Dr4_m625.08/target
started_at = 2018-11-19 06:17:21
pattern_file = ../instances/si/si4_m4D_m4Dr4_625/si4_m4Dr4_m625.08/pattern
target_file = ../instances/si/si4_m4D_m4Dr4_625/si4_m4Dr4_m625.08/target
status = true
nodes = 90
propagations = 205
mapping = (0 -> 0) (1 -> 66) (2 -> 111) (3 -> 155) (4 -> 233) (5 -> 241) (6 -> 438) (7 -> 36) (8 -> 82) (9 -> 150) (10 -> 273) (11 -> 422) (12 -> 483) (13 -> 42) (14 -> 146) (15 -> 189) (16 -> 191) (17 -> 316) (18 -> 544) (19 -> 206) (20 -> 410) (21 -> 162) (22 -> 175) (23 -> 207) (24 -> 221) (25 -> 472) (26 -> 226) (27 -> 243) (28 -> 332) (29 -> 98) (30 -> 246) (31 -> 461) (32 -> 519) (33 -> 16) (34 -> 277) (35 -> 324) (36 -> 373) (37 -> 612) (38 -> 26) (39 -> 440) (40 -> 465) (41 -> 255) (42 -> 403) (43 -> 430) (44 -> 501) (45 -> 550) (46 -> 133) (47 -> 199) (48 -> 204) (49 -> 358) (50 -> 547) (51 -> 578) (52 -> 589) (53 -> 607) (54 -> 286) (55 -> 517) (56 -> 194) (57 -> 416) (58 -> 476) (59 -> 41) (60 -> 242) (61 -> 268) (62 -> 287) (63 -> 496) (64 -> 584) (65 -> 217) (66 -> 441) (67 -> 558) (68 -> 90) (69 -> 240) (70 -> 248) (71 -> 313) (72 -> 451) (73 -> 479) (74 -> 482) (75 -> 202) (76 -> 459) (77 -> 113) (78 -> 508) (79 -> 83) (80 -> 166) (81 -> 167) (82 -> 180) (83 -> 298) (84 -> 437) (85 -> 486) (86 -> 526) (87 -> 14) (88 -> 355) (89 -> 458) (90 -> 574) (91 -> 602) (92 -> 50) (93 -> 571) (94 -> 262) (95 -> 264) (96 -> 568) (97 -> 21) (98 -> 239) (99 -> 24) (100 -> 205) (101 -> 210) (102 -> 271) (103 -> 285) (104 -> 384) (105 -> 387) (106 -> 600) (107 -> 95) (108 -> 407) (109 -> 435) (110 -> 74) (111 -> 379) (112 -> 409) (113 -> 181) (114 -> 369) (115 -> 511) (116 -> 78) (117 -> 224) (118 -> 232) (119 -> 257) (120 -> 393) (121 -> 444) (122 -> 231) (123 -> 604) (124 -> 29) (125 -> 47) (126 -> 160) (127 -> 219) (128 -> 500) (129 -> 562) (130 -> 11) (131 -> 312) (132 -> 454) (133 -> 599) (134 -> 94) (135 -> 397) (136 -> 127) (137 -> 405) (138 -> 173) (139 -> 216) (140 -> 267) (141 -> 320) (142 -> 361) (143 -> 598) (144 -> 266) (145 -> 408) (146 -> 132) (147 -> 54) (148 -> 413) (149 -> 5) (150 -> 334) (151 -> 395) (152 -> 399) (153 -> 426) (154 -> 579) (155 -> 61) (156 -> 85) (157 -> 99) (158 -> 338) (159 -> 8) (160 -> 178) (161 -> 258) (162 -> 366) (163 -> 463) (164 -> 529) (165 -> 59) (166 -> 70) (167 -> 88) (168 -> 186) (169 -> 341) (170 -> 504) (171 -> 157) (172 -> 401) (173 -> 311) (174 -> 329) (175 -> 535) (176 -> 543) (177 -> 587) (178 -> 621) (179 -> 57) (180 -> 106) (181 -> 236) (182 -> 299) (183 -> 37) (184 -> 615) (185 -> 259) (186 -> 284) (187 -> 323) (188 -> 522) (189 -> 145) (190 -> 431) (191 -> 622) (192 -> 480) (193 -> 228) (194 -> 229) (195 -> 354) (196 -> 556) (197 -> 2) (198 -> 68) (199 -> 331) (200 -> 506) (201 -> 531) (202 -> 608) (203 -> 466) (204 -> 79) (205 -> 125) (206 -> 371) (207 -> 381) (208 -> 434) (209 -> 491) (210 -> 518) (211 -> 135) (212 -> 471) (213 -> 89) (214 -> 230) (215 -> 281) (216 -> 452) (217 -> 309) (218 -> 593) (219 -> 261) (220 -> 392) (221 -> 420) (222 -> 447) (223 -> 502) (224 -> 456) (225 -> 473) (226 -> 540) (227 -> 367) (228 -> 534) (229 -> 557) (230 -> 283) (231 -> 391) (232 -> 542) (233 -> 573) (234 -> 561) (235 -> 159) (236 -> 306) (237 -> 321) (238 -> 610) (239 -> 613) (240 -> 183) (241 -> 215) (242 -> 346) (243 -> 439) (244 -> 498) (245 -> 536) (246 -> 583) (247 -> 32) (248 -> 124) (249 -> 488) 
runtime = 133
t4.where = 1/3 -1/-1 -1/-1 0/2 -1/-1 -1/-1 -1/-1 -1/-1 -1/-1 -1/-1 -1/-1 -1/-1 -1/-1 -1/-1 -1/-1 -1/-1 -1/-1 -1/-1 -1/-1 -1/-1 -1/-1 -1/-1 -1/-1 -1/-1 -1/-1 -1/-1 -1/-1 -1/-1 -1/-1 -1/-1 -1/-1 -1/-1 -1/-1 -1/-1 -1/-1 -1/-1 -1/-1 -1/-1 -1/-1 -1/-1 -1/-1 -1/-1 -1/-1 -1/-1 -1/-1 -1/-1 -1/-1 -1/-1 -1/-1 -1/-1 -1/-1 -1/-1 -1/-1 -1/-1 -1/-1 -1/-1 -1/-1 -1/-1 -1/-1 -1/-1 -1/-1 -1/-1 -1/-1 -1/-1 -1/-1 -1/-1 -1/-1 -1/-1 -1/-1 -1/-1 -1/-1 -1/-1 -1/-1 -1/-1 -1/-1 -1/-1 -1/-1 -1/-1 -1/-1 -1/-1 -1/-1 -1/-1 -1/-1 -1/-1 -1/-1 -1/-1 -1/-1 -1/-1 -1/-1 -1/-1 -1/-1 -1/-1 -1/-1 -1/-1 -1/-1 -1/-1 -1/-1 -1/-1 -1/-1 -1/-1 -1/-1 -1/-1 -1/-1 -1/-1 -1/-1 -1/-1 -1/-1 -1/-1 -1/-1 -1/-1 -1/-1 -1/-1 -1/-1 -1/-1 -1/-1 -1/-1 -1/-1 -1/-1 -1/-1 -1/-1 -1/-1 -1/-1 -1/-1 -1/-1 -1/-1 -1/-1 -1/-1 -1/-1 -1/-1 -1/-1 -1/-1 -1/-1 -1/-1 -1/-1 -1/-1 -1/-1 -1/-1 -1/-1 -1/-1 -1/-1 -1/-1 -1/-1 -1/-1 -1/-1 -1/-1 -1/-1 -1/-1 -1/-1 -1/-1 -1/-1 -1/-1 -1/-1 -1/-1 -1/-1 -1/-1 -1/-1 -1/-1 -1/-1 -1/-1 -1/-1 -1/-1 -1/-1 -1/-1 -1/-1 -1/-1 -1/-1 -1/-1 -1/-1 -1/-1 -1/-1 -1/-1 -1/-1 -1/-1 -1/-1 -1/-1 -1/-1 -1/-1 -1/-1 -1/-1 -1/-1 -1/-1 -1/-1 -1/-1 -1/-1 -1/-1 -1/-1 -1/-1 -1/-1 -1/-1 -1/-1 -1/-1 -1/-1 -1/-1 -1/-1 -1/-1 -1/-1 -1/-1 -1/-1 -1/-1 -1/-1 -1/-1 -1/-1 -1/-1 -1/-1 -1/-1 -1/-1 -1/-1 -1/-1 -1/-1 -1/-1 -1/-1 -1/-1 -1/-1 -1/-1 -1/-1 -1/-1 -1/-1 -1/-1 -1/-1 -1/-1 -1/-1 -1/-1 -1/-1 -1/-1 -1/-1 -1/-1 -1/-1 -1/-1 -1/-1 -1/-1 -1/-1 -1/-1 -1/-1 -1/-1 -1/-1 -1/-1 -1/-1 -1/-1 -1/-1 -1/-1 -1/-1 -1/-1 -1/-1 -1/-1 0/2 -1/-1 -1/-1 0/3 -1/-1 0/2 -1/-1 -1/-1 0/3 -1/-1 0/2 -1/-1 -1/-1
t4.stop_reason = satisfiable
t4.restarts = 2
t4.nogoods_size = 36
t4.nodes = 9
t4.propagations = 9
t32.stop_reason = aborted
t32.restarts = 2
t32.nogoods_size = 36
t32.nodes = 1
t32.propagations = 1
t28.stop_reason = aborted
t28.restarts = 2
t28.nogoods_size = 36
t28.nodes = 2
t28.propagations = 2
t31.stop_reason = aborted
t31.restarts = 2
t31.nogoods_size = 36
t31.nodes = 2
t31.propagations = 2
t33.stop_reason = aborted
t33.restarts = 2
t33.nogoods_size = 36
t33.nodes = 1
t33.propagations = 1
t1.stop_reason = aborted
t1.restarts = 2
t1.nogoods_size = 36
t1.nodes = 2
t1.propagations = 2
t0.stop_reason = aborted
t0.restarts = 2
t0.nogoods_size = 36
t0.nodes = 3
t0.propagations = 3
t35.stop_reason = aborted
t35.restarts = 2
t35.nogoods_size = 36
t35.nodes = 1
t35.propagations = 1
t11.stop_reason = aborted
t11.restarts = 2
t11.nogoods_size = 36
t11.nodes = 3
t11.propagations = 3
t2.stop_reason = aborted
t2.restarts = 2
t2.nogoods_size = 36
t2.nodes = 2
t2.propagations = 2
t10.stop_reason = aborted
t10.restarts = 2
t10.nogoods_size = 36
t10.nodes = 2
t10.propagations = 2
t21.stop_reason = aborted
t21.restarts = 2
t21.nogoods_size = 36
t21.nodes = 3
t21.propagations = 3
t12.stop_reason = aborted
t12.restarts = 2
t12.nogoods_size = 36
t12.nodes = 3
t12.propagations = 3
t18.stop_reason = aborted
t18.restarts = 2
t18.nogoods_size = 36
t18.nodes = 2
t18.propagations = 2
t7.stop_reason = aborted
t7.restarts = 2
t7.nogoods_size = 36
t7.nodes = 3
t7.propagations = 3
t17.stop_reason = aborted
t17.restarts = 2
t17.nogoods_size = 36
t17.nodes = 3
t17.propagations = 3
t20.stop_reason = aborted
t20.restarts = 2
t20.nogoods_size = 36
t20.nodes = 2
t20.propagations = 2
t9.stop_reason = aborted
t9.restarts = 2
t9.nogoods_size = 36
t9.nodes = 3
t9.propagations = 3
t22.stop_reason = aborted
t22.restarts = 2
t22.nogoods_size = 36
t22.nodes = 3
t22.propagations = 3
t24.stop_reason = aborted
t24.restarts = 2
t24.nogoods_size = 36
t24.nodes = 3
t24.propagations = 3
t27.stop_reason = aborted
t27.restarts = 2
t27.nogoods_size = 36
t27.nodes = 2
t27.propagations = 2
t23.stop_reason = aborted
t23.restarts = 2
t23.nogoods_size = 36
t23.nodes = 2
t23.propagations = 2
t26.stop_reason = aborted
t26.restarts = 2
t26.nogoods_size = 36
t26.nodes = 3
t26.propagations = 3
t25.stop_reason = aborted
t25.restarts = 2
t25.nogoods_size = 36
t25.nodes = 3
t25.propagations = 3
t30.stop_reason = aborted
t30.restarts = 2
t30.nogoods_size = 36
t30.nodes = 2
t30.propagations = 2
t29.stop_reason = aborted
t29.restarts = 2
t29.nogoods_size = 36
t29.nodes = 2
t29.propagations = 2
t3.stop_reason = aborted
t3.restarts = 2
t3.nogoods_size = 36
t3.nodes = 2
t3.propagations = 2
t6.stop_reason = aborted
t6.restarts = 2
t6.nogoods_size = 36
t6.nodes = 2
t6.propagations = 2
t5.stop_reason = aborted
t5.restarts = 2
t5.nogoods_size = 36
t5.nodes = 3
t5.propagations = 3
t8.stop_reason = aborted
t8.restarts = 2
t8.nogoods_size = 36
t8.nodes = 3
t8.propagations = 3
t15.stop_reason = aborted
t15.restarts = 2
t15.nogoods_size = 36
t15.nodes = 2
t15.propagations = 2
t13.stop_reason = aborted
t13.restarts = 2
t13.nogoods_size = 36
t13.nodes = 2
t13.propagations = 2
t16.stop_reason = aborted
t16.restarts = 2
t16.nogoods_size = 36
t16.nodes = 3
t16.propagations = 3
t19.stop_reason = aborted
t19.restarts = 2
t19.nogoods_size = 36
t19.nodes = 3
t19.propagations = 3
t14.stop_reason = aborted
t14.restarts = 2
t14.nogoods_size = 36
t14.nodes = 2
t14.propagations = 2
t34.stop_reason = aborted
t34.restarts = 2
t34.nogoods_size = 36
t34.nodes = 1
t34.propagations = 1
search_time = 80
