hostname = r1i7n27
commandline = ../glasgow/solve_subgraph_isomorphism --value-ordering=biased --threads=36 --timeout 1000 --format lad ../instances/si/si4_bvg_b03_800/si4_b03_m800.09/pattern ../instances/si/si4_bvg_b03_800/si4_b03_m800.09/target
started_at = 2018-11-19 06:13:24
pattern_file = ../instances/si/si4_bvg_b03_800/si4_b03_m800.09/pattern
target_file = ../instances/si/si4_bvg_b03_800/si4_b03_m800.09/target
status = true
nodes = 73
propagations = 108
mapping = (0 -> 228) (1 -> 14) (2 -> 220) (3 -> 480) (4 -> 89) (5 -> 439) (6 -> 466) (7 -> 747) (8 -> 278) (9 -> 357) (10 -> 393) (11 -> 306) (12 -> 190) (13 -> 508) (14 -> 372) (15 -> 771) (16 -> 690) (17 -> 195) (18 -> 210) (19 -> 198) (20 -> 48) (21 -> 424) (22 -> 538) (23 -> 248) (24 -> 739) (25 -> 715) (26 -> 261) (27 -> 639) (28 -> 498) (29 -> 69) (30 -> 762) (31 -> 212) (32 -> 455) (33 -> 791) (34 -> 23) (35 -> 47) (36 -> 763) (37 -> 258) (38 -> 514) (39 -> 286) (40 -> 64) (41 -> 304) (42 -> 516) (43 -> 32) (44 -> 401) (45 -> 573) (46 -> 615) (47 -> 317) (48 -> 532) (49 -> 340) (50 -> 797) (51 -> 397) (52 -> 193) (53 -> 790) (54 -> 764) (55 -> 601) (56 -> 458) (57 -> 359) (58 -> 226) (59 -> 208) (60 -> 663) (61 -> 622) (62 -> 41) (63 -> 539) (64 -> 607) (65 -> 686) (66 -> 482) (67 -> 328) (68 -> 368) (69 -> 453) (70 -> 168) (71 -> 596) (72 -> 611) (73 -> 587) (74 -> 621) (75 -> 35) (76 -> 145) (77 -> 418) (78 -> 167) (79 -> 727) (80 -> 723) (81 -> 13) (82 -> 157) (83 -> 234) (84 -> 236) (85 -> 136) (86 -> 565) (87 -> 398) (88 -> 477) (89 -> 492) (90 -> 657) (91 -> 152) (92 -> 133) (93 -> 537) (94 -> 776) (95 -> 60) (96 -> 285) (97 -> 101) (98 -> 619) (99 -> 724) (100 -> 626) (101 -> 165) (102 -> 416) (103 -> 161) (104 -> 578) (105 -> 426) (106 -> 351) (107 -> 75) (108 -> 8) (109 -> 297) (110 -> 478) (111 -> 179) (112 -> 796) (113 -> 107) (114 -> 342) (115 -> 148) (116 -> 475) (117 -> 540) (118 -> 109) (119 -> 406) (120 -> 742) (121 -> 782) (122 -> 91) (123 -> 334) (124 -> 643) (125 -> 327) (126 -> 638) (127 -> 755) (128 -> 605) (129 -> 364) (130 -> 97) (131 -> 432) (132 -> 499) (133 -> 712) (134 -> 43) (135 -> 770) (136 -> 649) (137 -> 362) (138 -> 672) (139 -> 245) (140 -> 141) (141 -> 598) (142 -> 425) (143 -> 701) (144 -> 318) (145 -> 640) (146 -> 463) (147 -> 201) (148 -> 560) (149 -> 102) (150 -> 667) (151 -> 444) (152 -> 507) (153 -> 484) (154 -> 569) (155 -> 93) (156 -> 371) (157 -> 324) (158 -> 230) (159 -> 623) (160 -> 292) (161 -> 682) (162 -> 759) (163 -> 28) (164 -> 473) (165 -> 781) (166 -> 178) (167 -> 751) (168 -> 556) (169 -> 600) (170 -> 545) (171 -> 111) (172 -> 25) (173 -> 721) (174 -> 263) (175 -> 170) (176 -> 734) (177 -> 616) (178 -> 599) (179 -> 652) (180 -> 512) (181 -> 452) (182 -> 182) (183 -> 502) (184 -> 267) (185 -> 159) (186 -> 550) (187 -> 181) (188 -> 541) (189 -> 4) (190 -> 633) (191 -> 320) (192 -> 146) (193 -> 124) (194 -> 350) (195 -> 522) (196 -> 353) (197 -> 283) (198 -> 216) (199 -> 474) (200 -> 664) (201 -> 77) (202 -> 330) (203 -> 55) (204 -> 116) (205 -> 73) (206 -> 5) (207 -> 176) (208 -> 678) (209 -> 16) (210 -> 142) (211 -> 531) (212 -> 27) (213 -> 221) (214 -> 166) (215 -> 118) (216 -> 772) (217 -> 570) (218 -> 81) (219 -> 204) (220 -> 710) (221 -> 450) (222 -> 527) (223 -> 209) (224 -> 296) (225 -> 585) (226 -> 561) (227 -> 254) (228 -> 303) (229 -> 665) (230 -> 86) (231 -> 528) (232 -> 279) (233 -> 172) (234 -> 123) (235 -> 691) (236 -> 177) (237 -> 654) (238 -> 586) (239 -> 30) (240 -> 547) (241 -> 365) (242 -> 250) (243 -> 348) (244 -> 162) (245 -> 574) (246 -> 6) (247 -> 768) (248 -> 662) (249 -> 326) (250 -> 437) (251 -> 646) (252 -> 496) (253 -> 650) (254 -> 252) (255 -> 11) (256 -> 720) (257 -> 737) (258 -> 100) (259 -> 510) (260 -> 384) (261 -> 753) (262 -> 743) (263 -> 402) (264 -> 728) (265 -> 713) (266 -> 1) (267 -> 112) (268 -> 106) (269 -> 301) (270 -> 394) (271 -> 386) (272 -> 726) (273 -> 671) (274 -> 719) (275 -> 375) (276 -> 603) (277 -> 128) (278 -> 218) (279 -> 717) (280 -> 501) (281 -> 465) (282 -> 54) (283 -> 135) (284 -> 29) (285 -> 634) (286 -> 773) (287 -> 591) (288 -> 704) (289 -> 290) (290 -> 396) (291 -> 447) (292 -> 331) (293 -> 620) (294 -> 436) (295 -> 150) (296 -> 610) (297 -> 231) (298 -> 149) (299 -> 241) (300 -> 266) (301 -> 612) (302 -> 660) (303 -> 658) (304 -> 668) (305 -> 140) (306 -> 433) (307 -> 288) (308 -> 323) (309 -> 504) (310 -> 131) (311 -> 238) (312 -> 129) (313 -> 282) (314 -> 232) (315 -> 567) (316 -> 293) (317 -> 614) (318 -> 708) (319 -> 732) 
runtime = 251
t31.where = 0/800 -1/-1 0/2 -1/-1 -1/-1 -1/-1 -1/-1 -1/-1 -1/-1 -1/-1 -1/-1 -1/-1 -1/-1 -1/-1 -1/-1 -1/-1 -1/-1 -1/-1 -1/-1 -1/-1 -1/-1 -1/-1 -1/-1 -1/-1 -1/-1 -1/-1 -1/-1 -1/-1 -1/-1 -1/-1 -1/-1 -1/-1 -1/-1 -1/-1 -1/-1 -1/-1 -1/-1 -1/-1 -1/-1 -1/-1 -1/-1 -1/-1 -1/-1 -1/-1 -1/-1 -1/-1 -1/-1 -1/-1 -1/-1 -1/-1 -1/-1 -1/-1 -1/-1 -1/-1 -1/-1 -1/-1 -1/-1 -1/-1 -1/-1 -1/-1 -1/-1 -1/-1 -1/-1 -1/-1 -1/-1 -1/-1 -1/-1 -1/-1 -1/-1 -1/-1 -1/-1 -1/-1 -1/-1 -1/-1 -1/-1 -1/-1 -1/-1 -1/-1 -1/-1 -1/-1 -1/-1 -1/-1 -1/-1 -1/-1 -1/-1 -1/-1 -1/-1 -1/-1 -1/-1 -1/-1 -1/-1 -1/-1 -1/-1 -1/-1 -1/-1 -1/-1 -1/-1 -1/-1 -1/-1 -1/-1 -1/-1 -1/-1 -1/-1 -1/-1 -1/-1 -1/-1 -1/-1 -1/-1 -1/-1 -1/-1 -1/-1 -1/-1 -1/-1 -1/-1 -1/-1 -1/-1 -1/-1 -1/-1 -1/-1 -1/-1 -1/-1 -1/-1 -1/-1 -1/-1 -1/-1 -1/-1 -1/-1 -1/-1 -1/-1 -1/-1 -1/-1 -1/-1 -1/-1 -1/-1 -1/-1 -1/-1 -1/-1 -1/-1 -1/-1 -1/-1 -1/-1 -1/-1 -1/-1 -1/-1 -1/-1 -1/-1 -1/-1 -1/-1 -1/-1 -1/-1 -1/-1 -1/-1 -1/-1 -1/-1 -1/-1 -1/-1 -1/-1 -1/-1 -1/-1 -1/-1 -1/-1 -1/-1 -1/-1 -1/-1 -1/-1 -1/-1 -1/-1 -1/-1 -1/-1 -1/-1 -1/-1 -1/-1 -1/-1 -1/-1 -1/-1 -1/-1 -1/-1 -1/-1 -1/-1 -1/-1 -1/-1 -1/-1 -1/-1 -1/-1 -1/-1 -1/-1 -1/-1 -1/-1 -1/-1 -1/-1 -1/-1 -1/-1 -1/-1 -1/-1 -1/-1 -1/-1 -1/-1 -1/-1 -1/-1 -1/-1 -1/-1 -1/-1 -1/-1 -1/-1 -1/-1 -1/-1 -1/-1 -1/-1 -1/-1 -1/-1 -1/-1 -1/-1 -1/-1 -1/-1 -1/-1 -1/-1 -1/-1 -1/-1 -1/-1 -1/-1 -1/-1 -1/-1 -1/-1 -1/-1 -1/-1 -1/-1 -1/-1 -1/-1 -1/-1 -1/-1 -1/-1 -1/-1 -1/-1 -1/-1 -1/-1 -1/-1 -1/-1 -1/-1 -1/-1 -1/-1 -1/-1 -1/-1 -1/-1 -1/-1 -1/-1 -1/-1 -1/-1 -1/-1 -1/-1 -1/-1 -1/-1 -1/-1 -1/-1 -1/-1 -1/-1 -1/-1 -1/-1 -1/-1 -1/-1 -1/-1 -1/-1 -1/-1 -1/-1 -1/-1 -1/-1 -1/-1 -1/-1 -1/-1 -1/-1 -1/-1 -1/-1 -1/-1 -1/-1 -1/-1 -1/-1 -1/-1 -1/-1 -1/-1 -1/-1 -1/-1 -1/-1 -1/-1 -1/-1 -1/-1 -1/-1 -1/-1 -1/-1 -1/-1 -1/-1 -1/-1 -1/-1 -1/-1 -1/-1 -1/-1 -1/-1 -1/-1 -1/-1 -1/-1 -1/-1 -1/-1 -1/-1 -1/-1 -1/-1 -1/-1 -1/-1 -1/-1 -1/-1 -1/-1 -1/-1 -1/-1 -1/-1 -1/-1 -1/-1 -1/-1 -1/-1 -1/-1 -1/-1 -1/-1 -1/-1 -1/-1 -1/-1 -1/-1
t31.stop_reason = satisfiable
t31.restarts = 2
t31.nogoods_size = 36
t31.nodes = 3
t31.propagations = 3
t10.stop_reason = aborted
t10.restarts = 2
t10.nogoods_size = 36
t10.nodes = 2
t10.propagations = 2
t2.stop_reason = aborted
t2.restarts = 2
t2.nogoods_size = 36
t2.nodes = 2
t2.propagations = 2
t0.stop_reason = aborted
t0.restarts = 2
t0.nogoods_size = 36
t0.nodes = 2
t0.propagations = 2
t4.stop_reason = aborted
t4.restarts = 2
t4.nogoods_size = 36
t4.nodes = 2
t4.propagations = 2
t9.stop_reason = aborted
t9.restarts = 2
t9.nogoods_size = 36
t9.nodes = 2
t9.propagations = 2
t5.stop_reason = aborted
t5.restarts = 2
t5.nogoods_size = 36
t5.nodes = 2
t5.propagations = 2
t19.stop_reason = aborted
t19.restarts = 2
t19.nogoods_size = 36
t19.nodes = 2
t19.propagations = 2
t30.stop_reason = aborted
t30.restarts = 2
t30.nogoods_size = 36
t30.nodes = 2
t30.propagations = 2
t1.stop_reason = aborted
t1.restarts = 2
t1.nogoods_size = 36
t1.nodes = 2
t1.propagations = 2
t18.stop_reason = aborted
t18.restarts = 2
t18.nogoods_size = 36
t18.nodes = 2
t18.propagations = 2
t8.stop_reason = aborted
t8.restarts = 2
t8.nogoods_size = 36
t8.nodes = 2
t8.propagations = 2
t21.stop_reason = aborted
t21.restarts = 2
t21.nogoods_size = 36
t21.nodes = 2
t21.propagations = 2
t14.stop_reason = aborted
t14.restarts = 2
t14.nogoods_size = 36
t14.nodes = 2
t14.propagations = 2
t28.stop_reason = aborted
t28.restarts = 2
t28.nogoods_size = 36
t28.nodes = 2
t28.propagations = 2
t25.stop_reason = aborted
t25.restarts = 2
t25.nogoods_size = 36
t25.nodes = 2
t25.propagations = 2
t27.stop_reason = aborted
t27.restarts = 2
t27.nogoods_size = 36
t27.nodes = 2
t27.propagations = 2
t29.stop_reason = aborted
t29.restarts = 2
t29.nogoods_size = 36
t29.nodes = 2
t29.propagations = 2
t32.stop_reason = aborted
t32.restarts = 2
t32.nogoods_size = 36
t32.nodes = 2
t32.propagations = 2
t35.stop_reason = aborted
t35.restarts = 2
t35.nogoods_size = 36
t35.nodes = 2
t35.propagations = 2
t34.stop_reason = aborted
t34.restarts = 2
t34.nogoods_size = 36
t34.nodes = 2
t34.propagations = 2
t33.stop_reason = aborted
t33.restarts = 2
t33.nogoods_size = 36
t33.nodes = 2
t33.propagations = 2
t13.stop_reason = aborted
t13.restarts = 2
t13.nogoods_size = 36
t13.nodes = 2
t13.propagations = 2
t17.stop_reason = aborted
t17.restarts = 2
t17.nogoods_size = 36
t17.nodes = 2
t17.propagations = 2
t11.stop_reason = aborted
t11.restarts = 2
t11.nogoods_size = 36
t11.nodes = 2
t11.propagations = 2
t3.stop_reason = aborted
t3.restarts = 2
t3.nogoods_size = 36
t3.nodes = 2
t3.propagations = 2
t7.stop_reason = aborted
t7.restarts = 2
t7.nogoods_size = 36
t7.nodes = 2
t7.propagations = 2
t12.stop_reason = aborted
t12.restarts = 2
t12.nogoods_size = 36
t12.nodes = 2
t12.propagations = 2
t6.stop_reason = aborted
t6.restarts = 2
t6.nogoods_size = 36
t6.nodes = 2
t6.propagations = 2
t15.stop_reason = aborted
t15.restarts = 2
t15.nogoods_size = 36
t15.nodes = 2
t15.propagations = 2
t16.stop_reason = aborted
t16.restarts = 2
t16.nogoods_size = 36
t16.nodes = 2
t16.propagations = 2
t24.stop_reason = aborted
t24.restarts = 2
t24.nogoods_size = 36
t24.nodes = 2
t24.propagations = 2
t23.stop_reason = aborted
t23.restarts = 2
t23.nogoods_size = 36
t23.nodes = 2
t23.propagations = 2
t20.stop_reason = aborted
t20.restarts = 2
t20.nogoods_size = 36
t20.nodes = 2
t20.propagations = 2
t22.stop_reason = aborted
t22.restarts = 2
t22.nogoods_size = 36
t22.nodes = 2
t22.propagations = 2
t26.stop_reason = aborted
t26.restarts = 2
t26.nogoods_size = 36
t26.nodes = 2
t26.propagations = 2
search_time = 139
