hostname = r1i2n10
commandline = ../glasgow/mpi_solve_subgraph_isomorphism --timeout 1000 --format lad --geometric-restarts=1.0 --restarts-constant=5400 --triggered-restarts --threads 18 --value-ordering=random ../instances/LV/g18 ../instances/LV/g43
started_at = 2018-11-20 17:15:18
pattern_file = ../instances/LV/g18
target_file = ../instances/LV/g43
status = aborted
nodes = 13652979109
propagations = 41985709328
runtime = 1052421
h0.t14.stop_reason = aborted
h0.t14.restarts = 2830
h0.t14.nogoods_size = 11392305
h0.t14.nodes = 88757788
h0.t14.propagations = 88757788
h0.t2.stop_reason = aborted
h0.t2.restarts = 2830
h0.t2.nogoods_size = 11392305
h0.t2.nodes = 88487933
h0.t2.propagations = 88487933
h0.t8.stop_reason = aborted
h0.t8.restarts = 2830
h0.t8.nogoods_size = 11392305
h0.t8.nodes = 89129941
h0.t8.propagations = 89129941
h0.t5.stop_reason = aborted
h0.t5.restarts = 2830
h0.t5.nogoods_size = 11392305
h0.t5.nodes = 89865254
h0.t5.propagations = 89865254
h0.t15.stop_reason = aborted
h0.t15.restarts = 2830
h0.t15.nogoods_size = 11392305
h0.t15.nodes = 87383365
h0.t15.propagations = 87383365
h0.t12.stop_reason = aborted
h0.t12.restarts = 2830
h0.t12.nogoods_size = 11392305
h0.t12.nodes = 90147770
h0.t12.propagations = 90147770
h0.t9.stop_reason = aborted
h0.t9.restarts = 2830
h0.t9.nogoods_size = 11392305
h0.t9.nodes = 89448786
h0.t9.propagations = 89448786
h0.t10.stop_reason = aborted
h0.t10.restarts = 2830
h0.t10.nogoods_size = 11392305
h0.t10.nodes = 86723635
h0.t10.propagations = 86723635
h0.t7.stop_reason = aborted
h0.t7.restarts = 2830
h0.t7.nogoods_size = 11392305
h0.t7.nodes = 90279369
h0.t7.propagations = 90279369
h0.t1.stop_reason = aborted
h0.t1.restarts = 2830
h0.t1.nogoods_size = 11392305
h0.t1.nodes = 88797999
h0.t1.propagations = 88797999
h0.t6.stop_reason = aborted
h0.t6.restarts = 2830
h0.t6.nogoods_size = 11392305
h0.t6.nodes = 88810283
h0.t6.propagations = 88810283
h0.t11.stop_reason = aborted
h0.t11.restarts = 2830
h0.t11.nogoods_size = 11392305
h0.t11.nodes = 88201900
h0.t11.propagations = 88201900
h0.t3.stop_reason = aborted
h0.t3.restarts = 2830
h0.t3.nogoods_size = 11392305
h0.t3.nodes = 88587207
h0.t3.propagations = 88587207
h0.t4.stop_reason = aborted
h0.t4.restarts = 2830
h0.t4.nogoods_size = 11392305
h0.t4.nodes = 90176441
h0.t4.propagations = 90176441
h0.t17.stop_reason = aborted
h0.t17.restarts = 2830
h0.t17.nogoods_size = 11392305
h0.t17.nodes = 28396639
h0.t17.propagations = 28396639
h0.t16.stop_reason = aborted
h0.t16.restarts = 2830
h0.t16.nogoods_size = 11392305
h0.t16.nodes = 88101583
h0.t16.propagations = 88101583
h0.t0.stop_reason = aborted
h0.t0.restarts = 2830
h0.t0.nogoods_size = 11392305
h0.t0.nodes = 15338204
h0.t0.propagations = 15338204
h0.t13.stop_reason = aborted
h0.t13.restarts = 2830
h0.t13.nogoods_size = 11392305
h0.t13.nodes = 89832410
h0.t13.propagations = 89832410
h0.search_time = 1000017
h0.nodes = 1466466507
h0.propagations = 4509663959
h1.t12.restarts = 2830
h1.t12.nogoods_size = 11393760
h1.t12.nodes = 90182180
h1.t12.propagations = 90182180
h1.t4.restarts = 2830
h1.t4.nogoods_size = 11393760
h1.t4.nodes = 91543591
h1.t4.propagations = 91543591
h1.t11.restarts = 2830
h1.t11.nogoods_size = 11393760
h1.t11.nodes = 89139285
h1.t11.propagations = 89139285
h1.t3.restarts = 2830
h1.t3.nogoods_size = 11393760
h1.t3.nodes = 89542515
h1.t3.propagations = 89542515
h1.t14.restarts = 2830
h1.t14.nogoods_size = 11393760
h1.t14.nodes = 91871475
h1.t14.propagations = 91871475
h1.t10.restarts = 2830
h1.t10.nogoods_size = 11393760
h1.t10.nodes = 90266785
h1.t10.propagations = 90266785
h1.t6.restarts = 2830
h1.t6.nogoods_size = 11393760
h1.t6.nodes = 91530644
h1.t6.propagations = 91530644
h1.t9.restarts = 2830
h1.t9.nogoods_size = 11393760
h1.t9.nodes = 91079568
h1.t9.propagations = 91079568
h1.t8.restarts = 2830
h1.t8.nogoods_size = 11393760
h1.t8.nodes = 91954638
h1.t8.propagations = 91954638
h1.t1.restarts = 2830
h1.t1.nogoods_size = 11393760
h1.t1.nodes = 89845520
h1.t1.propagations = 89845520
h1.t17.restarts = 2830
h1.t17.nogoods_size = 11393760
h1.t17.nodes = 28235508
h1.t17.propagations = 28235508
h1.t15.restarts = 2830
h1.t15.nogoods_size = 11393760
h1.t15.nodes = 88889898
h1.t15.propagations = 88889898
h1.t2.restarts = 2830
h1.t2.nogoods_size = 11393760
h1.t2.nodes = 91914978
h1.t2.propagations = 91914978
h1.t5.restarts = 2830
h1.t5.nogoods_size = 11393760
h1.t5.nodes = 89153638
h1.t5.propagations = 89153638
h1.t7.restarts = 2830
h1.t7.nogoods_size = 11393760
h1.t7.nodes = 91431432
h1.t7.propagations = 91431432
h1.t16.restarts = 2830
h1.t16.nogoods_size = 11393760
h1.t16.nodes = 88258308
h1.t16.propagations = 88258308
h1.t13.restarts = 2830
h1.t13.nogoods_size = 11393760
h1.t13.nodes = 91630992
h1.t13.propagations = 91630992
h1.t0.restarts = 2830
h1.t0.nogoods_size = 11393760
h1.t0.nodes = 15338986
h1.t0.propagations = 15338986
h1.search_time = 1000020
h1.nodes = 1491809941
h1.propagations = 4591657445
h2.t4.restarts = 2830
h2.t4.nogoods_size = 11367314
h2.t4.nodes = 77423630
h2.t4.propagations = 77423630
h2.t15.restarts = 2830
h2.t15.nogoods_size = 11367314
h2.t15.nodes = 77012733
h2.t15.propagations = 77012733
h2.t7.restarts = 2830
h2.t7.nogoods_size = 11367314
h2.t7.nodes = 78531626
h2.t7.propagations = 78531626
h2.t11.restarts = 2830
h2.t11.nogoods_size = 11367314
h2.t11.nodes = 77853798
h2.t11.propagations = 77853798
h2.t14.restarts = 2830
h2.t14.nogoods_size = 11367314
h2.t14.nodes = 76828428
h2.t14.propagations = 76828428
h2.t5.restarts = 2830
h2.t5.nogoods_size = 11367314
h2.t5.nodes = 78077189
h2.t5.propagations = 78077189
h2.t17.restarts = 2830
h2.t17.nogoods_size = 11367314
h2.t17.nodes = 28917785
h2.t17.propagations = 28917785
h2.t3.restarts = 2830
h2.t3.nogoods_size = 11367314
h2.t3.nodes = 76585858
h2.t3.propagations = 76585858
h2.t13.restarts = 2830
h2.t13.nogoods_size = 11367314
h2.t13.nodes = 78066059
h2.t13.propagations = 78066059
h2.t2.restarts = 2830
h2.t2.nogoods_size = 11367314
h2.t2.nodes = 78100781
h2.t2.propagations = 78100781
h2.t9.restarts = 2830
h2.t9.nogoods_size = 11367314
h2.t9.nodes = 78273156
h2.t9.propagations = 78273156
h2.t8.restarts = 2830
h2.t8.nogoods_size = 11367314
h2.t8.nodes = 78185007
h2.t8.propagations = 78185007
h2.t6.restarts = 2830
h2.t6.nogoods_size = 11367314
h2.t6.nodes = 79209255
h2.t6.propagations = 79209255
h2.t10.restarts = 2830
h2.t10.nogoods_size = 11367314
h2.t10.nodes = 75717070
h2.t10.propagations = 75717070
h2.t1.restarts = 2830
h2.t1.nogoods_size = 11367314
h2.t1.nodes = 77795963
h2.t1.propagations = 77795963
h2.t12.restarts = 2830
h2.t12.nogoods_size = 11367314
h2.t12.nodes = 78292479
h2.t12.propagations = 78292479
h2.t0.restarts = 2830
h2.t0.nogoods_size = 11367314
h2.t0.nodes = 15338423
h2.t0.propagations = 15338423
h2.t16.restarts = 2830
h2.t16.nogoods_size = 11367314
h2.t16.nodes = 76703406
h2.t16.propagations = 76703406
h2.search_time = 1000022
h2.nodes = 1286912646
h2.propagations = 3956711277
h3.t15.restarts = 2830
h3.t15.nogoods_size = 11370395
h3.t15.nodes = 76476040
h3.t15.propagations = 76476040
h3.t8.restarts = 2830
h3.t8.nogoods_size = 11370395
h3.t8.nodes = 77677959
h3.t8.propagations = 77677959
h3.t10.restarts = 2830
h3.t10.nogoods_size = 11370395
h3.t10.nodes = 76551289
h3.t10.propagations = 76551289
h3.t4.restarts = 2830
h3.t4.nogoods_size = 11370395
h3.t4.nodes = 77640838
h3.t4.propagations = 77640838
h3.t16.restarts = 2830
h3.t16.nogoods_size = 11370395
h3.t16.nodes = 77602835
h3.t16.propagations = 77602835
h3.t6.restarts = 2830
h3.t6.nogoods_size = 11370395
h3.t6.nodes = 77475734
h3.t6.propagations = 77475734
h3.t1.restarts = 2830
h3.t1.nogoods_size = 11370395
h3.t1.nodes = 77930818
h3.t1.propagations = 77930818
h3.t3.restarts = 2830
h3.t3.nogoods_size = 11370395
h3.t3.nodes = 77465080
h3.t3.propagations = 77465080
h3.t12.restarts = 2830
h3.t12.nogoods_size = 11370395
h3.t12.nodes = 78486984
h3.t12.propagations = 78486984
h3.t14.restarts = 2830
h3.t14.nogoods_size = 11370395
h3.t14.nodes = 78920066
h3.t14.propagations = 78920066
h3.t2.restarts = 2830
h3.t2.nogoods_size = 11370395
h3.t2.nodes = 78371243
h3.t2.propagations = 78371243
h3.t9.restarts = 2830
h3.t9.nogoods_size = 11370395
h3.t9.nodes = 75892104
h3.t9.propagations = 75892104
h3.t5.restarts = 2830
h3.t5.nogoods_size = 11370395
h3.t5.nodes = 78633457
h3.t5.propagations = 78633457
h3.t13.restarts = 2830
h3.t13.nogoods_size = 11370395
h3.t13.nodes = 78674875
h3.t13.propagations = 78674875
h3.t7.restarts = 2830
h3.t7.nogoods_size = 11370395
h3.t7.nodes = 78660602
h3.t7.propagations = 78660602
h3.t17.restarts = 2830
h3.t17.nogoods_size = 11370395
h3.t17.nodes = 26831143
h3.t17.propagations = 26831143
h3.t0.restarts = 2830
h3.t0.nogoods_size = 11370395
h3.t0.nodes = 15338416
h3.t0.propagations = 15338416
h3.t11.restarts = 2830
h3.t11.nogoods_size = 11370395
h3.t11.nodes = 76133241
h3.t11.propagations = 76133241
h3.search_time = 1000020
h3.nodes = 1284762724
h3.propagations = 3947030566
h4.t8.restarts = 2830
h4.t8.nogoods_size = 11394278
h4.t8.nodes = 88693891
h4.t8.propagations = 88693891
h4.t7.restarts = 2830
h4.t7.nogoods_size = 11394278
h4.t7.nodes = 89571628
h4.t7.propagations = 89571628
h4.t3.restarts = 2830
h4.t3.nogoods_size = 11394278
h4.t3.nodes = 88374417
h4.t3.propagations = 88374417
h4.t10.restarts = 2830
h4.t10.nogoods_size = 11394278
h4.t10.nodes = 86641644
h4.t10.propagations = 86641644
h4.t15.restarts = 2830
h4.t15.nogoods_size = 11394278
h4.t15.nodes = 88293810
h4.t15.propagations = 88293810
h4.t4.restarts = 2830
h4.t4.nogoods_size = 11394278
h4.t4.nodes = 87409327
h4.t4.propagations = 87409327
h4.t6.restarts = 2830
h4.t6.nogoods_size = 11394278
h4.t6.nodes = 89261012
h4.t6.propagations = 89261012
h4.t9.restarts = 2830
h4.t9.nogoods_size = 11394278
h4.t9.nodes = 88128639
h4.t9.propagations = 88128639
h4.t1.restarts = 2830
h4.t1.nogoods_size = 11394278
h4.t1.nodes = 89114813
h4.t1.propagations = 89114813
h4.t5.restarts = 2830
h4.t5.nogoods_size = 11394278
h4.t5.nodes = 88681509
h4.t5.propagations = 88681509
h4.t14.restarts = 2830
h4.t14.nogoods_size = 11394278
h4.t14.nodes = 86875890
h4.t14.propagations = 86875890
h4.t12.restarts = 2830
h4.t12.nogoods_size = 11394278
h4.t12.nodes = 88869903
h4.t12.propagations = 88869903
h4.t17.restarts = 2830
h4.t17.nogoods_size = 11394278
h4.t17.nodes = 27885085
h4.t17.propagations = 27885085
h4.t0.restarts = 2830
h4.t0.nogoods_size = 11394278
h4.t0.nodes = 15338951
h4.t0.propagations = 15338951
h4.t16.restarts = 2830
h4.t16.nogoods_size = 11394278
h4.t16.nodes = 88202781
h4.t16.propagations = 88202781
h4.t2.restarts = 2830
h4.t2.nogoods_size = 11394278
h4.t2.nodes = 89390662
h4.t2.propagations = 89390662
h4.t13.restarts = 2830
h4.t13.nogoods_size = 11394278
h4.t13.nodes = 88718314
h4.t13.propagations = 88718314
h4.t11.restarts = 2830
h4.t11.nogoods_size = 11394278
h4.t11.nodes = 88472135
h4.t11.propagations = 88472135
h4.search_time = 1000022
h4.nodes = 1457924411
h4.propagations = 4478338037
h5.t11.restarts = 2830
h5.t11.nogoods_size = 11391170
h5.t11.nodes = 89298140
h5.t11.propagations = 89298140
h5.t6.restarts = 2830
h5.t6.nogoods_size = 11391170
h5.t6.nodes = 91998704
h5.t6.propagations = 91998704
h5.t4.restarts = 2830
h5.t4.nogoods_size = 11391170
h5.t4.nodes = 89579610
h5.t4.propagations = 89579610
h5.t14.restarts = 2830
h5.t14.nogoods_size = 11391170
h5.t14.nodes = 90787544
h5.t14.propagations = 90787544
h5.t3.restarts = 2830
h5.t3.nogoods_size = 11391170
h5.t3.nodes = 90165190
h5.t3.propagations = 90165190
h5.t16.restarts = 2830
h5.t16.nogoods_size = 11391170
h5.t16.nodes = 90548157
h5.t16.propagations = 90548157
h5.t9.restarts = 2830
h5.t9.nogoods_size = 11391170
h5.t9.nodes = 91824000
h5.t9.propagations = 91824000
h5.t8.restarts = 2830
h5.t8.nogoods_size = 11391170
h5.t8.nodes = 91432595
h5.t8.propagations = 91432595
h5.t13.restarts = 2830
h5.t13.nogoods_size = 11391170
h5.t13.nodes = 91812326
h5.t13.propagations = 91812326
h5.t7.restarts = 2830
h5.t7.nogoods_size = 11391170
h5.t7.nodes = 90817366
h5.t7.propagations = 90817366
h5.t1.restarts = 2830
h5.t1.nogoods_size = 11391170
h5.t1.nodes = 90763374
h5.t1.propagations = 90763374
h5.t10.restarts = 2830
h5.t10.nogoods_size = 11391170
h5.t10.nodes = 90317585
h5.t10.propagations = 90317585
h5.t17.restarts = 2830
h5.t17.nogoods_size = 11391170
h5.t17.nodes = 28965460
h5.t17.propagations = 28965460
h5.t15.restarts = 2830
h5.t15.nogoods_size = 11391170
h5.t15.nodes = 90695325
h5.t15.propagations = 90695325
h5.t2.restarts = 2830
h5.t2.nogoods_size = 11391170
h5.t2.nodes = 89368593
h5.t2.propagations = 89368593
h5.t12.restarts = 2830
h5.t12.nogoods_size = 11391170
h5.t12.nodes = 91464513
h5.t12.propagations = 91464513
h5.t5.restarts = 2830
h5.t5.nogoods_size = 11391170
h5.t5.nodes = 90442915
h5.t5.propagations = 90442915
h5.t0.restarts = 2830
h5.t0.nogoods_size = 11391170
h5.t0.nodes = 15338850
h5.t0.propagations = 15338850
h5.search_time = 1000022
h5.nodes = 1495620247
h5.propagations = 4601988125
h6.t7.restarts = 2830
h6.t7.nogoods_size = 11368602
h6.t7.nodes = 77354481
h6.t7.propagations = 77354481
h6.t8.restarts = 2830
h6.t8.nogoods_size = 11368602
h6.t8.nodes = 76110614
h6.t8.propagations = 76110614
h6.t11.restarts = 2830
h6.t11.nogoods_size = 11368602
h6.t11.nodes = 75891905
h6.t11.propagations = 75891905
h6.t17.restarts = 2830
h6.t17.nogoods_size = 11368602
h6.t17.nodes = 27350495
h6.t17.propagations = 27350495
h6.t12.restarts = 2830
h6.t12.nogoods_size = 11368602
h6.t12.nodes = 77533222
h6.t12.propagations = 77533222
h6.t10.restarts = 2830
h6.t10.nogoods_size = 11368602
h6.t10.nodes = 80105967
h6.t10.propagations = 80105967
h6.t4.restarts = 2830
h6.t4.nogoods_size = 11368602
h6.t4.nodes = 76868242
h6.t4.propagations = 76868242
h6.t15.restarts = 2830
h6.t15.nogoods_size = 11368602
h6.t15.nodes = 76501219
h6.t15.propagations = 76501219
h6.t16.restarts = 2830
h6.t16.nogoods_size = 11368602
h6.t16.nodes = 77541623
h6.t16.propagations = 77541623
h6.t5.restarts = 2830
h6.t5.nogoods_size = 11368602
h6.t5.nodes = 77263655
h6.t5.propagations = 77263655
h6.t14.restarts = 2830
h6.t14.nogoods_size = 11368602
h6.t14.nodes = 77362639
h6.t14.propagations = 77362639
h6.t9.restarts = 2830
h6.t9.nogoods_size = 11368602
h6.t9.nodes = 75992233
h6.t9.propagations = 75992233
h6.t13.restarts = 2830
h6.t13.nogoods_size = 11368602
h6.t13.nodes = 75929756
h6.t13.propagations = 75929756
h6.t2.restarts = 2830
h6.t2.nogoods_size = 11368602
h6.t2.nodes = 77233865
h6.t2.propagations = 77233865
h6.t1.restarts = 2830
h6.t1.nogoods_size = 11368602
h6.t1.nodes = 76459430
h6.t1.propagations = 76459430
h6.t3.restarts = 2830
h6.t3.nogoods_size = 11368602
h6.t3.nodes = 74731423
h6.t3.propagations = 74731423
h6.t6.restarts = 2830
h6.t6.nogoods_size = 11368602
h6.t6.nodes = 76026382
h6.t6.propagations = 76026382
h6.t0.restarts = 2830
h6.t0.nogoods_size = 11368602
h6.t0.nodes = 15338771
h6.t0.propagations = 15338771
h6.search_time = 1000021
h6.nodes = 1271595922
h6.propagations = 3911397352
h7.t16.restarts = 2830
h7.t16.nogoods_size = 11368960
h7.t16.nodes = 83953791
h7.t16.propagations = 83953791
h7.t2.restarts = 2830
h7.t2.nogoods_size = 11368960
h7.t2.nodes = 78371668
h7.t2.propagations = 78371668
h7.t4.restarts = 2830
h7.t4.nogoods_size = 11368960
h7.t4.nodes = 77543177
h7.t4.propagations = 77543177
h7.t10.restarts = 2830
h7.t10.nogoods_size = 11368960
h7.t10.nodes = 77403549
h7.t10.propagations = 77403549
h7.t13.restarts = 2830
h7.t13.nogoods_size = 11368960
h7.t13.nodes = 78418310
h7.t13.propagations = 78418310
h7.t1.restarts = 2830
h7.t1.nogoods_size = 11368960
h7.t1.nodes = 77963460
h7.t1.propagations = 77963460
h7.t11.restarts = 2830
h7.t11.nogoods_size = 11368960
h7.t11.nodes = 77461168
h7.t11.propagations = 77461168
h7.t5.restarts = 2830
h7.t5.nogoods_size = 11368960
h7.t5.nodes = 77450201
h7.t5.propagations = 77450201
h7.t6.restarts = 2830
h7.t6.nogoods_size = 11368960
h7.t6.nodes = 78632327
h7.t6.propagations = 78632327
h7.t17.restarts = 2830
h7.t17.nogoods_size = 11368960
h7.t17.nodes = 28074114
h7.t17.propagations = 28074114
h7.t7.restarts = 2830
h7.t7.nogoods_size = 11368960
h7.t7.nodes = 77953757
h7.t7.propagations = 77953757
h7.t8.restarts = 2830
h7.t8.nogoods_size = 11368960
h7.t8.nodes = 78089968
h7.t8.propagations = 78089968
h7.t14.restarts = 2830
h7.t14.nogoods_size = 11368960
h7.t14.nodes = 78431684
h7.t14.propagations = 78431684
h7.t0.restarts = 2830
h7.t0.nogoods_size = 11368960
h7.t0.nodes = 15338743
h7.t0.propagations = 15338743
h7.t3.restarts = 2830
h7.t3.nogoods_size = 11368960
h7.t3.nodes = 77111112
h7.t3.propagations = 77111112
h7.t9.restarts = 2830
h7.t9.nogoods_size = 11368960
h7.t9.nodes = 78314378
h7.t9.propagations = 78314378
h7.t15.restarts = 2830
h7.t15.nogoods_size = 11368960
h7.t15.nodes = 77093548
h7.t15.propagations = 77093548
h7.t12.restarts = 2830
h7.t12.nogoods_size = 11368960
h7.t12.nodes = 78381357
h7.t12.propagations = 78381357
h7.search_time = 1000019
h7.nodes = 1295986312
h7.propagations = 3983860618
h8.t12.restarts = 2830
h8.t12.nogoods_size = 11371697
h8.t12.nodes = 78174368
h8.t12.propagations = 78174368
h8.t16.restarts = 2830
h8.t16.nogoods_size = 11371697
h8.t16.nodes = 77753837
h8.t16.propagations = 77753837
h8.t2.restarts = 2830
h8.t2.nogoods_size = 11371697
h8.t2.nodes = 76837827
h8.t2.propagations = 76837827
h8.t15.restarts = 2830
h8.t15.nogoods_size = 11371697
h8.t15.nodes = 77148366
h8.t15.propagations = 77148366
h8.t1.restarts = 2830
h8.t1.nogoods_size = 11371697
h8.t1.nodes = 77372674
h8.t1.propagations = 77372674
h8.t4.restarts = 2830
h8.t4.nogoods_size = 11371697
h8.t4.nodes = 77962125
h8.t4.propagations = 77962125
h8.t14.restarts = 2830
h8.t14.nogoods_size = 11371697
h8.t14.nodes = 76927301
h8.t14.propagations = 76927301
h8.t8.restarts = 2830
h8.t8.nogoods_size = 11371697
h8.t8.nodes = 78154743
h8.t8.propagations = 78154743
h8.t13.restarts = 2830
h8.t13.nogoods_size = 11371697
h8.t13.nodes = 77398207
h8.t13.propagations = 77398207
h8.t11.restarts = 2830
h8.t11.nogoods_size = 11371697
h8.t11.nodes = 77573988
h8.t11.propagations = 77573988
h8.t0.restarts = 2830
h8.t0.nogoods_size = 11371697
h8.t0.nodes = 15338605
h8.t0.propagations = 15338605
h8.t7.restarts = 2830
h8.t7.nogoods_size = 11371697
h8.t7.nodes = 78813850
h8.t7.propagations = 78813850
h8.t9.restarts = 2830
h8.t9.nogoods_size = 11371697
h8.t9.nodes = 77916461
h8.t9.propagations = 77916461
h8.t17.restarts = 2830
h8.t17.nogoods_size = 11371697
h8.t17.nodes = 27798173
h8.t17.propagations = 27798173
h8.t5.restarts = 2830
h8.t5.nogoods_size = 11371697
h8.t5.nodes = 77087701
h8.t5.propagations = 77087701
h8.t3.restarts = 2830
h8.t3.nogoods_size = 11371697
h8.t3.nodes = 77909723
h8.t3.propagations = 77909723
h8.t6.restarts = 2830
h8.t6.nogoods_size = 11371697
h8.t6.nodes = 77368263
h8.t6.propagations = 77368263
h8.t10.restarts = 2830
h8.t10.nogoods_size = 11371697
h8.t10.nodes = 76983128
h8.t10.propagations = 76983128
h8.search_time = 1000021
h8.nodes = 1284519340
h8.propagations = 3951289084
h9.t17.restarts = 2830
h9.t17.nogoods_size = 11368484
h9.t17.nodes = 29279798
h9.t17.propagations = 29279798
h9.t12.restarts = 2830
h9.t12.nogoods_size = 11368484
h9.t12.nodes = 78391203
h9.t12.propagations = 78391203
h9.t14.restarts = 2830
h9.t14.nogoods_size = 11368484
h9.t14.nodes = 80226509
h9.t14.propagations = 80226509
h9.t6.restarts = 2830
h9.t6.nogoods_size = 11368484
h9.t6.nodes = 80174656
h9.t6.propagations = 80174656
h9.t11.restarts = 2830
h9.t11.nogoods_size = 11368484
h9.t11.nodes = 78165536
h9.t11.propagations = 78165536
h9.t15.restarts = 2830
h9.t15.nogoods_size = 11368484
h9.t15.nodes = 78688137
h9.t15.propagations = 78688137
h9.t13.restarts = 2830
h9.t13.nogoods_size = 11368484
h9.t13.nodes = 80989918
h9.t13.propagations = 80989918
h9.t8.restarts = 2830
h9.t8.nogoods_size = 11368484
h9.t8.nodes = 79516300
h9.t8.propagations = 79516300
h9.t9.restarts = 2830
h9.t9.nogoods_size = 11368484
h9.t9.nodes = 79403811
h9.t9.propagations = 79403811
h9.t7.restarts = 2830
h9.t7.nogoods_size = 11368484
h9.t7.nodes = 80561920
h9.t7.propagations = 80561920
h9.t10.restarts = 2830
h9.t10.nogoods_size = 11368484
h9.t10.nodes = 78196734
h9.t10.propagations = 78196734
h9.t3.restarts = 2830
h9.t3.nogoods_size = 11368484
h9.t3.nodes = 79880470
h9.t3.propagations = 79880470
h9.t4.restarts = 2830
h9.t4.nogoods_size = 11368484
h9.t4.nodes = 79412588
h9.t4.propagations = 79412588
h9.t2.restarts = 2830
h9.t2.nogoods_size = 11368484
h9.t2.nodes = 79046251
h9.t2.propagations = 79046251
h9.t16.restarts = 2830
h9.t16.nogoods_size = 11368484
h9.t16.nodes = 81109741
h9.t16.propagations = 81109741
h9.t1.restarts = 2830
h9.t1.nogoods_size = 11368484
h9.t1.nodes = 79808430
h9.t1.propagations = 79808430
h9.t0.restarts = 2830
h9.t0.nogoods_size = 11368484
h9.t0.nodes = 15338845
h9.t0.propagations = 15338845
h9.t5.restarts = 2830
h9.t5.nogoods_size = 11368484
h9.t5.nodes = 79190212
h9.t5.propagations = 79190212
h9.search_time = 1000019
h9.nodes = 1317381059
h9.propagations = 4053772865
