hostname = r1i2n10
commandline = ../glasgow/mpi_solve_subgraph_isomorphism --timeout 1000 --format lad --geometric-restarts=1.0 --restarts-constant=5400 --triggered-restarts --threads 18 --value-ordering=random ../instances/LV/g3 ../instances/largerGraphs/g93-normed
started_at = 2018-11-20 17:01:51
pattern_file = ../instances/LV/g3
target_file = ../instances/largerGraphs/g93-normed
status = true
nodes = 361
propagations = 733
mapping = (0 -> 1111) (1 -> 1410) (2 -> 1541) (3 -> 1230) (4 -> 393) (5 -> 165) (6 -> 491) (7 -> 933) (8 -> 274) (9 -> 1620) 
runtime = 1469
h0.t17.stop_reason = aborted
h0.t17.restarts = 2
h0.t17.nogoods_size = 1
h0.t17.nodes = 0
h0.t17.propagations = 0
h0.t0.where = 0/1800 -1/-1 0/162 -1/-1 0/161 -1/-1 0/160 -1/-1 0/96 -1/-1 0/6 -1/-1 0/6 -1/-1 0/54 -1/-1 0/4 -1/-1 0/16 -1/-1
h0.t0.stop_reason = satisfiable
h0.t0.restarts = 2
h0.t0.nogoods_size = 1
h0.t0.nodes = 11
h0.t0.propagations = 11
h0.t1.where = 0/1800 -1/-1 0/196 -1/-1 0/195 -1/-1 0/151 -1/-1 0/40 -1/-1 0/119 -1/-1 0/18 -1/-1 0/52 -1/-1 0/12 -1/-1 0/6 -1/-1
h0.t1.stop_reason = satisfiable
h0.t1.restarts = 2
h0.t1.nogoods_size = 1
h0.t1.nodes = 11
h0.t1.propagations = 11
h0.t3.stop_reason = aborted
h0.t3.restarts = 2
h0.t3.nogoods_size = 1
h0.t3.nodes = 2
h0.t3.propagations = 2
h0.t2.stop_reason = aborted
h0.t2.restarts = 2
h0.t2.nogoods_size = 1
h0.t2.nodes = 7
h0.t2.propagations = 7
h0.t6.stop_reason = aborted
h0.t6.restarts = 2
h0.t6.nogoods_size = 1
h0.t6.nodes = 0
h0.t6.propagations = 0
h0.t4.stop_reason = aborted
h0.t4.restarts = 2
h0.t4.nogoods_size = 1
h0.t4.nodes = 1
h0.t4.propagations = 1
h0.t5.stop_reason = aborted
h0.t5.restarts = 2
h0.t5.nogoods_size = 1
h0.t5.nodes = 1
h0.t5.propagations = 1
h0.t7.stop_reason = aborted
h0.t7.restarts = 2
h0.t7.nogoods_size = 1
h0.t7.nodes = 0
h0.t7.propagations = 0
h0.t8.stop_reason = aborted
h0.t8.restarts = 2
h0.t8.nogoods_size = 1
h0.t8.nodes = 0
h0.t8.propagations = 0
h0.t9.stop_reason = aborted
h0.t9.restarts = 2
h0.t9.nogoods_size = 1
h0.t9.nodes = 0
h0.t9.propagations = 0
h0.t10.stop_reason = aborted
h0.t10.restarts = 2
h0.t10.nogoods_size = 1
h0.t10.nodes = 0
h0.t10.propagations = 0
h0.t11.stop_reason = aborted
h0.t11.restarts = 2
h0.t11.nogoods_size = 1
h0.t11.nodes = 0
h0.t11.propagations = 0
h0.t12.stop_reason = aborted
h0.t12.restarts = 2
h0.t12.nogoods_size = 1
h0.t12.nodes = 0
h0.t12.propagations = 0
h0.t13.stop_reason = aborted
h0.t13.restarts = 2
h0.t13.nogoods_size = 1
h0.t13.nodes = 0
h0.t13.propagations = 0
h0.t14.stop_reason = aborted
h0.t14.restarts = 2
h0.t14.nogoods_size = 1
h0.t14.nodes = 0
h0.t14.propagations = 0
h0.t15.stop_reason = aborted
h0.t15.restarts = 2
h0.t15.nogoods_size = 1
h0.t15.nodes = 0
h0.t15.propagations = 0
h0.t16.stop_reason = aborted
h0.t16.restarts = 2
h0.t16.nogoods_size = 1
h0.t16.nodes = 0
h0.t16.propagations = 0
h0.search_time = 22
h0.nodes = 33
h0.propagations = 74
h1.t2.stop_reason = aborted
h1.t2.restarts = 2
h1.t2.nogoods_size = 1
h1.t2.nodes = 3
h1.t2.propagations = 3
h1.t3.stop_reason = aborted
h1.t3.restarts = 2
h1.t3.nogoods_size = 1
h1.t3.nodes = 1
h1.t3.propagations = 1
h1.t4.stop_reason = aborted
h1.t4.restarts = 2
h1.t4.nogoods_size = 1
h1.t4.nodes = 0
h1.t4.propagations = 0
h1.t5.stop_reason = aborted
h1.t5.restarts = 2
h1.t5.nogoods_size = 1
h1.t5.nodes = 0
h1.t5.propagations = 0
h1.t7.stop_reason = aborted
h1.t7.restarts = 2
h1.t7.nogoods_size = 1
h1.t7.nodes = 0
h1.t7.propagations = 0
h1.t6.stop_reason = aborted
h1.t6.restarts = 2
h1.t6.nogoods_size = 1
h1.t6.nodes = 0
h1.t6.propagations = 0
h1.t8.stop_reason = aborted
h1.t8.restarts = 2
h1.t8.nogoods_size = 1
h1.t8.nodes = 0
h1.t8.propagations = 0
h1.t10.stop_reason = aborted
h1.t10.restarts = 2
h1.t10.nogoods_size = 1
h1.t10.nodes = 0
h1.t10.propagations = 0
h1.t11.stop_reason = aborted
h1.t11.restarts = 2
h1.t11.nogoods_size = 1
h1.t11.nodes = 0
h1.t11.propagations = 0
h1.t9.stop_reason = aborted
h1.t9.restarts = 2
h1.t9.nogoods_size = 1
h1.t9.nodes = 0
h1.t9.propagations = 0
h1.t13.stop_reason = aborted
h1.t13.restarts = 2
h1.t13.nogoods_size = 1
h1.t13.nodes = 0
h1.t13.propagations = 0
h1.t14.stop_reason = aborted
h1.t14.restarts = 2
h1.t14.nogoods_size = 1
h1.t14.nodes = 0
h1.t14.propagations = 0
h1.t12.stop_reason = aborted
h1.t12.restarts = 2
h1.t12.nogoods_size = 1
h1.t12.nodes = 0
h1.t12.propagations = 0
h1.t15.stop_reason = aborted
h1.t15.restarts = 2
h1.t15.nogoods_size = 1
h1.t15.nodes = 0
h1.t15.propagations = 0
h1.t1.where = 0/1800 -1/-1 0/356 -1/-1 0/161 -1/-1 0/152 -1/-1 0/36 -1/-1 0/120 -1/-1 0/12 -1/-1 0/6 -1/-1 0/17 -1/-1 0/16 -1/-1
h1.t1.stop_reason = satisfiable
h1.t1.restarts = 2
h1.t1.nogoods_size = 1
h1.t1.nodes = 11
h1.t1.propagations = 11
h1.t17.stop_reason = aborted
h1.t17.restarts = 2
h1.t17.nogoods_size = 1
h1.t17.nodes = 0
h1.t17.propagations = 0
h1.t0.where = 0/1800 -1/-1 0/256 -1/-1 0/225 -1/-1 0/181 -1/-1 0/18 -1/-1 0/139 -1/-1 0/18 -1/-1 0/20 -1/-1 0/28 -1/-1 0/11 -1/-1
h1.t0.stop_reason = satisfiable
h1.t0.restarts = 2
h1.t0.nogoods_size = 1
h1.t0.nodes = 11
h1.t0.propagations = 11
h1.t16.stop_reason = aborted
h1.t16.restarts = 2
h1.t16.nogoods_size = 1
h1.t16.nodes = 0
h1.t16.propagations = 0
h1.search_time = 23
h1.nodes = 26
h1.propagations = 43
h2.t17.stop_reason = aborted
h2.t17.restarts = 2
h2.t17.nogoods_size = 1
h2.t17.nodes = 0
h2.t17.propagations = 0
h2.t0.where = 0/1800 -1/-1 0/162 -1/-1 0/161 -1/-1 0/160 -1/-1 0/139 -1/-1 0/6 -1/-1 0/10 -1/-1 0/27 -1/-1 0/25 -1/-1 0/26 -1/-1
h2.t0.stop_reason = satisfiable
h2.t0.restarts = 2
h2.t0.nogoods_size = 1
h2.t0.nodes = 11
h2.t0.propagations = 11
h2.t1.stop_reason = aborted
h2.t1.restarts = 2
h2.t1.nogoods_size = 1
h2.t1.nodes = 10
h2.t1.propagations = 10
h2.t2.stop_reason = aborted
h2.t2.restarts = 2
h2.t2.nogoods_size = 1
h2.t2.nodes = 9
h2.t2.propagations = 9
h2.t4.stop_reason = aborted
h2.t4.restarts = 2
h2.t4.nogoods_size = 1
h2.t4.nodes = 2
h2.t4.propagations = 2
h2.t3.stop_reason = aborted
h2.t3.restarts = 2
h2.t3.nogoods_size = 1
h2.t3.nodes = 9
h2.t3.propagations = 9
h2.t5.stop_reason = aborted
h2.t5.restarts = 2
h2.t5.nogoods_size = 1
h2.t5.nodes = 1
h2.t5.propagations = 1
h2.t7.stop_reason = aborted
h2.t7.restarts = 2
h2.t7.nogoods_size = 1
h2.t7.nodes = 0
h2.t7.propagations = 0
h2.t8.stop_reason = aborted
h2.t8.restarts = 2
h2.t8.nogoods_size = 1
h2.t8.nodes = 0
h2.t8.propagations = 0
h2.t6.stop_reason = aborted
h2.t6.restarts = 2
h2.t6.nogoods_size = 1
h2.t6.nodes = 1
h2.t6.propagations = 1
h2.t9.stop_reason = aborted
h2.t9.restarts = 2
h2.t9.nogoods_size = 1
h2.t9.nodes = 0
h2.t9.propagations = 0
h2.t10.stop_reason = aborted
h2.t10.restarts = 2
h2.t10.nogoods_size = 1
h2.t10.nodes = 0
h2.t10.propagations = 0
h2.t11.stop_reason = aborted
h2.t11.restarts = 2
h2.t11.nogoods_size = 1
h2.t11.nodes = 0
h2.t11.propagations = 0
h2.t12.stop_reason = aborted
h2.t12.restarts = 2
h2.t12.nogoods_size = 1
h2.t12.nodes = 0
h2.t12.propagations = 0
h2.t13.stop_reason = aborted
h2.t13.restarts = 2
h2.t13.nogoods_size = 1
h2.t13.nodes = 0
h2.t13.propagations = 0
h2.t14.stop_reason = aborted
h2.t14.restarts = 2
h2.t14.nogoods_size = 1
h2.t14.nodes = 0
h2.t14.propagations = 0
h2.t15.stop_reason = aborted
h2.t15.restarts = 2
h2.t15.nogoods_size = 1
h2.t15.nodes = 0
h2.t15.propagations = 0
h2.t16.stop_reason = aborted
h2.t16.restarts = 2
h2.t16.nogoods_size = 1
h2.t16.nodes = 0
h2.t16.propagations = 0
h2.search_time = 21
h2.nodes = 43
h2.propagations = 110
h3.t1.where = 0/1800 -1/-1 0/196 -1/-1 0/195 -1/-1 0/152 -1/-1 0/59 -1/-1 0/120 -1/-1 0/12 -1/-1 0/47 -1/-1 0/36 -1/-1 0/6 -1/-1
h3.t1.stop_reason = satisfiable
h3.t1.restarts = 2
h3.t1.nogoods_size = 1
h3.t1.nodes = 11
h3.t1.propagations = 11
h3.t3.stop_reason = aborted
h3.t3.restarts = 2
h3.t3.nogoods_size = 1
h3.t3.nodes = 6
h3.t3.propagations = 6
h3.t4.stop_reason = aborted
h3.t4.restarts = 2
h3.t4.nogoods_size = 1
h3.t4.nodes = 4
h3.t4.propagations = 4
h3.t16.stop_reason = aborted
h3.t16.restarts = 2
h3.t16.nogoods_size = 1
h3.t16.nodes = 0
h3.t16.propagations = 0
h3.t17.stop_reason = aborted
h3.t17.restarts = 2
h3.t17.nogoods_size = 1
h3.t17.nodes = 0
h3.t17.propagations = 0
h3.t6.stop_reason = aborted
h3.t6.restarts = 2
h3.t6.nogoods_size = 1
h3.t6.nodes = 1
h3.t6.propagations = 1
h3.t9.stop_reason = aborted
h3.t9.restarts = 2
h3.t9.nogoods_size = 1
h3.t9.nodes = 0
h3.t9.propagations = 0
h3.t5.stop_reason = aborted
h3.t5.restarts = 2
h3.t5.nogoods_size = 1
h3.t5.nodes = 1
h3.t5.propagations = 1
h3.t13.stop_reason = aborted
h3.t13.restarts = 2
h3.t13.nogoods_size = 1
h3.t13.nodes = 0
h3.t13.propagations = 0
h3.t8.stop_reason = aborted
h3.t8.restarts = 2
h3.t8.nogoods_size = 1
h3.t8.nodes = 0
h3.t8.propagations = 0
h3.t11.stop_reason = aborted
h3.t11.restarts = 2
h3.t11.nogoods_size = 1
h3.t11.nodes = 0
h3.t11.propagations = 0
h3.t14.stop_reason = aborted
h3.t14.restarts = 2
h3.t14.nogoods_size = 1
h3.t14.nodes = 0
h3.t14.propagations = 0
h3.t7.stop_reason = aborted
h3.t7.restarts = 2
h3.t7.nogoods_size = 1
h3.t7.nodes = 0
h3.t7.propagations = 0
h3.t2.stop_reason = aborted
h3.t2.restarts = 2
h3.t2.nogoods_size = 1
h3.t2.nodes = 10
h3.t2.propagations = 10
h3.t10.stop_reason = aborted
h3.t10.restarts = 2
h3.t10.nogoods_size = 1
h3.t10.nodes = 0
h3.t10.propagations = 0
h3.t0.where = 0/1800 -1/-1 0/222 -1/-1 0/221 -1/-1 0/220 -1/-1 0/147 -1/-1 0/6 -1/-1 0/38 -1/-1 0/63 -1/-1 0/7 -1/-1 0/3 -1/-1
h3.t0.stop_reason = satisfiable
h3.t0.restarts = 2
h3.t0.nogoods_size = 1
h3.t0.nodes = 11
h3.t0.propagations = 11
h3.t15.stop_reason = aborted
h3.t15.restarts = 2
h3.t15.nogoods_size = 1
h3.t15.nodes = 0
h3.t15.propagations = 0
h3.t12.stop_reason = aborted
h3.t12.restarts = 2
h3.t12.nogoods_size = 1
h3.t12.nodes = 0
h3.t12.propagations = 0
h3.search_time = 17
h3.nodes = 44
h3.propagations = 70
h4.t17.stop_reason = aborted
h4.t17.restarts = 2
h4.t17.nogoods_size = 1
h4.t17.nodes = 0
h4.t17.propagations = 0
h4.t0.where = 0/1800 -1/-1 0/162 -1/-1 0/161 -1/-1 0/160 -1/-1 0/80 -1/-1 0/6 -1/-1 0/26 -1/-1 0/39 -1/-1 0/2 -1/-1 0/6 -1/-1
h4.t0.stop_reason = satisfiable
h4.t0.restarts = 2
h4.t0.nogoods_size = 1
h4.t0.nodes = 11
h4.t0.propagations = 11
h4.t2.stop_reason = aborted
h4.t2.restarts = 2
h4.t2.nogoods_size = 1
h4.t2.nodes = 9
h4.t2.propagations = 9
h4.t1.stop_reason = aborted
h4.t1.restarts = 2
h4.t1.nogoods_size = 1
h4.t1.nodes = 10
h4.t1.propagations = 10
h4.t3.stop_reason = aborted
h4.t3.restarts = 2
h4.t3.nogoods_size = 1
h4.t3.nodes = 4
h4.t3.propagations = 4
h4.t4.stop_reason = aborted
h4.t4.restarts = 2
h4.t4.nogoods_size = 1
h4.t4.nodes = 1
h4.t4.propagations = 1
h4.t6.stop_reason = aborted
h4.t6.restarts = 2
h4.t6.nogoods_size = 1
h4.t6.nodes = 0
h4.t6.propagations = 0
h4.t7.stop_reason = aborted
h4.t7.restarts = 2
h4.t7.nogoods_size = 1
h4.t7.nodes = 0
h4.t7.propagations = 0
h4.t5.stop_reason = aborted
h4.t5.restarts = 2
h4.t5.nogoods_size = 1
h4.t5.nodes = 1
h4.t5.propagations = 1
h4.t9.stop_reason = aborted
h4.t9.restarts = 2
h4.t9.nogoods_size = 1
h4.t9.nodes = 0
h4.t9.propagations = 0
h4.t8.stop_reason = aborted
h4.t8.restarts = 2
h4.t8.nogoods_size = 1
h4.t8.nodes = 0
h4.t8.propagations = 0
h4.t10.stop_reason = aborted
h4.t10.restarts = 2
h4.t10.nogoods_size = 1
h4.t10.nodes = 0
h4.t10.propagations = 0
h4.t11.stop_reason = aborted
h4.t11.restarts = 2
h4.t11.nogoods_size = 1
h4.t11.nodes = 0
h4.t11.propagations = 0
h4.t12.stop_reason = aborted
h4.t12.restarts = 2
h4.t12.nogoods_size = 1
h4.t12.nodes = 0
h4.t12.propagations = 0
h4.t13.stop_reason = aborted
h4.t13.restarts = 2
h4.t13.nogoods_size = 1
h4.t13.nodes = 0
h4.t13.propagations = 0
h4.t14.stop_reason = aborted
h4.t14.restarts = 2
h4.t14.nogoods_size = 1
h4.t14.nodes = 0
h4.t14.propagations = 0
h4.t15.stop_reason = aborted
h4.t15.restarts = 2
h4.t15.nogoods_size = 1
h4.t15.nodes = 0
h4.t15.propagations = 0
h4.t16.stop_reason = aborted
h4.t16.restarts = 2
h4.t16.nogoods_size = 1
h4.t16.nodes = 0
h4.t16.propagations = 0
h4.search_time = 22
h4.nodes = 36
h4.propagations = 62
h5.t17.stop_reason = aborted
h5.t17.restarts = 2
h5.t17.nogoods_size = 1
h5.t17.nodes = 0
h5.t17.propagations = 0
h5.t1.where = 0/1800 -1/-1 0/266 -1/-1 0/225 -1/-1 0/151 -1/-1 0/56 -1/-1 0/142 -1/-1 0/6 -1/-1 0/8 -1/-1 0/24 -1/-1 0/10 -1/-1
h5.t1.stop_reason = satisfiable
h5.t1.restarts = 2
h5.t1.nogoods_size = 1
h5.t1.nodes = 11
h5.t1.propagations = 11
h5.t4.stop_reason = aborted
h5.t4.restarts = 2
h5.t4.nogoods_size = 1
h5.t4.nodes = 0
h5.t4.propagations = 0
h5.t3.stop_reason = aborted
h5.t3.restarts = 2
h5.t3.nogoods_size = 1
h5.t3.nodes = 1
h5.t3.propagations = 1
h5.t5.stop_reason = aborted
h5.t5.restarts = 2
h5.t5.nogoods_size = 1
h5.t5.nodes = 0
h5.t5.propagations = 0
h5.t16.stop_reason = aborted
h5.t16.restarts = 2
h5.t16.nogoods_size = 1
h5.t16.nodes = 0
h5.t16.propagations = 0
h5.t7.stop_reason = aborted
h5.t7.restarts = 2
h5.t7.nogoods_size = 1
h5.t7.nodes = 0
h5.t7.propagations = 0
h5.t8.stop_reason = aborted
h5.t8.restarts = 2
h5.t8.nogoods_size = 1
h5.t8.nodes = 0
h5.t8.propagations = 0
h5.t6.stop_reason = aborted
h5.t6.restarts = 2
h5.t6.nogoods_size = 1
h5.t6.nodes = 0
h5.t6.propagations = 0
h5.t10.stop_reason = aborted
h5.t10.restarts = 2
h5.t10.nogoods_size = 1
h5.t10.nodes = 0
h5.t10.propagations = 0
h5.t2.stop_reason = aborted
h5.t2.restarts = 2
h5.t2.nogoods_size = 1
h5.t2.nodes = 2
h5.t2.propagations = 2
h5.t9.stop_reason = aborted
h5.t9.restarts = 2
h5.t9.nogoods_size = 1
h5.t9.nodes = 0
h5.t9.propagations = 0
h5.t13.stop_reason = aborted
h5.t13.restarts = 2
h5.t13.nogoods_size = 1
h5.t13.nodes = 0
h5.t13.propagations = 0
h5.t14.stop_reason = aborted
h5.t14.restarts = 2
h5.t14.nogoods_size = 1
h5.t14.nodes = 0
h5.t14.propagations = 0
h5.t0.where = 0/1800 -1/-1 0/310 -1/-1 0/195 -1/-1 0/168 -1/-1 0/81 -1/-1 0/119 -1/-1 0/11 -1/-1 0/18 -1/-1 0/13 -1/-1 0/6 -1/-1
h5.t0.stop_reason = satisfiable
h5.t0.restarts = 2
h5.t0.nogoods_size = 1
h5.t0.nodes = 11
h5.t0.propagations = 11
h5.t15.stop_reason = aborted
h5.t15.restarts = 2
h5.t15.nogoods_size = 1
h5.t15.nodes = 0
h5.t15.propagations = 0
h5.t11.stop_reason = aborted
h5.t11.restarts = 2
h5.t11.nogoods_size = 1
h5.t11.nodes = 0
h5.t11.propagations = 0
h5.t12.stop_reason = aborted
h5.t12.restarts = 2
h5.t12.nogoods_size = 1
h5.t12.nodes = 0
h5.t12.propagations = 0
h5.search_time = 19
h5.nodes = 25
h5.propagations = 41
h6.t17.stop_reason = aborted
h6.t17.restarts = 2
h6.t17.nogoods_size = 1
h6.t17.nodes = 0
h6.t17.propagations = 0
h6.t0.where = 0/1800 -1/-1 0/222 -1/-1 0/221 -1/-1 0/220 -1/-1 0/161 -1/-1 0/6 -1/-1 0/14 -1/-1 0/68 -1/-1 0/44 -1/-1 0/4 -1/-1
h6.t0.stop_reason = satisfiable
h6.t0.restarts = 2
h6.t0.nogoods_size = 1
h6.t0.nodes = 11
h6.t0.propagations = 11
h6.t5.stop_reason = aborted
h6.t5.restarts = 2
h6.t5.nogoods_size = 1
h6.t5.nodes = 1
h6.t5.propagations = 1
h6.t4.stop_reason = aborted
h6.t4.restarts = 2
h6.t4.nogoods_size = 1
h6.t4.nodes = 2
h6.t4.propagations = 2
h6.t2.stop_reason = aborted
h6.t2.restarts = 2
h6.t2.nogoods_size = 1
h6.t2.nodes = 11
h6.t2.propagations = 11
h6.t3.stop_reason = aborted
h6.t3.restarts = 2
h6.t3.nogoods_size = 1
h6.t3.nodes = 6
h6.t3.propagations = 6
h6.t1.stop_reason = aborted
h6.t1.restarts = 2
h6.t1.nogoods_size = 1
h6.t1.nodes = 11
h6.t1.propagations = 11
h6.t7.stop_reason = aborted
h6.t7.restarts = 2
h6.t7.nogoods_size = 1
h6.t7.nodes = 0
h6.t7.propagations = 0
h6.t6.stop_reason = aborted
h6.t6.restarts = 2
h6.t6.nogoods_size = 1
h6.t6.nodes = 1
h6.t6.propagations = 1
h6.t8.stop_reason = aborted
h6.t8.restarts = 2
h6.t8.nogoods_size = 1
h6.t8.nodes = 0
h6.t8.propagations = 0
h6.t9.stop_reason = aborted
h6.t9.restarts = 2
h6.t9.nogoods_size = 1
h6.t9.nodes = 0
h6.t9.propagations = 0
h6.t10.stop_reason = aborted
h6.t10.restarts = 2
h6.t10.nogoods_size = 1
h6.t10.nodes = 0
h6.t10.propagations = 0
h6.t11.stop_reason = aborted
h6.t11.restarts = 2
h6.t11.nogoods_size = 1
h6.t11.nodes = 0
h6.t11.propagations = 0
h6.t12.stop_reason = aborted
h6.t12.restarts = 2
h6.t12.nogoods_size = 1
h6.t12.nodes = 0
h6.t12.propagations = 0
h6.t13.stop_reason = aborted
h6.t13.restarts = 2
h6.t13.nogoods_size = 1
h6.t13.nodes = 0
h6.t13.propagations = 0
h6.t14.stop_reason = aborted
h6.t14.restarts = 2
h6.t14.nogoods_size = 1
h6.t14.nodes = 0
h6.t14.propagations = 0
h6.t15.stop_reason = aborted
h6.t15.restarts = 2
h6.t15.nogoods_size = 1
h6.t15.nodes = 0
h6.t15.propagations = 0
h6.t16.stop_reason = aborted
h6.t16.restarts = 2
h6.t16.nogoods_size = 1
h6.t16.nodes = 0
h6.t16.propagations = 0
h6.search_time = 21
h6.nodes = 43
h6.propagations = 116
h7.t1.where = 0/1800 -1/-1 0/356 -1/-1 0/255 -1/-1 0/172 -1/-1 0/38 -1/-1 1/140 -1/-1 0/17 -1/-1 0/60 -1/-1 0/11 -1/-1 -1/-1
h7.t1.stop_reason = satisfiable
h7.t1.restarts = 2
h7.t1.nogoods_size = 1
h7.t1.nodes = 11
h7.t1.propagations = 11
h7.t3.stop_reason = aborted
h7.t3.restarts = 2
h7.t3.nogoods_size = 1
h7.t3.nodes = 6
h7.t3.propagations = 6
h7.t6.stop_reason = aborted
h7.t6.restarts = 2
h7.t6.nogoods_size = 1
h7.t6.nodes = 1
h7.t6.propagations = 1
h7.t17.stop_reason = aborted
h7.t17.restarts = 2
h7.t17.nogoods_size = 1
h7.t17.nodes = 0
h7.t17.propagations = 0
h7.t9.stop_reason = aborted
h7.t9.restarts = 2
h7.t9.nogoods_size = 1
h7.t9.nodes = 0
h7.t9.propagations = 0
h7.t10.stop_reason = aborted
h7.t10.restarts = 2
h7.t10.nogoods_size = 1
h7.t10.nodes = 0
h7.t10.propagations = 0
h7.t11.stop_reason = aborted
h7.t11.restarts = 2
h7.t11.nogoods_size = 1
h7.t11.nodes = 0
h7.t11.propagations = 0
h7.t12.stop_reason = aborted
h7.t12.restarts = 2
h7.t12.nogoods_size = 1
h7.t12.nodes = 0
h7.t12.propagations = 0
h7.t5.stop_reason = aborted
h7.t5.restarts = 2
h7.t5.nogoods_size = 1
h7.t5.nodes = 3
h7.t5.propagations = 3
h7.t14.stop_reason = aborted
h7.t14.restarts = 2
h7.t14.nogoods_size = 1
h7.t14.nodes = 0
h7.t14.propagations = 0
h7.t15.stop_reason = aborted
h7.t15.restarts = 2
h7.t15.nogoods_size = 1
h7.t15.nodes = 0
h7.t15.propagations = 0
h7.t16.stop_reason = aborted
h7.t16.restarts = 2
h7.t16.nogoods_size = 1
h7.t16.nodes = 0
h7.t16.propagations = 0
h7.t4.stop_reason = aborted
h7.t4.restarts = 2
h7.t4.nogoods_size = 1
h7.t4.nodes = 4
h7.t4.propagations = 4
h7.t13.stop_reason = aborted
h7.t13.restarts = 2
h7.t13.nogoods_size = 1
h7.t13.nodes = 0
h7.t13.propagations = 0
h7.t8.stop_reason = aborted
h7.t8.restarts = 2
h7.t8.nogoods_size = 1
h7.t8.nodes = 0
h7.t8.propagations = 0
h7.t2.stop_reason = aborted
h7.t2.restarts = 2
h7.t2.nogoods_size = 1
h7.t2.nodes = 10
h7.t2.propagations = 10
h7.t0.where = 0/1800 -1/-1 0/266 -1/-1 0/225 -1/-1 0/123 -1/-1 0/54 -1/-1 0/58 -1/-1 0/2 -1/-1 0/50 -1/-1 0/19 -1/-1 0/5 -1/-1
h7.t0.stop_reason = satisfiable
h7.t0.restarts = 2
h7.t0.nogoods_size = 1
h7.t0.nodes = 11
h7.t0.propagations = 11
h7.t7.stop_reason = aborted
h7.t7.restarts = 2
h7.t7.nogoods_size = 1
h7.t7.nodes = 1
h7.t7.propagations = 1
h7.search_time = 6
h7.nodes = 47
h7.propagations = 98
h8.t17.stop_reason = aborted
h8.t17.restarts = 2
h8.t17.nogoods_size = 1
h8.t17.nodes = 0
h8.t17.propagations = 0
h8.t0.where = 0/1800 -1/-1 0/266 -1/-1 0/195 -1/-1 0/120 -1/-1 0/46 -1/-1 0/119 -1/-1 0/32 -1/-1 0/12 -1/-1 0/33 -1/-1 0/6 -1/-1
h8.t0.stop_reason = satisfiable
h8.t0.restarts = 2
h8.t0.nogoods_size = 1
h8.t0.nodes = 11
h8.t0.propagations = 11
h8.t3.stop_reason = aborted
h8.t3.restarts = 2
h8.t3.nogoods_size = 1
h8.t3.nodes = 3
h8.t3.propagations = 3
h8.t2.stop_reason = aborted
h8.t2.restarts = 2
h8.t2.nogoods_size = 1
h8.t2.nodes = 6
h8.t2.propagations = 6
h8.t6.stop_reason = aborted
h8.t6.restarts = 2
h8.t6.nogoods_size = 1
h8.t6.nodes = 0
h8.t6.propagations = 0
h8.t1.stop_reason = aborted
h8.t1.restarts = 2
h8.t1.nogoods_size = 1
h8.t1.nodes = 10
h8.t1.propagations = 10
h8.t4.stop_reason = aborted
h8.t4.restarts = 2
h8.t4.nogoods_size = 1
h8.t4.nodes = 2
h8.t4.propagations = 2
h8.t7.stop_reason = aborted
h8.t7.restarts = 2
h8.t7.nogoods_size = 1
h8.t7.nodes = 0
h8.t7.propagations = 0
h8.t5.stop_reason = aborted
h8.t5.restarts = 2
h8.t5.nogoods_size = 1
h8.t5.nodes = 1
h8.t5.propagations = 1
h8.t8.stop_reason = aborted
h8.t8.restarts = 2
h8.t8.nogoods_size = 1
h8.t8.nodes = 0
h8.t8.propagations = 0
h8.t9.stop_reason = aborted
h8.t9.restarts = 2
h8.t9.nogoods_size = 1
h8.t9.nodes = 0
h8.t9.propagations = 0
h8.t10.stop_reason = aborted
h8.t10.restarts = 2
h8.t10.nogoods_size = 1
h8.t10.nodes = 0
h8.t10.propagations = 0
h8.t11.stop_reason = aborted
h8.t11.restarts = 2
h8.t11.nogoods_size = 1
h8.t11.nodes = 0
h8.t11.propagations = 0
h8.t12.stop_reason = aborted
h8.t12.restarts = 2
h8.t12.nogoods_size = 1
h8.t12.nodes = 0
h8.t12.propagations = 0
h8.t13.stop_reason = aborted
h8.t13.restarts = 2
h8.t13.nogoods_size = 1
h8.t13.nodes = 0
h8.t13.propagations = 0
h8.t14.stop_reason = aborted
h8.t14.restarts = 2
h8.t14.nogoods_size = 1
h8.t14.nodes = 0
h8.t14.propagations = 0
h8.t15.stop_reason = aborted
h8.t15.restarts = 2
h8.t15.nogoods_size = 1
h8.t15.nodes = 0
h8.t15.propagations = 0
h8.t16.stop_reason = aborted
h8.t16.restarts = 2
h8.t16.nogoods_size = 1
h8.t16.nodes = 0
h8.t16.propagations = 0
h8.search_time = 22
h8.nodes = 33
h8.propagations = 70
h9.t17.stop_reason = aborted
h9.t17.restarts = 2
h9.t17.nogoods_size = 1
h9.t17.nodes = 0
h9.t17.propagations = 0
h9.t4.stop_reason = aborted
h9.t4.restarts = 2
h9.t4.nogoods_size = 1
h9.t4.nodes = 2
h9.t4.propagations = 2
h9.t6.stop_reason = aborted
h9.t6.restarts = 2
h9.t6.nogoods_size = 1
h9.t6.nodes = 0
h9.t6.propagations = 0
h9.t2.stop_reason = aborted
h9.t2.restarts = 2
h9.t2.nogoods_size = 1
h9.t2.nodes = 6
h9.t2.propagations = 6
h9.t16.stop_reason = aborted
h9.t16.restarts = 2
h9.t16.nogoods_size = 1
h9.t16.nodes = 0
h9.t16.propagations = 0
h9.t5.stop_reason = aborted
h9.t5.restarts = 2
h9.t5.nogoods_size = 1
h9.t5.nodes = 1
h9.t5.propagations = 1
h9.t3.stop_reason = aborted
h9.t3.restarts = 2
h9.t3.nogoods_size = 1
h9.t3.nodes = 3
h9.t3.propagations = 3
h9.t1.stop_reason = aborted
h9.t1.restarts = 2
h9.t1.nogoods_size = 1
h9.t1.nodes = 8
h9.t1.propagations = 8
h9.t7.stop_reason = aborted
h9.t7.restarts = 2
h9.t7.nogoods_size = 1
h9.t7.nodes = 0
h9.t7.propagations = 0
h9.t10.stop_reason = aborted
h9.t10.restarts = 2
h9.t10.nogoods_size = 1
h9.t10.nodes = 0
h9.t10.propagations = 0
h9.t8.stop_reason = aborted
h9.t8.restarts = 2
h9.t8.nogoods_size = 1
h9.t8.nodes = 0
h9.t8.propagations = 0
h9.t12.stop_reason = aborted
h9.t12.restarts = 2
h9.t12.nogoods_size = 1
h9.t12.nodes = 0
h9.t12.propagations = 0
h9.t13.stop_reason = aborted
h9.t13.restarts = 2
h9.t13.nogoods_size = 1
h9.t13.nodes = 0
h9.t13.propagations = 0
h9.t9.stop_reason = aborted
h9.t9.restarts = 2
h9.t9.nogoods_size = 1
h9.t9.nodes = 0
h9.t9.propagations = 0
h9.t15.stop_reason = aborted
h9.t15.restarts = 2
h9.t15.nogoods_size = 1
h9.t15.nodes = 0
h9.t15.propagations = 0
h9.t11.stop_reason = aborted
h9.t11.restarts = 2
h9.t11.nogoods_size = 1
h9.t11.nodes = 0
h9.t11.propagations = 0
h9.t14.stop_reason = aborted
h9.t14.restarts = 2
h9.t14.nogoods_size = 1
h9.t14.nodes = 0
h9.t14.propagations = 0
h9.t0.where = 0/1800 -1/-1 0/266 -1/-1 0/195 -1/-1 0/180 -1/-1 0/18 -1/-1 0/119 -1/-1 0/12 -1/-1 0/49 -1/-1 0/41 -1/-1 0/4 -1/-1
h9.t0.stop_reason = satisfiable
h9.t0.restarts = 2
h9.t0.nogoods_size = 1
h9.t0.nodes = 11
h9.t0.propagations = 11
h9.search_time = 5
h9.nodes = 31
h9.propagations = 49
