hostname = r1i0n3
commandline = ../glasgow/mpi_solve_subgraph_isomorphism --timeout 1000 --format lad --geometric-restarts=1.0 --restarts-constant=5400 --triggered-restarts --threads 18 --value-ordering=random ../instances/LV/g34 ../instances/largerGraphs/g79
started_at = 2018-11-20 17:08:08
pattern_file = ../instances/LV/g34
target_file = ../instances/largerGraphs/g79
status = false
nodes = 7000741
propagations = 17642644
runtime = 2071
h0.t1.stop_reason = unsatisfiable
h0.t1.restarts = 6
h0.t1.nogoods_size = 12069
h0.t1.nodes = 42720
h0.t1.propagations = 42720
h0.t12.stop_reason = unsatisfiable
h0.t12.restarts = 6
h0.t12.nogoods_size = 12069
h0.t12.nodes = 42102
h0.t12.propagations = 42102
h0.t14.stop_reason = aborted
h0.t14.restarts = 6
h0.t14.nogoods_size = 12069
h0.t14.nodes = 45597
h0.t14.propagations = 45597
h0.t15.stop_reason = unsatisfiable
h0.t15.restarts = 6
h0.t15.nogoods_size = 12069
h0.t15.nodes = 47208
h0.t15.propagations = 47208
h0.t4.stop_reason = unsatisfiable
h0.t4.restarts = 6
h0.t4.nogoods_size = 12069
h0.t4.nodes = 43895
h0.t4.propagations = 43895
h0.t2.stop_reason = unsatisfiable
h0.t2.restarts = 6
h0.t2.nogoods_size = 12069
h0.t2.nodes = 43987
h0.t2.propagations = 43987
h0.t13.stop_reason = aborted
h0.t13.restarts = 6
h0.t13.nogoods_size = 12069
h0.t13.nodes = 46792
h0.t13.propagations = 46792
h0.t11.stop_reason = aborted
h0.t11.restarts = 6
h0.t11.nogoods_size = 12069
h0.t11.nodes = 43515
h0.t11.propagations = 43515
h0.t6.stop_reason = aborted
h0.t6.restarts = 6
h0.t6.nogoods_size = 12069
h0.t6.nodes = 44734
h0.t6.propagations = 44734
h0.t8.stop_reason = aborted
h0.t8.restarts = 6
h0.t8.nogoods_size = 12069
h0.t8.nodes = 44172
h0.t8.propagations = 44172
h0.t5.stop_reason = aborted
h0.t5.restarts = 6
h0.t5.nogoods_size = 12069
h0.t5.nodes = 43849
h0.t5.propagations = 43849
h0.t3.stop_reason = aborted
h0.t3.restarts = 6
h0.t3.nogoods_size = 12069
h0.t3.nodes = 44210
h0.t3.propagations = 44210
h0.t16.stop_reason = unsatisfiable
h0.t16.restarts = 6
h0.t16.nogoods_size = 12069
h0.t16.nodes = 43057
h0.t16.propagations = 43057
h0.t10.stop_reason = unsatisfiable
h0.t10.restarts = 6
h0.t10.nogoods_size = 12069
h0.t10.nodes = 46959
h0.t10.propagations = 46959
h0.t17.stop_reason = unsatisfiable
h0.t17.restarts = 6
h0.t17.nogoods_size = 12069
h0.t17.nodes = 22230
h0.t17.propagations = 22230
h0.t0.stop_reason = aborted
h0.t0.restarts = 6
h0.t0.nogoods_size = 12069
h0.t0.nodes = 21633
h0.t0.propagations = 21633
h0.t7.stop_reason = unsatisfiable
h0.t7.restarts = 6
h0.t7.nogoods_size = 12069
h0.t7.nodes = 46273
h0.t7.propagations = 46273
h0.t9.stop_reason = unsatisfiable
h0.t9.restarts = 6
h0.t9.nogoods_size = 12069
h0.t9.nodes = 43963
h0.t9.propagations = 43963
h0.search_time = 2032
h0.nodes = 756896
h0.propagations = 1915813
h1.t1.stop_reason = aborted
h1.t1.restarts = 6
h1.t1.nogoods_size = 12059
h1.t1.nodes = 42266
h1.t1.propagations = 42266
h1.t9.stop_reason = unsatisfiable
h1.t9.restarts = 6
h1.t9.nogoods_size = 12059
h1.t9.nodes = 39440
h1.t9.propagations = 39440
h1.t2.stop_reason = unsatisfiable
h1.t2.restarts = 6
h1.t2.nogoods_size = 12059
h1.t2.nodes = 44101
h1.t2.propagations = 44101
h1.t3.stop_reason = aborted
h1.t3.restarts = 6
h1.t3.nogoods_size = 12059
h1.t3.nodes = 39733
h1.t3.propagations = 39733
h1.t8.stop_reason = unsatisfiable
h1.t8.restarts = 6
h1.t8.nogoods_size = 12059
h1.t8.nodes = 38785
h1.t8.propagations = 38785
h1.t17.stop_reason = unsatisfiable
h1.t17.restarts = 6
h1.t17.nogoods_size = 12059
h1.t17.nodes = 21913
h1.t17.propagations = 21913
h1.t11.stop_reason = aborted
h1.t11.restarts = 6
h1.t11.nogoods_size = 12059
h1.t11.nodes = 42615
h1.t11.propagations = 42615
h1.t10.stop_reason = aborted
h1.t10.restarts = 6
h1.t10.nogoods_size = 12059
h1.t10.nodes = 41128
h1.t10.propagations = 41128
h1.t6.stop_reason = unsatisfiable
h1.t6.restarts = 6
h1.t6.nogoods_size = 12059
h1.t6.nodes = 43818
h1.t6.propagations = 43818
h1.t12.stop_reason = aborted
h1.t12.restarts = 6
h1.t12.nogoods_size = 12059
h1.t12.nodes = 40097
h1.t12.propagations = 40097
h1.t13.stop_reason = aborted
h1.t13.restarts = 6
h1.t13.nogoods_size = 12059
h1.t13.nodes = 42124
h1.t13.propagations = 42124
h1.t7.stop_reason = aborted
h1.t7.restarts = 6
h1.t7.nogoods_size = 12059
h1.t7.nodes = 42424
h1.t7.propagations = 42424
h1.t14.stop_reason = unsatisfiable
h1.t14.restarts = 6
h1.t14.nogoods_size = 12059
h1.t14.nodes = 42505
h1.t14.propagations = 42505
h1.t15.stop_reason = aborted
h1.t15.restarts = 6
h1.t15.nogoods_size = 12059
h1.t15.nodes = 39473
h1.t15.propagations = 39473
h1.t4.stop_reason = aborted
h1.t4.restarts = 6
h1.t4.nogoods_size = 12059
h1.t4.nodes = 44121
h1.t4.propagations = 44121
h1.t5.stop_reason = aborted
h1.t5.restarts = 6
h1.t5.nogoods_size = 12059
h1.t5.nodes = 42944
h1.t5.propagations = 42944
h1.t0.stop_reason = aborted
h1.t0.restarts = 6
h1.t0.nogoods_size = 12059
h1.t0.nodes = 21641
h1.t0.propagations = 21641
h1.t16.stop_reason = unsatisfiable
h1.t16.restarts = 6
h1.t16.nogoods_size = 12059
h1.t16.nodes = 42610
h1.t16.propagations = 42610
h1.search_time = 2033
h1.nodes = 711738
h1.propagations = 1789544
h2.t7.stop_reason = unsatisfiable
h2.t7.restarts = 6
h2.t7.nogoods_size = 12160
h2.t7.nodes = 35632
h2.t7.propagations = 35632
h2.t11.stop_reason = aborted
h2.t11.restarts = 6
h2.t11.nogoods_size = 12160
h2.t11.nodes = 37015
h2.t11.propagations = 37015
h2.t16.stop_reason = aborted
h2.t16.restarts = 6
h2.t16.nogoods_size = 12160
h2.t16.nodes = 37918
h2.t16.propagations = 37918
h2.t9.stop_reason = unsatisfiable
h2.t9.restarts = 6
h2.t9.nogoods_size = 12160
h2.t9.nodes = 35112
h2.t9.propagations = 35112
h2.t5.stop_reason = unsatisfiable
h2.t5.restarts = 6
h2.t5.nogoods_size = 12160
h2.t5.nodes = 36352
h2.t5.propagations = 36352
h2.t15.stop_reason = aborted
h2.t15.restarts = 6
h2.t15.nogoods_size = 12160
h2.t15.nodes = 34879
h2.t15.propagations = 34879
h2.t6.stop_reason = aborted
h2.t6.restarts = 6
h2.t6.nogoods_size = 12160
h2.t6.nodes = 38117
h2.t6.propagations = 38117
h2.t14.stop_reason = unsatisfiable
h2.t14.restarts = 6
h2.t14.nogoods_size = 12160
h2.t14.nodes = 33926
h2.t14.propagations = 33926
h2.t10.stop_reason = aborted
h2.t10.restarts = 6
h2.t10.nogoods_size = 12160
h2.t10.nodes = 34864
h2.t10.propagations = 34864
h2.t17.stop_reason = unsatisfiable
h2.t17.restarts = 6
h2.t17.nogoods_size = 12160
h2.t17.nodes = 20468
h2.t17.propagations = 20468
h2.t12.stop_reason = unsatisfiable
h2.t12.restarts = 6
h2.t12.nogoods_size = 12160
h2.t12.nodes = 35519
h2.t12.propagations = 35519
h2.t8.stop_reason = unsatisfiable
h2.t8.restarts = 6
h2.t8.nogoods_size = 12160
h2.t8.nodes = 35132
h2.t8.propagations = 35132
h2.t3.stop_reason = aborted
h2.t3.restarts = 6
h2.t3.nogoods_size = 12160
h2.t3.nodes = 37133
h2.t3.propagations = 37133
h2.t2.stop_reason = aborted
h2.t2.restarts = 6
h2.t2.nogoods_size = 12160
h2.t2.nodes = 33094
h2.t2.propagations = 33094
h2.t4.stop_reason = aborted
h2.t4.restarts = 6
h2.t4.nogoods_size = 12160
h2.t4.nodes = 35220
h2.t4.propagations = 35220
h2.t1.stop_reason = unsatisfiable
h2.t1.restarts = 6
h2.t1.nogoods_size = 12160
h2.t1.nodes = 36803
h2.t1.propagations = 36803
h2.t0.stop_reason = aborted
h2.t0.restarts = 6
h2.t0.nogoods_size = 12160
h2.t0.nodes = 21636
h2.t0.propagations = 21636
h2.t13.stop_reason = unsatisfiable
h2.t13.restarts = 6
h2.t13.nogoods_size = 12160
h2.t13.nodes = 37417
h2.t13.propagations = 37417
h2.search_time = 2032
h2.nodes = 616237
h2.propagations = 1550592
h3.t17.stop_reason = unsatisfiable
h3.t17.restarts = 6
h3.t17.nogoods_size = 12117
h3.t17.nodes = 22777
h3.t17.propagations = 22777
h3.t3.stop_reason = unsatisfiable
h3.t3.restarts = 6
h3.t3.nogoods_size = 12117
h3.t3.nodes = 39454
h3.t3.propagations = 39454
h3.t4.stop_reason = unsatisfiable
h3.t4.restarts = 6
h3.t4.nogoods_size = 12117
h3.t4.nodes = 41319
h3.t4.propagations = 41319
h3.t9.stop_reason = unsatisfiable
h3.t9.restarts = 6
h3.t9.nogoods_size = 12117
h3.t9.nodes = 40633
h3.t9.propagations = 40633
h3.t14.stop_reason = unsatisfiable
h3.t14.restarts = 6
h3.t14.nogoods_size = 12117
h3.t14.nodes = 41055
h3.t14.propagations = 41055
h3.t2.stop_reason = unsatisfiable
h3.t2.restarts = 6
h3.t2.nogoods_size = 12117
h3.t2.nodes = 39558
h3.t2.propagations = 39558
h3.t13.stop_reason = unsatisfiable
h3.t13.restarts = 6
h3.t13.nogoods_size = 12117
h3.t13.nodes = 38435
h3.t13.propagations = 38435
h3.t1.stop_reason = unsatisfiable
h3.t1.restarts = 6
h3.t1.nogoods_size = 12117
h3.t1.nodes = 39881
h3.t1.propagations = 39881
h3.t5.stop_reason = unsatisfiable
h3.t5.restarts = 6
h3.t5.nogoods_size = 12117
h3.t5.nodes = 40103
h3.t5.propagations = 40103
h3.t15.stop_reason = unsatisfiable
h3.t15.restarts = 6
h3.t15.nogoods_size = 12117
h3.t15.nodes = 39358
h3.t15.propagations = 39358
h3.t11.stop_reason = unsatisfiable
h3.t11.restarts = 6
h3.t11.nogoods_size = 12117
h3.t11.nodes = 37883
h3.t11.propagations = 37883
h3.t16.stop_reason = unsatisfiable
h3.t16.restarts = 6
h3.t16.nogoods_size = 12117
h3.t16.nodes = 38835
h3.t16.propagations = 38835
h3.t10.stop_reason = unsatisfiable
h3.t10.restarts = 6
h3.t10.nogoods_size = 12117
h3.t10.nodes = 38608
h3.t10.propagations = 38608
h3.t7.stop_reason = unsatisfiable
h3.t7.restarts = 6
h3.t7.nogoods_size = 12117
h3.t7.nodes = 37883
h3.t7.propagations = 37883
h3.t6.stop_reason = unsatisfiable
h3.t6.restarts = 6
h3.t6.nogoods_size = 12117
h3.t6.nodes = 41089
h3.t6.propagations = 41089
h3.t8.stop_reason = unsatisfiable
h3.t8.restarts = 6
h3.t8.nogoods_size = 12117
h3.t8.nodes = 41003
h3.t8.propagations = 41003
h3.t0.stop_reason = aborted
h3.t0.restarts = 6
h3.t0.nogoods_size = 12117
h3.t0.nodes = 21647
h3.t0.propagations = 21647
h3.t12.stop_reason = unsatisfiable
h3.t12.restarts = 6
h3.t12.nogoods_size = 12117
h3.t12.nodes = 40021
h3.t12.propagations = 40021
h3.search_time = 2027
h3.nodes = 679542
h3.propagations = 1712283
h4.t7.stop_reason = unsatisfiable
h4.t7.restarts = 6
h4.t7.nogoods_size = 12105
h4.t7.nodes = 40725
h4.t7.propagations = 40725
h4.t15.stop_reason = aborted
h4.t15.restarts = 6
h4.t15.nogoods_size = 12105
h4.t15.nodes = 43212
h4.t15.propagations = 43212
h4.t12.stop_reason = aborted
h4.t12.restarts = 6
h4.t12.nogoods_size = 12105
h4.t12.nodes = 39892
h4.t12.propagations = 39892
h4.t13.stop_reason = aborted
h4.t13.restarts = 6
h4.t13.nogoods_size = 12105
h4.t13.nodes = 39530
h4.t13.propagations = 39530
h4.t4.stop_reason = aborted
h4.t4.restarts = 6
h4.t4.nogoods_size = 12105
h4.t4.nodes = 38195
h4.t4.propagations = 38195
h4.t3.stop_reason = aborted
h4.t3.restarts = 6
h4.t3.nogoods_size = 12105
h4.t3.nodes = 41528
h4.t3.propagations = 41528
h4.t5.stop_reason = aborted
h4.t5.restarts = 6
h4.t5.nogoods_size = 12105
h4.t5.nodes = 39313
h4.t5.propagations = 39313
h4.t11.stop_reason = aborted
h4.t11.restarts = 6
h4.t11.nogoods_size = 12105
h4.t11.nodes = 39624
h4.t11.propagations = 39624
h4.t8.stop_reason = aborted
h4.t8.restarts = 6
h4.t8.nogoods_size = 12105
h4.t8.nodes = 40210
h4.t8.propagations = 40210
h4.t10.stop_reason = aborted
h4.t10.restarts = 6
h4.t10.nogoods_size = 12105
h4.t10.nodes = 38207
h4.t10.propagations = 38207
h4.t1.stop_reason = aborted
h4.t1.restarts = 6
h4.t1.nogoods_size = 12105
h4.t1.nodes = 43790
h4.t1.propagations = 43790
h4.t17.stop_reason = unsatisfiable
h4.t17.restarts = 6
h4.t17.nogoods_size = 12105
h4.t17.nodes = 18290
h4.t17.propagations = 18290
h4.t16.stop_reason = unsatisfiable
h4.t16.restarts = 6
h4.t16.nogoods_size = 12105
h4.t16.nodes = 42829
h4.t16.propagations = 42829
h4.t6.stop_reason = aborted
h4.t6.restarts = 6
h4.t6.nogoods_size = 12105
h4.t6.nodes = 40341
h4.t6.propagations = 40341
h4.t2.stop_reason = aborted
h4.t2.restarts = 6
h4.t2.nogoods_size = 12105
h4.t2.nodes = 42281
h4.t2.propagations = 42281
h4.t14.stop_reason = aborted
h4.t14.restarts = 6
h4.t14.nogoods_size = 12105
h4.t14.nodes = 41262
h4.t14.propagations = 41262
h4.t9.stop_reason = aborted
h4.t9.restarts = 6
h4.t9.nogoods_size = 12105
h4.t9.nodes = 40602
h4.t9.propagations = 40602
h4.t0.stop_reason = aborted
h4.t0.restarts = 6
h4.t0.nogoods_size = 12105
h4.t0.nodes = 21641
h4.t0.propagations = 21641
h4.search_time = 2025
h4.nodes = 691472
h4.propagations = 1745639
h5.t9.stop_reason = unsatisfiable
h5.t9.restarts = 6
h5.t9.nogoods_size = 12143
h5.t9.nodes = 44916
h5.t9.propagations = 44916
h5.t14.stop_reason = unsatisfiable
h5.t14.restarts = 6
h5.t14.nogoods_size = 12143
h5.t14.nodes = 45450
h5.t14.propagations = 45450
h5.t1.stop_reason = unsatisfiable
h5.t1.restarts = 6
h5.t1.nogoods_size = 12143
h5.t1.nodes = 44740
h5.t1.propagations = 44740
h5.t10.stop_reason = unsatisfiable
h5.t10.restarts = 6
h5.t10.nogoods_size = 12143
h5.t10.nodes = 46177
h5.t10.propagations = 46177
h5.t5.stop_reason = unsatisfiable
h5.t5.restarts = 6
h5.t5.nogoods_size = 12143
h5.t5.nodes = 41848
h5.t5.propagations = 41848
h5.t11.stop_reason = unsatisfiable
h5.t11.restarts = 6
h5.t11.nogoods_size = 12143
h5.t11.nodes = 44284
h5.t11.propagations = 44284
h5.t3.stop_reason = unsatisfiable
h5.t3.restarts = 6
h5.t3.nogoods_size = 12143
h5.t3.nodes = 41697
h5.t3.propagations = 41697
h5.t13.stop_reason = unsatisfiable
h5.t13.restarts = 6
h5.t13.nogoods_size = 12143
h5.t13.nodes = 41782
h5.t13.propagations = 41782
h5.t8.stop_reason = unsatisfiable
h5.t8.restarts = 6
h5.t8.nogoods_size = 12143
h5.t8.nodes = 42318
h5.t8.propagations = 42318
h5.t16.stop_reason = unsatisfiable
h5.t16.restarts = 6
h5.t16.nogoods_size = 12143
h5.t16.nodes = 45310
h5.t16.propagations = 45310
h5.t0.stop_reason = unsatisfiable
h5.t0.restarts = 6
h5.t0.nogoods_size = 12143
h5.t0.nodes = 21644
h5.t0.propagations = 21644
h5.t7.stop_reason = unsatisfiable
h5.t7.restarts = 6
h5.t7.nogoods_size = 12143
h5.t7.nodes = 45336
h5.t7.propagations = 45336
h5.t2.stop_reason = unsatisfiable
h5.t2.restarts = 6
h5.t2.nogoods_size = 12143
h5.t2.nodes = 43505
h5.t2.propagations = 43505
h5.t15.stop_reason = unsatisfiable
h5.t15.restarts = 6
h5.t15.nogoods_size = 12143
h5.t15.nodes = 43925
h5.t15.propagations = 43925
h5.t17.stop_reason = unsatisfiable
h5.t17.restarts = 6
h5.t17.nogoods_size = 12143
h5.t17.nodes = 20834
h5.t17.propagations = 20834
h5.t12.stop_reason = unsatisfiable
h5.t12.restarts = 6
h5.t12.nogoods_size = 12143
h5.t12.nodes = 44060
h5.t12.propagations = 44060
h5.t4.stop_reason = unsatisfiable
h5.t4.restarts = 6
h5.t4.nogoods_size = 12143
h5.t4.nodes = 42622
h5.t4.propagations = 42622
h5.t6.stop_reason = unsatisfiable
h5.t6.restarts = 6
h5.t6.nogoods_size = 12143
h5.t6.nodes = 42735
h5.t6.propagations = 42735
h5.search_time = 2025
h5.nodes = 743183
h5.propagations = 1875464
h6.t17.stop_reason = unsatisfiable
h6.t17.restarts = 6
h6.t17.nogoods_size = 12151
h6.t17.nodes = 21152
h6.t17.propagations = 21152
h6.t0.stop_reason = aborted
h6.t0.restarts = 6
h6.t0.nogoods_size = 12151
h6.t0.nodes = 21633
h6.t0.propagations = 21633
h6.t15.stop_reason = aborted
h6.t15.restarts = 6
h6.t15.nogoods_size = 12151
h6.t15.nodes = 44129
h6.t15.propagations = 44129
h6.t2.stop_reason = aborted
h6.t2.restarts = 6
h6.t2.nogoods_size = 12151
h6.t2.nodes = 46120
h6.t2.propagations = 46120
h6.t4.stop_reason = aborted
h6.t4.restarts = 6
h6.t4.nogoods_size = 12151
h6.t4.nodes = 43040
h6.t4.propagations = 43040
h6.t6.stop_reason = aborted
h6.t6.restarts = 6
h6.t6.nogoods_size = 12151
h6.t6.nodes = 45147
h6.t6.propagations = 45147
h6.t16.stop_reason = aborted
h6.t16.restarts = 6
h6.t16.nogoods_size = 12151
h6.t16.nodes = 44233
h6.t16.propagations = 44233
h6.t7.stop_reason = unsatisfiable
h6.t7.restarts = 6
h6.t7.nogoods_size = 12151
h6.t7.nodes = 46002
h6.t7.propagations = 46002
h6.t13.stop_reason = aborted
h6.t13.restarts = 6
h6.t13.nogoods_size = 12151
h6.t13.nodes = 46713
h6.t13.propagations = 46713
h6.t11.stop_reason = unsatisfiable
h6.t11.restarts = 6
h6.t11.nogoods_size = 12151
h6.t11.nodes = 46663
h6.t11.propagations = 46663
h6.t12.stop_reason = aborted
h6.t12.restarts = 6
h6.t12.nogoods_size = 12151
h6.t12.nodes = 45609
h6.t12.propagations = 45609
h6.t3.stop_reason = unsatisfiable
h6.t3.restarts = 6
h6.t3.nogoods_size = 12151
h6.t3.nodes = 46284
h6.t3.propagations = 46284
h6.t10.stop_reason = aborted
h6.t10.restarts = 6
h6.t10.nogoods_size = 12151
h6.t10.nodes = 46249
h6.t10.propagations = 46249
h6.t8.stop_reason = unsatisfiable
h6.t8.restarts = 6
h6.t8.nogoods_size = 12151
h6.t8.nodes = 42978
h6.t8.propagations = 42978
h6.t1.stop_reason = aborted
h6.t1.restarts = 6
h6.t1.nogoods_size = 12151
h6.t1.nodes = 45808
h6.t1.propagations = 45808
h6.t5.stop_reason = aborted
h6.t5.restarts = 6
h6.t5.nogoods_size = 12151
h6.t5.nodes = 45616
h6.t5.propagations = 45616
h6.t14.stop_reason = aborted
h6.t14.restarts = 6
h6.t14.nogoods_size = 12151
h6.t14.nodes = 45807
h6.t14.propagations = 45807
h6.t9.stop_reason = aborted
h6.t9.restarts = 6
h6.t9.nogoods_size = 12151
h6.t9.nodes = 43567
h6.t9.propagations = 43567
h6.search_time = 2025
h6.nodes = 766750
h6.propagations = 1931054
h7.t17.stop_reason = unsatisfiable
h7.t17.restarts = 6
h7.t17.nogoods_size = 12121
h7.t17.nodes = 22298
h7.t17.propagations = 22298
h7.t0.stop_reason = aborted
h7.t0.restarts = 6
h7.t0.nogoods_size = 12121
h7.t0.nodes = 21639
h7.t0.propagations = 21639
h7.t4.stop_reason = unsatisfiable
h7.t4.restarts = 6
h7.t4.nogoods_size = 12121
h7.t4.nodes = 38715
h7.t4.propagations = 38715
h7.t15.stop_reason = aborted
h7.t15.restarts = 6
h7.t15.nogoods_size = 12121
h7.t15.nodes = 42436
h7.t15.propagations = 42436
h7.t6.stop_reason = aborted
h7.t6.restarts = 6
h7.t6.nogoods_size = 12121
h7.t6.nodes = 41793
h7.t6.propagations = 41793
h7.t8.stop_reason = aborted
h7.t8.restarts = 6
h7.t8.nogoods_size = 12121
h7.t8.nodes = 37051
h7.t8.propagations = 37051
h7.t12.stop_reason = aborted
h7.t12.restarts = 6
h7.t12.nogoods_size = 12121
h7.t12.nodes = 43061
h7.t12.propagations = 43061
h7.t14.stop_reason = aborted
h7.t14.restarts = 6
h7.t14.nogoods_size = 12121
h7.t14.nodes = 38585
h7.t14.propagations = 38585
h7.t10.stop_reason = aborted
h7.t10.restarts = 6
h7.t10.nogoods_size = 12121
h7.t10.nodes = 41633
h7.t10.propagations = 41633
h7.t2.stop_reason = aborted
h7.t2.restarts = 6
h7.t2.nogoods_size = 12121
h7.t2.nodes = 40673
h7.t2.propagations = 40673
h7.t5.stop_reason = unsatisfiable
h7.t5.restarts = 6
h7.t5.nogoods_size = 12121
h7.t5.nodes = 38800
h7.t5.propagations = 38800
h7.t7.stop_reason = unsatisfiable
h7.t7.restarts = 6
h7.t7.nogoods_size = 12121
h7.t7.nodes = 39239
h7.t7.propagations = 39239
h7.t13.stop_reason = unsatisfiable
h7.t13.restarts = 6
h7.t13.nogoods_size = 12121
h7.t13.nodes = 36203
h7.t13.propagations = 36203
h7.t9.stop_reason = unsatisfiable
h7.t9.restarts = 6
h7.t9.nogoods_size = 12121
h7.t9.nodes = 40497
h7.t9.propagations = 40497
h7.t16.stop_reason = unsatisfiable
h7.t16.restarts = 6
h7.t16.nogoods_size = 12121
h7.t16.nodes = 38272
h7.t16.propagations = 38272
h7.t1.stop_reason = unsatisfiable
h7.t1.restarts = 6
h7.t1.nogoods_size = 12121
h7.t1.nodes = 40844
h7.t1.propagations = 40844
h7.t3.stop_reason = unsatisfiable
h7.t3.restarts = 6
h7.t3.nogoods_size = 12121
h7.t3.nodes = 41566
h7.t3.propagations = 41566
h7.t11.stop_reason = unsatisfiable
h7.t11.restarts = 6
h7.t11.nogoods_size = 12121
h7.t11.nodes = 39983
h7.t11.propagations = 39983
h7.search_time = 2020
h7.nodes = 683288
h7.propagations = 1720181
h8.t17.stop_reason = unsatisfiable
h8.t17.restarts = 6
h8.t17.nogoods_size = 12102
h8.t17.nodes = 18616
h8.t17.propagations = 18616
h8.t3.stop_reason = unsatisfiable
h8.t3.restarts = 6
h8.t3.nogoods_size = 12102
h8.t3.nodes = 36973
h8.t3.propagations = 36973
h8.t2.stop_reason = aborted
h8.t2.restarts = 6
h8.t2.nogoods_size = 12102
h8.t2.nodes = 38887
h8.t2.propagations = 38887
h8.t5.stop_reason = aborted
h8.t5.restarts = 6
h8.t5.nogoods_size = 12102
h8.t5.nodes = 37865
h8.t5.propagations = 37865
h8.t15.stop_reason = aborted
h8.t15.restarts = 6
h8.t15.nogoods_size = 12102
h8.t15.nodes = 37534
h8.t15.propagations = 37534
h8.t10.stop_reason = aborted
h8.t10.restarts = 6
h8.t10.nogoods_size = 12102
h8.t10.nodes = 37951
h8.t10.propagations = 37951
h8.t14.stop_reason = aborted
h8.t14.restarts = 6
h8.t14.nogoods_size = 12102
h8.t14.nodes = 36325
h8.t14.propagations = 36325
h8.t13.stop_reason = aborted
h8.t13.restarts = 6
h8.t13.nogoods_size = 12102
h8.t13.nodes = 34045
h8.t13.propagations = 34045
h8.t6.stop_reason = aborted
h8.t6.restarts = 6
h8.t6.nogoods_size = 12102
h8.t6.nodes = 37123
h8.t6.propagations = 37123
h8.t12.stop_reason = aborted
h8.t12.restarts = 6
h8.t12.nogoods_size = 12102
h8.t12.nodes = 37074
h8.t12.propagations = 37074
h8.t4.stop_reason = unsatisfiable
h8.t4.restarts = 6
h8.t4.nogoods_size = 12102
h8.t4.nodes = 37030
h8.t4.propagations = 37030
h8.t9.stop_reason = aborted
h8.t9.restarts = 6
h8.t9.nogoods_size = 12102
h8.t9.nodes = 38744
h8.t9.propagations = 38744
h8.t1.stop_reason = aborted
h8.t1.restarts = 6
h8.t1.nogoods_size = 12102
h8.t1.nodes = 38464
h8.t1.propagations = 38464
h8.t7.stop_reason = aborted
h8.t7.restarts = 6
h8.t7.nogoods_size = 12102
h8.t7.nodes = 37635
h8.t7.propagations = 37635
h8.t8.stop_reason = unsatisfiable
h8.t8.restarts = 6
h8.t8.nogoods_size = 12102
h8.t8.nodes = 39123
h8.t8.propagations = 39123
h8.t11.stop_reason = aborted
h8.t11.restarts = 6
h8.t11.nogoods_size = 12102
h8.t11.nodes = 37790
h8.t11.propagations = 37790
h8.t0.stop_reason = aborted
h8.t0.restarts = 6
h8.t0.nogoods_size = 12102
h8.t0.nodes = 21637
h8.t0.propagations = 21637
h8.t16.stop_reason = unsatisfiable
h8.t16.restarts = 6
h8.t16.nogoods_size = 12102
h8.t16.nodes = 39259
h8.t16.propagations = 39259
h8.search_time = 2025
h8.nodes = 642075
h8.propagations = 1623098
h9.t1.stop_reason = unsatisfiable
h9.t1.restarts = 6
h9.t1.nogoods_size = 12104
h9.t1.nodes = 42602
h9.t1.propagations = 42602
h9.t5.stop_reason = unsatisfiable
h9.t5.restarts = 6
h9.t5.nogoods_size = 12104
h9.t5.nodes = 41044
h9.t5.propagations = 41044
h9.t13.stop_reason = unsatisfiable
h9.t13.restarts = 6
h9.t13.nogoods_size = 12104
h9.t13.nodes = 43152
h9.t13.propagations = 43152
h9.t8.stop_reason = unsatisfiable
h9.t8.restarts = 6
h9.t8.nogoods_size = 12104
h9.t8.nodes = 42597
h9.t8.propagations = 42597
h9.t6.stop_reason = unsatisfiable
h9.t6.restarts = 6
h9.t6.nogoods_size = 12104
h9.t6.nodes = 42555
h9.t6.propagations = 42555
h9.t9.stop_reason = unsatisfiable
h9.t9.restarts = 6
h9.t9.nogoods_size = 12104
h9.t9.nodes = 40673
h9.t9.propagations = 40673
h9.t3.stop_reason = unsatisfiable
h9.t3.restarts = 6
h9.t3.nogoods_size = 12104
h9.t3.nodes = 37425
h9.t3.propagations = 37425
h9.t4.stop_reason = unsatisfiable
h9.t4.restarts = 6
h9.t4.nogoods_size = 12104
h9.t4.nodes = 42040
h9.t4.propagations = 42040
h9.t10.stop_reason = unsatisfiable
h9.t10.restarts = 6
h9.t10.nogoods_size = 12104
h9.t10.nodes = 41445
h9.t10.propagations = 41445
h9.t17.stop_reason = unsatisfiable
h9.t17.restarts = 6
h9.t17.nogoods_size = 12104
h9.t17.nodes = 21400
h9.t17.propagations = 21400
h9.t16.stop_reason = unsatisfiable
h9.t16.restarts = 6
h9.t16.nogoods_size = 12104
h9.t16.nodes = 42572
h9.t16.propagations = 42572
h9.t12.stop_reason = unsatisfiable
h9.t12.restarts = 6
h9.t12.nogoods_size = 12104
h9.t12.nodes = 44004
h9.t12.propagations = 44004
h9.t15.stop_reason = unsatisfiable
h9.t15.restarts = 6
h9.t15.nogoods_size = 12104
h9.t15.nodes = 41388
h9.t15.propagations = 41388
h9.t0.stop_reason = aborted
h9.t0.restarts = 6
h9.t0.nogoods_size = 12104
h9.t0.nodes = 21637
h9.t0.propagations = 21637
h9.t2.stop_reason = unsatisfiable
h9.t2.restarts = 6
h9.t2.nogoods_size = 12104
h9.t2.nodes = 41152
h9.t2.propagations = 41152
h9.t11.stop_reason = unsatisfiable
h9.t11.restarts = 6
h9.t11.nogoods_size = 12104
h9.t11.nodes = 42432
h9.t11.propagations = 42432
h9.t7.stop_reason = unsatisfiable
h9.t7.restarts = 6
h9.t7.nogoods_size = 12104
h9.t7.nodes = 40785
h9.t7.propagations = 40785
h9.t14.stop_reason = unsatisfiable
h9.t14.restarts = 6
h9.t14.nogoods_size = 12104
h9.t14.nodes = 40657
h9.t14.propagations = 40657
h9.search_time = 2025
h9.nodes = 709560
h9.propagations = 1778976
