hostname = r1i2n10
commandline = ../glasgow/mpi_solve_subgraph_isomorphism --timeout 1000 --format lad --geometric-restarts=1.0 --restarts-constant=5400 --triggered-restarts --threads 18 --value-ordering=random ../instances/LV/g7 ../instances/largerGraphs/g93-normed
started_at = 2018-11-20 17:02:07
pattern_file = ../instances/LV/g7
target_file = ../instances/largerGraphs/g93-normed
status = true
nodes = 2924
propagations = 10388
mapping = (0 -> 1000) (1 -> 32) (2 -> 1575) (3 -> 971) (4 -> 1662) (5 -> 942) (6 -> 3) (7 -> 1604) (8 -> 913) (9 -> 61) (10 -> 641) (11 -> 982) (12 -> 1055) (13 -> 1024) (14 -> 165) (15 -> 1562) (16 -> 1500) (17 -> 134) (18 -> 1531) (19 -> 1013) 
runtime = 1486
h0.t17.stop_reason = aborted
h0.t17.restarts = 2
h0.t17.nogoods_size = 1
h0.t17.nodes = 0
h0.t17.propagations = 0
h0.t0.stop_reason = aborted
h0.t0.restarts = 2
h0.t0.nogoods_size = 1
h0.t0.nodes = 41
h0.t0.propagations = 41
h0.t1.where = 0/1800 -1/-1 0/196 -1/-1 0/195 -1/-1 0/59 -1/-1 0/58 -1/-1 0/24 -1/-1 0/10 -1/-1 0/9 -1/-1 0/8 -1/-1 0/7 -1/-1 0/6 -1/-1 0/5 -1/-1 0/4 -1/-1 0/9 -1/-1 0/8 -1/-1 0/7 -1/-1 0/6 -1/-1 0/5 -1/-1 0/4 -1/-1 0/3 -1/-1
h0.t1.stop_reason = satisfiable
h0.t1.restarts = 2
h0.t1.nogoods_size = 1
h0.t1.nodes = 21
h0.t1.propagations = 21
h0.t7.stop_reason = aborted
h0.t7.restarts = 2
h0.t7.nogoods_size = 1
h0.t7.nodes = 1
h0.t7.propagations = 1
h0.t5.stop_reason = aborted
h0.t5.restarts = 2
h0.t5.nogoods_size = 1
h0.t5.nodes = 4
h0.t5.propagations = 4
h0.t2.stop_reason = aborted
h0.t2.restarts = 2
h0.t2.nogoods_size = 1
h0.t2.nodes = 17
h0.t2.propagations = 17
h0.t4.stop_reason = aborted
h0.t4.restarts = 2
h0.t4.nogoods_size = 1
h0.t4.nodes = 8
h0.t4.propagations = 8
h0.t3.stop_reason = aborted
h0.t3.restarts = 2
h0.t3.nogoods_size = 1
h0.t3.nodes = 10
h0.t3.propagations = 10
h0.t6.stop_reason = aborted
h0.t6.restarts = 2
h0.t6.nogoods_size = 1
h0.t6.nodes = 4
h0.t6.propagations = 4
h0.t8.stop_reason = aborted
h0.t8.restarts = 2
h0.t8.nogoods_size = 1
h0.t8.nodes = 0
h0.t8.propagations = 0
h0.t9.stop_reason = aborted
h0.t9.restarts = 2
h0.t9.nogoods_size = 1
h0.t9.nodes = 0
h0.t9.propagations = 0
h0.t10.stop_reason = aborted
h0.t10.restarts = 2
h0.t10.nogoods_size = 1
h0.t10.nodes = 0
h0.t10.propagations = 0
h0.t11.stop_reason = aborted
h0.t11.restarts = 2
h0.t11.nogoods_size = 1
h0.t11.nodes = 0
h0.t11.propagations = 0
h0.t12.stop_reason = aborted
h0.t12.restarts = 2
h0.t12.nogoods_size = 1
h0.t12.nodes = 0
h0.t12.propagations = 0
h0.t13.stop_reason = aborted
h0.t13.restarts = 2
h0.t13.nogoods_size = 1
h0.t13.nodes = 0
h0.t13.propagations = 0
h0.t14.stop_reason = aborted
h0.t14.restarts = 2
h0.t14.nogoods_size = 1
h0.t14.nodes = 0
h0.t14.propagations = 0
h0.t15.stop_reason = aborted
h0.t15.restarts = 2
h0.t15.nogoods_size = 1
h0.t15.nodes = 0
h0.t15.propagations = 0
h0.t16.stop_reason = aborted
h0.t16.restarts = 2
h0.t16.nogoods_size = 1
h0.t16.nodes = 0
h0.t16.propagations = 0
h0.search_time = 21
h0.nodes = 106
h0.propagations = 243
h1.t4.stop_reason = aborted
h1.t4.restarts = 2
h1.t4.nogoods_size = 1
h1.t4.nodes = 67
h1.t4.propagations = 67
h1.t5.stop_reason = aborted
h1.t5.restarts = 2
h1.t5.nogoods_size = 1
h1.t5.nodes = 117
h1.t5.propagations = 117
h1.t8.where = 0/1800 -1/-1 0/222 -1/-1 0/161 -1/-1 0/71 -1/-1 0/70 -1/-1 0/37 -1/-1 0/36 -1/-1 0/23 -1/-1 0/22 -1/-1 0/14 -1/-1 0/13 -1/-1 0/12 -1/-1 0/11 -1/-1 0/10 -1/-1 0/9 -1/-1 0/15 -1/-1 0/14 -1/-1 0/13 -1/-1 0/12 -1/-1 0/11 -1/-1
h1.t8.stop_reason = satisfiable
h1.t8.restarts = 2
h1.t8.nogoods_size = 1
h1.t8.nodes = 21
h1.t8.propagations = 21
h1.t3.stop_reason = aborted
h1.t3.restarts = 2
h1.t3.nogoods_size = 1
h1.t3.nodes = 141
h1.t3.propagations = 141
h1.t10.stop_reason = aborted
h1.t10.restarts = 2
h1.t10.nogoods_size = 1
h1.t10.nodes = 17
h1.t10.propagations = 17
h1.t9.stop_reason = aborted
h1.t9.restarts = 2
h1.t9.nogoods_size = 1
h1.t9.nodes = 16
h1.t9.propagations = 16
h1.t11.stop_reason = aborted
h1.t11.restarts = 2
h1.t11.nogoods_size = 1
h1.t11.nodes = 13
h1.t11.propagations = 13
h1.t14.stop_reason = aborted
h1.t14.restarts = 2
h1.t14.nogoods_size = 1
h1.t14.nodes = 3
h1.t14.propagations = 3
h1.t12.stop_reason = aborted
h1.t12.restarts = 2
h1.t12.nogoods_size = 1
h1.t12.nodes = 10
h1.t12.propagations = 10
h1.t2.stop_reason = aborted
h1.t2.restarts = 2
h1.t2.nogoods_size = 1
h1.t2.nodes = 91
h1.t2.propagations = 91
h1.t13.stop_reason = aborted
h1.t13.restarts = 2
h1.t13.nogoods_size = 1
h1.t13.nodes = 7
h1.t13.propagations = 7
h1.t1.stop_reason = aborted
h1.t1.restarts = 2
h1.t1.nogoods_size = 1
h1.t1.nodes = 156
h1.t1.propagations = 156
h1.t6.stop_reason = aborted
h1.t6.restarts = 2
h1.t6.nogoods_size = 1
h1.t6.nodes = 58
h1.t6.propagations = 58
h1.t7.stop_reason = aborted
h1.t7.restarts = 2
h1.t7.nogoods_size = 1
h1.t7.nodes = 37
h1.t7.propagations = 37
h1.t15.stop_reason = aborted
h1.t15.restarts = 2
h1.t15.nogoods_size = 1
h1.t15.nodes = 2
h1.t15.propagations = 2
h1.t0.stop_reason = aborted
h1.t0.restarts = 2
h1.t0.nogoods_size = 1
h1.t0.nodes = 172
h1.t0.propagations = 172
h1.t17.stop_reason = aborted
h1.t17.restarts = 2
h1.t17.nogoods_size = 1
h1.t17.nodes = 0
h1.t17.propagations = 0
h1.t16.stop_reason = aborted
h1.t16.restarts = 2
h1.t16.nogoods_size = 1
h1.t16.nodes = 1
h1.t16.propagations = 1
h1.search_time = 29
h1.nodes = 929
h1.propagations = 3699
h2.t3.stop_reason = aborted
h2.t3.restarts = 2
h2.t3.nogoods_size = 1
h2.t3.nodes = 16
h2.t3.propagations = 16
h2.t2.where = 0/1800 -1/-1 0/196 -1/-1 0/195 -1/-1 0/71 -1/-1 0/50 -1/-1 0/22 -1/-1 0/18 -1/-1 0/10 -1/-1 0/9 -1/-1 0/8 -1/-1 0/7 -1/-1 0/6 -1/-1 0/5 -1/-1 0/4 -1/-1 0/7 -1/-1 0/6 -1/-1 0/5 -1/-1 0/4 -1/-1 0/3 -1/-1 0/2 -1/-1
h2.t2.stop_reason = satisfiable
h2.t2.restarts = 2
h2.t2.nogoods_size = 1
h2.t2.nodes = 21
h2.t2.propagations = 21
h2.t1.stop_reason = aborted
h2.t1.restarts = 2
h2.t1.nogoods_size = 1
h2.t1.nodes = 39
h2.t1.propagations = 39
h2.t9.stop_reason = aborted
h2.t9.restarts = 2
h2.t9.nogoods_size = 1
h2.t9.nodes = 1
h2.t9.propagations = 1
h2.t17.stop_reason = aborted
h2.t17.restarts = 2
h2.t17.nogoods_size = 1
h2.t17.nodes = 0
h2.t17.propagations = 0
h2.t4.stop_reason = aborted
h2.t4.restarts = 2
h2.t4.nogoods_size = 1
h2.t4.nodes = 11
h2.t4.propagations = 11
h2.t8.stop_reason = aborted
h2.t8.restarts = 2
h2.t8.nogoods_size = 1
h2.t8.nodes = 1
h2.t8.propagations = 1
h2.t5.stop_reason = aborted
h2.t5.restarts = 2
h2.t5.nogoods_size = 1
h2.t5.nodes = 9
h2.t5.propagations = 9
h2.t12.stop_reason = aborted
h2.t12.restarts = 2
h2.t12.nogoods_size = 1
h2.t12.nodes = 0
h2.t12.propagations = 0
h2.t7.stop_reason = aborted
h2.t7.restarts = 2
h2.t7.nogoods_size = 1
h2.t7.nodes = 4
h2.t7.propagations = 4
h2.t6.stop_reason = aborted
h2.t6.restarts = 2
h2.t6.nogoods_size = 1
h2.t6.nodes = 6
h2.t6.propagations = 6
h2.t14.stop_reason = aborted
h2.t14.restarts = 2
h2.t14.nogoods_size = 1
h2.t14.nodes = 0
h2.t14.propagations = 0
h2.t11.stop_reason = aborted
h2.t11.restarts = 2
h2.t11.nogoods_size = 1
h2.t11.nodes = 0
h2.t11.propagations = 0
h2.t15.stop_reason = aborted
h2.t15.restarts = 2
h2.t15.nogoods_size = 1
h2.t15.nodes = 0
h2.t15.propagations = 0
h2.t16.stop_reason = aborted
h2.t16.restarts = 2
h2.t16.nogoods_size = 1
h2.t16.nodes = 0
h2.t16.propagations = 0
h2.t0.stop_reason = aborted
h2.t0.restarts = 2
h2.t0.nogoods_size = 1
h2.t0.nodes = 29
h2.t0.propagations = 29
h2.t10.stop_reason = aborted
h2.t10.restarts = 2
h2.t10.nogoods_size = 1
h2.t10.nodes = 0
h2.t10.propagations = 0
h2.t13.stop_reason = aborted
h2.t13.restarts = 2
h2.t13.nogoods_size = 1
h2.t13.nodes = 0
h2.t13.propagations = 0
h2.search_time = 19
h2.nodes = 137
h2.propagations = 407
h3.t1.where = 0/1800 -1/-1 0/196 -1/-1 0/195 -1/-1 0/73 -1/-1 0/60 -1/-1 0/49 -1/-1 0/14 -1/-1 0/13 -1/-1 0/12 -1/-1 0/11 -1/-1 0/9 -1/-1 0/8 -1/-1 0/7 -1/-1 0/6 -1/-1 0/5 -1/-1 0/4 -1/-1 0/3 -1/-1 0/6 -1/-1 0/5 -1/-1 0/4 -1/-1
h3.t1.stop_reason = satisfiable
h3.t1.restarts = 2
h3.t1.nogoods_size = 1
h3.t1.nodes = 21
h3.t1.propagations = 21
h3.t7.stop_reason = aborted
h3.t7.restarts = 2
h3.t7.nogoods_size = 1
h3.t7.nodes = 3
h3.t7.propagations = 3
h3.t5.stop_reason = aborted
h3.t5.restarts = 2
h3.t5.nogoods_size = 1
h3.t5.nodes = 8
h3.t5.propagations = 8
h3.t3.stop_reason = aborted
h3.t3.restarts = 2
h3.t3.nogoods_size = 1
h3.t3.nodes = 30
h3.t3.propagations = 30
h3.t6.stop_reason = aborted
h3.t6.restarts = 2
h3.t6.nogoods_size = 1
h3.t6.nodes = 6
h3.t6.propagations = 6
h3.t10.stop_reason = aborted
h3.t10.restarts = 2
h3.t10.nogoods_size = 1
h3.t10.nodes = 0
h3.t10.propagations = 0
h3.t11.stop_reason = aborted
h3.t11.restarts = 2
h3.t11.nogoods_size = 1
h3.t11.nodes = 0
h3.t11.propagations = 0
h3.t8.stop_reason = aborted
h3.t8.restarts = 2
h3.t8.nogoods_size = 1
h3.t8.nodes = 1
h3.t8.propagations = 1
h3.t17.stop_reason = aborted
h3.t17.restarts = 2
h3.t17.nogoods_size = 1
h3.t17.nodes = 0
h3.t17.propagations = 0
h3.t13.stop_reason = aborted
h3.t13.restarts = 2
h3.t13.nogoods_size = 1
h3.t13.nodes = 0
h3.t13.propagations = 0
h3.t2.stop_reason = aborted
h3.t2.restarts = 2
h3.t2.nogoods_size = 1
h3.t2.nodes = 25
h3.t2.propagations = 25
h3.t14.stop_reason = aborted
h3.t14.restarts = 2
h3.t14.nogoods_size = 1
h3.t14.nodes = 0
h3.t14.propagations = 0
h3.t12.stop_reason = aborted
h3.t12.restarts = 2
h3.t12.nogoods_size = 1
h3.t12.nodes = 0
h3.t12.propagations = 0
h3.t4.stop_reason = aborted
h3.t4.restarts = 2
h3.t4.nogoods_size = 1
h3.t4.nodes = 10
h3.t4.propagations = 10
h3.t9.stop_reason = aborted
h3.t9.restarts = 2
h3.t9.nogoods_size = 1
h3.t9.nodes = 1
h3.t9.propagations = 1
h3.t16.stop_reason = aborted
h3.t16.restarts = 2
h3.t16.nogoods_size = 1
h3.t16.nodes = 0
h3.t16.propagations = 0
h3.t0.stop_reason = aborted
h3.t0.restarts = 2
h3.t0.nogoods_size = 1
h3.t0.nodes = 40
h3.t0.propagations = 40
h3.t15.stop_reason = aborted
h3.t15.restarts = 2
h3.t15.nogoods_size = 1
h3.t15.nodes = 0
h3.t15.propagations = 0
h3.search_time = 13
h3.nodes = 145
h3.propagations = 434
h4.t8.stop_reason = aborted
h4.t8.restarts = 2
h4.t8.nogoods_size = 1
h4.t8.nodes = 8
h4.t8.propagations = 8
h4.t2.stop_reason = aborted
h4.t2.restarts = 2
h4.t2.nogoods_size = 1
h4.t2.nodes = 68
h4.t2.propagations = 68
h4.t4.stop_reason = aborted
h4.t4.restarts = 2
h4.t4.nogoods_size = 1
h4.t4.nodes = 43
h4.t4.propagations = 43
h4.t11.stop_reason = aborted
h4.t11.restarts = 2
h4.t11.nogoods_size = 1
h4.t11.nodes = 1
h4.t11.propagations = 1
h4.t5.stop_reason = aborted
h4.t5.restarts = 2
h4.t5.nogoods_size = 1
h4.t5.nodes = 50
h4.t5.propagations = 50
h4.t6.where = 0/1800 -1/-1 0/162 -1/-1 0/161 -1/-1 0/71 -1/-1 0/46 -1/-1 0/38 -1/-1 0/15 -1/-1 0/14 -1/-1 0/13 -1/-1 0/12 -1/-1 0/9 -1/-1 0/7 -1/-1 0/6 -1/-1 0/5 -1/-1 0/8 -1/-1 0/7 -1/-1 0/6 -1/-1 0/5 -1/-1 0/4 -1/-1 0/3 -1/-1
h4.t6.stop_reason = satisfiable
h4.t6.restarts = 2
h4.t6.nogoods_size = 1
h4.t6.nodes = 21
h4.t6.propagations = 21
h4.t1.stop_reason = aborted
h4.t1.restarts = 2
h4.t1.nogoods_size = 1
h4.t1.nodes = 143
h4.t1.propagations = 143
h4.t9.stop_reason = aborted
h4.t9.restarts = 2
h4.t9.nogoods_size = 1
h4.t9.nodes = 9
h4.t9.propagations = 9
h4.t12.stop_reason = aborted
h4.t12.restarts = 2
h4.t12.nogoods_size = 1
h4.t12.nodes = 1
h4.t12.propagations = 1
h4.t10.stop_reason = aborted
h4.t10.restarts = 2
h4.t10.nogoods_size = 1
h4.t10.nodes = 5
h4.t10.propagations = 5
h4.t3.stop_reason = aborted
h4.t3.restarts = 2
h4.t3.nogoods_size = 1
h4.t3.nodes = 90
h4.t3.propagations = 90
h4.t13.stop_reason = aborted
h4.t13.restarts = 2
h4.t13.nogoods_size = 1
h4.t13.nodes = 1
h4.t13.propagations = 1
h4.t15.stop_reason = aborted
h4.t15.restarts = 2
h4.t15.nogoods_size = 1
h4.t15.nodes = 0
h4.t15.propagations = 0
h4.t7.stop_reason = aborted
h4.t7.restarts = 2
h4.t7.nogoods_size = 1
h4.t7.nodes = 17
h4.t7.propagations = 17
h4.t14.stop_reason = aborted
h4.t14.restarts = 2
h4.t14.nogoods_size = 1
h4.t14.nodes = 0
h4.t14.propagations = 0
h4.t0.stop_reason = aborted
h4.t0.restarts = 2
h4.t0.nogoods_size = 1
h4.t0.nodes = 91
h4.t0.propagations = 91
h4.t17.stop_reason = aborted
h4.t17.restarts = 2
h4.t17.nogoods_size = 1
h4.t17.nodes = 0
h4.t17.propagations = 0
h4.t16.stop_reason = aborted
h4.t16.restarts = 2
h4.t16.nogoods_size = 1
h4.t16.nodes = 0
h4.t16.propagations = 0
h4.search_time = 26
h4.nodes = 548
h4.propagations = 2202
h5.t17.stop_reason = aborted
h5.t17.restarts = 2
h5.t17.nogoods_size = 1
h5.t17.nodes = 0
h5.t17.propagations = 0
h5.t0.stop_reason = aborted
h5.t0.restarts = 2
h5.t0.nogoods_size = 1
h5.t0.nodes = 27
h5.t0.propagations = 27
h5.t6.stop_reason = aborted
h5.t6.restarts = 2
h5.t6.nogoods_size = 1
h5.t6.nodes = 7
h5.t6.propagations = 7
h5.t7.stop_reason = aborted
h5.t7.restarts = 2
h5.t7.nogoods_size = 1
h5.t7.nodes = 3
h5.t7.propagations = 3
h5.t4.stop_reason = aborted
h5.t4.restarts = 2
h5.t4.nogoods_size = 1
h5.t4.nodes = 11
h5.t4.propagations = 11
h5.t5.stop_reason = aborted
h5.t5.restarts = 2
h5.t5.nogoods_size = 1
h5.t5.nodes = 8
h5.t5.propagations = 8
h5.t8.stop_reason = aborted
h5.t8.restarts = 2
h5.t8.nogoods_size = 1
h5.t8.nodes = 1
h5.t8.propagations = 1
h5.t10.stop_reason = aborted
h5.t10.restarts = 2
h5.t10.nogoods_size = 1
h5.t10.nodes = 0
h5.t10.propagations = 0
h5.t1.stop_reason = aborted
h5.t1.restarts = 2
h5.t1.nogoods_size = 1
h5.t1.nodes = 30
h5.t1.propagations = 30
h5.t9.stop_reason = aborted
h5.t9.restarts = 2
h5.t9.nogoods_size = 1
h5.t9.nodes = 1
h5.t9.propagations = 1
h5.t3.stop_reason = aborted
h5.t3.restarts = 2
h5.t3.nogoods_size = 1
h5.t3.nodes = 16
h5.t3.propagations = 16
h5.t11.stop_reason = aborted
h5.t11.restarts = 2
h5.t11.nogoods_size = 1
h5.t11.nodes = 0
h5.t11.propagations = 0
h5.t12.stop_reason = aborted
h5.t12.restarts = 2
h5.t12.nogoods_size = 1
h5.t12.nodes = 0
h5.t12.propagations = 0
h5.t13.stop_reason = aborted
h5.t13.restarts = 2
h5.t13.nogoods_size = 1
h5.t13.nodes = 0
h5.t13.propagations = 0
h5.t14.stop_reason = aborted
h5.t14.restarts = 2
h5.t14.nogoods_size = 1
h5.t14.nodes = 0
h5.t14.propagations = 0
h5.t15.stop_reason = aborted
h5.t15.restarts = 2
h5.t15.nogoods_size = 1
h5.t15.nodes = 0
h5.t15.propagations = 0
h5.t16.stop_reason = aborted
h5.t16.restarts = 2
h5.t16.nogoods_size = 1
h5.t16.nodes = 0
h5.t16.propagations = 0
h5.t2.where = 0/1800 -1/-1 0/226 -1/-1 0/225 -1/-1 0/82 -1/-1 0/81 -1/-1 0/23 -1/-1 0/22 -1/-1 0/19 -1/-1 0/17 -1/-1 0/16 -1/-1 0/15 -1/-1 0/14 -1/-1 0/13 -1/-1 0/10 -1/-1 0/9 -1/-1 0/8 -1/-1 0/7 -1/-1 0/6 -1/-1 0/5 -1/-1 0/10 -1/-1
h5.t2.stop_reason = satisfiable
h5.t2.restarts = 2
h5.t2.nogoods_size = 1
h5.t2.nodes = 21
h5.t2.propagations = 21
h5.search_time = 29
h5.nodes = 125
h5.propagations = 394
h6.t17.stop_reason = aborted
h6.t17.restarts = 2
h6.t17.nogoods_size = 1
h6.t17.nodes = 0
h6.t17.propagations = 0
h6.t0.stop_reason = aborted
h6.t0.restarts = 2
h6.t0.nogoods_size = 1
h6.t0.nodes = 62
h6.t0.propagations = 62
h6.t8.stop_reason = aborted
h6.t8.restarts = 2
h6.t8.nogoods_size = 1
h6.t8.nodes = 6
h6.t8.propagations = 6
h6.t9.stop_reason = aborted
h6.t9.restarts = 2
h6.t9.nogoods_size = 1
h6.t9.nodes = 3
h6.t9.propagations = 3
h6.t1.stop_reason = aborted
h6.t1.restarts = 2
h6.t1.nogoods_size = 1
h6.t1.nodes = 100
h6.t1.propagations = 100
h6.t12.stop_reason = aborted
h6.t12.restarts = 2
h6.t12.nogoods_size = 1
h6.t12.nodes = 0
h6.t12.propagations = 0
h6.t5.stop_reason = aborted
h6.t5.restarts = 2
h6.t5.nogoods_size = 1
h6.t5.nodes = 16
h6.t5.propagations = 16
h6.t10.stop_reason = aborted
h6.t10.restarts = 2
h6.t10.nogoods_size = 1
h6.t10.nodes = 1
h6.t10.propagations = 1
h6.t7.stop_reason = aborted
h6.t7.restarts = 2
h6.t7.nogoods_size = 1
h6.t7.nodes = 9
h6.t7.propagations = 9
h6.t2.stop_reason = aborted
h6.t2.restarts = 2
h6.t2.nogoods_size = 1
h6.t2.nodes = 63
h6.t2.propagations = 63
h6.t3.stop_reason = aborted
h6.t3.restarts = 2
h6.t3.nogoods_size = 1
h6.t3.nodes = 47
h6.t3.propagations = 47
h6.t4.where = 0/1800 -1/-1 0/356 -1/-1 0/309 -1/-1 0/43 -1/-1 0/42 -1/-1 0/41 -1/-1 0/20 -1/-1 0/12 -1/-1 0/11 -1/-1 0/10 -1/-1 0/9 -1/-1 0/8 -1/-1 0/7 -1/-1 0/15 -1/-1 0/14 -1/-1 0/13 -1/-1 0/12 -1/-1 0/11 -1/-1 0/10 -1/-1 0/9 -1/-1
h6.t4.stop_reason = satisfiable
h6.t4.restarts = 2
h6.t4.nogoods_size = 1
h6.t4.nodes = 21
h6.t4.propagations = 21
h6.t13.stop_reason = aborted
h6.t13.restarts = 2
h6.t13.nogoods_size = 1
h6.t13.nodes = 0
h6.t13.propagations = 0
h6.t14.stop_reason = aborted
h6.t14.restarts = 2
h6.t14.nogoods_size = 1
h6.t14.nodes = 0
h6.t14.propagations = 0
h6.t11.stop_reason = aborted
h6.t11.restarts = 2
h6.t11.nogoods_size = 1
h6.t11.nodes = 1
h6.t11.propagations = 1
h6.t15.stop_reason = aborted
h6.t15.restarts = 2
h6.t15.nogoods_size = 1
h6.t15.nodes = 0
h6.t15.propagations = 0
h6.t16.stop_reason = aborted
h6.t16.restarts = 2
h6.t16.nogoods_size = 1
h6.t16.nodes = 0
h6.t16.propagations = 0
h6.t6.stop_reason = aborted
h6.t6.restarts = 2
h6.t6.nogoods_size = 1
h6.t6.nodes = 22
h6.t6.propagations = 22
h6.search_time = 26
h6.nodes = 351
h6.propagations = 1291
h7.t17.stop_reason = aborted
h7.t17.restarts = 2
h7.t17.nogoods_size = 1
h7.t17.nodes = 0
h7.t17.propagations = 0
h7.t0.stop_reason = aborted
h7.t0.restarts = 2
h7.t0.nogoods_size = 1
h7.t0.nodes = 70
h7.t0.propagations = 70
h7.t5.where = 0/1800 -1/-1 0/196 -1/-1 0/195 -1/-1 0/62 -1/-1 0/22 -1/-1 0/21 -1/-1 0/14 -1/-1 0/12 -1/-1 0/10 -1/-1 0/9 -1/-1 0/8 -1/-1 0/7 -1/-1 0/6 -1/-1 0/5 -1/-1 0/4 -1/-1 0/10 -1/-1 0/9 -1/-1 0/8 -1/-1 0/7 -1/-1 0/6 -1/-1
h7.t5.stop_reason = satisfiable
h7.t5.restarts = 2
h7.t5.nogoods_size = 1
h7.t5.nodes = 21
h7.t5.propagations = 21
h7.t9.stop_reason = aborted
h7.t9.restarts = 2
h7.t9.nogoods_size = 1
h7.t9.nodes = 5
h7.t9.propagations = 5
h7.t7.stop_reason = aborted
h7.t7.restarts = 2
h7.t7.nogoods_size = 1
h7.t7.nodes = 15
h7.t7.propagations = 15
h7.t6.stop_reason = aborted
h7.t6.restarts = 2
h7.t6.nogoods_size = 1
h7.t6.nodes = 14
h7.t6.propagations = 14
h7.t1.stop_reason = aborted
h7.t1.restarts = 2
h7.t1.nogoods_size = 1
h7.t1.nodes = 103
h7.t1.propagations = 103
h7.t2.stop_reason = aborted
h7.t2.restarts = 2
h7.t2.nogoods_size = 1
h7.t2.nodes = 58
h7.t2.propagations = 58
h7.t3.stop_reason = aborted
h7.t3.restarts = 2
h7.t3.nogoods_size = 1
h7.t3.nodes = 44
h7.t3.propagations = 44
h7.t10.stop_reason = aborted
h7.t10.restarts = 2
h7.t10.nogoods_size = 1
h7.t10.nodes = 3
h7.t10.propagations = 3
h7.t13.stop_reason = aborted
h7.t13.restarts = 2
h7.t13.nogoods_size = 1
h7.t13.nodes = 0
h7.t13.propagations = 0
h7.t11.stop_reason = aborted
h7.t11.restarts = 2
h7.t11.nogoods_size = 1
h7.t11.nodes = 1
h7.t11.propagations = 1
h7.t8.stop_reason = aborted
h7.t8.restarts = 2
h7.t8.nogoods_size = 1
h7.t8.nodes = 8
h7.t8.propagations = 8
h7.t14.stop_reason = aborted
h7.t14.restarts = 2
h7.t14.nogoods_size = 1
h7.t14.nodes = 0
h7.t14.propagations = 0
h7.t15.stop_reason = aborted
h7.t15.restarts = 2
h7.t15.nogoods_size = 1
h7.t15.nodes = 0
h7.t15.propagations = 0
h7.t12.stop_reason = aborted
h7.t12.restarts = 2
h7.t12.nogoods_size = 1
h7.t12.nodes = 1
h7.t12.propagations = 1
h7.t4.where = 0/1800 -1/-1 0/310 -1/-1 0/288 -1/-1 0/89 -1/-1 0/88 -1/-1 0/56 -1/-1 0/55 -1/-1 0/38 -1/-1 0/12 -1/-1 0/11 -1/-1 0/10 -1/-1 0/9 -1/-1 0/8 -1/-1 0/7 -1/-1 0/8 -1/-1 0/7 -1/-1 0/6 -1/-1 0/5 -1/-1 0/4 -1/-1 0/3 -1/-1
h7.t4.stop_reason = satisfiable
h7.t4.restarts = 2
h7.t4.nogoods_size = 1
h7.t4.nodes = 21
h7.t4.propagations = 21
h7.t16.stop_reason = aborted
h7.t16.restarts = 2
h7.t16.nogoods_size = 1
h7.t16.nodes = 0
h7.t16.propagations = 0
h7.search_time = 26
h7.nodes = 364
h7.propagations = 1190
h8.t17.stop_reason = aborted
h8.t17.restarts = 2
h8.t17.nogoods_size = 1
h8.t17.nodes = 0
h8.t17.propagations = 0
h8.t0.stop_reason = aborted
h8.t0.restarts = 2
h8.t0.nogoods_size = 1
h8.t0.nodes = 26
h8.t0.propagations = 26
h8.t10.stop_reason = aborted
h8.t10.restarts = 2
h8.t10.nogoods_size = 1
h8.t10.nodes = 0
h8.t10.propagations = 0
h8.t5.stop_reason = aborted
h8.t5.restarts = 2
h8.t5.nogoods_size = 1
h8.t5.nodes = 7
h8.t5.propagations = 7
h8.t7.stop_reason = aborted
h8.t7.restarts = 2
h8.t7.nogoods_size = 1
h8.t7.nodes = 3
h8.t7.propagations = 3
h8.t3.stop_reason = aborted
h8.t3.restarts = 2
h8.t3.nogoods_size = 1
h8.t3.nodes = 13
h8.t3.propagations = 13
h8.t2.stop_reason = aborted
h8.t2.restarts = 2
h8.t2.nogoods_size = 1
h8.t2.nodes = 23
h8.t2.propagations = 23
h8.t6.stop_reason = aborted
h8.t6.restarts = 2
h8.t6.nogoods_size = 1
h8.t6.nodes = 5
h8.t6.propagations = 5
h8.t4.stop_reason = aborted
h8.t4.restarts = 2
h8.t4.nogoods_size = 1
h8.t4.nodes = 11
h8.t4.propagations = 11
h8.t11.stop_reason = aborted
h8.t11.restarts = 2
h8.t11.nogoods_size = 1
h8.t11.nodes = 0
h8.t11.propagations = 0
h8.t8.stop_reason = aborted
h8.t8.restarts = 2
h8.t8.nogoods_size = 1
h8.t8.nodes = 1
h8.t8.propagations = 1
h8.t12.stop_reason = aborted
h8.t12.restarts = 2
h8.t12.nogoods_size = 1
h8.t12.nodes = 0
h8.t12.propagations = 0
h8.t9.stop_reason = aborted
h8.t9.restarts = 2
h8.t9.nogoods_size = 1
h8.t9.nodes = 1
h8.t9.propagations = 1
h8.t13.stop_reason = aborted
h8.t13.restarts = 2
h8.t13.nogoods_size = 1
h8.t13.nodes = 0
h8.t13.propagations = 0
h8.t14.stop_reason = aborted
h8.t14.restarts = 2
h8.t14.nogoods_size = 1
h8.t14.nodes = 0
h8.t14.propagations = 0
h8.t15.stop_reason = aborted
h8.t15.restarts = 2
h8.t15.nogoods_size = 1
h8.t15.nodes = 0
h8.t15.propagations = 0
h8.t16.stop_reason = aborted
h8.t16.restarts = 2
h8.t16.nogoods_size = 1
h8.t16.nodes = 0
h8.t16.propagations = 0
h8.t1.where = 0/1800 -1/-1 0/310 -1/-1 0/265 -1/-1 0/58 -1/-1 0/57 -1/-1 0/52 -1/-1 0/16 -1/-1 0/15 -1/-1 0/14 -1/-1 0/8 -1/-1 0/7 -1/-1 0/6 -1/-1 0/5 -1/-1 0/4 -1/-1 0/3 -1/-1 0/2 -1/-1 0/8 -1/-1 0/7 -1/-1 0/6 -1/-1 0/5 -1/-1
h8.t1.stop_reason = satisfiable
h8.t1.restarts = 2
h8.t1.nogoods_size = 1
h8.t1.nodes = 21
h8.t1.propagations = 21
h8.search_time = 22
h8.nodes = 111
h8.propagations = 245
h9.t2.stop_reason = aborted
h9.t2.restarts = 2
h9.t2.nogoods_size = 1
h9.t2.nodes = 30
h9.t2.propagations = 30
h9.t1.stop_reason = aborted
h9.t1.restarts = 2
h9.t1.nogoods_size = 1
h9.t1.nodes = 25
h9.t1.propagations = 25
h9.t9.stop_reason = aborted
h9.t9.restarts = 2
h9.t9.nogoods_size = 1
h9.t9.nodes = 0
h9.t9.propagations = 0
h9.t3.stop_reason = aborted
h9.t3.restarts = 2
h9.t3.nogoods_size = 1
h9.t3.nodes = 16
h9.t3.propagations = 16
h9.t4.stop_reason = aborted
h9.t4.restarts = 2
h9.t4.nogoods_size = 1
h9.t4.nodes = 8
h9.t4.propagations = 8
h9.t5.stop_reason = aborted
h9.t5.restarts = 2
h9.t5.nogoods_size = 1
h9.t5.nodes = 4
h9.t5.propagations = 4
h9.t7.stop_reason = aborted
h9.t7.restarts = 2
h9.t7.nogoods_size = 1
h9.t7.nodes = 1
h9.t7.propagations = 1
h9.t8.stop_reason = aborted
h9.t8.restarts = 2
h9.t8.nogoods_size = 1
h9.t8.nodes = 0
h9.t8.propagations = 0
h9.t6.stop_reason = aborted
h9.t6.restarts = 2
h9.t6.nogoods_size = 1
h9.t6.nodes = 3
h9.t6.propagations = 3
h9.t10.stop_reason = aborted
h9.t10.restarts = 2
h9.t10.nogoods_size = 1
h9.t10.nodes = 0
h9.t10.propagations = 0
h9.t16.stop_reason = aborted
h9.t16.restarts = 2
h9.t16.nogoods_size = 1
h9.t16.nodes = 0
h9.t16.propagations = 0
h9.t17.stop_reason = aborted
h9.t17.restarts = 2
h9.t17.nogoods_size = 1
h9.t17.nodes = 0
h9.t17.propagations = 0
h9.t11.stop_reason = aborted
h9.t11.restarts = 2
h9.t11.nogoods_size = 1
h9.t11.nodes = 0
h9.t11.propagations = 0
h9.t14.stop_reason = aborted
h9.t14.restarts = 2
h9.t14.nogoods_size = 1
h9.t14.nodes = 0
h9.t14.propagations = 0
h9.t15.stop_reason = aborted
h9.t15.restarts = 2
h9.t15.nogoods_size = 1
h9.t15.nodes = 0
h9.t15.propagations = 0
h9.t13.stop_reason = aborted
h9.t13.restarts = 2
h9.t13.nogoods_size = 1
h9.t13.nodes = 0
h9.t13.propagations = 0
h9.t0.where = 0/1800 -1/-1 0/266 -1/-1 0/195 -1/-1 0/85 -1/-1 0/84 -1/-1 0/27 -1/-1 0/26 -1/-1 0/16 -1/-1 0/15 -1/-1 0/14 -1/-1 0/13 -1/-1 0/12 -1/-1 0/11 -1/-1 0/6 -1/-1 0/5 -1/-1 0/4 -1/-1 0/3 -1/-1 0/6 -1/-1 0/5 -1/-1 0/4 -1/-1
h9.t0.stop_reason = satisfiable
h9.t0.restarts = 2
h9.t0.nogoods_size = 1
h9.t0.nodes = 21
h9.t0.propagations = 21
h9.t12.stop_reason = aborted
h9.t12.restarts = 2
h9.t12.nogoods_size = 1
h9.t12.nodes = 0
h9.t12.propagations = 0
h9.search_time = 6
h9.nodes = 108
h9.propagations = 283
