hostname = r1i4n11
commandline = ../glasgow/mpi_solve_subgraph_isomorphism --timeout 1000 --format lad --geometric-restarts=1.0 --restarts-constant=5400 --triggered-restarts --threads 18 --value-ordering=random ../instances/LV/g8 ../instances/largerGraphs/g93-normed
started_at = 2018-11-20 21:14:24
pattern_file = ../instances/LV/g8
target_file = ../instances/largerGraphs/g93-normed
status = aborted
nodes = 6873738960
propagations = 59811826737
runtime = 1070888
h0.t1.stop_reason = aborted
h0.t1.restarts = 3824
h0.t1.nogoods_size = 26480628
h0.t1.nodes = 39171169
h0.t1.propagations = 39171169
h0.t13.stop_reason = aborted
h0.t13.restarts = 3824
h0.t13.nogoods_size = 26480628
h0.t13.nodes = 39624317
h0.t13.propagations = 39624317
h0.t5.stop_reason = aborted
h0.t5.restarts = 3824
h0.t5.nogoods_size = 26480628
h0.t5.nodes = 39707412
h0.t5.propagations = 39707412
h0.t16.stop_reason = aborted
h0.t16.restarts = 3824
h0.t16.nogoods_size = 26480628
h0.t16.nodes = 39859691
h0.t16.propagations = 39859691
h0.t4.stop_reason = aborted
h0.t4.restarts = 3824
h0.t4.nogoods_size = 26480628
h0.t4.nodes = 39587528
h0.t4.propagations = 39587528
h0.t17.stop_reason = aborted
h0.t17.restarts = 3824
h0.t17.nogoods_size = 26480628
h0.t17.nodes = 27410950
h0.t17.propagations = 27410950
h0.t3.stop_reason = aborted
h0.t3.restarts = 3824
h0.t3.nogoods_size = 26480628
h0.t3.nodes = 39338336
h0.t3.propagations = 39338336
h0.t6.stop_reason = aborted
h0.t6.restarts = 3824
h0.t6.nogoods_size = 26480628
h0.t6.nodes = 39706167
h0.t6.propagations = 39706167
h0.t15.stop_reason = aborted
h0.t15.restarts = 3824
h0.t15.nogoods_size = 26480628
h0.t15.nodes = 39736918
h0.t15.propagations = 39736918
h0.t8.stop_reason = aborted
h0.t8.restarts = 3824
h0.t8.nogoods_size = 26480628
h0.t8.nodes = 39579294
h0.t8.propagations = 39579294
h0.t7.stop_reason = aborted
h0.t7.restarts = 3824
h0.t7.nogoods_size = 26480628
h0.t7.nodes = 39647856
h0.t7.propagations = 39647856
h0.t14.stop_reason = aborted
h0.t14.restarts = 3824
h0.t14.nogoods_size = 26480628
h0.t14.nodes = 39489093
h0.t14.propagations = 39489093
h0.t9.stop_reason = aborted
h0.t9.restarts = 3824
h0.t9.nogoods_size = 26480628
h0.t9.nodes = 39405149
h0.t9.propagations = 39405149
h0.t10.stop_reason = aborted
h0.t10.restarts = 3824
h0.t10.nogoods_size = 26480628
h0.t10.nodes = 39432324
h0.t10.propagations = 39432324
h0.t12.stop_reason = aborted
h0.t12.restarts = 3824
h0.t12.nogoods_size = 26480628
h0.t12.nodes = 39363962
h0.t12.propagations = 39363962
h0.t2.stop_reason = aborted
h0.t2.restarts = 3824
h0.t2.nogoods_size = 26480628
h0.t2.nodes = 39466460
h0.t2.propagations = 39466460
h0.t11.stop_reason = aborted
h0.t11.restarts = 3824
h0.t11.nogoods_size = 26480628
h0.t11.nodes = 39439360
h0.t11.propagations = 39439360
h0.t0.stop_reason = aborted
h0.t0.restarts = 3824
h0.t0.nogoods_size = 26480628
h0.t0.nodes = 20688476
h0.t0.propagations = 20688476
h0.search_time = 998557
h0.nodes = 680654462
h0.propagations = 5926713309
h1.t7.stop_reason = aborted
h1.t7.restarts = 3824
h1.t7.nogoods_size = 26486915
h1.t7.nodes = 39512816
h1.t7.propagations = 39512816
h1.t8.stop_reason = aborted
h1.t8.restarts = 3824
h1.t8.nogoods_size = 26486915
h1.t8.nodes = 39493116
h1.t8.propagations = 39493116
h1.t3.stop_reason = aborted
h1.t3.restarts = 3824
h1.t3.nogoods_size = 26486915
h1.t3.nodes = 39420123
h1.t3.propagations = 39420123
h1.t5.stop_reason = aborted
h1.t5.restarts = 3824
h1.t5.nogoods_size = 26486915
h1.t5.nodes = 39825339
h1.t5.propagations = 39825339
h1.t17.stop_reason = aborted
h1.t17.restarts = 3824
h1.t17.nogoods_size = 26486915
h1.t17.nodes = 27161089
h1.t17.propagations = 27161089
h1.t6.stop_reason = aborted
h1.t6.restarts = 3824
h1.t6.nogoods_size = 26486915
h1.t6.nodes = 39519025
h1.t6.propagations = 39519025
h1.t4.stop_reason = aborted
h1.t4.restarts = 3824
h1.t4.nogoods_size = 26486915
h1.t4.nodes = 39612830
h1.t4.propagations = 39612830
h1.t0.stop_reason = aborted
h1.t0.restarts = 3824
h1.t0.nogoods_size = 26486915
h1.t0.nodes = 20688342
h1.t0.propagations = 20688342
h1.t15.stop_reason = aborted
h1.t15.restarts = 3824
h1.t15.nogoods_size = 26486915
h1.t15.nodes = 39438680
h1.t15.propagations = 39438680
h1.t16.stop_reason = aborted
h1.t16.restarts = 3824
h1.t16.nogoods_size = 26486915
h1.t16.nodes = 39905107
h1.t16.propagations = 39905107
h1.t14.stop_reason = aborted
h1.t14.restarts = 3824
h1.t14.nogoods_size = 26486915
h1.t14.nodes = 39837265
h1.t14.propagations = 39837265
h1.t2.stop_reason = aborted
h1.t2.restarts = 3824
h1.t2.nogoods_size = 26486915
h1.t2.nodes = 39618664
h1.t2.propagations = 39618664
h1.t11.stop_reason = aborted
h1.t11.restarts = 3824
h1.t11.nogoods_size = 26486915
h1.t11.nodes = 39822387
h1.t11.propagations = 39822387
h1.t12.stop_reason = aborted
h1.t12.restarts = 3824
h1.t12.nogoods_size = 26486915
h1.t12.nodes = 39809832
h1.t12.propagations = 39809832
h1.t1.stop_reason = aborted
h1.t1.restarts = 3824
h1.t1.nogoods_size = 26486915
h1.t1.nodes = 39571672
h1.t1.propagations = 39571672
h1.t9.stop_reason = aborted
h1.t9.restarts = 3824
h1.t9.nogoods_size = 26486915
h1.t9.nodes = 39596640
h1.t9.propagations = 39596640
h1.t10.stop_reason = aborted
h1.t10.restarts = 3824
h1.t10.nogoods_size = 26486915
h1.t10.nodes = 39641036
h1.t10.propagations = 39641036
h1.t13.stop_reason = aborted
h1.t13.restarts = 3824
h1.t13.nogoods_size = 26486915
h1.t13.nodes = 39531657
h1.t13.propagations = 39531657
h1.search_time = 998551
h1.nodes = 682005620
h1.propagations = 5931537436
h2.t16.stop_reason = aborted
h2.t16.restarts = 3824
h2.t16.nogoods_size = 26482885
h2.t16.nodes = 40112374
h2.t16.propagations = 40112374
h2.t13.stop_reason = aborted
h2.t13.restarts = 3824
h2.t13.nogoods_size = 26482885
h2.t13.nodes = 40939688
h2.t13.propagations = 40939688
h2.t2.stop_reason = aborted
h2.t2.restarts = 3824
h2.t2.nogoods_size = 26482885
h2.t2.nodes = 40431715
h2.t2.propagations = 40431715
h2.t4.stop_reason = aborted
h2.t4.restarts = 3824
h2.t4.nogoods_size = 26482885
h2.t4.nodes = 39517218
h2.t4.propagations = 39517218
h2.t15.stop_reason = aborted
h2.t15.restarts = 3824
h2.t15.nogoods_size = 26482885
h2.t15.nodes = 39882731
h2.t15.propagations = 39882731
h2.t6.stop_reason = aborted
h2.t6.restarts = 3824
h2.t6.nogoods_size = 26482885
h2.t6.nodes = 39848939
h2.t6.propagations = 39848939
h2.t10.stop_reason = aborted
h2.t10.restarts = 3824
h2.t10.nogoods_size = 26482885
h2.t10.nodes = 39511004
h2.t10.propagations = 39511004
h2.t11.stop_reason = aborted
h2.t11.restarts = 3824
h2.t11.nogoods_size = 26482885
h2.t11.nodes = 40000618
h2.t11.propagations = 40000618
h2.t9.stop_reason = aborted
h2.t9.restarts = 3824
h2.t9.nogoods_size = 26482885
h2.t9.nodes = 39410585
h2.t9.propagations = 39410585
h2.t8.stop_reason = aborted
h2.t8.restarts = 3824
h2.t8.nogoods_size = 26482885
h2.t8.nodes = 39688330
h2.t8.propagations = 39688330
h2.t5.stop_reason = aborted
h2.t5.restarts = 3824
h2.t5.nogoods_size = 26482885
h2.t5.nodes = 40025391
h2.t5.propagations = 40025391
h2.t14.stop_reason = aborted
h2.t14.restarts = 3824
h2.t14.nogoods_size = 26482885
h2.t14.nodes = 39611716
h2.t14.propagations = 39611716
h2.t12.stop_reason = aborted
h2.t12.restarts = 3824
h2.t12.nogoods_size = 26482885
h2.t12.nodes = 39616661
h2.t12.propagations = 39616661
h2.t3.stop_reason = aborted
h2.t3.restarts = 3824
h2.t3.nogoods_size = 26482885
h2.t3.nodes = 39656609
h2.t3.propagations = 39656609
h2.t1.stop_reason = aborted
h2.t1.restarts = 3824
h2.t1.nogoods_size = 26482885
h2.t1.nodes = 40347741
h2.t1.propagations = 40347741
h2.t17.stop_reason = aborted
h2.t17.restarts = 3824
h2.t17.nogoods_size = 26482885
h2.t17.nodes = 27357767
h2.t17.propagations = 27357767
h2.t7.stop_reason = aborted
h2.t7.restarts = 3824
h2.t7.nogoods_size = 26482885
h2.t7.nodes = 39693176
h2.t7.propagations = 39693176
h2.t0.stop_reason = aborted
h2.t0.restarts = 3824
h2.t0.nogoods_size = 26482885
h2.t0.nodes = 20685694
h2.t0.propagations = 20685694
h2.search_time = 998593
h2.nodes = 686337957
h2.propagations = 5964933363
h3.t8.stop_reason = aborted
h3.t8.restarts = 3824
h3.t8.nogoods_size = 26494864
h3.t8.nodes = 39789839
h3.t8.propagations = 39789839
h3.t11.stop_reason = aborted
h3.t11.restarts = 3824
h3.t11.nogoods_size = 26494864
h3.t11.nodes = 39595383
h3.t11.propagations = 39595383
h3.t16.stop_reason = aborted
h3.t16.restarts = 3824
h3.t16.nogoods_size = 26494864
h3.t16.nodes = 45141767
h3.t16.propagations = 45141767
h3.t7.stop_reason = aborted
h3.t7.restarts = 3824
h3.t7.nogoods_size = 26494864
h3.t7.nodes = 39438439
h3.t7.propagations = 39438439
h3.t13.stop_reason = aborted
h3.t13.restarts = 3824
h3.t13.nogoods_size = 26494864
h3.t13.nodes = 39667903
h3.t13.propagations = 39667903
h3.t10.stop_reason = aborted
h3.t10.restarts = 3824
h3.t10.nogoods_size = 26494864
h3.t10.nodes = 39446008
h3.t10.propagations = 39446008
h3.t2.stop_reason = aborted
h3.t2.restarts = 3824
h3.t2.nogoods_size = 26494864
h3.t2.nodes = 39406821
h3.t2.propagations = 39406821
h3.t3.stop_reason = aborted
h3.t3.restarts = 3824
h3.t3.nogoods_size = 26494864
h3.t3.nodes = 39566690
h3.t3.propagations = 39566690
h3.t4.stop_reason = aborted
h3.t4.restarts = 3824
h3.t4.nogoods_size = 26494864
h3.t4.nodes = 39141552
h3.t4.propagations = 39141552
h3.t9.stop_reason = aborted
h3.t9.restarts = 3824
h3.t9.nogoods_size = 26494864
h3.t9.nodes = 39961960
h3.t9.propagations = 39961960
h3.t6.stop_reason = aborted
h3.t6.restarts = 3824
h3.t6.nogoods_size = 26494864
h3.t6.nodes = 39391218
h3.t6.propagations = 39391218
h3.t15.stop_reason = aborted
h3.t15.restarts = 3824
h3.t15.nogoods_size = 26494864
h3.t15.nodes = 39311115
h3.t15.propagations = 39311115
h3.t1.stop_reason = aborted
h3.t1.restarts = 3824
h3.t1.nogoods_size = 26494864
h3.t1.nodes = 39713889
h3.t1.propagations = 39713889
h3.t14.stop_reason = aborted
h3.t14.restarts = 3824
h3.t14.nogoods_size = 26494864
h3.t14.nodes = 39865306
h3.t14.propagations = 39865306
h3.t17.stop_reason = aborted
h3.t17.restarts = 3824
h3.t17.nogoods_size = 26494864
h3.t17.nodes = 27161314
h3.t17.propagations = 27161314
h3.t5.stop_reason = aborted
h3.t5.restarts = 3824
h3.t5.nogoods_size = 26494864
h3.t5.nodes = 39263773
h3.t5.propagations = 39263773
h3.t12.stop_reason = aborted
h3.t12.restarts = 3824
h3.t12.nogoods_size = 26494864
h3.t12.nodes = 39500214
h3.t12.propagations = 39500214
h3.t0.stop_reason = aborted
h3.t0.restarts = 3824
h3.t0.nogoods_size = 26494864
h3.t0.nodes = 20686941
h3.t0.propagations = 20686941
h3.search_time = 998595
h3.nodes = 686050132
h3.propagations = 5982819606
h4.t16.stop_reason = aborted
h4.t16.restarts = 3824
h4.t16.nogoods_size = 26490788
h4.t16.nodes = 40138587
h4.t16.propagations = 40138587
h4.t3.stop_reason = aborted
h4.t3.restarts = 3824
h4.t3.nogoods_size = 26490788
h4.t3.nodes = 40099993
h4.t3.propagations = 40099993
h4.t10.stop_reason = aborted
h4.t10.restarts = 3824
h4.t10.nogoods_size = 26490788
h4.t10.nodes = 40022270
h4.t10.propagations = 40022270
h4.t8.stop_reason = aborted
h4.t8.restarts = 3824
h4.t8.nogoods_size = 26490788
h4.t8.nodes = 40062528
h4.t8.propagations = 40062528
h4.t4.stop_reason = aborted
h4.t4.restarts = 3824
h4.t4.nogoods_size = 26490788
h4.t4.nodes = 40055509
h4.t4.propagations = 40055509
h4.t2.stop_reason = aborted
h4.t2.restarts = 3824
h4.t2.nogoods_size = 26490788
h4.t2.nodes = 40169663
h4.t2.propagations = 40169663
h4.t12.stop_reason = aborted
h4.t12.restarts = 3824
h4.t12.nogoods_size = 26490788
h4.t12.nodes = 40058384
h4.t12.propagations = 40058384
h4.t6.stop_reason = aborted
h4.t6.restarts = 3824
h4.t6.nogoods_size = 26490788
h4.t6.nodes = 39951154
h4.t6.propagations = 39951154
h4.t9.stop_reason = aborted
h4.t9.restarts = 3824
h4.t9.nogoods_size = 26490788
h4.t9.nodes = 39779382
h4.t9.propagations = 39779382
h4.t7.stop_reason = aborted
h4.t7.restarts = 3824
h4.t7.nogoods_size = 26490788
h4.t7.nodes = 40032109
h4.t7.propagations = 40032109
h4.t5.stop_reason = aborted
h4.t5.restarts = 3824
h4.t5.nogoods_size = 26490788
h4.t5.nodes = 40178424
h4.t5.propagations = 40178424
h4.t17.stop_reason = aborted
h4.t17.restarts = 3824
h4.t17.nogoods_size = 26490788
h4.t17.nodes = 27308458
h4.t17.propagations = 27308458
h4.t13.stop_reason = aborted
h4.t13.restarts = 3824
h4.t13.nogoods_size = 26490788
h4.t13.nodes = 39982428
h4.t13.propagations = 39982428
h4.t1.stop_reason = aborted
h4.t1.restarts = 3824
h4.t1.nogoods_size = 26490788
h4.t1.nodes = 40008846
h4.t1.propagations = 40008846
h4.t14.stop_reason = aborted
h4.t14.restarts = 3824
h4.t14.nogoods_size = 26490788
h4.t14.nodes = 40160292
h4.t14.propagations = 40160292
h4.t15.stop_reason = aborted
h4.t15.restarts = 3824
h4.t15.nogoods_size = 26490788
h4.t15.nodes = 39798602
h4.t15.propagations = 39798602
h4.t11.stop_reason = aborted
h4.t11.restarts = 3824
h4.t11.nogoods_size = 26490788
h4.t11.nodes = 39657519
h4.t11.propagations = 39657519
h4.t0.stop_reason = aborted
h4.t0.restarts = 3824
h4.t0.nogoods_size = 26490788
h4.t0.nodes = 20686279
h4.t0.propagations = 20686279
h4.search_time = 998584
h4.nodes = 688150427
h4.propagations = 5983946006
h5.t4.stop_reason = aborted
h5.t4.restarts = 3824
h5.t4.nogoods_size = 26484516
h5.t4.nodes = 40076646
h5.t4.propagations = 40076646
h5.t9.stop_reason = aborted
h5.t9.restarts = 3824
h5.t9.nogoods_size = 26484516
h5.t9.nodes = 39618585
h5.t9.propagations = 39618585
h5.t8.stop_reason = aborted
h5.t8.restarts = 3824
h5.t8.nogoods_size = 26484516
h5.t8.nodes = 39818660
h5.t8.propagations = 39818660
h5.t13.stop_reason = aborted
h5.t13.restarts = 3824
h5.t13.nogoods_size = 26484516
h5.t13.nodes = 39536663
h5.t13.propagations = 39536663
h5.t11.stop_reason = aborted
h5.t11.restarts = 3824
h5.t11.nogoods_size = 26484516
h5.t11.nodes = 39749212
h5.t11.propagations = 39749212
h5.t12.stop_reason = aborted
h5.t12.restarts = 3824
h5.t12.nogoods_size = 26484516
h5.t12.nodes = 39217998
h5.t12.propagations = 39217998
h5.t3.stop_reason = aborted
h5.t3.restarts = 3824
h5.t3.nogoods_size = 26484516
h5.t3.nodes = 39771545
h5.t3.propagations = 39771545
h5.t2.stop_reason = aborted
h5.t2.restarts = 3824
h5.t2.nogoods_size = 26484516
h5.t2.nodes = 39669056
h5.t2.propagations = 39669056
h5.t10.stop_reason = aborted
h5.t10.restarts = 3824
h5.t10.nogoods_size = 26484516
h5.t10.nodes = 39900280
h5.t10.propagations = 39900280
h5.t16.stop_reason = aborted
h5.t16.restarts = 3824
h5.t16.nogoods_size = 26484516
h5.t16.nodes = 40123047
h5.t16.propagations = 40123047
h5.t0.stop_reason = aborted
h5.t0.restarts = 3824
h5.t0.nogoods_size = 26484516
h5.t0.nodes = 20687947
h5.t0.propagations = 20687947
h5.t7.stop_reason = aborted
h5.t7.restarts = 3824
h5.t7.nogoods_size = 26484516
h5.t7.nodes = 39546560
h5.t7.propagations = 39546560
h5.t1.stop_reason = aborted
h5.t1.restarts = 3824
h5.t1.nogoods_size = 26484516
h5.t1.nodes = 40389554
h5.t1.propagations = 40389554
h5.t5.stop_reason = aborted
h5.t5.restarts = 3824
h5.t5.nogoods_size = 26484516
h5.t5.nodes = 39740372
h5.t5.propagations = 39740372
h5.t17.stop_reason = aborted
h5.t17.restarts = 3824
h5.t17.nogoods_size = 26484516
h5.t17.nodes = 27086488
h5.t17.propagations = 27086488
h5.t15.stop_reason = aborted
h5.t15.restarts = 3824
h5.t15.nogoods_size = 26484516
h5.t15.nodes = 39513469
h5.t15.propagations = 39513469
h5.t14.stop_reason = aborted
h5.t14.restarts = 3824
h5.t14.nogoods_size = 26484516
h5.t14.nodes = 39549914
h5.t14.propagations = 39549914
h5.t6.stop_reason = aborted
h5.t6.restarts = 3824
h5.t6.nogoods_size = 26484516
h5.t6.nodes = 39548685
h5.t6.propagations = 39548685
h5.search_time = 998590
h5.nodes = 683544681
h5.propagations = 5946764025
h6.t17.stop_reason = aborted
h6.t17.restarts = 3824
h6.t17.nogoods_size = 26484154
h6.t17.nodes = 27375744
h6.t17.propagations = 27375744
h6.t0.stop_reason = aborted
h6.t0.restarts = 3824
h6.t0.nogoods_size = 26484154
h6.t0.nodes = 20688233
h6.t0.propagations = 20688233
h6.t16.stop_reason = aborted
h6.t16.restarts = 3824
h6.t16.nogoods_size = 26484154
h6.t16.nodes = 40640069
h6.t16.propagations = 40640069
h6.t12.stop_reason = aborted
h6.t12.restarts = 3824
h6.t12.nogoods_size = 26484154
h6.t12.nodes = 40674488
h6.t12.propagations = 40674488
h6.t15.stop_reason = aborted
h6.t15.restarts = 3824
h6.t15.nogoods_size = 26484154
h6.t15.nodes = 40661480
h6.t15.propagations = 40661480
h6.t2.stop_reason = aborted
h6.t2.restarts = 3824
h6.t2.nogoods_size = 26484154
h6.t2.nodes = 40626318
h6.t2.propagations = 40626318
h6.t13.stop_reason = aborted
h6.t13.restarts = 3824
h6.t13.nogoods_size = 26484154
h6.t13.nodes = 40553313
h6.t13.propagations = 40553313
h6.t10.stop_reason = aborted
h6.t10.restarts = 3824
h6.t10.nogoods_size = 26484154
h6.t10.nodes = 40549277
h6.t10.propagations = 40549277
h6.t14.stop_reason = aborted
h6.t14.restarts = 3824
h6.t14.nogoods_size = 26484154
h6.t14.nodes = 40134883
h6.t14.propagations = 40134883
h6.t11.stop_reason = aborted
h6.t11.restarts = 3824
h6.t11.nogoods_size = 26484154
h6.t11.nodes = 40320363
h6.t11.propagations = 40320363
h6.t8.stop_reason = aborted
h6.t8.restarts = 3824
h6.t8.nogoods_size = 26484154
h6.t8.nodes = 40650670
h6.t8.propagations = 40650670
h6.t4.stop_reason = aborted
h6.t4.restarts = 3824
h6.t4.nogoods_size = 26484154
h6.t4.nodes = 40384503
h6.t4.propagations = 40384503
h6.t6.stop_reason = aborted
h6.t6.restarts = 3824
h6.t6.nogoods_size = 26484154
h6.t6.nodes = 40634204
h6.t6.propagations = 40634204
h6.t9.stop_reason = aborted
h6.t9.restarts = 3824
h6.t9.nogoods_size = 26484154
h6.t9.nodes = 40844686
h6.t9.propagations = 40844686
h6.t1.stop_reason = aborted
h6.t1.restarts = 3824
h6.t1.nogoods_size = 26484154
h6.t1.nodes = 40610746
h6.t1.propagations = 40610746
h6.t7.stop_reason = aborted
h6.t7.restarts = 3824
h6.t7.nogoods_size = 26484154
h6.t7.nodes = 40652105
h6.t7.propagations = 40652105
h6.t5.stop_reason = aborted
h6.t5.restarts = 3824
h6.t5.nogoods_size = 26484154
h6.t5.nodes = 40392662
h6.t5.propagations = 40392662
h6.t3.stop_reason = aborted
h6.t3.restarts = 3824
h6.t3.nogoods_size = 26484154
h6.t3.nodes = 40393443
h6.t3.propagations = 40393443
h6.search_time = 998563
h6.nodes = 696787187
h6.propagations = 6077437077
h7.t2.restarts = 3824
h7.t2.nogoods_size = 26477350
h7.t2.nodes = 39982812
h7.t2.propagations = 39982812
h7.t11.restarts = 3824
h7.t11.nogoods_size = 26477350
h7.t11.nodes = 39866498
h7.t11.propagations = 39866498
h7.t8.restarts = 3824
h7.t8.nogoods_size = 26477350
h7.t8.nodes = 40462983
h7.t8.propagations = 40462983
h7.t7.restarts = 3824
h7.t7.nogoods_size = 26477350
h7.t7.nodes = 40181539
h7.t7.propagations = 40181539
h7.t12.restarts = 3824
h7.t12.nogoods_size = 26477350
h7.t12.nodes = 39993595
h7.t12.propagations = 39993595
h7.t1.restarts = 3824
h7.t1.nogoods_size = 26477350
h7.t1.nodes = 40317842
h7.t1.propagations = 40317842
h7.t0.restarts = 3824
h7.t0.nogoods_size = 26477350
h7.t0.nodes = 20689032
h7.t0.propagations = 20689032
h7.t3.restarts = 3824
h7.t3.nogoods_size = 26477350
h7.t3.nodes = 39834720
h7.t3.propagations = 39834720
h7.t10.restarts = 3824
h7.t10.nogoods_size = 26477350
h7.t10.nodes = 40073600
h7.t10.propagations = 40073600
h7.t4.restarts = 3824
h7.t4.nogoods_size = 26477350
h7.t4.nodes = 40047494
h7.t4.propagations = 40047494
h7.t16.restarts = 3824
h7.t16.nogoods_size = 26477350
h7.t16.nodes = 40372742
h7.t16.propagations = 40372742
h7.t9.restarts = 3824
h7.t9.nogoods_size = 26477350
h7.t9.nodes = 40087448
h7.t9.propagations = 40087448
h7.t13.restarts = 3824
h7.t13.nogoods_size = 26477350
h7.t13.nodes = 40089211
h7.t13.propagations = 40089211
h7.t14.restarts = 3824
h7.t14.nogoods_size = 26477350
h7.t14.nodes = 40166576
h7.t14.propagations = 40166576
h7.t17.restarts = 3824
h7.t17.nogoods_size = 26477350
h7.t17.nodes = 27047206
h7.t17.propagations = 27047206
h7.t5.restarts = 3824
h7.t5.nogoods_size = 26477350
h7.t5.nodes = 39999244
h7.t5.propagations = 39999244
h7.t15.restarts = 3824
h7.t15.nogoods_size = 26477350
h7.t15.nodes = 39806136
h7.t15.propagations = 39806136
h7.t6.restarts = 3824
h7.t6.nogoods_size = 26477350
h7.t6.nodes = 39866069
h7.t6.propagations = 39866069
h7.search_time = 998556
h7.nodes = 688884747
h7.propagations = 5987013463
h8.t1.restarts = 3824
h8.t1.nogoods_size = 26494973
h8.t1.nodes = 40052401
h8.t1.propagations = 40052401
h8.t6.restarts = 3824
h8.t6.nogoods_size = 26494973
h8.t6.nodes = 40352835
h8.t6.propagations = 40352835
h8.t4.restarts = 3824
h8.t4.nogoods_size = 26494973
h8.t4.nodes = 39816019
h8.t4.propagations = 39816019
h8.t5.restarts = 3824
h8.t5.nogoods_size = 26494973
h8.t5.nodes = 40077836
h8.t5.propagations = 40077836
h8.t3.restarts = 3824
h8.t3.nogoods_size = 26494973
h8.t3.nodes = 40146427
h8.t3.propagations = 40146427
h8.t13.restarts = 3824
h8.t13.nogoods_size = 26494973
h8.t13.nodes = 39940280
h8.t13.propagations = 39940280
h8.t11.restarts = 3824
h8.t11.nogoods_size = 26494973
h8.t11.nodes = 40138078
h8.t11.propagations = 40138078
h8.t17.restarts = 3824
h8.t17.nogoods_size = 26494973
h8.t17.nodes = 27274253
h8.t17.propagations = 27274253
h8.t7.restarts = 3824
h8.t7.nogoods_size = 26494973
h8.t7.nodes = 40295196
h8.t7.propagations = 40295196
h8.t2.restarts = 3824
h8.t2.nogoods_size = 26494973
h8.t2.nodes = 40593533
h8.t2.propagations = 40593533
h8.t8.restarts = 3824
h8.t8.nogoods_size = 26494973
h8.t8.nodes = 40052758
h8.t8.propagations = 40052758
h8.t12.restarts = 3824
h8.t12.nogoods_size = 26494973
h8.t12.nodes = 39718641
h8.t12.propagations = 39718641
h8.t16.restarts = 3824
h8.t16.nogoods_size = 26494973
h8.t16.nodes = 40224370
h8.t16.propagations = 40224370
h8.t10.restarts = 3824
h8.t10.nogoods_size = 26494973
h8.t10.nodes = 39776001
h8.t10.propagations = 39776001
h8.t14.restarts = 3824
h8.t14.nogoods_size = 26494973
h8.t14.nodes = 39833795
h8.t14.propagations = 39833795
h8.t0.restarts = 3824
h8.t0.nogoods_size = 26494973
h8.t0.nodes = 20689208
h8.t0.propagations = 20689208
h8.t15.restarts = 3824
h8.t15.nogoods_size = 26494973
h8.t15.nodes = 39647274
h8.t15.propagations = 39647274
h8.t9.restarts = 3824
h8.t9.nogoods_size = 26494973
h8.t9.nodes = 40611745
h8.t9.propagations = 40611745
h8.search_time = 998562
h8.nodes = 689240650
h8.propagations = 5998066279
h9.t2.restarts = 3824
h9.t2.nogoods_size = 26491969
h9.t2.nodes = 40006685
h9.t2.propagations = 40006685
h9.t9.restarts = 3824
h9.t9.nogoods_size = 26491969
h9.t9.nodes = 40420160
h9.t9.propagations = 40420160
h9.t10.restarts = 3824
h9.t10.nogoods_size = 26491969
h9.t10.nodes = 40457042
h9.t10.propagations = 40457042
h9.t12.restarts = 3824
h9.t12.nogoods_size = 26491969
h9.t12.nodes = 40354078
h9.t12.propagations = 40354078
h9.t11.restarts = 3824
h9.t11.nogoods_size = 26491969
h9.t11.nodes = 40477826
h9.t11.propagations = 40477826
h9.t7.restarts = 3824
h9.t7.nogoods_size = 26491969
h9.t7.nodes = 40143799
h9.t7.propagations = 40143799
h9.t15.restarts = 3824
h9.t15.nogoods_size = 26491969
h9.t15.nodes = 40179656
h9.t15.propagations = 40179656
h9.t8.restarts = 3824
h9.t8.nogoods_size = 26491969
h9.t8.nodes = 39906064
h9.t8.propagations = 39906064
h9.t5.restarts = 3824
h9.t5.nogoods_size = 26491969
h9.t5.nodes = 40226112
h9.t5.propagations = 40226112
h9.t14.restarts = 3824
h9.t14.nogoods_size = 26491969
h9.t14.nodes = 40542480
h9.t14.propagations = 40542480
h9.t16.restarts = 3824
h9.t16.nogoods_size = 26491969
h9.t16.nodes = 40535938
h9.t16.propagations = 40535938
h9.t3.restarts = 3824
h9.t3.nogoods_size = 26491969
h9.t3.nodes = 40055415
h9.t3.propagations = 40055415
h9.t6.restarts = 3824
h9.t6.nogoods_size = 26491969
h9.t6.nodes = 39921589
h9.t6.propagations = 39921589
h9.t17.restarts = 3824
h9.t17.nogoods_size = 26491969
h9.t17.nodes = 27252666
h9.t17.propagations = 27252666
h9.t4.restarts = 3824
h9.t4.nogoods_size = 26491969
h9.t4.nodes = 40170760
h9.t4.propagations = 40170760
h9.t0.restarts = 3824
h9.t0.nogoods_size = 26491969
h9.t0.nodes = 20689285
h9.t0.propagations = 20689285
h9.t13.restarts = 3824
h9.t13.nogoods_size = 26491969
h9.t13.nodes = 40064535
h9.t13.propagations = 40064535
h9.t1.restarts = 3824
h9.t1.nogoods_size = 26491969
h9.t1.nodes = 40679007
h9.t1.propagations = 40679007
h9.search_time = 998558
h9.nodes = 692083097
h9.propagations = 6012596173
