hostname = r1i4n1
commandline = ../glasgow/mpi_solve_subgraph_isomorphism --timeout 1000 --format lad --geometric-restarts=1.0 --restarts-constant=5400 --triggered-restarts --threads 18 --value-ordering=random ../instances/si/si6_rand_r005_600/si6_r005_m600.06/pattern ../instances/si/si6_rand_r005_600/si6_r005_m600.06/target
started_at = 2018-11-20 17:00:37
pattern_file = ../instances/si/si6_rand_r005_600/si6_r005_m600.06/pattern
target_file = ../instances/si/si6_rand_r005_600/si6_r005_m600.06/target
status = true
nodes = 647341
propagations = 3219846
mapping = (0 -> 353) (1 -> 255) (2 -> 379) (3 -> 529) (4 -> 486) (5 -> 308) (6 -> 351) (7 -> 83) (8 -> 403) (9 -> 496) (10 -> 578) (11 -> 423) (12 -> 533) (13 -> 336) (14 -> 103) (15 -> 248) (16 -> 321) (17 -> 511) (18 -> 203) (19 -> 317) (20 -> 440) (21 -> 579) (22 -> 318) (23 -> 222) (24 -> 13) (25 -> 223) (26 -> 44) (27 -> 304) (28 -> 290) (29 -> 491) (30 -> 50) (31 -> 374) (32 -> 492) (33 -> 565) (34 -> 97) (35 -> 506) (36 -> 122) (37 -> 453) (38 -> 538) (39 -> 532) (40 -> 63) (41 -> 419) (42 -> 402) (43 -> 17) (44 -> 5) (45 -> 448) (46 -> 359) (47 -> 41) (48 -> 432) (49 -> 500) (50 -> 169) (51 -> 542) (52 -> 306) (53 -> 46) (54 -> 284) (55 -> 73) (56 -> 489) (57 -> 75) (58 -> 36) (59 -> 47) (60 -> 130) (61 -> 140) (62 -> 472) (63 -> 515) (64 -> 387) (65 -> 427) (66 -> 296) (67 -> 313) (68 -> 188) (69 -> 599) (70 -> 490) (71 -> 527) (72 -> 420) (73 -> 105) (74 -> 56) (75 -> 104) (76 -> 126) (77 -> 289) (78 -> 132) (79 -> 417) (80 -> 295) (81 -> 583) (82 -> 2) (83 -> 428) (84 -> 149) (85 -> 162) (86 -> 390) (87 -> 354) (88 -> 585) (89 -> 219) (90 -> 548) (91 -> 591) (92 -> 596) (93 -> 202) (94 -> 451) (95 -> 414) (96 -> 560) (97 -> 109) (98 -> 303) (99 -> 90) (100 -> 157) (101 -> 582) (102 -> 25) (103 -> 77) (104 -> 575) (105 -> 452) (106 -> 333) (107 -> 399) (108 -> 11) (109 -> 20) (110 -> 66) (111 -> 185) (112 -> 549) (113 -> 460) (114 -> 301) (115 -> 593) (116 -> 328) (117 -> 476) (118 -> 176) (119 -> 297) (120 -> 281) (121 -> 349) (122 -> 331) (123 -> 257) (124 -> 338) (125 -> 194) (126 -> 584) (127 -> 484) (128 -> 138) (129 -> 316) (130 -> 26) (131 -> 522) (132 -> 1) (133 -> 393) (134 -> 275) (135 -> 69) (136 -> 411) (137 -> 449) (138 -> 167) (139 -> 276) (140 -> 124) (141 -> 247) (142 -> 494) (143 -> 434) (144 -> 367) (145 -> 475) (146 -> 269) (147 -> 410) (148 -> 268) (149 -> 64) (150 -> 178) (151 -> 226) (152 -> 525) (153 -> 270) (154 -> 96) (155 -> 363) (156 -> 534) (157 -> 254) (158 -> 35) (159 -> 294) (160 -> 588) (161 -> 564) (162 -> 446) (163 -> 302) (164 -> 356) (165 -> 389) (166 -> 21) (167 -> 456) (168 -> 345) (169 -> 88) (170 -> 54) (171 -> 52) (172 -> 352) (173 -> 394) (174 -> 145) (175 -> 99) (176 -> 161) (177 -> 240) (178 -> 166) (179 -> 62) (180 -> 92) (181 -> 264) (182 -> 398) (183 -> 426) (184 -> 327) (185 -> 8) (186 -> 173) (187 -> 539) (188 -> 497) (189 -> 576) (190 -> 481) (191 -> 115) (192 -> 445) (193 -> 344) (194 -> 408) (195 -> 495) (196 -> 415) (197 -> 455) (198 -> 95) (199 -> 471) (200 -> 545) (201 -> 215) (202 -> 48) (203 -> 168) (204 -> 31) (205 -> 127) (206 -> 199) (207 -> 68) (208 -> 150) (209 -> 482) (210 -> 120) (211 -> 205) (212 -> 89) (213 -> 569) (214 -> 204) (215 -> 212) (216 -> 305) (217 -> 487) (218 -> 405) (219 -> 598) (220 -> 429) (221 -> 437) (222 -> 558) (223 -> 450) (224 -> 243) (225 -> 443) (226 -> 554) (227 -> 315) (228 -> 233) (229 -> 183) (230 -> 217) (231 -> 111) (232 -> 524) (233 -> 53) (234 -> 71) (235 -> 236) (236 -> 347) (237 -> 330) (238 -> 384) (239 -> 14) (240 -> 459) (241 -> 340) (242 -> 239) (243 -> 57) (244 -> 530) (245 -> 112) (246 -> 241) (247 -> 195) (248 -> 422) (249 -> 192) (250 -> 102) (251 -> 147) (252 -> 93) (253 -> 595) (254 -> 151) (255 -> 125) (256 -> 139) (257 -> 404) (258 -> 172) (259 -> 311) (260 -> 179) (261 -> 377) (262 -> 373) (263 -> 424) (264 -> 391) (265 -> 378) (266 -> 324) (267 -> 433) (268 -> 43) (269 -> 164) (270 -> 211) (271 -> 229) (272 -> 371) (273 -> 567) (274 -> 171) (275 -> 571) (276 -> 348) (277 -> 551) (278 -> 134) (279 -> 266) (280 -> 70) (281 -> 24) (282 -> 463) (283 -> 98) (284 -> 300) (285 -> 479) (286 -> 531) (287 -> 546) (288 -> 196) (289 -> 407) (290 -> 441) (291 -> 252) (292 -> 154) (293 -> 477) (294 -> 27) (295 -> 508) (296 -> 521) (297 -> 409) (298 -> 272) (299 -> 131) (300 -> 187) (301 -> 232) (302 -> 74) (303 -> 376) (304 -> 286) (305 -> 320) (306 -> 208) (307 -> 326) (308 -> 227) (309 -> 291) (310 -> 267) (311 -> 355) (312 -> 4) (313 -> 590) (314 -> 553) (315 -> 108) (316 -> 509) (317 -> 197) (318 -> 128) (319 -> 574) (320 -> 561) (321 -> 181) (322 -> 34) (323 -> 536) (324 -> 287) (325 -> 72) (326 -> 209) (327 -> 135) (328 -> 153) (329 -> 198) (330 -> 10) (331 -> 502) (332 -> 182) (333 -> 467) (334 -> 210) (335 -> 220) (336 -> 312) (337 -> 258) (338 -> 457) (339 -> 225) (340 -> 543) (341 -> 358) (342 -> 431) (343 -> 314) (344 -> 260) (345 -> 259) (346 -> 325) (347 -> 323) (348 -> 156) (349 -> 206) (350 -> 364) (351 -> 40) (352 -> 86) (353 -> 360) (354 -> 517) (355 -> 144) (356 -> 280) (357 -> 228) (358 -> 285) (359 -> 283) 
runtime = 1922
h0.t3.where = 68/547 -1/-1 6/64 -1/-1 0/7 -1/-1 0/4 -1/-1 0/2 -1/-1 -1/-1 -1/-1 -1/-1 -1/-1 -1/-1 -1/-1 -1/-1 -1/-1 -1/-1 -1/-1 -1/-1 -1/-1 -1/-1 -1/-1 -1/-1 -1/-1 -1/-1 -1/-1 -1/-1 -1/-1 -1/-1 -1/-1 -1/-1 -1/-1 -1/-1 -1/-1 -1/-1 -1/-1 -1/-1 -1/-1 -1/-1 -1/-1 -1/-1 -1/-1 -1/-1 -1/-1 -1/-1 -1/-1 -1/-1 -1/-1 -1/-1 -1/-1 -1/-1 -1/-1 -1/-1 -1/-1 -1/-1 -1/-1 -1/-1 -1/-1 -1/-1 -1/-1 -1/-1 -1/-1 -1/-1 -1/-1 -1/-1 -1/-1 -1/-1 -1/-1 -1/-1 -1/-1 -1/-1 -1/-1 -1/-1 -1/-1 -1/-1 -1/-1 -1/-1 -1/-1 -1/-1 -1/-1 -1/-1 -1/-1 -1/-1 -1/-1 -1/-1 -1/-1 -1/-1 -1/-1 -1/-1 -1/-1 -1/-1 -1/-1 -1/-1 -1/-1 -1/-1 -1/-1 -1/-1 -1/-1 -1/-1 -1/-1 -1/-1 -1/-1 -1/-1 -1/-1 -1/-1 -1/-1 -1/-1 -1/-1 -1/-1 -1/-1 -1/-1 -1/-1 -1/-1 -1/-1 -1/-1 -1/-1 -1/-1 -1/-1 -1/-1 -1/-1 -1/-1 -1/-1 -1/-1 -1/-1 -1/-1 -1/-1 -1/-1 -1/-1 -1/-1 -1/-1 -1/-1 -1/-1 -1/-1 -1/-1 -1/-1 -1/-1 -1/-1 -1/-1 -1/-1 -1/-1 -1/-1 -1/-1 -1/-1 -1/-1 -1/-1 -1/-1 -1/-1 -1/-1 -1/-1 -1/-1 -1/-1 -1/-1 -1/-1 -1/-1 -1/-1 -1/-1 -1/-1 -1/-1 -1/-1 -1/-1 -1/-1 -1/-1 -1/-1 -1/-1 -1/-1 -1/-1 -1/-1 -1/-1 -1/-1 -1/-1 -1/-1 -1/-1 -1/-1 -1/-1 -1/-1 -1/-1 -1/-1 -1/-1 -1/-1 -1/-1 -1/-1 -1/-1 -1/-1 -1/-1 -1/-1 -1/-1 -1/-1 -1/-1 -1/-1 -1/-1 -1/-1 -1/-1 -1/-1 -1/-1 -1/-1 -1/-1 -1/-1 -1/-1 -1/-1 -1/-1 -1/-1 -1/-1 -1/-1 -1/-1 -1/-1 -1/-1 -1/-1 -1/-1 -1/-1 -1/-1 -1/-1 -1/-1 -1/-1 -1/-1 -1/-1 -1/-1 -1/-1 -1/-1 -1/-1 -1/-1 -1/-1 -1/-1 -1/-1 -1/-1 -1/-1 -1/-1 -1/-1 -1/-1 -1/-1 -1/-1 -1/-1 -1/-1 -1/-1 -1/-1 -1/-1 -1/-1 -1/-1 -1/-1 -1/-1 -1/-1 -1/-1 -1/-1 -1/-1 -1/-1 -1/-1 -1/-1 -1/-1 -1/-1 -1/-1 -1/-1 -1/-1 -1/-1 -1/-1 -1/-1 -1/-1 -1/-1 -1/-1 -1/-1 -1/-1 -1/-1 -1/-1 -1/-1 -1/-1 -1/-1 -1/-1 -1/-1 -1/-1 -1/-1 -1/-1 -1/-1 -1/-1 -1/-1 -1/-1 -1/-1 -1/-1 -1/-1 -1/-1 -1/-1 -1/-1 -1/-1 -1/-1 -1/-1 -1/-1 -1/-1 -1/-1 -1/-1 -1/-1 -1/-1 -1/-1 -1/-1 -1/-1 -1/-1 -1/-1 -1/-1 -1/-1 -1/-1 -1/-1 -1/-1 -1/-1 -1/-1 -1/-1 -1/-1 -1/-1 -1/-1 -1/-1 -1/-1 -1/-1 -1/-1 -1/-1 -1/-1 -1/-1 -1/-1 -1/-1 -1/-1 -1/-1 -1/-1 -1/-1 -1/-1 -1/-1 -1/-1 -1/-1 -1/-1 -1/-1 -1/-1 -1/-1 -1/-1 -1/-1 -1/-1 -1/-1 -1/-1 -1/-1 -1/-1 -1/-1 -1/-1 -1/-1 -1/-1 -1/-1 -1/-1 -1/-1 -1/-1 -1/-1 -1/-1 -1/-1 -1/-1 -1/-1 -1/-1 -1/-1 -1/-1 -1/-1 -1/-1 -1/-1 -1/-1 -1/-1 -1/-1 -1/-1 -1/-1 -1/-1 -1/-1 -1/-1 -1/-1 -1/-1 -1/-1 -1/-1
h0.t3.stop_reason = satisfiable
h0.t3.restarts = 2
h0.t3.nogoods_size = 1
h0.t3.nodes = 10330
h0.t3.propagations = 10330
h0.t5.stop_reason = aborted
h0.t5.restarts = 2
h0.t5.nogoods_size = 1
h0.t5.nodes = 10211
h0.t5.propagations = 10211
h0.t11.stop_reason = aborted
h0.t11.restarts = 2
h0.t11.nogoods_size = 1
h0.t11.nodes = 10358
h0.t11.propagations = 10358
h0.t9.stop_reason = aborted
h0.t9.restarts = 2
h0.t9.nogoods_size = 1
h0.t9.nodes = 10301
h0.t9.propagations = 10301
h0.t16.stop_reason = aborted
h0.t16.restarts = 2
h0.t16.nogoods_size = 1
h0.t16.nodes = 10247
h0.t16.propagations = 10247
h0.t7.stop_reason = aborted
h0.t7.restarts = 2
h0.t7.nogoods_size = 1
h0.t7.nodes = 10276
h0.t7.propagations = 10276
h0.t4.stop_reason = aborted
h0.t4.restarts = 2
h0.t4.nogoods_size = 1
h0.t4.nodes = 10227
h0.t4.propagations = 10227
h0.t2.stop_reason = aborted
h0.t2.restarts = 2
h0.t2.nogoods_size = 1
h0.t2.nodes = 10370
h0.t2.propagations = 10370
h0.t14.stop_reason = aborted
h0.t14.restarts = 2
h0.t14.nogoods_size = 1
h0.t14.nodes = 10236
h0.t14.propagations = 10236
h0.t17.stop_reason = aborted
h0.t17.restarts = 2
h0.t17.nogoods_size = 1
h0.t17.nodes = 5135
h0.t17.propagations = 5135
h0.t10.stop_reason = aborted
h0.t10.restarts = 2
h0.t10.nogoods_size = 1
h0.t10.nodes = 10270
h0.t10.propagations = 10270
h0.t12.stop_reason = aborted
h0.t12.restarts = 2
h0.t12.nogoods_size = 1
h0.t12.nodes = 10224
h0.t12.propagations = 10224
h0.t1.stop_reason = aborted
h0.t1.restarts = 2
h0.t1.nogoods_size = 1
h0.t1.nodes = 10370
h0.t1.propagations = 10370
h0.t6.stop_reason = aborted
h0.t6.restarts = 2
h0.t6.nogoods_size = 1
h0.t6.nodes = 10330
h0.t6.propagations = 10330
h0.t15.stop_reason = aborted
h0.t15.restarts = 2
h0.t15.nogoods_size = 1
h0.t15.nodes = 10241
h0.t15.propagations = 10241
h0.t13.stop_reason = aborted
h0.t13.restarts = 2
h0.t13.nogoods_size = 1
h0.t13.nodes = 10284
h0.t13.propagations = 10284
h0.t8.stop_reason = aborted
h0.t8.restarts = 2
h0.t8.nogoods_size = 1
h0.t8.nodes = 10129
h0.t8.propagations = 10129
h0.t0.stop_reason = aborted
h0.t0.restarts = 2
h0.t0.nogoods_size = 1
h0.t0.nodes = 5115
h0.t0.propagations = 5115
h0.search_time = 1282
h0.nodes = 174654
h0.propagations = 872909
h1.t17.stop_reason = aborted
h1.t17.restarts = 2
h1.t17.nogoods_size = 1
h1.t17.nodes = 2708
h1.t17.propagations = 2708
h1.t2.stop_reason = aborted
h1.t2.restarts = 2
h1.t2.nogoods_size = 1
h1.t2.nodes = 5473
h1.t2.propagations = 5473
h1.t9.stop_reason = aborted
h1.t9.restarts = 2
h1.t9.nogoods_size = 1
h1.t9.nodes = 5509
h1.t9.propagations = 5509
h1.t3.stop_reason = aborted
h1.t3.restarts = 2
h1.t3.nogoods_size = 1
h1.t3.nodes = 5514
h1.t3.propagations = 5514
h1.t13.stop_reason = aborted
h1.t13.restarts = 2
h1.t13.nogoods_size = 1
h1.t13.nodes = 5545
h1.t13.propagations = 5545
h1.t4.stop_reason = aborted
h1.t4.restarts = 2
h1.t4.nogoods_size = 1
h1.t4.nodes = 5576
h1.t4.propagations = 5576
h1.t5.stop_reason = aborted
h1.t5.restarts = 2
h1.t5.nogoods_size = 1
h1.t5.nodes = 5390
h1.t5.propagations = 5390
h1.t15.stop_reason = aborted
h1.t15.restarts = 2
h1.t15.nogoods_size = 1
h1.t15.nodes = 5461
h1.t15.propagations = 5461
h1.t14.stop_reason = aborted
h1.t14.restarts = 2
h1.t14.nogoods_size = 1
h1.t14.nodes = 5474
h1.t14.propagations = 5474
h1.t8.where = 42/547 -1/-1 21/64 -1/-1 3/7 -1/-1 0/4 -1/-1 0/2 -1/-1 -1/-1 -1/-1 -1/-1 -1/-1 -1/-1 -1/-1 -1/-1 -1/-1 -1/-1 -1/-1 -1/-1 -1/-1 -1/-1 -1/-1 -1/-1 -1/-1 -1/-1 -1/-1 -1/-1 -1/-1 -1/-1 -1/-1 -1/-1 -1/-1 -1/-1 -1/-1 -1/-1 -1/-1 -1/-1 -1/-1 -1/-1 -1/-1 -1/-1 -1/-1 -1/-1 -1/-1 -1/-1 -1/-1 -1/-1 -1/-1 -1/-1 -1/-1 -1/-1 -1/-1 -1/-1 -1/-1 -1/-1 -1/-1 -1/-1 -1/-1 -1/-1 -1/-1 -1/-1 -1/-1 -1/-1 -1/-1 -1/-1 -1/-1 -1/-1 -1/-1 -1/-1 -1/-1 -1/-1 -1/-1 -1/-1 -1/-1 -1/-1 -1/-1 -1/-1 -1/-1 -1/-1 -1/-1 -1/-1 -1/-1 -1/-1 -1/-1 -1/-1 -1/-1 -1/-1 -1/-1 -1/-1 -1/-1 -1/-1 -1/-1 -1/-1 -1/-1 -1/-1 -1/-1 -1/-1 -1/-1 -1/-1 -1/-1 -1/-1 -1/-1 -1/-1 -1/-1 -1/-1 -1/-1 -1/-1 -1/-1 -1/-1 -1/-1 -1/-1 -1/-1 -1/-1 -1/-1 -1/-1 -1/-1 -1/-1 -1/-1 -1/-1 -1/-1 -1/-1 -1/-1 -1/-1 -1/-1 -1/-1 -1/-1 -1/-1 -1/-1 -1/-1 -1/-1 -1/-1 -1/-1 -1/-1 -1/-1 -1/-1 -1/-1 -1/-1 -1/-1 -1/-1 -1/-1 -1/-1 -1/-1 -1/-1 -1/-1 -1/-1 -1/-1 -1/-1 -1/-1 -1/-1 -1/-1 -1/-1 -1/-1 -1/-1 -1/-1 -1/-1 -1/-1 -1/-1 -1/-1 -1/-1 -1/-1 -1/-1 -1/-1 -1/-1 -1/-1 -1/-1 -1/-1 -1/-1 -1/-1 -1/-1 -1/-1 -1/-1 -1/-1 -1/-1 -1/-1 -1/-1 -1/-1 -1/-1 -1/-1 -1/-1 -1/-1 -1/-1 -1/-1 -1/-1 -1/-1 -1/-1 -1/-1 -1/-1 -1/-1 -1/-1 -1/-1 -1/-1 -1/-1 -1/-1 -1/-1 -1/-1 -1/-1 -1/-1 -1/-1 -1/-1 -1/-1 -1/-1 -1/-1 -1/-1 -1/-1 -1/-1 -1/-1 -1/-1 -1/-1 -1/-1 -1/-1 -1/-1 -1/-1 -1/-1 -1/-1 -1/-1 -1/-1 -1/-1 -1/-1 -1/-1 -1/-1 -1/-1 -1/-1 -1/-1 -1/-1 -1/-1 -1/-1 -1/-1 -1/-1 -1/-1 -1/-1 -1/-1 -1/-1 -1/-1 -1/-1 -1/-1 -1/-1 -1/-1 -1/-1 -1/-1 -1/-1 -1/-1 -1/-1 -1/-1 -1/-1 -1/-1 -1/-1 -1/-1 -1/-1 -1/-1 -1/-1 -1/-1 -1/-1 -1/-1 -1/-1 -1/-1 -1/-1 -1/-1 -1/-1 -1/-1 -1/-1 -1/-1 -1/-1 -1/-1 -1/-1 -1/-1 -1/-1 -1/-1 -1/-1 -1/-1 -1/-1 -1/-1 -1/-1 -1/-1 -1/-1 -1/-1 -1/-1 -1/-1 -1/-1 -1/-1 -1/-1 -1/-1 -1/-1 -1/-1 -1/-1 -1/-1 -1/-1 -1/-1 -1/-1 -1/-1 -1/-1 -1/-1 -1/-1 -1/-1 -1/-1 -1/-1 -1/-1 -1/-1 -1/-1 -1/-1 -1/-1 -1/-1 -1/-1 -1/-1 -1/-1 -1/-1 -1/-1 -1/-1 -1/-1 -1/-1 -1/-1 -1/-1 -1/-1 -1/-1 -1/-1 -1/-1 -1/-1 -1/-1 -1/-1 -1/-1 -1/-1 -1/-1 -1/-1 -1/-1 -1/-1 -1/-1 -1/-1 -1/-1 -1/-1 -1/-1 -1/-1 -1/-1 -1/-1 -1/-1 -1/-1 -1/-1 -1/-1 -1/-1 -1/-1 -1/-1 -1/-1 -1/-1 -1/-1 -1/-1 -1/-1 -1/-1 -1/-1 -1/-1 -1/-1 -1/-1 -1/-1 -1/-1 -1/-1 -1/-1 -1/-1 -1/-1 -1/-1 -1/-1 -1/-1 -1/-1 -1/-1 -1/-1 -1/-1 -1/-1
h1.t8.stop_reason = satisfiable
h1.t8.restarts = 2
h1.t8.nogoods_size = 1
h1.t8.nodes = 5432
h1.t8.propagations = 5432
h1.t7.stop_reason = aborted
h1.t7.restarts = 2
h1.t7.nogoods_size = 1
h1.t7.nodes = 5504
h1.t7.propagations = 5504
h1.t1.stop_reason = aborted
h1.t1.restarts = 2
h1.t1.nogoods_size = 1
h1.t1.nodes = 5508
h1.t1.propagations = 5508
h1.t11.stop_reason = aborted
h1.t11.restarts = 2
h1.t11.nogoods_size = 1
h1.t11.nodes = 5414
h1.t11.propagations = 5414
h1.t0.stop_reason = aborted
h1.t0.restarts = 2
h1.t0.nogoods_size = 1
h1.t0.nodes = 2761
h1.t0.propagations = 2761
h1.t16.stop_reason = aborted
h1.t16.restarts = 2
h1.t16.nogoods_size = 1
h1.t16.nodes = 5458
h1.t16.propagations = 5458
h1.t6.stop_reason = aborted
h1.t6.restarts = 2
h1.t6.nogoods_size = 1
h1.t6.nodes = 5549
h1.t6.propagations = 5549
h1.t10.stop_reason = aborted
h1.t10.restarts = 2
h1.t10.nogoods_size = 1
h1.t10.nodes = 5582
h1.t10.propagations = 5582
h1.t12.stop_reason = aborted
h1.t12.restarts = 2
h1.t12.nogoods_size = 1
h1.t12.nodes = 5433
h1.t12.propagations = 5433
h1.search_time = 1277
h1.nodes = 93291
h1.propagations = 462823
h2.t17.stop_reason = aborted
h2.t17.restarts = 2
h2.t17.nogoods_size = 1
h2.t17.nodes = 2300
h2.t17.propagations = 2300
h2.t0.stop_reason = aborted
h2.t0.restarts = 2
h2.t0.nogoods_size = 1
h2.t0.nodes = 2358
h2.t0.propagations = 2358
h2.t15.stop_reason = aborted
h2.t15.restarts = 2
h2.t15.nogoods_size = 1
h2.t15.nodes = 4532
h2.t15.propagations = 4532
h2.t13.stop_reason = aborted
h2.t13.restarts = 2
h2.t13.nogoods_size = 1
h2.t13.nodes = 4533
h2.t13.propagations = 4533
h2.t9.stop_reason = aborted
h2.t9.restarts = 2
h2.t9.nogoods_size = 1
h2.t9.nodes = 4554
h2.t9.propagations = 4554
h2.t4.stop_reason = aborted
h2.t4.restarts = 2
h2.t4.nogoods_size = 1
h2.t4.nodes = 4587
h2.t4.propagations = 4587
h2.t7.stop_reason = aborted
h2.t7.restarts = 2
h2.t7.nogoods_size = 1
h2.t7.nodes = 4577
h2.t7.propagations = 4577
h2.t3.stop_reason = aborted
h2.t3.restarts = 2
h2.t3.nogoods_size = 1
h2.t3.nodes = 4600
h2.t3.propagations = 4600
h2.t11.stop_reason = aborted
h2.t11.restarts = 2
h2.t11.nogoods_size = 1
h2.t11.nodes = 4582
h2.t11.propagations = 4582
h2.t6.stop_reason = aborted
h2.t6.restarts = 2
h2.t6.nogoods_size = 1
h2.t6.nodes = 4500
h2.t6.propagations = 4500
h2.t14.stop_reason = aborted
h2.t14.restarts = 2
h2.t14.nogoods_size = 1
h2.t14.nodes = 4930
h2.t14.propagations = 4930
h2.t16.stop_reason = aborted
h2.t16.restarts = 2
h2.t16.nogoods_size = 1
h2.t16.nodes = 4506
h2.t16.propagations = 4506
h2.t1.stop_reason = aborted
h2.t1.restarts = 2
h2.t1.nogoods_size = 1
h2.t1.nodes = 4619
h2.t1.propagations = 4619
h2.t5.stop_reason = aborted
h2.t5.restarts = 2
h2.t5.nogoods_size = 1
h2.t5.nodes = 4608
h2.t5.propagations = 4608
h2.t12.stop_reason = aborted
h2.t12.restarts = 2
h2.t12.nogoods_size = 1
h2.t12.nodes = 4552
h2.t12.propagations = 4552
h2.t8.stop_reason = aborted
h2.t8.restarts = 2
h2.t8.nogoods_size = 1
h2.t8.nodes = 4566
h2.t8.propagations = 4566
h2.t2.where = 31/547 -1/-1 1/64 -1/-1 2/7 -1/-1 0/4 -1/-1 0/2 -1/-1 -1/-1 -1/-1 -1/-1 -1/-1 -1/-1 -1/-1 -1/-1 -1/-1 -1/-1 -1/-1 -1/-1 -1/-1 -1/-1 -1/-1 -1/-1 -1/-1 -1/-1 -1/-1 -1/-1 -1/-1 -1/-1 -1/-1 -1/-1 -1/-1 -1/-1 -1/-1 -1/-1 -1/-1 -1/-1 -1/-1 -1/-1 -1/-1 -1/-1 -1/-1 -1/-1 -1/-1 -1/-1 -1/-1 -1/-1 -1/-1 -1/-1 -1/-1 -1/-1 -1/-1 -1/-1 -1/-1 -1/-1 -1/-1 -1/-1 -1/-1 -1/-1 -1/-1 -1/-1 -1/-1 -1/-1 -1/-1 -1/-1 -1/-1 -1/-1 -1/-1 -1/-1 -1/-1 -1/-1 -1/-1 -1/-1 -1/-1 -1/-1 -1/-1 -1/-1 -1/-1 -1/-1 -1/-1 -1/-1 -1/-1 -1/-1 -1/-1 -1/-1 -1/-1 -1/-1 -1/-1 -1/-1 -1/-1 -1/-1 -1/-1 -1/-1 -1/-1 -1/-1 -1/-1 -1/-1 -1/-1 -1/-1 -1/-1 -1/-1 -1/-1 -1/-1 -1/-1 -1/-1 -1/-1 -1/-1 -1/-1 -1/-1 -1/-1 -1/-1 -1/-1 -1/-1 -1/-1 -1/-1 -1/-1 -1/-1 -1/-1 -1/-1 -1/-1 -1/-1 -1/-1 -1/-1 -1/-1 -1/-1 -1/-1 -1/-1 -1/-1 -1/-1 -1/-1 -1/-1 -1/-1 -1/-1 -1/-1 -1/-1 -1/-1 -1/-1 -1/-1 -1/-1 -1/-1 -1/-1 -1/-1 -1/-1 -1/-1 -1/-1 -1/-1 -1/-1 -1/-1 -1/-1 -1/-1 -1/-1 -1/-1 -1/-1 -1/-1 -1/-1 -1/-1 -1/-1 -1/-1 -1/-1 -1/-1 -1/-1 -1/-1 -1/-1 -1/-1 -1/-1 -1/-1 -1/-1 -1/-1 -1/-1 -1/-1 -1/-1 -1/-1 -1/-1 -1/-1 -1/-1 -1/-1 -1/-1 -1/-1 -1/-1 -1/-1 -1/-1 -1/-1 -1/-1 -1/-1 -1/-1 -1/-1 -1/-1 -1/-1 -1/-1 -1/-1 -1/-1 -1/-1 -1/-1 -1/-1 -1/-1 -1/-1 -1/-1 -1/-1 -1/-1 -1/-1 -1/-1 -1/-1 -1/-1 -1/-1 -1/-1 -1/-1 -1/-1 -1/-1 -1/-1 -1/-1 -1/-1 -1/-1 -1/-1 -1/-1 -1/-1 -1/-1 -1/-1 -1/-1 -1/-1 -1/-1 -1/-1 -1/-1 -1/-1 -1/-1 -1/-1 -1/-1 -1/-1 -1/-1 -1/-1 -1/-1 -1/-1 -1/-1 -1/-1 -1/-1 -1/-1 -1/-1 -1/-1 -1/-1 -1/-1 -1/-1 -1/-1 -1/-1 -1/-1 -1/-1 -1/-1 -1/-1 -1/-1 -1/-1 -1/-1 -1/-1 -1/-1 -1/-1 -1/-1 -1/-1 -1/-1 -1/-1 -1/-1 -1/-1 -1/-1 -1/-1 -1/-1 -1/-1 -1/-1 -1/-1 -1/-1 -1/-1 -1/-1 -1/-1 -1/-1 -1/-1 -1/-1 -1/-1 -1/-1 -1/-1 -1/-1 -1/-1 -1/-1 -1/-1 -1/-1 -1/-1 -1/-1 -1/-1 -1/-1 -1/-1 -1/-1 -1/-1 -1/-1 -1/-1 -1/-1 -1/-1 -1/-1 -1/-1 -1/-1 -1/-1 -1/-1 -1/-1 -1/-1 -1/-1 -1/-1 -1/-1 -1/-1 -1/-1 -1/-1 -1/-1 -1/-1 -1/-1 -1/-1 -1/-1 -1/-1 -1/-1 -1/-1 -1/-1 -1/-1 -1/-1 -1/-1 -1/-1 -1/-1 -1/-1 -1/-1 -1/-1 -1/-1 -1/-1 -1/-1 -1/-1 -1/-1 -1/-1 -1/-1 -1/-1 -1/-1 -1/-1 -1/-1 -1/-1 -1/-1 -1/-1 -1/-1 -1/-1 -1/-1 -1/-1 -1/-1 -1/-1 -1/-1 -1/-1 -1/-1 -1/-1 -1/-1 -1/-1 -1/-1 -1/-1 -1/-1 -1/-1 -1/-1 -1/-1 -1/-1 -1/-1 -1/-1 -1/-1 -1/-1 -1/-1 -1/-1 -1/-1 -1/-1 -1/-1 -1/-1
h2.t2.stop_reason = satisfiable
h2.t2.restarts = 2
h2.t2.nogoods_size = 1
h2.t2.nodes = 4617
h2.t2.propagations = 4617
h2.t10.stop_reason = aborted
h2.t10.restarts = 2
h2.t10.nogoods_size = 1
h2.t10.nodes = 4464
h2.t10.propagations = 4464
h2.search_time = 1283
h2.nodes = 77985
h2.propagations = 387457
h3.t17.stop_reason = aborted
h3.t17.restarts = 2
h3.t17.nogoods_size = 1
h3.t17.nodes = 4399
h3.t17.propagations = 4399
h3.t0.stop_reason = aborted
h3.t0.restarts = 2
h3.t0.nogoods_size = 1
h3.t0.nodes = 4383
h3.t0.propagations = 4383
h3.t6.stop_reason = aborted
h3.t6.restarts = 2
h3.t6.nogoods_size = 1
h3.t6.nodes = 8721
h3.t6.propagations = 8721
h3.t14.stop_reason = aborted
h3.t14.restarts = 2
h3.t14.nogoods_size = 1
h3.t14.nodes = 8896
h3.t14.propagations = 8896
h3.t10.stop_reason = aborted
h3.t10.restarts = 2
h3.t10.nogoods_size = 1
h3.t10.nodes = 8831
h3.t10.propagations = 8831
h3.t2.stop_reason = aborted
h3.t2.restarts = 2
h3.t2.nogoods_size = 1
h3.t2.nodes = 8795
h3.t2.propagations = 8795
h3.t15.stop_reason = aborted
h3.t15.restarts = 2
h3.t15.nogoods_size = 1
h3.t15.nodes = 8660
h3.t15.propagations = 8660
h3.t16.stop_reason = aborted
h3.t16.restarts = 2
h3.t16.nogoods_size = 1
h3.t16.nodes = 8735
h3.t16.propagations = 8735
h3.t11.stop_reason = aborted
h3.t11.restarts = 2
h3.t11.nogoods_size = 1
h3.t11.nodes = 8724
h3.t11.propagations = 8724
h3.t3.stop_reason = aborted
h3.t3.restarts = 2
h3.t3.nogoods_size = 1
h3.t3.nodes = 8753
h3.t3.propagations = 8753
h3.t8.stop_reason = aborted
h3.t8.restarts = 2
h3.t8.nogoods_size = 1
h3.t8.nodes = 8919
h3.t8.propagations = 8919
h3.t9.stop_reason = aborted
h3.t9.restarts = 2
h3.t9.nogoods_size = 1
h3.t9.nodes = 8856
h3.t9.propagations = 8856
h3.t1.stop_reason = aborted
h3.t1.restarts = 2
h3.t1.nogoods_size = 1
h3.t1.nodes = 8777
h3.t1.propagations = 8777
h3.t12.stop_reason = aborted
h3.t12.restarts = 2
h3.t12.nogoods_size = 1
h3.t12.nodes = 8817
h3.t12.propagations = 8817
h3.t5.stop_reason = aborted
h3.t5.restarts = 2
h3.t5.nogoods_size = 1
h3.t5.nodes = 8779
h3.t5.propagations = 8779
h3.t7.stop_reason = aborted
h3.t7.restarts = 2
h3.t7.nogoods_size = 1
h3.t7.nodes = 8830
h3.t7.propagations = 8830
h3.t4.stop_reason = aborted
h3.t4.restarts = 2
h3.t4.nogoods_size = 1
h3.t4.nodes = 8754
h3.t4.propagations = 8754
h3.t13.where = 67/547 -1/-1 37/64 -1/-1 1/7 -1/-1 0/4 -1/-1 0/2 -1/-1 -1/-1 -1/-1 -1/-1 -1/-1 -1/-1 -1/-1 -1/-1 -1/-1 -1/-1 -1/-1 -1/-1 -1/-1 -1/-1 -1/-1 -1/-1 -1/-1 -1/-1 -1/-1 -1/-1 -1/-1 -1/-1 -1/-1 -1/-1 -1/-1 -1/-1 -1/-1 -1/-1 -1/-1 -1/-1 -1/-1 -1/-1 -1/-1 -1/-1 -1/-1 -1/-1 -1/-1 -1/-1 -1/-1 -1/-1 -1/-1 -1/-1 -1/-1 -1/-1 -1/-1 -1/-1 -1/-1 -1/-1 -1/-1 -1/-1 -1/-1 -1/-1 -1/-1 -1/-1 -1/-1 -1/-1 -1/-1 -1/-1 -1/-1 -1/-1 -1/-1 -1/-1 -1/-1 -1/-1 -1/-1 -1/-1 -1/-1 -1/-1 -1/-1 -1/-1 -1/-1 -1/-1 -1/-1 -1/-1 -1/-1 -1/-1 -1/-1 -1/-1 -1/-1 -1/-1 -1/-1 -1/-1 -1/-1 -1/-1 -1/-1 -1/-1 -1/-1 -1/-1 -1/-1 -1/-1 -1/-1 -1/-1 -1/-1 -1/-1 -1/-1 -1/-1 -1/-1 -1/-1 -1/-1 -1/-1 -1/-1 -1/-1 -1/-1 -1/-1 -1/-1 -1/-1 -1/-1 -1/-1 -1/-1 -1/-1 -1/-1 -1/-1 -1/-1 -1/-1 -1/-1 -1/-1 -1/-1 -1/-1 -1/-1 -1/-1 -1/-1 -1/-1 -1/-1 -1/-1 -1/-1 -1/-1 -1/-1 -1/-1 -1/-1 -1/-1 -1/-1 -1/-1 -1/-1 -1/-1 -1/-1 -1/-1 -1/-1 -1/-1 -1/-1 -1/-1 -1/-1 -1/-1 -1/-1 -1/-1 -1/-1 -1/-1 -1/-1 -1/-1 -1/-1 -1/-1 -1/-1 -1/-1 -1/-1 -1/-1 -1/-1 -1/-1 -1/-1 -1/-1 -1/-1 -1/-1 -1/-1 -1/-1 -1/-1 -1/-1 -1/-1 -1/-1 -1/-1 -1/-1 -1/-1 -1/-1 -1/-1 -1/-1 -1/-1 -1/-1 -1/-1 -1/-1 -1/-1 -1/-1 -1/-1 -1/-1 -1/-1 -1/-1 -1/-1 -1/-1 -1/-1 -1/-1 -1/-1 -1/-1 -1/-1 -1/-1 -1/-1 -1/-1 -1/-1 -1/-1 -1/-1 -1/-1 -1/-1 -1/-1 -1/-1 -1/-1 -1/-1 -1/-1 -1/-1 -1/-1 -1/-1 -1/-1 -1/-1 -1/-1 -1/-1 -1/-1 -1/-1 -1/-1 -1/-1 -1/-1 -1/-1 -1/-1 -1/-1 -1/-1 -1/-1 -1/-1 -1/-1 -1/-1 -1/-1 -1/-1 -1/-1 -1/-1 -1/-1 -1/-1 -1/-1 -1/-1 -1/-1 -1/-1 -1/-1 -1/-1 -1/-1 -1/-1 -1/-1 -1/-1 -1/-1 -1/-1 -1/-1 -1/-1 -1/-1 -1/-1 -1/-1 -1/-1 -1/-1 -1/-1 -1/-1 -1/-1 -1/-1 -1/-1 -1/-1 -1/-1 -1/-1 -1/-1 -1/-1 -1/-1 -1/-1 -1/-1 -1/-1 -1/-1 -1/-1 -1/-1 -1/-1 -1/-1 -1/-1 -1/-1 -1/-1 -1/-1 -1/-1 -1/-1 -1/-1 -1/-1 -1/-1 -1/-1 -1/-1 -1/-1 -1/-1 -1/-1 -1/-1 -1/-1 -1/-1 -1/-1 -1/-1 -1/-1 -1/-1 -1/-1 -1/-1 -1/-1 -1/-1 -1/-1 -1/-1 -1/-1 -1/-1 -1/-1 -1/-1 -1/-1 -1/-1 -1/-1 -1/-1 -1/-1 -1/-1 -1/-1 -1/-1 -1/-1 -1/-1 -1/-1 -1/-1 -1/-1 -1/-1 -1/-1 -1/-1 -1/-1 -1/-1 -1/-1 -1/-1 -1/-1 -1/-1 -1/-1 -1/-1 -1/-1 -1/-1 -1/-1 -1/-1 -1/-1 -1/-1 -1/-1 -1/-1 -1/-1 -1/-1 -1/-1 -1/-1 -1/-1 -1/-1 -1/-1 -1/-1 -1/-1 -1/-1 -1/-1 -1/-1 -1/-1 -1/-1 -1/-1 -1/-1 -1/-1 -1/-1 -1/-1 -1/-1 -1/-1 -1/-1 -1/-1 -1/-1 -1/-1 -1/-1 -1/-1
h3.t13.stop_reason = satisfiable
h3.t13.restarts = 2
h3.t13.nogoods_size = 1
h3.t13.nodes = 8778
h3.t13.propagations = 8778
h3.search_time = 1282
h3.nodes = 149407
h3.propagations = 740536
h4.t15.stop_reason = aborted
h4.t15.restarts = 2
h4.t15.nogoods_size = 1
h4.t15.nodes = 1062
h4.t15.propagations = 1062
h4.t3.stop_reason = aborted
h4.t3.restarts = 2
h4.t3.nogoods_size = 1
h4.t3.nodes = 1097
h4.t3.propagations = 1097
h4.t6.stop_reason = aborted
h4.t6.restarts = 2
h4.t6.nogoods_size = 1
h4.t6.nodes = 1045
h4.t6.propagations = 1045
h4.t12.stop_reason = aborted
h4.t12.restarts = 2
h4.t12.nogoods_size = 1
h4.t12.nodes = 1075
h4.t12.propagations = 1075
h4.t14.stop_reason = aborted
h4.t14.restarts = 2
h4.t14.nogoods_size = 1
h4.t14.nodes = 1034
h4.t14.propagations = 1034
h4.t10.stop_reason = aborted
h4.t10.restarts = 2
h4.t10.nogoods_size = 1
h4.t10.nodes = 1049
h4.t10.propagations = 1049
h4.t7.stop_reason = aborted
h4.t7.restarts = 2
h4.t7.nogoods_size = 1
h4.t7.nodes = 1124
h4.t7.propagations = 1124
h4.t13.stop_reason = aborted
h4.t13.restarts = 2
h4.t13.nogoods_size = 1
h4.t13.nodes = 1064
h4.t13.propagations = 1064
h4.t16.stop_reason = aborted
h4.t16.restarts = 2
h4.t16.nogoods_size = 1
h4.t16.nodes = 1033
h4.t16.propagations = 1033
h4.t11.stop_reason = aborted
h4.t11.restarts = 2
h4.t11.nogoods_size = 1
h4.t11.nodes = 1057
h4.t11.propagations = 1057
h4.t5.stop_reason = aborted
h4.t5.restarts = 2
h4.t5.nogoods_size = 1
h4.t5.nodes = 1068
h4.t5.propagations = 1068
h4.t4.stop_reason = aborted
h4.t4.restarts = 2
h4.t4.nogoods_size = 1
h4.t4.nodes = 1074
h4.t4.propagations = 1074
h4.t17.stop_reason = aborted
h4.t17.restarts = 2
h4.t17.nogoods_size = 1
h4.t17.nodes = 508
h4.t17.propagations = 508
h4.t8.stop_reason = aborted
h4.t8.restarts = 2
h4.t8.nogoods_size = 1
h4.t8.nodes = 1063
h4.t8.propagations = 1063
h4.t1.stop_reason = aborted
h4.t1.restarts = 2
h4.t1.nogoods_size = 1
h4.t1.nodes = 1148
h4.t1.propagations = 1148
h4.t0.stop_reason = aborted
h4.t0.restarts = 2
h4.t0.nogoods_size = 1
h4.t0.nodes = 549
h4.t0.propagations = 549
h4.t9.where = 8/547 -1/-1 15/64 -1/-1 0/7 -1/-1 0/4 -1/-1 0/2 -1/-1 -1/-1 -1/-1 -1/-1 -1/-1 -1/-1 -1/-1 -1/-1 -1/-1 -1/-1 -1/-1 -1/-1 -1/-1 -1/-1 -1/-1 -1/-1 -1/-1 -1/-1 -1/-1 -1/-1 -1/-1 -1/-1 -1/-1 -1/-1 -1/-1 -1/-1 -1/-1 -1/-1 -1/-1 -1/-1 -1/-1 -1/-1 -1/-1 -1/-1 -1/-1 -1/-1 -1/-1 -1/-1 -1/-1 -1/-1 -1/-1 -1/-1 -1/-1 -1/-1 -1/-1 -1/-1 -1/-1 -1/-1 -1/-1 -1/-1 -1/-1 -1/-1 -1/-1 -1/-1 -1/-1 -1/-1 -1/-1 -1/-1 -1/-1 -1/-1 -1/-1 -1/-1 -1/-1 -1/-1 -1/-1 -1/-1 -1/-1 -1/-1 -1/-1 -1/-1 -1/-1 -1/-1 -1/-1 -1/-1 -1/-1 -1/-1 -1/-1 -1/-1 -1/-1 -1/-1 -1/-1 -1/-1 -1/-1 -1/-1 -1/-1 -1/-1 -1/-1 -1/-1 -1/-1 -1/-1 -1/-1 -1/-1 -1/-1 -1/-1 -1/-1 -1/-1 -1/-1 -1/-1 -1/-1 -1/-1 -1/-1 -1/-1 -1/-1 -1/-1 -1/-1 -1/-1 -1/-1 -1/-1 -1/-1 -1/-1 -1/-1 -1/-1 -1/-1 -1/-1 -1/-1 -1/-1 -1/-1 -1/-1 -1/-1 -1/-1 -1/-1 -1/-1 -1/-1 -1/-1 -1/-1 -1/-1 -1/-1 -1/-1 -1/-1 -1/-1 -1/-1 -1/-1 -1/-1 -1/-1 -1/-1 -1/-1 -1/-1 -1/-1 -1/-1 -1/-1 -1/-1 -1/-1 -1/-1 -1/-1 -1/-1 -1/-1 -1/-1 -1/-1 -1/-1 -1/-1 -1/-1 -1/-1 -1/-1 -1/-1 -1/-1 -1/-1 -1/-1 -1/-1 -1/-1 -1/-1 -1/-1 -1/-1 -1/-1 -1/-1 -1/-1 -1/-1 -1/-1 -1/-1 -1/-1 -1/-1 -1/-1 -1/-1 -1/-1 -1/-1 -1/-1 -1/-1 -1/-1 -1/-1 -1/-1 -1/-1 -1/-1 -1/-1 -1/-1 -1/-1 -1/-1 -1/-1 -1/-1 -1/-1 -1/-1 -1/-1 -1/-1 -1/-1 -1/-1 -1/-1 -1/-1 -1/-1 -1/-1 -1/-1 -1/-1 -1/-1 -1/-1 -1/-1 -1/-1 -1/-1 -1/-1 -1/-1 -1/-1 -1/-1 -1/-1 -1/-1 -1/-1 -1/-1 -1/-1 -1/-1 -1/-1 -1/-1 -1/-1 -1/-1 -1/-1 -1/-1 -1/-1 -1/-1 -1/-1 -1/-1 -1/-1 -1/-1 -1/-1 -1/-1 -1/-1 -1/-1 -1/-1 -1/-1 -1/-1 -1/-1 -1/-1 -1/-1 -1/-1 -1/-1 -1/-1 -1/-1 -1/-1 -1/-1 -1/-1 -1/-1 -1/-1 -1/-1 -1/-1 -1/-1 -1/-1 -1/-1 -1/-1 -1/-1 -1/-1 -1/-1 -1/-1 -1/-1 -1/-1 -1/-1 -1/-1 -1/-1 -1/-1 -1/-1 -1/-1 -1/-1 -1/-1 -1/-1 -1/-1 -1/-1 -1/-1 -1/-1 -1/-1 -1/-1 -1/-1 -1/-1 -1/-1 -1/-1 -1/-1 -1/-1 -1/-1 -1/-1 -1/-1 -1/-1 -1/-1 -1/-1 -1/-1 -1/-1 -1/-1 -1/-1 -1/-1 -1/-1 -1/-1 -1/-1 -1/-1 -1/-1 -1/-1 -1/-1 -1/-1 -1/-1 -1/-1 -1/-1 -1/-1 -1/-1 -1/-1 -1/-1 -1/-1 -1/-1 -1/-1 -1/-1 -1/-1 -1/-1 -1/-1 -1/-1 -1/-1 -1/-1 -1/-1 -1/-1 -1/-1 -1/-1 -1/-1 -1/-1 -1/-1 -1/-1 -1/-1 -1/-1 -1/-1 -1/-1 -1/-1 -1/-1 -1/-1 -1/-1 -1/-1 -1/-1 -1/-1 -1/-1 -1/-1 -1/-1 -1/-1 -1/-1 -1/-1 -1/-1 -1/-1 -1/-1 -1/-1 -1/-1 -1/-1 -1/-1 -1/-1 -1/-1 -1/-1 -1/-1 -1/-1 -1/-1 -1/-1 -1/-1 -1/-1 -1/-1
h4.t9.stop_reason = satisfiable
h4.t9.restarts = 2
h4.t9.nogoods_size = 1
h4.t9.nodes = 1010
h4.t9.propagations = 1010
h4.t2.stop_reason = aborted
h4.t2.restarts = 2
h4.t2.nogoods_size = 1
h4.t2.nodes = 1078
h4.t2.propagations = 1078
h4.search_time = 1283
h4.nodes = 18138
h4.propagations = 90083
h5.t14.stop_reason = aborted
h5.t14.restarts = 2
h5.t14.nogoods_size = 1
h5.t14.nodes = 4075
h5.t14.propagations = 4075
h5.t10.stop_reason = aborted
h5.t10.restarts = 2
h5.t10.nogoods_size = 1
h5.t10.nodes = 4005
h5.t10.propagations = 4005
h5.t4.stop_reason = aborted
h5.t4.restarts = 2
h5.t4.nogoods_size = 1
h5.t4.nodes = 4075
h5.t4.propagations = 4075
h5.t6.stop_reason = aborted
h5.t6.restarts = 2
h5.t6.nogoods_size = 1
h5.t6.nodes = 4110
h5.t6.propagations = 4110
h5.t8.stop_reason = aborted
h5.t8.restarts = 2
h5.t8.nogoods_size = 1
h5.t8.nodes = 3972
h5.t8.propagations = 3972
h5.t9.stop_reason = aborted
h5.t9.restarts = 2
h5.t9.nogoods_size = 1
h5.t9.nodes = 4042
h5.t9.propagations = 4042
h5.t13.stop_reason = aborted
h5.t13.restarts = 2
h5.t13.nogoods_size = 1
h5.t13.nodes = 4072
h5.t13.propagations = 4072
h5.t12.stop_reason = aborted
h5.t12.restarts = 2
h5.t12.nogoods_size = 1
h5.t12.nodes = 4005
h5.t12.propagations = 4005
h5.t2.stop_reason = aborted
h5.t2.restarts = 2
h5.t2.nogoods_size = 1
h5.t2.nodes = 4028
h5.t2.propagations = 4028
h5.t16.stop_reason = aborted
h5.t16.restarts = 2
h5.t16.nogoods_size = 1
h5.t16.nodes = 3987
h5.t16.propagations = 3987
h5.t3.stop_reason = aborted
h5.t3.restarts = 2
h5.t3.nogoods_size = 1
h5.t3.nodes = 4064
h5.t3.propagations = 4064
h5.t11.stop_reason = aborted
h5.t11.restarts = 2
h5.t11.nogoods_size = 1
h5.t11.nodes = 4029
h5.t11.propagations = 4029
h5.t17.stop_reason = aborted
h5.t17.restarts = 2
h5.t17.nogoods_size = 1
h5.t17.nodes = 2026
h5.t17.propagations = 2026
h5.t7.stop_reason = aborted
h5.t7.restarts = 2
h5.t7.nogoods_size = 1
h5.t7.nodes = 4060
h5.t7.propagations = 4060
h5.t1.stop_reason = aborted
h5.t1.restarts = 2
h5.t1.nogoods_size = 1
h5.t1.nodes = 4063
h5.t1.propagations = 4063
h5.t5.stop_reason = aborted
h5.t5.restarts = 2
h5.t5.nogoods_size = 1
h5.t5.nodes = 4030
h5.t5.propagations = 4030
h5.t15.stop_reason = aborted
h5.t15.restarts = 2
h5.t15.nogoods_size = 1
h5.t15.nodes = 3995
h5.t15.propagations = 3995
h5.t0.where = 14/547 -1/-1 11/64 -1/-1 2/7 -1/-1 0/4 -1/-1 0/2 -1/-1 -1/-1 -1/-1 -1/-1 -1/-1 -1/-1 -1/-1 -1/-1 -1/-1 -1/-1 -1/-1 -1/-1 -1/-1 -1/-1 -1/-1 -1/-1 -1/-1 -1/-1 -1/-1 -1/-1 -1/-1 -1/-1 -1/-1 -1/-1 -1/-1 -1/-1 -1/-1 -1/-1 -1/-1 -1/-1 -1/-1 -1/-1 -1/-1 -1/-1 -1/-1 -1/-1 -1/-1 -1/-1 -1/-1 -1/-1 -1/-1 -1/-1 -1/-1 -1/-1 -1/-1 -1/-1 -1/-1 -1/-1 -1/-1 -1/-1 -1/-1 -1/-1 -1/-1 -1/-1 -1/-1 -1/-1 -1/-1 -1/-1 -1/-1 -1/-1 -1/-1 -1/-1 -1/-1 -1/-1 -1/-1 -1/-1 -1/-1 -1/-1 -1/-1 -1/-1 -1/-1 -1/-1 -1/-1 -1/-1 -1/-1 -1/-1 -1/-1 -1/-1 -1/-1 -1/-1 -1/-1 -1/-1 -1/-1 -1/-1 -1/-1 -1/-1 -1/-1 -1/-1 -1/-1 -1/-1 -1/-1 -1/-1 -1/-1 -1/-1 -1/-1 -1/-1 -1/-1 -1/-1 -1/-1 -1/-1 -1/-1 -1/-1 -1/-1 -1/-1 -1/-1 -1/-1 -1/-1 -1/-1 -1/-1 -1/-1 -1/-1 -1/-1 -1/-1 -1/-1 -1/-1 -1/-1 -1/-1 -1/-1 -1/-1 -1/-1 -1/-1 -1/-1 -1/-1 -1/-1 -1/-1 -1/-1 -1/-1 -1/-1 -1/-1 -1/-1 -1/-1 -1/-1 -1/-1 -1/-1 -1/-1 -1/-1 -1/-1 -1/-1 -1/-1 -1/-1 -1/-1 -1/-1 -1/-1 -1/-1 -1/-1 -1/-1 -1/-1 -1/-1 -1/-1 -1/-1 -1/-1 -1/-1 -1/-1 -1/-1 -1/-1 -1/-1 -1/-1 -1/-1 -1/-1 -1/-1 -1/-1 -1/-1 -1/-1 -1/-1 -1/-1 -1/-1 -1/-1 -1/-1 -1/-1 -1/-1 -1/-1 -1/-1 -1/-1 -1/-1 -1/-1 -1/-1 -1/-1 -1/-1 -1/-1 -1/-1 -1/-1 -1/-1 -1/-1 -1/-1 -1/-1 -1/-1 -1/-1 -1/-1 -1/-1 -1/-1 -1/-1 -1/-1 -1/-1 -1/-1 -1/-1 -1/-1 -1/-1 -1/-1 -1/-1 -1/-1 -1/-1 -1/-1 -1/-1 -1/-1 -1/-1 -1/-1 -1/-1 -1/-1 -1/-1 -1/-1 -1/-1 -1/-1 -1/-1 -1/-1 -1/-1 -1/-1 -1/-1 -1/-1 -1/-1 -1/-1 -1/-1 -1/-1 -1/-1 -1/-1 -1/-1 -1/-1 -1/-1 -1/-1 -1/-1 -1/-1 -1/-1 -1/-1 -1/-1 -1/-1 -1/-1 -1/-1 -1/-1 -1/-1 -1/-1 -1/-1 -1/-1 -1/-1 -1/-1 -1/-1 -1/-1 -1/-1 -1/-1 -1/-1 -1/-1 -1/-1 -1/-1 -1/-1 -1/-1 -1/-1 -1/-1 -1/-1 -1/-1 -1/-1 -1/-1 -1/-1 -1/-1 -1/-1 -1/-1 -1/-1 -1/-1 -1/-1 -1/-1 -1/-1 -1/-1 -1/-1 -1/-1 -1/-1 -1/-1 -1/-1 -1/-1 -1/-1 -1/-1 -1/-1 -1/-1 -1/-1 -1/-1 -1/-1 -1/-1 -1/-1 -1/-1 -1/-1 -1/-1 -1/-1 -1/-1 -1/-1 -1/-1 -1/-1 -1/-1 -1/-1 -1/-1 -1/-1 -1/-1 -1/-1 -1/-1 -1/-1 -1/-1 -1/-1 -1/-1 -1/-1 -1/-1 -1/-1 -1/-1 -1/-1 -1/-1 -1/-1 -1/-1 -1/-1 -1/-1 -1/-1 -1/-1 -1/-1 -1/-1 -1/-1 -1/-1 -1/-1 -1/-1 -1/-1 -1/-1 -1/-1 -1/-1 -1/-1 -1/-1 -1/-1 -1/-1 -1/-1 -1/-1 -1/-1 -1/-1 -1/-1 -1/-1 -1/-1 -1/-1 -1/-1 -1/-1 -1/-1 -1/-1 -1/-1 -1/-1 -1/-1 -1/-1 -1/-1 -1/-1 -1/-1 -1/-1 -1/-1 -1/-1 -1/-1 -1/-1 -1/-1 -1/-1 -1/-1
h5.t0.stop_reason = satisfiable
h5.t0.restarts = 2
h5.t0.nogoods_size = 1
h5.t0.nodes = 2001
h5.t0.propagations = 2001
h5.search_time = 1285
h5.nodes = 68639
h5.propagations = 341150
h6.t13.where = 3/547 -1/-1 9/64 -1/-1 0/7 -1/-1 0/4 -1/-1 0/2 -1/-1 -1/-1 -1/-1 -1/-1 -1/-1 -1/-1 -1/-1 -1/-1 -1/-1 -1/-1 -1/-1 -1/-1 -1/-1 -1/-1 -1/-1 -1/-1 -1/-1 -1/-1 -1/-1 -1/-1 -1/-1 -1/-1 -1/-1 -1/-1 -1/-1 -1/-1 -1/-1 -1/-1 -1/-1 -1/-1 -1/-1 -1/-1 -1/-1 -1/-1 -1/-1 -1/-1 -1/-1 -1/-1 -1/-1 -1/-1 -1/-1 -1/-1 -1/-1 -1/-1 -1/-1 -1/-1 -1/-1 -1/-1 -1/-1 -1/-1 -1/-1 -1/-1 -1/-1 -1/-1 -1/-1 -1/-1 -1/-1 -1/-1 -1/-1 -1/-1 -1/-1 -1/-1 -1/-1 -1/-1 -1/-1 -1/-1 -1/-1 -1/-1 -1/-1 -1/-1 -1/-1 -1/-1 -1/-1 -1/-1 -1/-1 -1/-1 -1/-1 -1/-1 -1/-1 -1/-1 -1/-1 -1/-1 -1/-1 -1/-1 -1/-1 -1/-1 -1/-1 -1/-1 -1/-1 -1/-1 -1/-1 -1/-1 -1/-1 -1/-1 -1/-1 -1/-1 -1/-1 -1/-1 -1/-1 -1/-1 -1/-1 -1/-1 -1/-1 -1/-1 -1/-1 -1/-1 -1/-1 -1/-1 -1/-1 -1/-1 -1/-1 -1/-1 -1/-1 -1/-1 -1/-1 -1/-1 -1/-1 -1/-1 -1/-1 -1/-1 -1/-1 -1/-1 -1/-1 -1/-1 -1/-1 -1/-1 -1/-1 -1/-1 -1/-1 -1/-1 -1/-1 -1/-1 -1/-1 -1/-1 -1/-1 -1/-1 -1/-1 -1/-1 -1/-1 -1/-1 -1/-1 -1/-1 -1/-1 -1/-1 -1/-1 -1/-1 -1/-1 -1/-1 -1/-1 -1/-1 -1/-1 -1/-1 -1/-1 -1/-1 -1/-1 -1/-1 -1/-1 -1/-1 -1/-1 -1/-1 -1/-1 -1/-1 -1/-1 -1/-1 -1/-1 -1/-1 -1/-1 -1/-1 -1/-1 -1/-1 -1/-1 -1/-1 -1/-1 -1/-1 -1/-1 -1/-1 -1/-1 -1/-1 -1/-1 -1/-1 -1/-1 -1/-1 -1/-1 -1/-1 -1/-1 -1/-1 -1/-1 -1/-1 -1/-1 -1/-1 -1/-1 -1/-1 -1/-1 -1/-1 -1/-1 -1/-1 -1/-1 -1/-1 -1/-1 -1/-1 -1/-1 -1/-1 -1/-1 -1/-1 -1/-1 -1/-1 -1/-1 -1/-1 -1/-1 -1/-1 -1/-1 -1/-1 -1/-1 -1/-1 -1/-1 -1/-1 -1/-1 -1/-1 -1/-1 -1/-1 -1/-1 -1/-1 -1/-1 -1/-1 -1/-1 -1/-1 -1/-1 -1/-1 -1/-1 -1/-1 -1/-1 -1/-1 -1/-1 -1/-1 -1/-1 -1/-1 -1/-1 -1/-1 -1/-1 -1/-1 -1/-1 -1/-1 -1/-1 -1/-1 -1/-1 -1/-1 -1/-1 -1/-1 -1/-1 -1/-1 -1/-1 -1/-1 -1/-1 -1/-1 -1/-1 -1/-1 -1/-1 -1/-1 -1/-1 -1/-1 -1/-1 -1/-1 -1/-1 -1/-1 -1/-1 -1/-1 -1/-1 -1/-1 -1/-1 -1/-1 -1/-1 -1/-1 -1/-1 -1/-1 -1/-1 -1/-1 -1/-1 -1/-1 -1/-1 -1/-1 -1/-1 -1/-1 -1/-1 -1/-1 -1/-1 -1/-1 -1/-1 -1/-1 -1/-1 -1/-1 -1/-1 -1/-1 -1/-1 -1/-1 -1/-1 -1/-1 -1/-1 -1/-1 -1/-1 -1/-1 -1/-1 -1/-1 -1/-1 -1/-1 -1/-1 -1/-1 -1/-1 -1/-1 -1/-1 -1/-1 -1/-1 -1/-1 -1/-1 -1/-1 -1/-1 -1/-1 -1/-1 -1/-1 -1/-1 -1/-1 -1/-1 -1/-1 -1/-1 -1/-1 -1/-1 -1/-1 -1/-1 -1/-1 -1/-1 -1/-1 -1/-1 -1/-1 -1/-1 -1/-1 -1/-1 -1/-1 -1/-1 -1/-1 -1/-1 -1/-1 -1/-1 -1/-1 -1/-1 -1/-1 -1/-1 -1/-1 -1/-1 -1/-1 -1/-1 -1/-1 -1/-1 -1/-1 -1/-1 -1/-1 -1/-1 -1/-1
h6.t13.stop_reason = satisfiable
h6.t13.restarts = 2
h6.t13.nogoods_size = 1
h6.t13.nodes = 259
h6.t13.propagations = 259
h6.t16.stop_reason = aborted
h6.t16.restarts = 2
h6.t16.nogoods_size = 1
h6.t16.nodes = 317
h6.t16.propagations = 317
h6.t1.stop_reason = aborted
h6.t1.restarts = 2
h6.t1.nogoods_size = 1
h6.t1.nodes = 312
h6.t1.propagations = 312
h6.t12.stop_reason = aborted
h6.t12.restarts = 2
h6.t12.nogoods_size = 1
h6.t12.nodes = 306
h6.t12.propagations = 306
h6.t14.stop_reason = aborted
h6.t14.restarts = 2
h6.t14.nogoods_size = 1
h6.t14.nodes = 319
h6.t14.propagations = 319
h6.t4.stop_reason = aborted
h6.t4.restarts = 2
h6.t4.nogoods_size = 1
h6.t4.nodes = 330
h6.t4.propagations = 330
h6.t7.stop_reason = aborted
h6.t7.restarts = 2
h6.t7.nogoods_size = 1
h6.t7.nodes = 304
h6.t7.propagations = 304
h6.t10.stop_reason = aborted
h6.t10.restarts = 2
h6.t10.nogoods_size = 1
h6.t10.nodes = 329
h6.t10.propagations = 329
h6.t6.stop_reason = aborted
h6.t6.restarts = 2
h6.t6.nogoods_size = 1
h6.t6.nodes = 334
h6.t6.propagations = 334
h6.t15.stop_reason = aborted
h6.t15.restarts = 2
h6.t15.nogoods_size = 1
h6.t15.nodes = 332
h6.t15.propagations = 332
h6.t2.stop_reason = aborted
h6.t2.restarts = 2
h6.t2.nogoods_size = 1
h6.t2.nodes = 333
h6.t2.propagations = 333
h6.t9.stop_reason = aborted
h6.t9.restarts = 2
h6.t9.nogoods_size = 1
h6.t9.nodes = 326
h6.t9.propagations = 326
h6.t5.stop_reason = aborted
h6.t5.restarts = 2
h6.t5.nogoods_size = 1
h6.t5.nodes = 350
h6.t5.propagations = 350
h6.t0.stop_reason = aborted
h6.t0.restarts = 2
h6.t0.nogoods_size = 1
h6.t0.nodes = 186
h6.t0.propagations = 186
h6.t3.stop_reason = aborted
h6.t3.restarts = 2
h6.t3.nogoods_size = 1
h6.t3.nodes = 326
h6.t3.propagations = 326
h6.t11.stop_reason = aborted
h6.t11.restarts = 2
h6.t11.nogoods_size = 1
h6.t11.nodes = 324
h6.t11.propagations = 324
h6.t17.stop_reason = aborted
h6.t17.restarts = 2
h6.t17.nogoods_size = 1
h6.t17.nodes = 154
h6.t17.propagations = 154
h6.t8.stop_reason = aborted
h6.t8.restarts = 2
h6.t8.nogoods_size = 1
h6.t8.nodes = 305
h6.t8.propagations = 305
h6.search_time = 1284
h6.nodes = 5446
h6.propagations = 27445
h7.t1.stop_reason = aborted
h7.t1.restarts = 2
h7.t1.nogoods_size = 1
h7.t1.nodes = 2221
h7.t1.propagations = 2221
h7.t12.stop_reason = aborted
h7.t12.restarts = 2
h7.t12.nogoods_size = 1
h7.t12.nodes = 2208
h7.t12.propagations = 2208
h7.t3.where = 18/547 -1/-1 38/64 -1/-1 0/7 -1/-1 0/4 -1/-1 0/2 -1/-1 -1/-1 -1/-1 -1/-1 -1/-1 -1/-1 -1/-1 -1/-1 -1/-1 -1/-1 -1/-1 -1/-1 -1/-1 -1/-1 -1/-1 -1/-1 -1/-1 -1/-1 -1/-1 -1/-1 -1/-1 -1/-1 -1/-1 -1/-1 -1/-1 -1/-1 -1/-1 -1/-1 -1/-1 -1/-1 -1/-1 -1/-1 -1/-1 -1/-1 -1/-1 -1/-1 -1/-1 -1/-1 -1/-1 -1/-1 -1/-1 -1/-1 -1/-1 -1/-1 -1/-1 -1/-1 -1/-1 -1/-1 -1/-1 -1/-1 -1/-1 -1/-1 -1/-1 -1/-1 -1/-1 -1/-1 -1/-1 -1/-1 -1/-1 -1/-1 -1/-1 -1/-1 -1/-1 -1/-1 -1/-1 -1/-1 -1/-1 -1/-1 -1/-1 -1/-1 -1/-1 -1/-1 -1/-1 -1/-1 -1/-1 -1/-1 -1/-1 -1/-1 -1/-1 -1/-1 -1/-1 -1/-1 -1/-1 -1/-1 -1/-1 -1/-1 -1/-1 -1/-1 -1/-1 -1/-1 -1/-1 -1/-1 -1/-1 -1/-1 -1/-1 -1/-1 -1/-1 -1/-1 -1/-1 -1/-1 -1/-1 -1/-1 -1/-1 -1/-1 -1/-1 -1/-1 -1/-1 -1/-1 -1/-1 -1/-1 -1/-1 -1/-1 -1/-1 -1/-1 -1/-1 -1/-1 -1/-1 -1/-1 -1/-1 -1/-1 -1/-1 -1/-1 -1/-1 -1/-1 -1/-1 -1/-1 -1/-1 -1/-1 -1/-1 -1/-1 -1/-1 -1/-1 -1/-1 -1/-1 -1/-1 -1/-1 -1/-1 -1/-1 -1/-1 -1/-1 -1/-1 -1/-1 -1/-1 -1/-1 -1/-1 -1/-1 -1/-1 -1/-1 -1/-1 -1/-1 -1/-1 -1/-1 -1/-1 -1/-1 -1/-1 -1/-1 -1/-1 -1/-1 -1/-1 -1/-1 -1/-1 -1/-1 -1/-1 -1/-1 -1/-1 -1/-1 -1/-1 -1/-1 -1/-1 -1/-1 -1/-1 -1/-1 -1/-1 -1/-1 -1/-1 -1/-1 -1/-1 -1/-1 -1/-1 -1/-1 -1/-1 -1/-1 -1/-1 -1/-1 -1/-1 -1/-1 -1/-1 -1/-1 -1/-1 -1/-1 -1/-1 -1/-1 -1/-1 -1/-1 -1/-1 -1/-1 -1/-1 -1/-1 -1/-1 -1/-1 -1/-1 -1/-1 -1/-1 -1/-1 -1/-1 -1/-1 -1/-1 -1/-1 -1/-1 -1/-1 -1/-1 -1/-1 -1/-1 -1/-1 -1/-1 -1/-1 -1/-1 -1/-1 -1/-1 -1/-1 -1/-1 -1/-1 -1/-1 -1/-1 -1/-1 -1/-1 -1/-1 -1/-1 -1/-1 -1/-1 -1/-1 -1/-1 -1/-1 -1/-1 -1/-1 -1/-1 -1/-1 -1/-1 -1/-1 -1/-1 -1/-1 -1/-1 -1/-1 -1/-1 -1/-1 -1/-1 -1/-1 -1/-1 -1/-1 -1/-1 -1/-1 -1/-1 -1/-1 -1/-1 -1/-1 -1/-1 -1/-1 -1/-1 -1/-1 -1/-1 -1/-1 -1/-1 -1/-1 -1/-1 -1/-1 -1/-1 -1/-1 -1/-1 -1/-1 -1/-1 -1/-1 -1/-1 -1/-1 -1/-1 -1/-1 -1/-1 -1/-1 -1/-1 -1/-1 -1/-1 -1/-1 -1/-1 -1/-1 -1/-1 -1/-1 -1/-1 -1/-1 -1/-1 -1/-1 -1/-1 -1/-1 -1/-1 -1/-1 -1/-1 -1/-1 -1/-1 -1/-1 -1/-1 -1/-1 -1/-1 -1/-1 -1/-1 -1/-1 -1/-1 -1/-1 -1/-1 -1/-1 -1/-1 -1/-1 -1/-1 -1/-1 -1/-1 -1/-1 -1/-1 -1/-1 -1/-1 -1/-1 -1/-1 -1/-1 -1/-1 -1/-1 -1/-1 -1/-1 -1/-1 -1/-1 -1/-1 -1/-1 -1/-1 -1/-1 -1/-1 -1/-1 -1/-1 -1/-1 -1/-1 -1/-1 -1/-1 -1/-1 -1/-1 -1/-1 -1/-1 -1/-1 -1/-1 -1/-1 -1/-1 -1/-1 -1/-1 -1/-1 -1/-1 -1/-1 -1/-1 -1/-1 -1/-1 -1/-1 -1/-1 -1/-1 -1/-1
h7.t3.stop_reason = satisfiable
h7.t3.restarts = 2
h7.t3.nogoods_size = 1
h7.t3.nodes = 2180
h7.t3.propagations = 2180
h7.t14.stop_reason = aborted
h7.t14.restarts = 2
h7.t14.nogoods_size = 1
h7.t14.nodes = 2196
h7.t14.propagations = 2196
h7.t8.stop_reason = aborted
h7.t8.restarts = 2
h7.t8.nogoods_size = 1
h7.t8.nodes = 2170
h7.t8.propagations = 2170
h7.t5.stop_reason = aborted
h7.t5.restarts = 2
h7.t5.nogoods_size = 1
h7.t5.nodes = 2193
h7.t5.propagations = 2193
h7.t11.stop_reason = aborted
h7.t11.restarts = 2
h7.t11.nogoods_size = 1
h7.t11.nodes = 2482
h7.t11.propagations = 2482
h7.t9.stop_reason = aborted
h7.t9.restarts = 2
h7.t9.nogoods_size = 1
h7.t9.nodes = 2240
h7.t9.propagations = 2240
h7.t10.stop_reason = aborted
h7.t10.restarts = 2
h7.t10.nogoods_size = 1
h7.t10.nodes = 2241
h7.t10.propagations = 2241
h7.t7.stop_reason = aborted
h7.t7.restarts = 2
h7.t7.nogoods_size = 1
h7.t7.nodes = 2301
h7.t7.propagations = 2301
h7.t17.stop_reason = aborted
h7.t17.restarts = 2
h7.t17.nogoods_size = 1
h7.t17.nodes = 1138
h7.t17.propagations = 1138
h7.t6.stop_reason = aborted
h7.t6.restarts = 2
h7.t6.nogoods_size = 1
h7.t6.nodes = 2294
h7.t6.propagations = 2294
h7.t2.stop_reason = aborted
h7.t2.restarts = 2
h7.t2.nogoods_size = 1
h7.t2.nodes = 2259
h7.t2.propagations = 2259
h7.t15.stop_reason = aborted
h7.t15.restarts = 2
h7.t15.nogoods_size = 1
h7.t15.nodes = 2195
h7.t15.propagations = 2195
h7.t4.stop_reason = aborted
h7.t4.restarts = 2
h7.t4.nogoods_size = 1
h7.t4.nodes = 2268
h7.t4.propagations = 2268
h7.t0.stop_reason = aborted
h7.t0.restarts = 2
h7.t0.nogoods_size = 1
h7.t0.nodes = 1196
h7.t0.propagations = 1196
h7.t13.stop_reason = aborted
h7.t13.restarts = 2
h7.t13.nogoods_size = 1
h7.t13.nodes = 2208
h7.t13.propagations = 2208
h7.t16.stop_reason = aborted
h7.t16.restarts = 2
h7.t16.nogoods_size = 1
h7.t16.nodes = 2184
h7.t16.propagations = 2184
h7.search_time = 1278
h7.nodes = 38174
h7.propagations = 190509
h8.t6.where = 1/547 -1/-1 11/64 -1/-1 3/7 -1/-1 0/4 -1/-1 0/2 -1/-1 -1/-1 -1/-1 -1/-1 -1/-1 -1/-1 -1/-1 -1/-1 -1/-1 -1/-1 -1/-1 -1/-1 -1/-1 -1/-1 -1/-1 -1/-1 -1/-1 -1/-1 -1/-1 -1/-1 -1/-1 -1/-1 -1/-1 -1/-1 -1/-1 -1/-1 -1/-1 -1/-1 -1/-1 -1/-1 -1/-1 -1/-1 -1/-1 -1/-1 -1/-1 -1/-1 -1/-1 -1/-1 -1/-1 -1/-1 -1/-1 -1/-1 -1/-1 -1/-1 -1/-1 -1/-1 -1/-1 -1/-1 -1/-1 -1/-1 -1/-1 -1/-1 -1/-1 -1/-1 -1/-1 -1/-1 -1/-1 -1/-1 -1/-1 -1/-1 -1/-1 -1/-1 -1/-1 -1/-1 -1/-1 -1/-1 -1/-1 -1/-1 -1/-1 -1/-1 -1/-1 -1/-1 -1/-1 -1/-1 -1/-1 -1/-1 -1/-1 -1/-1 -1/-1 -1/-1 -1/-1 -1/-1 -1/-1 -1/-1 -1/-1 -1/-1 -1/-1 -1/-1 -1/-1 -1/-1 -1/-1 -1/-1 -1/-1 -1/-1 -1/-1 -1/-1 -1/-1 -1/-1 -1/-1 -1/-1 -1/-1 -1/-1 -1/-1 -1/-1 -1/-1 -1/-1 -1/-1 -1/-1 -1/-1 -1/-1 -1/-1 -1/-1 -1/-1 -1/-1 -1/-1 -1/-1 -1/-1 -1/-1 -1/-1 -1/-1 -1/-1 -1/-1 -1/-1 -1/-1 -1/-1 -1/-1 -1/-1 -1/-1 -1/-1 -1/-1 -1/-1 -1/-1 -1/-1 -1/-1 -1/-1 -1/-1 -1/-1 -1/-1 -1/-1 -1/-1 -1/-1 -1/-1 -1/-1 -1/-1 -1/-1 -1/-1 -1/-1 -1/-1 -1/-1 -1/-1 -1/-1 -1/-1 -1/-1 -1/-1 -1/-1 -1/-1 -1/-1 -1/-1 -1/-1 -1/-1 -1/-1 -1/-1 -1/-1 -1/-1 -1/-1 -1/-1 -1/-1 -1/-1 -1/-1 -1/-1 -1/-1 -1/-1 -1/-1 -1/-1 -1/-1 -1/-1 -1/-1 -1/-1 -1/-1 -1/-1 -1/-1 -1/-1 -1/-1 -1/-1 -1/-1 -1/-1 -1/-1 -1/-1 -1/-1 -1/-1 -1/-1 -1/-1 -1/-1 -1/-1 -1/-1 -1/-1 -1/-1 -1/-1 -1/-1 -1/-1 -1/-1 -1/-1 -1/-1 -1/-1 -1/-1 -1/-1 -1/-1 -1/-1 -1/-1 -1/-1 -1/-1 -1/-1 -1/-1 -1/-1 -1/-1 -1/-1 -1/-1 -1/-1 -1/-1 -1/-1 -1/-1 -1/-1 -1/-1 -1/-1 -1/-1 -1/-1 -1/-1 -1/-1 -1/-1 -1/-1 -1/-1 -1/-1 -1/-1 -1/-1 -1/-1 -1/-1 -1/-1 -1/-1 -1/-1 -1/-1 -1/-1 -1/-1 -1/-1 -1/-1 -1/-1 -1/-1 -1/-1 -1/-1 -1/-1 -1/-1 -1/-1 -1/-1 -1/-1 -1/-1 -1/-1 -1/-1 -1/-1 -1/-1 -1/-1 -1/-1 -1/-1 -1/-1 -1/-1 -1/-1 -1/-1 -1/-1 -1/-1 -1/-1 -1/-1 -1/-1 -1/-1 -1/-1 -1/-1 -1/-1 -1/-1 -1/-1 -1/-1 -1/-1 -1/-1 -1/-1 -1/-1 -1/-1 -1/-1 -1/-1 -1/-1 -1/-1 -1/-1 -1/-1 -1/-1 -1/-1 -1/-1 -1/-1 -1/-1 -1/-1 -1/-1 -1/-1 -1/-1 -1/-1 -1/-1 -1/-1 -1/-1 -1/-1 -1/-1 -1/-1 -1/-1 -1/-1 -1/-1 -1/-1 -1/-1 -1/-1 -1/-1 -1/-1 -1/-1 -1/-1 -1/-1 -1/-1 -1/-1 -1/-1 -1/-1 -1/-1 -1/-1 -1/-1 -1/-1 -1/-1 -1/-1 -1/-1 -1/-1 -1/-1 -1/-1 -1/-1 -1/-1 -1/-1 -1/-1 -1/-1 -1/-1 -1/-1 -1/-1 -1/-1 -1/-1 -1/-1 -1/-1 -1/-1 -1/-1 -1/-1 -1/-1 -1/-1 -1/-1 -1/-1 -1/-1 -1/-1 -1/-1 -1/-1 -1/-1 -1/-1 -1/-1 -1/-1
h8.t6.stop_reason = satisfiable
h8.t6.restarts = 2
h8.t6.nogoods_size = 1
h8.t6.nodes = 262
h8.t6.propagations = 262
h8.t10.stop_reason = aborted
h8.t10.restarts = 2
h8.t10.nogoods_size = 1
h8.t10.nodes = 340
h8.t10.propagations = 340
h8.t5.stop_reason = aborted
h8.t5.restarts = 2
h8.t5.nogoods_size = 1
h8.t5.nodes = 346
h8.t5.propagations = 346
h8.t1.stop_reason = aborted
h8.t1.restarts = 2
h8.t1.nogoods_size = 1
h8.t1.nodes = 327
h8.t1.propagations = 327
h8.t16.stop_reason = aborted
h8.t16.restarts = 2
h8.t16.nogoods_size = 1
h8.t16.nodes = 310
h8.t16.propagations = 310
h8.t12.stop_reason = aborted
h8.t12.restarts = 2
h8.t12.nogoods_size = 1
h8.t12.nodes = 320
h8.t12.propagations = 320
h8.t8.stop_reason = aborted
h8.t8.restarts = 2
h8.t8.nogoods_size = 1
h8.t8.nodes = 316
h8.t8.propagations = 316
h8.t11.stop_reason = aborted
h8.t11.restarts = 2
h8.t11.nogoods_size = 1
h8.t11.nodes = 340
h8.t11.propagations = 340
h8.t2.stop_reason = aborted
h8.t2.restarts = 2
h8.t2.nogoods_size = 1
h8.t2.nodes = 322
h8.t2.propagations = 322
h8.t7.stop_reason = aborted
h8.t7.restarts = 2
h8.t7.nogoods_size = 1
h8.t7.nodes = 303
h8.t7.propagations = 303
h8.t3.stop_reason = aborted
h8.t3.restarts = 2
h8.t3.nogoods_size = 1
h8.t3.nodes = 322
h8.t3.propagations = 322
h8.t0.stop_reason = aborted
h8.t0.restarts = 2
h8.t0.nogoods_size = 1
h8.t0.nodes = 181
h8.t0.propagations = 181
h8.t13.stop_reason = aborted
h8.t13.restarts = 2
h8.t13.nogoods_size = 1
h8.t13.nodes = 319
h8.t13.propagations = 319
h8.t14.stop_reason = aborted
h8.t14.restarts = 2
h8.t14.nogoods_size = 1
h8.t14.nodes = 327
h8.t14.propagations = 327
h8.t4.stop_reason = aborted
h8.t4.restarts = 2
h8.t4.nogoods_size = 1
h8.t4.nodes = 320
h8.t4.propagations = 320
h8.t15.stop_reason = aborted
h8.t15.restarts = 2
h8.t15.nogoods_size = 1
h8.t15.nodes = 302
h8.t15.propagations = 302
h8.t9.stop_reason = aborted
h8.t9.restarts = 2
h8.t9.nogoods_size = 1
h8.t9.nodes = 314
h8.t9.propagations = 314
h8.t17.stop_reason = aborted
h8.t17.restarts = 2
h8.t17.nogoods_size = 1
h8.t17.nodes = 153
h8.t17.propagations = 153
h8.search_time = 1284
h8.nodes = 5424
h8.propagations = 27439
h9.t13.where = 4/547 -1/-1 40/64 -1/-1 2/7 -1/-1 0/4 -1/-1 0/2 -1/-1 -1/-1 -1/-1 -1/-1 -1/-1 -1/-1 -1/-1 -1/-1 -1/-1 -1/-1 -1/-1 -1/-1 -1/-1 -1/-1 -1/-1 -1/-1 -1/-1 -1/-1 -1/-1 -1/-1 -1/-1 -1/-1 -1/-1 -1/-1 -1/-1 -1/-1 -1/-1 -1/-1 -1/-1 -1/-1 -1/-1 -1/-1 -1/-1 -1/-1 -1/-1 -1/-1 -1/-1 -1/-1 -1/-1 -1/-1 -1/-1 -1/-1 -1/-1 -1/-1 -1/-1 -1/-1 -1/-1 -1/-1 -1/-1 -1/-1 -1/-1 -1/-1 -1/-1 -1/-1 -1/-1 -1/-1 -1/-1 -1/-1 -1/-1 -1/-1 -1/-1 -1/-1 -1/-1 -1/-1 -1/-1 -1/-1 -1/-1 -1/-1 -1/-1 -1/-1 -1/-1 -1/-1 -1/-1 -1/-1 -1/-1 -1/-1 -1/-1 -1/-1 -1/-1 -1/-1 -1/-1 -1/-1 -1/-1 -1/-1 -1/-1 -1/-1 -1/-1 -1/-1 -1/-1 -1/-1 -1/-1 -1/-1 -1/-1 -1/-1 -1/-1 -1/-1 -1/-1 -1/-1 -1/-1 -1/-1 -1/-1 -1/-1 -1/-1 -1/-1 -1/-1 -1/-1 -1/-1 -1/-1 -1/-1 -1/-1 -1/-1 -1/-1 -1/-1 -1/-1 -1/-1 -1/-1 -1/-1 -1/-1 -1/-1 -1/-1 -1/-1 -1/-1 -1/-1 -1/-1 -1/-1 -1/-1 -1/-1 -1/-1 -1/-1 -1/-1 -1/-1 -1/-1 -1/-1 -1/-1 -1/-1 -1/-1 -1/-1 -1/-1 -1/-1 -1/-1 -1/-1 -1/-1 -1/-1 -1/-1 -1/-1 -1/-1 -1/-1 -1/-1 -1/-1 -1/-1 -1/-1 -1/-1 -1/-1 -1/-1 -1/-1 -1/-1 -1/-1 -1/-1 -1/-1 -1/-1 -1/-1 -1/-1 -1/-1 -1/-1 -1/-1 -1/-1 -1/-1 -1/-1 -1/-1 -1/-1 -1/-1 -1/-1 -1/-1 -1/-1 -1/-1 -1/-1 -1/-1 -1/-1 -1/-1 -1/-1 -1/-1 -1/-1 -1/-1 -1/-1 -1/-1 -1/-1 -1/-1 -1/-1 -1/-1 -1/-1 -1/-1 -1/-1 -1/-1 -1/-1 -1/-1 -1/-1 -1/-1 -1/-1 -1/-1 -1/-1 -1/-1 -1/-1 -1/-1 -1/-1 -1/-1 -1/-1 -1/-1 -1/-1 -1/-1 -1/-1 -1/-1 -1/-1 -1/-1 -1/-1 -1/-1 -1/-1 -1/-1 -1/-1 -1/-1 -1/-1 -1/-1 -1/-1 -1/-1 -1/-1 -1/-1 -1/-1 -1/-1 -1/-1 -1/-1 -1/-1 -1/-1 -1/-1 -1/-1 -1/-1 -1/-1 -1/-1 -1/-1 -1/-1 -1/-1 -1/-1 -1/-1 -1/-1 -1/-1 -1/-1 -1/-1 -1/-1 -1/-1 -1/-1 -1/-1 -1/-1 -1/-1 -1/-1 -1/-1 -1/-1 -1/-1 -1/-1 -1/-1 -1/-1 -1/-1 -1/-1 -1/-1 -1/-1 -1/-1 -1/-1 -1/-1 -1/-1 -1/-1 -1/-1 -1/-1 -1/-1 -1/-1 -1/-1 -1/-1 -1/-1 -1/-1 -1/-1 -1/-1 -1/-1 -1/-1 -1/-1 -1/-1 -1/-1 -1/-1 -1/-1 -1/-1 -1/-1 -1/-1 -1/-1 -1/-1 -1/-1 -1/-1 -1/-1 -1/-1 -1/-1 -1/-1 -1/-1 -1/-1 -1/-1 -1/-1 -1/-1 -1/-1 -1/-1 -1/-1 -1/-1 -1/-1 -1/-1 -1/-1 -1/-1 -1/-1 -1/-1 -1/-1 -1/-1 -1/-1 -1/-1 -1/-1 -1/-1 -1/-1 -1/-1 -1/-1 -1/-1 -1/-1 -1/-1 -1/-1 -1/-1 -1/-1 -1/-1 -1/-1 -1/-1 -1/-1 -1/-1 -1/-1 -1/-1 -1/-1 -1/-1 -1/-1 -1/-1 -1/-1 -1/-1 -1/-1 -1/-1 -1/-1 -1/-1 -1/-1 -1/-1 -1/-1 -1/-1 -1/-1 -1/-1 -1/-1 -1/-1 -1/-1 -1/-1 -1/-1 -1/-1 -1/-1 -1/-1
h9.t13.stop_reason = satisfiable
h9.t13.restarts = 2
h9.t13.nogoods_size = 1
h9.t13.nodes = 920
h9.t13.propagations = 920
h9.t14.stop_reason = aborted
h9.t14.restarts = 2
h9.t14.nogoods_size = 1
h9.t14.nodes = 911
h9.t14.propagations = 911
h9.t11.stop_reason = aborted
h9.t11.restarts = 2
h9.t11.nogoods_size = 1
h9.t11.nodes = 969
h9.t11.propagations = 969
h9.t15.stop_reason = aborted
h9.t15.restarts = 2
h9.t15.nogoods_size = 1
h9.t15.nodes = 896
h9.t15.propagations = 896
h9.t4.stop_reason = aborted
h9.t4.restarts = 2
h9.t4.nogoods_size = 1
h9.t4.nodes = 939
h9.t4.propagations = 939
h9.t5.stop_reason = aborted
h9.t5.restarts = 2
h9.t5.nogoods_size = 1
h9.t5.nodes = 997
h9.t5.propagations = 997
h9.t17.stop_reason = aborted
h9.t17.restarts = 2
h9.t17.nogoods_size = 1
h9.t17.nodes = 470
h9.t17.propagations = 470
h9.t6.stop_reason = aborted
h9.t6.restarts = 2
h9.t6.nogoods_size = 1
h9.t6.nodes = 984
h9.t6.propagations = 984
h9.t12.stop_reason = aborted
h9.t12.restarts = 2
h9.t12.nogoods_size = 1
h9.t12.nodes = 934
h9.t12.propagations = 934
h9.t3.stop_reason = aborted
h9.t3.restarts = 2
h9.t3.nogoods_size = 1
h9.t3.nodes = 936
h9.t3.propagations = 936
h9.t8.stop_reason = aborted
h9.t8.restarts = 2
h9.t8.nogoods_size = 1
h9.t8.nodes = 967
h9.t8.propagations = 967
h9.t0.stop_reason = aborted
h9.t0.restarts = 2
h9.t0.nogoods_size = 1
h9.t0.nodes = 458
h9.t0.propagations = 458
h9.t9.stop_reason = aborted
h9.t9.restarts = 2
h9.t9.nogoods_size = 1
h9.t9.nodes = 988
h9.t9.propagations = 988
h9.t1.stop_reason = aborted
h9.t1.restarts = 2
h9.t1.nogoods_size = 1
h9.t1.nodes = 948
h9.t1.propagations = 948
h9.t2.stop_reason = aborted
h9.t2.restarts = 2
h9.t2.nogoods_size = 1
h9.t2.nodes = 925
h9.t2.propagations = 925
h9.t7.stop_reason = aborted
h9.t7.restarts = 2
h9.t7.nogoods_size = 1
h9.t7.nodes = 994
h9.t7.propagations = 994
h9.t16.stop_reason = aborted
h9.t16.restarts = 2
h9.t16.nogoods_size = 1
h9.t16.nodes = 978
h9.t16.propagations = 978
h9.t10.stop_reason = aborted
h9.t10.restarts = 2
h9.t10.nogoods_size = 1
h9.t10.nodes = 969
h9.t10.propagations = 969
h9.search_time = 1283
h9.nodes = 16183
h9.propagations = 79495
