hostname = r1i2n26
commandline = ../glasgow/solve_subgraph_isomorphism --value-ordering=random --triggered-restarts --geometric-restarts=1.0 --restarts-constant=100000 --restart-timer=100 --threads=36 --timeout 1000 --format lad ../instances/meshes-CVIU11/patterns/pattern3 ../instances/meshes-CVIU11/targets/target473
started_at = 2018-11-26 19:57:36
pattern_file = ../instances/meshes-CVIU11/patterns/pattern3
target_file = ../instances/meshes-CVIU11/targets/target473
status = aborted
nodes = 999749930
propagations = 2060614560
runtime = 1147548
t30.stop_reason = aborted
t30.restarts = 9631
t30.nogoods_size = 5073710
t30.nodes = 28124541
t30.propagations = 28124541
t22.stop_reason = aborted
t22.restarts = 9631
t22.nogoods_size = 5073710
t22.nodes = 27894242
t22.propagations = 27894242
t24.stop_reason = aborted
t24.restarts = 9631
t24.nogoods_size = 5073710
t24.nodes = 26872454
t24.propagations = 26872454
t33.stop_reason = aborted
t33.restarts = 9631
t33.nogoods_size = 5073710
t33.nodes = 27574773
t33.propagations = 27574773
t9.stop_reason = aborted
t9.restarts = 9631
t9.nogoods_size = 5073710
t9.nodes = 28183447
t9.propagations = 28183447
t10.stop_reason = aborted
t10.restarts = 9631
t10.nogoods_size = 5073710
t10.nodes = 27895547
t10.propagations = 27895547
t15.stop_reason = aborted
t15.restarts = 9631
t15.nogoods_size = 5073710
t15.nodes = 27813805
t15.propagations = 27813805
t11.stop_reason = aborted
t11.restarts = 9631
t11.nogoods_size = 5073710
t11.nodes = 27091572
t11.propagations = 27091572
t7.stop_reason = aborted
t7.restarts = 9631
t7.nogoods_size = 5073710
t7.nodes = 28097188
t7.propagations = 28097188
t26.stop_reason = aborted
t26.restarts = 9631
t26.nogoods_size = 5073710
t26.nodes = 26624405
t26.propagations = 26624405
t23.stop_reason = aborted
t23.restarts = 9631
t23.nogoods_size = 5073710
t23.nodes = 27810357
t23.propagations = 27810357
t19.stop_reason = aborted
t19.restarts = 9631
t19.nogoods_size = 5073710
t19.nodes = 27991594
t19.propagations = 27991594
t25.stop_reason = aborted
t25.restarts = 9631
t25.nogoods_size = 5073710
t25.nodes = 27594563
t25.propagations = 27594563
t13.stop_reason = aborted
t13.restarts = 9631
t13.nogoods_size = 5073710
t13.nodes = 28023734
t13.propagations = 28023734
t16.stop_reason = aborted
t16.restarts = 9631
t16.nogoods_size = 5073710
t16.nodes = 27763404
t16.propagations = 27763404
t34.stop_reason = aborted
t34.restarts = 9631
t34.nogoods_size = 5073710
t34.nodes = 27993526
t34.propagations = 27993526
t6.stop_reason = aborted
t6.restarts = 9631
t6.nogoods_size = 5073710
t6.nodes = 27978357
t6.propagations = 27978357
t2.stop_reason = aborted
t2.restarts = 9631
t2.nogoods_size = 5073710
t2.nodes = 27972103
t2.propagations = 27972103
t12.stop_reason = aborted
t12.restarts = 9631
t12.nogoods_size = 5073710
t12.nodes = 27604706
t12.propagations = 27604706
t20.stop_reason = aborted
t20.restarts = 9631
t20.nogoods_size = 5073710
t20.nodes = 27822037
t20.propagations = 27822037
t4.stop_reason = aborted
t4.restarts = 9631
t4.nogoods_size = 5073710
t4.nodes = 26908862
t4.propagations = 26908862
t3.stop_reason = aborted
t3.restarts = 9631
t3.nogoods_size = 5073710
t3.nodes = 27505780
t3.propagations = 27505780
t0.stop_reason = aborted
t0.restarts = 9631
t0.nogoods_size = 5073710
t0.nodes = 27870366
t0.propagations = 27870366
t5.stop_reason = aborted
t5.restarts = 9631
t5.nogoods_size = 5073710
t5.nodes = 28167386
t5.propagations = 28167386
t28.stop_reason = aborted
t28.restarts = 9631
t28.nogoods_size = 5073710
t28.nodes = 27986159
t28.propagations = 27986159
t18.stop_reason = aborted
t18.restarts = 9631
t18.nogoods_size = 5073710
t18.nodes = 28080229
t18.propagations = 28080229
t21.stop_reason = aborted
t21.restarts = 9631
t21.nogoods_size = 5073710
t21.nodes = 27844968
t21.propagations = 27844968
t35.stop_reason = aborted
t35.restarts = 9631
t35.nogoods_size = 5073710
t35.nodes = 28203458
t35.propagations = 28203458
t27.stop_reason = aborted
t27.restarts = 9631
t27.nogoods_size = 5073710
t27.nodes = 27863489
t27.propagations = 27863489
t29.stop_reason = aborted
t29.restarts = 9631
t29.nogoods_size = 5073710
t29.nodes = 28142102
t29.propagations = 28142102
t1.stop_reason = aborted
t1.restarts = 9631
t1.nogoods_size = 5073710
t1.nodes = 27827558
t1.propagations = 27827558
t14.stop_reason = aborted
t14.restarts = 9631
t14.nogoods_size = 5073710
t14.nodes = 28035963
t14.propagations = 28035963
t17.stop_reason = aborted
t17.restarts = 9631
t17.nogoods_size = 5073710
t17.nodes = 28024163
t17.propagations = 28024163
t8.stop_reason = aborted
t8.restarts = 9631
t8.nogoods_size = 5073710
t8.nodes = 27888738
t8.propagations = 27888738
t32.stop_reason = aborted
t32.restarts = 9631
t32.nogoods_size = 5073710
t32.nodes = 28206234
t32.propagations = 28206234
t31.stop_reason = aborted
t31.restarts = 9631
t31.nogoods_size = 5073710
t31.nodes = 26468120
t31.propagations = 26468120
search_time = 999819
