hostname = r1i1n13
commandline = ../glasgow/solve_subgraph_isomorphism --value-ordering=random --triggered-restarts --geometric-restarts=1.0 --restarts-constant=100000 --restart-timer=100 --threads=36 --timeout 1000 --format lad ../instances/LV/g17 ../instances/largerGraphs/g84
started_at = 2018-11-26 14:44:21
pattern_file = ../instances/LV/g17
target_file = ../instances/largerGraphs/g84
status = true
nodes = 1266
propagations = 1299
mapping = (0 -> 283) (1 -> 305) (2 -> 439) (3 -> 1013) (4 -> 436) (5 -> 414) (6 -> 790) (7 -> 983) (8 -> 441) (9 -> 944) (10 -> 418) (11 -> 995) (12 -> 928) (13 -> 440) (14 -> 946) (15 -> 1019) (16 -> 397) (17 -> 924) (18 -> 410) (19 -> 1018) (20 -> 744) (21 -> 1020) (22 -> 1009) (23 -> 969) (24 -> 207) (25 -> 220) (26 -> 210) (27 -> 982) (28 -> 984) (29 -> 496) (30 -> 624) (31 -> 1016) (32 -> 607) (33 -> 989) (34 -> 727) (35 -> 467) (36 -> 1010) (37 -> 435) (38 -> 242) (39 -> 763) (40 -> 846) (41 -> 964) (42 -> 903) (43 -> 327) (44 -> 870) (45 -> 295) (46 -> 438) (47 -> 247) (48 -> 604) (49 -> 332) (50 -> 838) (51 -> 615) (52 -> 710) (53 -> 135) (54 -> 695) (55 -> 149) (56 -> 284) (57 -> 398) (58 -> 6) (59 -> 98) (60 -> 514) (61 -> 38) (62 -> 559) (63 -> 517) 
runtime = 225
t34.stop_reason = aborted
t34.restarts = 2
t34.nogoods_size = 36
t34.nodes = 12
t34.propagations = 12
t21.stop_reason = aborted
t21.restarts = 2
t21.nogoods_size = 36
t21.nodes = 28
t21.propagations = 28
t24.stop_reason = aborted
t24.restarts = 2
t24.nogoods_size = 36
t24.nodes = 24
t24.propagations = 24
t33.stop_reason = aborted
t33.restarts = 2
t33.nogoods_size = 36
t33.nodes = 12
t33.propagations = 12
t32.stop_reason = aborted
t32.restarts = 2
t32.nogoods_size = 36
t32.nodes = 14
t32.propagations = 14
t14.stop_reason = aborted
t14.restarts = 2
t14.nogoods_size = 36
t14.nodes = 37
t14.propagations = 37
t35.stop_reason = aborted
t35.restarts = 2
t35.nogoods_size = 36
t35.nodes = 8
t35.propagations = 8
t20.stop_reason = aborted
t20.restarts = 2
t20.nogoods_size = 36
t20.nodes = 28
t20.propagations = 28
t22.stop_reason = aborted
t22.restarts = 2
t22.nogoods_size = 36
t22.nodes = 27
t22.propagations = 27
t3.where = 0/1024 -1/-1 0/120 -1/-1 0/119 -1/-1 0/118 -1/-1 0/19 -1/-1 0/34 -1/-1 0/117 -1/-1 0/35 -1/-1 0/116 -1/-1 0/19 -1/-1 0/33 -1/-1 0/18 -1/-1 0/115 -1/-1 0/33 -1/-1 0/34 -1/-1 0/113 -1/-1 0/51 -1/-1 0/53 -1/-1 0/52 -1/-1 0/35 -1/-1 0/112 -1/-1 0/17 -1/-1 0/32 -1/-1 0/31 -1/-1 0/111 -1/-1 0/18 -1/-1 0/18 -1/-1 0/34 -1/-1 0/111 -1/-1 0/19 -1/-1 0/18 -1/-1 0/18 -1/-1 0/18 -1/-1 0/35 -1/-1 0/34 -1/-1 0/110 -1/-1 0/16 -1/-1 0/31 -1/-1 0/34 -1/-1 0/49 -1/-1 0/32 -1/-1 0/19 -1/-1 0/110 -1/-1 0/18 -1/-1 0/53 -1/-1 0/53 -1/-1 0/17 -1/-1 0/34 -1/-1 0/49 -1/-1 0/109 -1/-1 0/34 -1/-1 0/35 -1/-1 0/19 -1/-1 0/19 -1/-1 0/51 -1/-1 0/54 -1/-1 0/110 -1/-1 0/19 -1/-1 0/33 -1/-1 0/33 -1/-1 0/32 -1/-1 0/34 -1/-1 0/34 -1/-1 0/17 -1/-1
t3.stop_reason = satisfiable
t3.restarts = 2
t3.nogoods_size = 36
t3.nodes = 65
t3.propagations = 65
t23.stop_reason = aborted
t23.restarts = 2
t23.nogoods_size = 36
t23.nodes = 27
t23.propagations = 27
t26.stop_reason = aborted
t26.restarts = 2
t26.nogoods_size = 36
t26.nodes = 23
t26.propagations = 23
t28.stop_reason = aborted
t28.restarts = 2
t28.nogoods_size = 36
t28.nodes = 18
t28.propagations = 18
t6.where = 0/1024 -1/-1 0/120 -1/-1 0/119 -1/-1 0/118 -1/-1 0/35 -1/-1 0/55 -1/-1 0/117 -1/-1 0/35 -1/-1 0/116 -1/-1 0/19 -1/-1 0/52 -1/-1 0/34 -1/-1 0/116 -1/-1 0/53 -1/-1 0/54 -1/-1 0/19 -1/-1 0/115 -1/-1 0/18 -1/-1 0/52 -1/-1 0/35 -1/-1 0/114 -1/-1 0/18 -1/-1 0/34 -1/-1 0/52 -1/-1 0/112 -1/-1 0/17 -1/-1 0/33 -1/-1 0/17 -1/-1 0/34 -1/-1 0/19 -1/-1 0/110 -1/-1 0/34 -1/-1 0/32 -1/-1 0/53 -1/-1 0/18 -1/-1 0/113 -1/-1 0/19 -1/-1 0/34 -1/-1 0/32 -1/-1 0/34 -1/-1 0/34 -1/-1 0/34 -1/-1 0/112 -1/-1 0/18 -1/-1 0/33 -1/-1 0/33 -1/-1 0/33 -1/-1 0/53 -1/-1 0/17 -1/-1 0/108 -1/-1 0/18 -1/-1 0/18 -1/-1 0/34 -1/-1 0/49 -1/-1 0/34 -1/-1 0/51 -1/-1 0/108 -1/-1 0/32 -1/-1 0/32 -1/-1 0/49 -1/-1 0/18 -1/-1 0/33 -1/-1 0/33 -1/-1 0/18 -1/-1
t6.stop_reason = satisfiable
t6.restarts = 2
t6.nogoods_size = 36
t6.nodes = 65
t6.propagations = 65
t25.stop_reason = aborted
t25.restarts = 2
t25.nogoods_size = 36
t25.nodes = 22
t25.propagations = 22
t27.stop_reason = aborted
t27.restarts = 2
t27.nogoods_size = 36
t27.nodes = 19
t27.propagations = 19
t18.stop_reason = aborted
t18.restarts = 2
t18.nogoods_size = 36
t18.nodes = 31
t18.propagations = 31
t10.stop_reason = aborted
t10.restarts = 2
t10.nogoods_size = 36
t10.nodes = 50
t10.propagations = 50
t30.stop_reason = aborted
t30.restarts = 2
t30.nogoods_size = 36
t30.nodes = 15
t30.propagations = 15
t31.stop_reason = aborted
t31.restarts = 2
t31.nogoods_size = 36
t31.nodes = 14
t31.propagations = 14
t29.stop_reason = aborted
t29.restarts = 2
t29.nogoods_size = 36
t29.nodes = 17
t29.propagations = 17
t15.stop_reason = aborted
t15.restarts = 2
t15.nogoods_size = 36
t15.nodes = 39
t15.propagations = 39
t19.stop_reason = aborted
t19.restarts = 2
t19.nogoods_size = 36
t19.nodes = 29
t19.propagations = 29
t7.stop_reason = aborted
t7.restarts = 2
t7.nogoods_size = 36
t7.nodes = 52
t7.propagations = 52
t5.where = 0/1024 -1/-1 0/120 -1/-1 0/119 -1/-1 0/118 -1/-1 0/19 -1/-1 0/35 -1/-1 0/117 -1/-1 0/18 -1/-1 0/18 -1/-1 0/116 -1/-1 0/34 -1/-1 0/35 -1/-1 0/115 -1/-1 0/17 -1/-1 0/17 -1/-1 0/114 -1/-1 0/33 -1/-1 0/34 -1/-1 0/113 -1/-1 0/17 -1/-1 0/53 -1/-1 0/34 -1/-1 0/35 -1/-1 0/53 -1/-1 0/112 -1/-1 0/35 -1/-1 0/34 -1/-1 0/32 -1/-1 0/54 -1/-1 0/34 -1/-1 0/110 -1/-1 0/16 -1/-1 0/18 -1/-1 0/34 -1/-1 0/50 -1/-1 0/110 -1/-1 0/32 -1/-1 0/32 -1/-1 0/32 -1/-1 0/33 -1/-1 0/113 -1/-1 0/17 -1/-1 0/34 -1/-1 0/33 -1/-1 0/18 -1/-1 0/32 -1/-1 0/33 -1/-1 0/18 -1/-1 0/109 -1/-1 0/19 -1/-1 0/18 -1/-1 0/35 -1/-1 0/34 -1/-1 0/17 -1/-1 0/32 -1/-1 0/32 -1/-1 0/109 -1/-1 0/32 -1/-1 0/31 -1/-1 0/31 -1/-1 0/18 -1/-1 0/18 -1/-1 0/32 -1/-1 0/52 -1/-1
t5.stop_reason = satisfiable
t5.restarts = 2
t5.nogoods_size = 36
t5.nodes = 65
t5.propagations = 65
t0.stop_reason = aborted
t0.restarts = 2
t0.nogoods_size = 36
t0.nodes = 57
t0.propagations = 57
t9.stop_reason = aborted
t9.restarts = 2
t9.nogoods_size = 36
t9.nodes = 56
t9.propagations = 56
t1.stop_reason = aborted
t1.restarts = 2
t1.nogoods_size = 36
t1.nodes = 52
t1.propagations = 52
t8.stop_reason = aborted
t8.restarts = 2
t8.nogoods_size = 36
t8.nodes = 52
t8.propagations = 52
t17.stop_reason = aborted
t17.restarts = 2
t17.nogoods_size = 36
t17.nodes = 33
t17.propagations = 33
t2.stop_reason = aborted
t2.restarts = 2
t2.nogoods_size = 36
t2.nodes = 56
t2.propagations = 56
t12.stop_reason = aborted
t12.restarts = 2
t12.nogoods_size = 36
t12.nodes = 42
t12.propagations = 42
t11.stop_reason = aborted
t11.restarts = 2
t11.nogoods_size = 36
t11.nodes = 40
t11.propagations = 40
t4.stop_reason = aborted
t4.restarts = 2
t4.nogoods_size = 36
t4.nodes = 62
t4.propagations = 62
t13.stop_reason = aborted
t13.restarts = 2
t13.nogoods_size = 36
t13.nodes = 40
t13.propagations = 40
t16.stop_reason = aborted
t16.restarts = 2
t16.nogoods_size = 36
t16.nodes = 35
t16.propagations = 35
search_time = 42
