hostname = r1i1n13
commandline = ../glasgow/solve_subgraph_isomorphism --value-ordering=random --triggered-restarts --geometric-restarts=1.0 --restarts-constant=100000 --restart-timer=100 --threads=36 --timeout 1000 --format lad ../instances/LV/g24 ../instances/largerGraphs/g64
started_at = 2018-11-26 14:53:17
pattern_file = ../instances/LV/g24
target_file = ../instances/largerGraphs/g64
status = true
nodes = 16777
propagations = 63735
mapping = (0 -> 124) (1 -> 116) (2 -> 145) (3 -> 223) (4 -> 331) (5 -> 215) (6 -> 36) (7 -> 0) (8 -> 184) (9 -> 63) (10 -> 191) (11 -> 291) (12 -> 102) (13 -> 58) (14 -> 16) (15 -> 182) (16 -> 24) (17 -> 194) (18 -> 134) (19 -> 92) (20 -> 22) (21 -> 162) (22 -> 84) (23 -> 28) (24 -> 43) (25 -> 1) (26 -> 178) (27 -> 34) (28 -> 74) (29 -> 362) (30 -> 14) (31 -> 56) (32 -> 111) (33 -> 76) (34 -> 2) (35 -> 131) (36 -> 54) (37 -> 231) (38 -> 196) (39 -> 3) (40 -> 143) (41 -> 71) (42 -> 4) (43 -> 287) (44 -> 5) (45 -> 382) (46 -> 6) (47 -> 7) (48 -> 112) (49 -> 52) (50 -> 8) (51 -> 224) (52 -> 10) (53 -> 9) (54 -> 81) (55 -> 11) (56 -> 12) (57 -> 13) (58 -> 15) (59 -> 17) (60 -> 46) (61 -> 38) (62 -> 18) (63 -> 19) (64 -> 20) (65 -> 21) (66 -> 23) (67 -> 25) (68 -> 26) (69 -> 27) (70 -> 29) (71 -> 30) (72 -> 31) (73 -> 32) (74 -> 33) 
runtime = 49
t18.where = 0/400 -1/-1 1/72 -1/-1 0/71 -1/-1 0/28 -1/-1 0/27 -1/-1 0/26 -1/-1 0/68 -1/-1 0/67 -1/-1 0/59 -1/-1 0/66 -1/-1 0/65 -1/-1 0/83 -1/-1 0/72 -1/-1 0/82 -1/-1 0/81 -1/-1 0/80 -1/-1 0/79 -1/-1 0/79 -1/-1 0/93 -1/-1 0/40 -1/-1 0/95 -1/-1 0/94 -1/-1 0/104 -1/-1 0/37 -1/-1 0/23 -1/-1 0/8 -1/-1 0/2 -1/-1 0/373 -1/-1 1/69 -1/-1 0/16 -1/-1 1/9 -1/-1 1/5 -1/-1 0/2 -1/-1 -1/-1 0/366 -1/-1 0/29 -1/-1 0/5 -1/-1 0/27 -1/-1 0/16 -1/-1 0/361 -1/-1 0/39 -1/-1 0/38 -1/-1 0/358 -1/-1 0/60 -1/-1 0/356 -1/-1 0/44 -1/-1 0/354 -1/-1 0/22 -1/-1
t18.stop_reason = satisfiable
t18.restarts = 2
t18.nogoods_size = 36
t18.nodes = 218
t18.propagations = 218
t34.stop_reason = aborted
t34.restarts = 2
t34.nogoods_size = 36
t34.nodes = 76
t34.propagations = 76
t11.stop_reason = aborted
t11.restarts = 2
t11.nogoods_size = 36
t11.nodes = 694
t11.propagations = 694
t8.stop_reason = aborted
t8.restarts = 2
t8.nogoods_size = 36
t8.nodes = 495
t8.propagations = 495
t27.stop_reason = aborted
t27.restarts = 2
t27.nogoods_size = 36
t27.nodes = 156
t27.propagations = 156
t0.stop_reason = aborted
t0.restarts = 2
t0.nogoods_size = 36
t0.nodes = 1776
t0.propagations = 1776
t26.stop_reason = aborted
t26.restarts = 2
t26.nogoods_size = 36
t26.nodes = 424
t26.propagations = 424
t19.stop_reason = aborted
t19.restarts = 2
t19.nogoods_size = 36
t19.nodes = 744
t19.propagations = 744
t6.stop_reason = aborted
t6.restarts = 2
t6.nogoods_size = 36
t6.nodes = 943
t6.propagations = 943
t15.stop_reason = aborted
t15.restarts = 2
t15.nogoods_size = 36
t15.nodes = 1165
t15.propagations = 1165
t30.stop_reason = aborted
t30.restarts = 2
t30.nogoods_size = 36
t30.nodes = 71
t30.propagations = 71
t22.stop_reason = aborted
t22.restarts = 2
t22.nogoods_size = 36
t22.nodes = 613
t22.propagations = 613
t31.stop_reason = aborted
t31.restarts = 2
t31.nogoods_size = 36
t31.nodes = 76
t31.propagations = 76
t35.stop_reason = aborted
t35.restarts = 2
t35.nogoods_size = 36
t35.nodes = 64
t35.propagations = 64
t16.stop_reason = aborted
t16.restarts = 2
t16.nogoods_size = 36
t16.nodes = 629
t16.propagations = 629
t9.stop_reason = aborted
t9.restarts = 2
t9.nogoods_size = 36
t9.nodes = 767
t9.propagations = 767
t25.stop_reason = aborted
t25.restarts = 2
t25.nogoods_size = 36
t25.nodes = 174
t25.propagations = 174
t7.stop_reason = aborted
t7.restarts = 2
t7.nogoods_size = 36
t7.nodes = 833
t7.propagations = 833
t29.stop_reason = aborted
t29.restarts = 2
t29.nogoods_size = 36
t29.nodes = 80
t29.propagations = 80
t10.stop_reason = aborted
t10.restarts = 2
t10.nogoods_size = 36
t10.nodes = 509
t10.propagations = 509
t4.stop_reason = aborted
t4.restarts = 2
t4.nogoods_size = 36
t4.nodes = 459
t4.propagations = 459
t12.stop_reason = aborted
t12.restarts = 2
t12.nogoods_size = 36
t12.nodes = 869
t12.propagations = 869
t32.stop_reason = aborted
t32.restarts = 2
t32.nogoods_size = 36
t32.nodes = 82
t32.propagations = 82
t17.stop_reason = aborted
t17.restarts = 2
t17.nogoods_size = 36
t17.nodes = 729
t17.propagations = 729
t33.stop_reason = aborted
t33.restarts = 2
t33.nogoods_size = 36
t33.nodes = 73
t33.propagations = 73
t28.stop_reason = aborted
t28.restarts = 2
t28.nogoods_size = 36
t28.nodes = 88
t28.propagations = 88
t20.stop_reason = aborted
t20.restarts = 2
t20.nogoods_size = 36
t20.nodes = 377
t20.propagations = 377
t13.stop_reason = aborted
t13.restarts = 2
t13.nogoods_size = 36
t13.nodes = 408
t13.propagations = 408
t1.stop_reason = aborted
t1.restarts = 2
t1.nogoods_size = 36
t1.nodes = 308
t1.propagations = 308
t3.stop_reason = aborted
t3.restarts = 2
t3.nogoods_size = 36
t3.nodes = 432
t3.propagations = 432
t2.stop_reason = aborted
t2.restarts = 2
t2.nogoods_size = 36
t2.nodes = 464
t2.propagations = 464
t5.stop_reason = aborted
t5.restarts = 2
t5.nogoods_size = 36
t5.nodes = 438
t5.propagations = 438
t14.stop_reason = aborted
t14.restarts = 2
t14.nogoods_size = 36
t14.nodes = 508
t14.propagations = 508
t21.stop_reason = aborted
t21.restarts = 2
t21.nogoods_size = 36
t21.nodes = 101
t21.propagations = 101
t23.stop_reason = aborted
t23.restarts = 2
t23.nogoods_size = 36
t23.nodes = 534
t23.propagations = 534
t24.stop_reason = aborted
t24.restarts = 2
t24.nogoods_size = 36
t24.nodes = 400
t24.propagations = 400
search_time = 15
