hostname = r1i4n23
commandline = ../glasgow/solve_subgraph_isomorphism --value-ordering=random --triggered-restarts --geometric-restarts=1.0 --restarts-constant=100000 --restart-timer=100 --threads=36 --timeout 1000 --format lad ../instances/LV/g44 ../instances/largerGraphs/g64
started_at = 2018-11-26 18:47:20
pattern_file = ../instances/LV/g44
target_file = ../instances/largerGraphs/g64
status = aborted
nodes = 2264253132
propagations = 5607174097
runtime = 1088993
t17.stop_reason = aborted
t17.restarts = 9827
t17.nogoods_size = 4840050
t17.nodes = 63037569
t17.propagations = 63037569
t22.stop_reason = aborted
t22.restarts = 9827
t22.nogoods_size = 4840050
t22.nodes = 63265625
t22.propagations = 63265625
t20.stop_reason = aborted
t20.restarts = 9827
t20.nogoods_size = 4840050
t20.nodes = 62732805
t20.propagations = 62732805
t29.stop_reason = aborted
t29.restarts = 9827
t29.nogoods_size = 4840050
t29.nodes = 62839257
t29.propagations = 62839257
t18.stop_reason = aborted
t18.restarts = 9827
t18.nogoods_size = 4840050
t18.nodes = 63225127
t18.propagations = 63225127
t9.stop_reason = aborted
t9.restarts = 9827
t9.nogoods_size = 4840050
t9.nodes = 62986666
t9.propagations = 62986666
t13.stop_reason = aborted
t13.restarts = 9827
t13.nogoods_size = 4840050
t13.nodes = 63206684
t13.propagations = 63206684
t23.stop_reason = aborted
t23.restarts = 9827
t23.nogoods_size = 4840050
t23.nodes = 62941832
t23.propagations = 62941832
t11.stop_reason = aborted
t11.restarts = 9827
t11.nogoods_size = 4840050
t11.nodes = 63165441
t11.propagations = 63165441
t26.stop_reason = aborted
t26.restarts = 9827
t26.nogoods_size = 4840050
t26.nodes = 63263894
t26.propagations = 63263894
t33.stop_reason = aborted
t33.restarts = 9827
t33.nogoods_size = 4840050
t33.nodes = 62667616
t33.propagations = 62667616
t35.stop_reason = aborted
t35.restarts = 9827
t35.nogoods_size = 4840050
t35.nodes = 62967563
t35.propagations = 62967563
t32.stop_reason = aborted
t32.restarts = 9827
t32.nogoods_size = 4840050
t32.nodes = 62561197
t32.propagations = 62561197
t6.stop_reason = aborted
t6.restarts = 9827
t6.nogoods_size = 4840050
t6.nodes = 63340484
t6.propagations = 63340484
t31.stop_reason = aborted
t31.restarts = 9827
t31.nogoods_size = 4840050
t31.nodes = 63109027
t31.propagations = 63109027
t2.stop_reason = aborted
t2.restarts = 9827
t2.nogoods_size = 4840050
t2.nodes = 63105913
t2.propagations = 63105913
t5.stop_reason = aborted
t5.restarts = 9827
t5.nogoods_size = 4840050
t5.nodes = 62764404
t5.propagations = 62764404
t1.stop_reason = aborted
t1.restarts = 9827
t1.nogoods_size = 4840050
t1.nodes = 62557597
t1.propagations = 62557597
t16.stop_reason = aborted
t16.restarts = 9827
t16.nogoods_size = 4840050
t16.nodes = 62450805
t16.propagations = 62450805
t10.stop_reason = aborted
t10.restarts = 9827
t10.nogoods_size = 4840050
t10.nodes = 63236451
t10.propagations = 63236451
t25.stop_reason = aborted
t25.restarts = 9827
t25.nogoods_size = 4840050
t25.nodes = 63101770
t25.propagations = 63101770
t30.stop_reason = aborted
t30.restarts = 9827
t30.nogoods_size = 4840050
t30.nodes = 62177430
t30.propagations = 62177430
t15.stop_reason = aborted
t15.restarts = 9827
t15.nogoods_size = 4840050
t15.nodes = 63363574
t15.propagations = 63363574
t34.stop_reason = aborted
t34.restarts = 9827
t34.nogoods_size = 4840050
t34.nodes = 62452750
t34.propagations = 62452750
t0.stop_reason = aborted
t0.restarts = 9827
t0.nogoods_size = 4840050
t0.nodes = 62442071
t0.propagations = 62442071
t4.stop_reason = aborted
t4.restarts = 9827
t4.nogoods_size = 4840050
t4.nodes = 62533255
t4.propagations = 62533255
t14.stop_reason = aborted
t14.restarts = 9827
t14.nogoods_size = 4840050
t14.nodes = 63270197
t14.propagations = 63270197
t12.stop_reason = aborted
t12.restarts = 9827
t12.nogoods_size = 4840050
t12.nodes = 63327199
t12.propagations = 63327199
t19.stop_reason = aborted
t19.restarts = 9827
t19.nogoods_size = 4840050
t19.nodes = 63254671
t19.propagations = 63254671
t24.stop_reason = aborted
t24.restarts = 9827
t24.nogoods_size = 4840050
t24.nodes = 62531584
t24.propagations = 62531584
t8.stop_reason = aborted
t8.restarts = 9827
t8.nogoods_size = 4840050
t8.nodes = 62338302
t8.propagations = 62338302
t28.stop_reason = aborted
t28.restarts = 9827
t28.nogoods_size = 4840050
t28.nodes = 62312931
t28.propagations = 62312931
t7.stop_reason = aborted
t7.restarts = 9827
t7.nogoods_size = 4840050
t7.nodes = 63204680
t7.propagations = 63204680
t27.stop_reason = aborted
t27.restarts = 9827
t27.nogoods_size = 4840050
t27.nodes = 63070415
t27.propagations = 63070415
t3.stop_reason = aborted
t3.restarts = 9827
t3.nogoods_size = 4840050
t3.nodes = 62490858
t3.propagations = 62490858
t21.stop_reason = aborted
t21.restarts = 9827
t21.nogoods_size = 4840050
t21.nodes = 62955488
t21.propagations = 62955488
search_time = 999940
