hostname = r1i2n32
commandline = ../glasgow/solve_subgraph_isomorphism --value-ordering=random --triggered-restarts --geometric-restarts=1.0 --restarts-constant=100000 --restart-timer=100 --threads=36 --timeout 1000 --format lad ../instances/phase/phase-30-150-0.48-0.50-0.54-4-pattern ../instances/phase/phase-30-150-0.48-0.50-0.54-4-target
started_at = 2018-11-26 19:14:36
pattern_file = ../instances/phase/phase-30-150-0.48-0.50-0.54-4-pattern
target_file = ../instances/phase/phase-30-150-0.48-0.50-0.54-4-target
status = aborted
nodes = 9646628866
propagations = 23814075555
runtime = 1073858
t8.stop_reason = aborted
t8.restarts = 9228
t8.nogoods_size = 6586623
t8.nodes = 266427125
t8.propagations = 266427125
t16.restarts = 9228
t16.nogoods_size = 6586623
t16.nodes = 270393028
t16.propagations = 270393028
t28.restarts = 9228
t28.nogoods_size = 6586623
t28.nodes = 277080932
t28.propagations = 277080932
t29.restarts = 9228
t29.nogoods_size = 6586623
t29.nodes = 259612728
t29.propagations = 259612728
t4.restarts = 9228
t4.nogoods_size = 6586623
t4.nodes = 267183539
t4.propagations = 267183539
t27.restarts = 9228
t27.nogoods_size = 6586623
t27.nodes = 280390019
t27.propagations = 280390019
t2.restarts = 9228
t2.nogoods_size = 6586623
t2.nodes = 276064916
t2.propagations = 276064916
t24.restarts = 9228
t24.nogoods_size = 6586623
t24.nodes = 267366426
t24.propagations = 267366426
t6.restarts = 9228
t6.nogoods_size = 6586623
t6.nodes = 276775170
t6.propagations = 276775170
t20.restarts = 9228
t20.nogoods_size = 6586623
t20.nodes = 269922654
t20.propagations = 269922654
t25.restarts = 9228
t25.nogoods_size = 6586623
t25.nodes = 254200438
t25.propagations = 254200438
t9.restarts = 9228
t9.nogoods_size = 6586623
t9.nodes = 261080659
t9.propagations = 261080659
t32.restarts = 9228
t32.nogoods_size = 6586623
t32.nodes = 269573918
t32.propagations = 269573918
t26.restarts = 9228
t26.nogoods_size = 6586623
t26.nodes = 273369368
t26.propagations = 273369368
t18.restarts = 9228
t18.nogoods_size = 6586623
t18.nodes = 271375712
t18.propagations = 271375712
t1.restarts = 9228
t1.nogoods_size = 6586623
t1.nodes = 279760445
t1.propagations = 279760445
t12.restarts = 9228
t12.nogoods_size = 6586623
t12.nodes = 267653219
t12.propagations = 267653219
t15.restarts = 9228
t15.nogoods_size = 6586623
t15.nodes = 261158925
t15.propagations = 261158925
t14.stop_reason = aborted
t14.restarts = 9228
t14.nogoods_size = 6586623
t14.nodes = 271967557
t14.propagations = 271967557
t19.restarts = 9228
t19.nogoods_size = 6586623
t19.nodes = 259674672
t19.propagations = 259674672
t5.restarts = 9228
t5.nogoods_size = 6586623
t5.nodes = 277224598
t5.propagations = 277224598
t33.restarts = 9228
t33.nogoods_size = 6586623
t33.nodes = 262888960
t33.propagations = 262888960
t10.restarts = 9228
t10.nogoods_size = 6586623
t10.nodes = 269836621
t10.propagations = 269836621
t13.restarts = 9228
t13.nogoods_size = 6586623
t13.nodes = 258427814
t13.propagations = 258427814
t0.restarts = 9228
t0.nogoods_size = 6586623
t0.nodes = 277549786
t0.propagations = 277549786
t17.restarts = 9228
t17.nogoods_size = 6586623
t17.nodes = 258323862
t17.propagations = 258323862
t7.restarts = 9228
t7.nogoods_size = 6586623
t7.nodes = 260480367
t7.propagations = 260480367
t3.restarts = 9228
t3.nogoods_size = 6586623
t3.nodes = 273830769
t3.propagations = 273830769
t35.restarts = 9228
t35.nogoods_size = 6586623
t35.nodes = 277763200
t35.propagations = 277763200
t11.restarts = 9228
t11.nogoods_size = 6586623
t11.nodes = 262574350
t11.propagations = 262574350
t31.restarts = 9228
t31.nogoods_size = 6586623
t31.nodes = 260973610
t31.propagations = 260973610
t21.restarts = 9228
t21.nogoods_size = 6586623
t21.nodes = 259817153
t21.propagations = 259817153
t23.restarts = 9228
t23.nogoods_size = 6586623
t23.nodes = 259938820
t23.propagations = 259938820
t22.restarts = 9228
t22.nogoods_size = 6586623
t22.nodes = 271490415
t22.propagations = 271490415
t30.restarts = 9228
t30.nogoods_size = 6586623
t30.nodes = 270233195
t30.propagations = 270233195
t34.restarts = 9228
t34.nogoods_size = 6586623
t34.nodes = 264243896
t34.propagations = 264243896
search_time = 999996
