hostname = r1i1n13
commandline = ../glasgow/solve_subgraph_isomorphism --value-ordering=random --triggered-restarts --geometric-restarts=1.0 --restarts-constant=100000 --restart-timer=100 --threads=36 --timeout 1000 --format lad ../instances/phase/phase-30-150-0.68-0.64-0.68-7-pattern ../instances/phase/phase-30-150-0.68-0.64-0.68-7-target
started_at = 2018-11-26 14:54:07
pattern_file = ../instances/phase/phase-30-150-0.68-0.64-0.68-7-pattern
target_file = ../instances/phase/phase-30-150-0.68-0.64-0.68-7-target
status = true
nodes = 158392182
propagations = 384935898
mapping = (0 -> 147) (1 -> 40) (2 -> 52) (3 -> 78) (4 -> 87) (5 -> 84) (6 -> 93) (7 -> 68) (8 -> 61) (9 -> 81) (10 -> 12) (11 -> 111) (12 -> 20) (13 -> 113) (14 -> 4) (15 -> 33) (16 -> 47) (17 -> 70) (18 -> 140) (19 -> 18) (20 -> 126) (21 -> 137) (22 -> 105) (23 -> 44) (24 -> 96) (25 -> 59) (26 -> 14) (27 -> 32) (28 -> 43) (29 -> 102) 
runtime = 12650
t31.where = 0/150 -1/-1 0/98 -1/-1 0/57 -1/-1 0/30 -1/-1 0/21 -1/-1 0/12 -1/-1 2/7 -1/-1 4/6 -1/-1 1/4 -1/-1 0/2 -1/-1 -1/-1 -1/-1 -1/-1 -1/-1 -1/-1 -1/-1 -1/-1 0/2 -1/-1 -1/-1 -1/-1 0/2 -1/-1 -1/-1 -1/-1 -1/-1 0/2 -1/-1 -1/-1 -1/-1 -1/-1 -1/-1 0/2 -1/-1
t31.stop_reason = satisfiable
t31.restarts = 117
t31.nogoods_size = 86318
t31.nodes = 4195419
t31.propagations = 4195419
t11.stop_reason = aborted
t11.restarts = 117
t11.nogoods_size = 86318
t11.nodes = 4217100
t11.propagations = 4217100
t20.stop_reason = aborted
t20.restarts = 117
t20.nogoods_size = 86318
t20.nodes = 4394617
t20.propagations = 4394617
t9.stop_reason = aborted
t9.restarts = 117
t9.nogoods_size = 86318
t9.nodes = 4586248
t9.propagations = 4586248
t12.stop_reason = aborted
t12.restarts = 117
t12.nogoods_size = 86318
t12.nodes = 4363209
t12.propagations = 4363209
t3.stop_reason = aborted
t3.restarts = 117
t3.nogoods_size = 86318
t3.nodes = 4206950
t3.propagations = 4206950
t16.stop_reason = aborted
t16.restarts = 117
t16.nogoods_size = 86318
t16.nodes = 4465833
t16.propagations = 4465833
t24.stop_reason = aborted
t24.restarts = 117
t24.nogoods_size = 86318
t24.nodes = 4440146
t24.propagations = 4440146
t14.stop_reason = aborted
t14.restarts = 117
t14.nogoods_size = 86318
t14.nodes = 4430118
t14.propagations = 4430118
t22.stop_reason = aborted
t22.restarts = 117
t22.nogoods_size = 86318
t22.nodes = 4516753
t22.propagations = 4516753
t26.stop_reason = aborted
t26.restarts = 117
t26.nogoods_size = 86318
t26.nodes = 4370273
t26.propagations = 4370273
t32.stop_reason = aborted
t32.restarts = 117
t32.nogoods_size = 86318
t32.nodes = 4378022
t32.propagations = 4378022
t30.stop_reason = aborted
t30.restarts = 117
t30.nogoods_size = 86318
t30.nodes = 4519646
t30.propagations = 4519646
t15.stop_reason = aborted
t15.restarts = 117
t15.nogoods_size = 86318
t15.nodes = 4549210
t15.propagations = 4549210
t35.stop_reason = aborted
t35.restarts = 117
t35.nogoods_size = 86318
t35.nodes = 4451283
t35.propagations = 4451283
t0.stop_reason = aborted
t0.restarts = 117
t0.nogoods_size = 86318
t0.nodes = 4522883
t0.propagations = 4522883
t25.stop_reason = aborted
t25.restarts = 117
t25.nogoods_size = 86318
t25.nodes = 4205236
t25.propagations = 4205236
t34.stop_reason = aborted
t34.restarts = 117
t34.nogoods_size = 86318
t34.nodes = 4521679
t34.propagations = 4521679
t17.stop_reason = aborted
t17.restarts = 117
t17.nogoods_size = 86318
t17.nodes = 4514171
t17.propagations = 4514171
t5.stop_reason = aborted
t5.restarts = 117
t5.nogoods_size = 86318
t5.nodes = 4198291
t5.propagations = 4198291
t8.stop_reason = aborted
t8.restarts = 117
t8.nogoods_size = 86318
t8.nodes = 4477878
t8.propagations = 4477878
t33.stop_reason = aborted
t33.restarts = 117
t33.nogoods_size = 86318
t33.nodes = 4392643
t33.propagations = 4392643
t10.stop_reason = aborted
t10.restarts = 117
t10.nogoods_size = 86318
t10.nodes = 4552653
t10.propagations = 4552653
t23.stop_reason = aborted
t23.restarts = 117
t23.nogoods_size = 86318
t23.nodes = 4212782
t23.propagations = 4212782
t4.stop_reason = aborted
t4.restarts = 117
t4.nogoods_size = 86318
t4.nodes = 4349467
t4.propagations = 4349467
t18.stop_reason = aborted
t18.restarts = 117
t18.nogoods_size = 86318
t18.nodes = 4538401
t18.propagations = 4538401
t29.stop_reason = aborted
t29.restarts = 117
t29.nogoods_size = 86318
t29.nodes = 4479746
t29.propagations = 4479746
t1.stop_reason = aborted
t1.restarts = 117
t1.nogoods_size = 86318
t1.nodes = 4202968
t1.propagations = 4202968
t28.stop_reason = aborted
t28.restarts = 117
t28.nogoods_size = 86318
t28.nodes = 4263798
t28.propagations = 4263798
t13.stop_reason = aborted
t13.restarts = 117
t13.nogoods_size = 86318
t13.nodes = 4202300
t13.propagations = 4202300
t27.stop_reason = aborted
t27.restarts = 117
t27.nogoods_size = 86318
t27.nodes = 4590352
t27.propagations = 4590352
t6.stop_reason = aborted
t6.restarts = 117
t6.nogoods_size = 86318
t6.nodes = 4338993
t6.propagations = 4338993
t2.stop_reason = aborted
t2.restarts = 117
t2.nogoods_size = 86318
t2.nodes = 4366545
t2.propagations = 4366545
t21.stop_reason = aborted
t21.restarts = 117
t21.nogoods_size = 86318
t21.nodes = 4549964
t21.propagations = 4549964
t7.stop_reason = aborted
t7.restarts = 117
t7.nogoods_size = 86318
t7.nodes = 4580520
t7.propagations = 4580520
t19.stop_reason = aborted
t19.restarts = 117
t19.nogoods_size = 86318
t19.nodes = 4246085
t19.propagations = 4246085
search_time = 12262
