hostname = r1i1n13
commandline = ../glasgow/solve_subgraph_isomorphism --value-ordering=random --triggered-restarts --geometric-restarts=1.0 --restarts-constant=100000 --restart-timer=100 --threads=36 --timeout 1000 --format lad ../instances/si/si2_rand_r001_600/si2_r001_m600.08/pattern ../instances/si/si2_rand_r001_600/si2_r001_m600.08/target
started_at = 2018-11-26 14:43:15
pattern_file = ../instances/si/si2_rand_r001_600/si2_r001_m600.08/pattern
target_file = ../instances/si/si2_rand_r001_600/si2_r001_m600.08/target
status = true
nodes = 19609
propagations = 52116
mapping = (0 -> 90) (1 -> 422) (2 -> 93) (3 -> 108) (4 -> 192) (5 -> 76) (6 -> 297) (7 -> 434) (8 -> 19) (9 -> 427) (10 -> 337) (11 -> 207) (12 -> 181) (13 -> 346) (14 -> 9) (15 -> 464) (16 -> 267) (17 -> 248) (18 -> 524) (19 -> 83) (20 -> 557) (21 -> 275) (22 -> 71) (23 -> 78) (24 -> 28) (25 -> 281) (26 -> 521) (27 -> 318) (28 -> 51) (29 -> 165) (30 -> 451) (31 -> 260) (32 -> 479) (33 -> 418) (34 -> 328) (35 -> 48) (36 -> 291) (37 -> 65) (38 -> 508) (39 -> 511) (40 -> 0) (41 -> 491) (42 -> 532) (43 -> 517) (44 -> 353) (45 -> 514) (46 -> 156) (47 -> 232) (48 -> 37) (49 -> 402) (50 -> 440) (51 -> 223) (52 -> 21) (53 -> 585) (54 -> 133) (55 -> 555) (56 -> 221) (57 -> 468) (58 -> 315) (59 -> 30) (60 -> 103) (61 -> 379) (62 -> 186) (63 -> 489) (64 -> 394) (65 -> 405) (66 -> 43) (67 -> 170) (68 -> 407) (69 -> 233) (70 -> 582) (71 -> 361) (72 -> 359) (73 -> 234) (74 -> 414) (75 -> 148) (76 -> 463) (77 -> 423) (78 -> 279) (79 -> 77) (80 -> 45) (81 -> 18) (82 -> 425) (83 -> 7) (84 -> 276) (85 -> 104) (86 -> 289) (87 -> 122) (88 -> 371) (89 -> 205) (90 -> 325) (91 -> 57) (92 -> 430) (93 -> 421) (94 -> 339) (95 -> 586) (96 -> 549) (97 -> 187) (98 -> 98) (99 -> 75) (100 -> 33) (101 -> 175) (102 -> 320) (103 -> 53) (104 -> 323) (105 -> 61) (106 -> 203) (107 -> 26) (108 -> 272) (109 -> 496) (110 -> 42) (111 -> 4) (112 -> 66) (113 -> 135) (114 -> 118) (115 -> 174) (116 -> 369) (117 -> 399) (118 -> 283) (119 -> 129) 
runtime = 102
t20.stop_reason = aborted
t20.restarts = 2
t20.nogoods_size = 36
t20.nodes = 582
t20.propagations = 582
t28.stop_reason = aborted
t28.restarts = 2
t28.nogoods_size = 36
t28.nodes = 298
t28.propagations = 298
t6.stop_reason = aborted
t6.restarts = 2
t6.nogoods_size = 36
t6.nodes = 612
t6.propagations = 612
t2.stop_reason = aborted
t2.restarts = 2
t2.nogoods_size = 36
t2.nodes = 591
t2.propagations = 591
t19.stop_reason = aborted
t19.restarts = 2
t19.nogoods_size = 36
t19.nodes = 540
t19.propagations = 540
t26.stop_reason = aborted
t26.restarts = 2
t26.nogoods_size = 36
t26.nodes = 558
t26.propagations = 558
t9.stop_reason = aborted
t9.restarts = 2
t9.nogoods_size = 36
t9.nodes = 545
t9.propagations = 545
t3.where = 30/308 -1/-1 3/5 -1/-1 1/2 -1/-1 -1/-1 0/3 -1/-1 -1/-1 -1/-1 -1/-1 -1/-1 -1/-1 0/2 -1/-1 -1/-1 -1/-1 -1/-1 -1/-1 0/2 -1/-1 -1/-1 -1/-1 0/2 -1/-1 -1/-1 -1/-1 -1/-1 -1/-1 -1/-1 -1/-1 -1/-1 -1/-1 -1/-1 -1/-1 -1/-1 -1/-1 -1/-1 -1/-1 -1/-1 -1/-1 -1/-1 -1/-1 -1/-1 -1/-1 -1/-1 -1/-1 -1/-1 -1/-1 -1/-1 -1/-1 -1/-1 -1/-1 -1/-1 -1/-1 -1/-1 -1/-1 -1/-1 -1/-1 -1/-1 -1/-1 -1/-1 -1/-1 -1/-1 -1/-1 -1/-1 -1/-1 -1/-1 -1/-1 -1/-1 -1/-1 -1/-1 -1/-1 -1/-1 -1/-1 -1/-1 -1/-1 -1/-1 -1/-1 -1/-1 -1/-1 -1/-1 -1/-1 -1/-1 -1/-1 -1/-1 -1/-1 -1/-1 0/2 -1/-1 -1/-1 0/2 -1/-1 0/2 -1/-1 0/2 -1/-1 0/2 -1/-1 0/2 -1/-1 0/2 -1/-1 0/2 -1/-1 0/2 -1/-1 -1/-1 0/4 -1/-1 0/2 -1/-1 0/5 -1/-1 -1/-1 0/5 -1/-1 -1/-1 0/6 -1/-1 -1/-1 0/6 -1/-1 0/7 -1/-1 0/7 -1/-1 0/8 -1/-1 0/2 -1/-1 -1/-1 -1/-1 0/8 -1/-1 0/8 -1/-1 0/10 -1/-1 0/8 -1/-1 0/9 -1/-1 0/10 -1/-1 0/12 -1/-1 0/13 -1/-1 0/12 -1/-1 0/13 -1/-1 0/17 -1/-1 0/19 -1/-1
t3.stop_reason = satisfiable
t3.restarts = 2
t3.nogoods_size = 36
t3.nodes = 663
t3.propagations = 663
t31.stop_reason = aborted
t31.restarts = 2
t31.nogoods_size = 36
t31.nodes = 617
t31.propagations = 617
t17.stop_reason = aborted
t17.restarts = 2
t17.nogoods_size = 36
t17.nodes = 361
t17.propagations = 361
t1.stop_reason = aborted
t1.restarts = 2
t1.nogoods_size = 36
t1.nodes = 641
t1.propagations = 641
t30.stop_reason = aborted
t30.restarts = 2
t30.nogoods_size = 36
t30.nodes = 584
t30.propagations = 584
t7.stop_reason = aborted
t7.restarts = 2
t7.nogoods_size = 36
t7.nodes = 617
t7.propagations = 617
t27.stop_reason = aborted
t27.restarts = 2
t27.nogoods_size = 36
t27.nodes = 319
t27.propagations = 319
t21.stop_reason = aborted
t21.restarts = 2
t21.nogoods_size = 36
t21.nodes = 637
t21.propagations = 637
t25.stop_reason = aborted
t25.restarts = 2
t25.nogoods_size = 36
t25.nodes = 574
t25.propagations = 574
t18.stop_reason = aborted
t18.restarts = 2
t18.nogoods_size = 36
t18.nodes = 616
t18.propagations = 616
t10.stop_reason = aborted
t10.restarts = 2
t10.nogoods_size = 36
t10.nodes = 362
t10.propagations = 362
t15.stop_reason = aborted
t15.restarts = 2
t15.nogoods_size = 36
t15.nodes = 640
t15.propagations = 640
t23.stop_reason = aborted
t23.restarts = 2
t23.nogoods_size = 36
t23.nodes = 344
t23.propagations = 344
t0.stop_reason = aborted
t0.restarts = 2
t0.nogoods_size = 36
t0.nodes = 354
t0.propagations = 354
t33.stop_reason = aborted
t33.restarts = 2
t33.nogoods_size = 36
t33.nodes = 606
t33.propagations = 606
t14.stop_reason = aborted
t14.restarts = 2
t14.nogoods_size = 36
t14.nodes = 668
t14.propagations = 668
t35.stop_reason = aborted
t35.restarts = 2
t35.nogoods_size = 36
t35.nodes = 595
t35.propagations = 595
t22.stop_reason = aborted
t22.restarts = 2
t22.nogoods_size = 36
t22.nodes = 335
t22.propagations = 335
t16.stop_reason = aborted
t16.restarts = 2
t16.nogoods_size = 36
t16.nodes = 729
t16.propagations = 729
t29.stop_reason = aborted
t29.restarts = 2
t29.nogoods_size = 36
t29.nodes = 300
t29.propagations = 300
t4.stop_reason = aborted
t4.restarts = 2
t4.nogoods_size = 36
t4.nodes = 777
t4.propagations = 777
t5.stop_reason = aborted
t5.restarts = 2
t5.nogoods_size = 36
t5.nodes = 770
t5.propagations = 770
t13.stop_reason = aborted
t13.restarts = 2
t13.nogoods_size = 36
t13.nodes = 313
t13.propagations = 313
t24.stop_reason = aborted
t24.restarts = 2
t24.nogoods_size = 36
t24.nodes = 354
t24.propagations = 354
t34.stop_reason = aborted
t34.restarts = 2
t34.nogoods_size = 36
t34.nodes = 577
t34.propagations = 577
t32.stop_reason = aborted
t32.restarts = 2
t32.nogoods_size = 36
t32.nodes = 554
t32.propagations = 554
t8.stop_reason = aborted
t8.restarts = 2
t8.nogoods_size = 36
t8.nodes = 624
t8.propagations = 624
t12.stop_reason = aborted
t12.restarts = 2
t12.nogoods_size = 36
t12.nodes = 649
t12.propagations = 649
t11.stop_reason = aborted
t11.restarts = 2
t11.nogoods_size = 36
t11.nodes = 703
t11.propagations = 703
search_time = 65
