hostname = r1i2n28
commandline = ../glasgow/solve_subgraph_isomorphism --value-ordering=random --triggered-restarts --geometric-restarts=1.0 --restarts-constant=100000 --restart-timer=100 --threads=36 --timeout 1000 --format lad ../instances/si/si4_bvg_b09_800/si4_b09_m800.02/pattern ../instances/si/si4_bvg_b09_800/si4_b09_m800.02/target
started_at = 2018-11-26 14:34:43
pattern_file = ../instances/si/si4_bvg_b09_800/si4_b09_m800.02/pattern
target_file = ../instances/si/si4_bvg_b09_800/si4_b09_m800.02/target
status = true
nodes = 73
propagations = 108
mapping = (0 -> 149) (1 -> 480) (2 -> 100) (3 -> 99) (4 -> 347) (5 -> 562) (6 -> 163) (7 -> 348) (8 -> 257) (9 -> 728) (10 -> 582) (11 -> 390) (12 -> 109) (13 -> 199) (14 -> 360) (15 -> 89) (16 -> 432) (17 -> 137) (18 -> 793) (19 -> 620) (20 -> 405) (21 -> 623) (22 -> 119) (23 -> 174) (24 -> 154) (25 -> 726) (26 -> 479) (27 -> 130) (28 -> 292) (29 -> 729) (30 -> 552) (31 -> 595) (32 -> 293) (33 -> 387) (34 -> 255) (35 -> 200) (36 -> 379) (37 -> 691) (38 -> 779) (39 -> 426) (40 -> 618) (41 -> 412) (42 -> 548) (43 -> 201) (44 -> 340) (45 -> 494) (46 -> 217) (47 -> 368) (48 -> 253) (49 -> 513) (50 -> 540) (51 -> 157) (52 -> 74) (53 -> 781) (54 -> 674) (55 -> 397) (56 -> 511) (57 -> 222) (58 -> 241) (59 -> 701) (60 -> 285) (61 -> 97) (62 -> 153) (63 -> 180) (64 -> 167) (65 -> 37) (66 -> 259) (67 -> 413) (68 -> 112) (69 -> 468) (70 -> 604) (71 -> 188) (72 -> 545) (73 -> 8) (74 -> 486) (75 -> 175) (76 -> 709) (77 -> 713) (78 -> 179) (79 -> 689) (80 -> 584) (81 -> 210) (82 -> 790) (83 -> 52) (84 -> 224) (85 -> 592) (86 -> 681) (87 -> 341) (88 -> 131) (89 -> 195) (90 -> 91) (91 -> 490) (92 -> 761) (93 -> 645) (94 -> 678) (95 -> 127) (96 -> 419) (97 -> 735) (98 -> 152) (99 -> 666) (100 -> 474) (101 -> 757) (102 -> 646) (103 -> 5) (104 -> 721) (105 -> 308) (106 -> 769) (107 -> 56) (108 -> 658) (109 -> 208) (110 -> 476) (111 -> 211) (112 -> 409) (113 -> 18) (114 -> 279) (115 -> 309) (116 -> 596) (117 -> 132) (118 -> 762) (119 -> 680) (120 -> 452) (121 -> 262) (122 -> 551) (123 -> 698) (124 -> 777) (125 -> 187) (126 -> 265) (127 -> 751) (128 -> 389) (129 -> 273) (130 -> 463) (131 -> 319) (132 -> 192) (133 -> 739) (134 -> 574) (135 -> 659) (136 -> 87) (137 -> 146) (138 -> 269) (139 -> 564) (140 -> 249) (141 -> 734) (142 -> 108) (143 -> 359) (144 -> 303) (145 -> 327) (146 -> 533) (147 -> 491) (148 -> 246) (149 -> 676) (150 -> 635) (151 -> 671) (152 -> 471) (153 -> 239) (154 -> 344) (155 -> 537) (156 -> 30) (157 -> 784) (158 -> 244) (159 -> 535) (160 -> 142) (161 -> 245) (162 -> 372) (163 -> 703) (164 -> 431) (165 -> 86) (166 -> 116) (167 -> 256) (168 -> 40) (169 -> 708) (170 -> 356) (171 -> 704) (172 -> 600) (173 -> 186) (174 -> 547) (175 -> 702) (176 -> 345) (177 -> 248) (178 -> 776) (179 -> 462) (180 -> 102) (181 -> 643) (182 -> 72) (183 -> 77) (184 -> 505) (185 -> 79) (186 -> 371) (187 -> 178) (188 -> 276) (189 -> 543) (190 -> 665) (191 -> 725) (192 -> 743) (193 -> 46) (194 -> 653) (195 -> 101) (196 -> 270) (197 -> 651) (198 -> 642) (199 -> 331) (200 -> 598) (201 -> 11) (202 -> 316) (203 -> 290) (204 -> 613) (205 -> 453) (206 -> 9) (207 -> 191) (208 -> 612) (209 -> 140) (210 -> 607) (211 -> 621) (212 -> 752) (213 -> 675) (214 -> 527) (215 -> 392) (216 -> 69) (217 -> 314) (218 -> 264) (219 -> 88) (220 -> 747) (221 -> 796) (222 -> 536) (223 -> 787) (224 -> 141) (225 -> 749) (226 -> 588) (227 -> 275) (228 -> 685) (229 -> 436) (230 -> 560) (231 -> 382) (232 -> 599) (233 -> 28) (234 -> 295) (235 -> 235) (236 -> 159) (237 -> 399) (238 -> 601) (239 -> 325) (240 -> 384) (241 -> 301) (242 -> 207) (243 -> 333) (244 -> 433) (245 -> 104) (246 -> 774) (247 -> 251) (248 -> 457) (249 -> 649) (250 -> 300) (251 -> 428) (252 -> 212) (253 -> 136) (254 -> 364) (255 -> 218) (256 -> 720) (257 -> 506) (258 -> 194) (259 -> 297) (260 -> 415) (261 -> 717) (262 -> 418) (263 -> 686) (264 -> 254) (265 -> 126) (266 -> 394) (267 -> 21) (268 -> 27) (269 -> 204) (270 -> 445) (271 -> 41) (272 -> 147) (273 -> 19) (274 -> 6) (275 -> 615) (276 -> 605) (277 -> 16) (278 -> 391) (279 -> 692) (280 -> 639) (281 -> 70) (282 -> 315) (283 -> 374) (284 -> 755) (285 -> 81) (286 -> 369) (287 -> 447) (288 -> 656) (289 -> 362) (290 -> 417) (291 -> 609) (292 -> 648) (293 -> 323) (294 -> 610) (295 -> 756) (296 -> 581) (297 -> 342) (298 -> 705) (299 -> 151) (300 -> 525) (301 -> 58) (302 -> 683) (303 -> 288) (304 -> 727) (305 -> 773) (306 -> 78) (307 -> 335) (308 -> 597) (309 -> 55) (310 -> 696) (311 -> 363) (312 -> 484) (313 -> 62) (314 -> 554) (315 -> 233) (316 -> 353) (317 -> 526) (318 -> 177) (319 -> 489) 
runtime = 250
t3.stop_reason = aborted
t3.restarts = 2
t3.nogoods_size = 36
t3.nodes = 2
t3.propagations = 2
t0.stop_reason = aborted
t0.restarts = 2
t0.nogoods_size = 36
t0.nodes = 2
t0.propagations = 2
t4.where = 0/800 -1/-1 -1/-1 0/2 -1/-1 -1/-1 -1/-1 -1/-1 -1/-1 -1/-1 -1/-1 -1/-1 -1/-1 -1/-1 -1/-1 -1/-1 -1/-1 -1/-1 -1/-1 -1/-1 -1/-1 -1/-1 -1/-1 -1/-1 -1/-1 -1/-1 -1/-1 -1/-1 -1/-1 -1/-1 -1/-1 -1/-1 -1/-1 -1/-1 -1/-1 -1/-1 -1/-1 -1/-1 -1/-1 -1/-1 -1/-1 -1/-1 -1/-1 -1/-1 -1/-1 -1/-1 -1/-1 -1/-1 -1/-1 -1/-1 -1/-1 -1/-1 -1/-1 -1/-1 -1/-1 -1/-1 -1/-1 -1/-1 -1/-1 -1/-1 -1/-1 -1/-1 -1/-1 -1/-1 -1/-1 -1/-1 -1/-1 -1/-1 -1/-1 -1/-1 -1/-1 -1/-1 -1/-1 -1/-1 -1/-1 -1/-1 -1/-1 -1/-1 -1/-1 -1/-1 -1/-1 -1/-1 -1/-1 -1/-1 -1/-1 -1/-1 -1/-1 -1/-1 -1/-1 -1/-1 -1/-1 -1/-1 -1/-1 -1/-1 -1/-1 -1/-1 -1/-1 -1/-1 -1/-1 -1/-1 -1/-1 -1/-1 -1/-1 -1/-1 -1/-1 -1/-1 -1/-1 -1/-1 -1/-1 -1/-1 -1/-1 -1/-1 -1/-1 -1/-1 -1/-1 -1/-1 -1/-1 -1/-1 -1/-1 -1/-1 -1/-1 -1/-1 -1/-1 -1/-1 -1/-1 -1/-1 -1/-1 -1/-1 -1/-1 -1/-1 -1/-1 -1/-1 -1/-1 -1/-1 -1/-1 -1/-1 -1/-1 -1/-1 -1/-1 -1/-1 -1/-1 -1/-1 -1/-1 -1/-1 -1/-1 -1/-1 -1/-1 -1/-1 -1/-1 -1/-1 -1/-1 -1/-1 -1/-1 -1/-1 -1/-1 -1/-1 -1/-1 -1/-1 -1/-1 -1/-1 -1/-1 -1/-1 -1/-1 -1/-1 -1/-1 -1/-1 -1/-1 -1/-1 -1/-1 -1/-1 -1/-1 -1/-1 -1/-1 -1/-1 -1/-1 -1/-1 -1/-1 -1/-1 -1/-1 -1/-1 -1/-1 -1/-1 -1/-1 -1/-1 -1/-1 -1/-1 -1/-1 -1/-1 -1/-1 -1/-1 -1/-1 -1/-1 -1/-1 -1/-1 -1/-1 -1/-1 -1/-1 -1/-1 -1/-1 -1/-1 -1/-1 -1/-1 -1/-1 -1/-1 -1/-1 -1/-1 -1/-1 -1/-1 -1/-1 -1/-1 -1/-1 -1/-1 -1/-1 -1/-1 -1/-1 -1/-1 -1/-1 -1/-1 -1/-1 -1/-1 -1/-1 -1/-1 -1/-1 -1/-1 -1/-1 -1/-1 -1/-1 -1/-1 -1/-1 -1/-1 -1/-1 -1/-1 -1/-1 -1/-1 -1/-1 -1/-1 -1/-1 -1/-1 -1/-1 -1/-1 -1/-1 -1/-1 -1/-1 -1/-1 -1/-1 -1/-1 -1/-1 -1/-1 -1/-1 -1/-1 -1/-1 -1/-1 -1/-1 -1/-1 -1/-1 -1/-1 -1/-1 -1/-1 -1/-1 -1/-1 -1/-1 -1/-1 -1/-1 -1/-1 -1/-1 -1/-1 -1/-1 -1/-1 -1/-1 -1/-1 -1/-1 -1/-1 -1/-1 -1/-1 -1/-1 -1/-1 -1/-1 -1/-1 -1/-1 -1/-1 -1/-1 -1/-1 -1/-1 -1/-1 -1/-1 -1/-1 -1/-1 -1/-1 -1/-1 -1/-1 -1/-1 -1/-1 -1/-1 -1/-1 -1/-1 -1/-1 -1/-1 -1/-1 -1/-1 -1/-1 -1/-1 -1/-1 -1/-1 -1/-1 -1/-1 -1/-1 -1/-1 -1/-1 -1/-1 -1/-1 -1/-1 -1/-1 -1/-1 -1/-1 -1/-1 -1/-1 -1/-1 -1/-1 -1/-1 -1/-1 -1/-1 -1/-1
t4.stop_reason = satisfiable
t4.restarts = 2
t4.nogoods_size = 36
t4.nodes = 3
t4.propagations = 3
t12.stop_reason = aborted
t12.restarts = 2
t12.nogoods_size = 36
t12.nodes = 2
t12.propagations = 2
t2.stop_reason = aborted
t2.restarts = 2
t2.nogoods_size = 36
t2.nodes = 2
t2.propagations = 2
t14.stop_reason = aborted
t14.restarts = 2
t14.nogoods_size = 36
t14.nodes = 2
t14.propagations = 2
t5.stop_reason = aborted
t5.restarts = 2
t5.nogoods_size = 36
t5.nodes = 2
t5.propagations = 2
t16.stop_reason = aborted
t16.restarts = 2
t16.nogoods_size = 36
t16.nodes = 2
t16.propagations = 2
t19.stop_reason = aborted
t19.restarts = 2
t19.nogoods_size = 36
t19.nodes = 2
t19.propagations = 2
t10.stop_reason = aborted
t10.restarts = 2
t10.nogoods_size = 36
t10.nodes = 2
t10.propagations = 2
t21.stop_reason = aborted
t21.restarts = 2
t21.nogoods_size = 36
t21.nodes = 2
t21.propagations = 2
t8.stop_reason = aborted
t8.restarts = 2
t8.nogoods_size = 36
t8.nodes = 2
t8.propagations = 2
t23.stop_reason = aborted
t23.restarts = 2
t23.nogoods_size = 36
t23.nodes = 2
t23.propagations = 2
t15.stop_reason = aborted
t15.restarts = 2
t15.nogoods_size = 36
t15.nodes = 2
t15.propagations = 2
t27.stop_reason = aborted
t27.restarts = 2
t27.nogoods_size = 36
t27.nodes = 2
t27.propagations = 2
t28.stop_reason = aborted
t28.restarts = 2
t28.nogoods_size = 36
t28.nodes = 2
t28.propagations = 2
t32.stop_reason = aborted
t32.restarts = 2
t32.nogoods_size = 36
t32.nodes = 2
t32.propagations = 2
t26.stop_reason = aborted
t26.restarts = 2
t26.nogoods_size = 36
t26.nodes = 2
t26.propagations = 2
t22.stop_reason = aborted
t22.restarts = 2
t22.nogoods_size = 36
t22.nodes = 2
t22.propagations = 2
t29.stop_reason = aborted
t29.restarts = 2
t29.nogoods_size = 36
t29.nodes = 2
t29.propagations = 2
t7.stop_reason = aborted
t7.restarts = 2
t7.nogoods_size = 36
t7.nodes = 2
t7.propagations = 2
t24.stop_reason = aborted
t24.restarts = 2
t24.nogoods_size = 36
t24.nodes = 2
t24.propagations = 2
t35.stop_reason = aborted
t35.restarts = 2
t35.nogoods_size = 36
t35.nodes = 2
t35.propagations = 2
t33.stop_reason = aborted
t33.restarts = 2
t33.nogoods_size = 36
t33.nodes = 2
t33.propagations = 2
t1.stop_reason = aborted
t1.restarts = 2
t1.nogoods_size = 36
t1.nodes = 2
t1.propagations = 2
t6.stop_reason = aborted
t6.restarts = 2
t6.nogoods_size = 36
t6.nodes = 2
t6.propagations = 2
t9.stop_reason = aborted
t9.restarts = 2
t9.nogoods_size = 36
t9.nodes = 2
t9.propagations = 2
t31.stop_reason = aborted
t31.restarts = 2
t31.nogoods_size = 36
t31.nodes = 2
t31.propagations = 2
t13.stop_reason = aborted
t13.restarts = 2
t13.nogoods_size = 36
t13.nodes = 2
t13.propagations = 2
t34.stop_reason = aborted
t34.restarts = 2
t34.nogoods_size = 36
t34.nodes = 2
t34.propagations = 2
t11.stop_reason = aborted
t11.restarts = 2
t11.nogoods_size = 36
t11.nodes = 2
t11.propagations = 2
t18.stop_reason = aborted
t18.restarts = 2
t18.nogoods_size = 36
t18.nodes = 2
t18.propagations = 2
t17.stop_reason = aborted
t17.restarts = 2
t17.nogoods_size = 36
t17.nodes = 2
t17.propagations = 2
t25.stop_reason = aborted
t25.restarts = 2
t25.nogoods_size = 36
t25.nodes = 2
t25.propagations = 2
t20.stop_reason = aborted
t20.restarts = 2
t20.nogoods_size = 36
t20.nodes = 2
t20.propagations = 2
t30.stop_reason = aborted
t30.restarts = 2
t30.nogoods_size = 36
t30.nodes = 2
t30.propagations = 2
search_time = 129
