hostname = r1i1n13
commandline = ../glasgow/solve_subgraph_isomorphism --value-ordering=random --triggered-restarts --geometric-restarts=1.0 --restarts-constant=100000 --restart-timer=100 --threads=36 --timeout 1000 --format lad ../instances/si/si4_rand_r01_600/si4_r01_m600.03/pattern ../instances/si/si4_rand_r01_600/si4_r01_m600.03/target
started_at = 2018-11-26 14:34:56
pattern_file = ../instances/si/si4_rand_r01_600/si4_r01_m600.03/pattern
target_file = ../instances/si/si4_rand_r01_600/si4_r01_m600.03/target
status = true
nodes = 2628687
propagations = 8920670
mapping = (0 -> 522) (1 -> 59) (2 -> 5) (3 -> 209) (4 -> 174) (5 -> 82) (6 -> 581) (7 -> 123) (8 -> 340) (9 -> 573) (10 -> 511) (11 -> 397) (12 -> 238) (13 -> 577) (14 -> 434) (15 -> 198) (16 -> 50) (17 -> 122) (18 -> 269) (19 -> 6) (20 -> 359) (21 -> 106) (22 -> 130) (23 -> 464) (24 -> 506) (25 -> 529) (26 -> 492) (27 -> 222) (28 -> 382) (29 -> 421) (30 -> 353) (31 -> 87) (32 -> 575) (33 -> 54) (34 -> 232) (35 -> 569) (36 -> 498) (37 -> 590) (38 -> 370) (39 -> 190) (40 -> 586) (41 -> 576) (42 -> 23) (43 -> 460) (44 -> 30) (45 -> 131) (46 -> 49) (47 -> 102) (48 -> 334) (49 -> 387) (50 -> 127) (51 -> 310) (52 -> 367) (53 -> 165) (54 -> 547) (55 -> 546) (56 -> 594) (57 -> 330) (58 -> 178) (59 -> 440) (60 -> 151) (61 -> 307) (62 -> 585) (63 -> 34) (64 -> 291) (65 -> 475) (66 -> 480) (67 -> 155) (68 -> 205) (69 -> 306) (70 -> 486) (71 -> 592) (72 -> 501) (73 -> 455) (74 -> 358) (75 -> 488) (76 -> 297) (77 -> 252) (78 -> 467) (79 -> 595) (80 -> 557) (81 -> 258) (82 -> 489) (83 -> 84) (84 -> 149) (85 -> 145) (86 -> 272) (87 -> 513) (88 -> 343) (89 -> 593) (90 -> 292) (91 -> 136) (92 -> 9) (93 -> 516) (94 -> 223) (95 -> 536) (96 -> 328) (97 -> 67) (98 -> 242) (99 -> 229) (100 -> 474) (101 -> 162) (102 -> 0) (103 -> 39) (104 -> 491) (105 -> 159) (106 -> 530) (107 -> 275) (108 -> 243) (109 -> 295) (110 -> 402) (111 -> 553) (112 -> 383) (113 -> 495) (114 -> 95) (115 -> 341) (116 -> 89) (117 -> 408) (118 -> 450) (119 -> 201) (120 -> 459) (121 -> 152) (122 -> 3) (123 -> 444) (124 -> 336) (125 -> 12) (126 -> 453) (127 -> 322) (128 -> 528) (129 -> 333) (130 -> 293) (131 -> 160) (132 -> 246) (133 -> 588) (134 -> 244) (135 -> 582) (136 -> 413) (137 -> 505) (138 -> 27) (139 -> 281) (140 -> 469) (141 -> 172) (142 -> 300) (143 -> 191) (144 -> 378) (145 -> 485) (146 -> 113) (147 -> 318) (148 -> 101) (149 -> 46) (150 -> 364) (151 -> 261) (152 -> 169) (153 -> 72) (154 -> 348) (155 -> 461) (156 -> 583) (157 -> 51) (158 -> 53) (159 -> 187) (160 -> 465) (161 -> 484) (162 -> 61) (163 -> 112) (164 -> 13) (165 -> 568) (166 -> 313) (167 -> 219) (168 -> 403) (169 -> 514) (170 -> 424) (171 -> 58) (172 -> 40) (173 -> 425) (174 -> 298) (175 -> 436) (176 -> 196) (177 -> 41) (178 -> 390) (179 -> 64) (180 -> 141) (181 -> 285) (182 -> 521) (183 -> 214) (184 -> 500) (185 -> 540) (186 -> 407) (187 -> 220) (188 -> 479) (189 -> 138) (190 -> 463) (191 -> 561) (192 -> 90) (193 -> 142) (194 -> 267) (195 -> 502) (196 -> 339) (197 -> 371) (198 -> 157) (199 -> 439) (200 -> 525) (201 -> 445) (202 -> 247) (203 -> 266) (204 -> 107) (205 -> 572) (206 -> 324) (207 -> 332) (208 -> 91) (209 -> 419) (210 -> 183) (211 -> 24) (212 -> 206) (213 -> 140) (214 -> 342) (215 -> 129) (216 -> 8) (217 -> 481) (218 -> 227) (219 -> 414) (220 -> 117) (221 -> 236) (222 -> 120) (223 -> 452) (224 -> 249) (225 -> 44) (226 -> 173) (227 -> 168) (228 -> 537) (229 -> 512) (230 -> 133) (231 -> 558) (232 -> 399) (233 -> 259) (234 -> 76) (235 -> 468) (236 -> 171) (237 -> 57) (238 -> 354) (239 -> 147) 
runtime = 5593
t7.stop_reason = aborted
t7.restarts = 48
t7.nogoods_size = 64091
t7.nodes = 73760
t7.propagations = 73760
t19.stop_reason = aborted
t19.restarts = 48
t19.nogoods_size = 64091
t19.nodes = 74163
t19.propagations = 74163
t14.stop_reason = aborted
t14.restarts = 48
t14.nogoods_size = 64091
t14.nodes = 73886
t14.propagations = 73886
t1.stop_reason = aborted
t1.restarts = 48
t1.nogoods_size = 64091
t1.nodes = 74577
t1.propagations = 74577
t26.stop_reason = aborted
t26.restarts = 48
t26.nogoods_size = 64091
t26.nodes = 74133
t26.propagations = 74133
t25.stop_reason = aborted
t25.restarts = 48
t25.nogoods_size = 64091
t25.nodes = 73641
t25.propagations = 73641
t2.stop_reason = aborted
t2.restarts = 48
t2.nogoods_size = 64091
t2.nodes = 73585
t2.propagations = 73585
t28.stop_reason = aborted
t28.restarts = 48
t28.nogoods_size = 64091
t28.nodes = 56360
t28.propagations = 56360
t18.stop_reason = aborted
t18.restarts = 48
t18.nogoods_size = 64091
t18.nodes = 72838
t18.propagations = 72838
t31.stop_reason = aborted
t31.restarts = 48
t31.nogoods_size = 64091
t31.nodes = 74322
t31.propagations = 74322
t13.stop_reason = aborted
t13.restarts = 48
t13.nogoods_size = 64091
t13.nodes = 74432
t13.propagations = 74432
t21.stop_reason = aborted
t21.restarts = 48
t21.nogoods_size = 64091
t21.nodes = 73951
t21.propagations = 73951
t16.stop_reason = aborted
t16.restarts = 48
t16.nogoods_size = 64091
t16.nodes = 73507
t16.propagations = 73507
t33.stop_reason = aborted
t33.restarts = 48
t33.nogoods_size = 64091
t33.nodes = 74715
t33.propagations = 74715
t17.stop_reason = aborted
t17.restarts = 48
t17.nogoods_size = 64091
t17.nodes = 74336
t17.propagations = 74336
t5.stop_reason = aborted
t5.restarts = 48
t5.nogoods_size = 64091
t5.nodes = 74660
t5.propagations = 74660
t27.stop_reason = aborted
t27.restarts = 48
t27.nogoods_size = 64091
t27.nodes = 73898
t27.propagations = 73898
t8.stop_reason = aborted
t8.restarts = 48
t8.nogoods_size = 64091
t8.nodes = 74587
t8.propagations = 74587
t35.stop_reason = aborted
t35.restarts = 48
t35.nogoods_size = 64091
t35.nodes = 74426
t35.propagations = 74426
t22.stop_reason = aborted
t22.restarts = 48
t22.nogoods_size = 64091
t22.nodes = 72847
t22.propagations = 72847
t15.stop_reason = aborted
t15.restarts = 48
t15.nogoods_size = 64091
t15.nodes = 75079
t15.propagations = 75079
t32.stop_reason = aborted
t32.restarts = 48
t32.nogoods_size = 64091
t32.nodes = 74353
t32.propagations = 74353
t23.stop_reason = aborted
t23.restarts = 48
t23.nogoods_size = 64091
t23.nodes = 57579
t23.propagations = 57579
t34.stop_reason = aborted
t34.restarts = 48
t34.nogoods_size = 64091
t34.nodes = 74470
t34.propagations = 74470
t3.stop_reason = aborted
t3.restarts = 48
t3.nogoods_size = 64091
t3.nodes = 73416
t3.propagations = 73416
t12.stop_reason = aborted
t12.restarts = 48
t12.nogoods_size = 64091
t12.nodes = 70960
t12.propagations = 70960
t24.stop_reason = aborted
t24.restarts = 48
t24.nogoods_size = 64091
t24.nodes = 74368
t24.propagations = 74368
t29.stop_reason = aborted
t29.restarts = 48
t29.nogoods_size = 64091
t29.nodes = 74644
t29.propagations = 74644
t6.stop_reason = aborted
t6.restarts = 48
t6.nogoods_size = 64091
t6.nodes = 74023
t6.propagations = 74023
t11.stop_reason = aborted
t11.restarts = 48
t11.nogoods_size = 64091
t11.nodes = 74563
t11.propagations = 74563
t10.stop_reason = aborted
t10.restarts = 48
t10.nogoods_size = 64091
t10.nodes = 73591
t10.propagations = 73591
t20.stop_reason = aborted
t20.restarts = 48
t20.nogoods_size = 64091
t20.nodes = 73029
t20.propagations = 73029
t4.stop_reason = aborted
t4.restarts = 48
t4.nogoods_size = 64091
t4.nodes = 73921
t4.propagations = 73921
t9.stop_reason = aborted
t9.restarts = 48
t9.nogoods_size = 64091
t9.nodes = 74407
t9.propagations = 74407
t30.stop_reason = aborted
t30.restarts = 48
t30.nogoods_size = 64091
t30.nodes = 74632
t30.propagations = 74632
t0.where = 0/448 -1/-1 6/90 -1/-1 12/28 -1/-1 0/4 -1/-1 -1/-1 0/3 -1/-1 0/2 -1/-1 -1/-1 -1/-1 -1/-1 -1/-1 -1/-1 -1/-1 -1/-1 -1/-1 -1/-1 -1/-1 -1/-1 -1/-1 -1/-1 -1/-1 -1/-1 -1/-1 -1/-1 -1/-1 -1/-1 -1/-1 -1/-1 -1/-1 -1/-1 -1/-1 -1/-1 -1/-1 -1/-1 -1/-1 -1/-1 -1/-1 -1/-1 -1/-1 -1/-1 -1/-1 -1/-1 -1/-1 -1/-1 -1/-1 -1/-1 -1/-1 -1/-1 -1/-1 -1/-1 -1/-1 -1/-1 -1/-1 -1/-1 -1/-1 -1/-1 -1/-1 -1/-1 -1/-1 -1/-1 -1/-1 -1/-1 -1/-1 -1/-1 -1/-1 -1/-1 -1/-1 -1/-1 -1/-1 -1/-1 -1/-1 -1/-1 -1/-1 -1/-1 -1/-1 -1/-1 -1/-1 -1/-1 -1/-1 -1/-1 -1/-1 -1/-1 -1/-1 -1/-1 -1/-1 -1/-1 -1/-1 -1/-1 -1/-1 -1/-1 -1/-1 -1/-1 -1/-1 -1/-1 -1/-1 -1/-1 -1/-1 -1/-1 -1/-1 -1/-1 -1/-1 -1/-1 -1/-1 -1/-1 -1/-1 -1/-1 -1/-1 -1/-1 -1/-1 -1/-1 -1/-1 -1/-1 -1/-1 -1/-1 -1/-1 -1/-1 -1/-1 -1/-1 -1/-1 -1/-1 -1/-1 -1/-1 -1/-1 -1/-1 -1/-1 -1/-1 -1/-1 -1/-1 -1/-1 -1/-1 -1/-1 -1/-1 -1/-1 -1/-1 -1/-1 -1/-1 -1/-1 -1/-1 -1/-1 -1/-1 -1/-1 -1/-1 -1/-1 -1/-1 -1/-1 -1/-1 -1/-1 -1/-1 -1/-1 -1/-1 -1/-1 -1/-1 -1/-1 -1/-1 -1/-1 -1/-1 -1/-1 -1/-1 -1/-1 -1/-1 -1/-1 -1/-1 -1/-1 -1/-1 -1/-1 -1/-1 -1/-1 -1/-1 -1/-1 -1/-1 -1/-1 -1/-1 -1/-1 -1/-1 -1/-1 -1/-1 -1/-1 -1/-1 -1/-1 -1/-1 -1/-1 -1/-1 -1/-1 -1/-1 -1/-1 -1/-1 -1/-1 -1/-1 -1/-1 -1/-1 -1/-1 -1/-1 -1/-1 -1/-1 -1/-1 -1/-1 -1/-1 -1/-1 -1/-1 -1/-1 -1/-1 -1/-1 -1/-1 -1/-1 -1/-1 -1/-1 -1/-1 -1/-1 -1/-1 -1/-1 -1/-1 -1/-1 -1/-1 -1/-1 -1/-1 -1/-1 -1/-1 -1/-1 -1/-1 -1/-1 -1/-1 -1/-1 -1/-1 -1/-1 -1/-1 -1/-1 -1/-1 -1/-1 -1/-1 -1/-1 -1/-1 -1/-1 -1/-1 -1/-1 -1/-1 -1/-1 -1/-1 -1/-1 -1/-1 -1/-1
t0.stop_reason = satisfiable
t0.restarts = 48
t0.nogoods_size = 64091
t0.nodes = 73028
t0.propagations = 73028
search_time = 4724
