hostname = r1i1n13
commandline = ../glasgow/solve_subgraph_isomorphism --value-ordering=random --triggered-restarts --geometric-restarts=1.0 --restarts-constant=100000 --restart-timer=100 --threads=36 --timeout 1000 --format lad ../instances/si/si6_bvg_b03_200/si6_b03_m200.01/pattern ../instances/si/si6_bvg_b03_200/si6_b03_m200.01/target
started_at = 2018-11-26 14:16:20
pattern_file = ../instances/si/si6_bvg_b03_200/si6_b03_m200.01/pattern
target_file = ../instances/si/si6_bvg_b03_200/si6_b03_m200.01/target
status = true
nodes = 27
propagations = 60
mapping = (0 -> 179) (1 -> 100) (2 -> 15) (3 -> 68) (4 -> 113) (5 -> 3) (6 -> 167) (7 -> 61) (8 -> 161) (9 -> 123) (10 -> 126) (11 -> 177) (12 -> 18) (13 -> 52) (14 -> 158) (15 -> 13) (16 -> 47) (17 -> 88) (18 -> 85) (19 -> 33) (20 -> 31) (21 -> 149) (22 -> 185) (23 -> 64) (24 -> 147) (25 -> 78) (26 -> 166) (27 -> 103) (28 -> 183) (29 -> 119) (30 -> 92) (31 -> 8) (32 -> 76) (33 -> 12) (34 -> 4) (35 -> 112) (36 -> 192) (37 -> 2) (38 -> 29) (39 -> 79) (40 -> 108) (41 -> 19) (42 -> 151) (43 -> 165) (44 -> 193) (45 -> 148) (46 -> 184) (47 -> 39) (48 -> 143) (49 -> 57) (50 -> 20) (51 -> 55) (52 -> 14) (53 -> 43) (54 -> 171) (55 -> 195) (56 -> 191) (57 -> 21) (58 -> 11) (59 -> 23) (60 -> 155) (61 -> 120) (62 -> 109) (63 -> 59) (64 -> 128) (65 -> 175) (66 -> 153) (67 -> 30) (68 -> 116) (69 -> 176) (70 -> 121) (71 -> 7) (72 -> 154) (73 -> 129) (74 -> 38) (75 -> 159) (76 -> 94) (77 -> 5) (78 -> 131) (79 -> 40) (80 -> 99) (81 -> 67) (82 -> 62) (83 -> 182) (84 -> 77) (85 -> 22) (86 -> 48) (87 -> 83) (88 -> 45) (89 -> 44) (90 -> 41) (91 -> 114) (92 -> 105) (93 -> 162) (94 -> 89) (95 -> 91) (96 -> 187) (97 -> 135) (98 -> 66) (99 -> 125) (100 -> 51) (101 -> 140) (102 -> 178) (103 -> 186) (104 -> 63) (105 -> 72) (106 -> 106) (107 -> 37) (108 -> 142) (109 -> 180) (110 -> 102) (111 -> 134) (112 -> 118) (113 -> 130) (114 -> 170) (115 -> 156) (116 -> 27) (117 -> 173) (118 -> 196) (119 -> 36) 
runtime = 19
t3.where = 0/200 -1/-1 0/2 -1/-1 -1/-1 -1/-1 -1/-1 -1/-1 -1/-1 -1/-1 -1/-1 -1/-1 -1/-1 -1/-1 -1/-1 -1/-1 -1/-1 -1/-1 -1/-1 -1/-1 -1/-1 -1/-1 -1/-1 -1/-1 -1/-1 -1/-1 -1/-1 -1/-1 -1/-1 -1/-1 -1/-1 -1/-1 -1/-1 -1/-1 -1/-1 -1/-1 -1/-1 -1/-1 -1/-1 -1/-1 -1/-1 -1/-1 -1/-1 -1/-1 -1/-1 -1/-1 -1/-1 -1/-1 -1/-1 -1/-1 -1/-1 -1/-1 -1/-1 -1/-1 -1/-1 -1/-1 -1/-1 -1/-1 -1/-1 -1/-1 -1/-1 -1/-1 -1/-1 -1/-1 -1/-1 -1/-1 -1/-1 -1/-1 -1/-1 -1/-1 -1/-1 -1/-1 -1/-1 -1/-1 -1/-1 -1/-1 -1/-1 -1/-1 -1/-1 -1/-1 -1/-1 -1/-1 -1/-1 -1/-1 -1/-1 -1/-1 -1/-1 -1/-1 -1/-1 -1/-1 -1/-1 -1/-1 -1/-1 -1/-1 -1/-1 -1/-1 -1/-1 -1/-1 -1/-1 -1/-1 -1/-1 -1/-1 -1/-1 -1/-1 -1/-1 -1/-1 -1/-1 -1/-1 -1/-1 -1/-1 -1/-1 -1/-1 -1/-1 -1/-1 -1/-1 -1/-1 -1/-1 -1/-1 -1/-1 -1/-1 -1/-1 -1/-1
t3.stop_reason = satisfiable
t3.restarts = 2
t3.nogoods_size = 36
t3.nodes = 3
t3.propagations = 3
t14.stop_reason = aborted
t14.restarts = 2
t14.nogoods_size = 36
t14.nodes = 0
t14.propagations = 0
t4.where = 0/200 -1/-1 0/2 -1/-1 -1/-1 -1/-1 -1/-1 -1/-1 -1/-1 -1/-1 -1/-1 -1/-1 -1/-1 -1/-1 -1/-1 -1/-1 -1/-1 -1/-1 -1/-1 -1/-1 -1/-1 -1/-1 -1/-1 -1/-1 -1/-1 -1/-1 -1/-1 -1/-1 -1/-1 -1/-1 -1/-1 -1/-1 -1/-1 -1/-1 -1/-1 -1/-1 -1/-1 -1/-1 -1/-1 -1/-1 -1/-1 -1/-1 -1/-1 -1/-1 -1/-1 -1/-1 -1/-1 -1/-1 -1/-1 -1/-1 -1/-1 -1/-1 -1/-1 -1/-1 -1/-1 -1/-1 -1/-1 -1/-1 -1/-1 -1/-1 -1/-1 -1/-1 -1/-1 -1/-1 -1/-1 -1/-1 -1/-1 -1/-1 -1/-1 -1/-1 -1/-1 -1/-1 -1/-1 -1/-1 -1/-1 -1/-1 -1/-1 -1/-1 -1/-1 -1/-1 -1/-1 -1/-1 -1/-1 -1/-1 -1/-1 -1/-1 -1/-1 -1/-1 -1/-1 -1/-1 -1/-1 -1/-1 -1/-1 -1/-1 -1/-1 -1/-1 -1/-1 -1/-1 -1/-1 -1/-1 -1/-1 -1/-1 -1/-1 -1/-1 -1/-1 -1/-1 -1/-1 -1/-1 -1/-1 -1/-1 -1/-1 -1/-1 -1/-1 -1/-1 -1/-1 -1/-1 -1/-1 -1/-1 -1/-1 -1/-1 -1/-1 -1/-1
t4.stop_reason = satisfiable
t4.restarts = 2
t4.nogoods_size = 36
t4.nodes = 3
t4.propagations = 3
t7.stop_reason = aborted
t7.restarts = 2
t7.nogoods_size = 36
t7.nodes = 2
t7.propagations = 2
t2.where = 0/200 -1/-1 0/2 -1/-1 -1/-1 -1/-1 -1/-1 -1/-1 -1/-1 -1/-1 -1/-1 -1/-1 -1/-1 -1/-1 -1/-1 -1/-1 -1/-1 -1/-1 -1/-1 -1/-1 -1/-1 -1/-1 -1/-1 -1/-1 -1/-1 -1/-1 -1/-1 -1/-1 -1/-1 -1/-1 -1/-1 -1/-1 -1/-1 -1/-1 -1/-1 -1/-1 -1/-1 -1/-1 -1/-1 -1/-1 -1/-1 -1/-1 -1/-1 -1/-1 -1/-1 -1/-1 -1/-1 -1/-1 -1/-1 -1/-1 -1/-1 -1/-1 -1/-1 -1/-1 -1/-1 -1/-1 -1/-1 -1/-1 -1/-1 -1/-1 -1/-1 -1/-1 -1/-1 -1/-1 -1/-1 -1/-1 -1/-1 -1/-1 -1/-1 -1/-1 -1/-1 -1/-1 -1/-1 -1/-1 -1/-1 -1/-1 -1/-1 -1/-1 -1/-1 -1/-1 -1/-1 -1/-1 -1/-1 -1/-1 -1/-1 -1/-1 -1/-1 -1/-1 -1/-1 -1/-1 -1/-1 -1/-1 -1/-1 -1/-1 -1/-1 -1/-1 -1/-1 -1/-1 -1/-1 -1/-1 -1/-1 -1/-1 -1/-1 -1/-1 -1/-1 -1/-1 -1/-1 -1/-1 -1/-1 -1/-1 -1/-1 -1/-1 -1/-1 -1/-1 -1/-1 -1/-1 -1/-1 -1/-1 -1/-1 -1/-1 -1/-1 -1/-1
t2.stop_reason = satisfiable
t2.restarts = 2
t2.nogoods_size = 36
t2.nodes = 3
t2.propagations = 3
t16.stop_reason = aborted
t16.restarts = 2
t16.nogoods_size = 36
t16.nodes = 0
t16.propagations = 0
t13.stop_reason = aborted
t13.restarts = 2
t13.nogoods_size = 36
t13.nodes = 0
t13.propagations = 0
t0.stop_reason = aborted
t0.restarts = 2
t0.nogoods_size = 36
t0.nodes = 2
t0.propagations = 2
t18.stop_reason = aborted
t18.restarts = 2
t18.nogoods_size = 36
t18.nodes = 0
t18.propagations = 0
t17.stop_reason = aborted
t17.restarts = 2
t17.nogoods_size = 36
t17.nodes = 0
t17.propagations = 0
t12.stop_reason = aborted
t12.restarts = 2
t12.nogoods_size = 36
t12.nodes = 0
t12.propagations = 0
t1.stop_reason = aborted
t1.restarts = 2
t1.nogoods_size = 36
t1.nodes = 2
t1.propagations = 2
t5.stop_reason = aborted
t5.restarts = 2
t5.nogoods_size = 36
t5.nodes = 2
t5.propagations = 2
t9.stop_reason = aborted
t9.restarts = 2
t9.nogoods_size = 36
t9.nodes = 2
t9.propagations = 2
t19.stop_reason = aborted
t19.restarts = 2
t19.nogoods_size = 36
t19.nodes = 0
t19.propagations = 0
t8.stop_reason = aborted
t8.restarts = 2
t8.nogoods_size = 36
t8.nodes = 2
t8.propagations = 2
t6.stop_reason = aborted
t6.restarts = 2
t6.nogoods_size = 36
t6.nodes = 2
t6.propagations = 2
t10.stop_reason = aborted
t10.restarts = 2
t10.nogoods_size = 36
t10.nodes = 2
t10.propagations = 2
t22.stop_reason = aborted
t22.restarts = 2
t22.nogoods_size = 36
t22.nodes = 0
t22.propagations = 0
t23.stop_reason = aborted
t23.restarts = 2
t23.nogoods_size = 36
t23.nodes = 0
t23.propagations = 0
t20.stop_reason = aborted
t20.restarts = 2
t20.nogoods_size = 36
t20.nodes = 0
t20.propagations = 0
t15.stop_reason = aborted
t15.restarts = 2
t15.nogoods_size = 36
t15.nodes = 0
t15.propagations = 0
t21.stop_reason = aborted
t21.restarts = 2
t21.nogoods_size = 36
t21.nodes = 0
t21.propagations = 0
t25.stop_reason = aborted
t25.restarts = 2
t25.nogoods_size = 36
t25.nodes = 0
t25.propagations = 0
t24.stop_reason = aborted
t24.restarts = 2
t24.nogoods_size = 36
t24.nodes = 0
t24.propagations = 0
t11.stop_reason = aborted
t11.restarts = 2
t11.nogoods_size = 36
t11.nodes = 2
t11.propagations = 2
t26.stop_reason = aborted
t26.restarts = 2
t26.nogoods_size = 36
t26.nodes = 0
t26.propagations = 0
t27.stop_reason = aborted
t27.restarts = 2
t27.nogoods_size = 36
t27.nodes = 0
t27.propagations = 0
t28.stop_reason = aborted
t28.restarts = 2
t28.nogoods_size = 36
t28.nodes = 0
t28.propagations = 0
t29.stop_reason = aborted
t29.restarts = 2
t29.nogoods_size = 36
t29.nodes = 0
t29.propagations = 0
t31.stop_reason = aborted
t31.restarts = 2
t31.nogoods_size = 36
t31.nodes = 0
t31.propagations = 0
t30.stop_reason = aborted
t30.restarts = 2
t30.nogoods_size = 36
t30.nodes = 0
t30.propagations = 0
t32.stop_reason = aborted
t32.restarts = 2
t32.nogoods_size = 36
t32.nodes = 0
t32.propagations = 0
t33.stop_reason = aborted
t33.restarts = 2
t33.nogoods_size = 36
t33.nodes = 0
t33.propagations = 0
t34.stop_reason = aborted
t34.restarts = 2
t34.nogoods_size = 36
t34.nodes = 0
t34.propagations = 0
t35.stop_reason = aborted
t35.restarts = 2
t35.nogoods_size = 36
t35.nodes = 0
t35.propagations = 0
search_time = 13
