hostname = r1i2n31
commandline = ../glasgow/solve_subgraph_isomorphism --value-ordering=biased --geometric-restarts=1.0 --restarts-constant=10000 --threads=36 --timeout 1000 --format lad ../instances/meshes-CVIU11/patterns/pattern3 ../instances/meshes-CVIU11/targets/target157
started_at = 2018-11-15 05:18:40
pattern_file = ../instances/meshes-CVIU11/patterns/pattern3
target_file = ../instances/meshes-CVIU11/targets/target157
status = true
nodes = 1254431
propagations = 3297005
mapping = (0 -> 130) (1 -> 3) (2 -> 1581) (3 -> 1585) (4 -> 1580) (5 -> 921) (6 -> 922) (7 -> 934) (8 -> 935) (9 -> 936) (10 -> 965) (11 -> 966) (12 -> 1003) (13 -> 963) (14 -> 962) (15 -> 970) (16 -> 960) (17 -> 961) (18 -> 957) (19 -> 958) (20 -> 972) (21 -> 955) (22 -> 974) (23 -> 975) (24 -> 953) (25 -> 952) (26 -> 951) (27 -> 950) (28 -> 949) (29 -> 948) (30 -> 983) (31 -> 984) (32 -> 946) (33 -> 945) (34 -> 944) (35 -> 943) (36 -> 967) (37 -> 941) (38 -> 942) (39 -> 976) (40 -> 979) (41 -> 978) (42 -> 992) (43 -> 973) (44 -> 971) (45 -> 959) (46 -> 1004) (47 -> 276) (48 -> 277) (49 -> 275) (50 -> 274) (51 -> 272) (52 -> 1010) (53 -> 271) (54 -> 746) (55 -> 745) (56 -> 1005) (57 -> 882) (58 -> 1007) (59 -> 880) (60 -> 879) (61 -> 440) (62 -> 441) (63 -> 438) (64 -> 996) (65 -> 1000) (66 -> 1001) (67 -> 991) (68 -> 990) (69 -> 989) (70 -> 988) (71 -> 1002) (72 -> 980) (73 -> 981) (74 -> 982) (75 -> 985) (76 -> 986) (77 -> 993) (78 -> 999) (79 -> 998) (80 -> 997) (81 -> 995) (82 -> 994) (83 -> 937) (84 -> 938) (85 -> 964) (86 -> 883) (87 -> 884) (88 -> 913) (89 -> 885) (90 -> 887) (91 -> 385) (92 -> 296) (93 -> 382) (94 -> 381) (95 -> 394) (96 -> 395) (97 -> 431) (98 -> 430) (99 -> 429) (100 -> 129) (101 -> 128) (102 -> 405) (103 -> 428) (104 -> 132) (105 -> 133) (106 -> 134) (107 -> 135) (108 -> 412) (109 -> 413) (110 -> 386) (111 -> 387) (112 -> 384) (113 -> 383) (114 -> 388) (115 -> 390) (116 -> 389) (117 -> 397) (118 -> 398) (119 -> 400) (120 -> 399) (121 -> 888) (122 -> 886) (123 -> 1540) (124 -> 1083) (125 -> 69) (126 -> 35) (127 -> 65) (128 -> 77) (129 -> 76) (130 -> 74) (131 -> 71) (132 -> 68) (133 -> 1347) (134 -> 1337) (135 -> 1336) (136 -> 1349) (137 -> 1350) (138 -> 1358) (139 -> 1327) (140 -> 1328) (141 -> 1267) (142 -> 1330) (143 -> 1331) (144 -> 1332) (145 -> 1333) (146 -> 1272) (147 -> 1273) (148 -> 1326) (149 -> 1325) (150 -> 1324) (151 -> 1080) (152 -> 1081) (153 -> 1375) (154 -> 1376) (155 -> 549) (156 -> 1139) (157 -> 14) (158 -> 1426) (159 -> 1582) (160 -> 1373) (161 -> 1077) (162 -> 1109) 
runtime = 1564
t21.stop_reason = aborted
t21.restarts = 8
t21.nogoods_size = 5676
t21.nodes = 39515
t21.propagations = 39515
t12.stop_reason = aborted
t12.restarts = 8
t12.nogoods_size = 5676
t12.nodes = 38620
t12.propagations = 38620
t3.stop_reason = aborted
t3.restarts = 8
t3.nogoods_size = 5676
t3.nodes = 22182
t3.propagations = 22182
t32.stop_reason = aborted
t32.restarts = 8
t32.nogoods_size = 5676
t32.nodes = 31183
t32.propagations = 31183
t29.stop_reason = aborted
t29.restarts = 8
t29.nogoods_size = 5676
t29.nodes = 37664
t29.propagations = 37664
t7.stop_reason = aborted
t7.restarts = 8
t7.nogoods_size = 5676
t7.nodes = 30693
t7.propagations = 30693
t18.stop_reason = aborted
t18.restarts = 8
t18.nogoods_size = 5676
t18.nodes = 30017
t18.propagations = 30017
t2.stop_reason = aborted
t2.restarts = 8
t2.nogoods_size = 5676
t2.nodes = 38729
t2.propagations = 38729
t23.stop_reason = aborted
t23.restarts = 8
t23.nogoods_size = 5676
t23.nodes = 33017
t23.propagations = 33017
t15.where = -1/-1 0/5 -1/-1 0/2 -1/-1 -1/-1 -1/-1 -1/-1 -1/-1 -1/-1 -1/-1 0/485 -1/-1 0/4 -1/-1 0/3 -1/-1 0/2 -1/-1 0/2 -1/-1 0/2 -1/-1 -1/-1 0/2 -1/-1 -1/-1 -1/-1 0/2 -1/-1 0/2 -1/-1 0/2 -1/-1 1/3 -1/-1 0/2 -1/-1 0/2 -1/-1 -1/-1 0/2 -1/-1 0/4 -1/-1 0/2 -1/-1 0/4 -1/-1 0/2 -1/-1 -1/-1 -1/-1 0/2 -1/-1 -1/-1 0/2 -1/-1 0/2 -1/-1 1/2 -1/-1 0/2 -1/-1 0/4 -1/-1 0/3 -1/-1 1/2 -1/-1 -1/-1 -1/-1 -1/-1 -1/-1 1/2 -1/-1 0/3 -1/-1 0/3 -1/-1 2/3 -1/-1 1/2 -1/-1 -1/-1 1/3 -1/-1 0/2 -1/-1 1/2 -1/-1 0/2 -1/-1 -1/-1 0/2 -1/-1 -1/-1 0/2 -1/-1 0/3 -1/-1 0/2 -1/-1 -1/-1 0/2 -1/-1 0/2 -1/-1 0/3 -1/-1 -1/-1 0/2 -1/-1 0/2 -1/-1 0/2 -1/-1 0/2 -1/-1 -1/-1 -1/-1 -1/-1 0/3 -1/-1 -1/-1 -1/-1 0/2 -1/-1 -1/-1 -1/-1 1/3 -1/-1 0/3 -1/-1 0/4 -1/-1 -1/-1 0/2 -1/-1 -1/-1 0/3 -1/-1 0/2 -1/-1 0/4 -1/-1 0/3 -1/-1 0/2 -1/-1 -1/-1 1/4 -1/-1 0/4 -1/-1 0/3 -1/-1 0/2 -1/-1 -1/-1 0/2 -1/-1 0/3 -1/-1 0/2 -1/-1 0/2 -1/-1 0/3 -1/-1 -1/-1 0/2 -1/-1 -1/-1 0/2 -1/-1 0/2 -1/-1 0/3 -1/-1 0/3 -1/-1 -1/-1 0/4 -1/-1 -1/-1 0/6 -1/-1 1/4 -1/-1 0/5 -1/-1 0/2 -1/-1 1/2 -1/-1 1/3 -1/-1 0/3 -1/-1 -1/-1 -1/-1 -1/-1 -1/-1 -1/-1 0/3 -1/-1 0/4 -1/-1 0/2 -1/-1 0/1141 -1/-1 0/3 -1/-1 0/2 -1/-1 -1/-1 -1/-1 0/4 -1/-1 0/3 -1/-1 0/3 -1/-1 -1/-1 0/2 -1/-1 -1/-1 -1/-1 0/2 -1/-1 -1/-1 0/2 -1/-1 0/2 -1/-1 0/2 -1/-1 0/3 -1/-1 0/3 -1/-1 0/2 -1/-1 0/5 -1/-1 0/2 -1/-1 0/1242 -1/-1 0/4 -1/-1 0/4 -1/-1 0/1331 -1/-1 0/2 -1/-1 0/1336 -1/-1 0/1335 -1/-1 0/1334 -1/-1 0/1333 -1/-1 0/1332 -1/-1 0/1331 -1/-1 0/1330 -1/-1 0/1329 -1/-1 0/1328 -1/-1
t15.stop_reason = satisfiable
t15.restarts = 8
t15.nogoods_size = 5676
t15.nodes = 40820
t15.propagations = 40820
t26.stop_reason = aborted
t26.restarts = 8
t26.nogoods_size = 5676
t26.nodes = 39196
t26.propagations = 39196
t17.stop_reason = aborted
t17.restarts = 8
t17.nogoods_size = 5676
t17.nodes = 32689
t17.propagations = 32689
t22.stop_reason = aborted
t22.restarts = 8
t22.nogoods_size = 5676
t22.nodes = 28335
t22.propagations = 28335
t14.stop_reason = aborted
t14.restarts = 8
t14.nogoods_size = 5676
t14.nodes = 25389
t14.propagations = 25389
t13.stop_reason = aborted
t13.restarts = 8
t13.nogoods_size = 5676
t13.nodes = 39160
t13.propagations = 39160
t1.stop_reason = aborted
t1.restarts = 8
t1.nogoods_size = 5676
t1.nodes = 34814
t1.propagations = 34814
t8.stop_reason = aborted
t8.restarts = 8
t8.nogoods_size = 5676
t8.nodes = 36531
t8.propagations = 36531
t4.stop_reason = aborted
t4.restarts = 8
t4.nogoods_size = 5676
t4.nodes = 36433
t4.propagations = 36433
t28.stop_reason = aborted
t28.restarts = 8
t28.nogoods_size = 5676
t28.nodes = 37483
t28.propagations = 37483
t31.stop_reason = aborted
t31.restarts = 8
t31.nogoods_size = 5676
t31.nodes = 33795
t31.propagations = 33795
t16.stop_reason = aborted
t16.restarts = 8
t16.nogoods_size = 5676
t16.nodes = 33879
t16.propagations = 33879
t24.stop_reason = aborted
t24.restarts = 8
t24.nogoods_size = 5676
t24.nodes = 23413
t24.propagations = 23413
t34.stop_reason = aborted
t34.restarts = 8
t34.nogoods_size = 5676
t34.nodes = 46680
t34.propagations = 46680
t6.stop_reason = aborted
t6.restarts = 8
t6.nogoods_size = 5676
t6.nodes = 27227
t6.propagations = 27227
t33.stop_reason = aborted
t33.restarts = 8
t33.nogoods_size = 5676
t33.nodes = 36578
t33.propagations = 36578
t10.stop_reason = aborted
t10.restarts = 8
t10.nogoods_size = 5676
t10.nodes = 39088
t10.propagations = 39088
t11.stop_reason = aborted
t11.restarts = 8
t11.nogoods_size = 5676
t11.nodes = 33873
t11.propagations = 33873
t35.stop_reason = aborted
t35.restarts = 8
t35.nogoods_size = 5676
t35.nodes = 40188
t35.propagations = 40188
t19.stop_reason = aborted
t19.restarts = 8
t19.nogoods_size = 5676
t19.nodes = 31525
t19.propagations = 31525
t20.stop_reason = aborted
t20.restarts = 8
t20.nogoods_size = 5676
t20.nodes = 32977
t20.propagations = 32977
t27.stop_reason = aborted
t27.restarts = 8
t27.nogoods_size = 5676
t27.nodes = 40528
t27.propagations = 40528
t0.stop_reason = aborted
t0.restarts = 8
t0.nogoods_size = 5676
t0.nodes = 31326
t0.propagations = 31326
t30.stop_reason = aborted
t30.restarts = 8
t30.nogoods_size = 5676
t30.nodes = 32817
t30.propagations = 32817
t25.stop_reason = aborted
t25.restarts = 8
t25.nogoods_size = 5676
t25.nodes = 42133
t25.propagations = 42133
t5.stop_reason = aborted
t5.restarts = 8
t5.nogoods_size = 5676
t5.nodes = 43655
t5.propagations = 43655
t9.stop_reason = aborted
t9.restarts = 8
t9.nogoods_size = 5676
t9.nodes = 32279
t9.propagations = 32279
search_time = 1251
