hostname = r1i2n26
commandline = ../glasgow/solve_subgraph_isomorphism --value-ordering=biased --geometric-restarts=1.0 --restarts-constant=10000 --threads=36 --timeout 1000 --format lad ../instances/LV/g11 ../instances/LV/g27
started_at = 2018-11-14 19:15:03
pattern_file = ../instances/LV/g11
target_file = ../instances/LV/g27
status = false
nodes = 14213348
propagations = 48266827
runtime = 1871
t5.stop_reason = unsatisfiable
t5.restarts = 51
t5.nogoods_size = 35008
t5.nodes = 369801
t5.propagations = 369801
t23.stop_reason = unsatisfiable
t23.restarts = 51
t23.nogoods_size = 35008
t23.nodes = 381713
t23.propagations = 381713
t18.stop_reason = unsatisfiable
t18.restarts = 51
t18.nogoods_size = 35008
t18.nodes = 396383
t18.propagations = 396383
t0.stop_reason = unsatisfiable
t0.restarts = 51
t0.nogoods_size = 35008
t0.nodes = 387016
t0.propagations = 387016
t12.stop_reason = unsatisfiable
t12.restarts = 51
t12.nogoods_size = 35008
t12.nodes = 407163
t12.propagations = 407163
t3.stop_reason = unsatisfiable
t3.restarts = 51
t3.nogoods_size = 35008
t3.nodes = 394599
t3.propagations = 394599
t16.stop_reason = unsatisfiable
t16.restarts = 51
t16.nogoods_size = 35008
t16.nodes = 355201
t16.propagations = 355201
t1.stop_reason = unsatisfiable
t1.restarts = 51
t1.nogoods_size = 35008
t1.nodes = 379078
t1.propagations = 379078
t7.stop_reason = unsatisfiable
t7.restarts = 51
t7.nogoods_size = 35008
t7.nodes = 389556
t7.propagations = 389556
t28.stop_reason = unsatisfiable
t28.restarts = 51
t28.nogoods_size = 35008
t28.nodes = 408518
t28.propagations = 408518
t11.stop_reason = unsatisfiable
t11.restarts = 51
t11.nogoods_size = 35008
t11.nodes = 354737
t11.propagations = 354737
t22.stop_reason = unsatisfiable
t22.restarts = 51
t22.nogoods_size = 35008
t22.nodes = 390847
t22.propagations = 390847
t20.stop_reason = unsatisfiable
t20.restarts = 51
t20.nogoods_size = 35008
t20.nodes = 407607
t20.propagations = 407607
t31.stop_reason = unsatisfiable
t31.restarts = 51
t31.nogoods_size = 35008
t31.nodes = 406377
t31.propagations = 406377
t14.stop_reason = unsatisfiable
t14.restarts = 51
t14.nogoods_size = 35008
t14.nodes = 395318
t14.propagations = 395318
t15.stop_reason = unsatisfiable
t15.restarts = 51
t15.nogoods_size = 35008
t15.nodes = 391509
t15.propagations = 391509
t32.stop_reason = unsatisfiable
t32.restarts = 51
t32.nogoods_size = 35008
t32.nodes = 431344
t32.propagations = 431344
t30.stop_reason = unsatisfiable
t30.restarts = 51
t30.nogoods_size = 35008
t30.nodes = 381867
t30.propagations = 381867
t33.stop_reason = unsatisfiable
t33.restarts = 51
t33.nogoods_size = 35008
t33.nodes = 412015
t33.propagations = 412015
t24.stop_reason = unsatisfiable
t24.restarts = 51
t24.nogoods_size = 35008
t24.nodes = 399998
t24.propagations = 399998
t10.stop_reason = unsatisfiable
t10.restarts = 51
t10.nogoods_size = 35008
t10.nodes = 410319
t10.propagations = 410319
t19.stop_reason = unsatisfiable
t19.restarts = 51
t19.nogoods_size = 35008
t19.nodes = 387564
t19.propagations = 387564
t21.stop_reason = unsatisfiable
t21.restarts = 51
t21.nogoods_size = 35008
t21.nodes = 397571
t21.propagations = 397571
t4.stop_reason = unsatisfiable
t4.restarts = 51
t4.nogoods_size = 35008
t4.nodes = 412381
t4.propagations = 412381
t2.stop_reason = unsatisfiable
t2.restarts = 51
t2.nogoods_size = 35008
t2.nodes = 409131
t2.propagations = 409131
t6.stop_reason = unsatisfiable
t6.restarts = 51
t6.nogoods_size = 35008
t6.nodes = 397788
t6.propagations = 397788
t27.stop_reason = unsatisfiable
t27.restarts = 51
t27.nogoods_size = 35008
t27.nodes = 391884
t27.propagations = 391884
t8.stop_reason = unsatisfiable
t8.restarts = 51
t8.nogoods_size = 35008
t8.nodes = 388056
t8.propagations = 388056
t35.stop_reason = unsatisfiable
t35.restarts = 51
t35.nogoods_size = 35008
t35.nodes = 423978
t35.propagations = 423978
t9.stop_reason = unsatisfiable
t9.restarts = 51
t9.nogoods_size = 35008
t9.nodes = 414188
t9.propagations = 414188
t25.stop_reason = unsatisfiable
t25.restarts = 51
t25.nogoods_size = 35008
t25.nodes = 386964
t25.propagations = 386964
t13.stop_reason = unsatisfiable
t13.restarts = 51
t13.nogoods_size = 35008
t13.nodes = 385078
t13.propagations = 385078
t26.stop_reason = unsatisfiable
t26.restarts = 51
t26.nogoods_size = 35008
t26.nodes = 392199
t26.propagations = 392199
t34.stop_reason = unsatisfiable
t34.restarts = 51
t34.nogoods_size = 35008
t34.nodes = 394302
t34.propagations = 394302
t29.stop_reason = unsatisfiable
t29.restarts = 51
t29.nogoods_size = 35008
t29.nodes = 393334
t29.propagations = 393334
t17.stop_reason = unsatisfiable
t17.restarts = 51
t17.nogoods_size = 35008
t17.nodes = 387964
t17.propagations = 387964
search_time = 1657
