hostname = r1i2n12
commandline = ../glasgow/solve_subgraph_isomorphism --value-ordering=biased --geometric-restarts=1.0 --restarts-constant=10000 --threads=36 --timeout 1000 --format lad ../instances/LV/g3 ../instances/largerGraphs/g69
started_at = 2018-11-15 05:18:00
pattern_file = ../instances/LV/g3
target_file = ../instances/largerGraphs/g69
status = false
nodes = 181732
propagations = 572404
runtime = 52
t34.stop_reason = unsatisfiable
t34.restarts = 3
t34.nogoods_size = 3742
t34.nodes = 9244
t34.propagations = 9244
t23.stop_reason = aborted
t23.restarts = 3
t23.nogoods_size = 3742
t23.nodes = 4400
t23.propagations = 4400
t1.stop_reason = aborted
t1.restarts = 3
t1.nogoods_size = 3742
t1.nodes = 4754
t1.propagations = 4754
t0.stop_reason = aborted
t0.restarts = 3
t0.nogoods_size = 3742
t0.nodes = 10486
t0.propagations = 10486
t18.stop_reason = aborted
t18.restarts = 3
t18.nogoods_size = 3742
t18.nodes = 2506
t18.propagations = 2506
t10.stop_reason = aborted
t10.restarts = 3
t10.nogoods_size = 3742
t10.nodes = 8777
t10.propagations = 8777
t17.stop_reason = aborted
t17.restarts = 3
t17.nogoods_size = 3742
t17.nodes = 7854
t17.propagations = 7854
t7.stop_reason = aborted
t7.restarts = 3
t7.nogoods_size = 3742
t7.nodes = 4987
t7.propagations = 4987
t3.stop_reason = aborted
t3.restarts = 3
t3.nogoods_size = 3742
t3.nodes = 5952
t3.propagations = 5952
t11.stop_reason = aborted
t11.restarts = 3
t11.nogoods_size = 3742
t11.nodes = 4469
t11.propagations = 4469
t9.stop_reason = aborted
t9.restarts = 3
t9.nogoods_size = 3742
t9.nodes = 5448
t9.propagations = 5448
t27.stop_reason = aborted
t27.restarts = 3
t27.nogoods_size = 3742
t27.nodes = 5498
t27.propagations = 5498
t35.stop_reason = aborted
t35.restarts = 3
t35.nogoods_size = 3742
t35.nodes = 4051
t35.propagations = 4051
t31.stop_reason = aborted
t31.restarts = 3
t31.nogoods_size = 3742
t31.nodes = 4222
t31.propagations = 4222
t26.stop_reason = aborted
t26.restarts = 3
t26.nogoods_size = 3742
t26.nodes = 4114
t26.propagations = 4114
t5.stop_reason = aborted
t5.restarts = 3
t5.nogoods_size = 3742
t5.nodes = 5007
t5.propagations = 5007
t24.stop_reason = aborted
t24.restarts = 3
t24.nogoods_size = 3742
t24.nodes = 4514
t24.propagations = 4514
t16.stop_reason = aborted
t16.restarts = 3
t16.nogoods_size = 3742
t16.nodes = 2555
t16.propagations = 2555
t22.stop_reason = aborted
t22.restarts = 3
t22.nogoods_size = 3742
t22.nodes = 2291
t22.propagations = 2291
t29.stop_reason = aborted
t29.restarts = 3
t29.nogoods_size = 3742
t29.nodes = 2301
t29.propagations = 2301
t30.stop_reason = aborted
t30.restarts = 3
t30.nogoods_size = 3742
t30.nodes = 4245
t30.propagations = 4245
t25.stop_reason = aborted
t25.restarts = 3
t25.nogoods_size = 3742
t25.nodes = 4533
t25.propagations = 4533
t15.stop_reason = aborted
t15.restarts = 3
t15.nogoods_size = 3742
t15.nodes = 4482
t15.propagations = 4482
t4.stop_reason = aborted
t4.restarts = 3
t4.nogoods_size = 3742
t4.nodes = 4932
t4.propagations = 4932
t13.stop_reason = aborted
t13.restarts = 3
t13.nogoods_size = 3742
t13.nodes = 4879
t13.propagations = 4879
t20.stop_reason = aborted
t20.restarts = 3
t20.nogoods_size = 3742
t20.nodes = 4285
t20.propagations = 4285
t8.stop_reason = aborted
t8.restarts = 3
t8.nogoods_size = 3742
t8.nodes = 4554
t8.propagations = 4554
t21.stop_reason = aborted
t21.restarts = 3
t21.nogoods_size = 3742
t21.nodes = 4712
t21.propagations = 4712
t14.stop_reason = aborted
t14.restarts = 3
t14.nogoods_size = 3742
t14.nodes = 4407
t14.propagations = 4407
t19.stop_reason = aborted
t19.restarts = 3
t19.nogoods_size = 3742
t19.nodes = 5286
t19.propagations = 5286
t28.stop_reason = aborted
t28.restarts = 3
t28.nogoods_size = 3742
t28.nodes = 4309
t28.propagations = 4309
t32.stop_reason = aborted
t32.restarts = 3
t32.nogoods_size = 3742
t32.nodes = 4500
t32.propagations = 4500
t6.stop_reason = aborted
t6.restarts = 3
t6.nogoods_size = 3742
t6.nodes = 5528
t6.propagations = 5528
t12.stop_reason = aborted
t12.restarts = 3
t12.nogoods_size = 3742
t12.nodes = 4905
t12.propagations = 4905
t2.stop_reason = aborted
t2.restarts = 3
t2.nogoods_size = 3742
t2.nodes = 8161
t2.propagations = 8161
t33.stop_reason = aborted
t33.restarts = 3
t33.nogoods_size = 3742
t33.nodes = 4584
t33.propagations = 4584
search_time = 35
