hostname = r1i3n3
commandline = ../glasgow/solve_subgraph_isomorphism --value-ordering=biased --geometric-restarts=1.0 --restarts-constant=10000 --threads=36 --timeout 1000 --format lad ../instances/phase/phase-30-150-0.68-0.64-0.68-8-pattern ../instances/phase/phase-30-150-0.68-0.64-0.68-8-target
started_at = 2018-11-15 03:04:34
pattern_file = ../instances/phase/phase-30-150-0.68-0.64-0.68-8-pattern
target_file = ../instances/phase/phase-30-150-0.68-0.64-0.68-8-target
status = true
nodes = 249946706
propagations = 625893673
mapping = (0 -> 40) (1 -> 118) (2 -> 51) (3 -> 44) (4 -> 135) (5 -> 102) (6 -> 116) (7 -> 18) (8 -> 68) (9 -> 123) (10 -> 21) (11 -> 148) (12 -> 141) (13 -> 35) (14 -> 144) (15 -> 9) (16 -> 58) (17 -> 53) (18 -> 62) (19 -> 124) (20 -> 67) (21 -> 1) (22 -> 49) (23 -> 47) (24 -> 97) (25 -> 86) (26 -> 133) (27 -> 149) (28 -> 64) (29 -> 103) 
runtime = 45650
t5.where = 0/150 -1/-1 0/114 -1/-1 0/78 -1/-1 0/58 -1/-1 0/43 -1/-1 0/34 -1/-1 0/28 -1/-1 0/22 -1/-1 0/16 -1/-1 0/13 -1/-1 2/7 -1/-1 3/6 -1/-1 0/4 -1/-1 1/3 -1/-1 0/2 -1/-1 0/2 -1/-1 1/2 -1/-1 -1/-1 -1/-1 0/2 -1/-1 0/2 -1/-1 0/2 -1/-1 -1/-1 -1/-1 0/2 -1/-1 -1/-1 -1/-1 -1/-1 -1/-1 -1/-1
t5.stop_reason = satisfiable
t5.restarts = 1106
t5.nogoods_size = 557609
t5.nodes = 7215525
t5.propagations = 7215525
t15.stop_reason = aborted
t15.restarts = 1106
t15.nogoods_size = 557609
t15.nodes = 7204464
t15.propagations = 7204464
t12.stop_reason = aborted
t12.restarts = 1106
t12.nogoods_size = 557609
t12.nodes = 6603697
t12.propagations = 6603697
t17.stop_reason = aborted
t17.restarts = 1106
t17.nogoods_size = 557609
t17.nodes = 7336652
t17.propagations = 7336652
t6.stop_reason = aborted
t6.restarts = 1106
t6.nogoods_size = 557609
t6.nodes = 7617826
t6.propagations = 7617826
t21.stop_reason = aborted
t21.restarts = 1106
t21.nogoods_size = 557609
t21.nodes = 7289098
t21.propagations = 7289098
t2.stop_reason = aborted
t2.restarts = 1106
t2.nogoods_size = 557609
t2.nodes = 5689201
t2.propagations = 5689201
t33.stop_reason = aborted
t33.restarts = 1106
t33.nogoods_size = 557609
t33.nodes = 6075767
t33.propagations = 6075767
t24.stop_reason = aborted
t24.restarts = 1106
t24.nogoods_size = 557609
t24.nodes = 6418107
t24.propagations = 6418107
t29.stop_reason = aborted
t29.restarts = 1106
t29.nogoods_size = 557609
t29.nodes = 7104804
t29.propagations = 7104804
t13.stop_reason = aborted
t13.restarts = 1106
t13.nogoods_size = 557609
t13.nodes = 7267137
t13.propagations = 7267137
t1.stop_reason = aborted
t1.restarts = 1106
t1.nogoods_size = 557609
t1.nodes = 6781790
t1.propagations = 6781790
t11.stop_reason = aborted
t11.restarts = 1106
t11.nogoods_size = 557609
t11.nodes = 7230507
t11.propagations = 7230507
t28.stop_reason = aborted
t28.restarts = 1106
t28.nogoods_size = 557609
t28.nodes = 6779292
t28.propagations = 6779292
t16.stop_reason = aborted
t16.restarts = 1106
t16.nogoods_size = 557609
t16.nodes = 6354786
t16.propagations = 6354786
t31.stop_reason = aborted
t31.restarts = 1106
t31.nogoods_size = 557609
t31.nodes = 7373106
t31.propagations = 7373106
t22.stop_reason = aborted
t22.restarts = 1106
t22.nogoods_size = 557609
t22.nodes = 7580645
t22.propagations = 7580645
t30.stop_reason = aborted
t30.restarts = 1106
t30.nogoods_size = 557609
t30.nodes = 6311247
t30.propagations = 6311247
t27.stop_reason = aborted
t27.restarts = 1106
t27.nogoods_size = 557609
t27.nodes = 7350322
t27.propagations = 7350322
t10.stop_reason = aborted
t10.restarts = 1106
t10.nogoods_size = 557609
t10.nodes = 6830275
t10.propagations = 6830275
t0.stop_reason = aborted
t0.restarts = 1106
t0.nogoods_size = 557609
t0.nodes = 6979306
t0.propagations = 6979306
t18.stop_reason = aborted
t18.restarts = 1106
t18.nogoods_size = 557609
t18.nodes = 6165638
t18.propagations = 6165638
t9.stop_reason = aborted
t9.restarts = 1106
t9.nogoods_size = 557609
t9.nodes = 7320634
t9.propagations = 7320634
t32.stop_reason = aborted
t32.restarts = 1106
t32.nogoods_size = 557609
t32.nodes = 6865241
t32.propagations = 6865241
t4.stop_reason = aborted
t4.restarts = 1106
t4.nogoods_size = 557609
t4.nodes = 6534812
t4.propagations = 6534812
t34.stop_reason = aborted
t34.restarts = 1106
t34.nogoods_size = 557609
t34.nodes = 7027586
t34.propagations = 7027586
t8.stop_reason = aborted
t8.restarts = 1106
t8.nogoods_size = 557609
t8.nodes = 6195321
t8.propagations = 6195321
t14.stop_reason = aborted
t14.restarts = 1106
t14.nogoods_size = 557609
t14.nodes = 6834872
t14.propagations = 6834872
t3.stop_reason = aborted
t3.restarts = 1106
t3.nogoods_size = 557609
t3.nodes = 7303495
t3.propagations = 7303495
t25.stop_reason = aborted
t25.restarts = 1106
t25.nogoods_size = 557609
t25.nodes = 7250300
t25.propagations = 7250300
t19.stop_reason = aborted
t19.restarts = 1106
t19.nogoods_size = 557609
t19.nodes = 7408590
t19.propagations = 7408590
t7.stop_reason = aborted
t7.restarts = 1106
t7.nogoods_size = 557609
t7.nodes = 7319621
t7.propagations = 7319621
t35.stop_reason = aborted
t35.restarts = 1106
t35.nogoods_size = 557609
t35.nodes = 7111222
t35.propagations = 7111222
t26.stop_reason = aborted
t26.restarts = 1106
t26.nogoods_size = 557609
t26.nodes = 7471822
t26.propagations = 7471822
t20.stop_reason = aborted
t20.restarts = 1106
t20.nogoods_size = 557609
t20.nodes = 7025083
t20.propagations = 7025083
t23.stop_reason = aborted
t23.restarts = 1106
t23.nogoods_size = 557609
t23.nodes = 6718915
t23.propagations = 6718915
search_time = 40769
