hostname = r1i2n0
commandline = ../glasgow/solve_subgraph_isomorphism --value-ordering=biased --geometric-restarts=1.0 --restarts-constant=10000 --threads=36 --timeout 1000 --format lad ../instances/phase/phase-30-150-0.64-0.62-0.64-2-pattern ../instances/phase/phase-30-150-0.64-0.62-0.64-2-target
started_at = 2018-11-15 05:13:06
pattern_file = ../instances/phase/phase-30-150-0.64-0.62-0.64-2-pattern
target_file = ../instances/phase/phase-30-150-0.64-0.62-0.64-2-target
status = true
nodes = 9908630
propagations = 24936185
mapping = (0 -> 28) (1 -> 86) (2 -> 122) (3 -> 25) (4 -> 42) (5 -> 78) (6 -> 29) (7 -> 139) (8 -> 83) (9 -> 106) (10 -> 59) (11 -> 35) (12 -> 24) (13 -> 102) (14 -> 36) (15 -> 79) (16 -> 56) (17 -> 134) (18 -> 135) (19 -> 44) (20 -> 145) (21 -> 6) (22 -> 136) (23 -> 98) (24 -> 62) (25 -> 129) (26 -> 67) (27 -> 108) (28 -> 5) (29 -> 115) 
runtime = 1048
t10.where = 0/150 -1/-1 0/110 -1/-1 0/83 -1/-1 0/58 -1/-1 0/35 -1/-1 0/22 -1/-1 0/14 -1/-1 0/15 -1/-1 0/10 -1/-1 2/10 -1/-1 5/9 -1/-1 2/5 -1/-1 1/3 -1/-1 1/3 -1/-1 1/3 -1/-1 0/2 -1/-1 -1/-1 -1/-1 -1/-1 -1/-1 -1/-1 -1/-1 -1/-1 -1/-1 -1/-1 -1/-1 -1/-1 -1/-1 -1/-1 -1/-1
t10.stop_reason = satisfiable
t10.restarts = 33
t10.nogoods_size = 17664
t10.nodes = 271067
t10.propagations = 271067
t28.stop_reason = aborted
t28.restarts = 33
t28.nogoods_size = 17664
t28.nodes = 264198
t28.propagations = 264198
t31.stop_reason = aborted
t31.restarts = 33
t31.nogoods_size = 17664
t31.nodes = 263535
t31.propagations = 263535
t21.stop_reason = aborted
t21.restarts = 33
t21.nogoods_size = 17664
t21.nodes = 274564
t21.propagations = 274564
t8.stop_reason = aborted
t8.restarts = 33
t8.nogoods_size = 17664
t8.nodes = 272019
t8.propagations = 272019
t9.stop_reason = aborted
t9.restarts = 33
t9.nogoods_size = 17664
t9.nodes = 270264
t9.propagations = 270264
t14.stop_reason = aborted
t14.restarts = 33
t14.nogoods_size = 17664
t14.nodes = 232275
t14.propagations = 232275
t3.stop_reason = aborted
t3.restarts = 33
t3.nogoods_size = 17664
t3.nodes = 288121
t3.propagations = 288121
t6.stop_reason = aborted
t6.restarts = 33
t6.nogoods_size = 17664
t6.nodes = 298588
t6.propagations = 298588
t2.stop_reason = aborted
t2.restarts = 33
t2.nogoods_size = 17664
t2.nodes = 280604
t2.propagations = 280604
t23.stop_reason = aborted
t23.restarts = 33
t23.nogoods_size = 17664
t23.nodes = 276307
t23.propagations = 276307
t32.stop_reason = aborted
t32.restarts = 33
t32.nogoods_size = 17664
t32.nodes = 266393
t32.propagations = 266393
t4.stop_reason = aborted
t4.restarts = 33
t4.nogoods_size = 17664
t4.nodes = 285317
t4.propagations = 285317
t24.stop_reason = aborted
t24.restarts = 33
t24.nogoods_size = 17664
t24.nodes = 277557
t24.propagations = 277557
t19.stop_reason = aborted
t19.restarts = 33
t19.nogoods_size = 17664
t19.nodes = 284115
t19.propagations = 284115
t25.stop_reason = aborted
t25.restarts = 33
t25.nogoods_size = 17664
t25.nodes = 259430
t25.propagations = 259430
t27.stop_reason = aborted
t27.restarts = 33
t27.nogoods_size = 17664
t27.nodes = 265052
t27.propagations = 265052
t0.stop_reason = aborted
t0.restarts = 33
t0.nogoods_size = 17664
t0.nodes = 288218
t0.propagations = 288218
t26.stop_reason = aborted
t26.restarts = 33
t26.nogoods_size = 17664
t26.nodes = 283972
t26.propagations = 283972
t16.stop_reason = aborted
t16.restarts = 33
t16.nogoods_size = 17664
t16.nodes = 285738
t16.propagations = 285738
t7.stop_reason = aborted
t7.restarts = 33
t7.nogoods_size = 17664
t7.nodes = 266174
t7.propagations = 266174
t33.stop_reason = aborted
t33.restarts = 33
t33.nogoods_size = 17664
t33.nodes = 294761
t33.propagations = 294761
t13.stop_reason = aborted
t13.restarts = 33
t13.nogoods_size = 17664
t13.nodes = 217628
t13.propagations = 217628
t5.stop_reason = aborted
t5.restarts = 33
t5.nogoods_size = 17664
t5.nodes = 297488
t5.propagations = 297488
t34.stop_reason = aborted
t34.restarts = 33
t34.nogoods_size = 17664
t34.nodes = 282766
t34.propagations = 282766
t17.stop_reason = aborted
t17.restarts = 33
t17.nogoods_size = 17664
t17.nodes = 262497
t17.propagations = 262497
t22.stop_reason = aborted
t22.restarts = 33
t22.nogoods_size = 17664
t22.nodes = 272243
t22.propagations = 272243
t35.stop_reason = aborted
t35.restarts = 33
t35.nogoods_size = 17664
t35.nodes = 296287
t35.propagations = 296287
t1.stop_reason = aborted
t1.restarts = 33
t1.nogoods_size = 17664
t1.nodes = 267456
t1.propagations = 267456
t29.stop_reason = aborted
t29.restarts = 33
t29.nogoods_size = 17664
t29.nodes = 260036
t29.propagations = 260036
t20.stop_reason = aborted
t20.restarts = 33
t20.nogoods_size = 17664
t20.nodes = 273890
t20.propagations = 273890
t18.stop_reason = aborted
t18.restarts = 33
t18.nogoods_size = 17664
t18.nodes = 288294
t18.propagations = 288294
t12.stop_reason = aborted
t12.restarts = 33
t12.nogoods_size = 17664
t12.nodes = 290118
t12.propagations = 290118
t30.stop_reason = aborted
t30.restarts = 33
t30.nogoods_size = 17664
t30.nodes = 286747
t30.propagations = 286747
t15.stop_reason = aborted
t15.restarts = 33
t15.nogoods_size = 17664
t15.nodes = 277008
t15.propagations = 277008
t11.stop_reason = aborted
t11.restarts = 33
t11.nogoods_size = 17664
t11.nodes = 287903
t11.propagations = 287903
search_time = 944
