hostname = r1i2n23
commandline = ../glasgow/solve_subgraph_isomorphism --value-ordering=biased --geometric-restarts=1.0 --restarts-constant=10000 --threads=36 --timeout 1000 --format lad ../instances/si/si2_m4D_m4D_1296/si2_m4D_m1296.01/pattern ../instances/si/si2_m4D_m4D_1296/si2_m4D_m1296.01/target
started_at = 2018-11-15 05:02:16
pattern_file = ../instances/si/si2_m4D_m4D_1296/si2_m4D_m1296.01/pattern
target_file = ../instances/si/si2_m4D_m4D_1296/si2_m4D_m1296.01/target
status = true
nodes = 187
propagations = 347
mapping = (0 -> 308) (1 -> 773) (2 -> 977) (3 -> 522) (4 -> 301) (5 -> 188) (6 -> 470) (7 -> 709) (8 -> 786) (9 -> 243) (10 -> 997) (11 -> 90) (12 -> 6) (13 -> 30) (14 -> 743) (15 -> 511) (16 -> 927) (17 -> 1013) (18 -> 950) (19 -> 845) (20 -> 689) (21 -> 517) (22 -> 1174) (23 -> 94) (24 -> 73) (25 -> 184) (26 -> 774) (27 -> 197) (28 -> 212) (29 -> 1201) (30 -> 735) (31 -> 526) (32 -> 480) (33 -> 346) (34 -> 1024) (35 -> 914) (36 -> 537) (37 -> 798) (38 -> 622) (39 -> 877) (40 -> 427) (41 -> 962) (42 -> 218) (43 -> 684) (44 -> 1138) (45 -> 119) (46 -> 810) (47 -> 664) (48 -> 884) (49 -> 805) (50 -> 610) (51 -> 917) (52 -> 139) (53 -> 714) (54 -> 963) (55 -> 9) (56 -> 80) (57 -> 443) (58 -> 1165) (59 -> 671) (60 -> 1219) (61 -> 136) (62 -> 1207) (63 -> 865) (64 -> 29) (65 -> 590) (66 -> 447) (67 -> 204) (68 -> 562) (69 -> 700) (70 -> 51) (71 -> 1125) (72 -> 776) (73 -> 268) (74 -> 857) (75 -> 685) (76 -> 1122) (77 -> 124) (78 -> 637) (79 -> 1191) (80 -> 931) (81 -> 77) (82 -> 329) (83 -> 453) (84 -> 463) (85 -> 413) (86 -> 1141) (87 -> 302) (88 -> 288) (89 -> 142) (90 -> 366) (91 -> 161) (92 -> 653) (93 -> 1126) (94 -> 491) (95 -> 1056) (96 -> 230) (97 -> 418) (98 -> 456) (99 -> 555) (100 -> 948) (101 -> 126) (102 -> 31) (103 -> 1039) (104 -> 1100) (105 -> 677) (106 -> 1249) (107 -> 748) (108 -> 819) (109 -> 599) (110 -> 150) (111 -> 221) (112 -> 587) (113 -> 1144) (114 -> 1167) (115 -> 1192) (116 -> 994) (117 -> 284) (118 -> 312) (119 -> 890) (120 -> 866) (121 -> 165) (122 -> 546) (123 -> 46) (124 -> 444) (125 -> 1240) (126 -> 1135) (127 -> 23) (128 -> 657) (129 -> 919) (130 -> 841) (131 -> 1268) (132 -> 457) (133 -> 1182) (134 -> 988) (135 -> 1020) (136 -> 989) (137 -> 839) (138 -> 1258) (139 -> 828) (140 -> 432) (141 -> 289) (142 -> 659) (143 -> 1267) (144 -> 725) (145 -> 1281) (146 -> 915) (147 -> 1080) (148 -> 1119) (149 -> 222) (150 -> 91) (151 -> 676) (152 -> 226) (153 -> 1136) (154 -> 1036) (155 -> 144) (156 -> 918) (157 -> 86) (158 -> 373) (159 -> 387) (160 -> 1004) (161 -> 869) (162 -> 686) (163 -> 947) (164 -> 388) (165 -> 1044) (166 -> 541) (167 -> 882) (168 -> 437) (169 -> 311) (170 -> 343) (171 -> 971) (172 -> 242) (173 -> 120) (174 -> 681) (175 -> 603) (176 -> 923) (177 -> 191) (178 -> 1195) (179 -> 1257) (180 -> 45) (181 -> 1210) (182 -> 1152) (183 -> 861) (184 -> 905) (185 -> 529) (186 -> 1009) (187 -> 579) (188 -> 621) (189 -> 1244) (190 -> 983) (191 -> 154) (192 -> 625) (193 -> 1081) (194 -> 391) (195 -> 340) (196 -> 551) (197 -> 710) (198 -> 342) (199 -> 1026) (200 -> 151) (201 -> 766) (202 -> 1280) (203 -> 1223) (204 -> 227) (205 -> 1015) (206 -> 907) (207 -> 279) (208 -> 1230) (209 -> 490) (210 -> 760) (211 -> 549) (212 -> 422) (213 -> 439) (214 -> 1238) (215 -> 1161) (216 -> 0) (217 -> 1) (218 -> 2) (219 -> 3) (220 -> 4) (221 -> 5) (222 -> 7) (223 -> 8) (224 -> 1087) (225 -> 10) (226 -> 11) (227 -> 12) (228 -> 13) (229 -> 14) (230 -> 897) (231 -> 15) (232 -> 16) (233 -> 17) (234 -> 327) (235 -> 18) (236 -> 749) (237 -> 19) (238 -> 20) (239 -> 455) (240 -> 21) (241 -> 22) (242 -> 24) (243 -> 25) (244 -> 26) (245 -> 27) (246 -> 28) (247 -> 32) (248 -> 33) (249 -> 34) (250 -> 980) (251 -> 35) (252 -> 36) (253 -> 37) (254 -> 38) (255 -> 39) (256 -> 40) (257 -> 41) (258 -> 42) 
runtime = 231
t30.stop_reason = aborted
t30.restarts = 2
t30.nogoods_size = 36
t30.nodes = 3
t30.propagations = 3
t29.stop_reason = aborted
t29.restarts = 2
t29.nogoods_size = 36
t29.nodes = 3
t29.propagations = 3
t33.stop_reason = aborted
t33.restarts = 2
t33.nogoods_size = 36
t33.nodes = 1
t33.propagations = 1
t14.stop_reason = aborted
t14.restarts = 2
t14.nogoods_size = 36
t14.nodes = 10
t14.propagations = 10
t9.stop_reason = aborted
t9.restarts = 2
t9.nogoods_size = 36
t9.nodes = 4
t9.propagations = 4
t35.stop_reason = aborted
t35.restarts = 2
t35.nogoods_size = 36
t35.nodes = 1
t35.propagations = 1
t10.stop_reason = aborted
t10.restarts = 2
t10.nogoods_size = 36
t10.nodes = 6
t10.propagations = 6
t21.stop_reason = aborted
t21.restarts = 2
t21.nogoods_size = 36
t21.nodes = 5
t21.propagations = 5
t28.stop_reason = aborted
t28.restarts = 2
t28.nogoods_size = 36
t28.nodes = 3
t28.propagations = 3
t26.stop_reason = aborted
t26.restarts = 2
t26.nogoods_size = 36
t26.nodes = 4
t26.propagations = 4
t7.stop_reason = aborted
t7.restarts = 2
t7.nogoods_size = 36
t7.nodes = 10
t7.propagations = 10
t17.stop_reason = aborted
t17.restarts = 2
t17.nogoods_size = 36
t17.nodes = 7
t17.propagations = 7
t31.stop_reason = aborted
t31.restarts = 2
t31.nogoods_size = 36
t31.nodes = 3
t31.propagations = 3
t32.stop_reason = aborted
t32.restarts = 2
t32.nogoods_size = 36
t32.nodes = 3
t32.propagations = 3
t34.stop_reason = aborted
t34.restarts = 2
t34.nogoods_size = 36
t34.nodes = 1
t34.propagations = 1
t27.stop_reason = aborted
t27.restarts = 2
t27.nogoods_size = 36
t27.nodes = 4
t27.propagations = 4
t22.stop_reason = aborted
t22.restarts = 2
t22.nogoods_size = 36
t22.nodes = 6
t22.propagations = 6
t18.stop_reason = aborted
t18.restarts = 2
t18.nogoods_size = 36
t18.nodes = 8
t18.propagations = 8
t6.stop_reason = aborted
t6.restarts = 2
t6.nogoods_size = 36
t6.nodes = 6
t6.propagations = 6
t15.stop_reason = aborted
t15.restarts = 2
t15.nogoods_size = 36
t15.nodes = 5
t15.propagations = 5
t19.stop_reason = aborted
t19.restarts = 2
t19.nogoods_size = 36
t19.nodes = 5
t19.propagations = 5
t23.stop_reason = aborted
t23.restarts = 2
t23.nogoods_size = 36
t23.nodes = 5
t23.propagations = 5
t1.stop_reason = aborted
t1.restarts = 2
t1.nogoods_size = 36
t1.nodes = 8
t1.propagations = 8
t11.stop_reason = aborted
t11.restarts = 2
t11.nogoods_size = 36
t11.nodes = 7
t11.propagations = 7
t25.stop_reason = aborted
t25.restarts = 2
t25.nogoods_size = 36
t25.nodes = 4
t25.propagations = 4
t20.stop_reason = aborted
t20.restarts = 2
t20.nogoods_size = 36
t20.nodes = 5
t20.propagations = 5
t0.stop_reason = aborted
t0.restarts = 2
t0.nogoods_size = 36
t0.nodes = 10
t0.propagations = 10
t24.stop_reason = aborted
t24.restarts = 2
t24.nogoods_size = 36
t24.nodes = 4
t24.propagations = 4
t2.stop_reason = aborted
t2.restarts = 2
t2.nogoods_size = 36
t2.nodes = 4
t2.propagations = 4
t5.stop_reason = aborted
t5.restarts = 2
t5.nogoods_size = 36
t5.nodes = 9
t5.propagations = 9
t3.stop_reason = aborted
t3.restarts = 2
t3.nogoods_size = 36
t3.nodes = 3
t3.propagations = 3
t8.stop_reason = aborted
t8.restarts = 2
t8.nogoods_size = 36
t8.nodes = 5
t8.propagations = 5
t13.stop_reason = aborted
t13.restarts = 2
t13.nogoods_size = 36
t13.nodes = 5
t13.propagations = 5
t4.stop_reason = aborted
t4.restarts = 2
t4.nogoods_size = 36
t4.nodes = 3
t4.propagations = 3
t12.where = 0/328 -1/-1 0/4 -1/-1 -1/-1 -1/-1 -1/-1 0/3 -1/-1 -1/-1 -1/-1 -1/-1 -1/-1 -1/-1 -1/-1 -1/-1 -1/-1 -1/-1 -1/-1 -1/-1 -1/-1 -1/-1 -1/-1 -1/-1 -1/-1 -1/-1 -1/-1 -1/-1 -1/-1 -1/-1 -1/-1 -1/-1 -1/-1 -1/-1 -1/-1 -1/-1 -1/-1 -1/-1 -1/-1 -1/-1 -1/-1 -1/-1 -1/-1 -1/-1 -1/-1 -1/-1 -1/-1 -1/-1 -1/-1 -1/-1 -1/-1 -1/-1 -1/-1 -1/-1 -1/-1 -1/-1 -1/-1 -1/-1 -1/-1 -1/-1 -1/-1 -1/-1 -1/-1 -1/-1 -1/-1 -1/-1 -1/-1 -1/-1 -1/-1 -1/-1 -1/-1 -1/-1 -1/-1 -1/-1 -1/-1 -1/-1 -1/-1 -1/-1 -1/-1 -1/-1 -1/-1 -1/-1 -1/-1 -1/-1 -1/-1 -1/-1 -1/-1 -1/-1 -1/-1 -1/-1 -1/-1 -1/-1 -1/-1 -1/-1 -1/-1 -1/-1 -1/-1 -1/-1 -1/-1 -1/-1 -1/-1 -1/-1 -1/-1 -1/-1 -1/-1 -1/-1 -1/-1 -1/-1 -1/-1 -1/-1 -1/-1 -1/-1 -1/-1 -1/-1 -1/-1 -1/-1 -1/-1 -1/-1 -1/-1 -1/-1 -1/-1 -1/-1 -1/-1 -1/-1 -1/-1 -1/-1 -1/-1 -1/-1 -1/-1 -1/-1 -1/-1 -1/-1 -1/-1 -1/-1 -1/-1 -1/-1 -1/-1 -1/-1 -1/-1 -1/-1 -1/-1 -1/-1 -1/-1 -1/-1 -1/-1 -1/-1 -1/-1 0/2 -1/-1 -1/-1 -1/-1 -1/-1 -1/-1 -1/-1 -1/-1 -1/-1 -1/-1 -1/-1 -1/-1 -1/-1 -1/-1 -1/-1 -1/-1 -1/-1 -1/-1 -1/-1 -1/-1 -1/-1 -1/-1 -1/-1 -1/-1 -1/-1 -1/-1 -1/-1 -1/-1 -1/-1 -1/-1 -1/-1 -1/-1 -1/-1 -1/-1 -1/-1 -1/-1 -1/-1 0/2 -1/-1 -1/-1 -1/-1 -1/-1 -1/-1 -1/-1 -1/-1 -1/-1 -1/-1 -1/-1 -1/-1 -1/-1 -1/-1 -1/-1 -1/-1 -1/-1 -1/-1 -1/-1 -1/-1 -1/-1 -1/-1 -1/-1 -1/-1 -1/-1 -1/-1 -1/-1 -1/-1 -1/-1 -1/-1 -1/-1 -1/-1 -1/-1 -1/-1 -1/-1 -1/-1 -1/-1 0/1080 -1/-1 0/6 -1/-1 0/5 -1/-1 0/5 -1/-1 0/1076 -1/-1 0/6 -1/-1
t12.stop_reason = satisfiable
t12.restarts = 2
t12.nogoods_size = 36
t12.nodes = 12
t12.propagations = 12
t16.stop_reason = aborted
t16.restarts = 2
t16.nogoods_size = 36
t16.nodes = 5
t16.propagations = 5
search_time = 135
