hostname = r1i2n16
commandline = ../glasgow/solve_subgraph_isomorphism --value-ordering=biased --geometric-restarts=1.0 --restarts-constant=10000 --threads=36 --timeout 1000 --format lad ../instances/si/si2_rand_r01_200/si2_r01_m200.04/pattern ../instances/si/si2_rand_r01_200/si2_r01_m200.04/target
started_at = 2018-11-15 05:05:42
pattern_file = ../instances/si/si2_rand_r01_200/si2_r01_m200.04/pattern
target_file = ../instances/si/si2_rand_r01_200/si2_r01_m200.04/target
status = true
nodes = 375336
propagations = 971173
mapping = (0 -> 162) (1 -> 14) (2 -> 182) (3 -> 184) (4 -> 38) (5 -> 187) (6 -> 59) (7 -> 111) (8 -> 156) (9 -> 100) (10 -> 88) (11 -> 12) (12 -> 180) (13 -> 83) (14 -> 181) (15 -> 29) (16 -> 189) (17 -> 42) (18 -> 63) (19 -> 76) (20 -> 157) (21 -> 118) (22 -> 70) (23 -> 18) (24 -> 41) (25 -> 194) (26 -> 97) (27 -> 57) (28 -> 167) (29 -> 49) (30 -> 2) (31 -> 120) (32 -> 98) (33 -> 198) (34 -> 54) (35 -> 159) (36 -> 82) (37 -> 149) (38 -> 56) (39 -> 166) 
runtime = 70
t2.where = 1/174 -1/-1 36/40 -1/-1 0/6 -1/-1 -1/-1 0/2 -1/-1 0/2 -1/-1 -1/-1 -1/-1 -1/-1 0/3 -1/-1 1/4 -1/-1 0/2 -1/-1 0/3 -1/-1 0/2 -1/-1 -1/-1 -1/-1 -1/-1 -1/-1 -1/-1 -1/-1 -1/-1 -1/-1 -1/-1 -1/-1 -1/-1 -1/-1 -1/-1 -1/-1 -1/-1 -1/-1 -1/-1 -1/-1 -1/-1 -1/-1 -1/-1 -1/-1 -1/-1 -1/-1 -1/-1 0/2 -1/-1
t2.stop_reason = satisfiable
t2.restarts = 3
t2.nogoods_size = 938
t2.nodes = 11765
t2.propagations = 11765
t20.stop_reason = aborted
t20.restarts = 3
t20.nogoods_size = 938
t20.nodes = 6780
t20.propagations = 6780
t32.stop_reason = aborted
t32.restarts = 3
t32.nogoods_size = 938
t32.nodes = 11344
t32.propagations = 11344
t9.stop_reason = aborted
t9.restarts = 3
t9.nogoods_size = 938
t9.nodes = 11243
t9.propagations = 11243
t17.stop_reason = aborted
t17.restarts = 3
t17.nogoods_size = 938
t17.nodes = 11311
t17.propagations = 11311
t12.stop_reason = aborted
t12.restarts = 3
t12.nogoods_size = 938
t12.nodes = 11794
t12.propagations = 11794
t26.stop_reason = aborted
t26.restarts = 3
t26.nogoods_size = 938
t26.nodes = 10129
t26.propagations = 10129
t21.stop_reason = aborted
t21.restarts = 3
t21.nogoods_size = 938
t21.nodes = 7013
t21.propagations = 7013
t25.stop_reason = aborted
t25.restarts = 3
t25.nogoods_size = 938
t25.nodes = 11434
t25.propagations = 11434
t16.stop_reason = aborted
t16.restarts = 3
t16.nogoods_size = 938
t16.nodes = 11395
t16.propagations = 11395
t14.stop_reason = aborted
t14.restarts = 3
t14.nogoods_size = 938
t14.nodes = 9854
t14.propagations = 9854
t5.stop_reason = aborted
t5.restarts = 3
t5.nogoods_size = 938
t5.nodes = 11363
t5.propagations = 11363
t34.stop_reason = aborted
t34.restarts = 3
t34.nogoods_size = 938
t34.nodes = 10775
t34.propagations = 10775
t27.stop_reason = aborted
t27.restarts = 3
t27.nogoods_size = 938
t27.nodes = 10786
t27.propagations = 10786
t22.stop_reason = aborted
t22.restarts = 3
t22.nogoods_size = 938
t22.nodes = 10315
t22.propagations = 10315
t15.stop_reason = aborted
t15.restarts = 3
t15.nogoods_size = 938
t15.nodes = 11634
t15.propagations = 11634
t10.stop_reason = aborted
t10.restarts = 3
t10.nogoods_size = 938
t10.nodes = 11599
t10.propagations = 11599
t35.stop_reason = aborted
t35.restarts = 3
t35.nogoods_size = 938
t35.nodes = 11901
t35.propagations = 11901
t24.stop_reason = aborted
t24.restarts = 3
t24.nogoods_size = 938
t24.nodes = 11396
t24.propagations = 11396
t11.stop_reason = aborted
t11.restarts = 3
t11.nogoods_size = 938
t11.nodes = 11532
t11.propagations = 11532
t8.stop_reason = aborted
t8.restarts = 3
t8.nogoods_size = 938
t8.nodes = 11303
t8.propagations = 11303
t29.stop_reason = aborted
t29.restarts = 3
t29.nogoods_size = 938
t29.nodes = 11105
t29.propagations = 11105
t13.stop_reason = aborted
t13.restarts = 3
t13.nogoods_size = 938
t13.nodes = 10017
t13.propagations = 10017
t4.stop_reason = aborted
t4.restarts = 3
t4.nogoods_size = 938
t4.nodes = 11366
t4.propagations = 11366
t23.stop_reason = aborted
t23.restarts = 3
t23.nogoods_size = 938
t23.nodes = 10858
t23.propagations = 10858
t31.stop_reason = aborted
t31.restarts = 3
t31.nogoods_size = 938
t31.nodes = 11332
t31.propagations = 11332
t33.stop_reason = aborted
t33.restarts = 3
t33.nogoods_size = 938
t33.nodes = 11057
t33.propagations = 11057
t3.stop_reason = aborted
t3.restarts = 3
t3.nogoods_size = 938
t3.nodes = 11288
t3.propagations = 11288
t6.stop_reason = aborted
t6.restarts = 3
t6.nogoods_size = 938
t6.nodes = 11749
t6.propagations = 11749
t7.stop_reason = aborted
t7.restarts = 3
t7.nogoods_size = 938
t7.nodes = 6117
t7.propagations = 6117
t0.stop_reason = aborted
t0.restarts = 3
t0.nogoods_size = 938
t0.nodes = 6531
t0.propagations = 6531
t28.stop_reason = aborted
t28.restarts = 3
t28.nogoods_size = 938
t28.nodes = 11497
t28.propagations = 11497
t18.stop_reason = aborted
t18.restarts = 3
t18.nogoods_size = 938
t18.nodes = 7149
t18.propagations = 7149
t1.stop_reason = aborted
t1.restarts = 3
t1.nogoods_size = 938
t1.nodes = 10829
t1.propagations = 10829
t30.stop_reason = aborted
t30.restarts = 3
t30.nogoods_size = 938
t30.nodes = 10981
t30.propagations = 10981
t19.stop_reason = aborted
t19.restarts = 3
t19.nogoods_size = 938
t19.nodes = 6794
t19.propagations = 6794
search_time = 54
