hostname = r1i3n3
commandline = ../glasgow/solve_subgraph_isomorphism --value-ordering=biased --geometric-restarts=1.0 --restarts-constant=10000 --threads=36 --timeout 1000 --format lad ../instances/si/si2_rand_r01_200/si2_r01_m200.09/pattern ../instances/si/si2_rand_r01_200/si2_r01_m200.09/target
started_at = 2018-11-15 05:20:03
pattern_file = ../instances/si/si2_rand_r01_200/si2_r01_m200.09/pattern
target_file = ../instances/si/si2_rand_r01_200/si2_r01_m200.09/target
status = true
nodes = 5793778
propagations = 17529303
mapping = (0 -> 58) (1 -> 90) (2 -> 163) (3 -> 131) (4 -> 183) (5 -> 50) (6 -> 151) (7 -> 140) (8 -> 92) (9 -> 15) (10 -> 52) (11 -> 59) (12 -> 172) (13 -> 145) (14 -> 65) (15 -> 3) (16 -> 130) (17 -> 188) (18 -> 56) (19 -> 170) (20 -> 27) (21 -> 177) (22 -> 128) (23 -> 111) (24 -> 156) (25 -> 122) (26 -> 47) (27 -> 125) (28 -> 98) (29 -> 160) (30 -> 39) (31 -> 135) (32 -> 194) (33 -> 146) (34 -> 192) (35 -> 61) (36 -> 141) (37 -> 26) (38 -> 80) (39 -> 12) 
runtime = 909
t6.where = 1/85 -1/-1 0/33 -1/-1 1/8 -1/-1 3/5 -1/-1 0/5 -1/-1 1/4 -1/-1 0/2 -1/-1 -1/-1 0/2 -1/-1 0/2 -1/-1 -1/-1 -1/-1 -1/-1 -1/-1 -1/-1 -1/-1 -1/-1 -1/-1 -1/-1 -1/-1 -1/-1 -1/-1 -1/-1 -1/-1 -1/-1 -1/-1 -1/-1 -1/-1 -1/-1 -1/-1 -1/-1 -1/-1 -1/-1 -1/-1 -1/-1 -1/-1 -1/-1 -1/-1 -1/-1 0/2 -1/-1
t6.stop_reason = satisfiable
t6.restarts = 20
t6.nogoods_size = 13014
t6.nodes = 162714
t6.propagations = 162714
t32.stop_reason = aborted
t32.restarts = 20
t32.nogoods_size = 13014
t32.nodes = 179621
t32.propagations = 179621
t0.stop_reason = aborted
t0.restarts = 20
t0.nogoods_size = 13014
t0.nodes = 171191
t0.propagations = 171191
t22.stop_reason = aborted
t22.restarts = 20
t22.nogoods_size = 13014
t22.nodes = 179537
t22.propagations = 179537
t21.stop_reason = aborted
t21.restarts = 20
t21.nogoods_size = 13014
t21.nodes = 164525
t21.propagations = 164525
t9.stop_reason = aborted
t9.restarts = 20
t9.nogoods_size = 13014
t9.nodes = 145734
t9.propagations = 145734
t34.stop_reason = aborted
t34.restarts = 20
t34.nogoods_size = 13014
t34.nodes = 161166
t34.propagations = 161166
t8.stop_reason = aborted
t8.restarts = 20
t8.nogoods_size = 13014
t8.nodes = 161144
t8.propagations = 161144
t17.stop_reason = aborted
t17.restarts = 20
t17.nogoods_size = 13014
t17.nodes = 177525
t17.propagations = 177525
t28.stop_reason = aborted
t28.restarts = 20
t28.nogoods_size = 13014
t28.nodes = 161760
t28.propagations = 161760
t27.stop_reason = aborted
t27.restarts = 20
t27.nogoods_size = 13014
t27.nodes = 176708
t27.propagations = 176708
t29.stop_reason = aborted
t29.restarts = 20
t29.nogoods_size = 13014
t29.nodes = 164080
t29.propagations = 164080
t12.stop_reason = aborted
t12.restarts = 20
t12.nogoods_size = 13014
t12.nodes = 161997
t12.propagations = 161997
t24.stop_reason = aborted
t24.restarts = 20
t24.nogoods_size = 13014
t24.nodes = 169010
t24.propagations = 169010
t18.stop_reason = aborted
t18.restarts = 20
t18.nogoods_size = 13014
t18.nodes = 170202
t18.propagations = 170202
t14.stop_reason = aborted
t14.restarts = 20
t14.nogoods_size = 13014
t14.nodes = 160995
t14.propagations = 160995
t2.stop_reason = aborted
t2.restarts = 20
t2.nogoods_size = 13014
t2.nodes = 172259
t2.propagations = 172259
t26.stop_reason = aborted
t26.restarts = 20
t26.nogoods_size = 13014
t26.nodes = 168368
t26.propagations = 168368
t1.stop_reason = aborted
t1.restarts = 20
t1.nogoods_size = 13014
t1.nodes = 161594
t1.propagations = 161594
t10.stop_reason = aborted
t10.restarts = 20
t10.nogoods_size = 13014
t10.nodes = 169753
t10.propagations = 169753
t25.stop_reason = aborted
t25.restarts = 20
t25.nogoods_size = 13014
t25.nodes = 100719
t25.propagations = 100719
t15.stop_reason = aborted
t15.restarts = 20
t15.nogoods_size = 13014
t15.nodes = 98930
t15.propagations = 98930
t11.stop_reason = aborted
t11.restarts = 20
t11.nogoods_size = 13014
t11.nodes = 167899
t11.propagations = 167899
t33.stop_reason = aborted
t33.restarts = 20
t33.nogoods_size = 13014
t33.nodes = 170755
t33.propagations = 170755
t7.stop_reason = aborted
t7.restarts = 20
t7.nogoods_size = 13014
t7.nodes = 156005
t7.propagations = 156005
t35.stop_reason = aborted
t35.restarts = 20
t35.nogoods_size = 13014
t35.nodes = 168023
t35.propagations = 168023
t16.stop_reason = aborted
t16.restarts = 20
t16.nogoods_size = 13014
t16.nodes = 160920
t16.propagations = 160920
t31.stop_reason = aborted
t31.restarts = 20
t31.nogoods_size = 13014
t31.nodes = 145801
t31.propagations = 145801
t5.stop_reason = aborted
t5.restarts = 20
t5.nogoods_size = 13014
t5.nodes = 148672
t5.propagations = 148672
t23.stop_reason = aborted
t23.restarts = 20
t23.nogoods_size = 13014
t23.nodes = 168414
t23.propagations = 168414
t4.stop_reason = aborted
t4.restarts = 20
t4.nogoods_size = 13014
t4.nodes = 162443
t4.propagations = 162443
t30.stop_reason = aborted
t30.restarts = 20
t30.nogoods_size = 13014
t30.nodes = 162925
t30.propagations = 162925
t19.stop_reason = aborted
t19.restarts = 20
t19.nogoods_size = 13014
t19.nodes = 169221
t19.propagations = 169221
t3.stop_reason = aborted
t3.restarts = 20
t3.nogoods_size = 13014
t3.nodes = 161427
t3.propagations = 161427
t13.stop_reason = aborted
t13.restarts = 20
t13.nogoods_size = 13014
t13.nodes = 165361
t13.propagations = 165361
t20.stop_reason = aborted
t20.restarts = 20
t20.nogoods_size = 13014
t20.nodes = 146380
t20.propagations = 146380
search_time = 822
