hostname = r1i2n0
commandline = ../glasgow/solve_subgraph_isomorphism --value-ordering=biased --geometric-restarts=1.0 --restarts-constant=10000 --threads=36 --timeout 1000 --format lad ../instances/si/si4_bvg_b03_800/si4_b03_m800.08/pattern ../instances/si/si4_bvg_b03_800/si4_b03_m800.08/target
started_at = 2018-11-15 05:06:41
pattern_file = ../instances/si/si4_bvg_b03_800/si4_b03_m800.08/pattern
target_file = ../instances/si/si4_bvg_b03_800/si4_b03_m800.08/target
status = true
nodes = 73
propagations = 108
mapping = (0 -> 774) (1 -> 112) (2 -> 404) (3 -> 84) (4 -> 610) (5 -> 336) (6 -> 99) (7 -> 668) (8 -> 266) (9 -> 294) (10 -> 220) (11 -> 630) (12 -> 317) (13 -> 466) (14 -> 587) (15 -> 129) (16 -> 281) (17 -> 632) (18 -> 258) (19 -> 385) (20 -> 262) (21 -> 194) (22 -> 244) (23 -> 486) (24 -> 403) (25 -> 798) (26 -> 667) (27 -> 524) (28 -> 327) (29 -> 510) (30 -> 591) (31 -> 68) (32 -> 504) (33 -> 745) (34 -> 13) (35 -> 280) (36 -> 719) (37 -> 364) (38 -> 257) (39 -> 56) (40 -> 624) (41 -> 74) (42 -> 775) (43 -> 704) (44 -> 354) (45 -> 628) (46 -> 507) (47 -> 28) (48 -> 164) (49 -> 733) (50 -> 570) (51 -> 83) (52 -> 566) (53 -> 720) (54 -> 530) (55 -> 648) (56 -> 789) (57 -> 418) (58 -> 757) (59 -> 110) (60 -> 437) (61 -> 289) (62 -> 192) (63 -> 796) (64 -> 78) (65 -> 337) (66 -> 686) (67 -> 122) (68 -> 665) (69 -> 77) (70 -> 742) (71 -> 243) (72 -> 398) (73 -> 574) (74 -> 792) (75 -> 685) (76 -> 552) (77 -> 515) (78 -> 216) (79 -> 116) (80 -> 513) (81 -> 658) (82 -> 126) (83 -> 163) (84 -> 240) (85 -> 786) (86 -> 205) (87 -> 452) (88 -> 7) (89 -> 208) (90 -> 791) (91 -> 303) (92 -> 747) (93 -> 633) (94 -> 469) (95 -> 496) (96 -> 90) (97 -> 236) (98 -> 45) (99 -> 770) (100 -> 593) (101 -> 797) (102 -> 427) (103 -> 173) (104 -> 569) (105 -> 148) (106 -> 784) (107 -> 251) (108 -> 446) (109 -> 778) (110 -> 291) (111 -> 604) (112 -> 346) (113 -> 50) (114 -> 580) (115 -> 218) (116 -> 325) (117 -> 424) (118 -> 293) (119 -> 248) (120 -> 419) (121 -> 48) (122 -> 177) (123 -> 623) (124 -> 675) (125 -> 407) (126 -> 528) (127 -> 780) (128 -> 315) (129 -> 567) (130 -> 494) (131 -> 344) (132 -> 96) (133 -> 27) (134 -> 586) (135 -> 660) (136 -> 441) (137 -> 511) (138 -> 105) (139 -> 537) (140 -> 391) (141 -> 736) (142 -> 679) (143 -> 753) (144 -> 155) (145 -> 799) (146 -> 482) (147 -> 715) (148 -> 461) (149 -> 223) (150 -> 463) (151 -> 371) (152 -> 572) (153 -> 108) (154 -> 614) (155 -> 207) (156 -> 73) (157 -> 215) (158 -> 639) (159 -> 334) (160 -> 312) (161 -> 332) (162 -> 80) (163 -> 594) (164 -> 505) (165 -> 673) (166 -> 449) (167 -> 625) (168 -> 124) (169 -> 765) (170 -> 710) (171 -> 160) (172 -> 435) (173 -> 24) (174 -> 204) (175 -> 2) (176 -> 762) (177 -> 219) (178 -> 57) (179 -> 292) (180 -> 641) (181 -> 71) (182 -> 472) (183 -> 311) (184 -> 153) (185 -> 183) (186 -> 713) (187 -> 284) (188 -> 42) (189 -> 561) (190 -> 402) (191 -> 442) (192 -> 308) (193 -> 111) (194 -> 33) (195 -> 268) (196 -> 602) (197 -> 721) (198 -> 318) (199 -> 11) (200 -> 468) (201 -> 299) (202 -> 140) (203 -> 483) (204 -> 58) (205 -> 485) (206 -> 666) (207 -> 661) (208 -> 234) (209 -> 725) (210 -> 788) (211 -> 500) (212 -> 190) (213 -> 393) (214 -> 213) (215 -> 772) (216 -> 426) (217 -> 333) (218 -> 741) (219 -> 767) (220 -> 421) (221 -> 551) (222 -> 708) (223 -> 420) (224 -> 201) (225 -> 516) (226 -> 79) (227 -> 491) (228 -> 399) (229 -> 705) (230 -> 650) (231 -> 245) (232 -> 560) (233 -> 199) (234 -> 114) (235 -> 462) (236 -> 271) (237 -> 520) (238 -> 681) (239 -> 359) (240 -> 206) (241 -> 684) (242 -> 607) (243 -> 351) (244 -> 487) (245 -> 186) (246 -> 273) (247 -> 595) (248 -> 137) (249 -> 5) (250 -> 579) (251 -> 239) (252 -> 188) (253 -> 559) (254 -> 429) (255 -> 760) (256 -> 606) (257 -> 135) (258 -> 297) (259 -> 59) (260 -> 61) (261 -> 638) (262 -> 647) (263 -> 54) (264 -> 761) (265 -> 535) (266 -> 392) (267 -> 473) (268 -> 521) (269 -> 94) (270 -> 525) (271 -> 616) (272 -> 413) (273 -> 453) (274 -> 416) (275 -> 711) (276 -> 563) (277 -> 368) (278 -> 613) (279 -> 417) (280 -> 4) (281 -> 43) (282 -> 151) (283 -> 143) (284 -> 678) (285 -> 130) (286 -> 326) (287 -> 95) (288 -> 499) (289 -> 377) (290 -> 30) (291 -> 174) (292 -> 621) (293 -> 457) (294 -> 261) (295 -> 484) (296 -> 128) (297 -> 81) (298 -> 60) (299 -> 481) (300 -> 781) (301 -> 209) (302 -> 169) (303 -> 758) (304 -> 428) (305 -> 52) (306 -> 361) (307 -> 29) (308 -> 748) (309 -> 388) (310 -> 145) (311 -> 86) (312 -> 195) (313 -> 34) (314 -> 701) (315 -> 340) (316 -> 600) (317 -> 210) (318 -> 370) (319 -> 564) 
runtime = 220
t4.where = 0/800 -1/-1 0/2 -1/-1 -1/-1 -1/-1 -1/-1 -1/-1 -1/-1 -1/-1 -1/-1 -1/-1 -1/-1 -1/-1 -1/-1 -1/-1 -1/-1 -1/-1 -1/-1 -1/-1 -1/-1 -1/-1 -1/-1 -1/-1 -1/-1 -1/-1 -1/-1 -1/-1 -1/-1 -1/-1 -1/-1 -1/-1 -1/-1 -1/-1 -1/-1 -1/-1 -1/-1 -1/-1 -1/-1 -1/-1 -1/-1 -1/-1 -1/-1 -1/-1 -1/-1 -1/-1 -1/-1 -1/-1 -1/-1 -1/-1 -1/-1 -1/-1 -1/-1 -1/-1 -1/-1 -1/-1 -1/-1 -1/-1 -1/-1 -1/-1 -1/-1 -1/-1 -1/-1 -1/-1 -1/-1 -1/-1 -1/-1 -1/-1 -1/-1 -1/-1 -1/-1 -1/-1 -1/-1 -1/-1 -1/-1 -1/-1 -1/-1 -1/-1 -1/-1 -1/-1 -1/-1 -1/-1 -1/-1 -1/-1 -1/-1 -1/-1 -1/-1 -1/-1 -1/-1 -1/-1 -1/-1 -1/-1 -1/-1 -1/-1 -1/-1 -1/-1 -1/-1 -1/-1 -1/-1 -1/-1 -1/-1 -1/-1 -1/-1 -1/-1 -1/-1 -1/-1 -1/-1 -1/-1 -1/-1 -1/-1 -1/-1 -1/-1 -1/-1 -1/-1 -1/-1 -1/-1 -1/-1 -1/-1 -1/-1 -1/-1 -1/-1 -1/-1 -1/-1 -1/-1 -1/-1 -1/-1 -1/-1 -1/-1 -1/-1 -1/-1 -1/-1 -1/-1 -1/-1 -1/-1 -1/-1 -1/-1 -1/-1 -1/-1 -1/-1 -1/-1 -1/-1 -1/-1 -1/-1 -1/-1 -1/-1 -1/-1 -1/-1 -1/-1 -1/-1 -1/-1 -1/-1 -1/-1 -1/-1 -1/-1 -1/-1 -1/-1 -1/-1 -1/-1 -1/-1 -1/-1 -1/-1 -1/-1 -1/-1 -1/-1 -1/-1 -1/-1 -1/-1 -1/-1 -1/-1 -1/-1 -1/-1 -1/-1 -1/-1 -1/-1 -1/-1 -1/-1 -1/-1 -1/-1 -1/-1 -1/-1 -1/-1 -1/-1 -1/-1 -1/-1 -1/-1 -1/-1 -1/-1 -1/-1 -1/-1 -1/-1 -1/-1 -1/-1 -1/-1 -1/-1 -1/-1 -1/-1 -1/-1 -1/-1 -1/-1 -1/-1 -1/-1 -1/-1 -1/-1 -1/-1 -1/-1 -1/-1 -1/-1 -1/-1 -1/-1 -1/-1 -1/-1 -1/-1 -1/-1 -1/-1 -1/-1 -1/-1 -1/-1 -1/-1 -1/-1 -1/-1 -1/-1 -1/-1 -1/-1 -1/-1 -1/-1 -1/-1 -1/-1 -1/-1 -1/-1 -1/-1 -1/-1 -1/-1 -1/-1 -1/-1 -1/-1 -1/-1 -1/-1 -1/-1 -1/-1 -1/-1 -1/-1 -1/-1 -1/-1 -1/-1 -1/-1 -1/-1 -1/-1 -1/-1 -1/-1 -1/-1 -1/-1 -1/-1 -1/-1 -1/-1 -1/-1 -1/-1 -1/-1 -1/-1 -1/-1 -1/-1 -1/-1 -1/-1 -1/-1 -1/-1 -1/-1 -1/-1 -1/-1 -1/-1 -1/-1 -1/-1 -1/-1 -1/-1 -1/-1 -1/-1 -1/-1 -1/-1 -1/-1 -1/-1 -1/-1 -1/-1 -1/-1 -1/-1 -1/-1 -1/-1 -1/-1 -1/-1 -1/-1 -1/-1 -1/-1 -1/-1 -1/-1 -1/-1 -1/-1 -1/-1 -1/-1 -1/-1 -1/-1 -1/-1 -1/-1 -1/-1 -1/-1 -1/-1 -1/-1 -1/-1 -1/-1 -1/-1 -1/-1 -1/-1 -1/-1 -1/-1 -1/-1 -1/-1 -1/-1 -1/-1 -1/-1 -1/-1 -1/-1 -1/-1 -1/-1 -1/-1 -1/-1 -1/-1
t4.stop_reason = satisfiable
t4.restarts = 2
t4.nogoods_size = 36
t4.nodes = 3
t4.propagations = 3
t15.stop_reason = aborted
t15.restarts = 2
t15.nogoods_size = 36
t15.nodes = 2
t15.propagations = 2
t8.stop_reason = aborted
t8.restarts = 2
t8.nogoods_size = 36
t8.nodes = 2
t8.propagations = 2
t16.stop_reason = aborted
t16.restarts = 2
t16.nogoods_size = 36
t16.nodes = 2
t16.propagations = 2
t7.stop_reason = aborted
t7.restarts = 2
t7.nogoods_size = 36
t7.nodes = 2
t7.propagations = 2
t24.stop_reason = aborted
t24.restarts = 2
t24.nogoods_size = 36
t24.nodes = 2
t24.propagations = 2
t12.stop_reason = aborted
t12.restarts = 2
t12.nogoods_size = 36
t12.nodes = 2
t12.propagations = 2
t6.stop_reason = aborted
t6.restarts = 2
t6.nogoods_size = 36
t6.nodes = 2
t6.propagations = 2
t23.stop_reason = aborted
t23.restarts = 2
t23.nogoods_size = 36
t23.nodes = 2
t23.propagations = 2
t2.stop_reason = aborted
t2.restarts = 2
t2.nogoods_size = 36
t2.nodes = 2
t2.propagations = 2
t22.stop_reason = aborted
t22.restarts = 2
t22.nogoods_size = 36
t22.nodes = 2
t22.propagations = 2
t26.stop_reason = aborted
t26.restarts = 2
t26.nogoods_size = 36
t26.nodes = 2
t26.propagations = 2
t29.stop_reason = aborted
t29.restarts = 2
t29.nogoods_size = 36
t29.nodes = 2
t29.propagations = 2
t27.stop_reason = aborted
t27.restarts = 2
t27.nogoods_size = 36
t27.nodes = 2
t27.propagations = 2
t17.stop_reason = aborted
t17.restarts = 2
t17.nogoods_size = 36
t17.nodes = 2
t17.propagations = 2
t32.stop_reason = aborted
t32.restarts = 2
t32.nogoods_size = 36
t32.nodes = 2
t32.propagations = 2
t18.stop_reason = aborted
t18.restarts = 2
t18.nogoods_size = 36
t18.nodes = 2
t18.propagations = 2
t34.stop_reason = aborted
t34.restarts = 2
t34.nogoods_size = 36
t34.nodes = 2
t34.propagations = 2
t31.stop_reason = aborted
t31.restarts = 2
t31.nogoods_size = 36
t31.nodes = 2
t31.propagations = 2
t35.stop_reason = aborted
t35.restarts = 2
t35.nogoods_size = 36
t35.nodes = 2
t35.propagations = 2
t30.stop_reason = aborted
t30.restarts = 2
t30.nogoods_size = 36
t30.nodes = 2
t30.propagations = 2
t1.stop_reason = aborted
t1.restarts = 2
t1.nogoods_size = 36
t1.nodes = 2
t1.propagations = 2
t0.stop_reason = aborted
t0.restarts = 2
t0.nogoods_size = 36
t0.nodes = 2
t0.propagations = 2
t3.stop_reason = aborted
t3.restarts = 2
t3.nogoods_size = 36
t3.nodes = 2
t3.propagations = 2
t9.stop_reason = aborted
t9.restarts = 2
t9.nogoods_size = 36
t9.nodes = 2
t9.propagations = 2
t5.stop_reason = aborted
t5.restarts = 2
t5.nogoods_size = 36
t5.nodes = 2
t5.propagations = 2
t10.stop_reason = aborted
t10.restarts = 2
t10.nogoods_size = 36
t10.nodes = 2
t10.propagations = 2
t11.stop_reason = aborted
t11.restarts = 2
t11.nogoods_size = 36
t11.nodes = 2
t11.propagations = 2
t13.stop_reason = aborted
t13.restarts = 2
t13.nogoods_size = 36
t13.nodes = 2
t13.propagations = 2
t14.stop_reason = aborted
t14.restarts = 2
t14.nogoods_size = 36
t14.nodes = 2
t14.propagations = 2
t19.stop_reason = aborted
t19.restarts = 2
t19.nogoods_size = 36
t19.nodes = 2
t19.propagations = 2
t20.stop_reason = aborted
t20.restarts = 2
t20.nogoods_size = 36
t20.nodes = 2
t20.propagations = 2
t21.stop_reason = aborted
t21.restarts = 2
t21.nogoods_size = 36
t21.nodes = 2
t21.propagations = 2
t25.stop_reason = aborted
t25.restarts = 2
t25.nogoods_size = 36
t25.nodes = 2
t25.propagations = 2
t28.stop_reason = aborted
t28.restarts = 2
t28.nogoods_size = 36
t28.nodes = 2
t28.propagations = 2
t33.stop_reason = aborted
t33.restarts = 2
t33.nogoods_size = 36
t33.nodes = 2
t33.propagations = 2
search_time = 134
