hostname = r1i2n11
commandline = ../glasgow/solve_subgraph_isomorphism --value-ordering=biased --geometric-restarts=1.0 --restarts-constant=10000 --threads=36 --timeout 1000 --format lad ../instances/si/si4_bvg_b06_800/si4_b06_m800.05/pattern ../instances/si/si4_bvg_b06_800/si4_b06_m800.05/target
started_at = 2018-11-15 05:13:44
pattern_file = ../instances/si/si4_bvg_b06_800/si4_b06_m800.05/pattern
target_file = ../instances/si/si4_bvg_b06_800/si4_b06_m800.05/target
status = true
nodes = 73
propagations = 108
mapping = (0 -> 177) (1 -> 305) (2 -> 608) (3 -> 45) (4 -> 339) (5 -> 458) (6 -> 269) (7 -> 611) (8 -> 420) (9 -> 336) (10 -> 511) (11 -> 103) (12 -> 141) (13 -> 51) (14 -> 769) (15 -> 319) (16 -> 675) (17 -> 684) (18 -> 554) (19 -> 546) (20 -> 71) (21 -> 454) (22 -> 656) (23 -> 244) (24 -> 192) (25 -> 146) (26 -> 680) (27 -> 582) (28 -> 26) (29 -> 552) (30 -> 117) (31 -> 621) (32 -> 255) (33 -> 153) (34 -> 520) (35 -> 292) (36 -> 48) (37 -> 756) (38 -> 635) (39 -> 225) (40 -> 246) (41 -> 501) (42 -> 206) (43 -> 345) (44 -> 207) (45 -> 673) (46 -> 55) (47 -> 442) (48 -> 123) (49 -> 556) (50 -> 357) (51 -> 171) (52 -> 400) (53 -> 112) (54 -> 212) (55 -> 220) (56 -> 91) (57 -> 39) (58 -> 257) (59 -> 289) (60 -> 9) (61 -> 780) (62 -> 76) (63 -> 337) (64 -> 7) (65 -> 659) (66 -> 14) (67 -> 32) (68 -> 449) (69 -> 280) (70 -> 313) (71 -> 162) (72 -> 749) (73 -> 86) (74 -> 189) (75 -> 132) (76 -> 66) (77 -> 375) (78 -> 126) (79 -> 358) (80 -> 401) (81 -> 767) (82 -> 138) (83 -> 324) (84 -> 509) (85 -> 116) (86 -> 588) (87 -> 278) (88 -> 740) (89 -> 757) (90 -> 119) (91 -> 485) (92 -> 360) (93 -> 655) (94 -> 200) (95 -> 697) (96 -> 231) (97 -> 149) (98 -> 219) (99 -> 664) (100 -> 203) (101 -> 164) (102 -> 110) (103 -> 286) (104 -> 564) (105 -> 558) (106 -> 63) (107 -> 266) (108 -> 466) (109 -> 22) (110 -> 151) (111 -> 173) (112 -> 595) (113 -> 108) (114 -> 383) (115 -> 195) (116 -> 519) (117 -> 343) (118 -> 533) (119 -> 534) (120 -> 661) (121 -> 714) (122 -> 515) (123 -> 683) (124 -> 3) (125 -> 340) (126 -> 577) (127 -> 366) (128 -> 404) (129 -> 568) (130 -> 410) (131 -> 667) (132 -> 601) (133 -> 193) (134 -> 104) (135 -> 250) (136 -> 527) (137 -> 737) (138 -> 300) (139 -> 711) (140 -> 547) (141 -> 728) (142 -> 253) (143 -> 629) (144 -> 342) (145 -> 627) (146 -> 376) (147 -> 54) (148 -> 33) (149 -> 281) (150 -> 532) (151 -> 20) (152 -> 230) (153 -> 49) (154 -> 517) (155 -> 674) (156 -> 128) (157 -> 678) (158 -> 98) (159 -> 744) (160 -> 750) (161 -> 310) (162 -> 456) (163 -> 277) (164 -> 593) (165 -> 205) (166 -> 560) (167 -> 295) (168 -> 754) (169 -> 52) (170 -> 249) (171 -> 614) (172 -> 92) (173 -> 6) (174 -> 545) (175 -> 622) (176 -> 567) (177 -> 267) (178 -> 392) (179 -> 645) (180 -> 372) (181 -> 211) (182 -> 537) (183 -> 543) (184 -> 29) (185 -> 619) (186 -> 523) (187 -> 187) (188 -> 719) (189 -> 143) (190 -> 293) (191 -> 782) (192 -> 551) (193 -> 643) (194 -> 288) (195 -> 223) (196 -> 109) (197 -> 598) (198 -> 323) (199 -> 559) (200 -> 480) (201 -> 298) (202 -> 389) (203 -> 403) (204 -> 681) (205 -> 423) (206 -> 311) (207 -> 196) (208 -> 274) (209 -> 97) (210 -> 512) (211 -> 283) (212 -> 722) (213 -> 444) (214 -> 746) (215 -> 574) (216 -> 58) (217 -> 474) (218 -> 131) (219 -> 53) (220 -> 636) (221 -> 505) (222 -> 15) (223 -> 352) (224 -> 408) (225 -> 764) (226 -> 201) (227 -> 569) (228 -> 409) (229 -> 354) (230 -> 557) (231 -> 344) (232 -> 124) (233 -> 145) (234 -> 294) (235 -> 238) (236 -> 74) (237 -> 330) (238 -> 691) (239 -> 419) (240 -> 325) (241 -> 134) (242 -> 624) (243 -> 18) (244 -> 142) (245 -> 165) (246 -> 563) (247 -> 38) (248 -> 87) (249 -> 411) (250 -> 237) (251 -> 17) (252 -> 434) (253 -> 638) (254 -> 239) (255 -> 479) (256 -> 644) (257 -> 630) (258 -> 140) (259 -> 585) (260 -> 137) (261 -> 290) (262 -> 768) (263 -> 176) (264 -> 704) (265 -> 493) (266 -> 191) (267 -> 732) (268 -> 794) (269 -> 163) (270 -> 590) (271 -> 422) (272 -> 476) (273 -> 27) (274 -> 544) (275 -> 570) (276 -> 739) (277 -> 777) (278 -> 693) (279 -> 718) (280 -> 268) (281 -> 314) (282 -> 788) (283 -> 415) (284 -> 417) (285 -> 62) (286 -> 217) (287 -> 379) (288 -> 438) (289 -> 587) (290 -> 516) (291 -> 346) (292 -> 632) (293 -> 69) (294 -> 665) (295 -> 443) (296 -> 682) (297 -> 271) (298 -> 748) (299 -> 175) (300 -> 139) (301 -> 440) (302 -> 334) (303 -> 439) (304 -> 414) (305 -> 264) (306 -> 528) (307 -> 398) (308 -> 506) (309 -> 752) (310 -> 359) (311 -> 1) (312 -> 272) (313 -> 241) (314 -> 712) (315 -> 228) (316 -> 178) (317 -> 513) (318 -> 276) (319 -> 405) 
runtime = 259
t5.where = 0/800 -1/-1 0/2 -1/-1 -1/-1 -1/-1 -1/-1 -1/-1 -1/-1 -1/-1 -1/-1 -1/-1 -1/-1 -1/-1 -1/-1 -1/-1 -1/-1 -1/-1 -1/-1 -1/-1 -1/-1 -1/-1 -1/-1 -1/-1 -1/-1 -1/-1 -1/-1 -1/-1 -1/-1 -1/-1 -1/-1 -1/-1 -1/-1 -1/-1 -1/-1 -1/-1 -1/-1 -1/-1 -1/-1 -1/-1 -1/-1 -1/-1 -1/-1 -1/-1 -1/-1 -1/-1 -1/-1 -1/-1 -1/-1 -1/-1 -1/-1 -1/-1 -1/-1 -1/-1 -1/-1 -1/-1 -1/-1 -1/-1 -1/-1 -1/-1 -1/-1 -1/-1 -1/-1 -1/-1 -1/-1 -1/-1 -1/-1 -1/-1 -1/-1 -1/-1 -1/-1 -1/-1 -1/-1 -1/-1 -1/-1 -1/-1 -1/-1 -1/-1 -1/-1 -1/-1 -1/-1 -1/-1 -1/-1 -1/-1 -1/-1 -1/-1 -1/-1 -1/-1 -1/-1 -1/-1 -1/-1 -1/-1 -1/-1 -1/-1 -1/-1 -1/-1 -1/-1 -1/-1 -1/-1 -1/-1 -1/-1 -1/-1 -1/-1 -1/-1 -1/-1 -1/-1 -1/-1 -1/-1 -1/-1 -1/-1 -1/-1 -1/-1 -1/-1 -1/-1 -1/-1 -1/-1 -1/-1 -1/-1 -1/-1 -1/-1 -1/-1 -1/-1 -1/-1 -1/-1 -1/-1 -1/-1 -1/-1 -1/-1 -1/-1 -1/-1 -1/-1 -1/-1 -1/-1 -1/-1 -1/-1 -1/-1 -1/-1 -1/-1 -1/-1 -1/-1 -1/-1 -1/-1 -1/-1 -1/-1 -1/-1 -1/-1 -1/-1 -1/-1 -1/-1 -1/-1 -1/-1 -1/-1 -1/-1 -1/-1 -1/-1 -1/-1 -1/-1 -1/-1 -1/-1 -1/-1 -1/-1 -1/-1 -1/-1 -1/-1 -1/-1 -1/-1 -1/-1 -1/-1 -1/-1 -1/-1 -1/-1 -1/-1 -1/-1 -1/-1 -1/-1 -1/-1 -1/-1 -1/-1 -1/-1 -1/-1 -1/-1 -1/-1 -1/-1 -1/-1 -1/-1 -1/-1 -1/-1 -1/-1 -1/-1 -1/-1 -1/-1 -1/-1 -1/-1 -1/-1 -1/-1 -1/-1 -1/-1 -1/-1 -1/-1 -1/-1 -1/-1 -1/-1 -1/-1 -1/-1 -1/-1 -1/-1 -1/-1 -1/-1 -1/-1 -1/-1 -1/-1 -1/-1 -1/-1 -1/-1 -1/-1 -1/-1 -1/-1 -1/-1 -1/-1 -1/-1 -1/-1 -1/-1 -1/-1 -1/-1 -1/-1 -1/-1 -1/-1 -1/-1 -1/-1 -1/-1 -1/-1 -1/-1 -1/-1 -1/-1 -1/-1 -1/-1 -1/-1 -1/-1 -1/-1 -1/-1 -1/-1 -1/-1 -1/-1 -1/-1 -1/-1 -1/-1 -1/-1 -1/-1 -1/-1 -1/-1 -1/-1 -1/-1 -1/-1 -1/-1 -1/-1 -1/-1 -1/-1 -1/-1 -1/-1 -1/-1 -1/-1 -1/-1 -1/-1 -1/-1 -1/-1 -1/-1 -1/-1 -1/-1 -1/-1 -1/-1 -1/-1 -1/-1 -1/-1 -1/-1 -1/-1 -1/-1 -1/-1 -1/-1 -1/-1 -1/-1 -1/-1 -1/-1 -1/-1 -1/-1 -1/-1 -1/-1 -1/-1 -1/-1 -1/-1 -1/-1 -1/-1 -1/-1 -1/-1 -1/-1 -1/-1 -1/-1 -1/-1 -1/-1 -1/-1 -1/-1 -1/-1 -1/-1 -1/-1 -1/-1 -1/-1 -1/-1 -1/-1 -1/-1 -1/-1 -1/-1 -1/-1 -1/-1 -1/-1 -1/-1 -1/-1 -1/-1 -1/-1 -1/-1 -1/-1 -1/-1 -1/-1 -1/-1
t5.stop_reason = satisfiable
t5.restarts = 2
t5.nogoods_size = 36
t5.nodes = 3
t5.propagations = 3
t30.stop_reason = aborted
t30.restarts = 2
t30.nogoods_size = 36
t30.nodes = 2
t30.propagations = 2
t22.stop_reason = aborted
t22.restarts = 2
t22.nogoods_size = 36
t22.nodes = 2
t22.propagations = 2
t13.stop_reason = aborted
t13.restarts = 2
t13.nogoods_size = 36
t13.nodes = 2
t13.propagations = 2
t6.stop_reason = aborted
t6.restarts = 2
t6.nogoods_size = 36
t6.nodes = 2
t6.propagations = 2
t9.stop_reason = aborted
t9.restarts = 2
t9.nogoods_size = 36
t9.nodes = 2
t9.propagations = 2
t8.stop_reason = aborted
t8.restarts = 2
t8.nogoods_size = 36
t8.nodes = 2
t8.propagations = 2
t3.stop_reason = aborted
t3.restarts = 2
t3.nogoods_size = 36
t3.nodes = 2
t3.propagations = 2
t4.stop_reason = aborted
t4.restarts = 2
t4.nogoods_size = 36
t4.nodes = 2
t4.propagations = 2
t26.stop_reason = aborted
t26.restarts = 2
t26.nogoods_size = 36
t26.nodes = 2
t26.propagations = 2
t35.stop_reason = aborted
t35.restarts = 2
t35.nogoods_size = 36
t35.nodes = 2
t35.propagations = 2
t28.stop_reason = aborted
t28.restarts = 2
t28.nogoods_size = 36
t28.nodes = 2
t28.propagations = 2
t18.stop_reason = aborted
t18.restarts = 2
t18.nogoods_size = 36
t18.nodes = 2
t18.propagations = 2
t27.stop_reason = aborted
t27.restarts = 2
t27.nogoods_size = 36
t27.nodes = 2
t27.propagations = 2
t17.stop_reason = aborted
t17.restarts = 2
t17.nogoods_size = 36
t17.nodes = 2
t17.propagations = 2
t24.stop_reason = aborted
t24.restarts = 2
t24.nogoods_size = 36
t24.nodes = 2
t24.propagations = 2
t23.stop_reason = aborted
t23.restarts = 2
t23.nogoods_size = 36
t23.nodes = 2
t23.propagations = 2
t25.stop_reason = aborted
t25.restarts = 2
t25.nogoods_size = 36
t25.nodes = 2
t25.propagations = 2
t21.stop_reason = aborted
t21.restarts = 2
t21.nogoods_size = 36
t21.nodes = 2
t21.propagations = 2
t29.stop_reason = aborted
t29.restarts = 2
t29.nogoods_size = 36
t29.nodes = 2
t29.propagations = 2
t31.stop_reason = aborted
t31.restarts = 2
t31.nogoods_size = 36
t31.nodes = 2
t31.propagations = 2
t34.stop_reason = aborted
t34.restarts = 2
t34.nogoods_size = 36
t34.nodes = 2
t34.propagations = 2
t32.stop_reason = aborted
t32.restarts = 2
t32.nogoods_size = 36
t32.nodes = 2
t32.propagations = 2
t33.stop_reason = aborted
t33.restarts = 2
t33.nogoods_size = 36
t33.nodes = 2
t33.propagations = 2
t2.stop_reason = aborted
t2.restarts = 2
t2.nogoods_size = 36
t2.nodes = 2
t2.propagations = 2
t7.stop_reason = aborted
t7.restarts = 2
t7.nogoods_size = 36
t7.nodes = 2
t7.propagations = 2
t0.stop_reason = aborted
t0.restarts = 2
t0.nogoods_size = 36
t0.nodes = 2
t0.propagations = 2
t10.stop_reason = aborted
t10.restarts = 2
t10.nogoods_size = 36
t10.nodes = 2
t10.propagations = 2
t1.stop_reason = aborted
t1.restarts = 2
t1.nogoods_size = 36
t1.nodes = 2
t1.propagations = 2
t11.stop_reason = aborted
t11.restarts = 2
t11.nogoods_size = 36
t11.nodes = 2
t11.propagations = 2
t12.stop_reason = aborted
t12.restarts = 2
t12.nogoods_size = 36
t12.nodes = 2
t12.propagations = 2
t16.stop_reason = aborted
t16.restarts = 2
t16.nogoods_size = 36
t16.nodes = 2
t16.propagations = 2
t15.stop_reason = aborted
t15.restarts = 2
t15.nogoods_size = 36
t15.nodes = 2
t15.propagations = 2
t14.stop_reason = aborted
t14.restarts = 2
t14.nogoods_size = 36
t14.nodes = 2
t14.propagations = 2
t19.stop_reason = aborted
t19.restarts = 2
t19.nogoods_size = 36
t19.nodes = 2
t19.propagations = 2
t20.stop_reason = aborted
t20.restarts = 2
t20.nogoods_size = 36
t20.nodes = 2
t20.propagations = 2
search_time = 132
