hostname = r1i2n16
commandline = ../glasgow/solve_subgraph_isomorphism --value-ordering=biased --geometric-restarts=1.0 --restarts-constant=10000 --threads=36 --timeout 1000 --format lad ../instances/si/si4_rand_r01_600/si4_r01_m600.09/pattern ../instances/si/si4_rand_r01_600/si4_r01_m600.09/target
started_at = 2018-11-15 05:04:49
pattern_file = ../instances/si/si4_rand_r01_600/si4_r01_m600.09/pattern
target_file = ../instances/si/si4_rand_r01_600/si4_r01_m600.09/target
status = true
nodes = 1048899
propagations = 4218862
mapping = (0 -> 458) (1 -> 489) (2 -> 262) (3 -> 349) (4 -> 3) (5 -> 366) (6 -> 388) (7 -> 374) (8 -> 247) (9 -> 438) (10 -> 391) (11 -> 210) (12 -> 286) (13 -> 444) (14 -> 342) (15 -> 177) (16 -> 248) (17 -> 447) (18 -> 409) (19 -> 571) (20 -> 239) (21 -> 191) (22 -> 590) (23 -> 40) (24 -> 559) (25 -> 546) (26 -> 235) (27 -> 58) (28 -> 387) (29 -> 20) (30 -> 359) (31 -> 14) (32 -> 37) (33 -> 71) (34 -> 214) (35 -> 152) (36 -> 80) (37 -> 517) (38 -> 96) (39 -> 113) (40 -> 576) (41 -> 419) (42 -> 158) (43 -> 294) (44 -> 343) (45 -> 453) (46 -> 8) (47 -> 125) (48 -> 500) (49 -> 589) (50 -> 104) (51 -> 477) (52 -> 149) (53 -> 588) (54 -> 312) (55 -> 165) (56 -> 260) (57 -> 237) (58 -> 394) (59 -> 31) (60 -> 182) (61 -> 70) (62 -> 32) (63 -> 30) (64 -> 289) (65 -> 200) (66 -> 206) (67 -> 89) (68 -> 240) (69 -> 23) (70 -> 159) (71 -> 50) (72 -> 496) (73 -> 24) (74 -> 202) (75 -> 369) (76 -> 84) (77 -> 296) (78 -> 533) (79 -> 46) (80 -> 33) (81 -> 557) (82 -> 413) (83 -> 287) (84 -> 592) (85 -> 178) (86 -> 595) (87 -> 49) (88 -> 103) (89 -> 547) (90 -> 167) (91 -> 297) (92 -> 411) (93 -> 39) (94 -> 219) (95 -> 507) (96 -> 505) (97 -> 328) (98 -> 572) (99 -> 187) (100 -> 123) (101 -> 318) (102 -> 269) (103 -> 550) (104 -> 385) (105 -> 484) (106 -> 271) (107 -> 510) (108 -> 183) (109 -> 465) (110 -> 472) (111 -> 364) (112 -> 554) (113 -> 272) (114 -> 432) (115 -> 352) (116 -> 582) (117 -> 383) (118 -> 105) (119 -> 93) (120 -> 490) (121 -> 86) (122 -> 78) (123 -> 519) (124 -> 569) (125 -> 280) (126 -> 85) (127 -> 304) (128 -> 502) (129 -> 327) (130 -> 213) (131 -> 365) (132 -> 131) (133 -> 436) (134 -> 573) (135 -> 534) (136 -> 133) (137 -> 429) (138 -> 62) (139 -> 378) (140 -> 450) (141 -> 404) (142 -> 457) (143 -> 555) (144 -> 293) (145 -> 531) (146 -> 199) (147 -> 90) (148 -> 176) (149 -> 537) (150 -> 91) (151 -> 68) (152 -> 299) (153 -> 307) (154 -> 130) (155 -> 542) (156 -> 354) (157 -> 65) (158 -> 335) (159 -> 252) (160 -> 132) (161 -> 122) (162 -> 261) (163 -> 511) (164 -> 279) (165 -> 141) (166 -> 448) (167 -> 265) (168 -> 464) (169 -> 361) (170 -> 528) (171 -> 556) (172 -> 522) (173 -> 212) (174 -> 371) (175 -> 440) (176 -> 414) (177 -> 439) (178 -> 220) (179 -> 594) (180 -> 358) (181 -> 168) (182 -> 332) (183 -> 10) (184 -> 82) (185 -> 275) (186 -> 64) (187 -> 340) (188 -> 234) (189 -> 21) (190 -> 579) (191 -> 545) (192 -> 52) (193 -> 268) (194 -> 407) (195 -> 77) (196 -> 175) (197 -> 5) (198 -> 493) (199 -> 110) (200 -> 151) (201 -> 437) (202 -> 400) (203 -> 344) (204 -> 238) (205 -> 539) (206 -> 553) (207 -> 405) (208 -> 87) (209 -> 431) (210 -> 583) (211 -> 264) (212 -> 224) (213 -> 278) (214 -> 4) (215 -> 445) (216 -> 538) (217 -> 259) (218 -> 459) (219 -> 109) (220 -> 285) (221 -> 1) (222 -> 338) (223 -> 567) (224 -> 587) (225 -> 284) (226 -> 69) (227 -> 541) (228 -> 138) (229 -> 163) (230 -> 134) (231 -> 263) (232 -> 321) (233 -> 99) (234 -> 230) (235 -> 145) (236 -> 353) (237 -> 463) (238 -> 221) (239 -> 257) 
runtime = 2865
t24.where = 1/582 -1/-1 6/125 -1/-1 0/27 -1/-1 2/9 -1/-1 1/3 -1/-1 -1/-1 -1/-1 -1/-1 -1/-1 -1/-1 -1/-1 -1/-1 -1/-1 -1/-1 -1/-1 -1/-1 -1/-1 -1/-1 -1/-1 -1/-1 -1/-1 -1/-1 -1/-1 -1/-1 -1/-1 -1/-1 -1/-1 -1/-1 -1/-1 -1/-1 -1/-1 -1/-1 -1/-1 -1/-1 -1/-1 -1/-1 -1/-1 -1/-1 -1/-1 -1/-1 -1/-1 -1/-1 -1/-1 -1/-1 -1/-1 -1/-1 -1/-1 -1/-1 -1/-1 -1/-1 -1/-1 -1/-1 -1/-1 -1/-1 -1/-1 -1/-1 -1/-1 -1/-1 -1/-1 -1/-1 -1/-1 -1/-1 -1/-1 -1/-1 -1/-1 -1/-1 -1/-1 -1/-1 -1/-1 -1/-1 -1/-1 -1/-1 -1/-1 -1/-1 -1/-1 -1/-1 -1/-1 -1/-1 -1/-1 -1/-1 -1/-1 -1/-1 -1/-1 -1/-1 -1/-1 -1/-1 -1/-1 -1/-1 -1/-1 -1/-1 -1/-1 -1/-1 -1/-1 -1/-1 -1/-1 -1/-1 -1/-1 -1/-1 -1/-1 -1/-1 -1/-1 -1/-1 -1/-1 -1/-1 -1/-1 -1/-1 -1/-1 -1/-1 -1/-1 -1/-1 -1/-1 -1/-1 -1/-1 -1/-1 -1/-1 -1/-1 -1/-1 -1/-1 -1/-1 -1/-1 -1/-1 -1/-1 -1/-1 -1/-1 -1/-1 -1/-1 -1/-1 -1/-1 -1/-1 -1/-1 -1/-1 -1/-1 -1/-1 -1/-1 -1/-1 -1/-1 -1/-1 -1/-1 -1/-1 -1/-1 -1/-1 -1/-1 -1/-1 -1/-1 -1/-1 -1/-1 -1/-1 -1/-1 -1/-1 -1/-1 -1/-1 -1/-1 -1/-1 -1/-1 -1/-1 -1/-1 -1/-1 -1/-1 -1/-1 -1/-1 -1/-1 -1/-1 -1/-1 -1/-1 -1/-1 -1/-1 -1/-1 -1/-1 -1/-1 -1/-1 -1/-1 -1/-1 -1/-1 -1/-1 -1/-1 -1/-1 -1/-1 -1/-1 -1/-1 -1/-1 -1/-1 -1/-1 -1/-1 -1/-1 -1/-1 -1/-1 -1/-1 -1/-1 -1/-1 -1/-1 -1/-1 -1/-1 -1/-1 -1/-1 -1/-1 -1/-1 -1/-1 -1/-1 -1/-1 -1/-1 -1/-1 -1/-1 -1/-1 -1/-1 -1/-1 -1/-1 -1/-1 -1/-1 -1/-1 -1/-1 -1/-1 -1/-1 -1/-1 -1/-1 -1/-1 -1/-1 -1/-1 -1/-1 -1/-1 -1/-1 -1/-1 -1/-1 -1/-1 -1/-1 -1/-1 -1/-1 -1/-1 -1/-1 -1/-1 -1/-1 -1/-1 -1/-1 -1/-1 -1/-1 -1/-1 -1/-1 -1/-1 -1/-1 -1/-1 -1/-1
t24.stop_reason = satisfiable
t24.restarts = 5
t24.nogoods_size = 8268
t24.nodes = 29090
t24.propagations = 29090
t5.stop_reason = aborted
t5.restarts = 5
t5.nogoods_size = 8268
t5.nodes = 28891
t5.propagations = 28891
t31.stop_reason = aborted
t31.restarts = 5
t31.nogoods_size = 8268
t31.nodes = 29453
t31.propagations = 29453
t32.stop_reason = aborted
t32.restarts = 5
t32.nogoods_size = 8268
t32.nodes = 29360
t32.propagations = 29360
t6.stop_reason = aborted
t6.restarts = 5
t6.nogoods_size = 8268
t6.nodes = 29088
t6.propagations = 29088
t27.stop_reason = aborted
t27.restarts = 5
t27.nogoods_size = 8268
t27.nodes = 27757
t27.propagations = 27757
t29.stop_reason = aborted
t29.restarts = 5
t29.nogoods_size = 8268
t29.nodes = 29039
t29.propagations = 29039
t2.stop_reason = aborted
t2.restarts = 5
t2.nogoods_size = 8268
t2.nodes = 29050
t2.propagations = 29050
t13.stop_reason = aborted
t13.restarts = 5
t13.nogoods_size = 8268
t13.nodes = 29262
t13.propagations = 29262
t33.stop_reason = aborted
t33.restarts = 5
t33.nogoods_size = 8268
t33.nodes = 29670
t33.propagations = 29670
t12.stop_reason = aborted
t12.restarts = 5
t12.nogoods_size = 8268
t12.nodes = 29961
t12.propagations = 29961
t34.stop_reason = aborted
t34.restarts = 5
t34.nogoods_size = 8268
t34.nodes = 29294
t34.propagations = 29294
t3.stop_reason = aborted
t3.restarts = 5
t3.nogoods_size = 8268
t3.nodes = 29131
t3.propagations = 29131
t15.stop_reason = aborted
t15.restarts = 5
t15.nogoods_size = 8268
t15.nodes = 27961
t15.propagations = 27961
t19.stop_reason = aborted
t19.restarts = 5
t19.nogoods_size = 8268
t19.nodes = 29482
t19.propagations = 29482
t7.stop_reason = aborted
t7.restarts = 5
t7.nogoods_size = 8268
t7.nodes = 28724
t7.propagations = 28724
t14.stop_reason = aborted
t14.restarts = 5
t14.nogoods_size = 8268
t14.nodes = 29326
t14.propagations = 29326
t23.stop_reason = aborted
t23.restarts = 5
t23.nogoods_size = 8268
t23.nodes = 29236
t23.propagations = 29236
t9.stop_reason = aborted
t9.restarts = 5
t9.nogoods_size = 8268
t9.nodes = 28562
t9.propagations = 28562
t35.stop_reason = aborted
t35.restarts = 5
t35.nogoods_size = 8268
t35.nodes = 29525
t35.propagations = 29525
t20.stop_reason = aborted
t20.restarts = 5
t20.nogoods_size = 8268
t20.nodes = 28050
t20.propagations = 28050
t4.stop_reason = aborted
t4.restarts = 5
t4.nogoods_size = 8268
t4.nodes = 29871
t4.propagations = 29871
t18.stop_reason = aborted
t18.restarts = 5
t18.nogoods_size = 8268
t18.nodes = 28738
t18.propagations = 28738
t8.stop_reason = aborted
t8.restarts = 5
t8.nogoods_size = 8268
t8.nodes = 29080
t8.propagations = 29080
t11.stop_reason = aborted
t11.restarts = 5
t11.nogoods_size = 8268
t11.nodes = 29240
t11.propagations = 29240
t25.stop_reason = aborted
t25.restarts = 5
t25.nogoods_size = 8268
t25.nodes = 28823
t25.propagations = 28823
t1.stop_reason = aborted
t1.restarts = 5
t1.nogoods_size = 8268
t1.nodes = 29014
t1.propagations = 29014
t30.stop_reason = aborted
t30.restarts = 5
t30.nogoods_size = 8268
t30.nodes = 29538
t30.propagations = 29538
t10.stop_reason = aborted
t10.restarts = 5
t10.nogoods_size = 8268
t10.nodes = 29279
t10.propagations = 29279
t17.stop_reason = aborted
t17.restarts = 5
t17.nogoods_size = 8268
t17.nodes = 29289
t17.propagations = 29289
t22.stop_reason = aborted
t22.restarts = 5
t22.nogoods_size = 8268
t22.nodes = 27872
t22.propagations = 27872
t28.stop_reason = aborted
t28.restarts = 5
t28.nogoods_size = 8268
t28.nodes = 29973
t28.propagations = 29973
t16.stop_reason = aborted
t16.restarts = 5
t16.nogoods_size = 8268
t16.nodes = 29624
t16.propagations = 29624
t0.stop_reason = aborted
t0.restarts = 5
t0.nogoods_size = 8268
t0.nodes = 29580
t0.propagations = 29580
t26.stop_reason = aborted
t26.restarts = 5
t26.nogoods_size = 8268
t26.nodes = 29943
t26.propagations = 29943
t21.stop_reason = aborted
t21.restarts = 5
t21.nogoods_size = 8268
t21.nodes = 29123
t21.propagations = 29123
search_time = 2070
