hostname = r1i0n1
commandline = ../glasgow/solve_subgraph_isomorphism --value-ordering=biased --geometric-restarts=1.0 --restarts-constant=5400 --threads=36 --timeout 1000 --format lad ../instances/meshes-CVIU11/patterns/pattern3 ../instances/meshes-CVIU11/targets/target460
started_at = 2018-11-19 06:28:40
pattern_file = ../instances/meshes-CVIU11/patterns/pattern3
target_file = ../instances/meshes-CVIU11/targets/target460
status = true
nodes = 31182
propagations = 71271
mapping = (0 -> 784) (1 -> 4) (2 -> 890) (3 -> 889) (4 -> 891) (5 -> 288) (6 -> 289) (7 -> 290) (8 -> 303) (9 -> 302) (10 -> 185) (11 -> 184) (12 -> 197) (13 -> 210) (14 -> 223) (15 -> 224) (16 -> 237) (17 -> 250) (18 -> 249) (19 -> 262) (20 -> 275) (21 -> 274) (22 -> 261) (23 -> 248) (24 -> 247) (25 -> 246) (26 -> 233) (27 -> 232) (28 -> 231) (29 -> 218) (30 -> 219) (31 -> 206) (32 -> 193) (33 -> 194) (34 -> 195) (35 -> 188) (36 -> 187) (37 -> 186) (38 -> 189) (39 -> 220) (40 -> 207) (41 -> 208) (42 -> 209) (43 -> 222) (44 -> 235) (45 -> 236) (46 -> 245) (47 -> 244) (48 -> 243) (49 -> 257) (50 -> 256) (51 -> 269) (52 -> 270) (53 -> 271) (54 -> 272) (55 -> 285) (56 -> 258) (57 -> 259) (58 -> 260) (59 -> 273) (60 -> 286) (61 -> 287) (62 -> 300) (63 -> 299) (64 -> 225) (65 -> 226) (66 -> 227) (67 -> 240) (68 -> 239) (69 -> 238) (70 -> 251) (71 -> 229) (72 -> 230) (73 -> 217) (74 -> 228) (75 -> 215) (76 -> 216) (77 -> 214) (78 -> 213) (79 -> 212) (80 -> 199) (81 -> 180) (82 -> 181) (83 -> 183) (84 -> 198) (85 -> 182) (86 -> 277) (87 -> 278) (88 -> 265) (89 -> 279) (90 -> 266) (91 -> 267) (92 -> 280) (93 -> 293) (94 -> 306) (95 -> 177) (96 -> 174) (97 -> 175) (98 -> 176) (99 -> 179) (100 -> 200) (101 -> 201) (102 -> 202) (103 -> 173) (104 -> 172) (105 -> 171) (106 -> 192) (107 -> 191) (108 -> 190) (109 -> 169) (110 -> 268) (111 -> 281) (112 -> 294) (113 -> 295) (114 -> 308) (115 -> 282) (116 -> 283) (117 -> 296) (118 -> 297) (119 -> 310) (120 -> 309) (121 -> 253) (122 -> 292) (123 -> 876) (124 -> 875) (125 -> 1417) (126 -> 1418) (127 -> 1399) (128 -> 1419) (129 -> 1420) (130 -> 1421) (131 -> 1422) (132 -> 1416) (133 -> 1154) (134 -> 1153) (135 -> 1166) (136 -> 1165) (137 -> 1152) (138 -> 1139) (139 -> 1126) (140 -> 1111) (141 -> 1110) (142 -> 1231) (143 -> 1218) (144 -> 1219) (145 -> 1206) (146 -> 1207) (147 -> 1194) (148 -> 1127) (149 -> 1128) (150 -> 1141) (151 -> 1142) (152 -> 1155) (153 -> 1156) (154 -> 1145) (155 -> 555) (156 -> 1293) (157 -> 624) (158 -> 500) (159 -> 529) (160 -> 315) (161 -> 1449) (162 -> 1173) 
runtime = 397
t35.stop_reason = aborted
t35.restarts = 2
t35.nogoods_size = 36
t35.nodes = 552
t35.propagations = 552
t10.stop_reason = aborted
t10.restarts = 2
t10.nogoods_size = 36
t10.nodes = 807
t10.propagations = 807
t27.stop_reason = aborted
t27.restarts = 2
t27.nogoods_size = 36
t27.nodes = 1492
t27.propagations = 1492
t4.stop_reason = aborted
t4.restarts = 2
t4.nogoods_size = 36
t4.nodes = 1591
t4.propagations = 1591
t17.stop_reason = aborted
t17.restarts = 2
t17.nogoods_size = 36
t17.nodes = 1181
t17.propagations = 1181
t32.where = -1/-1 0/8 -1/-1 0/22 -1/-1 0/2 -1/-1 -1/-1 -1/-1 -1/-1 0/2 -1/-1 -1/-1 0/1217 -1/-1 0/4 -1/-1 0/2 -1/-1 0/2 -1/-1 -1/-1 0/2 -1/-1 0/3 -1/-1 0/2 -1/-1 0/2 -1/-1 -1/-1 0/3 -1/-1 0/3 -1/-1 0/2 -1/-1 0/2 -1/-1 0/2 -1/-1 0/3 -1/-1 0/2 -1/-1 0/3 -1/-1 0/3 -1/-1 0/3 -1/-1 0/2 -1/-1 0/3 -1/-1 0/2 -1/-1 -1/-1 -1/-1 -1/-1 -1/-1 0/2 -1/-1 -1/-1 0/2 -1/-1 -1/-1 0/2 -1/-1 0/2 -1/-1 0/2 -1/-1 0/3 -1/-1 0/2 -1/-1 0/2 -1/-1 0/2 -1/-1 0/3 -1/-1 0/2 -1/-1 -1/-1 0/2 -1/-1 0/2 -1/-1 0/2 -1/-1 0/2 -1/-1 0/2 -1/-1 0/2 -1/-1 -1/-1 0/2 -1/-1 0/2 -1/-1 0/2 -1/-1 0/2 -1/-1 0/2 -1/-1 0/2 -1/-1 -1/-1 -1/-1 0/2 -1/-1 -1/-1 0/2 -1/-1 0/2 -1/-1 -1/-1 0/2 -1/-1 0/2 -1/-1 -1/-1 0/2 -1/-1 0/2 -1/-1 0/3 -1/-1 -1/-1 0/2 -1/-1 0/3 -1/-1 -1/-1 0/2 -1/-1 -1/-1 0/2 -1/-1 0/2 -1/-1 0/2 -1/-1 0/2 -1/-1 0/2 -1/-1 0/2 -1/-1 0/3 -1/-1 0/2 -1/-1 0/3 -1/-1 1/2 -1/-1 -1/-1 1/2 -1/-1 0/3 -1/-1 0/2 -1/-1 1/2 -1/-1 0/2 -1/-1 0/2 -1/-1 -1/-1 0/2 -1/-1 -1/-1 -1/-1 0/2 -1/-1 -1/-1 0/2 -1/-1 -1/-1 0/2 -1/-1 -1/-1 0/2 -1/-1 0/3 -1/-1 1/3 -1/-1 0/3 -1/-1 0/2 -1/-1 0/2 -1/-1 0/2 -1/-1 0/2 -1/-1 0/2 -1/-1 -1/-1 -1/-1 0/2 -1/-1 0/3 -1/-1 0/2 -1/-1 -1/-1 0/2 -1/-1 0/2 -1/-1 -1/-1 0/1210 -1/-1 0/4 -1/-1 0/3 -1/-1 0/3 -1/-1 0/3 -1/-1 0/2 -1/-1 0/3 -1/-1 0/3 -1/-1 0/2 -1/-1 0/3 -1/-1 0/3 -1/-1 0/3 -1/-1 0/3 -1/-1 0/3 -1/-1 0/3 -1/-1 0/3 -1/-1 0/3 -1/-1 0/2 -1/-1 0/3 -1/-1 0/2 -1/-1 0/3 -1/-1 0/3 -1/-1 0/1227 -1/-1 0/4 -1/-1 0/3 -1/-1 0/1258 -1/-1 0/4 -1/-1 0/1261 -1/-1 0/1260 -1/-1 0/1259 -1/-1 0/1258 -1/-1 0/1257 -1/-1 0/1256 -1/-1 0/1255 -1/-1 0/1254 -1/-1 0/1253 -1/-1
t32.stop_reason = satisfiable
t32.restarts = 2
t32.nogoods_size = 36
t32.nodes = 157
t32.propagations = 157
t19.stop_reason = aborted
t19.restarts = 2
t19.nogoods_size = 36
t19.nodes = 697
t19.propagations = 697
t8.stop_reason = aborted
t8.restarts = 2
t8.nogoods_size = 36
t8.nodes = 1410
t8.propagations = 1410
t33.stop_reason = aborted
t33.restarts = 2
t33.nogoods_size = 36
t33.nodes = 1010
t33.propagations = 1010
t14.stop_reason = aborted
t14.restarts = 2
t14.nogoods_size = 36
t14.nodes = 1146
t14.propagations = 1146
t29.stop_reason = aborted
t29.restarts = 2
t29.nogoods_size = 36
t29.nodes = 770
t29.propagations = 770
t25.stop_reason = aborted
t25.restarts = 2
t25.nogoods_size = 36
t25.nodes = 642
t25.propagations = 642
t16.stop_reason = aborted
t16.restarts = 2
t16.nogoods_size = 36
t16.nodes = 579
t16.propagations = 579
t26.stop_reason = aborted
t26.restarts = 2
t26.nogoods_size = 36
t26.nodes = 623
t26.propagations = 623
t11.stop_reason = aborted
t11.restarts = 2
t11.nogoods_size = 36
t11.nodes = 979
t11.propagations = 979
t5.stop_reason = aborted
t5.restarts = 2
t5.nogoods_size = 36
t5.nodes = 1064
t5.propagations = 1064
t20.stop_reason = aborted
t20.restarts = 2
t20.nogoods_size = 36
t20.nodes = 616
t20.propagations = 616
t9.stop_reason = aborted
t9.restarts = 2
t9.nogoods_size = 36
t9.nodes = 1197
t9.propagations = 1197
t31.stop_reason = aborted
t31.restarts = 2
t31.nogoods_size = 36
t31.nodes = 1317
t31.propagations = 1317
t12.stop_reason = aborted
t12.restarts = 2
t12.nogoods_size = 36
t12.nodes = 1766
t12.propagations = 1766
t24.stop_reason = aborted
t24.restarts = 2
t24.nogoods_size = 36
t24.nodes = 807
t24.propagations = 807
t1.stop_reason = aborted
t1.restarts = 2
t1.nogoods_size = 36
t1.nodes = 661
t1.propagations = 661
t28.stop_reason = aborted
t28.restarts = 2
t28.nogoods_size = 36
t28.nodes = 849
t28.propagations = 849
t22.stop_reason = aborted
t22.restarts = 2
t22.nogoods_size = 36
t22.nodes = 1180
t22.propagations = 1180
t34.stop_reason = aborted
t34.restarts = 2
t34.nogoods_size = 36
t34.nodes = 760
t34.propagations = 760
t18.stop_reason = aborted
t18.restarts = 2
t18.nogoods_size = 36
t18.nodes = 822
t18.propagations = 822
t13.stop_reason = aborted
t13.restarts = 2
t13.nogoods_size = 36
t13.nodes = 1113
t13.propagations = 1113
t6.stop_reason = aborted
t6.restarts = 2
t6.nogoods_size = 36
t6.nodes = 725
t6.propagations = 725
t21.stop_reason = aborted
t21.restarts = 2
t21.nogoods_size = 36
t21.nodes = 810
t21.propagations = 810
t0.stop_reason = aborted
t0.restarts = 2
t0.nogoods_size = 36
t0.nodes = 641
t0.propagations = 641
t23.stop_reason = aborted
t23.restarts = 2
t23.nogoods_size = 36
t23.nodes = 567
t23.propagations = 567
t15.stop_reason = aborted
t15.restarts = 2
t15.nogoods_size = 36
t15.nodes = 747
t15.propagations = 747
t7.stop_reason = aborted
t7.restarts = 2
t7.nogoods_size = 36
t7.nodes = 534
t7.propagations = 534
t30.stop_reason = aborted
t30.restarts = 2
t30.nogoods_size = 36
t30.nodes = 1053
t30.propagations = 1053
t3.stop_reason = aborted
t3.restarts = 2
t3.nogoods_size = 36
t3.nodes = 172
t3.propagations = 172
t2.stop_reason = aborted
t2.restarts = 2
t2.nogoods_size = 36
t2.nodes = 145
t2.propagations = 145
search_time = 178
