hostname = r1i0n16
commandline = ../glasgow/solve_subgraph_isomorphism --value-ordering=biased --geometric-restarts=1.0 --restarts-constant=5400 --threads=36 --timeout 1000 --format lad ../instances/LV/g19 ../instances/LV/g45
started_at = 2018-11-18 18:12:15
pattern_file = ../instances/LV/g19
target_file = ../instances/LV/g45
status = aborted
nodes = 419437362
propagations = 998150092
runtime = 1027721
t30.restarts = 9416
t30.nogoods_size = 2334017
t30.nodes = 11470774
t30.propagations = 11470774
t23.restarts = 9416
t23.nogoods_size = 2334017
t23.nodes = 11640059
t23.propagations = 11640059
t9.restarts = 9416
t9.nogoods_size = 2334017
t9.nodes = 11202885
t9.propagations = 11202885
t31.restarts = 9416
t31.nogoods_size = 2334017
t31.nodes = 11397668
t31.propagations = 11397668
t24.restarts = 9416
t24.nogoods_size = 2334017
t24.nodes = 11849682
t24.propagations = 11849682
t26.restarts = 9416
t26.nogoods_size = 2334017
t26.nodes = 11291541
t26.propagations = 11291541
t33.restarts = 9416
t33.nogoods_size = 2334017
t33.nodes = 11165419
t33.propagations = 11165419
t14.restarts = 9416
t14.nogoods_size = 2334017
t14.nodes = 11569590
t14.propagations = 11569590
t21.restarts = 9416
t21.nogoods_size = 2334017
t21.nodes = 11911812
t21.propagations = 11911812
t3.restarts = 9416
t3.nogoods_size = 2334017
t3.nodes = 11543130
t3.propagations = 11543130
t34.restarts = 9416
t34.nogoods_size = 2334017
t34.nodes = 11565045
t34.propagations = 11565045
t7.stop_reason = aborted
t7.restarts = 9416
t7.nogoods_size = 2334017
t7.nodes = 11550071
t7.propagations = 11550071
t2.restarts = 9416
t2.nogoods_size = 2334017
t2.nodes = 12038792
t2.propagations = 12038792
t35.restarts = 9416
t35.nogoods_size = 2334017
t35.nodes = 12160284
t35.propagations = 12160284
t6.restarts = 9416
t6.nogoods_size = 2334017
t6.nodes = 12331356
t6.propagations = 12331356
t4.restarts = 9416
t4.nogoods_size = 2334017
t4.nodes = 11198926
t4.propagations = 11198926
t22.restarts = 9416
t22.nogoods_size = 2334017
t22.nodes = 11903213
t22.propagations = 11903213
t27.restarts = 9416
t27.nogoods_size = 2334017
t27.nodes = 11866165
t27.propagations = 11866165
t15.restarts = 9416
t15.nogoods_size = 2334017
t15.nodes = 11324517
t15.propagations = 11324517
t1.restarts = 9416
t1.nogoods_size = 2334017
t1.nodes = 11757394
t1.propagations = 11757394
t17.restarts = 9416
t17.nogoods_size = 2334017
t17.nodes = 11513444
t17.propagations = 11513444
t11.restarts = 9416
t11.nogoods_size = 2334017
t11.nodes = 11311885
t11.propagations = 11311885
t0.restarts = 9416
t0.nogoods_size = 2334017
t0.nodes = 11357861
t0.propagations = 11357861
t12.restarts = 9416
t12.nogoods_size = 2334017
t12.nodes = 12106088
t12.propagations = 12106088
t20.restarts = 9416
t20.nogoods_size = 2334017
t20.nodes = 11334220
t20.propagations = 11334220
t19.restarts = 9416
t19.nogoods_size = 2334017
t19.nodes = 11959239
t19.propagations = 11959239
t29.restarts = 9416
t29.nogoods_size = 2334017
t29.nodes = 11962145
t29.propagations = 11962145
t32.restarts = 9416
t32.nogoods_size = 2334017
t32.nodes = 11800917
t32.propagations = 11800917
t18.restarts = 9416
t18.nogoods_size = 2334017
t18.nodes = 11661683
t18.propagations = 11661683
t16.restarts = 9416
t16.nogoods_size = 2334017
t16.nodes = 11833364
t16.propagations = 11833364
t10.stop_reason = aborted
t10.restarts = 9416
t10.nogoods_size = 2334017
t10.nodes = 11863456
t10.propagations = 11863456
t28.restarts = 9416
t28.nogoods_size = 2334017
t28.nodes = 11487121
t28.propagations = 11487121
t25.stop_reason = aborted
t25.restarts = 9416
t25.nogoods_size = 2334017
t25.nodes = 11252355
t25.propagations = 11252355
t13.stop_reason = aborted
t13.restarts = 9416
t13.nogoods_size = 2334017
t13.nodes = 11370490
t13.propagations = 11370490
t8.stop_reason = aborted
t8.restarts = 9416
t8.nogoods_size = 2334017
t8.nodes = 11689635
t8.propagations = 11689635
t5.stop_reason = aborted
t5.restarts = 9416
t5.nogoods_size = 2334017
t5.nodes = 12195136
t5.propagations = 12195136
search_time = 1000016
