hostname = r1i1n30
commandline = ../glasgow/solve_subgraph_isomorphism --value-ordering=biased --geometric-restarts=1.0 --restarts-constant=5400 --threads=36 --timeout 1000 --format lad ../instances/LV/g33 ../instances/largerGraphs/g111
started_at = 2018-11-19 06:18:48
pattern_file = ../instances/LV/g33
target_file = ../instances/largerGraphs/g111
status = false
nodes = 181214
propagations = 825949
runtime = 1345
t7.stop_reason = unsatisfiable
t7.restarts = 3
t7.nogoods_size = 1376
t7.nodes = 4891
t7.propagations = 4891
t29.stop_reason = unsatisfiable
t29.restarts = 3
t29.nogoods_size = 1376
t29.nodes = 3948
t29.propagations = 3948
t12.stop_reason = aborted
t12.restarts = 3
t12.nogoods_size = 1376
t12.nodes = 5172
t12.propagations = 5172
t1.stop_reason = aborted
t1.restarts = 3
t1.nogoods_size = 1376
t1.nodes = 5052
t1.propagations = 5052
t23.stop_reason = unsatisfiable
t23.restarts = 3
t23.nogoods_size = 1376
t23.nodes = 5226
t23.propagations = 5226
t24.stop_reason = unsatisfiable
t24.restarts = 3
t24.nogoods_size = 1376
t24.nodes = 5280
t24.propagations = 5280
t25.stop_reason = aborted
t25.restarts = 3
t25.nogoods_size = 1376
t25.nodes = 5345
t25.propagations = 5345
t35.stop_reason = unsatisfiable
t35.restarts = 3
t35.nogoods_size = 1376
t35.nodes = 5197
t35.propagations = 5197
t28.stop_reason = unsatisfiable
t28.restarts = 3
t28.nogoods_size = 1376
t28.nodes = 5285
t28.propagations = 5285
t19.stop_reason = unsatisfiable
t19.restarts = 3
t19.nogoods_size = 1376
t19.nodes = 5275
t19.propagations = 5275
t34.stop_reason = unsatisfiable
t34.restarts = 3
t34.nogoods_size = 1376
t34.nodes = 5189
t34.propagations = 5189
t33.stop_reason = unsatisfiable
t33.restarts = 3
t33.nogoods_size = 1376
t33.nodes = 5436
t33.propagations = 5436
t10.stop_reason = unsatisfiable
t10.restarts = 3
t10.nogoods_size = 1376
t10.nodes = 5450
t10.propagations = 5450
t3.stop_reason = aborted
t3.restarts = 3
t3.nogoods_size = 1376
t3.nodes = 4655
t3.propagations = 4655
t14.stop_reason = unsatisfiable
t14.restarts = 3
t14.nogoods_size = 1376
t14.nodes = 5317
t14.propagations = 5317
t0.stop_reason = unsatisfiable
t0.restarts = 3
t0.nogoods_size = 1376
t0.nodes = 5131
t0.propagations = 5131
t5.stop_reason = unsatisfiable
t5.restarts = 3
t5.nogoods_size = 1376
t5.nodes = 5427
t5.propagations = 5427
t21.stop_reason = unsatisfiable
t21.restarts = 3
t21.nogoods_size = 1376
t21.nodes = 4980
t21.propagations = 4980
t22.stop_reason = unsatisfiable
t22.restarts = 3
t22.nogoods_size = 1376
t22.nodes = 4531
t22.propagations = 4531
t15.stop_reason = unsatisfiable
t15.restarts = 3
t15.nogoods_size = 1376
t15.nodes = 5410
t15.propagations = 5410
t6.stop_reason = unsatisfiable
t6.restarts = 3
t6.nogoods_size = 1376
t6.nodes = 3786
t6.propagations = 3786
t4.stop_reason = unsatisfiable
t4.restarts = 3
t4.nogoods_size = 1376
t4.nodes = 5321
t4.propagations = 5321
t31.stop_reason = unsatisfiable
t31.restarts = 3
t31.nogoods_size = 1376
t31.nodes = 5160
t31.propagations = 5160
t8.stop_reason = unsatisfiable
t8.restarts = 3
t8.nogoods_size = 1376
t8.nodes = 4708
t8.propagations = 4708
t32.stop_reason = unsatisfiable
t32.restarts = 3
t32.nogoods_size = 1376
t32.nodes = 5304
t32.propagations = 5304
t13.stop_reason = unsatisfiable
t13.restarts = 3
t13.nogoods_size = 1376
t13.nodes = 4866
t13.propagations = 4866
t9.stop_reason = unsatisfiable
t9.restarts = 3
t9.nogoods_size = 1376
t9.nodes = 4506
t9.propagations = 4506
t18.stop_reason = unsatisfiable
t18.restarts = 3
t18.nogoods_size = 1376
t18.nodes = 4882
t18.propagations = 4882
t16.stop_reason = unsatisfiable
t16.restarts = 3
t16.nogoods_size = 1376
t16.nodes = 5027
t16.propagations = 5027
t26.stop_reason = aborted
t26.restarts = 3
t26.nogoods_size = 1376
t26.nodes = 4954
t26.propagations = 4954
t27.stop_reason = unsatisfiable
t27.restarts = 3
t27.nogoods_size = 1376
t27.nodes = 5176
t27.propagations = 5176
t20.stop_reason = unsatisfiable
t20.restarts = 3
t20.nogoods_size = 1376
t20.nodes = 5042
t20.propagations = 5042
t2.stop_reason = unsatisfiable
t2.restarts = 3
t2.nogoods_size = 1376
t2.nodes = 5094
t2.propagations = 5094
t30.stop_reason = unsatisfiable
t30.restarts = 3
t30.nogoods_size = 1376
t30.nodes = 4990
t30.propagations = 4990
t17.stop_reason = unsatisfiable
t17.restarts = 3
t17.nogoods_size = 1376
t17.nodes = 5071
t17.propagations = 5071
t11.stop_reason = unsatisfiable
t11.restarts = 3
t11.nogoods_size = 1376
t11.nodes = 5130
t11.propagations = 5130
search_time = 931
