hostname = r1i4n11
commandline = ../glasgow/solve_subgraph_isomorphism --value-ordering=biased --geometric-restarts=1.0 --restarts-constant=5400 --threads=36 --timeout 1000 --format lad ../instances/phase/phase-30-150-0.48-0.50-0.54-3-pattern ../instances/phase/phase-30-150-0.48-0.50-0.54-3-target
started_at = 2018-11-19 06:15:47
pattern_file = ../instances/phase/phase-30-150-0.48-0.50-0.54-3-pattern
target_file = ../instances/phase/phase-30-150-0.48-0.50-0.54-3-target
status = true
nodes = 61554988
propagations = 151742675
mapping = (0 -> 66) (1 -> 2) (2 -> 65) (3 -> 96) (4 -> 8) (5 -> 121) (6 -> 17) (7 -> 114) (8 -> 49) (9 -> 117) (10 -> 29) (11 -> 31) (12 -> 148) (13 -> 24) (14 -> 106) (15 -> 145) (16 -> 129) (17 -> 39) (18 -> 100) (19 -> 52) (20 -> 60) (21 -> 43) (22 -> 9) (23 -> 86) (24 -> 99) (25 -> 78) (26 -> 14) (27 -> 34) (28 -> 22) (29 -> 55) 
runtime = 9608
t4.stop_reason = aborted
t4.restarts = 396
t4.nogoods_size = 196970
t4.nodes = 1521555
t4.propagations = 1521555
t17.stop_reason = aborted
t17.restarts = 396
t17.nogoods_size = 196970
t17.nodes = 1801381
t17.propagations = 1801381
t1.stop_reason = aborted
t1.restarts = 396
t1.nogoods_size = 196970
t1.nodes = 1796086
t1.propagations = 1796086
t31.stop_reason = aborted
t31.restarts = 396
t31.nogoods_size = 196970
t31.nodes = 1725060
t31.propagations = 1725060
t12.where = 0/150 -1/-1 0/87 -1/-1 0/54 -1/-1 0/30 -1/-1 1/14 -1/-1 1/13 -1/-1 0/8 -1/-1 3/6 -1/-1 0/4 -1/-1 0/2 -1/-1 -1/-1 0/2 -1/-1 -1/-1 -1/-1 -1/-1 -1/-1 -1/-1 -1/-1 -1/-1 -1/-1 -1/-1 -1/-1 -1/-1 -1/-1 -1/-1 -1/-1 -1/-1 -1/-1 -1/-1 -1/-1
t12.stop_reason = satisfiable
t12.restarts = 396
t12.nogoods_size = 196970
t12.nodes = 1756999
t12.propagations = 1756999
t15.stop_reason = aborted
t15.restarts = 396
t15.nogoods_size = 196970
t15.nodes = 1787815
t15.propagations = 1787815
t27.stop_reason = aborted
t27.restarts = 396
t27.nogoods_size = 196970
t27.nodes = 1703204
t27.propagations = 1703204
t24.stop_reason = aborted
t24.restarts = 396
t24.nogoods_size = 196970
t24.nodes = 1747099
t24.propagations = 1747099
t10.stop_reason = aborted
t10.restarts = 396
t10.nogoods_size = 196970
t10.nodes = 1735960
t10.propagations = 1735960
t6.stop_reason = aborted
t6.restarts = 396
t6.nogoods_size = 196970
t6.nodes = 1685427
t6.propagations = 1685427
t14.stop_reason = aborted
t14.restarts = 396
t14.nogoods_size = 196970
t14.nodes = 1811818
t14.propagations = 1811818
t32.stop_reason = aborted
t32.restarts = 396
t32.nogoods_size = 196970
t32.nodes = 1712294
t32.propagations = 1712294
t26.stop_reason = aborted
t26.restarts = 396
t26.nogoods_size = 196970
t26.nodes = 1799963
t26.propagations = 1799963
t22.stop_reason = aborted
t22.restarts = 396
t22.nogoods_size = 196970
t22.nodes = 1826642
t22.propagations = 1826642
t7.stop_reason = aborted
t7.restarts = 396
t7.nogoods_size = 196970
t7.nodes = 1735109
t7.propagations = 1735109
t8.stop_reason = aborted
t8.restarts = 396
t8.nogoods_size = 196970
t8.nodes = 1621428
t8.propagations = 1621428
t9.stop_reason = aborted
t9.restarts = 396
t9.nogoods_size = 196970
t9.nodes = 1729836
t9.propagations = 1729836
t25.stop_reason = aborted
t25.restarts = 396
t25.nogoods_size = 196970
t25.nodes = 1792885
t25.propagations = 1792885
t0.stop_reason = aborted
t0.restarts = 396
t0.nogoods_size = 196970
t0.nodes = 1746904
t0.propagations = 1746904
t16.stop_reason = aborted
t16.restarts = 396
t16.nogoods_size = 196970
t16.nodes = 1789569
t16.propagations = 1789569
t13.stop_reason = aborted
t13.restarts = 396
t13.nogoods_size = 196970
t13.nodes = 1297557
t13.propagations = 1297557
t34.stop_reason = aborted
t34.restarts = 396
t34.nogoods_size = 196970
t34.nodes = 1705709
t34.propagations = 1705709
t33.stop_reason = aborted
t33.restarts = 396
t33.nogoods_size = 196970
t33.nodes = 1263987
t33.propagations = 1263987
t5.stop_reason = aborted
t5.restarts = 396
t5.nogoods_size = 196970
t5.nodes = 1741089
t5.propagations = 1741089
t18.stop_reason = aborted
t18.restarts = 396
t18.nogoods_size = 196970
t18.nodes = 1634878
t18.propagations = 1634878
t23.stop_reason = aborted
t23.restarts = 396
t23.nogoods_size = 196970
t23.nodes = 1819378
t23.propagations = 1819378
t30.stop_reason = aborted
t30.restarts = 396
t30.nogoods_size = 196970
t30.nodes = 1688965
t30.propagations = 1688965
t20.stop_reason = aborted
t20.restarts = 396
t20.nogoods_size = 196970
t20.nodes = 1728612
t20.propagations = 1728612
t2.stop_reason = aborted
t2.restarts = 396
t2.nogoods_size = 196970
t2.nodes = 1694906
t2.propagations = 1694906
t29.stop_reason = aborted
t29.restarts = 396
t29.nogoods_size = 196970
t29.nodes = 1797793
t29.propagations = 1797793
t28.stop_reason = aborted
t28.restarts = 396
t28.nogoods_size = 196970
t28.nodes = 1790505
t28.propagations = 1790505
t19.stop_reason = aborted
t19.restarts = 396
t19.nogoods_size = 196970
t19.nodes = 1736033
t19.propagations = 1736033
t3.stop_reason = aborted
t3.restarts = 396
t3.nogoods_size = 196970
t3.nodes = 1754937
t3.propagations = 1754937
t11.stop_reason = aborted
t11.restarts = 396
t11.nogoods_size = 196970
t11.nodes = 1731625
t11.propagations = 1731625
t21.stop_reason = aborted
t21.restarts = 396
t21.nogoods_size = 196970
t21.nodes = 1696043
t21.propagations = 1696043
t35.stop_reason = aborted
t35.restarts = 396
t35.nogoods_size = 196970
t35.nodes = 1645937
t35.propagations = 1645937
search_time = 8240
