hostname = r1i1n30
commandline = ../glasgow/solve_subgraph_isomorphism --value-ordering=biased --geometric-restarts=1.0 --restarts-constant=5400 --threads=36 --timeout 1000 --format lad ../instances/phase/phase-30-150-0.76-0.70-0.72-4-pattern ../instances/phase/phase-30-150-0.76-0.70-0.72-4-target
started_at = 2018-11-19 06:22:41
pattern_file = ../instances/phase/phase-30-150-0.76-0.70-0.72-4-pattern
target_file = ../instances/phase/phase-30-150-0.76-0.70-0.72-4-target
status = true
nodes = 2706966
propagations = 7140723
mapping = (0 -> 73) (1 -> 13) (2 -> 60) (3 -> 90) (4 -> 49) (5 -> 82) (6 -> 111) (7 -> 116) (8 -> 51) (9 -> 37) (10 -> 103) (11 -> 9) (12 -> 130) (13 -> 67) (14 -> 137) (15 -> 74) (16 -> 23) (17 -> 146) (18 -> 76) (19 -> 2) (20 -> 72) (21 -> 29) (22 -> 24) (23 -> 65) (24 -> 107) (25 -> 20) (26 -> 66) (27 -> 134) (28 -> 114) (29 -> 120) 
runtime = 332
t13.where = 0/150 -1/-1 0/123 -1/-1 0/96 -1/-1 0/72 -1/-1 0/66 -1/-1 0/54 -1/-1 0/39 -1/-1 0/30 -1/-1 0/24 -1/-1 0/19 -1/-1 3/17 -1/-1 5/11 -1/-1 5/10 -1/-1 4/8 -1/-1 0/4 -1/-1 0/3 -1/-1 1/3 -1/-1 1/3 -1/-1 -1/-1 -1/-1 -1/-1 -1/-1 -1/-1 -1/-1 -1/-1 -1/-1 -1/-1 -1/-1 -1/-1 -1/-1
t13.stop_reason = satisfiable
t13.restarts = 17
t13.nogoods_size = 8109
t13.nodes = 77906
t13.propagations = 77906
t23.stop_reason = aborted
t23.restarts = 17
t23.nogoods_size = 8109
t23.nodes = 67376
t23.propagations = 67376
t29.stop_reason = aborted
t29.restarts = 17
t29.nogoods_size = 8109
t29.nodes = 77591
t29.propagations = 77591
t14.stop_reason = aborted
t14.restarts = 17
t14.nogoods_size = 8109
t14.nodes = 75976
t14.propagations = 75976
t10.stop_reason = aborted
t10.restarts = 17
t10.nogoods_size = 8109
t10.nodes = 73902
t10.propagations = 73902
t11.stop_reason = aborted
t11.restarts = 17
t11.nogoods_size = 8109
t11.nodes = 78114
t11.propagations = 78114
t30.stop_reason = aborted
t30.restarts = 17
t30.nogoods_size = 8109
t30.nodes = 74999
t30.propagations = 74999
t9.stop_reason = aborted
t9.restarts = 17
t9.nogoods_size = 8109
t9.nodes = 78950
t9.propagations = 78950
t28.stop_reason = aborted
t28.restarts = 17
t28.nogoods_size = 8109
t28.nodes = 81119
t28.propagations = 81119
t0.stop_reason = aborted
t0.restarts = 17
t0.nogoods_size = 8109
t0.nodes = 82864
t0.propagations = 82864
t2.stop_reason = aborted
t2.restarts = 17
t2.nogoods_size = 8109
t2.nodes = 73910
t2.propagations = 73910
t5.stop_reason = aborted
t5.restarts = 17
t5.nogoods_size = 8109
t5.nodes = 75179
t5.propagations = 75179
t21.stop_reason = aborted
t21.restarts = 17
t21.nogoods_size = 8109
t21.nodes = 75177
t21.propagations = 75177
t26.stop_reason = aborted
t26.restarts = 17
t26.nogoods_size = 8109
t26.nodes = 73510
t26.propagations = 73510
t22.stop_reason = aborted
t22.restarts = 17
t22.nogoods_size = 8109
t22.nodes = 81695
t22.propagations = 81695
t4.stop_reason = aborted
t4.restarts = 17
t4.nogoods_size = 8109
t4.nodes = 74953
t4.propagations = 74953
t35.stop_reason = aborted
t35.restarts = 17
t35.nogoods_size = 8109
t35.nodes = 76049
t35.propagations = 76049
t12.stop_reason = aborted
t12.restarts = 17
t12.nogoods_size = 8109
t12.nodes = 74771
t12.propagations = 74771
t15.stop_reason = aborted
t15.restarts = 17
t15.nogoods_size = 8109
t15.nodes = 77967
t15.propagations = 77967
t1.stop_reason = aborted
t1.restarts = 17
t1.nogoods_size = 8109
t1.nodes = 62589
t1.propagations = 62589
t32.stop_reason = aborted
t32.restarts = 17
t32.nogoods_size = 8109
t32.nodes = 74659
t32.propagations = 74659
t16.stop_reason = aborted
t16.restarts = 17
t16.nogoods_size = 8109
t16.nodes = 78319
t16.propagations = 78319
t19.stop_reason = aborted
t19.restarts = 17
t19.nogoods_size = 8109
t19.nodes = 76863
t19.propagations = 76863
t24.stop_reason = aborted
t24.restarts = 17
t24.nogoods_size = 8109
t24.nodes = 63172
t24.propagations = 63172
t25.stop_reason = aborted
t25.restarts = 17
t25.nogoods_size = 8109
t25.nodes = 76918
t25.propagations = 76918
t8.stop_reason = aborted
t8.restarts = 17
t8.nogoods_size = 8109
t8.nodes = 60432
t8.propagations = 60432
t27.stop_reason = aborted
t27.restarts = 17
t27.nogoods_size = 8109
t27.nodes = 77638
t27.propagations = 77638
t33.stop_reason = aborted
t33.restarts = 17
t33.nogoods_size = 8109
t33.nodes = 74721
t33.propagations = 74721
t6.stop_reason = aborted
t6.restarts = 17
t6.nogoods_size = 8109
t6.nodes = 75620
t6.propagations = 75620
t17.stop_reason = aborted
t17.restarts = 17
t17.nogoods_size = 8109
t17.nodes = 76806
t17.propagations = 76806
t3.stop_reason = aborted
t3.restarts = 17
t3.nogoods_size = 8109
t3.nodes = 77818
t3.propagations = 77818
t31.stop_reason = aborted
t31.restarts = 17
t31.nogoods_size = 8109
t31.nodes = 73837
t31.propagations = 73837
t18.stop_reason = aborted
t18.restarts = 17
t18.nogoods_size = 8109
t18.nodes = 74295
t18.propagations = 74295
t34.stop_reason = aborted
t34.restarts = 17
t34.nogoods_size = 8109
t34.nodes = 75749
t34.propagations = 75749
t7.stop_reason = aborted
t7.restarts = 17
t7.nogoods_size = 8109
t7.nodes = 78332
t7.propagations = 78332
t20.stop_reason = aborted
t20.restarts = 17
t20.nogoods_size = 8109
t20.nodes = 77190
t20.propagations = 77190
search_time = 278
