hostname = r1i1n29
commandline = ../glasgow/solve_subgraph_isomorphism --value-ordering=biased --geometric-restarts=1.0 --restarts-constant=5400 --threads=36 --timeout 1000 --format lad ../instances/si/si2_rand_r01_400/si2_r01_m400.06/pattern ../instances/si/si2_rand_r01_400/si2_r01_m400.06/target
started_at = 2018-11-19 06:22:45
pattern_file = ../instances/si/si2_rand_r01_400/si2_r01_m400.06/pattern
target_file = ../instances/si/si2_rand_r01_400/si2_r01_m400.06/target
status = true
nodes = 463085
propagations = 1248309
mapping = (0 -> 382) (1 -> 27) (2 -> 105) (3 -> 69) (4 -> 376) (5 -> 24) (6 -> 282) (7 -> 364) (8 -> 290) (9 -> 372) (10 -> 198) (11 -> 156) (12 -> 292) (13 -> 59) (14 -> 28) (15 -> 326) (16 -> 149) (17 -> 216) (18 -> 76) (19 -> 129) (20 -> 247) (21 -> 347) (22 -> 231) (23 -> 147) (24 -> 222) (25 -> 136) (26 -> 338) (27 -> 278) (28 -> 104) (29 -> 21) (30 -> 174) (31 -> 20) (32 -> 7) (33 -> 130) (34 -> 22) (35 -> 163) (36 -> 327) (37 -> 215) (38 -> 370) (39 -> 211) (40 -> 51) (41 -> 361) (42 -> 384) (43 -> 31) (44 -> 374) (45 -> 301) (46 -> 377) (47 -> 34) (48 -> 80) (49 -> 378) (50 -> 38) (51 -> 32) (52 -> 15) (53 -> 368) (54 -> 362) (55 -> 396) (56 -> 115) (57 -> 260) (58 -> 113) (59 -> 25) (60 -> 302) (61 -> 294) (62 -> 355) (63 -> 331) (64 -> 298) (65 -> 152) (66 -> 97) (67 -> 234) (68 -> 118) (69 -> 351) (70 -> 337) (71 -> 114) (72 -> 263) (73 -> 124) (74 -> 53) (75 -> 78) (76 -> 110) (77 -> 151) (78 -> 79) (79 -> 354) 
runtime = 252
t22.where = 0/400 -1/-1 22/92 -1/-1 5/18 -1/-1 2/4 -1/-1 0/2 -1/-1 -1/-1 -1/-1 -1/-1 -1/-1 -1/-1 -1/-1 -1/-1 -1/-1 -1/-1 -1/-1 -1/-1 -1/-1 -1/-1 -1/-1 -1/-1 -1/-1 -1/-1 -1/-1 -1/-1 -1/-1 -1/-1 -1/-1 -1/-1 -1/-1 -1/-1 -1/-1 -1/-1 -1/-1 -1/-1 -1/-1 -1/-1 -1/-1 -1/-1 -1/-1 -1/-1 -1/-1 -1/-1 -1/-1 -1/-1 -1/-1 -1/-1 -1/-1 -1/-1 -1/-1 -1/-1 -1/-1 -1/-1 -1/-1 -1/-1 -1/-1 -1/-1 -1/-1 -1/-1 -1/-1 -1/-1 -1/-1 -1/-1 -1/-1 -1/-1 -1/-1 -1/-1 -1/-1 -1/-1 -1/-1 -1/-1 -1/-1 -1/-1 -1/-1 -1/-1 -1/-1 -1/-1 -1/-1 -1/-1 -1/-1 -1/-1
t22.stop_reason = satisfiable
t22.restarts = 4
t22.nogoods_size = 2349
t22.nodes = 14858
t22.propagations = 14858
t31.stop_reason = aborted
t31.restarts = 4
t31.nogoods_size = 2349
t31.nodes = 14797
t31.propagations = 14797
t26.stop_reason = aborted
t26.restarts = 4
t26.nogoods_size = 2349
t26.nodes = 13150
t26.propagations = 13150
t19.stop_reason = aborted
t19.restarts = 4
t19.nogoods_size = 2349
t19.nodes = 11350
t19.propagations = 11350
t4.stop_reason = aborted
t4.restarts = 4
t4.nogoods_size = 2349
t4.nodes = 12903
t4.propagations = 12903
t3.stop_reason = aborted
t3.restarts = 4
t3.nogoods_size = 2349
t3.nodes = 12212
t3.propagations = 12212
t28.stop_reason = aborted
t28.restarts = 4
t28.nogoods_size = 2349
t28.nodes = 9970
t28.propagations = 9970
t27.stop_reason = aborted
t27.restarts = 4
t27.nogoods_size = 2349
t27.nodes = 12841
t27.propagations = 12841
t21.stop_reason = aborted
t21.restarts = 4
t21.nogoods_size = 2349
t21.nodes = 14958
t21.propagations = 14958
t8.stop_reason = aborted
t8.restarts = 4
t8.nogoods_size = 2349
t8.nodes = 15097
t8.propagations = 15097
t23.stop_reason = aborted
t23.restarts = 4
t23.nogoods_size = 2349
t23.nodes = 12736
t23.propagations = 12736
t11.stop_reason = aborted
t11.restarts = 4
t11.nogoods_size = 2349
t11.nodes = 15243
t11.propagations = 15243
t6.stop_reason = aborted
t6.restarts = 4
t6.nogoods_size = 2349
t6.nodes = 12422
t6.propagations = 12422
t1.stop_reason = aborted
t1.restarts = 4
t1.nogoods_size = 2349
t1.nodes = 12683
t1.propagations = 12683
t9.stop_reason = aborted
t9.restarts = 4
t9.nogoods_size = 2349
t9.nodes = 15060
t9.propagations = 15060
t25.stop_reason = aborted
t25.restarts = 4
t25.nogoods_size = 2349
t25.nodes = 11274
t25.propagations = 11274
t16.stop_reason = aborted
t16.restarts = 4
t16.nogoods_size = 2349
t16.nodes = 10743
t16.propagations = 10743
t24.stop_reason = aborted
t24.restarts = 4
t24.nogoods_size = 2349
t24.nodes = 15049
t24.propagations = 15049
t0.stop_reason = aborted
t0.restarts = 4
t0.nogoods_size = 2349
t0.nodes = 11956
t0.propagations = 11956
t10.stop_reason = aborted
t10.restarts = 4
t10.nogoods_size = 2349
t10.nodes = 9854
t10.propagations = 9854
t14.stop_reason = aborted
t14.restarts = 4
t14.nogoods_size = 2349
t14.nodes = 15719
t14.propagations = 15719
t33.stop_reason = aborted
t33.restarts = 4
t33.nogoods_size = 2349
t33.nodes = 15138
t33.propagations = 15138
t2.stop_reason = aborted
t2.restarts = 4
t2.nogoods_size = 2349
t2.nodes = 11527
t2.propagations = 11527
t30.stop_reason = aborted
t30.restarts = 4
t30.nogoods_size = 2349
t30.nodes = 11127
t30.propagations = 11127
t29.stop_reason = aborted
t29.restarts = 4
t29.nogoods_size = 2349
t29.nodes = 15376
t29.propagations = 15376
t7.stop_reason = aborted
t7.restarts = 4
t7.nogoods_size = 2349
t7.nodes = 9699
t7.propagations = 9699
t17.stop_reason = aborted
t17.restarts = 4
t17.nogoods_size = 2349
t17.nodes = 11551
t17.propagations = 11551
t12.stop_reason = aborted
t12.restarts = 4
t12.nogoods_size = 2349
t12.nodes = 13412
t12.propagations = 13412
t34.stop_reason = aborted
t34.restarts = 4
t34.nogoods_size = 2349
t34.nodes = 15414
t34.propagations = 15414
t32.stop_reason = aborted
t32.restarts = 4
t32.nogoods_size = 2349
t32.nodes = 14553
t32.propagations = 14553
t13.stop_reason = aborted
t13.restarts = 4
t13.nogoods_size = 2349
t13.nodes = 14780
t13.propagations = 14780
t35.stop_reason = aborted
t35.restarts = 4
t35.nogoods_size = 2349
t35.nodes = 7579
t35.propagations = 7579
t15.stop_reason = aborted
t15.restarts = 4
t15.nogoods_size = 2349
t15.nodes = 9936
t15.propagations = 9936
t20.stop_reason = aborted
t20.restarts = 4
t20.nogoods_size = 2349
t20.nodes = 7806
t20.propagations = 7806
t18.stop_reason = aborted
t18.restarts = 4
t18.nogoods_size = 2349
t18.nodes = 15233
t18.propagations = 15233
t5.stop_reason = aborted
t5.restarts = 4
t5.nogoods_size = 2349
t5.nodes = 15079
t5.propagations = 15079
search_time = 182
