hostname = r1i4n11
commandline = ../glasgow/solve_subgraph_isomorphism --value-ordering=biased --geometric-restarts=1.0 --restarts-constant=5400 --threads=36 --timeout 1000 --format lad ../instances/si/si4_bvg_b03_400/si4_b03_m400.01/pattern ../instances/si/si4_bvg_b03_400/si4_b03_m400.01/target
started_at = 2018-11-19 06:08:21
pattern_file = ../instances/si/si4_bvg_b03_400/si4_b03_m400.01/pattern
target_file = ../instances/si/si4_bvg_b03_400/si4_b03_m400.01/target
status = true
nodes = 33
propagations = 67
mapping = (0 -> 4) (1 -> 240) (2 -> 297) (3 -> 72) (4 -> 58) (5 -> 399) (6 -> 316) (7 -> 38) (8 -> 188) (9 -> 16) (10 -> 9) (11 -> 285) (12 -> 1) (13 -> 224) (14 -> 103) (15 -> 81) (16 -> 107) (17 -> 95) (18 -> 394) (19 -> 32) (20 -> 286) (21 -> 161) (22 -> 276) (23 -> 284) (24 -> 368) (25 -> 21) (26 -> 148) (27 -> 333) (28 -> 331) (29 -> 373) (30 -> 351) (31 -> 324) (32 -> 184) (33 -> 367) (34 -> 270) (35 -> 98) (36 -> 74) (37 -> 251) (38 -> 363) (39 -> 104) (40 -> 225) (41 -> 205) (42 -> 301) (43 -> 199) (44 -> 46) (45 -> 195) (46 -> 120) (47 -> 317) (48 -> 130) (49 -> 181) (50 -> 279) (51 -> 151) (52 -> 380) (53 -> 186) (54 -> 335) (55 -> 146) (56 -> 336) (57 -> 53) (58 -> 306) (59 -> 180) (60 -> 201) (61 -> 37) (62 -> 311) (63 -> 137) (64 -> 149) (65 -> 36) (66 -> 234) (67 -> 289) (68 -> 142) (69 -> 334) (70 -> 307) (71 -> 207) (72 -> 389) (73 -> 131) (74 -> 242) (75 -> 167) (76 -> 271) (77 -> 358) (78 -> 150) (79 -> 247) (80 -> 320) (81 -> 319) (82 -> 162) (83 -> 163) (84 -> 210) (85 -> 290) (86 -> 176) (87 -> 323) (88 -> 41) (89 -> 318) (90 -> 385) (91 -> 173) (92 -> 391) (93 -> 65) (94 -> 87) (95 -> 387) (96 -> 312) (97 -> 134) (98 -> 328) (99 -> 230) (100 -> 19) (101 -> 390) (102 -> 218) (103 -> 71) (104 -> 105) (105 -> 85) (106 -> 294) (107 -> 377) (108 -> 268) (109 -> 353) (110 -> 33) (111 -> 341) (112 -> 83) (113 -> 145) (114 -> 256) (115 -> 309) (116 -> 364) (117 -> 198) (118 -> 28) (119 -> 245) (120 -> 266) (121 -> 222) (122 -> 61) (123 -> 259) (124 -> 102) (125 -> 342) (126 -> 140) (127 -> 221) (128 -> 27) (129 -> 293) (130 -> 262) (131 -> 128) (132 -> 93) (133 -> 228) (134 -> 70) (135 -> 204) (136 -> 94) (137 -> 229) (138 -> 54) (139 -> 135) (140 -> 343) (141 -> 138) (142 -> 239) (143 -> 97) (144 -> 288) (145 -> 283) (146 -> 23) (147 -> 365) (148 -> 208) (149 -> 10) (150 -> 174) (151 -> 49) (152 -> 0) (153 -> 35) (154 -> 212) (155 -> 265) (156 -> 375) (157 -> 182) (158 -> 235) (159 -> 267) 
runtime = 51
t14.stop_reason = aborted
t14.restarts = 2
t14.nogoods_size = 36
t14.nodes = 1
t14.propagations = 1
t15.stop_reason = aborted
t15.restarts = 2
t15.nogoods_size = 36
t15.nodes = 1
t15.propagations = 1
t18.stop_reason = aborted
t18.restarts = 2
t18.nogoods_size = 36
t18.nodes = 0
t18.propagations = 0
t16.stop_reason = aborted
t16.restarts = 2
t16.nogoods_size = 36
t16.nodes = 1
t16.propagations = 1
t19.stop_reason = aborted
t19.restarts = 2
t19.nogoods_size = 36
t19.nodes = 0
t19.propagations = 0
t7.stop_reason = aborted
t7.restarts = 2
t7.nogoods_size = 36
t7.nodes = 2
t7.propagations = 2
t1.stop_reason = aborted
t1.restarts = 2
t1.nogoods_size = 36
t1.nodes = 2
t1.propagations = 2
t17.stop_reason = aborted
t17.restarts = 2
t17.nogoods_size = 36
t17.nodes = 0
t17.propagations = 0
t2.stop_reason = aborted
t2.restarts = 2
t2.nogoods_size = 36
t2.nodes = 2
t2.propagations = 2
t21.stop_reason = aborted
t21.restarts = 2
t21.nogoods_size = 36
t21.nodes = 0
t21.propagations = 0
t4.stop_reason = aborted
t4.restarts = 2
t4.nogoods_size = 36
t4.nodes = 2
t4.propagations = 2
t9.where = 0/400 -1/-1 0/2 -1/-1 -1/-1 -1/-1 -1/-1 -1/-1 -1/-1 -1/-1 -1/-1 -1/-1 -1/-1 -1/-1 -1/-1 -1/-1 -1/-1 -1/-1 -1/-1 -1/-1 -1/-1 -1/-1 -1/-1 -1/-1 -1/-1 -1/-1 -1/-1 -1/-1 -1/-1 -1/-1 -1/-1 -1/-1 -1/-1 -1/-1 -1/-1 -1/-1 -1/-1 -1/-1 -1/-1 -1/-1 -1/-1 -1/-1 -1/-1 -1/-1 -1/-1 -1/-1 -1/-1 -1/-1 -1/-1 -1/-1 -1/-1 -1/-1 -1/-1 -1/-1 -1/-1 -1/-1 -1/-1 -1/-1 -1/-1 -1/-1 -1/-1 -1/-1 -1/-1 -1/-1 -1/-1 -1/-1 -1/-1 -1/-1 -1/-1 -1/-1 -1/-1 -1/-1 -1/-1 -1/-1 -1/-1 -1/-1 -1/-1 -1/-1 -1/-1 -1/-1 -1/-1 -1/-1 -1/-1 -1/-1 -1/-1 -1/-1 -1/-1 -1/-1 -1/-1 -1/-1 -1/-1 -1/-1 -1/-1 -1/-1 -1/-1 -1/-1 -1/-1 -1/-1 -1/-1 -1/-1 -1/-1 -1/-1 -1/-1 -1/-1 -1/-1 -1/-1 -1/-1 -1/-1 -1/-1 -1/-1 -1/-1 -1/-1 -1/-1 -1/-1 -1/-1 -1/-1 -1/-1 -1/-1 -1/-1 -1/-1 -1/-1 -1/-1 -1/-1 -1/-1 -1/-1 -1/-1 -1/-1 -1/-1 -1/-1 -1/-1 -1/-1 -1/-1 -1/-1 -1/-1 -1/-1 -1/-1 -1/-1 -1/-1 -1/-1 -1/-1 -1/-1 -1/-1 -1/-1 -1/-1 -1/-1 -1/-1 -1/-1 -1/-1 -1/-1 -1/-1 -1/-1 -1/-1 -1/-1 -1/-1 -1/-1 -1/-1 -1/-1 -1/-1 -1/-1 -1/-1 -1/-1 -1/-1
t9.stop_reason = satisfiable
t9.restarts = 2
t9.nogoods_size = 36
t9.nodes = 3
t9.propagations = 3
t3.stop_reason = aborted
t3.restarts = 2
t3.nogoods_size = 36
t3.nodes = 2
t3.propagations = 2
t22.stop_reason = aborted
t22.restarts = 2
t22.nogoods_size = 36
t22.nodes = 0
t22.propagations = 0
t23.stop_reason = aborted
t23.restarts = 2
t23.nogoods_size = 36
t23.nodes = 0
t23.propagations = 0
t20.stop_reason = aborted
t20.restarts = 2
t20.nogoods_size = 36
t20.nodes = 0
t20.propagations = 0
t24.stop_reason = aborted
t24.restarts = 2
t24.nogoods_size = 36
t24.nodes = 0
t24.propagations = 0
t6.stop_reason = aborted
t6.restarts = 2
t6.nogoods_size = 36
t6.nodes = 2
t6.propagations = 2
t26.stop_reason = aborted
t26.restarts = 2
t26.nogoods_size = 36
t26.nodes = 0
t26.propagations = 0
t25.stop_reason = aborted
t25.restarts = 2
t25.nogoods_size = 36
t25.nodes = 0
t25.propagations = 0
t5.stop_reason = aborted
t5.restarts = 2
t5.nogoods_size = 36
t5.nodes = 2
t5.propagations = 2
t27.stop_reason = aborted
t27.restarts = 2
t27.nogoods_size = 36
t27.nodes = 0
t27.propagations = 0
t29.stop_reason = aborted
t29.restarts = 2
t29.nogoods_size = 36
t29.nodes = 0
t29.propagations = 0
t28.stop_reason = aborted
t28.restarts = 2
t28.nogoods_size = 36
t28.nodes = 0
t28.propagations = 0
t30.stop_reason = aborted
t30.restarts = 2
t30.nogoods_size = 36
t30.nodes = 0
t30.propagations = 0
t31.stop_reason = aborted
t31.restarts = 2
t31.nogoods_size = 36
t31.nodes = 0
t31.propagations = 0
t32.stop_reason = aborted
t32.restarts = 2
t32.nogoods_size = 36
t32.nodes = 0
t32.propagations = 0
t33.stop_reason = aborted
t33.restarts = 2
t33.nogoods_size = 36
t33.nodes = 0
t33.propagations = 0
t34.stop_reason = aborted
t34.restarts = 2
t34.nogoods_size = 36
t34.nodes = 0
t34.propagations = 0
t35.stop_reason = aborted
t35.restarts = 2
t35.nogoods_size = 36
t35.nodes = 0
t35.propagations = 0
t10.stop_reason = aborted
t10.restarts = 2
t10.nogoods_size = 36
t10.nodes = 2
t10.propagations = 2
t11.stop_reason = aborted
t11.restarts = 2
t11.nogoods_size = 36
t11.nodes = 2
t11.propagations = 2
t12.stop_reason = aborted
t12.restarts = 2
t12.nogoods_size = 36
t12.nodes = 2
t12.propagations = 2
t13.stop_reason = aborted
t13.restarts = 2
t13.nogoods_size = 36
t13.nodes = 2
t13.propagations = 2
t0.where = 0/400 -1/-1 0/2 -1/-1 -1/-1 -1/-1 -1/-1 -1/-1 -1/-1 -1/-1 -1/-1 -1/-1 -1/-1 -1/-1 -1/-1 -1/-1 -1/-1 -1/-1 -1/-1 -1/-1 -1/-1 -1/-1 -1/-1 -1/-1 -1/-1 -1/-1 -1/-1 -1/-1 -1/-1 -1/-1 -1/-1 -1/-1 -1/-1 -1/-1 -1/-1 -1/-1 -1/-1 -1/-1 -1/-1 -1/-1 -1/-1 -1/-1 -1/-1 -1/-1 -1/-1 -1/-1 -1/-1 -1/-1 -1/-1 -1/-1 -1/-1 -1/-1 -1/-1 -1/-1 -1/-1 -1/-1 -1/-1 -1/-1 -1/-1 -1/-1 -1/-1 -1/-1 -1/-1 -1/-1 -1/-1 -1/-1 -1/-1 -1/-1 -1/-1 -1/-1 -1/-1 -1/-1 -1/-1 -1/-1 -1/-1 -1/-1 -1/-1 -1/-1 -1/-1 -1/-1 -1/-1 -1/-1 -1/-1 -1/-1 -1/-1 -1/-1 -1/-1 -1/-1 -1/-1 -1/-1 -1/-1 -1/-1 -1/-1 -1/-1 -1/-1 -1/-1 -1/-1 -1/-1 -1/-1 -1/-1 -1/-1 -1/-1 -1/-1 -1/-1 -1/-1 -1/-1 -1/-1 -1/-1 -1/-1 -1/-1 -1/-1 -1/-1 -1/-1 -1/-1 -1/-1 -1/-1 -1/-1 -1/-1 -1/-1 -1/-1 -1/-1 -1/-1 -1/-1 -1/-1 -1/-1 -1/-1 -1/-1 -1/-1 -1/-1 -1/-1 -1/-1 -1/-1 -1/-1 -1/-1 -1/-1 -1/-1 -1/-1 -1/-1 -1/-1 -1/-1 -1/-1 -1/-1 -1/-1 -1/-1 -1/-1 -1/-1 -1/-1 -1/-1 -1/-1 -1/-1 -1/-1 -1/-1 -1/-1 -1/-1 -1/-1 -1/-1 -1/-1 -1/-1 -1/-1 -1/-1 -1/-1 -1/-1
t0.stop_reason = satisfiable
t0.restarts = 2
t0.nogoods_size = 36
t0.nodes = 3
t0.propagations = 3
t8.stop_reason = aborted
t8.restarts = 2
t8.nogoods_size = 36
t8.nodes = 2
t8.propagations = 2
search_time = 32
