hostname = r1i4n11
commandline = ../glasgow/solve_subgraph_isomorphism --value-ordering=biased --geometric-restarts=1.0 --restarts-constant=5400 --threads=36 --timeout 1000 --format lad ../instances/si/si4_m4D_m4D_625/si4_m4D_m625.05/pattern ../instances/si/si4_m4D_m4D_625/si4_m4D_m625.05/target
started_at = 2018-11-19 06:10:16
pattern_file = ../instances/si/si4_m4D_m4D_625/si4_m4D_m625.05/pattern
target_file = ../instances/si/si4_m4D_m4D_625/si4_m4D_m625.05/target
status = true
nodes = 57
propagations = 92
mapping = (0 -> 602) (1 -> 507) (2 -> 320) (3 -> 617) (4 -> 42) (5 -> 56) (6 -> 427) (7 -> 248) (8 -> 76) (9 -> 511) (10 -> 185) (11 -> 333) (12 -> 325) (13 -> 409) (14 -> 560) (15 -> 58) (16 -> 64) (17 -> 217) (18 -> 63) (19 -> 52) (20 -> 247) (21 -> 40) (22 -> 104) (23 -> 590) (24 -> 474) (25 -> 254) (26 -> 322) (27 -> 388) (28 -> 525) (29 -> 378) (30 -> 86) (31 -> 255) (32 -> 442) (33 -> 198) (34 -> 493) (35 -> 324) (36 -> 369) (37 -> 428) (38 -> 243) (39 -> 256) (40 -> 414) (41 -> 65) (42 -> 53) (43 -> 424) (44 -> 574) (45 -> 527) (46 -> 355) (47 -> 476) (48 -> 582) (49 -> 85) (50 -> 575) (51 -> 37) (52 -> 132) (53 -> 446) (54 -> 541) (55 -> 152) (56 -> 406) (57 -> 416) (58 -> 0) (59 -> 176) (60 -> 567) (61 -> 429) (62 -> 120) (63 -> 88) (64 -> 384) (65 -> 471) (66 -> 523) (67 -> 513) (68 -> 332) (69 -> 79) (70 -> 363) (71 -> 271) (72 -> 140) (73 -> 586) (74 -> 236) (75 -> 599) (76 -> 205) (77 -> 43) (78 -> 231) (79 -> 180) (80 -> 596) (81 -> 437) (82 -> 321) (83 -> 136) (84 -> 353) (85 -> 51) (86 -> 448) (87 -> 19) (88 -> 347) (89 -> 295) (90 -> 187) (91 -> 70) (92 -> 514) (93 -> 48) (94 -> 26) (95 -> 499) (96 -> 223) (97 -> 562) (98 -> 411) (99 -> 450) (100 -> 404) (101 -> 495) (102 -> 492) (103 -> 82) (104 -> 379) (105 -> 498) (106 -> 604) (107 -> 193) (108 -> 168) (109 -> 139) (110 -> 614) (111 -> 310) (112 -> 543) (113 -> 11) (114 -> 45) (115 -> 155) (116 -> 470) (117 -> 74) (118 -> 392) (119 -> 90) (120 -> 115) (121 -> 612) (122 -> 483) (123 -> 12) (124 -> 67) (125 -> 30) (126 -> 383) (127 -> 124) (128 -> 149) (129 -> 216) (130 -> 616) (131 -> 191) (132 -> 462) (133 -> 618) (134 -> 258) (135 -> 425) (136 -> 227) (137 -> 335) (138 -> 39) (139 -> 480) (140 -> 77) (141 -> 555) (142 -> 23) (143 -> 44) (144 -> 262) (145 -> 589) (146 -> 475) (147 -> 89) (148 -> 539) (149 -> 303) (150 -> 338) (151 -> 342) (152 -> 312) (153 -> 503) (154 -> 466) (155 -> 69) (156 -> 421) (157 -> 565) (158 -> 55) (159 -> 22) (160 -> 540) (161 -> 434) (162 -> 279) (163 -> 520) (164 -> 308) (165 -> 352) (166 -> 306) (167 -> 126) (168 -> 8) (169 -> 267) (170 -> 154) (171 -> 159) (172 -> 282) (173 -> 611) (174 -> 103) (175 -> 290) (176 -> 436) (177 -> 570) (178 -> 178) (179 -> 5) (180 -> 151) (181 -> 444) (182 -> 487) (183 -> 571) (184 -> 50) (185 -> 287) (186 -> 581) (187 -> 420) (188 -> 181) (189 -> 356) (190 -> 118) (191 -> 372) (192 -> 387) (193 -> 535) (194 -> 219) (195 -> 93) (196 -> 233) (197 -> 396) (198 -> 156) (199 -> 536) (200 -> 145) (201 -> 368) (202 -> 108) (203 -> 580) (204 -> 350) (205 -> 344) (206 -> 365) (207 -> 272) (208 -> 400) (209 -> 417) (210 -> 339) (211 -> 362) (212 -> 488) (213 -> 415) (214 -> 494) (215 -> 485) (216 -> 47) (217 -> 311) (218 -> 479) (219 -> 447) (220 -> 403) (221 -> 61) (222 -> 105) (223 -> 293) (224 -> 623) (225 -> 433) (226 -> 484) (227 -> 579) (228 -> 354) (229 -> 17) (230 -> 348) (231 -> 98) (232 -> 486) (233 -> 284) (234 -> 453) (235 -> 113) (236 -> 190) (237 -> 376) (238 -> 134) (239 -> 385) (240 -> 300) (241 -> 16) (242 -> 112) (243 -> 473) (244 -> 359) (245 -> 123) (246 -> 242) (247 -> 179) (248 -> 430) (249 -> 71) 
runtime = 128
t9.where = -1/-1 0/4 -1/-1 -1/-1 -1/-1 -1/-1 -1/-1 -1/-1 -1/-1 -1/-1 -1/-1 -1/-1 -1/-1 -1/-1 -1/-1 -1/-1 -1/-1 -1/-1 -1/-1 -1/-1 -1/-1 -1/-1 -1/-1 -1/-1 -1/-1 -1/-1 -1/-1 -1/-1 -1/-1 -1/-1 -1/-1 -1/-1 -1/-1 -1/-1 -1/-1 -1/-1 -1/-1 -1/-1 -1/-1 -1/-1 -1/-1 -1/-1 -1/-1 -1/-1 -1/-1 -1/-1 -1/-1 -1/-1 0/2 -1/-1 -1/-1 -1/-1 -1/-1 -1/-1 -1/-1 -1/-1 -1/-1 -1/-1 -1/-1 -1/-1 -1/-1 -1/-1 -1/-1 -1/-1 -1/-1 -1/-1 -1/-1 -1/-1 -1/-1 -1/-1 -1/-1 -1/-1 -1/-1 -1/-1 -1/-1 -1/-1 -1/-1 -1/-1 -1/-1 -1/-1 -1/-1 -1/-1 -1/-1 -1/-1 -1/-1 -1/-1 -1/-1 -1/-1 -1/-1 -1/-1 -1/-1 -1/-1 -1/-1 -1/-1 -1/-1 -1/-1 -1/-1 -1/-1 -1/-1 -1/-1 -1/-1 -1/-1 -1/-1 -1/-1 -1/-1 -1/-1 -1/-1 -1/-1 -1/-1 -1/-1 -1/-1 -1/-1 -1/-1 -1/-1 -1/-1 -1/-1 -1/-1 -1/-1 -1/-1 -1/-1 -1/-1 -1/-1 -1/-1 -1/-1 -1/-1 -1/-1 -1/-1 -1/-1 -1/-1 -1/-1 -1/-1 -1/-1 -1/-1 -1/-1 -1/-1 -1/-1 -1/-1 -1/-1 -1/-1 -1/-1 -1/-1 -1/-1 -1/-1 -1/-1 -1/-1 -1/-1 -1/-1 -1/-1 -1/-1 -1/-1 -1/-1 -1/-1 -1/-1 -1/-1 -1/-1 -1/-1 -1/-1 -1/-1 -1/-1 -1/-1 -1/-1 -1/-1 -1/-1 -1/-1 -1/-1 -1/-1 -1/-1 -1/-1 -1/-1 -1/-1 -1/-1 -1/-1 -1/-1 -1/-1 -1/-1 -1/-1 -1/-1 -1/-1 -1/-1 -1/-1 -1/-1 -1/-1 -1/-1 -1/-1 -1/-1 -1/-1 -1/-1 -1/-1 -1/-1 -1/-1 -1/-1 -1/-1 -1/-1 -1/-1 -1/-1 -1/-1 -1/-1 -1/-1 -1/-1 -1/-1 -1/-1 -1/-1 -1/-1 -1/-1 -1/-1 -1/-1 -1/-1 -1/-1 -1/-1 -1/-1 -1/-1 -1/-1 -1/-1 -1/-1 -1/-1 -1/-1 -1/-1 -1/-1 -1/-1 -1/-1 -1/-1 -1/-1 -1/-1 -1/-1 -1/-1 -1/-1 -1/-1 -1/-1 -1/-1 -1/-1 -1/-1 -1/-1 -1/-1 -1/-1 -1/-1 -1/-1 -1/-1 -1/-1 -1/-1 -1/-1 -1/-1 -1/-1 -1/-1 -1/-1 -1/-1 -1/-1 -1/-1 -1/-1 -1/-1 -1/-1 -1/-1 -1/-1
t9.stop_reason = satisfiable
t9.restarts = 2
t9.nogoods_size = 36
t9.nodes = 3
t9.propagations = 3
t13.stop_reason = aborted
t13.restarts = 2
t13.nogoods_size = 36
t13.nodes = 1
t13.propagations = 1
t19.stop_reason = aborted
t19.restarts = 2
t19.nogoods_size = 36
t19.nodes = 1
t19.propagations = 1
t15.stop_reason = aborted
t15.restarts = 2
t15.nogoods_size = 36
t15.nodes = 1
t15.propagations = 1
t30.stop_reason = aborted
t30.restarts = 2
t30.nogoods_size = 36
t30.nodes = 1
t30.propagations = 1
t12.stop_reason = aborted
t12.restarts = 2
t12.nogoods_size = 36
t12.nodes = 1
t12.propagations = 1
t25.stop_reason = aborted
t25.restarts = 2
t25.nogoods_size = 36
t25.nodes = 1
t25.propagations = 1
t4.stop_reason = aborted
t4.restarts = 2
t4.nogoods_size = 36
t4.nodes = 2
t4.propagations = 2
t21.stop_reason = aborted
t21.restarts = 2
t21.nogoods_size = 36
t21.nodes = 1
t21.propagations = 1
t35.stop_reason = aborted
t35.restarts = 2
t35.nogoods_size = 36
t35.nodes = 1
t35.propagations = 1
t7.stop_reason = aborted
t7.restarts = 2
t7.nogoods_size = 36
t7.nodes = 2
t7.propagations = 2
t29.stop_reason = aborted
t29.restarts = 2
t29.nogoods_size = 36
t29.nodes = 1
t29.propagations = 1
t0.stop_reason = aborted
t0.restarts = 2
t0.nogoods_size = 36
t0.nodes = 2
t0.propagations = 2
t5.stop_reason = aborted
t5.restarts = 2
t5.nogoods_size = 36
t5.nodes = 2
t5.propagations = 2
t31.stop_reason = aborted
t31.restarts = 2
t31.nogoods_size = 36
t31.nodes = 1
t31.propagations = 1
t10.stop_reason = aborted
t10.restarts = 2
t10.nogoods_size = 36
t10.nodes = 2
t10.propagations = 2
t17.stop_reason = aborted
t17.restarts = 2
t17.nogoods_size = 36
t17.nodes = 2
t17.propagations = 2
t18.stop_reason = aborted
t18.restarts = 2
t18.nogoods_size = 36
t18.nodes = 2
t18.propagations = 2
t27.stop_reason = aborted
t27.restarts = 2
t27.nogoods_size = 36
t27.nodes = 1
t27.propagations = 1
t20.stop_reason = aborted
t20.restarts = 2
t20.nogoods_size = 36
t20.nodes = 2
t20.propagations = 2
t22.stop_reason = aborted
t22.restarts = 2
t22.nogoods_size = 36
t22.nodes = 2
t22.propagations = 2
t23.stop_reason = aborted
t23.restarts = 2
t23.nogoods_size = 36
t23.nodes = 2
t23.propagations = 2
t26.stop_reason = aborted
t26.restarts = 2
t26.nogoods_size = 36
t26.nodes = 1
t26.propagations = 1
t1.stop_reason = aborted
t1.restarts = 2
t1.nogoods_size = 36
t1.nodes = 2
t1.propagations = 2
t33.stop_reason = aborted
t33.restarts = 2
t33.nogoods_size = 36
t33.nodes = 1
t33.propagations = 1
t2.stop_reason = aborted
t2.restarts = 2
t2.nogoods_size = 36
t2.nodes = 2
t2.propagations = 2
t34.stop_reason = aborted
t34.restarts = 2
t34.nogoods_size = 36
t34.nodes = 1
t34.propagations = 1
t28.stop_reason = aborted
t28.restarts = 2
t28.nogoods_size = 36
t28.nodes = 1
t28.propagations = 1
t16.stop_reason = aborted
t16.restarts = 2
t16.nogoods_size = 36
t16.nodes = 2
t16.propagations = 2
t6.stop_reason = aborted
t6.restarts = 2
t6.nogoods_size = 36
t6.nodes = 2
t6.propagations = 2
t32.stop_reason = aborted
t32.restarts = 2
t32.nogoods_size = 36
t32.nodes = 1
t32.propagations = 1
t8.stop_reason = aborted
t8.restarts = 2
t8.nogoods_size = 36
t8.nodes = 2
t8.propagations = 2
t24.stop_reason = aborted
t24.restarts = 2
t24.nogoods_size = 36
t24.nodes = 2
t24.propagations = 2
t11.stop_reason = aborted
t11.restarts = 2
t11.nogoods_size = 36
t11.nodes = 2
t11.propagations = 2
t14.stop_reason = aborted
t14.restarts = 2
t14.nogoods_size = 36
t14.nodes = 2
t14.propagations = 2
t3.stop_reason = aborted
t3.restarts = 2
t3.nogoods_size = 36
t3.nodes = 2
t3.propagations = 2
search_time = 78
