hostname = r1i0n1
commandline = ../glasgow/solve_subgraph_isomorphism --value-ordering=biased --geometric-restarts=1.0 --restarts-constant=5400 --threads=36 --timeout 1000 --format lad ../instances/si/si4_m4D_m4Dr4_1296/si4_m4Dr4_m1296.04/pattern ../instances/si/si4_m4D_m4Dr4_1296/si4_m4Dr4_m1296.04/target
started_at = 2018-11-19 06:18:46
pattern_file = ../instances/si/si4_m4D_m4Dr4_1296/si4_m4Dr4_m1296.04/pattern
target_file = ../instances/si/si4_m4D_m4Dr4_1296/si4_m4Dr4_m1296.04/target
status = true
nodes = 30
propagations = 64
mapping = (0 -> 0) (1 -> 32) (2 -> 132) (3 -> 180) (4 -> 266) (5 -> 536) (6 -> 1015) (7 -> 1157) (8 -> 201) (9 -> 589) (10 -> 762) (11 -> 955) (12 -> 1276) (13 -> 81) (14 -> 981) (15 -> 1150) (16 -> 1285) (17 -> 1287) (18 -> 769) (19 -> 784) (20 -> 840) (21 -> 1094) (22 -> 1102) (23 -> 217) (24 -> 729) (25 -> 1284) (26 -> 58) (27 -> 161) (28 -> 1168) (29 -> 479) (30 -> 1142) (31 -> 257) (32 -> 391) (33 -> 687) (34 -> 743) (35 -> 993) (36 -> 149) (37 -> 421) (38 -> 694) (39 -> 814) (40 -> 871) (41 -> 941) (42 -> 292) (43 -> 378) (44 -> 723) (45 -> 994) (46 -> 1239) (47 -> 373) (48 -> 946) (49 -> 974) (50 -> 1129) (51 -> 1268) (52 -> 666) (53 -> 812) (54 -> 913) (55 -> 1189) (56 -> 1224) (57 -> 682) (58 -> 1238) (59 -> 236) (60 -> 429) (61 -> 634) (62 -> 737) (63 -> 909) (64 -> 278) (65 -> 637) (66 -> 962) (67 -> 538) (68 -> 215) (69 -> 466) (70 -> 1032) (71 -> 1181) (72 -> 1246) (73 -> 502) (74 -> 715) (75 -> 770) (76 -> 949) (77 -> 1152) (78 -> 296) (79 -> 573) (80 -> 1254) (81 -> 1235) (82 -> 256) (83 -> 70) (84 -> 170) (85 -> 1030) (86 -> 1290) (87 -> 1161) (88 -> 1232) (89 -> 301) (90 -> 1028) (91 -> 805) (92 -> 1095) (93 -> 1289) (94 -> 879) (95 -> 858) (96 -> 144) (97 -> 336) (98 -> 541) (99 -> 591) (100 -> 863) (101 -> 865) (102 -> 508) (103 -> 517) (104 -> 78) (105 -> 218) (106 -> 312) (107 -> 846) (108 -> 943) (109 -> 334) (110 -> 478) (111 -> 630) (112 -> 1226) (113 -> 120) (114 -> 567) (115 -> 622) (116 -> 675) (117 -> 716) (118 -> 908) (119 -> 1172) (120 -> 1270) (121 -> 47) (122 -> 221) (123 -> 281) (124 -> 920) (125 -> 43) (126 -> 77) (127 -> 398) (128 -> 1048) (129 -> 352) (130 -> 443) (131 -> 545) (132 -> 938) (133 -> 939) (134 -> 230) (135 -> 826) (136 -> 1086) (137 -> 11) (138 -> 162) (139 -> 1116) (140 -> 49) (141 -> 50) (142 -> 155) (143 -> 332) (144 -> 445) (145 -> 1112) (146 -> 159) (147 -> 503) (148 -> 767) (149 -> 798) (150 -> 829) (151 -> 310) (152 -> 473) (153 -> 971) (154 -> 495) (155 -> 786) (156 -> 892) (157 -> 905) (158 -> 1134) (159 -> 1244) (160 -> 547) (161 -> 615) (162 -> 1182) (163 -> 1062) (164 -> 1231) (165 -> 1250) (166 -> 121) (167 -> 1077) (168 -> 1251) (169 -> 1255) (170 -> 295) (171 -> 327) (172 -> 331) (173 -> 704) (174 -> 632) (175 -> 1085) (176 -> 744) (177 -> 899) (178 -> 1036) (179 -> 1210) (180 -> 442) (181 -> 656) (182 -> 1079) (183 -> 290) (184 -> 739) (185 -> 1060) (186 -> 1082) (187 -> 227) (188 -> 602) (189 -> 734) (190 -> 520) (191 -> 702) (192 -> 1114) (193 -> 1215) (194 -> 95) (195 -> 234) (196 -> 794) (197 -> 542) (198 -> 707) (199 -> 894) (200 -> 1111) (201 -> 1130) (202 -> 1158) (203 -> 1188) (204 -> 372) (205 -> 386) (206 -> 1138) (207 -> 340) (208 -> 755) (209 -> 741) (210 -> 787) (211 -> 1261) (212 -> 521) (213 -> 982) (214 -> 975) (215 -> 1155) (216 -> 1) (217 -> 710) (218 -> 367) (219 -> 450) (220 -> 895) (221 -> 973) (222 -> 1176) (223 -> 1227) (224 -> 1269) (225 -> 585) (226 -> 246) (227 -> 260) (228 -> 271) (229 -> 318) (230 -> 900) (231 -> 1221) (232 -> 189) (233 -> 304) (234 -> 816) (235 -> 855) (236 -> 535) (237 -> 873) (238 -> 51) (239 -> 721) (240 -> 17) (241 -> 84) (242 -> 150) (243 -> 467) (244 -> 701) (245 -> 1083) (246 -> 1140) (247 -> 432) (248 -> 447) (249 -> 480) (250 -> 838) (251 -> 912) (252 -> 1050) (253 -> 83) (254 -> 996) (255 -> 1100) (256 -> 96) (257 -> 203) (258 -> 261) (259 -> 455) (260 -> 559) (261 -> 103) (262 -> 976) (263 -> 34) (264 -> 697) (265 -> 1058) (266 -> 294) (267 -> 408) (268 -> 202) (269 -> 649) (270 -> 1020) (271 -> 1216) (272 -> 1178) (273 -> 469) (274 -> 1173) (275 -> 1206) (276 -> 691) (277 -> 749) (278 -> 823) (279 -> 69) (280 -> 107) (281 -> 110) (282 -> 365) (283 -> 555) (284 -> 750) (285 -> 1013) (286 -> 284) (287 -> 800) (288 -> 601) (289 -> 881) (290 -> 171) (291 -> 245) (292 -> 343) (293 -> 799) (294 -> 843) (295 -> 1256) (296 -> 56) (297 -> 597) (298 -> 631) (299 -> 1144) (300 -> 584) (301 -> 489) (302 -> 985) (303 -> 990) (304 -> 1105) (305 -> 732) (306 -> 198) (307 -> 288) (308 -> 403) (309 -> 730) (310 -> 778) (311 -> 247) (312 -> 362) (313 -> 725) (314 -> 893) (315 -> 650) (316 -> 872) (317 -> 1080) (318 -> 1263) (319 -> 62) (320 -> 544) (321 -> 803) (322 -> 1218) (323 -> 842) (324 -> 813) (325 -> 1051) (326 -> 465) (327 -> 1283) (328 -> 166) (329 -> 359) (330 -> 747) (331 -> 451) (332 -> 550) (333 -> 953) (334 -> 1154) (335 -> 73) (336 -> 193) (337 -> 251) (338 -> 490) (339 -> 1203) (340 -> 653) (341 -> 220) (342 -> 752) (343 -> 771) (344 -> 139) (345 -> 407) (346 -> 543) (347 -> 476) (348 -> 618) (349 -> 742) (350 -> 258) (351 -> 727) (352 -> 956) (353 -> 1055) (354 -> 140) (355 -> 229) (356 -> 552) (357 -> 756) (358 -> 793) (359 -> 1236) (360 -> 1069) (361 -> 28) (362 -> 819) (363 -> 930) (364 -> 1008) (365 -> 1088) (366 -> 1185) (367 -> 783) (368 -> 356) (369 -> 1037) (370 -> 1212) (371 -> 1277) (372 -> 643) (373 -> 677) (374 -> 1039) (375 -> 128) (376 -> 129) (377 -> 160) (378 -> 533) (379 -> 768) (380 -> 1167) (381 -> 1248) (382 -> 1223) (383 -> 680) (384 -> 1219) (385 -> 1177) (386 -> 163) (387 -> 705) (388 -> 283) (389 -> 534) (390 -> 698) (391 -> 80) (392 -> 593) (393 -> 1264) (394 -> 12) (395 -> 569) (396 -> 827) (397 -> 853) (398 -> 1035) (399 -> 6) (400 -> 277) (401 -> 389) (402 -> 562) (403 -> 571) (404 -> 790) (405 -> 860) (406 -> 1081) (407 -> 115) (408 -> 173) (409 -> 453) (410 -> 45) (411 -> 60) (412 -> 578) (413 -> 960) (414 -> 1247) (415 -> 348) (416 -> 457) (417 -> 528) (418 -> 561) (419 -> 587) (420 -> 592) (421 -> 801) (422 -> 269) (423 -> 328) (424 -> 493) (425 -> 700) (426 -> 88) (427 -> 113) (428 -> 280) (429 -> 133) (430 -> 491) (431 -> 604) (432 -> 1031) (433 -> 235) (434 -> 464) (435 -> 401) (436 -> 565) (437 -> 8) (438 -> 127) (439 -> 323) (440 -> 459) (441 -> 773) (442 -> 849) (443 -> 1214) (444 -> 414) (445 -> 844) (446 -> 1098) (447 -> 1191) (448 -> 513) (449 -> 906) (450 -> 1122) (451 -> 71) (452 -> 577) (453 -> 1019) (454 -> 910) (455 -> 1234) (456 -> 57) (457 -> 494) (458 -> 507) (459 -> 673) (460 -> 726) (461 -> 928) (462 -> 540) (463 -> 628) (464 -> 672) (465 -> 751) (466 -> 1052) (467 -> 192) (468 -> 375) (469 -> 1201) (470 -> 267) (471 -> 791) (472 -> 182) (473 -> 449) (474 -> 1044) (475 -> 265) (476 -> 808) (477 -> 122) (478 -> 345) (479 -> 1017) (480 -> 1245) (481 -> 287) (482 -> 433) (483 -> 850) (484 -> 289) (485 -> 123) (486 -> 834) (487 -> 87) (488 -> 662) (489 -> 152) (490 -> 1016) (491 -> 1241) (492 -> 20) (493 -> 183) (494 -> 231) (495 -> 191) (496 -> 223) (497 -> 1029) (498 -> 405) (499 -> 501) (500 -> 1267) (501 -> 760) (502 -> 820) (503 -> 1042) (504 -> 668) (505 -> 55) (506 -> 244) (507 -> 228) (508 -> 250) (509 -> 388) (510 -> 688) (511 -> 911) (512 -> 393) (513 -> 424) (514 -> 642) (515 -> 1153) (516 -> 1279) (517 -> 31) 
runtime = 531
t20.where = -1/-1 -1/-1 -1/-1 -1/-1 -1/-1 -1/-1 -1/-1 -1/-1 -1/-1 -1/-1 -1/-1 -1/-1 -1/-1 -1/-1 -1/-1 -1/-1 -1/-1 -1/-1 -1/-1 -1/-1 -1/-1 -1/-1 -1/-1 -1/-1 -1/-1 -1/-1 -1/-1 -1/-1 -1/-1 -1/-1 -1/-1 -1/-1 -1/-1 -1/-1 -1/-1 -1/-1 -1/-1 -1/-1 -1/-1 -1/-1 -1/-1 -1/-1 -1/-1 -1/-1 -1/-1 -1/-1 -1/-1 -1/-1 -1/-1 -1/-1 -1/-1 -1/-1 -1/-1 -1/-1 -1/-1 -1/-1 -1/-1 -1/-1 -1/-1 -1/-1 -1/-1 -1/-1 -1/-1 -1/-1 -1/-1 -1/-1 -1/-1 -1/-1 -1/-1 -1/-1 -1/-1 -1/-1 -1/-1 -1/-1 -1/-1 -1/-1 -1/-1 -1/-1 -1/-1 -1/-1 -1/-1 -1/-1 -1/-1 -1/-1 -1/-1 -1/-1 -1/-1 -1/-1 -1/-1 -1/-1 -1/-1 -1/-1 -1/-1 -1/-1 -1/-1 -1/-1 -1/-1 -1/-1 -1/-1 -1/-1 -1/-1 -1/-1 -1/-1 -1/-1 -1/-1 -1/-1 -1/-1 -1/-1 -1/-1 -1/-1 -1/-1 -1/-1 -1/-1 -1/-1 -1/-1 -1/-1 -1/-1 -1/-1 -1/-1 -1/-1 -1/-1 -1/-1 -1/-1 -1/-1 -1/-1 -1/-1 -1/-1 -1/-1 -1/-1 -1/-1 -1/-1 -1/-1 -1/-1 -1/-1 -1/-1 -1/-1 -1/-1 -1/-1 -1/-1 -1/-1 -1/-1 -1/-1 -1/-1 -1/-1 -1/-1 -1/-1 -1/-1 -1/-1 -1/-1 -1/-1 -1/-1 -1/-1 -1/-1 -1/-1 -1/-1 -1/-1 -1/-1 -1/-1 -1/-1 -1/-1 -1/-1 -1/-1 -1/-1 -1/-1 -1/-1 -1/-1 -1/-1 -1/-1 -1/-1 -1/-1 -1/-1 -1/-1 -1/-1 -1/-1 -1/-1 -1/-1 -1/-1 -1/-1 -1/-1 -1/-1 -1/-1 -1/-1 -1/-1 -1/-1 -1/-1 -1/-1 -1/-1 -1/-1 -1/-1 -1/-1 -1/-1 -1/-1 -1/-1 -1/-1 -1/-1 -1/-1 -1/-1 -1/-1 -1/-1 -1/-1 -1/-1 -1/-1 -1/-1 -1/-1 -1/-1 -1/-1 -1/-1 -1/-1 -1/-1 -1/-1 -1/-1 -1/-1 -1/-1 -1/-1 -1/-1 -1/-1 -1/-1 -1/-1 -1/-1 -1/-1 -1/-1 -1/-1 -1/-1 -1/-1 -1/-1 -1/-1 -1/-1 -1/-1 -1/-1 -1/-1 -1/-1 -1/-1 -1/-1 -1/-1 -1/-1 -1/-1 -1/-1 -1/-1 -1/-1 -1/-1 -1/-1 -1/-1 -1/-1 -1/-1 -1/-1 -1/-1 -1/-1 -1/-1 -1/-1 -1/-1 -1/-1 -1/-1 -1/-1 -1/-1 -1/-1 -1/-1 -1/-1 -1/-1 -1/-1 -1/-1 -1/-1 -1/-1 -1/-1 -1/-1 -1/-1 -1/-1 -1/-1 -1/-1 -1/-1 -1/-1 -1/-1 -1/-1 -1/-1 -1/-1 -1/-1 -1/-1 -1/-1 -1/-1 -1/-1 -1/-1 -1/-1 -1/-1 -1/-1 -1/-1 -1/-1 -1/-1 -1/-1 -1/-1 -1/-1 -1/-1 -1/-1 -1/-1 -1/-1 -1/-1 -1/-1 -1/-1 -1/-1 -1/-1 -1/-1 -1/-1 -1/-1 -1/-1 -1/-1 -1/-1 -1/-1 -1/-1 -1/-1 -1/-1 -1/-1 -1/-1 -1/-1 -1/-1 -1/-1 -1/-1 -1/-1 -1/-1 -1/-1 -1/-1 -1/-1 -1/-1 -1/-1 -1/-1 -1/-1 -1/-1 -1/-1 -1/-1 -1/-1 -1/-1 -1/-1 -1/-1 -1/-1 -1/-1 -1/-1 -1/-1 -1/-1 -1/-1 -1/-1 -1/-1 -1/-1 -1/-1 -1/-1 -1/-1 -1/-1 -1/-1 -1/-1 -1/-1 -1/-1 -1/-1 -1/-1 -1/-1 -1/-1 -1/-1 -1/-1 -1/-1 -1/-1 -1/-1 -1/-1 -1/-1 -1/-1 -1/-1 -1/-1 -1/-1 -1/-1 -1/-1 -1/-1 -1/-1 -1/-1 -1/-1 -1/-1 -1/-1 -1/-1 -1/-1 -1/-1 -1/-1 -1/-1 -1/-1 -1/-1 -1/-1 -1/-1 -1/-1 -1/-1 -1/-1 -1/-1 -1/-1 -1/-1 -1/-1 -1/-1 -1/-1 -1/-1 -1/-1 -1/-1 -1/-1 -1/-1 -1/-1 -1/-1 -1/-1 -1/-1 -1/-1 -1/-1 -1/-1 -1/-1 -1/-1 -1/-1 -1/-1 -1/-1 -1/-1 -1/-1 -1/-1 -1/-1 -1/-1 -1/-1 -1/-1 -1/-1 -1/-1 -1/-1 -1/-1 -1/-1 -1/-1 -1/-1 -1/-1 -1/-1 -1/-1 -1/-1 -1/-1 -1/-1 -1/-1 -1/-1 -1/-1 -1/-1 -1/-1 -1/-1 -1/-1 -1/-1 -1/-1 -1/-1 -1/-1 -1/-1 -1/-1 -1/-1 -1/-1 -1/-1 -1/-1 -1/-1 -1/-1 -1/-1 -1/-1 -1/-1 -1/-1 -1/-1 -1/-1 -1/-1 -1/-1 -1/-1 -1/-1 -1/-1 -1/-1 -1/-1 -1/-1 -1/-1 -1/-1 -1/-1 -1/-1 -1/-1 -1/-1 -1/-1 -1/-1 -1/-1 -1/-1 -1/-1 -1/-1 -1/-1 -1/-1 -1/-1 -1/-1 -1/-1 -1/-1 -1/-1 -1/-1 -1/-1 -1/-1 -1/-1 -1/-1 -1/-1 -1/-1 -1/-1 -1/-1 -1/-1 -1/-1 -1/-1 -1/-1 -1/-1 -1/-1 -1/-1 0/2 -1/-1 -1/-1 0/2 -1/-1 -1/-1 0/2 -1/-1 -1/-1 0/2 -1/-1 -1/-1 0/2 -1/-1 -1/-1 0/2 -1/-1 -1/-1 0/2 -1/-1 -1/-1 0/2 -1/-1 -1/-1 0/2 -1/-1 -1/-1 0/2 -1/-1 0/3 -1/-1 0/2 -1/-1 -1/-1 0/3 -1/-1 0/2 -1/-1 -1/-1
t20.stop_reason = satisfiable
t20.restarts = 2
t20.nogoods_size = 36
t20.nodes = 15
t20.propagations = 15
t2.stop_reason = aborted
t2.restarts = 2
t2.nogoods_size = 36
t2.nodes = 0
t2.propagations = 0
t12.stop_reason = aborted
t12.restarts = 2
t12.nogoods_size = 36
t12.nodes = 0
t12.propagations = 0
t22.stop_reason = aborted
t22.restarts = 2
t22.nogoods_size = 36
t22.nodes = 0
t22.propagations = 0
t8.stop_reason = aborted
t8.restarts = 2
t8.nogoods_size = 36
t8.nodes = 0
t8.propagations = 0
t5.stop_reason = aborted
t5.restarts = 2
t5.nogoods_size = 36
t5.nodes = 0
t5.propagations = 0
t4.stop_reason = aborted
t4.restarts = 2
t4.nogoods_size = 36
t4.nodes = 0
t4.propagations = 0
t17.stop_reason = aborted
t17.restarts = 2
t17.nogoods_size = 36
t17.nodes = 0
t17.propagations = 0
t3.stop_reason = aborted
t3.restarts = 2
t3.nogoods_size = 36
t3.nodes = 0
t3.propagations = 0
t19.stop_reason = aborted
t19.restarts = 2
t19.nogoods_size = 36
t19.nodes = 0
t19.propagations = 0
t32.stop_reason = aborted
t32.restarts = 2
t32.nogoods_size = 36
t32.nodes = 0
t32.propagations = 0
t14.stop_reason = aborted
t14.restarts = 2
t14.nogoods_size = 36
t14.nodes = 0
t14.propagations = 0
t23.stop_reason = aborted
t23.restarts = 2
t23.nogoods_size = 36
t23.nodes = 0
t23.propagations = 0
t15.stop_reason = aborted
t15.restarts = 2
t15.nogoods_size = 36
t15.nodes = 0
t15.propagations = 0
t18.stop_reason = aborted
t18.restarts = 2
t18.nogoods_size = 36
t18.nodes = 0
t18.propagations = 0
t10.stop_reason = aborted
t10.restarts = 2
t10.nogoods_size = 36
t10.nodes = 0
t10.propagations = 0
t16.stop_reason = aborted
t16.restarts = 2
t16.nogoods_size = 36
t16.nodes = 0
t16.propagations = 0
t27.stop_reason = aborted
t27.restarts = 2
t27.nogoods_size = 36
t27.nodes = 0
t27.propagations = 0
t28.stop_reason = aborted
t28.restarts = 2
t28.nogoods_size = 36
t28.nodes = 0
t28.propagations = 0
t21.stop_reason = aborted
t21.restarts = 2
t21.nogoods_size = 36
t21.nodes = 0
t21.propagations = 0
t26.stop_reason = aborted
t26.restarts = 2
t26.nogoods_size = 36
t26.nodes = 0
t26.propagations = 0
t25.stop_reason = aborted
t25.restarts = 2
t25.nogoods_size = 36
t25.nodes = 0
t25.propagations = 0
t34.stop_reason = aborted
t34.restarts = 2
t34.nogoods_size = 36
t34.nodes = 0
t34.propagations = 0
t33.stop_reason = aborted
t33.restarts = 2
t33.nogoods_size = 36
t33.nodes = 0
t33.propagations = 0
t30.stop_reason = aborted
t30.restarts = 2
t30.nogoods_size = 36
t30.nodes = 0
t30.propagations = 0
t31.stop_reason = aborted
t31.restarts = 2
t31.nogoods_size = 36
t31.nodes = 0
t31.propagations = 0
t35.stop_reason = aborted
t35.restarts = 2
t35.nogoods_size = 36
t35.nodes = 0
t35.propagations = 0
t24.stop_reason = aborted
t24.restarts = 2
t24.nogoods_size = 36
t24.nodes = 0
t24.propagations = 0
t1.stop_reason = aborted
t1.restarts = 2
t1.nogoods_size = 36
t1.nodes = 0
t1.propagations = 0
t0.stop_reason = aborted
t0.restarts = 2
t0.nogoods_size = 36
t0.nodes = 0
t0.propagations = 0
t7.stop_reason = aborted
t7.restarts = 2
t7.nogoods_size = 36
t7.nodes = 0
t7.propagations = 0
t9.stop_reason = aborted
t9.restarts = 2
t9.nogoods_size = 36
t9.nodes = 0
t9.propagations = 0
t13.stop_reason = aborted
t13.restarts = 2
t13.nogoods_size = 36
t13.nodes = 0
t13.propagations = 0
t11.stop_reason = aborted
t11.restarts = 2
t11.nogoods_size = 36
t11.nodes = 0
t11.propagations = 0
t29.stop_reason = aborted
t29.restarts = 2
t29.nogoods_size = 36
t29.nodes = 0
t29.propagations = 0
t6.where = -1/-1 -1/-1 -1/-1 -1/-1 -1/-1 -1/-1 -1/-1 -1/-1 -1/-1 -1/-1 -1/-1 -1/-1 -1/-1 -1/-1 -1/-1 -1/-1 -1/-1 -1/-1 -1/-1 -1/-1 -1/-1 -1/-1 -1/-1 -1/-1 -1/-1 -1/-1 -1/-1 -1/-1 -1/-1 -1/-1 -1/-1 -1/-1 -1/-1 -1/-1 -1/-1 -1/-1 -1/-1 -1/-1 -1/-1 -1/-1 -1/-1 -1/-1 -1/-1 -1/-1 -1/-1 -1/-1 -1/-1 -1/-1 -1/-1 -1/-1 -1/-1 -1/-1 -1/-1 -1/-1 -1/-1 -1/-1 -1/-1 -1/-1 -1/-1 -1/-1 -1/-1 -1/-1 -1/-1 -1/-1 -1/-1 -1/-1 -1/-1 -1/-1 -1/-1 -1/-1 -1/-1 -1/-1 -1/-1 -1/-1 -1/-1 -1/-1 -1/-1 -1/-1 -1/-1 -1/-1 -1/-1 -1/-1 -1/-1 -1/-1 -1/-1 -1/-1 -1/-1 -1/-1 -1/-1 -1/-1 -1/-1 -1/-1 -1/-1 -1/-1 -1/-1 -1/-1 -1/-1 -1/-1 -1/-1 -1/-1 -1/-1 -1/-1 -1/-1 -1/-1 -1/-1 -1/-1 -1/-1 -1/-1 -1/-1 -1/-1 -1/-1 -1/-1 -1/-1 -1/-1 -1/-1 -1/-1 -1/-1 -1/-1 -1/-1 -1/-1 -1/-1 -1/-1 -1/-1 -1/-1 -1/-1 -1/-1 -1/-1 -1/-1 -1/-1 -1/-1 -1/-1 -1/-1 -1/-1 -1/-1 -1/-1 -1/-1 -1/-1 -1/-1 -1/-1 -1/-1 -1/-1 -1/-1 -1/-1 -1/-1 -1/-1 -1/-1 -1/-1 -1/-1 -1/-1 -1/-1 -1/-1 -1/-1 -1/-1 -1/-1 -1/-1 -1/-1 -1/-1 -1/-1 -1/-1 -1/-1 -1/-1 -1/-1 -1/-1 -1/-1 -1/-1 -1/-1 -1/-1 -1/-1 -1/-1 -1/-1 -1/-1 -1/-1 -1/-1 -1/-1 -1/-1 -1/-1 -1/-1 -1/-1 -1/-1 -1/-1 -1/-1 -1/-1 -1/-1 -1/-1 -1/-1 -1/-1 -1/-1 -1/-1 -1/-1 -1/-1 -1/-1 -1/-1 -1/-1 -1/-1 -1/-1 -1/-1 -1/-1 -1/-1 -1/-1 -1/-1 -1/-1 -1/-1 -1/-1 -1/-1 -1/-1 -1/-1 -1/-1 -1/-1 -1/-1 -1/-1 -1/-1 -1/-1 -1/-1 -1/-1 -1/-1 -1/-1 -1/-1 -1/-1 -1/-1 -1/-1 -1/-1 -1/-1 -1/-1 -1/-1 -1/-1 -1/-1 -1/-1 -1/-1 -1/-1 -1/-1 -1/-1 -1/-1 -1/-1 -1/-1 -1/-1 -1/-1 -1/-1 -1/-1 -1/-1 -1/-1 -1/-1 -1/-1 -1/-1 -1/-1 -1/-1 -1/-1 -1/-1 -1/-1 -1/-1 -1/-1 -1/-1 -1/-1 -1/-1 -1/-1 -1/-1 -1/-1 -1/-1 -1/-1 -1/-1 -1/-1 -1/-1 -1/-1 -1/-1 -1/-1 -1/-1 -1/-1 -1/-1 -1/-1 -1/-1 -1/-1 -1/-1 -1/-1 -1/-1 -1/-1 -1/-1 -1/-1 -1/-1 -1/-1 -1/-1 -1/-1 -1/-1 -1/-1 -1/-1 -1/-1 -1/-1 -1/-1 -1/-1 -1/-1 -1/-1 -1/-1 -1/-1 -1/-1 -1/-1 -1/-1 -1/-1 -1/-1 -1/-1 -1/-1 -1/-1 -1/-1 -1/-1 -1/-1 -1/-1 -1/-1 -1/-1 -1/-1 -1/-1 -1/-1 -1/-1 -1/-1 -1/-1 -1/-1 -1/-1 -1/-1 -1/-1 -1/-1 -1/-1 -1/-1 -1/-1 -1/-1 -1/-1 -1/-1 -1/-1 -1/-1 -1/-1 -1/-1 -1/-1 -1/-1 -1/-1 -1/-1 -1/-1 -1/-1 -1/-1 -1/-1 -1/-1 -1/-1 -1/-1 -1/-1 -1/-1 -1/-1 -1/-1 -1/-1 -1/-1 -1/-1 -1/-1 -1/-1 -1/-1 -1/-1 -1/-1 -1/-1 -1/-1 -1/-1 -1/-1 -1/-1 -1/-1 -1/-1 -1/-1 -1/-1 -1/-1 -1/-1 -1/-1 -1/-1 -1/-1 -1/-1 -1/-1 -1/-1 -1/-1 -1/-1 -1/-1 -1/-1 -1/-1 -1/-1 -1/-1 -1/-1 -1/-1 -1/-1 -1/-1 -1/-1 -1/-1 -1/-1 -1/-1 -1/-1 -1/-1 -1/-1 -1/-1 -1/-1 -1/-1 -1/-1 -1/-1 -1/-1 -1/-1 -1/-1 -1/-1 -1/-1 -1/-1 -1/-1 -1/-1 -1/-1 -1/-1 -1/-1 -1/-1 -1/-1 -1/-1 -1/-1 -1/-1 -1/-1 -1/-1 -1/-1 -1/-1 -1/-1 -1/-1 -1/-1 -1/-1 -1/-1 -1/-1 -1/-1 -1/-1 -1/-1 -1/-1 -1/-1 -1/-1 -1/-1 -1/-1 -1/-1 -1/-1 -1/-1 -1/-1 -1/-1 -1/-1 -1/-1 -1/-1 -1/-1 -1/-1 -1/-1 -1/-1 -1/-1 -1/-1 -1/-1 -1/-1 -1/-1 -1/-1 -1/-1 -1/-1 -1/-1 -1/-1 -1/-1 -1/-1 -1/-1 -1/-1 -1/-1 -1/-1 -1/-1 -1/-1 -1/-1 -1/-1 -1/-1 -1/-1 -1/-1 -1/-1 -1/-1 -1/-1 -1/-1 -1/-1 -1/-1 -1/-1 -1/-1 -1/-1 -1/-1 -1/-1 -1/-1 -1/-1 -1/-1 -1/-1 -1/-1 -1/-1 -1/-1 -1/-1 -1/-1 -1/-1 -1/-1 -1/-1 -1/-1 -1/-1 -1/-1 -1/-1 -1/-1 -1/-1 -1/-1 -1/-1 -1/-1 -1/-1 -1/-1 -1/-1 0/2 -1/-1 -1/-1 0/2 -1/-1 -1/-1 0/2 -1/-1 -1/-1 0/2 -1/-1 -1/-1 0/2 -1/-1 -1/-1 0/2 -1/-1 -1/-1 0/2 -1/-1 -1/-1 0/2 -1/-1 -1/-1 0/2 -1/-1 -1/-1 0/2 -1/-1 0/3 -1/-1 0/2 -1/-1 -1/-1 0/3 -1/-1 0/2 -1/-1 -1/-1
t6.stop_reason = satisfiable
t6.restarts = 2
t6.nogoods_size = 36
t6.nodes = 15
t6.propagations = 15
search_time = 335
