hostname = r1i2n14
commandline = ../glasgow/solve_subgraph_isomorphism --value-ordering=biased --threads=36 --timeout 1000 --format lad ../instances/meshes-CVIU11/patterns/pattern3 ../instances/meshes-CVIU11/targets/target241
started_at = 2018-11-15 04:00:17
pattern_file = ../instances/meshes-CVIU11/patterns/pattern3
target_file = ../instances/meshes-CVIU11/targets/target241
status = true
nodes = 54175269
propagations = 116330440
mapping = (0 -> 2734) (1 -> 3) (2 -> 944) (3 -> 943) (4 -> 945) (5 -> 708) (6 -> 707) (7 -> 706) (8 -> 705) (9 -> 704) (10 -> 749) (11 -> 753) (12 -> 852) (13 -> 853) (14 -> 699) (15 -> 698) (16 -> 849) (17 -> 847) (18 -> 757) (19 -> 758) (20 -> 799) (21 -> 795) (22 -> 787) (23 -> 785) (24 -> 805) (25 -> 810) (26 -> 784) (27 -> 783) (28 -> 790) (29 -> 793) (30 -> 801) (31 -> 760) (32 -> 761) (33 -> 766) (34 -> 767) (35 -> 768) (36 -> 772) (37 -> 771) (38 -> 769) (39 -> 789) (40 -> 794) (41 -> 800) (42 -> 759) (43 -> 756) (44 -> 755) (45 -> 851) (46 -> 782) (47 -> 812) (48 -> 811) (49 -> 813) (50 -> 814) (51 -> 815) (52 -> 840) (53 -> 835) (54 -> 837) (55 -> 839) (56 -> 780) (57 -> 804) (58 -> 778) (59 -> 777) (60 -> 791) (61 -> 792) (62 -> 776) (63 -> 844) (64 -> 695) (65 -> 694) (66 -> 711) (67 -> 710) (68 -> 709) (69 -> 700) (70 -> 701) (71 -> 745) (72 -> 714) (73 -> 715) (74 -> 724) (75 -> 725) (76 -> 741) (77 -> 712) (78 -> 713) (79 -> 684) (80 -> 683) (81 -> 682) (82 -> 681) (83 -> 751) (84 -> 752) (85 -> 747) (86 -> 743) (87 -> 718) (88 -> 717) (89 -> 719) (90 -> 720) (91 -> 721) (92 -> 716) (93 -> 723) (94 -> 726) (95 -> 727) (96 -> 673) (97 -> 676) (98 -> 677) (99 -> 678) (100 -> 679) (101 -> 666) (102 -> 667) (103 -> 674) (104 -> 680) (105 -> 662) (106 -> 663) (107 -> 658) (108 -> 657) (109 -> 664) (110 -> 722) (111 -> 732) (112 -> 730) (113 -> 729) (114 -> 739) (115 -> 728) (116 -> 672) (117 -> 671) (118 -> 670) (119 -> 669) (120 -> 668) (121 -> 736) (122 -> 742) (123 -> 188) (124 -> 185) (125 -> 1531) (126 -> 1526) (127 -> 1525) (128 -> 1519) (129 -> 1520) (130 -> 1522) (131 -> 1546) (132 -> 1532) (133 -> 2333) (134 -> 2331) (135 -> 2328) (136 -> 2329) (137 -> 2317) (138 -> 2316) (139 -> 2315) (140 -> 2314) (141 -> 2352) (142 -> 2312) (143 -> 2311) (144 -> 2310) (145 -> 2238) (146 -> 2237) (147 -> 2234) (148 -> 2319) (149 -> 2320) (150 -> 2327) (151 -> 2326) (152 -> 2321) (153 -> 2322) (154 -> 2349) (155 -> 2711) (156 -> 87) (157 -> 345) (158 -> 589) (159 -> 2688) (160 -> 2000) (161 -> 2573) (162 -> 2390) 
runtime = 152794
t31.where = -1/-1 -1/-1 -1/-1 -1/-1 -1/-1 -1/-1 -1/-1 -1/-1 -1/-1 0/360 -1/-1 0/4 -1/-1 -1/-1 -1/-1 -1/-1 0/2 -1/-1 0/3 -1/-1 0/2 -1/-1 0/3 -1/-1 0/3 -1/-1 0/3 -1/-1 0/3 -1/-1 1/3 -1/-1 2/3 -1/-1 0/3 -1/-1 0/2 -1/-1 0/2 -1/-1 -1/-1 -1/-1 -1/-1 -1/-1 -1/-1 -1/-1 1/2 -1/-1 -1/-1 -1/-1 -1/-1 0/2 -1/-1 -1/-1 0/2 -1/-1 -1/-1 -1/-1 -1/-1 -1/-1 -1/-1 0/2 -1/-1 -1/-1 -1/-1 -1/-1 0/2 -1/-1 -1/-1 -1/-1 0/2 -1/-1 0/2 -1/-1 0/2 -1/-1 0/2 -1/-1 1/3 -1/-1 -1/-1 -1/-1 0/2 -1/-1 0/2 -1/-1 0/2 -1/-1 -1/-1 -1/-1 -1/-1 -1/-1 -1/-1 0/2 -1/-1 -1/-1 1/2 -1/-1 -1/-1 0/2 -1/-1 -1/-1 0/2 -1/-1 -1/-1 1/2 -1/-1 -1/-1 1/2 -1/-1 0/3 -1/-1 0/2 -1/-1 0/2 -1/-1 0/2 -1/-1 -1/-1 -1/-1 -1/-1 -1/-1 0/2 -1/-1 0/2 -1/-1 -1/-1 -1/-1 -1/-1 0/2 -1/-1 -1/-1 0/2 -1/-1 0/2 -1/-1 0/3 -1/-1 1/2 -1/-1 -1/-1 -1/-1 1/2 -1/-1 0/2 -1/-1 0/2 -1/-1 0/2 -1/-1 -1/-1 0/2 -1/-1 -1/-1 -1/-1 -1/-1 0/2 -1/-1 -1/-1 0/2 -1/-1 -1/-1 -1/-1 -1/-1 -1/-1 0/2 -1/-1 0/2 -1/-1 0/2 -1/-1 0/2 -1/-1 0/2 -1/-1 -1/-1 -1/-1 0/2 -1/-1 0/2 -1/-1 0/3 -1/-1 0/3 -1/-1 0/3 -1/-1 0/2 -1/-1 0/1147 -1/-1 0/2 -1/-1 -1/-1 0/2 -1/-1 0/2 -1/-1 0/2 -1/-1 0/2 -1/-1 -1/-1 -1/-1 0/2 -1/-1 -1/-1 0/2 -1/-1 0/2 -1/-1 -1/-1 -1/-1 -1/-1 0/2 -1/-1 0/2 -1/-1 0/2 -1/-1 0/3 -1/-1 0/2 -1/-1 -1/-1 0/1276 -1/-1 0/4 -1/-1 0/3 -1/-1 0/1794 -1/-1 0/4 -1/-1 0/1954 -1/-1 0/1953 -1/-1 0/1952 -1/-1 0/1951 -1/-1 0/1950 -1/-1 0/1949 -1/-1 0/1948 -1/-1 0/1947 -1/-1 0/1946 -1/-1
t31.stop_reason = satisfiable
t31.restarts = 923
t31.nogoods_size = 369268
t31.nodes = 1523866
t31.propagations = 1523866
t35.stop_reason = aborted
t35.restarts = 923
t35.nogoods_size = 369268
t35.nodes = 1479423
t35.propagations = 1479423
t28.stop_reason = aborted
t28.restarts = 923
t28.nogoods_size = 369268
t28.nodes = 1477168
t28.propagations = 1477168
t23.stop_reason = aborted
t23.restarts = 923
t23.nogoods_size = 369268
t23.nodes = 1455452
t23.propagations = 1455452
t4.stop_reason = aborted
t4.restarts = 923
t4.nogoods_size = 369268
t4.nodes = 1512747
t4.propagations = 1512747
t15.stop_reason = aborted
t15.restarts = 923
t15.nogoods_size = 369268
t15.nodes = 1541507
t15.propagations = 1541507
t13.stop_reason = aborted
t13.restarts = 923
t13.nogoods_size = 369268
t13.nodes = 1509656
t13.propagations = 1509656
t10.stop_reason = aborted
t10.restarts = 923
t10.nogoods_size = 369268
t10.nodes = 1493527
t10.propagations = 1493527
t7.stop_reason = aborted
t7.restarts = 923
t7.nogoods_size = 369268
t7.nodes = 1515267
t7.propagations = 1515267
t5.stop_reason = aborted
t5.restarts = 923
t5.nogoods_size = 369268
t5.nodes = 1488720
t5.propagations = 1488720
t26.stop_reason = aborted
t26.restarts = 923
t26.nogoods_size = 369268
t26.nodes = 1474714
t26.propagations = 1474714
t24.stop_reason = aborted
t24.restarts = 923
t24.nogoods_size = 369268
t24.nodes = 1631703
t24.propagations = 1631703
t33.stop_reason = aborted
t33.restarts = 923
t33.nogoods_size = 369268
t33.nodes = 1516055
t33.propagations = 1516055
t19.stop_reason = aborted
t19.restarts = 923
t19.nogoods_size = 369268
t19.nodes = 1478253
t19.propagations = 1478253
t1.stop_reason = aborted
t1.restarts = 923
t1.nogoods_size = 369268
t1.nodes = 1487319
t1.propagations = 1487319
t9.stop_reason = aborted
t9.restarts = 923
t9.nogoods_size = 369268
t9.nodes = 1471707
t9.propagations = 1471707
t27.stop_reason = aborted
t27.restarts = 923
t27.nogoods_size = 369268
t27.nodes = 1516406
t27.propagations = 1516406
t14.stop_reason = aborted
t14.restarts = 923
t14.nogoods_size = 369268
t14.nodes = 1489791
t14.propagations = 1489791
t32.stop_reason = aborted
t32.restarts = 923
t32.nogoods_size = 369268
t32.nodes = 1540972
t32.propagations = 1540972
t30.stop_reason = aborted
t30.restarts = 923
t30.nogoods_size = 369268
t30.nodes = 1451464
t30.propagations = 1451464
t20.stop_reason = aborted
t20.restarts = 923
t20.nogoods_size = 369268
t20.nodes = 1478872
t20.propagations = 1478872
t8.stop_reason = aborted
t8.restarts = 923
t8.nogoods_size = 369268
t8.nodes = 1506455
t8.propagations = 1506455
t34.stop_reason = aborted
t34.restarts = 923
t34.nogoods_size = 369268
t34.nodes = 1466671
t34.propagations = 1466671
t25.stop_reason = aborted
t25.restarts = 923
t25.nogoods_size = 369268
t25.nodes = 1536944
t25.propagations = 1536944
t16.stop_reason = aborted
t16.restarts = 923
t16.nogoods_size = 369268
t16.nodes = 1534921
t16.propagations = 1534921
t2.stop_reason = aborted
t2.restarts = 923
t2.nogoods_size = 369268
t2.nodes = 1523537
t2.propagations = 1523537
t3.stop_reason = aborted
t3.restarts = 923
t3.nogoods_size = 369268
t3.nodes = 1494718
t3.propagations = 1494718
t6.stop_reason = aborted
t6.restarts = 923
t6.nogoods_size = 369268
t6.nodes = 1485772
t6.propagations = 1485772
t29.stop_reason = aborted
t29.restarts = 923
t29.nogoods_size = 369268
t29.nodes = 1479198
t29.propagations = 1479198
t12.stop_reason = aborted
t12.restarts = 923
t12.nogoods_size = 369268
t12.nodes = 1479717
t12.propagations = 1479717
t22.stop_reason = aborted
t22.restarts = 923
t22.nogoods_size = 369268
t22.nodes = 1482578
t22.propagations = 1482578
t21.stop_reason = aborted
t21.restarts = 923
t21.nogoods_size = 369268
t21.nodes = 1561095
t21.propagations = 1561095
t17.stop_reason = aborted
t17.restarts = 923
t17.nogoods_size = 369268
t17.nodes = 1485576
t17.propagations = 1485576
t0.stop_reason = aborted
t0.restarts = 923
t0.nogoods_size = 369268
t0.nodes = 1555700
t0.propagations = 1555700
t18.stop_reason = aborted
t18.restarts = 923
t18.nogoods_size = 369268
t18.nodes = 1488325
t18.propagations = 1488325
t11.stop_reason = aborted
t11.restarts = 923
t11.nogoods_size = 369268
t11.nodes = 1559473
t11.propagations = 1559473
search_time = 146279
