hostname = r1i2n21
commandline = ../glasgow/solve_subgraph_isomorphism --value-ordering=biased --threads=36 --timeout 1000 --format lad ../instances/meshes-CVIU11/patterns/pattern3 ../instances/meshes-CVIU11/targets/target180
started_at = 2018-11-15 03:59:28
pattern_file = ../instances/meshes-CVIU11/patterns/pattern3
target_file = ../instances/meshes-CVIU11/targets/target180
status = aborted
nodes = 937729308
propagations = 2464189851
runtime = 1086951
t12.restarts = 10382
t12.nogoods_size = 3525501
t12.nodes = 26005299
t12.propagations = 26005299
t32.restarts = 10382
t32.nogoods_size = 3525501
t32.nodes = 25778901
t32.propagations = 25778901
t28.restarts = 10382
t28.nogoods_size = 3525501
t28.nodes = 25926335
t28.propagations = 25926335
t22.restarts = 10382
t22.nogoods_size = 3525501
t22.nodes = 25755783
t22.propagations = 25755783
t6.restarts = 10382
t6.nogoods_size = 3525501
t6.nodes = 26161832
t6.propagations = 26161832
t23.restarts = 10382
t23.nogoods_size = 3525501
t23.nodes = 25708580
t23.propagations = 25708580
t33.restarts = 10382
t33.nogoods_size = 3525501
t33.nodes = 26103930
t33.propagations = 26103930
t9.restarts = 10382
t9.nogoods_size = 3525501
t9.nodes = 25938043
t9.propagations = 25938043
t34.restarts = 10382
t34.nogoods_size = 3525501
t34.nodes = 25686502
t34.propagations = 25686502
t27.restarts = 10382
t27.nogoods_size = 3525501
t27.nodes = 26653865
t27.propagations = 26653865
t10.stop_reason = aborted
t10.restarts = 10382
t10.nogoods_size = 3525501
t10.nodes = 25328563
t10.propagations = 25328563
t4.restarts = 10382
t4.nogoods_size = 3525501
t4.nodes = 26290216
t4.propagations = 26290216
t29.restarts = 10382
t29.nogoods_size = 3525501
t29.nodes = 26949952
t29.propagations = 26949952
t13.restarts = 10382
t13.nogoods_size = 3525501
t13.nodes = 27139357
t13.propagations = 27139357
t25.restarts = 10382
t25.nogoods_size = 3525501
t25.nodes = 26688378
t25.propagations = 26688378
t2.restarts = 10382
t2.nogoods_size = 3525501
t2.nodes = 26080308
t2.propagations = 26080308
t19.restarts = 10382
t19.nogoods_size = 3525501
t19.nodes = 26076444
t19.propagations = 26076444
t7.restarts = 10382
t7.nogoods_size = 3525501
t7.nodes = 25242699
t7.propagations = 25242699
t5.restarts = 10382
t5.nogoods_size = 3525501
t5.nodes = 25576999
t5.propagations = 25576999
t1.restarts = 10382
t1.nogoods_size = 3525501
t1.nodes = 26489906
t1.propagations = 26489906
t16.restarts = 10382
t16.nogoods_size = 3525501
t16.nodes = 26168459
t16.propagations = 26168459
t18.restarts = 10382
t18.nogoods_size = 3525501
t18.nodes = 26363016
t18.propagations = 26363016
t8.restarts = 10382
t8.nogoods_size = 3525501
t8.nodes = 25746339
t8.propagations = 25746339
t30.restarts = 10382
t30.nogoods_size = 3525501
t30.nodes = 25699340
t30.propagations = 25699340
t21.restarts = 10382
t21.nogoods_size = 3525501
t21.nodes = 26512863
t21.propagations = 26512863
t14.restarts = 10382
t14.nogoods_size = 3525501
t14.nodes = 24789190
t14.propagations = 24789190
t20.restarts = 10382
t20.nogoods_size = 3525501
t20.nodes = 25912667
t20.propagations = 25912667
t26.restarts = 10382
t26.nogoods_size = 3525501
t26.nodes = 26429768
t26.propagations = 26429768
t17.stop_reason = aborted
t17.restarts = 10382
t17.nogoods_size = 3525501
t17.nodes = 26888954
t17.propagations = 26888954
t31.restarts = 10382
t31.nogoods_size = 3525501
t31.nodes = 26022457
t31.propagations = 26022457
t24.stop_reason = aborted
t24.restarts = 10382
t24.nogoods_size = 3525501
t24.nodes = 25353548
t24.propagations = 25353548
t11.stop_reason = aborted
t11.restarts = 10382
t11.nogoods_size = 3525501
t11.nodes = 26188259
t11.propagations = 26188259
t35.restarts = 10382
t35.nogoods_size = 3525501
t35.nodes = 26296979
t35.propagations = 26296979
t3.restarts = 10382
t3.nogoods_size = 3525501
t3.nodes = 26062336
t3.propagations = 26062336
t0.restarts = 10382
t0.nogoods_size = 3525501
t0.nodes = 26303986
t0.propagations = 26303986
t15.restarts = 10382
t15.nogoods_size = 3525501
t15.nodes = 25409255
t15.propagations = 25409255
search_time = 999887
