hostname = r1i2n12
commandline = ../glasgow/solve_subgraph_isomorphism --value-ordering=biased --threads=36 --timeout 1000 --format lad ../instances/meshes-CVIU11/patterns/pattern3 ../instances/meshes-CVIU11/targets/target49
started_at = 2018-11-15 05:23:33
pattern_file = ../instances/meshes-CVIU11/patterns/pattern3
target_file = ../instances/meshes-CVIU11/targets/target49
status = true
nodes = 27102387
propagations = 57931228
mapping = (0 -> 59) (1 -> 3) (2 -> 44) (3 -> 45) (4 -> 43) (5 -> 268) (6 -> 267) (7 -> 266) (8 -> 265) (9 -> 264) (10 -> 245) (11 -> 226) (12 -> 227) (13 -> 246) (14 -> 247) (15 -> 248) (16 -> 229) (17 -> 210) (18 -> 191) (19 -> 156) (20 -> 155) (21 -> 154) (22 -> 153) (23 -> 152) (24 -> 151) (25 -> 150) (26 -> 185) (27 -> 184) (28 -> 203) (29 -> 204) (30 -> 223) (31 -> 242) (32 -> 261) (33 -> 262) (34 -> 243) (35 -> 224) (36 -> 225) (37 -> 206) (38 -> 205) (39 -> 186) (40 -> 187) (41 -> 188) (42 -> 189) (43 -> 190) (44 -> 209) (45 -> 228) (46 -> 149) (47 -> 178) (48 -> 179) (49 -> 177) (50 -> 176) (51 -> 175) (52 -> 174) (53 -> 173) (54 -> 172) (55 -> 171) (56 -> 148) (57 -> 147) (58 -> 144) (59 -> 163) (60 -> 162) (61 -> 161) (62 -> 166) (63 -> 167) (64 -> 249) (65 -> 230) (66 -> 211) (67 -> 212) (68 -> 231) (69 -> 250) (70 -> 251) (71 -> 193) (72 -> 194) (73 -> 213) (74 -> 232) (75 -> 233) (76 -> 214) (77 -> 192) (78 -> 157) (79 -> 158) (80 -> 159) (81 -> 160) (82 -> 195) (83 -> 207) (84 -> 208) (85 -> 274) (86 -> 269) (87 -> 252) (88 -> 287) (89 -> 253) (90 -> 254) (91 -> 235) (92 -> 216) (93 -> 217) (94 -> 218) (95 -> 199) (96 -> 200) (97 -> 181) (98 -> 180) (99 -> 197) (100 -> 198) (101 -> 215) (102 -> 196) (103 -> 219) (104 -> 220) (105 -> 221) (106 -> 201) (107 -> 202) (108 -> 182) (109 -> 183) (110 -> 236) (111 -> 237) (112 -> 256) (113 -> 257) (114 -> 258) (115 -> 238) (116 -> 239) (117 -> 259) (118 -> 260) (119 -> 241) (120 -> 240) (121 -> 285) (122 -> 234) (123 -> 57) (124 -> 49) (125 -> 371) (126 -> 370) (127 -> 407) (128 -> 461) (129 -> 460) (130 -> 462) (131 -> 464) (132 -> 372) (133 -> 99) (134 -> 79) (135 -> 78) (136 -> 77) (137 -> 76) (138 -> 75) (139 -> 74) (140 -> 73) (141 -> 72) (142 -> 89) (143 -> 54) (144 -> 55) (145 -> 87) (146 -> 88) (147 -> 107) (148 -> 104) (149 -> 103) (150 -> 111) (151 -> 110) (152 -> 109) (153 -> 108) (154 -> 125) (155 -> 568) (156 -> 546) (157 -> 53) (158 -> 476) (159 -> 339) (160 -> 491) (161 -> 329) (162 -> 336) 
runtime = 16740
t25.stop_reason = aborted
t25.restarts = 499
t25.nogoods_size = 202628
t25.nodes = 741609
t25.propagations = 741609
t17.stop_reason = aborted
t17.restarts = 499
t17.nogoods_size = 202628
t17.nodes = 787801
t17.propagations = 787801
t29.stop_reason = aborted
t29.restarts = 499
t29.nogoods_size = 202628
t29.nodes = 749793
t29.propagations = 749793
t0.where = -1/-1 -1/-1 -1/-1 -1/-1 -1/-1 -1/-1 -1/-1 -1/-1 -1/-1 0/182 -1/-1 0/4 -1/-1 0/2 -1/-1 0/2 -1/-1 -1/-1 0/2 -1/-1 0/3 -1/-1 0/2 -1/-1 -1/-1 0/2 -1/-1 0/2 -1/-1 0/2 -1/-1 0/2 -1/-1 -1/-1 -1/-1 -1/-1 -1/-1 0/2 -1/-1 0/2 -1/-1 1/2 -1/-1 -1/-1 0/2 -1/-1 -1/-1 -1/-1 -1/-1 -1/-1 -1/-1 0/2 -1/-1 -1/-1 -1/-1 -1/-1 -1/-1 -1/-1 0/2 -1/-1 -1/-1 -1/-1 -1/-1 -1/-1 -1/-1 -1/-1 -1/-1 -1/-1 -1/-1 -1/-1 -1/-1 0/2 -1/-1 -1/-1 -1/-1 -1/-1 -1/-1 -1/-1 -1/-1 -1/-1 -1/-1 -1/-1 -1/-1 0/2 -1/-1 0/2 -1/-1 0/2 -1/-1 -1/-1 -1/-1 -1/-1 -1/-1 -1/-1 0/2 -1/-1 0/2 -1/-1 0/2 -1/-1 0/2 -1/-1 0/2 -1/-1 -1/-1 -1/-1 -1/-1 -1/-1 0/2 -1/-1 0/2 -1/-1 0/2 -1/-1 0/2 -1/-1 0/2 -1/-1 -1/-1 -1/-1 0/2 -1/-1 0/2 -1/-1 0/2 -1/-1 0/2 -1/-1 0/2 -1/-1 -1/-1 0/2 -1/-1 0/2 -1/-1 0/2 -1/-1 0/3 -1/-1 -1/-1 0/2 -1/-1 0/2 -1/-1 -1/-1 0/3 -1/-1 0/3 -1/-1 0/2 -1/-1 -1/-1 0/2 -1/-1 -1/-1 -1/-1 0/2 -1/-1 1/2 -1/-1 0/2 -1/-1 0/2 -1/-1 -1/-1 -1/-1 0/2 -1/-1 -1/-1 -1/-1 -1/-1 -1/-1 -1/-1 -1/-1 0/2 -1/-1 -1/-1 -1/-1 0/2 -1/-1 1/384 -1/-1 0/3 -1/-1 0/2 -1/-1 0/3 -1/-1 0/3 -1/-1 0/3 -1/-1 0/2 -1/-1 0/3 -1/-1 0/3 -1/-1 0/3 -1/-1 0/3 -1/-1 0/3 -1/-1 0/2 -1/-1 0/2 -1/-1 -1/-1 0/2 -1/-1 0/3 -1/-1 0/3 -1/-1 0/4 -1/-1 0/3 -1/-1 0/3 -1/-1 0/2 -1/-1 0/403 -1/-1 0/4 -1/-1 0/3 -1/-1 0/487 -1/-1 0/4 -1/-1 0/490 -1/-1 0/489 -1/-1 0/488 -1/-1 0/487 -1/-1 0/486 -1/-1 0/485 -1/-1 0/484 -1/-1 0/483 -1/-1 0/482 -1/-1
t0.stop_reason = satisfiable
t0.restarts = 499
t0.nogoods_size = 202628
t0.nodes = 781612
t0.propagations = 781612
t34.stop_reason = aborted
t34.restarts = 499
t34.nogoods_size = 202628
t34.nodes = 783397
t34.propagations = 783397
t20.stop_reason = aborted
t20.restarts = 499
t20.nogoods_size = 202628
t20.nodes = 767975
t20.propagations = 767975
t30.stop_reason = aborted
t30.restarts = 499
t30.nogoods_size = 202628
t30.nodes = 705458
t30.propagations = 705458
t24.stop_reason = aborted
t24.restarts = 499
t24.nogoods_size = 202628
t24.nodes = 651171
t24.propagations = 651171
t1.stop_reason = aborted
t1.restarts = 499
t1.nogoods_size = 202628
t1.nodes = 733575
t1.propagations = 733575
t11.stop_reason = aborted
t11.restarts = 499
t11.nogoods_size = 202628
t11.nodes = 774217
t11.propagations = 774217
t5.stop_reason = aborted
t5.restarts = 499
t5.nogoods_size = 202628
t5.nodes = 777876
t5.propagations = 777876
t19.stop_reason = aborted
t19.restarts = 499
t19.nogoods_size = 202628
t19.nodes = 766148
t19.propagations = 766148
t8.stop_reason = aborted
t8.restarts = 499
t8.nogoods_size = 202628
t8.nodes = 823468
t8.propagations = 823468
t26.stop_reason = aborted
t26.restarts = 499
t26.nogoods_size = 202628
t26.nodes = 776344
t26.propagations = 776344
t14.stop_reason = aborted
t14.restarts = 499
t14.nogoods_size = 202628
t14.nodes = 752096
t14.propagations = 752096
t4.stop_reason = aborted
t4.restarts = 499
t4.nogoods_size = 202628
t4.nodes = 769808
t4.propagations = 769808
t7.stop_reason = aborted
t7.restarts = 499
t7.nogoods_size = 202628
t7.nodes = 759292
t7.propagations = 759292
t3.stop_reason = aborted
t3.restarts = 499
t3.nogoods_size = 202628
t3.nodes = 724344
t3.propagations = 724344
t9.stop_reason = aborted
t9.restarts = 499
t9.nogoods_size = 202628
t9.nodes = 746575
t9.propagations = 746575
t21.stop_reason = aborted
t21.restarts = 499
t21.nogoods_size = 202628
t21.nodes = 741762
t21.propagations = 741762
t2.stop_reason = aborted
t2.restarts = 499
t2.nogoods_size = 202628
t2.nodes = 762165
t2.propagations = 762165
t23.stop_reason = aborted
t23.restarts = 499
t23.nogoods_size = 202628
t23.nodes = 714980
t23.propagations = 714980
t27.stop_reason = aborted
t27.restarts = 499
t27.nogoods_size = 202628
t27.nodes = 627213
t27.propagations = 627213
t35.stop_reason = aborted
t35.restarts = 499
t35.nogoods_size = 202628
t35.nodes = 752777
t35.propagations = 752777
t31.stop_reason = aborted
t31.restarts = 499
t31.nogoods_size = 202628
t31.nodes = 777548
t31.propagations = 777548
t18.stop_reason = aborted
t18.restarts = 499
t18.nogoods_size = 202628
t18.nodes = 759919
t18.propagations = 759919
t33.stop_reason = aborted
t33.restarts = 499
t33.nogoods_size = 202628
t33.nodes = 726712
t33.propagations = 726712
t28.stop_reason = aborted
t28.restarts = 499
t28.nogoods_size = 202628
t28.nodes = 710059
t28.propagations = 710059
t16.stop_reason = aborted
t16.restarts = 499
t16.nogoods_size = 202628
t16.nodes = 770435
t16.propagations = 770435
t15.stop_reason = aborted
t15.restarts = 499
t15.nogoods_size = 202628
t15.nodes = 739620
t15.propagations = 739620
t10.stop_reason = aborted
t10.restarts = 499
t10.nogoods_size = 202628
t10.nodes = 777611
t10.propagations = 777611
t6.stop_reason = aborted
t6.restarts = 499
t6.nogoods_size = 202628
t6.nodes = 793254
t6.propagations = 793254
t13.stop_reason = aborted
t13.restarts = 499
t13.nogoods_size = 202628
t13.nodes = 759302
t13.propagations = 759302
t32.stop_reason = aborted
t32.restarts = 499
t32.nogoods_size = 202628
t32.nodes = 768090
t32.propagations = 768090
t12.stop_reason = aborted
t12.restarts = 499
t12.nogoods_size = 202628
t12.nodes = 778315
t12.propagations = 778315
t22.stop_reason = aborted
t22.restarts = 499
t22.nogoods_size = 202628
t22.nodes = 770066
t22.propagations = 770066
search_time = 14175
