hostname = r1i2n25
commandline = ../glasgow/solve_subgraph_isomorphism --value-ordering=biased --threads=36 --timeout 1000 --format lad ../instances/meshes-CVIU11/patterns/pattern3 ../instances/meshes-CVIU11/targets/target162
started_at = 2018-11-15 05:32:40
pattern_file = ../instances/meshes-CVIU11/patterns/pattern3
target_file = ../instances/meshes-CVIU11/targets/target162
status = true
nodes = 235607
propagations = 505895
mapping = (0 -> 2340) (1 -> 1) (2 -> 1615) (3 -> 1221) (4 -> 1614) (5 -> 874) (6 -> 969) (7 -> 970) (8 -> 985) (9 -> 972) (10 -> 971) (11 -> 876) (12 -> 973) (13 -> 980) (14 -> 975) (15 -> 888) (16 -> 889) (17 -> 890) (18 -> 891) (19 -> 884) (20 -> 1432) (21 -> 1431) (22 -> 1430) (23 -> 1411) (24 -> 1410) (25 -> 1409) (26 -> 1404) (27 -> 1403) (28 -> 1460) (29 -> 859) (30 -> 860) (31 -> 865) (32 -> 864) (33 -> 866) (34 -> 879) (35 -> 878) (36 -> 877) (37 -> 974) (38 -> 887) (39 -> 861) (40 -> 862) (41 -> 863) (42 -> 881) (43 -> 880) (44 -> 885) (45 -> 886) (46 -> 1402) (47 -> 1401) (48 -> 1396) (49 -> 1400) (50 -> 1415) (51 -> 1416) (52 -> 1417) (53 -> 1418) (54 -> 1421) (55 -> 1422) (56 -> 1395) (57 -> 1394) (58 -> 1387) (59 -> 1388) (60 -> 1389) (61 -> 1461) (62 -> 1462) (63 -> 1528) (64 -> 895) (65 -> 896) (66 -> 1008) (67 -> 1009) (68 -> 897) (69 -> 894) (70 -> 893) (71 -> 1010) (72 -> 1013) (73 -> 1014) (74 -> 904) (75 -> 903) (76 -> 900) (77 -> 1007) (78 -> 1006) (79 -> 1005) (80 -> 1018) (81 -> 1044) (82 -> 1045) (83 -> 875) (84 -> 868) (85 -> 986) (86 -> 873) (87 -> 968) (88 -> 987) (89 -> 967) (90 -> 855) (91 -> 965) (92 -> 994) (93 -> 993) (94 -> 992) (95 -> 991) (96 -> 998) (97 -> 997) (98 -> 996) (99 -> 995) (100 -> 960) (101 -> 1076) (102 -> 1075) (103 -> 1002) (104 -> 1046) (105 -> 1043) (106 -> 1052) (107 -> 1047) (108 -> 1019) (109 -> 1020) (110 -> 964) (111 -> 850) (112 -> 1065) (113 -> 963) (114 -> 962) (115 -> 849) (116 -> 1070) (117 -> 1069) (118 -> 1068) (119 -> 1067) (120 -> 961) (121 -> 856) (122 -> 966) (123 -> 1164) (124 -> 1163) (125 -> 406) (126 -> 408) (127 -> 403) (128 -> 410) (129 -> 412) (130 -> 414) (131 -> 466) (132 -> 405) (133 -> 1954) (134 -> 1951) (135 -> 1952) (136 -> 1928) (137 -> 1925) (138 -> 1924) (139 -> 1956) (140 -> 1957) (141 -> 1960) (142 -> 1961) (143 -> 1917) (144 -> 1920) (145 -> 1919) (146 -> 1984) (147 -> 2020) (148 -> 1921) (149 -> 1922) (150 -> 1923) (151 -> 1982) (152 -> 1983) (153 -> 2019) (154 -> 2018) (155 -> 2141) (156 -> 2146) (157 -> 929) (158 -> 181) (159 -> 1519) (160 -> 1644) (161 -> 129) (162 -> 1534) 
runtime = 1496
t34.stop_reason = aborted
t34.restarts = 14
t34.nogoods_size = 6378
t34.nodes = 6628
t34.propagations = 6628
t24.stop_reason = aborted
t24.restarts = 14
t24.nogoods_size = 6378
t24.nodes = 6096
t24.propagations = 6096
t19.stop_reason = aborted
t19.restarts = 14
t19.nogoods_size = 6378
t19.nodes = 6869
t19.propagations = 6869
t2.stop_reason = aborted
t2.restarts = 14
t2.nogoods_size = 6378
t2.nodes = 9217
t2.propagations = 9217
t16.stop_reason = aborted
t16.restarts = 14
t16.nogoods_size = 6378
t16.nodes = 6870
t16.propagations = 6870
t25.stop_reason = aborted
t25.restarts = 14
t25.nogoods_size = 6378
t25.nodes = 6844
t25.propagations = 6844
t3.stop_reason = aborted
t3.restarts = 14
t3.nogoods_size = 6378
t3.nodes = 6846
t3.propagations = 6846
t15.stop_reason = aborted
t15.restarts = 14
t15.nogoods_size = 6378
t15.nodes = 5528
t15.propagations = 5528
t7.stop_reason = aborted
t7.restarts = 14
t7.nogoods_size = 6378
t7.nodes = 6555
t7.propagations = 6555
t21.stop_reason = aborted
t21.restarts = 14
t21.nogoods_size = 6378
t21.nodes = 5744
t21.propagations = 5744
t22.stop_reason = aborted
t22.restarts = 14
t22.nogoods_size = 6378
t22.nodes = 7583
t22.propagations = 7583
t20.stop_reason = aborted
t20.restarts = 14
t20.nogoods_size = 6378
t20.nodes = 6504
t20.propagations = 6504
t11.stop_reason = aborted
t11.restarts = 14
t11.nogoods_size = 6378
t11.nodes = 7034
t11.propagations = 7034
t32.where = -1/-1 0/3 -1/-1 0/2 -1/-1 -1/-1 -1/-1 -1/-1 -1/-1 -1/-1 -1/-1 0/1299 -1/-1 0/4 -1/-1 -1/-1 0/2 -1/-1 -1/-1 -1/-1 0/3 -1/-1 0/2 -1/-1 0/2 -1/-1 0/2 -1/-1 -1/-1 -1/-1 0/3 -1/-1 -1/-1 0/2 -1/-1 -1/-1 0/2 -1/-1 0/2 -1/-1 0/3 -1/-1 0/2 -1/-1 1/2 -1/-1 -1/-1 -1/-1 -1/-1 -1/-1 -1/-1 -1/-1 -1/-1 -1/-1 0/2 -1/-1 0/2 -1/-1 -1/-1 -1/-1 -1/-1 0/2 -1/-1 -1/-1 -1/-1 -1/-1 0/2 -1/-1 0/2 -1/-1 0/2 -1/-1 0/2 -1/-1 -1/-1 -1/-1 -1/-1 -1/-1 0/2 -1/-1 -1/-1 -1/-1 -1/-1 -1/-1 0/2 -1/-1 0/2 -1/-1 0/2 -1/-1 0/2 -1/-1 -1/-1 -1/-1 -1/-1 0/2 -1/-1 0/2 -1/-1 0/2 -1/-1 0/2 -1/-1 0/2 -1/-1 0/3 -1/-1 0/3 -1/-1 0/2 -1/-1 0/3 -1/-1 -1/-1 0/3 -1/-1 0/3 -1/-1 0/3 -1/-1 0/2 -1/-1 0/3 -1/-1 0/2 -1/-1 0/3 -1/-1 -1/-1 -1/-1 0/2 -1/-1 0/2 -1/-1 0/2 -1/-1 0/2 -1/-1 0/2 -1/-1 -1/-1 0/2 -1/-1 0/2 -1/-1 -1/-1 -1/-1 -1/-1 -1/-1 0/2 -1/-1 -1/-1 0/2 -1/-1 -1/-1 0/2 -1/-1 0/3 -1/-1 1/3 -1/-1 0/3 -1/-1 0/2 -1/-1 -1/-1 -1/-1 0/2 -1/-1 -1/-1 0/2 -1/-1 0/2 -1/-1 0/2 -1/-1 -1/-1 0/2 -1/-1 0/2 -1/-1 0/3 -1/-1 0/2 -1/-1 0/2 -1/-1 0/3 -1/-1 0/3 -1/-1 0/3 -1/-1 0/3 -1/-1 0/3 -1/-1 0/2 -1/-1 0/3 -1/-1 0/1845 -1/-1 0/4 -1/-1 0/3 -1/-1 0/3 -1/-1 0/3 -1/-1 0/2 -1/-1 0/3 -1/-1 0/3 -1/-1 0/3 -1/-1 0/4 -1/-1 0/3 -1/-1 -1/-1 0/2 -1/-1 0/2 -1/-1 0/2 -1/-1 0/3 -1/-1 -1/-1 0/2 -1/-1 0/4 -1/-1 0/2 -1/-1 0/2 -1/-1 0/3 -1/-1 0/2018 -1/-1 0/4 -1/-1 0/3 -1/-1 0/2166 -1/-1 0/4 -1/-1 0/2171 -1/-1 0/2170 -1/-1 0/2169 -1/-1 0/2168 -1/-1 0/2167 -1/-1 0/2166 -1/-1 0/2165 -1/-1 0/2164 -1/-1 0/2163 -1/-1
t32.stop_reason = satisfiable
t32.restarts = 14
t32.nogoods_size = 6378
t32.nodes = 5757
t32.propagations = 5757
t29.stop_reason = aborted
t29.restarts = 14
t29.nogoods_size = 6378
t29.nodes = 5714
t29.propagations = 5714
t31.stop_reason = aborted
t31.restarts = 14
t31.nogoods_size = 6378
t31.nodes = 6900
t31.propagations = 6900
t35.stop_reason = aborted
t35.restarts = 14
t35.nogoods_size = 6378
t35.nodes = 7280
t35.propagations = 7280
t8.stop_reason = aborted
t8.restarts = 14
t8.nogoods_size = 6378
t8.nodes = 8347
t8.propagations = 8347
t4.stop_reason = aborted
t4.restarts = 14
t4.nogoods_size = 6378
t4.nodes = 6257
t4.propagations = 6257
t26.stop_reason = aborted
t26.restarts = 14
t26.nogoods_size = 6378
t26.nodes = 5692
t26.propagations = 5692
t10.stop_reason = aborted
t10.restarts = 14
t10.nogoods_size = 6378
t10.nodes = 7450
t10.propagations = 7450
t9.stop_reason = aborted
t9.restarts = 14
t9.nogoods_size = 6378
t9.nodes = 5805
t9.propagations = 5805
t30.stop_reason = aborted
t30.restarts = 14
t30.nogoods_size = 6378
t30.nodes = 6696
t30.propagations = 6696
t12.stop_reason = aborted
t12.restarts = 14
t12.nogoods_size = 6378
t12.nodes = 6319
t12.propagations = 6319
t5.stop_reason = aborted
t5.restarts = 14
t5.nogoods_size = 6378
t5.nodes = 6491
t5.propagations = 6491
t33.stop_reason = aborted
t33.restarts = 14
t33.nogoods_size = 6378
t33.nodes = 10004
t33.propagations = 10004
t14.stop_reason = aborted
t14.restarts = 14
t14.nogoods_size = 6378
t14.nodes = 4450
t14.propagations = 4450
t13.stop_reason = aborted
t13.restarts = 14
t13.nogoods_size = 6378
t13.nodes = 6197
t13.propagations = 6197
t27.stop_reason = aborted
t27.restarts = 14
t27.nogoods_size = 6378
t27.nodes = 6214
t27.propagations = 6214
t0.stop_reason = aborted
t0.restarts = 14
t0.nogoods_size = 6378
t0.nodes = 4802
t0.propagations = 4802
t1.stop_reason = aborted
t1.restarts = 14
t1.nogoods_size = 6378
t1.nodes = 6412
t1.propagations = 6412
t6.stop_reason = aborted
t6.restarts = 14
t6.nogoods_size = 6378
t6.nodes = 6918
t6.propagations = 6918
t28.stop_reason = aborted
t28.restarts = 14
t28.nogoods_size = 6378
t28.nodes = 5448
t28.propagations = 5448
t18.stop_reason = aborted
t18.restarts = 14
t18.nogoods_size = 6378
t18.nodes = 6664
t18.propagations = 6664
t17.stop_reason = aborted
t17.restarts = 14
t17.nogoods_size = 6378
t17.nodes = 5654
t17.propagations = 5654
t23.stop_reason = aborted
t23.restarts = 14
t23.nogoods_size = 6378
t23.nodes = 5818
t23.propagations = 5818
search_time = 872
