hostname = r1i2n23
commandline = ../glasgow/solve_subgraph_isomorphism --value-ordering=biased --threads=36 --timeout 1000 --format lad ../instances/LV/g13 ../instances/largerGraphs/g68
started_at = 2018-11-15 05:04:56
pattern_file = ../instances/LV/g13
target_file = ../instances/largerGraphs/g68
status = false
nodes = 196768
propagations = 821074
runtime = 192
t35.stop_reason = unsatisfiable
t35.restarts = 11
t35.nogoods_size = 6744
t35.nodes = 8229
t35.propagations = 8229
t7.stop_reason = aborted
t7.restarts = 11
t7.nogoods_size = 6744
t7.nodes = 5930
t7.propagations = 5930
t20.stop_reason = aborted
t20.restarts = 11
t20.nogoods_size = 6744
t20.nodes = 6026
t20.propagations = 6026
t25.stop_reason = aborted
t25.restarts = 11
t25.nogoods_size = 6744
t25.nodes = 5950
t25.propagations = 5950
t24.stop_reason = aborted
t24.restarts = 11
t24.nogoods_size = 6744
t24.nodes = 2927
t24.propagations = 2927
t28.stop_reason = aborted
t28.restarts = 11
t28.nogoods_size = 6744
t28.nodes = 5622
t28.propagations = 5622
t32.stop_reason = aborted
t32.restarts = 11
t32.nogoods_size = 6744
t32.nodes = 5753
t32.propagations = 5753
t2.stop_reason = aborted
t2.restarts = 11
t2.nogoods_size = 6744
t2.nodes = 10054
t2.propagations = 10054
t10.stop_reason = aborted
t10.restarts = 11
t10.nogoods_size = 6744
t10.nodes = 2987
t10.propagations = 2987
t22.stop_reason = aborted
t22.restarts = 11
t22.nogoods_size = 6744
t22.nodes = 5739
t22.propagations = 5739
t14.stop_reason = aborted
t14.restarts = 11
t14.nogoods_size = 6744
t14.nodes = 6194
t14.propagations = 6194
t27.stop_reason = aborted
t27.restarts = 11
t27.nogoods_size = 6744
t27.nodes = 5547
t27.propagations = 5547
t0.stop_reason = aborted
t0.restarts = 11
t0.nogoods_size = 6744
t0.nodes = 3207
t0.propagations = 3207
t16.stop_reason = aborted
t16.restarts = 11
t16.nogoods_size = 6744
t16.nodes = 5903
t16.propagations = 5903
t6.stop_reason = aborted
t6.restarts = 11
t6.nogoods_size = 6744
t6.nodes = 6124
t6.propagations = 6124
t26.stop_reason = aborted
t26.restarts = 11
t26.nogoods_size = 6744
t26.nodes = 5607
t26.propagations = 5607
t5.stop_reason = aborted
t5.restarts = 11
t5.nogoods_size = 6744
t5.nodes = 5805
t5.propagations = 5805
t15.stop_reason = aborted
t15.restarts = 11
t15.nogoods_size = 6744
t15.nodes = 5646
t15.propagations = 5646
t33.stop_reason = aborted
t33.restarts = 11
t33.nogoods_size = 6744
t33.nodes = 5643
t33.propagations = 5643
t13.stop_reason = aborted
t13.restarts = 11
t13.nogoods_size = 6744
t13.nodes = 7203
t13.propagations = 7203
t9.stop_reason = aborted
t9.restarts = 11
t9.nogoods_size = 6744
t9.nodes = 6147
t9.propagations = 6147
t3.stop_reason = aborted
t3.restarts = 11
t3.nogoods_size = 6744
t3.nodes = 5905
t3.propagations = 5905
t4.stop_reason = aborted
t4.restarts = 11
t4.nogoods_size = 6744
t4.nodes = 6363
t4.propagations = 6363
t21.stop_reason = aborted
t21.restarts = 11
t21.nogoods_size = 6744
t21.nodes = 6371
t21.propagations = 6371
t19.stop_reason = aborted
t19.restarts = 11
t19.nogoods_size = 6744
t19.nodes = 3104
t19.propagations = 3104
t34.stop_reason = aborted
t34.restarts = 11
t34.nogoods_size = 6744
t34.nodes = 5981
t34.propagations = 5981
t11.stop_reason = aborted
t11.restarts = 11
t11.nogoods_size = 6744
t11.nodes = 5518
t11.propagations = 5518
t29.stop_reason = aborted
t29.restarts = 11
t29.nogoods_size = 6744
t29.nodes = 3089
t29.propagations = 3089
t8.stop_reason = aborted
t8.restarts = 11
t8.nogoods_size = 6744
t8.nodes = 5770
t8.propagations = 5770
t12.stop_reason = aborted
t12.restarts = 11
t12.nogoods_size = 6744
t12.nodes = 5950
t12.propagations = 5950
t23.stop_reason = aborted
t23.restarts = 11
t23.nogoods_size = 6744
t23.nodes = 5406
t23.propagations = 5406
t31.stop_reason = aborted
t31.restarts = 11
t31.nogoods_size = 6744
t31.nodes = 6069
t31.propagations = 6069
t1.stop_reason = aborted
t1.restarts = 11
t1.nogoods_size = 6744
t1.nodes = 3189
t1.propagations = 3189
t30.stop_reason = aborted
t30.restarts = 11
t30.nogoods_size = 6744
t30.nodes = 3216
t30.propagations = 3216
t17.stop_reason = aborted
t17.restarts = 11
t17.nogoods_size = 6744
t17.nodes = 2992
t17.propagations = 2992
t18.stop_reason = aborted
t18.restarts = 11
t18.nogoods_size = 6744
t18.nodes = 5602
t18.propagations = 5602
search_time = 119
