hostname = r1i2n11
commandline = ../glasgow/solve_subgraph_isomorphism --value-ordering=biased --threads=36 --timeout 1000 --format lad ../instances/LV/g18 ../instances/largerGraphs/g99
started_at = 2018-11-15 05:15:16
pattern_file = ../instances/LV/g18
target_file = ../instances/largerGraphs/g99
status = false
nodes = 13767
propagations = 51174
runtime = 129
t33.stop_reason = unsatisfiable
t33.restarts = 3
t33.nogoods_size = 797
t33.nodes = 739
t33.propagations = 739
t23.stop_reason = aborted
t23.restarts = 3
t23.nogoods_size = 797
t23.nodes = 262
t23.propagations = 262
t16.stop_reason = aborted
t16.restarts = 3
t16.nogoods_size = 797
t16.nodes = 277
t16.propagations = 277
t15.stop_reason = aborted
t15.restarts = 3
t15.nogoods_size = 797
t15.nodes = 478
t15.propagations = 478
t29.stop_reason = aborted
t29.restarts = 3
t29.nogoods_size = 797
t29.nodes = 449
t29.propagations = 449
t32.stop_reason = aborted
t32.restarts = 3
t32.nogoods_size = 797
t32.nodes = 439
t32.propagations = 439
t1.stop_reason = aborted
t1.restarts = 3
t1.nogoods_size = 797
t1.nodes = 523
t1.propagations = 523
t2.stop_reason = aborted
t2.restarts = 3
t2.nogoods_size = 797
t2.nodes = 298
t2.propagations = 298
t19.stop_reason = aborted
t19.restarts = 3
t19.nogoods_size = 797
t19.nodes = 258
t19.propagations = 258
t35.stop_reason = aborted
t35.restarts = 3
t35.nogoods_size = 797
t35.nodes = 416
t35.propagations = 416
t25.stop_reason = aborted
t25.restarts = 3
t25.nogoods_size = 797
t25.nodes = 265
t25.propagations = 265
t6.stop_reason = aborted
t6.restarts = 3
t6.nogoods_size = 797
t6.nodes = 505
t6.propagations = 505
t8.stop_reason = aborted
t8.restarts = 3
t8.nogoods_size = 797
t8.nodes = 276
t8.propagations = 276
t13.stop_reason = aborted
t13.restarts = 3
t13.nogoods_size = 797
t13.nodes = 528
t13.propagations = 528
t27.stop_reason = aborted
t27.restarts = 3
t27.nogoods_size = 797
t27.nodes = 430
t27.propagations = 430
t30.stop_reason = aborted
t30.restarts = 3
t30.nogoods_size = 797
t30.nodes = 421
t30.propagations = 421
t20.stop_reason = aborted
t20.restarts = 3
t20.nogoods_size = 797
t20.nodes = 271
t20.propagations = 271
t0.stop_reason = aborted
t0.restarts = 3
t0.nogoods_size = 797
t0.nodes = 518
t0.propagations = 518
t9.stop_reason = aborted
t9.restarts = 3
t9.nogoods_size = 797
t9.nodes = 501
t9.propagations = 501
t24.stop_reason = aborted
t24.restarts = 3
t24.nogoods_size = 797
t24.nodes = 257
t24.propagations = 257
t4.stop_reason = aborted
t4.restarts = 3
t4.nogoods_size = 797
t4.nodes = 297
t4.propagations = 297
t10.stop_reason = aborted
t10.restarts = 3
t10.nogoods_size = 797
t10.nodes = 287
t10.propagations = 287
t31.stop_reason = aborted
t31.restarts = 3
t31.nogoods_size = 797
t31.nodes = 433
t31.propagations = 433
t11.stop_reason = aborted
t11.restarts = 3
t11.nogoods_size = 797
t11.nodes = 284
t11.propagations = 284
t7.stop_reason = aborted
t7.restarts = 3
t7.nogoods_size = 797
t7.nodes = 505
t7.propagations = 505
t26.stop_reason = aborted
t26.restarts = 3
t26.nogoods_size = 797
t26.nodes = 254
t26.propagations = 254
t3.stop_reason = aborted
t3.restarts = 3
t3.nogoods_size = 797
t3.nodes = 537
t3.propagations = 537
t17.stop_reason = aborted
t17.restarts = 3
t17.nogoods_size = 797
t17.nodes = 268
t17.propagations = 268
t21.stop_reason = aborted
t21.restarts = 3
t21.nogoods_size = 797
t21.nodes = 483
t21.propagations = 483
t22.stop_reason = aborted
t22.restarts = 3
t22.nogoods_size = 797
t22.nodes = 284
t22.propagations = 284
t14.stop_reason = aborted
t14.restarts = 3
t14.nogoods_size = 797
t14.nodes = 295
t14.propagations = 295
t12.stop_reason = aborted
t12.restarts = 3
t12.nogoods_size = 797
t12.nodes = 274
t12.propagations = 274
t5.stop_reason = aborted
t5.restarts = 3
t5.nogoods_size = 797
t5.nodes = 288
t5.propagations = 288
t34.stop_reason = aborted
t34.restarts = 3
t34.nogoods_size = 797
t34.nodes = 467
t34.propagations = 467
t18.stop_reason = aborted
t18.restarts = 3
t18.nogoods_size = 797
t18.nodes = 275
t18.propagations = 275
t28.stop_reason = aborted
t28.restarts = 3
t28.nogoods_size = 797
t28.nodes = 425
t28.propagations = 425
search_time = 78
