hostname = r1i2n23
commandline = ../glasgow/solve_subgraph_isomorphism --value-ordering=biased --threads=36 --timeout 1000 --format lad ../instances/LV/g3 ../instances/largerGraphs/g87
started_at = 2018-11-15 05:06:09
pattern_file = ../instances/LV/g3
target_file = ../instances/largerGraphs/g87
status = false
nodes = 12892
propagations = 159675
runtime = 143
t32.stop_reason = aborted
t32.restarts = 3
t32.nogoods_size = 12722
t32.nodes = 247
t32.propagations = 247
t19.stop_reason = aborted
t19.restarts = 3
t19.nogoods_size = 12722
t19.nodes = 390
t19.propagations = 390
t23.stop_reason = aborted
t23.restarts = 3
t23.nogoods_size = 12722
t23.nodes = 128
t23.propagations = 128
t11.stop_reason = aborted
t11.restarts = 3
t11.nogoods_size = 12722
t11.nodes = 470
t11.propagations = 470
t34.stop_reason = unsatisfiable
t34.restarts = 3
t34.nogoods_size = 12722
t34.nodes = 239
t34.propagations = 239
t30.stop_reason = aborted
t30.restarts = 3
t30.nogoods_size = 12722
t30.nodes = 267
t30.propagations = 267
t20.stop_reason = aborted
t20.restarts = 3
t20.nogoods_size = 12722
t20.nodes = 362
t20.propagations = 362
t0.stop_reason = aborted
t0.restarts = 3
t0.nogoods_size = 12722
t0.nodes = 241
t0.propagations = 241
t12.stop_reason = aborted
t12.restarts = 3
t12.nogoods_size = 12722
t12.nodes = 450
t12.propagations = 450
t28.stop_reason = aborted
t28.restarts = 3
t28.nogoods_size = 12722
t28.nodes = 280
t28.propagations = 280
t7.stop_reason = aborted
t7.restarts = 3
t7.nogoods_size = 12722
t7.nodes = 516
t7.propagations = 516
t27.stop_reason = aborted
t27.restarts = 3
t27.nogoods_size = 12722
t27.nodes = 275
t27.propagations = 275
t9.stop_reason = aborted
t9.restarts = 3
t9.nogoods_size = 12722
t9.nodes = 464
t9.propagations = 464
t22.stop_reason = aborted
t22.restarts = 3
t22.nogoods_size = 12722
t22.nodes = 357
t22.propagations = 357
t15.stop_reason = aborted
t15.restarts = 3
t15.nogoods_size = 12722
t15.nodes = 417
t15.propagations = 417
t33.stop_reason = aborted
t33.restarts = 3
t33.nogoods_size = 12722
t33.nodes = 226
t33.propagations = 226
t18.stop_reason = aborted
t18.restarts = 3
t18.nogoods_size = 12722
t18.nodes = 406
t18.propagations = 406
t13.stop_reason = aborted
t13.restarts = 3
t13.nogoods_size = 12722
t13.nodes = 435
t13.propagations = 435
t6.stop_reason = aborted
t6.restarts = 3
t6.nogoods_size = 12722
t6.nodes = 213
t6.propagations = 213
t5.stop_reason = aborted
t5.restarts = 3
t5.nogoods_size = 12722
t5.nodes = 527
t5.propagations = 527
t8.stop_reason = aborted
t8.restarts = 3
t8.nogoods_size = 12722
t8.nodes = 467
t8.propagations = 467
t3.stop_reason = aborted
t3.restarts = 3
t3.nogoods_size = 12722
t3.nodes = 544
t3.propagations = 544
t31.stop_reason = aborted
t31.restarts = 3
t31.nogoods_size = 12722
t31.nodes = 264
t31.propagations = 264
t35.stop_reason = aborted
t35.restarts = 3
t35.nogoods_size = 12722
t35.nodes = 212
t35.propagations = 212
t10.stop_reason = aborted
t10.restarts = 3
t10.nogoods_size = 12722
t10.nodes = 454
t10.propagations = 454
t2.stop_reason = aborted
t2.restarts = 3
t2.nogoods_size = 12722
t2.nodes = 620
t2.propagations = 620
t16.stop_reason = aborted
t16.restarts = 3
t16.nogoods_size = 12722
t16.nodes = 136
t16.propagations = 136
t24.stop_reason = aborted
t24.restarts = 3
t24.nogoods_size = 12722
t24.nodes = 661
t24.propagations = 661
t1.stop_reason = aborted
t1.restarts = 3
t1.nogoods_size = 12722
t1.nodes = 575
t1.propagations = 575
t14.stop_reason = aborted
t14.restarts = 3
t14.nogoods_size = 12722
t14.nodes = 209
t14.propagations = 209
t17.stop_reason = aborted
t17.restarts = 3
t17.nogoods_size = 12722
t17.nodes = 396
t17.propagations = 396
t4.stop_reason = aborted
t4.restarts = 3
t4.nogoods_size = 12722
t4.nodes = 214
t4.propagations = 214
t29.stop_reason = aborted
t29.restarts = 3
t29.nogoods_size = 12722
t29.nodes = 269
t29.propagations = 269
t26.stop_reason = unsatisfiable
t26.restarts = 3
t26.nogoods_size = 12722
t26.nodes = 316
t26.propagations = 316
t25.stop_reason = aborted
t25.restarts = 3
t25.nogoods_size = 12722
t25.nodes = 296
t25.propagations = 296
t21.stop_reason = aborted
t21.restarts = 3
t21.nogoods_size = 12722
t21.nodes = 349
t21.propagations = 349
search_time = 79
