hostname = r1i2n0
commandline = ../glasgow/solve_subgraph_isomorphism --value-ordering=biased --threads=36 --timeout 1000 --format lad ../instances/LV/g34 ../instances/LV/g42
started_at = 2018-11-15 05:08:51
pattern_file = ../instances/LV/g34
target_file = ../instances/LV/g42
status = false
nodes = 101662
propagations = 325555
runtime = 86
t6.stop_reason = aborted
t6.restarts = 8
t6.nogoods_size = 2544
t6.nodes = 4709
t6.propagations = 4709
t5.stop_reason = unsatisfiable
t5.restarts = 8
t5.nogoods_size = 2544
t5.nodes = 2915
t5.propagations = 2915
t13.stop_reason = aborted
t13.restarts = 8
t13.nogoods_size = 2544
t13.nodes = 2933
t13.propagations = 2933
t2.stop_reason = aborted
t2.restarts = 8
t2.nogoods_size = 2544
t2.nodes = 3055
t2.propagations = 3055
t11.stop_reason = aborted
t11.restarts = 8
t11.nogoods_size = 2544
t11.nodes = 3276
t11.propagations = 3276
t33.stop_reason = aborted
t33.restarts = 8
t33.nogoods_size = 2544
t33.nodes = 2818
t33.propagations = 2818
t32.stop_reason = unsatisfiable
t32.restarts = 8
t32.nogoods_size = 2544
t32.nodes = 2898
t32.propagations = 2898
t26.stop_reason = aborted
t26.restarts = 8
t26.nogoods_size = 2544
t26.nodes = 2907
t26.propagations = 2907
t12.stop_reason = unsatisfiable
t12.restarts = 8
t12.nogoods_size = 2544
t12.nodes = 2801
t12.propagations = 2801
t34.stop_reason = aborted
t34.restarts = 8
t34.nogoods_size = 2544
t34.nodes = 2774
t34.propagations = 2774
t28.stop_reason = aborted
t28.restarts = 8
t28.nogoods_size = 2544
t28.nodes = 1846
t28.propagations = 1846
t18.stop_reason = unsatisfiable
t18.restarts = 8
t18.nogoods_size = 2544
t18.nodes = 3205
t18.propagations = 3205
t8.stop_reason = aborted
t8.restarts = 8
t8.nogoods_size = 2544
t8.nodes = 1986
t8.propagations = 1986
t30.stop_reason = aborted
t30.restarts = 8
t30.nogoods_size = 2544
t30.nodes = 2938
t30.propagations = 2938
t31.stop_reason = aborted
t31.restarts = 8
t31.nogoods_size = 2544
t31.nodes = 2958
t31.propagations = 2958
t3.stop_reason = aborted
t3.restarts = 8
t3.nogoods_size = 2544
t3.nodes = 1941
t3.propagations = 1941
t1.stop_reason = aborted
t1.restarts = 8
t1.nogoods_size = 2544
t1.nodes = 3399
t1.propagations = 3399
t10.stop_reason = aborted
t10.restarts = 8
t10.nogoods_size = 2544
t10.nodes = 2911
t10.propagations = 2911
t22.stop_reason = aborted
t22.restarts = 8
t22.nogoods_size = 2544
t22.nodes = 2956
t22.propagations = 2956
t0.stop_reason = aborted
t0.restarts = 8
t0.nogoods_size = 2544
t0.nodes = 3197
t0.propagations = 3197
t21.stop_reason = aborted
t21.restarts = 8
t21.nogoods_size = 2544
t21.nodes = 2863
t21.propagations = 2863
t7.stop_reason = aborted
t7.restarts = 8
t7.nogoods_size = 2544
t7.nodes = 2953
t7.propagations = 2953
t27.stop_reason = aborted
t27.restarts = 8
t27.nogoods_size = 2544
t27.nodes = 2857
t27.propagations = 2857
t24.stop_reason = aborted
t24.restarts = 8
t24.nogoods_size = 2544
t24.nodes = 2873
t24.propagations = 2873
t16.stop_reason = aborted
t16.restarts = 8
t16.nogoods_size = 2544
t16.nodes = 2856
t16.propagations = 2856
t35.stop_reason = aborted
t35.restarts = 8
t35.nogoods_size = 2544
t35.nodes = 3003
t35.propagations = 3003
t20.stop_reason = aborted
t20.restarts = 8
t20.nogoods_size = 2544
t20.nodes = 2828
t20.propagations = 2828
t14.stop_reason = aborted
t14.restarts = 8
t14.nogoods_size = 2544
t14.nodes = 2857
t14.propagations = 2857
t9.stop_reason = unsatisfiable
t9.restarts = 8
t9.nogoods_size = 2544
t9.nodes = 1831
t9.propagations = 1831
t4.stop_reason = aborted
t4.restarts = 8
t4.nogoods_size = 2544
t4.nodes = 1910
t4.propagations = 1910
t15.stop_reason = unsatisfiable
t15.restarts = 8
t15.nogoods_size = 2544
t15.nodes = 2822
t15.propagations = 2822
t29.stop_reason = aborted
t29.restarts = 8
t29.nogoods_size = 2544
t29.nodes = 1757
t29.propagations = 1757
t19.stop_reason = unsatisfiable
t19.restarts = 8
t19.nogoods_size = 2544
t19.nodes = 2927
t19.propagations = 2927
t25.stop_reason = aborted
t25.restarts = 8
t25.nogoods_size = 2544
t25.nodes = 1885
t25.propagations = 1885
t23.stop_reason = unsatisfiable
t23.restarts = 8
t23.nogoods_size = 2544
t23.nodes = 1831
t23.propagations = 1831
t17.stop_reason = unsatisfiable
t17.restarts = 8
t17.nogoods_size = 2544
t17.nodes = 5186
t17.propagations = 5186
search_time = 71
