hostname = r1i2n11
commandline = ../glasgow/solve_subgraph_isomorphism --value-ordering=biased --threads=36 --timeout 1000 --format lad ../instances/si/si4_rand_r005_400/si4_r005_m400.07/pattern ../instances/si/si4_rand_r005_400/si4_r005_m400.07/target
started_at = 2018-11-15 05:12:55
pattern_file = ../instances/si/si4_rand_r005_400/si4_r005_m400.07/pattern
target_file = ../instances/si/si4_rand_r005_400/si4_r005_m400.07/target
status = true
nodes = 55554
propagations = 155482
mapping = (0 -> 290) (1 -> 349) (2 -> 362) (3 -> 316) (4 -> 29) (5 -> 395) (6 -> 151) (7 -> 312) (8 -> 354) (9 -> 246) (10 -> 372) (11 -> 309) (12 -> 368) (13 -> 276) (14 -> 233) (15 -> 109) (16 -> 184) (17 -> 50) (18 -> 228) (19 -> 327) (20 -> 291) (21 -> 254) (22 -> 47) (23 -> 23) (24 -> 339) (25 -> 199) (26 -> 62) (27 -> 194) (28 -> 234) (29 -> 45) (30 -> 241) (31 -> 268) (32 -> 170) (33 -> 185) (34 -> 102) (35 -> 295) (36 -> 161) (37 -> 178) (38 -> 225) (39 -> 306) (40 -> 211) (41 -> 132) (42 -> 375) (43 -> 249) (44 -> 317) (45 -> 208) (46 -> 264) (47 -> 105) (48 -> 64) (49 -> 231) (50 -> 166) (51 -> 165) (52 -> 200) (53 -> 2) (54 -> 114) (55 -> 91) (56 -> 320) (57 -> 54) (58 -> 82) (59 -> 299) (60 -> 197) (61 -> 11) (62 -> 56) (63 -> 19) (64 -> 322) (65 -> 171) (66 -> 338) (67 -> 384) (68 -> 226) (69 -> 367) (70 -> 120) (71 -> 79) (72 -> 5) (73 -> 376) (74 -> 59) (75 -> 332) (76 -> 140) (77 -> 77) (78 -> 6) (79 -> 282) (80 -> 84) (81 -> 87) (82 -> 391) (83 -> 129) (84 -> 333) (85 -> 66) (86 -> 277) (87 -> 160) (88 -> 71) (89 -> 35) (90 -> 143) (91 -> 359) (92 -> 385) (93 -> 154) (94 -> 373) (95 -> 145) (96 -> 357) (97 -> 224) (98 -> 267) (99 -> 350) (100 -> 284) (101 -> 303) (102 -> 380) (103 -> 313) (104 -> 25) (105 -> 125) (106 -> 18) (107 -> 74) (108 -> 374) (109 -> 270) (110 -> 381) (111 -> 110) (112 -> 15) (113 -> 97) (114 -> 348) (115 -> 262) (116 -> 205) (117 -> 245) (118 -> 96) (119 -> 390) (120 -> 227) (121 -> 378) (122 -> 387) (123 -> 202) (124 -> 32) (125 -> 168) (126 -> 369) (127 -> 275) (128 -> 42) (129 -> 148) (130 -> 236) (131 -> 214) (132 -> 393) (133 -> 8) (134 -> 328) (135 -> 188) (136 -> 361) (137 -> 365) (138 -> 181) (139 -> 219) (140 -> 137) (141 -> 57) (142 -> 278) (143 -> 189) (144 -> 163) (145 -> 261) (146 -> 124) (147 -> 176) (148 -> 340) (149 -> 296) (150 -> 336) (151 -> 344) (152 -> 159) (153 -> 169) (154 -> 7) (155 -> 301) (156 -> 12) (157 -> 222) (158 -> 343) (159 -> 386) 
runtime = 204
t11.where = 0/380 -1/-1 10/38 -1/-1 0/2 -1/-1 -1/-1 0/2 -1/-1 -1/-1 -1/-1 -1/-1 -1/-1 -1/-1 -1/-1 -1/-1 -1/-1 -1/-1 -1/-1 -1/-1 -1/-1 -1/-1 -1/-1 -1/-1 -1/-1 -1/-1 -1/-1 -1/-1 -1/-1 -1/-1 -1/-1 -1/-1 -1/-1 -1/-1 -1/-1 -1/-1 -1/-1 -1/-1 -1/-1 -1/-1 -1/-1 -1/-1 -1/-1 -1/-1 -1/-1 -1/-1 -1/-1 -1/-1 -1/-1 -1/-1 -1/-1 -1/-1 -1/-1 -1/-1 -1/-1 -1/-1 -1/-1 -1/-1 -1/-1 -1/-1 -1/-1 -1/-1 -1/-1 -1/-1 -1/-1 -1/-1 -1/-1 -1/-1 -1/-1 -1/-1 -1/-1 -1/-1 -1/-1 -1/-1 -1/-1 -1/-1 -1/-1 -1/-1 -1/-1 -1/-1 -1/-1 -1/-1 -1/-1 -1/-1 -1/-1 -1/-1 -1/-1 -1/-1 -1/-1 -1/-1 -1/-1 -1/-1 -1/-1 -1/-1 -1/-1 -1/-1 -1/-1 -1/-1 -1/-1 -1/-1 -1/-1 -1/-1 -1/-1 -1/-1 -1/-1 -1/-1 -1/-1 -1/-1 -1/-1 -1/-1 -1/-1 -1/-1 -1/-1 -1/-1 -1/-1 -1/-1 -1/-1 -1/-1 -1/-1 -1/-1 -1/-1 -1/-1 -1/-1 -1/-1 -1/-1 -1/-1 -1/-1 -1/-1 -1/-1 -1/-1 -1/-1 -1/-1 -1/-1 -1/-1 -1/-1 -1/-1 -1/-1 -1/-1 -1/-1 -1/-1 -1/-1 -1/-1 -1/-1 -1/-1 -1/-1 -1/-1 -1/-1 -1/-1 -1/-1 -1/-1 -1/-1 -1/-1 -1/-1 -1/-1 -1/-1 -1/-1 -1/-1 -1/-1 -1/-1 -1/-1 -1/-1 -1/-1 -1/-1 -1/-1
t11.stop_reason = satisfiable
t11.restarts = 5
t11.nogoods_size = 1631
t11.nodes = 1718
t11.propagations = 1718
t27.stop_reason = aborted
t27.restarts = 5
t27.nogoods_size = 1631
t27.nodes = 1684
t27.propagations = 1684
t25.stop_reason = aborted
t25.restarts = 5
t25.nogoods_size = 1631
t25.nodes = 1114
t25.propagations = 1114
t31.stop_reason = aborted
t31.restarts = 5
t31.nogoods_size = 1631
t31.nodes = 1751
t31.propagations = 1751
t29.stop_reason = aborted
t29.restarts = 5
t29.nogoods_size = 1631
t29.nodes = 1752
t29.propagations = 1752
t0.stop_reason = aborted
t0.restarts = 5
t0.nogoods_size = 1631
t0.nodes = 1902
t0.propagations = 1902
t14.stop_reason = aborted
t14.restarts = 5
t14.nogoods_size = 1631
t14.nodes = 1181
t14.propagations = 1181
t2.stop_reason = aborted
t2.restarts = 5
t2.nogoods_size = 1631
t2.nodes = 1136
t2.propagations = 1136
t21.stop_reason = aborted
t21.restarts = 5
t21.nogoods_size = 1631
t21.nodes = 1058
t21.propagations = 1058
t32.stop_reason = aborted
t32.restarts = 5
t32.nogoods_size = 1631
t32.nodes = 1804
t32.propagations = 1804
t33.stop_reason = aborted
t33.restarts = 5
t33.nogoods_size = 1631
t33.nodes = 1790
t33.propagations = 1790
t19.stop_reason = aborted
t19.restarts = 5
t19.nogoods_size = 1631
t19.nodes = 1788
t19.propagations = 1788
t15.stop_reason = aborted
t15.restarts = 5
t15.nogoods_size = 1631
t15.nodes = 1112
t15.propagations = 1112
t23.stop_reason = aborted
t23.restarts = 5
t23.nogoods_size = 1631
t23.nodes = 1083
t23.propagations = 1083
t30.stop_reason = aborted
t30.restarts = 5
t30.nogoods_size = 1631
t30.nodes = 1739
t30.propagations = 1739
t12.stop_reason = aborted
t12.restarts = 5
t12.nogoods_size = 1631
t12.nodes = 1802
t12.propagations = 1802
t1.stop_reason = aborted
t1.restarts = 5
t1.nogoods_size = 1631
t1.nodes = 2054
t1.propagations = 2054
t24.stop_reason = aborted
t24.restarts = 5
t24.nogoods_size = 1631
t24.nodes = 1113
t24.propagations = 1113
t13.stop_reason = aborted
t13.restarts = 5
t13.nogoods_size = 1631
t13.nodes = 1138
t13.propagations = 1138
t8.stop_reason = aborted
t8.restarts = 5
t8.nogoods_size = 1631
t8.nodes = 1188
t8.propagations = 1188
t28.stop_reason = aborted
t28.restarts = 5
t28.nogoods_size = 1631
t28.nodes = 1800
t28.propagations = 1800
t3.stop_reason = aborted
t3.restarts = 5
t3.nogoods_size = 1631
t3.nodes = 1121
t3.propagations = 1121
t5.stop_reason = aborted
t5.restarts = 5
t5.nogoods_size = 1631
t5.nodes = 1177
t5.propagations = 1177
t10.stop_reason = aborted
t10.restarts = 5
t10.nogoods_size = 1631
t10.nodes = 1883
t10.propagations = 1883
t18.stop_reason = aborted
t18.restarts = 5
t18.nogoods_size = 1631
t18.nodes = 1836
t18.propagations = 1836
t6.stop_reason = aborted
t6.restarts = 5
t6.nogoods_size = 1631
t6.nodes = 1128
t6.propagations = 1128
t9.stop_reason = aborted
t9.restarts = 5
t9.nogoods_size = 1631
t9.nodes = 1149
t9.propagations = 1149
t22.stop_reason = aborted
t22.restarts = 5
t22.nogoods_size = 1631
t22.nodes = 1090
t22.propagations = 1090
t7.stop_reason = aborted
t7.restarts = 5
t7.nogoods_size = 1631
t7.nodes = 1121
t7.propagations = 1121
t4.stop_reason = aborted
t4.restarts = 5
t4.nogoods_size = 1631
t4.nodes = 1840
t4.propagations = 1840
t26.stop_reason = aborted
t26.restarts = 5
t26.nogoods_size = 1631
t26.nodes = 1811
t26.propagations = 1811
t20.stop_reason = aborted
t20.restarts = 5
t20.nogoods_size = 1631
t20.nodes = 1823
t20.propagations = 1823
t35.stop_reason = aborted
t35.restarts = 5
t35.nogoods_size = 1631
t35.nodes = 1731
t35.propagations = 1731
t17.stop_reason = aborted
t17.restarts = 5
t17.nogoods_size = 1631
t17.nodes = 1101
t17.propagations = 1101
t34.stop_reason = aborted
t34.restarts = 5
t34.nogoods_size = 1631
t34.nodes = 3179
t34.propagations = 3179
t16.stop_reason = aborted
t16.restarts = 5
t16.nogoods_size = 1631
t16.nodes = 1857
t16.propagations = 1857
search_time = 93
