hostname = r1i1n30
commandline = ../glasgow/solve_subgraph_isomorphism --value-ordering=biased --geometric-restarts=1.0 --restarts-constant=5400 --triggered-restarts --threads=36 --timeout 1000 --format lad ../instances/meshes-CVIU11/patterns/pattern3 ../instances/meshes-CVIU11/targets/target518
started_at = 2018-11-19 06:26:51
pattern_file = ../instances/meshes-CVIU11/patterns/pattern3
target_file = ../instances/meshes-CVIU11/targets/target518
status = true
nodes = 413125
propagations = 983825
mapping = (0 -> 1756) (1 -> 1) (2 -> 463) (3 -> 432) (4 -> 462) (5 -> 883) (6 -> 882) (7 -> 884) (8 -> 885) (9 -> 886) (10 -> 894) (11 -> 893) (12 -> 887) (13 -> 888) (14 -> 937) (15 -> 940) (16 -> 911) (17 -> 923) (18 -> 921) (19 -> 920) (20 -> 919) (21 -> 918) (22 -> 929) (23 -> 904) (24 -> 903) (25 -> 902) (26 -> 900) (27 -> 865) (28 -> 864) (29 -> 1153) (30 -> 1154) (31 -> 977) (32 -> 976) (33 -> 897) (34 -> 898) (35 -> 936) (36 -> 892) (37 -> 890) (38 -> 935) (39 -> 899) (40 -> 933) (41 -> 916) (42 -> 915) (43 -> 914) (44 -> 889) (45 -> 912) (46 -> 868) (47 -> 869) (48 -> 870) (49 -> 974) (50 -> 872) (51 -> 873) (52 -> 1071) (53 -> 1069) (54 -> 1070) (55 -> 1067) (56 -> 970) (57 -> 973) (58 -> 972) (59 -> 971) (60 -> 952) (61 -> 951) (62 -> 950) (63 -> 907) (64 -> 941) (65 -> 944) (66 -> 945) (67 -> 946) (68 -> 943) (69 -> 942) (70 -> 939) (71 -> 949) (72 -> 948) (73 -> 953) (74 -> 954) (75 -> 955) (76 -> 956) (77 -> 908) (78 -> 909) (79 -> 910) (80 -> 924) (81 -> 925) (82 -> 926) (83 -> 896) (84 -> 895) (85 -> 1108) (86 -> 878) (87 -> 877) (88 -> 876) (89 -> 1083) (90 -> 1084) (91 -> 1074) (92 -> 1075) (93 -> 1080) (94 -> 1082) (95 -> 1029) (96 -> 1030) (97 -> 1037) (98 -> 1096) (99 -> 1016) (100 -> 1017) (101 -> 1023) (102 -> 1022) (103 -> 1031) (104 -> 1032) (105 -> 1033) (106 -> 1034) (107 -> 1035) (108 -> 1036) (109 -> 1044) (110 -> 1073) (111 -> 1062) (112 -> 1063) (113 -> 1058) (114 -> 1059) (115 -> 1061) (116 -> 1057) (117 -> 839) (118 -> 840) (119 -> 841) (120 -> 1065) (121 -> 1085) (122 -> 1086) (123 -> 834) (124 -> 833) (125 -> 755) (126 -> 756) (127 -> 742) (128 -> 743) (129 -> 741) (130 -> 735) (131 -> 734) (132 -> 757) (133 -> 144) (134 -> 145) (135 -> 146) (136 -> 157) (137 -> 156) (138 -> 160) (139 -> 159) (140 -> 161) (141 -> 195) (142 -> 287) (143 -> 286) (144 -> 285) (145 -> 300) (146 -> 281) (147 -> 282) (148 -> 158) (149 -> 265) (150 -> 264) (151 -> 266) (152 -> 267) (153 -> 268) (154 -> 263) (155 -> 1487) (156 -> 995) (157 -> 2063) (158 -> 1460) (159 -> 429) (160 -> 1484) (161 -> 279) (162 -> 1865) 
runtime = 1462
t23.stop_reason = aborted
t23.restarts = 4
t23.nogoods_size = 2166
t23.nodes = 8571
t23.propagations = 8571
t3.stop_reason = aborted
t3.restarts = 4
t3.nogoods_size = 2166
t3.nodes = 12838
t3.propagations = 12838
t16.stop_reason = aborted
t16.restarts = 4
t16.nogoods_size = 2166
t16.nodes = 9793
t16.propagations = 9793
t4.stop_reason = aborted
t4.restarts = 4
t4.nogoods_size = 2166
t4.nodes = 22268
t4.propagations = 22268
t2.stop_reason = aborted
t2.restarts = 4
t2.nogoods_size = 2166
t2.nodes = 9252
t2.propagations = 9252
t10.stop_reason = aborted
t10.restarts = 4
t10.nogoods_size = 2166
t10.nodes = 11476
t10.propagations = 11476
t28.stop_reason = aborted
t28.restarts = 4
t28.nogoods_size = 2166
t28.nodes = 16737
t28.propagations = 16737
t27.stop_reason = aborted
t27.restarts = 4
t27.nogoods_size = 2166
t27.nodes = 10126
t27.propagations = 10126
t1.stop_reason = aborted
t1.restarts = 4
t1.nogoods_size = 2166
t1.nodes = 14658
t1.propagations = 14658
t8.stop_reason = aborted
t8.restarts = 4
t8.nogoods_size = 2166
t8.nodes = 12329
t8.propagations = 12329
t13.stop_reason = aborted
t13.restarts = 4
t13.nogoods_size = 2166
t13.nodes = 11328
t13.propagations = 11328
t6.stop_reason = aborted
t6.restarts = 4
t6.nogoods_size = 2166
t6.nodes = 14979
t6.propagations = 14979
t32.where = -1/-1 0/10 -1/-1 -1/-1 -1/-1 -1/-1 -1/-1 0/2 -1/-1 -1/-1 -1/-1 1/795 -1/-1 0/4 -1/-1 0/2 -1/-1 0/2 -1/-1 -1/-1 -1/-1 0/2 -1/-1 -1/-1 0/2 -1/-1 0/3 -1/-1 0/2 -1/-1 -1/-1 -1/-1 0/2 -1/-1 0/2 -1/-1 0/2 -1/-1 0/2 -1/-1 0/2 -1/-1 0/2 -1/-1 -1/-1 0/3 -1/-1 0/3 -1/-1 0/2 -1/-1 2/3 -1/-1 0/2 -1/-1 -1/-1 -1/-1 -1/-1 0/2 -1/-1 0/2 -1/-1 0/2 -1/-1 0/3 -1/-1 -1/-1 0/2 -1/-1 -1/-1 0/2 -1/-1 0/2 -1/-1 0/3 -1/-1 0/2 -1/-1 -1/-1 1/2 -1/-1 -1/-1 1/2 -1/-1 1/3 -1/-1 0/2 -1/-1 1/2 -1/-1 1/3 -1/-1 0/2 -1/-1 0/3 -1/-1 0/3 -1/-1 -1/-1 -1/-1 -1/-1 -1/-1 0/2 -1/-1 0/2 -1/-1 0/2 -1/-1 -1/-1 0/2 -1/-1 -1/-1 -1/-1 0/3 -1/-1 0/2 -1/-1 0/3 -1/-1 0/2 -1/-1 0/2 -1/-1 0/2 -1/-1 0/2 -1/-1 -1/-1 0/2 -1/-1 -1/-1 0/2 -1/-1 0/2 -1/-1 -1/-1 -1/-1 -1/-1 1/3 -1/-1 0/2 -1/-1 0/3 -1/-1 -1/-1 -1/-1 1/2 -1/-1 0/2 -1/-1 0/3 -1/-1 0/3 -1/-1 0/2 -1/-1 0/2 -1/-1 0/4 -1/-1 0/2 -1/-1 0/4 -1/-1 -1/-1 0/2 -1/-1 0/2 -1/-1 -1/-1 -1/-1 -1/-1 -1/-1 -1/-1 0/2 -1/-1 0/2 -1/-1 0/3 -1/-1 -1/-1 0/3 -1/-1 0/2 -1/-1 0/3 -1/-1 0/4 -1/-1 -1/-1 0/2 -1/-1 0/3 -1/-1 0/2 -1/-1 0/2 -1/-1 0/4 -1/-1 0/2 -1/-1 0/2 -1/-1 -1/-1 0/6 -1/-1 -1/-1 0/3 -1/-1 0/1509 -1/-1 0/2 -1/-1 -1/-1 0/2 -1/-1 0/2 -1/-1 0/2 -1/-1 0/3 -1/-1 0/6 -1/-1 0/2 -1/-1 0/2 -1/-1 -1/-1 -1/-1 0/4 -1/-1 -1/-1 0/2 -1/-1 -1/-1 0/2 -1/-1 0/3 -1/-1 0/5 -1/-1 -1/-1 0/7 -1/-1 -1/-1 0/1644 -1/-1 0/4 -1/-1 0/3 -1/-1 0/1784 -1/-1 0/5 -1/-1 0/1797 -1/-1 0/1796 -1/-1 0/1795 -1/-1 0/1794 -1/-1 0/1793 -1/-1 0/1792 -1/-1 0/1791 -1/-1 0/1790 -1/-1 0/1789 -1/-1
t32.stop_reason = satisfiable
t32.restarts = 4
t32.nogoods_size = 2166
t32.nodes = 8230
t32.propagations = 8230
t9.stop_reason = aborted
t9.restarts = 4
t9.nogoods_size = 2166
t9.nodes = 9313
t9.propagations = 9313
t18.stop_reason = aborted
t18.restarts = 4
t18.nogoods_size = 2166
t18.nodes = 11194
t18.propagations = 11194
t0.stop_reason = aborted
t0.restarts = 4
t0.nogoods_size = 2166
t0.nodes = 11772
t0.propagations = 11772
t21.stop_reason = aborted
t21.restarts = 4
t21.nogoods_size = 2166
t21.nodes = 9065
t21.propagations = 9065
t35.stop_reason = aborted
t35.restarts = 4
t35.nogoods_size = 2166
t35.nodes = 9104
t35.propagations = 9104
t11.stop_reason = aborted
t11.restarts = 4
t11.nogoods_size = 2166
t11.nodes = 10241
t11.propagations = 10241
t26.stop_reason = aborted
t26.restarts = 4
t26.nogoods_size = 2166
t26.nodes = 11615
t26.propagations = 11615
t33.stop_reason = aborted
t33.restarts = 4
t33.nogoods_size = 2166
t33.nodes = 13710
t33.propagations = 13710
t31.stop_reason = aborted
t31.restarts = 4
t31.nogoods_size = 2166
t31.nodes = 12286
t31.propagations = 12286
t19.stop_reason = aborted
t19.restarts = 4
t19.nogoods_size = 2166
t19.nodes = 9878
t19.propagations = 9878
t12.stop_reason = aborted
t12.restarts = 4
t12.nogoods_size = 2166
t12.nodes = 12131
t12.propagations = 12131
t5.stop_reason = aborted
t5.restarts = 4
t5.nogoods_size = 2166
t5.nodes = 14850
t5.propagations = 14850
t34.stop_reason = aborted
t34.restarts = 4
t34.nogoods_size = 2166
t34.nodes = 12247
t34.propagations = 12247
t20.stop_reason = aborted
t20.restarts = 4
t20.nogoods_size = 2166
t20.nodes = 6034
t20.propagations = 6034
t17.stop_reason = aborted
t17.restarts = 4
t17.nogoods_size = 2166
t17.nodes = 10007
t17.propagations = 10007
t30.stop_reason = aborted
t30.restarts = 4
t30.nogoods_size = 2166
t30.nodes = 8240
t30.propagations = 8240
t15.stop_reason = aborted
t15.restarts = 4
t15.nogoods_size = 2166
t15.nodes = 7917
t15.propagations = 7917
t7.stop_reason = aborted
t7.restarts = 4
t7.nogoods_size = 2166
t7.nodes = 11334
t7.propagations = 11334
t29.stop_reason = aborted
t29.restarts = 4
t29.nogoods_size = 2166
t29.nodes = 8809
t29.propagations = 8809
t24.stop_reason = aborted
t24.restarts = 4
t24.nogoods_size = 2166
t24.nodes = 11834
t24.propagations = 11834
t25.stop_reason = aborted
t25.restarts = 4
t25.nogoods_size = 2166
t25.nodes = 17339
t25.propagations = 17339
t14.stop_reason = aborted
t14.restarts = 4
t14.nogoods_size = 2166
t14.nodes = 11327
t14.propagations = 11327
t22.stop_reason = aborted
t22.restarts = 4
t22.nogoods_size = 2166
t22.nodes = 10293
t22.propagations = 10293
search_time = 1055
