hostname = r1i2n17
commandline = ../glasgow/solve_subgraph_isomorphism --value-ordering=biased --geometric-restarts=1.0 --restarts-constant=5400 --triggered-restarts --threads=36 --timeout 1000 --format lad ../instances/LV/g11 ../instances/largerGraphs/g93-normed
started_at = 2018-11-19 06:18:04
pattern_file = ../instances/LV/g11
target_file = ../instances/largerGraphs/g93-normed
status = true
nodes = 673
propagations = 711
mapping = (0 -> 435) (1 -> 1244) (2 -> 888) (3 -> 525) (4 -> 855) (5 -> 584) (6 -> 527) (7 -> 314) (8 -> 574) (9 -> 363) (10 -> 675) (11 -> 309) (12 -> 1455) (13 -> 585) (14 -> 494) (15 -> 288) (16 -> 345) (17 -> 304) (18 -> 587) (19 -> 554) (20 -> 1604) (21 -> 365) (22 -> 1286) (23 -> 1173) (24 -> 1164) (25 -> 1221) (26 -> 1275) (27 -> 1282) (28 -> 1584) (29 -> 1484) (30 -> 1485) (31 -> 374) (32 -> 1764) (33 -> 857) (34 -> 1258) (35 -> 434) (36 -> 595) (37 -> 1585) (38 -> 1144) (39 -> 1304) (40 -> 1234) (41 -> 1215) 
runtime = 1526
t28.stop_reason = aborted
t28.restarts = 2
t28.nogoods_size = 36
t28.nodes = 12
t28.propagations = 12
t31.stop_reason = aborted
t31.restarts = 2
t31.nogoods_size = 36
t31.nodes = 13
t31.propagations = 13
t27.stop_reason = aborted
t27.restarts = 2
t27.nogoods_size = 36
t27.nodes = 12
t27.propagations = 12
t34.stop_reason = aborted
t34.restarts = 2
t34.nogoods_size = 36
t34.nodes = 7
t34.propagations = 7
t26.stop_reason = aborted
t26.restarts = 2
t26.nogoods_size = 36
t26.nodes = 12
t26.propagations = 12
t32.stop_reason = aborted
t32.restarts = 2
t32.nogoods_size = 36
t32.nodes = 11
t32.propagations = 11
t19.stop_reason = aborted
t19.restarts = 2
t19.nogoods_size = 36
t19.nodes = 16
t19.propagations = 16
t22.stop_reason = aborted
t22.restarts = 2
t22.nogoods_size = 36
t22.nodes = 4
t22.propagations = 4
t33.stop_reason = aborted
t33.restarts = 2
t33.nogoods_size = 36
t33.nodes = 10
t33.propagations = 10
t18.stop_reason = aborted
t18.restarts = 2
t18.nogoods_size = 36
t18.nodes = 17
t18.propagations = 17
t23.stop_reason = aborted
t23.restarts = 2
t23.nogoods_size = 36
t23.nodes = 16
t23.propagations = 16
t10.stop_reason = aborted
t10.restarts = 2
t10.nogoods_size = 36
t10.nodes = 25
t10.propagations = 25
t25.stop_reason = aborted
t25.restarts = 2
t25.nogoods_size = 36
t25.nodes = 13
t25.propagations = 13
t0.stop_reason = aborted
t0.restarts = 2
t0.nogoods_size = 36
t0.nodes = 39
t0.propagations = 39
t1.where = 0/1800 -1/-1 0/356 -1/-1 0/355 -1/-1 0/146 -1/-1 0/74 -1/-1 0/74 -1/-1 0/45 -1/-1 0/27 -1/-1 0/16 -1/-1 0/36 -1/-1 0/51 -1/-1 0/23 -1/-1 0/18 -1/-1 0/40 -1/-1 0/33 -1/-1 0/16 -1/-1 0/19 -1/-1 0/15 -1/-1 0/6 -1/-1 0/10 -1/-1 0/10 -1/-1 0/11 -1/-1 0/15 -1/-1 0/17 -1/-1 0/14 -1/-1 -1/-1 0/7 -1/-1 0/5 -1/-1 0/9 -1/-1 -1/-1 0/16 -1/-1 0/19 -1/-1 0/37 -1/-1 0/41 -1/-1 0/22 -1/-1 0/66 -1/-1 0/37 -1/-1 0/77 -1/-1 0/104 -1/-1 0/141 -1/-1 0/73 -1/-1 0/350 -1/-1
t1.stop_reason = satisfiable
t1.restarts = 2
t1.nogoods_size = 36
t1.nodes = 41
t1.propagations = 41
t35.stop_reason = aborted
t35.restarts = 2
t35.nogoods_size = 36
t35.nodes = 25
t35.propagations = 25
t7.stop_reason = aborted
t7.restarts = 2
t7.nogoods_size = 36
t7.nodes = 25
t7.propagations = 25
t3.stop_reason = aborted
t3.restarts = 2
t3.nogoods_size = 36
t3.nodes = 28
t3.propagations = 28
t24.stop_reason = aborted
t24.restarts = 2
t24.nogoods_size = 36
t24.nodes = 4
t24.propagations = 4
t4.stop_reason = aborted
t4.restarts = 2
t4.nogoods_size = 36
t4.nodes = 29
t4.propagations = 29
t15.stop_reason = aborted
t15.restarts = 2
t15.nogoods_size = 36
t15.nodes = 18
t15.propagations = 18
t29.stop_reason = aborted
t29.restarts = 2
t29.nogoods_size = 36
t29.nodes = 11
t29.propagations = 11
t11.stop_reason = aborted
t11.restarts = 2
t11.nogoods_size = 36
t11.nodes = 20
t11.propagations = 20
t17.stop_reason = aborted
t17.restarts = 2
t17.nogoods_size = 36
t17.nodes = 16
t17.propagations = 16
t8.stop_reason = aborted
t8.restarts = 2
t8.nogoods_size = 36
t8.nodes = 26
t8.propagations = 26
t14.stop_reason = aborted
t14.restarts = 2
t14.nogoods_size = 36
t14.nodes = 19
t14.propagations = 19
t30.stop_reason = aborted
t30.restarts = 2
t30.nogoods_size = 36
t30.nodes = 12
t30.propagations = 12
t12.stop_reason = aborted
t12.restarts = 2
t12.nogoods_size = 36
t12.nodes = 18
t12.propagations = 18
t6.stop_reason = aborted
t6.restarts = 2
t6.nogoods_size = 36
t6.nodes = 24
t6.propagations = 24
t13.stop_reason = aborted
t13.restarts = 2
t13.nogoods_size = 36
t13.nodes = 20
t13.propagations = 20
t20.stop_reason = aborted
t20.restarts = 2
t20.nogoods_size = 36
t20.nodes = 14
t20.propagations = 14
t5.stop_reason = aborted
t5.restarts = 2
t5.nogoods_size = 36
t5.nodes = 25
t5.propagations = 25
t2.stop_reason = aborted
t2.restarts = 2
t2.nogoods_size = 36
t2.nodes = 35
t2.propagations = 35
t9.stop_reason = aborted
t9.restarts = 2
t9.nogoods_size = 36
t9.nodes = 23
t9.propagations = 23
t16.stop_reason = aborted
t16.restarts = 2
t16.nogoods_size = 36
t16.nodes = 17
t16.propagations = 17
t21.stop_reason = aborted
t21.restarts = 2
t21.nogoods_size = 36
t21.nodes = 16
t21.propagations = 16
search_time = 33
