hostname = r1i2n17
commandline = ../glasgow/solve_subgraph_isomorphism --value-ordering=biased --geometric-restarts=1.0 --restarts-constant=5400 --triggered-restarts --threads=36 --timeout 1000 --format lad ../instances/LV/g18 ../instances/largerGraphs/g84
started_at = 2018-11-19 06:14:02
pattern_file = ../instances/LV/g18
target_file = ../instances/largerGraphs/g84
status = true
nodes = 1462
propagations = 1498
mapping = (0 -> 184) (1 -> 425) (2 -> 969) (3 -> 941) (4 -> 869) (5 -> 803) (6 -> 51) (7 -> 25) (8 -> 496) (9 -> 288) (10 -> 865) (11 -> 845) (12 -> 815) (13 -> 363) (14 -> 369) (15 -> 401) (16 -> 272) (17 -> 4) (18 -> 544) (19 -> 809) (20 -> 874) (21 -> 995) (22 -> 1013) (23 -> 789) (24 -> 283) (25 -> 269) (26 -> 524) (27 -> 904) (28 -> 522) (29 -> 907) (30 -> 929) (31 -> 825) (32 -> 777) (33 -> 328) (34 -> 972) (35 -> 925) (36 -> 664) (37 -> 953) (38 -> 424) (39 -> 409) (40 -> 517) (41 -> 520) (42 -> 920) (43 -> 657) (44 -> 653) (45 -> 573) (46 -> 301) (47 -> 797) (48 -> 593) (49 -> 541) (50 -> 284) (51 -> 152) (52 -> 172) (53 -> 445) (54 -> 311) (55 -> 341) (56 -> 88) (57 -> 153) (58 -> 392) (59 -> 649) (60 -> 749) (61 -> 933) (62 -> 181) (63 -> 221) 
runtime = 381
t13.stop_reason = aborted
t13.restarts = 2
t13.nogoods_size = 36
t13.nodes = 48
t13.propagations = 48
t27.stop_reason = aborted
t27.restarts = 2
t27.nogoods_size = 36
t27.nodes = 30
t27.propagations = 30
t11.where = 0/1024 -1/-1 0/120 -1/-1 0/119 -1/-1 0/118 -1/-1 0/19 -1/-1 0/35 -1/-1 0/117 -1/-1 0/19 -1/-1 0/19 -1/-1 0/117 -1/-1 0/19 -1/-1 0/54 -1/-1 0/116 -1/-1 0/34 -1/-1 0/55 -1/-1 0/114 -1/-1 0/35 -1/-1 0/35 -1/-1 0/55 -1/-1 0/35 -1/-1 0/113 -1/-1 0/33 -1/-1 0/34 -1/-1 0/53 -1/-1 0/18 -1/-1 0/111 -1/-1 0/53 -1/-1 0/34 -1/-1 0/19 -1/-1 0/34 -1/-1 0/92 -1/-1 0/19 -1/-1 0/18 -1/-1 0/7 -1/-1 0/27 -1/-1 0/8 -1/-1 0/27 -1/-1 0/8 -1/-1 0/31 -1/-1 0/11 -1/-1 0/105 -1/-1 0/17 -1/-1 0/18 -1/-1 0/16 -1/-1 0/33 -1/-1 0/32 -1/-1 0/34 -1/-1 0/20 -1/-1 0/91 -1/-1 0/19 -1/-1 0/19 -1/-1 0/11 -1/-1 0/31 -1/-1 0/7 -1/-1 0/13 -1/-1 0/12 -1/-1 0/16 -1/-1 0/12 -1/-1 0/19 -1/-1 0/9 -1/-1 0/10 -1/-1 0/11 -1/-1 0/11 -1/-1 0/8 -1/-1
t11.stop_reason = satisfiable
t11.restarts = 2
t11.nogoods_size = 36
t11.nodes = 65
t11.propagations = 65
t32.stop_reason = aborted
t32.restarts = 2
t32.nogoods_size = 36
t32.nodes = 26
t32.propagations = 26
t7.stop_reason = aborted
t7.restarts = 2
t7.nogoods_size = 36
t7.nodes = 50
t7.propagations = 50
t22.stop_reason = aborted
t22.restarts = 2
t22.nogoods_size = 36
t22.nodes = 39
t22.propagations = 39
t20.stop_reason = aborted
t20.restarts = 2
t20.nogoods_size = 36
t20.nodes = 34
t20.propagations = 34
t8.stop_reason = aborted
t8.restarts = 2
t8.nogoods_size = 36
t8.nodes = 41
t8.propagations = 41
t24.stop_reason = aborted
t24.restarts = 2
t24.nogoods_size = 36
t24.nodes = 35
t24.propagations = 35
t2.stop_reason = aborted
t2.restarts = 2
t2.nogoods_size = 36
t2.nodes = 58
t2.propagations = 58
t15.stop_reason = aborted
t15.restarts = 2
t15.nogoods_size = 36
t15.nodes = 46
t15.propagations = 46
t14.stop_reason = aborted
t14.restarts = 2
t14.nogoods_size = 36
t14.nodes = 46
t14.propagations = 46
t31.stop_reason = aborted
t31.restarts = 2
t31.nogoods_size = 36
t31.nodes = 28
t31.propagations = 28
t16.stop_reason = aborted
t16.restarts = 2
t16.nogoods_size = 36
t16.nodes = 43
t16.propagations = 43
t34.stop_reason = aborted
t34.restarts = 2
t34.nogoods_size = 36
t34.nodes = 23
t34.propagations = 23
t23.stop_reason = aborted
t23.restarts = 2
t23.nogoods_size = 36
t23.nodes = 38
t23.propagations = 38
t30.stop_reason = aborted
t30.restarts = 2
t30.nogoods_size = 36
t30.nodes = 29
t30.propagations = 29
t17.stop_reason = aborted
t17.restarts = 2
t17.nogoods_size = 36
t17.nodes = 44
t17.propagations = 44
t5.stop_reason = aborted
t5.restarts = 2
t5.nogoods_size = 36
t5.nodes = 50
t5.propagations = 50
t35.stop_reason = aborted
t35.restarts = 2
t35.nogoods_size = 36
t35.nodes = 21
t35.propagations = 21
t28.stop_reason = aborted
t28.restarts = 2
t28.nogoods_size = 36
t28.nodes = 30
t28.propagations = 30
t9.stop_reason = aborted
t9.restarts = 2
t9.nogoods_size = 36
t9.nodes = 38
t9.propagations = 38
t18.stop_reason = aborted
t18.restarts = 2
t18.nogoods_size = 36
t18.nodes = 40
t18.propagations = 40
t33.stop_reason = aborted
t33.restarts = 2
t33.nogoods_size = 36
t33.nodes = 24
t33.propagations = 24
t10.stop_reason = aborted
t10.restarts = 2
t10.nogoods_size = 36
t10.nodes = 39
t10.propagations = 39
t29.stop_reason = aborted
t29.restarts = 2
t29.nogoods_size = 36
t29.nodes = 31
t29.propagations = 31
t4.stop_reason = aborted
t4.restarts = 2
t4.nogoods_size = 36
t4.nodes = 50
t4.propagations = 50
t12.stop_reason = aborted
t12.restarts = 2
t12.nogoods_size = 36
t12.nodes = 49
t12.propagations = 49
t21.stop_reason = aborted
t21.restarts = 2
t21.nogoods_size = 36
t21.nodes = 39
t21.propagations = 39
t19.stop_reason = aborted
t19.restarts = 2
t19.nogoods_size = 36
t19.nodes = 36
t19.propagations = 36
t25.stop_reason = aborted
t25.restarts = 2
t25.nogoods_size = 36
t25.nodes = 37
t25.propagations = 37
t3.stop_reason = aborted
t3.restarts = 2
t3.nogoods_size = 36
t3.nodes = 53
t3.propagations = 53
t26.stop_reason = aborted
t26.restarts = 2
t26.nogoods_size = 36
t26.nodes = 37
t26.propagations = 37
t0.stop_reason = aborted
t0.restarts = 2
t0.nogoods_size = 36
t0.nodes = 62
t0.propagations = 62
t1.stop_reason = aborted
t1.restarts = 2
t1.nogoods_size = 36
t1.nodes = 53
t1.propagations = 53
t6.stop_reason = aborted
t6.restarts = 2
t6.nogoods_size = 36
t6.nodes = 50
t6.propagations = 50
search_time = 47
