hostname = r1i4n2
commandline = ../glasgow/solve_subgraph_isomorphism --value-ordering=biased --geometric-restarts=1.0 --restarts-constant=5400 --triggered-restarts --threads=36 --timeout 1000 --format lad ../instances/LV/g19 ../instances/largerGraphs/g76
started_at = 2018-11-19 06:20:42
pattern_file = ../instances/LV/g19
target_file = ../instances/largerGraphs/g76
status = true
nodes = 1431
propagations = 1466
mapping = (0 -> 537) (1 -> 334) (2 -> 437) (3 -> 357) (4 -> 521) (5 -> 254) (6 -> 363) (7 -> 250) (8 -> 344) (9 -> 477) (10 -> 349) (11 -> 518) (12 -> 358) (13 -> 531) (14 -> 351) (15 -> 530) (16 -> 533) (17 -> 253) (18 -> 524) (19 -> 355) (20 -> 525) (21 -> 348) (22 -> 519) (23 -> 339) (24 -> 251) (25 -> 598) (26 -> 354) (27 -> 523) (28 -> 343) (29 -> 449) (30 -> 350) (31 -> 426) (32 -> 514) (33 -> 356) (34 -> 529) (35 -> 353) (36 -> 526) (37 -> 352) (38 -> 527) (39 -> 342) (40 -> 337) (41 -> 517) (42 -> 346) (43 -> 520) (44 -> 341) (45 -> 515) (46 -> 359) (47 -> 475) (48 -> 536) (49 -> 338) (50 -> 516) (51 -> 340) (52 -> 595) (53 -> 347) (54 -> 528) (55 -> 256) (56 -> 345) (57 -> 479) (58 -> 257) (59 -> 532) (60 -> 255) (61 -> 522) (62 -> 336) (63 -> 545) 
runtime = 242
t12.where = 0/591 -1/-1 0/249 -1/-1 0/239 -1/-1 0/238 -1/-1 0/248 -1/-1 0/232 -1/-1 0/231 -1/-1 0/236 -1/-1 0/235 -1/-1 0/242 -1/-1 0/240 -1/-1 0/217 -1/-1 0/236 -1/-1 0/239 -1/-1 0/238 -1/-1 0/228 -1/-1 0/227 -1/-1 0/228 -1/-1 0/227 -1/-1 0/226 -1/-1 0/233 -1/-1 0/228 -1/-1 0/217 -1/-1 0/225 -1/-1 0/224 -1/-1 0/219 -1/-1 0/221 -1/-1 0/222 -1/-1 0/221 -1/-1 0/211 -1/-1 0/213 -1/-1 0/217 -1/-1 0/212 -1/-1 0/211 -1/-1 0/215 -1/-1 0/214 -1/-1 0/202 -1/-1 0/187 -1/-1 0/199 -1/-1 0/185 -1/-1 0/204 -1/-1 0/205 -1/-1 0/180 -1/-1 0/180 -1/-1 0/208 -1/-1 0/199 -1/-1 0/202 -1/-1 0/209 -1/-1 0/208 -1/-1 0/208 -1/-1 0/208 -1/-1 0/99 -1/-1 0/202 -1/-1 0/206 -1/-1 0/208 -1/-1 0/207 -1/-1 0/208 -1/-1 0/207 -1/-1 0/85 -1/-1 0/190 -1/-1 0/206 -1/-1 0/206 -1/-1 0/213 -1/-1 0/212 -1/-1
t12.stop_reason = satisfiable
t12.restarts = 2
t12.nogoods_size = 36
t12.nodes = 65
t12.propagations = 65
t25.stop_reason = aborted
t25.restarts = 2
t25.nogoods_size = 36
t25.nodes = 33
t25.propagations = 33
t30.stop_reason = aborted
t30.restarts = 2
t30.nogoods_size = 36
t30.nodes = 25
t30.propagations = 25
t14.stop_reason = aborted
t14.restarts = 2
t14.nogoods_size = 36
t14.nodes = 43
t14.propagations = 43
t16.stop_reason = aborted
t16.restarts = 2
t16.nogoods_size = 36
t16.nodes = 50
t16.propagations = 50
t7.stop_reason = aborted
t7.restarts = 2
t7.nogoods_size = 36
t7.nodes = 42
t7.propagations = 42
t15.stop_reason = aborted
t15.restarts = 2
t15.nogoods_size = 36
t15.nodes = 41
t15.propagations = 41
t22.stop_reason = aborted
t22.restarts = 2
t22.nogoods_size = 36
t22.nodes = 35
t22.propagations = 35
t32.stop_reason = aborted
t32.restarts = 2
t32.nogoods_size = 36
t32.nodes = 26
t32.propagations = 26
t23.stop_reason = aborted
t23.restarts = 2
t23.nogoods_size = 36
t23.nodes = 33
t23.propagations = 33
t0.stop_reason = aborted
t0.restarts = 2
t0.nogoods_size = 36
t0.nodes = 53
t0.propagations = 53
t4.stop_reason = aborted
t4.restarts = 2
t4.nogoods_size = 36
t4.nodes = 46
t4.propagations = 46
t8.stop_reason = aborted
t8.restarts = 2
t8.nogoods_size = 36
t8.nodes = 47
t8.propagations = 47
t11.stop_reason = aborted
t11.restarts = 2
t11.nogoods_size = 36
t11.nodes = 38
t11.propagations = 38
t2.stop_reason = aborted
t2.restarts = 2
t2.nogoods_size = 36
t2.nodes = 54
t2.propagations = 54
t18.stop_reason = aborted
t18.restarts = 2
t18.nogoods_size = 36
t18.nodes = 40
t18.propagations = 40
t27.stop_reason = aborted
t27.restarts = 2
t27.nogoods_size = 36
t27.nodes = 33
t27.propagations = 33
t29.stop_reason = aborted
t29.restarts = 2
t29.nogoods_size = 36
t29.nodes = 28
t29.propagations = 28
t31.stop_reason = aborted
t31.restarts = 2
t31.nogoods_size = 36
t31.nodes = 25
t31.propagations = 25
t9.stop_reason = aborted
t9.restarts = 2
t9.nogoods_size = 36
t9.nodes = 45
t9.propagations = 45
t35.stop_reason = aborted
t35.restarts = 2
t35.nogoods_size = 36
t35.nodes = 20
t35.propagations = 20
t24.stop_reason = aborted
t24.restarts = 2
t24.nogoods_size = 36
t24.nodes = 35
t24.propagations = 35
t34.stop_reason = aborted
t34.restarts = 2
t34.nogoods_size = 36
t34.nodes = 23
t34.propagations = 23
t33.stop_reason = aborted
t33.restarts = 2
t33.nogoods_size = 36
t33.nodes = 23
t33.propagations = 23
t19.stop_reason = aborted
t19.restarts = 2
t19.nogoods_size = 36
t19.nodes = 46
t19.propagations = 46
t28.stop_reason = aborted
t28.restarts = 2
t28.nogoods_size = 36
t28.nodes = 30
t28.propagations = 30
t3.stop_reason = aborted
t3.restarts = 2
t3.nogoods_size = 36
t3.nodes = 43
t3.propagations = 43
t6.stop_reason = aborted
t6.restarts = 2
t6.nogoods_size = 36
t6.nodes = 62
t6.propagations = 62
t10.stop_reason = aborted
t10.restarts = 2
t10.nogoods_size = 36
t10.nodes = 53
t10.propagations = 53
t17.stop_reason = aborted
t17.restarts = 2
t17.nogoods_size = 36
t17.nodes = 52
t17.propagations = 52
t21.stop_reason = aborted
t21.restarts = 2
t21.nogoods_size = 36
t21.nodes = 37
t21.propagations = 37
t26.stop_reason = aborted
t26.restarts = 2
t26.nogoods_size = 36
t26.nodes = 33
t26.propagations = 33
t1.stop_reason = aborted
t1.restarts = 2
t1.nogoods_size = 36
t1.nodes = 45
t1.propagations = 45
t5.stop_reason = aborted
t5.restarts = 2
t5.nogoods_size = 36
t5.nodes = 46
t5.propagations = 46
t13.stop_reason = aborted
t13.restarts = 2
t13.nogoods_size = 36
t13.nodes = 43
t13.propagations = 43
t20.stop_reason = aborted
t20.restarts = 2
t20.nogoods_size = 36
t20.nodes = 38
t20.propagations = 38
search_time = 31
