hostname = r1i4n6
commandline = ../glasgow/solve_subgraph_isomorphism --value-ordering=biased --geometric-restarts=1.0 --restarts-constant=5400 --triggered-restarts --threads=36 --timeout 1000 --format lad ../instances/LV/g39 ../instances/largerGraphs/g60-normed
started_at = 2018-11-19 00:50:48
pattern_file = ../instances/LV/g39
target_file = ../instances/largerGraphs/g60-normed
status = aborted
nodes = 1334663819
propagations = 3381856395
runtime = 1045262
t5.stop_reason = aborted
t5.restarts = 5150
t5.nogoods_size = 2160043
t5.nodes = 36256333
t5.propagations = 36256333
t32.stop_reason = aborted
t32.restarts = 5150
t32.nogoods_size = 2160043
t32.nodes = 38245827
t32.propagations = 38245827
t19.stop_reason = aborted
t19.restarts = 5150
t19.nogoods_size = 2160043
t19.nodes = 37637473
t19.propagations = 37637473
t33.stop_reason = aborted
t33.restarts = 5150
t33.nogoods_size = 2160043
t33.nodes = 38257351
t33.propagations = 38257351
t27.stop_reason = aborted
t27.restarts = 5150
t27.nogoods_size = 2160043
t27.nodes = 38090455
t27.propagations = 38090455
t18.stop_reason = aborted
t18.restarts = 5150
t18.nogoods_size = 2160043
t18.nodes = 37929773
t18.propagations = 37929773
t21.stop_reason = aborted
t21.restarts = 5150
t21.nogoods_size = 2160043
t21.nodes = 36736510
t21.propagations = 36736510
t23.stop_reason = aborted
t23.restarts = 5150
t23.nogoods_size = 2160043
t23.nodes = 36153516
t23.propagations = 36153516
t13.stop_reason = aborted
t13.restarts = 5150
t13.nogoods_size = 2160043
t13.nodes = 36625138
t13.propagations = 36625138
t14.stop_reason = aborted
t14.restarts = 5150
t14.nogoods_size = 2160043
t14.nodes = 36161270
t14.propagations = 36161270
t24.stop_reason = aborted
t24.restarts = 5150
t24.nogoods_size = 2160043
t24.nodes = 36960541
t24.propagations = 36960541
t15.stop_reason = aborted
t15.restarts = 5150
t15.nogoods_size = 2160043
t15.nodes = 37085207
t15.propagations = 37085207
t0.stop_reason = aborted
t0.restarts = 5150
t0.nogoods_size = 2160043
t0.nodes = 27913928
t0.propagations = 27913928
t35.stop_reason = aborted
t35.restarts = 5150
t35.nogoods_size = 2160043
t35.nodes = 37798022
t35.propagations = 37798022
t11.stop_reason = aborted
t11.restarts = 5150
t11.nogoods_size = 2160043
t11.nodes = 37113511
t11.propagations = 37113511
t6.stop_reason = aborted
t6.restarts = 5150
t6.nogoods_size = 2160043
t6.nodes = 36975218
t6.propagations = 36975218
t17.stop_reason = aborted
t17.restarts = 5150
t17.nogoods_size = 2160043
t17.nodes = 36714921
t17.propagations = 36714921
t4.stop_reason = aborted
t4.restarts = 5150
t4.nogoods_size = 2160043
t4.nodes = 37319884
t4.propagations = 37319884
t22.stop_reason = aborted
t22.restarts = 5150
t22.nogoods_size = 2160043
t22.nodes = 37987885
t22.propagations = 37987885
t10.stop_reason = aborted
t10.restarts = 5150
t10.nogoods_size = 2160043
t10.nodes = 38043552
t10.propagations = 38043552
t25.stop_reason = aborted
t25.restarts = 5150
t25.nogoods_size = 2160043
t25.nodes = 36552717
t25.propagations = 36552717
t12.stop_reason = aborted
t12.restarts = 5150
t12.nogoods_size = 2160043
t12.nodes = 37438016
t12.propagations = 37438016
t30.stop_reason = aborted
t30.restarts = 5150
t30.nogoods_size = 2160043
t30.nodes = 36852291
t30.propagations = 36852291
t26.stop_reason = aborted
t26.restarts = 5150
t26.nogoods_size = 2160043
t26.nodes = 37519224
t26.propagations = 37519224
t3.stop_reason = aborted
t3.restarts = 5150
t3.nogoods_size = 2160043
t3.nodes = 37881433
t3.propagations = 37881433
t34.stop_reason = aborted
t34.restarts = 5150
t34.nogoods_size = 2160043
t34.nodes = 38359658
t34.propagations = 38359658
t16.stop_reason = aborted
t16.restarts = 5150
t16.nogoods_size = 2160043
t16.nodes = 38031195
t16.propagations = 38031195
t29.stop_reason = aborted
t29.restarts = 5150
t29.nogoods_size = 2160043
t29.nodes = 36961597
t29.propagations = 36961597
t2.stop_reason = aborted
t2.restarts = 5150
t2.nogoods_size = 2160043
t2.nodes = 37662625
t2.propagations = 37662625
t9.stop_reason = aborted
t9.restarts = 5150
t9.nogoods_size = 2160043
t9.nodes = 37856671
t9.propagations = 37856671
t28.stop_reason = aborted
t28.restarts = 5150
t28.nogoods_size = 2160043
t28.nodes = 37066603
t28.propagations = 37066603
t8.stop_reason = aborted
t8.restarts = 5150
t8.nogoods_size = 2160043
t8.nodes = 37284463
t8.propagations = 37284463
t1.stop_reason = aborted
t1.restarts = 5150
t1.nogoods_size = 2160043
t1.nodes = 36773384
t1.propagations = 36773384
t20.stop_reason = aborted
t20.restarts = 5150
t20.nogoods_size = 2160043
t20.nodes = 38186440
t20.propagations = 38186440
t7.stop_reason = aborted
t7.restarts = 5150
t7.nogoods_size = 2160043
t7.nodes = 37210022
t7.propagations = 37210022
t31.stop_reason = aborted
t31.restarts = 5150
t31.nogoods_size = 2160043
t31.nodes = 37021165
t31.propagations = 37021165
search_time = 1000063
