hostname = r1i2n17
commandline = ../glasgow/solve_subgraph_isomorphism --value-ordering=biased --geometric-restarts=1.0 --restarts-constant=5400 --triggered-restarts --threads=36 --timeout 1000 --format lad ../instances/phase/phase-30-150-0.38-0.38-0.44-2-pattern ../instances/phase/phase-30-150-0.38-0.38-0.44-2-target
started_at = 2018-11-19 06:19:17
pattern_file = ../instances/phase/phase-30-150-0.38-0.38-0.44-2-pattern
target_file = ../instances/phase/phase-30-150-0.38-0.38-0.44-2-target
status = true
nodes = 5517077
propagations = 14535100
mapping = (0 -> 42) (1 -> 116) (2 -> 58) (3 -> 138) (4 -> 93) (5 -> 49) (6 -> 51) (7 -> 80) (8 -> 9) (9 -> 26) (10 -> 27) (11 -> 145) (12 -> 136) (13 -> 106) (14 -> 83) (15 -> 16) (16 -> 81) (17 -> 20) (18 -> 142) (19 -> 23) (20 -> 39) (21 -> 67) (22 -> 35) (23 -> 91) (24 -> 0) (25 -> 19) (26 -> 6) (27 -> 14) (28 -> 43) (29 -> 53) 
runtime = 690
t24.where = 0/150 -1/-1 0/83 -1/-1 0/41 -1/-1 0/24 -1/-1 0/20 -1/-1 0/11 -1/-1 3/9 -1/-1 0/5 -1/-1 0/8 -1/-1 0/5 -1/-1 2/3 -1/-1 0/2 -1/-1 0/2 -1/-1 1/2 -1/-1 0/3 -1/-1 0/2 -1/-1 -1/-1 -1/-1 -1/-1 -1/-1 -1/-1 -1/-1 -1/-1 -1/-1 -1/-1 -1/-1 -1/-1 -1/-1 -1/-1 -1/-1
t24.stop_reason = satisfiable
t24.restarts = 29
t24.nogoods_size = 13243
t24.nodes = 150701
t24.propagations = 150701
t31.stop_reason = aborted
t31.restarts = 29
t31.nogoods_size = 13243
t31.nodes = 156729
t31.propagations = 156729
t2.stop_reason = aborted
t2.restarts = 29
t2.nogoods_size = 13243
t2.nodes = 149335
t2.propagations = 149335
t21.stop_reason = aborted
t21.restarts = 29
t21.nogoods_size = 13243
t21.nodes = 154549
t21.propagations = 154549
t8.stop_reason = aborted
t8.restarts = 29
t8.nogoods_size = 13243
t8.nodes = 151242
t8.propagations = 151242
t6.stop_reason = aborted
t6.restarts = 29
t6.nogoods_size = 13243
t6.nodes = 151011
t6.propagations = 151011
t30.stop_reason = aborted
t30.restarts = 29
t30.nogoods_size = 13243
t30.nodes = 156885
t30.propagations = 156885
t20.stop_reason = aborted
t20.restarts = 29
t20.nogoods_size = 13243
t20.nodes = 140713
t20.propagations = 140713
t25.stop_reason = aborted
t25.restarts = 29
t25.nogoods_size = 13243
t25.nodes = 163730
t25.propagations = 163730
t19.stop_reason = aborted
t19.restarts = 29
t19.nogoods_size = 13243
t19.nodes = 158953
t19.propagations = 158953
t35.stop_reason = aborted
t35.restarts = 29
t35.nogoods_size = 13243
t35.nodes = 153554
t35.propagations = 153554
t23.stop_reason = aborted
t23.restarts = 29
t23.nogoods_size = 13243
t23.nodes = 137993
t23.propagations = 137993
t10.stop_reason = aborted
t10.restarts = 29
t10.nogoods_size = 13243
t10.nodes = 149459
t10.propagations = 149459
t0.stop_reason = aborted
t0.restarts = 29
t0.nogoods_size = 13243
t0.nodes = 148023
t0.propagations = 148023
t16.stop_reason = aborted
t16.restarts = 29
t16.nogoods_size = 13243
t16.nodes = 162418
t16.propagations = 162418
t17.stop_reason = aborted
t17.restarts = 29
t17.nogoods_size = 13243
t17.nodes = 152636
t17.propagations = 152636
t4.stop_reason = aborted
t4.restarts = 29
t4.nogoods_size = 13243
t4.nodes = 131420
t4.propagations = 131420
t29.stop_reason = aborted
t29.restarts = 29
t29.nogoods_size = 13243
t29.nodes = 152967
t29.propagations = 152967
t32.stop_reason = aborted
t32.restarts = 29
t32.nogoods_size = 13243
t32.nodes = 160977
t32.propagations = 160977
t26.stop_reason = aborted
t26.restarts = 29
t26.nogoods_size = 13243
t26.nodes = 124723
t26.propagations = 124723
t14.stop_reason = aborted
t14.restarts = 29
t14.nogoods_size = 13243
t14.nodes = 151195
t14.propagations = 151195
t7.stop_reason = aborted
t7.restarts = 29
t7.nogoods_size = 13243
t7.nodes = 153545
t7.propagations = 153545
t9.stop_reason = aborted
t9.restarts = 29
t9.nogoods_size = 13243
t9.nodes = 154677
t9.propagations = 154677
t18.stop_reason = aborted
t18.restarts = 29
t18.nogoods_size = 13243
t18.nodes = 161694
t18.propagations = 161694
t27.stop_reason = aborted
t27.restarts = 29
t27.nogoods_size = 13243
t27.nodes = 145490
t27.propagations = 145490
t1.stop_reason = aborted
t1.restarts = 29
t1.nogoods_size = 13243
t1.nodes = 157774
t1.propagations = 157774
t12.stop_reason = aborted
t12.restarts = 29
t12.nogoods_size = 13243
t12.nodes = 149946
t12.propagations = 149946
t13.stop_reason = aborted
t13.restarts = 29
t13.nogoods_size = 13243
t13.nodes = 166279
t13.propagations = 166279
t33.stop_reason = aborted
t33.restarts = 29
t33.nogoods_size = 13243
t33.nodes = 171213
t33.propagations = 171213
t34.stop_reason = aborted
t34.restarts = 29
t34.nogoods_size = 13243
t34.nodes = 160104
t34.propagations = 160104
t22.stop_reason = aborted
t22.restarts = 29
t22.nogoods_size = 13243
t22.nodes = 164115
t22.propagations = 164115
t15.stop_reason = aborted
t15.restarts = 29
t15.nogoods_size = 13243
t15.nodes = 146513
t15.propagations = 146513
t3.stop_reason = aborted
t3.restarts = 29
t3.nogoods_size = 13243
t3.nodes = 154921
t3.propagations = 154921
t5.stop_reason = aborted
t5.restarts = 29
t5.nogoods_size = 13243
t5.nodes = 168769
t5.propagations = 168769
t11.stop_reason = aborted
t11.restarts = 29
t11.nogoods_size = 13243
t11.nodes = 166869
t11.propagations = 166869
t28.stop_reason = aborted
t28.restarts = 29
t28.nogoods_size = 13243
t28.nodes = 135955
t28.propagations = 135955
search_time = 617
