hostname = r1i4n3
commandline = ../glasgow/solve_subgraph_isomorphism --value-ordering=biased --geometric-restarts=1.0 --restarts-constant=5400 --triggered-restarts --threads=36 --timeout 1000 --format lad ../instances/phase/phase-30-150-0.54-0.56-0.58-4-pattern ../instances/phase/phase-30-150-0.54-0.56-0.58-4-target
started_at = 2018-11-19 02:30:18
pattern_file = ../instances/phase/phase-30-150-0.54-0.56-0.58-4-pattern
target_file = ../instances/phase/phase-30-150-0.54-0.56-0.58-4-target
status = true
nodes = 3321051
propagations = 8527417
mapping = (0 -> 82) (1 -> 21) (2 -> 48) (3 -> 71) (4 -> 83) (5 -> 42) (6 -> 20) (7 -> 84) (8 -> 26) (9 -> 138) (10 -> 35) (11 -> 74) (12 -> 34) (13 -> 139) (14 -> 103) (15 -> 3) (16 -> 125) (17 -> 76) (18 -> 142) (19 -> 111) (20 -> 122) (21 -> 55) (22 -> 129) (23 -> 118) (24 -> 39) (25 -> 64) (26 -> 22) (27 -> 90) (28 -> 4) (29 -> 19) 
runtime = 421
t28.where = 0/150 -1/-1 0/96 -1/-1 0/65 -1/-1 0/48 -1/-1 0/30 -1/-1 0/16 -1/-1 0/9 -1/-1 4/12 -1/-1 2/11 -1/-1 0/8 -1/-1 1/6 -1/-1 2/5 -1/-1 2/4 -1/-1 -1/-1 -1/-1 -1/-1 -1/-1 -1/-1 -1/-1 -1/-1 -1/-1 -1/-1 -1/-1 -1/-1 -1/-1 -1/-1 -1/-1 -1/-1 -1/-1 -1/-1
t28.stop_reason = satisfiable
t28.restarts = 20
t28.nogoods_size = 9147
t28.nodes = 94010
t28.propagations = 94010
t13.stop_reason = aborted
t13.restarts = 20
t13.nogoods_size = 9147
t13.nodes = 95740
t13.propagations = 95740
t24.stop_reason = aborted
t24.restarts = 20
t24.nogoods_size = 9147
t24.nodes = 95628
t24.propagations = 95628
t2.stop_reason = aborted
t2.restarts = 20
t2.nogoods_size = 9147
t2.nodes = 95258
t2.propagations = 95258
t7.stop_reason = aborted
t7.restarts = 20
t7.nogoods_size = 9147
t7.nodes = 83565
t7.propagations = 83565
t31.stop_reason = aborted
t31.restarts = 20
t31.nogoods_size = 9147
t31.nodes = 94221
t31.propagations = 94221
t25.stop_reason = aborted
t25.restarts = 20
t25.nogoods_size = 9147
t25.nodes = 93885
t25.propagations = 93885
t8.stop_reason = aborted
t8.restarts = 20
t8.nogoods_size = 9147
t8.nodes = 100959
t8.propagations = 100959
t17.stop_reason = aborted
t17.restarts = 20
t17.nogoods_size = 9147
t17.nodes = 96750
t17.propagations = 96750
t18.stop_reason = aborted
t18.restarts = 20
t18.nogoods_size = 9147
t18.nodes = 97240
t18.propagations = 97240
t22.stop_reason = aborted
t22.restarts = 20
t22.nogoods_size = 9147
t22.nodes = 92947
t22.propagations = 92947
t35.stop_reason = aborted
t35.restarts = 20
t35.nogoods_size = 9147
t35.nodes = 99240
t35.propagations = 99240
t26.stop_reason = aborted
t26.restarts = 20
t26.nogoods_size = 9147
t26.nodes = 91371
t26.propagations = 91371
t20.stop_reason = aborted
t20.restarts = 20
t20.nogoods_size = 9147
t20.nodes = 94326
t20.propagations = 94326
t30.stop_reason = aborted
t30.restarts = 20
t30.nogoods_size = 9147
t30.nodes = 92437
t30.propagations = 92437
t6.stop_reason = aborted
t6.restarts = 20
t6.nogoods_size = 9147
t6.nodes = 85541
t6.propagations = 85541
t4.stop_reason = aborted
t4.restarts = 20
t4.nogoods_size = 9147
t4.nodes = 94182
t4.propagations = 94182
t5.stop_reason = aborted
t5.restarts = 20
t5.nogoods_size = 9147
t5.nodes = 83205
t5.propagations = 83205
t34.stop_reason = aborted
t34.restarts = 20
t34.nogoods_size = 9147
t34.nodes = 96510
t34.propagations = 96510
t16.stop_reason = aborted
t16.restarts = 20
t16.nogoods_size = 9147
t16.nodes = 95236
t16.propagations = 95236
t0.stop_reason = aborted
t0.restarts = 20
t0.nogoods_size = 9147
t0.nodes = 101295
t0.propagations = 101295
t23.stop_reason = aborted
t23.restarts = 20
t23.nogoods_size = 9147
t23.nodes = 94437
t23.propagations = 94437
t19.stop_reason = aborted
t19.restarts = 20
t19.nogoods_size = 9147
t19.nodes = 96315
t19.propagations = 96315
t3.stop_reason = aborted
t3.restarts = 20
t3.nogoods_size = 9147
t3.nodes = 57476
t3.propagations = 57476
t33.stop_reason = aborted
t33.restarts = 20
t33.nogoods_size = 9147
t33.nodes = 96632
t33.propagations = 96632
t12.stop_reason = aborted
t12.restarts = 20
t12.nogoods_size = 9147
t12.nodes = 93307
t12.propagations = 93307
t11.stop_reason = aborted
t11.restarts = 20
t11.nogoods_size = 9147
t11.nodes = 57794
t11.propagations = 57794
t14.stop_reason = aborted
t14.restarts = 20
t14.nogoods_size = 9147
t14.nodes = 90956
t14.propagations = 90956
t27.stop_reason = aborted
t27.restarts = 20
t27.nogoods_size = 9147
t27.nodes = 96835
t27.propagations = 96835
t29.stop_reason = aborted
t29.restarts = 20
t29.nogoods_size = 9147
t29.nodes = 93524
t29.propagations = 93524
t9.stop_reason = aborted
t9.restarts = 20
t9.nogoods_size = 9147
t9.nodes = 98479
t9.propagations = 98479
t21.stop_reason = aborted
t21.restarts = 20
t21.nogoods_size = 9147
t21.nodes = 93698
t21.propagations = 93698
t15.stop_reason = aborted
t15.restarts = 20
t15.nogoods_size = 9147
t15.nodes = 96196
t15.propagations = 96196
t32.stop_reason = aborted
t32.restarts = 20
t32.nogoods_size = 9147
t32.nodes = 101745
t32.propagations = 101745
t1.stop_reason = aborted
t1.restarts = 20
t1.nogoods_size = 9147
t1.nodes = 98862
t1.propagations = 98862
t10.stop_reason = aborted
t10.restarts = 20
t10.nogoods_size = 9147
t10.nodes = 81249
t10.propagations = 81249
search_time = 368
