hostname = r1i0n7
commandline = ../glasgow/solve_subgraph_isomorphism --value-ordering=biased --geometric-restarts=1.0 --restarts-constant=5400 --triggered-restarts --threads=36 --timeout 1000 --format lad ../instances/phase/phase-30-150-0.48-0.50-0.54-7-pattern ../instances/phase/phase-30-150-0.48-0.50-0.54-7-target
started_at = 2018-11-19 01:35:28
pattern_file = ../instances/phase/phase-30-150-0.48-0.50-0.54-7-pattern
target_file = ../instances/phase/phase-30-150-0.48-0.50-0.54-7-target
status = true
nodes = 323843308
propagations = 795682340
mapping = (0 -> 70) (1 -> 129) (2 -> 67) (3 -> 91) (4 -> 56) (5 -> 47) (6 -> 54) (7 -> 86) (8 -> 114) (9 -> 77) (10 -> 34) (11 -> 107) (12 -> 149) (13 -> 22) (14 -> 76) (15 -> 80) (16 -> 82) (17 -> 133) (18 -> 10) (19 -> 64) (20 -> 17) (21 -> 79) (22 -> 73) (23 -> 59) (24 -> 128) (25 -> 58) (26 -> 130) (27 -> 27) (28 -> 32) (29 -> 145) 
runtime = 65846
t31.where = 0/150 -1/-1 0/96 -1/-1 0/55 -1/-1 0/32 -1/-1 0/15 -1/-1 0/7 -1/-1 1/10 -1/-1 0/5 -1/-1 1/6 -1/-1 0/3 -1/-1 1/5 -1/-1 0/3 -1/-1 0/2 -1/-1 0/2 -1/-1 1/3 -1/-1 1/2 -1/-1 -1/-1 -1/-1 -1/-1 -1/-1 -1/-1 -1/-1 -1/-1 -1/-1 -1/-1 -1/-1 -1/-1 -1/-1 -1/-1 0/2 -1/-1
t31.stop_reason = satisfiable
t31.restarts = 1712
t31.nogoods_size = 755581
t31.nodes = 8292065
t31.propagations = 8292065
t13.stop_reason = aborted
t13.restarts = 1712
t13.nogoods_size = 755581
t13.nodes = 9231165
t13.propagations = 9231165
t8.stop_reason = aborted
t8.restarts = 1712
t8.nogoods_size = 755581
t8.nodes = 9037266
t8.propagations = 9037266
t17.stop_reason = aborted
t17.restarts = 1712
t17.nogoods_size = 755581
t17.nodes = 9485385
t17.propagations = 9485385
t33.stop_reason = aborted
t33.restarts = 1712
t33.nogoods_size = 755581
t33.nodes = 9088950
t33.propagations = 9088950
t4.stop_reason = aborted
t4.restarts = 1712
t4.nogoods_size = 755581
t4.nodes = 8516901
t4.propagations = 8516901
t29.stop_reason = aborted
t29.restarts = 1712
t29.nogoods_size = 755581
t29.nodes = 9134022
t29.propagations = 9134022
t11.stop_reason = aborted
t11.restarts = 1712
t11.nogoods_size = 755581
t11.nodes = 9203304
t11.propagations = 9203304
t25.stop_reason = aborted
t25.restarts = 1712
t25.nogoods_size = 755581
t25.nodes = 8930854
t25.propagations = 8930854
t10.stop_reason = aborted
t10.restarts = 1712
t10.nogoods_size = 755581
t10.nodes = 8702882
t10.propagations = 8702882
t12.stop_reason = aborted
t12.restarts = 1712
t12.nogoods_size = 755581
t12.nodes = 8778671
t12.propagations = 8778671
t32.stop_reason = aborted
t32.restarts = 1712
t32.nogoods_size = 755581
t32.nodes = 8835841
t32.propagations = 8835841
t6.stop_reason = aborted
t6.restarts = 1712
t6.nogoods_size = 755581
t6.nodes = 8567834
t6.propagations = 8567834
t15.stop_reason = aborted
t15.restarts = 1712
t15.nogoods_size = 755581
t15.nodes = 9333791
t15.propagations = 9333791
t9.stop_reason = aborted
t9.restarts = 1712
t9.nogoods_size = 755581
t9.nodes = 9110515
t9.propagations = 9110515
t19.stop_reason = aborted
t19.restarts = 1712
t19.nogoods_size = 755581
t19.nodes = 9046816
t19.propagations = 9046816
t5.stop_reason = aborted
t5.restarts = 1712
t5.nogoods_size = 755581
t5.nodes = 9159563
t5.propagations = 9159563
t0.stop_reason = aborted
t0.restarts = 1712
t0.nogoods_size = 755581
t0.nodes = 9258469
t0.propagations = 9258469
t35.stop_reason = aborted
t35.restarts = 1712
t35.nogoods_size = 755581
t35.nodes = 9024850
t35.propagations = 9024850
t7.stop_reason = aborted
t7.restarts = 1712
t7.nogoods_size = 755581
t7.nodes = 9192026
t7.propagations = 9192026
t23.stop_reason = aborted
t23.restarts = 1712
t23.nogoods_size = 755581
t23.nodes = 8975309
t23.propagations = 8975309
t2.stop_reason = aborted
t2.restarts = 1712
t2.nogoods_size = 755581
t2.nodes = 8864499
t2.propagations = 8864499
t22.stop_reason = aborted
t22.restarts = 1712
t22.nogoods_size = 755581
t22.nodes = 9021526
t22.propagations = 9021526
t34.stop_reason = aborted
t34.restarts = 1712
t34.nogoods_size = 755581
t34.nodes = 8695475
t34.propagations = 8695475
t1.stop_reason = aborted
t1.restarts = 1712
t1.nogoods_size = 755581
t1.nodes = 9320274
t1.propagations = 9320274
t3.stop_reason = aborted
t3.restarts = 1712
t3.nogoods_size = 755581
t3.nodes = 8702149
t3.propagations = 8702149
t16.stop_reason = aborted
t16.restarts = 1712
t16.nogoods_size = 755581
t16.nodes = 9645515
t16.propagations = 9645515
t28.stop_reason = aborted
t28.restarts = 1712
t28.nogoods_size = 755581
t28.nodes = 8737671
t28.propagations = 8737671
t24.stop_reason = aborted
t24.restarts = 1712
t24.nogoods_size = 755581
t24.nodes = 9023022
t24.propagations = 9023022
t21.stop_reason = aborted
t21.restarts = 1712
t21.nogoods_size = 755581
t21.nodes = 9040357
t21.propagations = 9040357
t18.stop_reason = aborted
t18.restarts = 1712
t18.nogoods_size = 755581
t18.nodes = 8911395
t18.propagations = 8911395
t30.stop_reason = aborted
t30.restarts = 1712
t30.nogoods_size = 755581
t30.nodes = 9064816
t30.propagations = 9064816
t14.stop_reason = aborted
t14.restarts = 1712
t14.nogoods_size = 755581
t14.nodes = 9279208
t14.propagations = 9279208
t20.stop_reason = aborted
t20.restarts = 1712
t20.nogoods_size = 755581
t20.nodes = 9025636
t20.propagations = 9025636
t27.stop_reason = aborted
t27.restarts = 1712
t27.nogoods_size = 755581
t27.nodes = 8716148
t27.propagations = 8716148
t26.stop_reason = aborted
t26.restarts = 1712
t26.nogoods_size = 755581
t26.nodes = 8889138
t26.propagations = 8889138
search_time = 58595
