hostname = r1i3n29
commandline = ../glasgow/solve_subgraph_isomorphism --value-ordering=biased --geometric-restarts=1.0 --restarts-constant=5400 --triggered-restarts --threads=36 --timeout 1000 --format lad ../instances/phase/phase-30-150-0.46-0.50-0.52-4-pattern ../instances/phase/phase-30-150-0.46-0.50-0.52-4-target
started_at = 2018-11-19 01:27:25
pattern_file = ../instances/phase/phase-30-150-0.46-0.50-0.52-4-pattern
target_file = ../instances/phase/phase-30-150-0.46-0.50-0.52-4-target
status = true
nodes = 20424703
propagations = 50303182
mapping = (0 -> 92) (1 -> 79) (2 -> 41) (3 -> 104) (4 -> 94) (5 -> 10) (6 -> 74) (7 -> 57) (8 -> 145) (9 -> 14) (10 -> 21) (11 -> 23) (12 -> 35) (13 -> 132) (14 -> 130) (15 -> 148) (16 -> 30) (17 -> 50) (18 -> 87) (19 -> 24) (20 -> 22) (21 -> 13) (22 -> 44) (23 -> 59) (24 -> 54) (25 -> 11) (26 -> 149) (27 -> 124) (28 -> 76) (29 -> 81) 
runtime = 2611
t32.where = 0/150 -1/-1 0/93 -1/-1 0/53 -1/-1 0/31 -1/-1 0/17 -1/-1 0/12 -1/-1 1/9 -1/-1 0/6 -1/-1 4/5 -1/-1 0/6 -1/-1 4/8 -1/-1 0/4 -1/-1 1/3 -1/-1 0/4 -1/-1 0/3 -1/-1 0/2 -1/-1 0/2 -1/-1 -1/-1 -1/-1 -1/-1 -1/-1 -1/-1 -1/-1 -1/-1 -1/-1 -1/-1 -1/-1 -1/-1 -1/-1 -1/-1
t32.stop_reason = satisfiable
t32.restarts = 108
t32.nogoods_size = 51562
t32.nodes = 569400
t32.propagations = 569400
t23.stop_reason = aborted
t23.restarts = 108
t23.nogoods_size = 51562
t23.nodes = 595999
t23.propagations = 595999
t5.stop_reason = aborted
t5.restarts = 108
t5.nogoods_size = 51562
t5.nodes = 579044
t5.propagations = 579044
t30.stop_reason = aborted
t30.restarts = 108
t30.nogoods_size = 51562
t30.nodes = 568143
t30.propagations = 568143
t9.stop_reason = aborted
t9.restarts = 108
t9.nogoods_size = 51562
t9.nodes = 585363
t9.propagations = 585363
t10.stop_reason = aborted
t10.restarts = 108
t10.nogoods_size = 51562
t10.nodes = 549911
t10.propagations = 549911
t12.stop_reason = aborted
t12.restarts = 108
t12.nogoods_size = 51562
t12.nodes = 560028
t12.propagations = 560028
t14.stop_reason = aborted
t14.restarts = 108
t14.nogoods_size = 51562
t14.nodes = 601126
t14.propagations = 601126
t0.stop_reason = aborted
t0.restarts = 108
t0.nogoods_size = 51562
t0.nodes = 577004
t0.propagations = 577004
t13.stop_reason = aborted
t13.restarts = 108
t13.nogoods_size = 51562
t13.nodes = 577536
t13.propagations = 577536
t20.stop_reason = aborted
t20.restarts = 108
t20.nogoods_size = 51562
t20.nodes = 561137
t20.propagations = 561137
t2.stop_reason = aborted
t2.restarts = 108
t2.nogoods_size = 51562
t2.nodes = 559638
t2.propagations = 559638
t26.stop_reason = aborted
t26.restarts = 108
t26.nogoods_size = 51562
t26.nodes = 568968
t26.propagations = 568968
t3.stop_reason = aborted
t3.restarts = 108
t3.nogoods_size = 51562
t3.nodes = 516268
t3.propagations = 516268
t27.stop_reason = aborted
t27.restarts = 108
t27.nogoods_size = 51562
t27.nodes = 576742
t27.propagations = 576742
t1.stop_reason = aborted
t1.restarts = 108
t1.nogoods_size = 51562
t1.nodes = 598021
t1.propagations = 598021
t6.stop_reason = aborted
t6.restarts = 108
t6.nogoods_size = 51562
t6.nodes = 562980
t6.propagations = 562980
t34.stop_reason = aborted
t34.restarts = 108
t34.nogoods_size = 51562
t34.nodes = 559481
t34.propagations = 559481
t16.stop_reason = aborted
t16.restarts = 108
t16.nogoods_size = 51562
t16.nodes = 572664
t16.propagations = 572664
t28.stop_reason = aborted
t28.restarts = 108
t28.nogoods_size = 51562
t28.nodes = 555437
t28.propagations = 555437
t15.stop_reason = aborted
t15.restarts = 108
t15.nogoods_size = 51562
t15.nodes = 591807
t15.propagations = 591807
t24.stop_reason = aborted
t24.restarts = 108
t24.nogoods_size = 51562
t24.nodes = 572868
t24.propagations = 572868
t4.stop_reason = aborted
t4.restarts = 108
t4.nogoods_size = 51562
t4.nodes = 557597
t4.propagations = 557597
t33.stop_reason = aborted
t33.restarts = 108
t33.nogoods_size = 51562
t33.nodes = 557298
t33.propagations = 557298
t29.stop_reason = aborted
t29.restarts = 108
t29.nogoods_size = 51562
t29.nodes = 560971
t29.propagations = 560971
t7.stop_reason = aborted
t7.restarts = 108
t7.nogoods_size = 51562
t7.nodes = 579706
t7.propagations = 579706
t25.stop_reason = aborted
t25.restarts = 108
t25.nogoods_size = 51562
t25.nodes = 556076
t25.propagations = 556076
t11.stop_reason = aborted
t11.restarts = 108
t11.nogoods_size = 51562
t11.nodes = 579446
t11.propagations = 579446
t17.stop_reason = aborted
t17.restarts = 108
t17.nogoods_size = 51562
t17.nodes = 560325
t17.propagations = 560325
t18.stop_reason = aborted
t18.restarts = 108
t18.nogoods_size = 51562
t18.nodes = 511450
t18.propagations = 511450
t21.stop_reason = aborted
t21.restarts = 108
t21.nogoods_size = 51562
t21.nodes = 573738
t21.propagations = 573738
t19.stop_reason = aborted
t19.restarts = 108
t19.nogoods_size = 51562
t19.nodes = 586125
t19.propagations = 586125
t22.stop_reason = aborted
t22.restarts = 108
t22.nogoods_size = 51562
t22.nodes = 543850
t22.propagations = 543850
t8.stop_reason = aborted
t8.restarts = 108
t8.nogoods_size = 51562
t8.nodes = 539759
t8.propagations = 539759
t35.stop_reason = aborted
t35.restarts = 108
t35.nogoods_size = 51562
t35.nodes = 577834
t35.propagations = 577834
t31.stop_reason = aborted
t31.restarts = 108
t31.nogoods_size = 51562
t31.nodes = 580963
t31.propagations = 580963
search_time = 2300
