hostname = r1i0n13
commandline = ../glasgow/solve_subgraph_isomorphism --value-ordering=biased --geometric-restarts=1.0 --restarts-constant=5400 --triggered-restarts --threads=36 --timeout 1000 --format lad ../instances/si/si2_m4D_m4Dr4_625/si2_m4Dr4_m625.08/pattern ../instances/si/si2_m4D_m4Dr4_625/si2_m4Dr4_m625.08/target
started_at = 2018-11-19 06:14:04
pattern_file = ../instances/si/si2_m4D_m4Dr4_625/si2_m4Dr4_m625.08/pattern
target_file = ../instances/si/si2_m4D_m4Dr4_625/si2_m4Dr4_m625.08/target
status = true
nodes = 4557
propagations = 15303
mapping = (0 -> 0) (1 -> 7) (2 -> 20) (3 -> 248) (4 -> 290) (5 -> 321) (6 -> 510) (7 -> 224) (8 -> 352) (9 -> 399) (10 -> 535) (11 -> 107) (12 -> 152) (13 -> 404) (14 -> 486) (15 -> 595) (16 -> 48) (17 -> 369) (18 -> 517) (19 -> 548) (20 -> 592) (21 -> 621) (22 -> 496) (23 -> 114) (24 -> 139) (25 -> 72) (26 -> 208) (27 -> 227) (28 -> 234) (29 -> 574) (30 -> 481) (31 -> 538) (32 -> 60) (33 -> 214) (34 -> 254) (35 -> 473) (36 -> 398) (37 -> 506) (38 -> 95) (39 -> 125) (40 -> 170) (41 -> 454) (42 -> 461) (43 -> 39) (44 -> 75) (45 -> 210) (46 -> 441) (47 -> 586) (48 -> 105) (49 -> 136) (50 -> 178) (51 -> 194) (52 -> 413) (53 -> 269) (54 -> 478) (55 -> 552) (56 -> 250) (57 -> 64) (58 -> 568) (59 -> 587) (60 -> 89) (61 -> 320) (62 -> 69) (63 -> 360) (64 -> 412) (65 -> 8) (66 -> 82) (67 -> 365) (68 -> 99) (69 -> 22) (70 -> 608) (71 -> 1) (72 -> 18) (73 -> 351) (74 -> 485) (75 -> 528) (76 -> 533) (77 -> 566) (78 -> 28) (79 -> 222) (80 -> 310) (81 -> 2) (82 -> 392) (83 -> 46) (84 -> 197) (85 -> 275) (86 -> 590) (87 -> 19) (88 -> 97) (89 -> 271) (90 -> 345) (91 -> 622) (92 -> 12) (93 -> 280) (94 -> 521) (95 -> 67) (96 -> 383) (97 -> 449) (98 -> 384) (99 -> 475) (100 -> 77) (101 -> 316) (102 -> 266) (103 -> 169) (104 -> 128) (105 -> 23) (106 -> 119) (107 -> 285) (108 -> 512) (109 -> 76) (110 -> 511) (111 -> 261) (112 -> 433) (113 -> 572) (114 -> 620) (115 -> 55) (116 -> 282) (117 -> 380) (118 -> 537) (119 -> 604) (120 -> 583) (121 -> 66) (122 -> 389) (123 -> 544) (124 -> 560) 
runtime = 77
t12.stop_reason = aborted
t12.restarts = 2
t12.nogoods_size = 36
t12.nodes = 94
t12.propagations = 94
t9.stop_reason = aborted
t9.restarts = 2
t9.nogoods_size = 36
t9.nodes = 167
t9.propagations = 167
t16.stop_reason = aborted
t16.restarts = 2
t16.nogoods_size = 36
t16.nodes = 89
t16.propagations = 89
t19.stop_reason = aborted
t19.restarts = 2
t19.nogoods_size = 36
t19.nodes = 145
t19.propagations = 145
t4.stop_reason = aborted
t4.restarts = 2
t4.nogoods_size = 36
t4.nodes = 152
t4.propagations = 152
t6.where = 1/82 -1/-1 -1/-1 -1/-1 -1/-1 -1/-1 -1/-1 -1/-1 -1/-1 -1/-1 -1/-1 -1/-1 -1/-1 -1/-1 -1/-1 -1/-1 -1/-1 -1/-1 -1/-1 -1/-1 -1/-1 -1/-1 -1/-1 -1/-1 -1/-1 -1/-1 -1/-1 -1/-1 -1/-1 -1/-1 -1/-1 -1/-1 -1/-1 -1/-1 -1/-1 -1/-1 -1/-1 -1/-1 -1/-1 -1/-1 -1/-1 -1/-1 -1/-1 -1/-1 -1/-1 -1/-1 -1/-1 -1/-1 -1/-1 -1/-1 -1/-1 -1/-1 -1/-1 -1/-1 -1/-1 -1/-1 -1/-1 -1/-1 -1/-1 -1/-1 -1/-1 -1/-1 -1/-1 -1/-1 -1/-1 -1/-1 -1/-1 -1/-1 -1/-1 -1/-1 -1/-1 -1/-1 -1/-1 -1/-1 -1/-1 -1/-1 -1/-1 -1/-1 -1/-1 -1/-1 -1/-1 -1/-1 -1/-1 -1/-1 -1/-1 -1/-1 -1/-1 -1/-1 -1/-1 -1/-1 -1/-1 -1/-1 -1/-1 -1/-1 -1/-1 -1/-1 -1/-1 -1/-1 -1/-1 -1/-1 -1/-1 -1/-1 -1/-1 -1/-1 -1/-1 -1/-1 -1/-1 -1/-1 0/2 -1/-1 -1/-1 0/2 -1/-1 -1/-1 0/2 -1/-1 -1/-1 0/3 -1/-1 -1/-1 0/2 -1/-1 -1/-1 -1/-1 -1/-1 0/3 -1/-1 0/2 -1/-1 -1/-1 0/3 -1/-1 0/2 -1/-1 -1/-1
t6.stop_reason = satisfiable
t6.restarts = 2
t6.nogoods_size = 36
t6.nodes = 118
t6.propagations = 118
t24.stop_reason = aborted
t24.restarts = 2
t24.nogoods_size = 36
t24.nodes = 138
t24.propagations = 138
t21.stop_reason = aborted
t21.restarts = 2
t21.nogoods_size = 36
t21.nodes = 129
t21.propagations = 129
t27.stop_reason = aborted
t27.restarts = 2
t27.nogoods_size = 36
t27.nodes = 99
t27.propagations = 99
t32.stop_reason = aborted
t32.restarts = 2
t32.nogoods_size = 36
t32.nodes = 134
t32.propagations = 134
t35.stop_reason = aborted
t35.restarts = 2
t35.nogoods_size = 36
t35.nodes = 63
t35.propagations = 63
t8.stop_reason = aborted
t8.restarts = 2
t8.nogoods_size = 36
t8.nodes = 148
t8.propagations = 148
t2.stop_reason = aborted
t2.restarts = 2
t2.nogoods_size = 36
t2.nodes = 94
t2.propagations = 94
t17.stop_reason = aborted
t17.restarts = 2
t17.nogoods_size = 36
t17.nodes = 83
t17.propagations = 83
t0.stop_reason = aborted
t0.restarts = 2
t0.nogoods_size = 36
t0.nodes = 144
t0.propagations = 144
t10.stop_reason = aborted
t10.restarts = 2
t10.nogoods_size = 36
t10.nodes = 123
t10.propagations = 123
t30.stop_reason = aborted
t30.restarts = 2
t30.nogoods_size = 36
t30.nodes = 157
t30.propagations = 157
t13.stop_reason = aborted
t13.restarts = 2
t13.nogoods_size = 36
t13.nodes = 60
t13.propagations = 60
t23.stop_reason = aborted
t23.restarts = 2
t23.nogoods_size = 36
t23.nodes = 68
t23.propagations = 68
t28.stop_reason = aborted
t28.restarts = 2
t28.nogoods_size = 36
t28.nodes = 130
t28.propagations = 130
t3.stop_reason = aborted
t3.restarts = 2
t3.nogoods_size = 36
t3.nodes = 159
t3.propagations = 159
t33.stop_reason = aborted
t33.restarts = 2
t33.nogoods_size = 36
t33.nodes = 94
t33.propagations = 94
t18.stop_reason = aborted
t18.restarts = 2
t18.nogoods_size = 36
t18.nodes = 255
t18.propagations = 255
t11.stop_reason = aborted
t11.restarts = 2
t11.nogoods_size = 36
t11.nodes = 135
t11.propagations = 135
t20.stop_reason = aborted
t20.restarts = 2
t20.nogoods_size = 36
t20.nodes = 98
t20.propagations = 98
t34.stop_reason = aborted
t34.restarts = 2
t34.nogoods_size = 36
t34.nodes = 131
t34.propagations = 131
t5.stop_reason = aborted
t5.restarts = 2
t5.nogoods_size = 36
t5.nodes = 71
t5.propagations = 71
t25.stop_reason = aborted
t25.restarts = 2
t25.nogoods_size = 36
t25.nodes = 115
t25.propagations = 115
t31.stop_reason = aborted
t31.restarts = 2
t31.nogoods_size = 36
t31.nodes = 122
t31.propagations = 122
t1.stop_reason = aborted
t1.restarts = 2
t1.nogoods_size = 36
t1.nodes = 187
t1.propagations = 187
t7.stop_reason = aborted
t7.restarts = 2
t7.nogoods_size = 36
t7.nodes = 171
t7.propagations = 171
t15.stop_reason = aborted
t15.restarts = 2
t15.nogoods_size = 36
t15.nodes = 141
t15.propagations = 141
t26.stop_reason = aborted
t26.restarts = 2
t26.nogoods_size = 36
t26.nodes = 75
t26.propagations = 75
t22.stop_reason = aborted
t22.restarts = 2
t22.nogoods_size = 36
t22.nodes = 317
t22.propagations = 317
t29.stop_reason = aborted
t29.restarts = 2
t29.nogoods_size = 36
t29.nodes = 60
t29.propagations = 60
t14.stop_reason = aborted
t14.restarts = 2
t14.nogoods_size = 36
t14.nodes = 91
t14.propagations = 91
search_time = 46
