hostname = r1i1n29
commandline = ../glasgow/solve_subgraph_isomorphism --value-ordering=biased --geometric-restarts=1.0 --restarts-constant=5400 --triggered-restarts --threads=36 --timeout 1000 --format lad ../instances/si/si2_rand_r005_400/si2_r005_m400.09/pattern ../instances/si/si2_rand_r005_400/si2_r005_m400.09/target
started_at = 2018-11-19 06:22:05
pattern_file = ../instances/si/si2_rand_r005_400/si2_r005_m400.09/pattern
target_file = ../instances/si/si2_rand_r005_400/si2_r005_m400.09/target
status = true
nodes = 31013
propagations = 100126
mapping = (0 -> 97) (1 -> 279) (2 -> 202) (3 -> 378) (4 -> 84) (5 -> 186) (6 -> 397) (7 -> 168) (8 -> 5) (9 -> 36) (10 -> 3) (11 -> 225) (12 -> 59) (13 -> 24) (14 -> 394) (15 -> 391) (16 -> 38) (17 -> 284) (18 -> 195) (19 -> 71) (20 -> 26) (21 -> 240) (22 -> 382) (23 -> 184) (24 -> 52) (25 -> 62) (26 -> 15) (27 -> 172) (28 -> 139) (29 -> 353) (30 -> 121) (31 -> 43) (32 -> 166) (33 -> 155) (34 -> 56) (35 -> 261) (36 -> 190) (37 -> 213) (38 -> 380) (39 -> 244) (40 -> 361) (41 -> 231) (42 -> 304) (43 -> 283) (44 -> 340) (45 -> 31) (46 -> 306) (47 -> 109) (48 -> 144) (49 -> 28) (50 -> 87) (51 -> 179) (52 -> 232) (53 -> 83) (54 -> 107) (55 -> 333) (56 -> 268) (57 -> 134) (58 -> 37) (59 -> 302) (60 -> 7) (61 -> 175) (62 -> 249) (63 -> 318) (64 -> 325) (65 -> 316) (66 -> 4) (67 -> 219) (68 -> 288) (69 -> 265) (70 -> 77) (71 -> 313) (72 -> 346) (73 -> 176) (74 -> 113) (75 -> 256) (76 -> 327) (77 -> 275) (78 -> 149) (79 -> 300) 
runtime = 78
t19.stop_reason = aborted
t19.restarts = 2
t19.nogoods_size = 36
t19.nodes = 1756
t19.propagations = 1756
t4.stop_reason = aborted
t4.restarts = 2
t4.nogoods_size = 36
t4.nodes = 904
t4.propagations = 904
t2.stop_reason = aborted
t2.restarts = 2
t2.nogoods_size = 36
t2.nodes = 919
t2.propagations = 919
t33.where = 2/400 -1/-1 11/37 -1/-1 0/4 -1/-1 1/3 -1/-1 0/3 -1/-1 -1/-1 -1/-1 -1/-1 -1/-1 -1/-1 -1/-1 -1/-1 -1/-1 -1/-1 -1/-1 -1/-1 -1/-1 -1/-1 -1/-1 -1/-1 -1/-1 -1/-1 -1/-1 -1/-1 -1/-1 -1/-1 -1/-1 -1/-1 -1/-1 -1/-1 -1/-1 -1/-1 -1/-1 -1/-1 -1/-1 -1/-1 -1/-1 -1/-1 -1/-1 -1/-1 -1/-1 -1/-1 -1/-1 -1/-1 -1/-1 -1/-1 -1/-1 -1/-1 -1/-1 -1/-1 -1/-1 -1/-1 -1/-1 -1/-1 -1/-1 -1/-1 -1/-1 -1/-1 -1/-1 -1/-1 -1/-1 -1/-1 -1/-1 -1/-1 -1/-1 -1/-1 -1/-1 -1/-1 -1/-1 -1/-1 -1/-1 -1/-1 -1/-1 -1/-1 -1/-1 -1/-1 -1/-1 -1/-1 -1/-1 0/2 -1/-1
t33.stop_reason = satisfiable
t33.restarts = 2
t33.nogoods_size = 36
t33.nodes = 732
t33.propagations = 732
t34.stop_reason = aborted
t34.restarts = 2
t34.nogoods_size = 36
t34.nodes = 429
t34.propagations = 429
t35.stop_reason = aborted
t35.restarts = 2
t35.nogoods_size = 36
t35.nodes = 437
t35.propagations = 437
t25.stop_reason = aborted
t25.restarts = 2
t25.nogoods_size = 36
t25.nodes = 902
t25.propagations = 902
t26.stop_reason = aborted
t26.restarts = 2
t26.nogoods_size = 36
t26.nodes = 915
t26.propagations = 915
t1.stop_reason = aborted
t1.restarts = 2
t1.nogoods_size = 36
t1.nodes = 1259
t1.propagations = 1259
t6.stop_reason = aborted
t6.restarts = 2
t6.nogoods_size = 36
t6.nodes = 975
t6.propagations = 975
t27.stop_reason = aborted
t27.restarts = 2
t27.nogoods_size = 36
t27.nodes = 916
t27.propagations = 916
t17.stop_reason = aborted
t17.restarts = 2
t17.nogoods_size = 36
t17.nodes = 819
t17.propagations = 819
t14.stop_reason = aborted
t14.restarts = 2
t14.nogoods_size = 36
t14.nodes = 1791
t14.propagations = 1791
t21.stop_reason = aborted
t21.restarts = 2
t21.nogoods_size = 36
t21.nodes = 882
t21.propagations = 882
t0.stop_reason = aborted
t0.restarts = 2
t0.nogoods_size = 36
t0.nodes = 550
t0.propagations = 550
t15.stop_reason = aborted
t15.restarts = 2
t15.nogoods_size = 36
t15.nodes = 504
t15.propagations = 504
t22.stop_reason = aborted
t22.restarts = 2
t22.nogoods_size = 36
t22.nodes = 468
t22.propagations = 468
t16.stop_reason = aborted
t16.restarts = 2
t16.nogoods_size = 36
t16.nodes = 853
t16.propagations = 853
t28.stop_reason = aborted
t28.restarts = 2
t28.nogoods_size = 36
t28.nodes = 841
t28.propagations = 841
t7.stop_reason = aborted
t7.restarts = 2
t7.nogoods_size = 36
t7.nodes = 957
t7.propagations = 957
t9.stop_reason = aborted
t9.restarts = 2
t9.nogoods_size = 36
t9.nodes = 1840
t9.propagations = 1840
t31.stop_reason = aborted
t31.restarts = 2
t31.nogoods_size = 36
t31.nodes = 826
t31.propagations = 826
t12.stop_reason = aborted
t12.restarts = 2
t12.nogoods_size = 36
t12.nodes = 856
t12.propagations = 856
t10.stop_reason = aborted
t10.restarts = 2
t10.nogoods_size = 36
t10.nodes = 505
t10.propagations = 505
t13.stop_reason = aborted
t13.restarts = 2
t13.nogoods_size = 36
t13.nodes = 500
t13.propagations = 500
t5.stop_reason = aborted
t5.restarts = 2
t5.nogoods_size = 36
t5.nodes = 968
t5.propagations = 968
t29.stop_reason = aborted
t29.restarts = 2
t29.nogoods_size = 36
t29.nodes = 446
t29.propagations = 446
t18.stop_reason = aborted
t18.restarts = 2
t18.nogoods_size = 36
t18.nodes = 828
t18.propagations = 828
t3.stop_reason = aborted
t3.restarts = 2
t3.nogoods_size = 36
t3.nodes = 546
t3.propagations = 546
t8.stop_reason = aborted
t8.restarts = 2
t8.nogoods_size = 36
t8.nodes = 1221
t8.propagations = 1221
t30.stop_reason = aborted
t30.restarts = 2
t30.nogoods_size = 36
t30.nodes = 442
t30.propagations = 442
t32.stop_reason = aborted
t32.restarts = 2
t32.nogoods_size = 36
t32.nodes = 764
t32.propagations = 764
t20.stop_reason = aborted
t20.restarts = 2
t20.nogoods_size = 36
t20.nodes = 876
t20.propagations = 876
t24.stop_reason = aborted
t24.restarts = 2
t24.nogoods_size = 36
t24.nodes = 926
t24.propagations = 926
t23.stop_reason = aborted
t23.restarts = 2
t23.nogoods_size = 36
t23.nodes = 796
t23.propagations = 796
t11.stop_reason = aborted
t11.restarts = 2
t11.nogoods_size = 36
t11.nodes = 864
t11.propagations = 864
search_time = 29
