hostname = r1i3n11
commandline = ../glasgow/solve_subgraph_isomorphism --value-ordering=biased --geometric-restarts=1.0 --restarts-constant=5400 --triggered-restarts --threads=36 --timeout 1000 --format lad ../instances/si/si2_rand_r005_400/si2_r005_m400.07/pattern ../instances/si/si2_rand_r005_400/si2_r005_m400.07/target
started_at = 2018-11-19 06:21:06
pattern_file = ../instances/si/si2_rand_r005_400/si2_r005_m400.07/pattern
target_file = ../instances/si/si2_rand_r005_400/si2_r005_m400.07/target
status = true
nodes = 3526979
propagations = 8936481
mapping = (0 -> 302) (1 -> 299) (2 -> 130) (3 -> 354) (4 -> 310) (5 -> 251) (6 -> 196) (7 -> 386) (8 -> 198) (9 -> 147) (10 -> 290) (11 -> 4) (12 -> 171) (13 -> 150) (14 -> 93) (15 -> 87) (16 -> 123) (17 -> 294) (18 -> 253) (19 -> 248) (20 -> 126) (21 -> 22) (22 -> 247) (23 -> 347) (24 -> 291) (25 -> 370) (26 -> 121) (27 -> 265) (28 -> 329) (29 -> 85) (30 -> 362) (31 -> 274) (32 -> 120) (33 -> 116) (34 -> 142) (35 -> 208) (36 -> 368) (37 -> 11) (38 -> 363) (39 -> 99) (40 -> 223) (41 -> 334) (42 -> 309) (43 -> 280) (44 -> 275) (45 -> 42) (46 -> 78) (47 -> 96) (48 -> 221) (49 -> 106) (50 -> 286) (51 -> 12) (52 -> 371) (53 -> 149) (54 -> 352) (55 -> 47) (56 -> 316) (57 -> 195) (58 -> 111) (59 -> 377) (60 -> 318) (61 -> 153) (62 -> 65) (63 -> 55) (64 -> 40) (65 -> 369) (66 -> 372) (67 -> 359) (68 -> 231) (69 -> 37) (70 -> 103) (71 -> 339) (72 -> 76) (73 -> 67) (74 -> 259) (75 -> 254) (76 -> 179) (77 -> 222) (78 -> 25) (79 -> 336) 
runtime = 1027
t28.where = 0/333 -1/-1 10/31 -1/-1 1/3 -1/-1 1/2 -1/-1 0/2 -1/-1 1/2 -1/-1 1/2 -1/-1 -1/-1 0/3 -1/-1 -1/-1 -1/-1 1/2 -1/-1 0/3 -1/-1 -1/-1 -1/-1 -1/-1 0/2 -1/-1 -1/-1 -1/-1 -1/-1 -1/-1 -1/-1 -1/-1 -1/-1 -1/-1 -1/-1 -1/-1 -1/-1 -1/-1 -1/-1 -1/-1 -1/-1 -1/-1 -1/-1 -1/-1 -1/-1 -1/-1 -1/-1 -1/-1 -1/-1 -1/-1 -1/-1 -1/-1 -1/-1 -1/-1 -1/-1 -1/-1 -1/-1 -1/-1 -1/-1 -1/-1 -1/-1 -1/-1 -1/-1 -1/-1 -1/-1 -1/-1 -1/-1 -1/-1 -1/-1 -1/-1 -1/-1 -1/-1 -1/-1 -1/-1 -1/-1 -1/-1 -1/-1 -1/-1 -1/-1 -1/-1 -1/-1 -1/-1 -1/-1 -1/-1 -1/-1 -1/-1 -1/-1 -1/-1 0/2 -1/-1
t28.stop_reason = satisfiable
t28.restarts = 20
t28.nogoods_size = 10507
t28.nodes = 97093
t28.propagations = 97093
t27.stop_reason = aborted
t27.restarts = 20
t27.nogoods_size = 10507
t27.nodes = 98505
t27.propagations = 98505
t24.stop_reason = aborted
t24.restarts = 20
t24.nogoods_size = 10507
t24.nodes = 101132
t24.propagations = 101132
t5.stop_reason = aborted
t5.restarts = 20
t5.nogoods_size = 10507
t5.nodes = 96309
t5.propagations = 96309
t3.stop_reason = aborted
t3.restarts = 20
t3.nogoods_size = 10507
t3.nodes = 99070
t3.propagations = 99070
t26.stop_reason = aborted
t26.restarts = 20
t26.nogoods_size = 10507
t26.nodes = 102607
t26.propagations = 102607
t19.stop_reason = aborted
t19.restarts = 20
t19.nogoods_size = 10507
t19.nodes = 95723
t19.propagations = 95723
t22.stop_reason = aborted
t22.restarts = 20
t22.nogoods_size = 10507
t22.nodes = 102905
t22.propagations = 102905
t29.stop_reason = aborted
t29.restarts = 20
t29.nogoods_size = 10507
t29.nodes = 100620
t29.propagations = 100620
t9.stop_reason = aborted
t9.restarts = 20
t9.nogoods_size = 10507
t9.nodes = 66690
t9.propagations = 66690
t8.stop_reason = aborted
t8.restarts = 20
t8.nogoods_size = 10507
t8.nodes = 97624
t8.propagations = 97624
t34.stop_reason = aborted
t34.restarts = 20
t34.nogoods_size = 10507
t34.nodes = 102552
t34.propagations = 102552
t18.stop_reason = aborted
t18.restarts = 20
t18.nogoods_size = 10507
t18.nodes = 102062
t18.propagations = 102062
t0.stop_reason = aborted
t0.restarts = 20
t0.nogoods_size = 10507
t0.nodes = 99460
t0.propagations = 99460
t6.stop_reason = aborted
t6.restarts = 20
t6.nogoods_size = 10507
t6.nodes = 100103
t6.propagations = 100103
t17.stop_reason = aborted
t17.restarts = 20
t17.nogoods_size = 10507
t17.nodes = 96156
t17.propagations = 96156
t31.stop_reason = aborted
t31.restarts = 20
t31.nogoods_size = 10507
t31.nodes = 99580
t31.propagations = 99580
t23.stop_reason = aborted
t23.restarts = 20
t23.nogoods_size = 10507
t23.nodes = 95557
t23.propagations = 95557
t25.stop_reason = aborted
t25.restarts = 20
t25.nogoods_size = 10507
t25.nodes = 94980
t25.propagations = 94980
t7.stop_reason = aborted
t7.restarts = 20
t7.nogoods_size = 10507
t7.nodes = 66052
t7.propagations = 66052
t35.stop_reason = aborted
t35.restarts = 20
t35.nogoods_size = 10507
t35.nodes = 102129
t35.propagations = 102129
t11.stop_reason = aborted
t11.restarts = 20
t11.nogoods_size = 10507
t11.nodes = 100756
t11.propagations = 100756
t21.stop_reason = aborted
t21.restarts = 20
t21.nogoods_size = 10507
t21.nodes = 99018
t21.propagations = 99018
t13.stop_reason = aborted
t13.restarts = 20
t13.nogoods_size = 10507
t13.nodes = 95669
t13.propagations = 95669
t16.stop_reason = aborted
t16.restarts = 20
t16.nogoods_size = 10507
t16.nodes = 100823
t16.propagations = 100823
t1.stop_reason = aborted
t1.restarts = 20
t1.nogoods_size = 10507
t1.nodes = 100017
t1.propagations = 100017
t4.stop_reason = aborted
t4.restarts = 20
t4.nogoods_size = 10507
t4.nodes = 101917
t4.propagations = 101917
t15.stop_reason = aborted
t15.restarts = 20
t15.nogoods_size = 10507
t15.nodes = 98200
t15.propagations = 98200
t30.stop_reason = aborted
t30.restarts = 20
t30.nogoods_size = 10507
t30.nodes = 101962
t30.propagations = 101962
t32.stop_reason = aborted
t32.restarts = 20
t32.nogoods_size = 10507
t32.nodes = 101635
t32.propagations = 101635
t20.stop_reason = aborted
t20.restarts = 20
t20.nogoods_size = 10507
t20.nodes = 99901
t20.propagations = 99901
t2.stop_reason = aborted
t2.restarts = 20
t2.nogoods_size = 10507
t2.nodes = 101374
t2.propagations = 101374
t10.stop_reason = aborted
t10.restarts = 20
t10.nogoods_size = 10507
t10.nodes = 101507
t10.propagations = 101507
t12.stop_reason = aborted
t12.restarts = 20
t12.nogoods_size = 10507
t12.nodes = 101695
t12.propagations = 101695
t14.stop_reason = aborted
t14.restarts = 20
t14.nogoods_size = 10507
t14.nodes = 102648
t14.propagations = 102648
t33.stop_reason = aborted
t33.restarts = 20
t33.nogoods_size = 10507
t33.nodes = 102948
t33.propagations = 102948
search_time = 923
