hostname = r1i4n2
commandline = ../glasgow/solve_subgraph_isomorphism --value-ordering=biased --geometric-restarts=1.0 --restarts-constant=5400 --triggered-restarts --threads=36 --timeout 1000 --format lad ../instances/si/si6_bvg_b06_400/si6_b06_m400.05/pattern ../instances/si/si6_bvg_b06_400/si6_b06_m400.05/target
started_at = 2018-11-19 06:18:16
pattern_file = ../instances/si/si6_bvg_b06_400/si6_b06_m400.05/pattern
target_file = ../instances/si/si6_bvg_b06_400/si6_b06_m400.05/target
status = true
nodes = 52
propagations = 87
mapping = (0 -> 326) (1 -> 11) (2 -> 145) (3 -> 146) (4 -> 248) (5 -> 114) (6 -> 26) (7 -> 297) (8 -> 96) (9 -> 193) (10 -> 385) (11 -> 295) (12 -> 359) (13 -> 198) (14 -> 308) (15 -> 9) (16 -> 52) (17 -> 192) (18 -> 235) (19 -> 265) (20 -> 58) (21 -> 125) (22 -> 40) (23 -> 2) (24 -> 127) (25 -> 224) (26 -> 231) (27 -> 119) (28 -> 168) (29 -> 252) (30 -> 394) (31 -> 16) (32 -> 32) (33 -> 253) (34 -> 27) (35 -> 279) (36 -> 355) (37 -> 57) (38 -> 391) (39 -> 77) (40 -> 82) (41 -> 262) (42 -> 71) (43 -> 289) (44 -> 171) (45 -> 91) (46 -> 49) (47 -> 93) (48 -> 354) (49 -> 132) (50 -> 76) (51 -> 228) (52 -> 338) (53 -> 395) (54 -> 283) (55 -> 140) (56 -> 267) (57 -> 53) (58 -> 31) (59 -> 196) (60 -> 229) (61 -> 208) (62 -> 165) (63 -> 373) (64 -> 54) (65 -> 25) (66 -> 121) (67 -> 15) (68 -> 290) (69 -> 38) (70 -> 150) (71 -> 325) (72 -> 100) (73 -> 384) (74 -> 5) (75 -> 45) (76 -> 181) (77 -> 310) (78 -> 212) (79 -> 68) (80 -> 269) (81 -> 88) (82 -> 215) (83 -> 116) (84 -> 89) (85 -> 185) (86 -> 309) (87 -> 73) (88 -> 154) (89 -> 162) (90 -> 123) (91 -> 50) (92 -> 187) (93 -> 175) (94 -> 291) (95 -> 63) (96 -> 254) (97 -> 95) (98 -> 110) (99 -> 282) (100 -> 298) (101 -> 207) (102 -> 216) (103 -> 55) (104 -> 142) (105 -> 170) (106 -> 294) (107 -> 101) (108 -> 240) (109 -> 152) (110 -> 258) (111 -> 72) (112 -> 112) (113 -> 304) (114 -> 183) (115 -> 122) (116 -> 67) (117 -> 43) (118 -> 36) (119 -> 94) (120 -> 257) (121 -> 176) (122 -> 393) (123 -> 174) (124 -> 331) (125 -> 318) (126 -> 65) (127 -> 363) (128 -> 361) (129 -> 151) (130 -> 315) (131 -> 1) (132 -> 4) (133 -> 206) (134 -> 188) (135 -> 10) (136 -> 234) (137 -> 137) (138 -> 273) (139 -> 177) (140 -> 388) (141 -> 288) (142 -> 327) (143 -> 372) (144 -> 346) (145 -> 323) (146 -> 313) (147 -> 319) (148 -> 163) (149 -> 314) (150 -> 197) (151 -> 190) (152 -> 230) (153 -> 287) (154 -> 35) (155 -> 28) (156 -> 316) (157 -> 334) (158 -> 345) (159 -> 29) (160 -> 332) (161 -> 378) (162 -> 255) (163 -> 275) (164 -> 103) (165 -> 41) (166 -> 335) (167 -> 360) (168 -> 306) (169 -> 66) (170 -> 286) (171 -> 320) (172 -> 7) (173 -> 377) (174 -> 70) (175 -> 64) (176 -> 344) (177 -> 205) (178 -> 264) (179 -> 365) (180 -> 366) (181 -> 144) (182 -> 225) (183 -> 342) (184 -> 210) (185 -> 134) (186 -> 370) (187 -> 161) (188 -> 317) (189 -> 147) (190 -> 356) (191 -> 266) (192 -> 392) (193 -> 46) (194 -> 260) (195 -> 182) (196 -> 153) (197 -> 115) (198 -> 157) (199 -> 60) (200 -> 104) (201 -> 397) (202 -> 390) (203 -> 350) (204 -> 251) (205 -> 349) (206 -> 336) (207 -> 217) (208 -> 347) (209 -> 37) (210 -> 42) (211 -> 221) (212 -> 256) (213 -> 383) (214 -> 83) (215 -> 139) (216 -> 398) (217 -> 358) (218 -> 278) (219 -> 107) (220 -> 305) (221 -> 56) (222 -> 108) (223 -> 250) (224 -> 39) (225 -> 303) (226 -> 155) (227 -> 219) (228 -> 24) (229 -> 167) (230 -> 30) (231 -> 329) (232 -> 280) (233 -> 246) (234 -> 48) (235 -> 120) (236 -> 81) (237 -> 203) (238 -> 369) (239 -> 343) 
runtime = 84
t0.where = 0/400 -1/-1 0/2 -1/-1 -1/-1 -1/-1 -1/-1 -1/-1 -1/-1 -1/-1 -1/-1 -1/-1 -1/-1 -1/-1 -1/-1 -1/-1 -1/-1 -1/-1 -1/-1 -1/-1 -1/-1 -1/-1 -1/-1 -1/-1 -1/-1 -1/-1 -1/-1 -1/-1 -1/-1 -1/-1 -1/-1 -1/-1 -1/-1 -1/-1 -1/-1 -1/-1 -1/-1 -1/-1 -1/-1 -1/-1 -1/-1 -1/-1 -1/-1 -1/-1 -1/-1 -1/-1 -1/-1 -1/-1 -1/-1 -1/-1 -1/-1 -1/-1 -1/-1 -1/-1 -1/-1 -1/-1 -1/-1 -1/-1 -1/-1 -1/-1 -1/-1 -1/-1 -1/-1 -1/-1 -1/-1 -1/-1 -1/-1 -1/-1 -1/-1 -1/-1 -1/-1 -1/-1 -1/-1 -1/-1 -1/-1 -1/-1 -1/-1 -1/-1 -1/-1 -1/-1 -1/-1 -1/-1 -1/-1 -1/-1 -1/-1 -1/-1 -1/-1 -1/-1 -1/-1 -1/-1 -1/-1 -1/-1 -1/-1 -1/-1 -1/-1 -1/-1 -1/-1 -1/-1 -1/-1 -1/-1 -1/-1 -1/-1 -1/-1 -1/-1 -1/-1 -1/-1 -1/-1 -1/-1 -1/-1 -1/-1 -1/-1 -1/-1 -1/-1 -1/-1 -1/-1 -1/-1 -1/-1 -1/-1 -1/-1 -1/-1 -1/-1 -1/-1 -1/-1 -1/-1 -1/-1 -1/-1 -1/-1 -1/-1 -1/-1 -1/-1 -1/-1 -1/-1 -1/-1 -1/-1 -1/-1 -1/-1 -1/-1 -1/-1 -1/-1 -1/-1 -1/-1 -1/-1 -1/-1 -1/-1 -1/-1 -1/-1 -1/-1 -1/-1 -1/-1 -1/-1 -1/-1 -1/-1 -1/-1 -1/-1 -1/-1 -1/-1 -1/-1 -1/-1 -1/-1 -1/-1 -1/-1 -1/-1 -1/-1 -1/-1 -1/-1 -1/-1 -1/-1 -1/-1 -1/-1 -1/-1 -1/-1 -1/-1 -1/-1 -1/-1 -1/-1 -1/-1 -1/-1 -1/-1 -1/-1 -1/-1 -1/-1 -1/-1 -1/-1 -1/-1 -1/-1 -1/-1 -1/-1 -1/-1 -1/-1 -1/-1 -1/-1 -1/-1 -1/-1 -1/-1 -1/-1 -1/-1 -1/-1 -1/-1 -1/-1 -1/-1 -1/-1 -1/-1 -1/-1 -1/-1 -1/-1 -1/-1 -1/-1 -1/-1 -1/-1 -1/-1 -1/-1 -1/-1 -1/-1 -1/-1 -1/-1 -1/-1 -1/-1 -1/-1 -1/-1 -1/-1 -1/-1 -1/-1 -1/-1 -1/-1 -1/-1 -1/-1 -1/-1 -1/-1 -1/-1 -1/-1 -1/-1 -1/-1 -1/-1 -1/-1 -1/-1 -1/-1 -1/-1 -1/-1 -1/-1 -1/-1 -1/-1 -1/-1
t0.stop_reason = satisfiable
t0.restarts = 2
t0.nogoods_size = 36
t0.nodes = 3
t0.propagations = 3
t25.stop_reason = aborted
t25.restarts = 2
t25.nogoods_size = 36
t25.nodes = 1
t25.propagations = 1
t27.stop_reason = aborted
t27.restarts = 2
t27.nogoods_size = 36
t27.nodes = 0
t27.propagations = 0
t30.stop_reason = aborted
t30.restarts = 2
t30.nogoods_size = 36
t30.nodes = 0
t30.propagations = 0
t28.stop_reason = aborted
t28.restarts = 2
t28.nogoods_size = 36
t28.nodes = 0
t28.propagations = 0
t29.stop_reason = aborted
t29.restarts = 2
t29.nogoods_size = 36
t29.nodes = 0
t29.propagations = 0
t26.stop_reason = aborted
t26.restarts = 2
t26.nogoods_size = 36
t26.nodes = 1
t26.propagations = 1
t24.stop_reason = aborted
t24.restarts = 2
t24.nogoods_size = 36
t24.nodes = 1
t24.propagations = 1
t32.stop_reason = aborted
t32.restarts = 2
t32.nogoods_size = 36
t32.nodes = 0
t32.propagations = 0
t31.stop_reason = aborted
t31.restarts = 2
t31.nogoods_size = 36
t31.nodes = 0
t31.propagations = 0
t33.stop_reason = aborted
t33.restarts = 2
t33.nogoods_size = 36
t33.nodes = 0
t33.propagations = 0
t35.stop_reason = aborted
t35.restarts = 2
t35.nogoods_size = 36
t35.nodes = 0
t35.propagations = 0
t34.stop_reason = aborted
t34.restarts = 2
t34.nogoods_size = 36
t34.nodes = 0
t34.propagations = 0
t3.stop_reason = aborted
t3.restarts = 2
t3.nogoods_size = 36
t3.nodes = 2
t3.propagations = 2
t1.stop_reason = aborted
t1.restarts = 2
t1.nogoods_size = 36
t1.nodes = 2
t1.propagations = 2
t4.stop_reason = aborted
t4.restarts = 2
t4.nogoods_size = 36
t4.nodes = 2
t4.propagations = 2
t8.stop_reason = aborted
t8.restarts = 2
t8.nogoods_size = 36
t8.nodes = 2
t8.propagations = 2
t5.stop_reason = aborted
t5.restarts = 2
t5.nogoods_size = 36
t5.nodes = 2
t5.propagations = 2
t7.stop_reason = aborted
t7.restarts = 2
t7.nogoods_size = 36
t7.nodes = 2
t7.propagations = 2
t10.stop_reason = aborted
t10.restarts = 2
t10.nogoods_size = 36
t10.nodes = 2
t10.propagations = 2
t9.stop_reason = aborted
t9.restarts = 2
t9.nogoods_size = 36
t9.nodes = 2
t9.propagations = 2
t14.stop_reason = aborted
t14.restarts = 2
t14.nogoods_size = 36
t14.nodes = 2
t14.propagations = 2
t16.stop_reason = aborted
t16.restarts = 2
t16.nogoods_size = 36
t16.nodes = 2
t16.propagations = 2
t17.stop_reason = aborted
t17.restarts = 2
t17.nogoods_size = 36
t17.nodes = 2
t17.propagations = 2
t19.stop_reason = aborted
t19.restarts = 2
t19.nogoods_size = 36
t19.nodes = 2
t19.propagations = 2
t18.stop_reason = aborted
t18.restarts = 2
t18.nogoods_size = 36
t18.nodes = 2
t18.propagations = 2
t23.stop_reason = aborted
t23.restarts = 2
t23.nogoods_size = 36
t23.nodes = 2
t23.propagations = 2
t22.stop_reason = aborted
t22.restarts = 2
t22.nogoods_size = 36
t22.nodes = 2
t22.propagations = 2
t20.stop_reason = aborted
t20.restarts = 2
t20.nogoods_size = 36
t20.nodes = 2
t20.propagations = 2
t21.stop_reason = aborted
t21.restarts = 2
t21.nogoods_size = 36
t21.nodes = 2
t21.propagations = 2
t2.stop_reason = aborted
t2.restarts = 2
t2.nogoods_size = 36
t2.nodes = 2
t2.propagations = 2
t6.stop_reason = aborted
t6.restarts = 2
t6.nogoods_size = 36
t6.nodes = 2
t6.propagations = 2
t12.stop_reason = aborted
t12.restarts = 2
t12.nogoods_size = 36
t12.nodes = 2
t12.propagations = 2
t11.stop_reason = aborted
t11.restarts = 2
t11.nogoods_size = 36
t11.nodes = 2
t11.propagations = 2
t15.stop_reason = aborted
t15.restarts = 2
t15.nogoods_size = 36
t15.nodes = 2
t15.propagations = 2
t13.stop_reason = aborted
t13.restarts = 2
t13.nogoods_size = 36
t13.nodes = 2
t13.propagations = 2
search_time = 48
