hostname = r1i4n2
commandline = ../glasgow/solve_subgraph_isomorphism --value-ordering=biased --geometric-restarts=1.0 --restarts-constant=5400 --triggered-restarts --threads=36 --timeout 1000 --format lad ../instances/si/si6_bvg_b09m_200/si6_b09m_m200.00/pattern ../instances/si/si6_bvg_b09m_200/si6_b09m_m200.00/target
started_at = 2018-11-19 06:18:18
pattern_file = ../instances/si/si6_bvg_b09m_200/si6_b09m_m200.00/pattern
target_file = ../instances/si/si6_bvg_b09m_200/si6_b09m_m200.00/target
status = true
nodes = 2
propagations = 37
mapping = (0 -> 0) (1 -> 3) (2 -> 25) (3 -> 28) (4 -> 34) (5 -> 56) (6 -> 61) (7 -> 83) (8 -> 98) (9 -> 103) (10 -> 120) (11 -> 123) (12 -> 138) (13 -> 145) (14 -> 175) (15 -> 176) (16 -> 177) (17 -> 190) (18 -> 1) (19 -> 10) (20 -> 15) (21 -> 18) (22 -> 38) (23 -> 51) (24 -> 62) (25 -> 81) (26 -> 95) (27 -> 133) (28 -> 139) (29 -> 146) (30 -> 180) (31 -> 195) (32 -> 4) (33 -> 53) (34 -> 64) (35 -> 80) (36 -> 91) (37 -> 114) (38 -> 115) (39 -> 121) (40 -> 14) (41 -> 39) (42 -> 43) (43 -> 101) (44 -> 112) (45 -> 125) (46 -> 135) (47 -> 161) (48 -> 166) (49 -> 167) (50 -> 174) (51 -> 182) (52 -> 93) (53 -> 99) (54 -> 119) (55 -> 122) (56 -> 183) (57 -> 106) (58 -> 131) (59 -> 172) (60 -> 24) (61 -> 30) (62 -> 47) (63 -> 58) (64 -> 65) (65 -> 70) (66 -> 7) (67 -> 41) (68 -> 75) (69 -> 157) (70 -> 40) (71 -> 144) (72 -> 31) (73 -> 46) (74 -> 63) (75 -> 130) (76 -> 26) (77 -> 35) (78 -> 72) (79 -> 79) (80 -> 2) (81 -> 16) (82 -> 143) (83 -> 165) (84 -> 187) (85 -> 73) (86 -> 104) (87 -> 181) (88 -> 12) (89 -> 29) (90 -> 82) (91 -> 110) (92 -> 9) (93 -> 134) (94 -> 184) (95 -> 49) (96 -> 50) (97 -> 59) (98 -> 67) (99 -> 71) (100 -> 132) (101 -> 198) (102 -> 199) (103 -> 5) (104 -> 17) (105 -> 23) (106 -> 97) (107 -> 116) (108 -> 126) (109 -> 179) (110 -> 44) (111 -> 74) (112 -> 86) (113 -> 89) (114 -> 137) (115 -> 142) (116 -> 147) (117 -> 152) (118 -> 170) (119 -> 192) 
runtime = 19
t2.where = -1/-1 -1/-1 -1/-1 -1/-1 -1/-1 -1/-1 -1/-1 -1/-1 -1/-1 -1/-1 -1/-1 -1/-1 -1/-1 -1/-1 -1/-1 -1/-1 -1/-1 -1/-1 -1/-1 -1/-1 -1/-1 -1/-1 -1/-1 -1/-1 -1/-1 -1/-1 -1/-1 -1/-1 -1/-1 -1/-1 -1/-1 -1/-1 -1/-1 -1/-1 -1/-1 -1/-1 -1/-1 -1/-1 -1/-1 -1/-1 -1/-1 -1/-1 -1/-1 -1/-1 -1/-1 -1/-1 -1/-1 -1/-1 -1/-1 -1/-1 -1/-1 -1/-1 -1/-1 -1/-1 -1/-1 -1/-1 -1/-1 -1/-1 -1/-1 -1/-1 -1/-1 -1/-1 -1/-1 -1/-1 -1/-1 -1/-1 -1/-1 -1/-1 -1/-1 -1/-1 -1/-1 -1/-1 -1/-1 -1/-1 -1/-1 -1/-1 -1/-1 -1/-1 -1/-1 -1/-1 -1/-1 -1/-1 -1/-1 -1/-1 -1/-1 -1/-1 -1/-1 -1/-1 -1/-1 -1/-1 -1/-1 -1/-1 -1/-1 -1/-1 -1/-1 -1/-1 -1/-1 -1/-1 -1/-1 -1/-1 -1/-1 -1/-1 -1/-1 -1/-1 -1/-1 -1/-1 -1/-1 -1/-1 -1/-1 -1/-1 -1/-1 -1/-1 -1/-1 -1/-1 -1/-1 -1/-1 -1/-1 -1/-1 0/2 -1/-1 -1/-1
t2.stop_reason = satisfiable
t2.restarts = 2
t2.nogoods_size = 36
t2.nodes = 2
t2.propagations = 2
t5.stop_reason = aborted
t5.restarts = 2
t5.nogoods_size = 36
t5.nodes = 0
t5.propagations = 0
t6.stop_reason = aborted
t6.restarts = 2
t6.nogoods_size = 36
t6.nodes = 0
t6.propagations = 0
t3.stop_reason = aborted
t3.restarts = 2
t3.nogoods_size = 36
t3.nodes = 0
t3.propagations = 0
t8.stop_reason = aborted
t8.restarts = 2
t8.nogoods_size = 36
t8.nodes = 0
t8.propagations = 0
t4.stop_reason = aborted
t4.restarts = 2
t4.nogoods_size = 36
t4.nodes = 0
t4.propagations = 0
t9.stop_reason = aborted
t9.restarts = 2
t9.nogoods_size = 36
t9.nodes = 0
t9.propagations = 0
t0.stop_reason = aborted
t0.restarts = 2
t0.nogoods_size = 36
t0.nodes = 0
t0.propagations = 0
t1.stop_reason = aborted
t1.restarts = 2
t1.nogoods_size = 36
t1.nodes = 0
t1.propagations = 0
t7.stop_reason = aborted
t7.restarts = 2
t7.nogoods_size = 36
t7.nodes = 0
t7.propagations = 0
t10.stop_reason = aborted
t10.restarts = 2
t10.nogoods_size = 36
t10.nodes = 0
t10.propagations = 0
t11.stop_reason = aborted
t11.restarts = 2
t11.nogoods_size = 36
t11.nodes = 0
t11.propagations = 0
t16.stop_reason = aborted
t16.restarts = 2
t16.nogoods_size = 36
t16.nodes = 0
t16.propagations = 0
t15.stop_reason = aborted
t15.restarts = 2
t15.nogoods_size = 36
t15.nodes = 0
t15.propagations = 0
t14.stop_reason = aborted
t14.restarts = 2
t14.nogoods_size = 36
t14.nodes = 0
t14.propagations = 0
t13.stop_reason = aborted
t13.restarts = 2
t13.nogoods_size = 36
t13.nodes = 0
t13.propagations = 0
t23.stop_reason = aborted
t23.restarts = 2
t23.nogoods_size = 36
t23.nodes = 0
t23.propagations = 0
t12.stop_reason = aborted
t12.restarts = 2
t12.nogoods_size = 36
t12.nodes = 0
t12.propagations = 0
t17.stop_reason = aborted
t17.restarts = 2
t17.nogoods_size = 36
t17.nodes = 0
t17.propagations = 0
t18.stop_reason = aborted
t18.restarts = 2
t18.nogoods_size = 36
t18.nodes = 0
t18.propagations = 0
t19.stop_reason = aborted
t19.restarts = 2
t19.nogoods_size = 36
t19.nodes = 0
t19.propagations = 0
t20.stop_reason = aborted
t20.restarts = 2
t20.nogoods_size = 36
t20.nodes = 0
t20.propagations = 0
t24.stop_reason = aborted
t24.restarts = 2
t24.nogoods_size = 36
t24.nodes = 0
t24.propagations = 0
t21.stop_reason = aborted
t21.restarts = 2
t21.nogoods_size = 36
t21.nodes = 0
t21.propagations = 0
t22.stop_reason = aborted
t22.restarts = 2
t22.nogoods_size = 36
t22.nodes = 0
t22.propagations = 0
t25.stop_reason = aborted
t25.restarts = 2
t25.nogoods_size = 36
t25.nodes = 0
t25.propagations = 0
t30.stop_reason = aborted
t30.restarts = 2
t30.nogoods_size = 36
t30.nodes = 0
t30.propagations = 0
t27.stop_reason = aborted
t27.restarts = 2
t27.nogoods_size = 36
t27.nodes = 0
t27.propagations = 0
t26.stop_reason = aborted
t26.restarts = 2
t26.nogoods_size = 36
t26.nodes = 0
t26.propagations = 0
t28.stop_reason = aborted
t28.restarts = 2
t28.nogoods_size = 36
t28.nodes = 0
t28.propagations = 0
t29.stop_reason = aborted
t29.restarts = 2
t29.nogoods_size = 36
t29.nodes = 0
t29.propagations = 0
t33.stop_reason = aborted
t33.restarts = 2
t33.nogoods_size = 36
t33.nodes = 0
t33.propagations = 0
t31.stop_reason = aborted
t31.restarts = 2
t31.nogoods_size = 36
t31.nodes = 0
t31.propagations = 0
t32.stop_reason = aborted
t32.restarts = 2
t32.nogoods_size = 36
t32.nodes = 0
t32.propagations = 0
t35.stop_reason = aborted
t35.restarts = 2
t35.nogoods_size = 36
t35.nodes = 0
t35.propagations = 0
t34.stop_reason = aborted
t34.restarts = 2
t34.nogoods_size = 36
t34.nodes = 0
t34.propagations = 0
search_time = 11
