-- 1037 <64 0
-- 943 <63 0
-- 943 <62 0
-- 947 <61 0
-- 949 <60 0
-- 941 <59 0
-- 943 <58 0
-- 953 <57 0
-- 955 <56 0
-- 946 <55 0
-- 948 <54 0
-- 952 <53 0
-- 950 <52 0
-- 961 <51 0
-- 959 <50 0
-- 963 <49 0
-- 977 <48 0
-- 1341 <47 2302
-- 4804 <46 26665
-- 23046 <45 162073
-- 47708 <44 328823
-- 89862 <43 570163
-- 155762 <42 985313
-- 270545 <41 1853191
-- 390644 <40 2949651
false 6878181 aborted

1000000 1037 943 943 947 949 941 943 953 955 946 948 952 950 961 959 963 977 1341 4804 23046 47708 89862 155762 270545 390644
FAIL0=1037 FAIL1=943 FAIL10=948 FAIL11=952 FAIL12=950 FAIL13=961 FAIL14=959 FAIL15=963 FAIL16=977 FAIL17=1341 FAIL18=4804 FAIL19=23046 FAIL2=943 FAIL20=47708 FAIL21=89862 FAIL22=155762 FAIL23=270545 FAIL24=390644 FAIL3=947 FAIL4=949 FAIL5=941 FAIL6=943 FAIL7=953 FAIL8=955 FAIL9=946 
