-- 45 <64 0
-- 45 <63 0
-- 45 <62 0
-- 45 <61 0
-- 45 <60 0
-- 45 <59 0
-- 45 <58 0
-- 45 <57 0
-- 47 <56 0
-- 47 <55 0
-- 47 <54 0
-- 47 <53 0
-- 47 <52 0
-- 47 <51 0
-- 47 <50 0
-- 47 <49 0
-- 47 <48 0
-- 47 <47 0
-- 47 <46 0
-- 47 <45 0
-- 47 <44 0
-- 47 <43 0
-- 47 <42 0
-- 47 <41 0
-- 47 <40 0
-- 47 <39 0
-- 47 <38 0
-- 47 <37 0
-- 47 <36 0
-- 47 <35 0
-- 47 <34 0
-- 47 <33 0
-- 47 <32 0
-- 47 <31 0
-- 47 <30 0
-- 47 <29 0
-- 47 <28 0
-- 47 <27 0
-- 47 <26 0
-- 47 <25 0
-- 47 <24 0
-- 47 <23 0
-- 47 <22 0
-- 47 <21 0
-- 47 <20 0
-- 47 <19 0
-- 47 <18 0
-- 48 <17 0
-- 48 <16 0
-- 70 <15 65
-- 267 <14 3333
-- 731 <13 9865
-- 5228 <12 65792
-- 13362 <11 145331
-- 22404 <10 211410
-- 41624 <9 505405
-- 64511 <8 1628682
-- 124634 <7 6194391
-- 330509 <6 22695033
-- 394343 <5 31776551
false 63235858 aborted

1000000 45 45 45 45 45 45 45 45 47 47 47 47 47 47 47 47 47 47 47 47 47 47 47 47 47 47 47 47 47 47 47 47 47 47 47 47 47 47 47 47 47 47 47 47 47 47 47 48 48 70 267 731 5228 13362 22404 41624 64511 124634 330509 394343
FAIL0=45 FAIL1=45 FAIL10=47 FAIL11=47 FAIL12=47 FAIL13=47 FAIL14=47 FAIL15=47 FAIL16=47 FAIL17=47 FAIL18=47 FAIL19=47 FAIL2=45 FAIL20=47 FAIL21=47 FAIL22=47 FAIL23=47 FAIL24=47 FAIL25=47 FAIL26=47 FAIL27=47 FAIL28=47 FAIL29=47 FAIL3=45 FAIL30=47 FAIL31=47 FAIL32=47 FAIL33=47 FAIL34=47 FAIL35=47 FAIL36=47 FAIL37=47 FAIL38=47 FAIL39=47 FAIL4=45 FAIL40=47 FAIL41=47 FAIL42=47 FAIL43=47 FAIL44=47 FAIL45=47 FAIL46=47 FAIL47=48 FAIL48=48 FAIL49=70 FAIL5=45 FAIL50=267 FAIL51=731 FAIL52=5228 FAIL53=13362 FAIL54=22404 FAIL55=41624 FAIL56=64511 FAIL57=124634 FAIL58=330509 FAIL59=394343 FAIL6=45 FAIL7=45 FAIL8=47 FAIL9=47 
