-- 36 <100 0
-- 36 <99 0
-- 35 <98 0
-- 42 <97 0
-- 33 <96 0
-- 29 <95 0
-- 23 <94 0
-- 21 <93 0
-- 21 <92 0
-- 21 <91 0
-- 22 <90 0
-- 22 <89 0
-- 23 <88 0
-- 24 <87 0
-- 25 <86 0
-- 26 <85 0
-- 29 <84 0
-- 31 <83 0
-- 36 <82 18
-- 41 <81 19
-- 56 <80 51
-- 100 <79 120
-- 194 <78 275
-- 305 <77 829
-- 545 <76 2978
-- 985 <75 8148
-- 5031 <74 11985
-- 12235 <73 19264
-- 23640 <72 24797
-- 40330 <71 29966
-- 59473 <70 37485
-- 80895 <69 44772
-- 105048 <68 54386
-- 133840 <67 68715
-- 171597 <66 92630
-- 222667 <65 123813
-- 142462 <64 91997
false 612248 aborted

1000000 36 36 35 42 33 29 23 21 21 21 22 22 23 24 25 26 29 31 36 41 56 100 194 305 545 985 5031 12235 23640 40330 59473 80895 105048 133840 171597 222667 142462
FAIL0=36 FAIL1=36 FAIL10=22 FAIL11=22 FAIL12=23 FAIL13=24 FAIL14=25 FAIL15=26 FAIL16=29 FAIL17=31 FAIL18=36 FAIL19=41 FAIL2=35 FAIL20=56 FAIL21=100 FAIL22=194 FAIL23=305 FAIL24=545 FAIL25=985 FAIL26=5031 FAIL27=12235 FAIL28=23640 FAIL29=40330 FAIL3=42 FAIL30=59473 FAIL31=80895 FAIL32=105048 FAIL33=133840 FAIL34=171597 FAIL35=222667 FAIL36=142462 FAIL4=33 FAIL5=29 FAIL6=23 FAIL7=21 FAIL8=21 FAIL9=21 
