-- 22000 <100 0
-- 21861 <99 0
-- 22146 <98 0
-- 21888 <97 0
-- 22094 <96 0
-- 22091 <95 0
-- 22165 <94 0
-- 22185 <93 0
-- 22238 <92 3
-- 22345 <91 36
-- 22762 <90 147
-- 23136 <89 710
-- 24569 <88 2175
-- 27839 <87 6096
-- 34074 <86 13590
-- 48704 <85 30798
-- 77246 <84 66121
-- 131026 <83 130363
-- 243402 <82 275467
-- 146158 <81 167528
false 693034 aborted

1000002 22000 21861 22146 21888 22094 22091 22165 22185 22238 22345 22762 23136 24569 27839 34074 48704 77246 131026 243402 146158
FAIL0=22000 FAIL1=21861 FAIL10=22762 FAIL11=23136 FAIL12=24569 FAIL13=27839 FAIL14=34074 FAIL15=48704 FAIL16=77246 FAIL17=131026 FAIL18=243402 FAIL19=146158 FAIL2=22146 FAIL3=21888 FAIL4=22094 FAIL5=22091 FAIL6=22165 FAIL7=22185 FAIL8=22238 FAIL9=22345 
