-- 15 <100 0
-- 17 <99 0
-- 16 <98 0
-- 16 <97 0
-- 16 <96 0
-- 36 <95 138
-- 231 <94 1818
-- 743 <93 6910
-- 1880 <92 18613
-- 4664 <91 46877
-- 10542 <90 108200
-- 23659 <89 248289
-- 50764 <88 549671
-- 103831 <87 1161100
-- 203622 <86 2341339
-- 385649 <85 4538395
-- 214290 <84 2495629
false 11516979 aborted

1000000 15 17 16 16 16 36 231 743 1880 4664 10542 23659 50764 103831 203622 385649 214290
FAIL0=15 FAIL1=17 FAIL10=10542 FAIL11=23659 FAIL12=50764 FAIL13=103831 FAIL14=203622 FAIL15=385649 FAIL16=214290 FAIL2=16 FAIL3=16 FAIL4=16 FAIL5=36 FAIL6=231 FAIL7=743 FAIL8=1880 FAIL9=4664 
