-- 1525 <100 0
-- 1623 <99 0
-- 1518 <98 0
-- 1514 <97 0
-- 1512 <96 0
-- 1522 <95 0
-- 1520 <94 0
-- 1522 <93 0
-- 1529 <92 0
-- 1527 <91 0
-- 1535 <90 0
-- 1546 <89 0
-- 1556 <88 0
-- 1573 <87 3
-- 1594 <86 6
-- 1670 <85 45
-- 1725 <84 67
-- 1766 <83 36
-- 1838 <82 10
-- 1971 <81 11
-- 2131 <80 27
-- 2500 <79 102
-- 3032 <78 297
-- 3637 <77 698
-- 4516 <76 1611
-- 5863 <75 3654
-- 8141 <74 8241
-- 12236 <73 17704
-- 19072 <72 35923
-- 30060 <71 69357
-- 47271 <70 129349
-- 195578 <69 224312
-- 633843 <68 341299
false 832752 aborted

1000000 1525 1623 1518 1514 1512 1522 1520 1522 1529 1527 1535 1546 1556 1573 1594 1670 1725 1766 1838 1971 2131 2500 3032 3637 4516 5863 8141 12236 19072 30060 47271 195578 633843
FAIL0=1525 FAIL1=1623 FAIL10=1535 FAIL11=1546 FAIL12=1556 FAIL13=1573 FAIL14=1594 FAIL15=1670 FAIL16=1725 FAIL17=1766 FAIL18=1838 FAIL19=1971 FAIL2=1518 FAIL20=2131 FAIL21=2500 FAIL22=3032 FAIL23=3637 FAIL24=4516 FAIL25=5863 FAIL26=8141 FAIL27=12236 FAIL28=19072 FAIL29=30060 FAIL3=1514 FAIL30=47271 FAIL31=195578 FAIL32=633843 FAIL4=1512 FAIL5=1522 FAIL6=1520 FAIL7=1522 FAIL8=1529 FAIL9=1527 
