-- 27 <100 0
-- 24 <99 0
-- 21 <98 0
-- 17 <97 0
-- 16 <96 0
-- 16 <95 0
-- 17 <94 0
-- 17 <93 0
-- 28 <92 56
-- 199 <91 1360
-- 1075 <90 8875
-- 4171 <89 40328
-- 12267 <88 127341
-- 31741 <87 347150
-- 75757 <86 866842
-- 167429 <85 1985956
-- 357219 <84 4378968
-- 349949 <83 4388133
false 12145009 aborted

1000000 27 24 21 17 16 16 17 17 28 199 1075 4171 12267 31741 75757 167429 357219 349949
FAIL0=27 FAIL1=24 FAIL10=1075 FAIL11=4171 FAIL12=12267 FAIL13=31741 FAIL14=75757 FAIL15=167429 FAIL16=357219 FAIL17=349949 FAIL2=21 FAIL3=17 FAIL4=16 FAIL5=16 FAIL6=17 FAIL7=17 FAIL8=28 FAIL9=199 
