-- 2452 <100 0
-- 1860 <99 0
-- 1846 <98 0
-- 1851 <97 0
-- 1852 <96 0
-- 1845 <95 0
-- 1853 <94 0
-- 1867 <93 0
-- 1869 <92 0
-- 1878 <91 0
-- 1889 <90 0
-- 1911 <89 0
-- 1998 <88 0
-- 1991 <87 0
-- 2024 <86 0
-- 2058 <85 0
-- 2074 <84 0
-- 2085 <83 0
-- 3090 <82 7
-- 3728 <81 11
-- 4344 <80 15
-- 4973 <79 19
-- 5485 <78 22
-- 89200 <77 133247
-- 221200 <76 338544
-- 290770 <75 443377
-- 341983 <74 532507
false 1447749 aborted

1000000 2452 1860 1846 1851 1852 1845 1853 1867 1869 1878 1889 1911 1998 1991 2024 2058 2074 2085 3090 3728 4344 4973 5485 89200 221200 290770 341983
FAIL0=2452 FAIL1=1860 FAIL10=1889 FAIL11=1911 FAIL12=1998 FAIL13=1991 FAIL14=2024 FAIL15=2058 FAIL16=2074 FAIL17=2085 FAIL18=3090 FAIL19=3728 FAIL2=1846 FAIL20=4344 FAIL21=4973 FAIL22=5485 FAIL23=89200 FAIL24=221200 FAIL25=290770 FAIL26=341983 FAIL3=1851 FAIL4=1852 FAIL5=1845 FAIL6=1853 FAIL7=1867 FAIL8=1869 FAIL9=1878 
