-- 11487 <100 0
-- 11400 <99 0
-- 11392 <98 0
-- 11419 <97 0
-- 11409 <96 0
-- 11425 <95 0
-- 11577 <94 0
-- 11473 <93 32
-- 11612 <92 217
-- 12152 <91 907
-- 12801 <90 1517
-- 14059 <89 2641
-- 18164 <88 7731
-- 28903 <87 21260
-- 52491 <86 50898
-- 95753 <85 106638
-- 174244 <84 209473
-- 319674 <83 403082
-- 168528 <82 209066
false 1013462 aborted

1000001 11487 11400 11392 11419 11409 11425 11577 11473 11612 12152 12801 14059 18164 28903 52491 95753 174244 319674 168528
FAIL0=11487 FAIL1=11400 FAIL10=12801 FAIL11=14059 FAIL12=18164 FAIL13=28903 FAIL14=52491 FAIL15=95753 FAIL16=174244 FAIL17=319674 FAIL18=168528 FAIL2=11392 FAIL3=11419 FAIL4=11409 FAIL5=11425 FAIL6=11577 FAIL7=11473 FAIL8=11612 FAIL9=12152 
