-- 141 <121 0
-- 91 <120 0
-- 81 <119 0
-- 82 <118 0
-- 81 <117 0
-- 81 <116 0
-- 81 <115 0
-- 81 <114 0
-- 81 <113 0
-- 81 <112 0
-- 81 <111 0
-- 81 <110 0
-- 83 <109 0
-- 83 <108 0
-- 83 <107 0
-- 84 <106 0
-- 84 <105 0
-- 84 <104 0
-- 83 <103 0
-- 83 <102 0
-- 83 <101 0
-- 83 <100 0
-- 83 <99 0
-- 83 <98 0
-- 83 <97 0
-- 83 <96 0
-- 83 <95 0
-- 83 <94 0
-- 83 <93 0
-- 83 <92 0
-- 83 <91 0
-- 83 <90 0
-- 83 <89 0
-- 82 <88 0
-- 82 <87 0
-- 82 <86 0
-- 82 <85 0
-- 82 <84 0
-- 82 <83 0
-- 82 <82 0
-- 82 <81 0
-- 82 <80 0
-- 82 <79 0
-- 82 <78 0
-- 82 <77 0
-- 82 <76 0
-- 82 <75 0
-- 83 <74 0
-- 85 <73 0
-- 87 <72 0
-- 92 <71 0
-- 104 <70 50
-- 288 <69 612
-- 2838 <68 13033
-- 23655 <67 106111
-- 61457 <66 302070
-- 128490 <65 661235
-- 234422 <64 1250002
-- 376148 <63 2027336
-- 168281 <62 871403
false 5231852 aborted

1000000 141 91 81 82 81 81 81 81 81 81 81 81 83 83 83 84 84 84 83 83 83 83 83 83 83 83 83 83 83 83 83 83 83 82 82 82 82 82 82 82 82 82 82 82 82 82 82 83 85 87 92 104 288 2838 23655 61457 128490 234422 376148 168281
FAIL0=141 FAIL1=91 FAIL10=81 FAIL11=81 FAIL12=83 FAIL13=83 FAIL14=83 FAIL15=84 FAIL16=84 FAIL17=84 FAIL18=83 FAIL19=83 FAIL2=81 FAIL20=83 FAIL21=83 FAIL22=83 FAIL23=83 FAIL24=83 FAIL25=83 FAIL26=83 FAIL27=83 FAIL28=83 FAIL29=83 FAIL3=82 FAIL30=83 FAIL31=83 FAIL32=83 FAIL33=82 FAIL34=82 FAIL35=82 FAIL36=82 FAIL37=82 FAIL38=82 FAIL39=82 FAIL4=81 FAIL40=82 FAIL41=82 FAIL42=82 FAIL43=82 FAIL44=82 FAIL45=82 FAIL46=82 FAIL47=83 FAIL48=85 FAIL49=87 FAIL5=81 FAIL50=92 FAIL51=104 FAIL52=288 FAIL53=2838 FAIL54=23655 FAIL55=61457 FAIL56=128490 FAIL57=234422 FAIL58=376148 FAIL59=168281 FAIL6=81 FAIL7=81 FAIL8=81 FAIL9=81 
