-- 152 <128 0
-- 122 <127 0
-- 124 <126 0
-- 126 <125 0
-- 128 <124 0
-- 130 <123 0
-- 131 <122 0
-- 133 <121 0
-- 135 <120 1
-- 197 <119 240
-- 467 <118 1275
-- 1225 <117 4307
-- 3102 <116 12087
-- 7753 <115 33380
-- 18566 <114 87181
-- 47397 <113 241446
-- 112745 <112 591710
-- 244992 <111 1356025
-- 512634 <110 2957194
-- 49730 <109 266566
false 5551412 aborted

1000000 152 122 124 126 128 130 131 133 135 197 467 1225 3102 7753 18566 47397 112745 244992 512634 49730
FAIL0=152 FAIL1=122 FAIL10=467 FAIL11=1225 FAIL12=3102 FAIL13=7753 FAIL14=18566 FAIL15=47397 FAIL16=112745 FAIL17=244992 FAIL18=512634 FAIL19=49730 FAIL2=124 FAIL3=126 FAIL4=128 FAIL5=130 FAIL6=131 FAIL7=133 FAIL8=135 FAIL9=197 
