-- 14713 <128 0
-- 14470 <127 0
-- 14568 <126 0
-- 14599 <125 0
-- 14671 <124 0
-- 14702 <123 0
-- 14752 <122 0
-- 14829 <121 0
-- 14980 <120 0
-- 14887 <119 1
-- 14974 <118 23
-- 15047 <117 59
-- 15191 <116 13
-- 15216 <115 44
-- 15444 <114 125
-- 16161 <113 495
-- 18140 <112 1851
-- 22662 <111 5808
-- 32621 <110 14629
-- 54453 <109 33673
-- 99785 <108 74361
-- 202535 <107 171054
-- 330258 <106 294597
false 596733 aborted

1000017 14713 14470 14568 14599 14671 14702 14752 14829 14980 14887 14974 15047 15191 15216 15444 16161 18140 22662 32621 54453 99785 202535 330258
FAIL0=14713 FAIL1=14470 FAIL10=14974 FAIL11=15047 FAIL12=15191 FAIL13=15216 FAIL14=15444 FAIL15=16161 FAIL16=18140 FAIL17=22662 FAIL18=32621 FAIL19=54453 FAIL2=14568 FAIL20=99785 FAIL21=202535 FAIL22=330258 FAIL3=14599 FAIL4=14671 FAIL5=14702 FAIL6=14752 FAIL7=14829 FAIL8=14980 FAIL9=14887 
