hostname = r1i4n5
commandline = ../glasgow/solve_subgraph_isomorphism --value-ordering=biased --geometric-restarts=1.0 --restarts-constant=1420 --triggered-restarts --threads=36 --timeout 1000 --format lad ../instances/meshes-CVIU11/patterns/pattern3 ../instances/meshes-CVIU11/targets/target409
started_at = 2018-11-17 22:31:37
pattern_file = ../instances/meshes-CVIU11/patterns/pattern3
target_file = ../instances/meshes-CVIU11/targets/target409
status = true
nodes = 27221
propagations = 60436
mapping = (0 -> 11) (1 -> 1) (2 -> 291) (3 -> 290) (4 -> 316) (5 -> 279) (6 -> 278) (7 -> 303) (8 -> 302) (9 -> 301) (10 -> 300) (11 -> 298) (12 -> 297) (13 -> 296) (14 -> 275) (15 -> 242) (16 -> 243) (17 -> 244) (18 -> 245) (19 -> 199) (20 -> 218) (21 -> 217) (22 -> 200) (23 -> 201) (24 -> 216) (25 -> 202) (26 -> 213) (27 -> 212) (28 -> 224) (29 -> 223) (30 -> 237) (31 -> 236) (32 -> 271) (33 -> 270) (34 -> 293) (35 -> 292) (36 -> 299) (37 -> 318) (38 -> 317) (39 -> 214) (40 -> 222) (41 -> 238) (42 -> 239) (43 -> 240) (44 -> 241) (45 -> 219) (46 -> 195) (47 -> 172) (48 -> 193) (49 -> 171) (50 -> 170) (51 -> 152) (52 -> 153) (53 -> 136) (54 -> 119) (55 -> 118) (56 -> 196) (57 -> 173) (58 -> 174) (59 -> 155) (60 -> 156) (61 -> 139) (62 -> 138) (63 -> 121) (64 -> 257) (65 -> 256) (66 -> 246) (67 -> 247) (68 -> 255) (69 -> 258) (70 -> 259) (71 -> 180) (72 -> 179) (73 -> 158) (74 -> 141) (75 -> 124) (76 -> 125) (77 -> 178) (78 -> 177) (79 -> 198) (80 -> 175) (81 -> 176) (82 -> 157) (83 -> 295) (84 -> 274) (85 -> 277) (86 -> 325) (87 -> 324) (88 -> 281) (89 -> 307) (90 -> 282) (91 -> 261) (92 -> 260) (93 -> 253) (94 -> 254) (95 -> 248) (96 -> 250) (97 -> 251) (98 -> 185) (99 -> 184) (100 -> 163) (101 -> 164) (102 -> 165) (103 -> 183) (104 -> 182) (105 -> 161) (106 -> 144) (107 -> 145) (108 -> 128) (109 -> 111) (110 -> 262) (111 -> 231) (112 -> 232) (113 -> 228) (114 -> 227) (115 -> 229) (116 -> 230) (117 -> 209) (118 -> 210) (119 -> 211) (120 -> 204) (121 -> 283) (122 -> 308) (123 -> 113) (124 -> 96) (125 -> 306) (126 -> 323) (127 -> 322) (128 -> 311) (129 -> 321) (130 -> 320) (131 -> 319) (132 -> 305) (133 -> 140) (134 -> 123) (135 -> 122) (136 -> 105) (137 -> 106) (138 -> 107) (139 -> 90) (140 -> 91) (141 -> 108) (142 -> 109) (143 -> 92) (144 -> 93) (145 -> 110) (146 -> 127) (147 -> 126) (148 -> 89) (149 -> 77) (150 -> 76) (151 -> 87) (152 -> 86) (153 -> 85) (154 -> 84) (155 -> 149) (156 -> 27) (157 -> 112) (158 -> 20) (159 -> 203) (160 -> 51) (161 -> 335) (162 -> 354) 
runtime = 100
t21.stop_reason = aborted
t21.restarts = 3
t21.nogoods_size = 788
t21.nodes = 1353
t21.propagations = 1353
t0.stop_reason = aborted
t0.restarts = 3
t0.nogoods_size = 788
t0.nodes = 2604
t0.propagations = 2604
t12.stop_reason = aborted
t12.restarts = 3
t12.nogoods_size = 788
t12.nodes = 1277
t12.propagations = 1277
t2.where = -1/-1 -1/-1 0/2 -1/-1 -1/-1 -1/-1 -1/-1 -1/-1 -1/-1 -1/-1 0/223 -1/-1 0/4 -1/-1 0/2 -1/-1 0/2 -1/-1 -1/-1 0/2 -1/-1 0/3 -1/-1 -1/-1 -1/-1 0/2 -1/-1 -1/-1 0/2 -1/-1 0/2 -1/-1 0/2 -1/-1 -1/-1 -1/-1 -1/-1 0/2 -1/-1 0/2 -1/-1 0/3 -1/-1 0/2 -1/-1 0/3 -1/-1 0/2 -1/-1 -1/-1 -1/-1 -1/-1 -1/-1 0/2 -1/-1 -1/-1 0/2 -1/-1 0/2 -1/-1 0/2 -1/-1 0/2 -1/-1 0/2 -1/-1 0/2 -1/-1 -1/-1 0/2 -1/-1 0/2 -1/-1 0/2 -1/-1 0/2 -1/-1 0/3 -1/-1 0/2 -1/-1 0/3 -1/-1 1/2 -1/-1 0/3 -1/-1 0/2 -1/-1 0/2 -1/-1 -1/-1 0/2 -1/-1 -1/-1 -1/-1 0/3 -1/-1 1/2 -1/-1 0/2 -1/-1 0/2 -1/-1 0/2 -1/-1 0/2 -1/-1 0/3 -1/-1 0/2 -1/-1 0/2 -1/-1 0/2 -1/-1 0/2 -1/-1 0/2 -1/-1 -1/-1 0/2 -1/-1 -1/-1 0/2 -1/-1 0/2 -1/-1 0/3 -1/-1 -1/-1 0/3 -1/-1 0/2 -1/-1 0/3 -1/-1 0/3 -1/-1 0/2 -1/-1 0/3 -1/-1 0/4 -1/-1 -1/-1 0/2 -1/-1 0/3 -1/-1 0/3 -1/-1 0/4 -1/-1 -1/-1 0/2 -1/-1 -1/-1 0/2 -1/-1 -1/-1 0/2 -1/-1 -1/-1 0/3 -1/-1 0/2 -1/-1 0/2 -1/-1 -1/-1 0/3 -1/-1 -1/-1 0/2 -1/-1 0/2 -1/-1 -1/-1 0/2 -1/-1 0/3 -1/-1 -1/-1 0/2 -1/-1 0/2 -1/-1 0/2 -1/-1 0/3 -1/-1 0/3 -1/-1 0/3 -1/-1 0/3 -1/-1 0/2 -1/-1 0/3 -1/-1 0/2 -1/-1 -1/-1 0/2 -1/-1 0/2 -1/-1 0/3 -1/-1 0/2 -1/-1 0/3 -1/-1 0/4 -1/-1 0/180 -1/-1 0/4 -1/-1 0/2 -1/-1 0/3 -1/-1 0/2 -1/-1 -1/-1 -1/-1 0/2 -1/-1 0/2 -1/-1 0/2 -1/-1 0/2 -1/-1 0/2 -1/-1 -1/-1 -1/-1 0/3 -1/-1 -1/-1 0/3 -1/-1 -1/-1 -1/-1 0/3 -1/-1 0/2 -1/-1 0/3 -1/-1 0/169 -1/-1 0/2 -1/-1 -1/-1 0/187 -1/-1 0/4 -1/-1 0/187 -1/-1 0/186 -1/-1 0/185 -1/-1 0/184 -1/-1 0/183 -1/-1 0/182 -1/-1 0/181 -1/-1 0/180 -1/-1 0/179 -1/-1
t2.stop_reason = satisfiable
t2.restarts = 3
t2.nogoods_size = 788
t2.nodes = 803
t2.propagations = 803
t25.stop_reason = aborted
t25.restarts = 3
t25.nogoods_size = 788
t25.nodes = 237
t25.propagations = 237
t6.stop_reason = aborted
t6.restarts = 3
t6.nogoods_size = 788
t6.nodes = 1988
t6.propagations = 1988
t15.stop_reason = aborted
t15.restarts = 3
t15.nogoods_size = 788
t15.nodes = 646
t15.propagations = 646
t5.stop_reason = aborted
t5.restarts = 3
t5.nogoods_size = 788
t5.nodes = 820
t5.propagations = 820
t33.stop_reason = aborted
t33.restarts = 3
t33.nogoods_size = 788
t33.nodes = 415
t33.propagations = 415
t14.stop_reason = aborted
t14.restarts = 3
t14.nogoods_size = 788
t14.nodes = 803
t14.propagations = 803
t3.stop_reason = aborted
t3.restarts = 3
t3.nogoods_size = 788
t3.nodes = 2371
t3.propagations = 2371
t26.stop_reason = aborted
t26.restarts = 3
t26.nogoods_size = 788
t26.nodes = 256
t26.propagations = 256
t17.stop_reason = aborted
t17.restarts = 3
t17.nogoods_size = 788
t17.nodes = 1211
t17.propagations = 1211
t8.stop_reason = aborted
t8.restarts = 3
t8.nogoods_size = 788
t8.nodes = 1789
t8.propagations = 1789
t31.stop_reason = aborted
t31.restarts = 3
t31.nogoods_size = 788
t31.nodes = 177
t31.propagations = 177
t22.stop_reason = aborted
t22.restarts = 3
t22.nogoods_size = 788
t22.nodes = 435
t22.propagations = 435
t19.stop_reason = aborted
t19.restarts = 3
t19.nogoods_size = 788
t19.nodes = 319
t19.propagations = 319
t23.stop_reason = aborted
t23.restarts = 3
t23.nogoods_size = 788
t23.nodes = 359
t23.propagations = 359
t32.stop_reason = aborted
t32.restarts = 3
t32.nogoods_size = 788
t32.nodes = 179
t32.propagations = 179
t1.stop_reason = aborted
t1.restarts = 3
t1.nogoods_size = 788
t1.nodes = 713
t1.propagations = 713
t18.stop_reason = aborted
t18.restarts = 3
t18.nogoods_size = 788
t18.nodes = 319
t18.propagations = 319
t13.stop_reason = aborted
t13.restarts = 3
t13.nogoods_size = 788
t13.nodes = 515
t13.propagations = 515
t28.stop_reason = aborted
t28.restarts = 3
t28.nogoods_size = 788
t28.nodes = 144
t28.propagations = 144
t29.stop_reason = aborted
t29.restarts = 3
t29.nogoods_size = 788
t29.nodes = 96
t29.propagations = 96
t35.stop_reason = aborted
t35.restarts = 3
t35.nogoods_size = 788
t35.nodes = 367
t35.propagations = 367
t7.stop_reason = aborted
t7.restarts = 3
t7.nogoods_size = 788
t7.nodes = 1047
t7.propagations = 1047
t10.stop_reason = aborted
t10.restarts = 3
t10.nogoods_size = 788
t10.nodes = 740
t10.propagations = 740
t30.stop_reason = aborted
t30.restarts = 3
t30.nogoods_size = 788
t30.nodes = 95
t30.propagations = 95
t4.stop_reason = aborted
t4.restarts = 3
t4.nogoods_size = 788
t4.nodes = 2132
t4.propagations = 2132
t16.stop_reason = aborted
t16.restarts = 3
t16.nogoods_size = 788
t16.nodes = 567
t16.propagations = 567
t34.stop_reason = aborted
t34.restarts = 3
t34.nogoods_size = 788
t34.nodes = 99
t34.propagations = 99
t9.stop_reason = aborted
t9.restarts = 3
t9.nogoods_size = 788
t9.nodes = 488
t9.propagations = 488
t24.stop_reason = aborted
t24.restarts = 3
t24.nogoods_size = 788
t24.nodes = 513
t24.propagations = 513
t11.stop_reason = aborted
t11.restarts = 3
t11.nogoods_size = 788
t11.nodes = 766
t11.propagations = 766
t20.stop_reason = aborted
t20.restarts = 3
t20.nogoods_size = 788
t20.nodes = 363
t20.propagations = 363
t27.stop_reason = aborted
t27.restarts = 3
t27.nogoods_size = 788
t27.nodes = 215
t27.propagations = 215
search_time = 58
