hostname = r1i4n4
commandline = ../glasgow/solve_subgraph_isomorphism --value-ordering=biased --geometric-restarts=1.0 --restarts-constant=1420 --triggered-restarts --threads=36 --timeout 1000 --format lad ../instances/meshes-CVIU11/patterns/pattern3 ../instances/meshes-CVIU11/targets/target452
started_at = 2018-11-17 22:31:17
pattern_file = ../instances/meshes-CVIU11/patterns/pattern3
target_file = ../instances/meshes-CVIU11/targets/target452
status = true
nodes = 292426
propagations = 640145
mapping = (0 -> 3626) (1 -> 3) (2 -> 1665) (3 -> 1666) (4 -> 1689) (5 -> 1474) (6 -> 1480) (7 -> 1481) (8 -> 1513) (9 -> 1512) (10 -> 1511) (11 -> 1498) (12 -> 1484) (13 -> 1496) (14 -> 1486) (15 -> 1368) (16 -> 1367) (17 -> 1365) (18 -> 1364) (19 -> 1363) (20 -> 1338) (21 -> 1339) (22 -> 1336) (23 -> 1335) (24 -> 2222) (25 -> 2223) (26 -> 2224) (27 -> 2190) (28 -> 2191) (29 -> 2192) (30 -> 2193) (31 -> 2194) (32 -> 2195) (33 -> 2215) (34 -> 2213) (35 -> 2212) (36 -> 1499) (37 -> 1500) (38 -> 2235) (39 -> 2221) (40 -> 2220) (41 -> 1337) (42 -> 2234) (43 -> 2219) (44 -> 2217) (45 -> 1366) (46 -> 2225) (47 -> 2187) (48 -> 2186) (49 -> 2188) (50 -> 2189) (51 -> 1584) (52 -> 1585) (53 -> 1581) (54 -> 1579) (55 -> 1580) (56 -> 2230) (57 -> 2231) (58 -> 2227) (59 -> 2228) (60 -> 1334) (61 -> 1333) (62 -> 1330) (63 -> 1331) (64 -> 1369) (65 -> 1370) (66 -> 1371) (67 -> 1492) (68 -> 1493) (69 -> 1487) (70 -> 1488) (71 -> 1405) (72 -> 1404) (73 -> 1403) (74 -> 1402) (75 -> 1411) (76 -> 1412) (77 -> 1372) (78 -> 1373) (79 -> 1374) (80 -> 1394) (81 -> 1376) (82 -> 1377) (83 -> 1497) (84 -> 2218) (85 -> 1482) (86 -> 1473) (87 -> 1528) (88 -> 1521) (89 -> 1526) (90 -> 1525) (91 -> 1540) (92 -> 2140) (93 -> 2117) (94 -> 2116) (95 -> 2115) (96 -> 1815) (97 -> 1814) (98 -> 1800) (99 -> 1799) (100 -> 1798) (101 -> 1797) (102 -> 1796) (103 -> 1816) (104 -> 1813) (105 -> 1733) (106 -> 1824) (107 -> 1823) (108 -> 1822) (109 -> 1819) (110 -> 1541) (111 -> 1542) (112 -> 2118) (113 -> 2119) (114 -> 2120) (115 -> 1543) (116 -> 1544) (117 -> 1545) (118 -> 1546) (119 -> 1547) (120 -> 1548) (121 -> 1524) (122 -> 1527) (123 -> 3478) (124 -> 3477) (125 -> 2138) (126 -> 2124) (127 -> 1794) (128 -> 2121) (129 -> 2122) (130 -> 1795) (131 -> 1804) (132 -> 1657) (133 -> 3145) (134 -> 3144) (135 -> 3155) (136 -> 3156) (137 -> 3322) (138 -> 3325) (139 -> 3336) (140 -> 3337) (141 -> 3318) (142 -> 3341) (143 -> 3306) (144 -> 3317) (145 -> 3338) (146 -> 3335) (147 -> 3326) (148 -> 3321) (149 -> 3320) (150 -> 3319) (151 -> 3340) (152 -> 3343) (153 -> 3342) (154 -> 3303) (155 -> 4004) (156 -> 2995) (157 -> 3550) (158 -> 1263) (159 -> 1182) (160 -> 2914) (161 -> 403) (162 -> 1268) 
runtime = 4271
t12.where = -1/-1 -1/-1 -1/-1 0/2 -1/-1 -1/-1 -1/-1 -1/-1 -1/-1 -1/-1 1/1336 -1/-1 0/4 -1/-1 -1/-1 0/2 -1/-1 -1/-1 0/2 -1/-1 0/2 -1/-1 0/3 -1/-1 0/2 -1/-1 -1/-1 1/2 -1/-1 -1/-1 -1/-1 0/3 -1/-1 0/3 -1/-1 0/2 -1/-1 -1/-1 0/2 -1/-1 0/3 -1/-1 2/3 -1/-1 0/3 -1/-1 -1/-1 -1/-1 -1/-1 -1/-1 -1/-1 0/2 -1/-1 1/2 -1/-1 -1/-1 0/2 -1/-1 0/2 -1/-1 0/2 -1/-1 0/2 -1/-1 -1/-1 0/2 -1/-1 -1/-1 -1/-1 0/2 -1/-1 -1/-1 -1/-1 -1/-1 -1/-1 -1/-1 -1/-1 0/2 -1/-1 0/2 -1/-1 0/2 -1/-1 0/2 -1/-1 0/2 -1/-1 0/2 -1/-1 -1/-1 0/2 -1/-1 0/2 -1/-1 0/2 -1/-1 0/2 -1/-1 -1/-1 -1/-1 -1/-1 -1/-1 -1/-1 0/2 -1/-1 -1/-1 -1/-1 -1/-1 -1/-1 -1/-1 -1/-1 0/2 -1/-1 -1/-1 0/3 -1/-1 0/2 -1/-1 0/3 -1/-1 0/2 -1/-1 -1/-1 0/2 -1/-1 0/2 -1/-1 0/3 -1/-1 0/3 -1/-1 0/3 -1/-1 0/2 -1/-1 0/3 -1/-1 0/3 -1/-1 0/2 -1/-1 -1/-1 0/2 -1/-1 0/2 -1/-1 -1/-1 0/2 -1/-1 0/2 -1/-1 -1/-1 0/3 -1/-1 0/2 -1/-1 0/3 -1/-1 0/3 -1/-1 0/3 -1/-1 0/2 -1/-1 -1/-1 0/2 -1/-1 1/3 -1/-1 -1/-1 -1/-1 0/2 -1/-1 0/3 -1/-1 0/2 -1/-1 -1/-1 0/2 -1/-1 -1/-1 -1/-1 -1/-1 0/2 -1/-1 0/3 -1/-1 -1/-1 0/2 -1/-1 0/2 -1/-1 0/2 -1/-1 0/2 -1/-1 0/3 -1/-1 0/3 -1/-1 0/2369 -1/-1 0/4 -1/-1 0/3 -1/-1 0/3 -1/-1 0/3 -1/-1 0/2 -1/-1 0/3 -1/-1 0/2 -1/-1 0/2 -1/-1 0/2 -1/-1 0/2 -1/-1 0/2 -1/-1 0/2 -1/-1 -1/-1 -1/-1 -1/-1 0/2 -1/-1 0/3 -1/-1 0/2 -1/-1 0/3 -1/-1 0/2 -1/-1 0/3 -1/-1 0/2672 -1/-1 0/3 -1/-1 0/3 -1/-1 0/3464 -1/-1 0/4 -1/-1 0/3561 -1/-1 0/3560 -1/-1 0/3559 -1/-1 0/3558 -1/-1 0/3557 -1/-1 0/3556 -1/-1 0/3555 -1/-1 0/3554 -1/-1 0/3553 -1/-1
t12.stop_reason = satisfiable
t12.restarts = 8
t12.nogoods_size = 5134
t12.nodes = 7793
t12.propagations = 7793
t26.stop_reason = aborted
t26.restarts = 8
t26.nogoods_size = 5134
t26.nodes = 9723
t26.propagations = 9723
t11.stop_reason = aborted
t11.restarts = 8
t11.nogoods_size = 5134
t11.nodes = 6622
t11.propagations = 6622
t20.stop_reason = aborted
t20.restarts = 8
t20.nogoods_size = 5134
t20.nodes = 6488
t20.propagations = 6488
t24.stop_reason = aborted
t24.restarts = 8
t24.nogoods_size = 5134
t24.nodes = 10243
t24.propagations = 10243
t4.stop_reason = aborted
t4.restarts = 8
t4.nogoods_size = 5134
t4.nodes = 6305
t4.propagations = 6305
t18.stop_reason = aborted
t18.restarts = 8
t18.nogoods_size = 5134
t18.nodes = 16365
t18.propagations = 16365
t0.stop_reason = aborted
t0.restarts = 8
t0.nogoods_size = 5134
t0.nodes = 9542
t0.propagations = 9542
t6.stop_reason = aborted
t6.restarts = 8
t6.nogoods_size = 5134
t6.nodes = 8923
t6.propagations = 8923
t5.stop_reason = aborted
t5.restarts = 8
t5.nogoods_size = 5134
t5.nodes = 11616
t5.propagations = 11616
t2.stop_reason = aborted
t2.restarts = 8
t2.nogoods_size = 5134
t2.nodes = 7363
t2.propagations = 7363
t28.stop_reason = aborted
t28.restarts = 8
t28.nogoods_size = 5134
t28.nodes = 8561
t28.propagations = 8561
t34.stop_reason = aborted
t34.restarts = 8
t34.nogoods_size = 5134
t34.nodes = 8066
t34.propagations = 8066
t35.stop_reason = aborted
t35.restarts = 8
t35.nogoods_size = 5134
t35.nodes = 10422
t35.propagations = 10422
t23.stop_reason = aborted
t23.restarts = 8
t23.nogoods_size = 5134
t23.nodes = 7791
t23.propagations = 7791
t13.stop_reason = aborted
t13.restarts = 8
t13.nogoods_size = 5134
t13.nodes = 11532
t13.propagations = 11532
t19.stop_reason = aborted
t19.restarts = 8
t19.nogoods_size = 5134
t19.nodes = 7215
t19.propagations = 7215
t7.stop_reason = aborted
t7.restarts = 8
t7.nogoods_size = 5134
t7.nodes = 7645
t7.propagations = 7645
t27.stop_reason = aborted
t27.restarts = 8
t27.nogoods_size = 5134
t27.nodes = 9751
t27.propagations = 9751
t21.stop_reason = aborted
t21.restarts = 8
t21.nogoods_size = 5134
t21.nodes = 9171
t21.propagations = 9171
t9.stop_reason = aborted
t9.restarts = 8
t9.nogoods_size = 5134
t9.nodes = 7824
t9.propagations = 7824
t32.stop_reason = aborted
t32.restarts = 8
t32.nogoods_size = 5134
t32.nodes = 6960
t32.propagations = 6960
t3.stop_reason = aborted
t3.restarts = 8
t3.nogoods_size = 5134
t3.nodes = 6710
t3.propagations = 6710
t29.stop_reason = aborted
t29.restarts = 8
t29.nogoods_size = 5134
t29.nodes = 8590
t29.propagations = 8590
t25.stop_reason = aborted
t25.restarts = 8
t25.nogoods_size = 5134
t25.nodes = 6016
t25.propagations = 6016
t31.stop_reason = aborted
t31.restarts = 8
t31.nogoods_size = 5134
t31.nodes = 5856
t31.propagations = 5856
t1.stop_reason = aborted
t1.restarts = 8
t1.nogoods_size = 5134
t1.nodes = 7296
t1.propagations = 7296
t8.stop_reason = aborted
t8.restarts = 8
t8.nogoods_size = 5134
t8.nodes = 6464
t8.propagations = 6464
t22.stop_reason = aborted
t22.restarts = 8
t22.nogoods_size = 5134
t22.nodes = 6315
t22.propagations = 6315
t14.stop_reason = aborted
t14.restarts = 8
t14.nogoods_size = 5134
t14.nodes = 7061
t14.propagations = 7061
t15.stop_reason = aborted
t15.restarts = 8
t15.nogoods_size = 5134
t15.nodes = 6105
t15.propagations = 6105
t16.stop_reason = aborted
t16.restarts = 8
t16.nogoods_size = 5134
t16.nodes = 7530
t16.propagations = 7530
t17.stop_reason = aborted
t17.restarts = 8
t17.nogoods_size = 5134
t17.nodes = 6116
t17.propagations = 6116
t33.stop_reason = aborted
t33.restarts = 8
t33.nogoods_size = 5134
t33.nodes = 7263
t33.propagations = 7263
t30.stop_reason = aborted
t30.restarts = 8
t30.nogoods_size = 5134
t30.nodes = 8630
t30.propagations = 8630
t10.stop_reason = aborted
t10.restarts = 8
t10.nogoods_size = 5134
t10.nodes = 6553
t10.propagations = 6553
search_time = 2508
