hostname = r1i4n7
commandline = ../glasgow/solve_subgraph_isomorphism --value-ordering=biased --geometric-restarts=1.0 --restarts-constant=1420 --triggered-restarts --threads=36 --timeout 1000 --format lad ../instances/LV/g18 ../instances/largerGraphs/g75
started_at = 2018-11-17 22:29:22
pattern_file = ../instances/LV/g18
target_file = ../instances/largerGraphs/g75
status = true
nodes = 1043
propagations = 1164
mapping = (0 -> 49) (1 -> 468) (2 -> 48) (3 -> 419) (4 -> 53) (5 -> 426) (6 -> 40) (7 -> 432) (8 -> 578) (9 -> 50) (10 -> 595) (11 -> 56) (12 -> 429) (13 -> 72) (14 -> 428) (15 -> 71) (16 -> 59) (17 -> 414) (18 -> 47) (19 -> 381) (20 -> 54) (21 -> 470) (22 -> 68) (23 -> 431) (24 -> 479) (25 -> 58) (26 -> 437) (27 -> 52) (28 -> 422) (29 -> 66) (30 -> 577) (31 -> 60) (32 -> 42) (33 -> 393) (34 -> 43) (35 -> 427) (36 -> 63) (37 -> 587) (38 -> 61) (39 -> 436) (40 -> 467) (41 -> 41) (42 -> 466) (43 -> 45) (44 -> 474) (45 -> 64) (46 -> 434) (47 -> 39) (48 -> 67) (49 -> 433) (50 -> 55) (51 -> 417) (52 -> 44) (53 -> 418) (54 -> 69) (55 -> 420) (56 -> 424) (57 -> 51) (58 -> 469) (59 -> 57) (60 -> 398) (61 -> 46) (62 -> 471) (63 -> 70) 
runtime = 70
t29.stop_reason = aborted
t29.restarts = 2
t29.nogoods_size = 36
t29.nodes = 8
t29.propagations = 8
t30.stop_reason = aborted
t30.restarts = 2
t30.nogoods_size = 36
t30.nodes = 7
t30.propagations = 7
t20.stop_reason = aborted
t20.restarts = 2
t20.nogoods_size = 36
t20.nodes = 23
t20.propagations = 23
t10.stop_reason = aborted
t10.restarts = 2
t10.nogoods_size = 36
t10.nodes = 44
t10.propagations = 44
t0.where = 0/383 -1/-1 0/150 -1/-1 0/146 -1/-1 0/115 -1/-1 0/114 -1/-1 0/133 -1/-1 0/109 -1/-1 0/108 -1/-1 0/109 -1/-1 0/32 -1/-1 0/31 -1/-1 0/112 -1/-1 0/14 -1/-1 0/102 -1/-1 0/16 -1/-1 0/15 -1/-1 0/110 -1/-1 0/10 -1/-1 0/9 -1/-1 0/88 -1/-1 0/29 -1/-1 0/103 -1/-1 0/97 -1/-1 0/95 -1/-1 0/14 -1/-1 0/81 -1/-1 0/6 -1/-1 0/5 -1/-1 0/74 -1/-1 0/65 -1/-1 0/64 -1/-1 0/67 -1/-1 0/11 -1/-1 0/10 -1/-1 0/42 -1/-1 0/17 -1/-1 0/16 -1/-1 0/6 -1/-1 0/12 -1/-1 0/13 -1/-1 0/6 -1/-1 0/11 -1/-1 0/12 -1/-1 0/15 -1/-1 0/16 -1/-1 0/17 -1/-1 0/10 -1/-1 0/9 -1/-1 0/6 -1/-1 0/7 -1/-1 0/4 -1/-1 0/6 -1/-1 0/12 -1/-1 0/11 -1/-1 0/14 -1/-1 0/15 -1/-1 0/15 -1/-1 0/26 -1/-1 0/13 -1/-1 0/21 -1/-1 0/2 -1/-1 0/28 -1/-1 0/30 -1/-1 0/63 -1/-1
t0.stop_reason = satisfiable
t0.restarts = 2
t0.nogoods_size = 36
t0.nodes = 65
t0.propagations = 65
t2.stop_reason = aborted
t2.restarts = 2
t2.nogoods_size = 36
t2.nodes = 59
t2.propagations = 59
t1.stop_reason = aborted
t1.restarts = 2
t1.nogoods_size = 36
t1.nodes = 58
t1.propagations = 58
t28.stop_reason = aborted
t28.restarts = 2
t28.nogoods_size = 36
t28.nodes = 9
t28.propagations = 9
t11.stop_reason = aborted
t11.restarts = 2
t11.nogoods_size = 36
t11.nodes = 38
t11.propagations = 38
t31.stop_reason = aborted
t31.restarts = 2
t31.nogoods_size = 36
t31.nodes = 5
t31.propagations = 5
t33.stop_reason = aborted
t33.restarts = 2
t33.nogoods_size = 36
t33.nodes = 1
t33.propagations = 1
t9.stop_reason = aborted
t9.restarts = 2
t9.nogoods_size = 36
t9.nodes = 42
t9.propagations = 42
t32.stop_reason = aborted
t32.restarts = 2
t32.nogoods_size = 36
t32.nodes = 3
t32.propagations = 3
t26.stop_reason = aborted
t26.restarts = 2
t26.nogoods_size = 36
t26.nodes = 13
t26.propagations = 13
t27.stop_reason = aborted
t27.restarts = 2
t27.nogoods_size = 36
t27.nodes = 13
t27.propagations = 13
t25.stop_reason = aborted
t25.restarts = 2
t25.nogoods_size = 36
t25.nodes = 16
t25.propagations = 16
t34.stop_reason = aborted
t34.restarts = 2
t34.nogoods_size = 36
t34.nodes = 0
t34.propagations = 0
t24.stop_reason = aborted
t24.restarts = 2
t24.nogoods_size = 36
t24.nodes = 17
t24.propagations = 17
t14.stop_reason = aborted
t14.restarts = 2
t14.nogoods_size = 36
t14.nodes = 35
t14.propagations = 35
t22.stop_reason = aborted
t22.restarts = 2
t22.nogoods_size = 36
t22.nodes = 20
t22.propagations = 20
t6.stop_reason = aborted
t6.restarts = 2
t6.nogoods_size = 36
t6.nodes = 78
t6.propagations = 78
t15.stop_reason = aborted
t15.restarts = 2
t15.nogoods_size = 36
t15.nodes = 30
t15.propagations = 30
t8.stop_reason = aborted
t8.restarts = 2
t8.nogoods_size = 36
t8.nodes = 38
t8.propagations = 38
t4.stop_reason = aborted
t4.restarts = 2
t4.nogoods_size = 36
t4.nodes = 41
t4.propagations = 41
t7.stop_reason = aborted
t7.restarts = 2
t7.nogoods_size = 36
t7.nodes = 48
t7.propagations = 48
t12.stop_reason = aborted
t12.restarts = 2
t12.nogoods_size = 36
t12.nodes = 38
t12.propagations = 38
t19.stop_reason = aborted
t19.restarts = 2
t19.nogoods_size = 36
t19.nodes = 25
t19.propagations = 25
t16.stop_reason = aborted
t16.restarts = 2
t16.nogoods_size = 36
t16.nodes = 32
t16.propagations = 32
t21.stop_reason = aborted
t21.restarts = 2
t21.nogoods_size = 36
t21.nodes = 20
t21.propagations = 20
t18.stop_reason = aborted
t18.restarts = 2
t18.nogoods_size = 36
t18.nodes = 27
t18.propagations = 27
t23.stop_reason = aborted
t23.restarts = 2
t23.nogoods_size = 36
t23.nodes = 19
t23.propagations = 19
t5.stop_reason = aborted
t5.restarts = 2
t5.nogoods_size = 36
t5.nodes = 55
t5.propagations = 55
t17.stop_reason = aborted
t17.restarts = 2
t17.nogoods_size = 36
t17.nodes = 26
t17.propagations = 26
t3.stop_reason = aborted
t3.restarts = 2
t3.nogoods_size = 36
t3.nodes = 53
t3.propagations = 53
t35.stop_reason = aborted
t35.restarts = 2
t35.nogoods_size = 36
t35.nodes = 0
t35.propagations = 0
t13.stop_reason = aborted
t13.restarts = 2
t13.nogoods_size = 36
t13.nodes = 37
t13.propagations = 37
search_time = 27
