hostname = r1i4n7
commandline = ../glasgow/solve_subgraph_isomorphism --value-ordering=biased --geometric-restarts=1.0 --restarts-constant=1420 --triggered-restarts --threads=36 --timeout 1000 --format lad ../instances/LV/g19 ../instances/largerGraphs/g73-normed
started_at = 2018-11-18 00:03:10
pattern_file = ../instances/LV/g19
target_file = ../instances/largerGraphs/g73-normed
status = aborted
nodes = 702207151
propagations = 1821719025
runtime = 1038937
t21.stop_reason = aborted
t21.restarts = 5408
t21.nogoods_size = 2168766
t21.nodes = 19201689
t21.propagations = 19201689
t28.stop_reason = aborted
t28.restarts = 5408
t28.nogoods_size = 2168766
t28.nodes = 18885472
t28.propagations = 18885472
t27.stop_reason = aborted
t27.restarts = 5408
t27.nogoods_size = 2168766
t27.nodes = 19685135
t27.propagations = 19685135
t23.stop_reason = aborted
t23.restarts = 5408
t23.nogoods_size = 2168766
t23.nodes = 17986269
t23.propagations = 17986269
t5.stop_reason = aborted
t5.restarts = 5408
t5.nogoods_size = 2168766
t5.nodes = 20450722
t5.propagations = 20450722
t32.stop_reason = aborted
t32.restarts = 5408
t32.nogoods_size = 2168766
t32.nodes = 20344008
t32.propagations = 20344008
t2.stop_reason = aborted
t2.restarts = 5408
t2.nogoods_size = 2168766
t2.nodes = 19266131
t2.propagations = 19266131
t13.stop_reason = aborted
t13.restarts = 5408
t13.nogoods_size = 2168766
t13.nodes = 20913643
t13.propagations = 20913643
t7.stop_reason = aborted
t7.restarts = 5408
t7.nogoods_size = 2168766
t7.nodes = 20162749
t7.propagations = 20162749
t0.stop_reason = aborted
t0.restarts = 5408
t0.nogoods_size = 2168766
t0.nodes = 7774601
t0.propagations = 7774601
t34.stop_reason = aborted
t34.restarts = 5408
t34.nogoods_size = 2168766
t34.nodes = 20774913
t34.propagations = 20774913
t25.stop_reason = aborted
t25.restarts = 5408
t25.nogoods_size = 2168766
t25.nodes = 19527713
t25.propagations = 19527713
t14.stop_reason = aborted
t14.restarts = 5408
t14.nogoods_size = 2168766
t14.nodes = 19512703
t14.propagations = 19512703
t8.stop_reason = aborted
t8.restarts = 5408
t8.nogoods_size = 2168766
t8.nodes = 20707190
t8.propagations = 20707190
t10.stop_reason = aborted
t10.restarts = 5408
t10.nogoods_size = 2168766
t10.nodes = 19309387
t10.propagations = 19309387
t6.stop_reason = aborted
t6.restarts = 5408
t6.nogoods_size = 2168766
t6.nodes = 20773830
t6.propagations = 20773830
t22.stop_reason = aborted
t22.restarts = 5408
t22.nogoods_size = 2168766
t22.nodes = 20501633
t22.propagations = 20501633
t3.stop_reason = aborted
t3.restarts = 5408
t3.nogoods_size = 2168766
t3.nodes = 20051506
t3.propagations = 20051506
t11.stop_reason = aborted
t11.restarts = 5408
t11.nogoods_size = 2168766
t11.nodes = 19323129
t11.propagations = 19323129
t24.stop_reason = aborted
t24.restarts = 5408
t24.nogoods_size = 2168766
t24.nodes = 20063950
t24.propagations = 20063950
t1.stop_reason = aborted
t1.restarts = 5408
t1.nogoods_size = 2168766
t1.nodes = 19298786
t1.propagations = 19298786
t19.stop_reason = aborted
t19.restarts = 5408
t19.nogoods_size = 2168766
t19.nodes = 19185833
t19.propagations = 19185833
t16.stop_reason = aborted
t16.restarts = 5408
t16.nogoods_size = 2168766
t16.nodes = 18967212
t16.propagations = 18967212
t35.stop_reason = aborted
t35.restarts = 5408
t35.nogoods_size = 2168766
t35.nodes = 20060040
t35.propagations = 20060040
t18.stop_reason = aborted
t18.restarts = 5408
t18.nogoods_size = 2168766
t18.nodes = 19486313
t18.propagations = 19486313
t9.stop_reason = aborted
t9.restarts = 5408
t9.nogoods_size = 2168766
t9.nodes = 19901899
t9.propagations = 19901899
t12.stop_reason = aborted
t12.restarts = 5408
t12.nogoods_size = 2168766
t12.nodes = 20312023
t12.propagations = 20312023
t26.stop_reason = aborted
t26.restarts = 5408
t26.nogoods_size = 2168766
t26.nodes = 20036083
t26.propagations = 20036083
t33.stop_reason = aborted
t33.restarts = 5408
t33.nogoods_size = 2168766
t33.nodes = 20723761
t33.propagations = 20723761
t4.stop_reason = aborted
t4.restarts = 5408
t4.nogoods_size = 2168766
t4.nodes = 20506708
t4.propagations = 20506708
t29.stop_reason = aborted
t29.restarts = 5408
t29.nogoods_size = 2168766
t29.nodes = 19801361
t29.propagations = 19801361
t20.stop_reason = aborted
t20.restarts = 5408
t20.nogoods_size = 2168766
t20.nodes = 19538885
t20.propagations = 19538885
t17.stop_reason = aborted
t17.restarts = 5408
t17.nogoods_size = 2168766
t17.nodes = 19558665
t17.propagations = 19558665
t30.stop_reason = aborted
t30.restarts = 5408
t30.nogoods_size = 2168766
t30.nodes = 20080785
t30.propagations = 20080785
t31.stop_reason = aborted
t31.restarts = 5408
t31.nogoods_size = 2168766
t31.nodes = 19314139
t31.propagations = 19314139
t15.stop_reason = aborted
t15.restarts = 5408
t15.nogoods_size = 2168766
t15.nodes = 20218285
t15.propagations = 20218285
search_time = 1000194
