hostname = r1i4n5
commandline = ../glasgow/solve_subgraph_isomorphism --value-ordering=biased --geometric-restarts=1.0 --restarts-constant=1420 --triggered-restarts --threads=36 --timeout 1000 --format lad ../instances/LV/g25 ../instances/largerGraphs/g51
started_at = 2018-11-17 22:29:26
pattern_file = ../instances/LV/g25
target_file = ../instances/largerGraphs/g51
status = false
nodes = 2519319
propagations = 9942614
runtime = 743
t5.stop_reason = aborted
t5.restarts = 58
t5.nogoods_size = 30738
t5.nodes = 70795
t5.propagations = 70795
t23.stop_reason = aborted
t23.restarts = 58
t23.nogoods_size = 30738
t23.nodes = 51533
t23.propagations = 51533
t9.stop_reason = unsatisfiable
t9.restarts = 58
t9.nogoods_size = 30738
t9.nodes = 77547
t9.propagations = 77547
t1.stop_reason = aborted
t1.restarts = 58
t1.nogoods_size = 30738
t1.nodes = 72223
t1.propagations = 72223
t13.stop_reason = aborted
t13.restarts = 58
t13.nogoods_size = 30738
t13.nodes = 71333
t13.propagations = 71333
t32.stop_reason = aborted
t32.restarts = 58
t32.nogoods_size = 30738
t32.nodes = 72091
t32.propagations = 72091
t35.stop_reason = aborted
t35.restarts = 58
t35.nogoods_size = 30738
t35.nodes = 74284
t35.propagations = 74284
t24.stop_reason = aborted
t24.restarts = 58
t24.nogoods_size = 30738
t24.nodes = 72828
t24.propagations = 72828
t10.stop_reason = aborted
t10.restarts = 58
t10.nogoods_size = 30738
t10.nodes = 76763
t10.propagations = 76763
t22.stop_reason = aborted
t22.restarts = 58
t22.nogoods_size = 30738
t22.nodes = 60432
t22.propagations = 60432
t17.stop_reason = aborted
t17.restarts = 58
t17.nogoods_size = 30738
t17.nodes = 40060
t17.propagations = 40060
t21.stop_reason = aborted
t21.restarts = 58
t21.nogoods_size = 30738
t21.nodes = 70420
t21.propagations = 70420
t0.stop_reason = aborted
t0.restarts = 58
t0.nogoods_size = 30738
t0.nodes = 80229
t0.propagations = 80229
t12.stop_reason = aborted
t12.restarts = 58
t12.nogoods_size = 30738
t12.nodes = 61346
t12.propagations = 61346
t26.stop_reason = aborted
t26.restarts = 58
t26.nogoods_size = 30738
t26.nodes = 72600
t26.propagations = 72600
t4.stop_reason = aborted
t4.restarts = 58
t4.nogoods_size = 30738
t4.nodes = 73153
t4.propagations = 73153
t14.stop_reason = aborted
t14.restarts = 58
t14.nogoods_size = 30738
t14.nodes = 67050
t14.propagations = 67050
t20.stop_reason = aborted
t20.restarts = 58
t20.nogoods_size = 30738
t20.nodes = 73982
t20.propagations = 73982
t15.stop_reason = aborted
t15.restarts = 58
t15.nogoods_size = 30738
t15.nodes = 71906
t15.propagations = 71906
t27.stop_reason = aborted
t27.restarts = 58
t27.nogoods_size = 30738
t27.nodes = 78403
t27.propagations = 78403
t11.stop_reason = aborted
t11.restarts = 58
t11.nogoods_size = 30738
t11.nodes = 62694
t11.propagations = 62694
t2.stop_reason = aborted
t2.restarts = 58
t2.nogoods_size = 30738
t2.nodes = 81856
t2.propagations = 81856
t3.stop_reason = aborted
t3.restarts = 58
t3.nogoods_size = 30738
t3.nodes = 72046
t3.propagations = 72046
t7.stop_reason = aborted
t7.restarts = 58
t7.nogoods_size = 30738
t7.nodes = 71226
t7.propagations = 71226
t25.stop_reason = aborted
t25.restarts = 58
t25.nogoods_size = 30738
t25.nodes = 69205
t25.propagations = 69205
t34.stop_reason = aborted
t34.restarts = 58
t34.nogoods_size = 30738
t34.nodes = 73398
t34.propagations = 73398
t31.stop_reason = aborted
t31.restarts = 58
t31.nogoods_size = 30738
t31.nodes = 67066
t31.propagations = 67066
t33.stop_reason = aborted
t33.restarts = 58
t33.nogoods_size = 30738
t33.nodes = 73672
t33.propagations = 73672
t28.stop_reason = aborted
t28.restarts = 58
t28.nogoods_size = 30738
t28.nodes = 70389
t28.propagations = 70389
t19.stop_reason = aborted
t19.restarts = 58
t19.nogoods_size = 30738
t19.nodes = 76922
t19.propagations = 76922
t30.stop_reason = aborted
t30.restarts = 58
t30.nogoods_size = 30738
t30.nodes = 72128
t30.propagations = 72128
t6.stop_reason = aborted
t6.restarts = 58
t6.nogoods_size = 30738
t6.nodes = 82399
t6.propagations = 82399
t8.stop_reason = aborted
t8.restarts = 58
t8.nogoods_size = 30738
t8.nodes = 69855
t8.propagations = 69855
t16.stop_reason = aborted
t16.restarts = 58
t16.nogoods_size = 30738
t16.nodes = 72855
t16.propagations = 72855
t18.stop_reason = aborted
t18.restarts = 58
t18.nogoods_size = 30738
t18.nodes = 39741
t18.propagations = 39741
t29.stop_reason = aborted
t29.restarts = 58
t29.nogoods_size = 30738
t29.nodes = 74889
t29.propagations = 74889
search_time = 542
