hostname = r1i4n12
commandline = ../glasgow/solve_subgraph_isomorphism --value-ordering=biased --geometric-restarts=1.0 --restarts-constant=1420 --triggered-restarts --threads=36 --timeout 1000 --format lad ../instances/LV/g34 ../instances/largerGraphs/g62
started_at = 2018-11-17 22:29:24
pattern_file = ../instances/LV/g34
target_file = ../instances/largerGraphs/g62
status = false
nodes = 16061402
propagations = 40730952
runtime = 5469
t25.stop_reason = unsatisfiable
t25.restarts = 207
t25.nogoods_size = 91592
t25.nodes = 485770
t25.propagations = 485770
t22.stop_reason = unsatisfiable
t22.restarts = 207
t22.nogoods_size = 91592
t22.nodes = 452784
t22.propagations = 452784
t24.stop_reason = unsatisfiable
t24.restarts = 207
t24.nogoods_size = 91592
t24.nodes = 485290
t24.propagations = 485290
t13.stop_reason = unsatisfiable
t13.restarts = 207
t13.nogoods_size = 91592
t13.nodes = 477214
t13.propagations = 477214
t2.stop_reason = unsatisfiable
t2.restarts = 207
t2.nogoods_size = 91592
t2.nodes = 477198
t2.propagations = 477198
t14.stop_reason = unsatisfiable
t14.restarts = 207
t14.nogoods_size = 91592
t14.nodes = 485093
t14.propagations = 485093
t35.stop_reason = unsatisfiable
t35.restarts = 207
t35.nogoods_size = 91592
t35.nodes = 418014
t35.propagations = 418014
t28.stop_reason = unsatisfiable
t28.restarts = 207
t28.nogoods_size = 91592
t28.nodes = 472330
t28.propagations = 472330
t12.stop_reason = unsatisfiable
t12.restarts = 207
t12.nogoods_size = 91592
t12.nodes = 480335
t12.propagations = 480335
t7.stop_reason = unsatisfiable
t7.restarts = 207
t7.nogoods_size = 91592
t7.nodes = 351029
t7.propagations = 351029
t31.stop_reason = unsatisfiable
t31.restarts = 207
t31.nogoods_size = 91592
t31.nodes = 470971
t31.propagations = 470971
t18.stop_reason = unsatisfiable
t18.restarts = 207
t18.nogoods_size = 91592
t18.nodes = 463345
t18.propagations = 463345
t27.stop_reason = unsatisfiable
t27.restarts = 207
t27.nogoods_size = 91592
t27.nodes = 333782
t27.propagations = 333782
t9.stop_reason = unsatisfiable
t9.restarts = 207
t9.nogoods_size = 91592
t9.nodes = 484286
t9.propagations = 484286
t15.stop_reason = unsatisfiable
t15.restarts = 207
t15.nogoods_size = 91592
t15.nodes = 414187
t15.propagations = 414187
t19.stop_reason = unsatisfiable
t19.restarts = 207
t19.nogoods_size = 91592
t19.nodes = 488068
t19.propagations = 488068
t33.stop_reason = unsatisfiable
t33.restarts = 207
t33.nogoods_size = 91592
t33.nodes = 454278
t33.propagations = 454278
t1.stop_reason = unsatisfiable
t1.restarts = 207
t1.nogoods_size = 91592
t1.nodes = 285854
t1.propagations = 285854
t32.stop_reason = unsatisfiable
t32.restarts = 207
t32.nogoods_size = 91592
t32.nodes = 473553
t32.propagations = 473553
t11.stop_reason = unsatisfiable
t11.restarts = 207
t11.nogoods_size = 91592
t11.nodes = 376076
t11.propagations = 376076
t21.stop_reason = unsatisfiable
t21.restarts = 207
t21.nogoods_size = 91592
t21.nodes = 490925
t21.propagations = 490925
t8.stop_reason = unsatisfiable
t8.restarts = 207
t8.nogoods_size = 91592
t8.nodes = 385205
t8.propagations = 385205
t20.stop_reason = unsatisfiable
t20.restarts = 207
t20.nogoods_size = 91592
t20.nodes = 492840
t20.propagations = 492840
t30.stop_reason = unsatisfiable
t30.restarts = 207
t30.nogoods_size = 91592
t30.nodes = 478436
t30.propagations = 478436
t10.stop_reason = unsatisfiable
t10.restarts = 207
t10.nogoods_size = 91592
t10.nodes = 484014
t10.propagations = 484014
t5.stop_reason = unsatisfiable
t5.restarts = 207
t5.nogoods_size = 91592
t5.nodes = 476869
t5.propagations = 476869
t0.stop_reason = unsatisfiable
t0.restarts = 207
t0.nogoods_size = 91592
t0.nodes = 293301
t0.propagations = 293301
t6.stop_reason = unsatisfiable
t6.restarts = 207
t6.nogoods_size = 91592
t6.nodes = 480802
t6.propagations = 480802
t29.stop_reason = unsatisfiable
t29.restarts = 207
t29.nogoods_size = 91592
t29.nodes = 485622
t29.propagations = 485622
t16.stop_reason = unsatisfiable
t16.restarts = 207
t16.nogoods_size = 91592
t16.nodes = 470365
t16.propagations = 470365
t26.stop_reason = unsatisfiable
t26.restarts = 207
t26.nogoods_size = 91592
t26.nodes = 479506
t26.propagations = 479506
t34.stop_reason = unsatisfiable
t34.restarts = 207
t34.nogoods_size = 91592
t34.nodes = 421482
t34.propagations = 421482
t17.stop_reason = unsatisfiable
t17.restarts = 207
t17.nogoods_size = 91592
t17.nodes = 483492
t17.propagations = 483492
t4.stop_reason = unsatisfiable
t4.restarts = 207
t4.nogoods_size = 91592
t4.nodes = 410323
t4.propagations = 410323
t23.stop_reason = unsatisfiable
t23.restarts = 207
t23.nogoods_size = 91592
t23.nodes = 482297
t23.propagations = 482297
t3.stop_reason = unsatisfiable
t3.restarts = 207
t3.nogoods_size = 91592
t3.nodes = 416466
t3.propagations = 416466
search_time = 4893
