hostname = r1i4n8
commandline = ../glasgow/solve_subgraph_isomorphism --value-ordering=biased --geometric-restarts=1.0 --restarts-constant=1420 --triggered-restarts --threads=36 --timeout 1000 --format lad ../instances/LV/g34 ../instances/largerGraphs/g82-normed
started_at = 2018-11-17 22:30:26
pattern_file = ../instances/LV/g34
target_file = ../instances/largerGraphs/g82-normed
status = false
nodes = 70810
propagations = 214521
runtime = 315
t7.stop_reason = unsatisfiable
t7.restarts = 3
t7.nogoods_size = 12473
t7.nodes = 1487
t7.propagations = 1487
t30.stop_reason = aborted
t30.restarts = 3
t30.nogoods_size = 12473
t30.nodes = 2205
t30.propagations = 2205
t13.stop_reason = aborted
t13.restarts = 3
t13.nogoods_size = 12473
t13.nodes = 2215
t13.propagations = 2215
t28.stop_reason = aborted
t28.restarts = 3
t28.nogoods_size = 12473
t28.nodes = 2193
t28.propagations = 2193
t24.stop_reason = aborted
t24.restarts = 3
t24.nogoods_size = 12473
t24.nodes = 2188
t24.propagations = 2188
t35.stop_reason = aborted
t35.restarts = 3
t35.nogoods_size = 12473
t35.nodes = 2333
t35.propagations = 2333
t29.stop_reason = aborted
t29.restarts = 3
t29.nogoods_size = 12473
t29.nodes = 2277
t29.propagations = 2277
t1.stop_reason = unsatisfiable
t1.restarts = 3
t1.nogoods_size = 12473
t1.nodes = 1297
t1.propagations = 1297
t23.stop_reason = aborted
t23.restarts = 3
t23.nogoods_size = 12473
t23.nodes = 2207
t23.propagations = 2207
t4.stop_reason = aborted
t4.restarts = 3
t4.nogoods_size = 12473
t4.nodes = 1224
t4.propagations = 1224
t15.stop_reason = aborted
t15.restarts = 3
t15.nogoods_size = 12473
t15.nodes = 2234
t15.propagations = 2234
t6.stop_reason = aborted
t6.restarts = 3
t6.nogoods_size = 12473
t6.nodes = 2352
t6.propagations = 2352
t27.stop_reason = aborted
t27.restarts = 3
t27.nogoods_size = 12473
t27.nodes = 2161
t27.propagations = 2161
t14.stop_reason = aborted
t14.restarts = 3
t14.nogoods_size = 12473
t14.nodes = 1262
t14.propagations = 1262
t2.stop_reason = aborted
t2.restarts = 3
t2.nogoods_size = 12473
t2.nodes = 1368
t2.propagations = 1368
t8.stop_reason = aborted
t8.restarts = 3
t8.nogoods_size = 12473
t8.nodes = 1240
t8.propagations = 1240
t32.stop_reason = aborted
t32.restarts = 3
t32.nogoods_size = 12473
t32.nodes = 2245
t32.propagations = 2245
t20.stop_reason = aborted
t20.restarts = 3
t20.nogoods_size = 12473
t20.nodes = 1240
t20.propagations = 1240
t11.stop_reason = aborted
t11.restarts = 3
t11.nogoods_size = 12473
t11.nodes = 2377
t11.propagations = 2377
t17.stop_reason = aborted
t17.restarts = 3
t17.nogoods_size = 12473
t17.nodes = 2438
t17.propagations = 2438
t3.stop_reason = aborted
t3.restarts = 3
t3.nogoods_size = 12473
t3.nodes = 2282
t3.propagations = 2282
t0.stop_reason = aborted
t0.restarts = 3
t0.nogoods_size = 12473
t0.nodes = 1423
t0.propagations = 1423
t26.stop_reason = aborted
t26.restarts = 3
t26.nogoods_size = 12473
t26.nodes = 2273
t26.propagations = 2273
t25.stop_reason = aborted
t25.restarts = 3
t25.nogoods_size = 12473
t25.nodes = 2070
t25.propagations = 2070
t16.stop_reason = aborted
t16.restarts = 3
t16.nogoods_size = 12473
t16.nodes = 2449
t16.propagations = 2449
t34.stop_reason = aborted
t34.restarts = 3
t34.nogoods_size = 12473
t34.nodes = 2166
t34.propagations = 2166
t9.stop_reason = aborted
t9.restarts = 3
t9.nogoods_size = 12473
t9.nodes = 2206
t9.propagations = 2206
t31.stop_reason = aborted
t31.restarts = 3
t31.nogoods_size = 12473
t31.nodes = 2624
t31.propagations = 2624
t19.stop_reason = aborted
t19.restarts = 3
t19.nogoods_size = 12473
t19.nodes = 2378
t19.propagations = 2378
t12.stop_reason = aborted
t12.restarts = 3
t12.nogoods_size = 12473
t12.nodes = 1361
t12.propagations = 1361
t5.stop_reason = aborted
t5.restarts = 3
t5.nogoods_size = 12473
t5.nodes = 2739
t5.propagations = 2739
t33.stop_reason = aborted
t33.restarts = 3
t33.nogoods_size = 12473
t33.nodes = 2245
t33.propagations = 2245
t21.stop_reason = aborted
t21.restarts = 3
t21.nogoods_size = 12473
t21.nodes = 2249
t21.propagations = 2249
t10.stop_reason = aborted
t10.restarts = 3
t10.nogoods_size = 12473
t10.nodes = 1346
t10.propagations = 1346
t18.stop_reason = aborted
t18.restarts = 3
t18.nogoods_size = 12473
t18.nodes = 1212
t18.propagations = 1212
t22.stop_reason = aborted
t22.restarts = 3
t22.nogoods_size = 12473
t22.nodes = 1244
t22.propagations = 1244
search_time = 227
