hostname = r1i4n10
commandline = ../glasgow/solve_subgraph_isomorphism --value-ordering=biased --geometric-restarts=1.0 --restarts-constant=1420 --triggered-restarts --threads=36 --timeout 1000 --format lad ../instances/LV/g36 ../instances/largerGraphs/g108
started_at = 2018-11-17 23:47:02
pattern_file = ../instances/LV/g36
target_file = ../instances/largerGraphs/g108
status = false
nodes = 29598340
propagations = 90183642
runtime = 269761
t23.stop_reason = unsatisfiable
t23.restarts = 560
t23.nogoods_size = 256243
t23.nodes = 842160
t23.propagations = 842160
t17.stop_reason = aborted
t17.restarts = 560
t17.nogoods_size = 256243
t17.nodes = 783406
t17.propagations = 783406
t29.stop_reason = aborted
t29.restarts = 560
t29.nogoods_size = 256243
t29.nodes = 851580
t29.propagations = 851580
t5.stop_reason = aborted
t5.restarts = 560
t5.nogoods_size = 256243
t5.nodes = 855035
t5.propagations = 855035
t35.stop_reason = aborted
t35.restarts = 560
t35.nogoods_size = 256243
t35.nodes = 851528
t35.propagations = 851528
t24.stop_reason = aborted
t24.restarts = 560
t24.nogoods_size = 256243
t24.nodes = 809009
t24.propagations = 809009
t32.stop_reason = aborted
t32.restarts = 560
t32.nogoods_size = 256243
t32.nodes = 858443
t32.propagations = 858443
t1.stop_reason = aborted
t1.restarts = 560
t1.nogoods_size = 256243
t1.nodes = 858283
t1.propagations = 858283
t22.stop_reason = aborted
t22.restarts = 560
t22.nogoods_size = 256243
t22.nodes = 834702
t22.propagations = 834702
t21.stop_reason = aborted
t21.restarts = 560
t21.nogoods_size = 256243
t21.nodes = 804761
t21.propagations = 804761
t16.stop_reason = aborted
t16.restarts = 560
t16.nogoods_size = 256243
t16.nodes = 859853
t16.propagations = 859853
t31.stop_reason = aborted
t31.restarts = 560
t31.nogoods_size = 256243
t31.nodes = 783301
t31.propagations = 783301
t13.stop_reason = aborted
t13.restarts = 560
t13.nogoods_size = 256243
t13.nodes = 836039
t13.propagations = 836039
t7.stop_reason = aborted
t7.restarts = 560
t7.nogoods_size = 256243
t7.nodes = 843072
t7.propagations = 843072
t20.stop_reason = aborted
t20.restarts = 560
t20.nogoods_size = 256243
t20.nodes = 867367
t20.propagations = 867367
t12.stop_reason = aborted
t12.restarts = 560
t12.nogoods_size = 256243
t12.nodes = 805623
t12.propagations = 805623
t8.stop_reason = aborted
t8.restarts = 560
t8.nogoods_size = 256243
t8.nodes = 794877
t8.propagations = 794877
t0.stop_reason = aborted
t0.restarts = 560
t0.nogoods_size = 256243
t0.nodes = 797701
t0.propagations = 797701
t9.stop_reason = aborted
t9.restarts = 560
t9.nogoods_size = 256243
t9.nodes = 815040
t9.propagations = 815040
t18.stop_reason = aborted
t18.restarts = 560
t18.nogoods_size = 256243
t18.nodes = 801188
t18.propagations = 801188
t10.stop_reason = aborted
t10.restarts = 560
t10.nogoods_size = 256243
t10.nodes = 781974
t10.propagations = 781974
t19.stop_reason = aborted
t19.restarts = 560
t19.nogoods_size = 256243
t19.nodes = 796645
t19.propagations = 796645
t25.stop_reason = aborted
t25.restarts = 560
t25.nogoods_size = 256243
t25.nodes = 805189
t25.propagations = 805189
t3.stop_reason = aborted
t3.restarts = 560
t3.nogoods_size = 256243
t3.nodes = 848776
t3.propagations = 848776
t6.stop_reason = aborted
t6.restarts = 560
t6.nogoods_size = 256243
t6.nodes = 832544
t6.propagations = 832544
t2.stop_reason = aborted
t2.restarts = 560
t2.nogoods_size = 256243
t2.nodes = 806390
t2.propagations = 806390
t15.stop_reason = aborted
t15.restarts = 560
t15.nogoods_size = 256243
t15.nodes = 867439
t15.propagations = 867439
t30.stop_reason = aborted
t30.restarts = 560
t30.nogoods_size = 256243
t30.nodes = 800366
t30.propagations = 800366
t4.stop_reason = aborted
t4.restarts = 560
t4.nogoods_size = 256243
t4.nodes = 777105
t4.propagations = 777105
t28.stop_reason = aborted
t28.restarts = 560
t28.nogoods_size = 256243
t28.nodes = 851695
t28.propagations = 851695
t26.stop_reason = aborted
t26.restarts = 560
t26.nogoods_size = 256243
t26.nodes = 856997
t26.propagations = 856997
t34.stop_reason = aborted
t34.restarts = 560
t34.nogoods_size = 256243
t34.nodes = 798760
t34.propagations = 798760
t11.stop_reason = aborted
t11.restarts = 560
t11.nogoods_size = 256243
t11.nodes = 789612
t11.propagations = 789612
t33.stop_reason = aborted
t33.restarts = 560
t33.nogoods_size = 256243
t33.nodes = 832065
t33.propagations = 832065
t27.stop_reason = aborted
t27.restarts = 560
t27.nogoods_size = 256243
t27.nodes = 792066
t27.propagations = 792066
t14.stop_reason = aborted
t14.restarts = 560
t14.nogoods_size = 256243
t14.nodes = 807749
t14.propagations = 807749
search_time = 267330
