hostname = r1i4n8
commandline = ../glasgow/solve_subgraph_isomorphism --value-ordering=biased --geometric-restarts=1.0 --restarts-constant=1420 --triggered-restarts --threads=36 --timeout 1000 --format lad ../instances/si/si2_rand_r01_400/si2_r01_m400.01/pattern ../instances/si/si2_rand_r01_400/si2_r01_m400.01/target
started_at = 2018-11-17 22:28:50
pattern_file = ../instances/si/si2_rand_r01_400/si2_r01_m400.01/pattern
target_file = ../instances/si/si2_rand_r01_400/si2_r01_m400.01/target
status = true
nodes = 794931
propagations = 2148340
mapping = (0 -> 177) (1 -> 105) (2 -> 213) (3 -> 129) (4 -> 179) (5 -> 392) (6 -> 211) (7 -> 81) (8 -> 309) (9 -> 328) (10 -> 178) (11 -> 239) (12 -> 390) (13 -> 41) (14 -> 283) (15 -> 373) (16 -> 47) (17 -> 169) (18 -> 395) (19 -> 118) (20 -> 394) (21 -> 216) (22 -> 294) (23 -> 48) (24 -> 199) (25 -> 170) (26 -> 206) (27 -> 212) (28 -> 254) (29 -> 121) (30 -> 123) (31 -> 34) (32 -> 65) (33 -> 125) (34 -> 153) (35 -> 329) (36 -> 356) (37 -> 156) (38 -> 146) (39 -> 85) (40 -> 141) (41 -> 201) (42 -> 30) (43 -> 64) (44 -> 314) (45 -> 388) (46 -> 299) (47 -> 106) (48 -> 148) (49 -> 384) (50 -> 332) (51 -> 236) (52 -> 0) (53 -> 16) (54 -> 11) (55 -> 150) (56 -> 292) (57 -> 96) (58 -> 93) (59 -> 133) (60 -> 372) (61 -> 21) (62 -> 334) (63 -> 197) (64 -> 66) (65 -> 127) (66 -> 126) (67 -> 221) (68 -> 265) (69 -> 240) (70 -> 72) (71 -> 71) (72 -> 358) (73 -> 270) (74 -> 302) (75 -> 203) (76 -> 333) (77 -> 266) (78 -> 234) (79 -> 3) 
runtime = 430
t9.where = 0/396 -1/-1 1/44 -1/-1 6/14 -1/-1 0/4 -1/-1 0/3 -1/-1 1/7 -1/-1 1/4 -1/-1 -1/-1 -1/-1 -1/-1 -1/-1 -1/-1 -1/-1 -1/-1 -1/-1 -1/-1 -1/-1 -1/-1 -1/-1 -1/-1 -1/-1 -1/-1 -1/-1 -1/-1 -1/-1 -1/-1 -1/-1 -1/-1 -1/-1 -1/-1 -1/-1 -1/-1 -1/-1 -1/-1 -1/-1 -1/-1 -1/-1 -1/-1 -1/-1 -1/-1 -1/-1 -1/-1 -1/-1 -1/-1 -1/-1 -1/-1 -1/-1 -1/-1 -1/-1 -1/-1 -1/-1 -1/-1 -1/-1 -1/-1 -1/-1 -1/-1 -1/-1 -1/-1 -1/-1 -1/-1 -1/-1 -1/-1 -1/-1 -1/-1 -1/-1 -1/-1 -1/-1 -1/-1 -1/-1 -1/-1 -1/-1 -1/-1 -1/-1 -1/-1 -1/-1 -1/-1 -1/-1 -1/-1 -1/-1 -1/-1
t9.stop_reason = satisfiable
t9.restarts = 17
t9.nogoods_size = 8761
t9.nodes = 23087
t9.propagations = 23087
t13.stop_reason = aborted
t13.restarts = 17
t13.nogoods_size = 8761
t13.nodes = 20535
t13.propagations = 20535
t25.stop_reason = aborted
t25.restarts = 17
t25.nogoods_size = 8761
t25.nodes = 23246
t25.propagations = 23246
t0.stop_reason = aborted
t0.restarts = 17
t0.nogoods_size = 8761
t0.nodes = 22128
t0.propagations = 22128
t17.stop_reason = aborted
t17.restarts = 17
t17.nogoods_size = 8761
t17.nodes = 23228
t17.propagations = 23228
t31.stop_reason = aborted
t31.restarts = 17
t31.nogoods_size = 8761
t31.nodes = 23071
t31.propagations = 23071
t18.stop_reason = aborted
t18.restarts = 17
t18.nogoods_size = 8761
t18.nodes = 23379
t18.propagations = 23379
t15.stop_reason = aborted
t15.restarts = 17
t15.nogoods_size = 8761
t15.nodes = 22864
t15.propagations = 22864
t26.stop_reason = aborted
t26.restarts = 17
t26.nogoods_size = 8761
t26.nodes = 23096
t26.propagations = 23096
t29.stop_reason = aborted
t29.restarts = 17
t29.nogoods_size = 8761
t29.nodes = 25648
t29.propagations = 25648
t28.stop_reason = aborted
t28.restarts = 17
t28.nogoods_size = 8761
t28.nodes = 22529
t28.propagations = 22529
t1.stop_reason = aborted
t1.restarts = 17
t1.nogoods_size = 8761
t1.nodes = 18143
t1.propagations = 18143
t19.stop_reason = aborted
t19.restarts = 17
t19.nogoods_size = 8761
t19.nodes = 22854
t19.propagations = 22854
t5.stop_reason = aborted
t5.restarts = 17
t5.nogoods_size = 8761
t5.nodes = 26008
t5.propagations = 26008
t6.stop_reason = aborted
t6.restarts = 17
t6.nogoods_size = 8761
t6.nodes = 26346
t6.propagations = 26346
t10.stop_reason = aborted
t10.restarts = 17
t10.nogoods_size = 8761
t10.nodes = 23454
t10.propagations = 23454
t34.stop_reason = aborted
t34.restarts = 17
t34.nogoods_size = 8761
t34.nodes = 27103
t34.propagations = 27103
t16.stop_reason = aborted
t16.restarts = 17
t16.nogoods_size = 8761
t16.nodes = 23748
t16.propagations = 23748
t22.stop_reason = aborted
t22.restarts = 17
t22.nogoods_size = 8761
t22.nodes = 16690
t22.propagations = 16690
t14.stop_reason = aborted
t14.restarts = 17
t14.nogoods_size = 8761
t14.nodes = 22975
t14.propagations = 22975
t21.stop_reason = aborted
t21.restarts = 17
t21.nogoods_size = 8761
t21.nodes = 23136
t21.propagations = 23136
t20.stop_reason = aborted
t20.restarts = 17
t20.nogoods_size = 8761
t20.nodes = 23124
t20.propagations = 23124
t2.stop_reason = aborted
t2.restarts = 17
t2.nogoods_size = 8761
t2.nodes = 14482
t2.propagations = 14482
t12.stop_reason = aborted
t12.restarts = 17
t12.nogoods_size = 8761
t12.nodes = 22478
t12.propagations = 22478
t23.stop_reason = aborted
t23.restarts = 17
t23.nogoods_size = 8761
t23.nodes = 22840
t23.propagations = 22840
t3.stop_reason = aborted
t3.restarts = 17
t3.nogoods_size = 8761
t3.nodes = 16968
t3.propagations = 16968
t8.stop_reason = aborted
t8.restarts = 17
t8.nogoods_size = 8761
t8.nodes = 17428
t8.propagations = 17428
t27.stop_reason = aborted
t27.restarts = 17
t27.nogoods_size = 8761
t27.nodes = 23383
t27.propagations = 23383
t7.stop_reason = aborted
t7.restarts = 17
t7.nogoods_size = 8761
t7.nodes = 25391
t7.propagations = 25391
t33.stop_reason = aborted
t33.restarts = 17
t33.nogoods_size = 8761
t33.nodes = 23194
t33.propagations = 23194
t4.stop_reason = aborted
t4.restarts = 17
t4.nogoods_size = 8761
t4.nodes = 22359
t4.propagations = 22359
t35.stop_reason = aborted
t35.restarts = 17
t35.nogoods_size = 8761
t35.nodes = 13298
t35.propagations = 13298
t30.stop_reason = aborted
t30.restarts = 17
t30.nogoods_size = 8761
t30.nodes = 22545
t30.propagations = 22545
t11.stop_reason = aborted
t11.restarts = 17
t11.nogoods_size = 8761
t11.nodes = 20672
t11.propagations = 20672
t32.stop_reason = aborted
t32.restarts = 17
t32.nogoods_size = 8761
t32.nodes = 23236
t32.propagations = 23236
t24.stop_reason = aborted
t24.restarts = 17
t24.nogoods_size = 8761
t24.nodes = 20265
t24.propagations = 20265
search_time = 325
