hostname = r1i4n11
commandline = ../glasgow/solve_subgraph_isomorphism --value-ordering=biased --geometric-restarts=1.0 --restarts-constant=1420 --triggered-restarts --threads=36 --timeout 1000 --format lad ../instances/si/si2_rand_r01_200/si2_r01_m200.09/pattern ../instances/si/si2_rand_r01_200/si2_r01_m200.09/target
started_at = 2018-11-17 22:28:46
pattern_file = ../instances/si/si2_rand_r01_200/si2_r01_m200.09/pattern
target_file = ../instances/si/si2_rand_r01_200/si2_r01_m200.09/target
status = true
nodes = 3822909
propagations = 11571941
mapping = (0 -> 58) (1 -> 90) (2 -> 163) (3 -> 131) (4 -> 183) (5 -> 50) (6 -> 151) (7 -> 140) (8 -> 92) (9 -> 15) (10 -> 52) (11 -> 59) (12 -> 172) (13 -> 145) (14 -> 65) (15 -> 3) (16 -> 130) (17 -> 188) (18 -> 56) (19 -> 170) (20 -> 27) (21 -> 177) (22 -> 128) (23 -> 111) (24 -> 156) (25 -> 122) (26 -> 47) (27 -> 125) (28 -> 98) (29 -> 160) (30 -> 39) (31 -> 135) (32 -> 194) (33 -> 146) (34 -> 87) (35 -> 61) (36 -> 141) (37 -> 26) (38 -> 80) (39 -> 12) 
runtime = 991
t20.stop_reason = aborted
t20.restarts = 80
t20.nogoods_size = 35282
t20.nodes = 106006
t20.propagations = 106006
t1.where = 0/126 -1/-1 0/33 -1/-1 2/8 -1/-1 2/5 -1/-1 0/5 -1/-1 1/4 -1/-1 0/2 -1/-1 -1/-1 0/2 -1/-1 0/2 -1/-1 -1/-1 -1/-1 -1/-1 -1/-1 -1/-1 -1/-1 -1/-1 -1/-1 -1/-1 -1/-1 -1/-1 -1/-1 -1/-1 -1/-1 -1/-1 -1/-1 -1/-1 -1/-1 -1/-1 -1/-1 -1/-1 -1/-1 -1/-1 -1/-1 -1/-1 -1/-1 -1/-1 -1/-1 -1/-1 0/2 -1/-1
t1.stop_reason = satisfiable
t1.restarts = 80
t1.nogoods_size = 35282
t1.nodes = 112170
t1.propagations = 112170
t13.stop_reason = aborted
t13.restarts = 80
t13.nogoods_size = 35282
t13.nodes = 113016
t13.propagations = 113016
t31.stop_reason = aborted
t31.restarts = 80
t31.nogoods_size = 35282
t31.nodes = 107117
t31.propagations = 107117
t14.stop_reason = aborted
t14.restarts = 80
t14.nogoods_size = 35282
t14.nodes = 114464
t14.propagations = 114464
t25.stop_reason = aborted
t25.restarts = 80
t25.nogoods_size = 35282
t25.nodes = 106717
t25.propagations = 106717
t24.stop_reason = aborted
t24.restarts = 80
t24.nogoods_size = 35282
t24.nodes = 108884
t24.propagations = 108884
t34.stop_reason = aborted
t34.restarts = 80
t34.nogoods_size = 35282
t34.nodes = 108659
t34.propagations = 108659
t6.stop_reason = aborted
t6.restarts = 80
t6.nogoods_size = 35282
t6.nodes = 117278
t6.propagations = 117278
t23.stop_reason = aborted
t23.restarts = 80
t23.nogoods_size = 35282
t23.nodes = 107580
t23.propagations = 107580
t16.stop_reason = aborted
t16.restarts = 80
t16.nogoods_size = 35282
t16.nodes = 111389
t16.propagations = 111389
t5.stop_reason = aborted
t5.restarts = 80
t5.nogoods_size = 35282
t5.nodes = 108519
t5.propagations = 108519
t10.stop_reason = aborted
t10.restarts = 80
t10.nogoods_size = 35282
t10.nodes = 93359
t10.propagations = 93359
t3.stop_reason = aborted
t3.restarts = 80
t3.nogoods_size = 35282
t3.nodes = 107379
t3.propagations = 107379
t8.stop_reason = aborted
t8.restarts = 80
t8.nogoods_size = 35282
t8.nodes = 120858
t8.propagations = 120858
t15.stop_reason = aborted
t15.restarts = 80
t15.nogoods_size = 35282
t15.nodes = 108617
t15.propagations = 108617
t22.stop_reason = aborted
t22.restarts = 80
t22.nogoods_size = 35282
t22.nodes = 109092
t22.propagations = 109092
t30.stop_reason = aborted
t30.restarts = 80
t30.nogoods_size = 35282
t30.nodes = 98896
t30.propagations = 98896
t27.stop_reason = aborted
t27.restarts = 80
t27.nogoods_size = 35282
t27.nodes = 107406
t27.propagations = 107406
t32.stop_reason = aborted
t32.restarts = 80
t32.nogoods_size = 35282
t32.nodes = 65370
t32.propagations = 65370
t2.stop_reason = aborted
t2.restarts = 80
t2.nogoods_size = 35282
t2.nodes = 115897
t2.propagations = 115897
t28.stop_reason = aborted
t28.restarts = 80
t28.nogoods_size = 35282
t28.nodes = 108960
t28.propagations = 108960
t4.stop_reason = aborted
t4.restarts = 80
t4.nogoods_size = 35282
t4.nodes = 114475
t4.propagations = 114475
t11.stop_reason = aborted
t11.restarts = 80
t11.nogoods_size = 35282
t11.nodes = 87969
t11.propagations = 87969
t0.stop_reason = aborted
t0.restarts = 80
t0.nogoods_size = 35282
t0.nodes = 111379
t0.propagations = 111379
t12.stop_reason = aborted
t12.restarts = 80
t12.nogoods_size = 35282
t12.nodes = 111822
t12.propagations = 111822
t9.stop_reason = aborted
t9.restarts = 80
t9.nogoods_size = 35282
t9.nodes = 112952
t9.propagations = 112952
t17.stop_reason = aborted
t17.restarts = 80
t17.nogoods_size = 35282
t17.nodes = 66603
t17.propagations = 66603
t35.stop_reason = aborted
t35.restarts = 80
t35.nogoods_size = 35282
t35.nodes = 112653
t35.propagations = 112653
t18.stop_reason = aborted
t18.restarts = 80
t18.nogoods_size = 35282
t18.nodes = 112726
t18.propagations = 112726
t29.stop_reason = aborted
t29.restarts = 80
t29.nogoods_size = 35282
t29.nodes = 107167
t29.propagations = 107167
t21.stop_reason = aborted
t21.restarts = 80
t21.nogoods_size = 35282
t21.nodes = 96951
t21.propagations = 96951
t7.stop_reason = aborted
t7.restarts = 80
t7.nogoods_size = 35282
t7.nodes = 113211
t7.propagations = 113211
t33.stop_reason = aborted
t33.restarts = 80
t33.nogoods_size = 35282
t33.nodes = 116056
t33.propagations = 116056
t19.stop_reason = aborted
t19.restarts = 80
t19.nogoods_size = 35282
t19.nodes = 90756
t19.propagations = 90756
t26.stop_reason = aborted
t26.restarts = 80
t26.nogoods_size = 35282
t26.nodes = 110556
t26.propagations = 110556
search_time = 775
