hostname = r1i4n8
commandline = ../glasgow/solve_subgraph_isomorphism --value-ordering=biased --geometric-restarts=1.0 --restarts-constant=1420 --triggered-restarts --threads=36 --timeout 1000 --format lad ../instances/si/si4_rand_r005_600/si4_r005_m600.06/pattern ../instances/si/si4_rand_r005_600/si4_r005_m600.06/target
started_at = 2018-11-17 22:28:26
pattern_file = ../instances/si/si4_rand_r005_600/si4_r005_m600.06/pattern
target_file = ../instances/si/si4_rand_r005_600/si4_r005_m600.06/target
status = true
nodes = 232704
propagations = 762989
mapping = (0 -> 486) (1 -> 569) (2 -> 387) (3 -> 60) (4 -> 561) (5 -> 264) (6 -> 162) (7 -> 423) (8 -> 95) (9 -> 91) (10 -> 111) (11 -> 480) (12 -> 437) (13 -> 312) (14 -> 36) (15 -> 538) (16 -> 252) (17 -> 318) (18 -> 94) (19 -> 30) (20 -> 272) (21 -> 505) (22 -> 279) (23 -> 490) (24 -> 515) (25 -> 273) (26 -> 498) (27 -> 449) (28 -> 553) (29 -> 150) (30 -> 589) (31 -> 431) (32 -> 68) (33 -> 584) (34 -> 466) (35 -> 304) (36 -> 403) (37 -> 380) (38 -> 586) (39 -> 370) (40 -> 161) (41 -> 9) (42 -> 214) (43 -> 469) (44 -> 335) (45 -> 501) (46 -> 108) (47 -> 221) (48 -> 382) (49 -> 444) (50 -> 271) (51 -> 373) (52 -> 259) (53 -> 98) (54 -> 10) (55 -> 389) (56 -> 49) (57 -> 495) (58 -> 110) (59 -> 534) (60 -> 294) (61 -> 576) (62 -> 544) (63 -> 393) (64 -> 124) (65 -> 315) (66 -> 1) (67 -> 296) (68 -> 275) (69 -> 285) (70 -> 295) (71 -> 510) (72 -> 474) (73 -> 192) (74 -> 329) (75 -> 228) (76 -> 402) (77 -> 251) (78 -> 447) (79 -> 483) (80 -> 147) (81 -> 308) (82 -> 583) (83 -> 97) (84 -> 113) (85 -> 311) (86 -> 565) (87 -> 177) (88 -> 593) (89 -> 114) (90 -> 432) (91 -> 310) (92 -> 567) (93 -> 263) (94 -> 22) (95 -> 217) (96 -> 288) (97 -> 426) (98 -> 0) (99 -> 284) (100 -> 79) (101 -> 173) (102 -> 203) (103 -> 281) (104 -> 348) (105 -> 439) (106 -> 516) (107 -> 100) (108 -> 144) (109 -> 184) (110 -> 211) (111 -> 513) (112 -> 542) (113 -> 61) (114 -> 456) (115 -> 142) (116 -> 557) (117 -> 492) (118 -> 574) (119 -> 535) (120 -> 461) (121 -> 65) (122 -> 42) (123 -> 479) (124 -> 209) (125 -> 511) (126 -> 132) (127 -> 202) (128 -> 517) (129 -> 556) (130 -> 33) (131 -> 305) (132 -> 559) (133 -> 319) (134 -> 327) (135 -> 358) (136 -> 425) (137 -> 158) (138 -> 138) (139 -> 249) (140 -> 21) (141 -> 3) (142 -> 244) (143 -> 87) (144 -> 549) (145 -> 533) (146 -> 471) (147 -> 361) (148 -> 129) (149 -> 169) (150 -> 581) (151 -> 5) (152 -> 599) (153 -> 306) (154 -> 415) (155 -> 50) (156 -> 13) (157 -> 262) (158 -> 266) (159 -> 109) (160 -> 156) (161 -> 337) (162 -> 238) (163 -> 484) (164 -> 255) (165 -> 11) (166 -> 489) (167 -> 15) (168 -> 120) (169 -> 430) (170 -> 76) (171 -> 463) (172 -> 395) (173 -> 278) (174 -> 504) (175 -> 421) (176 -> 99) (177 -> 588) (178 -> 225) (179 -> 247) (180 -> 519) (181 -> 496) (182 -> 524) (183 -> 451) (184 -> 149) (185 -> 532) (186 -> 127) (187 -> 401) (188 -> 541) (189 -> 6) (190 -> 420) (191 -> 112) (192 -> 181) (193 -> 390) (194 -> 14) (195 -> 493) (196 -> 494) (197 -> 307) (198 -> 269) (199 -> 195) (200 -> 261) (201 -> 182) (202 -> 564) (203 -> 81) (204 -> 241) (205 -> 258) (206 -> 526) (207 -> 210) (208 -> 230) (209 -> 43) (210 -> 39) (211 -> 105) (212 -> 157) (213 -> 90) (214 -> 63) (215 -> 85) (216 -> 128) (217 -> 396) (218 -> 62) (219 -> 356) (220 -> 165) (221 -> 185) (222 -> 328) (223 -> 497) (224 -> 374) (225 -> 371) (226 -> 550) (227 -> 234) (228 -> 499) (229 -> 204) (230 -> 314) (231 -> 136) (232 -> 215) (233 -> 442) (234 -> 578) (235 -> 176) (236 -> 502) (237 -> 18) (238 -> 245) (239 -> 193) 
runtime = 1064
t28.where = 0/562 -1/-1 12/64 -1/-1 1/10 -1/-1 0/6 -1/-1 -1/-1 0/3 -1/-1 -1/-1 -1/-1 -1/-1 -1/-1 -1/-1 -1/-1 -1/-1 -1/-1 -1/-1 -1/-1 -1/-1 -1/-1 -1/-1 -1/-1 -1/-1 -1/-1 -1/-1 -1/-1 -1/-1 -1/-1 -1/-1 -1/-1 -1/-1 -1/-1 -1/-1 -1/-1 -1/-1 -1/-1 -1/-1 -1/-1 -1/-1 -1/-1 -1/-1 -1/-1 -1/-1 -1/-1 -1/-1 -1/-1 -1/-1 -1/-1 -1/-1 -1/-1 -1/-1 -1/-1 -1/-1 -1/-1 -1/-1 -1/-1 -1/-1 -1/-1 -1/-1 -1/-1 -1/-1 -1/-1 -1/-1 -1/-1 -1/-1 -1/-1 -1/-1 -1/-1 -1/-1 -1/-1 -1/-1 -1/-1 -1/-1 -1/-1 -1/-1 -1/-1 -1/-1 -1/-1 -1/-1 -1/-1 -1/-1 -1/-1 -1/-1 -1/-1 -1/-1 -1/-1 -1/-1 -1/-1 -1/-1 -1/-1 -1/-1 -1/-1 -1/-1 -1/-1 -1/-1 -1/-1 -1/-1 -1/-1 -1/-1 -1/-1 -1/-1 -1/-1 -1/-1 -1/-1 -1/-1 -1/-1 -1/-1 -1/-1 -1/-1 -1/-1 -1/-1 -1/-1 -1/-1 -1/-1 -1/-1 -1/-1 -1/-1 -1/-1 -1/-1 -1/-1 -1/-1 -1/-1 -1/-1 -1/-1 -1/-1 -1/-1 -1/-1 -1/-1 -1/-1 -1/-1 -1/-1 -1/-1 -1/-1 -1/-1 -1/-1 -1/-1 -1/-1 -1/-1 -1/-1 -1/-1 -1/-1 -1/-1 -1/-1 -1/-1 -1/-1 -1/-1 -1/-1 -1/-1 -1/-1 -1/-1 -1/-1 -1/-1 -1/-1 -1/-1 -1/-1 -1/-1 -1/-1 -1/-1 -1/-1 -1/-1 -1/-1 -1/-1 -1/-1 -1/-1 -1/-1 -1/-1 -1/-1 -1/-1 -1/-1 -1/-1 -1/-1 -1/-1 -1/-1 -1/-1 -1/-1 -1/-1 -1/-1 -1/-1 -1/-1 -1/-1 -1/-1 -1/-1 -1/-1 -1/-1 -1/-1 -1/-1 -1/-1 -1/-1 -1/-1 -1/-1 -1/-1 -1/-1 -1/-1 -1/-1 -1/-1 -1/-1 -1/-1 -1/-1 -1/-1 -1/-1 -1/-1 -1/-1 -1/-1 -1/-1 -1/-1 -1/-1 -1/-1 -1/-1 -1/-1 -1/-1 -1/-1 -1/-1 -1/-1 -1/-1 -1/-1 -1/-1 -1/-1 -1/-1 -1/-1 -1/-1 -1/-1 -1/-1 -1/-1 -1/-1 -1/-1 -1/-1 -1/-1 -1/-1 -1/-1 -1/-1 -1/-1 -1/-1 -1/-1 -1/-1 -1/-1 -1/-1 -1/-1 -1/-1 -1/-1 -1/-1 -1/-1 -1/-1
t28.stop_reason = satisfiable
t28.restarts = 5
t28.nogoods_size = 4133
t28.nodes = 7745
t28.propagations = 7745
t10.stop_reason = aborted
t10.restarts = 5
t10.nogoods_size = 4133
t10.nodes = 7871
t10.propagations = 7871
t22.stop_reason = aborted
t22.restarts = 5
t22.nogoods_size = 4133
t22.nodes = 7302
t22.propagations = 7302
t0.stop_reason = aborted
t0.restarts = 5
t0.nogoods_size = 4133
t0.nodes = 4593
t0.propagations = 4593
t35.stop_reason = aborted
t35.restarts = 5
t35.nogoods_size = 4133
t35.nodes = 7876
t35.propagations = 7876
t5.stop_reason = aborted
t5.restarts = 5
t5.nogoods_size = 4133
t5.nodes = 4616
t5.propagations = 4616
t3.stop_reason = aborted
t3.restarts = 5
t3.nogoods_size = 4133
t3.nodes = 7366
t3.propagations = 7366
t1.stop_reason = aborted
t1.restarts = 5
t1.nogoods_size = 4133
t1.nodes = 7210
t1.propagations = 7210
t29.stop_reason = aborted
t29.restarts = 5
t29.nogoods_size = 4133
t29.nodes = 7843
t29.propagations = 7843
t4.stop_reason = aborted
t4.restarts = 5
t4.nogoods_size = 4133
t4.nodes = 7912
t4.propagations = 7912
t34.stop_reason = aborted
t34.restarts = 5
t34.nogoods_size = 4133
t34.nodes = 7265
t34.propagations = 7265
t25.stop_reason = aborted
t25.restarts = 5
t25.nogoods_size = 4133
t25.nodes = 7928
t25.propagations = 7928
t7.stop_reason = aborted
t7.restarts = 5
t7.nogoods_size = 4133
t7.nodes = 4605
t7.propagations = 4605
t15.stop_reason = aborted
t15.restarts = 5
t15.nogoods_size = 4133
t15.nodes = 6791
t15.propagations = 6791
t23.stop_reason = aborted
t23.restarts = 5
t23.nogoods_size = 4133
t23.nodes = 7311
t23.propagations = 7311
t16.stop_reason = aborted
t16.restarts = 5
t16.nogoods_size = 4133
t16.nodes = 6576
t16.propagations = 6576
t2.stop_reason = aborted
t2.restarts = 5
t2.nogoods_size = 4133
t2.nodes = 4525
t2.propagations = 4525
t33.stop_reason = aborted
t33.restarts = 5
t33.nogoods_size = 4133
t33.nodes = 7739
t33.propagations = 7739
t11.stop_reason = aborted
t11.restarts = 5
t11.nogoods_size = 4133
t11.nodes = 7982
t11.propagations = 7982
t14.stop_reason = aborted
t14.restarts = 5
t14.nogoods_size = 4133
t14.nodes = 7894
t14.propagations = 7894
t27.stop_reason = aborted
t27.restarts = 5
t27.nogoods_size = 4133
t27.nodes = 4715
t27.propagations = 4715
t32.stop_reason = aborted
t32.restarts = 5
t32.nogoods_size = 4133
t32.nodes = 4602
t32.propagations = 4602
t26.stop_reason = aborted
t26.restarts = 5
t26.nogoods_size = 4133
t26.nodes = 7282
t26.propagations = 7282
t9.stop_reason = aborted
t9.restarts = 5
t9.nogoods_size = 4133
t9.nodes = 6558
t9.propagations = 6558
t24.stop_reason = aborted
t24.restarts = 5
t24.nogoods_size = 4133
t24.nodes = 4688
t24.propagations = 4688
t6.stop_reason = aborted
t6.restarts = 5
t6.nogoods_size = 4133
t6.nodes = 6523
t6.propagations = 6523
t17.stop_reason = aborted
t17.restarts = 5
t17.nogoods_size = 4133
t17.nodes = 4665
t17.propagations = 4665
t8.stop_reason = aborted
t8.restarts = 5
t8.nogoods_size = 4133
t8.nodes = 4543
t8.propagations = 4543
t31.stop_reason = aborted
t31.restarts = 5
t31.nogoods_size = 4133
t31.nodes = 7700
t31.propagations = 7700
t18.stop_reason = aborted
t18.restarts = 5
t18.nogoods_size = 4133
t18.nodes = 4550
t18.propagations = 4550
t12.stop_reason = aborted
t12.restarts = 5
t12.nogoods_size = 4133
t12.nodes = 6648
t12.propagations = 6648
t21.stop_reason = aborted
t21.restarts = 5
t21.nogoods_size = 4133
t21.nodes = 4613
t21.propagations = 4613
t19.stop_reason = aborted
t19.restarts = 5
t19.nogoods_size = 4133
t19.nodes = 6302
t19.propagations = 6302
t30.stop_reason = aborted
t30.restarts = 5
t30.nogoods_size = 4133
t30.nodes = 7950
t30.propagations = 7950
t13.stop_reason = aborted
t13.restarts = 5
t13.nogoods_size = 4133
t13.nodes = 4644
t13.propagations = 4644
t20.stop_reason = aborted
t20.restarts = 5
t20.nogoods_size = 4133
t20.nodes = 7771
t20.propagations = 7771
search_time = 550
