hostname = r1i4n5
commandline = ../glasgow/solve_subgraph_isomorphism --value-ordering=biased --triggered-restarts --geometric-restarts=1.0 --restarts-constant=100000 --restart-timer=100 --threads=36 --timeout 1000 --format lad ../instances/meshes-CVIU11/patterns/pattern3 ../instances/meshes-CVIU11/targets/target49
started_at = 2018-11-22 23:01:18
pattern_file = ../instances/meshes-CVIU11/patterns/pattern3
target_file = ../instances/meshes-CVIU11/targets/target49
status = true
nodes = 8502558
propagations = 18402773
mapping = (0 -> 111) (1 -> 3) (2 -> 295) (3 -> 294) (4 -> 296) (5 -> 225) (6 -> 244) (7 -> 245) (8 -> 264) (9 -> 265) (10 -> 246) (11 -> 247) (12 -> 228) (13 -> 227) (14 -> 226) (15 -> 207) (16 -> 208) (17 -> 189) (18 -> 154) (19 -> 155) (20 -> 156) (21 -> 157) (22 -> 158) (23 -> 159) (24 -> 160) (25 -> 195) (26 -> 214) (27 -> 233) (28 -> 232) (29 -> 251) (30 -> 250) (31 -> 231) (32 -> 212) (33 -> 211) (34 -> 210) (35 -> 229) (36 -> 248) (37 -> 249) (38 -> 230) (39 -> 213) (40 -> 194) (41 -> 193) (42 -> 192) (43 -> 191) (44 -> 190) (45 -> 209) (46 -> 196) (47 -> 161) (48 -> 162) (49 -> 166) (50 -> 167) (51 -> 168) (52 -> 169) (53 -> 170) (54 -> 171) (55 -> 172) (56 -> 215) (57 -> 198) (58 -> 197) (59 -> 180) (60 -> 163) (61 -> 144) (62 -> 147) (63 -> 183) (64 -> 188) (65 -> 187) (66 -> 186) (67 -> 151) (68 -> 152) (69 -> 153) (70 -> 174) (71 -> 150) (72 -> 185) (73 -> 184) (74 -> 149) (75 -> 148) (76 -> 146) (77 -> 205) (78 -> 204) (79 -> 223) (80 -> 222) (81 -> 221) (82 -> 201) (83 -> 266) (84 -> 273) (85 -> 275) (86 -> 224) (87 -> 243) (88 -> 242) (89 -> 262) (90 -> 261) (91 -> 260) (92 -> 241) (93 -> 240) (94 -> 220) (95 -> 219) (96 -> 218) (97 -> 199) (98 -> 200) (99 -> 181) (100 -> 182) (101 -> 202) (102 -> 203) (103 -> 217) (104 -> 216) (105 -> 235) (106 -> 254) (107 -> 253) (108 -> 252) (109 -> 287) (110 -> 259) (111 -> 258) (112 -> 257) (113 -> 256) (114 -> 283) (115 -> 239) (116 -> 238) (117 -> 237) (118 -> 236) (119 -> 255) (120 -> 284) (121 -> 278) (122 -> 277) (123 -> 453) (124 -> 452) (125 -> 371) (126 -> 370) (127 -> 407) (128 -> 461) (129 -> 460) (130 -> 462) (131 -> 464) (132 -> 372) (133 -> 61) (134 -> 62) (135 -> 63) (136 -> 64) (137 -> 65) (138 -> 41) (139 -> 23) (140 -> 24) (141 -> 40) (142 -> 66) (143 -> 67) (144 -> 75) (145 -> 103) (146 -> 102) (147 -> 112) (148 -> 20) (149 -> 19) (150 -> 43) (151 -> 44) (152 -> 45) (153 -> 46) (154 -> 47) (155 -> 386) (156 -> 314) (157 -> 500) (158 -> 498) (159 -> 533) (160 -> 587) (161 -> 119) (162 -> 527) 
runtime = 4442
t28.stop_reason = aborted
t28.restarts = 43
t28.nogoods_size = 22135
t28.nodes = 262748
t28.propagations = 262748
t34.stop_reason = aborted
t34.restarts = 43
t34.nogoods_size = 22135
t34.nodes = 180415
t34.propagations = 180415
t19.stop_reason = aborted
t19.restarts = 43
t19.nogoods_size = 22135
t19.nodes = 185355
t19.propagations = 185355
t10.stop_reason = aborted
t10.restarts = 43
t10.nogoods_size = 22135
t10.nodes = 252756
t10.propagations = 252756
t31.stop_reason = aborted
t31.restarts = 43
t31.nogoods_size = 22135
t31.nodes = 263729
t31.propagations = 263729
t16.stop_reason = aborted
t16.restarts = 43
t16.nogoods_size = 22135
t16.nodes = 266781
t16.propagations = 266781
t35.stop_reason = aborted
t35.restarts = 43
t35.nogoods_size = 22135
t35.nodes = 253084
t35.propagations = 253084
t20.stop_reason = aborted
t20.restarts = 43
t20.nogoods_size = 22135
t20.nodes = 272198
t20.propagations = 272198
t13.stop_reason = aborted
t13.restarts = 43
t13.nogoods_size = 22135
t13.nodes = 195849
t13.propagations = 195849
t22.stop_reason = aborted
t22.restarts = 43
t22.nogoods_size = 22135
t22.nodes = 260501
t22.propagations = 260501
t14.where = -1/-1 -1/-1 -1/-1 -1/-1 -1/-1 -1/-1 -1/-1 -1/-1 -1/-1 0/189 -1/-1 0/3 -1/-1 0/2 -1/-1 0/2 -1/-1 -1/-1 -1/-1 0/3 -1/-1 0/2 -1/-1 -1/-1 0/2 -1/-1 0/2 -1/-1 -1/-1 0/2 -1/-1 0/2 -1/-1 0/2 -1/-1 0/2 -1/-1 0/2 -1/-1 0/2 -1/-1 0/3 -1/-1 0/2 -1/-1 0/3 -1/-1 0/2 -1/-1 1/2 -1/-1 0/2 -1/-1 -1/-1 -1/-1 0/2 -1/-1 0/2 -1/-1 -1/-1 -1/-1 -1/-1 -1/-1 -1/-1 -1/-1 -1/-1 -1/-1 -1/-1 0/2 -1/-1 -1/-1 -1/-1 -1/-1 -1/-1 0/2 -1/-1 -1/-1 0/2 -1/-1 -1/-1 0/2 -1/-1 0/2 -1/-1 -1/-1 -1/-1 -1/-1 -1/-1 -1/-1 -1/-1 0/2 -1/-1 -1/-1 0/2 -1/-1 0/2 -1/-1 0/2 -1/-1 -1/-1 0/2 -1/-1 0/2 -1/-1 -1/-1 0/2 -1/-1 -1/-1 -1/-1 0/2 -1/-1 0/2 -1/-1 0/2 -1/-1 -1/-1 0/2 -1/-1 0/2 -1/-1 -1/-1 -1/-1 -1/-1 0/2 -1/-1 -1/-1 -1/-1 -1/-1 0/2 -1/-1 -1/-1 1/2 -1/-1 -1/-1 0/2 -1/-1 0/2 -1/-1 -1/-1 -1/-1 0/2 -1/-1 -1/-1 -1/-1 0/2 -1/-1 0/2 -1/-1 0/2 -1/-1 1/3 -1/-1 -1/-1 -1/-1 0/2 -1/-1 -1/-1 -1/-1 -1/-1 -1/-1 -1/-1 -1/-1 -1/-1 -1/-1 0/2 -1/-1 -1/-1 -1/-1 -1/-1 -1/-1 -1/-1 0/2 -1/-1 0/2 -1/-1 -1/-1 -1/-1 -1/-1 -1/-1 -1/-1 2/385 -1/-1 0/4 -1/-1 0/3 -1/-1 0/2 -1/-1 0/2 -1/-1 -1/-1 0/2 -1/-1 0/2 -1/-1 0/2 -1/-1 0/2 -1/-1 0/2 -1/-1 0/3 -1/-1 0/2 -1/-1 0/2 -1/-1 0/2 -1/-1 0/2 -1/-1 0/2 -1/-1 0/3 -1/-1 0/3 -1/-1 0/3 -1/-1 0/3 -1/-1 0/3 -1/-1 0/404 -1/-1 0/2 -1/-1 0/2 -1/-1 0/485 -1/-1 0/2 -1/-1 0/488 -1/-1 0/487 -1/-1 0/486 -1/-1 0/485 -1/-1 0/484 -1/-1 0/483 -1/-1 0/482 -1/-1 0/481 -1/-1 0/480 -1/-1
t14.stop_reason = satisfiable
t14.restarts = 43
t14.nogoods_size = 22135
t14.nodes = 190942
t14.propagations = 190942
t6.stop_reason = aborted
t6.restarts = 43
t6.nogoods_size = 22135
t6.nodes = 260032
t6.propagations = 260032
t23.stop_reason = aborted
t23.restarts = 43
t23.nogoods_size = 22135
t23.nodes = 251110
t23.propagations = 251110
t11.stop_reason = aborted
t11.restarts = 43
t11.nogoods_size = 22135
t11.nodes = 267877
t11.propagations = 267877
t27.stop_reason = aborted
t27.restarts = 43
t27.nogoods_size = 22135
t27.nodes = 199185
t27.propagations = 199185
t18.stop_reason = aborted
t18.restarts = 43
t18.nogoods_size = 22135
t18.nodes = 187733
t18.propagations = 187733
t1.stop_reason = aborted
t1.restarts = 43
t1.nogoods_size = 22135
t1.nodes = 250304
t1.propagations = 250304
t4.stop_reason = aborted
t4.restarts = 43
t4.nogoods_size = 22135
t4.nodes = 267001
t4.propagations = 267001
t25.stop_reason = aborted
t25.restarts = 43
t25.nogoods_size = 22135
t25.nodes = 188522
t25.propagations = 188522
t21.stop_reason = aborted
t21.restarts = 43
t21.nogoods_size = 22135
t21.nodes = 243191
t21.propagations = 243191
t12.stop_reason = aborted
t12.restarts = 43
t12.nogoods_size = 22135
t12.nodes = 262777
t12.propagations = 262777
t30.stop_reason = aborted
t30.restarts = 43
t30.nogoods_size = 22135
t30.nodes = 261190
t30.propagations = 261190
t2.stop_reason = aborted
t2.restarts = 43
t2.nogoods_size = 22135
t2.nodes = 197147
t2.propagations = 197147
t17.stop_reason = aborted
t17.restarts = 43
t17.nogoods_size = 22135
t17.nodes = 272744
t17.propagations = 272744
t33.stop_reason = aborted
t33.restarts = 43
t33.nogoods_size = 22135
t33.nodes = 243459
t33.propagations = 243459
t0.stop_reason = aborted
t0.restarts = 43
t0.nogoods_size = 22135
t0.nodes = 203405
t0.propagations = 203405
t26.stop_reason = aborted
t26.restarts = 43
t26.nogoods_size = 22135
t26.nodes = 191131
t26.propagations = 191131
t3.stop_reason = aborted
t3.restarts = 43
t3.nogoods_size = 22135
t3.nodes = 260357
t3.propagations = 260357
t32.stop_reason = aborted
t32.restarts = 43
t32.nogoods_size = 22135
t32.nodes = 200286
t32.propagations = 200286
t9.stop_reason = aborted
t9.restarts = 43
t9.nogoods_size = 22135
t9.nodes = 247470
t9.propagations = 247470
t5.stop_reason = aborted
t5.restarts = 43
t5.nogoods_size = 22135
t5.nodes = 241169
t5.propagations = 241169
t15.stop_reason = aborted
t15.restarts = 43
t15.nogoods_size = 22135
t15.nodes = 248952
t15.propagations = 248952
t8.stop_reason = aborted
t8.restarts = 43
t8.nogoods_size = 22135
t8.nodes = 244649
t8.propagations = 244649
t24.stop_reason = aborted
t24.restarts = 43
t24.nogoods_size = 22135
t24.nodes = 187163
t24.propagations = 187163
t7.stop_reason = aborted
t7.restarts = 43
t7.nogoods_size = 22135
t7.nodes = 279986
t7.propagations = 279986
t29.stop_reason = aborted
t29.restarts = 43
t29.nogoods_size = 22135
t29.nodes = 261360
t29.propagations = 261360
search_time = 4203
