hostname = r1i3n4
commandline = ../glasgow/solve_subgraph_isomorphism --value-ordering=biased --triggered-restarts --geometric-restarts=1.0 --restarts-constant=100000 --restart-timer=100 --threads=36 --timeout 1000 --format lad ../instances/meshes-CVIU11/patterns/pattern3 ../instances/meshes-CVIU11/targets/target312
started_at = 2018-11-23 03:54:36
pattern_file = ../instances/meshes-CVIU11/patterns/pattern3
target_file = ../instances/meshes-CVIU11/targets/target312
status = aborted
nodes = 1892892009
propagations = 4483089256
runtime = 1108998
t9.stop_reason = aborted
t9.restarts = 9479
t9.nogoods_size = 4543962
t9.nodes = 53294357
t9.propagations = 53294357
t32.stop_reason = aborted
t32.restarts = 9479
t32.nogoods_size = 4543962
t32.nodes = 52635093
t32.propagations = 52635093
t13.stop_reason = aborted
t13.restarts = 9479
t13.nogoods_size = 4543962
t13.nodes = 50296792
t13.propagations = 50296792
t25.stop_reason = aborted
t25.restarts = 9479
t25.nogoods_size = 4543962
t25.nodes = 52738164
t25.propagations = 52738164
t28.stop_reason = aborted
t28.restarts = 9479
t28.nogoods_size = 4543962
t28.nodes = 52911900
t28.propagations = 52911900
t18.stop_reason = aborted
t18.restarts = 9479
t18.nogoods_size = 4543962
t18.nodes = 52780562
t18.propagations = 52780562
t17.stop_reason = aborted
t17.restarts = 9479
t17.nogoods_size = 4543962
t17.nodes = 52354688
t17.propagations = 52354688
t34.stop_reason = aborted
t34.restarts = 9479
t34.nogoods_size = 4543962
t34.nodes = 52347016
t34.propagations = 52347016
t29.stop_reason = aborted
t29.restarts = 9479
t29.nogoods_size = 4543962
t29.nodes = 53448588
t29.propagations = 53448588
t12.stop_reason = aborted
t12.restarts = 9479
t12.nogoods_size = 4543962
t12.nodes = 52976097
t12.propagations = 52976097
t30.stop_reason = aborted
t30.restarts = 9479
t30.nogoods_size = 4543962
t30.nodes = 53535065
t30.propagations = 53535065
t5.stop_reason = aborted
t5.restarts = 9479
t5.nogoods_size = 4543962
t5.nodes = 52380361
t5.propagations = 52380361
t33.stop_reason = aborted
t33.restarts = 9479
t33.nogoods_size = 4543962
t33.nodes = 51884587
t33.propagations = 51884587
t8.stop_reason = aborted
t8.restarts = 9479
t8.nogoods_size = 4543962
t8.nodes = 52675485
t8.propagations = 52675485
t6.stop_reason = aborted
t6.restarts = 9479
t6.nogoods_size = 4543962
t6.nodes = 52774456
t6.propagations = 52774456
t26.stop_reason = aborted
t26.restarts = 9479
t26.nogoods_size = 4543962
t26.nodes = 52783323
t26.propagations = 52783323
t31.stop_reason = aborted
t31.restarts = 9479
t31.nogoods_size = 4543962
t31.nodes = 52424480
t31.propagations = 52424480
t10.stop_reason = aborted
t10.restarts = 9479
t10.nogoods_size = 4543962
t10.nodes = 52661236
t10.propagations = 52661236
t2.stop_reason = aborted
t2.restarts = 9479
t2.nogoods_size = 4543962
t2.nodes = 52660783
t2.propagations = 52660783
t7.stop_reason = aborted
t7.restarts = 9479
t7.nogoods_size = 4543962
t7.nodes = 52474363
t7.propagations = 52474363
t0.stop_reason = aborted
t0.restarts = 9479
t0.nogoods_size = 4543962
t0.nodes = 52841990
t0.propagations = 52841990
t16.stop_reason = aborted
t16.restarts = 9479
t16.nogoods_size = 4543962
t16.nodes = 52703271
t16.propagations = 52703271
t24.stop_reason = aborted
t24.restarts = 9479
t24.nogoods_size = 4543962
t24.nodes = 49962552
t24.propagations = 49962552
t21.stop_reason = aborted
t21.restarts = 9479
t21.nogoods_size = 4543962
t21.nodes = 52994260
t21.propagations = 52994260
t22.stop_reason = aborted
t22.restarts = 9479
t22.nogoods_size = 4543962
t22.nodes = 53474587
t22.propagations = 53474587
t19.stop_reason = aborted
t19.restarts = 9479
t19.nogoods_size = 4543962
t19.nodes = 52755549
t19.propagations = 52755549
t1.stop_reason = aborted
t1.restarts = 9479
t1.nogoods_size = 4543962
t1.nodes = 52408430
t1.propagations = 52408430
t15.stop_reason = aborted
t15.restarts = 9479
t15.nogoods_size = 4543962
t15.nodes = 52253759
t15.propagations = 52253759
t3.stop_reason = aborted
t3.restarts = 9479
t3.nogoods_size = 4543962
t3.nodes = 52861596
t3.propagations = 52861596
t14.stop_reason = aborted
t14.restarts = 9479
t14.nogoods_size = 4543962
t14.nodes = 52906249
t14.propagations = 52906249
t11.stop_reason = aborted
t11.restarts = 9479
t11.nogoods_size = 4543962
t11.nodes = 52449027
t11.propagations = 52449027
t27.stop_reason = aborted
t27.restarts = 9479
t27.nogoods_size = 4543962
t27.nodes = 52063708
t27.propagations = 52063708
t20.stop_reason = aborted
t20.restarts = 9479
t20.nogoods_size = 4543962
t20.nodes = 52627512
t20.propagations = 52627512
t4.stop_reason = aborted
t4.restarts = 9479
t4.nogoods_size = 4543962
t4.nodes = 52663858
t4.propagations = 52663858
t23.stop_reason = aborted
t23.restarts = 9479
t23.nogoods_size = 4543962
t23.nodes = 52516251
t23.propagations = 52516251
t35.stop_reason = aborted
t35.restarts = 9479
t35.nogoods_size = 4543962
t35.nodes = 53372014
t35.propagations = 53372014
search_time = 1000039
