hostname = r1i1n24
commandline = ../glasgow/solve_subgraph_isomorphism --value-ordering=biased --triggered-restarts --geometric-restarts=1.0 --restarts-constant=100000 --restart-timer=100 --threads=36 --timeout 1000 --format lad ../instances/LV/g13 ../instances/largerGraphs/g64
started_at = 2018-11-23 01:09:49
pattern_file = ../instances/LV/g13
target_file = ../instances/largerGraphs/g64
status = aborted
nodes = 4820555286
propagations = 25765546589
runtime = 1069397
t29.stop_reason = aborted
t29.restarts = 9141
t29.nogoods_size = 6159118
t29.nodes = 130945488
t29.propagations = 130945488
t11.stop_reason = aborted
t11.restarts = 9141
t11.nogoods_size = 6159118
t11.nodes = 138730659
t11.propagations = 138730659
t15.stop_reason = aborted
t15.restarts = 9141
t15.nogoods_size = 6159118
t15.nodes = 138741737
t15.propagations = 138741737
t25.stop_reason = aborted
t25.restarts = 9141
t25.nogoods_size = 6159118
t25.nodes = 137643348
t25.propagations = 137643348
t7.stop_reason = aborted
t7.restarts = 9141
t7.nogoods_size = 6159118
t7.nodes = 131313159
t7.propagations = 131313159
t13.stop_reason = aborted
t13.restarts = 9141
t13.nogoods_size = 6159118
t13.nodes = 130101351
t13.propagations = 130101351
t18.stop_reason = aborted
t18.restarts = 9141
t18.nogoods_size = 6159118
t18.nodes = 134693275
t18.propagations = 134693275
t14.stop_reason = aborted
t14.restarts = 9141
t14.nogoods_size = 6159118
t14.nodes = 134215531
t14.propagations = 134215531
t5.stop_reason = aborted
t5.restarts = 9141
t5.nogoods_size = 6159118
t5.nodes = 126355459
t5.propagations = 126355459
t34.stop_reason = aborted
t34.restarts = 9141
t34.nogoods_size = 6159118
t34.nodes = 138340546
t34.propagations = 138340546
t26.stop_reason = aborted
t26.restarts = 9141
t26.nogoods_size = 6159118
t26.nodes = 137837839
t26.propagations = 137837839
t16.stop_reason = aborted
t16.restarts = 9141
t16.nogoods_size = 6159118
t16.nodes = 137295719
t16.propagations = 137295719
t10.stop_reason = aborted
t10.restarts = 9141
t10.nogoods_size = 6159118
t10.nodes = 137762284
t10.propagations = 137762284
t33.stop_reason = aborted
t33.restarts = 9141
t33.nogoods_size = 6159118
t33.nodes = 138297248
t33.propagations = 138297248
t32.stop_reason = aborted
t32.restarts = 9141
t32.nogoods_size = 6159118
t32.nodes = 134801191
t32.propagations = 134801191
t31.stop_reason = aborted
t31.restarts = 9141
t31.nogoods_size = 6159118
t31.nodes = 131994228
t31.propagations = 131994228
t17.stop_reason = aborted
t17.restarts = 9141
t17.nogoods_size = 6159118
t17.nodes = 129225814
t17.propagations = 129225814
t22.stop_reason = aborted
t22.restarts = 9141
t22.nogoods_size = 6159118
t22.nodes = 133504441
t22.propagations = 133504441
t30.stop_reason = aborted
t30.restarts = 9141
t30.nogoods_size = 6159118
t30.nodes = 128809116
t30.propagations = 128809116
t35.stop_reason = aborted
t35.restarts = 9141
t35.nogoods_size = 6159118
t35.nodes = 138657023
t35.propagations = 138657023
t1.stop_reason = aborted
t1.restarts = 9141
t1.nogoods_size = 6159118
t1.nodes = 130805157
t1.propagations = 130805157
t2.stop_reason = aborted
t2.restarts = 9141
t2.nogoods_size = 6159118
t2.nodes = 133794159
t2.propagations = 133794159
t12.stop_reason = aborted
t12.restarts = 9141
t12.nogoods_size = 6159118
t12.nodes = 135905148
t12.propagations = 135905148
t24.stop_reason = aborted
t24.restarts = 9141
t24.nogoods_size = 6159118
t24.nodes = 132534828
t24.propagations = 132534828
t0.stop_reason = aborted
t0.restarts = 9141
t0.nogoods_size = 6159118
t0.nodes = 132915585
t0.propagations = 132915585
t6.stop_reason = aborted
t6.restarts = 9141
t6.nogoods_size = 6159118
t6.nodes = 124919652
t6.propagations = 124919652
t28.stop_reason = aborted
t28.restarts = 9141
t28.nogoods_size = 6159118
t28.nodes = 136823067
t28.propagations = 136823067
t4.stop_reason = aborted
t4.restarts = 9141
t4.nogoods_size = 6159118
t4.nodes = 136809827
t4.propagations = 136809827
t19.stop_reason = aborted
t19.restarts = 9141
t19.nogoods_size = 6159118
t19.nodes = 135426084
t19.propagations = 135426084
t20.stop_reason = aborted
t20.restarts = 9141
t20.nogoods_size = 6159118
t20.nodes = 136179658
t20.propagations = 136179658
t21.stop_reason = aborted
t21.restarts = 9141
t21.nogoods_size = 6159118
t21.nodes = 130280135
t21.propagations = 130280135
t8.stop_reason = aborted
t8.restarts = 9141
t8.nogoods_size = 6159118
t8.nodes = 131202613
t8.propagations = 131202613
t9.stop_reason = aborted
t9.restarts = 9141
t9.nogoods_size = 6159118
t9.nodes = 138423118
t9.propagations = 138423118
t3.stop_reason = aborted
t3.restarts = 9141
t3.nogoods_size = 6159118
t3.nodes = 124918372
t3.propagations = 124918372
t23.stop_reason = aborted
t23.restarts = 9141
t23.nogoods_size = 6159118
t23.nodes = 131511276
t23.propagations = 131511276
t27.stop_reason = aborted
t27.restarts = 9141
t27.nogoods_size = 6159118
t27.nodes = 138841151
t27.propagations = 138841151
search_time = 1000005
