hostname = r1i0n7
commandline = ../glasgow/solve_subgraph_isomorphism --value-ordering=biased --triggered-restarts --geometric-restarts=1.0 --restarts-constant=100000 --restart-timer=100 --threads=36 --timeout 1000 --format lad ../instances/LV/g19 ../instances/largerGraphs/g73-normed
started_at = 2018-11-23 02:16:53
pattern_file = ../instances/LV/g19
target_file = ../instances/largerGraphs/g73-normed
status = aborted
nodes = 506484243
propagations = 1311069993
runtime = 1040379
t7.stop_reason = aborted
t7.restarts = 6043
t7.nogoods_size = 2118547
t7.nodes = 13767105
t7.propagations = 13767105
t11.stop_reason = aborted
t11.restarts = 6043
t11.nogoods_size = 2118547
t11.nodes = 15647416
t11.propagations = 15647416
t9.stop_reason = aborted
t9.restarts = 6043
t9.nogoods_size = 2118547
t9.nodes = 14173033
t9.propagations = 14173033
t33.stop_reason = aborted
t33.restarts = 6043
t33.nogoods_size = 2118547
t33.nodes = 13955709
t33.propagations = 13955709
t4.stop_reason = aborted
t4.restarts = 6043
t4.nogoods_size = 2118547
t4.nodes = 14251062
t4.propagations = 14251062
t14.stop_reason = aborted
t14.restarts = 6043
t14.nogoods_size = 2118547
t14.nodes = 14212629
t14.propagations = 14212629
t20.stop_reason = aborted
t20.restarts = 6043
t20.nogoods_size = 2118547
t20.nodes = 14050998
t20.propagations = 14050998
t17.stop_reason = aborted
t17.restarts = 6043
t17.nogoods_size = 2118547
t17.nodes = 14055109
t17.propagations = 14055109
t25.stop_reason = aborted
t25.restarts = 6043
t25.nogoods_size = 2118547
t25.nodes = 13580439
t25.propagations = 13580439
t8.stop_reason = aborted
t8.restarts = 6043
t8.nogoods_size = 2118547
t8.nodes = 13764810
t8.propagations = 13764810
t32.stop_reason = aborted
t32.restarts = 6043
t32.nogoods_size = 2118547
t32.nodes = 14013114
t32.propagations = 14013114
t31.stop_reason = aborted
t31.restarts = 6043
t31.nogoods_size = 2118547
t31.nodes = 14046189
t31.propagations = 14046189
t3.stop_reason = aborted
t3.restarts = 6043
t3.nogoods_size = 2118547
t3.nodes = 13919048
t3.propagations = 13919048
t22.stop_reason = aborted
t22.restarts = 6043
t22.nogoods_size = 2118547
t22.nodes = 13997190
t22.propagations = 13997190
t13.stop_reason = aborted
t13.restarts = 6043
t13.nogoods_size = 2118547
t13.nodes = 14162486
t13.propagations = 14162486
t35.stop_reason = aborted
t35.restarts = 6043
t35.nogoods_size = 2118547
t35.nodes = 13770436
t35.propagations = 13770436
t28.stop_reason = aborted
t28.restarts = 6043
t28.nogoods_size = 2118547
t28.nodes = 14173666
t28.propagations = 14173666
t34.stop_reason = aborted
t34.restarts = 6043
t34.nogoods_size = 2118547
t34.nodes = 13711045
t34.propagations = 13711045
t6.stop_reason = aborted
t6.restarts = 6043
t6.nogoods_size = 2118547
t6.nodes = 13532019
t6.propagations = 13532019
t27.stop_reason = aborted
t27.restarts = 6043
t27.nogoods_size = 2118547
t27.nodes = 14472498
t27.propagations = 14472498
t18.stop_reason = aborted
t18.restarts = 6043
t18.nogoods_size = 2118547
t18.nodes = 14216075
t18.propagations = 14216075
t30.stop_reason = aborted
t30.restarts = 6043
t30.nogoods_size = 2118547
t30.nodes = 14012240
t30.propagations = 14012240
t1.stop_reason = aborted
t1.restarts = 6043
t1.nogoods_size = 2118547
t1.nodes = 14593016
t1.propagations = 14593016
t19.stop_reason = aborted
t19.restarts = 6043
t19.nogoods_size = 2118547
t19.nodes = 14555364
t19.propagations = 14555364
t21.stop_reason = aborted
t21.restarts = 6043
t21.nogoods_size = 2118547
t21.nodes = 13978965
t21.propagations = 13978965
t23.stop_reason = aborted
t23.restarts = 6043
t23.nogoods_size = 2118547
t23.nodes = 14284190
t23.propagations = 14284190
t2.stop_reason = aborted
t2.restarts = 6043
t2.nogoods_size = 2118547
t2.nodes = 14550352
t2.propagations = 14550352
t10.stop_reason = aborted
t10.restarts = 6043
t10.nogoods_size = 2118547
t10.nodes = 13884992
t10.propagations = 13884992
t15.stop_reason = aborted
t15.restarts = 6043
t15.nogoods_size = 2118547
t15.nodes = 13783007
t15.propagations = 13783007
t0.stop_reason = aborted
t0.restarts = 6043
t0.nogoods_size = 2118547
t0.nodes = 12776011
t0.propagations = 12776011
t24.stop_reason = aborted
t24.restarts = 6043
t24.nogoods_size = 2118547
t24.nodes = 13870950
t24.propagations = 13870950
t16.stop_reason = aborted
t16.restarts = 6043
t16.nogoods_size = 2118547
t16.nodes = 14077334
t16.propagations = 14077334
t5.stop_reason = aborted
t5.restarts = 6043
t5.nogoods_size = 2118547
t5.nodes = 14336714
t5.propagations = 14336714
t26.stop_reason = aborted
t26.restarts = 6043
t26.nogoods_size = 2118547
t26.nodes = 14332918
t26.propagations = 14332918
t29.stop_reason = aborted
t29.restarts = 6043
t29.nogoods_size = 2118547
t29.nodes = 13974137
t29.propagations = 13974137
t12.stop_reason = aborted
t12.restarts = 6043
t12.nogoods_size = 2118547
t12.nodes = 14001977
t12.propagations = 14001977
search_time = 1000100
