hostname = r1i4n5
commandline = ../glasgow/solve_subgraph_isomorphism --value-ordering=biased --triggered-restarts --geometric-restarts=1.0 --restarts-constant=100000 --restart-timer=100 --threads=36 --timeout 1000 --format lad ../instances/phase/phase-30-150-0.80-0.72-0.74-8-pattern ../instances/phase/phase-30-150-0.80-0.72-0.74-8-target
started_at = 2018-11-22 22:59:08
pattern_file = ../instances/phase/phase-30-150-0.80-0.72-0.74-8-pattern
target_file = ../instances/phase/phase-30-150-0.80-0.72-0.74-8-target
status = true
nodes = 724639
propagations = 1943915
mapping = (0 -> 20) (1 -> 139) (2 -> 93) (3 -> 63) (4 -> 31) (5 -> 6) (6 -> 55) (7 -> 2) (8 -> 149) (9 -> 52) (10 -> 101) (11 -> 89) (12 -> 14) (13 -> 140) (14 -> 77) (15 -> 45) (16 -> 130) (17 -> 21) (18 -> 124) (19 -> 132) (20 -> 104) (21 -> 122) (22 -> 19) (23 -> 59) (24 -> 120) (25 -> 26) (26 -> 144) (27 -> 32) (28 -> 70) (29 -> 11) 
runtime = 85
t7.stop_reason = aborted
t7.restarts = 2
t7.nogoods_size = 36
t7.nodes = 28574
t7.propagations = 28574
t11.stop_reason = aborted
t11.restarts = 2
t11.nogoods_size = 36
t11.nodes = 29589
t11.propagations = 29589
t10.stop_reason = aborted
t10.restarts = 2
t10.nogoods_size = 36
t10.nodes = 28015
t10.propagations = 28015
t19.stop_reason = aborted
t19.restarts = 2
t19.nogoods_size = 36
t19.nodes = 28493
t19.propagations = 28493
t2.stop_reason = aborted
t2.restarts = 2
t2.nogoods_size = 36
t2.nodes = 16836
t2.propagations = 16836
t21.stop_reason = aborted
t21.restarts = 2
t21.nogoods_size = 36
t21.nodes = 10538
t21.propagations = 10538
t32.stop_reason = aborted
t32.restarts = 2
t32.nogoods_size = 36
t32.nodes = 23460
t32.propagations = 23460
t35.stop_reason = aborted
t35.restarts = 2
t35.nogoods_size = 36
t35.nodes = 16386
t35.propagations = 16386
t14.stop_reason = aborted
t14.restarts = 2
t14.nogoods_size = 36
t14.nodes = 17169
t14.propagations = 17169
t15.stop_reason = aborted
t15.restarts = 2
t15.nogoods_size = 36
t15.nodes = 24502
t15.propagations = 24502
t1.stop_reason = aborted
t1.restarts = 2
t1.nogoods_size = 36
t1.nodes = 13709
t1.propagations = 13709
t13.stop_reason = aborted
t13.restarts = 2
t13.nogoods_size = 36
t13.nodes = 17189
t13.propagations = 17189
t8.stop_reason = aborted
t8.restarts = 2
t8.nogoods_size = 36
t8.nodes = 17923
t8.propagations = 17923
t31.stop_reason = aborted
t31.restarts = 2
t31.nogoods_size = 36
t31.nodes = 26383
t31.propagations = 26383
t25.stop_reason = aborted
t25.restarts = 2
t25.nogoods_size = 36
t25.nodes = 24265
t25.propagations = 24265
t34.stop_reason = aborted
t34.restarts = 2
t34.nogoods_size = 36
t34.nodes = 28198
t34.propagations = 28198
t17.stop_reason = aborted
t17.restarts = 2
t17.nogoods_size = 36
t17.nodes = 19763
t17.propagations = 19763
t18.stop_reason = aborted
t18.restarts = 2
t18.nogoods_size = 36
t18.nodes = 27057
t18.propagations = 27057
t20.stop_reason = aborted
t20.restarts = 2
t20.nogoods_size = 36
t20.nodes = 16583
t20.propagations = 16583
t29.stop_reason = aborted
t29.restarts = 2
t29.nogoods_size = 36
t29.nodes = 26450
t29.propagations = 26450
t3.stop_reason = aborted
t3.restarts = 2
t3.nogoods_size = 36
t3.nodes = 16326
t3.propagations = 16326
t9.stop_reason = aborted
t9.restarts = 2
t9.nogoods_size = 36
t9.nodes = 9621
t9.propagations = 9621
t28.stop_reason = aborted
t28.restarts = 2
t28.nogoods_size = 36
t28.nodes = 25146
t28.propagations = 25146
t12.stop_reason = aborted
t12.restarts = 2
t12.nogoods_size = 36
t12.nodes = 9384
t12.propagations = 9384
t6.stop_reason = aborted
t6.restarts = 2
t6.nogoods_size = 36
t6.nodes = 11648
t6.propagations = 11648
t22.stop_reason = aborted
t22.restarts = 2
t22.nogoods_size = 36
t22.nodes = 15574
t22.propagations = 15574
t5.stop_reason = aborted
t5.restarts = 2
t5.nogoods_size = 36
t5.nodes = 31373
t5.propagations = 31373
t0.stop_reason = aborted
t0.restarts = 2
t0.nogoods_size = 36
t0.nodes = 16919
t0.propagations = 16919
t16.stop_reason = aborted
t16.restarts = 2
t16.nogoods_size = 36
t16.nodes = 27049
t16.propagations = 27049
t23.stop_reason = aborted
t23.restarts = 2
t23.nogoods_size = 36
t23.nodes = 27364
t23.propagations = 27364
t27.stop_reason = aborted
t27.restarts = 2
t27.nogoods_size = 36
t27.nodes = 17449
t27.propagations = 17449
t26.stop_reason = aborted
t26.restarts = 2
t26.nogoods_size = 36
t26.nodes = 9129
t26.propagations = 9129
t30.stop_reason = aborted
t30.restarts = 2
t30.nogoods_size = 36
t30.nodes = 15997
t30.propagations = 15997
t33.stop_reason = aborted
t33.restarts = 2
t33.nogoods_size = 36
t33.nodes = 15646
t33.propagations = 15646
t24.stop_reason = aborted
t24.restarts = 2
t24.nogoods_size = 36
t24.nodes = 17972
t24.propagations = 17972
t4.where = 0/150 -1/-1 0/119 -1/-1 0/98 -1/-1 0/78 -1/-1 0/59 -1/-1 0/49 -1/-1 0/40 -1/-1 0/30 -1/-1 0/23 -1/-1 0/16 -1/-1 1/17 -1/-1 9/14 -1/-1 6/11 -1/-1 2/6 -1/-1 1/4 -1/-1 1/4 -1/-1 0/3 -1/-1 -1/-1 0/2 -1/-1 -1/-1 0/2 -1/-1 -1/-1 -1/-1 -1/-1 -1/-1 -1/-1 0/2 -1/-1 -1/-1 -1/-1 -1/-1
t4.stop_reason = satisfiable
t4.restarts = 2
t4.nogoods_size = 36
t4.nodes = 16960
t4.propagations = 16960
search_time = 69
