hostname = r1i4n5
commandline = ../glasgow/solve_subgraph_isomorphism --value-ordering=biased --triggered-restarts --geometric-restarts=1.0 --restarts-constant=100000 --restart-timer=100 --threads=36 --timeout 1000 --format lad ../instances/si/si6_bvg_b06_800/si6_b06_m800.07/pattern ../instances/si/si6_bvg_b06_800/si6_b06_m800.07/target
started_at = 2018-11-22 22:55:39
pattern_file = ../instances/si/si6_bvg_b06_800/si6_b06_m800.07/pattern
target_file = ../instances/si/si6_bvg_b06_800/si6_b06_m800.07/target
status = true
nodes = 73
propagations = 108
mapping = (0 -> 348) (1 -> 397) (2 -> 288) (3 -> 401) (4 -> 41) (5 -> 220) (6 -> 344) (7 -> 504) (8 -> 210) (9 -> 365) (10 -> 585) (11 -> 550) (12 -> 541) (13 -> 205) (14 -> 398) (15 -> 58) (16 -> 558) (17 -> 383) (18 -> 80) (19 -> 174) (20 -> 658) (21 -> 536) (22 -> 357) (23 -> 393) (24 -> 378) (25 -> 682) (26 -> 720) (27 -> 405) (28 -> 763) (29 -> 479) (30 -> 386) (31 -> 232) (32 -> 775) (33 -> 693) (34 -> 423) (35 -> 306) (36 -> 138) (37 -> 107) (38 -> 209) (39 -> 744) (40 -> 484) (41 -> 427) (42 -> 464) (43 -> 77) (44 -> 175) (45 -> 589) (46 -> 525) (47 -> 600) (48 -> 39) (49 -> 545) (50 -> 449) (51 -> 706) (52 -> 126) (53 -> 54) (54 -> 234) (55 -> 92) (56 -> 261) (57 -> 402) (58 -> 538) (59 -> 414) (60 -> 197) (61 -> 387) (62 -> 193) (63 -> 369) (64 -> 119) (65 -> 701) (66 -> 586) (67 -> 481) (68 -> 746) (69 -> 453) (70 -> 593) (71 -> 715) (72 -> 167) (73 -> 283) (74 -> 154) (75 -> 392) (76 -> 310) (77 -> 633) (78 -> 415) (79 -> 53) (80 -> 681) (81 -> 477) (82 -> 778) (83 -> 141) (84 -> 755) (85 -> 301) (86 -> 767) (87 -> 669) (88 -> 166) (89 -> 594) (90 -> 797) (91 -> 750) (92 -> 294) (93 -> 498) (94 -> 359) (95 -> 737) (96 -> 272) (97 -> 412) (98 -> 227) (99 -> 654) (100 -> 783) (101 -> 364) (102 -> 455) (103 -> 722) (104 -> 360) (105 -> 241) (106 -> 742) (107 -> 74) (108 -> 14) (109 -> 140) (110 -> 779) (111 -> 63) (112 -> 500) (113 -> 380) (114 -> 519) (115 -> 391) (116 -> 316) (117 -> 255) (118 -> 103) (119 -> 675) (120 -> 121) (121 -> 733) (122 -> 143) (123 -> 183) (124 -> 311) (125 -> 297) (126 -> 740) (127 -> 76) (128 -> 480) (129 -> 408) (130 -> 245) (131 -> 324) (132 -> 444) (133 -> 794) (134 -> 605) (135 -> 325) (136 -> 452) (137 -> 495) (138 -> 628) (139 -> 315) (140 -> 787) (141 -> 285) (142 -> 608) (143 -> 328) (144 -> 680) (145 -> 159) (146 -> 96) (147 -> 494) (148 -> 223) (149 -> 461) (150 -> 236) (151 -> 517) (152 -> 262) (153 -> 112) (154 -> 509) (155 -> 400) (156 -> 381) (157 -> 131) (158 -> 224) (159 -> 280) (160 -> 603) (161 -> 298) (162 -> 72) (163 -> 303) (164 -> 459) (165 -> 225) (166 -> 501) (167 -> 583) (168 -> 289) (169 -> 105) (170 -> 595) (171 -> 125) (172 -> 354) (173 -> 321) (174 -> 531) (175 -> 596) (176 -> 404) (177 -> 238) (178 -> 630) (179 -> 403) (180 -> 454) (181 -> 653) (182 -> 356) (183 -> 732) (184 -> 790) (185 -> 253) (186 -> 650) (187 -> 320) (188 -> 214) (189 -> 276) (190 -> 33) (191 -> 777) (192 -> 304) (193 -> 442) (194 -> 460) (195 -> 601) (196 -> 358) (197 -> 171) (198 -> 564) (199 -> 35) (200 -> 430) (201 -> 727) (202 -> 644) (203 -> 343) (204 -> 237) (205 -> 579) (206 -> 683) (207 -> 185) (208 -> 240) (209 -> 729) (210 -> 277) (211 -> 739) (212 -> 250) (213 -> 182) (214 -> 194) (215 -> 599) (216 -> 322) (217 -> 677) (218 -> 503) (219 -> 672) (220 -> 218) (221 -> 565) (222 -> 319) (223 -> 526) (224 -> 724) (225 -> 332) (226 -> 443) (227 -> 645) (228 -> 142) (229 -> 394) (230 -> 766) (231 -> 85) (232 -> 475) (233 -> 709) (234 -> 547) (235 -> 635) (236 -> 584) (237 -> 624) (238 -> 7) (239 -> 425) (240 -> 370) (241 -> 176) (242 -> 347) (243 -> 410) (244 -> 611) (245 -> 59) (246 -> 23) (247 -> 556) (248 -> 451) (249 -> 753) (250 -> 542) (251 -> 714) (252 -> 546) (253 -> 180) (254 -> 94) (255 -> 486) (256 -> 158) (257 -> 407) (258 -> 373) (259 -> 34) (260 -> 568) (261 -> 266) (262 -> 533) (263 -> 420) (264 -> 219) (265 -> 147) (266 -> 413) (267 -> 684) (268 -> 57) (269 -> 28) (270 -> 514) (271 -> 284) (272 -> 155) (273 -> 466) (274 -> 505) (275 -> 747) (276 -> 314) (277 -> 741) (278 -> 207) (279 -> 511) (280 -> 590) (281 -> 487) (282 -> 368) (283 -> 705) (284 -> 529) (285 -> 296) (286 -> 462) (287 -> 617) (288 -> 127) (289 -> 282) (290 -> 663) (291 -> 376) (292 -> 435) (293 -> 472) (294 -> 90) (295 -> 483) (296 -> 48) (297 -> 160) (298 -> 334) (299 -> 371) (300 -> 631) (301 -> 339) (302 -> 607) (303 -> 258) (304 -> 345) (305 -> 97) (306 -> 287) (307 -> 86) (308 -> 798) (309 -> 186) (310 -> 198) (311 -> 333) (312 -> 31) (313 -> 613) (314 -> 70) (315 -> 300) (316 -> 233) (317 -> 471) (318 -> 6) (319 -> 615) (320 -> 652) (321 -> 69) (322 -> 440) (323 -> 208) (324 -> 68) (325 -> 323) (326 -> 384) (327 -> 293) (328 -> 439) (329 -> 157) (330 -> 78) (331 -> 388) (332 -> 469) (333 -> 336) (334 -> 434) (335 -> 102) (336 -> 648) (337 -> 561) (338 -> 382) (339 -> 735) (340 -> 22) (341 -> 655) (342 -> 467) (343 -> 512) (344 -> 666) (345 -> 170) (346 -> 318) (347 -> 664) (348 -> 758) (349 -> 555) (350 -> 47) (351 -> 704) (352 -> 762) (353 -> 340) (354 -> 515) (355 -> 772) (356 -> 796) (357 -> 606) (358 -> 133) (359 -> 375) (360 -> 634) (361 -> 38) (362 -> 109) (363 -> 734) (364 -> 689) (365 -> 687) (366 -> 108) (367 -> 497) (368 -> 338) (369 -> 168) (370 -> 351) (371 -> 5) (372 -> 361) (373 -> 100) (374 -> 598) (375 -> 612) (376 -> 620) (377 -> 674) (378 -> 493) (379 -> 759) (380 -> 51) (381 -> 295) (382 -> 428) (383 -> 623) (384 -> 770) (385 -> 692) (386 -> 578) (387 -> 377) (388 -> 632) (389 -> 286) (390 -> 269) (391 -> 217) (392 -> 638) (393 -> 651) (394 -> 447) (395 -> 478) (396 -> 129) (397 -> 114) (398 -> 399) (399 -> 148) (400 -> 699) (401 -> 326) (402 -> 36) (403 -> 308) (404 -> 79) (405 -> 268) (406 -> 362) (407 -> 640) (408 -> 553) (409 -> 203) (410 -> 436) (411 -> 592) (412 -> 372) (413 -> 490) (414 -> 491) (415 -> 702) (416 -> 349) (417 -> 465) (418 -> 721) (419 -> 437) (420 -> 691) (421 -> 573) (422 -> 235) (423 -> 305) (424 -> 604) (425 -> 588) (426 -> 520) (427 -> 350) (428 -> 204) (429 -> 15) (430 -> 572) (431 -> 438) (432 -> 717) (433 -> 191) (434 -> 761) (435 -> 379) (436 -> 646) (437 -> 390) (438 -> 99) (439 -> 117) (440 -> 799) (441 -> 256) (442 -> 248) (443 -> 374) (444 -> 239) (445 -> 179) (446 -> 251) (447 -> 719) (448 -> 711) (449 -> 206) (450 -> 552) (451 -> 130) (452 -> 557) (453 -> 274) (454 -> 581) (455 -> 229) (456 -> 309) (457 -> 535) (458 -> 26) (459 -> 230) (460 -> 278) (461 -> 216) (462 -> 281) (463 -> 275) (464 -> 17) (465 -> 139) (466 -> 335) (467 -> 639) (468 -> 418) (469 -> 793) (470 -> 559) (471 -> 539) (472 -> 212) (473 -> 433) (474 -> 569) (475 -> 441) (476 -> 448) (477 -> 544) (478 -> 649) (479 -> 485) 
runtime = 349
t17.stop_reason = aborted
t17.restarts = 2
t17.nogoods_size = 36
t17.nodes = 2
t17.propagations = 2
t0.stop_reason = aborted
t0.restarts = 2
t0.nogoods_size = 36
t0.nodes = 2
t0.propagations = 2
t9.stop_reason = aborted
t9.restarts = 2
t9.nogoods_size = 36
t9.nodes = 2
t9.propagations = 2
t3.stop_reason = aborted
t3.restarts = 2
t3.nogoods_size = 36
t3.nodes = 2
t3.propagations = 2
t2.where = 0/800 -1/-1 0/2 -1/-1 -1/-1 -1/-1 -1/-1 -1/-1 -1/-1 -1/-1 -1/-1 -1/-1 -1/-1 -1/-1 -1/-1 -1/-1 -1/-1 -1/-1 -1/-1 -1/-1 -1/-1 -1/-1 -1/-1 -1/-1 -1/-1 -1/-1 -1/-1 -1/-1 -1/-1 -1/-1 -1/-1 -1/-1 -1/-1 -1/-1 -1/-1 -1/-1 -1/-1 -1/-1 -1/-1 -1/-1 -1/-1 -1/-1 -1/-1 -1/-1 -1/-1 -1/-1 -1/-1 -1/-1 -1/-1 -1/-1 -1/-1 -1/-1 -1/-1 -1/-1 -1/-1 -1/-1 -1/-1 -1/-1 -1/-1 -1/-1 -1/-1 -1/-1 -1/-1 -1/-1 -1/-1 -1/-1 -1/-1 -1/-1 -1/-1 -1/-1 -1/-1 -1/-1 -1/-1 -1/-1 -1/-1 -1/-1 -1/-1 -1/-1 -1/-1 -1/-1 -1/-1 -1/-1 -1/-1 -1/-1 -1/-1 -1/-1 -1/-1 -1/-1 -1/-1 -1/-1 -1/-1 -1/-1 -1/-1 -1/-1 -1/-1 -1/-1 -1/-1 -1/-1 -1/-1 -1/-1 -1/-1 -1/-1 -1/-1 -1/-1 -1/-1 -1/-1 -1/-1 -1/-1 -1/-1 -1/-1 -1/-1 -1/-1 -1/-1 -1/-1 -1/-1 -1/-1 -1/-1 -1/-1 -1/-1 -1/-1 -1/-1 -1/-1 -1/-1 -1/-1 -1/-1 -1/-1 -1/-1 -1/-1 -1/-1 -1/-1 -1/-1 -1/-1 -1/-1 -1/-1 -1/-1 -1/-1 -1/-1 -1/-1 -1/-1 -1/-1 -1/-1 -1/-1 -1/-1 -1/-1 -1/-1 -1/-1 -1/-1 -1/-1 -1/-1 -1/-1 -1/-1 -1/-1 -1/-1 -1/-1 -1/-1 -1/-1 -1/-1 -1/-1 -1/-1 -1/-1 -1/-1 -1/-1 -1/-1 -1/-1 -1/-1 -1/-1 -1/-1 -1/-1 -1/-1 -1/-1 -1/-1 -1/-1 -1/-1 -1/-1 -1/-1 -1/-1 -1/-1 -1/-1 -1/-1 -1/-1 -1/-1 -1/-1 -1/-1 -1/-1 -1/-1 -1/-1 -1/-1 -1/-1 -1/-1 -1/-1 -1/-1 -1/-1 -1/-1 -1/-1 -1/-1 -1/-1 -1/-1 -1/-1 -1/-1 -1/-1 -1/-1 -1/-1 -1/-1 -1/-1 -1/-1 -1/-1 -1/-1 -1/-1 -1/-1 -1/-1 -1/-1 -1/-1 -1/-1 -1/-1 -1/-1 -1/-1 -1/-1 -1/-1 -1/-1 -1/-1 -1/-1 -1/-1 -1/-1 -1/-1 -1/-1 -1/-1 -1/-1 -1/-1 -1/-1 -1/-1 -1/-1 -1/-1 -1/-1 -1/-1 -1/-1 -1/-1 -1/-1 -1/-1 -1/-1 -1/-1 -1/-1 -1/-1 -1/-1 -1/-1 -1/-1 -1/-1 -1/-1 -1/-1 -1/-1 -1/-1 -1/-1 -1/-1 -1/-1 -1/-1 -1/-1 -1/-1 -1/-1 -1/-1 -1/-1 -1/-1 -1/-1 -1/-1 -1/-1 -1/-1 -1/-1 -1/-1 -1/-1 -1/-1 -1/-1 -1/-1 -1/-1 -1/-1 -1/-1 -1/-1 -1/-1 -1/-1 -1/-1 -1/-1 -1/-1 -1/-1 -1/-1 -1/-1 -1/-1 -1/-1 -1/-1 -1/-1 -1/-1 -1/-1 -1/-1 -1/-1 -1/-1 -1/-1 -1/-1 -1/-1 -1/-1 -1/-1 -1/-1 -1/-1 -1/-1 -1/-1 -1/-1 -1/-1 -1/-1 -1/-1 -1/-1 -1/-1 -1/-1 -1/-1 -1/-1 -1/-1 -1/-1 -1/-1 -1/-1 -1/-1 -1/-1 -1/-1 -1/-1 -1/-1 -1/-1 -1/-1 -1/-1 -1/-1 -1/-1 -1/-1 -1/-1 -1/-1 -1/-1 -1/-1 -1/-1 -1/-1 -1/-1 -1/-1 -1/-1 -1/-1 -1/-1 -1/-1 -1/-1 -1/-1 -1/-1 -1/-1 -1/-1 -1/-1 -1/-1 -1/-1 -1/-1 -1/-1 -1/-1 -1/-1 -1/-1 -1/-1 -1/-1 -1/-1 -1/-1 -1/-1 -1/-1 -1/-1 -1/-1 -1/-1 -1/-1 -1/-1 -1/-1 -1/-1 -1/-1 -1/-1 -1/-1 -1/-1 -1/-1 -1/-1 -1/-1 -1/-1 -1/-1 -1/-1 -1/-1 -1/-1 -1/-1 -1/-1 -1/-1 -1/-1 -1/-1 -1/-1 -1/-1 -1/-1 -1/-1 -1/-1 -1/-1 -1/-1 -1/-1 -1/-1 -1/-1 -1/-1 -1/-1 -1/-1 -1/-1 -1/-1 -1/-1 -1/-1 -1/-1 -1/-1 -1/-1 -1/-1 -1/-1 -1/-1 -1/-1 -1/-1 -1/-1 -1/-1 -1/-1 -1/-1 -1/-1 -1/-1 -1/-1 -1/-1 -1/-1 -1/-1 -1/-1 -1/-1 -1/-1 -1/-1 -1/-1 -1/-1 -1/-1 -1/-1 -1/-1 -1/-1 -1/-1 -1/-1 -1/-1 -1/-1 -1/-1 -1/-1 -1/-1 -1/-1 -1/-1 -1/-1 -1/-1 -1/-1 -1/-1 -1/-1 -1/-1 -1/-1 -1/-1 -1/-1 -1/-1 -1/-1 -1/-1 -1/-1 -1/-1 -1/-1 -1/-1 -1/-1 -1/-1 -1/-1 -1/-1 -1/-1 -1/-1 -1/-1 -1/-1 -1/-1 -1/-1 -1/-1 -1/-1 -1/-1 -1/-1 -1/-1 -1/-1 -1/-1 -1/-1 -1/-1 -1/-1 -1/-1 -1/-1 -1/-1 -1/-1 -1/-1 -1/-1 -1/-1 -1/-1 -1/-1 -1/-1 -1/-1 -1/-1 -1/-1
t2.stop_reason = satisfiable
t2.restarts = 2
t2.nogoods_size = 36
t2.nodes = 3
t2.propagations = 3
t18.stop_reason = aborted
t18.restarts = 2
t18.nogoods_size = 36
t18.nodes = 2
t18.propagations = 2
t1.stop_reason = aborted
t1.restarts = 2
t1.nogoods_size = 36
t1.nodes = 2
t1.propagations = 2
t7.stop_reason = aborted
t7.restarts = 2
t7.nogoods_size = 36
t7.nodes = 2
t7.propagations = 2
t5.stop_reason = aborted
t5.restarts = 2
t5.nogoods_size = 36
t5.nodes = 2
t5.propagations = 2
t27.stop_reason = aborted
t27.restarts = 2
t27.nogoods_size = 36
t27.nodes = 2
t27.propagations = 2
t14.stop_reason = aborted
t14.restarts = 2
t14.nogoods_size = 36
t14.nodes = 2
t14.propagations = 2
t13.stop_reason = aborted
t13.restarts = 2
t13.nogoods_size = 36
t13.nodes = 2
t13.propagations = 2
t15.stop_reason = aborted
t15.restarts = 2
t15.nogoods_size = 36
t15.nodes = 2
t15.propagations = 2
t32.stop_reason = aborted
t32.restarts = 2
t32.nogoods_size = 36
t32.nodes = 2
t32.propagations = 2
t25.stop_reason = aborted
t25.restarts = 2
t25.nogoods_size = 36
t25.nodes = 2
t25.propagations = 2
t35.stop_reason = aborted
t35.restarts = 2
t35.nogoods_size = 36
t35.nodes = 2
t35.propagations = 2
t30.stop_reason = aborted
t30.restarts = 2
t30.nogoods_size = 36
t30.nodes = 2
t30.propagations = 2
t31.stop_reason = aborted
t31.restarts = 2
t31.nogoods_size = 36
t31.nodes = 2
t31.propagations = 2
t34.stop_reason = aborted
t34.restarts = 2
t34.nogoods_size = 36
t34.nodes = 2
t34.propagations = 2
t12.stop_reason = aborted
t12.restarts = 2
t12.nogoods_size = 36
t12.nodes = 2
t12.propagations = 2
t33.stop_reason = aborted
t33.restarts = 2
t33.nogoods_size = 36
t33.nodes = 2
t33.propagations = 2
t4.stop_reason = aborted
t4.restarts = 2
t4.nogoods_size = 36
t4.nodes = 2
t4.propagations = 2
t10.stop_reason = aborted
t10.restarts = 2
t10.nogoods_size = 36
t10.nodes = 2
t10.propagations = 2
t22.stop_reason = aborted
t22.restarts = 2
t22.nogoods_size = 36
t22.nodes = 2
t22.propagations = 2
t19.stop_reason = aborted
t19.restarts = 2
t19.nogoods_size = 36
t19.nodes = 2
t19.propagations = 2
t26.stop_reason = aborted
t26.restarts = 2
t26.nogoods_size = 36
t26.nodes = 2
t26.propagations = 2
t8.stop_reason = aborted
t8.restarts = 2
t8.nogoods_size = 36
t8.nodes = 2
t8.propagations = 2
t21.stop_reason = aborted
t21.restarts = 2
t21.nogoods_size = 36
t21.nodes = 2
t21.propagations = 2
t29.stop_reason = aborted
t29.restarts = 2
t29.nogoods_size = 36
t29.nodes = 2
t29.propagations = 2
t11.stop_reason = aborted
t11.restarts = 2
t11.nogoods_size = 36
t11.nodes = 2
t11.propagations = 2
t20.stop_reason = aborted
t20.restarts = 2
t20.nogoods_size = 36
t20.nodes = 2
t20.propagations = 2
t16.stop_reason = aborted
t16.restarts = 2
t16.nogoods_size = 36
t16.nodes = 2
t16.propagations = 2
t6.stop_reason = aborted
t6.restarts = 2
t6.nogoods_size = 36
t6.nodes = 2
t6.propagations = 2
t23.stop_reason = aborted
t23.restarts = 2
t23.nogoods_size = 36
t23.nodes = 2
t23.propagations = 2
t24.stop_reason = aborted
t24.restarts = 2
t24.nogoods_size = 36
t24.nodes = 2
t24.propagations = 2
t28.stop_reason = aborted
t28.restarts = 2
t28.nogoods_size = 36
t28.nodes = 2
t28.propagations = 2
search_time = 209
