-- 103 <100 0
-- 73 <99 0
-- 69 <98 0
-- 72 <97 0
-- 72 <96 0
-- 74 <95 0
-- 78 <94 0
-- 82 <93 0
-- 85 <92 0
-- 90 <91 0
-- 92 <90 0
-- 95 <89 0
-- 107 <88 1
-- 156 <87 5
-- 226 <86 9
-- 293 <85 13
-- 357 <84 16
-- 8567 <83 15750
-- 28097 <82 63922
-- 62499 <81 177051
-- 182285 <80 595423
-- 584948 <79 2233667
-- 131459 <78 563050
false 3648907 aborted

1000001 103 73 69 72 72 74 78 82 85 90 92 95 107 156 226 293 357 8567 28097 62499 182285 584948 131459
FAIL0=103 FAIL1=73 FAIL10=92 FAIL11=95 FAIL12=107 FAIL13=156 FAIL14=226 FAIL15=293 FAIL16=357 FAIL17=8567 FAIL18=28097 FAIL19=62499 FAIL2=69 FAIL20=182285 FAIL21=584948 FAIL22=131459 FAIL3=72 FAIL4=72 FAIL5=74 FAIL6=78 FAIL7=82 FAIL8=85 FAIL9=90 
