-- 519 <128 0
-- 430 <127 0
-- 382 <126 0
-- 401 <125 0
-- 378 <124 0
-- 376 <123 0
-- 377 <122 0
-- 406 <121 0
-- 391 <120 0
-- 392 <119 0
-- 396 <118 0
-- 406 <117 0
-- 408 <116 0
-- 409 <115 0
-- 411 <114 0
-- 836 <113 1030
-- 1779 <112 3097
-- 30721 <111 90716
-- 208994 <110 630951
-- 751562 <109 2283575
false 3009369 aborted

1000005 519 430 382 401 378 376 377 406 391 392 396 406 408 409 411 836 1779 30721 208994 751562
FAIL0=519 FAIL1=430 FAIL10=396 FAIL11=406 FAIL12=408 FAIL13=409 FAIL14=411 FAIL15=836 FAIL16=1779 FAIL17=30721 FAIL18=208994 FAIL19=751562 FAIL2=382 FAIL3=401 FAIL4=378 FAIL5=376 FAIL6=377 FAIL7=406 FAIL8=391 FAIL9=392 
