-- 1871 <128 0
-- 1631 <127 0
-- 1644 <126 0
-- 1607 <125 0
-- 1652 <124 0
-- 1667 <123 0
-- 1673 <122 0
-- 1712 <121 0
-- 1858 <120 0
-- 1824 <119 0
-- 1865 <118 0
-- 1857 <117 0
-- 2037 <116 0
-- 1949 <115 0
-- 2628 <114 4
-- 3442 <113 9
-- 4280 <112 13
-- 97588 <111 37874
-- 68549 <110 84855
-- 116519 <109 157176
-- 183812 <108 263573
-- 339264 <107 552355
-- 159022 <106 285578
false 1381437 aborted

1000002 1871 1631 1644 1607 1652 1667 1673 1712 1858 1824 1865 1857 2037 1949 2628 3442 4280 97588 68549 116519 183812 339264 159022
FAIL0=1871 FAIL1=1631 FAIL10=1865 FAIL11=1857 FAIL12=2037 FAIL13=1949 FAIL14=2628 FAIL15=3442 FAIL16=4280 FAIL17=97588 FAIL18=68549 FAIL19=116519 FAIL2=1644 FAIL20=183812 FAIL21=339264 FAIL22=159022 FAIL3=1607 FAIL4=1652 FAIL5=1667 FAIL6=1673 FAIL7=1712 FAIL8=1858 FAIL9=1824 
