hostname = r1i3n32
commandline = ../glasgow/mpi_solve_subgraph_isomorphism --timeout 1000 --format lad --geometric-restarts=1.0 --restarts-constant=100000 --restart-timer=100 --triggered-restarts --threads 18 --value-ordering=biased ../instances/LV/g10 ../instances/largerGraphs/g105
started_at = 2018-11-24 21:57:12
pattern_file = ../instances/LV/g10
target_file = ../instances/largerGraphs/g105
status = false
nodes = 404847547
propagations = 982618802
runtime = 44844
h0.t1.stop_reason = propagation
h0.t1.restarts = 291
h0.t1.nogoods_size = 1330166
h0.t1.nodes = 1310208
h0.t1.propagations = 1310208
h0.t8.stop_reason = propagation
h0.t8.restarts = 291
h0.t8.nogoods_size = 1330166
h0.t8.nodes = 1290461
h0.t8.propagations = 1290461
h0.t13.stop_reason = propagation
h0.t13.restarts = 291
h0.t13.nogoods_size = 1330166
h0.t13.nodes = 1292820
h0.t13.propagations = 1292820
h0.t15.stop_reason = propagation
h0.t15.restarts = 291
h0.t15.nogoods_size = 1330166
h0.t15.nodes = 1286393
h0.t15.propagations = 1286393
h0.t10.stop_reason = propagation
h0.t10.restarts = 291
h0.t10.nogoods_size = 1330166
h0.t10.nodes = 1280589
h0.t10.propagations = 1280589
h0.t14.stop_reason = propagation
h0.t14.restarts = 291
h0.t14.nogoods_size = 1330166
h0.t14.nodes = 1313593
h0.t14.propagations = 1313593
h0.t5.stop_reason = propagation
h0.t5.restarts = 291
h0.t5.nogoods_size = 1330166
h0.t5.nodes = 1295517
h0.t5.propagations = 1295517
h0.t17.stop_reason = propagation
h0.t17.restarts = 291
h0.t17.nogoods_size = 1330166
h0.t17.nodes = 661863
h0.t17.propagations = 661863
h0.t11.stop_reason = propagation
h0.t11.restarts = 291
h0.t11.nogoods_size = 1330166
h0.t11.nodes = 1265084
h0.t11.propagations = 1265084
h0.t3.stop_reason = propagation
h0.t3.restarts = 291
h0.t3.nogoods_size = 1330166
h0.t3.nodes = 1278791
h0.t3.propagations = 1278791
h0.t6.stop_reason = propagation
h0.t6.restarts = 291
h0.t6.nogoods_size = 1330166
h0.t6.nodes = 1295504
h0.t6.propagations = 1295504
h0.t7.stop_reason = propagation
h0.t7.restarts = 291
h0.t7.nogoods_size = 1330166
h0.t7.nodes = 1295721
h0.t7.propagations = 1295721
h0.t12.stop_reason = propagation
h0.t12.restarts = 291
h0.t12.nogoods_size = 1330166
h0.t12.nodes = 1296108
h0.t12.propagations = 1296108
h0.t16.stop_reason = propagation
h0.t16.restarts = 291
h0.t16.nogoods_size = 1330166
h0.t16.nodes = 1286380
h0.t16.propagations = 1286380
h0.t2.stop_reason = propagation
h0.t2.restarts = 291
h0.t2.nogoods_size = 1330166
h0.t2.nodes = 1314265
h0.t2.propagations = 1314265
h0.t0.stop_reason = propagation
h0.t0.restarts = 291
h0.t0.nogoods_size = 1330166
h0.t0.nodes = 483904
h0.t0.propagations = 483904
h0.t9.stop_reason = propagation
h0.t9.restarts = 291
h0.t9.nogoods_size = 1330166
h0.t9.nodes = 1268439
h0.t9.propagations = 1268439
h0.t4.stop_reason = propagation
h0.t4.restarts = 291
h0.t4.nogoods_size = 1330166
h0.t4.nodes = 1295968
h0.t4.propagations = 1295968
h0.search_time = 40057
h0.nodes = 21811608
h0.propagations = 52956330
h1.t4.stop_reason = propagation
h1.t4.restarts = 291
h1.t4.nogoods_size = 1330248
h1.t4.nodes = 1295448
h1.t4.propagations = 1295448
h1.t3.stop_reason = propagation
h1.t3.restarts = 291
h1.t3.nogoods_size = 1330248
h1.t3.nodes = 1291739
h1.t3.propagations = 1291739
h1.t13.stop_reason = propagation
h1.t13.restarts = 291
h1.t13.nogoods_size = 1330248
h1.t13.nodes = 1295698
h1.t13.propagations = 1295698
h1.t6.stop_reason = propagation
h1.t6.restarts = 291
h1.t6.nogoods_size = 1330248
h1.t6.nodes = 1275652
h1.t6.propagations = 1275652
h1.t11.stop_reason = propagation
h1.t11.restarts = 291
h1.t11.nogoods_size = 1330248
h1.t11.nodes = 1269687
h1.t11.propagations = 1269687
h1.t12.stop_reason = propagation
h1.t12.restarts = 291
h1.t12.nogoods_size = 1330248
h1.t12.nodes = 1309104
h1.t12.propagations = 1309104
h1.t2.stop_reason = propagation
h1.t2.restarts = 291
h1.t2.nogoods_size = 1330248
h1.t2.nodes = 1290386
h1.t2.propagations = 1290386
h1.t1.stop_reason = propagation
h1.t1.restarts = 291
h1.t1.nogoods_size = 1330248
h1.t1.nodes = 1288642
h1.t1.propagations = 1288642
h1.t14.stop_reason = propagation
h1.t14.restarts = 291
h1.t14.nogoods_size = 1330248
h1.t14.nodes = 1287999
h1.t14.propagations = 1287999
h1.t7.stop_reason = propagation
h1.t7.restarts = 291
h1.t7.nogoods_size = 1330248
h1.t7.nodes = 1302730
h1.t7.propagations = 1302730
h1.t8.stop_reason = propagation
h1.t8.restarts = 291
h1.t8.nogoods_size = 1330248
h1.t8.nodes = 1296297
h1.t8.propagations = 1296297
h1.t17.stop_reason = propagation
h1.t17.restarts = 291
h1.t17.nogoods_size = 1330248
h1.t17.nodes = 699704
h1.t17.propagations = 699704
h1.t9.stop_reason = propagation
h1.t9.restarts = 291
h1.t9.nogoods_size = 1330248
h1.t9.nodes = 1273367
h1.t9.propagations = 1273367
h1.t5.stop_reason = propagation
h1.t5.restarts = 291
h1.t5.nogoods_size = 1330248
h1.t5.nodes = 1282538
h1.t5.propagations = 1282538
h1.t15.stop_reason = propagation
h1.t15.restarts = 291
h1.t15.nogoods_size = 1330248
h1.t15.nodes = 1289824
h1.t15.propagations = 1289824
h1.t16.stop_reason = propagation
h1.t16.restarts = 291
h1.t16.nogoods_size = 1330248
h1.t16.nodes = 1283211
h1.t16.propagations = 1283211
h1.t10.stop_reason = propagation
h1.t10.restarts = 291
h1.t10.nogoods_size = 1330248
h1.t10.nodes = 1278867
h1.t10.propagations = 1278867
h1.t0.stop_reason = propagation
h1.t0.restarts = 291
h1.t0.nogoods_size = 1330248
h1.t0.nodes = 492699
h1.t0.propagations = 492699
h1.search_time = 40057
h1.nodes = 21803592
h1.propagations = 52894627
h2.t15.stop_reason = propagation
h2.t15.restarts = 291
h2.t15.nogoods_size = 1328519
h2.t15.nodes = 1111348
h2.t15.propagations = 1111348
h2.t13.stop_reason = propagation
h2.t13.restarts = 291
h2.t13.nogoods_size = 1328519
h2.t13.nodes = 1116762
h2.t13.propagations = 1116762
h2.t12.stop_reason = propagation
h2.t12.restarts = 291
h2.t12.nogoods_size = 1328519
h2.t12.nodes = 1134907
h2.t12.propagations = 1134907
h2.t11.stop_reason = propagation
h2.t11.restarts = 291
h2.t11.nogoods_size = 1328519
h2.t11.nodes = 1137069
h2.t11.propagations = 1137069
h2.t14.stop_reason = propagation
h2.t14.restarts = 291
h2.t14.nogoods_size = 1328519
h2.t14.nodes = 1127662
h2.t14.propagations = 1127662
h2.t16.stop_reason = propagation
h2.t16.restarts = 291
h2.t16.nogoods_size = 1328519
h2.t16.nodes = 1125528
h2.t16.propagations = 1125528
h2.t8.stop_reason = propagation
h2.t8.restarts = 291
h2.t8.nogoods_size = 1328519
h2.t8.nodes = 1126701
h2.t8.propagations = 1126701
h2.t3.stop_reason = propagation
h2.t3.restarts = 291
h2.t3.nogoods_size = 1328519
h2.t3.nodes = 1122789
h2.t3.propagations = 1122789
h2.t2.stop_reason = propagation
h2.t2.restarts = 291
h2.t2.nogoods_size = 1328519
h2.t2.nodes = 1137725
h2.t2.propagations = 1137725
h2.t7.stop_reason = propagation
h2.t7.restarts = 291
h2.t7.nogoods_size = 1328519
h2.t7.nodes = 1121880
h2.t7.propagations = 1121880
h2.t1.stop_reason = propagation
h2.t1.restarts = 291
h2.t1.nogoods_size = 1328519
h2.t1.nodes = 1117568
h2.t1.propagations = 1117568
h2.t17.stop_reason = propagation
h2.t17.restarts = 291
h2.t17.nogoods_size = 1328519
h2.t17.nodes = 667106
h2.t17.propagations = 667106
h2.t0.stop_reason = propagation
h2.t0.restarts = 291
h2.t0.nogoods_size = 1328519
h2.t0.nodes = 474737
h2.t0.propagations = 474737
h2.t4.stop_reason = propagation
h2.t4.restarts = 291
h2.t4.nogoods_size = 1328519
h2.t4.nodes = 1112146
h2.t4.propagations = 1112146
h2.t9.stop_reason = propagation
h2.t9.restarts = 291
h2.t9.nogoods_size = 1328519
h2.t9.nodes = 1125346
h2.t9.propagations = 1125346
h2.t10.stop_reason = propagation
h2.t10.restarts = 291
h2.t10.nogoods_size = 1328519
h2.t10.nodes = 1116825
h2.t10.propagations = 1116825
h2.t6.stop_reason = propagation
h2.t6.restarts = 291
h2.t6.nogoods_size = 1328519
h2.t6.nodes = 1136393
h2.t6.propagations = 1136393
h2.t5.stop_reason = propagation
h2.t5.restarts = 291
h2.t5.nogoods_size = 1328519
h2.t5.nodes = 1157027
h2.t5.propagations = 1157027
h2.search_time = 40015
h2.nodes = 19169519
h2.propagations = 46493601
h3.t5.stop_reason = propagation
h3.t5.restarts = 291
h3.t5.nogoods_size = 1328837
h3.t5.nodes = 1133470
h3.t5.propagations = 1133470
h3.t3.stop_reason = propagation
h3.t3.restarts = 291
h3.t3.nogoods_size = 1328837
h3.t3.nodes = 1132034
h3.t3.propagations = 1132034
h3.t6.stop_reason = propagation
h3.t6.restarts = 291
h3.t6.nogoods_size = 1328837
h3.t6.nodes = 1136318
h3.t6.propagations = 1136318
h3.t4.stop_reason = propagation
h3.t4.restarts = 291
h3.t4.nogoods_size = 1328837
h3.t4.nodes = 1109735
h3.t4.propagations = 1109735
h3.t7.stop_reason = propagation
h3.t7.restarts = 291
h3.t7.nogoods_size = 1328837
h3.t7.nodes = 1133663
h3.t7.propagations = 1133663
h3.t12.stop_reason = propagation
h3.t12.restarts = 291
h3.t12.nogoods_size = 1328837
h3.t12.nodes = 1141086
h3.t12.propagations = 1141086
h3.t8.stop_reason = propagation
h3.t8.restarts = 291
h3.t8.nogoods_size = 1328837
h3.t8.nodes = 1138669
h3.t8.propagations = 1138669
h3.t1.stop_reason = propagation
h3.t1.restarts = 291
h3.t1.nogoods_size = 1328837
h3.t1.nodes = 1135010
h3.t1.propagations = 1135010
h3.t14.stop_reason = propagation
h3.t14.restarts = 291
h3.t14.nogoods_size = 1328837
h3.t14.nodes = 1123606
h3.t14.propagations = 1123606
h3.t16.stop_reason = propagation
h3.t16.restarts = 291
h3.t16.nogoods_size = 1328837
h3.t16.nodes = 1138374
h3.t16.propagations = 1138374
h3.t11.stop_reason = propagation
h3.t11.restarts = 291
h3.t11.nogoods_size = 1328837
h3.t11.nodes = 1141361
h3.t11.propagations = 1141361
h3.t15.stop_reason = propagation
h3.t15.restarts = 291
h3.t15.nogoods_size = 1328837
h3.t15.nodes = 1146678
h3.t15.propagations = 1146678
h3.t13.stop_reason = propagation
h3.t13.restarts = 291
h3.t13.nogoods_size = 1328837
h3.t13.nodes = 1101213
h3.t13.propagations = 1101213
h3.t17.stop_reason = propagation
h3.t17.restarts = 291
h3.t17.nogoods_size = 1328837
h3.t17.nodes = 655796
h3.t17.propagations = 655796
h3.t9.stop_reason = propagation
h3.t9.restarts = 291
h3.t9.nogoods_size = 1328837
h3.t9.nodes = 1126082
h3.t9.propagations = 1126082
h3.t10.stop_reason = propagation
h3.t10.restarts = 291
h3.t10.nogoods_size = 1328837
h3.t10.nodes = 1134586
h3.t10.propagations = 1134586
h3.t2.stop_reason = propagation
h3.t2.restarts = 291
h3.t2.nogoods_size = 1328837
h3.t2.nodes = 1147414
h3.t2.propagations = 1147414
h3.t0.stop_reason = propagation
h3.t0.restarts = 291
h3.t0.nogoods_size = 1328837
h3.t0.nodes = 488346
h3.t0.propagations = 488346
h3.search_time = 40020
h3.nodes = 19263441
h3.propagations = 46789540
h4.t14.stop_reason = propagation
h4.t14.restarts = 291
h4.t14.nogoods_size = 1328535
h4.t14.nodes = 1120109
h4.t14.propagations = 1120109
h4.t17.stop_reason = propagation
h4.t17.restarts = 291
h4.t17.nogoods_size = 1328535
h4.t17.nodes = 678650
h4.t17.propagations = 678650
h4.t10.stop_reason = propagation
h4.t10.restarts = 291
h4.t10.nogoods_size = 1328535
h4.t10.nodes = 1077573
h4.t10.propagations = 1077573
h4.t1.stop_reason = propagation
h4.t1.restarts = 291
h4.t1.nogoods_size = 1328535
h4.t1.nodes = 1100285
h4.t1.propagations = 1100285
h4.t4.stop_reason = propagation
h4.t4.restarts = 291
h4.t4.nogoods_size = 1328535
h4.t4.nodes = 1096263
h4.t4.propagations = 1096263
h4.t8.stop_reason = propagation
h4.t8.restarts = 291
h4.t8.nogoods_size = 1328535
h4.t8.nodes = 1090757
h4.t8.propagations = 1090757
h4.t6.stop_reason = propagation
h4.t6.restarts = 291
h4.t6.nogoods_size = 1328535
h4.t6.nodes = 1111296
h4.t6.propagations = 1111296
h4.t15.stop_reason = propagation
h4.t15.restarts = 291
h4.t15.nogoods_size = 1328535
h4.t15.nodes = 1100803
h4.t15.propagations = 1100803
h4.t13.stop_reason = propagation
h4.t13.restarts = 291
h4.t13.nogoods_size = 1328535
h4.t13.nodes = 1103924
h4.t13.propagations = 1103924
h4.t12.stop_reason = propagation
h4.t12.restarts = 291
h4.t12.nogoods_size = 1328535
h4.t12.nodes = 1095274
h4.t12.propagations = 1095274
h4.t7.stop_reason = propagation
h4.t7.restarts = 291
h4.t7.nogoods_size = 1328535
h4.t7.nodes = 1113837
h4.t7.propagations = 1113837
h4.t16.stop_reason = propagation
h4.t16.restarts = 291
h4.t16.nogoods_size = 1328535
h4.t16.nodes = 1147949
h4.t16.propagations = 1147949
h4.t3.stop_reason = propagation
h4.t3.restarts = 291
h4.t3.nogoods_size = 1328535
h4.t3.nodes = 1134325
h4.t3.propagations = 1134325
h4.t0.stop_reason = propagation
h4.t0.restarts = 291
h4.t0.nogoods_size = 1328535
h4.t0.nodes = 490562
h4.t0.propagations = 490562
h4.t5.stop_reason = propagation
h4.t5.restarts = 291
h4.t5.nogoods_size = 1328535
h4.t5.nodes = 1117698
h4.t5.propagations = 1117698
h4.t9.stop_reason = propagation
h4.t9.restarts = 291
h4.t9.nogoods_size = 1328535
h4.t9.nodes = 1104997
h4.t9.propagations = 1104997
h4.t11.stop_reason = propagation
h4.t11.restarts = 291
h4.t11.nogoods_size = 1328535
h4.t11.nodes = 1075729
h4.t11.propagations = 1075729
h4.t2.stop_reason = propagation
h4.t2.restarts = 291
h4.t2.nogoods_size = 1328535
h4.t2.nodes = 1135621
h4.t2.propagations = 1135621
h4.search_time = 40019
h4.nodes = 18895652
h4.propagations = 46014975
h5.t13.stop_reason = propagation
h5.t13.restarts = 291
h5.t13.nogoods_size = 1328297
h5.t13.nodes = 1094244
h5.t13.propagations = 1094244
h5.t8.stop_reason = propagation
h5.t8.restarts = 291
h5.t8.nogoods_size = 1328297
h5.t8.nodes = 1101050
h5.t8.propagations = 1101050
h5.t4.stop_reason = propagation
h5.t4.restarts = 291
h5.t4.nogoods_size = 1328297
h5.t4.nodes = 1086282
h5.t4.propagations = 1086282
h5.t9.stop_reason = propagation
h5.t9.restarts = 291
h5.t9.nogoods_size = 1328297
h5.t9.nodes = 1100619
h5.t9.propagations = 1100619
h5.t17.stop_reason = propagation
h5.t17.restarts = 291
h5.t17.nogoods_size = 1328297
h5.t17.nodes = 650841
h5.t17.propagations = 650841
h5.t5.stop_reason = propagation
h5.t5.restarts = 291
h5.t5.nogoods_size = 1328297
h5.t5.nodes = 1096391
h5.t5.propagations = 1096391
h5.t6.stop_reason = propagation
h5.t6.restarts = 291
h5.t6.nogoods_size = 1328297
h5.t6.nodes = 1095320
h5.t6.propagations = 1095320
h5.t12.stop_reason = propagation
h5.t12.restarts = 291
h5.t12.nogoods_size = 1328297
h5.t12.nodes = 1093420
h5.t12.propagations = 1093420
h5.t15.stop_reason = propagation
h5.t15.restarts = 291
h5.t15.nogoods_size = 1328297
h5.t15.nodes = 1103762
h5.t15.propagations = 1103762
h5.t3.stop_reason = propagation
h5.t3.restarts = 291
h5.t3.nogoods_size = 1328297
h5.t3.nodes = 1110491
h5.t3.propagations = 1110491
h5.t1.stop_reason = propagation
h5.t1.restarts = 291
h5.t1.nogoods_size = 1328297
h5.t1.nodes = 1110957
h5.t1.propagations = 1110957
h5.t16.stop_reason = propagation
h5.t16.restarts = 291
h5.t16.nogoods_size = 1328297
h5.t16.nodes = 1131570
h5.t16.propagations = 1131570
h5.t2.stop_reason = propagation
h5.t2.restarts = 291
h5.t2.nogoods_size = 1328297
h5.t2.nodes = 1098392
h5.t2.propagations = 1098392
h5.t14.stop_reason = propagation
h5.t14.restarts = 291
h5.t14.nogoods_size = 1328297
h5.t14.nodes = 1104021
h5.t14.propagations = 1104021
h5.t0.stop_reason = propagation
h5.t0.restarts = 291
h5.t0.nogoods_size = 1328297
h5.t0.nodes = 485828
h5.t0.propagations = 485828
h5.t7.stop_reason = propagation
h5.t7.restarts = 291
h5.t7.nogoods_size = 1328297
h5.t7.nodes = 1098226
h5.t7.propagations = 1098226
h5.t10.stop_reason = propagation
h5.t10.restarts = 291
h5.t10.nogoods_size = 1328297
h5.t10.nodes = 1074985
h5.t10.propagations = 1074985
h5.t11.stop_reason = propagation
h5.t11.restarts = 291
h5.t11.nogoods_size = 1328297
h5.t11.nodes = 1088886
h5.t11.propagations = 1088886
h5.search_time = 40044
h5.nodes = 18725285
h5.propagations = 45446119
h6.t4.stop_reason = propagation
h6.t4.restarts = 291
h6.t4.nogoods_size = 1330580
h6.t4.nodes = 1302147
h6.t4.propagations = 1302147
h6.t3.stop_reason = propagation
h6.t3.restarts = 291
h6.t3.nogoods_size = 1330580
h6.t3.nodes = 1318661
h6.t3.propagations = 1318661
h6.t16.stop_reason = propagation
h6.t16.restarts = 291
h6.t16.nogoods_size = 1330580
h6.t16.nodes = 1318214
h6.t16.propagations = 1318214
h6.t2.stop_reason = propagation
h6.t2.restarts = 291
h6.t2.nogoods_size = 1330580
h6.t2.nodes = 1312723
h6.t2.propagations = 1312723
h6.t5.stop_reason = propagation
h6.t5.restarts = 291
h6.t5.nogoods_size = 1330580
h6.t5.nodes = 1331731
h6.t5.propagations = 1331731
h6.t1.stop_reason = propagation
h6.t1.restarts = 291
h6.t1.nogoods_size = 1330580
h6.t1.nodes = 1324160
h6.t1.propagations = 1324160
h6.t14.stop_reason = propagation
h6.t14.restarts = 291
h6.t14.nogoods_size = 1330580
h6.t14.nodes = 1294762
h6.t14.propagations = 1294762
h6.t13.stop_reason = propagation
h6.t13.restarts = 291
h6.t13.nogoods_size = 1330580
h6.t13.nodes = 1326571
h6.t13.propagations = 1326571
h6.t9.stop_reason = propagation
h6.t9.restarts = 291
h6.t9.nogoods_size = 1330580
h6.t9.nodes = 1321425
h6.t9.propagations = 1321425
h6.t12.stop_reason = propagation
h6.t12.restarts = 291
h6.t12.nogoods_size = 1330580
h6.t12.nodes = 1322142
h6.t12.propagations = 1322142
h6.t11.stop_reason = propagation
h6.t11.restarts = 291
h6.t11.nogoods_size = 1330580
h6.t11.nodes = 1300745
h6.t11.propagations = 1300745
h6.t17.stop_reason = propagation
h6.t17.restarts = 291
h6.t17.nogoods_size = 1330580
h6.t17.nodes = 681018
h6.t17.propagations = 681018
h6.t6.stop_reason = propagation
h6.t6.restarts = 291
h6.t6.nogoods_size = 1330580
h6.t6.nodes = 1305989
h6.t6.propagations = 1305989
h6.t10.stop_reason = propagation
h6.t10.restarts = 291
h6.t10.nogoods_size = 1330580
h6.t10.nodes = 1310705
h6.t10.propagations = 1310705
h6.t0.stop_reason = propagation
h6.t0.restarts = 291
h6.t0.nogoods_size = 1330580
h6.t0.nodes = 475608
h6.t0.propagations = 475608
h6.t8.stop_reason = propagation
h6.t8.restarts = 291
h6.t8.nogoods_size = 1330580
h6.t8.nodes = 1335314
h6.t8.propagations = 1335314
h6.t7.stop_reason = propagation
h6.t7.restarts = 291
h6.t7.nogoods_size = 1330580
h6.t7.nodes = 1316215
h6.t7.propagations = 1316215
h6.t15.stop_reason = propagation
h6.t15.restarts = 291
h6.t15.nogoods_size = 1330580
h6.t15.nodes = 1319165
h6.t15.propagations = 1319165
h6.search_time = 40057
h6.nodes = 22217295
h6.propagations = 53831666
h7.t8.stop_reason = propagation
h7.t8.restarts = 291
h7.t8.nogoods_size = 1329970
h7.t8.nodes = 1326087
h7.t8.propagations = 1326087
h7.t2.stop_reason = propagation
h7.t2.restarts = 291
h7.t2.nogoods_size = 1329970
h7.t2.nodes = 1287869
h7.t2.propagations = 1287869
h7.t13.stop_reason = propagation
h7.t13.restarts = 291
h7.t13.nogoods_size = 1329970
h7.t13.nodes = 1323829
h7.t13.propagations = 1323829
h7.t17.stop_reason = propagation
h7.t17.restarts = 291
h7.t17.nogoods_size = 1329970
h7.t17.nodes = 661218
h7.t17.propagations = 661218
h7.t10.stop_reason = propagation
h7.t10.restarts = 291
h7.t10.nogoods_size = 1329970
h7.t10.nodes = 1292003
h7.t10.propagations = 1292003
h7.t14.stop_reason = propagation
h7.t14.restarts = 291
h7.t14.nogoods_size = 1329970
h7.t14.nodes = 1305884
h7.t14.propagations = 1305884
h7.t4.stop_reason = propagation
h7.t4.restarts = 291
h7.t4.nogoods_size = 1329970
h7.t4.nodes = 1296428
h7.t4.propagations = 1296428
h7.t3.stop_reason = propagation
h7.t3.restarts = 291
h7.t3.nogoods_size = 1329970
h7.t3.nodes = 1307353
h7.t3.propagations = 1307353
h7.t6.stop_reason = propagation
h7.t6.restarts = 291
h7.t6.nogoods_size = 1329970
h7.t6.nodes = 1328681
h7.t6.propagations = 1328681
h7.t11.stop_reason = propagation
h7.t11.restarts = 291
h7.t11.nogoods_size = 1329970
h7.t11.nodes = 1298755
h7.t11.propagations = 1298755
h7.t12.stop_reason = propagation
h7.t12.restarts = 291
h7.t12.nogoods_size = 1329970
h7.t12.nodes = 1297814
h7.t12.propagations = 1297814
h7.t7.stop_reason = propagation
h7.t7.restarts = 291
h7.t7.nogoods_size = 1329970
h7.t7.nodes = 1301656
h7.t7.propagations = 1301656
h7.t9.stop_reason = propagation
h7.t9.restarts = 291
h7.t9.nogoods_size = 1329970
h7.t9.nodes = 1323361
h7.t9.propagations = 1323361
h7.t16.stop_reason = propagation
h7.t16.restarts = 291
h7.t16.nogoods_size = 1329970
h7.t16.nodes = 1307742
h7.t16.propagations = 1307742
h7.t0.stop_reason = propagation
h7.t0.restarts = 291
h7.t0.nogoods_size = 1329970
h7.t0.nodes = 493609
h7.t0.propagations = 493609
h7.t1.stop_reason = propagation
h7.t1.restarts = 291
h7.t1.nogoods_size = 1329970
h7.t1.nodes = 1292627
h7.t1.propagations = 1292627
h7.t5.stop_reason = propagation
h7.t5.restarts = 291
h7.t5.nogoods_size = 1329970
h7.t5.nodes = 1327658
h7.t5.propagations = 1327658
h7.t15.stop_reason = propagation
h7.t15.restarts = 291
h7.t15.nogoods_size = 1329970
h7.t15.nodes = 1287988
h7.t15.propagations = 1287988
h7.search_time = 40057
h7.nodes = 22060562
h7.propagations = 53531013
h8.t5.stop_reason = propagation
h8.t5.restarts = 291
h8.t5.nogoods_size = 1328560
h8.t5.nodes = 1137585
h8.t5.propagations = 1137585
h8.t1.stop_reason = propagation
h8.t1.restarts = 291
h8.t1.nogoods_size = 1328560
h8.t1.nodes = 1109856
h8.t1.propagations = 1109856
h8.t6.stop_reason = propagation
h8.t6.restarts = 291
h8.t6.nogoods_size = 1328560
h8.t6.nodes = 1151114
h8.t6.propagations = 1151114
h8.t11.stop_reason = propagation
h8.t11.restarts = 291
h8.t11.nogoods_size = 1328560
h8.t11.nodes = 1148125
h8.t11.propagations = 1148125
h8.t12.stop_reason = propagation
h8.t12.restarts = 291
h8.t12.nogoods_size = 1328560
h8.t12.nodes = 1111291
h8.t12.propagations = 1111291
h8.t16.stop_reason = propagation
h8.t16.restarts = 291
h8.t16.nogoods_size = 1328560
h8.t16.nodes = 1108149
h8.t16.propagations = 1108149
h8.t3.stop_reason = propagation
h8.t3.restarts = 291
h8.t3.nogoods_size = 1328560
h8.t3.nodes = 1158603
h8.t3.propagations = 1158603
h8.t14.stop_reason = propagation
h8.t14.restarts = 291
h8.t14.nogoods_size = 1328560
h8.t14.nodes = 1125642
h8.t14.propagations = 1125642
h8.t2.stop_reason = propagation
h8.t2.restarts = 291
h8.t2.nogoods_size = 1328560
h8.t2.nodes = 1126622
h8.t2.propagations = 1126622
h8.t8.stop_reason = propagation
h8.t8.restarts = 291
h8.t8.nogoods_size = 1328560
h8.t8.nodes = 1155717
h8.t8.propagations = 1155717
h8.t7.stop_reason = propagation
h8.t7.restarts = 291
h8.t7.nogoods_size = 1328560
h8.t7.nodes = 1150061
h8.t7.propagations = 1150061
h8.t13.stop_reason = propagation
h8.t13.restarts = 291
h8.t13.nogoods_size = 1328560
h8.t13.nodes = 1119280
h8.t13.propagations = 1119280
h8.t9.stop_reason = propagation
h8.t9.restarts = 291
h8.t9.nogoods_size = 1328560
h8.t9.nodes = 1182615
h8.t9.propagations = 1182615
h8.t17.stop_reason = propagation
h8.t17.restarts = 291
h8.t17.nogoods_size = 1328560
h8.t17.nodes = 652041
h8.t17.propagations = 652041
h8.t15.stop_reason = propagation
h8.t15.restarts = 291
h8.t15.nogoods_size = 1328560
h8.t15.nodes = 1130386
h8.t15.propagations = 1130386
h8.t0.stop_reason = propagation
h8.t0.restarts = 291
h8.t0.nogoods_size = 1328560
h8.t0.nodes = 475766
h8.t0.propagations = 475766
h8.t4.stop_reason = propagation
h8.t4.restarts = 291
h8.t4.nogoods_size = 1328560
h8.t4.nodes = 1123526
h8.t4.propagations = 1123526
h8.t10.stop_reason = propagation
h8.t10.restarts = 291
h8.t10.nogoods_size = 1328560
h8.t10.nodes = 1136603
h8.t10.propagations = 1136603
h8.search_time = 40028
h8.nodes = 19302982
h8.propagations = 46918906
h9.t17.stop_reason = propagation
h9.t17.restarts = 291
h9.t17.nogoods_size = 1329091
h9.t17.nodes = 644970
h9.t17.propagations = 644970
h9.t15.stop_reason = propagation
h9.t15.restarts = 291
h9.t15.nogoods_size = 1329091
h9.t15.nodes = 1121788
h9.t15.propagations = 1121788
h9.t16.stop_reason = propagation
h9.t16.restarts = 291
h9.t16.nogoods_size = 1329091
h9.t16.nodes = 1133597
h9.t16.propagations = 1133597
h9.t5.stop_reason = propagation
h9.t5.restarts = 291
h9.t5.nogoods_size = 1329091
h9.t5.nodes = 1137992
h9.t5.propagations = 1137992
h9.t2.stop_reason = propagation
h9.t2.restarts = 291
h9.t2.nogoods_size = 1329091
h9.t2.nodes = 1124634
h9.t2.propagations = 1124634
h9.t12.stop_reason = propagation
h9.t12.restarts = 291
h9.t12.nogoods_size = 1329091
h9.t12.nodes = 1136683
h9.t12.propagations = 1136683
h9.t11.stop_reason = propagation
h9.t11.restarts = 291
h9.t11.nogoods_size = 1329091
h9.t11.nodes = 1131568
h9.t11.propagations = 1131568
h9.t1.stop_reason = propagation
h9.t1.restarts = 291
h9.t1.nogoods_size = 1329091
h9.t1.nodes = 1123435
h9.t1.propagations = 1123435
h9.t10.stop_reason = propagation
h9.t10.restarts = 291
h9.t10.nogoods_size = 1329091
h9.t10.nodes = 1131877
h9.t10.propagations = 1131877
h9.t14.stop_reason = propagation
h9.t14.restarts = 291
h9.t14.nogoods_size = 1329091
h9.t14.nodes = 1123372
h9.t14.propagations = 1123372
h9.t7.stop_reason = propagation
h9.t7.restarts = 291
h9.t7.nogoods_size = 1329091
h9.t7.nodes = 1123201
h9.t7.propagations = 1123201
h9.t4.stop_reason = propagation
h9.t4.restarts = 291
h9.t4.nogoods_size = 1329091
h9.t4.nodes = 1135018
h9.t4.propagations = 1135018
h9.t9.stop_reason = propagation
h9.t9.restarts = 291
h9.t9.nogoods_size = 1329091
h9.t9.nodes = 1135341
h9.t9.propagations = 1135341
h9.t8.stop_reason = propagation
h9.t8.restarts = 291
h9.t8.nogoods_size = 1329091
h9.t8.nodes = 1129874
h9.t8.propagations = 1129874
h9.t0.stop_reason = propagation
h9.t0.restarts = 291
h9.t0.nogoods_size = 1329091
h9.t0.nodes = 474444
h9.t0.propagations = 474444
h9.t13.stop_reason = propagation
h9.t13.restarts = 291
h9.t13.nogoods_size = 1329091
h9.t13.nodes = 1130291
h9.t13.propagations = 1130291
h9.t3.stop_reason = propagation
h9.t3.restarts = 291
h9.t3.nogoods_size = 1329091
h9.t3.nodes = 1140226
h9.t3.propagations = 1140226
h9.t6.stop_reason = propagation
h9.t6.restarts = 291
h9.t6.nogoods_size = 1329091
h9.t6.nodes = 1126353
h9.t6.propagations = 1126353
h9.search_time = 40025
h9.nodes = 19204664
h9.propagations = 46580013
h10.t17.stop_reason = propagation
h10.t17.restarts = 291
h10.t17.nogoods_size = 1328549
h10.t17.nodes = 661378
h10.t17.propagations = 661378
h10.t0.stop_reason = propagation
h10.t0.restarts = 291
h10.t0.nogoods_size = 1328549
h10.t0.nodes = 490827
h10.t0.propagations = 490827
h10.t7.stop_reason = propagation
h10.t7.restarts = 291
h10.t7.nogoods_size = 1328549
h10.t7.nodes = 1125288
h10.t7.propagations = 1125288
h10.t12.stop_reason = propagation
h10.t12.restarts = 291
h10.t12.nogoods_size = 1328549
h10.t12.nodes = 1104091
h10.t12.propagations = 1104091
h10.t4.stop_reason = propagation
h10.t4.restarts = 291
h10.t4.nogoods_size = 1328549
h10.t4.nodes = 1092598
h10.t4.propagations = 1092598
h10.t2.stop_reason = propagation
h10.t2.restarts = 291
h10.t2.nogoods_size = 1328549
h10.t2.nodes = 1138813
h10.t2.propagations = 1138813
h10.t16.stop_reason = propagation
h10.t16.restarts = 291
h10.t16.nogoods_size = 1328549
h10.t16.nodes = 1104014
h10.t16.propagations = 1104014
h10.t8.stop_reason = propagation
h10.t8.restarts = 291
h10.t8.nogoods_size = 1328549
h10.t8.nodes = 1199029
h10.t8.propagations = 1199029
h10.t1.stop_reason = propagation
h10.t1.restarts = 291
h10.t1.nogoods_size = 1328549
h10.t1.nodes = 1117956
h10.t1.propagations = 1117956
h10.t6.stop_reason = propagation
h10.t6.restarts = 291
h10.t6.nogoods_size = 1328549
h10.t6.nodes = 1110790
h10.t6.propagations = 1110790
h10.t10.stop_reason = propagation
h10.t10.restarts = 291
h10.t10.nogoods_size = 1328549
h10.t10.nodes = 1098430
h10.t10.propagations = 1098430
h10.t9.stop_reason = propagation
h10.t9.restarts = 291
h10.t9.nogoods_size = 1328549
h10.t9.nodes = 1147553
h10.t9.propagations = 1147553
h10.t15.stop_reason = propagation
h10.t15.restarts = 291
h10.t15.nogoods_size = 1328549
h10.t15.nodes = 1095581
h10.t15.propagations = 1095581
h10.t5.stop_reason = propagation
h10.t5.restarts = 291
h10.t5.nogoods_size = 1328549
h10.t5.nodes = 1101794
h10.t5.propagations = 1101794
h10.t3.stop_reason = propagation
h10.t3.restarts = 291
h10.t3.nogoods_size = 1328549
h10.t3.nodes = 1140385
h10.t3.propagations = 1140385
h10.t11.stop_reason = propagation
h10.t11.restarts = 291
h10.t11.nogoods_size = 1328549
h10.t11.nodes = 1096532
h10.t11.propagations = 1096532
h10.t14.stop_reason = propagation
h10.t14.restarts = 291
h10.t14.nogoods_size = 1328549
h10.t14.nodes = 1118692
h10.t14.propagations = 1118692
h10.t13.stop_reason = propagation
h10.t13.restarts = 291
h10.t13.nogoods_size = 1328549
h10.t13.nodes = 1116559
h10.t13.propagations = 1116559
h10.search_time = 40051
h10.nodes = 19060310
h10.propagations = 46157571
h11.t17.stop_reason = propagation
h11.t17.restarts = 291
h11.t17.nogoods_size = 1329128
h11.t17.nodes = 649607
h11.t17.propagations = 649607
h11.t0.stop_reason = propagation
h11.t0.restarts = 291
h11.t0.nogoods_size = 1329128
h11.t0.nodes = 483558
h11.t0.propagations = 483558
h11.t5.stop_reason = propagation
h11.t5.restarts = 291
h11.t5.nogoods_size = 1329128
h11.t5.nodes = 1132381
h11.t5.propagations = 1132381
h11.t8.stop_reason = propagation
h11.t8.restarts = 291
h11.t8.nogoods_size = 1329128
h11.t8.nodes = 1132996
h11.t8.propagations = 1132996
h11.t11.stop_reason = propagation
h11.t11.restarts = 291
h11.t11.nogoods_size = 1329128
h11.t11.nodes = 1118588
h11.t11.propagations = 1118588
h11.t1.stop_reason = propagation
h11.t1.restarts = 291
h11.t1.nogoods_size = 1329128
h11.t1.nodes = 1152226
h11.t1.propagations = 1152226
h11.t6.stop_reason = propagation
h11.t6.restarts = 291
h11.t6.nogoods_size = 1329128
h11.t6.nodes = 1140521
h11.t6.propagations = 1140521
h11.t12.stop_reason = propagation
h11.t12.restarts = 291
h11.t12.nogoods_size = 1329128
h11.t12.nodes = 1118625
h11.t12.propagations = 1118625
h11.t13.stop_reason = propagation
h11.t13.restarts = 291
h11.t13.nogoods_size = 1329128
h11.t13.nodes = 1131606
h11.t13.propagations = 1131606
h11.t10.stop_reason = propagation
h11.t10.restarts = 291
h11.t10.nogoods_size = 1329128
h11.t10.nodes = 1119829
h11.t10.propagations = 1119829
h11.t14.stop_reason = propagation
h11.t14.restarts = 291
h11.t14.nogoods_size = 1329128
h11.t14.nodes = 1120920
h11.t14.propagations = 1120920
h11.t2.stop_reason = propagation
h11.t2.restarts = 291
h11.t2.nogoods_size = 1329128
h11.t2.nodes = 1148106
h11.t2.propagations = 1148106
h11.t16.stop_reason = propagation
h11.t16.restarts = 291
h11.t16.nogoods_size = 1329128
h11.t16.nodes = 1138133
h11.t16.propagations = 1138133
h11.t7.stop_reason = propagation
h11.t7.restarts = 291
h11.t7.nogoods_size = 1329128
h11.t7.nodes = 1154319
h11.t7.propagations = 1154319
h11.t15.stop_reason = propagation
h11.t15.restarts = 291
h11.t15.nogoods_size = 1329128
h11.t15.nodes = 1136291
h11.t15.propagations = 1136291
h11.t4.stop_reason = propagation
h11.t4.restarts = 291
h11.t4.nogoods_size = 1329128
h11.t4.nodes = 1145549
h11.t4.propagations = 1145549
h11.t9.stop_reason = propagation
h11.t9.restarts = 291
h11.t9.nogoods_size = 1329128
h11.t9.nodes = 1115727
h11.t9.propagations = 1115727
h11.t3.stop_reason = propagation
h11.t3.restarts = 291
h11.t3.nogoods_size = 1329128
h11.t3.nodes = 1128307
h11.t3.propagations = 1128307
h11.search_time = 40024
h11.nodes = 19267289
h11.propagations = 46612739
h12.t9.stop_reason = propagation
h12.t9.restarts = 291
h12.t9.nogoods_size = 1328881
h12.t9.nodes = 1132188
h12.t9.propagations = 1132188
h12.t15.stop_reason = propagation
h12.t15.restarts = 291
h12.t15.nogoods_size = 1328881
h12.t15.nodes = 1153323
h12.t15.propagations = 1153323
h12.t8.stop_reason = propagation
h12.t8.restarts = 291
h12.t8.nogoods_size = 1328881
h12.t8.nodes = 1233843
h12.t8.propagations = 1233843
h12.t11.stop_reason = propagation
h12.t11.restarts = 291
h12.t11.nogoods_size = 1328881
h12.t11.nodes = 1131086
h12.t11.propagations = 1131086
h12.t17.stop_reason = propagation
h12.t17.restarts = 291
h12.t17.nogoods_size = 1328881
h12.t17.nodes = 671445
h12.t17.propagations = 671445
h12.t16.stop_reason = propagation
h12.t16.restarts = 291
h12.t16.nogoods_size = 1328881
h12.t16.nodes = 1150154
h12.t16.propagations = 1150154
h12.t3.stop_reason = propagation
h12.t3.restarts = 291
h12.t3.nogoods_size = 1328881
h12.t3.nodes = 1137301
h12.t3.propagations = 1137301
h12.t5.stop_reason = propagation
h12.t5.restarts = 291
h12.t5.nogoods_size = 1328881
h12.t5.nodes = 1145653
h12.t5.propagations = 1145653
h12.t2.stop_reason = propagation
h12.t2.restarts = 291
h12.t2.nogoods_size = 1328881
h12.t2.nodes = 1164342
h12.t2.propagations = 1164342
h12.t1.stop_reason = propagation
h12.t1.restarts = 291
h12.t1.nogoods_size = 1328881
h12.t1.nodes = 1132903
h12.t1.propagations = 1132903
h12.t12.stop_reason = propagation
h12.t12.restarts = 291
h12.t12.nogoods_size = 1328881
h12.t12.nodes = 1155967
h12.t12.propagations = 1155967
h12.t14.stop_reason = propagation
h12.t14.restarts = 291
h12.t14.nogoods_size = 1328881
h12.t14.nodes = 1148818
h12.t14.propagations = 1148818
h12.t10.stop_reason = propagation
h12.t10.restarts = 291
h12.t10.nogoods_size = 1328881
h12.t10.nodes = 1146501
h12.t10.propagations = 1146501
h12.t6.stop_reason = propagation
h12.t6.restarts = 291
h12.t6.nogoods_size = 1328881
h12.t6.nodes = 1140222
h12.t6.propagations = 1140222
h12.t0.stop_reason = propagation
h12.t0.restarts = 291
h12.t0.nogoods_size = 1328881
h12.t0.nodes = 492956
h12.t0.propagations = 492956
h12.t4.stop_reason = propagation
h12.t4.restarts = 291
h12.t4.nogoods_size = 1328881
h12.t4.nodes = 1156968
h12.t4.propagations = 1156968
h12.t7.stop_reason = propagation
h12.t7.restarts = 291
h12.t7.nogoods_size = 1328881
h12.t7.nodes = 1142214
h12.t7.propagations = 1142214
h12.t13.stop_reason = propagation
h12.t13.restarts = 291
h12.t13.nogoods_size = 1328881
h12.t13.nodes = 1139554
h12.t13.propagations = 1139554
h12.search_time = 40087
h12.nodes = 19575438
h12.propagations = 47430024
h13.t15.stop_reason = propagation
h13.t15.restarts = 291
h13.t15.nogoods_size = 1328838
h13.t15.nodes = 1113578
h13.t15.propagations = 1113578
h13.t4.stop_reason = propagation
h13.t4.restarts = 291
h13.t4.nogoods_size = 1328838
h13.t4.nodes = 1108912
h13.t4.propagations = 1108912
h13.t9.stop_reason = propagation
h13.t9.restarts = 291
h13.t9.nogoods_size = 1328838
h13.t9.nodes = 1114686
h13.t9.propagations = 1114686
h13.t14.stop_reason = propagation
h13.t14.restarts = 291
h13.t14.nogoods_size = 1328838
h13.t14.nodes = 1091389
h13.t14.propagations = 1091389
h13.t2.stop_reason = propagation
h13.t2.restarts = 291
h13.t2.nogoods_size = 1328838
h13.t2.nodes = 1123015
h13.t2.propagations = 1123015
h13.t10.stop_reason = propagation
h13.t10.restarts = 291
h13.t10.nogoods_size = 1328838
h13.t10.nodes = 1128458
h13.t10.propagations = 1128458
h13.t8.stop_reason = propagation
h13.t8.restarts = 291
h13.t8.nogoods_size = 1328838
h13.t8.nodes = 1116423
h13.t8.propagations = 1116423
h13.t17.stop_reason = propagation
h13.t17.restarts = 291
h13.t17.nogoods_size = 1328838
h13.t17.nodes = 647844
h13.t17.propagations = 647844
h13.t12.stop_reason = propagation
h13.t12.restarts = 291
h13.t12.nogoods_size = 1328838
h13.t12.nodes = 1129284
h13.t12.propagations = 1129284
h13.t1.stop_reason = propagation
h13.t1.restarts = 291
h13.t1.nogoods_size = 1328838
h13.t1.nodes = 1124753
h13.t1.propagations = 1124753
h13.t7.stop_reason = propagation
h13.t7.restarts = 291
h13.t7.nogoods_size = 1328838
h13.t7.nodes = 1104781
h13.t7.propagations = 1104781
h13.t6.stop_reason = propagation
h13.t6.restarts = 291
h13.t6.nogoods_size = 1328838
h13.t6.nodes = 1105286
h13.t6.propagations = 1105286
h13.t13.stop_reason = propagation
h13.t13.restarts = 291
h13.t13.nogoods_size = 1328838
h13.t13.nodes = 1134181
h13.t13.propagations = 1134181
h13.t3.stop_reason = propagation
h13.t3.restarts = 291
h13.t3.nogoods_size = 1328838
h13.t3.nodes = 1125680
h13.t3.propagations = 1125680
h13.t16.stop_reason = propagation
h13.t16.restarts = 291
h13.t16.nogoods_size = 1328838
h13.t16.nodes = 1134273
h13.t16.propagations = 1134273
h13.t0.stop_reason = propagation
h13.t0.restarts = 291
h13.t0.nogoods_size = 1328838
h13.t0.nodes = 493785
h13.t0.propagations = 493785
h13.t11.stop_reason = propagation
h13.t11.restarts = 291
h13.t11.nogoods_size = 1328838
h13.t11.nodes = 1115007
h13.t11.propagations = 1115007
h13.t5.stop_reason = propagation
h13.t5.restarts = 291
h13.t5.nogoods_size = 1328838
h13.t5.nodes = 1111320
h13.t5.propagations = 1111320
h13.search_time = 40082
h13.nodes = 19022655
h13.propagations = 46288072
h14.t17.stop_reason = propagation
h14.t17.restarts = 291
h14.t17.nogoods_size = 1329769
h14.t17.nodes = 662982
h14.t17.propagations = 662982
h14.t0.stop_reason = propagation
h14.t0.restarts = 291
h14.t0.nogoods_size = 1329769
h14.t0.nodes = 486116
h14.t0.propagations = 486116
h14.t7.stop_reason = propagation
h14.t7.restarts = 291
h14.t7.nogoods_size = 1329769
h14.t7.nodes = 1275197
h14.t7.propagations = 1275197
h14.t11.stop_reason = propagation
h14.t11.restarts = 291
h14.t11.nogoods_size = 1329769
h14.t11.nodes = 1297106
h14.t11.propagations = 1297106
h14.t5.stop_reason = propagation
h14.t5.restarts = 291
h14.t5.nogoods_size = 1329769
h14.t5.nodes = 1283632
h14.t5.propagations = 1283632
h14.t12.stop_reason = propagation
h14.t12.restarts = 291
h14.t12.nogoods_size = 1329769
h14.t12.nodes = 1293792
h14.t12.propagations = 1293792
h14.t13.stop_reason = propagation
h14.t13.restarts = 291
h14.t13.nogoods_size = 1329769
h14.t13.nodes = 1256356
h14.t13.propagations = 1256356
h14.t1.stop_reason = propagation
h14.t1.restarts = 291
h14.t1.nogoods_size = 1329769
h14.t1.nodes = 1280514
h14.t1.propagations = 1280514
h14.t2.stop_reason = propagation
h14.t2.restarts = 291
h14.t2.nogoods_size = 1329769
h14.t2.nodes = 1292974
h14.t2.propagations = 1292974
h14.t9.stop_reason = propagation
h14.t9.restarts = 291
h14.t9.nogoods_size = 1329769
h14.t9.nodes = 1282423
h14.t9.propagations = 1282423
h14.t14.stop_reason = propagation
h14.t14.restarts = 291
h14.t14.nogoods_size = 1329769
h14.t14.nodes = 1305452
h14.t14.propagations = 1305452
h14.t10.stop_reason = propagation
h14.t10.restarts = 291
h14.t10.nogoods_size = 1329769
h14.t10.nodes = 1300915
h14.t10.propagations = 1300915
h14.t6.stop_reason = propagation
h14.t6.restarts = 291
h14.t6.nogoods_size = 1329769
h14.t6.nodes = 1278761
h14.t6.propagations = 1278761
h14.t4.stop_reason = propagation
h14.t4.restarts = 291
h14.t4.nogoods_size = 1329769
h14.t4.nodes = 1288081
h14.t4.propagations = 1288081
h14.t8.stop_reason = propagation
h14.t8.restarts = 291
h14.t8.nogoods_size = 1329769
h14.t8.nodes = 1307676
h14.t8.propagations = 1307676
h14.t3.stop_reason = propagation
h14.t3.restarts = 291
h14.t3.nogoods_size = 1329769
h14.t3.nodes = 1271062
h14.t3.propagations = 1271062
h14.t15.stop_reason = propagation
h14.t15.restarts = 291
h14.t15.nogoods_size = 1329769
h14.t15.nodes = 1270894
h14.t15.propagations = 1270894
h14.t16.stop_reason = propagation
h14.t16.restarts = 291
h14.t16.nogoods_size = 1329769
h14.t16.nodes = 1271934
h14.t16.propagations = 1271934
h14.search_time = 40091
h14.nodes = 21705867
h14.propagations = 52844015
h15.t13.stop_reason = propagation
h15.t13.restarts = 291
h15.t13.nogoods_size = 1329827
h15.t13.nodes = 1291732
h15.t13.propagations = 1291732
h15.t12.stop_reason = propagation
h15.t12.restarts = 291
h15.t12.nogoods_size = 1329827
h15.t12.nodes = 1295297
h15.t12.propagations = 1295297
h15.t4.stop_reason = propagation
h15.t4.restarts = 291
h15.t4.nogoods_size = 1329827
h15.t4.nodes = 1309662
h15.t4.propagations = 1309662
h15.t6.stop_reason = propagation
h15.t6.restarts = 291
h15.t6.nogoods_size = 1329827
h15.t6.nodes = 1285011
h15.t6.propagations = 1285011
h15.t15.stop_reason = propagation
h15.t15.restarts = 291
h15.t15.nogoods_size = 1329827
h15.t15.nodes = 1284095
h15.t15.propagations = 1284095
h15.t10.stop_reason = propagation
h15.t10.restarts = 291
h15.t10.nogoods_size = 1329827
h15.t10.nodes = 1263927
h15.t10.propagations = 1263927
h15.t11.stop_reason = propagation
h15.t11.restarts = 291
h15.t11.nogoods_size = 1329827
h15.t11.nodes = 1258781
h15.t11.propagations = 1258781
h15.t16.stop_reason = propagation
h15.t16.restarts = 291
h15.t16.nogoods_size = 1329827
h15.t16.nodes = 1290547
h15.t16.propagations = 1290547
h15.t8.stop_reason = propagation
h15.t8.restarts = 291
h15.t8.nogoods_size = 1329827
h15.t8.nodes = 1290538
h15.t8.propagations = 1290538
h15.t2.stop_reason = propagation
h15.t2.restarts = 291
h15.t2.nogoods_size = 1329827
h15.t2.nodes = 1290147
h15.t2.propagations = 1290147
h15.t14.stop_reason = propagation
h15.t14.restarts = 291
h15.t14.nogoods_size = 1329827
h15.t14.nodes = 1278327
h15.t14.propagations = 1278327
h15.t3.stop_reason = propagation
h15.t3.restarts = 291
h15.t3.nogoods_size = 1329827
h15.t3.nodes = 1285766
h15.t3.propagations = 1285766
h15.t1.stop_reason = propagation
h15.t1.restarts = 291
h15.t1.nogoods_size = 1329827
h15.t1.nodes = 1304681
h15.t1.propagations = 1304681
h15.t17.stop_reason = propagation
h15.t17.restarts = 291
h15.t17.nogoods_size = 1329827
h15.t17.nodes = 662879
h15.t17.propagations = 662879
h15.t9.stop_reason = propagation
h15.t9.restarts = 291
h15.t9.nogoods_size = 1329827
h15.t9.nodes = 1322530
h15.t9.propagations = 1322530
h15.t0.stop_reason = propagation
h15.t0.restarts = 291
h15.t0.nogoods_size = 1329827
h15.t0.nodes = 484622
h15.t0.propagations = 484622
h15.t7.stop_reason = propagation
h15.t7.restarts = 291
h15.t7.nogoods_size = 1329827
h15.t7.nodes = 1299694
h15.t7.propagations = 1299694
h15.t5.stop_reason = propagation
h15.t5.restarts = 291
h15.t5.nogoods_size = 1329827
h15.t5.nodes = 1275460
h15.t5.propagations = 1275460
h15.search_time = 40092
h15.nodes = 21773696
h15.propagations = 52793087
h16.t17.stop_reason = propagation
h16.t17.restarts = 291
h16.t17.nogoods_size = 1330152
h16.t17.nodes = 660336
h16.t17.propagations = 660336
h16.t0.stop_reason = propagation
h16.t0.restarts = 291
h16.t0.nogoods_size = 1330152
h16.t0.nodes = 481983
h16.t0.propagations = 481983
h16.t7.stop_reason = propagation
h16.t7.restarts = 291
h16.t7.nogoods_size = 1330152
h16.t7.nodes = 1280809
h16.t7.propagations = 1280809
h16.t15.stop_reason = propagation
h16.t15.restarts = 291
h16.t15.nogoods_size = 1330152
h16.t15.nodes = 1290768
h16.t15.propagations = 1290768
h16.t11.stop_reason = propagation
h16.t11.restarts = 291
h16.t11.nogoods_size = 1330152
h16.t11.nodes = 1282711
h16.t11.propagations = 1282711
h16.t5.stop_reason = propagation
h16.t5.restarts = 291
h16.t5.nogoods_size = 1330152
h16.t5.nodes = 1298797
h16.t5.propagations = 1298797
h16.t9.stop_reason = propagation
h16.t9.restarts = 291
h16.t9.nogoods_size = 1330152
h16.t9.nodes = 1286670
h16.t9.propagations = 1286670
h16.t12.stop_reason = propagation
h16.t12.restarts = 291
h16.t12.nogoods_size = 1330152
h16.t12.nodes = 1283456
h16.t12.propagations = 1283456
h16.t16.stop_reason = propagation
h16.t16.restarts = 291
h16.t16.nogoods_size = 1330152
h16.t16.nodes = 1268556
h16.t16.propagations = 1268556
h16.t6.stop_reason = propagation
h16.t6.restarts = 291
h16.t6.nogoods_size = 1330152
h16.t6.nodes = 1295181
h16.t6.propagations = 1295181
h16.t13.stop_reason = propagation
h16.t13.restarts = 291
h16.t13.nogoods_size = 1330152
h16.t13.nodes = 1286398
h16.t13.propagations = 1286398
h16.t14.stop_reason = propagation
h16.t14.restarts = 291
h16.t14.nogoods_size = 1330152
h16.t14.nodes = 1269161
h16.t14.propagations = 1269161
h16.t2.stop_reason = propagation
h16.t2.restarts = 291
h16.t2.nogoods_size = 1330152
h16.t2.nodes = 1301802
h16.t2.propagations = 1301802
h16.t1.stop_reason = propagation
h16.t1.restarts = 291
h16.t1.nogoods_size = 1330152
h16.t1.nodes = 1295345
h16.t1.propagations = 1295345
h16.t3.stop_reason = propagation
h16.t3.restarts = 291
h16.t3.nogoods_size = 1330152
h16.t3.nodes = 1267623
h16.t3.propagations = 1267623
h16.t8.stop_reason = propagation
h16.t8.restarts = 291
h16.t8.nogoods_size = 1330152
h16.t8.nodes = 1300514
h16.t8.propagations = 1300514
h16.t4.stop_reason = propagation
h16.t4.restarts = 291
h16.t4.nogoods_size = 1330152
h16.t4.nodes = 1272464
h16.t4.propagations = 1272464
h16.t10.stop_reason = propagation
h16.t10.restarts = 291
h16.t10.nogoods_size = 1330152
h16.t10.nodes = 1289663
h16.t10.propagations = 1289663
h16.search_time = 40056
h16.nodes = 21712237
h16.propagations = 52749908
h17.t9.stop_reason = propagation
h17.t9.restarts = 291
h17.t9.nogoods_size = 1330269
h17.t9.nodes = 1300497
h17.t9.propagations = 1300497
h17.t7.stop_reason = propagation
h17.t7.restarts = 291
h17.t7.nogoods_size = 1330269
h17.t7.nodes = 1307971
h17.t7.propagations = 1307971
h17.t17.stop_reason = propagation
h17.t17.restarts = 291
h17.t17.nogoods_size = 1330269
h17.t17.nodes = 654146
h17.t17.propagations = 654146
h17.t8.stop_reason = propagation
h17.t8.restarts = 291
h17.t8.nogoods_size = 1330269
h17.t8.nodes = 1297826
h17.t8.propagations = 1297826
h17.t6.stop_reason = propagation
h17.t6.restarts = 291
h17.t6.nogoods_size = 1330269
h17.t6.nodes = 1300245
h17.t6.propagations = 1300245
h17.t11.stop_reason = propagation
h17.t11.restarts = 291
h17.t11.nogoods_size = 1330269
h17.t11.nodes = 1301974
h17.t11.propagations = 1301974
h17.t16.stop_reason = propagation
h17.t16.restarts = 291
h17.t16.nogoods_size = 1330269
h17.t16.nodes = 1292556
h17.t16.propagations = 1292556
h17.t2.stop_reason = propagation
h17.t2.restarts = 291
h17.t2.nogoods_size = 1330269
h17.t2.nodes = 1299711
h17.t2.propagations = 1299711
h17.t12.stop_reason = propagation
h17.t12.restarts = 291
h17.t12.nogoods_size = 1330269
h17.t12.nodes = 1304647
h17.t12.propagations = 1304647
h17.t3.stop_reason = propagation
h17.t3.restarts = 291
h17.t3.nogoods_size = 1330269
h17.t3.nodes = 1292748
h17.t3.propagations = 1292748
h17.t4.stop_reason = propagation
h17.t4.restarts = 291
h17.t4.nogoods_size = 1330269
h17.t4.nodes = 1269734
h17.t4.propagations = 1269734
h17.t14.stop_reason = propagation
h17.t14.restarts = 291
h17.t14.nogoods_size = 1330269
h17.t14.nodes = 1289835
h17.t14.propagations = 1289835
h17.t5.stop_reason = propagation
h17.t5.restarts = 291
h17.t5.nogoods_size = 1330269
h17.t5.nodes = 1326447
h17.t5.propagations = 1326447
h17.t0.stop_reason = propagation
h17.t0.restarts = 291
h17.t0.nogoods_size = 1330269
h17.t0.nodes = 493674
h17.t0.propagations = 493674
h17.t13.stop_reason = propagation
h17.t13.restarts = 291
h17.t13.nogoods_size = 1330269
h17.t13.nodes = 1302467
h17.t13.propagations = 1302467
h17.t10.stop_reason = propagation
h17.t10.restarts = 291
h17.t10.nogoods_size = 1330269
h17.t10.nodes = 1277817
h17.t10.propagations = 1277817
h17.t1.stop_reason = propagation
h17.t1.restarts = 291
h17.t1.nogoods_size = 1330269
h17.t1.nodes = 1294212
h17.t1.propagations = 1294212
h17.t15.stop_reason = propagation
h17.t15.restarts = 291
h17.t15.nogoods_size = 1330269
h17.t15.nodes = 1283260
h17.t15.propagations = 1283260
h17.search_time = 40057
h17.nodes = 21889767
h17.propagations = 53059206
h18.t17.stop_reason = propagation
h18.t17.restarts = 291
h18.t17.nogoods_size = 1328611
h18.t17.nodes = 641697
h18.t17.propagations = 641697
h18.t2.stop_reason = propagation
h18.t2.restarts = 291
h18.t2.nogoods_size = 1328611
h18.t2.nodes = 1136172
h18.t2.propagations = 1136172
h18.t13.stop_reason = propagation
h18.t13.restarts = 291
h18.t13.nogoods_size = 1328611
h18.t13.nodes = 1126203
h18.t13.propagations = 1126203
h18.t8.stop_reason = propagation
h18.t8.restarts = 291
h18.t8.nogoods_size = 1328611
h18.t8.nodes = 1124004
h18.t8.propagations = 1124004
h18.t11.stop_reason = propagation
h18.t11.restarts = 291
h18.t11.nogoods_size = 1328611
h18.t11.nodes = 1117785
h18.t11.propagations = 1117785
h18.t6.stop_reason = propagation
h18.t6.restarts = 291
h18.t6.nogoods_size = 1328611
h18.t6.nodes = 1142515
h18.t6.propagations = 1142515
h18.t15.stop_reason = propagation
h18.t15.restarts = 291
h18.t15.nogoods_size = 1328611
h18.t15.nodes = 1119345
h18.t15.propagations = 1119345
h18.t10.stop_reason = propagation
h18.t10.restarts = 291
h18.t10.nogoods_size = 1328611
h18.t10.nodes = 1140658
h18.t10.propagations = 1140658
h18.t7.stop_reason = propagation
h18.t7.restarts = 291
h18.t7.nogoods_size = 1328611
h18.t7.nodes = 1175119
h18.t7.propagations = 1175119
h18.t12.stop_reason = propagation
h18.t12.restarts = 291
h18.t12.nogoods_size = 1328611
h18.t12.nodes = 1120486
h18.t12.propagations = 1120486
h18.t14.stop_reason = propagation
h18.t14.restarts = 291
h18.t14.nogoods_size = 1328611
h18.t14.nodes = 1147546
h18.t14.propagations = 1147546
h18.t1.stop_reason = propagation
h18.t1.restarts = 291
h18.t1.nogoods_size = 1328611
h18.t1.nodes = 1136780
h18.t1.propagations = 1136780
h18.t3.stop_reason = propagation
h18.t3.restarts = 291
h18.t3.nogoods_size = 1328611
h18.t3.nodes = 1146448
h18.t3.propagations = 1146448
h18.t16.stop_reason = propagation
h18.t16.restarts = 291
h18.t16.nogoods_size = 1328611
h18.t16.nodes = 1146897
h18.t16.propagations = 1146897
h18.t5.stop_reason = propagation
h18.t5.restarts = 291
h18.t5.nogoods_size = 1328611
h18.t5.nodes = 1122265
h18.t5.propagations = 1122265
h18.t0.stop_reason = propagation
h18.t0.restarts = 291
h18.t0.nogoods_size = 1328611
h18.t0.nodes = 491828
h18.t0.propagations = 491828
h18.t4.stop_reason = propagation
h18.t4.restarts = 291
h18.t4.nogoods_size = 1328611
h18.t4.nodes = 1136695
h18.t4.propagations = 1136695
h18.t9.stop_reason = propagation
h18.t9.restarts = 291
h18.t9.nogoods_size = 1328611
h18.t9.nodes = 1123686
h18.t9.propagations = 1123686
h18.search_time = 40024
h18.nodes = 19296129
h18.propagations = 46773027
h19.t9.stop_reason = propagation
h19.t9.restarts = 291
h19.t9.nogoods_size = 1327870
h19.t9.nodes = 1113081
h19.t9.propagations = 1113081
h19.t1.stop_reason = propagation
h19.t1.restarts = 291
h19.t1.nogoods_size = 1327870
h19.t1.nodes = 1126948
h19.t1.propagations = 1126948
h19.t7.stop_reason = propagation
h19.t7.restarts = 291
h19.t7.nogoods_size = 1327870
h19.t7.nodes = 1253920
h19.t7.propagations = 1253920
h19.t14.stop_reason = propagation
h19.t14.restarts = 291
h19.t14.nogoods_size = 1327870
h19.t14.nodes = 1103055
h19.t14.propagations = 1103055
h19.t12.stop_reason = propagation
h19.t12.restarts = 291
h19.t12.nogoods_size = 1327870
h19.t12.nodes = 1106118
h19.t12.propagations = 1106118
h19.t8.stop_reason = propagation
h19.t8.restarts = 291
h19.t8.nogoods_size = 1327870
h19.t8.nodes = 1127764
h19.t8.propagations = 1127764
h19.t16.stop_reason = propagation
h19.t16.restarts = 291
h19.t16.nogoods_size = 1327870
h19.t16.nodes = 1094461
h19.t16.propagations = 1094461
h19.t2.stop_reason = propagation
h19.t2.restarts = 291
h19.t2.nogoods_size = 1327870
h19.t2.nodes = 1101645
h19.t2.propagations = 1101645
h19.t4.stop_reason = propagation
h19.t4.restarts = 291
h19.t4.nogoods_size = 1327870
h19.t4.nodes = 1123358
h19.t4.propagations = 1123358
h19.t15.stop_reason = propagation
h19.t15.restarts = 291
h19.t15.nogoods_size = 1327870
h19.t15.nodes = 1112961
h19.t15.propagations = 1112961
h19.t0.stop_reason = propagation
h19.t0.restarts = 291
h19.t0.nogoods_size = 1327870
h19.t0.nodes = 488201
h19.t0.propagations = 488201
h19.t5.stop_reason = propagation
h19.t5.restarts = 291
h19.t5.nogoods_size = 1327870
h19.t5.nodes = 1113201
h19.t5.propagations = 1113201
h19.t6.stop_reason = propagation
h19.t6.restarts = 291
h19.t6.nogoods_size = 1327870
h19.t6.nodes = 1103757
h19.t6.propagations = 1103757
h19.t11.stop_reason = propagation
h19.t11.restarts = 291
h19.t11.nogoods_size = 1327870
h19.t11.nodes = 1099302
h19.t11.propagations = 1099302
h19.t17.stop_reason = propagation
h19.t17.restarts = 291
h19.t17.nogoods_size = 1327870
h19.t17.nodes = 644515
h19.t17.propagations = 644515
h19.t10.stop_reason = propagation
h19.t10.restarts = 291
h19.t10.nogoods_size = 1327870
h19.t10.nodes = 1130209
h19.t10.propagations = 1130209
h19.t3.stop_reason = propagation
h19.t3.restarts = 291
h19.t3.nogoods_size = 1327870
h19.t3.nodes = 1117201
h19.t3.propagations = 1117201
h19.t13.stop_reason = propagation
h19.t13.restarts = 291
h19.t13.nogoods_size = 1327870
h19.t13.nodes = 1129862
h19.t13.propagations = 1129862
h19.search_time = 40021
h19.nodes = 19089559
h19.propagations = 46454363
