hostname = r1i2n23
commandline = ../glasgow/mpi_solve_subgraph_isomorphism --timeout 1000 --format lad --geometric-restarts=1.0 --restarts-constant=100000 --restart-timer=100 --triggered-restarts --threads 18 --value-ordering=biased ../instances/LV/g12 ../instances/largerGraphs/g74
started_at = 2018-11-24 02:26:14
pattern_file = ../instances/LV/g12
target_file = ../instances/largerGraphs/g74
status = false
nodes = 4226958
propagations = 19291357
runtime = 308
h0.t16.stop_reason = aborted
h0.t16.restarts = 3
h0.t16.nogoods_size = 8601
h0.t16.nodes = 9858
h0.t16.propagations = 9858
h0.t4.stop_reason = aborted
h0.t4.restarts = 3
h0.t4.nogoods_size = 8601
h0.t4.nodes = 11433
h0.t4.propagations = 11433
h0.t3.stop_reason = aborted
h0.t3.restarts = 3
h0.t3.nogoods_size = 8601
h0.t3.nodes = 10532
h0.t3.propagations = 10532
h0.t11.stop_reason = aborted
h0.t11.restarts = 3
h0.t11.nogoods_size = 8601
h0.t11.nodes = 12417
h0.t11.propagations = 12417
h0.t14.stop_reason = aborted
h0.t14.restarts = 3
h0.t14.nogoods_size = 8601
h0.t14.nodes = 11269
h0.t14.propagations = 11269
h0.t12.stop_reason = aborted
h0.t12.restarts = 3
h0.t12.nogoods_size = 8601
h0.t12.nodes = 10422
h0.t12.propagations = 10422
h0.t7.stop_reason = aborted
h0.t7.restarts = 3
h0.t7.nogoods_size = 8601
h0.t7.nodes = 12187
h0.t7.propagations = 12187
h0.t2.stop_reason = aborted
h0.t2.restarts = 3
h0.t2.nogoods_size = 8601
h0.t2.nodes = 10959
h0.t2.propagations = 10959
h0.t5.stop_reason = aborted
h0.t5.restarts = 3
h0.t5.nogoods_size = 8601
h0.t5.nodes = 12861
h0.t5.propagations = 12861
h0.t15.stop_reason = aborted
h0.t15.restarts = 3
h0.t15.nogoods_size = 8601
h0.t15.nodes = 10030
h0.t15.propagations = 10030
h0.t10.stop_reason = aborted
h0.t10.restarts = 3
h0.t10.nogoods_size = 8601
h0.t10.nodes = 10429
h0.t10.propagations = 10429
h0.t13.stop_reason = aborted
h0.t13.restarts = 3
h0.t13.nogoods_size = 8601
h0.t13.nodes = 10886
h0.t13.propagations = 10886
h0.t9.stop_reason = aborted
h0.t9.restarts = 3
h0.t9.nogoods_size = 8601
h0.t9.nodes = 11556
h0.t9.propagations = 11556
h0.t0.stop_reason = aborted
h0.t0.restarts = 3
h0.t0.nogoods_size = 8601
h0.t0.nodes = 5954
h0.t0.propagations = 5954
h0.t1.stop_reason = unsatisfiable
h0.t1.restarts = 3
h0.t1.nogoods_size = 8601
h0.t1.nodes = 13142
h0.t1.propagations = 13142
h0.t17.stop_reason = aborted
h0.t17.restarts = 3
h0.t17.nogoods_size = 8601
h0.t17.nodes = 6170
h0.t17.propagations = 6170
h0.t8.stop_reason = aborted
h0.t8.restarts = 3
h0.t8.nogoods_size = 8601
h0.t8.nodes = 10240
h0.t8.propagations = 10240
h0.t6.stop_reason = aborted
h0.t6.restarts = 3
h0.t6.nogoods_size = 8601
h0.t6.nodes = 11182
h0.t6.propagations = 11182
h0.search_time = 281
h0.nodes = 191527
h0.propagations = 864569
h1.t5.stop_reason = aborted
h1.t5.restarts = 3
h1.t5.nogoods_size = 8571
h1.t5.nodes = 12798
h1.t5.propagations = 12798
h1.t8.stop_reason = aborted
h1.t8.restarts = 3
h1.t8.nogoods_size = 8571
h1.t8.nodes = 10765
h1.t8.propagations = 10765
h1.t6.stop_reason = unsatisfiable
h1.t6.restarts = 3
h1.t6.nogoods_size = 8571
h1.t6.nodes = 13999
h1.t6.propagations = 13999
h1.t10.stop_reason = aborted
h1.t10.restarts = 3
h1.t10.nogoods_size = 8571
h1.t10.nodes = 12712
h1.t10.propagations = 12712
h1.t13.stop_reason = aborted
h1.t13.restarts = 3
h1.t13.nogoods_size = 8571
h1.t13.nodes = 11107
h1.t13.propagations = 11107
h1.t2.stop_reason = aborted
h1.t2.restarts = 3
h1.t2.nogoods_size = 8571
h1.t2.nodes = 12636
h1.t2.propagations = 12636
h1.t12.stop_reason = aborted
h1.t12.restarts = 3
h1.t12.nogoods_size = 8571
h1.t12.nodes = 12686
h1.t12.propagations = 12686
h1.t4.stop_reason = aborted
h1.t4.restarts = 3
h1.t4.nogoods_size = 8571
h1.t4.nodes = 13790
h1.t4.propagations = 13790
h1.t11.stop_reason = aborted
h1.t11.restarts = 3
h1.t11.nogoods_size = 8571
h1.t11.nodes = 12388
h1.t11.propagations = 12388
h1.t1.stop_reason = aborted
h1.t1.restarts = 3
h1.t1.nogoods_size = 8571
h1.t1.nodes = 11910
h1.t1.propagations = 11910
h1.t15.stop_reason = aborted
h1.t15.restarts = 3
h1.t15.nogoods_size = 8571
h1.t15.nodes = 11014
h1.t15.propagations = 11014
h1.t3.stop_reason = aborted
h1.t3.restarts = 3
h1.t3.nogoods_size = 8571
h1.t3.nodes = 12986
h1.t3.propagations = 12986
h1.t7.stop_reason = aborted
h1.t7.restarts = 3
h1.t7.nogoods_size = 8571
h1.t7.nodes = 10922
h1.t7.propagations = 10922
h1.t17.stop_reason = aborted
h1.t17.restarts = 3
h1.t17.nogoods_size = 8571
h1.t17.nodes = 7684
h1.t17.propagations = 7684
h1.t14.stop_reason = aborted
h1.t14.restarts = 3
h1.t14.nogoods_size = 8571
h1.t14.nodes = 12531
h1.t14.propagations = 12531
h1.t9.stop_reason = aborted
h1.t9.restarts = 3
h1.t9.nogoods_size = 8571
h1.t9.nodes = 11588
h1.t9.propagations = 11588
h1.t0.stop_reason = aborted
h1.t0.restarts = 3
h1.t0.nogoods_size = 8571
h1.t0.nodes = 7982
h1.t0.propagations = 7982
h1.t16.stop_reason = aborted
h1.t16.restarts = 3
h1.t16.nogoods_size = 8571
h1.t16.nodes = 17476
h1.t16.propagations = 17476
h1.search_time = 279
h1.nodes = 216974
h1.propagations = 989193
h2.t15.stop_reason = unsatisfiable
h2.t15.restarts = 3
h2.t15.nogoods_size = 8576
h2.t15.nodes = 13596
h2.t15.propagations = 13596
h2.t12.stop_reason = aborted
h2.t12.restarts = 3
h2.t12.nogoods_size = 8576
h2.t12.nodes = 10386
h2.t12.propagations = 10386
h2.t13.stop_reason = unsatisfiable
h2.t13.restarts = 3
h2.t13.nogoods_size = 8576
h2.t13.nodes = 11640
h2.t13.propagations = 11640
h2.t9.stop_reason = aborted
h2.t9.restarts = 3
h2.t9.nogoods_size = 8576
h2.t9.nodes = 12955
h2.t9.propagations = 12955
h2.t3.stop_reason = aborted
h2.t3.restarts = 3
h2.t3.nogoods_size = 8576
h2.t3.nodes = 13050
h2.t3.propagations = 13050
h2.t16.stop_reason = aborted
h2.t16.restarts = 3
h2.t16.nogoods_size = 8576
h2.t16.nodes = 10190
h2.t16.propagations = 10190
h2.t7.stop_reason = aborted
h2.t7.restarts = 3
h2.t7.nogoods_size = 8576
h2.t7.nodes = 10353
h2.t7.propagations = 10353
h2.t11.stop_reason = aborted
h2.t11.restarts = 3
h2.t11.nogoods_size = 8576
h2.t11.nodes = 10102
h2.t11.propagations = 10102
h2.t5.stop_reason = aborted
h2.t5.restarts = 3
h2.t5.nogoods_size = 8576
h2.t5.nodes = 9411
h2.t5.propagations = 9411
h2.t10.stop_reason = aborted
h2.t10.restarts = 3
h2.t10.nogoods_size = 8576
h2.t10.nodes = 12429
h2.t10.propagations = 12429
h2.t6.stop_reason = aborted
h2.t6.restarts = 3
h2.t6.nogoods_size = 8576
h2.t6.nodes = 10352
h2.t6.propagations = 10352
h2.t2.stop_reason = aborted
h2.t2.restarts = 3
h2.t2.nogoods_size = 8576
h2.t2.nodes = 10942
h2.t2.propagations = 10942
h2.t17.stop_reason = aborted
h2.t17.restarts = 3
h2.t17.nogoods_size = 8576
h2.t17.nodes = 6939
h2.t17.propagations = 6939
h2.t1.stop_reason = aborted
h2.t1.restarts = 3
h2.t1.nogoods_size = 8576
h2.t1.nodes = 11392
h2.t1.propagations = 11392
h2.t8.stop_reason = aborted
h2.t8.restarts = 3
h2.t8.nogoods_size = 8576
h2.t8.nodes = 12014
h2.t8.propagations = 12014
h2.t0.stop_reason = aborted
h2.t0.restarts = 3
h2.t0.nogoods_size = 8576
h2.t0.nodes = 6390
h2.t0.propagations = 6390
h2.t4.stop_reason = aborted
h2.t4.restarts = 3
h2.t4.nogoods_size = 8576
h2.t4.nodes = 13063
h2.t4.propagations = 13063
h2.t14.stop_reason = aborted
h2.t14.restarts = 3
h2.t14.nogoods_size = 8576
h2.t14.nodes = 10393
h2.t14.propagations = 10393
h2.search_time = 275
h2.nodes = 195597
h2.propagations = 898212
h3.t3.stop_reason = unsatisfiable
h3.t3.restarts = 3
h3.t3.nogoods_size = 8597
h3.t3.nodes = 14553
h3.t3.propagations = 14553
h3.t12.stop_reason = aborted
h3.t12.restarts = 3
h3.t12.nogoods_size = 8597
h3.t12.nodes = 12712
h3.t12.propagations = 12712
h3.t6.stop_reason = aborted
h3.t6.restarts = 3
h3.t6.nogoods_size = 8597
h3.t6.nodes = 11349
h3.t6.propagations = 11349
h3.t17.stop_reason = aborted
h3.t17.restarts = 3
h3.t17.nogoods_size = 8597
h3.t17.nodes = 6555
h3.t17.propagations = 6555
h3.t5.stop_reason = aborted
h3.t5.restarts = 3
h3.t5.nogoods_size = 8597
h3.t5.nodes = 13488
h3.t5.propagations = 13488
h3.t9.stop_reason = aborted
h3.t9.restarts = 3
h3.t9.nogoods_size = 8597
h3.t9.nodes = 13150
h3.t9.propagations = 13150
h3.t1.stop_reason = unsatisfiable
h3.t1.restarts = 3
h3.t1.nogoods_size = 8597
h3.t1.nodes = 17488
h3.t1.propagations = 17488
h3.t7.stop_reason = aborted
h3.t7.restarts = 3
h3.t7.nogoods_size = 8597
h3.t7.nodes = 12015
h3.t7.propagations = 12015
h3.t11.stop_reason = aborted
h3.t11.restarts = 3
h3.t11.nogoods_size = 8597
h3.t11.nodes = 14397
h3.t11.propagations = 14397
h3.t16.stop_reason = aborted
h3.t16.restarts = 3
h3.t16.nogoods_size = 8597
h3.t16.nodes = 15006
h3.t16.propagations = 15006
h3.t2.stop_reason = unsatisfiable
h3.t2.restarts = 3
h3.t2.nogoods_size = 8597
h3.t2.nodes = 12883
h3.t2.propagations = 12883
h3.t10.stop_reason = aborted
h3.t10.restarts = 3
h3.t10.nogoods_size = 8597
h3.t10.nodes = 13061
h3.t10.propagations = 13061
h3.t8.stop_reason = aborted
h3.t8.restarts = 3
h3.t8.nogoods_size = 8597
h3.t8.nodes = 12514
h3.t8.propagations = 12514
h3.t14.stop_reason = aborted
h3.t14.restarts = 3
h3.t14.nogoods_size = 8597
h3.t14.nodes = 11597
h3.t14.propagations = 11597
h3.t13.stop_reason = aborted
h3.t13.restarts = 3
h3.t13.nogoods_size = 8597
h3.t13.nodes = 12627
h3.t13.propagations = 12627
h3.t4.stop_reason = aborted
h3.t4.restarts = 3
h3.t4.nogoods_size = 8597
h3.t4.nodes = 12572
h3.t4.propagations = 12572
h3.t0.stop_reason = aborted
h3.t0.restarts = 3
h3.t0.nogoods_size = 8597
h3.t0.nodes = 5935
h3.t0.propagations = 5935
h3.t15.stop_reason = aborted
h3.t15.restarts = 3
h3.t15.nogoods_size = 8597
h3.t15.nodes = 11600
h3.t15.propagations = 11600
h3.search_time = 274
h3.nodes = 223502
h3.propagations = 1025247
h4.t13.stop_reason = aborted
h4.t13.restarts = 3
h4.t13.nogoods_size = 8601
h4.t13.nodes = 12384
h4.t13.propagations = 12384
h4.t7.stop_reason = aborted
h4.t7.restarts = 3
h4.t7.nogoods_size = 8601
h4.t7.nodes = 11135
h4.t7.propagations = 11135
h4.t15.stop_reason = aborted
h4.t15.restarts = 3
h4.t15.nogoods_size = 8601
h4.t15.nodes = 12066
h4.t15.propagations = 12066
h4.t2.stop_reason = aborted
h4.t2.restarts = 3
h4.t2.nogoods_size = 8601
h4.t2.nodes = 11614
h4.t2.propagations = 11614
h4.t16.stop_reason = unsatisfiable
h4.t16.restarts = 3
h4.t16.nogoods_size = 8601
h4.t16.nodes = 13667
h4.t16.propagations = 13667
h4.t14.stop_reason = aborted
h4.t14.restarts = 3
h4.t14.nogoods_size = 8601
h4.t14.nodes = 12871
h4.t14.propagations = 12871
h4.t11.stop_reason = aborted
h4.t11.restarts = 3
h4.t11.nogoods_size = 8601
h4.t11.nodes = 10541
h4.t11.propagations = 10541
h4.t8.stop_reason = aborted
h4.t8.restarts = 3
h4.t8.nogoods_size = 8601
h4.t8.nodes = 12518
h4.t8.propagations = 12518
h4.t12.stop_reason = aborted
h4.t12.restarts = 3
h4.t12.nogoods_size = 8601
h4.t12.nodes = 12023
h4.t12.propagations = 12023
h4.t5.stop_reason = aborted
h4.t5.restarts = 3
h4.t5.nogoods_size = 8601
h4.t5.nodes = 12627
h4.t5.propagations = 12627
h4.t10.stop_reason = aborted
h4.t10.restarts = 3
h4.t10.nogoods_size = 8601
h4.t10.nodes = 10052
h4.t10.propagations = 10052
h4.t1.stop_reason = aborted
h4.t1.restarts = 3
h4.t1.nogoods_size = 8601
h4.t1.nodes = 11250
h4.t1.propagations = 11250
h4.t3.stop_reason = aborted
h4.t3.restarts = 3
h4.t3.nogoods_size = 8601
h4.t3.nodes = 12314
h4.t3.propagations = 12314
h4.t9.stop_reason = aborted
h4.t9.restarts = 3
h4.t9.nogoods_size = 8601
h4.t9.nodes = 12012
h4.t9.propagations = 12012
h4.t4.stop_reason = aborted
h4.t4.restarts = 3
h4.t4.nogoods_size = 8601
h4.t4.nodes = 10589
h4.t4.propagations = 10589
h4.t6.stop_reason = aborted
h4.t6.restarts = 3
h4.t6.nogoods_size = 8601
h4.t6.nodes = 14089
h4.t6.propagations = 14089
h4.t17.stop_reason = aborted
h4.t17.restarts = 3
h4.t17.nogoods_size = 8601
h4.t17.nodes = 7706
h4.t17.propagations = 7706
h4.t0.stop_reason = aborted
h4.t0.restarts = 3
h4.t0.nogoods_size = 8601
h4.t0.nodes = 7524
h4.t0.propagations = 7524
h4.search_time = 282
h4.nodes = 206982
h4.propagations = 943570
h5.t10.stop_reason = aborted
h5.t10.restarts = 3
h5.t10.nogoods_size = 8564
h5.t10.nodes = 11083
h5.t10.propagations = 11083
h5.t12.stop_reason = aborted
h5.t12.restarts = 3
h5.t12.nogoods_size = 8564
h5.t12.nodes = 11247
h5.t12.propagations = 11247
h5.t7.stop_reason = aborted
h5.t7.restarts = 3
h5.t7.nogoods_size = 8564
h5.t7.nodes = 10459
h5.t7.propagations = 10459
h5.t8.stop_reason = aborted
h5.t8.restarts = 3
h5.t8.nogoods_size = 8564
h5.t8.nodes = 11988
h5.t8.propagations = 11988
h5.t15.stop_reason = aborted
h5.t15.restarts = 3
h5.t15.nogoods_size = 8564
h5.t15.nodes = 11435
h5.t15.propagations = 11435
h5.t5.stop_reason = unsatisfiable
h5.t5.restarts = 3
h5.t5.nogoods_size = 8564
h5.t5.nodes = 14776
h5.t5.propagations = 14776
h5.t4.stop_reason = aborted
h5.t4.restarts = 3
h5.t4.nogoods_size = 8564
h5.t4.nodes = 11323
h5.t4.propagations = 11323
h5.t16.stop_reason = aborted
h5.t16.restarts = 3
h5.t16.nogoods_size = 8564
h5.t16.nodes = 13787
h5.t16.propagations = 13787
h5.t11.stop_reason = aborted
h5.t11.restarts = 3
h5.t11.nogoods_size = 8564
h5.t11.nodes = 12250
h5.t11.propagations = 12250
h5.t3.stop_reason = aborted
h5.t3.restarts = 3
h5.t3.nogoods_size = 8564
h5.t3.nodes = 12108
h5.t3.propagations = 12108
h5.t14.stop_reason = aborted
h5.t14.restarts = 3
h5.t14.nogoods_size = 8564
h5.t14.nodes = 10553
h5.t14.propagations = 10553
h5.t2.stop_reason = aborted
h5.t2.restarts = 3
h5.t2.nogoods_size = 8564
h5.t2.nodes = 11183
h5.t2.propagations = 11183
h5.t13.stop_reason = aborted
h5.t13.restarts = 3
h5.t13.nogoods_size = 8564
h5.t13.nodes = 10657
h5.t13.propagations = 10657
h5.t17.stop_reason = aborted
h5.t17.restarts = 3
h5.t17.nogoods_size = 8564
h5.t17.nodes = 8181
h5.t17.propagations = 8181
h5.t6.stop_reason = aborted
h5.t6.restarts = 3
h5.t6.nogoods_size = 8564
h5.t6.nodes = 10983
h5.t6.propagations = 10983
h5.t9.stop_reason = aborted
h5.t9.restarts = 3
h5.t9.nogoods_size = 8564
h5.t9.nodes = 11406
h5.t9.propagations = 11406
h5.t0.stop_reason = aborted
h5.t0.restarts = 3
h5.t0.nogoods_size = 8564
h5.t0.nodes = 7159
h5.t0.propagations = 7159
h5.t1.stop_reason = aborted
h5.t1.restarts = 3
h5.t1.nogoods_size = 8564
h5.t1.nodes = 10877
h5.t1.propagations = 10877
h5.search_time = 279
h5.nodes = 201455
h5.propagations = 905938
h6.t13.stop_reason = unsatisfiable
h6.t13.restarts = 3
h6.t13.nogoods_size = 8600
h6.t13.nodes = 14184
h6.t13.propagations = 14184
h6.t11.stop_reason = aborted
h6.t11.restarts = 3
h6.t11.nogoods_size = 8600
h6.t11.nodes = 11072
h6.t11.propagations = 11072
h6.t8.stop_reason = aborted
h6.t8.restarts = 3
h6.t8.nogoods_size = 8600
h6.t8.nodes = 12880
h6.t8.propagations = 12880
h6.t4.stop_reason = aborted
h6.t4.restarts = 3
h6.t4.nogoods_size = 8600
h6.t4.nodes = 12563
h6.t4.propagations = 12563
h6.t12.stop_reason = aborted
h6.t12.restarts = 3
h6.t12.nogoods_size = 8600
h6.t12.nodes = 12964
h6.t12.propagations = 12964
h6.t10.stop_reason = aborted
h6.t10.restarts = 3
h6.t10.nogoods_size = 8600
h6.t10.nodes = 12496
h6.t10.propagations = 12496
h6.t15.stop_reason = aborted
h6.t15.restarts = 3
h6.t15.nogoods_size = 8600
h6.t15.nodes = 12909
h6.t15.propagations = 12909
h6.t16.stop_reason = aborted
h6.t16.restarts = 3
h6.t16.nogoods_size = 8600
h6.t16.nodes = 12936
h6.t16.propagations = 12936
h6.t2.stop_reason = aborted
h6.t2.restarts = 3
h6.t2.nogoods_size = 8600
h6.t2.nodes = 12360
h6.t2.propagations = 12360
h6.t9.stop_reason = aborted
h6.t9.restarts = 3
h6.t9.nogoods_size = 8600
h6.t9.nodes = 13014
h6.t9.propagations = 13014
h6.t5.stop_reason = aborted
h6.t5.restarts = 3
h6.t5.nogoods_size = 8600
h6.t5.nodes = 11489
h6.t5.propagations = 11489
h6.t3.stop_reason = aborted
h6.t3.restarts = 3
h6.t3.nogoods_size = 8600
h6.t3.nodes = 12128
h6.t3.propagations = 12128
h6.t6.stop_reason = aborted
h6.t6.restarts = 3
h6.t6.nogoods_size = 8600
h6.t6.nodes = 12963
h6.t6.propagations = 12963
h6.t14.stop_reason = aborted
h6.t14.restarts = 3
h6.t14.nogoods_size = 8600
h6.t14.nodes = 11883
h6.t14.propagations = 11883
h6.t1.stop_reason = aborted
h6.t1.restarts = 3
h6.t1.nogoods_size = 8600
h6.t1.nodes = 12168
h6.t1.propagations = 12168
h6.t7.stop_reason = aborted
h6.t7.restarts = 3
h6.t7.nogoods_size = 8600
h6.t7.nodes = 13156
h6.t7.propagations = 13156
h6.t17.stop_reason = aborted
h6.t17.restarts = 3
h6.t17.nogoods_size = 8600
h6.t17.nodes = 7471
h6.t17.propagations = 7471
h6.t0.restarts = 3
h6.t0.nogoods_size = 8600
h6.t0.nodes = 6469
h6.t0.propagations = 6469
h6.search_time = 282
h6.nodes = 215105
h6.propagations = 969915
h7.t1.stop_reason = aborted
h7.t1.restarts = 3
h7.t1.nogoods_size = 8585
h7.t1.nodes = 10484
h7.t1.propagations = 10484
h7.t15.stop_reason = aborted
h7.t15.restarts = 3
h7.t15.nogoods_size = 8585
h7.t15.nodes = 12051
h7.t15.propagations = 12051
h7.t14.stop_reason = aborted
h7.t14.restarts = 3
h7.t14.nogoods_size = 8585
h7.t14.nodes = 11313
h7.t14.propagations = 11313
h7.t7.stop_reason = aborted
h7.t7.restarts = 3
h7.t7.nogoods_size = 8585
h7.t7.nodes = 10869
h7.t7.propagations = 10869
h7.t17.stop_reason = aborted
h7.t17.restarts = 3
h7.t17.nogoods_size = 8585
h7.t17.nodes = 9101
h7.t17.propagations = 9101
h7.t16.stop_reason = aborted
h7.t16.restarts = 3
h7.t16.nogoods_size = 8585
h7.t16.nodes = 10710
h7.t16.propagations = 10710
h7.t8.stop_reason = aborted
h7.t8.restarts = 3
h7.t8.nogoods_size = 8585
h7.t8.nodes = 9477
h7.t8.propagations = 9477
h7.t6.stop_reason = aborted
h7.t6.restarts = 3
h7.t6.nogoods_size = 8585
h7.t6.nodes = 10142
h7.t6.propagations = 10142
h7.t3.stop_reason = aborted
h7.t3.restarts = 3
h7.t3.nogoods_size = 8585
h7.t3.nodes = 10431
h7.t3.propagations = 10431
h7.t4.stop_reason = aborted
h7.t4.restarts = 3
h7.t4.nogoods_size = 8585
h7.t4.nodes = 10097
h7.t4.propagations = 10097
h7.t10.stop_reason = aborted
h7.t10.restarts = 3
h7.t10.nogoods_size = 8585
h7.t10.nodes = 10152
h7.t10.propagations = 10152
h7.t2.stop_reason = aborted
h7.t2.restarts = 3
h7.t2.nogoods_size = 8585
h7.t2.nodes = 10132
h7.t2.propagations = 10132
h7.t9.stop_reason = unsatisfiable
h7.t9.restarts = 3
h7.t9.nogoods_size = 8585
h7.t9.nodes = 13848
h7.t9.propagations = 13848
h7.t13.stop_reason = aborted
h7.t13.restarts = 3
h7.t13.nogoods_size = 8585
h7.t13.nodes = 10970
h7.t13.propagations = 10970
h7.t0.stop_reason = aborted
h7.t0.restarts = 3
h7.t0.nogoods_size = 8585
h7.t0.nodes = 7866
h7.t0.propagations = 7866
h7.t12.stop_reason = aborted
h7.t12.restarts = 3
h7.t12.nogoods_size = 8585
h7.t12.nodes = 10432
h7.t12.propagations = 10432
h7.t11.stop_reason = aborted
h7.t11.restarts = 3
h7.t11.nogoods_size = 8585
h7.t11.nodes = 10597
h7.t11.propagations = 10597
h7.t5.stop_reason = aborted
h7.t5.restarts = 3
h7.t5.nogoods_size = 8585
h7.t5.nodes = 11780
h7.t5.propagations = 11780
h7.search_time = 277
h7.nodes = 190452
h7.propagations = 860258
h8.t5.stop_reason = aborted
h8.t5.restarts = 3
h8.t5.nogoods_size = 8596
h8.t5.nodes = 10141
h8.t5.propagations = 10141
h8.t8.stop_reason = aborted
h8.t8.restarts = 3
h8.t8.nogoods_size = 8596
h8.t8.nodes = 10671
h8.t8.propagations = 10671
h8.t13.stop_reason = unsatisfiable
h8.t13.restarts = 3
h8.t13.nogoods_size = 8596
h8.t13.nodes = 12961
h8.t13.propagations = 12961
h8.t4.stop_reason = unsatisfiable
h8.t4.restarts = 3
h8.t4.nogoods_size = 8596
h8.t4.nodes = 13259
h8.t4.propagations = 13259
h8.t2.stop_reason = aborted
h8.t2.restarts = 3
h8.t2.nogoods_size = 8596
h8.t2.nodes = 11107
h8.t2.propagations = 11107
h8.t1.stop_reason = aborted
h8.t1.restarts = 3
h8.t1.nogoods_size = 8596
h8.t1.nodes = 9112
h8.t1.propagations = 9112
h8.t10.stop_reason = aborted
h8.t10.restarts = 3
h8.t10.nogoods_size = 8596
h8.t10.nodes = 11095
h8.t10.propagations = 11095
h8.t14.stop_reason = aborted
h8.t14.restarts = 3
h8.t14.nogoods_size = 8596
h8.t14.nodes = 10982
h8.t14.propagations = 10982
h8.t3.stop_reason = aborted
h8.t3.restarts = 3
h8.t3.nogoods_size = 8596
h8.t3.nodes = 11201
h8.t3.propagations = 11201
h8.t9.stop_reason = aborted
h8.t9.restarts = 3
h8.t9.nogoods_size = 8596
h8.t9.nodes = 10465
h8.t9.propagations = 10465
h8.t12.stop_reason = aborted
h8.t12.restarts = 3
h8.t12.nogoods_size = 8596
h8.t12.nodes = 11657
h8.t12.propagations = 11657
h8.t15.stop_reason = aborted
h8.t15.restarts = 3
h8.t15.nogoods_size = 8596
h8.t15.nodes = 9820
h8.t15.propagations = 9820
h8.t17.stop_reason = aborted
h8.t17.restarts = 3
h8.t17.nogoods_size = 8596
h8.t17.nodes = 7785
h8.t17.propagations = 7785
h8.t6.stop_reason = aborted
h8.t6.restarts = 3
h8.t6.nogoods_size = 8596
h8.t6.nodes = 11603
h8.t6.propagations = 11603
h8.t11.stop_reason = aborted
h8.t11.restarts = 3
h8.t11.nogoods_size = 8596
h8.t11.nodes = 10919
h8.t11.propagations = 10919
h8.t0.stop_reason = aborted
h8.t0.restarts = 3
h8.t0.nogoods_size = 8596
h8.t0.nodes = 6075
h8.t0.propagations = 6075
h8.t7.stop_reason = aborted
h8.t7.restarts = 3
h8.t7.nogoods_size = 8596
h8.t7.nodes = 11317
h8.t7.propagations = 11317
h8.t16.stop_reason = unsatisfiable
h8.t16.restarts = 3
h8.t16.nogoods_size = 8596
h8.t16.nodes = 12906
h8.t16.propagations = 12906
h8.search_time = 277
h8.nodes = 193076
h8.propagations = 892473
h9.t4.stop_reason = aborted
h9.t4.restarts = 3
h9.t4.nogoods_size = 8545
h9.t4.nodes = 9414
h9.t4.propagations = 9414
h9.t11.stop_reason = aborted
h9.t11.restarts = 3
h9.t11.nogoods_size = 8545
h9.t11.nodes = 10916
h9.t11.propagations = 10916
h9.t17.stop_reason = aborted
h9.t17.restarts = 3
h9.t17.nogoods_size = 8545
h9.t17.nodes = 6990
h9.t17.propagations = 6990
h9.t15.stop_reason = aborted
h9.t15.restarts = 3
h9.t15.nogoods_size = 8545
h9.t15.nodes = 11236
h9.t15.propagations = 11236
h9.t6.stop_reason = aborted
h9.t6.restarts = 3
h9.t6.nogoods_size = 8545
h9.t6.nodes = 14647
h9.t6.propagations = 14647
h9.t8.stop_reason = aborted
h9.t8.restarts = 3
h9.t8.nogoods_size = 8545
h9.t8.nodes = 12095
h9.t8.propagations = 12095
h9.t3.stop_reason = aborted
h9.t3.restarts = 3
h9.t3.nogoods_size = 8545
h9.t3.nodes = 12943
h9.t3.propagations = 12943
h9.t12.stop_reason = aborted
h9.t12.restarts = 3
h9.t12.nogoods_size = 8545
h9.t12.nodes = 10670
h9.t12.propagations = 10670
h9.t1.stop_reason = aborted
h9.t1.restarts = 3
h9.t1.nogoods_size = 8545
h9.t1.nodes = 15906
h9.t1.propagations = 15906
h9.t16.stop_reason = aborted
h9.t16.restarts = 3
h9.t16.nogoods_size = 8545
h9.t16.nodes = 13503
h9.t16.propagations = 13503
h9.t13.stop_reason = aborted
h9.t13.restarts = 3
h9.t13.nogoods_size = 8545
h9.t13.nodes = 12438
h9.t13.propagations = 12438
h9.t5.stop_reason = aborted
h9.t5.restarts = 3
h9.t5.nogoods_size = 8545
h9.t5.nodes = 13852
h9.t5.propagations = 13852
h9.t10.stop_reason = unsatisfiable
h9.t10.restarts = 3
h9.t10.nogoods_size = 8545
h9.t10.nodes = 13002
h9.t10.propagations = 13002
h9.t7.stop_reason = aborted
h9.t7.restarts = 3
h9.t7.nogoods_size = 8545
h9.t7.nodes = 14134
h9.t7.propagations = 14134
h9.t14.stop_reason = aborted
h9.t14.restarts = 3
h9.t14.nogoods_size = 8545
h9.t14.nodes = 10967
h9.t14.propagations = 10967
h9.t9.stop_reason = aborted
h9.t9.restarts = 3
h9.t9.nogoods_size = 8545
h9.t9.nodes = 12576
h9.t9.propagations = 12576
h9.t2.stop_reason = aborted
h9.t2.restarts = 3
h9.t2.nogoods_size = 8545
h9.t2.nodes = 13420
h9.t2.propagations = 13420
h9.t0.stop_reason = aborted
h9.t0.restarts = 3
h9.t0.nogoods_size = 8545
h9.t0.nodes = 5329
h9.t0.propagations = 5329
h9.search_time = 280
h9.nodes = 214038
h9.propagations = 969750
h10.t10.stop_reason = aborted
h10.t10.restarts = 3
h10.t10.nogoods_size = 8569
h10.t10.nodes = 13452
h10.t10.propagations = 13452
h10.t5.stop_reason = aborted
h10.t5.restarts = 3
h10.t5.nogoods_size = 8569
h10.t5.nodes = 10058
h10.t5.propagations = 10058
h10.t8.stop_reason = unsatisfiable
h10.t8.restarts = 3
h10.t8.nogoods_size = 8569
h10.t8.nodes = 13036
h10.t8.propagations = 13036
h10.t3.stop_reason = aborted
h10.t3.restarts = 3
h10.t3.nogoods_size = 8569
h10.t3.nodes = 10646
h10.t3.propagations = 10646
h10.t7.stop_reason = aborted
h10.t7.restarts = 3
h10.t7.nogoods_size = 8569
h10.t7.nodes = 10736
h10.t7.propagations = 10736
h10.t14.stop_reason = aborted
h10.t14.restarts = 3
h10.t14.nogoods_size = 8569
h10.t14.nodes = 10644
h10.t14.propagations = 10644
h10.t9.stop_reason = aborted
h10.t9.restarts = 3
h10.t9.nogoods_size = 8569
h10.t9.nodes = 10484
h10.t9.propagations = 10484
h10.t2.stop_reason = aborted
h10.t2.restarts = 3
h10.t2.nogoods_size = 8569
h10.t2.nodes = 13081
h10.t2.propagations = 13081
h10.t17.stop_reason = aborted
h10.t17.restarts = 3
h10.t17.nogoods_size = 8569
h10.t17.nodes = 7286
h10.t17.propagations = 7286
h10.t1.stop_reason = aborted
h10.t1.restarts = 3
h10.t1.nogoods_size = 8569
h10.t1.nodes = 10401
h10.t1.propagations = 10401
h10.t6.stop_reason = aborted
h10.t6.restarts = 3
h10.t6.nogoods_size = 8569
h10.t6.nodes = 10085
h10.t6.propagations = 10085
h10.t11.stop_reason = aborted
h10.t11.restarts = 3
h10.t11.nogoods_size = 8569
h10.t11.nodes = 10058
h10.t11.propagations = 10058
h10.t15.stop_reason = aborted
h10.t15.restarts = 3
h10.t15.nogoods_size = 8569
h10.t15.nodes = 10608
h10.t15.propagations = 10608
h10.t4.stop_reason = aborted
h10.t4.restarts = 3
h10.t4.nogoods_size = 8569
h10.t4.nodes = 10187
h10.t4.propagations = 10187
h10.t13.stop_reason = aborted
h10.t13.restarts = 3
h10.t13.nogoods_size = 8569
h10.t13.nodes = 13002
h10.t13.propagations = 13002
h10.t0.stop_reason = aborted
h10.t0.restarts = 3
h10.t0.nogoods_size = 8569
h10.t0.nodes = 6406
h10.t0.propagations = 6406
h10.t12.stop_reason = aborted
h10.t12.restarts = 3
h10.t12.nogoods_size = 8569
h10.t12.nodes = 10899
h10.t12.propagations = 10899
h10.t16.stop_reason = aborted
h10.t16.restarts = 3
h10.t16.nogoods_size = 8569
h10.t16.nodes = 12095
h10.t16.propagations = 12095
h10.search_time = 276
h10.nodes = 193164
h10.propagations = 877080
h11.t3.stop_reason = aborted
h11.t3.restarts = 3
h11.t3.nogoods_size = 8578
h11.t3.nodes = 11998
h11.t3.propagations = 11998
h11.t5.stop_reason = aborted
h11.t5.restarts = 3
h11.t5.nogoods_size = 8578
h11.t5.nodes = 13040
h11.t5.propagations = 13040
h11.t16.stop_reason = aborted
h11.t16.restarts = 3
h11.t16.nogoods_size = 8578
h11.t16.nodes = 13987
h11.t16.propagations = 13987
h11.t13.stop_reason = aborted
h11.t13.restarts = 3
h11.t13.nogoods_size = 8578
h11.t13.nodes = 11594
h11.t13.propagations = 11594
h11.t7.stop_reason = aborted
h11.t7.restarts = 3
h11.t7.nogoods_size = 8578
h11.t7.nodes = 12639
h11.t7.propagations = 12639
h11.t2.stop_reason = aborted
h11.t2.restarts = 3
h11.t2.nogoods_size = 8578
h11.t2.nodes = 13180
h11.t2.propagations = 13180
h11.t10.stop_reason = aborted
h11.t10.restarts = 3
h11.t10.nogoods_size = 8578
h11.t10.nodes = 13886
h11.t10.propagations = 13886
h11.t4.stop_reason = aborted
h11.t4.restarts = 3
h11.t4.nogoods_size = 8578
h11.t4.nodes = 11043
h11.t4.propagations = 11043
h11.t9.stop_reason = aborted
h11.t9.restarts = 3
h11.t9.nogoods_size = 8578
h11.t9.nodes = 12527
h11.t9.propagations = 12527
h11.t6.stop_reason = aborted
h11.t6.restarts = 3
h11.t6.nogoods_size = 8578
h11.t6.nodes = 12442
h11.t6.propagations = 12442
h11.t14.stop_reason = aborted
h11.t14.restarts = 3
h11.t14.nogoods_size = 8578
h11.t14.nodes = 11183
h11.t14.propagations = 11183
h11.t12.stop_reason = aborted
h11.t12.restarts = 3
h11.t12.nogoods_size = 8578
h11.t12.nodes = 12859
h11.t12.propagations = 12859
h11.t15.stop_reason = aborted
h11.t15.restarts = 3
h11.t15.nogoods_size = 8578
h11.t15.nodes = 12407
h11.t15.propagations = 12407
h11.t8.stop_reason = aborted
h11.t8.restarts = 3
h11.t8.nogoods_size = 8578
h11.t8.nodes = 13041
h11.t8.propagations = 13041
h11.t0.restarts = 3
h11.t0.nogoods_size = 8578
h11.t0.nodes = 7580
h11.t0.propagations = 7580
h11.t11.stop_reason = aborted
h11.t11.restarts = 3
h11.t11.nogoods_size = 8578
h11.t11.nodes = 12491
h11.t11.propagations = 12491
h11.t17.stop_reason = aborted
h11.t17.restarts = 3
h11.t17.nogoods_size = 8578
h11.t17.nodes = 6837
h11.t17.propagations = 6837
h11.t1.stop_reason = unsatisfiable
h11.t1.restarts = 3
h11.t1.nogoods_size = 8578
h11.t1.nodes = 15259
h11.t1.propagations = 15259
h11.search_time = 279
h11.nodes = 217993
h11.propagations = 991164
h12.t16.stop_reason = aborted
h12.t16.restarts = 3
h12.t16.nogoods_size = 8654
h12.t16.nodes = 14357
h12.t16.propagations = 14357
h12.t9.stop_reason = aborted
h12.t9.restarts = 3
h12.t9.nogoods_size = 8654
h12.t9.nodes = 14330
h12.t9.propagations = 14330
h12.t5.stop_reason = aborted
h12.t5.restarts = 3
h12.t5.nogoods_size = 8654
h12.t5.nodes = 16669
h12.t5.propagations = 16669
h12.t3.stop_reason = aborted
h12.t3.restarts = 3
h12.t3.nogoods_size = 8654
h12.t3.nodes = 17233
h12.t3.propagations = 17233
h12.t10.stop_reason = aborted
h12.t10.restarts = 3
h12.t10.nogoods_size = 8654
h12.t10.nodes = 15413
h12.t10.propagations = 15413
h12.t2.stop_reason = unsatisfiable
h12.t2.restarts = 3
h12.t2.nogoods_size = 8654
h12.t2.nodes = 16316
h12.t2.propagations = 16316
h12.t11.stop_reason = aborted
h12.t11.restarts = 3
h12.t11.nogoods_size = 8654
h12.t11.nodes = 17186
h12.t11.propagations = 17186
h12.t4.stop_reason = aborted
h12.t4.restarts = 3
h12.t4.nogoods_size = 8654
h12.t4.nodes = 16107
h12.t4.propagations = 16107
h12.t17.stop_reason = aborted
h12.t17.restarts = 3
h12.t17.nogoods_size = 8654
h12.t17.nodes = 8444
h12.t17.propagations = 8444
h12.t6.stop_reason = unsatisfiable
h12.t6.restarts = 3
h12.t6.nogoods_size = 8654
h12.t6.nodes = 15736
h12.t6.propagations = 15736
h12.t1.stop_reason = aborted
h12.t1.restarts = 3
h12.t1.nogoods_size = 8654
h12.t1.nodes = 17403
h12.t1.propagations = 17403
h12.t12.stop_reason = aborted
h12.t12.restarts = 3
h12.t12.nogoods_size = 8654
h12.t12.nodes = 16065
h12.t12.propagations = 16065
h12.t15.stop_reason = unsatisfiable
h12.t15.restarts = 3
h12.t15.nogoods_size = 8654
h12.t15.nodes = 17056
h12.t15.propagations = 17056
h12.t0.stop_reason = aborted
h12.t0.restarts = 3
h12.t0.nogoods_size = 8654
h12.t0.nodes = 6906
h12.t0.propagations = 6906
h12.t13.stop_reason = aborted
h12.t13.restarts = 3
h12.t13.nogoods_size = 8654
h12.t13.nodes = 17098
h12.t13.propagations = 17098
h12.t14.stop_reason = aborted
h12.t14.restarts = 3
h12.t14.nogoods_size = 8654
h12.t14.nodes = 16607
h12.t14.propagations = 16607
h12.t7.stop_reason = aborted
h12.t7.restarts = 3
h12.t7.nogoods_size = 8654
h12.t7.nodes = 16384
h12.t7.propagations = 16384
h12.t8.stop_reason = unsatisfiable
h12.t8.restarts = 3
h12.t8.nogoods_size = 8654
h12.t8.nodes = 15741
h12.t8.propagations = 15741
h12.search_time = 282
h12.nodes = 275051
h12.propagations = 1247931
h13.t17.stop_reason = aborted
h13.t17.restarts = 3
h13.t17.nogoods_size = 8604
h13.t17.nodes = 8719
h13.t17.propagations = 8719
h13.t12.stop_reason = unsatisfiable
h13.t12.restarts = 3
h13.t12.nogoods_size = 8604
h13.t12.nodes = 17175
h13.t12.propagations = 17175
h13.t0.stop_reason = aborted
h13.t0.restarts = 3
h13.t0.nogoods_size = 8604
h13.t0.nodes = 7578
h13.t0.propagations = 7578
h13.t8.stop_reason = aborted
h13.t8.restarts = 3
h13.t8.nogoods_size = 8604
h13.t8.nodes = 17392
h13.t8.propagations = 17392
h13.t7.stop_reason = aborted
h13.t7.restarts = 3
h13.t7.nogoods_size = 8604
h13.t7.nodes = 16235
h13.t7.propagations = 16235
h13.t3.stop_reason = aborted
h13.t3.restarts = 3
h13.t3.nogoods_size = 8604
h13.t3.nodes = 17085
h13.t3.propagations = 17085
h13.t10.stop_reason = aborted
h13.t10.restarts = 3
h13.t10.nogoods_size = 8604
h13.t10.nodes = 14926
h13.t10.propagations = 14926
h13.t15.stop_reason = aborted
h13.t15.restarts = 3
h13.t15.nogoods_size = 8604
h13.t15.nodes = 17541
h13.t15.propagations = 17541
h13.t16.stop_reason = aborted
h13.t16.restarts = 3
h13.t16.nogoods_size = 8604
h13.t16.nodes = 15887
h13.t16.propagations = 15887
h13.t9.stop_reason = aborted
h13.t9.restarts = 3
h13.t9.nogoods_size = 8604
h13.t9.nodes = 17795
h13.t9.propagations = 17795
h13.t1.stop_reason = aborted
h13.t1.restarts = 3
h13.t1.nogoods_size = 8604
h13.t1.nodes = 16836
h13.t1.propagations = 16836
h13.t2.stop_reason = aborted
h13.t2.restarts = 3
h13.t2.nogoods_size = 8604
h13.t2.nodes = 15978
h13.t2.propagations = 15978
h13.t4.stop_reason = aborted
h13.t4.restarts = 3
h13.t4.nogoods_size = 8604
h13.t4.nodes = 15826
h13.t4.propagations = 15826
h13.t14.stop_reason = unsatisfiable
h13.t14.restarts = 3
h13.t14.nogoods_size = 8604
h13.t14.nodes = 17426
h13.t14.propagations = 17426
h13.t13.stop_reason = unsatisfiable
h13.t13.restarts = 3
h13.t13.nogoods_size = 8604
h13.t13.nodes = 16674
h13.t13.propagations = 16674
h13.t6.stop_reason = aborted
h13.t6.restarts = 3
h13.t6.nogoods_size = 8604
h13.t6.nodes = 14644
h13.t6.propagations = 14644
h13.t11.stop_reason = aborted
h13.t11.restarts = 3
h13.t11.nogoods_size = 8604
h13.t11.nodes = 16607
h13.t11.propagations = 16607
h13.t5.stop_reason = unsatisfiable
h13.t5.restarts = 3
h13.t5.nogoods_size = 8604
h13.t5.nodes = 14818
h13.t5.propagations = 14818
h13.search_time = 282
h13.nodes = 279142
h13.propagations = 1281507
h14.t13.stop_reason = unsatisfiable
h14.t13.restarts = 3
h14.t13.nogoods_size = 8563
h14.t13.nodes = 13722
h14.t13.propagations = 13722
h14.t8.stop_reason = aborted
h14.t8.restarts = 3
h14.t8.nogoods_size = 8563
h14.t8.nodes = 10702
h14.t8.propagations = 10702
h14.t5.stop_reason = aborted
h14.t5.restarts = 3
h14.t5.nogoods_size = 8563
h14.t5.nodes = 11342
h14.t5.propagations = 11342
h14.t15.stop_reason = unsatisfiable
h14.t15.restarts = 3
h14.t15.nogoods_size = 8563
h14.t15.nodes = 13204
h14.t15.propagations = 13204
h14.t1.stop_reason = aborted
h14.t1.restarts = 3
h14.t1.nogoods_size = 8563
h14.t1.nodes = 9200
h14.t1.propagations = 9200
h14.t17.stop_reason = aborted
h14.t17.restarts = 3
h14.t17.nogoods_size = 8563
h14.t17.nodes = 6333
h14.t17.propagations = 6333
h14.t2.stop_reason = aborted
h14.t2.restarts = 3
h14.t2.nogoods_size = 8563
h14.t2.nodes = 12005
h14.t2.propagations = 12005
h14.t9.stop_reason = aborted
h14.t9.restarts = 3
h14.t9.nogoods_size = 8563
h14.t9.nodes = 10517
h14.t9.propagations = 10517
h14.t12.stop_reason = aborted
h14.t12.restarts = 3
h14.t12.nogoods_size = 8563
h14.t12.nodes = 10936
h14.t12.propagations = 10936
h14.t16.stop_reason = aborted
h14.t16.restarts = 3
h14.t16.nogoods_size = 8563
h14.t16.nodes = 12895
h14.t16.propagations = 12895
h14.t7.stop_reason = aborted
h14.t7.restarts = 3
h14.t7.nogoods_size = 8563
h14.t7.nodes = 11218
h14.t7.propagations = 11218
h14.t14.stop_reason = aborted
h14.t14.restarts = 3
h14.t14.nogoods_size = 8563
h14.t14.nodes = 10571
h14.t14.propagations = 10571
h14.t10.stop_reason = aborted
h14.t10.restarts = 3
h14.t10.nogoods_size = 8563
h14.t10.nodes = 11019
h14.t10.propagations = 11019
h14.t4.stop_reason = aborted
h14.t4.restarts = 3
h14.t4.nogoods_size = 8563
h14.t4.nodes = 13427
h14.t4.propagations = 13427
h14.t11.stop_reason = aborted
h14.t11.restarts = 3
h14.t11.nogoods_size = 8563
h14.t11.nodes = 10710
h14.t11.propagations = 10710
h14.t3.stop_reason = aborted
h14.t3.restarts = 3
h14.t3.nogoods_size = 8563
h14.t3.nodes = 10209
h14.t3.propagations = 10209
h14.t6.stop_reason = unsatisfiable
h14.t6.restarts = 3
h14.t6.nogoods_size = 8563
h14.t6.nodes = 14420
h14.t6.propagations = 14420
h14.t0.stop_reason = aborted
h14.t0.restarts = 3
h14.t0.nogoods_size = 8563
h14.t0.nodes = 6279
h14.t0.propagations = 6279
h14.search_time = 275
h14.nodes = 198709
h14.propagations = 897283
h15.t1.stop_reason = unsatisfiable
h15.t1.restarts = 3
h15.t1.nogoods_size = 8633
h15.t1.nodes = 14305
h15.t1.propagations = 14305
h15.t8.stop_reason = aborted
h15.t8.restarts = 3
h15.t8.nogoods_size = 8633
h15.t8.nodes = 12672
h15.t8.propagations = 12672
h15.t4.stop_reason = aborted
h15.t4.restarts = 3
h15.t4.nogoods_size = 8633
h15.t4.nodes = 11277
h15.t4.propagations = 11277
h15.t2.stop_reason = aborted
h15.t2.restarts = 3
h15.t2.nogoods_size = 8633
h15.t2.nodes = 11388
h15.t2.propagations = 11388
h15.t14.stop_reason = aborted
h15.t14.restarts = 3
h15.t14.nogoods_size = 8633
h15.t14.nodes = 12060
h15.t14.propagations = 12060
h15.t6.stop_reason = aborted
h15.t6.restarts = 3
h15.t6.nogoods_size = 8633
h15.t6.nodes = 12334
h15.t6.propagations = 12334
h15.t12.stop_reason = aborted
h15.t12.restarts = 3
h15.t12.nogoods_size = 8633
h15.t12.nodes = 12589
h15.t12.propagations = 12589
h15.t7.stop_reason = aborted
h15.t7.restarts = 3
h15.t7.nogoods_size = 8633
h15.t7.nodes = 14070
h15.t7.propagations = 14070
h15.t3.stop_reason = aborted
h15.t3.restarts = 3
h15.t3.nogoods_size = 8633
h15.t3.nodes = 13760
h15.t3.propagations = 13760
h15.t15.stop_reason = aborted
h15.t15.restarts = 3
h15.t15.nogoods_size = 8633
h15.t15.nodes = 10931
h15.t15.propagations = 10931
h15.t13.stop_reason = aborted
h15.t13.restarts = 3
h15.t13.nogoods_size = 8633
h15.t13.nodes = 12871
h15.t13.propagations = 12871
h15.t5.stop_reason = aborted
h15.t5.restarts = 3
h15.t5.nogoods_size = 8633
h15.t5.nodes = 12816
h15.t5.propagations = 12816
h15.t16.stop_reason = aborted
h15.t16.restarts = 3
h15.t16.nogoods_size = 8633
h15.t16.nodes = 14536
h15.t16.propagations = 14536
h15.t11.stop_reason = aborted
h15.t11.restarts = 3
h15.t11.nogoods_size = 8633
h15.t11.nodes = 12584
h15.t11.propagations = 12584
h15.t9.stop_reason = aborted
h15.t9.restarts = 3
h15.t9.nogoods_size = 8633
h15.t9.nodes = 14116
h15.t9.propagations = 14116
h15.t17.stop_reason = aborted
h15.t17.restarts = 3
h15.t17.nogoods_size = 8633
h15.t17.nodes = 7500
h15.t17.propagations = 7500
h15.t10.stop_reason = aborted
h15.t10.restarts = 3
h15.t10.nogoods_size = 8633
h15.t10.nodes = 12453
h15.t10.propagations = 12453
h15.t0.stop_reason = aborted
h15.t0.restarts = 3
h15.t0.nogoods_size = 8633
h15.t0.nodes = 7729
h15.t0.propagations = 7729
h15.search_time = 281
h15.nodes = 219991
h15.propagations = 998633
h16.t1.stop_reason = aborted
h16.t1.restarts = 3
h16.t1.nogoods_size = 8615
h16.t1.nodes = 11525
h16.t1.propagations = 11525
h16.t8.stop_reason = aborted
h16.t8.restarts = 3
h16.t8.nogoods_size = 8615
h16.t8.nodes = 9669
h16.t8.propagations = 9669
h16.t10.stop_reason = aborted
h16.t10.restarts = 3
h16.t10.nogoods_size = 8615
h16.t10.nodes = 11445
h16.t10.propagations = 11445
h16.t15.stop_reason = unsatisfiable
h16.t15.restarts = 3
h16.t15.nogoods_size = 8615
h16.t15.nodes = 16925
h16.t15.propagations = 16925
h16.t2.stop_reason = aborted
h16.t2.restarts = 3
h16.t2.nogoods_size = 8615
h16.t2.nodes = 8995
h16.t2.propagations = 8995
h16.t11.stop_reason = aborted
h16.t11.restarts = 3
h16.t11.nogoods_size = 8615
h16.t11.nodes = 8842
h16.t11.propagations = 8842
h16.t4.stop_reason = aborted
h16.t4.restarts = 3
h16.t4.nogoods_size = 8615
h16.t4.nodes = 9429
h16.t4.propagations = 9429
h16.t14.stop_reason = aborted
h16.t14.restarts = 3
h16.t14.nogoods_size = 8615
h16.t14.nodes = 10481
h16.t14.propagations = 10481
h16.t12.stop_reason = aborted
h16.t12.restarts = 3
h16.t12.nogoods_size = 8615
h16.t12.nodes = 11187
h16.t12.propagations = 11187
h16.t7.stop_reason = aborted
h16.t7.restarts = 3
h16.t7.nogoods_size = 8615
h16.t7.nodes = 10608
h16.t7.propagations = 10608
h16.t13.stop_reason = aborted
h16.t13.restarts = 3
h16.t13.nogoods_size = 8615
h16.t13.nodes = 10421
h16.t13.propagations = 10421
h16.t17.stop_reason = aborted
h16.t17.restarts = 3
h16.t17.nogoods_size = 8615
h16.t17.nodes = 7104
h16.t17.propagations = 7104
h16.t5.stop_reason = aborted
h16.t5.restarts = 3
h16.t5.nogoods_size = 8615
h16.t5.nodes = 10502
h16.t5.propagations = 10502
h16.t16.stop_reason = aborted
h16.t16.restarts = 3
h16.t16.nogoods_size = 8615
h16.t16.nodes = 12056
h16.t16.propagations = 12056
h16.t9.stop_reason = aborted
h16.t9.restarts = 3
h16.t9.nogoods_size = 8615
h16.t9.nodes = 10432
h16.t9.propagations = 10432
h16.t0.stop_reason = aborted
h16.t0.restarts = 3
h16.t0.nogoods_size = 8615
h16.t0.nodes = 6257
h16.t0.propagations = 6257
h16.t6.stop_reason = aborted
h16.t6.restarts = 3
h16.t6.nogoods_size = 8615
h16.t6.nodes = 11208
h16.t6.propagations = 11208
h16.t3.stop_reason = aborted
h16.t3.restarts = 3
h16.t3.nogoods_size = 8615
h16.t3.nodes = 11907
h16.t3.propagations = 11907
h16.search_time = 278
h16.nodes = 188993
h16.propagations = 877450
h17.t1.stop_reason = unsatisfiable
h17.t1.restarts = 3
h17.t1.nogoods_size = 8560
h17.t1.nodes = 11552
h17.t1.propagations = 11552
h17.t3.stop_reason = aborted
h17.t3.restarts = 3
h17.t3.nogoods_size = 8560
h17.t3.nodes = 10522
h17.t3.propagations = 10522
h17.t6.stop_reason = aborted
h17.t6.restarts = 3
h17.t6.nogoods_size = 8560
h17.t6.nodes = 10533
h17.t6.propagations = 10533
h17.t10.stop_reason = aborted
h17.t10.restarts = 3
h17.t10.nogoods_size = 8560
h17.t10.nodes = 10717
h17.t10.propagations = 10717
h17.t16.stop_reason = aborted
h17.t16.restarts = 3
h17.t16.nogoods_size = 8560
h17.t16.nodes = 13306
h17.t16.propagations = 13306
h17.t8.stop_reason = aborted
h17.t8.restarts = 3
h17.t8.nogoods_size = 8560
h17.t8.nodes = 10330
h17.t8.propagations = 10330
h17.t13.stop_reason = aborted
h17.t13.restarts = 3
h17.t13.nogoods_size = 8560
h17.t13.nodes = 9722
h17.t13.propagations = 9722
h17.t14.stop_reason = aborted
h17.t14.restarts = 3
h17.t14.nogoods_size = 8560
h17.t14.nodes = 10950
h17.t14.propagations = 10950
h17.t9.stop_reason = aborted
h17.t9.restarts = 3
h17.t9.nogoods_size = 8560
h17.t9.nodes = 10983
h17.t9.propagations = 10983
h17.t4.stop_reason = aborted
h17.t4.restarts = 3
h17.t4.nogoods_size = 8560
h17.t4.nodes = 11192
h17.t4.propagations = 11192
h17.t11.stop_reason = aborted
h17.t11.restarts = 3
h17.t11.nogoods_size = 8560
h17.t11.nodes = 8968
h17.t11.propagations = 8968
h17.t5.stop_reason = aborted
h17.t5.restarts = 3
h17.t5.nogoods_size = 8560
h17.t5.nodes = 10356
h17.t5.propagations = 10356
h17.t12.stop_reason = aborted
h17.t12.restarts = 3
h17.t12.nogoods_size = 8560
h17.t12.nodes = 10398
h17.t12.propagations = 10398
h17.t7.stop_reason = aborted
h17.t7.restarts = 3
h17.t7.nogoods_size = 8560
h17.t7.nodes = 10209
h17.t7.propagations = 10209
h17.t2.stop_reason = aborted
h17.t2.restarts = 3
h17.t2.nogoods_size = 8560
h17.t2.nodes = 10541
h17.t2.propagations = 10541
h17.t0.stop_reason = aborted
h17.t0.restarts = 3
h17.t0.nogoods_size = 8560
h17.t0.nodes = 5168
h17.t0.propagations = 5168
h17.t15.stop_reason = aborted
h17.t15.restarts = 3
h17.t15.nogoods_size = 8560
h17.t15.nodes = 10118
h17.t15.propagations = 10118
h17.t17.stop_reason = aborted
h17.t17.restarts = 3
h17.t17.nogoods_size = 8560
h17.t17.nodes = 6752
h17.t17.propagations = 6752
h17.search_time = 280
h17.nodes = 182317
h17.propagations = 848119
h18.t5.stop_reason = aborted
h18.t5.restarts = 3
h18.t5.nogoods_size = 8613
h18.t5.nodes = 13071
h18.t5.propagations = 13071
h18.t7.stop_reason = aborted
h18.t7.restarts = 3
h18.t7.nogoods_size = 8613
h18.t7.nodes = 11637
h18.t7.propagations = 11637
h18.t6.stop_reason = unsatisfiable
h18.t6.restarts = 3
h18.t6.nogoods_size = 8613
h18.t6.nodes = 12900
h18.t6.propagations = 12900
h18.t1.stop_reason = aborted
h18.t1.restarts = 3
h18.t1.nogoods_size = 8613
h18.t1.nodes = 13681
h18.t1.propagations = 13681
h18.t16.stop_reason = aborted
h18.t16.restarts = 3
h18.t16.nogoods_size = 8613
h18.t16.nodes = 11651
h18.t16.propagations = 11651
h18.t9.stop_reason = aborted
h18.t9.restarts = 3
h18.t9.nogoods_size = 8613
h18.t9.nodes = 13037
h18.t9.propagations = 13037
h18.t4.stop_reason = aborted
h18.t4.restarts = 3
h18.t4.nogoods_size = 8613
h18.t4.nodes = 10954
h18.t4.propagations = 10954
h18.t12.stop_reason = aborted
h18.t12.restarts = 3
h18.t12.nogoods_size = 8613
h18.t12.nodes = 12585
h18.t12.propagations = 12585
h18.t11.stop_reason = aborted
h18.t11.restarts = 3
h18.t11.nogoods_size = 8613
h18.t11.nodes = 12893
h18.t11.propagations = 12893
h18.t13.stop_reason = aborted
h18.t13.restarts = 3
h18.t13.nogoods_size = 8613
h18.t13.nodes = 11961
h18.t13.propagations = 11961
h18.t3.stop_reason = aborted
h18.t3.restarts = 3
h18.t3.nogoods_size = 8613
h18.t3.nodes = 12316
h18.t3.propagations = 12316
h18.t14.stop_reason = aborted
h18.t14.restarts = 3
h18.t14.nogoods_size = 8613
h18.t14.nodes = 12687
h18.t14.propagations = 12687
h18.t2.stop_reason = aborted
h18.t2.restarts = 3
h18.t2.nogoods_size = 8613
h18.t2.nodes = 13163
h18.t2.propagations = 13163
h18.t10.stop_reason = aborted
h18.t10.restarts = 3
h18.t10.nogoods_size = 8613
h18.t10.nodes = 11219
h18.t10.propagations = 11219
h18.t15.stop_reason = aborted
h18.t15.restarts = 3
h18.t15.nogoods_size = 8613
h18.t15.nodes = 13058
h18.t15.propagations = 13058
h18.t17.stop_reason = aborted
h18.t17.restarts = 3
h18.t17.nogoods_size = 8613
h18.t17.nodes = 6998
h18.t17.propagations = 6998
h18.t0.stop_reason = aborted
h18.t0.restarts = 3
h18.t0.nogoods_size = 8613
h18.t0.nodes = 7653
h18.t0.propagations = 7653
h18.t8.stop_reason = aborted
h18.t8.restarts = 3
h18.t8.nogoods_size = 8613
h18.t8.nodes = 12917
h18.t8.propagations = 12917
h18.search_time = 322
h18.nodes = 214381
h18.propagations = 987307
h19.t11.stop_reason = aborted
h19.t11.restarts = 3
h19.t11.nogoods_size = 8545
h19.t11.nodes = 12298
h19.t11.propagations = 12298
h19.t4.stop_reason = aborted
h19.t4.restarts = 3
h19.t4.nogoods_size = 8545
h19.t4.nodes = 13258
h19.t4.propagations = 13258
h19.t14.stop_reason = aborted
h19.t14.restarts = 3
h19.t14.nogoods_size = 8545
h19.t14.nodes = 11293
h19.t14.propagations = 11293
h19.t1.stop_reason = aborted
h19.t1.restarts = 3
h19.t1.nogoods_size = 8545
h19.t1.nodes = 13278
h19.t1.propagations = 13278
h19.t17.stop_reason = aborted
h19.t17.restarts = 3
h19.t17.nogoods_size = 8545
h19.t17.nodes = 7205
h19.t17.propagations = 7205
h19.t9.stop_reason = aborted
h19.t9.restarts = 3
h19.t9.nogoods_size = 8545
h19.t9.nodes = 12604
h19.t9.propagations = 12604
h19.t5.stop_reason = aborted
h19.t5.restarts = 3
h19.t5.nogoods_size = 8545
h19.t5.nodes = 10518
h19.t5.propagations = 10518
h19.t3.stop_reason = aborted
h19.t3.restarts = 3
h19.t3.nogoods_size = 8545
h19.t3.nodes = 12169
h19.t3.propagations = 12169
h19.t8.stop_reason = aborted
h19.t8.restarts = 3
h19.t8.nogoods_size = 8545
h19.t8.nodes = 12027
h19.t8.propagations = 12027
h19.t6.stop_reason = aborted
h19.t6.restarts = 3
h19.t6.nogoods_size = 8545
h19.t6.nodes = 10996
h19.t6.propagations = 10996
h19.t10.stop_reason = aborted
h19.t10.restarts = 3
h19.t10.nogoods_size = 8545
h19.t10.nodes = 11241
h19.t10.propagations = 11241
h19.t16.stop_reason = aborted
h19.t16.restarts = 3
h19.t16.nogoods_size = 8545
h19.t16.nodes = 14842
h19.t16.propagations = 14842
h19.t7.stop_reason = aborted
h19.t7.restarts = 3
h19.t7.nogoods_size = 8545
h19.t7.nodes = 12380
h19.t7.propagations = 12380
h19.t13.stop_reason = aborted
h19.t13.restarts = 3
h19.t13.nogoods_size = 8545
h19.t13.nodes = 10493
h19.t13.propagations = 10493
h19.t15.stop_reason = aborted
h19.t15.restarts = 3
h19.t15.nogoods_size = 8545
h19.t15.nodes = 12823
h19.t15.propagations = 12823
h19.t2.stop_reason = unsatisfiable
h19.t2.restarts = 3
h19.t2.nogoods_size = 8545
h19.t2.nodes = 12937
h19.t2.propagations = 12937
h19.t12.stop_reason = aborted
h19.t12.restarts = 3
h19.t12.nogoods_size = 8545
h19.t12.nodes = 11855
h19.t12.propagations = 11855
h19.t0.stop_reason = aborted
h19.t0.restarts = 3
h19.t0.nogoods_size = 8545
h19.t0.nodes = 6292
h19.t0.propagations = 6292
h19.search_time = 322
h19.nodes = 208509
h19.propagations = 965758
