hostname = r1i1n32
commandline = ../glasgow/mpi_solve_subgraph_isomorphism --timeout 1000 --format lad --geometric-restarts=1.0 --restarts-constant=100000 --restart-timer=100 --triggered-restarts --threads 18 --value-ordering=biased ../instances/LV/g19 ../instances/LV/g43
started_at = 2018-11-24 16:52:35
pattern_file = ../instances/LV/g19
target_file = ../instances/LV/g43
status = aborted
nodes = 809389112
propagations = 3849795666
runtime = 1033766
h0.t9.stop_reason = aborted
h0.t9.restarts = 2405
h0.t9.nogoods_size = 7886139
h0.t9.nodes = 2346315
h0.t9.propagations = 2346315
h0.t4.stop_reason = aborted
h0.t4.restarts = 2405
h0.t4.nogoods_size = 7886139
h0.t4.nodes = 2447903
h0.t4.propagations = 2447903
h0.t6.stop_reason = aborted
h0.t6.restarts = 2405
h0.t6.nogoods_size = 7886139
h0.t6.nodes = 2357793
h0.t6.propagations = 2357793
h0.t14.stop_reason = aborted
h0.t14.restarts = 2405
h0.t14.nogoods_size = 7886139
h0.t14.nodes = 2201618
h0.t14.propagations = 2201618
h0.t11.stop_reason = aborted
h0.t11.restarts = 2405
h0.t11.nogoods_size = 7886139
h0.t11.nodes = 2364995
h0.t11.propagations = 2364995
h0.t2.stop_reason = aborted
h0.t2.restarts = 2405
h0.t2.nogoods_size = 7886139
h0.t2.nodes = 2400732
h0.t2.propagations = 2400732
h0.t16.stop_reason = aborted
h0.t16.restarts = 2405
h0.t16.nogoods_size = 7886139
h0.t16.nodes = 2308953
h0.t16.propagations = 2308953
h0.t10.stop_reason = aborted
h0.t10.restarts = 2405
h0.t10.nogoods_size = 7886139
h0.t10.nodes = 2472861
h0.t10.propagations = 2472861
h0.t15.stop_reason = aborted
h0.t15.restarts = 2405
h0.t15.nogoods_size = 7886139
h0.t15.nodes = 2292517
h0.t15.propagations = 2292517
h0.t7.stop_reason = aborted
h0.t7.restarts = 2405
h0.t7.nogoods_size = 7886139
h0.t7.nodes = 2448653
h0.t7.propagations = 2448653
h0.t3.stop_reason = aborted
h0.t3.restarts = 2405
h0.t3.nogoods_size = 7886139
h0.t3.nodes = 2302574
h0.t3.propagations = 2302574
h0.t12.stop_reason = aborted
h0.t12.restarts = 2405
h0.t12.nogoods_size = 7886139
h0.t12.nodes = 2376433
h0.t12.propagations = 2376433
h0.t13.stop_reason = aborted
h0.t13.restarts = 2405
h0.t13.nogoods_size = 7886139
h0.t13.nodes = 2371318
h0.t13.propagations = 2371318
h0.t1.stop_reason = aborted
h0.t1.restarts = 2405
h0.t1.nogoods_size = 7886139
h0.t1.nodes = 2412597
h0.t1.propagations = 2412597
h0.t5.stop_reason = aborted
h0.t5.restarts = 2405
h0.t5.nogoods_size = 7886139
h0.t5.nodes = 2353370
h0.t5.propagations = 2353370
h0.t8.stop_reason = aborted
h0.t8.restarts = 2405
h0.t8.nogoods_size = 7886139
h0.t8.nodes = 2522965
h0.t8.propagations = 2522965
h0.t0.stop_reason = aborted
h0.t0.restarts = 2405
h0.t0.nogoods_size = 7886139
h0.t0.nodes = 633873
h0.t0.propagations = 633873
h0.t17.stop_reason = aborted
h0.t17.restarts = 2405
h0.t17.nogoods_size = 7886139
h0.t17.nodes = 964418
h0.t17.propagations = 964418
h0.search_time = 1000194
h0.nodes = 39579888
h0.propagations = 187845759
h1.t13.stop_reason = aborted
h1.t13.restarts = 2405
h1.t13.nogoods_size = 7887491
h1.t13.nodes = 2429784
h1.t13.propagations = 2429784
h1.t5.stop_reason = aborted
h1.t5.restarts = 2405
h1.t5.nogoods_size = 7887491
h1.t5.nodes = 2570431
h1.t5.propagations = 2570431
h1.t7.stop_reason = aborted
h1.t7.restarts = 2405
h1.t7.nogoods_size = 7887491
h1.t7.nodes = 2552227
h1.t7.propagations = 2552227
h1.t10.stop_reason = aborted
h1.t10.restarts = 2405
h1.t10.nogoods_size = 7887491
h1.t10.nodes = 2414483
h1.t10.propagations = 2414483
h1.t4.stop_reason = aborted
h1.t4.restarts = 2405
h1.t4.nogoods_size = 7887491
h1.t4.nodes = 2282105
h1.t4.propagations = 2282105
h1.t16.stop_reason = aborted
h1.t16.restarts = 2405
h1.t16.nogoods_size = 7887491
h1.t16.nodes = 2287290
h1.t16.propagations = 2287290
h1.t2.stop_reason = aborted
h1.t2.restarts = 2405
h1.t2.nogoods_size = 7887491
h1.t2.nodes = 2887280
h1.t2.propagations = 2887280
h1.t3.stop_reason = aborted
h1.t3.restarts = 2405
h1.t3.nogoods_size = 7887491
h1.t3.nodes = 2367503
h1.t3.propagations = 2367503
h1.t8.stop_reason = aborted
h1.t8.restarts = 2405
h1.t8.nogoods_size = 7887491
h1.t8.nodes = 2412156
h1.t8.propagations = 2412156
h1.t0.stop_reason = aborted
h1.t0.restarts = 2405
h1.t0.nogoods_size = 7887491
h1.t0.nodes = 659021
h1.t0.propagations = 659021
h1.t11.stop_reason = aborted
h1.t11.restarts = 2405
h1.t11.nogoods_size = 7887491
h1.t11.nodes = 2410528
h1.t11.propagations = 2410528
h1.t17.stop_reason = aborted
h1.t17.restarts = 2405
h1.t17.nogoods_size = 7887491
h1.t17.nodes = 942489
h1.t17.propagations = 942489
h1.t12.stop_reason = aborted
h1.t12.restarts = 2405
h1.t12.nogoods_size = 7887491
h1.t12.nodes = 2461811
h1.t12.propagations = 2461811
h1.t9.stop_reason = aborted
h1.t9.restarts = 2405
h1.t9.nogoods_size = 7887491
h1.t9.nodes = 2397333
h1.t9.propagations = 2397333
h1.t1.stop_reason = aborted
h1.t1.restarts = 2405
h1.t1.nogoods_size = 7887491
h1.t1.nodes = 2400844
h1.t1.propagations = 2400844
h1.t14.stop_reason = aborted
h1.t14.restarts = 2405
h1.t14.nogoods_size = 7887491
h1.t14.nodes = 2329542
h1.t14.propagations = 2329542
h1.t6.stop_reason = aborted
h1.t6.restarts = 2405
h1.t6.nogoods_size = 7887491
h1.t6.nodes = 2608946
h1.t6.propagations = 2608946
h1.t15.stop_reason = aborted
h1.t15.restarts = 2405
h1.t15.nogoods_size = 7887491
h1.t15.nodes = 2358562
h1.t15.propagations = 2358562
h1.search_time = 1000195
h1.nodes = 40772335
h1.propagations = 193845090
h2.t8.stop_reason = aborted
h2.t8.restarts = 2405
h2.t8.nogoods_size = 7886585
h2.t8.nodes = 2505135
h2.t8.propagations = 2505135
h2.t13.stop_reason = aborted
h2.t13.restarts = 2405
h2.t13.nogoods_size = 7886585
h2.t13.nodes = 2490895
h2.t13.propagations = 2490895
h2.t4.stop_reason = aborted
h2.t4.restarts = 2405
h2.t4.nogoods_size = 7886585
h2.t4.nodes = 2352054
h2.t4.propagations = 2352054
h2.t1.stop_reason = aborted
h2.t1.restarts = 2405
h2.t1.nogoods_size = 7886585
h2.t1.nodes = 2638208
h2.t1.propagations = 2638208
h2.t2.stop_reason = aborted
h2.t2.restarts = 2405
h2.t2.nogoods_size = 7886585
h2.t2.nodes = 2467598
h2.t2.propagations = 2467598
h2.t14.stop_reason = aborted
h2.t14.restarts = 2405
h2.t14.nogoods_size = 7886585
h2.t14.nodes = 2321833
h2.t14.propagations = 2321833
h2.t9.stop_reason = aborted
h2.t9.restarts = 2405
h2.t9.nogoods_size = 7886585
h2.t9.nodes = 2481242
h2.t9.propagations = 2481242
h2.t17.stop_reason = aborted
h2.t17.restarts = 2405
h2.t17.nogoods_size = 7886585
h2.t17.nodes = 1018319
h2.t17.propagations = 1018319
h2.t7.stop_reason = aborted
h2.t7.restarts = 2405
h2.t7.nogoods_size = 7886585
h2.t7.nodes = 2429598
h2.t7.propagations = 2429598
h2.t5.stop_reason = aborted
h2.t5.restarts = 2405
h2.t5.nogoods_size = 7886585
h2.t5.nodes = 2396195
h2.t5.propagations = 2396195
h2.t10.stop_reason = aborted
h2.t10.restarts = 2405
h2.t10.nogoods_size = 7886585
h2.t10.nodes = 2415342
h2.t10.propagations = 2415342
h2.t16.stop_reason = aborted
h2.t16.restarts = 2405
h2.t16.nogoods_size = 7886585
h2.t16.nodes = 2443986
h2.t16.propagations = 2443986
h2.t11.stop_reason = aborted
h2.t11.restarts = 2405
h2.t11.nogoods_size = 7886585
h2.t11.nodes = 2428064
h2.t11.propagations = 2428064
h2.t3.stop_reason = aborted
h2.t3.restarts = 2405
h2.t3.nogoods_size = 7886585
h2.t3.nodes = 2370756
h2.t3.propagations = 2370756
h2.t12.stop_reason = aborted
h2.t12.restarts = 2405
h2.t12.nogoods_size = 7886585
h2.t12.nodes = 2337153
h2.t12.propagations = 2337153
h2.t15.stop_reason = aborted
h2.t15.restarts = 2405
h2.t15.nogoods_size = 7886585
h2.t15.nodes = 2434895
h2.t15.propagations = 2434895
h2.t6.stop_reason = aborted
h2.t6.restarts = 2405
h2.t6.nogoods_size = 7886585
h2.t6.nodes = 2506447
h2.t6.propagations = 2506447
h2.t0.stop_reason = aborted
h2.t0.restarts = 2405
h2.t0.nogoods_size = 7886585
h2.t0.nodes = 593262
h2.t0.propagations = 593262
h2.search_time = 1000191
h2.nodes = 40630982
h2.propagations = 193406398
h3.t13.stop_reason = aborted
h3.t13.restarts = 2405
h3.t13.nogoods_size = 7884042
h3.t13.nodes = 2408366
h3.t13.propagations = 2408366
h3.t3.stop_reason = aborted
h3.t3.restarts = 2405
h3.t3.nogoods_size = 7884042
h3.t3.nodes = 2341131
h3.t3.propagations = 2341131
h3.t8.stop_reason = aborted
h3.t8.restarts = 2405
h3.t8.nogoods_size = 7884042
h3.t8.nodes = 2377108
h3.t8.propagations = 2377108
h3.t16.stop_reason = aborted
h3.t16.restarts = 2405
h3.t16.nogoods_size = 7884042
h3.t16.nodes = 2378321
h3.t16.propagations = 2378321
h3.t17.stop_reason = aborted
h3.t17.restarts = 2405
h3.t17.nogoods_size = 7884042
h3.t17.nodes = 1038554
h3.t17.propagations = 1038554
h3.t1.stop_reason = aborted
h3.t1.restarts = 2405
h3.t1.nogoods_size = 7884042
h3.t1.nodes = 2334459
h3.t1.propagations = 2334459
h3.t11.stop_reason = aborted
h3.t11.restarts = 2405
h3.t11.nogoods_size = 7884042
h3.t11.nodes = 2455718
h3.t11.propagations = 2455718
h3.t6.stop_reason = aborted
h3.t6.restarts = 2405
h3.t6.nogoods_size = 7884042
h3.t6.nodes = 2412415
h3.t6.propagations = 2412415
h3.t7.stop_reason = aborted
h3.t7.restarts = 2405
h3.t7.nogoods_size = 7884042
h3.t7.nodes = 2412399
h3.t7.propagations = 2412399
h3.t5.stop_reason = aborted
h3.t5.restarts = 2405
h3.t5.nogoods_size = 7884042
h3.t5.nodes = 2438850
h3.t5.propagations = 2438850
h3.t9.stop_reason = aborted
h3.t9.restarts = 2405
h3.t9.nogoods_size = 7884042
h3.t9.nodes = 2428962
h3.t9.propagations = 2428962
h3.t12.stop_reason = aborted
h3.t12.restarts = 2405
h3.t12.nogoods_size = 7884042
h3.t12.nodes = 2402228
h3.t12.propagations = 2402228
h3.t15.stop_reason = aborted
h3.t15.restarts = 2405
h3.t15.nogoods_size = 7884042
h3.t15.nodes = 2317268
h3.t15.propagations = 2317268
h3.t2.stop_reason = aborted
h3.t2.restarts = 2405
h3.t2.nogoods_size = 7884042
h3.t2.nodes = 2582079
h3.t2.propagations = 2582079
h3.t10.stop_reason = aborted
h3.t10.restarts = 2405
h3.t10.nogoods_size = 7884042
h3.t10.nodes = 2538510
h3.t10.propagations = 2538510
h3.t0.stop_reason = aborted
h3.t0.restarts = 2405
h3.t0.nogoods_size = 7884042
h3.t0.nodes = 668649
h3.t0.propagations = 668649
h3.t4.stop_reason = aborted
h3.t4.restarts = 2405
h3.t4.nogoods_size = 7884042
h3.t4.nodes = 2436173
h3.t4.propagations = 2436173
h3.t14.stop_reason = aborted
h3.t14.restarts = 2405
h3.t14.nogoods_size = 7884042
h3.t14.nodes = 2415283
h3.t14.propagations = 2415283
h3.search_time = 1000193
h3.nodes = 40386473
h3.propagations = 191786264
h4.t11.stop_reason = aborted
h4.t11.restarts = 2405
h4.t11.nogoods_size = 7888517
h4.t11.nodes = 2338503
h4.t11.propagations = 2338503
h4.t1.stop_reason = aborted
h4.t1.restarts = 2405
h4.t1.nogoods_size = 7888517
h4.t1.nodes = 2492859
h4.t1.propagations = 2492859
h4.t3.stop_reason = aborted
h4.t3.restarts = 2405
h4.t3.nogoods_size = 7888517
h4.t3.nodes = 2468708
h4.t3.propagations = 2468708
h4.t12.stop_reason = aborted
h4.t12.restarts = 2405
h4.t12.nogoods_size = 7888517
h4.t12.nodes = 2497644
h4.t12.propagations = 2497644
h4.t4.stop_reason = aborted
h4.t4.restarts = 2405
h4.t4.nogoods_size = 7888517
h4.t4.nodes = 2349112
h4.t4.propagations = 2349112
h4.t7.stop_reason = aborted
h4.t7.restarts = 2405
h4.t7.nogoods_size = 7888517
h4.t7.nodes = 2470275
h4.t7.propagations = 2470275
h4.t0.stop_reason = aborted
h4.t0.restarts = 2405
h4.t0.nogoods_size = 7888517
h4.t0.nodes = 601068
h4.t0.propagations = 601068
h4.t9.stop_reason = aborted
h4.t9.restarts = 2405
h4.t9.nogoods_size = 7888517
h4.t9.nodes = 2385356
h4.t9.propagations = 2385356
h4.t5.stop_reason = aborted
h4.t5.restarts = 2405
h4.t5.nogoods_size = 7888517
h4.t5.nodes = 2402119
h4.t5.propagations = 2402119
h4.t15.stop_reason = aborted
h4.t15.restarts = 2405
h4.t15.nogoods_size = 7888517
h4.t15.nodes = 2277424
h4.t15.propagations = 2277424
h4.t2.stop_reason = aborted
h4.t2.restarts = 2405
h4.t2.nogoods_size = 7888517
h4.t2.nodes = 2522914
h4.t2.propagations = 2522914
h4.t14.stop_reason = aborted
h4.t14.restarts = 2405
h4.t14.nogoods_size = 7888517
h4.t14.nodes = 2407111
h4.t14.propagations = 2407111
h4.t16.stop_reason = aborted
h4.t16.restarts = 2405
h4.t16.nogoods_size = 7888517
h4.t16.nodes = 2406091
h4.t16.propagations = 2406091
h4.t17.stop_reason = aborted
h4.t17.restarts = 2405
h4.t17.nogoods_size = 7888517
h4.t17.nodes = 962357
h4.t17.propagations = 962357
h4.t10.stop_reason = aborted
h4.t10.restarts = 2405
h4.t10.nogoods_size = 7888517
h4.t10.nodes = 2363460
h4.t10.propagations = 2363460
h4.t8.stop_reason = aborted
h4.t8.restarts = 2405
h4.t8.nogoods_size = 7888517
h4.t8.nodes = 2436841
h4.t8.propagations = 2436841
h4.t13.stop_reason = aborted
h4.t13.restarts = 2405
h4.t13.nogoods_size = 7888517
h4.t13.nodes = 2427109
h4.t13.propagations = 2427109
h4.t6.stop_reason = aborted
h4.t6.restarts = 2405
h4.t6.nogoods_size = 7888517
h4.t6.nodes = 2532640
h4.t6.propagations = 2532640
h4.search_time = 1000194
h4.nodes = 40341591
h4.propagations = 192897150
h5.t12.stop_reason = aborted
h5.t12.restarts = 2405
h5.t12.nogoods_size = 7883559
h5.t12.nodes = 2510565
h5.t12.propagations = 2510565
h5.t3.stop_reason = aborted
h5.t3.restarts = 2405
h5.t3.nogoods_size = 7883559
h5.t3.nodes = 2272555
h5.t3.propagations = 2272555
h5.t5.stop_reason = aborted
h5.t5.restarts = 2405
h5.t5.nogoods_size = 7883559
h5.t5.nodes = 2458210
h5.t5.propagations = 2458210
h5.t8.stop_reason = aborted
h5.t8.restarts = 2405
h5.t8.nogoods_size = 7883559
h5.t8.nodes = 2583546
h5.t8.propagations = 2583546
h5.t0.stop_reason = aborted
h5.t0.restarts = 2405
h5.t0.nogoods_size = 7883559
h5.t0.nodes = 670355
h5.t0.propagations = 670355
h5.t4.stop_reason = aborted
h5.t4.restarts = 2405
h5.t4.nogoods_size = 7883559
h5.t4.nodes = 2244242
h5.t4.propagations = 2244242
h5.t10.stop_reason = aborted
h5.t10.restarts = 2405
h5.t10.nogoods_size = 7883559
h5.t10.nodes = 2471013
h5.t10.propagations = 2471013
h5.t9.stop_reason = aborted
h5.t9.restarts = 2405
h5.t9.nogoods_size = 7883559
h5.t9.nodes = 2386981
h5.t9.propagations = 2386981
h5.t17.stop_reason = aborted
h5.t17.restarts = 2405
h5.t17.nogoods_size = 7883559
h5.t17.nodes = 991094
h5.t17.propagations = 991094
h5.t16.stop_reason = aborted
h5.t16.restarts = 2405
h5.t16.nogoods_size = 7883559
h5.t16.nodes = 2230185
h5.t16.propagations = 2230185
h5.t14.stop_reason = aborted
h5.t14.restarts = 2405
h5.t14.nogoods_size = 7883559
h5.t14.nodes = 2343276
h5.t14.propagations = 2343276
h5.t1.stop_reason = aborted
h5.t1.restarts = 2405
h5.t1.nogoods_size = 7883559
h5.t1.nodes = 2452138
h5.t1.propagations = 2452138
h5.t13.stop_reason = aborted
h5.t13.restarts = 2405
h5.t13.nogoods_size = 7883559
h5.t13.nodes = 2470607
h5.t13.propagations = 2470607
h5.t11.stop_reason = aborted
h5.t11.restarts = 2405
h5.t11.nogoods_size = 7883559
h5.t11.nodes = 2302543
h5.t11.propagations = 2302543
h5.t15.stop_reason = aborted
h5.t15.restarts = 2405
h5.t15.nogoods_size = 7883559
h5.t15.nodes = 2533785
h5.t15.propagations = 2533785
h5.t2.stop_reason = aborted
h5.t2.restarts = 2405
h5.t2.nogoods_size = 7883559
h5.t2.nodes = 2441009
h5.t2.propagations = 2441009
h5.t7.stop_reason = aborted
h5.t7.restarts = 2405
h5.t7.nogoods_size = 7883559
h5.t7.nodes = 2431862
h5.t7.propagations = 2431862
h5.t6.stop_reason = aborted
h5.t6.restarts = 2405
h5.t6.nogoods_size = 7883559
h5.t6.nodes = 2351056
h5.t6.propagations = 2351056
h5.search_time = 1000194
h5.nodes = 40145022
h5.propagations = 191261555
h6.t12.stop_reason = aborted
h6.t12.restarts = 2405
h6.t12.nogoods_size = 7888959
h6.t12.nodes = 2492206
h6.t12.propagations = 2492206
h6.t0.stop_reason = aborted
h6.t0.restarts = 2405
h6.t0.nogoods_size = 7888959
h6.t0.nodes = 675701
h6.t0.propagations = 675701
h6.t8.stop_reason = aborted
h6.t8.restarts = 2405
h6.t8.nogoods_size = 7888959
h6.t8.nodes = 2450310
h6.t8.propagations = 2450310
h6.t10.stop_reason = aborted
h6.t10.restarts = 2405
h6.t10.nogoods_size = 7888959
h6.t10.nodes = 2304676
h6.t10.propagations = 2304676
h6.t3.stop_reason = aborted
h6.t3.restarts = 2405
h6.t3.nogoods_size = 7888959
h6.t3.nodes = 2508017
h6.t3.propagations = 2508017
h6.t14.stop_reason = aborted
h6.t14.restarts = 2405
h6.t14.nogoods_size = 7888959
h6.t14.nodes = 2383472
h6.t14.propagations = 2383472
h6.t5.stop_reason = aborted
h6.t5.restarts = 2405
h6.t5.nogoods_size = 7888959
h6.t5.nodes = 2535641
h6.t5.propagations = 2535641
h6.t2.stop_reason = aborted
h6.t2.restarts = 2405
h6.t2.nogoods_size = 7888959
h6.t2.nodes = 2439283
h6.t2.propagations = 2439283
h6.t4.stop_reason = aborted
h6.t4.restarts = 2405
h6.t4.nogoods_size = 7888959
h6.t4.nodes = 2504061
h6.t4.propagations = 2504061
h6.t9.stop_reason = aborted
h6.t9.restarts = 2405
h6.t9.nogoods_size = 7888959
h6.t9.nodes = 2510890
h6.t9.propagations = 2510890
h6.t7.stop_reason = aborted
h6.t7.restarts = 2405
h6.t7.nogoods_size = 7888959
h6.t7.nodes = 2678235
h6.t7.propagations = 2678235
h6.t13.stop_reason = aborted
h6.t13.restarts = 2405
h6.t13.nogoods_size = 7888959
h6.t13.nodes = 2571047
h6.t13.propagations = 2571047
h6.t17.stop_reason = aborted
h6.t17.restarts = 2405
h6.t17.nogoods_size = 7888959
h6.t17.nodes = 978769
h6.t17.propagations = 978769
h6.t1.stop_reason = aborted
h6.t1.restarts = 2405
h6.t1.nogoods_size = 7888959
h6.t1.nodes = 2513498
h6.t1.propagations = 2513498
h6.t15.stop_reason = aborted
h6.t15.restarts = 2405
h6.t15.nogoods_size = 7888959
h6.t15.nodes = 2416426
h6.t15.propagations = 2416426
h6.t11.stop_reason = aborted
h6.t11.restarts = 2405
h6.t11.nogoods_size = 7888959
h6.t11.nodes = 2454139
h6.t11.propagations = 2454139
h6.t6.stop_reason = aborted
h6.t6.restarts = 2405
h6.t6.nogoods_size = 7888959
h6.t6.nodes = 2556744
h6.t6.propagations = 2556744
h6.t16.stop_reason = aborted
h6.t16.restarts = 2405
h6.t16.nogoods_size = 7888959
h6.t16.nodes = 2422985
h6.t16.propagations = 2422985
h6.search_time = 1000194
h6.nodes = 41396100
h6.propagations = 197158132
h7.t10.stop_reason = aborted
h7.t10.restarts = 2405
h7.t10.nogoods_size = 7883828
h7.t10.nodes = 2406002
h7.t10.propagations = 2406002
h7.t5.stop_reason = aborted
h7.t5.restarts = 2405
h7.t5.nogoods_size = 7883828
h7.t5.nodes = 2323476
h7.t5.propagations = 2323476
h7.t0.stop_reason = aborted
h7.t0.restarts = 2405
h7.t0.nogoods_size = 7883828
h7.t0.nodes = 626406
h7.t0.propagations = 626406
h7.t13.stop_reason = aborted
h7.t13.restarts = 2405
h7.t13.nogoods_size = 7883828
h7.t13.nodes = 2357522
h7.t13.propagations = 2357522
h7.t7.stop_reason = aborted
h7.t7.restarts = 2405
h7.t7.nogoods_size = 7883828
h7.t7.nodes = 2493979
h7.t7.propagations = 2493979
h7.t8.stop_reason = aborted
h7.t8.restarts = 2405
h7.t8.nogoods_size = 7883828
h7.t8.nodes = 2413649
h7.t8.propagations = 2413649
h7.t6.stop_reason = aborted
h7.t6.restarts = 2405
h7.t6.nogoods_size = 7883828
h7.t6.nodes = 2480190
h7.t6.propagations = 2480190
h7.t3.stop_reason = aborted
h7.t3.restarts = 2405
h7.t3.nogoods_size = 7883828
h7.t3.nodes = 2439377
h7.t3.propagations = 2439377
h7.t4.stop_reason = aborted
h7.t4.restarts = 2405
h7.t4.nogoods_size = 7883828
h7.t4.nodes = 2324688
h7.t4.propagations = 2324688
h7.t17.stop_reason = aborted
h7.t17.restarts = 2405
h7.t17.nogoods_size = 7883828
h7.t17.nodes = 998408
h7.t17.propagations = 998408
h7.t11.stop_reason = aborted
h7.t11.restarts = 2405
h7.t11.nogoods_size = 7883828
h7.t11.nodes = 2378737
h7.t11.propagations = 2378737
h7.t16.stop_reason = aborted
h7.t16.restarts = 2405
h7.t16.nogoods_size = 7883828
h7.t16.nodes = 2364439
h7.t16.propagations = 2364439
h7.t9.stop_reason = aborted
h7.t9.restarts = 2405
h7.t9.nogoods_size = 7883828
h7.t9.nodes = 2433075
h7.t9.propagations = 2433075
h7.t15.stop_reason = aborted
h7.t15.restarts = 2405
h7.t15.nogoods_size = 7883828
h7.t15.nodes = 2350472
h7.t15.propagations = 2350472
h7.t12.stop_reason = aborted
h7.t12.restarts = 2405
h7.t12.nogoods_size = 7883828
h7.t12.nodes = 2451311
h7.t12.propagations = 2451311
h7.t2.stop_reason = aborted
h7.t2.restarts = 2405
h7.t2.nogoods_size = 7883828
h7.t2.nodes = 2546146
h7.t2.propagations = 2546146
h7.t14.stop_reason = aborted
h7.t14.restarts = 2405
h7.t14.nogoods_size = 7883828
h7.t14.nodes = 2323238
h7.t14.propagations = 2323238
h7.t1.stop_reason = aborted
h7.t1.restarts = 2405
h7.t1.nogoods_size = 7883828
h7.t1.nodes = 2357390
h7.t1.propagations = 2357390
h7.search_time = 1000194
h7.nodes = 40068505
h7.propagations = 189922126
h8.t3.stop_reason = aborted
h8.t3.restarts = 2405
h8.t3.nogoods_size = 7886969
h8.t3.nodes = 2251890
h8.t3.propagations = 2251890
h8.t7.stop_reason = aborted
h8.t7.restarts = 2405
h8.t7.nogoods_size = 7886969
h8.t7.nodes = 2485585
h8.t7.propagations = 2485585
h8.t14.stop_reason = aborted
h8.t14.restarts = 2405
h8.t14.nogoods_size = 7886969
h8.t14.nodes = 2479730
h8.t14.propagations = 2479730
h8.t4.stop_reason = aborted
h8.t4.restarts = 2405
h8.t4.nogoods_size = 7886969
h8.t4.nodes = 2313775
h8.t4.propagations = 2313775
h8.t13.stop_reason = aborted
h8.t13.restarts = 2405
h8.t13.nogoods_size = 7886969
h8.t13.nodes = 2419971
h8.t13.propagations = 2419971
h8.t11.stop_reason = aborted
h8.t11.restarts = 2405
h8.t11.nogoods_size = 7886969
h8.t11.nodes = 2333323
h8.t11.propagations = 2333323
h8.t12.stop_reason = aborted
h8.t12.restarts = 2405
h8.t12.nogoods_size = 7886969
h8.t12.nodes = 2437753
h8.t12.propagations = 2437753
h8.t17.stop_reason = aborted
h8.t17.restarts = 2405
h8.t17.nogoods_size = 7886969
h8.t17.nodes = 1020515
h8.t17.propagations = 1020515
h8.t15.stop_reason = aborted
h8.t15.restarts = 2405
h8.t15.nogoods_size = 7886969
h8.t15.nodes = 2467445
h8.t15.propagations = 2467445
h8.t6.stop_reason = aborted
h8.t6.restarts = 2405
h8.t6.nogoods_size = 7886969
h8.t6.nodes = 2378129
h8.t6.propagations = 2378129
h8.t10.stop_reason = aborted
h8.t10.restarts = 2405
h8.t10.nogoods_size = 7886969
h8.t10.nodes = 2349089
h8.t10.propagations = 2349089
h8.t9.stop_reason = aborted
h8.t9.restarts = 2405
h8.t9.nogoods_size = 7886969
h8.t9.nodes = 2344829
h8.t9.propagations = 2344829
h8.t16.stop_reason = aborted
h8.t16.restarts = 2405
h8.t16.nogoods_size = 7886969
h8.t16.nodes = 2454179
h8.t16.propagations = 2454179
h8.t0.stop_reason = aborted
h8.t0.restarts = 2405
h8.t0.nogoods_size = 7886969
h8.t0.nodes = 659075
h8.t0.propagations = 659075
h8.t8.stop_reason = aborted
h8.t8.restarts = 2405
h8.t8.nogoods_size = 7886969
h8.t8.nodes = 2444827
h8.t8.propagations = 2444827
h8.t5.stop_reason = aborted
h8.t5.restarts = 2405
h8.t5.nogoods_size = 7886969
h8.t5.nodes = 2405068
h8.t5.propagations = 2405068
h8.t1.stop_reason = aborted
h8.t1.restarts = 2405
h8.t1.nogoods_size = 7886969
h8.t1.nodes = 2499629
h8.t1.propagations = 2499629
h8.t2.stop_reason = aborted
h8.t2.restarts = 2405
h8.t2.nogoods_size = 7886969
h8.t2.nodes = 2398901
h8.t2.propagations = 2398901
h8.search_time = 1000194
h8.nodes = 40143713
h8.propagations = 190722904
h9.t11.stop_reason = aborted
h9.t11.restarts = 2405
h9.t11.nogoods_size = 7886588
h9.t11.nodes = 2500321
h9.t11.propagations = 2500321
h9.t12.stop_reason = aborted
h9.t12.restarts = 2405
h9.t12.nogoods_size = 7886588
h9.t12.nodes = 2371294
h9.t12.propagations = 2371294
h9.t9.stop_reason = aborted
h9.t9.restarts = 2405
h9.t9.nogoods_size = 7886588
h9.t9.nodes = 2430474
h9.t9.propagations = 2430474
h9.t8.stop_reason = aborted
h9.t8.restarts = 2405
h9.t8.nogoods_size = 7886588
h9.t8.nodes = 2623319
h9.t8.propagations = 2623319
h9.t16.stop_reason = aborted
h9.t16.restarts = 2405
h9.t16.nogoods_size = 7886588
h9.t16.nodes = 2398058
h9.t16.propagations = 2398058
h9.t2.stop_reason = aborted
h9.t2.restarts = 2405
h9.t2.nogoods_size = 7886588
h9.t2.nodes = 2473939
h9.t2.propagations = 2473939
h9.t1.stop_reason = aborted
h9.t1.restarts = 2405
h9.t1.nogoods_size = 7886588
h9.t1.nodes = 2425533
h9.t1.propagations = 2425533
h9.t10.stop_reason = aborted
h9.t10.restarts = 2405
h9.t10.nogoods_size = 7886588
h9.t10.nodes = 2350107
h9.t10.propagations = 2350107
h9.t6.stop_reason = aborted
h9.t6.restarts = 2405
h9.t6.nogoods_size = 7886588
h9.t6.nodes = 2386926
h9.t6.propagations = 2386926
h9.t4.stop_reason = aborted
h9.t4.restarts = 2405
h9.t4.nogoods_size = 7886588
h9.t4.nodes = 2389810
h9.t4.propagations = 2389810
h9.t13.stop_reason = aborted
h9.t13.restarts = 2405
h9.t13.nogoods_size = 7886588
h9.t13.nodes = 2450590
h9.t13.propagations = 2450590
h9.t5.stop_reason = aborted
h9.t5.restarts = 2405
h9.t5.nogoods_size = 7886588
h9.t5.nodes = 2603240
h9.t5.propagations = 2603240
h9.t3.stop_reason = aborted
h9.t3.restarts = 2405
h9.t3.nogoods_size = 7886588
h9.t3.nodes = 2522841
h9.t3.propagations = 2522841
h9.t17.stop_reason = aborted
h9.t17.restarts = 2405
h9.t17.nogoods_size = 7886588
h9.t17.nodes = 1031246
h9.t17.propagations = 1031246
h9.t7.stop_reason = aborted
h9.t7.restarts = 2405
h9.t7.nogoods_size = 7886588
h9.t7.nodes = 2535278
h9.t7.propagations = 2535278
h9.t14.stop_reason = aborted
h9.t14.restarts = 2405
h9.t14.nogoods_size = 7886588
h9.t14.nodes = 2386917
h9.t14.propagations = 2386917
h9.t15.stop_reason = aborted
h9.t15.restarts = 2405
h9.t15.nogoods_size = 7886588
h9.t15.nodes = 2427228
h9.t15.propagations = 2427228
h9.t0.stop_reason = aborted
h9.t0.restarts = 2405
h9.t0.nogoods_size = 7886588
h9.t0.nodes = 631636
h9.t0.propagations = 631636
h9.search_time = 1000194
h9.nodes = 40938757
h9.propagations = 195293666
h10.t14.stop_reason = aborted
h10.t14.restarts = 2405
h10.t14.nogoods_size = 7885800
h10.t14.nodes = 2415608
h10.t14.propagations = 2415608
h10.t0.restarts = 2405
h10.t0.nogoods_size = 7885800
h10.t0.nodes = 641528
h10.t0.propagations = 641528
h10.t3.restarts = 2405
h10.t3.nogoods_size = 7885800
h10.t3.nodes = 2283917
h10.t3.propagations = 2283917
h10.t2.stop_reason = aborted
h10.t2.restarts = 2405
h10.t2.nogoods_size = 7885800
h10.t2.nodes = 2535979
h10.t2.propagations = 2535979
h10.t8.stop_reason = aborted
h10.t8.restarts = 2405
h10.t8.nogoods_size = 7885800
h10.t8.nodes = 2379433
h10.t8.propagations = 2379433
h10.t1.stop_reason = aborted
h10.t1.restarts = 2405
h10.t1.nogoods_size = 7885800
h10.t1.nodes = 2490339
h10.t1.propagations = 2490339
h10.t7.restarts = 2405
h10.t7.nogoods_size = 7885800
h10.t7.nodes = 2404954
h10.t7.propagations = 2404954
h10.t15.restarts = 2405
h10.t15.nogoods_size = 7885800
h10.t15.nodes = 2306015
h10.t15.propagations = 2306015
h10.t16.restarts = 2405
h10.t16.nogoods_size = 7885800
h10.t16.nodes = 2374082
h10.t16.propagations = 2374082
h10.t10.stop_reason = aborted
h10.t10.restarts = 2405
h10.t10.nogoods_size = 7885800
h10.t10.nodes = 2419478
h10.t10.propagations = 2419478
h10.t4.stop_reason = aborted
h10.t4.restarts = 2405
h10.t4.nogoods_size = 7885800
h10.t4.nodes = 2383082
h10.t4.propagations = 2383082
h10.t13.stop_reason = aborted
h10.t13.restarts = 2405
h10.t13.nogoods_size = 7885800
h10.t13.nodes = 2421664
h10.t13.propagations = 2421664
h10.t6.stop_reason = aborted
h10.t6.restarts = 2405
h10.t6.nogoods_size = 7885800
h10.t6.nodes = 2384920
h10.t6.propagations = 2384920
h10.t17.stop_reason = aborted
h10.t17.restarts = 2405
h10.t17.nogoods_size = 7885800
h10.t17.nodes = 980024
h10.t17.propagations = 980024
h10.t9.stop_reason = aborted
h10.t9.restarts = 2405
h10.t9.nogoods_size = 7885800
h10.t9.nodes = 2314771
h10.t9.propagations = 2314771
h10.t5.stop_reason = aborted
h10.t5.restarts = 2405
h10.t5.nogoods_size = 7885800
h10.t5.nodes = 2807786
h10.t5.propagations = 2807786
h10.t12.restarts = 2405
h10.t12.nogoods_size = 7885800
h10.t12.nodes = 2493412
h10.t12.propagations = 2493412
h10.t11.stop_reason = aborted
h10.t11.restarts = 2405
h10.t11.nogoods_size = 7885800
h10.t11.nodes = 2284804
h10.t11.propagations = 2284804
h10.search_time = 1000175
h10.nodes = 40321796
h10.propagations = 191184774
h11.t9.stop_reason = aborted
h11.t9.restarts = 2405
h11.t9.nogoods_size = 7884339
h11.t9.nodes = 2438964
h11.t9.propagations = 2438964
h11.t17.stop_reason = aborted
h11.t17.restarts = 2405
h11.t17.nogoods_size = 7884339
h11.t17.nodes = 1029951
h11.t17.propagations = 1029951
h11.t14.stop_reason = aborted
h11.t14.restarts = 2405
h11.t14.nogoods_size = 7884339
h11.t14.nodes = 2237305
h11.t14.propagations = 2237305
h11.t4.stop_reason = aborted
h11.t4.restarts = 2405
h11.t4.nogoods_size = 7884339
h11.t4.nodes = 2398770
h11.t4.propagations = 2398770
h11.t2.stop_reason = aborted
h11.t2.restarts = 2405
h11.t2.nogoods_size = 7884339
h11.t2.nodes = 2634914
h11.t2.propagations = 2634914
h11.t11.stop_reason = aborted
h11.t11.restarts = 2405
h11.t11.nogoods_size = 7884339
h11.t11.nodes = 2396927
h11.t11.propagations = 2396927
h11.t7.stop_reason = aborted
h11.t7.restarts = 2405
h11.t7.nogoods_size = 7884339
h11.t7.nodes = 2348074
h11.t7.propagations = 2348074
h11.t12.stop_reason = aborted
h11.t12.restarts = 2405
h11.t12.nogoods_size = 7884339
h11.t12.nodes = 2494888
h11.t12.propagations = 2494888
h11.t6.stop_reason = aborted
h11.t6.restarts = 2405
h11.t6.nogoods_size = 7884339
h11.t6.nodes = 2570033
h11.t6.propagations = 2570033
h11.t8.stop_reason = aborted
h11.t8.restarts = 2405
h11.t8.nogoods_size = 7884339
h11.t8.nodes = 2332327
h11.t8.propagations = 2332327
h11.t3.stop_reason = aborted
h11.t3.restarts = 2405
h11.t3.nogoods_size = 7884339
h11.t3.nodes = 2441810
h11.t3.propagations = 2441810
h11.t5.stop_reason = aborted
h11.t5.restarts = 2405
h11.t5.nogoods_size = 7884339
h11.t5.nodes = 2354745
h11.t5.propagations = 2354745
h11.t15.stop_reason = aborted
h11.t15.restarts = 2405
h11.t15.nogoods_size = 7884339
h11.t15.nodes = 2226794
h11.t15.propagations = 2226794
h11.t16.stop_reason = aborted
h11.t16.restarts = 2405
h11.t16.nogoods_size = 7884339
h11.t16.nodes = 2435488
h11.t16.propagations = 2435488
h11.t13.stop_reason = aborted
h11.t13.restarts = 2405
h11.t13.nogoods_size = 7884339
h11.t13.nodes = 2439377
h11.t13.propagations = 2439377
h11.t1.stop_reason = aborted
h11.t1.restarts = 2405
h11.t1.nogoods_size = 7884339
h11.t1.nodes = 2512927
h11.t1.propagations = 2512927
h11.t10.stop_reason = aborted
h11.t10.restarts = 2405
h11.t10.nogoods_size = 7884339
h11.t10.nodes = 2397357
h11.t10.propagations = 2397357
h11.t0.stop_reason = aborted
h11.t0.restarts = 2405
h11.t0.nogoods_size = 7884339
h11.t0.nodes = 638693
h11.t0.propagations = 638693
h11.search_time = 1000174
h11.nodes = 40329344
h11.propagations = 191505836
h12.t2.stop_reason = aborted
h12.t2.restarts = 2405
h12.t2.nogoods_size = 7887616
h12.t2.nodes = 2411307
h12.t2.propagations = 2411307
h12.t6.stop_reason = aborted
h12.t6.restarts = 2405
h12.t6.nogoods_size = 7887616
h12.t6.nodes = 2401950
h12.t6.propagations = 2401950
h12.t13.stop_reason = aborted
h12.t13.restarts = 2405
h12.t13.nogoods_size = 7887616
h12.t13.nodes = 2352240
h12.t13.propagations = 2352240
h12.t5.stop_reason = aborted
h12.t5.restarts = 2405
h12.t5.nogoods_size = 7887616
h12.t5.nodes = 2446341
h12.t5.propagations = 2446341
h12.t10.stop_reason = aborted
h12.t10.restarts = 2405
h12.t10.nogoods_size = 7887616
h12.t10.nodes = 2461988
h12.t10.propagations = 2461988
h12.t17.stop_reason = aborted
h12.t17.restarts = 2405
h12.t17.nogoods_size = 7887616
h12.t17.nodes = 1023385
h12.t17.propagations = 1023385
h12.t8.stop_reason = aborted
h12.t8.restarts = 2405
h12.t8.nogoods_size = 7887616
h12.t8.nodes = 2361669
h12.t8.propagations = 2361669
h12.t3.stop_reason = aborted
h12.t3.restarts = 2405
h12.t3.nogoods_size = 7887616
h12.t3.nodes = 2428122
h12.t3.propagations = 2428122
h12.t15.stop_reason = aborted
h12.t15.restarts = 2405
h12.t15.nogoods_size = 7887616
h12.t15.nodes = 2430221
h12.t15.propagations = 2430221
h12.t12.stop_reason = aborted
h12.t12.restarts = 2405
h12.t12.nogoods_size = 7887616
h12.t12.nodes = 2548168
h12.t12.propagations = 2548168
h12.t1.stop_reason = aborted
h12.t1.restarts = 2405
h12.t1.nogoods_size = 7887616
h12.t1.nodes = 2377785
h12.t1.propagations = 2377785
h12.t4.stop_reason = aborted
h12.t4.restarts = 2405
h12.t4.nogoods_size = 7887616
h12.t4.nodes = 2447120
h12.t4.propagations = 2447120
h12.t11.stop_reason = aborted
h12.t11.restarts = 2405
h12.t11.nogoods_size = 7887616
h12.t11.nodes = 2348875
h12.t11.propagations = 2348875
h12.t7.stop_reason = aborted
h12.t7.restarts = 2405
h12.t7.nogoods_size = 7887616
h12.t7.nodes = 2530791
h12.t7.propagations = 2530791
h12.t14.stop_reason = aborted
h12.t14.restarts = 2405
h12.t14.nogoods_size = 7887616
h12.t14.nodes = 2359239
h12.t14.propagations = 2359239
h12.t16.stop_reason = aborted
h12.t16.restarts = 2405
h12.t16.nogoods_size = 7887616
h12.t16.nodes = 2449586
h12.t16.propagations = 2449586
h12.t0.stop_reason = aborted
h12.t0.restarts = 2405
h12.t0.nogoods_size = 7887616
h12.t0.nodes = 657900
h12.t0.propagations = 657900
h12.t9.stop_reason = aborted
h12.t9.restarts = 2405
h12.t9.nogoods_size = 7887616
h12.t9.nodes = 2290339
h12.t9.propagations = 2290339
h12.search_time = 1000195
h12.nodes = 40327026
h12.propagations = 192820140
h13.t13.stop_reason = aborted
h13.t13.restarts = 2405
h13.t13.nogoods_size = 7883275
h13.t13.nodes = 2352856
h13.t13.propagations = 2352856
h13.t16.stop_reason = aborted
h13.t16.restarts = 2405
h13.t16.nogoods_size = 7883275
h13.t16.nodes = 2452048
h13.t16.propagations = 2452048
h13.t9.stop_reason = aborted
h13.t9.restarts = 2405
h13.t9.nogoods_size = 7883275
h13.t9.nodes = 2447871
h13.t9.propagations = 2447871
h13.t10.stop_reason = aborted
h13.t10.restarts = 2405
h13.t10.nogoods_size = 7883275
h13.t10.nodes = 2412013
h13.t10.propagations = 2412013
h13.t8.stop_reason = aborted
h13.t8.restarts = 2405
h13.t8.nogoods_size = 7883275
h13.t8.nodes = 2359244
h13.t8.propagations = 2359244
h13.t17.stop_reason = aborted
h13.t17.restarts = 2405
h13.t17.nogoods_size = 7883275
h13.t17.nodes = 1028412
h13.t17.propagations = 1028412
h13.t15.stop_reason = aborted
h13.t15.restarts = 2405
h13.t15.nogoods_size = 7883275
h13.t15.nodes = 2312905
h13.t15.propagations = 2312905
h13.t4.stop_reason = aborted
h13.t4.restarts = 2405
h13.t4.nogoods_size = 7883275
h13.t4.nodes = 2331214
h13.t4.propagations = 2331214
h13.t11.stop_reason = aborted
h13.t11.restarts = 2405
h13.t11.nogoods_size = 7883275
h13.t11.nodes = 2274961
h13.t11.propagations = 2274961
h13.t0.stop_reason = aborted
h13.t0.restarts = 2405
h13.t0.nogoods_size = 7883275
h13.t0.nodes = 637024
h13.t0.propagations = 637024
h13.t14.stop_reason = aborted
h13.t14.restarts = 2405
h13.t14.nogoods_size = 7883275
h13.t14.nodes = 2339773
h13.t14.propagations = 2339773
h13.t7.stop_reason = aborted
h13.t7.restarts = 2405
h13.t7.nogoods_size = 7883275
h13.t7.nodes = 2403405
h13.t7.propagations = 2403405
h13.t3.stop_reason = aborted
h13.t3.restarts = 2405
h13.t3.nogoods_size = 7883275
h13.t3.nodes = 2300800
h13.t3.propagations = 2300800
h13.t5.stop_reason = aborted
h13.t5.restarts = 2405
h13.t5.nogoods_size = 7883275
h13.t5.nodes = 2335339
h13.t5.propagations = 2335339
h13.t6.stop_reason = aborted
h13.t6.restarts = 2405
h13.t6.nogoods_size = 7883275
h13.t6.nodes = 2342621
h13.t6.propagations = 2342621
h13.t12.stop_reason = aborted
h13.t12.restarts = 2405
h13.t12.nogoods_size = 7883275
h13.t12.nodes = 2363703
h13.t12.propagations = 2363703
h13.t2.stop_reason = aborted
h13.t2.restarts = 2405
h13.t2.nogoods_size = 7883275
h13.t2.nodes = 2366380
h13.t2.propagations = 2366380
h13.t1.stop_reason = aborted
h13.t1.restarts = 2405
h13.t1.nogoods_size = 7883275
h13.t1.nodes = 2362510
h13.t1.propagations = 2362510
h13.search_time = 1000194
h13.nodes = 39423079
h13.propagations = 187804368
h14.t17.stop_reason = aborted
h14.t17.restarts = 2405
h14.t17.nogoods_size = 7886836
h14.t17.nodes = 985289
h14.t17.propagations = 985289
h14.t0.stop_reason = aborted
h14.t0.restarts = 2405
h14.t0.nogoods_size = 7886836
h14.t0.nodes = 658039
h14.t0.propagations = 658039
h14.t15.stop_reason = aborted
h14.t15.restarts = 2405
h14.t15.nogoods_size = 7886836
h14.t15.nodes = 2499457
h14.t15.propagations = 2499457
h14.t12.stop_reason = aborted
h14.t12.restarts = 2405
h14.t12.nogoods_size = 7886836
h14.t12.nodes = 2416349
h14.t12.propagations = 2416349
h14.t1.stop_reason = aborted
h14.t1.restarts = 2405
h14.t1.nogoods_size = 7886836
h14.t1.nodes = 2427003
h14.t1.propagations = 2427003
h14.t9.stop_reason = aborted
h14.t9.restarts = 2405
h14.t9.nogoods_size = 7886836
h14.t9.nodes = 2477635
h14.t9.propagations = 2477635
h14.t14.stop_reason = aborted
h14.t14.restarts = 2405
h14.t14.nogoods_size = 7886836
h14.t14.nodes = 2383473
h14.t14.propagations = 2383473
h14.t8.stop_reason = aborted
h14.t8.restarts = 2405
h14.t8.nogoods_size = 7886836
h14.t8.nodes = 2412264
h14.t8.propagations = 2412264
h14.t3.stop_reason = aborted
h14.t3.restarts = 2405
h14.t3.nogoods_size = 7886836
h14.t3.nodes = 2240881
h14.t3.propagations = 2240881
h14.t16.stop_reason = aborted
h14.t16.restarts = 2405
h14.t16.nogoods_size = 7886836
h14.t16.nodes = 2410831
h14.t16.propagations = 2410831
h14.t5.stop_reason = aborted
h14.t5.restarts = 2405
h14.t5.nogoods_size = 7886836
h14.t5.nodes = 2398917
h14.t5.propagations = 2398917
h14.t4.stop_reason = aborted
h14.t4.restarts = 2405
h14.t4.nogoods_size = 7886836
h14.t4.nodes = 2400405
h14.t4.propagations = 2400405
h14.t2.stop_reason = aborted
h14.t2.restarts = 2405
h14.t2.nogoods_size = 7886836
h14.t2.nodes = 2443500
h14.t2.propagations = 2443500
h14.t7.stop_reason = aborted
h14.t7.restarts = 2405
h14.t7.nogoods_size = 7886836
h14.t7.nodes = 2447042
h14.t7.propagations = 2447042
h14.t6.stop_reason = aborted
h14.t6.restarts = 2405
h14.t6.nogoods_size = 7886836
h14.t6.nodes = 2439221
h14.t6.propagations = 2439221
h14.t13.stop_reason = aborted
h14.t13.restarts = 2405
h14.t13.nogoods_size = 7886836
h14.t13.nodes = 2349581
h14.t13.propagations = 2349581
h14.t11.stop_reason = aborted
h14.t11.restarts = 2405
h14.t11.nogoods_size = 7886836
h14.t11.nodes = 2410658
h14.t11.propagations = 2410658
h14.t10.stop_reason = aborted
h14.t10.restarts = 2405
h14.t10.nogoods_size = 7886836
h14.t10.nodes = 2458633
h14.t10.propagations = 2458633
h14.search_time = 1000192
h14.nodes = 40259178
h14.propagations = 191918585
h15.t15.stop_reason = aborted
h15.t15.restarts = 2405
h15.t15.nogoods_size = 7882899
h15.t15.nodes = 2275918
h15.t15.propagations = 2275918
h15.t10.stop_reason = aborted
h15.t10.restarts = 2405
h15.t10.nogoods_size = 7882899
h15.t10.nodes = 2406251
h15.t10.propagations = 2406251
h15.t7.stop_reason = aborted
h15.t7.restarts = 2405
h15.t7.nogoods_size = 7882899
h15.t7.nodes = 2493088
h15.t7.propagations = 2493088
h15.t13.stop_reason = aborted
h15.t13.restarts = 2405
h15.t13.nogoods_size = 7882899
h15.t13.nodes = 2482524
h15.t13.propagations = 2482524
h15.t6.stop_reason = aborted
h15.t6.restarts = 2405
h15.t6.nogoods_size = 7882899
h15.t6.nodes = 2434092
h15.t6.propagations = 2434092
h15.t12.stop_reason = aborted
h15.t12.restarts = 2405
h15.t12.nogoods_size = 7882899
h15.t12.nodes = 2394832
h15.t12.propagations = 2394832
h15.t17.stop_reason = aborted
h15.t17.restarts = 2405
h15.t17.nogoods_size = 7882899
h15.t17.nodes = 940915
h15.t17.propagations = 940915
h15.t4.stop_reason = aborted
h15.t4.restarts = 2405
h15.t4.nogoods_size = 7882899
h15.t4.nodes = 2378857
h15.t4.propagations = 2378857
h15.t2.stop_reason = aborted
h15.t2.restarts = 2405
h15.t2.nogoods_size = 7882899
h15.t2.nodes = 2485026
h15.t2.propagations = 2485026
h15.t3.stop_reason = aborted
h15.t3.restarts = 2405
h15.t3.nogoods_size = 7882899
h15.t3.nodes = 2306240
h15.t3.propagations = 2306240
h15.t8.stop_reason = aborted
h15.t8.restarts = 2405
h15.t8.nogoods_size = 7882899
h15.t8.nodes = 2450644
h15.t8.propagations = 2450644
h15.t0.stop_reason = aborted
h15.t0.restarts = 2405
h15.t0.nogoods_size = 7882899
h15.t0.nodes = 651751
h15.t0.propagations = 651751
h15.t16.stop_reason = aborted
h15.t16.restarts = 2405
h15.t16.nogoods_size = 7882899
h15.t16.nodes = 2430043
h15.t16.propagations = 2430043
h15.t1.stop_reason = aborted
h15.t1.restarts = 2405
h15.t1.nogoods_size = 7882899
h15.t1.nodes = 2438475
h15.t1.propagations = 2438475
h15.t11.stop_reason = aborted
h15.t11.restarts = 2405
h15.t11.nogoods_size = 7882899
h15.t11.nodes = 2528244
h15.t11.propagations = 2528244
h15.t14.stop_reason = aborted
h15.t14.restarts = 2405
h15.t14.nogoods_size = 7882899
h15.t14.nodes = 2468311
h15.t14.propagations = 2468311
h15.t9.stop_reason = aborted
h15.t9.restarts = 2405
h15.t9.nogoods_size = 7882899
h15.t9.nodes = 2390793
h15.t9.propagations = 2390793
h15.t5.stop_reason = aborted
h15.t5.restarts = 2405
h15.t5.nogoods_size = 7882899
h15.t5.nodes = 2392732
h15.t5.propagations = 2392732
h15.search_time = 1000193
h15.nodes = 40348736
h15.propagations = 191091423
h16.t10.stop_reason = aborted
h16.t10.restarts = 2405
h16.t10.nogoods_size = 7888729
h16.t10.nodes = 2370425
h16.t10.propagations = 2370425
h16.t15.stop_reason = aborted
h16.t15.restarts = 2405
h16.t15.nogoods_size = 7888729
h16.t15.nodes = 2270988
h16.t15.propagations = 2270988
h16.t2.stop_reason = aborted
h16.t2.restarts = 2405
h16.t2.nogoods_size = 7888729
h16.t2.nodes = 2535808
h16.t2.propagations = 2535808
h16.t1.stop_reason = aborted
h16.t1.restarts = 2405
h16.t1.nogoods_size = 7888729
h16.t1.nodes = 2655954
h16.t1.propagations = 2655954
h16.t16.stop_reason = aborted
h16.t16.restarts = 2405
h16.t16.nogoods_size = 7888729
h16.t16.nodes = 2552701
h16.t16.propagations = 2552701
h16.t3.stop_reason = aborted
h16.t3.restarts = 2405
h16.t3.nogoods_size = 7888729
h16.t3.nodes = 2445150
h16.t3.propagations = 2445150
h16.t4.stop_reason = aborted
h16.t4.restarts = 2405
h16.t4.nogoods_size = 7888729
h16.t4.nodes = 2462306
h16.t4.propagations = 2462306
h16.t17.stop_reason = aborted
h16.t17.restarts = 2405
h16.t17.nogoods_size = 7888729
h16.t17.nodes = 1014856
h16.t17.propagations = 1014856
h16.t14.stop_reason = aborted
h16.t14.restarts = 2405
h16.t14.nogoods_size = 7888729
h16.t14.nodes = 2342675
h16.t14.propagations = 2342675
h16.t9.stop_reason = aborted
h16.t9.restarts = 2405
h16.t9.nogoods_size = 7888729
h16.t9.nodes = 2424706
h16.t9.propagations = 2424706
h16.t13.stop_reason = aborted
h16.t13.restarts = 2405
h16.t13.nogoods_size = 7888729
h16.t13.nodes = 2524949
h16.t13.propagations = 2524949
h16.t7.stop_reason = aborted
h16.t7.restarts = 2405
h16.t7.nogoods_size = 7888729
h16.t7.nodes = 2564036
h16.t7.propagations = 2564036
h16.t11.stop_reason = aborted
h16.t11.restarts = 2405
h16.t11.nogoods_size = 7888729
h16.t11.nodes = 2326710
h16.t11.propagations = 2326710
h16.t12.stop_reason = aborted
h16.t12.restarts = 2405
h16.t12.nogoods_size = 7888729
h16.t12.nodes = 2631598
h16.t12.propagations = 2631598
h16.t5.stop_reason = aborted
h16.t5.restarts = 2405
h16.t5.nogoods_size = 7888729
h16.t5.nodes = 2560562
h16.t5.propagations = 2560562
h16.t8.stop_reason = aborted
h16.t8.restarts = 2405
h16.t8.nogoods_size = 7888729
h16.t8.nodes = 2436042
h16.t8.propagations = 2436042
h16.t0.stop_reason = aborted
h16.t0.restarts = 2405
h16.t0.nogoods_size = 7888729
h16.t0.nodes = 637335
h16.t0.propagations = 637335
h16.t6.stop_reason = aborted
h16.t6.restarts = 2405
h16.t6.nogoods_size = 7888729
h16.t6.nodes = 2501879
h16.t6.propagations = 2501879
h16.search_time = 1000195
h16.nodes = 41258680
h16.propagations = 196080077
h17.t17.stop_reason = aborted
h17.t17.restarts = 2405
h17.t17.nogoods_size = 7886312
h17.t17.nodes = 962529
h17.t17.propagations = 962529
h17.t0.stop_reason = aborted
h17.t0.restarts = 2405
h17.t0.nogoods_size = 7886312
h17.t0.nodes = 655061
h17.t0.propagations = 655061
h17.t12.stop_reason = aborted
h17.t12.restarts = 2405
h17.t12.nogoods_size = 7886312
h17.t12.nodes = 2352823
h17.t12.propagations = 2352823
h17.t2.stop_reason = aborted
h17.t2.restarts = 2405
h17.t2.nogoods_size = 7886312
h17.t2.nodes = 2431349
h17.t2.propagations = 2431349
h17.t5.stop_reason = aborted
h17.t5.restarts = 2405
h17.t5.nogoods_size = 7886312
h17.t5.nodes = 2471757
h17.t5.propagations = 2471757
h17.t7.stop_reason = aborted
h17.t7.restarts = 2405
h17.t7.nogoods_size = 7886312
h17.t7.nodes = 2506929
h17.t7.propagations = 2506929
h17.t13.stop_reason = aborted
h17.t13.restarts = 2405
h17.t13.nogoods_size = 7886312
h17.t13.nodes = 2429409
h17.t13.propagations = 2429409
h17.t10.stop_reason = aborted
h17.t10.restarts = 2405
h17.t10.nogoods_size = 7886312
h17.t10.nodes = 2462524
h17.t10.propagations = 2462524
h17.t8.stop_reason = aborted
h17.t8.restarts = 2405
h17.t8.nogoods_size = 7886312
h17.t8.nodes = 2570078
h17.t8.propagations = 2570078
h17.t6.stop_reason = aborted
h17.t6.restarts = 2405
h17.t6.nogoods_size = 7886312
h17.t6.nodes = 2452186
h17.t6.propagations = 2452186
h17.t16.stop_reason = aborted
h17.t16.restarts = 2405
h17.t16.nogoods_size = 7886312
h17.t16.nodes = 2382501
h17.t16.propagations = 2382501
h17.t14.stop_reason = aborted
h17.t14.restarts = 2405
h17.t14.nogoods_size = 7886312
h17.t14.nodes = 2452917
h17.t14.propagations = 2452917
h17.t11.stop_reason = aborted
h17.t11.restarts = 2405
h17.t11.nogoods_size = 7886312
h17.t11.nodes = 2463697
h17.t11.propagations = 2463697
h17.t4.stop_reason = aborted
h17.t4.restarts = 2405
h17.t4.nogoods_size = 7886312
h17.t4.nodes = 2476664
h17.t4.propagations = 2476664
h17.t15.stop_reason = aborted
h17.t15.restarts = 2405
h17.t15.nogoods_size = 7886312
h17.t15.nodes = 2446387
h17.t15.propagations = 2446387
h17.t3.stop_reason = aborted
h17.t3.restarts = 2405
h17.t3.nogoods_size = 7886312
h17.t3.nodes = 2502284
h17.t3.propagations = 2502284
h17.t1.stop_reason = aborted
h17.t1.restarts = 2405
h17.t1.nogoods_size = 7886312
h17.t1.nodes = 2472914
h17.t1.propagations = 2472914
h17.t9.stop_reason = aborted
h17.t9.restarts = 2405
h17.t9.nogoods_size = 7886312
h17.t9.nodes = 2498878
h17.t9.propagations = 2498878
h17.search_time = 1000194
h17.nodes = 40990887
h17.propagations = 194772837
h18.t11.stop_reason = aborted
h18.t11.restarts = 2405
h18.t11.nogoods_size = 7885218
h18.t11.nodes = 2405402
h18.t11.propagations = 2405402
h18.t10.stop_reason = aborted
h18.t10.restarts = 2405
h18.t10.nogoods_size = 7885218
h18.t10.nodes = 2482634
h18.t10.propagations = 2482634
h18.t1.stop_reason = aborted
h18.t1.restarts = 2405
h18.t1.nogoods_size = 7885218
h18.t1.nodes = 2520771
h18.t1.propagations = 2520771
h18.t3.stop_reason = aborted
h18.t3.restarts = 2405
h18.t3.nogoods_size = 7885218
h18.t3.nodes = 2379578
h18.t3.propagations = 2379578
h18.t14.stop_reason = aborted
h18.t14.restarts = 2405
h18.t14.nogoods_size = 7885218
h18.t14.nodes = 2482626
h18.t14.propagations = 2482626
h18.t2.stop_reason = aborted
h18.t2.restarts = 2405
h18.t2.nogoods_size = 7885218
h18.t2.nodes = 2649316
h18.t2.propagations = 2649316
h18.t7.stop_reason = aborted
h18.t7.restarts = 2405
h18.t7.nogoods_size = 7885218
h18.t7.nodes = 2561050
h18.t7.propagations = 2561050
h18.t16.stop_reason = aborted
h18.t16.restarts = 2405
h18.t16.nogoods_size = 7885218
h18.t16.nodes = 2410534
h18.t16.propagations = 2410534
h18.t8.stop_reason = aborted
h18.t8.restarts = 2405
h18.t8.nogoods_size = 7885218
h18.t8.nodes = 2468439
h18.t8.propagations = 2468439
h18.t5.stop_reason = aborted
h18.t5.restarts = 2405
h18.t5.nogoods_size = 7885218
h18.t5.nodes = 2405982
h18.t5.propagations = 2405982
h18.t4.stop_reason = aborted
h18.t4.restarts = 2405
h18.t4.nogoods_size = 7885218
h18.t4.nodes = 2450594
h18.t4.propagations = 2450594
h18.t17.stop_reason = aborted
h18.t17.restarts = 2405
h18.t17.nogoods_size = 7885218
h18.t17.nodes = 1049214
h18.t17.propagations = 1049214
h18.t9.stop_reason = aborted
h18.t9.restarts = 2405
h18.t9.nogoods_size = 7885218
h18.t9.nodes = 2337071
h18.t9.propagations = 2337071
h18.t0.stop_reason = aborted
h18.t0.restarts = 2405
h18.t0.nogoods_size = 7885218
h18.t0.nodes = 683690
h18.t0.propagations = 683690
h18.t6.stop_reason = aborted
h18.t6.restarts = 2405
h18.t6.nogoods_size = 7885218
h18.t6.nodes = 2575720
h18.t6.propagations = 2575720
h18.t15.stop_reason = aborted
h18.t15.restarts = 2405
h18.t15.nogoods_size = 7885218
h18.t15.nodes = 2369015
h18.t15.propagations = 2369015
h18.t12.stop_reason = aborted
h18.t12.restarts = 2405
h18.t12.nogoods_size = 7885218
h18.t12.nodes = 2433714
h18.t12.propagations = 2433714
h18.t13.stop_reason = aborted
h18.t13.restarts = 2405
h18.t13.nogoods_size = 7885218
h18.t13.nodes = 2440108
h18.t13.propagations = 2440108
h18.search_time = 1000193
h18.nodes = 41105458
h18.propagations = 195072792
h19.t13.stop_reason = aborted
h19.t13.restarts = 2405
h19.t13.nogoods_size = 7884995
h19.t13.nodes = 2458655
h19.t13.propagations = 2458655
h19.t1.stop_reason = aborted
h19.t1.restarts = 2405
h19.t1.nogoods_size = 7884995
h19.t1.nodes = 2485441
h19.t1.propagations = 2485441
h19.t3.stop_reason = aborted
h19.t3.restarts = 2405
h19.t3.nogoods_size = 7884995
h19.t3.nodes = 2361151
h19.t3.propagations = 2361151
h19.t6.stop_reason = aborted
h19.t6.restarts = 2405
h19.t6.nogoods_size = 7884995
h19.t6.nodes = 2458463
h19.t6.propagations = 2458463
h19.t8.stop_reason = aborted
h19.t8.restarts = 2405
h19.t8.nogoods_size = 7884995
h19.t8.nodes = 2588374
h19.t8.propagations = 2588374
h19.t5.stop_reason = aborted
h19.t5.restarts = 2405
h19.t5.nogoods_size = 7884995
h19.t5.nodes = 2389047
h19.t5.propagations = 2389047
h19.t9.stop_reason = aborted
h19.t9.restarts = 2405
h19.t9.nogoods_size = 7884995
h19.t9.nodes = 2432701
h19.t9.propagations = 2432701
h19.t7.stop_reason = aborted
h19.t7.restarts = 2405
h19.t7.nogoods_size = 7884995
h19.t7.nodes = 2289908
h19.t7.propagations = 2289908
h19.t10.stop_reason = aborted
h19.t10.restarts = 2405
h19.t10.nogoods_size = 7884995
h19.t10.nodes = 2415523
h19.t10.propagations = 2415523
h19.t16.stop_reason = aborted
h19.t16.restarts = 2405
h19.t16.nogoods_size = 7884995
h19.t16.nodes = 2424935
h19.t16.propagations = 2424935
h19.t14.stop_reason = aborted
h19.t14.restarts = 2405
h19.t14.nogoods_size = 7884995
h19.t14.nodes = 2374880
h19.t14.propagations = 2374880
h19.t15.stop_reason = aborted
h19.t15.restarts = 2405
h19.t15.nogoods_size = 7884995
h19.t15.nodes = 2377297
h19.t15.propagations = 2377297
h19.t4.stop_reason = aborted
h19.t4.restarts = 2405
h19.t4.nogoods_size = 7884995
h19.t4.nodes = 2522455
h19.t4.propagations = 2522455
h19.t12.stop_reason = aborted
h19.t12.restarts = 2405
h19.t12.nogoods_size = 7884995
h19.t12.nodes = 2376630
h19.t12.propagations = 2376630
h19.t2.stop_reason = aborted
h19.t2.restarts = 2405
h19.t2.nogoods_size = 7884995
h19.t2.nodes = 2496695
h19.t2.propagations = 2496695
h19.t11.stop_reason = aborted
h19.t11.restarts = 2405
h19.t11.nogoods_size = 7884995
h19.t11.nodes = 2586455
h19.t11.propagations = 2586455
h19.t17.stop_reason = aborted
h19.t17.restarts = 2405
h19.t17.nogoods_size = 7884995
h19.t17.nodes = 985166
h19.t17.propagations = 985166
h19.t0.restarts = 2405
h19.t0.nogoods_size = 7884995
h19.t0.nodes = 597786
h19.t0.propagations = 597786
h19.search_time = 1000194
h19.nodes = 40621562
h19.propagations = 193405790
