hostname = r1i3n32
commandline = ../glasgow/mpi_solve_subgraph_isomorphism --timeout 1000 --format lad --geometric-restarts=1.0 --restarts-constant=100000 --restart-timer=100 --triggered-restarts --threads 18 --value-ordering=biased ../instances/LV/g49 ../instances/LV/g50
started_at = 2018-11-24 21:21:06
pattern_file = ../instances/LV/g49
target_file = ../instances/LV/g50
status = true
nodes = 138882856
propagations = 536865065
mapping = (0 -> 97) (1 -> 9) (2 -> 80) (3 -> 48) (4 -> 47) (5 -> 12) (6 -> 106) (7 -> 87) (8 -> 25) (9 -> 72) (10 -> 49) (11 -> 46) (12 -> 83) (13 -> 114) (14 -> 28) (15 -> 15) (16 -> 84) (17 -> 8) (18 -> 61) (19 -> 1) (20 -> 17) (21 -> 35) (22 -> 88) (23 -> 29) (24 -> 92) (25 -> 39) (26 -> 75) (27 -> 63) (28 -> 53) (29 -> 82) (30 -> 11) (31 -> 31) (32 -> 32) (33 -> 120) (34 -> 34) (35 -> 117) (36 -> 36) (37 -> 23) (38 -> 67) (39 -> 20) (40 -> 13) (41 -> 41) (42 -> 26) (43 -> 30) (44 -> 126) (45 -> 60) (46 -> 119) (47 -> 4) (48 -> 2) (49 -> 16) (50 -> 50) (51 -> 109) (52 -> 57) (53 -> 76) (54 -> 56) (55 -> 55) (56 -> 102) (57 -> 110) (58 -> 58) (59 -> 5) (60 -> 115) (61 -> 7) (62 -> 62) (63 -> 69) (64 -> 64) (65 -> 98) (66 -> 66) (67 -> 91) (68 -> 74) (69 -> 22) (70 -> 95) (71 -> 118) (72 -> 65) (73 -> 108) (74 -> 93) (75 -> 122) (76 -> 14) (77 -> 100) (78 -> 124) (79 -> 116) (80 -> 3) (81 -> 81) (82 -> 6) (83 -> 37) (84 -> 10) (85 -> 85) (86 -> 86) (87 -> 44) (88 -> 70) (89 -> 104) (90 -> 42) (91 -> 27) (92 -> 19) (93 -> 68) (94 -> 105) (95 -> 40) (96 -> 77) (97 -> 79) (98 -> 107) (99 -> 127) (100 -> 89) (101 -> 0) (102 -> 54) (103 -> 103) (104 -> 18) (105 -> 94) (106 -> 125) (107 -> 78) (108 -> 101) (109 -> 73) (110 -> 45) (111 -> 111) (112 -> 112) (113 -> 90) (114 -> 121) (115 -> 52) (116 -> 96) (117 -> 21) (118 -> 71) (119 -> 43) (120 -> 33) (121 -> 59) (122 -> 113) (123 -> 123) (124 -> 38) (125 -> 99) (126 -> 24) (127 -> 51) 
runtime = 11574
h0.t17.restarts = 38
h0.t17.nogoods_size = 312592
h0.t17.nodes = 278967
h0.t17.propagations = 278967
h0.t15.restarts = 38
h0.t15.nogoods_size = 312592
h0.t15.nodes = 450969
h0.t15.propagations = 450969
h0.t7.restarts = 38
h0.t7.nogoods_size = 312592
h0.t7.nodes = 448261
h0.t7.propagations = 448261
h0.t8.restarts = 38
h0.t8.nogoods_size = 312592
h0.t8.nodes = 477782
h0.t8.propagations = 477782
h0.t3.restarts = 38
h0.t3.nogoods_size = 312592
h0.t3.nodes = 443800
h0.t3.propagations = 443800
h0.t0.restarts = 38
h0.t0.nogoods_size = 312592
h0.t0.nodes = 196403
h0.t0.propagations = 196403
h0.t13.restarts = 38
h0.t13.nogoods_size = 312592
h0.t13.nodes = 441775
h0.t13.propagations = 441775
h0.t11.restarts = 38
h0.t11.nogoods_size = 312592
h0.t11.nodes = 504055
h0.t11.propagations = 504055
h0.t1.restarts = 38
h0.t1.nogoods_size = 312592
h0.t1.nodes = 433239
h0.t1.propagations = 433239
h0.t5.restarts = 38
h0.t5.nogoods_size = 312592
h0.t5.nodes = 492103
h0.t5.propagations = 492103
h0.t4.restarts = 38
h0.t4.nogoods_size = 312592
h0.t4.nodes = 531194
h0.t4.propagations = 531194
h0.t14.restarts = 38
h0.t14.nogoods_size = 312592
h0.t14.nodes = 453819
h0.t14.propagations = 453819
h0.t2.restarts = 38
h0.t2.nogoods_size = 312592
h0.t2.nodes = 469320
h0.t2.propagations = 469320
h0.t12.restarts = 38
h0.t12.nogoods_size = 312592
h0.t12.nodes = 468464
h0.t12.propagations = 468464
h0.t16.restarts = 38
h0.t16.nogoods_size = 312592
h0.t16.nodes = 446185
h0.t16.propagations = 446185
h0.t9.restarts = 38
h0.t9.nogoods_size = 312592
h0.t9.nodes = 458936
h0.t9.propagations = 458936
h0.t6.restarts = 38
h0.t6.nogoods_size = 312592
h0.t6.nodes = 467269
h0.t6.propagations = 467269
h0.t10.restarts = 38
h0.t10.nogoods_size = 312592
h0.t10.nodes = 485708
h0.t10.propagations = 485708
h0.search_time = 10489
h0.nodes = 7948249
h0.propagations = 31505693
h1.t4.restarts = 38
h1.t4.nogoods_size = 312596
h1.t4.nodes = 403075
h1.t4.propagations = 403075
h1.t6.restarts = 38
h1.t6.nogoods_size = 312596
h1.t6.nodes = 464068
h1.t6.propagations = 464068
h1.t17.restarts = 38
h1.t17.nogoods_size = 312596
h1.t17.nodes = 268120
h1.t17.propagations = 268120
h1.t14.restarts = 38
h1.t14.nogoods_size = 312596
h1.t14.nodes = 427014
h1.t14.propagations = 427014
h1.t9.restarts = 38
h1.t9.nogoods_size = 312596
h1.t9.nodes = 441781
h1.t9.propagations = 441781
h1.t5.restarts = 38
h1.t5.nogoods_size = 312596
h1.t5.nodes = 458386
h1.t5.propagations = 458386
h1.t10.restarts = 38
h1.t10.nogoods_size = 312596
h1.t10.nodes = 446470
h1.t10.propagations = 446470
h1.t8.restarts = 38
h1.t8.nogoods_size = 312596
h1.t8.nodes = 421714
h1.t8.propagations = 421714
h1.t15.restarts = 38
h1.t15.nogoods_size = 312596
h1.t15.nodes = 422682
h1.t15.propagations = 422682
h1.t11.restarts = 38
h1.t11.nogoods_size = 312596
h1.t11.nodes = 420441
h1.t11.propagations = 420441
h1.t3.restarts = 38
h1.t3.nogoods_size = 312596
h1.t3.nodes = 398089
h1.t3.propagations = 398089
h1.t7.restarts = 38
h1.t7.nogoods_size = 312596
h1.t7.nodes = 394715
h1.t7.propagations = 394715
h1.t2.restarts = 38
h1.t2.nogoods_size = 312596
h1.t2.nodes = 447120
h1.t2.propagations = 447120
h1.t1.restarts = 38
h1.t1.nogoods_size = 312596
h1.t1.nodes = 467477
h1.t1.propagations = 467477
h1.t12.restarts = 38
h1.t12.nogoods_size = 312596
h1.t12.nodes = 442074
h1.t12.propagations = 442074
h1.t16.restarts = 38
h1.t16.nogoods_size = 312596
h1.t16.nodes = 428804
h1.t16.propagations = 428804
h1.t13.restarts = 38
h1.t13.nogoods_size = 312596
h1.t13.nodes = 444511
h1.t13.propagations = 444511
h1.t0.restarts = 38
h1.t0.nogoods_size = 312596
h1.t0.nodes = 205903
h1.t0.propagations = 205903
h1.search_time = 10502
h1.nodes = 7402444
h1.propagations = 28984580
h2.t0.restarts = 38
h2.t0.nogoods_size = 312454
h2.t0.nodes = 205027
h2.t0.propagations = 205027
h2.t8.restarts = 38
h2.t8.nogoods_size = 312454
h2.t8.nodes = 361021
h2.t8.propagations = 361021
h2.t2.restarts = 38
h2.t2.nogoods_size = 312454
h2.t2.nodes = 394928
h2.t2.propagations = 394928
h2.t5.restarts = 38
h2.t5.nogoods_size = 312454
h2.t5.nodes = 393694
h2.t5.propagations = 393694
h2.t1.restarts = 38
h2.t1.nogoods_size = 312454
h2.t1.nodes = 397054
h2.t1.propagations = 397054
h2.t14.restarts = 38
h2.t14.nogoods_size = 312454
h2.t14.nodes = 401858
h2.t14.propagations = 401858
h2.t7.restarts = 38
h2.t7.nogoods_size = 312454
h2.t7.nodes = 371886
h2.t7.propagations = 371886
h2.t12.restarts = 38
h2.t12.nogoods_size = 312454
h2.t12.nodes = 385380
h2.t12.propagations = 385380
h2.t11.restarts = 38
h2.t11.nogoods_size = 312454
h2.t11.nodes = 385925
h2.t11.propagations = 385925
h2.t4.restarts = 38
h2.t4.nogoods_size = 312454
h2.t4.nodes = 367888
h2.t4.propagations = 367888
h2.t9.restarts = 38
h2.t9.nogoods_size = 312454
h2.t9.nodes = 330921
h2.t9.propagations = 330921
h2.t15.restarts = 38
h2.t15.nogoods_size = 312454
h2.t15.nodes = 385334
h2.t15.propagations = 385334
h2.t10.restarts = 38
h2.t10.nogoods_size = 312454
h2.t10.nodes = 384188
h2.t10.propagations = 384188
h2.t6.restarts = 38
h2.t6.nogoods_size = 312454
h2.t6.nodes = 380822
h2.t6.propagations = 380822
h2.t16.restarts = 38
h2.t16.nogoods_size = 312454
h2.t16.nodes = 410744
h2.t16.propagations = 410744
h2.t17.restarts = 38
h2.t17.nogoods_size = 312454
h2.t17.nodes = 263520
h2.t17.propagations = 263520
h2.t3.restarts = 38
h2.t3.nogoods_size = 312454
h2.t3.nodes = 371722
h2.t3.propagations = 371722
h2.t13.restarts = 38
h2.t13.nogoods_size = 312454
h2.t13.nodes = 392176
h2.t13.propagations = 392176
h2.search_time = 10518
h2.nodes = 6584088
h2.propagations = 25364262
h3.t17.restarts = 38
h3.t17.nogoods_size = 312161
h3.t17.nodes = 252747
h3.t17.propagations = 252747
h3.t15.restarts = 38
h3.t15.nogoods_size = 312161
h3.t15.nodes = 368485
h3.t15.propagations = 368485
h3.t7.restarts = 38
h3.t7.nogoods_size = 312161
h3.t7.nodes = 378963
h3.t7.propagations = 378963
h3.t1.restarts = 38
h3.t1.nogoods_size = 312161
h3.t1.nodes = 393858
h3.t1.propagations = 393858
h3.t2.restarts = 38
h3.t2.nogoods_size = 312161
h3.t2.nodes = 394701
h3.t2.propagations = 394701
h3.t5.restarts = 38
h3.t5.nogoods_size = 312161
h3.t5.nodes = 405872
h3.t5.propagations = 405872
h3.t6.restarts = 38
h3.t6.nogoods_size = 312161
h3.t6.nodes = 365711
h3.t6.propagations = 365711
h3.t11.restarts = 38
h3.t11.nogoods_size = 312161
h3.t11.nodes = 396127
h3.t11.propagations = 396127
h3.t8.restarts = 38
h3.t8.nogoods_size = 312161
h3.t8.nodes = 396557
h3.t8.propagations = 396557
h3.t9.restarts = 38
h3.t9.nogoods_size = 312161
h3.t9.nodes = 380233
h3.t9.propagations = 380233
h3.t14.restarts = 38
h3.t14.nogoods_size = 312161
h3.t14.nodes = 385404
h3.t14.propagations = 385404
h3.t4.restarts = 38
h3.t4.nogoods_size = 312161
h3.t4.nodes = 393437
h3.t4.propagations = 393437
h3.t16.restarts = 38
h3.t16.nogoods_size = 312161
h3.t16.nodes = 410946
h3.t16.propagations = 410946
h3.t13.restarts = 38
h3.t13.nogoods_size = 312161
h3.t13.nodes = 379702
h3.t13.propagations = 379702
h3.t3.restarts = 38
h3.t3.nogoods_size = 312161
h3.t3.nodes = 391231
h3.t3.propagations = 391231
h3.t12.restarts = 38
h3.t12.nogoods_size = 312161
h3.t12.nodes = 401193
h3.t12.propagations = 401193
h3.t0.restarts = 38
h3.t0.nogoods_size = 312161
h3.t0.nodes = 187109
h3.t0.propagations = 187109
h3.t10.restarts = 38
h3.t10.nogoods_size = 312161
h3.t10.nodes = 438447
h3.t10.propagations = 438447
h3.search_time = 10512
h3.nodes = 6720723
h3.propagations = 25426558
h4.t6.restarts = 38
h4.t6.nogoods_size = 312382
h4.t6.nodes = 420259
h4.t6.propagations = 420259
h4.t5.restarts = 38
h4.t5.nogoods_size = 312382
h4.t5.nodes = 378121
h4.t5.propagations = 378121
h4.t9.restarts = 38
h4.t9.nogoods_size = 312382
h4.t9.nodes = 379785
h4.t9.propagations = 379785
h4.t1.restarts = 38
h4.t1.nogoods_size = 312382
h4.t1.nodes = 375147
h4.t1.propagations = 375147
h4.t11.restarts = 38
h4.t11.nogoods_size = 312382
h4.t11.nodes = 392821
h4.t11.propagations = 392821
h4.t16.restarts = 38
h4.t16.nogoods_size = 312382
h4.t16.nodes = 390846
h4.t16.propagations = 390846
h4.t3.restarts = 38
h4.t3.nogoods_size = 312382
h4.t3.nodes = 386779
h4.t3.propagations = 386779
h4.t4.restarts = 38
h4.t4.nogoods_size = 312382
h4.t4.nodes = 315973
h4.t4.propagations = 315973
h4.t2.restarts = 38
h4.t2.nogoods_size = 312382
h4.t2.nodes = 362160
h4.t2.propagations = 362160
h4.t14.restarts = 38
h4.t14.nogoods_size = 312382
h4.t14.nodes = 390711
h4.t14.propagations = 390711
h4.t7.restarts = 38
h4.t7.nogoods_size = 312382
h4.t7.nodes = 386548
h4.t7.propagations = 386548
h4.t15.restarts = 38
h4.t15.nogoods_size = 312382
h4.t15.nodes = 375996
h4.t15.propagations = 375996
h4.t10.restarts = 38
h4.t10.nogoods_size = 312382
h4.t10.nodes = 393826
h4.t10.propagations = 393826
h4.t8.restarts = 38
h4.t8.nogoods_size = 312382
h4.t8.nodes = 405608
h4.t8.propagations = 405608
h4.t17.restarts = 38
h4.t17.nogoods_size = 312382
h4.t17.nodes = 257428
h4.t17.propagations = 257428
h4.t13.restarts = 38
h4.t13.nogoods_size = 312382
h4.t13.nodes = 357967
h4.t13.propagations = 357967
h4.t0.restarts = 38
h4.t0.nogoods_size = 312382
h4.t0.nodes = 189698
h4.t0.propagations = 189698
h4.t12.restarts = 38
h4.t12.nogoods_size = 312382
h4.t12.nodes = 366927
h4.t12.propagations = 366927
h4.search_time = 10510
h4.nodes = 6526600
h4.propagations = 25182788
h5.t6.restarts = 38
h5.t6.nogoods_size = 312576
h5.t6.nodes = 348895
h5.t6.propagations = 348895
h5.t11.restarts = 38
h5.t11.nogoods_size = 312576
h5.t11.nodes = 350299
h5.t11.propagations = 350299
h5.t0.restarts = 38
h5.t0.nogoods_size = 312576
h5.t0.nodes = 187220
h5.t0.propagations = 187220
h5.t3.restarts = 38
h5.t3.nogoods_size = 312576
h5.t3.nodes = 365624
h5.t3.propagations = 365624
h5.t2.restarts = 38
h5.t2.nogoods_size = 312576
h5.t2.nodes = 357808
h5.t2.propagations = 357808
h5.t1.restarts = 38
h5.t1.nogoods_size = 312576
h5.t1.nodes = 362425
h5.t1.propagations = 362425
h5.t9.restarts = 38
h5.t9.nogoods_size = 312576
h5.t9.nodes = 400327
h5.t9.propagations = 400327
h5.t8.restarts = 38
h5.t8.nogoods_size = 312576
h5.t8.nodes = 421889
h5.t8.propagations = 421889
h5.t4.restarts = 38
h5.t4.nogoods_size = 312576
h5.t4.nodes = 347117
h5.t4.propagations = 347117
h5.t16.restarts = 38
h5.t16.nogoods_size = 312576
h5.t16.nodes = 449462
h5.t16.propagations = 449462
h5.t15.restarts = 38
h5.t15.nogoods_size = 312576
h5.t15.nodes = 397263
h5.t15.propagations = 397263
h5.t17.restarts = 38
h5.t17.nogoods_size = 312576
h5.t17.nodes = 252009
h5.t17.propagations = 252009
h5.t7.restarts = 38
h5.t7.nogoods_size = 312576
h5.t7.nodes = 352859
h5.t7.propagations = 352859
h5.t14.restarts = 38
h5.t14.nogoods_size = 312576
h5.t14.nodes = 384016
h5.t14.propagations = 384016
h5.t12.restarts = 38
h5.t12.nogoods_size = 312576
h5.t12.nodes = 353714
h5.t12.propagations = 353714
h5.t13.restarts = 38
h5.t13.nogoods_size = 312576
h5.t13.nodes = 448925
h5.t13.propagations = 448925
h5.t10.restarts = 38
h5.t10.nogoods_size = 312576
h5.t10.nodes = 365618
h5.t10.propagations = 365618
h5.t5.restarts = 38
h5.t5.nogoods_size = 312576
h5.t5.nodes = 344739
h5.t5.propagations = 344739
h5.search_time = 10507
h5.nodes = 6490209
h5.propagations = 25240147
h6.t4.restarts = 38
h6.t4.nogoods_size = 312559
h6.t4.nodes = 433062
h6.t4.propagations = 433062
h6.t15.restarts = 38
h6.t15.nogoods_size = 312559
h6.t15.nodes = 436462
h6.t15.propagations = 436462
h6.t14.restarts = 38
h6.t14.nogoods_size = 312559
h6.t14.nodes = 484859
h6.t14.propagations = 484859
h6.t7.restarts = 38
h6.t7.nogoods_size = 312559
h6.t7.nodes = 423274
h6.t7.propagations = 423274
h6.t10.restarts = 38
h6.t10.nogoods_size = 312559
h6.t10.nodes = 449490
h6.t10.propagations = 449490
h6.t0.restarts = 38
h6.t0.nogoods_size = 312559
h6.t0.nodes = 185834
h6.t0.propagations = 185834
h6.t2.restarts = 38
h6.t2.nogoods_size = 312559
h6.t2.nodes = 446780
h6.t2.propagations = 446780
h6.t6.restarts = 38
h6.t6.nogoods_size = 312559
h6.t6.nodes = 469159
h6.t6.propagations = 469159
h6.t13.restarts = 38
h6.t13.nogoods_size = 312559
h6.t13.nodes = 457332
h6.t13.propagations = 457332
h6.t8.restarts = 38
h6.t8.nogoods_size = 312559
h6.t8.nodes = 467499
h6.t8.propagations = 467499
h6.t1.restarts = 38
h6.t1.nogoods_size = 312559
h6.t1.nodes = 465131
h6.t1.propagations = 465131
h6.t3.restarts = 38
h6.t3.nogoods_size = 312559
h6.t3.nodes = 471035
h6.t3.propagations = 471035
h6.t12.restarts = 38
h6.t12.nogoods_size = 312559
h6.t12.nodes = 463757
h6.t12.propagations = 463757
h6.t5.restarts = 38
h6.t5.nogoods_size = 312559
h6.t5.nodes = 429445
h6.t5.propagations = 429445
h6.t17.restarts = 38
h6.t17.nogoods_size = 312559
h6.t17.nodes = 253565
h6.t17.propagations = 253565
h6.t11.restarts = 38
h6.t11.nogoods_size = 312559
h6.t11.nodes = 454104
h6.t11.propagations = 454104
h6.t9.restarts = 38
h6.t9.nogoods_size = 312559
h6.t9.nodes = 446914
h6.t9.propagations = 446914
h6.t16.restarts = 38
h6.t16.nogoods_size = 312559
h6.t16.nodes = 463129
h6.t16.propagations = 463129
h6.search_time = 10500
h6.nodes = 7700831
h6.propagations = 29636457
h7.t14.restarts = 38
h7.t14.nogoods_size = 312513
h7.t14.nodes = 458859
h7.t14.propagations = 458859
h7.t17.restarts = 38
h7.t17.nogoods_size = 312513
h7.t17.nodes = 285671
h7.t17.propagations = 285671
h7.t5.restarts = 38
h7.t5.nogoods_size = 312513
h7.t5.nodes = 487918
h7.t5.propagations = 487918
h7.t6.restarts = 38
h7.t6.nogoods_size = 312513
h7.t6.nodes = 419294
h7.t6.propagations = 419294
h7.t11.restarts = 38
h7.t11.nogoods_size = 312513
h7.t11.nodes = 464554
h7.t11.propagations = 464554
h7.t15.restarts = 38
h7.t15.nogoods_size = 312513
h7.t15.nodes = 440077
h7.t15.propagations = 440077
h7.t2.restarts = 38
h7.t2.nogoods_size = 312513
h7.t2.nodes = 449312
h7.t2.propagations = 449312
h7.t16.restarts = 38
h7.t16.nogoods_size = 312513
h7.t16.nodes = 453235
h7.t16.propagations = 453235
h7.t10.restarts = 38
h7.t10.nogoods_size = 312513
h7.t10.nodes = 436308
h7.t10.propagations = 436308
h7.t12.restarts = 38
h7.t12.nogoods_size = 312513
h7.t12.nodes = 456202
h7.t12.propagations = 456202
h7.t8.restarts = 38
h7.t8.nogoods_size = 312513
h7.t8.nodes = 493029
h7.t8.propagations = 493029
h7.t7.restarts = 38
h7.t7.nogoods_size = 312513
h7.t7.nodes = 467579
h7.t7.propagations = 467579
h7.t9.restarts = 38
h7.t9.nogoods_size = 312513
h7.t9.nodes = 491079
h7.t9.propagations = 491079
h7.t13.restarts = 38
h7.t13.nogoods_size = 312513
h7.t13.nodes = 433796
h7.t13.propagations = 433796
h7.t4.restarts = 38
h7.t4.nogoods_size = 312513
h7.t4.nodes = 452666
h7.t4.propagations = 452666
h7.t0.restarts = 38
h7.t0.nogoods_size = 312513
h7.t0.nodes = 182769
h7.t0.propagations = 182769
h7.t3.restarts = 38
h7.t3.nogoods_size = 312513
h7.t3.nodes = 504765
h7.t3.propagations = 504765
h7.t1.restarts = 38
h7.t1.nogoods_size = 312513
h7.t1.nodes = 483635
h7.t1.propagations = 483635
h7.search_time = 10498
h7.nodes = 7860748
h7.propagations = 29563431
h8.t12.restarts = 38
h8.t12.nogoods_size = 312464
h8.t12.nodes = 347952
h8.t12.propagations = 347952
h8.t2.restarts = 38
h8.t2.nogoods_size = 312464
h8.t2.nodes = 351155
h8.t2.propagations = 351155
h8.t4.restarts = 38
h8.t4.nogoods_size = 312464
h8.t4.nodes = 361556
h8.t4.propagations = 361556
h8.t13.restarts = 38
h8.t13.nogoods_size = 312464
h8.t13.nodes = 380492
h8.t13.propagations = 380492
h8.t6.restarts = 38
h8.t6.nogoods_size = 312464
h8.t6.nodes = 378840
h8.t6.propagations = 378840
h8.t17.restarts = 38
h8.t17.nogoods_size = 312464
h8.t17.nodes = 238341
h8.t17.propagations = 238341
h8.t3.restarts = 38
h8.t3.nogoods_size = 312464
h8.t3.nodes = 372672
h8.t3.propagations = 372672
h8.t16.restarts = 38
h8.t16.nogoods_size = 312464
h8.t16.nodes = 393939
h8.t16.propagations = 393939
h8.t11.restarts = 38
h8.t11.nogoods_size = 312464
h8.t11.nodes = 380727
h8.t11.propagations = 380727
h8.t1.restarts = 38
h8.t1.nogoods_size = 312464
h8.t1.nodes = 322914
h8.t1.propagations = 322914
h8.t14.restarts = 38
h8.t14.nogoods_size = 312464
h8.t14.nodes = 399535
h8.t14.propagations = 399535
h8.t8.restarts = 38
h8.t8.nogoods_size = 312464
h8.t8.nodes = 387389
h8.t8.propagations = 387389
h8.t5.restarts = 38
h8.t5.nogoods_size = 312464
h8.t5.nodes = 334888
h8.t5.propagations = 334888
h8.t9.restarts = 38
h8.t9.nogoods_size = 312464
h8.t9.nodes = 367322
h8.t9.propagations = 367322
h8.t15.restarts = 38
h8.t15.nogoods_size = 312464
h8.t15.nodes = 360641
h8.t15.propagations = 360641
h8.t10.restarts = 38
h8.t10.nogoods_size = 312464
h8.t10.nodes = 347117
h8.t10.propagations = 347117
h8.t0.restarts = 38
h8.t0.nogoods_size = 312464
h8.t0.nodes = 169822
h8.t0.propagations = 169822
h8.t7.restarts = 38
h8.t7.nogoods_size = 312464
h8.t7.nodes = 366980
h8.t7.propagations = 366980
h8.search_time = 10508
h8.nodes = 6262282
h8.propagations = 24422766
h9.t9.restarts = 38
h9.t9.nogoods_size = 312053
h9.t9.nodes = 380711
h9.t9.propagations = 380711
h9.t3.restarts = 38
h9.t3.nogoods_size = 312053
h9.t3.nodes = 394203
h9.t3.propagations = 394203
h9.t5.restarts = 38
h9.t5.nogoods_size = 312053
h9.t5.nodes = 393220
h9.t5.propagations = 393220
h9.t16.restarts = 38
h9.t16.nogoods_size = 312053
h9.t16.nodes = 394932
h9.t16.propagations = 394932
h9.t6.restarts = 38
h9.t6.nogoods_size = 312053
h9.t6.nodes = 373112
h9.t6.propagations = 373112
h9.t15.restarts = 38
h9.t15.nogoods_size = 312053
h9.t15.nodes = 382067
h9.t15.propagations = 382067
h9.t8.restarts = 38
h9.t8.nogoods_size = 312053
h9.t8.nodes = 369423
h9.t8.propagations = 369423
h9.t13.restarts = 38
h9.t13.nogoods_size = 312053
h9.t13.nodes = 378032
h9.t13.propagations = 378032
h9.t10.restarts = 38
h9.t10.nogoods_size = 312053
h9.t10.nodes = 385699
h9.t10.propagations = 385699
h9.t7.restarts = 38
h9.t7.nogoods_size = 312053
h9.t7.nodes = 371110
h9.t7.propagations = 371110
h9.t11.restarts = 38
h9.t11.nogoods_size = 312053
h9.t11.nodes = 340700
h9.t11.propagations = 340700
h9.t12.restarts = 38
h9.t12.nogoods_size = 312053
h9.t12.nodes = 399338
h9.t12.propagations = 399338
h9.t2.restarts = 38
h9.t2.nogoods_size = 312053
h9.t2.nodes = 367602
h9.t2.propagations = 367602
h9.t14.restarts = 38
h9.t14.nogoods_size = 312053
h9.t14.nodes = 382861
h9.t14.propagations = 382861
h9.t17.restarts = 38
h9.t17.nogoods_size = 312053
h9.t17.nodes = 260760
h9.t17.propagations = 260760
h9.t1.restarts = 38
h9.t1.nogoods_size = 312053
h9.t1.nodes = 365572
h9.t1.propagations = 365572
h9.t0.restarts = 38
h9.t0.nogoods_size = 312053
h9.t0.nodes = 202486
h9.t0.propagations = 202486
h9.t4.restarts = 38
h9.t4.nogoods_size = 312053
h9.t4.nodes = 381686
h9.t4.propagations = 381686
h9.search_time = 10502
h9.nodes = 6523514
h9.propagations = 25418297
h10.t0.restarts = 38
h10.t0.nogoods_size = 312299
h10.t0.nodes = 173003
h10.t0.propagations = 173003
h10.t2.restarts = 38
h10.t2.nogoods_size = 312299
h10.t2.nodes = 370731
h10.t2.propagations = 370731
h10.t5.restarts = 38
h10.t5.nogoods_size = 312299
h10.t5.nodes = 360088
h10.t5.propagations = 360088
h10.t16.restarts = 38
h10.t16.nogoods_size = 312299
h10.t16.nodes = 370265
h10.t16.propagations = 370265
h10.t1.restarts = 38
h10.t1.nogoods_size = 312299
h10.t1.nodes = 401217
h10.t1.propagations = 401217
h10.t9.restarts = 38
h10.t9.nogoods_size = 312299
h10.t9.nodes = 337448
h10.t9.propagations = 337448
h10.t8.restarts = 38
h10.t8.nogoods_size = 312299
h10.t8.nodes = 372717
h10.t8.propagations = 372717
h10.t15.restarts = 38
h10.t15.nogoods_size = 312299
h10.t15.nodes = 383241
h10.t15.propagations = 383241
h10.t3.restarts = 38
h10.t3.nogoods_size = 312299
h10.t3.nodes = 395505
h10.t3.propagations = 395505
h10.t4.restarts = 38
h10.t4.nogoods_size = 312299
h10.t4.nodes = 387757
h10.t4.propagations = 387757
h10.t6.restarts = 38
h10.t6.nogoods_size = 312299
h10.t6.nodes = 314031
h10.t6.propagations = 314031
h10.t14.restarts = 38
h10.t14.nogoods_size = 312299
h10.t14.nodes = 359286
h10.t14.propagations = 359286
h10.t7.restarts = 38
h10.t7.nogoods_size = 312299
h10.t7.nodes = 364172
h10.t7.propagations = 364172
h10.t11.restarts = 38
h10.t11.nogoods_size = 312299
h10.t11.nodes = 366594
h10.t11.propagations = 366594
h10.t12.restarts = 38
h10.t12.nogoods_size = 312299
h10.t12.nodes = 366201
h10.t12.propagations = 366201
h10.t17.restarts = 38
h10.t17.nogoods_size = 312299
h10.t17.nodes = 243380
h10.t17.propagations = 243380
h10.t13.restarts = 38
h10.t13.nogoods_size = 312299
h10.t13.nodes = 355802
h10.t13.propagations = 355802
h10.t10.restarts = 38
h10.t10.nogoods_size = 312299
h10.t10.nodes = 382138
h10.t10.propagations = 382138
h10.search_time = 10502
h10.nodes = 6303576
h10.propagations = 24526058
h11.t17.restarts = 38
h11.t17.nogoods_size = 312364
h11.t17.nodes = 255747
h11.t17.propagations = 255747
h11.t0.restarts = 38
h11.t0.nogoods_size = 312364
h11.t0.nodes = 191932
h11.t0.propagations = 191932
h11.t2.restarts = 38
h11.t2.nogoods_size = 312364
h11.t2.nodes = 364062
h11.t2.propagations = 364062
h11.t5.restarts = 38
h11.t5.nogoods_size = 312364
h11.t5.nodes = 389392
h11.t5.propagations = 389392
h11.t6.restarts = 38
h11.t6.nogoods_size = 312364
h11.t6.nodes = 400503
h11.t6.propagations = 400503
h11.t10.restarts = 38
h11.t10.nogoods_size = 312364
h11.t10.nodes = 400594
h11.t10.propagations = 400594
h11.t14.restarts = 38
h11.t14.nogoods_size = 312364
h11.t14.nodes = 386246
h11.t14.propagations = 386246
h11.t7.restarts = 38
h11.t7.nogoods_size = 312364
h11.t7.nodes = 330021
h11.t7.propagations = 330021
h11.t4.restarts = 38
h11.t4.nogoods_size = 312364
h11.t4.nodes = 399819
h11.t4.propagations = 399819
h11.t1.restarts = 38
h11.t1.nogoods_size = 312364
h11.t1.nodes = 357880
h11.t1.propagations = 357880
h11.t3.restarts = 38
h11.t3.nogoods_size = 312364
h11.t3.nodes = 394635
h11.t3.propagations = 394635
h11.t12.restarts = 38
h11.t12.nogoods_size = 312364
h11.t12.nodes = 361737
h11.t12.propagations = 361737
h11.t15.restarts = 38
h11.t15.nogoods_size = 312364
h11.t15.nodes = 405716
h11.t15.propagations = 405716
h11.t13.restarts = 38
h11.t13.nogoods_size = 312364
h11.t13.nodes = 378463
h11.t13.propagations = 378463
h11.t16.restarts = 38
h11.t16.nogoods_size = 312364
h11.t16.nodes = 372194
h11.t16.propagations = 372194
h11.t9.restarts = 38
h11.t9.nogoods_size = 312364
h11.t9.nodes = 376415
h11.t9.propagations = 376415
h11.t8.restarts = 38
h11.t8.nogoods_size = 312364
h11.t8.nodes = 385483
h11.t8.propagations = 385483
h11.t11.restarts = 38
h11.t11.nogoods_size = 312364
h11.t11.nodes = 364649
h11.t11.propagations = 364649
h11.search_time = 10500
h11.nodes = 6515488
h11.propagations = 25203432
h12.t9.restarts = 38
h12.t9.nogoods_size = 312299
h12.t9.nodes = 361742
h12.t9.propagations = 361742
h12.t7.restarts = 38
h12.t7.nogoods_size = 312299
h12.t7.nodes = 364133
h12.t7.propagations = 364133
h12.t4.restarts = 38
h12.t4.nogoods_size = 312299
h12.t4.nodes = 392939
h12.t4.propagations = 392939
h12.t14.restarts = 38
h12.t14.nogoods_size = 312299
h12.t14.nodes = 388976
h12.t14.propagations = 388976
h12.t13.restarts = 38
h12.t13.nogoods_size = 312299
h12.t13.nodes = 342550
h12.t13.propagations = 342550
h12.t8.restarts = 38
h12.t8.nogoods_size = 312299
h12.t8.nodes = 388196
h12.t8.propagations = 388196
h12.t5.restarts = 38
h12.t5.nogoods_size = 312299
h12.t5.nodes = 403169
h12.t5.propagations = 403169
h12.t3.restarts = 38
h12.t3.nogoods_size = 312299
h12.t3.nodes = 335026
h12.t3.propagations = 335026
h12.t15.restarts = 38
h12.t15.nogoods_size = 312299
h12.t15.nodes = 429336
h12.t15.propagations = 429336
h12.t11.restarts = 38
h12.t11.nogoods_size = 312299
h12.t11.nodes = 342451
h12.t11.propagations = 342451
h12.t12.restarts = 38
h12.t12.nogoods_size = 312299
h12.t12.nodes = 353309
h12.t12.propagations = 353309
h12.t2.restarts = 38
h12.t2.nogoods_size = 312299
h12.t2.nodes = 387969
h12.t2.propagations = 387969
h12.t1.restarts = 38
h12.t1.nogoods_size = 312299
h12.t1.nodes = 362813
h12.t1.propagations = 362813
h12.t10.restarts = 38
h12.t10.nogoods_size = 312299
h12.t10.nodes = 389909
h12.t10.propagations = 389909
h12.t17.restarts = 38
h12.t17.nogoods_size = 312299
h12.t17.nodes = 215537
h12.t17.propagations = 215537
h12.t16.restarts = 38
h12.t16.nogoods_size = 312299
h12.t16.nodes = 399809
h12.t16.propagations = 399809
h12.t6.restarts = 38
h12.t6.nogoods_size = 312299
h12.t6.nodes = 404724
h12.t6.propagations = 404724
h12.t0.restarts = 38
h12.t0.nogoods_size = 312299
h12.t0.nodes = 171733
h12.t0.propagations = 171733
h12.search_time = 10529
h12.nodes = 6434321
h12.propagations = 24816240
h13.t0.restarts = 38
h13.t0.nogoods_size = 312309
h13.t0.nodes = 183237
h13.t0.propagations = 183237
h13.t7.restarts = 38
h13.t7.nogoods_size = 312309
h13.t7.nodes = 330736
h13.t7.propagations = 330736
h13.t5.restarts = 38
h13.t5.nogoods_size = 312309
h13.t5.nodes = 364764
h13.t5.propagations = 364764
h13.t14.restarts = 38
h13.t14.nogoods_size = 312309
h13.t14.nodes = 340214
h13.t14.propagations = 340214
h13.t10.restarts = 38
h13.t10.nogoods_size = 312309
h13.t10.nodes = 346768
h13.t10.propagations = 346768
h13.t9.restarts = 38
h13.t9.nogoods_size = 312309
h13.t9.nodes = 360811
h13.t9.propagations = 360811
h13.t2.restarts = 38
h13.t2.nogoods_size = 312309
h13.t2.nodes = 375608
h13.t2.propagations = 375608
h13.t13.restarts = 38
h13.t13.nogoods_size = 312309
h13.t13.nodes = 384450
h13.t13.propagations = 384450
h13.t6.restarts = 38
h13.t6.nogoods_size = 312309
h13.t6.nodes = 394128
h13.t6.propagations = 394128
h13.t3.restarts = 38
h13.t3.nogoods_size = 312309
h13.t3.nodes = 363335
h13.t3.propagations = 363335
h13.t17.restarts = 38
h13.t17.nogoods_size = 312309
h13.t17.nodes = 248693
h13.t17.propagations = 248693
h13.t11.restarts = 38
h13.t11.nogoods_size = 312309
h13.t11.nodes = 318364
h13.t11.propagations = 318364
h13.t8.restarts = 38
h13.t8.nogoods_size = 312309
h13.t8.nodes = 363696
h13.t8.propagations = 363696
h13.t16.restarts = 38
h13.t16.nogoods_size = 312309
h13.t16.nodes = 373237
h13.t16.propagations = 373237
h13.t12.restarts = 38
h13.t12.nogoods_size = 312309
h13.t12.nodes = 392188
h13.t12.propagations = 392188
h13.t1.restarts = 38
h13.t1.nogoods_size = 312309
h13.t1.nodes = 371167
h13.t1.propagations = 371167
h13.t15.restarts = 38
h13.t15.nogoods_size = 312309
h13.t15.nodes = 395537
h13.t15.propagations = 395537
h13.t4.restarts = 38
h13.t4.nogoods_size = 312309
h13.t4.nodes = 363268
h13.t4.propagations = 363268
h13.search_time = 10504
h13.nodes = 6270201
h13.propagations = 24100061
h14.t9.restarts = 38
h14.t9.nogoods_size = 312385
h14.t9.nodes = 459007
h14.t9.propagations = 459007
h14.t3.restarts = 38
h14.t3.nogoods_size = 312385
h14.t3.nodes = 439786
h14.t3.propagations = 439786
h14.t17.restarts = 38
h14.t17.nogoods_size = 312385
h14.t17.nodes = 263589
h14.t17.propagations = 263589
h14.t5.restarts = 38
h14.t5.nogoods_size = 312385
h14.t5.nodes = 436663
h14.t5.propagations = 436663
h14.t12.restarts = 38
h14.t12.nogoods_size = 312385
h14.t12.nodes = 502479
h14.t12.propagations = 502479
h14.t15.restarts = 38
h14.t15.nogoods_size = 312385
h14.t15.nodes = 415944
h14.t15.propagations = 415944
h14.t6.restarts = 38
h14.t6.nogoods_size = 312385
h14.t6.nodes = 432291
h14.t6.propagations = 432291
h14.t11.restarts = 38
h14.t11.nogoods_size = 312385
h14.t11.nodes = 415242
h14.t11.propagations = 415242
h14.t1.restarts = 38
h14.t1.nogoods_size = 312385
h14.t1.nodes = 471462
h14.t1.propagations = 471462
h14.t7.restarts = 38
h14.t7.nogoods_size = 312385
h14.t7.nodes = 458948
h14.t7.propagations = 458948
h14.t16.restarts = 38
h14.t16.nogoods_size = 312385
h14.t16.nodes = 471692
h14.t16.propagations = 471692
h14.t2.restarts = 38
h14.t2.nogoods_size = 312385
h14.t2.nodes = 432303
h14.t2.propagations = 432303
h14.t4.restarts = 38
h14.t4.nogoods_size = 312385
h14.t4.nodes = 425421
h14.t4.propagations = 425421
h14.t0.restarts = 38
h14.t0.nogoods_size = 312385
h14.t0.nodes = 205660
h14.t0.propagations = 205660
h14.t13.restarts = 38
h14.t13.nogoods_size = 312385
h14.t13.nodes = 489251
h14.t13.propagations = 489251
h14.t14.restarts = 38
h14.t14.nogoods_size = 312385
h14.t14.nodes = 419247
h14.t14.propagations = 419247
h14.t8.restarts = 38
h14.t8.nogoods_size = 312385
h14.t8.nodes = 489696
h14.t8.propagations = 489696
h14.t10.restarts = 38
h14.t10.nogoods_size = 312385
h14.t10.nodes = 431930
h14.t10.propagations = 431930
h14.search_time = 10503
h14.nodes = 7660611
h14.propagations = 29752932
h15.t2.stop_reason = aborted
h15.t2.restarts = 38
h15.t2.nogoods_size = 306508
h15.t2.nodes = 478330
h15.t2.propagations = 478330
h15.t11.stop_reason = aborted
h15.t11.restarts = 38
h15.t11.nogoods_size = 306508
h15.t11.nodes = 441160
h15.t11.propagations = 441160
h15.t9.stop_reason = aborted
h15.t9.restarts = 38
h15.t9.nogoods_size = 306508
h15.t9.nodes = 476778
h15.t9.propagations = 476778
h15.t4.stop_reason = aborted
h15.t4.restarts = 38
h15.t4.nogoods_size = 306508
h15.t4.nodes = 475854
h15.t4.propagations = 475854
h15.t16.stop_reason = aborted
h15.t16.restarts = 38
h15.t16.nogoods_size = 306508
h15.t16.nodes = 465627
h15.t16.propagations = 465627
h15.t12.stop_reason = aborted
h15.t12.restarts = 38
h15.t12.nogoods_size = 306508
h15.t12.nodes = 443074
h15.t12.propagations = 443074
h15.t3.stop_reason = aborted
h15.t3.restarts = 38
h15.t3.nogoods_size = 306508
h15.t3.nodes = 455585
h15.t3.propagations = 455585
h15.t5.stop_reason = aborted
h15.t5.restarts = 38
h15.t5.nogoods_size = 306508
h15.t5.nodes = 431872
h15.t5.propagations = 431872
h15.t6.stop_reason = aborted
h15.t6.restarts = 38
h15.t6.nogoods_size = 306508
h15.t6.nodes = 450949
h15.t6.propagations = 450949
h15.t8.stop_reason = aborted
h15.t8.restarts = 38
h15.t8.nogoods_size = 306508
h15.t8.nodes = 412727
h15.t8.propagations = 412727
h15.t13.stop_reason = aborted
h15.t13.restarts = 38
h15.t13.nogoods_size = 306508
h15.t13.nodes = 441491
h15.t13.propagations = 441491
h15.t10.stop_reason = aborted
h15.t10.restarts = 38
h15.t10.nogoods_size = 306508
h15.t10.nodes = 411528
h15.t10.propagations = 411528
h15.t15.stop_reason = aborted
h15.t15.restarts = 38
h15.t15.nogoods_size = 306508
h15.t15.nodes = 451956
h15.t15.propagations = 451956
h15.t1.where = 0/108 -1/-1 0/86 -1/-1 0/83 -1/-1 0/78 -1/-1 0/73 -1/-1 0/72 -1/-1 0/70 -1/-1 0/69 -1/-1 0/64 -1/-1 0/63 -1/-1 0/62 -1/-1 0/60 -1/-1 0/55 -1/-1 0/52 -1/-1 0/47 -1/-1 0/36 -1/-1 0/31 -1/-1 0/33 -1/-1 0/30 -1/-1 0/29 -1/-1 0/30 -1/-1 0/30 -1/-1 0/26 -1/-1 0/24 -1/-1 0/18 -1/-1 0/11 -1/-1 0/10 -1/-1 0/10 -1/-1 0/8 -1/-1 0/7 -1/-1 0/5 -1/-1 0/6 -1/-1 0/6 -1/-1 0/7 -1/-1 0/6 -1/-1 0/5 -1/-1 0/4 -1/-1 0/6 -1/-1 0/6 -1/-1 0/5 -1/-1 0/4 -1/-1 0/3 -1/-1 0/3 -1/-1 0/3 -1/-1 -1/-1 1/4 -1/-1 0/5 -1/-1 1/4 -1/-1 1/3 -1/-1 0/2 -1/-1 -1/-1 0/2 -1/-1 -1/-1 0/3 -1/-1 0/2 -1/-1 -1/-1 0/2 -1/-1 -1/-1 0/3 -1/-1 0/2 -1/-1 0/4 -1/-1 0/3 -1/-1 0/3 -1/-1 0/2 -1/-1 -1/-1 0/3 -1/-1 0/2 -1/-1 -1/-1 0/3 -1/-1 0/2 -1/-1 -1/-1 0/5 -1/-1 0/6 -1/-1 0/7 -1/-1 0/7 -1/-1 0/7 -1/-1 0/8 -1/-1 0/7 -1/-1 0/6 -1/-1 0/5 -1/-1 0/4 -1/-1 0/3 -1/-1 1/2 -1/-1 0/2 -1/-1 0/2 -1/-1 -1/-1 0/2 -1/-1 -1/-1 0/3 -1/-1 0/3 -1/-1 0/3 -1/-1 1/3 -1/-1 1/2 -1/-1 0/2 -1/-1 1/2 -1/-1 0/2 -1/-1 0/3 -1/-1 0/3 -1/-1 0/2 -1/-1 0/2 -1/-1 -1/-1 0/3 -1/-1 0/3 -1/-1 0/3 -1/-1 -1/-1 0/2 -1/-1 0/2 -1/-1 -1/-1 0/7 -1/-1 0/9 -1/-1 0/8 -1/-1 1/7 -1/-1 -1/-1 1/3 -1/-1 0/2 -1/-1 0/2 -1/-1 0/2 -1/-1 -1/-1 0/4 -1/-1 0/4 -1/-1 0/3 -1/-1 0/3 -1/-1 0/2 -1/-1 -1/-1 0/4 -1/-1 0/3 -1/-1 0/2 -1/-1 -1/-1
h15.t1.stop_reason = satisfiable
h15.t1.restarts = 38
h15.t1.nogoods_size = 306508
h15.t1.nodes = 430777
h15.t1.propagations = 430777
h15.t14.stop_reason = aborted
h15.t14.restarts = 38
h15.t14.nogoods_size = 306508
h15.t14.nodes = 431106
h15.t14.propagations = 431106
h15.t7.stop_reason = aborted
h15.t7.restarts = 38
h15.t7.nogoods_size = 306508
h15.t7.nodes = 492147
h15.t7.propagations = 492147
h15.t17.stop_reason = aborted
h15.t17.restarts = 38
h15.t17.nogoods_size = 306508
h15.t17.nodes = 234429
h15.t17.propagations = 234429
h15.t0.stop_reason = aborted
h15.t0.restarts = 38
h15.t0.nogoods_size = 306508
h15.t0.nodes = 186264
h15.t0.propagations = 186264
h15.search_time = 10443
h15.nodes = 7611654
h15.propagations = 28858567
h16.t2.restarts = 38
h16.t2.nogoods_size = 313018
h16.t2.nodes = 438435
h16.t2.propagations = 438435
h16.t16.restarts = 38
h16.t16.nogoods_size = 313018
h16.t16.nodes = 464769
h16.t16.propagations = 464769
h16.t1.restarts = 38
h16.t1.nogoods_size = 313018
h16.t1.nodes = 468521
h16.t1.propagations = 468521
h16.t10.restarts = 38
h16.t10.nogoods_size = 313018
h16.t10.nodes = 411376
h16.t10.propagations = 411376
h16.t3.restarts = 38
h16.t3.nogoods_size = 313018
h16.t3.nodes = 471858
h16.t3.propagations = 471858
h16.t14.restarts = 38
h16.t14.nogoods_size = 313018
h16.t14.nodes = 410449
h16.t14.propagations = 410449
h16.t4.restarts = 38
h16.t4.nogoods_size = 313018
h16.t4.nodes = 442633
h16.t4.propagations = 442633
h16.t17.restarts = 38
h16.t17.nogoods_size = 313018
h16.t17.nodes = 273603
h16.t17.propagations = 273603
h16.t7.restarts = 38
h16.t7.nogoods_size = 313018
h16.t7.nodes = 406510
h16.t7.propagations = 406510
h16.t6.restarts = 38
h16.t6.nogoods_size = 313018
h16.t6.nodes = 441178
h16.t6.propagations = 441178
h16.t5.restarts = 38
h16.t5.nogoods_size = 313018
h16.t5.nodes = 446444
h16.t5.propagations = 446444
h16.t13.restarts = 38
h16.t13.nogoods_size = 313018
h16.t13.nodes = 413456
h16.t13.propagations = 413456
h16.t0.restarts = 38
h16.t0.nogoods_size = 313018
h16.t0.nodes = 190506
h16.t0.propagations = 190506
h16.t15.restarts = 38
h16.t15.nogoods_size = 313018
h16.t15.nodes = 473164
h16.t15.propagations = 473164
h16.t11.restarts = 38
h16.t11.nogoods_size = 313018
h16.t11.nodes = 429213
h16.t11.propagations = 429213
h16.t8.restarts = 38
h16.t8.nogoods_size = 313018
h16.t8.nodes = 441722
h16.t8.propagations = 441722
h16.t12.restarts = 38
h16.t12.nogoods_size = 313018
h16.t12.nodes = 445069
h16.t12.propagations = 445069
h16.t9.restarts = 38
h16.t9.nogoods_size = 313018
h16.t9.nodes = 457257
h16.t9.propagations = 457257
h16.search_time = 10504
h16.nodes = 7526163
h16.propagations = 29042894
h17.t17.restarts = 38
h17.t17.nogoods_size = 312457
h17.t17.nodes = 235597
h17.t17.propagations = 235597
h17.t16.restarts = 38
h17.t16.nogoods_size = 312457
h17.t16.nodes = 430145
h17.t16.propagations = 430145
h17.t2.restarts = 38
h17.t2.nogoods_size = 312457
h17.t2.nodes = 454546
h17.t2.propagations = 454546
h17.t13.restarts = 38
h17.t13.nogoods_size = 312457
h17.t13.nodes = 447301
h17.t13.propagations = 447301
h17.t9.restarts = 38
h17.t9.nogoods_size = 312457
h17.t9.nodes = 458775
h17.t9.propagations = 458775
h17.t1.restarts = 38
h17.t1.nogoods_size = 312457
h17.t1.nodes = 444833
h17.t1.propagations = 444833
h17.t7.restarts = 38
h17.t7.nogoods_size = 312457
h17.t7.nodes = 435099
h17.t7.propagations = 435099
h17.t8.restarts = 38
h17.t8.nogoods_size = 312457
h17.t8.nodes = 418773
h17.t8.propagations = 418773
h17.t10.restarts = 38
h17.t10.nogoods_size = 312457
h17.t10.nodes = 412131
h17.t10.propagations = 412131
h17.t11.restarts = 38
h17.t11.nogoods_size = 312457
h17.t11.nodes = 450264
h17.t11.propagations = 450264
h17.t6.restarts = 38
h17.t6.nogoods_size = 312457
h17.t6.nodes = 439979
h17.t6.propagations = 439979
h17.t3.restarts = 38
h17.t3.nogoods_size = 312457
h17.t3.nodes = 471906
h17.t3.propagations = 471906
h17.t12.restarts = 38
h17.t12.nogoods_size = 312457
h17.t12.nodes = 444491
h17.t12.propagations = 444491
h17.t5.restarts = 38
h17.t5.nogoods_size = 312457
h17.t5.nodes = 429267
h17.t5.propagations = 429267
h17.t4.restarts = 38
h17.t4.nogoods_size = 312457
h17.t4.nodes = 458816
h17.t4.propagations = 458816
h17.t14.restarts = 38
h17.t14.nogoods_size = 312457
h17.t14.nodes = 419269
h17.t14.propagations = 419269
h17.t15.restarts = 38
h17.t15.nogoods_size = 312457
h17.t15.nodes = 494491
h17.t15.propagations = 494491
h17.t0.restarts = 38
h17.t0.nogoods_size = 312457
h17.t0.nodes = 194648
h17.t0.propagations = 194648
h17.search_time = 10507
h17.nodes = 7540331
h17.propagations = 29161632
h18.t0.restarts = 38
h18.t0.nogoods_size = 312656
h18.t0.nodes = 172423
h18.t0.propagations = 172423
h18.t8.restarts = 38
h18.t8.nogoods_size = 312656
h18.t8.nodes = 375795
h18.t8.propagations = 375795
h18.t9.restarts = 38
h18.t9.nogoods_size = 312656
h18.t9.nodes = 364209
h18.t9.propagations = 364209
h18.t15.restarts = 38
h18.t15.nogoods_size = 312656
h18.t15.nodes = 375929
h18.t15.propagations = 375929
h18.t7.restarts = 38
h18.t7.nogoods_size = 312656
h18.t7.nodes = 360942
h18.t7.propagations = 360942
h18.t4.restarts = 38
h18.t4.nogoods_size = 312656
h18.t4.nodes = 393269
h18.t4.propagations = 393269
h18.t1.restarts = 38
h18.t1.nogoods_size = 312656
h18.t1.nodes = 380437
h18.t1.propagations = 380437
h18.t5.restarts = 38
h18.t5.nogoods_size = 312656
h18.t5.nodes = 390844
h18.t5.propagations = 390844
h18.t6.restarts = 38
h18.t6.nogoods_size = 312656
h18.t6.nodes = 368511
h18.t6.propagations = 368511
h18.t11.restarts = 38
h18.t11.nogoods_size = 312656
h18.t11.nodes = 369800
h18.t11.propagations = 369800
h18.t16.restarts = 38
h18.t16.nogoods_size = 312656
h18.t16.nodes = 382196
h18.t16.propagations = 382196
h18.t10.restarts = 38
h18.t10.nogoods_size = 312656
h18.t10.nodes = 384318
h18.t10.propagations = 384318
h18.t17.restarts = 38
h18.t17.nogoods_size = 312656
h18.t17.nodes = 249723
h18.t17.propagations = 249723
h18.t13.restarts = 38
h18.t13.nogoods_size = 312656
h18.t13.nodes = 440677
h18.t13.propagations = 440677
h18.t12.restarts = 38
h18.t12.nogoods_size = 312656
h18.t12.nodes = 391690
h18.t12.propagations = 391690
h18.t14.restarts = 38
h18.t14.nogoods_size = 312656
h18.t14.nodes = 355428
h18.t14.propagations = 355428
h18.t3.restarts = 38
h18.t3.nogoods_size = 312656
h18.t3.nodes = 393092
h18.t3.propagations = 393092
h18.t2.restarts = 38
h18.t2.nogoods_size = 312656
h18.t2.nodes = 351753
h18.t2.propagations = 351753
h18.search_time = 10523
h18.nodes = 6501036
h18.propagations = 25225145
h19.t17.restarts = 38
h19.t17.nogoods_size = 312241
h19.t17.nodes = 263198
h19.t17.propagations = 263198
h19.t5.restarts = 38
h19.t5.nogoods_size = 312241
h19.t5.nodes = 375971
h19.t5.propagations = 375971
h19.t7.restarts = 38
h19.t7.nogoods_size = 312241
h19.t7.nodes = 391209
h19.t7.propagations = 391209
h19.t10.restarts = 38
h19.t10.nogoods_size = 312241
h19.t10.nodes = 357374
h19.t10.propagations = 357374
h19.t8.restarts = 38
h19.t8.nogoods_size = 312241
h19.t8.nodes = 359989
h19.t8.propagations = 359989
h19.t9.restarts = 38
h19.t9.nogoods_size = 312241
h19.t9.nodes = 389312
h19.t9.propagations = 389312
h19.t2.restarts = 38
h19.t2.nogoods_size = 312241
h19.t2.nodes = 385566
h19.t2.propagations = 385566
h19.t0.restarts = 38
h19.t0.nogoods_size = 312241
h19.t0.nodes = 189943
h19.t0.propagations = 189943
h19.t14.restarts = 38
h19.t14.nogoods_size = 312241
h19.t14.nodes = 375257
h19.t14.propagations = 375257
h19.t3.restarts = 38
h19.t3.nogoods_size = 312241
h19.t3.nodes = 394118
h19.t3.propagations = 394118
h19.t12.restarts = 38
h19.t12.nogoods_size = 312241
h19.t12.nodes = 376831
h19.t12.propagations = 376831
h19.t16.restarts = 38
h19.t16.nogoods_size = 312241
h19.t16.nodes = 385265
h19.t16.propagations = 385265
h19.t15.restarts = 38
h19.t15.nogoods_size = 312241
h19.t15.nodes = 408339
h19.t15.propagations = 408339
h19.t13.restarts = 38
h19.t13.nogoods_size = 312241
h19.t13.nodes = 366834
h19.t13.propagations = 366834
h19.t6.restarts = 38
h19.t6.nogoods_size = 312241
h19.t6.nodes = 359158
h19.t6.propagations = 359158
h19.t4.restarts = 38
h19.t4.nogoods_size = 312241
h19.t4.nodes = 375762
h19.t4.propagations = 375762
h19.t1.restarts = 38
h19.t1.nogoods_size = 312241
h19.t1.nodes = 367886
h19.t1.propagations = 367886
h19.t11.restarts = 38
h19.t11.nogoods_size = 312241
h19.t11.nodes = 377775
h19.t11.propagations = 377775
h19.search_time = 10514
h19.nodes = 6499787
h19.propagations = 25433125
