hostname = r1i2n23
commandline = ../glasgow/mpi_solve_subgraph_isomorphism --timeout 1000 --format lad --geometric-restarts=1.0 --restarts-constant=100000 --restart-timer=100 --triggered-restarts --threads 18 --value-ordering=biased ../instances/phase/phase-30-150-0.74-0.68-0.70-6-pattern ../instances/phase/phase-30-150-0.74-0.68-0.70-6-target
started_at = 2018-11-24 03:30:06
pattern_file = ../instances/phase/phase-30-150-0.74-0.68-0.70-6-pattern
target_file = ../instances/phase/phase-30-150-0.74-0.68-0.70-6-target
status = true
nodes = 264479777
propagations = 662252037
mapping = (0 -> 51) (1 -> 24) (2 -> 22) (3 -> 27) (4 -> 76) (5 -> 35) (6 -> 99) (7 -> 92) (8 -> 73) (9 -> 43) (10 -> 113) (11 -> 91) (12 -> 112) (13 -> 3) (14 -> 131) (15 -> 136) (16 -> 33) (17 -> 123) (18 -> 67) (19 -> 12) (20 -> 84) (21 -> 20) (22 -> 78) (23 -> 53) (24 -> 69) (25 -> 64) (26 -> 144) (27 -> 38) (28 -> 86) (29 -> 31) 
runtime = 4264
h0.t17.restarts = 23
h0.t17.nogoods_size = 156466
h0.t17.nodes = 502907
h0.t17.propagations = 502907
h0.t11.restarts = 23
h0.t11.nogoods_size = 156466
h0.t11.nodes = 774595
h0.t11.propagations = 774595
h0.t13.restarts = 23
h0.t13.nogoods_size = 156466
h0.t13.nodes = 731814
h0.t13.propagations = 731814
h0.t8.restarts = 23
h0.t8.nogoods_size = 156466
h0.t8.nodes = 795866
h0.t8.propagations = 795866
h0.t16.restarts = 23
h0.t16.nogoods_size = 156466
h0.t16.nodes = 851320
h0.t16.propagations = 851320
h0.t15.restarts = 23
h0.t15.nogoods_size = 156466
h0.t15.nodes = 816815
h0.t15.propagations = 816815
h0.t10.restarts = 23
h0.t10.nogoods_size = 156466
h0.t10.nodes = 739039
h0.t10.propagations = 739039
h0.t1.restarts = 23
h0.t1.nogoods_size = 156466
h0.t1.nodes = 796842
h0.t1.propagations = 796842
h0.t5.restarts = 23
h0.t5.nogoods_size = 156466
h0.t5.nodes = 772171
h0.t5.propagations = 772171
h0.t4.restarts = 23
h0.t4.nogoods_size = 156466
h0.t4.nodes = 761046
h0.t4.propagations = 761046
h0.t12.restarts = 23
h0.t12.nogoods_size = 156466
h0.t12.nodes = 784638
h0.t12.propagations = 784638
h0.t2.restarts = 23
h0.t2.nogoods_size = 156466
h0.t2.nodes = 736257
h0.t2.propagations = 736257
h0.t7.restarts = 23
h0.t7.nogoods_size = 156466
h0.t7.nodes = 772281
h0.t7.propagations = 772281
h0.t3.restarts = 23
h0.t3.nogoods_size = 156466
h0.t3.nodes = 799837
h0.t3.propagations = 799837
h0.t0.restarts = 23
h0.t0.nogoods_size = 156466
h0.t0.nodes = 396386
h0.t0.propagations = 396386
h0.t6.restarts = 23
h0.t6.nogoods_size = 156466
h0.t6.nodes = 774326
h0.t6.propagations = 774326
h0.t14.restarts = 23
h0.t14.nogoods_size = 156466
h0.t14.nodes = 748154
h0.t14.propagations = 748154
h0.t9.restarts = 23
h0.t9.nogoods_size = 156466
h0.t9.nodes = 764824
h0.t9.propagations = 764824
h0.search_time = 3866
h0.nodes = 13319118
h0.propagations = 33376302
h1.t17.restarts = 23
h1.t17.nogoods_size = 156550
h1.t17.nodes = 519202
h1.t17.propagations = 519202
h1.t13.restarts = 23
h1.t13.nogoods_size = 156550
h1.t13.nodes = 780825
h1.t13.propagations = 780825
h1.t2.restarts = 23
h1.t2.nogoods_size = 156550
h1.t2.nodes = 819431
h1.t2.propagations = 819431
h1.t7.restarts = 23
h1.t7.nogoods_size = 156550
h1.t7.nodes = 745632
h1.t7.propagations = 745632
h1.t1.restarts = 23
h1.t1.nogoods_size = 156550
h1.t1.nodes = 730537
h1.t1.propagations = 730537
h1.t10.restarts = 23
h1.t10.nogoods_size = 156550
h1.t10.nodes = 752879
h1.t10.propagations = 752879
h1.t3.restarts = 23
h1.t3.nogoods_size = 156550
h1.t3.nodes = 757602
h1.t3.propagations = 757602
h1.t8.restarts = 23
h1.t8.nogoods_size = 156550
h1.t8.nodes = 793637
h1.t8.propagations = 793637
h1.t5.restarts = 23
h1.t5.nogoods_size = 156550
h1.t5.nodes = 737287
h1.t5.propagations = 737287
h1.t12.restarts = 23
h1.t12.nogoods_size = 156550
h1.t12.nodes = 813119
h1.t12.propagations = 813119
h1.t11.restarts = 23
h1.t11.nogoods_size = 156550
h1.t11.nodes = 774558
h1.t11.propagations = 774558
h1.t16.restarts = 23
h1.t16.nogoods_size = 156550
h1.t16.nodes = 819004
h1.t16.propagations = 819004
h1.t15.restarts = 23
h1.t15.nogoods_size = 156550
h1.t15.nodes = 783461
h1.t15.propagations = 783461
h1.t14.restarts = 23
h1.t14.nogoods_size = 156550
h1.t14.nodes = 739925
h1.t14.propagations = 739925
h1.t6.restarts = 23
h1.t6.nogoods_size = 156550
h1.t6.nodes = 738140
h1.t6.propagations = 738140
h1.t9.restarts = 23
h1.t9.nogoods_size = 156550
h1.t9.nodes = 767306
h1.t9.propagations = 767306
h1.t4.restarts = 23
h1.t4.nogoods_size = 156550
h1.t4.nodes = 758000
h1.t4.propagations = 758000
h1.t0.restarts = 23
h1.t0.nogoods_size = 156550
h1.t0.nodes = 396356
h1.t0.propagations = 396356
h1.search_time = 3863
h1.nodes = 13226901
h1.propagations = 33059592
h2.t16.restarts = 23
h2.t16.nogoods_size = 156516
h2.t16.nodes = 796723
h2.t16.propagations = 796723
h2.t6.restarts = 23
h2.t6.nogoods_size = 156516
h2.t6.nodes = 727098
h2.t6.propagations = 727098
h2.t7.restarts = 23
h2.t7.nogoods_size = 156516
h2.t7.nodes = 807524
h2.t7.propagations = 807524
h2.t12.restarts = 23
h2.t12.nogoods_size = 156516
h2.t12.nodes = 796602
h2.t12.propagations = 796602
h2.t13.restarts = 23
h2.t13.nogoods_size = 156516
h2.t13.nodes = 757488
h2.t13.propagations = 757488
h2.t3.restarts = 23
h2.t3.nogoods_size = 156516
h2.t3.nodes = 767565
h2.t3.propagations = 767565
h2.t17.restarts = 23
h2.t17.nogoods_size = 156516
h2.t17.nodes = 509655
h2.t17.propagations = 509655
h2.t2.restarts = 23
h2.t2.nogoods_size = 156516
h2.t2.nodes = 768954
h2.t2.propagations = 768954
h2.t4.restarts = 23
h2.t4.nogoods_size = 156516
h2.t4.nodes = 763998
h2.t4.propagations = 763998
h2.t8.restarts = 23
h2.t8.nogoods_size = 156516
h2.t8.nodes = 737859
h2.t8.propagations = 737859
h2.t11.restarts = 23
h2.t11.nogoods_size = 156516
h2.t11.nodes = 789922
h2.t11.propagations = 789922
h2.t9.restarts = 23
h2.t9.nogoods_size = 156516
h2.t9.nodes = 769512
h2.t9.propagations = 769512
h2.t5.restarts = 23
h2.t5.nogoods_size = 156516
h2.t5.nodes = 755700
h2.t5.propagations = 755700
h2.t1.restarts = 23
h2.t1.nogoods_size = 156516
h2.t1.nodes = 735649
h2.t1.propagations = 735649
h2.t15.restarts = 23
h2.t15.nogoods_size = 156516
h2.t15.nodes = 741429
h2.t15.propagations = 741429
h2.t0.restarts = 23
h2.t0.nogoods_size = 156516
h2.t0.nodes = 396233
h2.t0.propagations = 396233
h2.t10.restarts = 23
h2.t10.nogoods_size = 156516
h2.t10.nodes = 747363
h2.t10.propagations = 747363
h2.t14.restarts = 23
h2.t14.nogoods_size = 156516
h2.t14.nodes = 799393
h2.t14.propagations = 799393
h2.search_time = 3868
h2.nodes = 13168667
h2.propagations = 32940816
h3.t15.restarts = 23
h3.t15.nogoods_size = 156526
h3.t15.nodes = 711819
h3.t15.propagations = 711819
h3.t8.restarts = 23
h3.t8.nogoods_size = 156526
h3.t8.nodes = 739170
h3.t8.propagations = 739170
h3.t12.restarts = 23
h3.t12.nogoods_size = 156526
h3.t12.nodes = 772897
h3.t12.propagations = 772897
h3.t2.restarts = 23
h3.t2.nogoods_size = 156526
h3.t2.nodes = 759551
h3.t2.propagations = 759551
h3.t13.restarts = 23
h3.t13.nogoods_size = 156526
h3.t13.nodes = 714603
h3.t13.propagations = 714603
h3.t5.restarts = 23
h3.t5.nogoods_size = 156526
h3.t5.nodes = 722863
h3.t5.propagations = 722863
h3.t7.restarts = 23
h3.t7.nogoods_size = 156526
h3.t7.nodes = 780468
h3.t7.propagations = 780468
h3.t11.restarts = 23
h3.t11.nogoods_size = 156526
h3.t11.nodes = 718286
h3.t11.propagations = 718286
h3.t3.restarts = 23
h3.t3.nogoods_size = 156526
h3.t3.nodes = 711714
h3.t3.propagations = 711714
h3.t1.restarts = 23
h3.t1.nogoods_size = 156526
h3.t1.nodes = 861835
h3.t1.propagations = 861835
h3.t4.restarts = 23
h3.t4.nogoods_size = 156526
h3.t4.nodes = 764268
h3.t4.propagations = 764268
h3.t10.restarts = 23
h3.t10.nogoods_size = 156526
h3.t10.nodes = 736544
h3.t10.propagations = 736544
h3.t6.restarts = 23
h3.t6.nogoods_size = 156526
h3.t6.nodes = 750241
h3.t6.propagations = 750241
h3.t9.restarts = 23
h3.t9.nogoods_size = 156526
h3.t9.nodes = 718757
h3.t9.propagations = 718757
h3.t14.restarts = 23
h3.t14.nogoods_size = 156526
h3.t14.nodes = 703903
h3.t14.propagations = 703903
h3.t0.restarts = 23
h3.t0.nogoods_size = 156526
h3.t0.nodes = 401901
h3.t0.propagations = 401901
h3.t16.restarts = 23
h3.t16.nogoods_size = 156526
h3.t16.nodes = 789791
h3.t16.propagations = 789791
h3.t17.restarts = 23
h3.t17.nogoods_size = 156526
h3.t17.nodes = 493995
h3.t17.propagations = 493995
h3.search_time = 3858
h3.nodes = 12852606
h3.propagations = 32190620
h4.t8.stop_reason = aborted
h4.t8.restarts = 23
h4.t8.nogoods_size = 154804
h4.t8.nodes = 721377
h4.t8.propagations = 721377
h4.t11.stop_reason = aborted
h4.t11.restarts = 23
h4.t11.nogoods_size = 154804
h4.t11.nodes = 742895
h4.t11.propagations = 742895
h4.t0.stop_reason = aborted
h4.t0.restarts = 23
h4.t0.nogoods_size = 154804
h4.t0.nodes = 390657
h4.t0.propagations = 390657
h4.t5.stop_reason = aborted
h4.t5.restarts = 23
h4.t5.nogoods_size = 154804
h4.t5.nodes = 727881
h4.t5.propagations = 727881
h4.t17.stop_reason = aborted
h4.t17.restarts = 23
h4.t17.nogoods_size = 154804
h4.t17.nodes = 482027
h4.t17.propagations = 482027
h4.t6.stop_reason = aborted
h4.t6.restarts = 23
h4.t6.nogoods_size = 154804
h4.t6.nodes = 729140
h4.t6.propagations = 729140
h4.t2.stop_reason = aborted
h4.t2.restarts = 23
h4.t2.nogoods_size = 154804
h4.t2.nodes = 703896
h4.t2.propagations = 703896
h4.t14.stop_reason = aborted
h4.t14.restarts = 23
h4.t14.nogoods_size = 154804
h4.t14.nodes = 709315
h4.t14.propagations = 709315
h4.t1.stop_reason = aborted
h4.t1.restarts = 23
h4.t1.nogoods_size = 154804
h4.t1.nodes = 778259
h4.t1.propagations = 778259
h4.t12.stop_reason = aborted
h4.t12.restarts = 23
h4.t12.nogoods_size = 154804
h4.t12.nodes = 753376
h4.t12.propagations = 753376
h4.t3.stop_reason = aborted
h4.t3.restarts = 23
h4.t3.nogoods_size = 154804
h4.t3.nodes = 740517
h4.t3.propagations = 740517
h4.t15.stop_reason = aborted
h4.t15.restarts = 23
h4.t15.nogoods_size = 154804
h4.t15.nodes = 726163
h4.t15.propagations = 726163
h4.t13.stop_reason = aborted
h4.t13.restarts = 23
h4.t13.nogoods_size = 154804
h4.t13.nodes = 750709
h4.t13.propagations = 750709
h4.t16.stop_reason = aborted
h4.t16.restarts = 23
h4.t16.nogoods_size = 154804
h4.t16.nodes = 805324
h4.t16.propagations = 805324
h4.t4.stop_reason = aborted
h4.t4.restarts = 23
h4.t4.nogoods_size = 154804
h4.t4.nodes = 740716
h4.t4.propagations = 740716
h4.t7.where = 0/150 -1/-1 0/118 -1/-1 0/93 -1/-1 0/72 -1/-1 0/56 -1/-1 0/40 -1/-1 0/26 -1/-1 0/19 -1/-1 8/15 -1/-1 3/11 -1/-1 7/9 -1/-1 0/4 -1/-1 0/4 -1/-1 0/3 -1/-1 0/3 -1/-1 0/3 -1/-1 0/3 -1/-1 0/3 -1/-1 -1/-1 -1/-1 -1/-1 -1/-1 -1/-1 -1/-1 -1/-1 -1/-1 -1/-1 -1/-1 0/2 -1/-1 -1/-1
h4.t7.stop_reason = satisfiable
h4.t7.restarts = 23
h4.t7.nogoods_size = 154804
h4.t7.nodes = 756667
h4.t7.propagations = 756667
h4.t10.stop_reason = aborted
h4.t10.restarts = 23
h4.t10.nogoods_size = 154804
h4.t10.nodes = 721970
h4.t10.propagations = 721970
h4.t9.stop_reason = aborted
h4.t9.restarts = 23
h4.t9.nogoods_size = 154804
h4.t9.nodes = 783985
h4.t9.propagations = 783985
h4.search_time = 3859
h4.nodes = 12764874
h4.propagations = 31981504
h5.t17.restarts = 23
h5.t17.nogoods_size = 156378
h5.t17.nodes = 496391
h5.t17.propagations = 496391
h5.t10.restarts = 23
h5.t10.nogoods_size = 156378
h5.t10.nodes = 786510
h5.t10.propagations = 786510
h5.t11.restarts = 23
h5.t11.nogoods_size = 156378
h5.t11.nodes = 740837
h5.t11.propagations = 740837
h5.t9.restarts = 23
h5.t9.nogoods_size = 156378
h5.t9.nodes = 755899
h5.t9.propagations = 755899
h5.t7.restarts = 23
h5.t7.nogoods_size = 156378
h5.t7.nodes = 768478
h5.t7.propagations = 768478
h5.t2.restarts = 23
h5.t2.nogoods_size = 156378
h5.t2.nodes = 731683
h5.t2.propagations = 731683
h5.t8.restarts = 23
h5.t8.nogoods_size = 156378
h5.t8.nodes = 741975
h5.t8.propagations = 741975
h5.t3.restarts = 23
h5.t3.nogoods_size = 156378
h5.t3.nodes = 773932
h5.t3.propagations = 773932
h5.t6.restarts = 23
h5.t6.nogoods_size = 156378
h5.t6.nodes = 763247
h5.t6.propagations = 763247
h5.t14.restarts = 23
h5.t14.nogoods_size = 156378
h5.t14.nodes = 762466
h5.t14.propagations = 762466
h5.t5.restarts = 23
h5.t5.nogoods_size = 156378
h5.t5.nodes = 754014
h5.t5.propagations = 754014
h5.t1.restarts = 23
h5.t1.nogoods_size = 156378
h5.t1.nodes = 789698
h5.t1.propagations = 789698
h5.t16.restarts = 23
h5.t16.nogoods_size = 156378
h5.t16.nodes = 778861
h5.t16.propagations = 778861
h5.t12.restarts = 23
h5.t12.nogoods_size = 156378
h5.t12.nodes = 729787
h5.t12.propagations = 729787
h5.t15.restarts = 23
h5.t15.nogoods_size = 156378
h5.t15.nodes = 761364
h5.t15.propagations = 761364
h5.t13.restarts = 23
h5.t13.nogoods_size = 156378
h5.t13.nodes = 771832
h5.t13.propagations = 771832
h5.t0.restarts = 23
h5.t0.nogoods_size = 156378
h5.t0.nodes = 393818
h5.t0.propagations = 393818
h5.t4.restarts = 23
h5.t4.nogoods_size = 156378
h5.t4.nodes = 730112
h5.t4.propagations = 730112
h5.search_time = 3865
h5.nodes = 13030904
h5.propagations = 32630553
h6.t7.restarts = 23
h6.t7.nogoods_size = 156449
h6.t7.nodes = 732644
h6.t7.propagations = 732644
h6.t14.restarts = 23
h6.t14.nogoods_size = 156449
h6.t14.nodes = 716727
h6.t14.propagations = 716727
h6.t9.restarts = 23
h6.t9.nogoods_size = 156449
h6.t9.nodes = 718130
h6.t9.propagations = 718130
h6.t1.restarts = 23
h6.t1.nogoods_size = 156449
h6.t1.nodes = 765983
h6.t1.propagations = 765983
h6.t11.restarts = 23
h6.t11.nogoods_size = 156449
h6.t11.nodes = 758401
h6.t11.propagations = 758401
h6.t10.restarts = 23
h6.t10.nogoods_size = 156449
h6.t10.nodes = 726968
h6.t10.propagations = 726968
h6.t12.restarts = 23
h6.t12.nogoods_size = 156449
h6.t12.nodes = 768918
h6.t12.propagations = 768918
h6.t5.restarts = 23
h6.t5.nogoods_size = 156449
h6.t5.nodes = 727375
h6.t5.propagations = 727375
h6.t8.restarts = 23
h6.t8.nogoods_size = 156449
h6.t8.nodes = 741866
h6.t8.propagations = 741866
h6.t4.restarts = 23
h6.t4.nogoods_size = 156449
h6.t4.nodes = 701793
h6.t4.propagations = 701793
h6.t17.restarts = 23
h6.t17.nogoods_size = 156449
h6.t17.nodes = 490742
h6.t17.propagations = 490742
h6.t13.restarts = 23
h6.t13.nogoods_size = 156449
h6.t13.nodes = 727189
h6.t13.propagations = 727189
h6.t2.restarts = 23
h6.t2.nogoods_size = 156449
h6.t2.nodes = 760436
h6.t2.propagations = 760436
h6.t16.restarts = 23
h6.t16.nogoods_size = 156449
h6.t16.nodes = 832279
h6.t16.propagations = 832279
h6.t15.restarts = 23
h6.t15.nogoods_size = 156449
h6.t15.nodes = 761746
h6.t15.propagations = 761746
h6.t6.restarts = 23
h6.t6.nogoods_size = 156449
h6.t6.nodes = 726653
h6.t6.propagations = 726653
h6.t0.restarts = 23
h6.t0.nogoods_size = 156449
h6.t0.nodes = 401158
h6.t0.propagations = 401158
h6.t3.restarts = 23
h6.t3.nogoods_size = 156449
h6.t3.nodes = 752932
h6.t3.propagations = 752932
h6.search_time = 3865
h6.nodes = 12811940
h6.propagations = 32060248
h7.t7.restarts = 23
h7.t7.nogoods_size = 156548
h7.t7.nodes = 752058
h7.t7.propagations = 752058
h7.t4.restarts = 23
h7.t4.nogoods_size = 156548
h7.t4.nodes = 730286
h7.t4.propagations = 730286
h7.t6.restarts = 23
h7.t6.nogoods_size = 156548
h7.t6.nodes = 725160
h7.t6.propagations = 725160
h7.t14.restarts = 23
h7.t14.nogoods_size = 156548
h7.t14.nodes = 721997
h7.t14.propagations = 721997
h7.t8.restarts = 23
h7.t8.nogoods_size = 156548
h7.t8.nodes = 736491
h7.t8.propagations = 736491
h7.t2.restarts = 23
h7.t2.nogoods_size = 156548
h7.t2.nodes = 692441
h7.t2.propagations = 692441
h7.t15.restarts = 23
h7.t15.nogoods_size = 156548
h7.t15.nodes = 780419
h7.t15.propagations = 780419
h7.t12.restarts = 23
h7.t12.nogoods_size = 156548
h7.t12.nodes = 743684
h7.t12.propagations = 743684
h7.t17.restarts = 23
h7.t17.nogoods_size = 156548
h7.t17.nodes = 496898
h7.t17.propagations = 496898
h7.t1.restarts = 23
h7.t1.nogoods_size = 156548
h7.t1.nodes = 728018
h7.t1.propagations = 728018
h7.t3.restarts = 23
h7.t3.nogoods_size = 156548
h7.t3.nodes = 709543
h7.t3.propagations = 709543
h7.t5.restarts = 23
h7.t5.nogoods_size = 156548
h7.t5.nodes = 736860
h7.t5.propagations = 736860
h7.t13.restarts = 23
h7.t13.nogoods_size = 156548
h7.t13.nodes = 748271
h7.t13.propagations = 748271
h7.t9.restarts = 23
h7.t9.nogoods_size = 156548
h7.t9.nodes = 743199
h7.t9.propagations = 743199
h7.t16.restarts = 23
h7.t16.nogoods_size = 156548
h7.t16.nodes = 749663
h7.t16.propagations = 749663
h7.t0.restarts = 23
h7.t0.nogoods_size = 156548
h7.t0.nodes = 391401
h7.t0.propagations = 391401
h7.t10.restarts = 23
h7.t10.nogoods_size = 156548
h7.t10.nodes = 712196
h7.t10.propagations = 712196
h7.t11.restarts = 23
h7.t11.nogoods_size = 156548
h7.t11.nodes = 720907
h7.t11.propagations = 720907
h7.search_time = 3861
h7.nodes = 12619492
h7.propagations = 31571021
h8.t17.restarts = 23
h8.t17.nogoods_size = 156563
h8.t17.nodes = 495627
h8.t17.propagations = 495627
h8.t6.restarts = 23
h8.t6.nogoods_size = 156563
h8.t6.nodes = 723376
h8.t6.propagations = 723376
h8.t13.restarts = 23
h8.t13.nogoods_size = 156563
h8.t13.nodes = 843780
h8.t13.propagations = 843780
h8.t15.restarts = 23
h8.t15.nogoods_size = 156563
h8.t15.nodes = 755474
h8.t15.propagations = 755474
h8.t10.restarts = 23
h8.t10.nogoods_size = 156563
h8.t10.nodes = 715318
h8.t10.propagations = 715318
h8.t4.restarts = 23
h8.t4.nogoods_size = 156563
h8.t4.nodes = 746810
h8.t4.propagations = 746810
h8.t11.restarts = 23
h8.t11.nogoods_size = 156563
h8.t11.nodes = 671300
h8.t11.propagations = 671300
h8.t16.restarts = 23
h8.t16.nogoods_size = 156563
h8.t16.nodes = 790151
h8.t16.propagations = 790151
h8.t1.restarts = 23
h8.t1.nogoods_size = 156563
h8.t1.nodes = 752792
h8.t1.propagations = 752792
h8.t2.restarts = 23
h8.t2.nogoods_size = 156563
h8.t2.nodes = 782615
h8.t2.propagations = 782615
h8.t7.restarts = 23
h8.t7.nogoods_size = 156563
h8.t7.nodes = 761614
h8.t7.propagations = 761614
h8.t8.restarts = 23
h8.t8.nogoods_size = 156563
h8.t8.nodes = 740797
h8.t8.propagations = 740797
h8.t9.restarts = 23
h8.t9.nogoods_size = 156563
h8.t9.nodes = 707898
h8.t9.propagations = 707898
h8.t14.restarts = 23
h8.t14.nogoods_size = 156563
h8.t14.nodes = 735492
h8.t14.propagations = 735492
h8.t12.restarts = 23
h8.t12.nogoods_size = 156563
h8.t12.nodes = 745033
h8.t12.propagations = 745033
h8.t0.restarts = 23
h8.t0.nogoods_size = 156563
h8.t0.nodes = 395974
h8.t0.propagations = 395974
h8.t3.restarts = 23
h8.t3.nogoods_size = 156563
h8.t3.nodes = 709309
h8.t3.propagations = 709309
h8.t5.restarts = 23
h8.t5.nogoods_size = 156563
h8.t5.nodes = 757914
h8.t5.propagations = 757914
h8.search_time = 3867
h8.nodes = 12831274
h8.propagations = 32135434
h9.t9.restarts = 23
h9.t9.nogoods_size = 156517
h9.t9.nodes = 770090
h9.t9.propagations = 770090
h9.t11.restarts = 23
h9.t11.nogoods_size = 156517
h9.t11.nodes = 763093
h9.t11.propagations = 763093
h9.t5.restarts = 23
h9.t5.nogoods_size = 156517
h9.t5.nodes = 797089
h9.t5.propagations = 797089
h9.t10.restarts = 23
h9.t10.nogoods_size = 156517
h9.t10.nodes = 777800
h9.t10.propagations = 777800
h9.t17.restarts = 23
h9.t17.nogoods_size = 156517
h9.t17.nodes = 488652
h9.t17.propagations = 488652
h9.t1.restarts = 23
h9.t1.nogoods_size = 156517
h9.t1.nodes = 766301
h9.t1.propagations = 766301
h9.t2.restarts = 23
h9.t2.nogoods_size = 156517
h9.t2.nodes = 762191
h9.t2.propagations = 762191
h9.t7.restarts = 23
h9.t7.nogoods_size = 156517
h9.t7.nodes = 734497
h9.t7.propagations = 734497
h9.t16.restarts = 23
h9.t16.nogoods_size = 156517
h9.t16.nodes = 825516
h9.t16.propagations = 825516
h9.t13.restarts = 23
h9.t13.nogoods_size = 156517
h9.t13.nodes = 775363
h9.t13.propagations = 775363
h9.t4.restarts = 23
h9.t4.nogoods_size = 156517
h9.t4.nodes = 771522
h9.t4.propagations = 771522
h9.t3.restarts = 23
h9.t3.nogoods_size = 156517
h9.t3.nodes = 748057
h9.t3.propagations = 748057
h9.t6.restarts = 23
h9.t6.nogoods_size = 156517
h9.t6.nodes = 711900
h9.t6.propagations = 711900
h9.t12.restarts = 23
h9.t12.nogoods_size = 156517
h9.t12.nodes = 763899
h9.t12.propagations = 763899
h9.t15.restarts = 23
h9.t15.nogoods_size = 156517
h9.t15.nodes = 785646
h9.t15.propagations = 785646
h9.t14.restarts = 23
h9.t14.nogoods_size = 156517
h9.t14.nodes = 737923
h9.t14.propagations = 737923
h9.t8.restarts = 23
h9.t8.nogoods_size = 156517
h9.t8.nodes = 772148
h9.t8.propagations = 772148
h9.t0.restarts = 23
h9.t0.nogoods_size = 156517
h9.t0.nodes = 404693
h9.t0.propagations = 404693
h9.search_time = 3862
h9.nodes = 13156380
h9.propagations = 32915969
h10.t9.restarts = 23
h10.t9.nogoods_size = 156323
h10.t9.nodes = 740704
h10.t9.propagations = 740704
h10.t10.restarts = 23
h10.t10.nogoods_size = 156323
h10.t10.nodes = 746723
h10.t10.propagations = 746723
h10.t11.restarts = 23
h10.t11.nogoods_size = 156323
h10.t11.nodes = 760108
h10.t11.propagations = 760108
h10.t14.restarts = 23
h10.t14.nogoods_size = 156323
h10.t14.nodes = 736618
h10.t14.propagations = 736618
h10.t13.restarts = 23
h10.t13.nogoods_size = 156323
h10.t13.nodes = 724352
h10.t13.propagations = 724352
h10.t1.restarts = 23
h10.t1.nogoods_size = 156323
h10.t1.nodes = 728116
h10.t1.propagations = 728116
h10.t6.restarts = 23
h10.t6.nogoods_size = 156323
h10.t6.nodes = 750037
h10.t6.propagations = 750037
h10.t16.restarts = 23
h10.t16.nogoods_size = 156323
h10.t16.nodes = 759755
h10.t16.propagations = 759755
h10.t12.restarts = 23
h10.t12.nogoods_size = 156323
h10.t12.nodes = 709546
h10.t12.propagations = 709546
h10.t15.restarts = 23
h10.t15.nogoods_size = 156323
h10.t15.nodes = 731691
h10.t15.propagations = 731691
h10.t5.restarts = 23
h10.t5.nogoods_size = 156323
h10.t5.nodes = 761183
h10.t5.propagations = 761183
h10.t17.restarts = 23
h10.t17.nogoods_size = 156323
h10.t17.nodes = 486879
h10.t17.propagations = 486879
h10.t8.restarts = 23
h10.t8.nogoods_size = 156323
h10.t8.nodes = 738068
h10.t8.propagations = 738068
h10.t4.restarts = 23
h10.t4.nogoods_size = 156323
h10.t4.nodes = 734311
h10.t4.propagations = 734311
h10.t3.restarts = 23
h10.t3.nogoods_size = 156323
h10.t3.nodes = 762838
h10.t3.propagations = 762838
h10.t0.restarts = 23
h10.t0.nogoods_size = 156323
h10.t0.nodes = 391631
h10.t0.propagations = 391631
h10.t2.restarts = 23
h10.t2.nogoods_size = 156323
h10.t2.nodes = 778904
h10.t2.propagations = 778904
h10.t7.restarts = 23
h10.t7.nogoods_size = 156323
h10.t7.nodes = 723220
h10.t7.propagations = 723220
h10.search_time = 3869
h10.nodes = 12764684
h10.propagations = 31998169
h11.t15.restarts = 23
h11.t15.nogoods_size = 156497
h11.t15.nodes = 741543
h11.t15.propagations = 741543
h11.t1.restarts = 23
h11.t1.nogoods_size = 156497
h11.t1.nodes = 766743
h11.t1.propagations = 766743
h11.t13.restarts = 23
h11.t13.nogoods_size = 156497
h11.t13.nodes = 733544
h11.t13.propagations = 733544
h11.t9.restarts = 23
h11.t9.nogoods_size = 156497
h11.t9.nodes = 789610
h11.t9.propagations = 789610
h11.t11.restarts = 23
h11.t11.nogoods_size = 156497
h11.t11.nodes = 760216
h11.t11.propagations = 760216
h11.t16.restarts = 23
h11.t16.nogoods_size = 156497
h11.t16.nodes = 762271
h11.t16.propagations = 762271
h11.t8.restarts = 23
h11.t8.nogoods_size = 156497
h11.t8.nodes = 761982
h11.t8.propagations = 761982
h11.t6.restarts = 23
h11.t6.nogoods_size = 156497
h11.t6.nodes = 781579
h11.t6.propagations = 781579
h11.t7.restarts = 23
h11.t7.nogoods_size = 156497
h11.t7.nodes = 757652
h11.t7.propagations = 757652
h11.t4.restarts = 23
h11.t4.nogoods_size = 156497
h11.t4.nodes = 774809
h11.t4.propagations = 774809
h11.t2.restarts = 23
h11.t2.nogoods_size = 156497
h11.t2.nodes = 751023
h11.t2.propagations = 751023
h11.t12.restarts = 23
h11.t12.nogoods_size = 156497
h11.t12.nodes = 750860
h11.t12.propagations = 750860
h11.t0.restarts = 23
h11.t0.nogoods_size = 156497
h11.t0.nodes = 396964
h11.t0.propagations = 396964
h11.t5.restarts = 23
h11.t5.nogoods_size = 156497
h11.t5.nodes = 760840
h11.t5.propagations = 760840
h11.t14.restarts = 23
h11.t14.nogoods_size = 156497
h11.t14.nodes = 732228
h11.t14.propagations = 732228
h11.t3.restarts = 23
h11.t3.nogoods_size = 156497
h11.t3.nodes = 762234
h11.t3.propagations = 762234
h11.t10.restarts = 23
h11.t10.nogoods_size = 156497
h11.t10.nodes = 783370
h11.t10.propagations = 783370
h11.t17.restarts = 23
h11.t17.nogoods_size = 156497
h11.t17.nodes = 505799
h11.t17.propagations = 505799
h11.search_time = 3865
h11.nodes = 13073267
h11.propagations = 32859478
h12.t4.restarts = 23
h12.t4.nogoods_size = 156765
h12.t4.nodes = 923372
h12.t4.propagations = 923372
h12.t0.restarts = 23
h12.t0.nogoods_size = 156765
h12.t0.nodes = 394831
h12.t0.propagations = 394831
h12.t7.restarts = 23
h12.t7.nogoods_size = 156765
h12.t7.nodes = 904775
h12.t7.propagations = 904775
h12.t3.restarts = 23
h12.t3.nogoods_size = 156765
h12.t3.nodes = 926739
h12.t3.propagations = 926739
h12.t1.restarts = 23
h12.t1.nogoods_size = 156765
h12.t1.nodes = 913173
h12.t1.propagations = 913173
h12.t11.restarts = 23
h12.t11.nogoods_size = 156765
h12.t11.nodes = 900287
h12.t11.propagations = 900287
h12.t12.restarts = 23
h12.t12.nogoods_size = 156765
h12.t12.nodes = 928398
h12.t12.propagations = 928398
h12.t5.restarts = 23
h12.t5.nogoods_size = 156765
h12.t5.nodes = 919378
h12.t5.propagations = 919378
h12.t2.restarts = 23
h12.t2.nogoods_size = 156765
h12.t2.nodes = 918093
h12.t2.propagations = 918093
h12.t8.restarts = 23
h12.t8.nogoods_size = 156765
h12.t8.nodes = 926771
h12.t8.propagations = 926771
h12.t17.restarts = 23
h12.t17.nogoods_size = 156765
h12.t17.nodes = 488173
h12.t17.propagations = 488173
h12.t16.restarts = 23
h12.t16.nogoods_size = 156765
h12.t16.nodes = 919394
h12.t16.propagations = 919394
h12.t14.restarts = 23
h12.t14.nogoods_size = 156765
h12.t14.nodes = 915444
h12.t14.propagations = 915444
h12.t10.restarts = 23
h12.t10.nogoods_size = 156765
h12.t10.nodes = 904916
h12.t10.propagations = 904916
h12.t15.restarts = 23
h12.t15.nogoods_size = 156765
h12.t15.nodes = 916581
h12.t15.propagations = 916581
h12.t6.restarts = 23
h12.t6.nogoods_size = 156765
h12.t6.nodes = 909395
h12.t6.propagations = 909395
h12.t13.restarts = 23
h12.t13.nogoods_size = 156765
h12.t13.nodes = 910064
h12.t13.propagations = 910064
h12.t9.restarts = 23
h12.t9.nogoods_size = 156765
h12.t9.nodes = 907575
h12.t9.propagations = 907575
h12.search_time = 3867
h12.nodes = 15527359
h12.propagations = 38939831
h13.t7.restarts = 23
h13.t7.nogoods_size = 156721
h13.t7.nodes = 918731
h13.t7.propagations = 918731
h13.t4.restarts = 23
h13.t4.nogoods_size = 156721
h13.t4.nodes = 922631
h13.t4.propagations = 922631
h13.t5.restarts = 23
h13.t5.nogoods_size = 156721
h13.t5.nodes = 933481
h13.t5.propagations = 933481
h13.t2.restarts = 23
h13.t2.nogoods_size = 156721
h13.t2.nodes = 904281
h13.t2.propagations = 904281
h13.t13.restarts = 23
h13.t13.nogoods_size = 156721
h13.t13.nodes = 911570
h13.t13.propagations = 911570
h13.t3.restarts = 23
h13.t3.nogoods_size = 156721
h13.t3.nodes = 922551
h13.t3.propagations = 922551
h13.t16.restarts = 23
h13.t16.nogoods_size = 156721
h13.t16.nodes = 917393
h13.t16.propagations = 917393
h13.t1.restarts = 23
h13.t1.nogoods_size = 156721
h13.t1.nodes = 931268
h13.t1.propagations = 931268
h13.t9.restarts = 23
h13.t9.nogoods_size = 156721
h13.t9.nodes = 908061
h13.t9.propagations = 908061
h13.t8.restarts = 23
h13.t8.nogoods_size = 156721
h13.t8.nodes = 933361
h13.t8.propagations = 933361
h13.t10.restarts = 23
h13.t10.nogoods_size = 156721
h13.t10.nodes = 915680
h13.t10.propagations = 915680
h13.t6.restarts = 23
h13.t6.nogoods_size = 156721
h13.t6.nodes = 921555
h13.t6.propagations = 921555
h13.t12.restarts = 23
h13.t12.nogoods_size = 156721
h13.t12.nodes = 935217
h13.t12.propagations = 935217
h13.t15.restarts = 23
h13.t15.nogoods_size = 156721
h13.t15.nodes = 908905
h13.t15.propagations = 908905
h13.t17.restarts = 23
h13.t17.nogoods_size = 156721
h13.t17.nodes = 502367
h13.t17.propagations = 502367
h13.t0.restarts = 23
h13.t0.nogoods_size = 156721
h13.t0.nodes = 394155
h13.t0.propagations = 394155
h13.t11.restarts = 23
h13.t11.nogoods_size = 156721
h13.t11.nodes = 907305
h13.t11.propagations = 907305
h13.t14.restarts = 23
h13.t14.nogoods_size = 156721
h13.t14.nodes = 929521
h13.t14.propagations = 929521
h13.search_time = 3867
h13.nodes = 15618033
h13.propagations = 39062275
h14.t7.restarts = 23
h14.t7.nogoods_size = 156383
h14.t7.nodes = 742520
h14.t7.propagations = 742520
h14.t1.restarts = 23
h14.t1.nogoods_size = 156383
h14.t1.nodes = 758700
h14.t1.propagations = 758700
h14.t14.restarts = 23
h14.t14.nogoods_size = 156383
h14.t14.nodes = 766690
h14.t14.propagations = 766690
h14.t3.restarts = 23
h14.t3.nogoods_size = 156383
h14.t3.nodes = 755819
h14.t3.propagations = 755819
h14.t12.restarts = 23
h14.t12.nogoods_size = 156383
h14.t12.nodes = 722004
h14.t12.propagations = 722004
h14.t11.restarts = 23
h14.t11.nogoods_size = 156383
h14.t11.nodes = 750272
h14.t11.propagations = 750272
h14.t16.restarts = 23
h14.t16.nogoods_size = 156383
h14.t16.nodes = 750506
h14.t16.propagations = 750506
h14.t8.restarts = 23
h14.t8.nogoods_size = 156383
h14.t8.nodes = 779241
h14.t8.propagations = 779241
h14.t6.restarts = 23
h14.t6.nogoods_size = 156383
h14.t6.nodes = 747172
h14.t6.propagations = 747172
h14.t5.restarts = 23
h14.t5.nogoods_size = 156383
h14.t5.nodes = 731641
h14.t5.propagations = 731641
h14.t13.restarts = 23
h14.t13.nogoods_size = 156383
h14.t13.nodes = 735153
h14.t13.propagations = 735153
h14.t17.restarts = 23
h14.t17.nogoods_size = 156383
h14.t17.nodes = 486811
h14.t17.propagations = 486811
h14.t15.restarts = 23
h14.t15.nogoods_size = 156383
h14.t15.nodes = 728822
h14.t15.propagations = 728822
h14.t10.restarts = 23
h14.t10.nogoods_size = 156383
h14.t10.nodes = 747725
h14.t10.propagations = 747725
h14.t4.restarts = 23
h14.t4.nogoods_size = 156383
h14.t4.nodes = 762822
h14.t4.propagations = 762822
h14.t2.restarts = 23
h14.t2.nogoods_size = 156383
h14.t2.nodes = 714728
h14.t2.propagations = 714728
h14.t0.restarts = 23
h14.t0.nogoods_size = 156383
h14.t0.nodes = 392188
h14.t0.propagations = 392188
h14.t9.restarts = 23
h14.t9.nogoods_size = 156383
h14.t9.nodes = 742014
h14.t9.propagations = 742014
h14.search_time = 3869
h14.nodes = 12814828
h14.propagations = 32052609
h15.t17.restarts = 23
h15.t17.nogoods_size = 156403
h15.t17.nodes = 494348
h15.t17.propagations = 494348
h15.t6.restarts = 23
h15.t6.nogoods_size = 156403
h15.t6.nodes = 726090
h15.t6.propagations = 726090
h15.t12.restarts = 23
h15.t12.nogoods_size = 156403
h15.t12.nodes = 738425
h15.t12.propagations = 738425
h15.t2.restarts = 23
h15.t2.nogoods_size = 156403
h15.t2.nodes = 880937
h15.t2.propagations = 880937
h15.t15.restarts = 23
h15.t15.nogoods_size = 156403
h15.t15.nodes = 740830
h15.t15.propagations = 740830
h15.t5.restarts = 23
h15.t5.nogoods_size = 156403
h15.t5.nodes = 741145
h15.t5.propagations = 741145
h15.t7.restarts = 23
h15.t7.nogoods_size = 156403
h15.t7.nodes = 747362
h15.t7.propagations = 747362
h15.t1.restarts = 23
h15.t1.nogoods_size = 156403
h15.t1.nodes = 735090
h15.t1.propagations = 735090
h15.t16.restarts = 23
h15.t16.nogoods_size = 156403
h15.t16.nodes = 830657
h15.t16.propagations = 830657
h15.t9.restarts = 23
h15.t9.nogoods_size = 156403
h15.t9.nodes = 732697
h15.t9.propagations = 732697
h15.t3.restarts = 23
h15.t3.nogoods_size = 156403
h15.t3.nodes = 762868
h15.t3.propagations = 762868
h15.t10.restarts = 23
h15.t10.nogoods_size = 156403
h15.t10.nodes = 736471
h15.t10.propagations = 736471
h15.t13.restarts = 23
h15.t13.nogoods_size = 156403
h15.t13.nodes = 698737
h15.t13.propagations = 698737
h15.t4.restarts = 23
h15.t4.nogoods_size = 156403
h15.t4.nodes = 733868
h15.t4.propagations = 733868
h15.t14.restarts = 23
h15.t14.nogoods_size = 156403
h15.t14.nodes = 786538
h15.t14.propagations = 786538
h15.t11.restarts = 23
h15.t11.nogoods_size = 156403
h15.t11.nodes = 718047
h15.t11.propagations = 718047
h15.t8.restarts = 23
h15.t8.nogoods_size = 156403
h15.t8.nodes = 696601
h15.t8.propagations = 696601
h15.t0.restarts = 23
h15.t0.nogoods_size = 156403
h15.t0.nodes = 399000
h15.t0.propagations = 399000
h15.search_time = 3868
h15.nodes = 12899711
h15.propagations = 32313301
h16.t4.restarts = 23
h16.t4.nogoods_size = 156638
h16.t4.nodes = 856149
h16.t4.propagations = 856149
h16.t11.restarts = 23
h16.t11.nogoods_size = 156638
h16.t11.nodes = 761340
h16.t11.propagations = 761340
h16.t14.restarts = 23
h16.t14.nogoods_size = 156638
h16.t14.nodes = 729168
h16.t14.propagations = 729168
h16.t17.restarts = 23
h16.t17.nogoods_size = 156638
h16.t17.nodes = 494893
h16.t17.propagations = 494893
h16.t1.restarts = 23
h16.t1.nogoods_size = 156638
h16.t1.nodes = 747282
h16.t1.propagations = 747282
h16.t3.restarts = 23
h16.t3.nogoods_size = 156638
h16.t3.nodes = 910997
h16.t3.propagations = 910997
h16.t12.restarts = 23
h16.t12.nogoods_size = 156638
h16.t12.nodes = 733661
h16.t12.propagations = 733661
h16.t6.restarts = 23
h16.t6.nogoods_size = 156638
h16.t6.nodes = 754103
h16.t6.propagations = 754103
h16.t7.restarts = 23
h16.t7.nogoods_size = 156638
h16.t7.nodes = 746043
h16.t7.propagations = 746043
h16.t9.restarts = 23
h16.t9.nogoods_size = 156638
h16.t9.nodes = 743147
h16.t9.propagations = 743147
h16.t15.restarts = 23
h16.t15.nogoods_size = 156638
h16.t15.nodes = 710927
h16.t15.propagations = 710927
h16.t10.restarts = 23
h16.t10.nogoods_size = 156638
h16.t10.nodes = 743850
h16.t10.propagations = 743850
h16.t2.restarts = 23
h16.t2.nogoods_size = 156638
h16.t2.nodes = 756439
h16.t2.propagations = 756439
h16.t16.restarts = 23
h16.t16.nogoods_size = 156638
h16.t16.nodes = 799785
h16.t16.propagations = 799785
h16.t8.restarts = 23
h16.t8.nogoods_size = 156638
h16.t8.nodes = 767224
h16.t8.propagations = 767224
h16.t13.restarts = 23
h16.t13.nogoods_size = 156638
h16.t13.nodes = 775446
h16.t13.propagations = 775446
h16.t5.restarts = 23
h16.t5.nogoods_size = 156638
h16.t5.nodes = 761237
h16.t5.propagations = 761237
h16.t0.restarts = 23
h16.t0.nogoods_size = 156638
h16.t0.nodes = 404814
h16.t0.propagations = 404814
h16.search_time = 3870
h16.nodes = 13196505
h16.propagations = 33029144
h17.t17.restarts = 23
h17.t17.nogoods_size = 156515
h17.t17.nodes = 480088
h17.t17.propagations = 480088
h17.t5.restarts = 23
h17.t5.nogoods_size = 156515
h17.t5.nodes = 710717
h17.t5.propagations = 710717
h17.t1.restarts = 23
h17.t1.nogoods_size = 156515
h17.t1.nodes = 687931
h17.t1.propagations = 687931
h17.t4.restarts = 23
h17.t4.nogoods_size = 156515
h17.t4.nodes = 769286
h17.t4.propagations = 769286
h17.t8.restarts = 23
h17.t8.nogoods_size = 156515
h17.t8.nodes = 721905
h17.t8.propagations = 721905
h17.t2.restarts = 23
h17.t2.nogoods_size = 156515
h17.t2.nodes = 764045
h17.t2.propagations = 764045
h17.t16.restarts = 23
h17.t16.nogoods_size = 156515
h17.t16.nodes = 722338
h17.t16.propagations = 722338
h17.t6.restarts = 23
h17.t6.nogoods_size = 156515
h17.t6.nodes = 747331
h17.t6.propagations = 747331
h17.t13.restarts = 23
h17.t13.nogoods_size = 156515
h17.t13.nodes = 716626
h17.t13.propagations = 716626
h17.t9.restarts = 23
h17.t9.nogoods_size = 156515
h17.t9.nodes = 707938
h17.t9.propagations = 707938
h17.t12.restarts = 23
h17.t12.nogoods_size = 156515
h17.t12.nodes = 737593
h17.t12.propagations = 737593
h17.t7.restarts = 23
h17.t7.nogoods_size = 156515
h17.t7.nodes = 722814
h17.t7.propagations = 722814
h17.t15.restarts = 23
h17.t15.nogoods_size = 156515
h17.t15.nodes = 714691
h17.t15.propagations = 714691
h17.t11.restarts = 23
h17.t11.nogoods_size = 156515
h17.t11.nodes = 728684
h17.t11.propagations = 728684
h17.t14.restarts = 23
h17.t14.nogoods_size = 156515
h17.t14.nodes = 756108
h17.t14.propagations = 756108
h17.t3.restarts = 23
h17.t3.nogoods_size = 156515
h17.t3.nodes = 716724
h17.t3.propagations = 716724
h17.t10.restarts = 23
h17.t10.nogoods_size = 156515
h17.t10.nodes = 732200
h17.t10.propagations = 732200
h17.t0.restarts = 23
h17.t0.nogoods_size = 156515
h17.t0.nodes = 398418
h17.t0.propagations = 398418
h17.search_time = 3865
h17.nodes = 12535437
h17.propagations = 31345913
h18.t14.restarts = 23
h18.t14.nogoods_size = 156450
h18.t14.nodes = 743213
h18.t14.propagations = 743213
h18.t13.restarts = 23
h18.t13.nogoods_size = 156450
h18.t13.nodes = 775130
h18.t13.propagations = 775130
h18.t2.restarts = 23
h18.t2.nogoods_size = 156450
h18.t2.nodes = 755329
h18.t2.propagations = 755329
h18.t10.restarts = 23
h18.t10.nogoods_size = 156450
h18.t10.nodes = 750420
h18.t10.propagations = 750420
h18.t11.restarts = 23
h18.t11.nogoods_size = 156450
h18.t11.nodes = 762282
h18.t11.propagations = 762282
h18.t16.restarts = 23
h18.t16.nogoods_size = 156450
h18.t16.nodes = 757283
h18.t16.propagations = 757283
h18.t8.restarts = 23
h18.t8.nogoods_size = 156450
h18.t8.nodes = 716783
h18.t8.propagations = 716783
h18.t9.restarts = 23
h18.t9.nogoods_size = 156450
h18.t9.nodes = 750697
h18.t9.propagations = 750697
h18.t4.restarts = 23
h18.t4.nogoods_size = 156450
h18.t4.nodes = 732686
h18.t4.propagations = 732686
h18.t3.restarts = 23
h18.t3.nogoods_size = 156450
h18.t3.nodes = 772317
h18.t3.propagations = 772317
h18.t17.restarts = 23
h18.t17.nogoods_size = 156450
h18.t17.nodes = 498005
h18.t17.propagations = 498005
h18.t7.restarts = 23
h18.t7.nogoods_size = 156450
h18.t7.nodes = 751992
h18.t7.propagations = 751992
h18.t5.restarts = 23
h18.t5.nogoods_size = 156450
h18.t5.nodes = 764356
h18.t5.propagations = 764356
h18.t12.restarts = 23
h18.t12.nogoods_size = 156450
h18.t12.nodes = 757340
h18.t12.propagations = 757340
h18.t6.restarts = 23
h18.t6.nogoods_size = 156450
h18.t6.nodes = 764503
h18.t6.propagations = 764503
h18.t0.restarts = 23
h18.t0.nogoods_size = 156450
h18.t0.nodes = 407694
h18.t0.propagations = 407694
h18.t15.restarts = 23
h18.t15.nogoods_size = 156450
h18.t15.nodes = 759585
h18.t15.propagations = 759585
h18.t1.restarts = 23
h18.t1.nogoods_size = 156450
h18.t1.nodes = 803172
h18.t1.propagations = 803172
h18.search_time = 3867
h18.nodes = 13022787
h18.propagations = 32648707
h19.t4.restarts = 23
h19.t4.nogoods_size = 156554
h19.t4.nodes = 748525
h19.t4.propagations = 748525
h19.t6.restarts = 23
h19.t6.nogoods_size = 156554
h19.t6.nodes = 810295
h19.t6.propagations = 810295
h19.t7.restarts = 23
h19.t7.nogoods_size = 156554
h19.t7.nodes = 780014
h19.t7.propagations = 780014
h19.t11.restarts = 23
h19.t11.nogoods_size = 156554
h19.t11.nodes = 738324
h19.t11.propagations = 738324
h19.t14.restarts = 23
h19.t14.nogoods_size = 156554
h19.t14.nodes = 737567
h19.t14.propagations = 737567
h19.t12.restarts = 23
h19.t12.nogoods_size = 156554
h19.t12.nodes = 748804
h19.t12.propagations = 748804
h19.t10.restarts = 23
h19.t10.nogoods_size = 156554
h19.t10.nodes = 762944
h19.t10.propagations = 762944
h19.t15.restarts = 23
h19.t15.nogoods_size = 156554
h19.t15.nodes = 796500
h19.t15.propagations = 796500
h19.t5.restarts = 23
h19.t5.nogoods_size = 156554
h19.t5.nodes = 779807
h19.t5.propagations = 779807
h19.t9.restarts = 23
h19.t9.nogoods_size = 156554
h19.t9.nodes = 786954
h19.t9.propagations = 786954
h19.t2.restarts = 23
h19.t2.nogoods_size = 156554
h19.t2.nodes = 799111
h19.t2.propagations = 799111
h19.t1.restarts = 23
h19.t1.nogoods_size = 156554
h19.t1.nodes = 747032
h19.t1.propagations = 747032
h19.t13.restarts = 23
h19.t13.nogoods_size = 156554
h19.t13.nodes = 779116
h19.t13.propagations = 779116
h19.t8.restarts = 23
h19.t8.nogoods_size = 156554
h19.t8.nodes = 795303
h19.t8.propagations = 795303
h19.t3.restarts = 23
h19.t3.nogoods_size = 156554
h19.t3.nodes = 757443
h19.t3.propagations = 757443
h19.t0.restarts = 23
h19.t0.nogoods_size = 156554
h19.t0.nodes = 374508
h19.t0.propagations = 374508
h19.t16.restarts = 23
h19.t16.nogoods_size = 156554
h19.t16.nodes = 805889
h19.t16.propagations = 805889
h19.t17.restarts = 23
h19.t17.nogoods_size = 156554
h19.t17.nodes = 496874
h19.t17.propagations = 496874
h19.search_time = 3861
h19.nodes = 13245010
h19.propagations = 33140551
