hostname = r1i2n23
commandline = ../glasgow/mpi_solve_subgraph_isomorphism --timeout 1000 --format lad --geometric-restarts=1.0 --restarts-constant=100000 --restart-timer=100 --triggered-restarts --threads 18 --value-ordering=biased ../instances/si/si2_rand_r005_400/si2_r005_m400.02/pattern ../instances/si/si2_rand_r005_400/si2_r005_m400.02/target
started_at = 2018-11-24 03:10:32
pattern_file = ../instances/si/si2_rand_r005_400/si2_r005_m400.02/pattern
target_file = ../instances/si/si2_rand_r005_400/si2_r005_m400.02/target
status = true
nodes = 20468192
propagations = 56288340
mapping = (0 -> 34) (1 -> 4) (2 -> 324) (3 -> 222) (4 -> 277) (5 -> 352) (6 -> 47) (7 -> 123) (8 -> 169) (9 -> 260) (10 -> 42) (11 -> 22) (12 -> 247) (13 -> 307) (14 -> 49) (15 -> 389) (16 -> 256) (17 -> 110) (18 -> 201) (19 -> 75) (20 -> 362) (21 -> 366) (22 -> 40) (23 -> 343) (24 -> 356) (25 -> 233) (26 -> 394) (27 -> 103) (28 -> 259) (29 -> 149) (30 -> 361) (31 -> 36) (32 -> 375) (33 -> 148) (34 -> 326) (35 -> 1) (36 -> 55) (37 -> 188) (38 -> 56) (39 -> 382) (40 -> 62) (41 -> 162) (42 -> 193) (43 -> 288) (44 -> 92) (45 -> 213) (46 -> 140) (47 -> 113) (48 -> 151) (49 -> 291) (50 -> 112) (51 -> 192) (52 -> 63) (53 -> 13) (54 -> 69) (55 -> 273) (56 -> 245) (57 -> 185) (58 -> 117) (59 -> 285) (60 -> 189) (61 -> 212) (62 -> 316) (63 -> 190) (64 -> 248) (65 -> 83) (66 -> 126) (67 -> 220) (68 -> 320) (69 -> 267) (70 -> 286) (71 -> 373) (72 -> 328) (73 -> 346) (74 -> 327) (75 -> 257) (76 -> 380) (77 -> 281) (78 -> 251) (79 -> 206) 
runtime = 1129
h0.t17.restarts = 7
h0.t17.nogoods_size = 42113
h0.t17.nodes = 39150
h0.t17.propagations = 39150
h0.t15.restarts = 7
h0.t15.nogoods_size = 42113
h0.t15.nodes = 51944
h0.t15.propagations = 51944
h0.t5.restarts = 7
h0.t5.nogoods_size = 42113
h0.t5.nodes = 57714
h0.t5.propagations = 57714
h0.t0.restarts = 7
h0.t0.nogoods_size = 42113
h0.t0.nodes = 31334
h0.t0.propagations = 31334
h0.t16.restarts = 7
h0.t16.nogoods_size = 42113
h0.t16.nodes = 61035
h0.t16.propagations = 61035
h0.t10.restarts = 7
h0.t10.nogoods_size = 42113
h0.t10.nodes = 56352
h0.t10.propagations = 56352
h0.t1.restarts = 7
h0.t1.nogoods_size = 42113
h0.t1.nodes = 50955
h0.t1.propagations = 50955
h0.t6.restarts = 7
h0.t6.nogoods_size = 42113
h0.t6.nodes = 53936
h0.t6.propagations = 53936
h0.t4.restarts = 7
h0.t4.nogoods_size = 42113
h0.t4.nodes = 55018
h0.t4.propagations = 55018
h0.t13.restarts = 7
h0.t13.nogoods_size = 42113
h0.t13.nodes = 53733
h0.t13.propagations = 53733
h0.t2.restarts = 7
h0.t2.nogoods_size = 42113
h0.t2.nodes = 56006
h0.t2.propagations = 56006
h0.t8.restarts = 7
h0.t8.nogoods_size = 42113
h0.t8.nodes = 53136
h0.t8.propagations = 53136
h0.t9.restarts = 7
h0.t9.nogoods_size = 42113
h0.t9.nodes = 55559
h0.t9.propagations = 55559
h0.t14.restarts = 7
h0.t14.nogoods_size = 42113
h0.t14.nodes = 55675
h0.t14.propagations = 55675
h0.t7.restarts = 7
h0.t7.nogoods_size = 42113
h0.t7.nodes = 50867
h0.t7.propagations = 50867
h0.t11.restarts = 7
h0.t11.nogoods_size = 42113
h0.t11.nodes = 55106
h0.t11.propagations = 55106
h0.t3.restarts = 7
h0.t3.nogoods_size = 42113
h0.t3.nodes = 58806
h0.t3.propagations = 58806
h0.t12.restarts = 7
h0.t12.nogoods_size = 42113
h0.t12.nodes = 50882
h0.t12.propagations = 50882
h0.search_time = 957
h0.nodes = 947208
h0.propagations = 2607082
h1.t15.restarts = 7
h1.t15.nogoods_size = 42220
h1.t15.nodes = 67016
h1.t15.propagations = 67016
h1.t7.restarts = 7
h1.t7.nogoods_size = 42220
h1.t7.nodes = 59365
h1.t7.propagations = 59365
h1.t13.restarts = 7
h1.t13.nogoods_size = 42220
h1.t13.nodes = 62445
h1.t13.propagations = 62445
h1.t2.restarts = 7
h1.t2.nogoods_size = 42220
h1.t2.nodes = 58169
h1.t2.propagations = 58169
h1.t1.restarts = 7
h1.t1.nogoods_size = 42220
h1.t1.nodes = 64719
h1.t1.propagations = 64719
h1.t17.restarts = 7
h1.t17.nogoods_size = 42220
h1.t17.nodes = 41134
h1.t17.propagations = 41134
h1.t14.restarts = 7
h1.t14.nogoods_size = 42220
h1.t14.nodes = 56710
h1.t14.propagations = 56710
h1.t10.restarts = 7
h1.t10.nogoods_size = 42220
h1.t10.nodes = 54335
h1.t10.propagations = 54335
h1.t11.restarts = 7
h1.t11.nogoods_size = 42220
h1.t11.nodes = 56549
h1.t11.propagations = 56549
h1.t12.restarts = 7
h1.t12.nogoods_size = 42220
h1.t12.nodes = 61081
h1.t12.propagations = 61081
h1.t9.restarts = 7
h1.t9.nogoods_size = 42220
h1.t9.nodes = 59212
h1.t9.propagations = 59212
h1.t4.restarts = 7
h1.t4.nogoods_size = 42220
h1.t4.nodes = 63619
h1.t4.propagations = 63619
h1.t6.restarts = 7
h1.t6.nogoods_size = 42220
h1.t6.nodes = 56134
h1.t6.propagations = 56134
h1.t0.restarts = 7
h1.t0.nogoods_size = 42220
h1.t0.nodes = 32238
h1.t0.propagations = 32238
h1.t3.restarts = 7
h1.t3.nogoods_size = 42220
h1.t3.nodes = 55484
h1.t3.propagations = 55484
h1.t16.restarts = 7
h1.t16.nogoods_size = 42220
h1.t16.nodes = 74152
h1.t16.propagations = 74152
h1.t8.restarts = 7
h1.t8.nogoods_size = 42220
h1.t8.nodes = 58406
h1.t8.propagations = 58406
h1.t5.restarts = 7
h1.t5.nogoods_size = 42220
h1.t5.nodes = 55950
h1.t5.propagations = 55950
h1.search_time = 957
h1.nodes = 1036718
h1.propagations = 2848158
h2.t8.restarts = 7
h2.t8.nogoods_size = 42343
h2.t8.nodes = 60451
h2.t8.propagations = 60451
h2.t9.restarts = 7
h2.t9.nogoods_size = 42343
h2.t9.nodes = 59657
h2.t9.propagations = 59657
h2.t16.restarts = 7
h2.t16.nogoods_size = 42343
h2.t16.nodes = 59782
h2.t16.propagations = 59782
h2.t11.restarts = 7
h2.t11.nogoods_size = 42343
h2.t11.nodes = 59938
h2.t11.propagations = 59938
h2.t0.restarts = 7
h2.t0.nogoods_size = 42343
h2.t0.nodes = 32601
h2.t0.propagations = 32601
h2.t6.restarts = 7
h2.t6.nogoods_size = 42343
h2.t6.nodes = 60537
h2.t6.propagations = 60537
h2.t15.restarts = 7
h2.t15.nogoods_size = 42343
h2.t15.nodes = 60354
h2.t15.propagations = 60354
h2.t10.restarts = 7
h2.t10.nogoods_size = 42343
h2.t10.nodes = 61322
h2.t10.propagations = 61322
h2.t12.restarts = 7
h2.t12.nogoods_size = 42343
h2.t12.nodes = 61903
h2.t12.propagations = 61903
h2.t2.restarts = 7
h2.t2.nogoods_size = 42343
h2.t2.nodes = 63562
h2.t2.propagations = 63562
h2.t5.restarts = 7
h2.t5.nogoods_size = 42343
h2.t5.nodes = 58797
h2.t5.propagations = 58797
h2.t13.restarts = 7
h2.t13.nogoods_size = 42343
h2.t13.nodes = 58455
h2.t13.propagations = 58455
h2.t1.restarts = 7
h2.t1.nogoods_size = 42343
h2.t1.nodes = 59024
h2.t1.propagations = 59024
h2.t14.restarts = 7
h2.t14.nogoods_size = 42343
h2.t14.nodes = 56559
h2.t14.propagations = 56559
h2.t3.restarts = 7
h2.t3.nogoods_size = 42343
h2.t3.nodes = 56144
h2.t3.propagations = 56144
h2.t7.restarts = 7
h2.t7.nogoods_size = 42343
h2.t7.nodes = 60725
h2.t7.propagations = 60725
h2.t17.restarts = 7
h2.t17.nogoods_size = 42343
h2.t17.nodes = 39733
h2.t17.propagations = 39733
h2.t4.restarts = 7
h2.t4.nogoods_size = 42343
h2.t4.nodes = 61096
h2.t4.propagations = 61096
h2.search_time = 961
h2.nodes = 1030640
h2.propagations = 2834478
h3.t17.stop_reason = aborted
h3.t17.restarts = 7
h3.t17.nogoods_size = 40706
h3.t17.nodes = 37391
h3.t17.propagations = 37391
h3.t0.stop_reason = aborted
h3.t0.restarts = 7
h3.t0.nogoods_size = 40706
h3.t0.nodes = 28482
h3.t0.propagations = 28482
h3.t15.where = 2/394 -1/-1 0/33 -1/-1 1/4 -1/-1 1/3 -1/-1 6/33 -1/-1 0/2 -1/-1 1/4 -1/-1 1/3 -1/-1 0/3 -1/-1 -1/-1 -1/-1 -1/-1 0/2 -1/-1 -1/-1 -1/-1 -1/-1 -1/-1 -1/-1 -1/-1 -1/-1 -1/-1 -1/-1 -1/-1 -1/-1 -1/-1 -1/-1 -1/-1 -1/-1 -1/-1 -1/-1 -1/-1 -1/-1 -1/-1 -1/-1 -1/-1 -1/-1 -1/-1 -1/-1 -1/-1 -1/-1 -1/-1 -1/-1 -1/-1 -1/-1 -1/-1 -1/-1 -1/-1 -1/-1 -1/-1 -1/-1 -1/-1 -1/-1 -1/-1 -1/-1 -1/-1 -1/-1 -1/-1 -1/-1 -1/-1 -1/-1 -1/-1 -1/-1 -1/-1 -1/-1 -1/-1 -1/-1 -1/-1 -1/-1 -1/-1 -1/-1 -1/-1 -1/-1 -1/-1 -1/-1 -1/-1 -1/-1 -1/-1 -1/-1 0/2 -1/-1 0/5 -1/-1
h3.t15.stop_reason = satisfiable
h3.t15.restarts = 7
h3.t15.nogoods_size = 40706
h3.t15.nodes = 51485
h3.t15.propagations = 51485
h3.t13.stop_reason = aborted
h3.t13.restarts = 7
h3.t13.nogoods_size = 40706
h3.t13.nodes = 53377
h3.t13.propagations = 53377
h3.t2.stop_reason = aborted
h3.t2.restarts = 7
h3.t2.nogoods_size = 40706
h3.t2.nodes = 52972
h3.t2.propagations = 52972
h3.t7.stop_reason = aborted
h3.t7.restarts = 7
h3.t7.nogoods_size = 40706
h3.t7.nodes = 53739
h3.t7.propagations = 53739
h3.t6.stop_reason = aborted
h3.t6.restarts = 7
h3.t6.nogoods_size = 40706
h3.t6.nodes = 55257
h3.t6.propagations = 55257
h3.t8.stop_reason = aborted
h3.t8.restarts = 7
h3.t8.nogoods_size = 40706
h3.t8.nodes = 54776
h3.t8.propagations = 54776
h3.t5.stop_reason = aborted
h3.t5.restarts = 7
h3.t5.nogoods_size = 40706
h3.t5.nodes = 52537
h3.t5.propagations = 52537
h3.t1.stop_reason = aborted
h3.t1.restarts = 7
h3.t1.nogoods_size = 40706
h3.t1.nodes = 54142
h3.t1.propagations = 54142
h3.t10.stop_reason = aborted
h3.t10.restarts = 7
h3.t10.nogoods_size = 40706
h3.t10.nodes = 52235
h3.t10.propagations = 52235
h3.t16.stop_reason = aborted
h3.t16.restarts = 7
h3.t16.nogoods_size = 40706
h3.t16.nodes = 60544
h3.t16.propagations = 60544
h3.t4.stop_reason = aborted
h3.t4.restarts = 7
h3.t4.nogoods_size = 40706
h3.t4.nodes = 53652
h3.t4.propagations = 53652
h3.t11.stop_reason = aborted
h3.t11.restarts = 7
h3.t11.nogoods_size = 40706
h3.t11.nodes = 51486
h3.t11.propagations = 51486
h3.t14.stop_reason = aborted
h3.t14.restarts = 7
h3.t14.nogoods_size = 40706
h3.t14.nodes = 53898
h3.t14.propagations = 53898
h3.t9.stop_reason = aborted
h3.t9.restarts = 7
h3.t9.nogoods_size = 40706
h3.t9.nodes = 53312
h3.t9.propagations = 53312
h3.t3.stop_reason = aborted
h3.t3.restarts = 7
h3.t3.nogoods_size = 40706
h3.t3.nodes = 54014
h3.t3.propagations = 54014
h3.t12.stop_reason = aborted
h3.t12.restarts = 7
h3.t12.nogoods_size = 40706
h3.t12.nodes = 52827
h3.t12.propagations = 52827
h3.search_time = 955
h3.nodes = 926126
h3.propagations = 2548684
h4.t1.restarts = 7
h4.t1.nogoods_size = 42198
h4.t1.nodes = 55364
h4.t1.propagations = 55364
h4.t9.restarts = 7
h4.t9.nogoods_size = 42198
h4.t9.nodes = 57573
h4.t9.propagations = 57573
h4.t3.restarts = 7
h4.t3.nogoods_size = 42198
h4.t3.nodes = 55177
h4.t3.propagations = 55177
h4.t14.restarts = 7
h4.t14.nogoods_size = 42198
h4.t14.nodes = 56261
h4.t14.propagations = 56261
h4.t15.restarts = 7
h4.t15.nogoods_size = 42198
h4.t15.nodes = 52266
h4.t15.propagations = 52266
h4.t2.restarts = 7
h4.t2.nogoods_size = 42198
h4.t2.nodes = 57376
h4.t2.propagations = 57376
h4.t17.restarts = 7
h4.t17.nogoods_size = 42198
h4.t17.nodes = 38584
h4.t17.propagations = 38584
h4.t11.restarts = 7
h4.t11.nogoods_size = 42198
h4.t11.nodes = 53748
h4.t11.propagations = 53748
h4.t7.restarts = 7
h4.t7.nogoods_size = 42198
h4.t7.nodes = 53867
h4.t7.propagations = 53867
h4.t16.restarts = 7
h4.t16.nogoods_size = 42198
h4.t16.nodes = 59584
h4.t16.propagations = 59584
h4.t6.restarts = 7
h4.t6.nogoods_size = 42198
h4.t6.nodes = 48194
h4.t6.propagations = 48194
h4.t4.restarts = 7
h4.t4.nogoods_size = 42198
h4.t4.nodes = 56927
h4.t4.propagations = 56927
h4.t12.restarts = 7
h4.t12.nogoods_size = 42198
h4.t12.nodes = 56371
h4.t12.propagations = 56371
h4.t0.restarts = 7
h4.t0.nogoods_size = 42198
h4.t0.nodes = 30876
h4.t0.propagations = 30876
h4.t8.restarts = 7
h4.t8.nogoods_size = 42198
h4.t8.nodes = 56435
h4.t8.propagations = 56435
h4.t5.restarts = 7
h4.t5.nogoods_size = 42198
h4.t5.nodes = 51570
h4.t5.propagations = 51570
h4.t13.restarts = 7
h4.t13.nogoods_size = 42198
h4.t13.nodes = 50354
h4.t13.propagations = 50354
h4.t10.restarts = 7
h4.t10.nogoods_size = 42198
h4.t10.nodes = 53544
h4.t10.propagations = 53544
h4.search_time = 963
h4.nodes = 944071
h4.propagations = 2595863
h5.t12.restarts = 7
h5.t12.nogoods_size = 42103
h5.t12.nodes = 54942
h5.t12.propagations = 54942
h5.t5.restarts = 7
h5.t5.nogoods_size = 42103
h5.t5.nodes = 58493
h5.t5.propagations = 58493
h5.t13.restarts = 7
h5.t13.nogoods_size = 42103
h5.t13.nodes = 55285
h5.t13.propagations = 55285
h5.t0.restarts = 7
h5.t0.nogoods_size = 42103
h5.t0.nodes = 32427
h5.t0.propagations = 32427
h5.t1.restarts = 7
h5.t1.nogoods_size = 42103
h5.t1.nodes = 58779
h5.t1.propagations = 58779
h5.t16.restarts = 7
h5.t16.nogoods_size = 42103
h5.t16.nodes = 58425
h5.t16.propagations = 58425
h5.t11.restarts = 7
h5.t11.nogoods_size = 42103
h5.t11.nodes = 55501
h5.t11.propagations = 55501
h5.t15.restarts = 7
h5.t15.nogoods_size = 42103
h5.t15.nodes = 53692
h5.t15.propagations = 53692
h5.t4.restarts = 7
h5.t4.nogoods_size = 42103
h5.t4.nodes = 61992
h5.t4.propagations = 61992
h5.t6.restarts = 7
h5.t6.nogoods_size = 42103
h5.t6.nodes = 56278
h5.t6.propagations = 56278
h5.t9.restarts = 7
h5.t9.nogoods_size = 42103
h5.t9.nodes = 61284
h5.t9.propagations = 61284
h5.t10.restarts = 7
h5.t10.nogoods_size = 42103
h5.t10.nodes = 56983
h5.t10.propagations = 56983
h5.t3.restarts = 7
h5.t3.nogoods_size = 42103
h5.t3.nodes = 54265
h5.t3.propagations = 54265
h5.t8.restarts = 7
h5.t8.nogoods_size = 42103
h5.t8.nodes = 52452
h5.t8.propagations = 52452
h5.t14.restarts = 7
h5.t14.nogoods_size = 42103
h5.t14.nodes = 53929
h5.t14.propagations = 53929
h5.t17.restarts = 7
h5.t17.nogoods_size = 42103
h5.t17.nodes = 41580
h5.t17.propagations = 41580
h5.t2.restarts = 7
h5.t2.nogoods_size = 42103
h5.t2.nodes = 59040
h5.t2.propagations = 59040
h5.t7.restarts = 7
h5.t7.nogoods_size = 42103
h5.t7.nodes = 53946
h5.t7.propagations = 53946
h5.search_time = 950
h5.nodes = 979293
h5.propagations = 2690487
h6.t7.restarts = 7
h6.t7.nogoods_size = 42233
h6.t7.nodes = 61284
h6.t7.propagations = 61284
h6.t3.restarts = 7
h6.t3.nogoods_size = 42233
h6.t3.nodes = 58110
h6.t3.propagations = 58110
h6.t12.restarts = 7
h6.t12.nogoods_size = 42233
h6.t12.nodes = 60874
h6.t12.propagations = 60874
h6.t9.restarts = 7
h6.t9.nogoods_size = 42233
h6.t9.nodes = 56728
h6.t9.propagations = 56728
h6.t16.restarts = 7
h6.t16.nogoods_size = 42233
h6.t16.nodes = 60678
h6.t16.propagations = 60678
h6.t13.restarts = 7
h6.t13.nogoods_size = 42233
h6.t13.nodes = 56621
h6.t13.propagations = 56621
h6.t4.restarts = 7
h6.t4.nogoods_size = 42233
h6.t4.nodes = 59919
h6.t4.propagations = 59919
h6.t0.restarts = 7
h6.t0.nogoods_size = 42233
h6.t0.nodes = 31814
h6.t0.propagations = 31814
h6.t15.restarts = 7
h6.t15.nogoods_size = 42233
h6.t15.nodes = 58320
h6.t15.propagations = 58320
h6.t5.restarts = 7
h6.t5.nogoods_size = 42233
h6.t5.nodes = 56099
h6.t5.propagations = 56099
h6.t8.restarts = 7
h6.t8.nogoods_size = 42233
h6.t8.nodes = 59722
h6.t8.propagations = 59722
h6.t10.restarts = 7
h6.t10.nogoods_size = 42233
h6.t10.nodes = 52850
h6.t10.propagations = 52850
h6.t2.restarts = 7
h6.t2.nogoods_size = 42233
h6.t2.nodes = 58662
h6.t2.propagations = 58662
h6.t1.restarts = 7
h6.t1.nogoods_size = 42233
h6.t1.nodes = 59750
h6.t1.propagations = 59750
h6.t11.restarts = 7
h6.t11.nogoods_size = 42233
h6.t11.nodes = 50479
h6.t11.propagations = 50479
h6.t17.restarts = 7
h6.t17.nogoods_size = 42233
h6.t17.nodes = 40170
h6.t17.propagations = 40170
h6.t14.restarts = 7
h6.t14.nogoods_size = 42233
h6.t14.nodes = 60334
h6.t14.propagations = 60334
h6.t6.restarts = 7
h6.t6.nogoods_size = 42233
h6.t6.nodes = 57702
h6.t6.propagations = 57702
h6.search_time = 940
h6.nodes = 1000116
h6.propagations = 2750562
h7.t2.restarts = 7
h7.t2.nogoods_size = 42196
h7.t2.nodes = 58248
h7.t2.propagations = 58248
h7.t9.restarts = 7
h7.t9.nogoods_size = 42196
h7.t9.nodes = 63189
h7.t9.propagations = 63189
h7.t16.restarts = 7
h7.t16.nogoods_size = 42196
h7.t16.nodes = 63799
h7.t16.propagations = 63799
h7.t10.restarts = 7
h7.t10.nogoods_size = 42196
h7.t10.nodes = 61098
h7.t10.propagations = 61098
h7.t5.restarts = 7
h7.t5.nogoods_size = 42196
h7.t5.nodes = 58914
h7.t5.propagations = 58914
h7.t8.restarts = 7
h7.t8.nogoods_size = 42196
h7.t8.nodes = 60882
h7.t8.propagations = 60882
h7.t15.restarts = 7
h7.t15.nogoods_size = 42196
h7.t15.nodes = 59773
h7.t15.propagations = 59773
h7.t12.restarts = 7
h7.t12.nogoods_size = 42196
h7.t12.nodes = 57056
h7.t12.propagations = 57056
h7.t7.restarts = 7
h7.t7.nogoods_size = 42196
h7.t7.nodes = 62142
h7.t7.propagations = 62142
h7.t6.restarts = 7
h7.t6.nogoods_size = 42196
h7.t6.nodes = 59481
h7.t6.propagations = 59481
h7.t14.restarts = 7
h7.t14.nogoods_size = 42196
h7.t14.nodes = 55667
h7.t14.propagations = 55667
h7.t11.restarts = 7
h7.t11.nogoods_size = 42196
h7.t11.nodes = 56513
h7.t11.propagations = 56513
h7.t1.restarts = 7
h7.t1.nogoods_size = 42196
h7.t1.nodes = 54575
h7.t1.propagations = 54575
h7.t13.restarts = 7
h7.t13.nogoods_size = 42196
h7.t13.nodes = 62827
h7.t13.propagations = 62827
h7.t17.restarts = 7
h7.t17.nogoods_size = 42196
h7.t17.nodes = 40392
h7.t17.propagations = 40392
h7.t4.restarts = 7
h7.t4.nogoods_size = 42196
h7.t4.nodes = 58550
h7.t4.propagations = 58550
h7.t0.restarts = 7
h7.t0.nogoods_size = 42196
h7.t0.nodes = 31544
h7.t0.propagations = 31544
h7.t3.restarts = 7
h7.t3.nogoods_size = 42196
h7.t3.nodes = 59782
h7.t3.propagations = 59782
h7.search_time = 955
h7.nodes = 1024432
h7.propagations = 2816244
h8.t17.restarts = 7
h8.t17.nogoods_size = 42111
h8.t17.nodes = 39777
h8.t17.propagations = 39777
h8.t1.restarts = 7
h8.t1.nogoods_size = 42111
h8.t1.nodes = 59342
h8.t1.propagations = 59342
h8.t16.restarts = 7
h8.t16.nogoods_size = 42111
h8.t16.nodes = 58888
h8.t16.propagations = 58888
h8.t3.restarts = 7
h8.t3.nogoods_size = 42111
h8.t3.nodes = 61139
h8.t3.propagations = 61139
h8.t14.restarts = 7
h8.t14.nogoods_size = 42111
h8.t14.nodes = 55734
h8.t14.propagations = 55734
h8.t15.restarts = 7
h8.t15.nogoods_size = 42111
h8.t15.nodes = 59226
h8.t15.propagations = 59226
h8.t7.restarts = 7
h8.t7.nogoods_size = 42111
h8.t7.nodes = 57398
h8.t7.propagations = 57398
h8.t9.restarts = 7
h8.t9.nogoods_size = 42111
h8.t9.nodes = 55203
h8.t9.propagations = 55203
h8.t11.restarts = 7
h8.t11.nogoods_size = 42111
h8.t11.nodes = 58854
h8.t11.propagations = 58854
h8.t2.restarts = 7
h8.t2.nogoods_size = 42111
h8.t2.nodes = 61140
h8.t2.propagations = 61140
h8.t5.restarts = 7
h8.t5.nogoods_size = 42111
h8.t5.nodes = 61324
h8.t5.propagations = 61324
h8.t12.restarts = 7
h8.t12.nogoods_size = 42111
h8.t12.nodes = 71087
h8.t12.propagations = 71087
h8.t0.restarts = 7
h8.t0.nogoods_size = 42111
h8.t0.nodes = 32800
h8.t0.propagations = 32800
h8.t4.restarts = 7
h8.t4.nogoods_size = 42111
h8.t4.nodes = 61164
h8.t4.propagations = 61164
h8.t10.restarts = 7
h8.t10.nogoods_size = 42111
h8.t10.nodes = 57343
h8.t10.propagations = 57343
h8.t13.restarts = 7
h8.t13.nogoods_size = 42111
h8.t13.nodes = 57346
h8.t13.propagations = 57346
h8.t6.restarts = 7
h8.t6.nogoods_size = 42111
h8.t6.nodes = 56572
h8.t6.propagations = 56572
h8.t8.restarts = 7
h8.t8.nogoods_size = 42111
h8.t8.nodes = 58196
h8.t8.propagations = 58196
h8.search_time = 959
h8.nodes = 1022533
h8.propagations = 2811443
h9.t8.restarts = 7
h9.t8.nogoods_size = 42154
h9.t8.nodes = 58059
h9.t8.propagations = 58059
h9.t5.restarts = 7
h9.t5.nogoods_size = 42154
h9.t5.nodes = 53666
h9.t5.propagations = 53666
h9.t12.restarts = 7
h9.t12.nogoods_size = 42154
h9.t12.nodes = 55477
h9.t12.propagations = 55477
h9.t6.restarts = 7
h9.t6.nogoods_size = 42154
h9.t6.nodes = 54794
h9.t6.propagations = 54794
h9.t15.restarts = 7
h9.t15.nogoods_size = 42154
h9.t15.nodes = 56193
h9.t15.propagations = 56193
h9.t14.restarts = 7
h9.t14.nogoods_size = 42154
h9.t14.nodes = 58834
h9.t14.propagations = 58834
h9.t9.restarts = 7
h9.t9.nogoods_size = 42154
h9.t9.nodes = 49850
h9.t9.propagations = 49850
h9.t3.restarts = 7
h9.t3.nogoods_size = 42154
h9.t3.nodes = 49536
h9.t3.propagations = 49536
h9.t7.restarts = 7
h9.t7.nogoods_size = 42154
h9.t7.nodes = 61254
h9.t7.propagations = 61254
h9.t13.restarts = 7
h9.t13.nogoods_size = 42154
h9.t13.nodes = 52817
h9.t13.propagations = 52817
h9.t16.restarts = 7
h9.t16.nogoods_size = 42154
h9.t16.nodes = 58812
h9.t16.propagations = 58812
h9.t1.restarts = 7
h9.t1.nogoods_size = 42154
h9.t1.nodes = 55284
h9.t1.propagations = 55284
h9.t10.restarts = 7
h9.t10.nogoods_size = 42154
h9.t10.nodes = 61634
h9.t10.propagations = 61634
h9.t17.restarts = 7
h9.t17.nogoods_size = 42154
h9.t17.nodes = 40028
h9.t17.propagations = 40028
h9.t11.restarts = 7
h9.t11.nogoods_size = 42154
h9.t11.nodes = 55213
h9.t11.propagations = 55213
h9.t4.restarts = 7
h9.t4.nogoods_size = 42154
h9.t4.nodes = 57792
h9.t4.propagations = 57792
h9.t0.restarts = 7
h9.t0.nogoods_size = 42154
h9.t0.nodes = 29526
h9.t0.propagations = 29526
h9.t2.restarts = 7
h9.t2.nogoods_size = 42154
h9.t2.nodes = 57777
h9.t2.propagations = 57777
h9.search_time = 952
h9.nodes = 966546
h9.propagations = 2654713
h10.t12.restarts = 7
h10.t12.nogoods_size = 42245
h10.t12.nodes = 63166
h10.t12.propagations = 63166
h10.t16.restarts = 7
h10.t16.nogoods_size = 42245
h10.t16.nodes = 64824
h10.t16.propagations = 64824
h10.t17.restarts = 7
h10.t17.nogoods_size = 42245
h10.t17.nodes = 39141
h10.t17.propagations = 39141
h10.t9.restarts = 7
h10.t9.nogoods_size = 42245
h10.t9.nodes = 62697
h10.t9.propagations = 62697
h10.t7.restarts = 7
h10.t7.nogoods_size = 42245
h10.t7.nodes = 62189
h10.t7.propagations = 62189
h10.t1.restarts = 7
h10.t1.nogoods_size = 42245
h10.t1.nodes = 60526
h10.t1.propagations = 60526
h10.t6.restarts = 7
h10.t6.nogoods_size = 42245
h10.t6.nodes = 62155
h10.t6.propagations = 62155
h10.t14.restarts = 7
h10.t14.nogoods_size = 42245
h10.t14.nodes = 62205
h10.t14.propagations = 62205
h10.t8.restarts = 7
h10.t8.nogoods_size = 42245
h10.t8.nodes = 59856
h10.t8.propagations = 59856
h10.t13.restarts = 7
h10.t13.nogoods_size = 42245
h10.t13.nodes = 63866
h10.t13.propagations = 63866
h10.t11.restarts = 7
h10.t11.nogoods_size = 42245
h10.t11.nodes = 59420
h10.t11.propagations = 59420
h10.t10.restarts = 7
h10.t10.nogoods_size = 42245
h10.t10.nodes = 66594
h10.t10.propagations = 66594
h10.t15.restarts = 7
h10.t15.nogoods_size = 42245
h10.t15.nodes = 62309
h10.t15.propagations = 62309
h10.t4.restarts = 7
h10.t4.nogoods_size = 42245
h10.t4.nodes = 63544
h10.t4.propagations = 63544
h10.t3.restarts = 7
h10.t3.nogoods_size = 42245
h10.t3.nodes = 56677
h10.t3.propagations = 56677
h10.t0.restarts = 7
h10.t0.nogoods_size = 42245
h10.t0.nodes = 32637
h10.t0.propagations = 32637
h10.t2.restarts = 7
h10.t2.nogoods_size = 42245
h10.t2.nodes = 60026
h10.t2.propagations = 60026
h10.t5.restarts = 7
h10.t5.nogoods_size = 42245
h10.t5.nodes = 64156
h10.t5.propagations = 64156
h10.search_time = 963
h10.nodes = 1065988
h10.propagations = 2930689
h11.t16.restarts = 7
h11.t16.nogoods_size = 42243
h11.t16.nodes = 62136
h11.t16.propagations = 62136
h11.t10.restarts = 7
h11.t10.nogoods_size = 42243
h11.t10.nodes = 60054
h11.t10.propagations = 60054
h11.t3.restarts = 7
h11.t3.nogoods_size = 42243
h11.t3.nodes = 58780
h11.t3.propagations = 58780
h11.t1.restarts = 7
h11.t1.nogoods_size = 42243
h11.t1.nodes = 61135
h11.t1.propagations = 61135
h11.t2.restarts = 7
h11.t2.nogoods_size = 42243
h11.t2.nodes = 60379
h11.t2.propagations = 60379
h11.t17.restarts = 7
h11.t17.nogoods_size = 42243
h11.t17.nodes = 40502
h11.t17.propagations = 40502
h11.t5.restarts = 7
h11.t5.nogoods_size = 42243
h11.t5.nodes = 54479
h11.t5.propagations = 54479
h11.t7.restarts = 7
h11.t7.nogoods_size = 42243
h11.t7.nodes = 60200
h11.t7.propagations = 60200
h11.t11.restarts = 7
h11.t11.nogoods_size = 42243
h11.t11.nodes = 55891
h11.t11.propagations = 55891
h11.t0.restarts = 7
h11.t0.nogoods_size = 42243
h11.t0.nodes = 32633
h11.t0.propagations = 32633
h11.t4.restarts = 7
h11.t4.nogoods_size = 42243
h11.t4.nodes = 60844
h11.t4.propagations = 60844
h11.t15.restarts = 7
h11.t15.nogoods_size = 42243
h11.t15.nodes = 56877
h11.t15.propagations = 56877
h11.t14.restarts = 7
h11.t14.nogoods_size = 42243
h11.t14.nodes = 64734
h11.t14.propagations = 64734
h11.t12.restarts = 7
h11.t12.nogoods_size = 42243
h11.t12.nodes = 60423
h11.t12.propagations = 60423
h11.t6.restarts = 7
h11.t6.nogoods_size = 42243
h11.t6.nodes = 53892
h11.t6.propagations = 53892
h11.t8.restarts = 7
h11.t8.nogoods_size = 42243
h11.t8.nodes = 54132
h11.t8.propagations = 54132
h11.t13.restarts = 7
h11.t13.nogoods_size = 42243
h11.t13.nodes = 56150
h11.t13.propagations = 56150
h11.t9.restarts = 7
h11.t9.nogoods_size = 42243
h11.t9.nodes = 60674
h11.t9.propagations = 60674
h11.search_time = 956
h11.nodes = 1013915
h11.propagations = 2795063
h12.t7.restarts = 7
h12.t7.nogoods_size = 42266
h12.t7.nodes = 76574
h12.t7.propagations = 76574
h12.t8.restarts = 7
h12.t8.nogoods_size = 42266
h12.t8.nodes = 76293
h12.t8.propagations = 76293
h12.t1.restarts = 7
h12.t1.nogoods_size = 42266
h12.t1.nodes = 76216
h12.t1.propagations = 76216
h12.t14.restarts = 7
h12.t14.nogoods_size = 42266
h12.t14.nodes = 76566
h12.t14.propagations = 76566
h12.t15.restarts = 7
h12.t15.nogoods_size = 42266
h12.t15.nodes = 76389
h12.t15.propagations = 76389
h12.t0.restarts = 7
h12.t0.nogoods_size = 42266
h12.t0.nodes = 33716
h12.t0.propagations = 33716
h12.t5.restarts = 7
h12.t5.nogoods_size = 42266
h12.t5.nodes = 76043
h12.t5.propagations = 76043
h12.t9.restarts = 7
h12.t9.nogoods_size = 42266
h12.t9.nodes = 76251
h12.t9.propagations = 76251
h12.t12.restarts = 7
h12.t12.nogoods_size = 42266
h12.t12.nodes = 76586
h12.t12.propagations = 76586
h12.t16.restarts = 7
h12.t16.nogoods_size = 42266
h12.t16.nodes = 76239
h12.t16.propagations = 76239
h12.t4.restarts = 7
h12.t4.nogoods_size = 42266
h12.t4.nodes = 76259
h12.t4.propagations = 76259
h12.t10.restarts = 7
h12.t10.nogoods_size = 42266
h12.t10.nodes = 76290
h12.t10.propagations = 76290
h12.t3.restarts = 7
h12.t3.nogoods_size = 42266
h12.t3.nodes = 77050
h12.t3.propagations = 77050
h12.t17.restarts = 7
h12.t17.nogoods_size = 42266
h12.t17.nodes = 42430
h12.t17.propagations = 42430
h12.t11.restarts = 7
h12.t11.nogoods_size = 42266
h12.t11.nodes = 76646
h12.t11.propagations = 76646
h12.t13.restarts = 7
h12.t13.nogoods_size = 42266
h12.t13.nodes = 76145
h12.t13.propagations = 76145
h12.t2.restarts = 7
h12.t2.nogoods_size = 42266
h12.t2.nodes = 76599
h12.t2.propagations = 76599
h12.t6.restarts = 7
h12.t6.nogoods_size = 42266
h12.t6.nodes = 76797
h12.t6.propagations = 76797
h12.search_time = 963
h12.nodes = 1299089
h12.propagations = 3569169
h13.t12.restarts = 7
h13.t12.nogoods_size = 42217
h13.t12.nodes = 67813
h13.t12.propagations = 67813
h13.t13.restarts = 7
h13.t13.nogoods_size = 42217
h13.t13.nodes = 69086
h13.t13.propagations = 69086
h13.t10.restarts = 7
h13.t10.nogoods_size = 42217
h13.t10.nodes = 67425
h13.t10.propagations = 67425
h13.t16.restarts = 7
h13.t16.nogoods_size = 42217
h13.t16.nodes = 66407
h13.t16.propagations = 66407
h13.t11.restarts = 7
h13.t11.nogoods_size = 42217
h13.t11.nodes = 67358
h13.t11.propagations = 67358
h13.t4.restarts = 7
h13.t4.nogoods_size = 42217
h13.t4.nodes = 66096
h13.t4.propagations = 66096
h13.t8.restarts = 7
h13.t8.nogoods_size = 42217
h13.t8.nodes = 67052
h13.t8.propagations = 67052
h13.t7.restarts = 7
h13.t7.nogoods_size = 42217
h13.t7.nodes = 67855
h13.t7.propagations = 67855
h13.t2.restarts = 7
h13.t2.nogoods_size = 42217
h13.t2.nodes = 68731
h13.t2.propagations = 68731
h13.t6.restarts = 7
h13.t6.nogoods_size = 42217
h13.t6.nodes = 66091
h13.t6.propagations = 66091
h13.t3.restarts = 7
h13.t3.nogoods_size = 42217
h13.t3.nodes = 68586
h13.t3.propagations = 68586
h13.t5.restarts = 7
h13.t5.nogoods_size = 42217
h13.t5.nodes = 65842
h13.t5.propagations = 65842
h13.t14.restarts = 7
h13.t14.nogoods_size = 42217
h13.t14.nodes = 64931
h13.t14.propagations = 64931
h13.t0.restarts = 7
h13.t0.nogoods_size = 42217
h13.t0.nodes = 33221
h13.t0.propagations = 33221
h13.t1.restarts = 7
h13.t1.nogoods_size = 42217
h13.t1.nodes = 66595
h13.t1.propagations = 66595
h13.t9.restarts = 7
h13.t9.nogoods_size = 42217
h13.t9.nodes = 69352
h13.t9.propagations = 69352
h13.t15.restarts = 7
h13.t15.nogoods_size = 42217
h13.t15.nodes = 65993
h13.t15.propagations = 65993
h13.t17.restarts = 7
h13.t17.nogoods_size = 42217
h13.t17.nodes = 40141
h13.t17.propagations = 40141
h13.search_time = 963
h13.nodes = 1148575
h13.propagations = 3164692
h14.t14.restarts = 7
h14.t14.nogoods_size = 42178
h14.t14.nodes = 59418
h14.t14.propagations = 59418
h14.t6.restarts = 7
h14.t6.nogoods_size = 42178
h14.t6.nodes = 59857
h14.t6.propagations = 59857
h14.t8.restarts = 7
h14.t8.nogoods_size = 42178
h14.t8.nodes = 59824
h14.t8.propagations = 59824
h14.t7.restarts = 7
h14.t7.nogoods_size = 42178
h14.t7.nodes = 57438
h14.t7.propagations = 57438
h14.t10.restarts = 7
h14.t10.nogoods_size = 42178
h14.t10.nodes = 60050
h14.t10.propagations = 60050
h14.t4.restarts = 7
h14.t4.nogoods_size = 42178
h14.t4.nodes = 57336
h14.t4.propagations = 57336
h14.t11.restarts = 7
h14.t11.nogoods_size = 42178
h14.t11.nodes = 61702
h14.t11.propagations = 61702
h14.t9.restarts = 7
h14.t9.nogoods_size = 42178
h14.t9.nodes = 58519
h14.t9.propagations = 58519
h14.t15.restarts = 7
h14.t15.nogoods_size = 42178
h14.t15.nodes = 60343
h14.t15.propagations = 60343
h14.t1.restarts = 7
h14.t1.nogoods_size = 42178
h14.t1.nodes = 53103
h14.t1.propagations = 53103
h14.t0.restarts = 7
h14.t0.nogoods_size = 42178
h14.t0.nodes = 31045
h14.t0.propagations = 31045
h14.t16.restarts = 7
h14.t16.nogoods_size = 42178
h14.t16.nodes = 66672
h14.t16.propagations = 66672
h14.t13.restarts = 7
h14.t13.nogoods_size = 42178
h14.t13.nodes = 59422
h14.t13.propagations = 59422
h14.t17.restarts = 7
h14.t17.nogoods_size = 42178
h14.t17.nodes = 39765
h14.t17.propagations = 39765
h14.t5.restarts = 7
h14.t5.nogoods_size = 42178
h14.t5.nodes = 55113
h14.t5.propagations = 55113
h14.t3.restarts = 7
h14.t3.nogoods_size = 42178
h14.t3.nodes = 58099
h14.t3.propagations = 58099
h14.t2.restarts = 7
h14.t2.nogoods_size = 42178
h14.t2.nodes = 57249
h14.t2.propagations = 57249
h14.t12.restarts = 7
h14.t12.nogoods_size = 42178
h14.t12.nodes = 59478
h14.t12.propagations = 59478
h14.search_time = 949
h14.nodes = 1014433
h14.propagations = 2791734
h15.t2.restarts = 7
h15.t2.nogoods_size = 42141
h15.t2.nodes = 65764
h15.t2.propagations = 65764
h15.t5.restarts = 7
h15.t5.nogoods_size = 42141
h15.t5.nodes = 57456
h15.t5.propagations = 57456
h15.t1.restarts = 7
h15.t1.nogoods_size = 42141
h15.t1.nodes = 58129
h15.t1.propagations = 58129
h15.t7.restarts = 7
h15.t7.nogoods_size = 42141
h15.t7.nodes = 59529
h15.t7.propagations = 59529
h15.t17.restarts = 7
h15.t17.nogoods_size = 42141
h15.t17.nodes = 39760
h15.t17.propagations = 39760
h15.t11.restarts = 7
h15.t11.nogoods_size = 42141
h15.t11.nodes = 58353
h15.t11.propagations = 58353
h15.t12.restarts = 7
h15.t12.nogoods_size = 42141
h15.t12.nodes = 61170
h15.t12.propagations = 61170
h15.t15.restarts = 7
h15.t15.nogoods_size = 42141
h15.t15.nodes = 57749
h15.t15.propagations = 57749
h15.t9.restarts = 7
h15.t9.nogoods_size = 42141
h15.t9.nodes = 59585
h15.t9.propagations = 59585
h15.t3.restarts = 7
h15.t3.nogoods_size = 42141
h15.t3.nodes = 57868
h15.t3.propagations = 57868
h15.t8.restarts = 7
h15.t8.nogoods_size = 42141
h15.t8.nodes = 58195
h15.t8.propagations = 58195
h15.t14.restarts = 7
h15.t14.nogoods_size = 42141
h15.t14.nodes = 56525
h15.t14.propagations = 56525
h15.t0.restarts = 7
h15.t0.nogoods_size = 42141
h15.t0.nodes = 31054
h15.t0.propagations = 31054
h15.t6.restarts = 7
h15.t6.nogoods_size = 42141
h15.t6.nodes = 56835
h15.t6.propagations = 56835
h15.t10.restarts = 7
h15.t10.nogoods_size = 42141
h15.t10.nodes = 73500
h15.t10.propagations = 73500
h15.t13.restarts = 7
h15.t13.nogoods_size = 42141
h15.t13.nodes = 57211
h15.t13.propagations = 57211
h15.t4.restarts = 7
h15.t4.nogoods_size = 42141
h15.t4.nodes = 59877
h15.t4.propagations = 59877
h15.t16.restarts = 7
h15.t16.nogoods_size = 42141
h15.t16.nodes = 65084
h15.t16.propagations = 65084
h15.search_time = 951
h15.nodes = 1033644
h15.propagations = 2844856
h16.t12.restarts = 7
h16.t12.nogoods_size = 42276
h16.t12.nodes = 67599
h16.t12.propagations = 67599
h16.t5.restarts = 7
h16.t5.nogoods_size = 42276
h16.t5.nodes = 63634
h16.t5.propagations = 63634
h16.t8.restarts = 7
h16.t8.nogoods_size = 42276
h16.t8.nodes = 62337
h16.t8.propagations = 62337
h16.t4.restarts = 7
h16.t4.nogoods_size = 42276
h16.t4.nodes = 67104
h16.t4.propagations = 67104
h16.t17.restarts = 7
h16.t17.nogoods_size = 42276
h16.t17.nodes = 40420
h16.t17.propagations = 40420
h16.t10.restarts = 7
h16.t10.nogoods_size = 42276
h16.t10.nodes = 67226
h16.t10.propagations = 67226
h16.t13.restarts = 7
h16.t13.nogoods_size = 42276
h16.t13.nodes = 63178
h16.t13.propagations = 63178
h16.t2.restarts = 7
h16.t2.nogoods_size = 42276
h16.t2.nodes = 62897
h16.t2.propagations = 62897
h16.t11.restarts = 7
h16.t11.nogoods_size = 42276
h16.t11.nodes = 67005
h16.t11.propagations = 67005
h16.t9.restarts = 7
h16.t9.nogoods_size = 42276
h16.t9.nodes = 61296
h16.t9.propagations = 61296
h16.t14.restarts = 7
h16.t14.nogoods_size = 42276
h16.t14.nodes = 63541
h16.t14.propagations = 63541
h16.t15.restarts = 7
h16.t15.nogoods_size = 42276
h16.t15.nodes = 67831
h16.t15.propagations = 67831
h16.t16.restarts = 7
h16.t16.nogoods_size = 42276
h16.t16.nodes = 66000
h16.t16.propagations = 66000
h16.t0.restarts = 7
h16.t0.nogoods_size = 42276
h16.t0.nodes = 32978
h16.t0.propagations = 32978
h16.t3.restarts = 7
h16.t3.nogoods_size = 42276
h16.t3.nodes = 65707
h16.t3.propagations = 65707
h16.t1.restarts = 7
h16.t1.nogoods_size = 42276
h16.t1.nodes = 64489
h16.t1.propagations = 64489
h16.t6.restarts = 7
h16.t6.nogoods_size = 42276
h16.t6.nodes = 64213
h16.t6.propagations = 64213
h16.t7.restarts = 7
h16.t7.nogoods_size = 42276
h16.t7.nodes = 63128
h16.t7.propagations = 63128
h16.search_time = 946
h16.nodes = 1110583
h16.propagations = 3051895
h17.t13.restarts = 7
h17.t13.nogoods_size = 42215
h17.t13.nodes = 59172
h17.t13.propagations = 59172
h17.t0.restarts = 7
h17.t0.nogoods_size = 42215
h17.t0.nodes = 31809
h17.t0.propagations = 31809
h17.t5.restarts = 7
h17.t5.nogoods_size = 42215
h17.t5.nodes = 57488
h17.t5.propagations = 57488
h17.t12.restarts = 7
h17.t12.nogoods_size = 42215
h17.t12.nodes = 56079
h17.t12.propagations = 56079
h17.t11.restarts = 7
h17.t11.nogoods_size = 42215
h17.t11.nodes = 57134
h17.t11.propagations = 57134
h17.t17.restarts = 7
h17.t17.nogoods_size = 42215
h17.t17.nodes = 40210
h17.t17.propagations = 40210
h17.t9.restarts = 7
h17.t9.nogoods_size = 42215
h17.t9.nodes = 52746
h17.t9.propagations = 52746
h17.t15.restarts = 7
h17.t15.nogoods_size = 42215
h17.t15.nodes = 56439
h17.t15.propagations = 56439
h17.t16.restarts = 7
h17.t16.nogoods_size = 42215
h17.t16.nodes = 59651
h17.t16.propagations = 59651
h17.t4.restarts = 7
h17.t4.nogoods_size = 42215
h17.t4.nodes = 53024
h17.t4.propagations = 53024
h17.t6.restarts = 7
h17.t6.nogoods_size = 42215
h17.t6.nodes = 59975
h17.t6.propagations = 59975
h17.t14.restarts = 7
h17.t14.nogoods_size = 42215
h17.t14.nodes = 52391
h17.t14.propagations = 52391
h17.t3.restarts = 7
h17.t3.nogoods_size = 42215
h17.t3.nodes = 52631
h17.t3.propagations = 52631
h17.t1.restarts = 7
h17.t1.nogoods_size = 42215
h17.t1.nodes = 51199
h17.t1.propagations = 51199
h17.t2.restarts = 7
h17.t2.nogoods_size = 42215
h17.t2.nodes = 56865
h17.t2.propagations = 56865
h17.t8.restarts = 7
h17.t8.nogoods_size = 42215
h17.t8.nodes = 51441
h17.t8.propagations = 51441
h17.t7.restarts = 7
h17.t7.nogoods_size = 42215
h17.t7.nodes = 55821
h17.t7.propagations = 55821
h17.t10.restarts = 7
h17.t10.nogoods_size = 42215
h17.t10.nodes = 53456
h17.t10.propagations = 53456
h17.search_time = 961
h17.nodes = 957531
h17.propagations = 2631334
h18.t13.restarts = 7
h18.t13.nogoods_size = 42048
h18.t13.nodes = 53034
h18.t13.propagations = 53034
h18.t6.restarts = 7
h18.t6.nogoods_size = 42048
h18.t6.nodes = 60546
h18.t6.propagations = 60546
h18.t15.restarts = 7
h18.t15.nogoods_size = 42048
h18.t15.nodes = 54356
h18.t15.propagations = 54356
h18.t3.restarts = 7
h18.t3.nogoods_size = 42048
h18.t3.nodes = 63222
h18.t3.propagations = 63222
h18.t11.restarts = 7
h18.t11.nogoods_size = 42048
h18.t11.nodes = 56675
h18.t11.propagations = 56675
h18.t7.restarts = 7
h18.t7.nogoods_size = 42048
h18.t7.nodes = 59560
h18.t7.propagations = 59560
h18.t2.restarts = 7
h18.t2.nogoods_size = 42048
h18.t2.nodes = 62449
h18.t2.propagations = 62449
h18.t14.restarts = 7
h18.t14.nogoods_size = 42048
h18.t14.nodes = 58581
h18.t14.propagations = 58581
h18.t16.restarts = 7
h18.t16.nogoods_size = 42048
h18.t16.nodes = 60184
h18.t16.propagations = 60184
h18.t17.restarts = 7
h18.t17.nogoods_size = 42048
h18.t17.nodes = 39879
h18.t17.propagations = 39879
h18.t9.restarts = 7
h18.t9.nogoods_size = 42048
h18.t9.nodes = 60989
h18.t9.propagations = 60989
h18.t12.restarts = 7
h18.t12.nogoods_size = 42048
h18.t12.nodes = 62685
h18.t12.propagations = 62685
h18.t8.restarts = 7
h18.t8.nogoods_size = 42048
h18.t8.nodes = 55079
h18.t8.propagations = 55079
h18.t4.restarts = 7
h18.t4.nogoods_size = 42048
h18.t4.nodes = 57892
h18.t4.propagations = 57892
h18.t1.restarts = 7
h18.t1.nogoods_size = 42048
h18.t1.nodes = 63334
h18.t1.propagations = 63334
h18.t5.restarts = 7
h18.t5.nogoods_size = 42048
h18.t5.nodes = 64508
h18.t5.propagations = 64508
h18.t0.restarts = 7
h18.t0.nogoods_size = 42048
h18.t0.nodes = 31078
h18.t0.propagations = 31078
h18.t10.restarts = 7
h18.t10.nogoods_size = 42048
h18.t10.nodes = 54458
h18.t10.propagations = 54458
h18.search_time = 963
h18.nodes = 1018509
h18.propagations = 2798458
h19.t10.restarts = 7
h19.t10.nogoods_size = 42167
h19.t10.nodes = 57245
h19.t10.propagations = 57245
h19.t13.restarts = 7
h19.t13.nogoods_size = 42167
h19.t13.nodes = 71081
h19.t13.propagations = 71081
h19.t2.restarts = 7
h19.t2.nogoods_size = 42167
h19.t2.nodes = 47169
h19.t2.propagations = 47169
h19.t4.restarts = 7
h19.t4.nogoods_size = 42167
h19.t4.nodes = 55641
h19.t4.propagations = 55641
h19.t16.restarts = 7
h19.t16.nogoods_size = 42167
h19.t16.nodes = 66850
h19.t16.propagations = 66850
h19.t17.restarts = 7
h19.t17.nogoods_size = 42167
h19.t17.nodes = 38332
h19.t17.propagations = 38332
h19.t8.restarts = 7
h19.t8.nogoods_size = 42167
h19.t8.nodes = 48328
h19.t8.propagations = 48328
h19.t1.restarts = 7
h19.t1.nogoods_size = 42167
h19.t1.nodes = 58388
h19.t1.propagations = 58388
h19.t15.restarts = 7
h19.t15.nogoods_size = 42167
h19.t15.nodes = 52310
h19.t15.propagations = 52310
h19.t6.restarts = 7
h19.t6.nogoods_size = 42167
h19.t6.nodes = 49171
h19.t6.propagations = 49171
h19.t14.restarts = 7
h19.t14.nogoods_size = 42167
h19.t14.nodes = 52375
h19.t14.propagations = 52375
h19.t7.restarts = 7
h19.t7.nogoods_size = 42167
h19.t7.nodes = 50666
h19.t7.propagations = 50666
h19.t12.restarts = 7
h19.t12.nogoods_size = 42167
h19.t12.nodes = 52107
h19.t12.propagations = 52107
h19.t5.restarts = 7
h19.t5.nogoods_size = 42167
h19.t5.nodes = 49057
h19.t5.propagations = 49057
h19.t3.restarts = 7
h19.t3.nogoods_size = 42167
h19.t3.nodes = 49007
h19.t3.propagations = 49007
h19.t0.restarts = 7
h19.t0.nogoods_size = 42167
h19.t0.nodes = 30362
h19.t0.propagations = 30362
h19.t9.restarts = 7
h19.t9.nogoods_size = 42167
h19.t9.nodes = 51993
h19.t9.propagations = 51993
h19.t11.restarts = 7
h19.t11.nogoods_size = 42167
h19.t11.nodes = 48160
h19.t11.propagations = 48160
h19.search_time = 951
h19.nodes = 928242
h19.propagations = 2552736
