hostname = r1i3n29
commandline = ../glasgow/solve_subgraph_isomorphism --value-ordering=biased --triggered-restarts --geometric-restarts=1.0 --restarts-constant=100000 --restart-timer=100 --threads=36 --timeout 1000 --format lad ../instances/meshes-CVIU11/patterns/pattern5 ../instances/meshes-CVIU11/targets/target191
started_at = 2018-11-22 23:01:29
pattern_file = ../instances/meshes-CVIU11/patterns/pattern5
target_file = ../instances/meshes-CVIU11/targets/target191
status = false
nodes = 50527
propagations = 124876
runtime = 1278
t10.stop_reason = unsatisfiable
t10.restarts = 5
t10.nogoods_size = 2294
t10.nodes = 1515
t10.propagations = 1515
t5.stop_reason = aborted
t5.restarts = 5
t5.nogoods_size = 2294
t5.nodes = 1554
t5.propagations = 1554
t35.stop_reason = aborted
t35.restarts = 5
t35.nogoods_size = 2294
t35.nodes = 1848
t35.propagations = 1848
t0.stop_reason = aborted
t0.restarts = 5
t0.nogoods_size = 2294
t0.nodes = 1125
t0.propagations = 1125
t18.stop_reason = aborted
t18.restarts = 5
t18.nogoods_size = 2294
t18.nodes = 1590
t18.propagations = 1590
t12.stop_reason = unsatisfiable
t12.restarts = 5
t12.nogoods_size = 2294
t12.nodes = 1649
t12.propagations = 1649
t1.stop_reason = aborted
t1.restarts = 5
t1.nogoods_size = 2294
t1.nodes = 1156
t1.propagations = 1156
t27.stop_reason = unsatisfiable
t27.restarts = 5
t27.nogoods_size = 2294
t27.nodes = 1007
t27.propagations = 1007
t8.stop_reason = aborted
t8.restarts = 5
t8.nogoods_size = 2294
t8.nodes = 1442
t8.propagations = 1442
t19.stop_reason = aborted
t19.restarts = 5
t19.nogoods_size = 2294
t19.nodes = 1020
t19.propagations = 1020
t33.stop_reason = aborted
t33.restarts = 5
t33.nogoods_size = 2294
t33.nodes = 1614
t33.propagations = 1614
t28.stop_reason = aborted
t28.restarts = 5
t28.nogoods_size = 2294
t28.nodes = 1293
t28.propagations = 1293
t7.stop_reason = aborted
t7.restarts = 5
t7.nogoods_size = 2294
t7.nodes = 1037
t7.propagations = 1037
t24.stop_reason = aborted
t24.restarts = 5
t24.nogoods_size = 2294
t24.nodes = 1587
t24.propagations = 1587
t17.stop_reason = aborted
t17.restarts = 5
t17.nogoods_size = 2294
t17.nodes = 1276
t17.propagations = 1276
t21.stop_reason = aborted
t21.restarts = 5
t21.nogoods_size = 2294
t21.nodes = 1610
t21.propagations = 1610
t25.stop_reason = aborted
t25.restarts = 5
t25.nogoods_size = 2294
t25.nodes = 1244
t25.propagations = 1244
t3.stop_reason = aborted
t3.restarts = 5
t3.nogoods_size = 2294
t3.nodes = 1052
t3.propagations = 1052
t30.stop_reason = aborted
t30.restarts = 5
t30.nogoods_size = 2294
t30.nodes = 1626
t30.propagations = 1626
t9.stop_reason = aborted
t9.restarts = 5
t9.nogoods_size = 2294
t9.nodes = 1831
t9.propagations = 1831
t29.stop_reason = aborted
t29.restarts = 5
t29.nogoods_size = 2294
t29.nodes = 1080
t29.propagations = 1080
t13.stop_reason = aborted
t13.restarts = 5
t13.nogoods_size = 2294
t13.nodes = 1278
t13.propagations = 1278
t23.stop_reason = aborted
t23.restarts = 5
t23.nogoods_size = 2294
t23.nodes = 1473
t23.propagations = 1473
t15.stop_reason = aborted
t15.restarts = 5
t15.nogoods_size = 2294
t15.nodes = 1080
t15.propagations = 1080
t4.stop_reason = aborted
t4.restarts = 5
t4.nogoods_size = 2294
t4.nodes = 1496
t4.propagations = 1496
t26.stop_reason = aborted
t26.restarts = 5
t26.nogoods_size = 2294
t26.nodes = 1305
t26.propagations = 1305
t6.stop_reason = aborted
t6.restarts = 5
t6.nogoods_size = 2294
t6.nodes = 1020
t6.propagations = 1020
t20.stop_reason = aborted
t20.restarts = 5
t20.nogoods_size = 2294
t20.nodes = 1053
t20.propagations = 1053
t2.stop_reason = aborted
t2.restarts = 5
t2.nogoods_size = 2294
t2.nodes = 1457
t2.propagations = 1457
t11.stop_reason = aborted
t11.restarts = 5
t11.nogoods_size = 2294
t11.nodes = 1793
t11.propagations = 1793
t34.stop_reason = aborted
t34.restarts = 5
t34.nogoods_size = 2294
t34.nodes = 1025
t34.propagations = 1025
t16.stop_reason = aborted
t16.restarts = 5
t16.nogoods_size = 2294
t16.nodes = 1778
t16.propagations = 1778
t22.stop_reason = aborted
t22.restarts = 5
t22.nogoods_size = 2294
t22.nodes = 1225
t22.propagations = 1225
t31.stop_reason = aborted
t31.restarts = 5
t31.nogoods_size = 2294
t31.nodes = 1785
t31.propagations = 1785
t32.stop_reason = aborted
t32.restarts = 5
t32.nogoods_size = 2294
t32.nodes = 1770
t32.propagations = 1770
t14.stop_reason = aborted
t14.restarts = 5
t14.nogoods_size = 2294
t14.nodes = 1833
t14.propagations = 1833
search_time = 474
