hostname = r1i3n30
commandline = ../glasgow/solve_subgraph_isomorphism --value-ordering=biased --triggered-restarts --geometric-restarts=1.0 --restarts-constant=100000 --restart-timer=100 --threads=36 --timeout 1000 --format lad ../instances/meshes-CVIU11/patterns/pattern3 ../instances/meshes-CVIU11/targets/target425
started_at = 2018-11-22 23:16:08
pattern_file = ../instances/meshes-CVIU11/patterns/pattern3
target_file = ../instances/meshes-CVIU11/targets/target425
status = true
nodes = 5054270
propagations = 11565059
mapping = (0 -> 405) (1 -> 1) (2 -> 185) (3 -> 186) (4 -> 188) (5 -> 63) (6 -> 437) (7 -> 436) (8 -> 438) (9 -> 439) (10 -> 60) (11 -> 115) (12 -> 114) (13 -> 152) (14 -> 151) (15 -> 150) (16 -> 120) (17 -> 53) (18 -> 54) (19 -> 450) (20 -> 449) (21 -> 443) (22 -> 442) (23 -> 511) (24 -> 494) (25 -> 493) (26 -> 43) (27 -> 42) (28 -> 12) (29 -> 11) (30 -> 10) (31 -> 9) (32 -> 56) (33 -> 57) (34 -> 8) (35 -> 59) (36 -> 118) (37 -> 119) (38 -> 58) (39 -> 454) (40 -> 44) (41 -> 45) (42 -> 46) (43 -> 51) (44 -> 122) (45 -> 121) (46 -> 492) (47 -> 495) (48 -> 496) (49 -> 481) (50 -> 501) (51 -> 502) (52 -> 485) (53 -> 484) (54 -> 503) (55 -> 504) (56 -> 491) (57 -> 490) (58 -> 497) (59 -> 498) (60 -> 489) (61 -> 488) (62 -> 487) (63 -> 486) (64 -> 149) (65 -> 148) (66 -> 147) (67 -> 158) (68 -> 157) (69 -> 156) (70 -> 155) (71 -> 159) (72 -> 146) (73 -> 124) (74 -> 49) (75 -> 126) (76 -> 319) (77 -> 123) (78 -> 50) (79 -> 47) (80 -> 39) (81 -> 40) (82 -> 41) (83 -> 116) (84 -> 117) (85 -> 440) (86 -> 62) (87 -> 78) (88 -> 77) (89 -> 79) (90 -> 65) (91 -> 64) (92 -> 370) (93 -> 431) (94 -> 414) (95 -> 415) (96 -> 401) (97 -> 419) (98 -> 420) (99 -> 407) (100 -> 406) (101 -> 421) (102 -> 422) (103 -> 423) (104 -> 404) (105 -> 403) (106 -> 424) (107 -> 428) (108 -> 427) (109 -> 426) (110 -> 2) (111 -> 3) (112 -> 5) (113 -> 6) (114 -> 7) (115 -> 4) (116 -> 374) (117 -> 413) (118 -> 412) (119 -> 411) (120 -> 410) (121 -> 69) (122 -> 72) (123 -> 508) (124 -> 509) (125 -> 311) (126 -> 309) (127 -> 248) (128 -> 307) (129 -> 305) (130 -> 303) (131 -> 301) (132 -> 247) (133 -> 513) (134 -> 512) (135 -> 38) (136 -> 16) (137 -> 17) (138 -> 31) (139 -> 30) (140 -> 29) (141 -> 28) (142 -> 26) (143 -> 25) (144 -> 20) (145 -> 19) (146 -> 18) (147 -> 27) (148 -> 568) (149 -> 33) (150 -> 526) (151 -> 525) (152 -> 524) (153 -> 523) (154 -> 522) (155 -> 447) (156 -> 73) (157 -> 134) (158 -> 472) (159 -> 386) (160 -> 273) (161 -> 67) (162 -> 95) 
runtime = 2710
t21.stop_reason = aborted
t21.restarts = 26
t21.nogoods_size = 15183
t21.nodes = 135307
t21.propagations = 135307
t3.stop_reason = aborted
t3.restarts = 26
t3.nogoods_size = 15183
t3.nodes = 144681
t3.propagations = 144681
t8.stop_reason = aborted
t8.restarts = 26
t8.nogoods_size = 15183
t8.nodes = 147094
t8.propagations = 147094
t26.stop_reason = aborted
t26.restarts = 26
t26.nogoods_size = 15183
t26.nodes = 123069
t26.propagations = 123069
t12.stop_reason = aborted
t12.restarts = 26
t12.nogoods_size = 15183
t12.nodes = 159225
t12.propagations = 159225
t31.stop_reason = aborted
t31.restarts = 26
t31.nogoods_size = 15183
t31.nodes = 130964
t31.propagations = 130964
t28.stop_reason = aborted
t28.restarts = 26
t28.nogoods_size = 15183
t28.nodes = 149759
t28.propagations = 149759
t24.stop_reason = aborted
t24.restarts = 26
t24.nogoods_size = 15183
t24.nodes = 131074
t24.propagations = 131074
t16.stop_reason = aborted
t16.restarts = 26
t16.nogoods_size = 15183
t16.nodes = 144056
t16.propagations = 144056
t5.stop_reason = aborted
t5.restarts = 26
t5.nogoods_size = 15183
t5.nodes = 151942
t5.propagations = 151942
t15.stop_reason = aborted
t15.restarts = 26
t15.nogoods_size = 15183
t15.nodes = 150503
t15.propagations = 150503
t17.stop_reason = aborted
t17.restarts = 26
t17.nogoods_size = 15183
t17.nodes = 160199
t17.propagations = 160199
t30.stop_reason = aborted
t30.restarts = 26
t30.nogoods_size = 15183
t30.nodes = 141152
t30.propagations = 141152
t32.where = -1/-1 0/4 -1/-1 0/6 -1/-1 0/2 -1/-1 -1/-1 -1/-1 -1/-1 -1/-1 -1/-1 0/87 -1/-1 0/3 -1/-1 0/2 -1/-1 0/2 -1/-1 -1/-1 -1/-1 1/2 -1/-1 0/2 -1/-1 -1/-1 -1/-1 -1/-1 1/2 -1/-1 0/2 -1/-1 0/3 -1/-1 -1/-1 0/2 -1/-1 -1/-1 0/2 -1/-1 -1/-1 0/3 -1/-1 0/2 -1/-1 -1/-1 0/2 -1/-1 0/2 -1/-1 0/2 -1/-1 -1/-1 -1/-1 -1/-1 -1/-1 -1/-1 -1/-1 -1/-1 -1/-1 -1/-1 0/2 -1/-1 -1/-1 -1/-1 -1/-1 0/2 -1/-1 0/2 -1/-1 -1/-1 1/2 -1/-1 -1/-1 0/2 -1/-1 -1/-1 0/2 -1/-1 0/2 -1/-1 1/3 -1/-1 0/2 -1/-1 -1/-1 0/2 -1/-1 -1/-1 0/2 -1/-1 0/2 -1/-1 -1/-1 -1/-1 0/2 -1/-1 0/2 -1/-1 -1/-1 -1/-1 -1/-1 -1/-1 0/2 -1/-1 -1/-1 0/2 -1/-1 -1/-1 0/2 -1/-1 0/2 -1/-1 0/3 -1/-1 0/2 -1/-1 -1/-1 -1/-1 -1/-1 0/3 -1/-1 0/2 -1/-1 0/3 -1/-1 0/2 -1/-1 1/2 -1/-1 -1/-1 0/2 -1/-1 -1/-1 0/3 -1/-1 0/2 -1/-1 0/2 -1/-1 -1/-1 1/2 -1/-1 0/2 -1/-1 0/2 -1/-1 0/2 -1/-1 -1/-1 -1/-1 -1/-1 -1/-1 -1/-1 -1/-1 0/2 -1/-1 0/2 -1/-1 0/2 -1/-1 0/3 -1/-1 0/8 -1/-1 0/2 -1/-1 0/2 -1/-1 -1/-1 0/2 -1/-1 -1/-1 0/9 -1/-1 0/3 -1/-1 0/2 -1/-1 0/2 -1/-1 0/2 -1/-1 -1/-1 2/5 -1/-1 0/2 -1/-1 0/2 -1/-1 0/2 -1/-1 -1/-1 -1/-1 -1/-1 0/149 -1/-1 0/3 -1/-1 0/2 -1/-1 -1/-1 0/2 -1/-1 0/3 -1/-1 0/2 -1/-1 0/3 -1/-1 -1/-1 0/2 -1/-1 -1/-1 0/2 -1/-1 0/2 -1/-1 0/2 -1/-1 0/2 -1/-1 0/2 -1/-1 0/3 -1/-1 0/3 -1/-1 0/3 -1/-1 0/2 -1/-1 -1/-1 -1/-1 0/206 -1/-1 0/3 -1/-1 0/3 -1/-1 0/304 -1/-1 0/2 -1/-1 0/315 -1/-1 0/314 -1/-1 0/313 -1/-1 0/312 -1/-1 0/311 -1/-1 0/310 -1/-1 0/309 -1/-1 0/308 -1/-1 0/307 -1/-1
t32.stop_reason = satisfiable
t32.restarts = 26
t32.nogoods_size = 15183
t32.nodes = 134287
t32.propagations = 134287
t22.stop_reason = aborted
t22.restarts = 26
t22.nogoods_size = 15183
t22.nodes = 138807
t22.propagations = 138807
t6.stop_reason = aborted
t6.restarts = 26
t6.nogoods_size = 15183
t6.nodes = 145491
t6.propagations = 145491
t23.stop_reason = aborted
t23.restarts = 26
t23.nogoods_size = 15183
t23.nodes = 162280
t23.propagations = 162280
t10.stop_reason = aborted
t10.restarts = 26
t10.nogoods_size = 15183
t10.nodes = 155540
t10.propagations = 155540
t13.stop_reason = aborted
t13.restarts = 26
t13.nogoods_size = 15183
t13.nodes = 141795
t13.propagations = 141795
t34.stop_reason = aborted
t34.restarts = 26
t34.nogoods_size = 15183
t34.nodes = 144470
t34.propagations = 144470
t11.stop_reason = aborted
t11.restarts = 26
t11.nogoods_size = 15183
t11.nodes = 146744
t11.propagations = 146744
t33.stop_reason = aborted
t33.restarts = 26
t33.nogoods_size = 15183
t33.nodes = 148313
t33.propagations = 148313
t27.stop_reason = aborted
t27.restarts = 26
t27.nogoods_size = 15183
t27.nodes = 152333
t27.propagations = 152333
t19.stop_reason = aborted
t19.restarts = 26
t19.nogoods_size = 15183
t19.nodes = 150426
t19.propagations = 150426
t18.stop_reason = aborted
t18.restarts = 26
t18.nogoods_size = 15183
t18.nodes = 136401
t18.propagations = 136401
t1.stop_reason = aborted
t1.restarts = 26
t1.nogoods_size = 15183
t1.nodes = 139561
t1.propagations = 139561
t35.stop_reason = aborted
t35.restarts = 26
t35.nogoods_size = 15183
t35.nodes = 131250
t35.propagations = 131250
t25.stop_reason = aborted
t25.restarts = 26
t25.nogoods_size = 15183
t25.nodes = 146852
t25.propagations = 146852
t20.stop_reason = aborted
t20.restarts = 26
t20.nogoods_size = 15183
t20.nodes = 131950
t20.propagations = 131950
t4.stop_reason = aborted
t4.restarts = 26
t4.nogoods_size = 15183
t4.nodes = 145904
t4.propagations = 145904
t7.stop_reason = aborted
t7.restarts = 26
t7.nogoods_size = 15183
t7.nodes = 136693
t7.propagations = 136693
t29.stop_reason = aborted
t29.restarts = 26
t29.nogoods_size = 15183
t29.nodes = 135975
t29.propagations = 135975
t0.stop_reason = aborted
t0.restarts = 26
t0.nogoods_size = 15183
t0.nodes = 162457
t0.propagations = 162457
t14.stop_reason = aborted
t14.restarts = 26
t14.nogoods_size = 15183
t14.nodes = 83378
t14.propagations = 83378
t2.stop_reason = aborted
t2.restarts = 26
t2.nogoods_size = 15183
t2.nodes = 130727
t2.propagations = 130727
t9.stop_reason = aborted
t9.restarts = 26
t9.nogoods_size = 15183
t9.nodes = 83611
t9.propagations = 83611
search_time = 2535
