hostname = r2i2n3
commandline = ../glasgow/solve_subgraph_isomorphism --value-ordering=biased --triggered-restarts --geometric-restarts=1.0 --restarts-constant=100000 --restart-timer=100 --threads=36 --timeout 1000 --format lad ../instances/LV/g11 ../instances/LV/g20
started_at = 2018-11-22 22:56:25
pattern_file = ../instances/LV/g11
target_file = ../instances/LV/g20
status = true
nodes = 3484
propagations = 7566
mapping = (0 -> 0) (1 -> 4) (2 -> 5) (3 -> 12) (4 -> 9) (5 -> 2) (6 -> 13) (7 -> 29) (8 -> 36) (9 -> 54) (10 -> 22) (11 -> 43) (12 -> 47) (13 -> 25) (14 -> 14) (15 -> 21) (16 -> 45) (17 -> 38) (18 -> 20) (19 -> 52) (20 -> 61) (21 -> 27) (22 -> 59) (23 -> 11) (24 -> 35) (25 -> 53) (26 -> 19) (27 -> 55) (28 -> 51) (29 -> 49) (30 -> 18) (31 -> 42) (32 -> 46) (33 -> 28) (34 -> 60) (35 -> 17) (36 -> 44) (37 -> 37) (38 -> 26) (39 -> 62) (40 -> 30) (41 -> 58) 
runtime = 6
t10.stop_reason = aborted
t10.restarts = 2
t10.nogoods_size = 36
t10.nodes = 213
t10.propagations = 213
t8.stop_reason = aborted
t8.restarts = 2
t8.nogoods_size = 36
t8.nodes = 189
t8.propagations = 189
t24.stop_reason = aborted
t24.restarts = 2
t24.nogoods_size = 36
t24.nodes = 6
t24.propagations = 6
t20.stop_reason = aborted
t20.restarts = 2
t20.nogoods_size = 36
t20.nodes = 33
t20.propagations = 33
t5.stop_reason = aborted
t5.restarts = 2
t5.nogoods_size = 36
t5.nodes = 252
t5.propagations = 252
t23.stop_reason = aborted
t23.restarts = 2
t23.nogoods_size = 36
t23.nodes = 13
t23.propagations = 13
t0.stop_reason = aborted
t0.restarts = 2
t0.nogoods_size = 36
t0.nodes = 208
t0.propagations = 208
t4.where = 0/64 -1/-1 0/23 -1/-1 0/22 -1/-1 0/11 -1/-1 0/7 -1/-1 0/6 -1/-1 1/7 -1/-1 1/7 -1/-1 1/2 -1/-1 -1/-1 0/2 -1/-1 0/3 -1/-1 0/2 -1/-1 0/3 -1/-1 -1/-1 1/2 -1/-1 0/2 -1/-1 -1/-1 -1/-1 -1/-1 -1/-1 -1/-1 -1/-1 -1/-1 -1/-1 -1/-1 -1/-1 -1/-1 0/2 -1/-1 1/2 -1/-1 0/3 -1/-1 -1/-1 0/3 -1/-1 -1/-1 -1/-1 0/3 -1/-1 0/3 -1/-1 0/2 -1/-1 0/2 -1/-1 0/2 -1/-1 0/3 -1/-1 0/7 -1/-1
t4.stop_reason = satisfiable
t4.restarts = 2
t4.nogoods_size = 36
t4.nodes = 220
t4.propagations = 220
t25.stop_reason = aborted
t25.restarts = 2
t25.nogoods_size = 36
t25.nodes = 0
t25.propagations = 0
t26.stop_reason = aborted
t26.restarts = 2
t26.nogoods_size = 36
t26.nodes = 0
t26.propagations = 0
t3.stop_reason = aborted
t3.restarts = 2
t3.nogoods_size = 36
t3.nodes = 354
t3.propagations = 354
t15.stop_reason = aborted
t15.restarts = 2
t15.nogoods_size = 36
t15.nodes = 105
t15.propagations = 105
t14.stop_reason = aborted
t14.restarts = 2
t14.nogoods_size = 36
t14.nodes = 104
t14.propagations = 104
t22.stop_reason = aborted
t22.restarts = 2
t22.nogoods_size = 36
t22.nodes = 17
t22.propagations = 17
t6.stop_reason = aborted
t6.restarts = 2
t6.nogoods_size = 36
t6.nodes = 425
t6.propagations = 425
t16.stop_reason = aborted
t16.restarts = 2
t16.nogoods_size = 36
t16.nodes = 89
t16.propagations = 89
t17.stop_reason = aborted
t17.restarts = 2
t17.nogoods_size = 36
t17.nodes = 62
t17.propagations = 62
t9.stop_reason = aborted
t9.restarts = 2
t9.nogoods_size = 36
t9.nodes = 242
t9.propagations = 242
t7.stop_reason = aborted
t7.restarts = 2
t7.nogoods_size = 36
t7.nodes = 222
t7.propagations = 222
t19.stop_reason = aborted
t19.restarts = 2
t19.nogoods_size = 36
t19.nodes = 34
t19.propagations = 34
t1.stop_reason = aborted
t1.restarts = 2
t1.nogoods_size = 36
t1.nodes = 159
t1.propagations = 159
t2.stop_reason = aborted
t2.restarts = 2
t2.nogoods_size = 36
t2.nodes = 143
t2.propagations = 143
t13.stop_reason = aborted
t13.restarts = 2
t13.nogoods_size = 36
t13.nodes = 74
t13.propagations = 74
t11.stop_reason = aborted
t11.restarts = 2
t11.nogoods_size = 36
t11.nodes = 145
t11.propagations = 145
t28.stop_reason = aborted
t28.restarts = 2
t28.nogoods_size = 36
t28.nodes = 0
t28.propagations = 0
t12.where = 0/64 -1/-1 0/25 -1/-1 0/24 -1/-1 0/10 -1/-1 0/8 -1/-1 0/7 -1/-1 0/6 -1/-1 1/4 -1/-1 0/2 -1/-1 0/3 -1/-1 0/5 -1/-1 0/3 -1/-1 0/2 -1/-1 0/2 -1/-1 0/2 -1/-1 1/2 -1/-1 0/2 -1/-1 0/2 -1/-1 0/2 -1/-1 -1/-1 -1/-1 -1/-1 -1/-1 -1/-1 -1/-1 -1/-1 -1/-1 -1/-1 -1/-1 -1/-1 0/2 -1/-1 0/2 -1/-1 -1/-1 0/2 -1/-1 -1/-1 0/2 -1/-1 -1/-1 0/2 -1/-1 0/2 -1/-1 0/5 -1/-1 -1/-1 0/6 -1/-1
t12.stop_reason = satisfiable
t12.restarts = 2
t12.nogoods_size = 36
t12.nodes = 93
t12.propagations = 93
t18.stop_reason = aborted
t18.restarts = 2
t18.nogoods_size = 36
t18.nodes = 55
t18.propagations = 55
t21.stop_reason = aborted
t21.restarts = 2
t21.nogoods_size = 36
t21.nodes = 27
t21.propagations = 27
t27.stop_reason = aborted
t27.restarts = 2
t27.nogoods_size = 36
t27.nodes = 0
t27.propagations = 0
t29.stop_reason = aborted
t29.restarts = 2
t29.nogoods_size = 36
t29.nodes = 0
t29.propagations = 0
t31.stop_reason = aborted
t31.restarts = 2
t31.nogoods_size = 36
t31.nodes = 0
t31.propagations = 0
t30.stop_reason = aborted
t30.restarts = 2
t30.nogoods_size = 36
t30.nodes = 0
t30.propagations = 0
t32.stop_reason = aborted
t32.restarts = 2
t32.nogoods_size = 36
t32.nodes = 0
t32.propagations = 0
t33.stop_reason = aborted
t33.restarts = 2
t33.nogoods_size = 36
t33.nodes = 0
t33.propagations = 0
t34.stop_reason = aborted
t34.restarts = 2
t34.nogoods_size = 36
t34.nodes = 0
t34.propagations = 0
t35.stop_reason = aborted
t35.restarts = 2
t35.nogoods_size = 36
t35.nodes = 0
t35.propagations = 0
search_time = 5
