hostname = r1i1n24
commandline = ../glasgow/solve_subgraph_isomorphism --value-ordering=biased --triggered-restarts --geometric-restarts=1.0 --restarts-constant=100000 --restart-timer=100 --threads=36 --timeout 1000 --format lad ../instances/LV/g13 ../instances/largerGraphs/g64
started_at = 2018-11-23 00:51:57
pattern_file = ../instances/LV/g13
target_file = ../instances/largerGraphs/g64
status = aborted
nodes = 4790625242
propagations = 25612721158
runtime = 1068749
t32.stop_reason = aborted
t32.restarts = 9118
t32.nogoods_size = 6153611
t32.nodes = 137739823
t32.propagations = 137739823
t23.stop_reason = aborted
t23.restarts = 9118
t23.nogoods_size = 6153611
t23.nodes = 131367143
t23.propagations = 131367143
t5.stop_reason = aborted
t5.restarts = 9118
t5.nogoods_size = 6153611
t5.nodes = 130603562
t5.propagations = 130603562
t30.stop_reason = aborted
t30.restarts = 9118
t30.nogoods_size = 6153611
t30.nodes = 137717076
t30.propagations = 137717076
t28.stop_reason = aborted
t28.restarts = 9118
t28.nogoods_size = 6153611
t28.nodes = 134190744
t28.propagations = 134190744
t20.stop_reason = aborted
t20.restarts = 9118
t20.nogoods_size = 6153611
t20.nodes = 133911723
t20.propagations = 133911723
t16.stop_reason = aborted
t16.restarts = 9118
t16.nogoods_size = 6153611
t16.nodes = 135137167
t16.propagations = 135137167
t21.stop_reason = aborted
t21.restarts = 9118
t21.nogoods_size = 6153611
t21.nodes = 130249518
t21.propagations = 130249518
t27.stop_reason = aborted
t27.restarts = 9118
t27.nogoods_size = 6153611
t27.nodes = 131396870
t27.propagations = 131396870
t24.stop_reason = aborted
t24.restarts = 9118
t24.nogoods_size = 6153611
t24.nodes = 134905565
t24.propagations = 134905565
t22.stop_reason = aborted
t22.restarts = 9118
t22.nogoods_size = 6153611
t22.nodes = 134008895
t22.propagations = 134008895
t7.stop_reason = aborted
t7.restarts = 9118
t7.nogoods_size = 6153611
t7.nodes = 138748200
t7.propagations = 138748200
t29.stop_reason = aborted
t29.restarts = 9118
t29.nogoods_size = 6153611
t29.nodes = 137388218
t29.propagations = 137388218
t8.stop_reason = aborted
t8.restarts = 9118
t8.nogoods_size = 6153611
t8.nodes = 138175551
t8.propagations = 138175551
t17.stop_reason = aborted
t17.restarts = 9118
t17.nogoods_size = 6153611
t17.nodes = 131830996
t17.propagations = 131830996
t25.stop_reason = aborted
t25.restarts = 9118
t25.nogoods_size = 6153611
t25.nodes = 119205798
t25.propagations = 119205798
t13.stop_reason = aborted
t13.restarts = 9118
t13.nogoods_size = 6153611
t13.nodes = 130453318
t13.propagations = 130453318
t3.stop_reason = aborted
t3.restarts = 9118
t3.nogoods_size = 6153611
t3.nodes = 131404542
t3.propagations = 131404542
t35.stop_reason = aborted
t35.restarts = 9118
t35.nogoods_size = 6153611
t35.nodes = 139754911
t35.propagations = 139754911
t34.stop_reason = aborted
t34.restarts = 9118
t34.nogoods_size = 6153611
t34.nodes = 134923031
t34.propagations = 134923031
t6.stop_reason = aborted
t6.restarts = 9118
t6.nogoods_size = 6153611
t6.nodes = 134446956
t6.propagations = 134446956
t14.stop_reason = aborted
t14.restarts = 9118
t14.nogoods_size = 6153611
t14.nodes = 134337727
t14.propagations = 134337727
t19.stop_reason = aborted
t19.restarts = 9118
t19.nogoods_size = 6153611
t19.nodes = 132118652
t19.propagations = 132118652
t15.stop_reason = aborted
t15.restarts = 9118
t15.nogoods_size = 6153611
t15.nodes = 132053444
t15.propagations = 132053444
t2.stop_reason = aborted
t2.restarts = 9118
t2.nogoods_size = 6153611
t2.nodes = 124569180
t2.propagations = 124569180
t1.stop_reason = aborted
t1.restarts = 9118
t1.nogoods_size = 6153611
t1.nodes = 133424287
t1.propagations = 133424287
t11.stop_reason = aborted
t11.restarts = 9118
t11.nogoods_size = 6153611
t11.nodes = 139040115
t11.propagations = 139040115
t4.stop_reason = aborted
t4.restarts = 9118
t4.nogoods_size = 6153611
t4.nodes = 132382349
t4.propagations = 132382349
t18.stop_reason = aborted
t18.restarts = 9118
t18.nogoods_size = 6153611
t18.nodes = 133879746
t18.propagations = 133879746
t12.stop_reason = aborted
t12.restarts = 9118
t12.nogoods_size = 6153611
t12.nodes = 135185888
t12.propagations = 135185888
t26.stop_reason = aborted
t26.restarts = 9118
t26.nogoods_size = 6153611
t26.nodes = 123804125
t26.propagations = 123804125
t9.stop_reason = aborted
t9.restarts = 9118
t9.nogoods_size = 6153611
t9.nodes = 131443283
t9.propagations = 131443283
t0.stop_reason = aborted
t0.restarts = 9118
t0.nogoods_size = 6153611
t0.nodes = 125681778
t0.propagations = 125681778
t10.stop_reason = aborted
t10.restarts = 9118
t10.nogoods_size = 6153611
t10.nodes = 135150798
t10.propagations = 135150798
t31.stop_reason = aborted
t31.restarts = 9118
t31.nogoods_size = 6153611
t31.nodes = 137884246
t31.propagations = 137884246
t33.stop_reason = aborted
t33.restarts = 9118
t33.nogoods_size = 6153611
t33.nodes = 132110017
t33.propagations = 132110017
search_time = 999984
