hostname = r1i4n5
commandline = ../glasgow/solve_subgraph_isomorphism --value-ordering=biased --triggered-restarts --geometric-restarts=1.0 --restarts-constant=100000 --restart-timer=100 --threads=36 --timeout 1000 --format lad ../instances/LV/g18 ../instances/LV/g44
started_at = 2018-11-22 23:13:25
pattern_file = ../instances/LV/g18
target_file = ../instances/LV/g44
status = aborted
nodes = 2164869701
propagations = 6171049351
runtime = 1031157
t12.stop_reason = aborted
t12.restarts = 6693
t12.nogoods_size = 2449209
t12.nodes = 62385519
t12.propagations = 62385519
t31.restarts = 6693
t31.nogoods_size = 2449209
t31.nodes = 58945746
t31.propagations = 58945746
t18.restarts = 6693
t18.nogoods_size = 2449209
t18.nodes = 61090995
t18.propagations = 61090995
t28.restarts = 6693
t28.nogoods_size = 2449209
t28.nodes = 60598411
t28.propagations = 60598411
t19.stop_reason = aborted
t19.restarts = 6693
t19.nogoods_size = 2449209
t19.nodes = 63746951
t19.propagations = 63746951
t27.restarts = 6693
t27.nogoods_size = 2449209
t27.nodes = 57502723
t27.propagations = 57502723
t34.restarts = 6693
t34.nogoods_size = 2449209
t34.nodes = 62529716
t34.propagations = 62529716
t21.restarts = 6693
t21.nogoods_size = 2449209
t21.nodes = 63273263
t21.propagations = 63273263
t11.restarts = 6693
t11.nogoods_size = 2449209
t11.nodes = 61200160
t11.propagations = 61200160
t6.restarts = 6693
t6.nogoods_size = 2449209
t6.nodes = 60541770
t6.propagations = 60541770
t17.restarts = 6693
t17.nogoods_size = 2449209
t17.nodes = 57720663
t17.propagations = 57720663
t3.restarts = 6693
t3.nogoods_size = 2449209
t3.nodes = 59354225
t3.propagations = 59354225
t2.restarts = 6693
t2.nogoods_size = 2449209
t2.nodes = 60931015
t2.propagations = 60931015
t30.restarts = 6693
t30.nogoods_size = 2449209
t30.nodes = 60593575
t30.propagations = 60593575
t4.restarts = 6693
t4.nogoods_size = 2449209
t4.nodes = 60769201
t4.propagations = 60769201
t5.restarts = 6693
t5.nogoods_size = 2449209
t5.nodes = 60051786
t5.propagations = 60051786
t35.restarts = 6693
t35.nogoods_size = 2449209
t35.nodes = 62917476
t35.propagations = 62917476
t14.restarts = 6693
t14.nogoods_size = 2449209
t14.nodes = 58701942
t14.propagations = 58701942
t15.restarts = 6693
t15.nogoods_size = 2449209
t15.nodes = 52807886
t15.propagations = 52807886
t33.restarts = 6693
t33.nogoods_size = 2449209
t33.nodes = 63005866
t33.propagations = 63005866
t24.restarts = 6693
t24.nogoods_size = 2449209
t24.nodes = 60762262
t24.propagations = 60762262
t16.restarts = 6693
t16.nogoods_size = 2449209
t16.nodes = 54470547
t16.propagations = 54470547
t7.restarts = 6693
t7.nogoods_size = 2449209
t7.nodes = 59047990
t7.propagations = 59047990
t25.stop_reason = aborted
t25.restarts = 6693
t25.nogoods_size = 2449209
t25.nodes = 59210963
t25.propagations = 59210963
t26.stop_reason = aborted
t26.restarts = 6693
t26.nogoods_size = 2449209
t26.nodes = 60865531
t26.propagations = 60865531
t0.restarts = 6693
t0.nogoods_size = 2449209
t0.nodes = 58894664
t0.propagations = 58894664
t29.stop_reason = aborted
t29.restarts = 6693
t29.nogoods_size = 2449209
t29.nodes = 57370439
t29.propagations = 57370439
t32.stop_reason = aborted
t32.restarts = 6693
t32.nogoods_size = 2449209
t32.nodes = 60222074
t32.propagations = 60222074
t9.stop_reason = aborted
t9.restarts = 6693
t9.nogoods_size = 2449209
t9.nodes = 62315910
t9.propagations = 62315910
t23.stop_reason = aborted
t23.restarts = 6693
t23.nogoods_size = 2449209
t23.nodes = 58945723
t23.propagations = 58945723
t8.stop_reason = aborted
t8.restarts = 6693
t8.nogoods_size = 2449209
t8.nodes = 59975015
t8.propagations = 59975015
t20.stop_reason = aborted
t20.restarts = 6693
t20.nogoods_size = 2449209
t20.nodes = 62170392
t20.propagations = 62170392
t10.stop_reason = aborted
t10.restarts = 6693
t10.nogoods_size = 2449209
t10.nodes = 61566435
t10.propagations = 61566435
t1.stop_reason = aborted
t1.restarts = 6693
t1.nogoods_size = 2449209
t1.nodes = 59185170
t1.propagations = 59185170
t22.restarts = 6693
t22.nogoods_size = 2449209
t22.nodes = 62036191
t22.propagations = 62036191
t13.stop_reason = aborted
t13.restarts = 6693
t13.nogoods_size = 2449209
t13.nodes = 59161506
t13.propagations = 59161506
search_time = 1000029
