hostname = r1i4n5
commandline = ../glasgow/solve_subgraph_isomorphism --value-ordering=biased --triggered-restarts --geometric-restarts=1.0 --restarts-constant=100000 --restart-timer=100 --threads=36 --timeout 1000 --format lad ../instances/LV/g19 ../instances/largerGraphs/g88
started_at = 2018-11-22 22:57:06
pattern_file = ../instances/LV/g19
target_file = ../instances/largerGraphs/g88
status = false
nodes = 700891
propagations = 2116447
runtime = 480
t15.stop_reason = aborted
t15.restarts = 6
t15.nogoods_size = 3063
t15.nodes = 21970
t15.propagations = 21970
t32.stop_reason = aborted
t32.restarts = 6
t32.nogoods_size = 3063
t32.nodes = 21625
t32.propagations = 21625
t19.stop_reason = aborted
t19.restarts = 6
t19.nogoods_size = 3063
t19.nodes = 24267
t19.propagations = 24267
t22.stop_reason = aborted
t22.restarts = 6
t22.nogoods_size = 3063
t22.nodes = 15157
t22.propagations = 15157
t18.stop_reason = aborted
t18.restarts = 6
t18.nogoods_size = 3063
t18.nodes = 21774
t18.propagations = 21774
t28.stop_reason = aborted
t28.restarts = 6
t28.nogoods_size = 3063
t28.nodes = 22503
t28.propagations = 22503
t6.stop_reason = aborted
t6.restarts = 6
t6.nogoods_size = 3063
t6.nodes = 21836
t6.propagations = 21836
t7.stop_reason = aborted
t7.restarts = 6
t7.nogoods_size = 3063
t7.nodes = 24275
t7.propagations = 24275
t14.stop_reason = aborted
t14.restarts = 6
t14.nogoods_size = 3063
t14.nodes = 12871
t14.propagations = 12871
t4.stop_reason = aborted
t4.restarts = 6
t4.nogoods_size = 3063
t4.nodes = 20028
t4.propagations = 20028
t3.stop_reason = unsatisfiable
t3.restarts = 6
t3.nogoods_size = 3063
t3.nodes = 21529
t3.propagations = 21529
t34.stop_reason = aborted
t34.restarts = 6
t34.nogoods_size = 3063
t34.nodes = 23470
t34.propagations = 23470
t27.stop_reason = aborted
t27.restarts = 6
t27.nogoods_size = 3063
t27.nodes = 12542
t27.propagations = 12542
t9.stop_reason = aborted
t9.restarts = 6
t9.nogoods_size = 3063
t9.nodes = 21680
t9.propagations = 21680
t23.stop_reason = aborted
t23.restarts = 6
t23.nogoods_size = 3063
t23.nodes = 12411
t23.propagations = 12411
t8.stop_reason = aborted
t8.restarts = 6
t8.nogoods_size = 3063
t8.nodes = 17720
t8.propagations = 17720
t10.stop_reason = aborted
t10.restarts = 6
t10.nogoods_size = 3063
t10.nodes = 19010
t10.propagations = 19010
t30.stop_reason = aborted
t30.restarts = 6
t30.nogoods_size = 3063
t30.nodes = 21364
t30.propagations = 21364
t24.stop_reason = aborted
t24.restarts = 6
t24.nogoods_size = 3063
t24.nodes = 22010
t24.propagations = 22010
t17.stop_reason = aborted
t17.restarts = 6
t17.nogoods_size = 3063
t17.nodes = 12620
t17.propagations = 12620
t13.stop_reason = aborted
t13.restarts = 6
t13.nogoods_size = 3063
t13.nodes = 21674
t13.propagations = 21674
t26.stop_reason = aborted
t26.restarts = 6
t26.nogoods_size = 3063
t26.nodes = 24158
t26.propagations = 24158
t20.stop_reason = aborted
t20.restarts = 6
t20.nogoods_size = 3063
t20.nodes = 12655
t20.propagations = 12655
t25.stop_reason = aborted
t25.restarts = 6
t25.nogoods_size = 3063
t25.nodes = 23943
t25.propagations = 23943
t16.stop_reason = unsatisfiable
t16.restarts = 6
t16.nogoods_size = 3063
t16.nodes = 21610
t16.propagations = 21610
t11.stop_reason = aborted
t11.restarts = 6
t11.nogoods_size = 3063
t11.nodes = 18118
t11.propagations = 18118
t31.stop_reason = unsatisfiable
t31.restarts = 6
t31.nogoods_size = 3063
t31.nodes = 12581
t31.propagations = 12581
t5.stop_reason = aborted
t5.restarts = 6
t5.nogoods_size = 3063
t5.nodes = 15909
t5.propagations = 15909
t21.stop_reason = aborted
t21.restarts = 6
t21.nogoods_size = 3063
t21.nodes = 12864
t21.propagations = 12864
t2.stop_reason = aborted
t2.restarts = 6
t2.nogoods_size = 3063
t2.nodes = 22970
t2.propagations = 22970
t0.stop_reason = aborted
t0.restarts = 6
t0.nogoods_size = 3063
t0.nodes = 17971
t0.propagations = 17971
t12.stop_reason = aborted
t12.restarts = 6
t12.nogoods_size = 3063
t12.nodes = 20191
t12.propagations = 20191
t35.stop_reason = aborted
t35.restarts = 6
t35.nogoods_size = 3063
t35.nodes = 22276
t35.propagations = 22276
t33.stop_reason = aborted
t33.restarts = 6
t33.nogoods_size = 3063
t33.nodes = 21242
t33.propagations = 21242
t29.stop_reason = aborted
t29.restarts = 6
t29.nogoods_size = 3063
t29.nodes = 22195
t29.propagations = 22195
t1.stop_reason = aborted
t1.restarts = 6
t1.nogoods_size = 3063
t1.nodes = 19872
t1.propagations = 19872
search_time = 432
