hostname = r1i4n3
commandline = ../glasgow/solve_subgraph_isomorphism --value-ordering=biased --triggered-restarts --geometric-restarts=1.0 --restarts-constant=100000 --restart-timer=100 --threads=36 --timeout 1000 --format lad ../instances/LV/g23 ../instances/largerGraphs/g93-normed
started_at = 2018-11-22 22:58:17
pattern_file = ../instances/LV/g23
target_file = ../instances/largerGraphs/g93-normed
status = false
nodes = 349949
propagations = 10762151
runtime = 2505
t29.stop_reason = aborted
t29.restarts = 8
t29.nogoods_size = 26267
t29.nodes = 10010
t29.propagations = 10010
t28.stop_reason = aborted
t28.restarts = 8
t28.nogoods_size = 26267
t28.nodes = 9969
t28.propagations = 9969
t25.stop_reason = aborted
t25.restarts = 8
t25.nogoods_size = 26267
t25.nodes = 10028
t25.propagations = 10028
t30.stop_reason = aborted
t30.restarts = 8
t30.nogoods_size = 26267
t30.nodes = 9943
t30.propagations = 9943
t3.stop_reason = aborted
t3.restarts = 8
t3.nogoods_size = 26267
t3.nodes = 9434
t3.propagations = 9434
t32.stop_reason = aborted
t32.restarts = 8
t32.nogoods_size = 26267
t32.nodes = 10026
t32.propagations = 10026
t24.stop_reason = aborted
t24.restarts = 8
t24.nogoods_size = 26267
t24.nodes = 9988
t24.propagations = 9988
t1.stop_reason = aborted
t1.restarts = 8
t1.nogoods_size = 26267
t1.nodes = 10057
t1.propagations = 10057
t22.stop_reason = aborted
t22.restarts = 8
t22.nogoods_size = 26267
t22.nodes = 10031
t22.propagations = 10031
t35.stop_reason = aborted
t35.restarts = 8
t35.nogoods_size = 26267
t35.nodes = 8381
t35.propagations = 8381
t16.stop_reason = aborted
t16.restarts = 8
t16.nogoods_size = 26267
t16.nodes = 10031
t16.propagations = 10031
t20.stop_reason = aborted
t20.restarts = 8
t20.nogoods_size = 26267
t20.nodes = 10083
t20.propagations = 10083
t10.stop_reason = aborted
t10.restarts = 8
t10.nogoods_size = 26267
t10.nodes = 10076
t10.propagations = 10076
t2.stop_reason = aborted
t2.restarts = 8
t2.nogoods_size = 26267
t2.nodes = 8575
t2.propagations = 8575
t21.stop_reason = aborted
t21.restarts = 8
t21.nogoods_size = 26267
t21.nodes = 10029
t21.propagations = 10029
t17.stop_reason = aborted
t17.restarts = 8
t17.nogoods_size = 26267
t17.nodes = 10030
t17.propagations = 10030
t31.stop_reason = aborted
t31.restarts = 8
t31.nogoods_size = 26267
t31.nodes = 10003
t31.propagations = 10003
t19.stop_reason = aborted
t19.restarts = 8
t19.nogoods_size = 26267
t19.nodes = 10007
t19.propagations = 10007
t4.stop_reason = aborted
t4.restarts = 8
t4.nogoods_size = 26267
t4.nodes = 8454
t4.propagations = 8454
t15.stop_reason = aborted
t15.restarts = 8
t15.nogoods_size = 26267
t15.nodes = 8526
t15.propagations = 8526
t26.stop_reason = aborted
t26.restarts = 8
t26.nogoods_size = 26267
t26.nodes = 10006
t26.propagations = 10006
t9.stop_reason = aborted
t9.restarts = 8
t9.nogoods_size = 26267
t9.nodes = 10067
t9.propagations = 10067
t7.stop_reason = aborted
t7.restarts = 8
t7.nogoods_size = 26267
t7.nodes = 9956
t7.propagations = 9956
t5.stop_reason = aborted
t5.restarts = 8
t5.nogoods_size = 26267
t5.nodes = 9390
t5.propagations = 9390
t8.stop_reason = aborted
t8.restarts = 8
t8.nogoods_size = 26267
t8.nodes = 9864
t8.propagations = 9864
t13.stop_reason = aborted
t13.restarts = 8
t13.nogoods_size = 26267
t13.nodes = 10074
t13.propagations = 10074
t12.stop_reason = aborted
t12.restarts = 8
t12.nogoods_size = 26267
t12.nodes = 10001
t12.propagations = 10001
t14.stop_reason = aborted
t14.restarts = 8
t14.nogoods_size = 26267
t14.nodes = 8543
t14.propagations = 8543
t34.stop_reason = aborted
t34.restarts = 8
t34.nogoods_size = 26267
t34.nodes = 9984
t34.propagations = 9984
t33.stop_reason = aborted
t33.restarts = 8
t33.nogoods_size = 26267
t33.nodes = 10026
t33.propagations = 10026
t23.stop_reason = aborted
t23.restarts = 8
t23.nogoods_size = 26267
t23.nodes = 9958
t23.propagations = 9958
t11.stop_reason = unsatisfiable
t11.restarts = 8
t11.nogoods_size = 26267
t11.nodes = 10013
t11.propagations = 10013
t18.stop_reason = aborted
t18.restarts = 8
t18.nogoods_size = 26267
t18.nodes = 8486
t18.propagations = 8486
t6.stop_reason = aborted
t6.restarts = 8
t6.nogoods_size = 26267
t6.nodes = 9970
t6.propagations = 9970
t0.stop_reason = aborted
t0.restarts = 8
t0.nogoods_size = 26267
t0.nodes = 9992
t0.propagations = 9992
t27.stop_reason = aborted
t27.restarts = 8
t27.nogoods_size = 26267
t27.nodes = 9938
t27.propagations = 9938
search_time = 821
