hostname = r1i4n5
commandline = ../glasgow/solve_subgraph_isomorphism --value-ordering=biased --triggered-restarts --geometric-restarts=1.0 --restarts-constant=100000 --restart-timer=100 --threads=36 --timeout 1000 --format lad ../instances/LV/g33 ../instances/largerGraphs/g63
started_at = 2018-11-22 22:57:38
pattern_file = ../instances/LV/g33
target_file = ../instances/largerGraphs/g63
status = false
nodes = 1253894
propagations = 3369119
runtime = 425
t7.stop_reason = aborted
t7.restarts = 5
t7.nogoods_size = 2257
t7.nodes = 37329
t7.propagations = 37329
t26.stop_reason = aborted
t26.restarts = 5
t26.nogoods_size = 2257
t26.nodes = 32381
t26.propagations = 32381
t10.stop_reason = aborted
t10.restarts = 5
t10.nogoods_size = 2257
t10.nodes = 36595
t10.propagations = 36595
t20.stop_reason = aborted
t20.restarts = 5
t20.nogoods_size = 2257
t20.nodes = 36726
t20.propagations = 36726
t11.stop_reason = unsatisfiable
t11.restarts = 5
t11.nogoods_size = 2257
t11.nodes = 36872
t11.propagations = 36872
t31.stop_reason = aborted
t31.restarts = 5
t31.nogoods_size = 2257
t31.nodes = 36824
t31.propagations = 36824
t18.stop_reason = aborted
t18.restarts = 5
t18.nogoods_size = 2257
t18.nodes = 32440
t18.propagations = 32440
t28.stop_reason = aborted
t28.restarts = 5
t28.nogoods_size = 2257
t28.nodes = 30079
t28.propagations = 30079
t27.stop_reason = aborted
t27.restarts = 5
t27.nogoods_size = 2257
t27.nodes = 36204
t27.propagations = 36204
t5.stop_reason = aborted
t5.restarts = 5
t5.nogoods_size = 2257
t5.nodes = 32798
t5.propagations = 32798
t34.stop_reason = aborted
t34.restarts = 5
t34.nogoods_size = 2257
t34.nodes = 36518
t34.propagations = 36518
t12.stop_reason = aborted
t12.restarts = 5
t12.nogoods_size = 2257
t12.nodes = 31756
t12.propagations = 31756
t8.stop_reason = aborted
t8.restarts = 5
t8.nogoods_size = 2257
t8.nodes = 28914
t8.propagations = 28914
t33.stop_reason = aborted
t33.restarts = 5
t33.nogoods_size = 2257
t33.nodes = 36860
t33.propagations = 36860
t2.stop_reason = aborted
t2.restarts = 5
t2.nogoods_size = 2257
t2.nodes = 27847
t2.propagations = 27847
t25.stop_reason = aborted
t25.restarts = 5
t25.nogoods_size = 2257
t25.nodes = 32647
t25.propagations = 32647
t0.stop_reason = aborted
t0.restarts = 5
t0.nogoods_size = 2257
t0.nodes = 37720
t0.propagations = 37720
t22.stop_reason = aborted
t22.restarts = 5
t22.nogoods_size = 2257
t22.nodes = 27949
t22.propagations = 27949
t3.stop_reason = aborted
t3.restarts = 5
t3.nogoods_size = 2257
t3.nodes = 37588
t3.propagations = 37588
t14.stop_reason = aborted
t14.restarts = 5
t14.nogoods_size = 2257
t14.nodes = 36572
t14.propagations = 36572
t35.stop_reason = aborted
t35.restarts = 5
t35.nogoods_size = 2257
t35.nodes = 36321
t35.propagations = 36321
t1.stop_reason = aborted
t1.restarts = 5
t1.nogoods_size = 2257
t1.nodes = 37587
t1.propagations = 37587
t15.stop_reason = aborted
t15.restarts = 5
t15.nogoods_size = 2257
t15.nodes = 36771
t15.propagations = 36771
t4.stop_reason = aborted
t4.restarts = 5
t4.nogoods_size = 2257
t4.nodes = 36951
t4.propagations = 36951
t21.stop_reason = aborted
t21.restarts = 5
t21.nogoods_size = 2257
t21.nodes = 27700
t21.propagations = 27700
t13.stop_reason = aborted
t13.restarts = 5
t13.nogoods_size = 2257
t13.nodes = 36636
t13.propagations = 36636
t23.stop_reason = aborted
t23.restarts = 5
t23.nogoods_size = 2257
t23.nodes = 36665
t23.propagations = 36665
t17.stop_reason = aborted
t17.restarts = 5
t17.nogoods_size = 2257
t17.nodes = 37015
t17.propagations = 37015
t19.stop_reason = aborted
t19.restarts = 5
t19.nogoods_size = 2257
t19.nodes = 37162
t19.propagations = 37162
t9.stop_reason = aborted
t9.restarts = 5
t9.nogoods_size = 2257
t9.nodes = 37097
t9.propagations = 37097
t16.stop_reason = aborted
t16.restarts = 5
t16.nogoods_size = 2257
t16.nodes = 36093
t16.propagations = 36093
t32.stop_reason = aborted
t32.restarts = 5
t32.nogoods_size = 2257
t32.nodes = 36540
t32.propagations = 36540
t24.stop_reason = aborted
t24.restarts = 5
t24.nogoods_size = 2257
t24.nodes = 36353
t24.propagations = 36353
t30.stop_reason = aborted
t30.restarts = 5
t30.nogoods_size = 2257
t30.nodes = 27931
t30.propagations = 27931
t6.stop_reason = aborted
t6.restarts = 5
t6.nogoods_size = 2257
t6.nodes = 37522
t6.propagations = 37522
t29.stop_reason = aborted
t29.restarts = 5
t29.nogoods_size = 2257
t29.nodes = 36931
t29.propagations = 36931
search_time = 395
