hostname = r1i4n3
commandline = ../glasgow/solve_subgraph_isomorphism --value-ordering=biased --triggered-restarts --geometric-restarts=1.0 --restarts-constant=100000 --restart-timer=100 --threads=36 --timeout 1000 --format lad ../instances/LV/g34 ../instances/largerGraphs/g66-normed
started_at = 2018-11-22 22:58:30
pattern_file = ../instances/LV/g34
target_file = ../instances/largerGraphs/g66-normed
status = false
nodes = 166471
propagations = 418534
runtime = 167
t0.stop_reason = aborted
t0.restarts = 3
t0.nogoods_size = 3121
t0.nodes = 5413
t0.propagations = 5413
t32.stop_reason = aborted
t32.restarts = 3
t32.nogoods_size = 3121
t32.nodes = 5233
t32.propagations = 5233
t9.stop_reason = aborted
t9.restarts = 3
t9.nogoods_size = 3121
t9.nodes = 3086
t9.propagations = 3086
t4.stop_reason = aborted
t4.restarts = 3
t4.nogoods_size = 3121
t4.nodes = 2878
t4.propagations = 2878
t1.stop_reason = aborted
t1.restarts = 3
t1.nogoods_size = 3121
t1.nodes = 3126
t1.propagations = 3126
t31.stop_reason = unsatisfiable
t31.restarts = 3
t31.nogoods_size = 3121
t31.nodes = 4983
t31.propagations = 4983
t30.stop_reason = aborted
t30.restarts = 3
t30.nogoods_size = 3121
t30.nodes = 5274
t30.propagations = 5274
t25.stop_reason = aborted
t25.restarts = 3
t25.nogoods_size = 3121
t25.nodes = 3005
t25.propagations = 3005
t17.stop_reason = aborted
t17.restarts = 3
t17.nogoods_size = 3121
t17.nodes = 5200
t17.propagations = 5200
t18.stop_reason = aborted
t18.restarts = 3
t18.nogoods_size = 3121
t18.nodes = 2947
t18.propagations = 2947
t2.stop_reason = aborted
t2.restarts = 3
t2.nogoods_size = 3121
t2.nodes = 3077
t2.propagations = 3077
t34.stop_reason = aborted
t34.restarts = 3
t34.nogoods_size = 3121
t34.nodes = 4973
t34.propagations = 4973
t7.stop_reason = unsatisfiable
t7.restarts = 3
t7.nogoods_size = 3121
t7.nodes = 5217
t7.propagations = 5217
t27.stop_reason = aborted
t27.restarts = 3
t27.nogoods_size = 3121
t27.nodes = 5406
t27.propagations = 5406
t10.stop_reason = aborted
t10.restarts = 3
t10.nogoods_size = 3121
t10.nodes = 5169
t10.propagations = 5169
t33.stop_reason = aborted
t33.restarts = 3
t33.nogoods_size = 3121
t33.nodes = 4942
t33.propagations = 4942
t16.stop_reason = aborted
t16.restarts = 3
t16.nogoods_size = 3121
t16.nodes = 5424
t16.propagations = 5424
t23.stop_reason = aborted
t23.restarts = 3
t23.nogoods_size = 3121
t23.nodes = 5072
t23.propagations = 5072
t22.stop_reason = aborted
t22.restarts = 3
t22.nogoods_size = 3121
t22.nodes = 4951
t22.propagations = 4951
t28.stop_reason = aborted
t28.restarts = 3
t28.nogoods_size = 3121
t28.nodes = 5294
t28.propagations = 5294
t29.stop_reason = aborted
t29.restarts = 3
t29.nogoods_size = 3121
t29.nodes = 4932
t29.propagations = 4932
t26.stop_reason = aborted
t26.restarts = 3
t26.nogoods_size = 3121
t26.nodes = 5488
t26.propagations = 5488
t20.stop_reason = unsatisfiable
t20.restarts = 3
t20.nogoods_size = 3121
t20.nodes = 5196
t20.propagations = 5196
t14.stop_reason = aborted
t14.restarts = 3
t14.nogoods_size = 3121
t14.nodes = 5486
t14.propagations = 5486
t3.stop_reason = aborted
t3.restarts = 3
t3.nogoods_size = 3121
t3.nodes = 5316
t3.propagations = 5316
t35.stop_reason = aborted
t35.restarts = 3
t35.nogoods_size = 3121
t35.nodes = 5458
t35.propagations = 5458
t21.stop_reason = aborted
t21.restarts = 3
t21.nogoods_size = 3121
t21.nodes = 3029
t21.propagations = 3029
t12.stop_reason = aborted
t12.restarts = 3
t12.nogoods_size = 3121
t12.nodes = 5056
t12.propagations = 5056
t8.stop_reason = aborted
t8.restarts = 3
t8.nogoods_size = 3121
t8.nodes = 2895
t8.propagations = 2895
t24.stop_reason = aborted
t24.restarts = 3
t24.nogoods_size = 3121
t24.nodes = 5491
t24.propagations = 5491
t6.stop_reason = aborted
t6.restarts = 3
t6.nogoods_size = 3121
t6.nodes = 3134
t6.propagations = 3134
t11.stop_reason = aborted
t11.restarts = 3
t11.nogoods_size = 3121
t11.nodes = 3111
t11.propagations = 3111
t19.stop_reason = aborted
t19.restarts = 3
t19.nogoods_size = 3121
t19.nodes = 5206
t19.propagations = 5206
t5.stop_reason = aborted
t5.restarts = 3
t5.nogoods_size = 3121
t5.nodes = 5108
t5.propagations = 5108
t13.stop_reason = aborted
t13.restarts = 3
t13.nogoods_size = 3121
t13.nodes = 5517
t13.propagations = 5517
t15.stop_reason = aborted
t15.restarts = 3
t15.nogoods_size = 3121
t15.nodes = 5378
t15.propagations = 5378
search_time = 134
