hostname = r1i3n29
commandline = ../glasgow/solve_subgraph_isomorphism --value-ordering=biased --triggered-restarts --geometric-restarts=1.0 --restarts-constant=100000 --restart-timer=100 --threads=36 --timeout 1000 --format lad ../instances/LV/g38 ../instances/largerGraphs/g75
started_at = 2018-11-22 22:57:27
pattern_file = ../instances/LV/g38
target_file = ../instances/largerGraphs/g75
status = true
nodes = 912
propagations = 946
mapping = (0 -> 0) (1 -> 1) (2 -> 2) (3 -> 3) (4 -> 46) (5 -> 167) (6 -> 57) (7 -> 56) (8 -> 50) (9 -> 49) (10 -> 48) (11 -> 4) (12 -> 5) (13 -> 6) (14 -> 7) (15 -> 8) (16 -> 44) (17 -> 64) (18 -> 58) (19 -> 47) (20 -> 51) (21 -> 55) (22 -> 9) (23 -> 11) (24 -> 12) (25 -> 13) (26 -> 14) (27 -> 15) (28 -> 45) (29 -> 62) (30 -> 59) (31 -> 54) (32 -> 53) (33 -> 16) (34 -> 17) (35 -> 18) (36 -> 19) (37 -> 20) (38 -> 21) (39 -> 22) (40 -> 43) (41 -> 67) (42 -> 61) (43 -> 52) (44 -> 397) (45 -> 23) (46 -> 24) (47 -> 25) (48 -> 26) (49 -> 27) (50 -> 28) (51 -> 29) (52 -> 42) (53 -> 65) (54 -> 60) (55 -> 425) (56 -> 411) (57 -> 30) (58 -> 31) (59 -> 32) (60 -> 33) (61 -> 34) (62 -> 35) (63 -> 36) (64 -> 41) (65 -> 63) (66 -> 396) (67 -> 472) (68 -> 436) (69 -> 37) (70 -> 38) (71 -> 39) (72 -> 40) (73 -> 66) (74 -> 68) (75 -> 69) (76 -> 10) (77 -> 420) (78 -> 601) (79 -> 421) (80 -> 558) (81 -> 70) (82 -> 71) (83 -> 72) (84 -> 73) (85 -> 74) (86 -> 75) (87 -> 76) (88 -> 600) (89 -> 466) (90 -> 427) (91 -> 406) (92 -> 550) (93 -> 77) (94 -> 78) (95 -> 79) (96 -> 80) (97 -> 81) (98 -> 82) (99 -> 594) (100 -> 458) (101 -> 474) (102 -> 367) (103 -> 409) (104 -> 439) (105 -> 83) (106 -> 84) (107 -> 85) (108 -> 86) (109 -> 87) (110 -> 468) (111 -> 469) (112 -> 480) (113 -> 437) (114 -> 471) (115 -> 478) (116 -> 583) (117 -> 88) (118 -> 89) (119 -> 90) (120 -> 91) 
runtime = 56
t22.stop_reason = aborted
t22.restarts = 2
t22.nogoods_size = 36
t22.nodes = 18
t22.propagations = 18
t23.stop_reason = aborted
t23.restarts = 2
t23.nogoods_size = 36
t23.nodes = 15
t23.propagations = 15
t35.stop_reason = aborted
t35.restarts = 2
t35.nogoods_size = 36
t35.nodes = 0
t35.propagations = 0
t32.stop_reason = aborted
t32.restarts = 2
t32.nogoods_size = 36
t32.nodes = 0
t32.propagations = 0
t25.stop_reason = aborted
t25.restarts = 2
t25.nogoods_size = 36
t25.nodes = 11
t25.propagations = 11
t27.stop_reason = aborted
t27.restarts = 2
t27.nogoods_size = 36
t27.nodes = 8
t27.propagations = 8
t29.stop_reason = aborted
t29.restarts = 2
t29.nogoods_size = 36
t29.nodes = 3
t29.propagations = 3
t13.stop_reason = aborted
t13.restarts = 2
t13.nogoods_size = 36
t13.nodes = 36
t13.propagations = 36
t24.stop_reason = aborted
t24.restarts = 2
t24.nogoods_size = 36
t24.nodes = 13
t24.propagations = 13
t7.where = 0/182 -1/-1 0/64 -1/-1 0/99 -1/-1 0/98 -1/-1 0/101 -1/-1 0/100 -1/-1 0/99 -1/-1 0/103 -1/-1 0/16 -1/-1 0/15 -1/-1 0/14 -1/-1 0/13 -1/-1 0/12 -1/-1 0/11 -1/-1 0/10 -1/-1 0/9 -1/-1 0/8 -1/-1 0/7 -1/-1 0/6 -1/-1 0/5 -1/-1 0/4 -1/-1 0/3 -1/-1 0/2 -1/-1 0/8 -1/-1 0/73 -1/-1 0/72 -1/-1 0/71 -1/-1 0/94 -1/-1 0/93 -1/-1 0/92 -1/-1 0/91 -1/-1 0/96 -1/-1 0/95 -1/-1 0/94 -1/-1 0/93 -1/-1 0/92 -1/-1 0/91 -1/-1 0/90 -1/-1 0/112 -1/-1 0/111 -1/-1 0/110 -1/-1 0/109 -1/-1 0/108 -1/-1 0/110 -1/-1 0/109 -1/-1 0/108 -1/-1 0/107 -1/-1 0/106 -1/-1 0/105 -1/-1 0/131 -1/-1 0/130 -1/-1 0/129 -1/-1 0/128 -1/-1 0/127 -1/-1 0/126 -1/-1 0/125 -1/-1
t7.stop_reason = satisfiable
t7.restarts = 2
t7.nogoods_size = 36
t7.nodes = 57
t7.propagations = 57
t8.stop_reason = aborted
t8.restarts = 2
t8.nogoods_size = 36
t8.nodes = 42
t8.propagations = 42
t26.stop_reason = aborted
t26.restarts = 2
t26.nogoods_size = 36
t26.nodes = 9
t26.propagations = 9
t1.stop_reason = aborted
t1.restarts = 2
t1.nogoods_size = 36
t1.nodes = 46
t1.propagations = 46
t16.stop_reason = aborted
t16.restarts = 2
t16.nogoods_size = 36
t16.nodes = 29
t16.propagations = 29
t11.stop_reason = aborted
t11.restarts = 2
t11.nogoods_size = 36
t11.nodes = 36
t11.propagations = 36
t28.stop_reason = aborted
t28.restarts = 2
t28.nogoods_size = 36
t28.nodes = 5
t28.propagations = 5
t4.stop_reason = aborted
t4.restarts = 2
t4.nogoods_size = 36
t4.nodes = 52
t4.propagations = 52
t19.stop_reason = aborted
t19.restarts = 2
t19.nogoods_size = 36
t19.nodes = 23
t19.propagations = 23
t3.stop_reason = aborted
t3.restarts = 2
t3.nogoods_size = 36
t3.nodes = 46
t3.propagations = 46
t5.stop_reason = aborted
t5.restarts = 2
t5.nogoods_size = 36
t5.nodes = 48
t5.propagations = 48
t18.stop_reason = aborted
t18.restarts = 2
t18.nogoods_size = 36
t18.nodes = 26
t18.propagations = 26
t2.where = 0/182 -1/-1 0/64 -1/-1 0/99 -1/-1 0/98 -1/-1 0/101 -1/-1 0/100 -1/-1 0/99 -1/-1 0/104 -1/-1 0/16 -1/-1 0/15 -1/-1 0/14 -1/-1 0/13 -1/-1 0/12 -1/-1 0/11 -1/-1 0/10 -1/-1 0/9 -1/-1 0/8 -1/-1 0/7 -1/-1 0/6 -1/-1 0/5 -1/-1 0/4 -1/-1 0/3 -1/-1 0/2 -1/-1 0/19 -1/-1 0/78 -1/-1 0/77 -1/-1 0/76 -1/-1 0/94 -1/-1 0/93 -1/-1 0/92 -1/-1 0/91 -1/-1 0/96 -1/-1 0/95 -1/-1 0/94 -1/-1 0/93 -1/-1 0/92 -1/-1 0/91 -1/-1 0/90 -1/-1 0/113 -1/-1 0/112 -1/-1 0/111 -1/-1 0/110 -1/-1 0/109 -1/-1 0/122 -1/-1 0/121 -1/-1 0/120 -1/-1 0/119 -1/-1 0/118 -1/-1 0/117 -1/-1 0/133 -1/-1 0/132 -1/-1 0/131 -1/-1 0/130 -1/-1 0/129 -1/-1 0/128 -1/-1 0/127 -1/-1
t2.stop_reason = satisfiable
t2.restarts = 2
t2.nogoods_size = 36
t2.nodes = 57
t2.propagations = 57
t17.stop_reason = aborted
t17.restarts = 2
t17.nogoods_size = 36
t17.nodes = 27
t17.propagations = 27
t9.stop_reason = aborted
t9.restarts = 2
t9.nogoods_size = 36
t9.nodes = 38
t9.propagations = 38
t30.stop_reason = aborted
t30.restarts = 2
t30.nogoods_size = 36
t30.nodes = 2
t30.propagations = 2
t0.stop_reason = aborted
t0.restarts = 2
t0.nogoods_size = 36
t0.nodes = 45
t0.propagations = 45
t21.stop_reason = aborted
t21.restarts = 2
t21.nogoods_size = 36
t21.nodes = 19
t21.propagations = 19
t14.stop_reason = aborted
t14.restarts = 2
t14.nogoods_size = 36
t14.nodes = 34
t14.propagations = 34
t12.stop_reason = aborted
t12.restarts = 2
t12.nogoods_size = 36
t12.nodes = 37
t12.propagations = 37
t20.stop_reason = aborted
t20.restarts = 2
t20.nogoods_size = 36
t20.nodes = 21
t20.propagations = 21
t6.stop_reason = aborted
t6.restarts = 2
t6.nogoods_size = 36
t6.nodes = 41
t6.propagations = 41
t15.stop_reason = aborted
t15.restarts = 2
t15.nogoods_size = 36
t15.nodes = 29
t15.propagations = 29
t10.stop_reason = aborted
t10.restarts = 2
t10.nogoods_size = 36
t10.nodes = 39
t10.propagations = 39
t33.stop_reason = aborted
t33.restarts = 2
t33.nogoods_size = 36
t33.nodes = 0
t33.propagations = 0
t34.stop_reason = aborted
t34.restarts = 2
t34.nogoods_size = 36
t34.nodes = 0
t34.propagations = 0
t31.stop_reason = aborted
t31.restarts = 2
t31.nogoods_size = 36
t31.nodes = 0
t31.propagations = 0
search_time = 26
