hostname = r2i2n3
commandline = ../glasgow/solve_subgraph_isomorphism --value-ordering=biased --triggered-restarts --geometric-restarts=1.0 --restarts-constant=100000 --restart-timer=100 --threads=36 --timeout 1000 --format lad ../instances/LV/g41 ../instances/largerGraphs/g111
started_at = 2018-11-22 22:57:55
pattern_file = ../instances/LV/g41
target_file = ../instances/largerGraphs/g111
status = false
nodes = 69076
propagations = 304690
runtime = 1357
t25.stop_reason = aborted
t25.restarts = 8
t25.nogoods_size = 3357
t25.nodes = 2023
t25.propagations = 2023
t20.stop_reason = aborted
t20.restarts = 8
t20.nogoods_size = 3357
t20.nodes = 2015
t20.propagations = 2015
t34.stop_reason = unsatisfiable
t34.restarts = 8
t34.nogoods_size = 3357
t34.nodes = 2139
t34.propagations = 2139
t17.stop_reason = unsatisfiable
t17.restarts = 8
t17.nogoods_size = 3357
t17.nodes = 2209
t17.propagations = 2209
t35.stop_reason = aborted
t35.restarts = 8
t35.nogoods_size = 3357
t35.nodes = 2135
t35.propagations = 2135
t26.stop_reason = aborted
t26.restarts = 8
t26.nogoods_size = 3357
t26.nodes = 1857
t26.propagations = 1857
t18.stop_reason = aborted
t18.restarts = 8
t18.nogoods_size = 3357
t18.nodes = 1910
t18.propagations = 1910
t27.stop_reason = aborted
t27.restarts = 8
t27.nogoods_size = 3357
t27.nodes = 2089
t27.propagations = 2089
t33.stop_reason = aborted
t33.restarts = 8
t33.nogoods_size = 3357
t33.nodes = 1999
t33.propagations = 1999
t9.stop_reason = aborted
t9.restarts = 8
t9.nogoods_size = 3357
t9.nodes = 1605
t9.propagations = 1605
t1.stop_reason = aborted
t1.restarts = 8
t1.nogoods_size = 3357
t1.nodes = 2203
t1.propagations = 2203
t13.stop_reason = aborted
t13.restarts = 8
t13.nogoods_size = 3357
t13.nodes = 2144
t13.propagations = 2144
t7.stop_reason = aborted
t7.restarts = 8
t7.nogoods_size = 3357
t7.nodes = 1565
t7.propagations = 1565
t28.stop_reason = aborted
t28.restarts = 8
t28.nogoods_size = 3357
t28.nodes = 1838
t28.propagations = 1838
t22.stop_reason = aborted
t22.restarts = 8
t22.nogoods_size = 3357
t22.nodes = 2020
t22.propagations = 2020
t24.stop_reason = aborted
t24.restarts = 8
t24.nogoods_size = 3357
t24.nodes = 1612
t24.propagations = 1612
t11.stop_reason = aborted
t11.restarts = 8
t11.nogoods_size = 3357
t11.nodes = 1776
t11.propagations = 1776
t6.stop_reason = aborted
t6.restarts = 8
t6.nogoods_size = 3357
t6.nodes = 2178
t6.propagations = 2178
t5.stop_reason = aborted
t5.restarts = 8
t5.nogoods_size = 3357
t5.nodes = 1729
t5.propagations = 1729
t15.stop_reason = aborted
t15.restarts = 8
t15.nogoods_size = 3357
t15.nodes = 1598
t15.propagations = 1598
t3.stop_reason = aborted
t3.restarts = 8
t3.nogoods_size = 3357
t3.nodes = 1960
t3.propagations = 1960
t19.stop_reason = aborted
t19.restarts = 8
t19.nogoods_size = 3357
t19.nodes = 2511
t19.propagations = 2511
t8.stop_reason = aborted
t8.restarts = 8
t8.nogoods_size = 3357
t8.nodes = 1979
t8.propagations = 1979
t16.stop_reason = aborted
t16.restarts = 8
t16.nogoods_size = 3357
t16.nodes = 2020
t16.propagations = 2020
t12.stop_reason = aborted
t12.restarts = 8
t12.nogoods_size = 3357
t12.nodes = 1826
t12.propagations = 1826
t32.stop_reason = aborted
t32.restarts = 8
t32.nogoods_size = 3357
t32.nodes = 2088
t32.propagations = 2088
t31.stop_reason = aborted
t31.restarts = 8
t31.nogoods_size = 3357
t31.nodes = 1767
t31.propagations = 1767
t0.stop_reason = aborted
t0.restarts = 8
t0.nogoods_size = 3357
t0.nodes = 1871
t0.propagations = 1871
t4.stop_reason = aborted
t4.restarts = 8
t4.nogoods_size = 3357
t4.nodes = 1710
t4.propagations = 1710
t14.stop_reason = aborted
t14.restarts = 8
t14.nogoods_size = 3357
t14.nodes = 1574
t14.propagations = 1574
t29.stop_reason = aborted
t29.restarts = 8
t29.nogoods_size = 3357
t29.nodes = 2174
t29.propagations = 2174
t23.stop_reason = aborted
t23.restarts = 8
t23.nogoods_size = 3357
t23.nodes = 1920
t23.propagations = 1920
t10.stop_reason = aborted
t10.restarts = 8
t10.nogoods_size = 3357
t10.nodes = 1919
t10.propagations = 1919
t2.stop_reason = aborted
t2.restarts = 8
t2.nogoods_size = 3357
t2.nodes = 1528
t2.propagations = 1528
t30.stop_reason = aborted
t30.restarts = 8
t30.nogoods_size = 3357
t30.nodes = 1616
t30.propagations = 1616
t21.stop_reason = aborted
t21.restarts = 8
t21.nogoods_size = 3357
t21.nodes = 1969
t21.propagations = 1969
search_time = 927
