hostname = r1i3n29
commandline = ../glasgow/solve_subgraph_isomorphism --value-ordering=biased --triggered-restarts --geometric-restarts=1.0 --restarts-constant=100000 --restart-timer=100 --threads=36 --timeout 1000 --format lad ../instances/phase/phase-30-150-0.72-0.66-0.70-2-pattern ../instances/phase/phase-30-150-0.72-0.66-0.70-2-target
started_at = 2018-11-23 03:19:10
pattern_file = ../instances/phase/phase-30-150-0.72-0.66-0.70-2-pattern
target_file = ../instances/phase/phase-30-150-0.72-0.66-0.70-2-target
status = aborted
nodes = 3981256191
propagations = 11060432464
runtime = 1043083
t6.restarts = 6728
t6.nogoods_size = 3721289
t6.nodes = 111298704
t6.propagations = 111298704
t26.restarts = 6728
t26.nogoods_size = 3721289
t26.nodes = 102538492
t26.propagations = 102538492
t0.restarts = 6728
t0.nogoods_size = 3721289
t0.nodes = 103593366
t0.propagations = 103593366
t9.restarts = 6728
t9.nogoods_size = 3721289
t9.nodes = 107023212
t9.propagations = 107023212
t17.restarts = 6728
t17.nogoods_size = 3721289
t17.nodes = 108587815
t17.propagations = 108587815
t2.restarts = 6728
t2.nogoods_size = 3721289
t2.nodes = 115323795
t2.propagations = 115323795
t30.restarts = 6728
t30.nogoods_size = 3721289
t30.nodes = 110471943
t30.propagations = 110471943
t29.restarts = 6728
t29.nogoods_size = 3721289
t29.nodes = 107378020
t29.propagations = 107378020
t19.restarts = 6728
t19.nogoods_size = 3721289
t19.nodes = 116894162
t19.propagations = 116894162
t21.restarts = 6728
t21.nogoods_size = 3721289
t21.nodes = 107758153
t21.propagations = 107758153
t14.restarts = 6728
t14.nogoods_size = 3721289
t14.nodes = 111659655
t14.propagations = 111659655
t5.restarts = 6728
t5.nogoods_size = 3721289
t5.nodes = 107939869
t5.propagations = 107939869
t15.restarts = 6728
t15.nogoods_size = 3721289
t15.nodes = 111308191
t15.propagations = 111308191
t4.restarts = 6728
t4.nogoods_size = 3721289
t4.nodes = 109989946
t4.propagations = 109989946
t31.restarts = 6728
t31.nogoods_size = 3721289
t31.nodes = 107908430
t31.propagations = 107908430
t18.restarts = 6728
t18.nogoods_size = 3721289
t18.nodes = 111149061
t18.propagations = 111149061
t3.restarts = 6728
t3.nogoods_size = 3721289
t3.nodes = 108050277
t3.propagations = 108050277
t11.restarts = 6728
t11.nogoods_size = 3721289
t11.nodes = 109004146
t11.propagations = 109004146
t7.restarts = 6728
t7.nogoods_size = 3721289
t7.nodes = 115950498
t7.propagations = 115950498
t25.restarts = 6728
t25.nogoods_size = 3721289
t25.nodes = 110986992
t25.propagations = 110986992
t22.restarts = 6728
t22.nogoods_size = 3721289
t22.nodes = 112086766
t22.propagations = 112086766
t16.restarts = 6728
t16.nogoods_size = 3721289
t16.nodes = 102294352
t16.propagations = 102294352
t33.restarts = 6728
t33.nogoods_size = 3721289
t33.nodes = 106109322
t33.propagations = 106109322
t10.stop_reason = aborted
t10.restarts = 6728
t10.nogoods_size = 3721289
t10.nodes = 112164351
t10.propagations = 112164351
t12.restarts = 6728
t12.nogoods_size = 3721289
t12.nodes = 109250001
t12.propagations = 109250001
t34.restarts = 6728
t34.nogoods_size = 3721289
t34.nodes = 111741996
t34.propagations = 111741996
t20.restarts = 6728
t20.nogoods_size = 3721289
t20.nodes = 114568811
t20.propagations = 114568811
t35.restarts = 6728
t35.nogoods_size = 3721289
t35.nodes = 115514010
t35.propagations = 115514010
t8.restarts = 6728
t8.nogoods_size = 3721289
t8.nodes = 113737079
t8.propagations = 113737079
t24.restarts = 6728
t24.nogoods_size = 3721289
t24.nodes = 115341938
t24.propagations = 115341938
t28.restarts = 6728
t28.nogoods_size = 3721289
t28.nodes = 112761938
t28.propagations = 112761938
t13.restarts = 6728
t13.nogoods_size = 3721289
t13.nodes = 107738784
t13.propagations = 107738784
t32.restarts = 6728
t32.nogoods_size = 3721289
t32.nodes = 110750591
t32.propagations = 110750591
t1.stop_reason = aborted
t1.restarts = 6728
t1.nogoods_size = 3721289
t1.nodes = 116077794
t1.propagations = 116077794
t27.restarts = 6728
t27.nogoods_size = 3721289
t27.nodes = 109190092
t27.propagations = 109190092
t23.restarts = 6728
t23.nogoods_size = 3721289
t23.nodes = 117113639
t23.propagations = 117113639
search_time = 999985
