hostname = r1i3n29
commandline = ../glasgow/solve_subgraph_isomorphism --value-ordering=biased --triggered-restarts --geometric-restarts=1.0 --restarts-constant=100000 --restart-timer=100 --threads=36 --timeout 1000 --format lad ../instances/si/si2_rand_r01_400/si2_r01_m400.04/pattern ../instances/si/si2_rand_r01_400/si2_r01_m400.04/target
started_at = 2018-11-22 22:55:48
pattern_file = ../instances/si/si2_rand_r01_400/si2_r01_m400.04/pattern
target_file = ../instances/si/si2_rand_r01_400/si2_r01_m400.04/target
status = true
nodes = 2049885
propagations = 5991795
mapping = (0 -> 84) (1 -> 140) (2 -> 348) (3 -> 198) (4 -> 247) (5 -> 111) (6 -> 88) (7 -> 91) (8 -> 192) (9 -> 62) (10 -> 48) (11 -> 343) (12 -> 135) (13 -> 268) (14 -> 399) (15 -> 272) (16 -> 163) (17 -> 312) (18 -> 234) (19 -> 171) (20 -> 29) (21 -> 321) (22 -> 141) (23 -> 214) (24 -> 178) (25 -> 257) (26 -> 207) (27 -> 34) (28 -> 370) (29 -> 362) (30 -> 334) (31 -> 352) (32 -> 221) (33 -> 394) (34 -> 258) (35 -> 160) (36 -> 130) (37 -> 100) (38 -> 260) (39 -> 289) (40 -> 124) (41 -> 275) (42 -> 383) (43 -> 220) (44 -> 398) (45 -> 386) (46 -> 138) (47 -> 201) (48 -> 35) (49 -> 74) (50 -> 253) (51 -> 15) (52 -> 341) (53 -> 280) (54 -> 290) (55 -> 354) (56 -> 142) (57 -> 12) (58 -> 107) (59 -> 377) (60 -> 263) (61 -> 159) (62 -> 67) (63 -> 295) (64 -> 45) (65 -> 325) (66 -> 351) (67 -> 209) (68 -> 143) (69 -> 371) (70 -> 350) (71 -> 185) (72 -> 296) (73 -> 388) (74 -> 127) (75 -> 68) (76 -> 304) (77 -> 231) (78 -> 126) (79 -> 379) 
runtime = 895
t18.where = 0/297 -1/-1 2/81 -1/-1 17/23 -1/-1 1/5 -1/-1 0/2 -1/-1 -1/-1 0/2 -1/-1 -1/-1 -1/-1 0/2 -1/-1 -1/-1 -1/-1 -1/-1 -1/-1 -1/-1 -1/-1 -1/-1 -1/-1 -1/-1 -1/-1 -1/-1 -1/-1 -1/-1 -1/-1 -1/-1 -1/-1 -1/-1 -1/-1 -1/-1 -1/-1 -1/-1 -1/-1 -1/-1 -1/-1 -1/-1 -1/-1 -1/-1 -1/-1 -1/-1 -1/-1 -1/-1 -1/-1 -1/-1 -1/-1 -1/-1 -1/-1 -1/-1 -1/-1 -1/-1 -1/-1 -1/-1 -1/-1 -1/-1 -1/-1 -1/-1 -1/-1 -1/-1 -1/-1 -1/-1 -1/-1 -1/-1 -1/-1 -1/-1 -1/-1 -1/-1 -1/-1 -1/-1 -1/-1 -1/-1 -1/-1 -1/-1 -1/-1 -1/-1 -1/-1 -1/-1 -1/-1 -1/-1 -1/-1 -1/-1 -1/-1
t18.stop_reason = satisfiable
t18.restarts = 9
t18.nogoods_size = 11878
t18.nodes = 58941
t18.propagations = 58941
t34.stop_reason = aborted
t34.restarts = 9
t34.nogoods_size = 11878
t34.nodes = 56995
t34.propagations = 56995
t26.stop_reason = aborted
t26.restarts = 9
t26.nogoods_size = 11878
t26.nodes = 57808
t26.propagations = 57808
t22.stop_reason = aborted
t22.restarts = 9
t22.nogoods_size = 11878
t22.nodes = 58586
t22.propagations = 58586
t28.stop_reason = aborted
t28.restarts = 9
t28.nogoods_size = 11878
t28.nodes = 55799
t28.propagations = 55799
t5.stop_reason = aborted
t5.restarts = 9
t5.nogoods_size = 11878
t5.nodes = 56621
t5.propagations = 56621
t3.stop_reason = aborted
t3.restarts = 9
t3.nogoods_size = 11878
t3.nodes = 56968
t3.propagations = 56968
t25.stop_reason = aborted
t25.restarts = 9
t25.nogoods_size = 11878
t25.nodes = 59835
t25.propagations = 59835
t12.stop_reason = aborted
t12.restarts = 9
t12.nogoods_size = 11878
t12.nodes = 34284
t12.propagations = 34284
t14.stop_reason = aborted
t14.restarts = 9
t14.nogoods_size = 11878
t14.nodes = 59224
t14.propagations = 59224
t1.stop_reason = aborted
t1.restarts = 9
t1.nogoods_size = 11878
t1.nodes = 58721
t1.propagations = 58721
t23.stop_reason = aborted
t23.restarts = 9
t23.nogoods_size = 11878
t23.nodes = 60909
t23.propagations = 60909
t4.stop_reason = aborted
t4.restarts = 9
t4.nogoods_size = 11878
t4.nodes = 59039
t4.propagations = 59039
t21.stop_reason = aborted
t21.restarts = 9
t21.nogoods_size = 11878
t21.nodes = 57300
t21.propagations = 57300
t7.stop_reason = aborted
t7.restarts = 9
t7.nogoods_size = 11878
t7.nodes = 57355
t7.propagations = 57355
t10.stop_reason = aborted
t10.restarts = 9
t10.nogoods_size = 11878
t10.nodes = 56266
t10.propagations = 56266
t20.stop_reason = aborted
t20.restarts = 9
t20.nogoods_size = 11878
t20.nodes = 55783
t20.propagations = 55783
t17.stop_reason = aborted
t17.restarts = 9
t17.nogoods_size = 11878
t17.nodes = 56575
t17.propagations = 56575
t13.stop_reason = aborted
t13.restarts = 9
t13.nogoods_size = 11878
t13.nodes = 60021
t13.propagations = 60021
t27.stop_reason = aborted
t27.restarts = 9
t27.nogoods_size = 11878
t27.nodes = 34678
t27.propagations = 34678
t32.stop_reason = aborted
t32.restarts = 9
t32.nogoods_size = 11878
t32.nodes = 58032
t32.propagations = 58032
t31.stop_reason = aborted
t31.restarts = 9
t31.nogoods_size = 11878
t31.nodes = 58507
t31.propagations = 58507
t15.stop_reason = aborted
t15.restarts = 9
t15.nogoods_size = 11878
t15.nodes = 59902
t15.propagations = 59902
t11.stop_reason = aborted
t11.restarts = 9
t11.nogoods_size = 11878
t11.nodes = 57649
t11.propagations = 57649
t0.stop_reason = aborted
t0.restarts = 9
t0.nogoods_size = 11878
t0.nodes = 57410
t0.propagations = 57410
t33.stop_reason = aborted
t33.restarts = 9
t33.nogoods_size = 11878
t33.nodes = 61398
t33.propagations = 61398
t6.stop_reason = aborted
t6.restarts = 9
t6.nogoods_size = 11878
t6.nodes = 58944
t6.propagations = 58944
t24.stop_reason = aborted
t24.restarts = 9
t24.nogoods_size = 11878
t24.nodes = 58964
t24.propagations = 58964
t9.stop_reason = aborted
t9.restarts = 9
t9.nogoods_size = 11878
t9.nodes = 59002
t9.propagations = 59002
t16.stop_reason = aborted
t16.restarts = 9
t16.nogoods_size = 11878
t16.nodes = 59887
t16.propagations = 59887
t2.stop_reason = aborted
t2.restarts = 9
t2.nogoods_size = 11878
t2.nodes = 57484
t2.propagations = 57484
t19.stop_reason = aborted
t19.restarts = 9
t19.nogoods_size = 11878
t19.nodes = 56539
t19.propagations = 56539
t35.stop_reason = aborted
t35.restarts = 9
t35.nogoods_size = 11878
t35.nodes = 59811
t35.propagations = 59811
t8.stop_reason = aborted
t8.restarts = 9
t8.nogoods_size = 11878
t8.nodes = 58513
t8.propagations = 58513
t30.stop_reason = aborted
t30.restarts = 9
t30.nogoods_size = 11878
t30.nodes = 55386
t30.propagations = 55386
t29.stop_reason = aborted
t29.restarts = 9
t29.nogoods_size = 11878
t29.nodes = 60749
t29.propagations = 60749
search_time = 787
