hostname = r1i1n12
commandline = ../glasgow/solve_subgraph_isomorphism --value-ordering=biased --triggered-restarts --geometric-restarts=1.0 --restarts-constant=100000 --restart-timer=100 --threads=36 --timeout 1000 --format lad ../instances/si/si4_rand_r01_400/si4_r01_m400.03/pattern ../instances/si/si4_rand_r01_400/si4_r01_m400.03/target
started_at = 2018-11-22 23:08:45
pattern_file = ../instances/si/si4_rand_r01_400/si4_r01_m400.03/pattern
target_file = ../instances/si/si4_rand_r01_400/si4_r01_m400.03/target
status = true
nodes = 415329
propagations = 1160152
mapping = (0 -> 382) (1 -> 312) (2 -> 383) (3 -> 210) (4 -> 337) (5 -> 0) (6 -> 333) (7 -> 144) (8 -> 143) (9 -> 305) (10 -> 291) (11 -> 396) (12 -> 99) (13 -> 244) (14 -> 194) (15 -> 116) (16 -> 120) (17 -> 40) (18 -> 178) (19 -> 61) (20 -> 150) (21 -> 68) (22 -> 131) (23 -> 392) (24 -> 90) (25 -> 215) (26 -> 149) (27 -> 354) (28 -> 93) (29 -> 330) (30 -> 283) (31 -> 398) (32 -> 227) (33 -> 198) (34 -> 261) (35 -> 344) (36 -> 195) (37 -> 302) (38 -> 92) (39 -> 172) (40 -> 300) (41 -> 306) (42 -> 156) (43 -> 355) (44 -> 287) (45 -> 328) (46 -> 315) (47 -> 51) (48 -> 145) (49 -> 366) (50 -> 45) (51 -> 251) (52 -> 376) (53 -> 187) (54 -> 74) (55 -> 60) (56 -> 24) (57 -> 399) (58 -> 258) (59 -> 347) (60 -> 201) (61 -> 185) (62 -> 180) (63 -> 167) (64 -> 248) (65 -> 72) (66 -> 273) (67 -> 166) (68 -> 32) (69 -> 298) (70 -> 81) (71 -> 196) (72 -> 264) (73 -> 356) (74 -> 370) (75 -> 339) (76 -> 391) (77 -> 44) (78 -> 349) (79 -> 153) (80 -> 52) (81 -> 362) (82 -> 115) (83 -> 146) (84 -> 83) (85 -> 10) (86 -> 78) (87 -> 319) (88 -> 79) (89 -> 113) (90 -> 26) (91 -> 371) (92 -> 378) (93 -> 118) (94 -> 205) (95 -> 18) (96 -> 212) (97 -> 326) (98 -> 59) (99 -> 217) (100 -> 43) (101 -> 317) (102 -> 384) (103 -> 314) (104 -> 192) (105 -> 307) (106 -> 216) (107 -> 377) (108 -> 270) (109 -> 184) (110 -> 290) (111 -> 294) (112 -> 132) (113 -> 125) (114 -> 266) (115 -> 85) (116 -> 1) (117 -> 329) (118 -> 234) (119 -> 381) (120 -> 70) (121 -> 218) (122 -> 254) (123 -> 252) (124 -> 71) (125 -> 207) (126 -> 335) (127 -> 107) (128 -> 42) (129 -> 63) (130 -> 245) (131 -> 28) (132 -> 111) (133 -> 89) (134 -> 213) (135 -> 77) (136 -> 181) (137 -> 324) (138 -> 38) (139 -> 134) (140 -> 88) (141 -> 303) (142 -> 267) (143 -> 208) (144 -> 243) (145 -> 247) (146 -> 8) (147 -> 256) (148 -> 126) (149 -> 20) (150 -> 224) (151 -> 257) (152 -> 31) (153 -> 343) (154 -> 7) (155 -> 139) (156 -> 155) (157 -> 318) (158 -> 190) (159 -> 173) 
runtime = 464
t4.where = 2/399 -1/-1 4/90 -1/-1 10/15 -1/-1 0/2 -1/-1 0/4 -1/-1 0/2 -1/-1 0/2 -1/-1 0/2 -1/-1 -1/-1 -1/-1 -1/-1 -1/-1 -1/-1 -1/-1 -1/-1 -1/-1 -1/-1 -1/-1 -1/-1 -1/-1 -1/-1 -1/-1 -1/-1 -1/-1 -1/-1 -1/-1 -1/-1 -1/-1 -1/-1 -1/-1 -1/-1 -1/-1 -1/-1 -1/-1 -1/-1 -1/-1 -1/-1 -1/-1 -1/-1 -1/-1 -1/-1 -1/-1 -1/-1 -1/-1 -1/-1 -1/-1 -1/-1 -1/-1 -1/-1 -1/-1 -1/-1 -1/-1 -1/-1 -1/-1 -1/-1 -1/-1 -1/-1 -1/-1 -1/-1 -1/-1 -1/-1 -1/-1 -1/-1 -1/-1 -1/-1 -1/-1 -1/-1 -1/-1 -1/-1 -1/-1 -1/-1 -1/-1 -1/-1 -1/-1 -1/-1 -1/-1 -1/-1 -1/-1 -1/-1 -1/-1 -1/-1 -1/-1 -1/-1 -1/-1 -1/-1 -1/-1 -1/-1 -1/-1 -1/-1 -1/-1 -1/-1 -1/-1 -1/-1 -1/-1 -1/-1 -1/-1 -1/-1 -1/-1 -1/-1 -1/-1 -1/-1 -1/-1 -1/-1 -1/-1 -1/-1 -1/-1 -1/-1 -1/-1 -1/-1 -1/-1 -1/-1 -1/-1 -1/-1 -1/-1 -1/-1 -1/-1 -1/-1 -1/-1 -1/-1 -1/-1 -1/-1 -1/-1 -1/-1 -1/-1 -1/-1 -1/-1 -1/-1 -1/-1 -1/-1 -1/-1 -1/-1 -1/-1 -1/-1 -1/-1 -1/-1 -1/-1 -1/-1 -1/-1 -1/-1 -1/-1 -1/-1 -1/-1 -1/-1 -1/-1 -1/-1 -1/-1 -1/-1 -1/-1 -1/-1 -1/-1 -1/-1 -1/-1 -1/-1 -1/-1 -1/-1 -1/-1 -1/-1 -1/-1 -1/-1 -1/-1
t4.stop_reason = satisfiable
t4.restarts = 4
t4.nogoods_size = 2448
t4.nodes = 11931
t4.propagations = 11931
t26.stop_reason = aborted
t26.restarts = 4
t26.nogoods_size = 2448
t26.nodes = 8534
t26.propagations = 8534
t9.stop_reason = aborted
t9.restarts = 4
t9.nogoods_size = 2448
t9.nodes = 12227
t9.propagations = 12227
t35.stop_reason = aborted
t35.restarts = 4
t35.nogoods_size = 2448
t35.nodes = 12361
t35.propagations = 12361
t16.stop_reason = aborted
t16.restarts = 4
t16.nogoods_size = 2448
t16.nodes = 12103
t16.propagations = 12103
t8.stop_reason = aborted
t8.restarts = 4
t8.nogoods_size = 2448
t8.nodes = 12198
t8.propagations = 12198
t23.stop_reason = aborted
t23.restarts = 4
t23.nogoods_size = 2448
t23.nodes = 12020
t23.propagations = 12020
t30.stop_reason = aborted
t30.restarts = 4
t30.nogoods_size = 2448
t30.nodes = 12464
t30.propagations = 12464
t18.stop_reason = aborted
t18.restarts = 4
t18.nogoods_size = 2448
t18.nodes = 9213
t18.propagations = 9213
t3.stop_reason = aborted
t3.restarts = 4
t3.nogoods_size = 2448
t3.nodes = 12376
t3.propagations = 12376
t34.stop_reason = aborted
t34.restarts = 4
t34.nogoods_size = 2448
t34.nodes = 12182
t34.propagations = 12182
t13.stop_reason = aborted
t13.restarts = 4
t13.nogoods_size = 2448
t13.nodes = 10900
t13.propagations = 10900
t0.stop_reason = aborted
t0.restarts = 4
t0.nogoods_size = 2448
t0.nodes = 12169
t0.propagations = 12169
t17.stop_reason = aborted
t17.restarts = 4
t17.nogoods_size = 2448
t17.nodes = 12147
t17.propagations = 12147
t2.stop_reason = aborted
t2.restarts = 4
t2.nogoods_size = 2448
t2.nodes = 12809
t2.propagations = 12809
t14.stop_reason = aborted
t14.restarts = 4
t14.nogoods_size = 2448
t14.nodes = 11378
t14.propagations = 11378
t6.stop_reason = aborted
t6.restarts = 4
t6.nogoods_size = 2448
t6.nodes = 8703
t6.propagations = 8703
t27.stop_reason = aborted
t27.restarts = 4
t27.nogoods_size = 2448
t27.nodes = 12172
t27.propagations = 12172
t7.stop_reason = aborted
t7.restarts = 4
t7.nogoods_size = 2448
t7.nodes = 12052
t7.propagations = 12052
t15.stop_reason = aborted
t15.restarts = 4
t15.nogoods_size = 2448
t15.nodes = 13442
t15.propagations = 13442
t25.stop_reason = aborted
t25.restarts = 4
t25.nogoods_size = 2448
t25.nodes = 11980
t25.propagations = 11980
t33.stop_reason = aborted
t33.restarts = 4
t33.nogoods_size = 2448
t33.nodes = 7300
t33.propagations = 7300
t11.stop_reason = aborted
t11.restarts = 4
t11.nogoods_size = 2448
t11.nodes = 12393
t11.propagations = 12393
t21.stop_reason = aborted
t21.restarts = 4
t21.nogoods_size = 2448
t21.nodes = 10657
t21.propagations = 10657
t31.stop_reason = aborted
t31.restarts = 4
t31.nogoods_size = 2448
t31.nodes = 11927
t31.propagations = 11927
t20.stop_reason = aborted
t20.restarts = 4
t20.nogoods_size = 2448
t20.nodes = 12290
t20.propagations = 12290
t5.stop_reason = aborted
t5.restarts = 4
t5.nogoods_size = 2448
t5.nodes = 12206
t5.propagations = 12206
t19.stop_reason = aborted
t19.restarts = 4
t19.nogoods_size = 2448
t19.nodes = 8668
t19.propagations = 8668
t28.stop_reason = aborted
t28.restarts = 4
t28.nogoods_size = 2448
t28.nodes = 11674
t28.propagations = 11674
t10.stop_reason = aborted
t10.restarts = 4
t10.nogoods_size = 2448
t10.nodes = 12567
t10.propagations = 12567
t12.stop_reason = aborted
t12.restarts = 4
t12.nogoods_size = 2448
t12.nodes = 12687
t12.propagations = 12687
t22.stop_reason = aborted
t22.restarts = 4
t22.nogoods_size = 2448
t22.nodes = 10408
t22.propagations = 10408
t24.stop_reason = aborted
t24.restarts = 4
t24.nogoods_size = 2448
t24.nodes = 12056
t24.propagations = 12056
t1.stop_reason = aborted
t1.restarts = 4
t1.nogoods_size = 2448
t1.nodes = 14512
t1.propagations = 14512
t32.stop_reason = aborted
t32.restarts = 4
t32.nogoods_size = 2448
t32.nodes = 7166
t32.propagations = 7166
t29.stop_reason = aborted
t29.restarts = 4
t29.nogoods_size = 2448
t29.nodes = 13457
t29.propagations = 13457
search_time = 312
