hostname = r1i4n3
commandline = ../glasgow/solve_subgraph_isomorphism --value-ordering=biased --triggered-restarts --geometric-restarts=1.0 --restarts-constant=100000 --restart-timer=100 --threads=36 --timeout 1000 --format lad ../instances/si/si4_rand_r01_400/si4_r01_m400.01/pattern ../instances/si/si4_rand_r01_400/si4_r01_m400.01/target
started_at = 2018-11-22 22:55:01
pattern_file = ../instances/si/si4_rand_r01_400/si4_r01_m400.01/pattern
target_file = ../instances/si/si4_rand_r01_400/si4_r01_m400.01/target
status = true
nodes = 112792
propagations = 527505
mapping = (0 -> 254) (1 -> 18) (2 -> 185) (3 -> 398) (4 -> 143) (5 -> 287) (6 -> 215) (7 -> 25) (8 -> 282) (9 -> 196) (10 -> 105) (11 -> 393) (12 -> 203) (13 -> 91) (14 -> 123) (15 -> 50) (16 -> 199) (17 -> 363) (18 -> 249) (19 -> 97) (20 -> 83) (21 -> 183) (22 -> 357) (23 -> 332) (24 -> 168) (25 -> 321) (26 -> 21) (27 -> 179) (28 -> 124) (29 -> 241) (30 -> 330) (31 -> 245) (32 -> 367) (33 -> 86) (34 -> 69) (35 -> 298) (36 -> 117) (37 -> 47) (38 -> 272) (39 -> 222) (40 -> 250) (41 -> 93) (42 -> 277) (43 -> 26) (44 -> 323) (45 -> 233) (46 -> 81) (47 -> 319) (48 -> 315) (49 -> 46) (50 -> 80) (51 -> 317) (52 -> 152) (53 -> 10) (54 -> 66) (55 -> 295) (56 -> 48) (57 -> 322) (58 -> 285) (59 -> 111) (60 -> 180) (61 -> 29) (62 -> 138) (63 -> 58) (64 -> 286) (65 -> 61) (66 -> 206) (67 -> 201) (68 -> 243) (69 -> 6) (70 -> 262) (71 -> 237) (72 -> 27) (73 -> 84) (74 -> 238) (75 -> 289) (76 -> 340) (77 -> 293) (78 -> 112) (79 -> 127) (80 -> 339) (81 -> 98) (82 -> 110) (83 -> 118) (84 -> 34) (85 -> 236) (86 -> 140) (87 -> 192) (88 -> 300) (89 -> 78) (90 -> 325) (91 -> 211) (92 -> 182) (93 -> 160) (94 -> 399) (95 -> 268) (96 -> 205) (97 -> 239) (98 -> 361) (99 -> 94) (100 -> 388) (101 -> 134) (102 -> 187) (103 -> 278) (104 -> 348) (105 -> 284) (106 -> 198) (107 -> 258) (108 -> 44) (109 -> 386) (110 -> 292) (111 -> 346) (112 -> 188) (113 -> 327) (114 -> 302) (115 -> 316) (116 -> 219) (117 -> 281) (118 -> 75) (119 -> 267) (120 -> 328) (121 -> 42) (122 -> 171) (123 -> 261) (124 -> 130) (125 -> 9) (126 -> 20) (127 -> 40) (128 -> 16) (129 -> 373) (130 -> 194) (131 -> 62) (132 -> 334) (133 -> 175) (134 -> 375) (135 -> 14) (136 -> 109) (137 -> 41) (138 -> 139) (139 -> 65) (140 -> 170) (141 -> 380) (142 -> 126) (143 -> 129) (144 -> 259) (145 -> 337) (146 -> 308) (147 -> 230) (148 -> 181) (149 -> 200) (150 -> 64) (151 -> 279) (152 -> 234) (153 -> 220) (154 -> 377) (155 -> 331) (156 -> 17) (157 -> 174) (158 -> 266) (159 -> 379) 
runtime = 300
t2.where = 0/390 -1/-1 3/91 -1/-1 1/23 -1/-1 1/6 -1/-1 0/4 -1/-1 -1/-1 -1/-1 -1/-1 -1/-1 -1/-1 -1/-1 -1/-1 -1/-1 -1/-1 -1/-1 -1/-1 -1/-1 -1/-1 -1/-1 -1/-1 -1/-1 -1/-1 -1/-1 -1/-1 -1/-1 -1/-1 -1/-1 -1/-1 -1/-1 -1/-1 -1/-1 -1/-1 -1/-1 -1/-1 -1/-1 -1/-1 -1/-1 -1/-1 -1/-1 -1/-1 -1/-1 -1/-1 -1/-1 -1/-1 -1/-1 -1/-1 -1/-1 -1/-1 -1/-1 -1/-1 -1/-1 -1/-1 -1/-1 -1/-1 -1/-1 -1/-1 -1/-1 -1/-1 -1/-1 -1/-1 -1/-1 -1/-1 -1/-1 -1/-1 -1/-1 -1/-1 -1/-1 -1/-1 -1/-1 -1/-1 -1/-1 -1/-1 -1/-1 -1/-1 -1/-1 -1/-1 -1/-1 -1/-1 -1/-1 -1/-1 -1/-1 -1/-1 -1/-1 -1/-1 -1/-1 -1/-1 -1/-1 -1/-1 -1/-1 -1/-1 -1/-1 -1/-1 -1/-1 -1/-1 -1/-1 -1/-1 -1/-1 -1/-1 -1/-1 -1/-1 -1/-1 -1/-1 -1/-1 -1/-1 -1/-1 -1/-1 -1/-1 -1/-1 -1/-1 -1/-1 -1/-1 -1/-1 -1/-1 -1/-1 -1/-1 -1/-1 -1/-1 -1/-1 -1/-1 -1/-1 -1/-1 -1/-1 -1/-1 -1/-1 -1/-1 -1/-1 -1/-1 -1/-1 -1/-1 -1/-1 -1/-1 -1/-1 -1/-1 -1/-1 -1/-1 -1/-1 -1/-1 -1/-1 -1/-1 -1/-1 -1/-1 -1/-1 -1/-1 -1/-1 -1/-1 -1/-1 -1/-1 -1/-1 -1/-1 -1/-1 -1/-1 -1/-1 -1/-1 -1/-1 -1/-1 -1/-1 -1/-1 -1/-1 -1/-1 -1/-1
t2.stop_reason = satisfiable
t2.restarts = 3
t2.nogoods_size = 1955
t2.nodes = 3831
t2.propagations = 3831
t0.stop_reason = aborted
t0.restarts = 3
t0.nogoods_size = 1955
t0.nodes = 4192
t0.propagations = 4192
t7.stop_reason = aborted
t7.restarts = 3
t7.nogoods_size = 1955
t7.nodes = 2619
t7.propagations = 2619
t27.stop_reason = aborted
t27.restarts = 3
t27.nogoods_size = 1955
t27.nodes = 3902
t27.propagations = 3902
t3.stop_reason = aborted
t3.restarts = 3
t3.nogoods_size = 1955
t3.nodes = 4266
t3.propagations = 4266
t14.stop_reason = aborted
t14.restarts = 3
t14.nogoods_size = 1955
t14.nodes = 2216
t14.propagations = 2216
t34.stop_reason = aborted
t34.restarts = 3
t34.nogoods_size = 1955
t34.nodes = 2406
t34.propagations = 2406
t19.stop_reason = aborted
t19.restarts = 3
t19.nogoods_size = 1955
t19.nodes = 2446
t19.propagations = 2446
t30.stop_reason = aborted
t30.restarts = 3
t30.nogoods_size = 1955
t30.nodes = 4180
t30.propagations = 4180
t25.stop_reason = aborted
t25.restarts = 3
t25.nogoods_size = 1955
t25.nodes = 4199
t25.propagations = 4199
t35.stop_reason = aborted
t35.restarts = 3
t35.nogoods_size = 1955
t35.nodes = 2148
t35.propagations = 2148
t23.stop_reason = aborted
t23.restarts = 3
t23.nogoods_size = 1955
t23.nodes = 4054
t23.propagations = 4054
t10.stop_reason = aborted
t10.restarts = 3
t10.nogoods_size = 1955
t10.nodes = 2227
t10.propagations = 2227
t24.stop_reason = aborted
t24.restarts = 3
t24.nogoods_size = 1955
t24.nodes = 3854
t24.propagations = 3854
t22.stop_reason = aborted
t22.restarts = 3
t22.nogoods_size = 1955
t22.nodes = 2168
t22.propagations = 2168
t9.stop_reason = aborted
t9.restarts = 3
t9.nogoods_size = 1955
t9.nodes = 3995
t9.propagations = 3995
t31.stop_reason = aborted
t31.restarts = 3
t31.nogoods_size = 1955
t31.nodes = 1991
t31.propagations = 1991
t1.stop_reason = aborted
t1.restarts = 3
t1.nogoods_size = 1955
t1.nodes = 2323
t1.propagations = 2323
t4.stop_reason = aborted
t4.restarts = 3
t4.nogoods_size = 1955
t4.nodes = 4066
t4.propagations = 4066
t28.stop_reason = aborted
t28.restarts = 3
t28.nogoods_size = 1955
t28.nodes = 3754
t28.propagations = 3754
t33.stop_reason = aborted
t33.restarts = 3
t33.nogoods_size = 1955
t33.nodes = 4181
t33.propagations = 4181
t8.stop_reason = aborted
t8.restarts = 3
t8.nogoods_size = 1955
t8.nodes = 3793
t8.propagations = 3793
t29.stop_reason = aborted
t29.restarts = 3
t29.nogoods_size = 1955
t29.nodes = 3773
t29.propagations = 3773
t11.stop_reason = aborted
t11.restarts = 3
t11.nogoods_size = 1955
t11.nodes = 2015
t11.propagations = 2015
t26.stop_reason = aborted
t26.restarts = 3
t26.nogoods_size = 1955
t26.nodes = 3964
t26.propagations = 3964
t5.stop_reason = aborted
t5.restarts = 3
t5.nogoods_size = 1955
t5.nodes = 2199
t5.propagations = 2199
t32.stop_reason = aborted
t32.restarts = 3
t32.nogoods_size = 1955
t32.nodes = 2160
t32.propagations = 2160
t20.stop_reason = aborted
t20.restarts = 3
t20.nogoods_size = 1955
t20.nodes = 2168
t20.propagations = 2168
t15.stop_reason = aborted
t15.restarts = 3
t15.nogoods_size = 1955
t15.nodes = 2382
t15.propagations = 2382
t13.stop_reason = aborted
t13.restarts = 3
t13.nogoods_size = 1955
t13.nodes = 3876
t13.propagations = 3876
t21.stop_reason = aborted
t21.restarts = 3
t21.nogoods_size = 1955
t21.nodes = 2373
t21.propagations = 2373
t18.stop_reason = aborted
t18.restarts = 3
t18.nogoods_size = 1955
t18.nodes = 2288
t18.propagations = 2288
t17.stop_reason = aborted
t17.restarts = 3
t17.nogoods_size = 1955
t17.nodes = 2179
t17.propagations = 2179
t12.stop_reason = aborted
t12.restarts = 3
t12.nogoods_size = 1955
t12.nodes = 4130
t12.propagations = 4130
t16.stop_reason = aborted
t16.restarts = 3
t16.nogoods_size = 1955
t16.nodes = 4231
t16.propagations = 4231
t6.stop_reason = aborted
t6.restarts = 3
t6.nogoods_size = 1955
t6.nodes = 2243
t6.propagations = 2243
search_time = 142
