New incumbent 1 at time 10 ms
New incumbent 2 at time 10 ms
New incumbent 3 at time 10 ms
New incumbent 4 at time 10 ms
New incumbent 5 at time 10 ms
New incumbent 6 at time 10 ms
New incumbent 7 at time 14 ms
New incumbent 8 at time 17 ms
New incumbent 9 at time 17 ms
New incumbent 10 at time 17 ms
New incumbent 11 at time 17 ms
New incumbent 12 at time 17 ms
New incumbent 13 at time 17 ms
New incumbent 14 at time 17 ms
New incumbent 15 at time 17 ms
New incumbent 16 at time 17 ms
New incumbent 17 at time 17 ms
New incumbent 18 at time 17 ms
New incumbent 19 at time 18 ms
New incumbent 20 at time 18 ms
New incumbent 21 at time 18 ms
New incumbent 22 at time 18 ms
New incumbent 23 at time 18 ms
New incumbent 24 at time 18 ms
New incumbent 25 at time 18 ms
New incumbent 26 at time 18 ms
New incumbent 27 at time 18 ms
New incumbent 28 at time 18 ms
New incumbent 29 at time 18 ms
New incumbent 30 at time 18 ms
New incumbent 31 at time 18 ms
New incumbent 32 at time 18 ms
New incumbent 33 at time 18 ms
New incumbent 34 at time 18 ms
New incumbent 35 at time 18 ms
New incumbent 36 at time 18 ms
New incumbent 37 at time 18 ms
New incumbent 38 at time 18 ms
New incumbent 39 at time 18 ms
New incumbent 40 at time 18 ms
New incumbent 41 at time 18 ms
New incumbent 42 at time 18 ms
New incumbent 43 at time 18 ms
New incumbent 44 at time 18 ms
New incumbent 45 at time 18 ms
New incumbent 46 at time 19 ms
New incumbent 47 at time 19 ms
New incumbent 48 at time 19 ms
New incumbent 49 at time 19 ms
New incumbent 50 at time 19 ms
New incumbent 51 at time 19 ms
New incumbent 52 at time 19 ms
New incumbent 53 at time 19 ms
New incumbent 54 at time 19 ms
New incumbent 55 at time 19 ms
New incumbent 56 at time 19 ms
New incumbent 57 at time 19 ms
New incumbent 58 at time 19 ms
New incumbent 59 at time 19 ms
New incumbent 60 at time 19 ms
New incumbent 61 at time 19 ms
New incumbent 62 at time 19 ms
New incumbent 63 at time 19 ms
New incumbent 64 at time 19 ms
New incumbent 65 at time 19 ms
New incumbent 66 at time 19 ms
New incumbent 67 at time 20 ms
New incumbent 68 at time 20 ms
New incumbent 69 at time 20 ms
New incumbent 70 at time 20 ms
New incumbent 71 at time 20 ms
New incumbent 72 at time 20 ms
New incumbent 73 at time 20 ms
New incumbent 74 at time 20 ms
New incumbent 75 at time 20 ms
New incumbent 76 at time 20 ms
New incumbent 77 at time 20 ms
New incumbent 78 at time 20 ms
New incumbent 79 at time 20 ms
New incumbent 80 at time 20 ms
New incumbent 81 at time 20 ms
New incumbent 82 at time 20 ms
New incumbent 83 at time 20 ms
New incumbent 84 at time 20 ms
New incumbent 85 at time 20 ms
New incumbent 86 at time 20 ms
New incumbent 87 at time 20 ms
New incumbent 88 at time 21 ms
New incumbent 89 at time 21 ms
New incumbent 90 at time 21 ms
New incumbent 91 at time 21 ms
New incumbent 92 at time 21 ms
New incumbent 93 at time 21 ms
New incumbent 94 at time 21 ms
New incumbent 95 at time 21 ms
New incumbent 96 at time 21 ms
New incumbent 97 at time 21 ms
New incumbent 98 at time 21 ms
New incumbent 99 at time 21 ms
New incumbent 100 at time 21 ms
New incumbent 101 at time 21 ms
New incumbent 102 at time 21 ms
New incumbent 103 at time 21 ms
New incumbent 104 at time 21 ms
New incumbent 105 at time 21 ms
New incumbent 106 at time 21 ms
New incumbent 107 at time 21 ms
New incumbent 108 at time 21 ms
New incumbent 109 at time 21 ms
New incumbent 110 at time 21 ms
New incumbent 111 at time 22 ms
New incumbent 112 at time 22 ms
New incumbent 113 at time 22 ms
New incumbent 114 at time 22 ms
New incumbent 115 at time 22 ms
New incumbent 116 at time 22 ms
New incumbent 117 at time 22 ms
New incumbent 118 at time 22 ms
New incumbent 119 at time 22 ms
New incumbent 120 at time 22 ms
New incumbent 121 at time 22 ms
New incumbent 122 at time 22 ms
New incumbent 123 at time 22 ms
New incumbent 124 at time 22 ms
New incumbent 125 at time 22 ms
New incumbent 126 at time 22 ms
New incumbent 127 at time 22 ms
New incumbent 128 at time 22 ms
New incumbent 129 at time 22 ms
New incumbent 130 at time 22 ms
New incumbent 131 at time 22 ms
New incumbent 132 at time 22 ms
New incumbent 133 at time 22 ms
New incumbent 134 at time 22 ms
New incumbent 135 at time 22 ms
New incumbent 136 at time 22 ms
New incumbent 137 at time 22 ms
New incumbent 138 at time 22 ms
New incumbent 139 at time 22 ms
New incumbent 140 at time 22 ms
New incumbent 141 at time 23 ms
New incumbent 142 at time 23 ms
New incumbent 143 at time 23 ms
New incumbent 144 at time 23 ms
New incumbent 145 at time 23 ms
New incumbent 146 at time 23 ms
New incumbent 147 at time 23 ms
New incumbent 148 at time 23 ms
New incumbent 149 at time 23 ms
New incumbent 150 at time 23 ms
New incumbent 151 at time 23 ms
New incumbent 152 at time 23 ms
New incumbent 153 at time 23 ms
New incumbent 154 at time 23 ms
New incumbent 155 at time 23 ms
New incumbent 156 at time 23 ms
New incumbent 157 at time 23 ms
New incumbent 158 at time 23 ms
New incumbent 159 at time 23 ms
New incumbent 160 at time 23 ms
New incumbent 161 at time 23 ms
New incumbent 162 at time 23 ms
New incumbent 163 at time 23 ms
New incumbent 164 at time 23 ms
New incumbent 165 at time 23 ms
New incumbent 166 at time 23 ms
New incumbent 167 at time 23 ms
New incumbent 168 at time 23 ms
New incumbent 169 at time 23 ms
New incumbent 170 at time 23 ms
New incumbent 171 at time 23 ms
New incumbent 172 at time 23 ms
New incumbent 173 at time 23 ms
New incumbent 174 at time 23 ms
New incumbent 175 at time 23 ms
New incumbent 176 at time 23 ms
New incumbent 177 at time 23 ms
New incumbent 178 at time 23 ms
New incumbent 179 at time 23 ms
New incumbent 180 at time 23 ms
Solution size 180
(0 -> 136) (1 -> 138) (2 -> 168) (3 -> 182) (4 -> 2) (5 -> 167) (6 -> 173) (7 -> 171) (8 -> 97) (9 -> 3) (10 -> 11) (11 -> 128) (12 -> 148) (13 -> 186) (14 -> 21) (15 -> 131) (16 -> 135) (17 -> 71) (18 -> 98) (19 -> 35) (20 -> 1) (21 -> 73) (22 -> 81) (23 -> 31) (24 -> 157) (25 -> 20) (26 -> 80) (27 -> 91) (28 -> 188) (29 -> 33) (30 -> 107) (31 -> 30) (32 -> 114) (33 -> 77) (34 -> 105) (35 -> 122) (36 -> 121) (37 -> 115) (38 -> 103) (39 -> 193) (40 -> 65) (41 -> 43) (42 -> 67) (43 -> 28) (44 -> 143) (45 -> 17) (46 -> 124) (47 -> 96) (48 -> 118) (49 -> 176) (50 -> 32) (51 -> 66) (52 -> 190) (53 -> 16) (54 -> 111) (55 -> 25) (56 -> 146) (57 -> 184) (58 -> 93) (59 -> 116) (60 -> 22) (61 -> 191) (62 -> 44) (63 -> 76) (64 -> 159) (65 -> 88) (66 -> 123) (67 -> 140) (68 -> 166) (69 -> 53) (70 -> 109) (71 -> 192) (72 -> 180) (73 -> 175) (74 -> 189) (75 -> 110) (76 -> 12) (77 -> 54) (78 -> 155) (79 -> 160) (80 -> 137) (81 -> 130) (82 -> 104) (83 -> 75) (84 -> 90) (85 -> 45) (86 -> 181) (87 -> 165) (88 -> 153) (89 -> 64) (90 -> 82) (91 -> 47) (92 -> 84) (93 -> 24) (94 -> 142) (95 -> 87) (96 -> 198) (97 -> 29) (98 -> 179) (99 -> 26) (100 -> 117) (101 -> 174) (102 -> 37) (103 -> 100) (104 -> 41) (105 -> 52) (106 -> 183) (107 -> 5) (108 -> 152) (109 -> 154) (110 -> 120) (111 -> 127) (112 -> 134) (113 -> 145) (114 -> 108) (115 -> 63) (116 -> 14) (117 -> 19) (118 -> 58) (119 -> 62) (120 -> 7) (121 -> 59) (122 -> 196) (123 -> 18) (124 -> 86) (125 -> 119) (126 -> 27) (127 -> 94) (128 -> 38) (129 -> 92) (130 -> 57) (131 -> 36) (132 -> 113) (133 -> 89) (134 -> 101) (135 -> 23) (136 -> 150) (137 -> 83) (138 -> 56) (139 -> 132) (140 -> 151) (141 -> 195) (142 -> 60) (143 -> 39) (144 -> 161) (145 -> 162) (146 -> 126) (147 -> 106) (148 -> 185) (149 -> 4) (150 -> 149) (151 -> 61) (152 -> 194) (153 -> 187) (154 -> 9) (155 -> 141) (156 -> 133) (157 -> 50) (158 -> 15) (159 -> 177) (160 -> 112) (161 -> 8) (162 -> 70) (163 -> 69) (164 -> 169) (165 -> 85) (166 -> 6) (167 -> 55) (168 -> 78) (169 -> 51) (170 -> 40) (171 -> 34) (172 -> 139) (173 -> 95) (174 -> 199) (175 -> 48) (176 -> 163) (177 -> 178) (178 -> 144) (179 -> 125) 
Peak nogood count:                  0
Final nogood count:                 0
Nodes:                              932
Time of last incumbent update (ms): 23
CPU time (ms):                      25
Summary:
COMPLETED 0 0 932 23 25
