New incumbent 1 at time 2038 ms
New incumbent 2 at time 2041 ms
New incumbent 3 at time 2043 ms
New incumbent 4 at time 2043 ms
New incumbent 5 at time 2043 ms
New incumbent 6 at time 2068 ms
New incumbent 7 at time 2068 ms
New incumbent 8 at time 2068 ms
New incumbent 9 at time 2068 ms
New incumbent 10 at time 2068 ms
New incumbent 11 at time 2204 ms
New incumbent 12 at time 2344 ms
New incumbent 13 at time 2581 ms
New incumbent 14 at time 2581 ms
New incumbent 15 at time 2581 ms
Upper bound: 146
New incumbent 16 at time 3729 ms
New incumbent 17 at time 4001 ms
New incumbent 18 at time 4001 ms
New incumbent 19 at time 4001 ms
New incumbent 20 at time 4001 ms
New incumbent 21 at time 4001 ms
New incumbent 22 at time 4001 ms
New incumbent 23 at time 4001 ms
New incumbent 24 at time 4001 ms
Upper bound: 145
New incumbent 25 at time 65500 ms
New incumbent 26 at time 73641 ms
New incumbent 27 at time 73641 ms
New incumbent 28 at time 127075 ms
Upper bound: 144
Solution size 28
(5 -> 3568) (9 -> 3567) (10 -> 3566) (11 -> 3565) (12 -> 3564) (13 -> 3563) (64 -> 4820) (65 -> 4821) (66 -> 3594) (67 -> 3593) (68 -> 3592) (70 -> 3577) (71 -> 3578) (72 -> 3579) (73 -> 3580) (74 -> 3581) (75 -> 3582) (76 -> 3583) (77 -> 3584) (78 -> 3585) (79 -> 3640) (80 -> 3639) (84 -> 3588) (85 -> 3587) (86 -> 3586) (87 -> 4819) (92 -> 3596) (93 -> 3595) 
Peak nogood count:                  280901
Final nogood count:                 280901
Nodes:                              8401742
Time of last incumbent update (ms): 127075
CPU time (ms):                      1000612
TIMEOUT
Summary:
TIMEOUT 280901 280901 8401742 127075 1000612
