New incumbent 1 at time 962 ms
New incumbent 2 at time 963 ms
New incumbent 3 at time 963 ms
New incumbent 4 at time 963 ms
New incumbent 5 at time 964 ms
New incumbent 6 at time 964 ms
New incumbent 7 at time 964 ms
New incumbent 8 at time 964 ms
New incumbent 9 at time 964 ms
New incumbent 10 at time 965 ms
New incumbent 11 at time 966 ms
New incumbent 12 at time 966 ms
New incumbent 13 at time 966 ms
New incumbent 14 at time 980 ms
New incumbent 15 at time 1653 ms
New incumbent 16 at time 4761 ms
Upper bound: 31
New incumbent 17 at time 5994 ms
New incumbent 18 at time 7743 ms
Upper bound: 30
New incumbent 19 at time 319962 ms
Solution size 19
(0 -> 3740) (1 -> 3780) (2 -> 3781) (3 -> 3782) (4 -> 3736) (5 -> 3735) (6 -> 3804) (7 -> 3734) (8 -> 3733) (9 -> 3732) (10 -> 3788) (11 -> 3789) (13 -> 3783) (18 -> 3739) (20 -> 3803) (22 -> 3737) (28 -> 3794) (30 -> 3779) (31 -> 3741) 
Peak nogood count:                  366299
Final nogood count:                 366299
Nodes:                              11398145
Time of last incumbent update (ms): 319962
CPU time (ms):                      1000526
TIMEOUT
Summary:
TIMEOUT 366299 366299 11398145 319962 1000526
