New incumbent 1 at time 27 ms
Upper bound: 39
Upper bound: 38
New incumbent 2 at time 92 ms
New incumbent 3 at time 93 ms
New incumbent 4 at time 99 ms
New incumbent 5 at time 101 ms
Upper bound: 37
New incumbent 6 at time 141 ms
New incumbent 7 at time 145 ms
New incumbent 8 at time 162 ms
Upper bound: 36
New incumbent 9 at time 291 ms
New incumbent 10 at time 373 ms
New incumbent 11 at time 536 ms
Upper bound: 35
New incumbent 12 at time 33861 ms
New incumbent 13 at time 43037 ms
Upper bound: 34
New incumbent 14 at time 934669 ms
Solution size 14
(2 -> 307) (3 -> 306) (4 -> 299) (5 -> 305) (6 -> 304) (8 -> 303) (9 -> 302) (11 -> 301) (14 -> 350) (15 -> 355) (16 -> 349) (17 -> 354) (18 -> 338) (19 -> 337) 
Peak nogood count:                  63906
Final nogood count:                 46699
Nodes:                              71435313
Time of last incumbent update (ms): 934669
CPU time (ms):                      1000073
TIMEOUT
Summary:
TIMEOUT 63906 46699 71435313 934669 1000073
