New incumbent 1 at time 347 ms
Upper bound: 39
Upper bound: 38
New incumbent 2 at time 1181 ms
New incumbent 3 at time 1181 ms
New incumbent 4 at time 1186 ms
New incumbent 5 at time 1226 ms
Upper bound: 37
New incumbent 6 at time 1875 ms
New incumbent 7 at time 1895 ms
New incumbent 8 at time 1896 ms
New incumbent 9 at time 2253 ms
Upper bound: 36
New incumbent 10 at time 7177 ms
New incumbent 11 at time 11328 ms
New incumbent 12 at time 11350 ms
Solution size 12
(2 -> 19) (3 -> 14) (4 -> 15) (5 -> 13) (6 -> 16) (7 -> 17) (10 -> 1382) (11 -> 1383) (12 -> 1709) (13 -> 1708) (14 -> 1373) (15 -> 1372) 
Peak nogood count:                  632495
Final nogood count:                 621747
Nodes:                              18719447
Time of last incumbent update (ms): 11350
CPU time (ms):                      1000864
TIMEOUT
Summary:
TIMEOUT 632495 621747 18719447 11350 1000864
