New incumbent 1 at time 2304 ms
New incumbent 2 at time 2306 ms
New incumbent 3 at time 2306 ms
New incumbent 4 at time 2306 ms
New incumbent 5 at time 2554 ms
New incumbent 6 at time 2554 ms
New incumbent 7 at time 2554 ms
New incumbent 8 at time 2554 ms
New incumbent 9 at time 2555 ms
New incumbent 10 at time 2555 ms
New incumbent 11 at time 2555 ms
New incumbent 12 at time 2555 ms
New incumbent 13 at time 2555 ms
New incumbent 14 at time 2555 ms
New incumbent 15 at time 2555 ms
Upper bound: 143
New incumbent 16 at time 3875 ms
New incumbent 17 at time 5606 ms
New incumbent 18 at time 5606 ms
New incumbent 19 at time 5606 ms
New incumbent 20 at time 24153 ms
New incumbent 21 at time 24154 ms
New incumbent 22 at time 28336 ms
New incumbent 23 at time 28416 ms
Upper bound: 142
New incumbent 24 at time 97335 ms
New incumbent 25 at time 240605 ms
New incumbent 26 at time 240605 ms
New incumbent 27 at time 240605 ms
New incumbent 28 at time 241379 ms
New incumbent 29 at time 241379 ms
New incumbent 30 at time 241381 ms
New incumbent 31 at time 428889 ms
Upper bound: 141
Solution size 31
(0 -> 2851) (1 -> 3261) (2 -> 3262) (3 -> 3263) (5 -> 3245) (6 -> 3246) (7 -> 3247) (8 -> 3248) (9 -> 2860) (10 -> 2861) (11 -> 2862) (12 -> 5292) (15 -> 2858) (16 -> 2859) (17 -> 3265) (18 -> 3244) (19 -> 3243) (20 -> 3241) (21 -> 3242) (22 -> 3227) (23 -> 3226) (24 -> 3225) (25 -> 3313) (28 -> 3228) (58 -> 3231) (62 -> 3224) (78 -> 3259) (79 -> 3260) (141 -> 5228) (142 -> 3240) (143 -> 3239) 
Peak nogood count:                  78804
Final nogood count:                 78804
Nodes:                              9247648
Time of last incumbent update (ms): 428889
CPU time (ms):                      1000128
TIMEOUT
Summary:
TIMEOUT 78804 78804 9247648 428889 1000128
