New incumbent 1 at time 861 ms
New incumbent 2 at time 863 ms
New incumbent 3 at time 863 ms
New incumbent 4 at time 863 ms
New incumbent 5 at time 863 ms
New incumbent 6 at time 863 ms
New incumbent 7 at time 874 ms
New incumbent 8 at time 875 ms
New incumbent 9 at time 895 ms
New incumbent 10 at time 895 ms
New incumbent 11 at time 988 ms
New incumbent 12 at time 1086 ms
Upper bound: 144
New incumbent 13 at time 1612 ms
New incumbent 14 at time 1678 ms
New incumbent 15 at time 7732 ms
Upper bound: 143
New incumbent 16 at time 11221 ms
New incumbent 17 at time 11843 ms
New incumbent 18 at time 12496 ms
New incumbent 19 at time 12496 ms
New incumbent 20 at time 51045 ms
New incumbent 21 at time 51045 ms
New incumbent 22 at time 51045 ms
New incumbent 23 at time 51046 ms
Upper bound: 142
New incumbent 24 at time 98798 ms
New incumbent 25 at time 98798 ms
New incumbent 26 at time 98798 ms
New incumbent 27 at time 98798 ms
Upper bound: 141
New incumbent 28 at time 639579 ms
New incumbent 29 at time 639579 ms
Solution size 29
(8 -> 1434) (9 -> 1435) (10 -> 3548) (12 -> 1436) (13 -> 1437) (14 -> 3119) (15 -> 3117) (16 -> 3118) (17 -> 1445) (18 -> 1444) (19 -> 1439) (21 -> 1443) (22 -> 1442) (23 -> 1441) (24 -> 1466) (25 -> 1465) (26 -> 1457) (27 -> 1456) (31 -> 1458) (34 -> 1461) (35 -> 1462) (37 -> 3532) (135 -> 1440) (138 -> 3123) (139 -> 3124) (140 -> 3115) (141 -> 3116) (142 -> 3114) (143 -> 3113) 
Peak nogood count:                  201111
Final nogood count:                 201111
Nodes:                              14294741
Time of last incumbent update (ms): 639579
CPU time (ms):                      1000325
TIMEOUT
Summary:
TIMEOUT 201111 201111 14294741 639579 1000325
