New incumbent 1 at time 1515 ms
New incumbent 2 at time 1515 ms
New incumbent 3 at time 1515 ms
New incumbent 4 at time 1516 ms
New incumbent 5 at time 1516 ms
New incumbent 6 at time 1516 ms
New incumbent 7 at time 1518 ms
New incumbent 8 at time 1518 ms
New incumbent 9 at time 1544 ms
New incumbent 10 at time 1859 ms
New incumbent 11 at time 1859 ms
New incumbent 12 at time 4215 ms
Upper bound: 21
New incumbent 13 at time 4901 ms
New incumbent 14 at time 4902 ms
New incumbent 15 at time 5318 ms
New incumbent 16 at time 15913 ms
New incumbent 17 at time 16050 ms
New incumbent 18 at time 29569 ms
New incumbent 19 at time 29569 ms
Upper bound: 20
New incumbent 20 at time 141037 ms
Solution size 20
(0 -> 1827) (2 -> 1831) (3 -> 1830) (4 -> 1829) (5 -> 2072) (6 -> 2073) (7 -> 2074) (8 -> 1816) (9 -> 1817) (11 -> 3864) (12 -> 3866) (13 -> 3865) (14 -> 1813) (15 -> 1814) (16 -> 1815) (17 -> 1828) (18 -> 2040) (19 -> 2041) (20 -> 2042) (21 -> 2070) 
Peak nogood count:                  10563
Final nogood count:                 2997
Nodes:                              1567460
Time of last incumbent update (ms): 141037
CPU time (ms):                      141046
Summary:
COMPLETED 10563 2997 1567460 141037 141046
