New incumbent 1 at time 517 ms
New incumbent 2 at time 518 ms
New incumbent 3 at time 519 ms
New incumbent 4 at time 519 ms
New incumbent 5 at time 519 ms
New incumbent 6 at time 519 ms
New incumbent 7 at time 523 ms
New incumbent 8 at time 523 ms
New incumbent 9 at time 547 ms
New incumbent 10 at time 548 ms
New incumbent 11 at time 709 ms
Upper bound: 22
New incumbent 12 at time 1148 ms
New incumbent 13 at time 1148 ms
New incumbent 14 at time 1148 ms
New incumbent 15 at time 1148 ms
Upper bound: 21
New incumbent 16 at time 7339 ms
New incumbent 17 at time 7454 ms
New incumbent 18 at time 10177 ms
New incumbent 19 at time 37418 ms
New incumbent 20 at time 38134 ms
Upper bound: 20
Solution size 20
(0 -> 1062) (1 -> 1063) (2 -> 1061) (3 -> 1060) (4 -> 1059) (5 -> 1064) (6 -> 1065) (7 -> 1067) (8 -> 1042) (9 -> 1041) (10 -> 1040) (11 -> 982) (12 -> 983) (14 -> 984) (16 -> 1036) (17 -> 1037) (18 -> 986) (20 -> 985) (21 -> 1035) (22 -> 1034) 
Peak nogood count:                  9435
Final nogood count:                 0
Nodes:                              1037338
Time of last incumbent update (ms): 38134
CPU time (ms):                      53148
Summary:
COMPLETED 9435 0 1037338 38134 53148
