New incumbent 1 at time 160 ms
New incumbent 2 at time 160 ms
New incumbent 3 at time 160 ms
New incumbent 4 at time 160 ms
Upper bound: 77
New incumbent 5 at time 171 ms
New incumbent 6 at time 171 ms
New incumbent 7 at time 171 ms
New incumbent 8 at time 175 ms
New incumbent 9 at time 175 ms
New incumbent 10 at time 200 ms
Upper bound: 76
New incumbent 11 at time 301 ms
New incumbent 12 at time 301 ms
New incumbent 13 at time 301 ms
New incumbent 14 at time 301 ms
New incumbent 15 at time 344 ms
New incumbent 16 at time 512 ms
New incumbent 17 at time 890 ms
New incumbent 18 at time 890 ms
New incumbent 19 at time 890 ms
New incumbent 20 at time 890 ms
New incumbent 21 at time 891 ms
Upper bound: 75
New incumbent 22 at time 11842 ms
New incumbent 23 at time 22632 ms
New incumbent 24 at time 22771 ms
New incumbent 25 at time 22812 ms
New incumbent 26 at time 22893 ms
New incumbent 27 at time 33523 ms
New incumbent 28 at time 33523 ms
New incumbent 29 at time 33523 ms
New incumbent 30 at time 33523 ms
Upper bound: 74
Solution size 30
(30 -> 990) (33 -> 1006) (34 -> 1566) (35 -> 1132) (42 -> 1004) (43 -> 1005) (44 -> 983) (45 -> 982) (48 -> 984) (49 -> 985) (50 -> 986) (51 -> 987) (52 -> 988) (53 -> 989) (55 -> 1605) (56 -> 1616) (57 -> 1608) (58 -> 1607) (59 -> 1606) (60 -> 1626) (61 -> 1621) (62 -> 1620) (63 -> 1623) (64 -> 1622) (65 -> 1619) (66 -> 1618) (67 -> 1617) (69 -> 1714) (74 -> 1604) (76 -> 1134) 
Peak nogood count:                  188472
Final nogood count:                 188098
Nodes:                              30141803
Time of last incumbent update (ms): 33523
CPU time (ms):                      1000668
TIMEOUT
Summary:
TIMEOUT 188472 188098 30141803 33523 1000668
