New incumbent 1 at time 1864 ms
New incumbent 2 at time 1866 ms
New incumbent 3 at time 1866 ms
New incumbent 4 at time 1870 ms
New incumbent 5 at time 1921 ms
New incumbent 6 at time 1921 ms
New incumbent 7 at time 1921 ms
New incumbent 8 at time 1921 ms
New incumbent 9 at time 1922 ms
New incumbent 10 at time 1922 ms
New incumbent 11 at time 2082 ms
New incumbent 12 at time 2236 ms
New incumbent 13 at time 2236 ms
New incumbent 14 at time 2236 ms
New incumbent 15 at time 2236 ms
New incumbent 16 at time 2237 ms
New incumbent 17 at time 2480 ms
New incumbent 18 at time 2480 ms
Upper bound: 107
New incumbent 19 at time 3191 ms
New incumbent 20 at time 3191 ms
New incumbent 21 at time 3320 ms
New incumbent 22 at time 3325 ms
Upper bound: 106
New incumbent 23 at time 55817 ms
New incumbent 24 at time 82902 ms
New incumbent 25 at time 137536 ms
New incumbent 26 at time 137536 ms
New incumbent 27 at time 137536 ms
New incumbent 28 at time 137536 ms
New incumbent 29 at time 137561 ms
New incumbent 30 at time 137562 ms
New incumbent 31 at time 223529 ms
Upper bound: 105
Solution size 31
(0 -> 638) (1 -> 637) (2 -> 5785) (3 -> 636) (4 -> 635) (5 -> 634) (6 -> 633) (7 -> 5762) (8 -> 5763) (9 -> 652) (10 -> 651) (12 -> 1660) (13 -> 1659) (14 -> 1658) (17 -> 431) (29 -> 433) (30 -> 432) (31 -> 5753) (32 -> 5752) (33 -> 5751) (34 -> 435) (51 -> 5749) (53 -> 5750) (54 -> 5760) (55 -> 5761) (68 -> 5729) (70 -> 5754) (81 -> 658) (82 -> 1661) (83 -> 632) (103 -> 639) 
Peak nogood count:                  61610
Final nogood count:                 61604
Nodes:                              9321501
Time of last incumbent update (ms): 223529
CPU time (ms):                      1000111
TIMEOUT
Summary:
TIMEOUT 61610 61604 9321501 223529 1000111
