New incumbent 1 at time 460 ms
New incumbent 2 at time 461 ms
New incumbent 3 at time 461 ms
New incumbent 4 at time 463 ms
New incumbent 5 at time 480 ms
New incumbent 6 at time 489 ms
New incumbent 7 at time 489 ms
New incumbent 8 at time 489 ms
New incumbent 9 at time 490 ms
New incumbent 10 at time 490 ms
New incumbent 11 at time 534 ms
Upper bound: 107
New incumbent 12 at time 736 ms
New incumbent 13 at time 736 ms
New incumbent 14 at time 737 ms
New incumbent 15 at time 787 ms
New incumbent 16 at time 787 ms
New incumbent 17 at time 787 ms
New incumbent 18 at time 956 ms
New incumbent 19 at time 1511 ms
New incumbent 20 at time 3587 ms
Upper bound: 106
New incumbent 21 at time 6359 ms
New incumbent 22 at time 17907 ms
New incumbent 23 at time 17907 ms
New incumbent 24 at time 17907 ms
New incumbent 25 at time 17907 ms
Upper bound: 105
New incumbent 26 at time 62181 ms
New incumbent 27 at time 283044 ms
New incumbent 28 at time 283045 ms
New incumbent 29 at time 649427 ms
New incumbent 30 at time 656608 ms
New incumbent 31 at time 656609 ms
Solution size 31
(0 -> 1565) (1 -> 1566) (3 -> 1567) (4 -> 1568) (5 -> 1757) (6 -> 1756) (7 -> 1755) (8 -> 1569) (9 -> 1570) (10 -> 1758) (11 -> 1759) (12 -> 1751) (13 -> 1750) (14 -> 1749) (16 -> 1760) (17 -> 1773) (18 -> 1763) (21 -> 1777) (22 -> 1776) (23 -> 1943) (27 -> 1769) (28 -> 1770) (29 -> 1771) (30 -> 1772) (31 -> 1774) (54 -> 1728) (55 -> 1754) (82 -> 1752) (83 -> 1725) (102 -> 1721) (103 -> 1722) 
Peak nogood count:                  39863
Final nogood count:                 6458
Nodes:                              18780800
Time of last incumbent update (ms): 656609
CPU time (ms):                      1000027
TIMEOUT
Summary:
TIMEOUT 39863 6458 18780800 656609 1000027
