New incumbent 1 at time 1367 ms
New incumbent 2 at time 1367 ms
New incumbent 3 at time 1369 ms
New incumbent 4 at time 1370 ms
New incumbent 5 at time 1370 ms
New incumbent 6 at time 1372 ms
New incumbent 7 at time 1380 ms
New incumbent 8 at time 1388 ms
New incumbent 9 at time 1422 ms
New incumbent 10 at time 1604 ms
New incumbent 11 at time 2461 ms
Upper bound: 14
New incumbent 12 at time 4842 ms
New incumbent 13 at time 4842 ms
New incumbent 14 at time 10220 ms
Solution size 14
(0 -> 1732) (1 -> 1733) (2 -> 1734) (3 -> 1735) (4 -> 1736) (6 -> 1739) (7 -> 1740) (8 -> 1748) (9 -> 1750) (10 -> 1751) (11 -> 1752) (12 -> 1753) (13 -> 1749) (14 -> 1754) 
Peak nogood count:                  4710
Final nogood count:                 645
Nodes:                              88998
Time of last incumbent update (ms): 10220
CPU time (ms):                      10225
Summary:
COMPLETED 4710 645 88998 10220 10225
