New incumbent 1 at time 1589 ms
New incumbent 2 at time 1590 ms
New incumbent 3 at time 1592 ms
New incumbent 4 at time 1593 ms
New incumbent 5 at time 1593 ms
New incumbent 6 at time 1594 ms
New incumbent 7 at time 1597 ms
New incumbent 8 at time 1628 ms
New incumbent 9 at time 1628 ms
New incumbent 10 at time 1629 ms
New incumbent 11 at time 2072 ms
Upper bound: 103
New incumbent 12 at time 2560 ms
New incumbent 13 at time 2560 ms
New incumbent 14 at time 2560 ms
New incumbent 15 at time 2560 ms
New incumbent 16 at time 8934 ms
New incumbent 17 at time 8934 ms
New incumbent 18 at time 10744 ms
New incumbent 19 at time 10744 ms
New incumbent 20 at time 10744 ms
New incumbent 21 at time 10744 ms
New incumbent 22 at time 10744 ms
New incumbent 23 at time 10744 ms
Upper bound: 102
New incumbent 24 at time 22460 ms
New incumbent 25 at time 45724 ms
New incumbent 26 at time 67467 ms
New incumbent 27 at time 67467 ms
New incumbent 28 at time 67467 ms
Upper bound: 101
New incumbent 29 at time 157489 ms
New incumbent 30 at time 206178 ms
New incumbent 31 at time 416293 ms
New incumbent 32 at time 416302 ms
New incumbent 33 at time 884275 ms
Solution size 33
(0 -> 873) (1 -> 872) (2 -> 871) (3 -> 870) (4 -> 869) (6 -> 4348) (7 -> 4351) (9 -> 4392) (10 -> 4391) (11 -> 4355) (12 -> 4356) (13 -> 4357) (14 -> 4390) (17 -> 4396) (18 -> 4397) (19 -> 4398) (20 -> 4352) (21 -> 4346) (22 -> 4347) (23 -> 4386) (24 -> 4385) (27 -> 866) (28 -> 865) (29 -> 864) (30 -> 863) (31 -> 862) (32 -> 3216) (63 -> 4379) (69 -> 4343) (84 -> 4359) (85 -> 4358) (86 -> 4388) (87 -> 4389) 
Peak nogood count:                  14375
Final nogood count:                 7821
Nodes:                              12868624
Time of last incumbent update (ms): 884275
CPU time (ms):                      1000032
TIMEOUT
Summary:
TIMEOUT 14375 7821 12868624 884275 1000032
