New incumbent 1 at time 274 ms
New incumbent 2 at time 274 ms
New incumbent 3 at time 274 ms
New incumbent 4 at time 275 ms
New incumbent 5 at time 275 ms
New incumbent 6 at time 275 ms
New incumbent 7 at time 275 ms
New incumbent 8 at time 275 ms
New incumbent 9 at time 275 ms
New incumbent 10 at time 275 ms
New incumbent 11 at time 275 ms
Upper bound: 59
New incumbent 12 at time 441 ms
New incumbent 13 at time 441 ms
New incumbent 14 at time 443 ms
New incumbent 15 at time 448 ms
New incumbent 16 at time 448 ms
New incumbent 17 at time 933 ms
Upper bound: 58
New incumbent 18 at time 4924 ms
New incumbent 19 at time 5216 ms
New incumbent 20 at time 7356 ms
New incumbent 21 at time 8821 ms
New incumbent 22 at time 8821 ms
New incumbent 23 at time 12660 ms
New incumbent 24 at time 23294 ms
New incumbent 25 at time 29595 ms
New incumbent 26 at time 29596 ms
New incumbent 27 at time 29596 ms
New incumbent 28 at time 29596 ms
Upper bound: 57
New incumbent 29 at time 49863 ms
New incumbent 30 at time 49863 ms
New incumbent 31 at time 49863 ms
New incumbent 32 at time 49863 ms
New incumbent 33 at time 49863 ms
New incumbent 34 at time 49863 ms
Upper bound: 56
New incumbent 35 at time 292037 ms
New incumbent 36 at time 292037 ms
New incumbent 37 at time 553360 ms
New incumbent 38 at time 553360 ms
Solution size 38
(0 -> 709) (1 -> 710) (2 -> 733) (3 -> 732) (4 -> 731) (5 -> 734) (6 -> 727) (9 -> 721) (10 -> 711) (11 -> 712) (12 -> 713) (13 -> 714) (14 -> 724) (15 -> 546) (16 -> 547) (17 -> 548) (18 -> 1948) (20 -> 534) (21 -> 535) (22 -> 536) (23 -> 537) (24 -> 538) (25 -> 539) (26 -> 764) (27 -> 763) (31 -> 717) (33 -> 549) (34 -> 550) (36 -> 540) (37 -> 1925) (38 -> 1924) (44 -> 1947) (45 -> 716) (46 -> 723) (47 -> 770) (48 -> 769) (49 -> 768) (51 -> 1955) 
Peak nogood count:                  165772
Final nogood count:                 165764
Nodes:                              27046882
Time of last incumbent update (ms): 553360
CPU time (ms):                      1000258
TIMEOUT
Summary:
TIMEOUT 165772 165764 27046882 553360 1000258
