New incumbent 1 at time 982 ms
New incumbent 2 at time 982 ms
New incumbent 3 at time 982 ms
New incumbent 4 at time 982 ms
New incumbent 5 at time 983 ms
New incumbent 6 at time 983 ms
New incumbent 7 at time 983 ms
New incumbent 8 at time 987 ms
New incumbent 9 at time 1020 ms
New incumbent 10 at time 1074 ms
New incumbent 11 at time 1074 ms
New incumbent 12 at time 1810 ms
Upper bound: 58
New incumbent 13 at time 5120 ms
New incumbent 14 at time 5120 ms
New incumbent 15 at time 6679 ms
New incumbent 16 at time 8439 ms
New incumbent 17 at time 10997 ms
New incumbent 18 at time 13736 ms
Upper bound: 57
New incumbent 19 at time 28592 ms
New incumbent 20 at time 28593 ms
New incumbent 21 at time 28593 ms
New incumbent 22 at time 28593 ms
New incumbent 23 at time 28593 ms
New incumbent 24 at time 32360 ms
New incumbent 25 at time 32360 ms
New incumbent 26 at time 103708 ms
New incumbent 27 at time 233905 ms
New incumbent 28 at time 233905 ms
New incumbent 29 at time 233905 ms
Upper bound: 56
New incumbent 30 at time 510303 ms
Solution size 30
(0 -> 1326) (1 -> 1398) (2 -> 1397) (4 -> 1498) (5 -> 1497) (7 -> 1537) (8 -> 1523) (9 -> 1522) (10 -> 1496) (11 -> 1495) (12 -> 1499) (13 -> 1500) (14 -> 1502) (15 -> 1501) (18 -> 1341) (19 -> 1343) (20 -> 1344) (21 -> 1345) (22 -> 1347) (23 -> 1323) (24 -> 1316) (25 -> 1317) (26 -> 1318) (31 -> 1336) (32 -> 1346) (40 -> 1315) (45 -> 1324) (46 -> 1325) (48 -> 1327) (49 -> 1328) 
Peak nogood count:                  373860
Final nogood count:                 372709
Nodes:                              12411191
Time of last incumbent update (ms): 510303
CPU time (ms):                      1000590
TIMEOUT
Summary:
TIMEOUT 373860 372709 12411191 510303 1000590
