New incumbent 1 at time 1632 ms
New incumbent 2 at time 1634 ms
New incumbent 3 at time 1634 ms
New incumbent 4 at time 1634 ms
New incumbent 5 at time 1635 ms
New incumbent 6 at time 1635 ms
New incumbent 7 at time 1635 ms
New incumbent 8 at time 1696 ms
New incumbent 9 at time 1696 ms
New incumbent 10 at time 1696 ms
New incumbent 11 at time 1800 ms
New incumbent 12 at time 2178 ms
Upper bound: 146
New incumbent 13 at time 2675 ms
New incumbent 14 at time 2675 ms
New incumbent 15 at time 2960 ms
New incumbent 16 at time 2960 ms
New incumbent 17 at time 2960 ms
New incumbent 18 at time 3805 ms
New incumbent 19 at time 9009 ms
New incumbent 20 at time 13520 ms
New incumbent 21 at time 13520 ms
Upper bound: 145
New incumbent 22 at time 34040 ms
New incumbent 23 at time 34040 ms
New incumbent 24 at time 34040 ms
New incumbent 25 at time 34040 ms
New incumbent 26 at time 76203 ms
New incumbent 27 at time 101924 ms
New incumbent 28 at time 101924 ms
New incumbent 29 at time 101924 ms
New incumbent 30 at time 101924 ms
New incumbent 31 at time 101924 ms
New incumbent 32 at time 101924 ms
New incumbent 33 at time 101925 ms
New incumbent 34 at time 101926 ms
New incumbent 35 at time 101926 ms
New incumbent 36 at time 101926 ms
New incumbent 37 at time 101926 ms
New incumbent 38 at time 101926 ms
Upper bound: 144
Solution size 38
(0 -> 1415) (1 -> 1478) (2 -> 1410) (3 -> 1411) (4 -> 1412) (5 -> 1299) (6 -> 1300) (8 -> 1409) (9 -> 1298) (10 -> 1297) (11 -> 1296) (12 -> 1295) (13 -> 1294) (14 -> 1291) (54 -> 1310) (63 -> 4119) (64 -> 4418) (65 -> 4410) (67 -> 4360) (68 -> 4361) (69 -> 4362) (70 -> 4365) (71 -> 4363) (72 -> 4364) (78 -> 4367) (79 -> 4366) (80 -> 875) (87 -> 4357) (88 -> 4358) (89 -> 4385) (90 -> 4356) (91 -> 4355) (92 -> 4408) (93 -> 4409) (94 -> 4353) (95 -> 4354) (139 -> 894) (140 -> 5222) 
Peak nogood count:                  299087
Final nogood count:                 299087
Nodes:                              8830709
Time of last incumbent update (ms): 101926
CPU time (ms):                      1000602
TIMEOUT
Summary:
TIMEOUT 299087 299087 8830709 101926 1000602
