New incumbent 1 at time 515 ms
New incumbent 2 at time 517 ms
New incumbent 3 at time 517 ms
New incumbent 4 at time 517 ms
New incumbent 5 at time 517 ms
New incumbent 6 at time 517 ms
New incumbent 7 at time 522 ms
New incumbent 8 at time 522 ms
New incumbent 9 at time 523 ms
New incumbent 10 at time 634 ms
Upper bound: 103
New incumbent 11 at time 842 ms
New incumbent 12 at time 844 ms
New incumbent 13 at time 857 ms
New incumbent 14 at time 857 ms
New incumbent 15 at time 1055 ms
New incumbent 16 at time 1109 ms
New incumbent 17 at time 1109 ms
New incumbent 18 at time 2434 ms
Upper bound: 102
New incumbent 19 at time 5262 ms
New incumbent 20 at time 5491 ms
New incumbent 21 at time 5491 ms
New incumbent 22 at time 6628 ms
New incumbent 23 at time 6628 ms
New incumbent 24 at time 7300 ms
New incumbent 25 at time 18650 ms
New incumbent 26 at time 18650 ms
Upper bound: 101
New incumbent 27 at time 45595 ms
New incumbent 28 at time 45595 ms
New incumbent 29 at time 45595 ms
New incumbent 30 at time 184115 ms
New incumbent 31 at time 230099 ms
New incumbent 32 at time 230099 ms
New incumbent 33 at time 230099 ms
New incumbent 34 at time 242420 ms
New incumbent 35 at time 242420 ms
Upper bound: 100
Solution size 35
(0 -> 1927) (2 -> 1425) (3 -> 1389) (4 -> 1390) (5 -> 1424) (6 -> 1394) (7 -> 1395) (9 -> 1412) (10 -> 1398) (11 -> 1399) (12 -> 1402) (13 -> 1403) (14 -> 1404) (17 -> 1132) (18 -> 1133) (19 -> 1397) (20 -> 1134) (21 -> 1135) (22 -> 1393) (23 -> 1391) (24 -> 1392) (25 -> 1385) (28 -> 1388) (59 -> 1416) (60 -> 1415) (61 -> 1410) (62 -> 1411) (64 -> 1421) (67 -> 1138) (68 -> 1137) (69 -> 1136) (84 -> 1119) (85 -> 1122) (86 -> 1123) (87 -> 1124) 
Peak nogood count:                  246346
Final nogood count:                 246346
Nodes:                              22637367
Time of last incumbent update (ms): 242420
CPU time (ms):                      1000408
TIMEOUT
Summary:
TIMEOUT 246346 246346 22637367 242420 1000408
