New incumbent 1 at time 606 ms
New incumbent 2 at time 635 ms
New incumbent 3 at time 636 ms
Upper bound: 48
New incumbent 4 at time 1038 ms
Upper bound: 47
New incumbent 5 at time 1624 ms
Upper bound: 46
New incumbent 6 at time 2875 ms
Upper bound: 45
New incumbent 7 at time 7108 ms
Upper bound: 44
New incumbent 8 at time 15266 ms
New incumbent 9 at time 29089 ms
New incumbent 10 at time 33264 ms
Upper bound: 43
New incumbent 11 at time 107103 ms
Upper bound: 42
Solution size 11
(0 -> 2397) (1 -> 2379) (3 -> 2492) (4 -> 2506) (7 -> 2383) (10 -> 2392) (12 -> 2396) (45 -> 2378) (46 -> 2384) (47 -> 2485) (48 -> 2491) 
Peak nogood count:                  309189
Final nogood count:                 309189
Nodes:                              15617201
Time of last incumbent update (ms): 107103
CPU time (ms):                      1000558
TIMEOUT
Summary:
TIMEOUT 309189 309189 15617201 107103 1000558
