New incumbent 1 at time 375 ms
New incumbent 2 at time 375 ms
New incumbent 3 at time 375 ms
New incumbent 4 at time 375 ms
New incumbent 5 at time 375 ms
New incumbent 6 at time 375 ms
New incumbent 7 at time 375 ms
New incumbent 8 at time 375 ms
New incumbent 9 at time 379 ms
New incumbent 10 at time 386 ms
New incumbent 11 at time 386 ms
New incumbent 12 at time 413 ms
New incumbent 13 at time 528 ms
New incumbent 14 at time 604 ms
Upper bound: 90
New incumbent 15 at time 2277 ms
New incumbent 16 at time 2277 ms
New incumbent 17 at time 3894 ms
New incumbent 18 at time 3894 ms
New incumbent 19 at time 3894 ms
Upper bound: 89
New incumbent 20 at time 10437 ms
New incumbent 21 at time 10437 ms
New incumbent 22 at time 10520 ms
New incumbent 23 at time 10528 ms
New incumbent 24 at time 17559 ms
New incumbent 25 at time 17559 ms
Upper bound: 88
New incumbent 26 at time 202900 ms
New incumbent 27 at time 411583 ms
Solution size 27
(2 -> 5) (3 -> 6) (23 -> 588) (24 -> 587) (25 -> 586) (26 -> 34) (27 -> 33) (28 -> 2056) (31 -> 2001) (32 -> 2002) (33 -> 31) (34 -> 30) (35 -> 29) (36 -> 28) (37 -> 15) (39 -> 18) (40 -> 17) (41 -> 22) (54 -> 16) (58 -> 13) (64 -> 8) (65 -> 7) (66 -> 19) (74 -> 2005) (75 -> 32) (76 -> 585) (82 -> 35) 
Peak nogood count:                  344509
Final nogood count:                 344509
Nodes:                              23994028
Time of last incumbent update (ms): 411583
CPU time (ms):                      1000683
TIMEOUT
Summary:
TIMEOUT 344509 344509 23994028 411583 1000683
