New incumbent 1 at time 1529 ms
New incumbent 2 at time 1529 ms
New incumbent 3 at time 1529 ms
New incumbent 4 at time 1529 ms
New incumbent 5 at time 1530 ms
New incumbent 6 at time 1530 ms
New incumbent 7 at time 1530 ms
New incumbent 8 at time 1530 ms
New incumbent 9 at time 1625 ms
New incumbent 10 at time 1625 ms
New incumbent 11 at time 1625 ms
New incumbent 12 at time 1904 ms
New incumbent 13 at time 6387 ms
Upper bound: 18
New incumbent 14 at time 8364 ms
New incumbent 15 at time 31262 ms
Upper bound: 17
New incumbent 16 at time 57669 ms
New incumbent 17 at time 57669 ms
Solution size 17
(0 -> 4577) (1 -> 4572) (2 -> 4571) (3 -> 4570) (4 -> 4569) (5 -> 4997) (6 -> 4996) (7 -> 4494) (8 -> 4493) (10 -> 4559) (11 -> 4554) (12 -> 4555) (13 -> 4556) (14 -> 4557) (15 -> 4558) (17 -> 4576) (18 -> 4573) 
Peak nogood count:                  10239
Final nogood count:                 40
Nodes:                              655705
Time of last incumbent update (ms): 57669
CPU time (ms):                      57685
Summary:
COMPLETED 10239 40 655705 57669 57685
