New incumbent 1 at time 992 ms
New incumbent 2 at time 993 ms
New incumbent 3 at time 994 ms
New incumbent 4 at time 994 ms
New incumbent 5 at time 999 ms
New incumbent 6 at time 999 ms
New incumbent 7 at time 1000 ms
New incumbent 8 at time 1000 ms
New incumbent 9 at time 1000 ms
New incumbent 10 at time 1000 ms
New incumbent 11 at time 1030 ms
Upper bound: 96
New incumbent 12 at time 1943 ms
New incumbent 13 at time 1967 ms
New incumbent 14 at time 1967 ms
New incumbent 15 at time 1967 ms
New incumbent 16 at time 3015 ms
New incumbent 17 at time 10866 ms
New incumbent 18 at time 10866 ms
Upper bound: 95
New incumbent 19 at time 11768 ms
New incumbent 20 at time 11769 ms
New incumbent 21 at time 22914 ms
New incumbent 22 at time 22914 ms
New incumbent 23 at time 22914 ms
New incumbent 24 at time 22914 ms
New incumbent 25 at time 22915 ms
Upper bound: 94
New incumbent 26 at time 83229 ms
New incumbent 27 at time 83229 ms
New incumbent 28 at time 83229 ms
New incumbent 29 at time 83229 ms
New incumbent 30 at time 196142 ms
New incumbent 31 at time 313154 ms
New incumbent 32 at time 313154 ms
New incumbent 33 at time 313154 ms
Upper bound: 93
Solution size 33
(6 -> 2623) (7 -> 2622) (8 -> 2598) (9 -> 2597) (10 -> 3848) (14 -> 2596) (15 -> 3301) (16 -> 3300) (17 -> 3299) (18 -> 3330) (19 -> 3331) (26 -> 2583) (27 -> 2584) (29 -> 2601) (30 -> 2600) (31 -> 2615) (32 -> 2616) (37 -> 2602) (38 -> 3850) (42 -> 2614) (43 -> 2621) (44 -> 2599) (80 -> 3308) (81 -> 3307) (82 -> 3306) (83 -> 3305) (84 -> 3304) (85 -> 3303) (86 -> 3302) (87 -> 3321) (88 -> 3322) (89 -> 3323) (90 -> 3320) 
Peak nogood count:                  80968
Final nogood count:                 80968
Nodes:                              12896656
Time of last incumbent update (ms): 313154
CPU time (ms):                      1000109
TIMEOUT
Summary:
TIMEOUT 80968 80968 12896656 313154 1000109
