New incumbent 1 at time 1083 ms
New incumbent 2 at time 1084 ms
New incumbent 3 at time 1087 ms
New incumbent 4 at time 1089 ms
New incumbent 5 at time 1089 ms
New incumbent 6 at time 1112 ms
New incumbent 7 at time 1112 ms
New incumbent 8 at time 1115 ms
New incumbent 9 at time 1116 ms
New incumbent 10 at time 1116 ms
New incumbent 11 at time 1116 ms
Upper bound: 89
New incumbent 12 at time 1980 ms
New incumbent 13 at time 1981 ms
New incumbent 14 at time 1981 ms
New incumbent 15 at time 2683 ms
New incumbent 16 at time 8765 ms
New incumbent 17 at time 9771 ms
New incumbent 18 at time 11030 ms
Upper bound: 88
New incumbent 19 at time 22115 ms
New incumbent 20 at time 22115 ms
New incumbent 21 at time 28386 ms
New incumbent 22 at time 54144 ms
New incumbent 23 at time 54144 ms
New incumbent 24 at time 103824 ms
New incumbent 25 at time 103824 ms
New incumbent 26 at time 103824 ms
Upper bound: 87
New incumbent 27 at time 166233 ms
New incumbent 28 at time 166234 ms
New incumbent 29 at time 166234 ms
New incumbent 30 at time 188278 ms
New incumbent 31 at time 188279 ms
Solution size 31
(0 -> 898) (1 -> 899) (2 -> 900) (3 -> 901) (4 -> 904) (5 -> 850) (6 -> 849) (7 -> 848) (8 -> 847) (9 -> 846) (10 -> 845) (14 -> 843) (18 -> 948) (19 -> 947) (20 -> 949) (21 -> 950) (38 -> 851) (76 -> 946) (77 -> 945) (78 -> 3030) (79 -> 3029) (80 -> 3028) (81 -> 3032) (82 -> 3031) (83 -> 911) (84 -> 912) (85 -> 913) (86 -> 942) (87 -> 941) (88 -> 944) (89 -> 844) 
Peak nogood count:                  8024
Final nogood count:                 5117
Nodes:                              14926719
Time of last incumbent update (ms): 188279
CPU time (ms):                      1000024
TIMEOUT
Summary:
TIMEOUT 8024 5117 14926719 188279 1000024
