New incumbent 1 at time 1829 ms
New incumbent 2 at time 1831 ms
New incumbent 3 at time 1831 ms
New incumbent 4 at time 1835 ms
New incumbent 5 at time 1835 ms
New incumbent 6 at time 1851 ms
New incumbent 7 at time 1980 ms
New incumbent 8 at time 1980 ms
Upper bound: 52
New incumbent 9 at time 2992 ms
New incumbent 10 at time 2993 ms
New incumbent 11 at time 2993 ms
New incumbent 12 at time 2993 ms
New incumbent 13 at time 2993 ms
New incumbent 14 at time 3421 ms
New incumbent 15 at time 3421 ms
New incumbent 16 at time 5217 ms
New incumbent 17 at time 5217 ms
New incumbent 18 at time 14532 ms
New incumbent 19 at time 14533 ms
New incumbent 20 at time 21328 ms
New incumbent 21 at time 21328 ms
New incumbent 22 at time 21329 ms
New incumbent 23 at time 21350 ms
New incumbent 24 at time 21350 ms
New incumbent 25 at time 21350 ms
New incumbent 26 at time 21350 ms
New incumbent 27 at time 21351 ms
Upper bound: 51
New incumbent 28 at time 26217 ms
New incumbent 29 at time 26217 ms
New incumbent 30 at time 26602 ms
New incumbent 31 at time 28800 ms
New incumbent 32 at time 47350 ms
New incumbent 33 at time 47351 ms
New incumbent 34 at time 66937 ms
New incumbent 35 at time 66938 ms
New incumbent 36 at time 66939 ms
New incumbent 37 at time 66939 ms
New incumbent 38 at time 66939 ms
New incumbent 39 at time 66966 ms
New incumbent 40 at time 149981 ms
Upper bound: 50
New incumbent 41 at time 681383 ms
New incumbent 42 at time 753714 ms
New incumbent 43 at time 872123 ms
New incumbent 44 at time 920903 ms
Solution size 44
(0 -> 326) (1 -> 327) (2 -> 328) (3 -> 5953) (4 -> 325) (7 -> 2400) (8 -> 2395) (12 -> 5317) (14 -> 5314) (15 -> 5315) (16 -> 5316) (17 -> 5322) (18 -> 5323) (19 -> 2392) (20 -> 2393) (21 -> 2394) (22 -> 5324) (25 -> 2390) (26 -> 3311) (28 -> 3315) (29 -> 3307) (30 -> 3308) (31 -> 3309) (32 -> 3310) (33 -> 3306) (34 -> 3285) (35 -> 3284) (36 -> 4823) (37 -> 4822) (38 -> 4821) (39 -> 4820) (40 -> 4817) (41 -> 4818) (42 -> 339) (43 -> 338) (44 -> 337) (45 -> 336) (46 -> 335) (47 -> 334) (48 -> 333) (49 -> 331) (50 -> 330) (51 -> 329) (52 -> 5954) 
Peak nogood count:                  17872
Final nogood count:                 8751
Nodes:                              9767344
Time of last incumbent update (ms): 920903
CPU time (ms):                      1000038
TIMEOUT
Summary:
TIMEOUT 17872 8751 9767344 920903 1000038
