New incumbent 1 at time 510 ms
New incumbent 2 at time 510 ms
New incumbent 3 at time 510 ms
New incumbent 4 at time 511 ms
New incumbent 5 at time 514 ms
New incumbent 6 at time 857 ms
New incumbent 7 at time 857 ms
New incumbent 8 at time 857 ms
New incumbent 9 at time 857 ms
New incumbent 10 at time 857 ms
New incumbent 11 at time 858 ms
New incumbent 12 at time 858 ms
New incumbent 13 at time 1214 ms
New incumbent 14 at time 1214 ms
Upper bound: 21
New incumbent 15 at time 3241 ms
New incumbent 16 at time 3241 ms
New incumbent 17 at time 3241 ms
Upper bound: 20
New incumbent 18 at time 16636 ms
New incumbent 19 at time 16636 ms
New incumbent 20 at time 46528 ms
Solution size 20
(0 -> 1692) (1 -> 1691) (2 -> 1690) (4 -> 1694) (5 -> 1693) (6 -> 1536) (7 -> 1537) (8 -> 1538) (9 -> 1723) (10 -> 1546) (11 -> 1547) (12 -> 1540) (13 -> 1541) (14 -> 1724) (15 -> 1725) (16 -> 1726) (17 -> 1747) (18 -> 1534) (19 -> 1533) (21 -> 1535) 
Peak nogood count:                  22814
Final nogood count:                 22814
Nodes:                              764554
Time of last incumbent update (ms): 46528
CPU time (ms):                      46548
Summary:
COMPLETED 22814 22814 764554 46528 46548
