New incumbent 1 at time 645 ms
New incumbent 2 at time 645 ms
New incumbent 3 at time 648 ms
New incumbent 4 at time 858 ms
Upper bound: 68
New incumbent 5 at time 1018 ms
New incumbent 6 at time 1018 ms
New incumbent 7 at time 1018 ms
New incumbent 8 at time 1020 ms
New incumbent 9 at time 1046 ms
New incumbent 10 at time 1086 ms
New incumbent 11 at time 1089 ms
New incumbent 12 at time 1089 ms
New incumbent 13 at time 1089 ms
New incumbent 14 at time 1287 ms
New incumbent 15 at time 3026 ms
Upper bound: 67
New incumbent 16 at time 4763 ms
New incumbent 17 at time 4763 ms
New incumbent 18 at time 4763 ms
New incumbent 19 at time 4949 ms
New incumbent 20 at time 4954 ms
New incumbent 21 at time 4954 ms
New incumbent 22 at time 4954 ms
New incumbent 23 at time 4954 ms
New incumbent 24 at time 4954 ms
New incumbent 25 at time 5008 ms
New incumbent 26 at time 5008 ms
New incumbent 27 at time 5205 ms
New incumbent 28 at time 5205 ms
Upper bound: 66
New incumbent 29 at time 724282 ms
New incumbent 30 at time 724282 ms
New incumbent 31 at time 724638 ms
New incumbent 32 at time 724638 ms
New incumbent 33 at time 724638 ms
Solution size 33
(12 -> 1679) (16 -> 1717) (17 -> 1718) (18 -> 1665) (20 -> 1932) (21 -> 1928) (22 -> 1927) (23 -> 1926) (24 -> 1925) (25 -> 1924) (26 -> 2103) (27 -> 2104) (28 -> 1934) (29 -> 1933) (31 -> 32) (32 -> 1931) (33 -> 1929) (34 -> 1664) (35 -> 1663) (36 -> 1685) (37 -> 1662) (38 -> 1684) (39 -> 1708) (40 -> 1707) (41 -> 1706) (42 -> 1705) (43 -> 1694) (44 -> 1695) (45 -> 1696) (46 -> 1690) (47 -> 1691) (48 -> 1692) (57 -> 1704) 
Peak nogood count:                  318600
Final nogood count:                 318184
Nodes:                              14555137
Time of last incumbent update (ms): 724638
CPU time (ms):                      1000739
TIMEOUT
Summary:
TIMEOUT 318600 318184 14555137 724638 1000739
