New incumbent 1 at time 330 ms
New incumbent 2 at time 332 ms
New incumbent 3 at time 332 ms
New incumbent 4 at time 332 ms
New incumbent 5 at time 332 ms
New incumbent 6 at time 334 ms
New incumbent 7 at time 334 ms
New incumbent 8 at time 335 ms
New incumbent 9 at time 342 ms
New incumbent 10 at time 342 ms
New incumbent 11 at time 344 ms
New incumbent 12 at time 398 ms
New incumbent 13 at time 456 ms
Upper bound: 69
New incumbent 14 at time 590 ms
New incumbent 15 at time 591 ms
New incumbent 16 at time 591 ms
New incumbent 17 at time 591 ms
New incumbent 18 at time 591 ms
New incumbent 19 at time 591 ms
New incumbent 20 at time 591 ms
New incumbent 21 at time 591 ms
New incumbent 22 at time 591 ms
New incumbent 23 at time 591 ms
New incumbent 24 at time 591 ms
New incumbent 25 at time 592 ms
New incumbent 26 at time 592 ms
New incumbent 27 at time 1863 ms
New incumbent 28 at time 1863 ms
New incumbent 29 at time 3994 ms
New incumbent 30 at time 3994 ms
New incumbent 31 at time 3994 ms
New incumbent 32 at time 3994 ms
New incumbent 33 at time 3994 ms
Upper bound: 68
New incumbent 34 at time 46337 ms
New incumbent 35 at time 173645 ms
New incumbent 36 at time 173645 ms
New incumbent 37 at time 187395 ms
Upper bound: 67
New incumbent 38 at time 488928 ms
New incumbent 39 at time 488928 ms
New incumbent 40 at time 488928 ms
New incumbent 41 at time 488928 ms
Solution size 41
(0 -> 1010) (1 -> 1036) (2 -> 1037) (3 -> 1041) (4 -> 1039) (6 -> 838) (7 -> 839) (9 -> 998) (10 -> 999) (11 -> 1002) (12 -> 878) (13 -> 879) (18 -> 812) (19 -> 811) (20 -> 810) (22 -> 1479) (23 -> 1480) (24 -> 1487) (25 -> 1483) (26 -> 1482) (27 -> 1488) (28 -> 1512) (29 -> 845) (30 -> 844) (31 -> 843) (32 -> 820) (33 -> 821) (34 -> 823) (35 -> 824) (36 -> 825) (37 -> 826) (39 -> 877) (40 -> 840) (41 -> 842) (42 -> 847) (43 -> 846) (44 -> 849) (45 -> 850) (46 -> 1511) (64 -> 1009) (65 -> 1000) 
Peak nogood count:                  10345
Final nogood count:                 10326
Nodes:                              24325620
Time of last incumbent update (ms): 488928
CPU time (ms):                      1000034
TIMEOUT
Summary:
TIMEOUT 10345 10326 24325620 488928 1000034
