New incumbent 1 at time 471 ms
Upper bound: 39
Upper bound: 38
New incumbent 2 at time 1597 ms
New incumbent 3 at time 1603 ms
New incumbent 4 at time 1610 ms
New incumbent 5 at time 1702 ms
Upper bound: 37
New incumbent 6 at time 2564 ms
New incumbent 7 at time 2565 ms
New incumbent 8 at time 2565 ms
New incumbent 9 at time 2637 ms
New incumbent 10 at time 2956 ms
Upper bound: 36
New incumbent 11 at time 9212 ms
New incumbent 12 at time 111578 ms
New incumbent 13 at time 474579 ms
Solution size 13
(2 -> 1890) (3 -> 1848) (4 -> 1849) (5 -> 1886) (7 -> 1854) (8 -> 1855) (9 -> 1858) (11 -> 1857) (12 -> 1839) (13 -> 1885) (14 -> 1838) (15 -> 1837) (16 -> 1896) 
Peak nogood count:                  738282
Final nogood count:                 732229
Nodes:                              15671627
Time of last incumbent update (ms): 474579
CPU time (ms):                      1000908
TIMEOUT
Summary:
TIMEOUT 738282 732229 15671627 474579 1000908
