New incumbent 1 at time 586 ms
New incumbent 2 at time 587 ms
New incumbent 3 at time 587 ms
New incumbent 4 at time 587 ms
New incumbent 5 at time 616 ms
New incumbent 6 at time 616 ms
New incumbent 7 at time 616 ms
New incumbent 8 at time 616 ms
New incumbent 9 at time 616 ms
New incumbent 10 at time 616 ms
New incumbent 11 at time 617 ms
New incumbent 12 at time 617 ms
New incumbent 13 at time 617 ms
New incumbent 14 at time 617 ms
New incumbent 15 at time 617 ms
New incumbent 16 at time 618 ms
New incumbent 17 at time 618 ms
New incumbent 18 at time 618 ms
Upper bound: 107
New incumbent 19 at time 1170 ms
New incumbent 20 at time 1309 ms
New incumbent 21 at time 1309 ms
Upper bound: 106
New incumbent 22 at time 10381 ms
New incumbent 23 at time 10381 ms
New incumbent 24 at time 10784 ms
New incumbent 25 at time 10784 ms
New incumbent 26 at time 46063 ms
New incumbent 27 at time 46063 ms
Upper bound: 105
New incumbent 28 at time 179826 ms
New incumbent 29 at time 179826 ms
New incumbent 30 at time 256746 ms
New incumbent 31 at time 524095 ms
Solution size 31
(0 -> 577) (1 -> 576) (2 -> 575) (3 -> 574) (5 -> 2038) (6 -> 2039) (7 -> 1618) (8 -> 1617) (9 -> 1984) (10 -> 1985) (11 -> 1986) (12 -> 1981) (13 -> 1980) (14 -> 1979) (16 -> 1987) (17 -> 1615) (20 -> 1798) (21 -> 1967) (22 -> 1802) (23 -> 1801) (28 -> 1803) (29 -> 1965) (30 -> 1614) (31 -> 1613) (54 -> 1620) (55 -> 1619) (79 -> 1966) (82 -> 1982) (83 -> 2040) (102 -> 579) (103 -> 578) 
Peak nogood count:                  40491
Final nogood count:                 13015
Nodes:                              19506258
Time of last incumbent update (ms): 524095
CPU time (ms):                      1000033
TIMEOUT
Summary:
TIMEOUT 40491 13015 19506258 524095 1000033
