New incumbent 1 at time 1187 ms
New incumbent 2 at time 1189 ms
New incumbent 3 at time 1189 ms
New incumbent 4 at time 1189 ms
New incumbent 5 at time 1189 ms
New incumbent 6 at time 1189 ms
New incumbent 7 at time 1189 ms
New incumbent 8 at time 1190 ms
New incumbent 9 at time 1190 ms
New incumbent 10 at time 1190 ms
New incumbent 11 at time 1190 ms
New incumbent 12 at time 1214 ms
New incumbent 13 at time 1214 ms
New incumbent 14 at time 1214 ms
New incumbent 15 at time 1215 ms
New incumbent 16 at time 1335 ms
Upper bound: 150
New incumbent 17 at time 2082 ms
New incumbent 18 at time 2190 ms
New incumbent 19 at time 4745 ms
New incumbent 20 at time 4745 ms
Upper bound: 149
New incumbent 21 at time 18558 ms
New incumbent 22 at time 18558 ms
New incumbent 23 at time 25477 ms
New incumbent 24 at time 25477 ms
New incumbent 25 at time 36466 ms
New incumbent 26 at time 54313 ms
Upper bound: 148
New incumbent 27 at time 117076 ms
New incumbent 28 at time 127597 ms
New incumbent 29 at time 146747 ms
New incumbent 30 at time 280569 ms
New incumbent 31 at time 387658 ms
New incumbent 32 at time 387658 ms
New incumbent 33 at time 387658 ms
Upper bound: 147
Solution size 33
(2 -> 1578) (3 -> 1577) (4 -> 1601) (5 -> 1600) (6 -> 1598) (7 -> 1597) (8 -> 1596) (9 -> 1595) (10 -> 2033) (11 -> 1590) (12 -> 1589) (13 -> 1588) (14 -> 1587) (15 -> 1586) (16 -> 1679) (17 -> 1680) (18 -> 1599) (19 -> 1583) (20 -> 1582) (21 -> 1581) (22 -> 1557) (24 -> 1602) (25 -> 1603) (26 -> 1604) (28 -> 2030) (29 -> 2029) (33 -> 1607) (34 -> 1622) (35 -> 1623) (95 -> 1579) (148 -> 1620) (149 -> 1605) (150 -> 2031) 
Peak nogood count:                  80997
Final nogood count:                 80997
Nodes:                              14676938
Time of last incumbent update (ms): 387658
CPU time (ms):                      1000126
TIMEOUT
Summary:
TIMEOUT 80997 80997 14676938 387658 1000126
