New incumbent 1 at time 441 ms
New incumbent 2 at time 442 ms
New incumbent 3 at time 442 ms
New incumbent 4 at time 442 ms
New incumbent 5 at time 442 ms
New incumbent 6 at time 442 ms
New incumbent 7 at time 446 ms
New incumbent 8 at time 493 ms
New incumbent 9 at time 531 ms
New incumbent 10 at time 531 ms
Upper bound: 44
New incumbent 11 at time 828 ms
New incumbent 12 at time 828 ms
New incumbent 13 at time 875 ms
New incumbent 14 at time 1051 ms
New incumbent 15 at time 1341 ms
Upper bound: 43
New incumbent 16 at time 8554 ms
New incumbent 17 at time 8558 ms
New incumbent 18 at time 8558 ms
New incumbent 19 at time 8558 ms
New incumbent 20 at time 8558 ms
New incumbent 21 at time 8558 ms
New incumbent 22 at time 8558 ms
New incumbent 23 at time 8558 ms
New incumbent 24 at time 8558 ms
Upper bound: 42
New incumbent 25 at time 48713 ms
New incumbent 26 at time 48713 ms
New incumbent 27 at time 50842 ms
New incumbent 28 at time 89614 ms
New incumbent 29 at time 211705 ms
New incumbent 30 at time 793625 ms
Solution size 30
(1 -> 481) (2 -> 480) (3 -> 475) (4 -> 474) (5 -> 473) (15 -> 213) (16 -> 494) (17 -> 500) (18 -> 490) (19 -> 491) (20 -> 492) (21 -> 493) (22 -> 483) (24 -> 516) (25 -> 519) (26 -> 520) (27 -> 525) (28 -> 522) (30 -> 549) (31 -> 550) (32 -> 556) (33 -> 524) (34 -> 255) (35 -> 561) (36 -> 521) (37 -> 253) (38 -> 252) (39 -> 251) (40 -> 250) (41 -> 482) 
Peak nogood count:                  513254
Final nogood count:                 512992
Nodes:                              17110981
Time of last incumbent update (ms): 793625
CPU time (ms):                      1000527
TIMEOUT
Summary:
TIMEOUT 513254 512992 17110981 793625 1000527
