New incumbent 1 at time 1709 ms
New incumbent 2 at time 1709 ms
New incumbent 3 at time 1709 ms
New incumbent 4 at time 1709 ms
New incumbent 5 at time 1710 ms
New incumbent 6 at time 1714 ms
New incumbent 7 at time 1714 ms
New incumbent 8 at time 1714 ms
New incumbent 9 at time 1714 ms
New incumbent 10 at time 1714 ms
New incumbent 11 at time 1714 ms
New incumbent 12 at time 2458 ms
New incumbent 13 at time 2458 ms
New incumbent 14 at time 2458 ms
New incumbent 15 at time 2458 ms
Upper bound: 23
New incumbent 16 at time 14129 ms
New incumbent 17 at time 17633 ms
New incumbent 18 at time 17633 ms
New incumbent 19 at time 31872 ms
New incumbent 20 at time 67311 ms
New incumbent 21 at time 67311 ms
Upper bound: 22
New incumbent 22 at time 75087 ms
Solution size 22
(0 -> 444) (1 -> 449) (2 -> 448) (3 -> 512) (5 -> 5066) (6 -> 5067) (7 -> 446) (8 -> 445) (9 -> 5088) (10 -> 5090) (12 -> 5068) (13 -> 5069) (14 -> 5070) (15 -> 5086) (16 -> 5087) (17 -> 447) (18 -> 515) (19 -> 514) (20 -> 513) (21 -> 2181) (22 -> 2182) (23 -> 2180) 
Peak nogood count:                  10541
Final nogood count:                 0
Nodes:                              818223
Time of last incumbent update (ms): 75087
CPU time (ms):                      75106
Summary:
COMPLETED 10541 0 818223 75087 75106
