New incumbent 1 at time 437 ms
New incumbent 2 at time 440 ms
New incumbent 3 at time 440 ms
New incumbent 4 at time 448 ms
New incumbent 5 at time 466 ms
New incumbent 6 at time 466 ms
New incumbent 7 at time 466 ms
New incumbent 8 at time 467 ms
New incumbent 9 at time 467 ms
Upper bound: 49
New incumbent 10 at time 771 ms
New incumbent 11 at time 771 ms
New incumbent 12 at time 1604 ms
New incumbent 13 at time 3645 ms
New incumbent 14 at time 3645 ms
Upper bound: 48
New incumbent 15 at time 4198 ms
New incumbent 16 at time 6357 ms
New incumbent 17 at time 6358 ms
New incumbent 18 at time 6358 ms
New incumbent 19 at time 6358 ms
New incumbent 20 at time 16755 ms
New incumbent 21 at time 28381 ms
Upper bound: 47
New incumbent 22 at time 36462 ms
New incumbent 23 at time 36708 ms
New incumbent 24 at time 53644 ms
New incumbent 25 at time 53644 ms
New incumbent 26 at time 67760 ms
New incumbent 27 at time 274775 ms
Upper bound: 46
New incumbent 28 at time 336159 ms
New incumbent 29 at time 369397 ms
New incumbent 30 at time 988799 ms
New incumbent 31 at time 988799 ms
Solution size 31
(0 -> 2141) (1 -> 2514) (2 -> 2142) (4 -> 2104) (6 -> 2133) (7 -> 2134) (8 -> 2137) (9 -> 2136) (10 -> 2135) (11 -> 2138) (12 -> 2139) (13 -> 2140) (14 -> 2318) (15 -> 2147) (16 -> 2148) (17 -> 2150) (18 -> 2153) (19 -> 2154) (20 -> 2155) (21 -> 2315) (22 -> 2314) (30 -> 784) (32 -> 2149) (34 -> 2129) (35 -> 2515) (36 -> 2316) (37 -> 2317) (39 -> 2132) (45 -> 2101) (46 -> 2102) (47 -> 2103) 
Peak nogood count:                  379085
Final nogood count:                 379085
Nodes:                              18719553
Time of last incumbent update (ms): 988799
CPU time (ms):                      1000595
TIMEOUT
Summary:
TIMEOUT 379085 379085 18719553 988799 1000595
