New incumbent 1 at time 177 ms
New incumbent 2 at time 177 ms
New incumbent 3 at time 177 ms
New incumbent 4 at time 178 ms
New incumbent 5 at time 178 ms
New incumbent 6 at time 187 ms
New incumbent 7 at time 187 ms
New incumbent 8 at time 223 ms
New incumbent 9 at time 223 ms
New incumbent 10 at time 223 ms
Upper bound: 21
New incumbent 11 at time 682 ms
New incumbent 12 at time 682 ms
New incumbent 13 at time 829 ms
New incumbent 14 at time 830 ms
New incumbent 15 at time 968 ms
New incumbent 16 at time 968 ms
New incumbent 17 at time 968 ms
New incumbent 18 at time 968 ms
Upper bound: 20
New incumbent 19 at time 3541 ms
New incumbent 20 at time 5420 ms
Solution size 20
(0 -> 530) (1 -> 531) (2 -> 532) (3 -> 533) (5 -> 529) (7 -> 1359) (8 -> 1358) (9 -> 1620) (10 -> 1361) (11 -> 1360) (12 -> 1364) (13 -> 1365) (14 -> 1615) (15 -> 1616) (16 -> 1618) (17 -> 1619) (18 -> 1355) (19 -> 1356) (20 -> 1357) (21 -> 1353) 
Peak nogood count:                  3369
Final nogood count:                 3322
Nodes:                              155827
Time of last incumbent update (ms): 5420
CPU time (ms):                      5425
Summary:
COMPLETED 3369 3322 155827 5420 5425
