New incumbent 1 at time 1674 ms
New incumbent 2 at time 1675 ms
New incumbent 3 at time 1675 ms
New incumbent 4 at time 1705 ms
New incumbent 5 at time 1755 ms
New incumbent 6 at time 1755 ms
New incumbent 7 at time 2101 ms
New incumbent 8 at time 2102 ms
New incumbent 9 at time 2102 ms
New incumbent 10 at time 2102 ms
Upper bound: 95
New incumbent 11 at time 2709 ms
New incumbent 12 at time 2710 ms
New incumbent 13 at time 2710 ms
New incumbent 14 at time 2710 ms
New incumbent 15 at time 2710 ms
New incumbent 16 at time 2710 ms
New incumbent 17 at time 8979 ms
New incumbent 18 at time 8979 ms
New incumbent 19 at time 9125 ms
New incumbent 20 at time 9125 ms
New incumbent 21 at time 15494 ms
New incumbent 22 at time 15495 ms
New incumbent 23 at time 15495 ms
Upper bound: 94
New incumbent 24 at time 42101 ms
New incumbent 25 at time 42101 ms
New incumbent 26 at time 70971 ms
New incumbent 27 at time 70971 ms
New incumbent 28 at time 98105 ms
New incumbent 29 at time 120460 ms
New incumbent 30 at time 120460 ms
New incumbent 31 at time 120460 ms
Upper bound: 93
New incumbent 32 at time 500987 ms
New incumbent 33 at time 928659 ms
New incumbent 34 at time 928659 ms
Solution size 34
(0 -> 1528) (1 -> 1484) (2 -> 1485) (3 -> 1482) (4 -> 1481) (5 -> 1480) (6 -> 1479) (8 -> 1431) (11 -> 1432) (12 -> 1433) (13 -> 1457) (14 -> 1456) (22 -> 1488) (23 -> 1487) (24 -> 1522) (25 -> 1523) (27 -> 1486) (68 -> 47) (69 -> 48) (70 -> 49) (80 -> 1444) (81 -> 1443) (82 -> 1458) (84 -> 1439) (85 -> 1438) (86 -> 1436) (87 -> 1435) (88 -> 1434) (89 -> 1437) (90 -> 1477) (91 -> 1493) (92 -> 1494) (93 -> 1478) (95 -> 1527) 
Peak nogood count:                  11004
Final nogood count:                 7940
Nodes:                              10421160
Time of last incumbent update (ms): 928659
CPU time (ms):                      1000045
TIMEOUT
Summary:
TIMEOUT 11004 7940 10421160 928659 1000045
