New incumbent 1 at time 933 ms
New incumbent 2 at time 935 ms
New incumbent 3 at time 935 ms
New incumbent 4 at time 935 ms
New incumbent 5 at time 935 ms
New incumbent 6 at time 939 ms
New incumbent 7 at time 939 ms
New incumbent 8 at time 939 ms
New incumbent 9 at time 975 ms
New incumbent 10 at time 975 ms
New incumbent 11 at time 1002 ms
New incumbent 12 at time 1002 ms
New incumbent 13 at time 1002 ms
Upper bound: 69
New incumbent 14 at time 1839 ms
New incumbent 15 at time 2019 ms
New incumbent 16 at time 2019 ms
New incumbent 17 at time 2801 ms
New incumbent 18 at time 2801 ms
Upper bound: 68
New incumbent 19 at time 12556 ms
New incumbent 20 at time 16402 ms
New incumbent 21 at time 16402 ms
New incumbent 22 at time 31406 ms
New incumbent 23 at time 36096 ms
New incumbent 24 at time 40800 ms
New incumbent 25 at time 40800 ms
Upper bound: 67
New incumbent 26 at time 505069 ms
Solution size 26
(1 -> 3270) (2 -> 3187) (4 -> 3281) (5 -> 3186) (6 -> 3185) (7 -> 3184) (12 -> 3139) (13 -> 3138) (14 -> 3137) (15 -> 3136) (17 -> 2698) (18 -> 2697) (19 -> 2696) (20 -> 2695) (21 -> 2717) (22 -> 2716) (23 -> 2715) (24 -> 2718) (25 -> 2719) (26 -> 2720) (27 -> 2704) (54 -> 2701) (58 -> 2694) (66 -> 2711) (67 -> 2714) (68 -> 2713) 
Peak nogood count:                  351733
Final nogood count:                 351732
Nodes:                              10418413
Time of last incumbent update (ms): 505069
CPU time (ms):                      1000567
TIMEOUT
Summary:
TIMEOUT 351733 351732 10418413 505069 1000567
