New incumbent 1 at time 634 ms
New incumbent 2 at time 639 ms
New incumbent 3 at time 639 ms
New incumbent 4 at time 639 ms
New incumbent 5 at time 640 ms
New incumbent 6 at time 680 ms
New incumbent 7 at time 680 ms
Upper bound: 146
New incumbent 8 at time 1015 ms
New incumbent 9 at time 1015 ms
New incumbent 10 at time 1059 ms
New incumbent 11 at time 1059 ms
New incumbent 12 at time 1059 ms
New incumbent 13 at time 1059 ms
New incumbent 14 at time 1059 ms
New incumbent 15 at time 1059 ms
New incumbent 16 at time 4822 ms
New incumbent 17 at time 4822 ms
Upper bound: 145
New incumbent 18 at time 6259 ms
New incumbent 19 at time 6260 ms
New incumbent 20 at time 7441 ms
New incumbent 21 at time 11475 ms
New incumbent 22 at time 32022 ms
New incumbent 23 at time 32022 ms
New incumbent 24 at time 32025 ms
New incumbent 25 at time 32026 ms
Upper bound: 144
New incumbent 26 at time 73947 ms
New incumbent 27 at time 206838 ms
Upper bound: 143
New incumbent 28 at time 875080 ms
New incumbent 29 at time 875080 ms
Solution size 29
(1 -> 1344) (2 -> 1345) (3 -> 1346) (4 -> 1334) (5 -> 1333) (6 -> 1332) (7 -> 1331) (10 -> 2404) (11 -> 2406) (13 -> 2407) (14 -> 2403) (15 -> 2402) (16 -> 1352) (17 -> 1351) (18 -> 2395) (19 -> 2014) (20 -> 2013) (32 -> 2017) (33 -> 2016) (34 -> 2026) (35 -> 2025) (36 -> 1347) (37 -> 2015) (63 -> 1338) (64 -> 1337) (65 -> 1336) (66 -> 1335) (67 -> 1353) (145 -> 1330) 
Peak nogood count:                  39499
Final nogood count:                 39499
Nodes:                              17415537
Time of last incumbent update (ms): 875080
CPU time (ms):                      1000069
TIMEOUT
Summary:
TIMEOUT 39499 39499 17415537 875080 1000069
