New incumbent 1 at time 34 ms
New incumbent 2 at time 35 ms
Upper bound: 162
New incumbent 3 at time 45 ms
Upper bound: 161
New incumbent 4 at time 72 ms
New incumbent 5 at time 134 ms
New incumbent 6 at time 134 ms
New incumbent 7 at time 134 ms
Upper bound: 160
New incumbent 8 at time 227 ms
New incumbent 9 at time 1631 ms
New incumbent 10 at time 1717 ms
New incumbent 11 at time 1717 ms
New incumbent 12 at time 1717 ms
New incumbent 13 at time 1717 ms
New incumbent 14 at time 1717 ms
New incumbent 15 at time 1717 ms
New incumbent 16 at time 1717 ms
New incumbent 17 at time 1718 ms
New incumbent 18 at time 348246 ms
New incumbent 19 at time 348246 ms
New incumbent 20 at time 348246 ms
New incumbent 21 at time 348246 ms
New incumbent 22 at time 348246 ms
New incumbent 23 at time 348246 ms
New incumbent 24 at time 348246 ms
New incumbent 25 at time 348246 ms
New incumbent 26 at time 348246 ms
New incumbent 27 at time 348246 ms
New incumbent 28 at time 348246 ms
New incumbent 29 at time 348247 ms
New incumbent 30 at time 348248 ms
New incumbent 31 at time 348248 ms
New incumbent 32 at time 348248 ms
New incumbent 33 at time 348248 ms
New incumbent 34 at time 348248 ms
New incumbent 35 at time 348248 ms
New incumbent 36 at time 348248 ms
New incumbent 37 at time 348250 ms
New incumbent 38 at time 348250 ms
New incumbent 39 at time 348250 ms
New incumbent 40 at time 348292 ms
New incumbent 41 at time 348292 ms
New incumbent 42 at time 348348 ms
New incumbent 43 at time 348348 ms
New incumbent 44 at time 348348 ms
New incumbent 45 at time 348348 ms
New incumbent 46 at time 348348 ms
New incumbent 47 at time 348348 ms
New incumbent 48 at time 348348 ms
New incumbent 49 at time 348349 ms
New incumbent 50 at time 348349 ms
New incumbent 51 at time 348349 ms
New incumbent 52 at time 348349 ms
New incumbent 53 at time 348349 ms
New incumbent 54 at time 348349 ms
New incumbent 55 at time 348579 ms
New incumbent 56 at time 348579 ms
New incumbent 57 at time 348579 ms
New incumbent 58 at time 348596 ms
New incumbent 59 at time 348596 ms
New incumbent 60 at time 351214 ms
New incumbent 61 at time 351214 ms
New incumbent 62 at time 351214 ms
New incumbent 63 at time 358034 ms
New incumbent 64 at time 379887 ms
New incumbent 65 at time 408610 ms
New incumbent 66 at time 408610 ms
New incumbent 67 at time 408610 ms
New incumbent 68 at time 408610 ms
New incumbent 69 at time 408610 ms
New incumbent 70 at time 733720 ms
Solution size 70
(5 -> 117) (6 -> 112) (7 -> 113) (8 -> 102) (9 -> 100) (10 -> 99) (11 -> 98) (19 -> 91) (20 -> 14) (21 -> 15) (22 -> 16) (23 -> 17) (24 -> 53) (25 -> 52) (26 -> 55) (27 -> 62) (28 -> 65) (29 -> 72) (30 -> 73) (31 -> 74) (32 -> 12) (33 -> 11) (34 -> 10) (35 -> 96) (36 -> 97) (37 -> 106) (38 -> 107) (39 -> 56) (40 -> 57) (41 -> 59) (42 -> 67) (43 -> 69) (44 -> 77) (46 -> 45) (47 -> 42) (48 -> 43) (49 -> 35) (50 -> 32) (51 -> 33) (52 -> 21) (56 -> 46) (57 -> 47) (58 -> 39) (59 -> 37) (60 -> 29) (61 -> 26) (83 -> 6) (84 -> 7) (85 -> 103) (86 -> 118) (87 -> 124) (88 -> 123) (89 -> 131) (90 -> 137) (91 -> 144) (92 -> 143) (93 -> 141) (110 -> 150) (111 -> 149) (112 -> 148) (113 -> 146) (114 -> 147) (115 -> 158) (116 -> 162) (117 -> 163) (118 -> 164) (119 -> 165) (120 -> 166) (121 -> 136) (122 -> 130) 
Peak nogood count:                  33375
Final nogood count:                 31603
Nodes:                              84387605
Time of last incumbent update (ms): 733720
CPU time (ms):                      1000145
TIMEOUT
Summary:
TIMEOUT 33375 31603 84387605 733720 1000145
