New incumbent 1 at time 1296 ms
New incumbent 2 at time 1297 ms
New incumbent 3 at time 1297 ms
New incumbent 4 at time 1297 ms
New incumbent 5 at time 1300 ms
New incumbent 6 at time 1312 ms
New incumbent 7 at time 1313 ms
New incumbent 8 at time 1313 ms
New incumbent 9 at time 1315 ms
New incumbent 10 at time 1315 ms
New incumbent 11 at time 1597 ms
New incumbent 12 at time 1597 ms
New incumbent 13 at time 1597 ms
New incumbent 14 at time 1597 ms
Upper bound: 66
New incumbent 15 at time 2319 ms
New incumbent 16 at time 2319 ms
New incumbent 17 at time 2319 ms
New incumbent 18 at time 2319 ms
New incumbent 19 at time 12147 ms
New incumbent 20 at time 20176 ms
New incumbent 21 at time 20176 ms
Upper bound: 65
New incumbent 22 at time 26940 ms
New incumbent 23 at time 70656 ms
New incumbent 24 at time 70656 ms
New incumbent 25 at time 70656 ms
New incumbent 26 at time 166971 ms
New incumbent 27 at time 166971 ms
Upper bound: 64
New incumbent 28 at time 250565 ms
New incumbent 29 at time 250565 ms
New incumbent 30 at time 250566 ms
New incumbent 31 at time 583135 ms
New incumbent 32 at time 583136 ms
New incumbent 33 at time 583137 ms
New incumbent 34 at time 583137 ms
Solution size 34
(0 -> 72) (1 -> 71) (2 -> 4028) (3 -> 4022) (4 -> 4021) (5 -> 4020) (20 -> 1482) (21 -> 69) (22 -> 4695) (27 -> 73) (28 -> 4700) (29 -> 4701) (30 -> 4686) (31 -> 4687) (32 -> 68) (33 -> 67) (34 -> 66) (36 -> 4688) (37 -> 65) (38 -> 47) (42 -> 49) (43 -> 50) (44 -> 61) (45 -> 60) (46 -> 59) (47 -> 58) (48 -> 64) (49 -> 63) (50 -> 52) (51 -> 51) (58 -> 4702) (59 -> 4690) (60 -> 4691) (61 -> 4699) 
Peak nogood count:                  13742
Final nogood count:                 7072
Nodes:                              13053870
Time of last incumbent update (ms): 583137
CPU time (ms):                      1000023
TIMEOUT
Summary:
TIMEOUT 13742 7072 13053870 583137 1000023
