New incumbent 1 at time 225 ms
New incumbent 2 at time 226 ms
New incumbent 3 at time 226 ms
New incumbent 4 at time 226 ms
New incumbent 5 at time 226 ms
New incumbent 6 at time 233 ms
New incumbent 7 at time 233 ms
New incumbent 8 at time 233 ms
New incumbent 9 at time 233 ms
New incumbent 10 at time 233 ms
New incumbent 11 at time 233 ms
New incumbent 12 at time 234 ms
New incumbent 13 at time 234 ms
Upper bound: 66
New incumbent 14 at time 719 ms
New incumbent 15 at time 719 ms
New incumbent 16 at time 1691 ms
New incumbent 17 at time 1691 ms
New incumbent 18 at time 2683 ms
New incumbent 19 at time 3008 ms
Upper bound: 65
New incumbent 20 at time 7631 ms
New incumbent 21 at time 7635 ms
New incumbent 22 at time 10832 ms
New incumbent 23 at time 10833 ms
New incumbent 24 at time 12753 ms
Upper bound: 64
New incumbent 25 at time 31137 ms
New incumbent 26 at time 31138 ms
New incumbent 27 at time 62085 ms
New incumbent 28 at time 149115 ms
New incumbent 29 at time 166609 ms
New incumbent 30 at time 166609 ms
New incumbent 31 at time 166609 ms
Upper bound: 63
New incumbent 32 at time 678935 ms
New incumbent 33 at time 678935 ms
Solution size 33
(0 -> 1363) (1 -> 1362) (4 -> 1186) (5 -> 1187) (9 -> 1368) (10 -> 1367) (11 -> 1366) (12 -> 1365) (16 -> 1359) (19 -> 1292) (20 -> 1293) (21 -> 1285) (22 -> 1286) (23 -> 1287) (25 -> 1356) (26 -> 1355) (27 -> 1354) (28 -> 1353) (29 -> 1281) (30 -> 1282) (31 -> 1283) (32 -> 1284) (34 -> 1208) (35 -> 1209) (36 -> 1352) (37 -> 1233) (47 -> 1207) (58 -> 1280) (59 -> 1279) (60 -> 1291) (62 -> 1357) (63 -> 1369) (64 -> 1358) 
Peak nogood count:                  297936
Final nogood count:                 297932
Nodes:                              27235548
Time of last incumbent update (ms): 678935
CPU time (ms):                      1000547
TIMEOUT
Summary:
TIMEOUT 297936 297932 27235548 678935 1000547
