New incumbent 1 at time 1890 ms
New incumbent 2 at time 1890 ms
New incumbent 3 at time 1891 ms
New incumbent 4 at time 1891 ms
New incumbent 5 at time 1891 ms
New incumbent 6 at time 1891 ms
New incumbent 7 at time 1901 ms
New incumbent 8 at time 1919 ms
New incumbent 9 at time 1919 ms
New incumbent 10 at time 2468 ms
New incumbent 11 at time 2487 ms
New incumbent 12 at time 4163 ms
New incumbent 13 at time 9414 ms
New incumbent 14 at time 9415 ms
New incumbent 15 at time 9415 ms
Upper bound: 58
New incumbent 16 at time 10195 ms
New incumbent 17 at time 10252 ms
New incumbent 18 at time 10252 ms
New incumbent 19 at time 41096 ms
Upper bound: 57
New incumbent 20 at time 60174 ms
New incumbent 21 at time 60174 ms
New incumbent 22 at time 62362 ms
New incumbent 23 at time 69707 ms
New incumbent 24 at time 69707 ms
New incumbent 25 at time 124778 ms
New incumbent 26 at time 339516 ms
New incumbent 27 at time 339516 ms
New incumbent 28 at time 339546 ms
Upper bound: 56
New incumbent 29 at time 645977 ms
New incumbent 30 at time 645977 ms
Solution size 30
(0 -> 4270) (4 -> 4312) (12 -> 2878) (13 -> 2877) (14 -> 4316) (15 -> 2876) (16 -> 4315) (17 -> 4292) (18 -> 4291) (19 -> 4278) (20 -> 4277) (21 -> 4276) (22 -> 4275) (23 -> 4274) (25 -> 4320) (26 -> 4319) (28 -> 4285) (29 -> 4280) (30 -> 4281) (31 -> 4396) (32 -> 4397) (33 -> 4284) (34 -> 4283) (35 -> 4392) (36 -> 4390) (43 -> 4287) (44 -> 4286) (45 -> 4398) (46 -> 4399) (48 -> 4271) 
Peak nogood count:                  147150
Final nogood count:                 147150
Nodes:                              10153319
Time of last incumbent update (ms): 645977
CPU time (ms):                      1000217
TIMEOUT
Summary:
TIMEOUT 147150 147150 10153319 645977 1000217
