New incumbent 1 at time 953 ms
New incumbent 2 at time 954 ms
New incumbent 3 at time 954 ms
New incumbent 4 at time 954 ms
New incumbent 5 at time 954 ms
New incumbent 6 at time 954 ms
Upper bound: 123
New incumbent 7 at time 996 ms
New incumbent 8 at time 997 ms
New incumbent 9 at time 1000 ms
Upper bound: 122
New incumbent 10 at time 1650 ms
New incumbent 11 at time 1651 ms
New incumbent 12 at time 1651 ms
New incumbent 13 at time 1651 ms
New incumbent 14 at time 1651 ms
New incumbent 15 at time 1684 ms
New incumbent 16 at time 2052 ms
New incumbent 17 at time 2052 ms
New incumbent 18 at time 10596 ms
New incumbent 19 at time 10596 ms
New incumbent 20 at time 10596 ms
Upper bound: 121
New incumbent 21 at time 11093 ms
New incumbent 22 at time 11100 ms
New incumbent 23 at time 22757 ms
New incumbent 24 at time 22757 ms
Upper bound: 120
New incumbent 25 at time 125308 ms
New incumbent 26 at time 126572 ms
New incumbent 27 at time 131049 ms
New incumbent 28 at time 132603 ms
New incumbent 29 at time 328037 ms
Solution size 29
(32 -> 2630) (35 -> 2643) (36 -> 2644) (37 -> 2645) (38 -> 2651) (39 -> 2794) (40 -> 2793) (41 -> 2792) (42 -> 2791) (43 -> 2790) (45 -> 2633) (47 -> 2632) (49 -> 2659) (50 -> 2658) (52 -> 2809) (53 -> 2653) (54 -> 2654) (55 -> 2813) (56 -> 2656) (57 -> 2655) (58 -> 2825) (59 -> 2826) (60 -> 2652) (61 -> 2657) (62 -> 2675) (63 -> 2674) (64 -> 2673) (65 -> 2676) (66 -> 2677) 
Peak nogood count:                  33535
Final nogood count:                 379
Nodes:                              12504455
Time of last incumbent update (ms): 328037
CPU time (ms):                      1000028
TIMEOUT
Summary:
TIMEOUT 33535 379 12504455 328037 1000028
