New incumbent 1 at time 985 ms
New incumbent 2 at time 986 ms
New incumbent 3 at time 986 ms
New incumbent 4 at time 986 ms
New incumbent 5 at time 990 ms
New incumbent 6 at time 1000 ms
New incumbent 7 at time 1000 ms
Upper bound: 146
New incumbent 8 at time 1439 ms
New incumbent 9 at time 1440 ms
New incumbent 10 at time 1440 ms
New incumbent 11 at time 1440 ms
New incumbent 12 at time 1440 ms
New incumbent 13 at time 1453 ms
New incumbent 14 at time 1564 ms
New incumbent 15 at time 1623 ms
Upper bound: 145
New incumbent 16 at time 7255 ms
New incumbent 17 at time 7260 ms
New incumbent 18 at time 9254 ms
New incumbent 19 at time 9254 ms
New incumbent 20 at time 11529 ms
New incumbent 21 at time 14486 ms
New incumbent 22 at time 53930 ms
Upper bound: 144
New incumbent 23 at time 68522 ms
New incumbent 24 at time 104768 ms
New incumbent 25 at time 108241 ms
New incumbent 26 at time 108241 ms
Upper bound: 143
New incumbent 27 at time 633375 ms
New incumbent 28 at time 731114 ms
Solution size 28
(1 -> 1948) (2 -> 1947) (3 -> 1946) (4 -> 1954) (7 -> 1764) (8 -> 1765) (9 -> 1766) (10 -> 1209) (12 -> 1928) (13 -> 1211) (14 -> 1210) (15 -> 1214) (16 -> 1215) (17 -> 1795) (18 -> 1794) (19 -> 1796) (20 -> 1797) (21 -> 1783) (22 -> 1782) (26 -> 1784) (33 -> 1792) (36 -> 1944) (37 -> 1793) (61 -> 1213) (63 -> 1958) (64 -> 1950) (65 -> 1949) (67 -> 1216) 
Peak nogood count:                  59596
Final nogood count:                 59596
Nodes:                              15546218
Time of last incumbent update (ms): 731114
CPU time (ms):                      1000100
TIMEOUT
Summary:
TIMEOUT 59596 59596 15546218 731114 1000100
