New incumbent 1 at time 1247 ms
New incumbent 2 at time 1249 ms
New incumbent 3 at time 1262 ms
New incumbent 4 at time 1262 ms
New incumbent 5 at time 1395 ms
New incumbent 6 at time 1398 ms
Upper bound: 80
New incumbent 7 at time 1745 ms
New incumbent 8 at time 1745 ms
New incumbent 9 at time 1761 ms
New incumbent 10 at time 1761 ms
New incumbent 11 at time 2150 ms
New incumbent 12 at time 2150 ms
New incumbent 13 at time 2156 ms
New incumbent 14 at time 2163 ms
New incumbent 15 at time 4201 ms
Upper bound: 79
New incumbent 16 at time 15124 ms
New incumbent 17 at time 15124 ms
New incumbent 18 at time 16368 ms
New incumbent 19 at time 24232 ms
New incumbent 20 at time 31879 ms
New incumbent 21 at time 36277 ms
New incumbent 22 at time 36277 ms
New incumbent 23 at time 36277 ms
New incumbent 24 at time 36277 ms
New incumbent 25 at time 36278 ms
Upper bound: 78
New incumbent 26 at time 176912 ms
New incumbent 27 at time 176912 ms
New incumbent 28 at time 176912 ms
New incumbent 29 at time 474074 ms
Upper bound: 77
Solution size 29
(18 -> 2215) (29 -> 3839) (36 -> 2295) (37 -> 2224) (38 -> 2225) (39 -> 2222) (40 -> 2220) (41 -> 2219) (42 -> 2218) (43 -> 2217) (44 -> 2216) (45 -> 2221) (46 -> 2393) (47 -> 2394) (48 -> 2223) (49 -> 2395) (54 -> 2361) (55 -> 2360) (56 -> 2359) (58 -> 2391) (59 -> 2362) (60 -> 2363) (61 -> 2357) (62 -> 2356) (63 -> 2354) (64 -> 2355) (65 -> 2390) (72 -> 2352) (80 -> 2364) 
Peak nogood count:                  71810
Final nogood count:                 71810
Nodes:                              14475269
Time of last incumbent update (ms): 474074
CPU time (ms):                      1000138
TIMEOUT
Summary:
TIMEOUT 71810 71810 14475269 474074 1000138
