New incumbent 1 at time 385 ms
Upper bound: 39
Upper bound: 38
New incumbent 2 at time 1169 ms
Upper bound: 37
New incumbent 3 at time 1960 ms
New incumbent 4 at time 2455 ms
Upper bound: 36
New incumbent 5 at time 4444 ms
New incumbent 6 at time 4492 ms
New incumbent 7 at time 6332 ms
New incumbent 8 at time 12126 ms
Upper bound: 35
New incumbent 9 at time 488972 ms
Solution size 9
(2 -> 175) (3 -> 176) (4 -> 181) (5 -> 177) (6 -> 178) (9 -> 1870) (10 -> 1869) (12 -> 2225) (13 -> 2218) 
Peak nogood count:                  876849
Final nogood count:                 875455
Nodes:                              18141220
Time of last incumbent update (ms): 488972
CPU time (ms):                      1001205
TIMEOUT
Summary:
TIMEOUT 876849 875455 18141220 488972 1001205
