New incumbent 1 at time 396 ms
New incumbent 2 at time 397 ms
New incumbent 3 at time 402 ms
Upper bound: 162
New incumbent 4 at time 455 ms
New incumbent 5 at time 455 ms
New incumbent 6 at time 455 ms
New incumbent 7 at time 456 ms
New incumbent 8 at time 458 ms
New incumbent 9 at time 459 ms
New incumbent 10 at time 460 ms
New incumbent 11 at time 460 ms
New incumbent 12 at time 460 ms
New incumbent 13 at time 462 ms
New incumbent 14 at time 462 ms
New incumbent 15 at time 462 ms
New incumbent 16 at time 462 ms
New incumbent 17 at time 465 ms
New incumbent 18 at time 465 ms
New incumbent 19 at time 465 ms
New incumbent 20 at time 465 ms
New incumbent 21 at time 465 ms
New incumbent 22 at time 465 ms
New incumbent 23 at time 465 ms
New incumbent 24 at time 465 ms
New incumbent 25 at time 466 ms
New incumbent 26 at time 466 ms
New incumbent 27 at time 571 ms
New incumbent 28 at time 5130 ms
New incumbent 29 at time 5130 ms
New incumbent 30 at time 5133 ms
New incumbent 31 at time 5135 ms
New incumbent 32 at time 5135 ms
New incumbent 33 at time 5135 ms
New incumbent 34 at time 5136 ms
New incumbent 35 at time 5136 ms
New incumbent 36 at time 5136 ms
New incumbent 37 at time 5136 ms
New incumbent 38 at time 5136 ms
New incumbent 39 at time 5136 ms
New incumbent 40 at time 5137 ms
New incumbent 41 at time 5137 ms
New incumbent 42 at time 5137 ms
New incumbent 43 at time 5137 ms
New incumbent 44 at time 5137 ms
New incumbent 45 at time 5140 ms
New incumbent 46 at time 5149 ms
New incumbent 47 at time 5186 ms
New incumbent 48 at time 5187 ms
New incumbent 49 at time 5188 ms
New incumbent 50 at time 5188 ms
New incumbent 51 at time 5188 ms
New incumbent 52 at time 5188 ms
New incumbent 53 at time 5188 ms
New incumbent 54 at time 5431 ms
New incumbent 55 at time 5431 ms
New incumbent 56 at time 5431 ms
New incumbent 57 at time 5431 ms
New incumbent 58 at time 5432 ms
New incumbent 59 at time 5439 ms
New incumbent 60 at time 5697 ms
New incumbent 61 at time 5697 ms
New incumbent 62 at time 6106 ms
New incumbent 63 at time 6107 ms
New incumbent 64 at time 6294 ms
New incumbent 65 at time 6329 ms
New incumbent 66 at time 6821 ms
New incumbent 67 at time 7251 ms
New incumbent 68 at time 7251 ms
New incumbent 69 at time 7252 ms
New incumbent 70 at time 10715 ms
New incumbent 71 at time 10715 ms
New incumbent 72 at time 10715 ms
New incumbent 73 at time 11302 ms
New incumbent 74 at time 11302 ms
New incumbent 75 at time 11302 ms
New incumbent 76 at time 11304 ms
New incumbent 77 at time 11304 ms
New incumbent 78 at time 11304 ms
New incumbent 79 at time 11306 ms
New incumbent 80 at time 11337 ms
New incumbent 81 at time 35789 ms
New incumbent 82 at time 35789 ms
New incumbent 83 at time 35806 ms
New incumbent 84 at time 35878 ms
New incumbent 85 at time 37699 ms
New incumbent 86 at time 37700 ms
New incumbent 87 at time 37713 ms
New incumbent 88 at time 283835 ms
New incumbent 89 at time 645622 ms
New incumbent 90 at time 645622 ms
New incumbent 91 at time 645622 ms
New incumbent 92 at time 645622 ms
New incumbent 93 at time 645622 ms
New incumbent 94 at time 645622 ms
New incumbent 95 at time 645623 ms
New incumbent 96 at time 645623 ms
New incumbent 97 at time 645640 ms
Solution size 97
(5 -> 2340) (6 -> 2427) (7 -> 2426) (8 -> 2425) (9 -> 2424) (10 -> 2337) (11 -> 2315) (12 -> 2314) (13 -> 2365) (14 -> 2390) (15 -> 2405) (16 -> 2406) (17 -> 2453) (18 -> 2524) (19 -> 2523) (20 -> 2522) (21 -> 2521) (22 -> 2520) (23 -> 2519) (24 -> 2518) (25 -> 2459) (26 -> 2412) (32 -> 2333) (33 -> 2334) (34 -> 2335) (35 -> 2319) (36 -> 2318) (37 -> 2317) (38 -> 2320) (40 -> 2370) (41 -> 2385) (42 -> 2410) (43 -> 2409) (44 -> 2408) (45 -> 2407) (64 -> 2404) (65 -> 2403) (66 -> 2402) (67 -> 2449) (68 -> 2450) (69 -> 2451) (70 -> 2549) (71 -> 2448) (72 -> 2447) (73 -> 2446) (74 -> 2445) (75 -> 2444) (77 -> 2393) (78 -> 2394) (79 -> 2395) (80 -> 2396) (81 -> 2397) (82 -> 2358) (83 -> 2311) (84 -> 2312) (85 -> 2472) (86 -> 2341) (87 -> 2304) (88 -> 2305) (89 -> 2301) (90 -> 2300) (91 -> 2287) (92 -> 2288) (93 -> 2289) (94 -> 2290) (95 -> 2291) (96 -> 2348) (97 -> 2435) (98 -> 2482) (103 -> 2347) (104 -> 2432) (105 -> 2433) (106 -> 2478) (107 -> 2479) (108 -> 2500) (109 -> 2546) (110 -> 2286) (111 -> 2285) (112 -> 2296) (113 -> 2353) (114 -> 2354) (115 -> 2281) (116 -> 2283) (117 -> 2293) (118 -> 2350) (119 -> 2351) (120 -> 2438) (121 -> 2343) (122 -> 2302) (125 -> 1229) (126 -> 1230) (127 -> 1205) (128 -> 1231) (129 -> 1232) (130 -> 1233) (131 -> 1234) (132 -> 1228) 
Peak nogood count:                  58846
Final nogood count:                 58818
Nodes:                              22913391
Time of last incumbent update (ms): 645640
CPU time (ms):                      1000153
TIMEOUT
Summary:
TIMEOUT 58846 58818 22913391 645640 1000153
