New incumbent 1 at time 1690 ms
New incumbent 2 at time 1691 ms
New incumbent 3 at time 1691 ms
New incumbent 4 at time 1692 ms
New incumbent 5 at time 1692 ms
New incumbent 6 at time 1692 ms
New incumbent 7 at time 1692 ms
New incumbent 8 at time 1692 ms
New incumbent 9 at time 1828 ms
New incumbent 10 at time 1828 ms
New incumbent 11 at time 2292 ms
New incumbent 12 at time 2422 ms
New incumbent 13 at time 2422 ms
New incumbent 14 at time 2422 ms
Upper bound: 116
New incumbent 15 at time 3019 ms
New incumbent 16 at time 3020 ms
New incumbent 17 at time 3020 ms
New incumbent 18 at time 3020 ms
New incumbent 19 at time 3020 ms
New incumbent 20 at time 3020 ms
New incumbent 21 at time 13613 ms
Upper bound: 115
New incumbent 22 at time 32610 ms
New incumbent 23 at time 36614 ms
New incumbent 24 at time 43706 ms
New incumbent 25 at time 43706 ms
New incumbent 26 at time 43706 ms
New incumbent 27 at time 43706 ms
Upper bound: 114
New incumbent 28 at time 202645 ms
New incumbent 29 at time 202645 ms
New incumbent 30 at time 202645 ms
New incumbent 31 at time 224342 ms
New incumbent 32 at time 284445 ms
New incumbent 33 at time 284446 ms
New incumbent 34 at time 468802 ms
Solution size 34
(1 -> 2676) (2 -> 2700) (3 -> 2699) (4 -> 2686) (5 -> 2687) (6 -> 2634) (7 -> 2635) (8 -> 2636) (9 -> 2637) (10 -> 5336) (11 -> 5335) (12 -> 5331) (13 -> 2638) (14 -> 5334) (15 -> 5354) (16 -> 5338) (17 -> 5337) (19 -> 5330) (20 -> 2643) (21 -> 2642) (22 -> 2476) (25 -> 2710) (27 -> 2683) (28 -> 2922) (29 -> 2921) (30 -> 2681) (31 -> 2682) (32 -> 2680) (33 -> 2679) (34 -> 5282) (42 -> 2923) (45 -> 2919) (104 -> 2920) (115 -> 2633) 
Peak nogood count:                  9891
Final nogood count:                 7216
Nodes:                              10907639
Time of last incumbent update (ms): 468802
CPU time (ms):                      1000051
TIMEOUT
Summary:
TIMEOUT 9891 7216 10907639 468802 1000051
