New incumbent 1 at time 269 ms
New incumbent 2 at time 270 ms
New incumbent 3 at time 270 ms
New incumbent 4 at time 270 ms
New incumbent 5 at time 271 ms
New incumbent 6 at time 278 ms
New incumbent 7 at time 282 ms
New incumbent 8 at time 293 ms
New incumbent 9 at time 319 ms
New incumbent 10 at time 319 ms
New incumbent 11 at time 319 ms
New incumbent 12 at time 319 ms
New incumbent 13 at time 319 ms
Upper bound: 116
New incumbent 14 at time 1618 ms
New incumbent 15 at time 1618 ms
New incumbent 16 at time 1618 ms
New incumbent 17 at time 1618 ms
New incumbent 18 at time 1618 ms
Upper bound: 115
New incumbent 19 at time 3164 ms
New incumbent 20 at time 3164 ms
New incumbent 21 at time 3164 ms
New incumbent 22 at time 3164 ms
New incumbent 23 at time 5195 ms
New incumbent 24 at time 6044 ms
Upper bound: 114
New incumbent 25 at time 24311 ms
New incumbent 26 at time 25920 ms
New incumbent 27 at time 25920 ms
New incumbent 28 at time 33303 ms
New incumbent 29 at time 84190 ms
New incumbent 30 at time 84191 ms
New incumbent 31 at time 84242 ms
New incumbent 32 at time 84242 ms
Upper bound: 113
New incumbent 33 at time 249357 ms
New incumbent 34 at time 249357 ms
New incumbent 35 at time 249357 ms
New incumbent 36 at time 303358 ms
New incumbent 37 at time 303358 ms
Solution size 37
(0 -> 419) (2 -> 816) (3 -> 815) (4 -> 811) (5 -> 812) (6 -> 836) (7 -> 835) (8 -> 431) (9 -> 432) (10 -> 433) (11 -> 434) (12 -> 872) (13 -> 873) (14 -> 435) (15 -> 1023) (16 -> 1024) (17 -> 1025) (19 -> 834) (20 -> 430) (21 -> 429) (22 -> 428) (23 -> 427) (24 -> 426) (26 -> 813) (27 -> 829) (28 -> 828) (29 -> 827) (30 -> 875) (32 -> 876) (33 -> 702) (34 -> 703) (42 -> 877) (45 -> 825) (104 -> 826) (113 -> 421) (114 -> 420) (115 -> 837) 
Peak nogood count:                  40875
Final nogood count:                 16214
Nodes:                              26417462
Time of last incumbent update (ms): 303358
CPU time (ms):                      1000036
TIMEOUT
Summary:
TIMEOUT 40875 16214 26417462 303358 1000036
