New incumbent 1 at time 1901 ms
New incumbent 2 at time 1901 ms
New incumbent 3 at time 1902 ms
New incumbent 4 at time 1902 ms
New incumbent 5 at time 1902 ms
New incumbent 6 at time 1902 ms
New incumbent 7 at time 1920 ms
New incumbent 8 at time 1972 ms
New incumbent 9 at time 2004 ms
New incumbent 10 at time 2004 ms
New incumbent 11 at time 2004 ms
New incumbent 12 at time 2995 ms
New incumbent 13 at time 2995 ms
New incumbent 14 at time 4595 ms
Upper bound: 23
New incumbent 15 at time 11546 ms
New incumbent 16 at time 14699 ms
New incumbent 17 at time 14700 ms
New incumbent 18 at time 17211 ms
New incumbent 19 at time 18468 ms
New incumbent 20 at time 20168 ms
New incumbent 21 at time 20168 ms
New incumbent 22 at time 23010 ms
Upper bound: 22
Solution size 22
(0 -> 2855) (1 -> 2854) (2 -> 2851) (3 -> 2852) (5 -> 2849) (6 -> 2824) (7 -> 2823) (8 -> 2822) (9 -> 2821) (10 -> 2831) (11 -> 2832) (12 -> 2825) (13 -> 2826) (14 -> 2827) (15 -> 2830) (16 -> 2820) (17 -> 2850) (18 -> 2859) (19 -> 2860) (20 -> 2861) (21 -> 2704) (22 -> 2703) 
Peak nogood count:                  10906
Final nogood count:                 0
Nodes:                              744016
Time of last incumbent update (ms): 23010
CPU time (ms):                      70381
Summary:
COMPLETED 10906 0 744016 23010 70381
