New incumbent 1 at time 1920 ms
New incumbent 2 at time 1922 ms
New incumbent 3 at time 1922 ms
New incumbent 4 at time 1922 ms
New incumbent 5 at time 1923 ms
New incumbent 6 at time 1940 ms
New incumbent 7 at time 1940 ms
New incumbent 8 at time 1961 ms
New incumbent 9 at time 2137 ms
Upper bound: 52
New incumbent 10 at time 2828 ms
New incumbent 11 at time 2872 ms
New incumbent 12 at time 2878 ms
New incumbent 13 at time 2878 ms
New incumbent 14 at time 2881 ms
New incumbent 15 at time 2928 ms
New incumbent 16 at time 4759 ms
New incumbent 17 at time 8078 ms
New incumbent 18 at time 9249 ms
New incumbent 19 at time 13139 ms
New incumbent 20 at time 16300 ms
New incumbent 21 at time 16300 ms
New incumbent 22 at time 16301 ms
New incumbent 23 at time 16301 ms
New incumbent 24 at time 16307 ms
New incumbent 25 at time 16307 ms
New incumbent 26 at time 16307 ms
New incumbent 27 at time 16307 ms
New incumbent 28 at time 16307 ms
New incumbent 29 at time 16307 ms
New incumbent 30 at time 16309 ms
New incumbent 31 at time 16309 ms
New incumbent 32 at time 16370 ms
New incumbent 33 at time 16370 ms
New incumbent 34 at time 16370 ms
Upper bound: 51
New incumbent 35 at time 49633 ms
New incumbent 36 at time 49633 ms
New incumbent 37 at time 231404 ms
New incumbent 38 at time 231404 ms
New incumbent 39 at time 231404 ms
New incumbent 40 at time 323018 ms
New incumbent 41 at time 323018 ms
New incumbent 42 at time 323018 ms
New incumbent 43 at time 323018 ms
New incumbent 44 at time 323018 ms
Upper bound: 50
Solution size 44
(0 -> 666) (1 -> 667) (2 -> 724) (3 -> 669) (5 -> 4320) (8 -> 903) (9 -> 904) (10 -> 905) (11 -> 906) (12 -> 907) (13 -> 908) (14 -> 897) (15 -> 896) (16 -> 909) (17 -> 910) (18 -> 893) (19 -> 892) (22 -> 911) (26 -> 4317) (27 -> 4318) (28 -> 4319) (29 -> 4377) (31 -> 4382) (32 -> 4379) (33 -> 4378) (34 -> 4383) (35 -> 660) (36 -> 659) (37 -> 658) (38 -> 657) (39 -> 656) (40 -> 4416) (41 -> 652) (42 -> 651) (43 -> 711) (44 -> 694) (45 -> 693) (46 -> 692) (47 -> 715) (48 -> 717) (49 -> 718) (50 -> 719) (51 -> 723) (52 -> 668) 
Peak nogood count:                  19815
Final nogood count:                 16109
Nodes:                              12214037
Time of last incumbent update (ms): 323018
CPU time (ms):                      1000065
TIMEOUT
Summary:
TIMEOUT 19815 16109 12214037 323018 1000065
