New incumbent 1 at time 232 ms
New incumbent 2 at time 233 ms
Upper bound: 128
Upper bound: 127
Upper bound: 126
New incumbent 3 at time 1141 ms
Upper bound: 125
New incumbent 4 at time 1845 ms
New incumbent 5 at time 2563 ms
Upper bound: 124
New incumbent 6 at time 6558 ms
Upper bound: 123
Upper bound: 122
New incumbent 7 at time 84814 ms
Solution size 7
(0 -> 1197) (1 -> 1) (6 -> 1192) (8 -> 1195) (13 -> 1200) (15 -> 1194) (16 -> 1196) 
Peak nogood count:                  10917
Final nogood count:                 7015
Nodes:                              27673511
Time of last incumbent update (ms): 84814
CPU time (ms):                      1000017
TIMEOUT
Summary:
TIMEOUT 10917 7015 27673511 84814 1000017
