New incumbent 1 at time 1592 ms
New incumbent 2 at time 1593 ms
New incumbent 3 at time 1593 ms
New incumbent 4 at time 1593 ms
New incumbent 5 at time 1593 ms
New incumbent 6 at time 1594 ms
New incumbent 7 at time 1594 ms
New incumbent 8 at time 1610 ms
New incumbent 9 at time 1610 ms
New incumbent 10 at time 1610 ms
New incumbent 11 at time 1610 ms
New incumbent 12 at time 1611 ms
New incumbent 13 at time 1973 ms
New incumbent 14 at time 1974 ms
New incumbent 15 at time 1974 ms
New incumbent 16 at time 2683 ms
Upper bound: 23
New incumbent 17 at time 14655 ms
New incumbent 18 at time 47884 ms
New incumbent 19 at time 47885 ms
New incumbent 20 at time 47886 ms
New incumbent 21 at time 47886 ms
New incumbent 22 at time 47886 ms
New incumbent 23 at time 47886 ms
Solution size 23
(0 -> 4210) (1 -> 4207) (2 -> 4187) (3 -> 4188) (4 -> 4189) (5 -> 4201) (6 -> 4200) (7 -> 4185) (8 -> 4184) (9 -> 4183) (10 -> 4197) (11 -> 4196) (12 -> 4199) (13 -> 4202) (14 -> 4195) (15 -> 4198) (16 -> 4182) (17 -> 4186) (19 -> 3338) (20 -> 3337) (21 -> 4599) (22 -> 3340) (23 -> 3341) 
Peak nogood count:                  5173
Final nogood count:                 3399
Nodes:                              530787
Time of last incumbent update (ms): 47886
CPU time (ms):                      47895
Summary:
COMPLETED 5173 3399 530787 47886 47895
