New incumbent 1 at time 171 ms
New incumbent 2 at time 172 ms
Upper bound: 198
Upper bound: 197
Upper bound: 196
Upper bound: 195
Upper bound: 194
Upper bound: 193
New incumbent 3 at time 1742 ms
Upper bound: 192
New incumbent 4 at time 2534 ms
New incumbent 5 at time 2534 ms
Upper bound: 191
New incumbent 6 at time 5350 ms
New incumbent 7 at time 5350 ms
Upper bound: 190
New incumbent 8 at time 13335 ms
New incumbent 9 at time 13335 ms
Upper bound: 189
New incumbent 10 at time 200367 ms
New incumbent 11 at time 200367 ms
New incumbent 12 at time 200368 ms
New incumbent 13 at time 200368 ms
Upper bound: 188
Solution size 13
(0 -> 1) (44 -> 103) (73 -> 112) (75 -> 105) (76 -> 106) (77 -> 109) (78 -> 110) (118 -> 71) (119 -> 69) (120 -> 70) (121 -> 49) (141 -> 72) (142 -> 104) 
Peak nogood count:                  9456
Final nogood count:                 1504
Nodes:                              35791991
Time of last incumbent update (ms): 200368
CPU time (ms):                      1000015
TIMEOUT
Summary:
TIMEOUT 9456 1504 35791991 200368 1000015
