New incumbent 1 at time 274 ms
New incumbent 2 at time 274 ms
New incumbent 3 at time 274 ms
New incumbent 4 at time 274 ms
New incumbent 5 at time 274 ms
New incumbent 6 at time 274 ms
New incumbent 7 at time 275 ms
New incumbent 8 at time 275 ms
New incumbent 9 at time 282 ms
New incumbent 10 at time 368 ms
New incumbent 11 at time 368 ms
Upper bound: 21
New incumbent 12 at time 828 ms
New incumbent 13 at time 828 ms
New incumbent 14 at time 828 ms
New incumbent 15 at time 828 ms
Upper bound: 20
New incumbent 16 at time 8559 ms
New incumbent 17 at time 8559 ms
New incumbent 18 at time 11002 ms
New incumbent 19 at time 12278 ms
New incumbent 20 at time 19181 ms
Solution size 20
(0 -> 867) (1 -> 2101) (3 -> 2099) (4 -> 2100) (5 -> 862) (6 -> 863) (8 -> 865) (9 -> 2102) (10 -> 2103) (11 -> 2104) (12 -> 2105) (13 -> 2106) (14 -> 2107) (15 -> 2108) (16 -> 864) (17 -> 868) (18 -> 861) (19 -> 874) (20 -> 873) (21 -> 875) 
Peak nogood count:                  4581
Final nogood count:                 961
Nodes:                              495614
Time of last incumbent update (ms): 19181
CPU time (ms):                      19185
Summary:
COMPLETED 4581 961 495614 19181 19185
