New incumbent 1 at time 1282 ms
New incumbent 2 at time 1283 ms
New incumbent 3 at time 1283 ms
New incumbent 4 at time 1283 ms
New incumbent 5 at time 1283 ms
New incumbent 6 at time 1284 ms
New incumbent 7 at time 1284 ms
New incumbent 8 at time 1371 ms
New incumbent 9 at time 1371 ms
New incumbent 10 at time 1371 ms
New incumbent 11 at time 2099 ms
New incumbent 12 at time 2099 ms
Upper bound: 69
New incumbent 13 at time 2290 ms
New incumbent 14 at time 2325 ms
New incumbent 15 at time 2569 ms
New incumbent 16 at time 2955 ms
New incumbent 17 at time 2956 ms
New incumbent 18 at time 2956 ms
New incumbent 19 at time 2956 ms
New incumbent 20 at time 2956 ms
New incumbent 21 at time 2991 ms
New incumbent 22 at time 10351 ms
New incumbent 23 at time 14521 ms
New incumbent 24 at time 14521 ms
New incumbent 25 at time 14521 ms
New incumbent 26 at time 14521 ms
Upper bound: 68
New incumbent 27 at time 29567 ms
New incumbent 28 at time 29567 ms
New incumbent 29 at time 32800 ms
New incumbent 30 at time 63893 ms
New incumbent 31 at time 63894 ms
New incumbent 32 at time 70218 ms
New incumbent 33 at time 70241 ms
Upper bound: 67
New incumbent 34 at time 393135 ms
New incumbent 35 at time 393135 ms
New incumbent 36 at time 393135 ms
New incumbent 37 at time 393135 ms
New incumbent 38 at time 446088 ms
Solution size 38
(3 -> 2478) (12 -> 2479) (13 -> 1102) (14 -> 1101) (15 -> 2494) (16 -> 1100) (17 -> 1104) (18 -> 1103) (20 -> 4096) (21 -> 1115) (22 -> 1114) (23 -> 1113) (24 -> 1112) (26 -> 4017) (27 -> 4097) (28 -> 1107) (29 -> 1108) (30 -> 2524) (31 -> 1105) (32 -> 4098) (34 -> 4018) (35 -> 1111) (36 -> 2555) (37 -> 2529) (38 -> 2530) (39 -> 2554) (40 -> 2374) (41 -> 2373) (58 -> 2532) (59 -> 2531) (60 -> 2553) (61 -> 2534) (62 -> 2535) (63 -> 2545) (64 -> 2533) (65 -> 2528) (66 -> 2527) (67 -> 2526) 
Peak nogood count:                  287490
Final nogood count:                 287490
Nodes:                              10878094
Time of last incumbent update (ms): 446088
CPU time (ms):                      1000519
TIMEOUT
Summary:
TIMEOUT 287490 287490 10878094 446088 1000519
