New incumbent 1 at time 521 ms
New incumbent 2 at time 527 ms
New incumbent 3 at time 528 ms
New incumbent 4 at time 528 ms
New incumbent 5 at time 529 ms
New incumbent 6 at time 529 ms
New incumbent 7 at time 557 ms
New incumbent 8 at time 557 ms
New incumbent 9 at time 557 ms
New incumbent 10 at time 557 ms
Upper bound: 143
New incumbent 11 at time 928 ms
New incumbent 12 at time 928 ms
New incumbent 13 at time 928 ms
New incumbent 14 at time 1073 ms
New incumbent 15 at time 1213 ms
New incumbent 16 at time 1214 ms
New incumbent 17 at time 1214 ms
New incumbent 18 at time 1214 ms
New incumbent 19 at time 3343 ms
New incumbent 20 at time 3343 ms
Upper bound: 142
New incumbent 21 at time 5400 ms
New incumbent 22 at time 5400 ms
New incumbent 23 at time 15112 ms
New incumbent 24 at time 21160 ms
New incumbent 25 at time 38168 ms
New incumbent 26 at time 46741 ms
New incumbent 27 at time 52415 ms
New incumbent 28 at time 59662 ms
Upper bound: 141
Solution size 28
(0 -> 116) (1 -> 2654) (2 -> 121) (3 -> 120) (4 -> 2430) (5 -> 2431) (6 -> 2432) (7 -> 2433) (8 -> 2438) (10 -> 2440) (11 -> 2439) (12 -> 67) (13 -> 68) (14 -> 70) (15 -> 71) (16 -> 114) (17 -> 115) (18 -> 2442) (19 -> 2443) (20 -> 2444) (21 -> 2445) (22 -> 2469) (76 -> 125) (77 -> 124) (78 -> 123) (79 -> 122) (141 -> 2471) (142 -> 2446) 
Peak nogood count:                  588926
Final nogood count:                 588926
Nodes:                              17887154
Time of last incumbent update (ms): 59662
CPU time (ms):                      1000953
TIMEOUT
Summary:
TIMEOUT 588926 588926 17887154 59662 1000953
