New incumbent 1 at time 225 ms
New incumbent 2 at time 225 ms
New incumbent 3 at time 225 ms
New incumbent 4 at time 225 ms
New incumbent 5 at time 225 ms
New incumbent 6 at time 228 ms
New incumbent 7 at time 230 ms
New incumbent 8 at time 373 ms
New incumbent 9 at time 373 ms
New incumbent 10 at time 373 ms
New incumbent 11 at time 373 ms
New incumbent 12 at time 374 ms
New incumbent 13 at time 374 ms
Upper bound: 20
New incumbent 14 at time 1622 ms
New incumbent 15 at time 1622 ms
New incumbent 16 at time 1655 ms
New incumbent 17 at time 2358 ms
Upper bound: 19
New incumbent 18 at time 7899 ms
New incumbent 19 at time 17184 ms
Solution size 19
(0 -> 1410) (1 -> 1411) (3 -> 1247) (4 -> 1248) (5 -> 1409) (6 -> 1408) (7 -> 1407) (8 -> 1402) (9 -> 1403) (10 -> 1404) (11 -> 1405) (12 -> 1406) (14 -> 1265) (15 -> 1264) (16 -> 1263) (17 -> 1262) (18 -> 1261) (19 -> 1412) (20 -> 1399) 
Peak nogood count:                  5444
Final nogood count:                 5444
Nodes:                              453085
Time of last incumbent update (ms): 17184
CPU time (ms):                      17191
Summary:
COMPLETED 5444 5444 453085 17184 17191
