New incumbent 1 at time 1008 ms
New incumbent 2 at time 1010 ms
New incumbent 3 at time 1014 ms
New incumbent 4 at time 1014 ms
New incumbent 5 at time 1014 ms
New incumbent 6 at time 1014 ms
New incumbent 7 at time 1014 ms
New incumbent 8 at time 1087 ms
New incumbent 9 at time 1200 ms
New incumbent 10 at time 1201 ms
New incumbent 11 at time 1201 ms
New incumbent 12 at time 1201 ms
New incumbent 13 at time 1201 ms
New incumbent 14 at time 1201 ms
New incumbent 15 at time 1201 ms
New incumbent 16 at time 1201 ms
New incumbent 17 at time 1201 ms
New incumbent 18 at time 1201 ms
Upper bound: 69
New incumbent 19 at time 3958 ms
New incumbent 20 at time 6014 ms
New incumbent 21 at time 9903 ms
New incumbent 22 at time 9904 ms
New incumbent 23 at time 9904 ms
New incumbent 24 at time 9912 ms
Upper bound: 68
New incumbent 25 at time 22338 ms
New incumbent 26 at time 22338 ms
New incumbent 27 at time 37480 ms
New incumbent 28 at time 50599 ms
Upper bound: 67
New incumbent 29 at time 186777 ms
New incumbent 30 at time 186802 ms
New incumbent 31 at time 186890 ms
New incumbent 32 at time 186890 ms
New incumbent 33 at time 196399 ms
New incumbent 34 at time 647764 ms
New incumbent 35 at time 649453 ms
New incumbent 36 at time 649453 ms
New incumbent 37 at time 649453 ms
New incumbent 38 at time 649453 ms
Solution size 38
(0 -> 2812) (1 -> 2811) (2 -> 2810) (3 -> 2808) (4 -> 2807) (5 -> 2821) (6 -> 2819) (7 -> 2820) (8 -> 2818) (9 -> 2817) (10 -> 2815) (11 -> 2816) (13 -> 3865) (14 -> 3866) (15 -> 3985) (16 -> 3867) (17 -> 3876) (18 -> 3877) (19 -> 3878) (20 -> 3879) (21 -> 3882) (22 -> 3881) (23 -> 3880) (25 -> 3891) (26 -> 3924) (27 -> 3925) (28 -> 3926) (29 -> 3927) (30 -> 3928) (31 -> 3875) (32 -> 3982) (33 -> 3890) (41 -> 4138) (48 -> 4141) (49 -> 4140) (50 -> 2813) (51 -> 4139) (52 -> 2247) 
Peak nogood count:                  560037
Final nogood count:                 560037
Nodes:                              11695973
Time of last incumbent update (ms): 649453
CPU time (ms):                      1001036
TIMEOUT
Summary:
TIMEOUT 560037 560037 11695973 649453 1001036
