New incumbent 1 at time 500 ms
New incumbent 2 at time 502 ms
New incumbent 3 at time 502 ms
New incumbent 4 at time 502 ms
New incumbent 5 at time 502 ms
New incumbent 6 at time 502 ms
New incumbent 7 at time 502 ms
New incumbent 8 at time 502 ms
New incumbent 9 at time 503 ms
New incumbent 10 at time 503 ms
New incumbent 11 at time 505 ms
New incumbent 12 at time 505 ms
New incumbent 13 at time 505 ms
New incumbent 14 at time 505 ms
New incumbent 15 at time 505 ms
Upper bound: 150
New incumbent 16 at time 1768 ms
New incumbent 17 at time 1768 ms
New incumbent 18 at time 1974 ms
New incumbent 19 at time 1974 ms
New incumbent 20 at time 1974 ms
New incumbent 21 at time 2284 ms
New incumbent 22 at time 2284 ms
Upper bound: 149
New incumbent 23 at time 7449 ms
New incumbent 24 at time 7449 ms
New incumbent 25 at time 12321 ms
New incumbent 26 at time 21203 ms
Upper bound: 148
New incumbent 27 at time 52847 ms
New incumbent 28 at time 52847 ms
New incumbent 29 at time 52847 ms
New incumbent 30 at time 198057 ms
New incumbent 31 at time 211007 ms
Upper bound: 147
New incumbent 32 at time 383441 ms
New incumbent 33 at time 383441 ms
Solution size 33
(0 -> 1734) (2 -> 1809) (3 -> 1810) (4 -> 1741) (5 -> 1740) (7 -> 1675) (8 -> 1674) (9 -> 1673) (10 -> 1672) (11 -> 1671) (12 -> 2073) (13 -> 1824) (14 -> 1818) (15 -> 1817) (16 -> 1826) (17 -> 1825) (18 -> 1819) (19 -> 1820) (20 -> 1737) (21 -> 1738) (22 -> 1736) (23 -> 1735) (24 -> 1705) (26 -> 1678) (82 -> 1798) (89 -> 1797) (90 -> 1805) (93 -> 1795) (94 -> 1796) (95 -> 1808) (96 -> 1807) (109 -> 1812) (129 -> 1730) 
Peak nogood count:                  247756
Final nogood count:                 247731
Nodes:                              18200885
Time of last incumbent update (ms): 383441
CPU time (ms):                      1000443
TIMEOUT
Summary:
TIMEOUT 247756 247731 18200885 383441 1000443
