New incumbent 1 at time 1122 ms
New incumbent 2 at time 1124 ms
New incumbent 3 at time 1124 ms
New incumbent 4 at time 1124 ms
New incumbent 5 at time 1124 ms
New incumbent 6 at time 1124 ms
New incumbent 7 at time 1125 ms
New incumbent 8 at time 1125 ms
New incumbent 9 at time 1142 ms
New incumbent 10 at time 1142 ms
New incumbent 11 at time 1142 ms
Upper bound: 144
New incumbent 12 at time 1858 ms
New incumbent 13 at time 1859 ms
New incumbent 14 at time 1881 ms
New incumbent 15 at time 4073 ms
Upper bound: 143
New incumbent 16 at time 12809 ms
New incumbent 17 at time 15656 ms
New incumbent 18 at time 25331 ms
New incumbent 19 at time 25331 ms
New incumbent 20 at time 25332 ms
New incumbent 21 at time 25332 ms
New incumbent 22 at time 30033 ms
New incumbent 23 at time 30034 ms
Upper bound: 142
New incumbent 24 at time 119110 ms
New incumbent 25 at time 149015 ms
New incumbent 26 at time 400648 ms
Upper bound: 141
New incumbent 27 at time 665508 ms
Solution size 27
(19 -> 254) (23 -> 3967) (25 -> 212) (26 -> 213) (27 -> 214) (29 -> 4067) (30 -> 4066) (31 -> 4065) (32 -> 3970) (33 -> 3971) (34 -> 3960) (35 -> 3961) (36 -> 3962) (37 -> 3963) (41 -> 259) (42 -> 3939) (43 -> 3940) (44 -> 3941) (101 -> 3972) (111 -> 3959) (113 -> 4068) (114 -> 4069) (133 -> 3965) (134 -> 3964) (135 -> 3966) (136 -> 4092) (137 -> 215) 
Peak nogood count:                  149317
Final nogood count:                 149317
Nodes:                              13597013
Time of last incumbent update (ms): 665508
CPU time (ms):                      1000246
TIMEOUT
Summary:
TIMEOUT 149317 149317 13597013 665508 1000246
