New incumbent 1 at time 1758 ms
Upper bound: 198
Upper bound: 197
New incumbent 2 at time 4070 ms
Upper bound: 196
New incumbent 3 at time 11247 ms
Upper bound: 195
New incumbent 4 at time 20448 ms
New incumbent 5 at time 31841 ms
Upper bound: 194
Upper bound: 193
New incumbent 6 at time 113167 ms
Upper bound: 192
New incumbent 7 at time 596254 ms
Solution size 7
(0 -> 3615) (2 -> 3611) (5 -> 3147) (7 -> 3144) (27 -> 3614) (145 -> 3623) (183 -> 3616) 
Peak nogood count:                  34465
Final nogood count:                 9953
Nodes:                              12054475
Time of last incumbent update (ms): 596254
CPU time (ms):                      1000064
TIMEOUT
Summary:
TIMEOUT 34465 9953 12054475 596254 1000064
