New incumbent 1 at time 83 ms
New incumbent 2 at time 106 ms
Upper bound: 81
New incumbent 3 at time 131 ms
Upper bound: 80
New incumbent 4 at time 211 ms
New incumbent 5 at time 212 ms
New incumbent 6 at time 215 ms
Upper bound: 79
Upper bound: 78
New incumbent 7 at time 755 ms
Upper bound: 77
New incumbent 8 at time 1579 ms
Upper bound: 76
New incumbent 9 at time 5536 ms
New incumbent 10 at time 6301 ms
New incumbent 11 at time 16366 ms
Upper bound: 75
Upper bound: 74
New incumbent 12 at time 63962 ms
New incumbent 13 at time 129973 ms
Upper bound: 73
Solution size 13
(1 -> 462) (2 -> 461) (3 -> 455) (6 -> 310) (7 -> 463) (8 -> 464) (10 -> 301) (11 -> 306) (12 -> 302) (13 -> 680) (15 -> 299) (16 -> 563) (81 -> 311) 
Peak nogood count:                  54815
Final nogood count:                 38855
Nodes:                              52424852
Time of last incumbent update (ms): 129973
CPU time (ms):                      1000053
TIMEOUT
Summary:
TIMEOUT 54815 38855 52424852 129973 1000053
