New incumbent 1 at time 635 ms
New incumbent 2 at time 644 ms
Upper bound: 128
Upper bound: 127
Upper bound: 126
Upper bound: 125
New incumbent 3 at time 7483 ms
Upper bound: 124
New incumbent 4 at time 30672 ms
Upper bound: 123
New incumbent 5 at time 102467 ms
New incumbent 6 at time 102468 ms
Upper bound: 122
New incumbent 7 at time 622205 ms
New incumbent 8 at time 622208 ms
Solution size 8
(106 -> 1474) (107 -> 1473) (109 -> 1907) (110 -> 1597) (112 -> 1596) (114 -> 1461) (118 -> 1472) (121 -> 1593) 
Peak nogood count:                  16243
Final nogood count:                 3909
Nodes:                              16858076
Time of last incumbent update (ms): 622208
CPU time (ms):                      1000025
TIMEOUT
Summary:
TIMEOUT 16243 3909 16858076 622208 1000025
