New incumbent 1 at time 1496 ms
New incumbent 2 at time 1521 ms
Upper bound: 48
New incumbent 3 at time 3054 ms
New incumbent 4 at time 3055 ms
Upper bound: 47
Upper bound: 46
New incumbent 5 at time 23270 ms
Upper bound: 45
New incumbent 6 at time 56341 ms
Upper bound: 44
New incumbent 7 at time 309690 ms
Upper bound: 43
Solution size 7
(0 -> 2887) (1 -> 2882) (10 -> 3411) (11 -> 3412) (13 -> 2886) (19 -> 1634) (46 -> 3410) 
Peak nogood count:                  29650
Final nogood count:                 1082
Nodes:                              10698323
Time of last incumbent update (ms): 309690
CPU time (ms):                      1000026
TIMEOUT
Summary:
TIMEOUT 29650 1082 10698323 309690 1000026
