New incumbent 1 at time 1776 ms
New incumbent 2 at time 1776 ms
New incumbent 3 at time 1776 ms
New incumbent 4 at time 1776 ms
New incumbent 5 at time 1786 ms
New incumbent 6 at time 1786 ms
New incumbent 7 at time 1787 ms
New incumbent 8 at time 1788 ms
New incumbent 9 at time 1806 ms
New incumbent 10 at time 1831 ms
New incumbent 11 at time 1927 ms
New incumbent 12 at time 1949 ms
New incumbent 13 at time 2509 ms
Upper bound: 18
New incumbent 14 at time 12195 ms
New incumbent 15 at time 12195 ms
New incumbent 16 at time 48525 ms
Upper bound: 17
New incumbent 17 at time 90288 ms
Solution size 17
(0 -> 775) (1 -> 776) (2 -> 777) (3 -> 782) (5 -> 694) (6 -> 786) (7 -> 787) (8 -> 788) (9 -> 789) (10 -> 790) (11 -> 791) (12 -> 792) (13 -> 794) (14 -> 793) (16 -> 774) (17 -> 778) (18 -> 779) 
Peak nogood count:                  9456
Final nogood count:                 7
Nodes:                              901626
Time of last incumbent update (ms): 90288
CPU time (ms):                      90295
Summary:
COMPLETED 9456 7 901626 90288 90295
