New incumbent 1 at time 172 ms
Upper bound: 39
Upper bound: 38
New incumbent 2 at time 606 ms
Upper bound: 37
New incumbent 3 at time 811 ms
Upper bound: 36
New incumbent 4 at time 1400 ms
New incumbent 5 at time 1401 ms
New incumbent 6 at time 4106 ms
Upper bound: 35
New incumbent 7 at time 5588 ms
Solution size 7
(2 -> 367) (4 -> 382) (5 -> 381) (7 -> 380) (8 -> 391) (10 -> 390) (11 -> 384) 
Peak nogood count:                  638895
Final nogood count:                 604341
Nodes:                              29007844
Time of last incumbent update (ms): 5588
CPU time (ms):                      1000759
TIMEOUT
Summary:
TIMEOUT 638895 604341 29007844 5588 1000759
