New incumbent 1 at time 87 ms
New incumbent 2 at time 106 ms
Upper bound: 81
New incumbent 3 at time 163 ms
Upper bound: 80
Upper bound: 79
New incumbent 4 at time 394 ms
Upper bound: 78
New incumbent 5 at time 630 ms
Upper bound: 77
Upper bound: 76
New incumbent 6 at time 1672 ms
New incumbent 7 at time 1673 ms
Upper bound: 75
New incumbent 8 at time 5567 ms
Upper bound: 74
New incumbent 9 at time 18147 ms
Upper bound: 73
New incumbent 10 at time 714261 ms
Solution size 10
(0 -> 516) (3 -> 418) (4 -> 419) (6 -> 421) (9 -> 470) (14 -> 469) (16 -> 513) (19 -> 415) (80 -> 491) (81 -> 420) 
Peak nogood count:                  20456
Final nogood count:                 3937
Nodes:                              39751011
Time of last incumbent update (ms): 714261
CPU time (ms):                      1000007
TIMEOUT
Summary:
TIMEOUT 20456 3937 39751011 714261 1000007
