New incumbent 1 at time 802 ms
New incumbent 2 at time 803 ms
New incumbent 3 at time 803 ms
New incumbent 4 at time 803 ms
New incumbent 5 at time 806 ms
New incumbent 6 at time 806 ms
New incumbent 7 at time 886 ms
Upper bound: 88
New incumbent 8 at time 2170 ms
New incumbent 9 at time 2171 ms
New incumbent 10 at time 2171 ms
New incumbent 11 at time 2171 ms
New incumbent 12 at time 2171 ms
New incumbent 13 at time 2171 ms
New incumbent 14 at time 2179 ms
New incumbent 15 at time 2179 ms
New incumbent 16 at time 2179 ms
New incumbent 17 at time 2187 ms
New incumbent 18 at time 2187 ms
New incumbent 19 at time 2187 ms
New incumbent 20 at time 2187 ms
New incumbent 21 at time 2187 ms
New incumbent 22 at time 2187 ms
New incumbent 23 at time 2187 ms
New incumbent 24 at time 2188 ms
New incumbent 25 at time 2188 ms
New incumbent 26 at time 2188 ms
New incumbent 27 at time 2188 ms
New incumbent 28 at time 2188 ms
New incumbent 29 at time 2189 ms
New incumbent 30 at time 2189 ms
New incumbent 31 at time 2226 ms
New incumbent 32 at time 2226 ms
New incumbent 33 at time 2226 ms
New incumbent 34 at time 16229 ms
Upper bound: 87
New incumbent 35 at time 64114 ms
New incumbent 36 at time 64114 ms
New incumbent 37 at time 68954 ms
New incumbent 38 at time 68954 ms
New incumbent 39 at time 81130 ms
New incumbent 40 at time 81130 ms
New incumbent 41 at time 81130 ms
New incumbent 42 at time 81130 ms
New incumbent 43 at time 565518 ms
New incumbent 44 at time 567188 ms
New incumbent 45 at time 567188 ms
Solution size 45
(0 -> 2965) (1 -> 2966) (2 -> 2962) (4 -> 2361) (5 -> 2362) (6 -> 2357) (42 -> 611) (43 -> 612) (44 -> 1848) (45 -> 613) (46 -> 1830) (47 -> 1829) (48 -> 1849) (51 -> 3102) (52 -> 3101) (53 -> 1828) (54 -> 1827) (55 -> 1826) (56 -> 3100) (57 -> 1857) (58 -> 1858) (59 -> 1859) (60 -> 1860) (61 -> 1861) (62 -> 2558) (63 -> 2557) (64 -> 2563) (65 -> 1862) (66 -> 1863) (67 -> 1864) (68 -> 1865) (69 -> 1866) (70 -> 1867) (71 -> 1868) (72 -> 1869) (73 -> 1870) (74 -> 2967) (75 -> 2365) (76 -> 2366) (78 -> 1831) (79 -> 1832) (80 -> 1833) (83 -> 1847) (87 -> 2963) (88 -> 2964) 
Peak nogood count:                  12594
Final nogood count:                 12594
Nodes:                              15168470
Time of last incumbent update (ms): 567188
CPU time (ms):                      1000041
TIMEOUT
Summary:
TIMEOUT 12594 12594 15168470 567188 1000041
