New incumbent 1 at time 963 ms
New incumbent 2 at time 963 ms
New incumbent 3 at time 964 ms
New incumbent 4 at time 964 ms
New incumbent 5 at time 964 ms
New incumbent 6 at time 964 ms
New incumbent 7 at time 964 ms
New incumbent 8 at time 964 ms
New incumbent 9 at time 964 ms
New incumbent 10 at time 1161 ms
New incumbent 11 at time 1161 ms
Upper bound: 21
New incumbent 12 at time 2942 ms
New incumbent 13 at time 3413 ms
New incumbent 14 at time 4395 ms
New incumbent 15 at time 7176 ms
New incumbent 16 at time 7176 ms
New incumbent 17 at time 14758 ms
Upper bound: 20
New incumbent 18 at time 34663 ms
New incumbent 19 at time 34663 ms
New incumbent 20 at time 112609 ms
Solution size 20
(0 -> 2589) (1 -> 2574) (2 -> 2573) (4 -> 2550) (5 -> 2579) (6 -> 2578) (7 -> 2577) (8 -> 2576) (9 -> 2575) (10 -> 2588) (11 -> 2555) (12 -> 2554) (13 -> 2553) (14 -> 2552) (15 -> 2587) (16 -> 2586) (18 -> 2580) (19 -> 2581) (20 -> 2583) (21 -> 2582) 
Peak nogood count:                  8623
Final nogood count:                 3147
Nodes:                              1590039
Time of last incumbent update (ms): 112609
CPU time (ms):                      112617
Summary:
COMPLETED 8623 3147 1590039 112609 112617
