New incumbent 1 at time 1225 ms
New incumbent 2 at time 1227 ms
New incumbent 3 at time 1229 ms
New incumbent 4 at time 1230 ms
New incumbent 5 at time 1230 ms
New incumbent 6 at time 1235 ms
New incumbent 7 at time 1235 ms
New incumbent 8 at time 1235 ms
New incumbent 9 at time 1236 ms
New incumbent 10 at time 1662 ms
New incumbent 11 at time 1663 ms
New incumbent 12 at time 1663 ms
Upper bound: 125
New incumbent 13 at time 1998 ms
New incumbent 14 at time 2321 ms
New incumbent 15 at time 2321 ms
New incumbent 16 at time 2321 ms
New incumbent 17 at time 6353 ms
New incumbent 18 at time 9030 ms
New incumbent 19 at time 9030 ms
Upper bound: 124
New incumbent 20 at time 14806 ms
New incumbent 21 at time 19304 ms
New incumbent 22 at time 21723 ms
New incumbent 23 at time 102723 ms
New incumbent 24 at time 104476 ms
New incumbent 25 at time 104477 ms
New incumbent 26 at time 104477 ms
New incumbent 27 at time 104477 ms
Upper bound: 123
New incumbent 28 at time 130827 ms
New incumbent 29 at time 186446 ms
New incumbent 30 at time 186446 ms
New incumbent 31 at time 249485 ms
New incumbent 32 at time 257768 ms
New incumbent 33 at time 909793 ms
Solution size 33
(54 -> 2195) (55 -> 2196) (56 -> 2197) (57 -> 2198) (58 -> 2199) (59 -> 3618) (61 -> 2202) (62 -> 2203) (63 -> 1595) (64 -> 1596) (65 -> 1597) (66 -> 1680) (67 -> 1679) (68 -> 1668) (69 -> 1667) (86 -> 1681) (87 -> 1670) (88 -> 1669) (89 -> 1690) (94 -> 1676) (95 -> 1677) (96 -> 1599) (97 -> 1600) (98 -> 1601) (99 -> 1602) (100 -> 1603) (101 -> 1598) (102 -> 1672) (108 -> 2217) (109 -> 2201) (110 -> 2079) (121 -> 3630) (123 -> 1594) 
Peak nogood count:                  13720
Final nogood count:                 4775
Nodes:                              13175218
Time of last incumbent update (ms): 909793
CPU time (ms):                      1000034
TIMEOUT
Summary:
TIMEOUT 13720 4775 13175218 909793 1000034
