New incumbent 1 at time 510 ms
New incumbent 2 at time 511 ms
New incumbent 3 at time 511 ms
New incumbent 4 at time 511 ms
New incumbent 5 at time 519 ms
Upper bound: 146
New incumbent 6 at time 813 ms
New incumbent 7 at time 813 ms
New incumbent 8 at time 814 ms
New incumbent 9 at time 839 ms
New incumbent 10 at time 855 ms
New incumbent 11 at time 855 ms
New incumbent 12 at time 855 ms
New incumbent 13 at time 855 ms
New incumbent 14 at time 889 ms
New incumbent 15 at time 1862 ms
New incumbent 16 at time 2851 ms
Upper bound: 145
New incumbent 17 at time 6022 ms
New incumbent 18 at time 6022 ms
New incumbent 19 at time 6022 ms
New incumbent 20 at time 6022 ms
New incumbent 21 at time 6022 ms
New incumbent 22 at time 10386 ms
New incumbent 23 at time 19849 ms
New incumbent 24 at time 23443 ms
New incumbent 25 at time 45690 ms
New incumbent 26 at time 45690 ms
Upper bound: 144
New incumbent 27 at time 190014 ms
New incumbent 28 at time 256713 ms
Upper bound: 143
New incumbent 29 at time 590407 ms
New incumbent 30 at time 590407 ms
Solution size 30
(0 -> 1287) (1 -> 1299) (2 -> 1288) (3 -> 1289) (4 -> 1290) (5 -> 1291) (8 -> 1177) (9 -> 1189) (10 -> 1188) (11 -> 1187) (13 -> 1186) (14 -> 1198) (15 -> 1197) (16 -> 1196) (17 -> 1195) (18 -> 1305) (19 -> 1303) (20 -> 1304) (29 -> 1278) (30 -> 1277) (31 -> 1276) (33 -> 1283) (34 -> 1284) (35 -> 1285) (36 -> 1286) (37 -> 1302) (62 -> 1190) (65 -> 1300) (67 -> 1192) (146 -> 1183) 
Peak nogood count:                  58854
Final nogood count:                 58846
Nodes:                              19281211
Time of last incumbent update (ms): 590407
CPU time (ms):                      1000115
TIMEOUT
Summary:
TIMEOUT 58854 58846 19281211 590407 1000115
