New incumbent 1 at time 820 ms
New incumbent 2 at time 901 ms
Upper bound: 39
Upper bound: 38
New incumbent 3 at time 2284 ms
Upper bound: 37
New incumbent 4 at time 3561 ms
New incumbent 5 at time 3561 ms
New incumbent 6 at time 3565 ms
New incumbent 7 at time 3565 ms
Upper bound: 36
New incumbent 8 at time 6378 ms
New incumbent 9 at time 7768 ms
New incumbent 10 at time 26761 ms
Upper bound: 35
New incumbent 11 at time 731275 ms
New incumbent 12 at time 731358 ms
Solution size 12
(2 -> 1473) (3 -> 1474) (4 -> 1488) (5 -> 1487) (7 -> 1486) (8 -> 1483) (9 -> 1482) (12 -> 1437) (13 -> 1436) (14 -> 1450) (15 -> 1435) (16 -> 1434) 
Peak nogood count:                  639726
Final nogood count:                 636693
Nodes:                              11351601
Time of last incumbent update (ms): 731358
CPU time (ms):                      1000788
TIMEOUT
Summary:
TIMEOUT 639726 636693 11351601 731358 1000788
