New incumbent 1 at time 21 ms
New incumbent 2 at time 21 ms
Upper bound: 162
New incumbent 3 at time 26 ms
New incumbent 4 at time 26 ms
New incumbent 5 at time 26 ms
New incumbent 6 at time 26 ms
New incumbent 7 at time 26 ms
New incumbent 8 at time 27 ms
New incumbent 9 at time 27 ms
New incumbent 10 at time 27 ms
Upper bound: 161
New incumbent 11 at time 43 ms
New incumbent 12 at time 43 ms
New incumbent 13 at time 43 ms
New incumbent 14 at time 43 ms
New incumbent 15 at time 43 ms
New incumbent 16 at time 43 ms
New incumbent 17 at time 43 ms
New incumbent 18 at time 44 ms
New incumbent 19 at time 44 ms
New incumbent 20 at time 68 ms
New incumbent 21 at time 68 ms
New incumbent 22 at time 84 ms
New incumbent 23 at time 84 ms
New incumbent 24 at time 85 ms
New incumbent 25 at time 85 ms
New incumbent 26 at time 85 ms
New incumbent 27 at time 85 ms
New incumbent 28 at time 85 ms
New incumbent 29 at time 85 ms
New incumbent 30 at time 85 ms
New incumbent 31 at time 85 ms
New incumbent 32 at time 85 ms
New incumbent 33 at time 85 ms
New incumbent 34 at time 85 ms
New incumbent 35 at time 85 ms
New incumbent 36 at time 85 ms
New incumbent 37 at time 85 ms
New incumbent 38 at time 85 ms
New incumbent 39 at time 87 ms
New incumbent 40 at time 87 ms
New incumbent 41 at time 87 ms
New incumbent 42 at time 87 ms
New incumbent 43 at time 87 ms
New incumbent 44 at time 87 ms
New incumbent 45 at time 87 ms
New incumbent 46 at time 87 ms
New incumbent 47 at time 87 ms
New incumbent 48 at time 87 ms
New incumbent 49 at time 87 ms
New incumbent 50 at time 88 ms
New incumbent 51 at time 88 ms
New incumbent 52 at time 88 ms
New incumbent 53 at time 88 ms
New incumbent 54 at time 88 ms
New incumbent 55 at time 89 ms
New incumbent 56 at time 89 ms
New incumbent 57 at time 89 ms
New incumbent 58 at time 120 ms
New incumbent 59 at time 120 ms
New incumbent 60 at time 363 ms
New incumbent 61 at time 363 ms
New incumbent 62 at time 363 ms
New incumbent 63 at time 363 ms
New incumbent 64 at time 367 ms
New incumbent 65 at time 367 ms
New incumbent 66 at time 581 ms
New incumbent 67 at time 581 ms
New incumbent 68 at time 581 ms
New incumbent 69 at time 581 ms
New incumbent 70 at time 581 ms
New incumbent 71 at time 581 ms
New incumbent 72 at time 581 ms
New incumbent 73 at time 581 ms
New incumbent 74 at time 723 ms
New incumbent 75 at time 723 ms
New incumbent 76 at time 723 ms
New incumbent 77 at time 723 ms
New incumbent 78 at time 723 ms
New incumbent 79 at time 780 ms
New incumbent 80 at time 4888 ms
New incumbent 81 at time 4888 ms
New incumbent 82 at time 4888 ms
New incumbent 83 at time 4888 ms
New incumbent 84 at time 4888 ms
New incumbent 85 at time 4888 ms
New incumbent 86 at time 4888 ms
New incumbent 87 at time 4888 ms
New incumbent 88 at time 4889 ms
New incumbent 89 at time 4889 ms
New incumbent 90 at time 4889 ms
New incumbent 91 at time 4889 ms
New incumbent 92 at time 4889 ms
New incumbent 93 at time 4889 ms
New incumbent 94 at time 4889 ms
New incumbent 95 at time 4889 ms
New incumbent 96 at time 4889 ms
New incumbent 97 at time 4889 ms
New incumbent 98 at time 4889 ms
New incumbent 99 at time 4889 ms
New incumbent 100 at time 4889 ms
New incumbent 101 at time 4889 ms
New incumbent 102 at time 697944 ms
New incumbent 103 at time 697944 ms
New incumbent 104 at time 697945 ms
Solution size 104
(5 -> 378) (6 -> 385) (7 -> 380) (8 -> 381) (9 -> 382) (10 -> 354) (11 -> 339) (12 -> 340) (13 -> 341) (14 -> 322) (15 -> 321) (18 -> 260) (19 -> 261) (20 -> 262) (21 -> 234) (22 -> 233) (23 -> 232) (24 -> 264) (25 -> 267) (26 -> 266) (27 -> 293) (28 -> 294) (29 -> 295) (30 -> 227) (31 -> 226) (32 -> 225) (33 -> 224) (34 -> 298) (35 -> 327) (36 -> 326) (37 -> 337) (38 -> 328) (39 -> 230) (40 -> 172) (41 -> 169) (42 -> 170) (43 -> 167) (44 -> 166) (45 -> 163) (46 -> 290) (47 -> 307) (48 -> 306) (49 -> 308) (50 -> 309) (51 -> 310) (52 -> 283) (53 -> 312) (54 -> 281) (55 -> 404) (56 -> 289) (57 -> 270) (58 -> 287) (59 -> 286) (60 -> 273) (61 -> 274) (62 -> 275) (63 -> 276) (83 -> 356) (84 -> 357) (85 -> 384) (86 -> 377) (87 -> 388) (88 -> 387) (89 -> 375) (90 -> 361) (91 -> 332) (92 -> 363) (93 -> 217) (94 -> 216) (95 -> 215) (96 -> 214) (97 -> 366) (98 -> 368) (99 -> 369) (100 -> 370) (101 -> 371) (102 -> 372) (103 -> 213) (104 -> 212) (105 -> 208) (106 -> 207) (107 -> 206) (108 -> 203) (109 -> 202) (110 -> 331) (111 -> 219) (112 -> 193) (113 -> 196) (114 -> 195) (115 -> 220) (116 -> 221) (117 -> 189) (118 -> 188) (119 -> 185) (120 -> 186) (121 -> 360) (122 -> 374) (125 -> 54) (126 -> 55) (127 -> 48) (128 -> 61) (130 -> 46) (131 -> 47) (132 -> 62) 
Peak nogood count:                  124900
Final nogood count:                 124825
Nodes:                              98098966
Time of last incumbent update (ms): 697945
CPU time (ms):                      1000689
TIMEOUT
Summary:
TIMEOUT 124900 124825 98098966 697945 1000689
