New incumbent 1 at time 1003 ms
New incumbent 2 at time 1005 ms
New incumbent 3 at time 1009 ms
New incumbent 4 at time 1009 ms
New incumbent 5 at time 1009 ms
New incumbent 6 at time 1033 ms
New incumbent 7 at time 1033 ms
New incumbent 8 at time 1033 ms
New incumbent 9 at time 1283 ms
New incumbent 10 at time 1547 ms
Upper bound: 66
New incumbent 11 at time 1697 ms
New incumbent 12 at time 1728 ms
New incumbent 13 at time 1728 ms
New incumbent 14 at time 1728 ms
New incumbent 15 at time 1728 ms
New incumbent 16 at time 4999 ms
New incumbent 17 at time 11649 ms
New incumbent 18 at time 14827 ms
Upper bound: 65
New incumbent 19 at time 24539 ms
New incumbent 20 at time 29290 ms
New incumbent 21 at time 29302 ms
New incumbent 22 at time 33036 ms
New incumbent 23 at time 33036 ms
New incumbent 24 at time 63616 ms
New incumbent 25 at time 120308 ms
New incumbent 26 at time 133697 ms
New incumbent 27 at time 133697 ms
New incumbent 28 at time 133697 ms
New incumbent 29 at time 133697 ms
Upper bound: 64
New incumbent 30 at time 412982 ms
New incumbent 31 at time 412982 ms
New incumbent 32 at time 622276 ms
New incumbent 33 at time 622277 ms
Solution size 33
(5 -> 4321) (8 -> 4341) (9 -> 4342) (10 -> 209) (11 -> 210) (12 -> 211) (13 -> 212) (14 -> 213) (15 -> 214) (16 -> 355) (17 -> 217) (18 -> 218) (19 -> 219) (20 -> 220) (21 -> 224) (23 -> 356) (24 -> 351) (31 -> 138) (32 -> 139) (33 -> 140) (34 -> 141) (38 -> 222) (39 -> 223) (40 -> 216) (41 -> 215) (42 -> 4348) (43 -> 202) (56 -> 4349) (57 -> 221) (62 -> 207) (63 -> 208) (65 -> 358) (66 -> 359) 
Peak nogood count:                  12865
Final nogood count:                 4520
Nodes:                              14634684
Time of last incumbent update (ms): 622277
CPU time (ms):                      1000019
TIMEOUT
Summary:
TIMEOUT 12865 4520 14634684 622277 1000019
