New incumbent 1 at time 354 ms
New incumbent 2 at time 358 ms
Upper bound: 198
New incumbent 3 at time 587 ms
Upper bound: 197
Upper bound: 196
New incumbent 4 at time 1862 ms
Upper bound: 195
New incumbent 5 at time 3110 ms
New incumbent 6 at time 3273 ms
Upper bound: 194
New incumbent 7 at time 5271 ms
Upper bound: 193
New incumbent 8 at time 10582 ms
Upper bound: 192
New incumbent 9 at time 69869 ms
Upper bound: 191
New incumbent 10 at time 429487 ms
New incumbent 11 at time 429654 ms
Solution size 11
(0 -> 1) (1 -> 1098) (181 -> 997) (183 -> 1039) (187 -> 998) (189 -> 1034) (191 -> 1040) (193 -> 1071) (194 -> 1070) (196 -> 1041) (198 -> 1035) 
Peak nogood count:                  10763
Final nogood count:                 2710
Nodes:                              20891031
Time of last incumbent update (ms): 429654
CPU time (ms):                      1000025
TIMEOUT
Summary:
TIMEOUT 10763 2710 20891031 429654 1000025
