New incumbent 1 at time 473 ms
New incumbent 2 at time 473 ms
New incumbent 3 at time 473 ms
New incumbent 4 at time 473 ms
New incumbent 5 at time 473 ms
New incumbent 6 at time 473 ms
New incumbent 7 at time 474 ms
Upper bound: 146
New incumbent 8 at time 505 ms
New incumbent 9 at time 505 ms
New incumbent 10 at time 642 ms
Upper bound: 145
New incumbent 11 at time 849 ms
New incumbent 12 at time 849 ms
New incumbent 13 at time 849 ms
New incumbent 14 at time 849 ms
New incumbent 15 at time 849 ms
New incumbent 16 at time 850 ms
New incumbent 17 at time 1308 ms
New incumbent 18 at time 1313 ms
New incumbent 19 at time 1317 ms
New incumbent 20 at time 1317 ms
Upper bound: 144
New incumbent 21 at time 24849 ms
New incumbent 22 at time 24850 ms
New incumbent 23 at time 24850 ms
New incumbent 24 at time 24986 ms
New incumbent 25 at time 24987 ms
New incumbent 26 at time 24987 ms
New incumbent 27 at time 24987 ms
New incumbent 28 at time 24988 ms
Upper bound: 143
New incumbent 29 at time 978549 ms
New incumbent 30 at time 978549 ms
New incumbent 31 at time 978549 ms
New incumbent 32 at time 978550 ms
Solution size 32
(2 -> 2091) (3 -> 2090) (4 -> 2134) (5 -> 2129) (6 -> 2130) (7 -> 2131) (23 -> 2098) (24 -> 2099) (25 -> 2118) (26 -> 2117) (28 -> 2052) (43 -> 1982) (44 -> 1983) (45 -> 1984) (85 -> 2122) (86 -> 2121) (87 -> 2120) (88 -> 2108) (89 -> 2109) (90 -> 2110) (91 -> 2113) (92 -> 2104) (93 -> 2103) (94 -> 2126) (95 -> 2127) (96 -> 2128) (97 -> 2082) (117 -> 2093) (118 -> 2100) (119 -> 2101) (120 -> 2133) (121 -> 2132) 
Peak nogood count:                  66946
Final nogood count:                 14061
Nodes:                              16951969
Time of last incumbent update (ms): 978550
CPU time (ms):                      1000055
TIMEOUT
Summary:
TIMEOUT 66946 14061 16951969 978550 1000055
