New incumbent 1 at time 924 ms
New incumbent 2 at time 924 ms
New incumbent 3 at time 924 ms
New incumbent 4 at time 924 ms
New incumbent 5 at time 924 ms
New incumbent 6 at time 924 ms
New incumbent 7 at time 924 ms
New incumbent 8 at time 973 ms
New incumbent 9 at time 974 ms
New incumbent 10 at time 3957 ms
New incumbent 11 at time 5502 ms
New incumbent 12 at time 5502 ms
New incumbent 13 at time 6714 ms
New incumbent 14 at time 6714 ms
New incumbent 15 at time 6714 ms
Upper bound: 64
New incumbent 16 at time 11707 ms
New incumbent 17 at time 11707 ms
New incumbent 18 at time 15632 ms
Upper bound: 63
New incumbent 19 at time 51405 ms
New incumbent 20 at time 53236 ms
New incumbent 21 at time 72001 ms
New incumbent 22 at time 128062 ms
New incumbent 23 at time 178499 ms
New incumbent 24 at time 178499 ms
New incumbent 25 at time 178499 ms
New incumbent 26 at time 178499 ms
Upper bound: 62
New incumbent 27 at time 563062 ms
New incumbent 28 at time 563194 ms
New incumbent 29 at time 563534 ms
New incumbent 30 at time 563534 ms
Solution size 30
(0 -> 4026) (1 -> 4027) (2 -> 468) (3 -> 469) (4 -> 4031) (5 -> 4028) (6 -> 4029) (7 -> 4025) (8 -> 4024) (9 -> 4030) (11 -> 1412) (12 -> 1413) (13 -> 3697) (14 -> 1411) (16 -> 464) (18 -> 3698) (19 -> 1388) (20 -> 1387) (21 -> 1414) (22 -> 1415) (23 -> 1440) (24 -> 1385) (25 -> 1384) (26 -> 1383) (27 -> 1378) (50 -> 1441) (53 -> 1416) (58 -> 1439) (63 -> 462) (64 -> 463) 
Peak nogood count:                  172028
Final nogood count:                 172028
Nodes:                              13541087
Time of last incumbent update (ms): 563534
CPU time (ms):                      1000269
TIMEOUT
Summary:
TIMEOUT 172028 172028 13541087 563534 1000269
