New incumbent 1 at time 282 ms
New incumbent 2 at time 283 ms
New incumbent 3 at time 284 ms
New incumbent 4 at time 284 ms
New incumbent 5 at time 285 ms
New incumbent 6 at time 285 ms
New incumbent 7 at time 285 ms
New incumbent 8 at time 285 ms
New incumbent 9 at time 285 ms
New incumbent 10 at time 285 ms
Upper bound: 147
New incumbent 11 at time 451 ms
New incumbent 12 at time 481 ms
New incumbent 13 at time 556 ms
New incumbent 14 at time 578 ms
New incumbent 15 at time 1241 ms
New incumbent 16 at time 1410 ms
New incumbent 17 at time 1412 ms
New incumbent 18 at time 2271 ms
Upper bound: 146
New incumbent 19 at time 4945 ms
New incumbent 20 at time 4945 ms
New incumbent 21 at time 9160 ms
New incumbent 22 at time 9160 ms
New incumbent 23 at time 9160 ms
New incumbent 24 at time 81270 ms
New incumbent 25 at time 126712 ms
New incumbent 26 at time 127727 ms
New incumbent 27 at time 255982 ms
Upper bound: 145
New incumbent 28 at time 832766 ms
New incumbent 29 at time 832766 ms
New incumbent 30 at time 832766 ms
New incumbent 31 at time 832766 ms
New incumbent 32 at time 832766 ms
Solution size 32
(0 -> 178) (1 -> 177) (2 -> 131) (4 -> 2017) (5 -> 176) (6 -> 175) (7 -> 174) (17 -> 2019) (18 -> 167) (19 -> 168) (20 -> 169) (21 -> 170) (22 -> 172) (23 -> 173) (24 -> 171) (25 -> 135) (26 -> 136) (27 -> 2) (28 -> 1) (29 -> 137) (30 -> 138) (31 -> 150) (32 -> 149) (33 -> 151) (34 -> 152) (35 -> 158) (36 -> 159) (37 -> 160) (38 -> 162) (107 -> 157) (123 -> 148) (147 -> 179) 
Peak nogood count:                  99850
Final nogood count:                 99850
Nodes:                              20901339
Time of last incumbent update (ms): 832766
CPU time (ms):                      1000136
TIMEOUT
Summary:
TIMEOUT 99850 99850 20901339 832766 1000136
