New incumbent 1 at time 1487 ms
New incumbent 2 at time 1489 ms
New incumbent 3 at time 1489 ms
New incumbent 4 at time 1489 ms
New incumbent 5 at time 1489 ms
New incumbent 6 at time 1489 ms
New incumbent 7 at time 1490 ms
New incumbent 8 at time 1494 ms
New incumbent 9 at time 1494 ms
New incumbent 10 at time 1494 ms
New incumbent 11 at time 1494 ms
New incumbent 12 at time 1494 ms
New incumbent 13 at time 1628 ms
New incumbent 14 at time 1628 ms
Upper bound: 146
New incumbent 15 at time 2523 ms
New incumbent 16 at time 3558 ms
New incumbent 17 at time 3559 ms
New incumbent 18 at time 4071 ms
New incumbent 19 at time 5235 ms
New incumbent 20 at time 5235 ms
New incumbent 21 at time 11160 ms
Upper bound: 145
New incumbent 22 at time 20081 ms
New incumbent 23 at time 31040 ms
New incumbent 24 at time 31041 ms
New incumbent 25 at time 31041 ms
New incumbent 26 at time 45821 ms
New incumbent 27 at time 45821 ms
New incumbent 28 at time 45821 ms
New incumbent 29 at time 134281 ms
New incumbent 30 at time 134281 ms
New incumbent 31 at time 134282 ms
Upper bound: 144
Solution size 31
(5 -> 5102) (9 -> 141) (10 -> 140) (11 -> 139) (12 -> 138) (13 -> 137) (66 -> 5028) (67 -> 5027) (68 -> 5026) (70 -> 142) (71 -> 5016) (72 -> 5017) (73 -> 5018) (74 -> 5019) (75 -> 5020) (76 -> 5168) (77 -> 5021) (78 -> 5022) (79 -> 5023) (80 -> 5024) (83 -> 5034) (84 -> 5093) (85 -> 5030) (86 -> 5029) (87 -> 5004) (135 -> 135) (136 -> 136) (137 -> 5148) (138 -> 5147) (139 -> 5155) (140 -> 5156) 
Peak nogood count:                  333627
Final nogood count:                 333627
Nodes:                              8979913
Time of last incumbent update (ms): 134282
CPU time (ms):                      1000671
TIMEOUT
Summary:
TIMEOUT 333627 333627 8979913 134282 1000671
