New incumbent 1 at time 1062 ms
New incumbent 2 at time 1063 ms
New incumbent 3 at time 1063 ms
New incumbent 4 at time 1063 ms
New incumbent 5 at time 1063 ms
New incumbent 6 at time 1065 ms
New incumbent 7 at time 1080 ms
New incumbent 8 at time 1080 ms
New incumbent 9 at time 1080 ms
New incumbent 10 at time 1080 ms
New incumbent 11 at time 1080 ms
New incumbent 12 at time 1080 ms
Upper bound: 64
New incumbent 13 at time 7752 ms
New incumbent 14 at time 8255 ms
New incumbent 15 at time 8255 ms
New incumbent 16 at time 8255 ms
New incumbent 17 at time 8255 ms
New incumbent 18 at time 25231 ms
New incumbent 19 at time 25231 ms
Upper bound: 63
New incumbent 20 at time 57027 ms
New incumbent 21 at time 57027 ms
New incumbent 22 at time 57027 ms
New incumbent 23 at time 64095 ms
New incumbent 24 at time 64095 ms
New incumbent 25 at time 64095 ms
New incumbent 26 at time 64095 ms
Upper bound: 62
New incumbent 27 at time 536614 ms
New incumbent 28 at time 536614 ms
New incumbent 29 at time 626882 ms
New incumbent 30 at time 626883 ms
New incumbent 31 at time 627947 ms
Solution size 31
(0 -> 2288) (1 -> 2286) (2 -> 2285) (3 -> 2228) (4 -> 2229) (5 -> 2287) (6 -> 2234) (7 -> 2235) (8 -> 2242) (9 -> 2230) (11 -> 2192) (12 -> 2193) (13 -> 2339) (14 -> 2338) (16 -> 2237) (18 -> 2197) (19 -> 2196) (20 -> 2195) (21 -> 2194) (22 -> 2427) (23 -> 2428) (50 -> 2414) (51 -> 2415) (52 -> 2416) (53 -> 2426) (54 -> 2425) (55 -> 2417) (56 -> 2418) (57 -> 2424) (63 -> 2290) (64 -> 2289) 
Peak nogood count:                  160542
Final nogood count:                 160542
Nodes:                              12594155
Time of last incumbent update (ms): 627947
CPU time (ms):                      1000289
TIMEOUT
Summary:
TIMEOUT 160542 160542 12594155 627947 1000289
