New incumbent 1 at time 280 ms
New incumbent 2 at time 281 ms
New incumbent 3 at time 281 ms
New incumbent 4 at time 281 ms
New incumbent 5 at time 286 ms
New incumbent 6 at time 286 ms
New incumbent 7 at time 286 ms
New incumbent 8 at time 287 ms
New incumbent 9 at time 287 ms
New incumbent 10 at time 287 ms
New incumbent 11 at time 287 ms
New incumbent 12 at time 287 ms
Upper bound: 147
New incumbent 13 at time 453 ms
New incumbent 14 at time 453 ms
New incumbent 15 at time 483 ms
New incumbent 16 at time 483 ms
New incumbent 17 at time 1770 ms
New incumbent 18 at time 1770 ms
New incumbent 19 at time 1771 ms
Upper bound: 146
New incumbent 20 at time 11265 ms
New incumbent 21 at time 52144 ms
New incumbent 22 at time 55744 ms
New incumbent 23 at time 55744 ms
New incumbent 24 at time 107229 ms
New incumbent 25 at time 107229 ms
New incumbent 26 at time 131801 ms
New incumbent 27 at time 131802 ms
New incumbent 28 at time 131803 ms
New incumbent 29 at time 131803 ms
New incumbent 30 at time 131803 ms
New incumbent 31 at time 131803 ms
New incumbent 32 at time 131803 ms
Upper bound: 145
Solution size 32
(1 -> 723) (2 -> 716) (3 -> 715) (4 -> 714) (5 -> 712) (6 -> 711) (7 -> 721) (8 -> 722) (9 -> 708) (16 -> 536) (18 -> 558) (19 -> 556) (20 -> 555) (21 -> 719) (22 -> 718) (23 -> 720) (24 -> 554) (25 -> 553) (26 -> 552) (27 -> 1939) (28 -> 1940) (29 -> 551) (30 -> 550) (31 -> 549) (32 -> 548) (33 -> 1948) (34 -> 1949) (35 -> 1950) (36 -> 537) (37 -> 538) (107 -> 1951) (123 -> 547) 
Peak nogood count:                  86239
Final nogood count:                 86239
Nodes:                              19943130
Time of last incumbent update (ms): 131803
CPU time (ms):                      1000129
TIMEOUT
Summary:
TIMEOUT 86239 86239 19943130 131803 1000129
