New incumbent 1 at time 1394 ms
New incumbent 2 at time 1396 ms
New incumbent 3 at time 1396 ms
New incumbent 4 at time 1396 ms
New incumbent 5 at time 1396 ms
New incumbent 6 at time 1396 ms
New incumbent 7 at time 1396 ms
New incumbent 8 at time 1397 ms
New incumbent 9 at time 1397 ms
New incumbent 10 at time 1397 ms
New incumbent 11 at time 1397 ms
New incumbent 12 at time 1397 ms
New incumbent 13 at time 1397 ms
New incumbent 14 at time 1716 ms
Upper bound: 69
New incumbent 15 at time 2615 ms
New incumbent 16 at time 3557 ms
New incumbent 17 at time 6213 ms
New incumbent 18 at time 6213 ms
New incumbent 19 at time 11625 ms
New incumbent 20 at time 11625 ms
Upper bound: 68
New incumbent 21 at time 26758 ms
New incumbent 22 at time 26758 ms
New incumbent 23 at time 32474 ms
New incumbent 24 at time 37569 ms
New incumbent 25 at time 50856 ms
New incumbent 26 at time 50856 ms
New incumbent 27 at time 50856 ms
Upper bound: 67
Solution size 27
(5 -> 472) (6 -> 470) (7 -> 471) (8 -> 123) (9 -> 122) (10 -> 121) (11 -> 465) (12 -> 464) (13 -> 463) (14 -> 462) (15 -> 461) (16 -> 473) (20 -> 481) (21 -> 480) (22 -> 479) (23 -> 493) (24 -> 492) (25 -> 491) (26 -> 490) (27 -> 489) (32 -> 467) (54 -> 477) (59 -> 466) (60 -> 105) (65 -> 460) (68 -> 474) (69 -> 124) 
Peak nogood count:                  491583
Final nogood count:                 491583
Nodes:                              8679292
Time of last incumbent update (ms): 50856
CPU time (ms):                      1001077
TIMEOUT
Summary:
TIMEOUT 491583 491583 8679292 50856 1001077
