New incumbent 1 at time 364 ms
New incumbent 2 at time 415 ms
Upper bound: 198
Upper bound: 197
Upper bound: 196
New incumbent 3 at time 1577 ms
New incumbent 4 at time 1724 ms
Upper bound: 195
New incumbent 5 at time 2452 ms
Upper bound: 194
New incumbent 6 at time 3723 ms
Upper bound: 193
New incumbent 7 at time 10923 ms
Upper bound: 192
New incumbent 8 at time 19457 ms
New incumbent 9 at time 43727 ms
Upper bound: 191
New incumbent 10 at time 92078 ms
Upper bound: 190
New incumbent 11 at time 192586 ms
Upper bound: 189
New incumbent 12 at time 660711 ms
New incumbent 13 at time 943769 ms
Solution size 13
(0 -> 1149) (16 -> 1094) (17 -> 1095) (182 -> 1201) (184 -> 1150) (186 -> 1089) (187 -> 1199) (189 -> 1212) (190 -> 1211) (191 -> 1151) (192 -> 1152) (194 -> 1126) (198 -> 1213) 
Peak nogood count:                  17309
Final nogood count:                 17169
Nodes:                              24715165
Time of last incumbent update (ms): 943769
CPU time (ms):                      1000044
TIMEOUT
Summary:
TIMEOUT 17309 17169 24715165 943769 1000044
