New incumbent 1 at time 906 ms
New incumbent 2 at time 925 ms
Upper bound: 198
Upper bound: 197
New incumbent 3 at time 2294 ms
New incumbent 4 at time 2948 ms
New incumbent 5 at time 2948 ms
Upper bound: 196
Upper bound: 195
New incumbent 6 at time 6113 ms
New incumbent 7 at time 6113 ms
Upper bound: 194
New incumbent 8 at time 11463 ms
New incumbent 9 at time 12746 ms
Upper bound: 193
New incumbent 10 at time 23055 ms
New incumbent 11 at time 49067 ms
Upper bound: 192
New incumbent 12 at time 87570 ms
Upper bound: 191
New incumbent 13 at time 315309 ms
New incumbent 14 at time 409122 ms
Upper bound: 190
Solution size 14
(0 -> 552) (2 -> 568) (8 -> 628) (23 -> 520) (24 -> 562) (25 -> 563) (26 -> 564) (27 -> 567) (28 -> 565) (29 -> 558) (30 -> 559) (60 -> 537) (145 -> 569) (179 -> 560) 
Peak nogood count:                  20177
Final nogood count:                 5993
Nodes:                              16591392
Time of last incumbent update (ms): 409122
CPU time (ms):                      1000060
TIMEOUT
Summary:
TIMEOUT 20177 5993 16591392 409122 1000060
