New incumbent 1 at time 710 ms
New incumbent 2 at time 710 ms
New incumbent 3 at time 710 ms
New incumbent 4 at time 710 ms
New incumbent 5 at time 714 ms
New incumbent 6 at time 714 ms
New incumbent 7 at time 776 ms
Upper bound: 88
New incumbent 8 at time 1947 ms
New incumbent 9 at time 1948 ms
New incumbent 10 at time 1948 ms
New incumbent 11 at time 1948 ms
New incumbent 12 at time 1953 ms
New incumbent 13 at time 1953 ms
New incumbent 14 at time 1953 ms
New incumbent 15 at time 1953 ms
New incumbent 16 at time 1953 ms
New incumbent 17 at time 1956 ms
New incumbent 18 at time 2089 ms
New incumbent 19 at time 2148 ms
New incumbent 20 at time 2435 ms
New incumbent 21 at time 2435 ms
New incumbent 22 at time 2700 ms
New incumbent 23 at time 2700 ms
New incumbent 24 at time 2982 ms
New incumbent 25 at time 3348 ms
New incumbent 26 at time 3858 ms
New incumbent 27 at time 3858 ms
New incumbent 28 at time 3858 ms
New incumbent 29 at time 3858 ms
New incumbent 30 at time 3858 ms
New incumbent 31 at time 4098 ms
Upper bound: 87
New incumbent 32 at time 31616 ms
New incumbent 33 at time 31616 ms
New incumbent 34 at time 31617 ms
New incumbent 35 at time 31704 ms
New incumbent 36 at time 31704 ms
New incumbent 37 at time 33686 ms
New incumbent 38 at time 40633 ms
New incumbent 39 at time 40633 ms
New incumbent 40 at time 152866 ms
New incumbent 41 at time 152867 ms
New incumbent 42 at time 152867 ms
New incumbent 43 at time 152867 ms
New incumbent 44 at time 152867 ms
New incumbent 45 at time 152867 ms
Solution size 45
(0 -> 2224) (1 -> 2223) (2 -> 2222) (3 -> 2292) (4 -> 2291) (5 -> 2293) (6 -> 2280) (42 -> 2301) (43 -> 2302) (44 -> 2304) (45 -> 2303) (46 -> 2001) (47 -> 2002) (48 -> 2003) (49 -> 2578) (50 -> 2579) (51 -> 2562) (52 -> 2561) (53 -> 2590) (54 -> 2591) (55 -> 2559) (56 -> 2560) (57 -> 2575) (58 -> 2574) (59 -> 2573) (61 -> 2103) (62 -> 2097) (63 -> 2096) (64 -> 2095) (65 -> 2102) (66 -> 2101) (67 -> 2108) (68 -> 2109) (69 -> 2110) (70 -> 2111) (71 -> 2205) (72 -> 2204) (73 -> 2208) (74 -> 2228) (75 -> 2229) (76 -> 2225) (77 -> 2217) (78 -> 2000) (79 -> 1999) (88 -> 2548) 
Peak nogood count:                  20511
Final nogood count:                 20249
Nodes:                              16310899
Time of last incumbent update (ms): 152867
CPU time (ms):                      1000053
TIMEOUT
Summary:
TIMEOUT 20511 20249 16310899 152867 1000053
