New incumbent 1 at time 230 ms
New incumbent 2 at time 231 ms
New incumbent 3 at time 231 ms
New incumbent 4 at time 231 ms
New incumbent 5 at time 231 ms
New incumbent 6 at time 235 ms
New incumbent 7 at time 242 ms
New incumbent 8 at time 242 ms
New incumbent 9 at time 242 ms
Upper bound: 52
New incumbent 10 at time 390 ms
New incumbent 11 at time 390 ms
New incumbent 12 at time 419 ms
New incumbent 13 at time 419 ms
New incumbent 14 at time 419 ms
New incumbent 15 at time 609 ms
New incumbent 16 at time 609 ms
Upper bound: 51
New incumbent 17 at time 3076 ms
New incumbent 18 at time 3076 ms
New incumbent 19 at time 3076 ms
New incumbent 20 at time 3076 ms
New incumbent 21 at time 3076 ms
New incumbent 22 at time 3076 ms
New incumbent 23 at time 3076 ms
New incumbent 24 at time 3077 ms
New incumbent 25 at time 3077 ms
New incumbent 26 at time 3077 ms
New incumbent 27 at time 3077 ms
New incumbent 28 at time 3077 ms
New incumbent 29 at time 3078 ms
New incumbent 30 at time 3078 ms
New incumbent 31 at time 5541 ms
New incumbent 32 at time 5541 ms
New incumbent 33 at time 6079 ms
New incumbent 34 at time 6079 ms
New incumbent 35 at time 15793 ms
New incumbent 36 at time 15793 ms
New incumbent 37 at time 15793 ms
New incumbent 38 at time 15793 ms
New incumbent 39 at time 15793 ms
New incumbent 40 at time 15799 ms
New incumbent 41 at time 15799 ms
New incumbent 42 at time 15800 ms
New incumbent 43 at time 16049 ms
New incumbent 44 at time 16049 ms
New incumbent 45 at time 16049 ms
New incumbent 46 at time 16049 ms
New incumbent 47 at time 44904 ms
Upper bound: 50
Solution size 47
(0 -> 751) (1 -> 753) (2 -> 754) (3 -> 755) (4 -> 750) (7 -> 1328) (8 -> 1327) (9 -> 1326) (12 -> 1339) (14 -> 1336) (15 -> 1335) (16 -> 1338) (17 -> 1340) (18 -> 1342) (19 -> 1343) (20 -> 1330) (21 -> 1329) (22 -> 1341) (23 -> 1331) (24 -> 1332) (25 -> 1344) (27 -> 768) (28 -> 769) (29 -> 770) (30 -> 1187) (31 -> 1185) (32 -> 1186) (33 -> 771) (34 -> 772) (35 -> 778) (36 -> 777) (37 -> 775) (38 -> 776) (39 -> 1891) (40 -> 1890) (41 -> 1882) (42 -> 1883) (43 -> 1884) (44 -> 1885) (45 -> 1894) (46 -> 1895) (47 -> 762) (48 -> 761) (49 -> 760) (50 -> 1918) (51 -> 756) (52 -> 752) 
Peak nogood count:                  46719
Final nogood count:                 46358
Nodes:                              28600252
Time of last incumbent update (ms): 44904
CPU time (ms):                      1000104
TIMEOUT
Summary:
TIMEOUT 46719 46358 28600252 44904 1000104
