New incumbent 1 at time 2232 ms
New incumbent 2 at time 2232 ms
New incumbent 3 at time 2232 ms
New incumbent 4 at time 2232 ms
New incumbent 5 at time 2233 ms
Upper bound: 123
New incumbent 6 at time 2297 ms
New incumbent 7 at time 2301 ms
New incumbent 8 at time 2301 ms
New incumbent 9 at time 2301 ms
New incumbent 10 at time 2302 ms
New incumbent 11 at time 2302 ms
New incumbent 12 at time 2302 ms
Upper bound: 122
New incumbent 13 at time 3750 ms
New incumbent 14 at time 3750 ms
New incumbent 15 at time 3750 ms
New incumbent 16 at time 3755 ms
Upper bound: 121
New incumbent 17 at time 17510 ms
New incumbent 18 at time 17607 ms
New incumbent 19 at time 17631 ms
New incumbent 20 at time 17632 ms
New incumbent 21 at time 17639 ms
New incumbent 22 at time 17647 ms
New incumbent 23 at time 28375 ms
New incumbent 24 at time 28391 ms
New incumbent 25 at time 39134 ms
New incumbent 26 at time 39141 ms
Upper bound: 120
New incumbent 27 at time 191810 ms
New incumbent 28 at time 192714 ms
New incumbent 29 at time 208261 ms
New incumbent 30 at time 285400 ms
New incumbent 31 at time 285400 ms
New incumbent 32 at time 285401 ms
New incumbent 33 at time 285401 ms
New incumbent 34 at time 285402 ms
New incumbent 35 at time 285402 ms
New incumbent 36 at time 285402 ms
New incumbent 37 at time 285402 ms
New incumbent 38 at time 285402 ms
New incumbent 39 at time 285410 ms
Solution size 39
(24 -> 2039) (25 -> 2162) (26 -> 759) (27 -> 758) (28 -> 757) (29 -> 5205) (30 -> 5203) (31 -> 5202) (32 -> 5157) (33 -> 5156) (34 -> 5155) (35 -> 794) (36 -> 795) (37 -> 796) (38 -> 299) (40 -> 290) (41 -> 291) (42 -> 292) (43 -> 5153) (45 -> 293) (46 -> 294) (48 -> 312) (49 -> 5261) (51 -> 699) (52 -> 313) (53 -> 314) (54 -> 315) (55 -> 316) (56 -> 319) (57 -> 320) (58 -> 321) (59 -> 297) (60 -> 298) (61 -> 318) (62 -> 5262) (66 -> 311) (67 -> 5204) (82 -> 760) (84 -> 2163) 
Peak nogood count:                  42444
Final nogood count:                 11160
Nodes:                              9714413
Time of last incumbent update (ms): 285410
CPU time (ms):                      1000071
TIMEOUT
Summary:
TIMEOUT 42444 11160 9714413 285410 1000071
