New incumbent 1 at time 817 ms
New incumbent 2 at time 817 ms
New incumbent 3 at time 817 ms
New incumbent 4 at time 818 ms
New incumbent 5 at time 818 ms
New incumbent 6 at time 818 ms
New incumbent 7 at time 819 ms
New incumbent 8 at time 820 ms
New incumbent 9 at time 869 ms
New incumbent 10 at time 929 ms
New incumbent 11 at time 929 ms
Upper bound: 58
New incumbent 12 at time 4196 ms
New incumbent 13 at time 4264 ms
New incumbent 14 at time 4589 ms
New incumbent 15 at time 4589 ms
New incumbent 16 at time 5419 ms
New incumbent 17 at time 5420 ms
New incumbent 18 at time 13785 ms
New incumbent 19 at time 20216 ms
Upper bound: 57
New incumbent 20 at time 24257 ms
New incumbent 21 at time 24257 ms
New incumbent 22 at time 24257 ms
New incumbent 23 at time 30811 ms
New incumbent 24 at time 30811 ms
New incumbent 25 at time 30811 ms
Upper bound: 56
New incumbent 26 at time 218460 ms
New incumbent 27 at time 218460 ms
New incumbent 28 at time 218460 ms
New incumbent 29 at time 470267 ms
New incumbent 30 at time 470267 ms
New incumbent 31 at time 470267 ms
Solution size 31
(0 -> 418) (1 -> 417) (2 -> 492) (3 -> 493) (4 -> 430) (5 -> 431) (12 -> 429) (13 -> 428) (14 -> 3862) (15 -> 3861) (16 -> 3857) (17 -> 3854) (18 -> 3853) (19 -> 3852) (20 -> 3845) (21 -> 3844) (24 -> 3831) (25 -> 3830) (26 -> 3808) (27 -> 3809) (28 -> 3810) (29 -> 3811) (30 -> 3812) (31 -> 3823) (32 -> 3824) (33 -> 3822) (34 -> 3807) (35 -> 3806) (37 -> 3829) (44 -> 3821) (47 -> 416) 
Peak nogood count:                  362217
Final nogood count:                 362217
Nodes:                              13408569
Time of last incumbent update (ms): 470267
CPU time (ms):                      1000735
TIMEOUT
Summary:
TIMEOUT 362217 362217 13408569 470267 1000735
