New incumbent 1 at time 1715 ms
New incumbent 2 at time 1716 ms
New incumbent 3 at time 1716 ms
New incumbent 4 at time 1737 ms
New incumbent 5 at time 1850 ms
New incumbent 6 at time 1850 ms
New incumbent 7 at time 1866 ms
New incumbent 8 at time 2227 ms
New incumbent 9 at time 2227 ms
New incumbent 10 at time 2227 ms
Upper bound: 95
New incumbent 11 at time 2881 ms
New incumbent 12 at time 2881 ms
New incumbent 13 at time 2881 ms
New incumbent 14 at time 2882 ms
New incumbent 15 at time 2882 ms
New incumbent 16 at time 2955 ms
New incumbent 17 at time 2955 ms
New incumbent 18 at time 5810 ms
New incumbent 19 at time 5810 ms
New incumbent 20 at time 5810 ms
New incumbent 21 at time 5810 ms
New incumbent 22 at time 5810 ms
New incumbent 23 at time 32198 ms
Upper bound: 94
New incumbent 24 at time 44882 ms
New incumbent 25 at time 44883 ms
New incumbent 26 at time 44884 ms
New incumbent 27 at time 44885 ms
New incumbent 28 at time 111662 ms
New incumbent 29 at time 111662 ms
New incumbent 30 at time 204248 ms
Upper bound: 93
New incumbent 31 at time 526446 ms
New incumbent 32 at time 526446 ms
New incumbent 33 at time 526446 ms
New incumbent 34 at time 526447 ms
New incumbent 35 at time 526471 ms
Solution size 35
(3 -> 2296) (4 -> 2277) (5 -> 2278) (6 -> 2279) (7 -> 2289) (8 -> 2290) (9 -> 2521) (10 -> 2291) (12 -> 2343) (14 -> 580) (15 -> 579) (16 -> 578) (17 -> 577) (18 -> 576) (20 -> 571) (66 -> 1831) (67 -> 2283) (68 -> 2282) (69 -> 2281) (70 -> 2280) (77 -> 5650) (78 -> 5651) (79 -> 5652) (80 -> 2351) (81 -> 2352) (83 -> 2350) (84 -> 2348) (85 -> 2347) (87 -> 2514) (88 -> 2344) (89 -> 2346) (90 -> 1815) (91 -> 1814) (92 -> 1813) (93 -> 1816) 
Peak nogood count:                  14201
Final nogood count:                 5674
Nodes:                              10265736
Time of last incumbent update (ms): 526471
CPU time (ms):                      1000102
TIMEOUT
Summary:
TIMEOUT 14201 5674 10265736 526471 1000102
