New incumbent 1 at time 1026 ms
New incumbent 2 at time 1027 ms
New incumbent 3 at time 1033 ms
New incumbent 4 at time 1033 ms
New incumbent 5 at time 1034 ms
New incumbent 6 at time 1034 ms
New incumbent 7 at time 1034 ms
New incumbent 8 at time 1035 ms
New incumbent 9 at time 1076 ms
New incumbent 10 at time 1076 ms
New incumbent 11 at time 1076 ms
New incumbent 12 at time 1076 ms
New incumbent 13 at time 1078 ms
Upper bound: 150
New incumbent 14 at time 1607 ms
New incumbent 15 at time 1618 ms
New incumbent 16 at time 1847 ms
New incumbent 17 at time 3853 ms
New incumbent 18 at time 5940 ms
New incumbent 19 at time 5940 ms
Upper bound: 149
New incumbent 20 at time 12041 ms
New incumbent 21 at time 12476 ms
New incumbent 22 at time 12476 ms
New incumbent 23 at time 12476 ms
New incumbent 24 at time 18111 ms
New incumbent 25 at time 18111 ms
New incumbent 26 at time 31315 ms
New incumbent 27 at time 31315 ms
New incumbent 28 at time 31315 ms
New incumbent 29 at time 63897 ms
New incumbent 30 at time 63897 ms
Upper bound: 148
New incumbent 31 at time 83201 ms
New incumbent 32 at time 180114 ms
New incumbent 33 at time 307589 ms
New incumbent 34 at time 307589 ms
New incumbent 35 at time 307589 ms
New incumbent 36 at time 307590 ms
New incumbent 37 at time 307590 ms
New incumbent 38 at time 307590 ms
New incumbent 39 at time 307590 ms
New incumbent 40 at time 307590 ms
Upper bound: 147
Solution size 40
(0 -> 2910) (1 -> 2911) (2 -> 2912) (3 -> 2913) (4 -> 2914) (5 -> 2915) (7 -> 1448) (8 -> 1447) (9 -> 1446) (10 -> 1445) (11 -> 1444) (12 -> 2979) (13 -> 2954) (14 -> 2962) (15 -> 2957) (16 -> 2956) (17 -> 2955) (18 -> 2963) (19 -> 2964) (20 -> 2965) (21 -> 2974) (22 -> 2966) (23 -> 2967) (24 -> 3211) (26 -> 727) (81 -> 3009) (82 -> 3002) (83 -> 3001) (89 -> 3003) (90 -> 3007) (91 -> 2888) (92 -> 2889) (93 -> 2890) (94 -> 3004) (95 -> 3005) (97 -> 1404) (111 -> 2891) (113 -> 3084) (129 -> 2909) (130 -> 2908) 
Peak nogood count:                  179706
Final nogood count:                 179706
Nodes:                              16848720
Time of last incumbent update (ms): 307590
CPU time (ms):                      1000379
TIMEOUT
Summary:
TIMEOUT 179706 179706 16848720 307590 1000379
