New incumbent 1 at time 523 ms
New incumbent 2 at time 524 ms
New incumbent 3 at time 524 ms
New incumbent 4 at time 526 ms
New incumbent 5 at time 527 ms
New incumbent 6 at time 527 ms
New incumbent 7 at time 528 ms
New incumbent 8 at time 528 ms
New incumbent 9 at time 528 ms
New incumbent 10 at time 528 ms
New incumbent 11 at time 529 ms
New incumbent 12 at time 540 ms
Upper bound: 145
New incumbent 13 at time 973 ms
New incumbent 14 at time 983 ms
New incumbent 15 at time 3851 ms
New incumbent 16 at time 5880 ms
Upper bound: 144
New incumbent 17 at time 8639 ms
New incumbent 18 at time 9424 ms
New incumbent 19 at time 9432 ms
New incumbent 20 at time 13622 ms
New incumbent 21 at time 29613 ms
New incumbent 22 at time 29613 ms
Upper bound: 143
New incumbent 23 at time 61397 ms
New incumbent 24 at time 61400 ms
New incumbent 25 at time 61400 ms
New incumbent 26 at time 61400 ms
New incumbent 27 at time 61401 ms
Upper bound: 142
New incumbent 28 at time 517022 ms
New incumbent 29 at time 574883 ms
Solution size 29
(1 -> 1422) (2 -> 1421) (3 -> 2638) (4 -> 2639) (5 -> 2640) (6 -> 2641) (7 -> 1442) (8 -> 1441) (9 -> 1440) (10 -> 1439) (14 -> 1424) (15 -> 1423) (16 -> 2655) (17 -> 1410) (59 -> 2383) (63 -> 1413) (67 -> 1418) (68 -> 1419) (69 -> 1448) (77 -> 2629) (78 -> 1449) (79 -> 1450) (80 -> 1451) (81 -> 1452) (82 -> 1453) (93 -> 1425) (143 -> 2645) (144 -> 2644) (145 -> 2643) 
Peak nogood count:                  93441
Final nogood count:                 86646
Nodes:                              20060857
Time of last incumbent update (ms): 574883
CPU time (ms):                      1000109
TIMEOUT
Summary:
TIMEOUT 93441 86646 20060857 574883 1000109
