New incumbent 1 at time 1304 ms
New incumbent 2 at time 1305 ms
New incumbent 3 at time 1305 ms
New incumbent 4 at time 1305 ms
New incumbent 5 at time 1305 ms
New incumbent 6 at time 1306 ms
New incumbent 7 at time 1311 ms
New incumbent 8 at time 1315 ms
New incumbent 9 at time 1315 ms
New incumbent 10 at time 1364 ms
New incumbent 11 at time 1365 ms
Upper bound: 49
New incumbent 12 at time 2436 ms
New incumbent 13 at time 10619 ms
New incumbent 14 at time 11248 ms
Upper bound: 48
New incumbent 15 at time 13807 ms
New incumbent 16 at time 15591 ms
New incumbent 17 at time 18012 ms
New incumbent 18 at time 32606 ms
New incumbent 19 at time 32606 ms
New incumbent 20 at time 32606 ms
Upper bound: 47
New incumbent 21 at time 146165 ms
New incumbent 22 at time 162355 ms
New incumbent 23 at time 170763 ms
New incumbent 24 at time 170763 ms
New incumbent 25 at time 387311 ms
New incumbent 26 at time 387311 ms
New incumbent 27 at time 387312 ms
New incumbent 28 at time 416417 ms
New incumbent 29 at time 518501 ms
Solution size 29
(0 -> 3891) (1 -> 3893) (2 -> 3892) (3 -> 3870) (4 -> 3871) (5 -> 3872) (6 -> 3873) (7 -> 3867) (8 -> 3866) (10 -> 3868) (12 -> 3906) (13 -> 3890) (14 -> 3889) (15 -> 3888) (19 -> 3358) (20 -> 3359) (21 -> 3360) (22 -> 3378) (33 -> 3379) (34 -> 3908) (35 -> 3907) (36 -> 3361) (37 -> 3362) (38 -> 3363) (39 -> 3874) (44 -> 3904) (45 -> 3905) (46 -> 3895) (47 -> 3894) 
Peak nogood count:                  14724
Final nogood count:                 13604
Nodes:                              12794136
Time of last incumbent update (ms): 518501
CPU time (ms):                      1000021
TIMEOUT
Summary:
TIMEOUT 14724 13604 12794136 518501 1000021
