New incumbent 1 at time 177 ms
New incumbent 2 at time 187 ms
Upper bound: 81
Upper bound: 80
New incumbent 3 at time 471 ms
Upper bound: 79
New incumbent 4 at time 728 ms
Upper bound: 78
New incumbent 5 at time 1104 ms
New incumbent 6 at time 1104 ms
Upper bound: 77
Upper bound: 76
Upper bound: 75
New incumbent 7 at time 10434 ms
Upper bound: 74
New incumbent 8 at time 44840 ms
New incumbent 9 at time 534914 ms
Upper bound: 73
Solution size 9
(0 -> 263) (2 -> 262) (4 -> 260) (5 -> 256) (6 -> 255) (7 -> 254) (9 -> 251) (11 -> 257) (17 -> 230) 
Peak nogood count:                  66619
Final nogood count:                 66614
Nodes:                              30205074
Time of last incumbent update (ms): 534914
CPU time (ms):                      1000089
TIMEOUT
Summary:
TIMEOUT 66619 66614 30205074 534914 1000089
