New incumbent 1 at time 206 ms
New incumbent 2 at time 208 ms
New incumbent 3 at time 208 ms
New incumbent 4 at time 210 ms
New incumbent 5 at time 218 ms
New incumbent 6 at time 218 ms
New incumbent 7 at time 218 ms
Upper bound: 89
New incumbent 8 at time 312 ms
New incumbent 9 at time 314 ms
New incumbent 10 at time 314 ms
New incumbent 11 at time 314 ms
New incumbent 12 at time 314 ms
New incumbent 13 at time 990 ms
Upper bound: 88
New incumbent 14 at time 2420 ms
New incumbent 15 at time 2420 ms
New incumbent 16 at time 2420 ms
New incumbent 17 at time 4659 ms
New incumbent 18 at time 8017 ms
New incumbent 19 at time 8023 ms
Upper bound: 87
New incumbent 20 at time 14919 ms
New incumbent 21 at time 14919 ms
New incumbent 22 at time 14920 ms
New incumbent 23 at time 14920 ms
New incumbent 24 at time 71904 ms
New incumbent 25 at time 71904 ms
New incumbent 26 at time 71904 ms
New incumbent 27 at time 71904 ms
New incumbent 28 at time 71904 ms
Upper bound: 86
New incumbent 29 at time 544335 ms
Solution size 29
(0 -> 1330) (1 -> 1332) (2 -> 1333) (4 -> 352) (5 -> 172) (6 -> 171) (7 -> 170) (8 -> 169) (9 -> 168) (10 -> 353) (11 -> 167) (12 -> 166) (13 -> 165) (14 -> 164) (15 -> 163) (25 -> 1389) (26 -> 1386) (27 -> 1387) (28 -> 1388) (29 -> 1325) (30 -> 1326) (31 -> 1336) (32 -> 1335) (36 -> 173) (85 -> 354) (86 -> 1334) (87 -> 1329) (88 -> 1328) (89 -> 1331) 
Peak nogood count:                  59681
Final nogood count:                 59681
Nodes:                              26306270
Time of last incumbent update (ms): 544335
CPU time (ms):                      1000098
TIMEOUT
Summary:
TIMEOUT 59681 59681 26306270 544335 1000098
