New incumbent 1 at time 1751 ms
New incumbent 2 at time 1753 ms
New incumbent 3 at time 1759 ms
New incumbent 4 at time 1759 ms
New incumbent 5 at time 1759 ms
New incumbent 6 at time 1759 ms
New incumbent 7 at time 1867 ms
New incumbent 8 at time 1867 ms
New incumbent 9 at time 1867 ms
New incumbent 10 at time 1867 ms
New incumbent 11 at time 1867 ms
Upper bound: 80
New incumbent 12 at time 2915 ms
New incumbent 13 at time 2960 ms
New incumbent 14 at time 2960 ms
New incumbent 15 at time 2961 ms
Upper bound: 79
New incumbent 16 at time 20817 ms
New incumbent 17 at time 20818 ms
New incumbent 18 at time 20818 ms
New incumbent 19 at time 31942 ms
New incumbent 20 at time 31943 ms
New incumbent 21 at time 91103 ms
Upper bound: 78
New incumbent 22 at time 182013 ms
New incumbent 23 at time 182014 ms
New incumbent 24 at time 249850 ms
New incumbent 25 at time 249850 ms
New incumbent 26 at time 312249 ms
New incumbent 27 at time 312249 ms
Solution size 27
(29 -> 2363) (30 -> 4745) (31 -> 4743) (32 -> 2371) (36 -> 2355) (37 -> 2356) (38 -> 4744) (39 -> 2360) (40 -> 2361) (46 -> 2345) (47 -> 2358) (48 -> 2357) (49 -> 2359) (54 -> 4771) (55 -> 4773) (56 -> 2344) (57 -> 2343) (58 -> 4774) (59 -> 4772) (60 -> 4756) (61 -> 4750) (62 -> 4748) (63 -> 4749) (64 -> 4747) (65 -> 4778) (66 -> 4760) (80 -> 4757) 
Peak nogood count:                  18868
Final nogood count:                 11903
Nodes:                              11875655
Time of last incumbent update (ms): 312249
CPU time (ms):                      1000043
TIMEOUT
Summary:
TIMEOUT 18868 11903 11875655 312249 1000043
