New incumbent 1 at time 430 ms
New incumbent 2 at time 431 ms
New incumbent 3 at time 431 ms
New incumbent 4 at time 431 ms
New incumbent 5 at time 432 ms
New incumbent 6 at time 432 ms
New incumbent 7 at time 437 ms
New incumbent 8 at time 461 ms
New incumbent 9 at time 480 ms
New incumbent 10 at time 480 ms
New incumbent 11 at time 480 ms
New incumbent 12 at time 573 ms
New incumbent 13 at time 573 ms
Upper bound: 96
New incumbent 14 at time 1115 ms
New incumbent 15 at time 1115 ms
New incumbent 16 at time 1115 ms
Upper bound: 95
New incumbent 17 at time 4012 ms
New incumbent 18 at time 4012 ms
New incumbent 19 at time 4631 ms
New incumbent 20 at time 4972 ms
New incumbent 21 at time 4972 ms
New incumbent 22 at time 16347 ms
New incumbent 23 at time 16347 ms
New incumbent 24 at time 16348 ms
New incumbent 25 at time 16348 ms
Upper bound: 94
New incumbent 26 at time 39085 ms
New incumbent 27 at time 86884 ms
New incumbent 28 at time 86884 ms
Upper bound: 93
New incumbent 29 at time 837364 ms
New incumbent 30 at time 837365 ms
New incumbent 31 at time 837365 ms
Solution size 31
(1 -> 2061) (2 -> 856) (3 -> 855) (4 -> 842) (5 -> 841) (6 -> 2071) (7 -> 2066) (8 -> 861) (9 -> 860) (13 -> 843) (16 -> 888) (17 -> 889) (18 -> 890) (19 -> 815) (20 -> 777) (22 -> 2077) (23 -> 771) (24 -> 770) (25 -> 2075) (26 -> 816) (27 -> 817) (28 -> 868) (29 -> 864) (30 -> 863) (31 -> 824) (38 -> 818) (44 -> 862) (62 -> 857) (65 -> 854) (72 -> 769) (96 -> 772) 
Peak nogood count:                  88773
Final nogood count:                 88773
Nodes:                              16674030
Time of last incumbent update (ms): 837365
CPU time (ms):                      1000115
TIMEOUT
Summary:
TIMEOUT 88773 88773 16674030 837365 1000115
