New incumbent 1 at time 443 ms
New incumbent 2 at time 444 ms
New incumbent 3 at time 445 ms
New incumbent 4 at time 446 ms
New incumbent 5 at time 447 ms
New incumbent 6 at time 448 ms
New incumbent 7 at time 448 ms
New incumbent 8 at time 466 ms
New incumbent 9 at time 466 ms
New incumbent 10 at time 493 ms
New incumbent 11 at time 601 ms
New incumbent 12 at time 602 ms
Upper bound: 69
New incumbent 13 at time 759 ms
New incumbent 14 at time 811 ms
New incumbent 15 at time 811 ms
New incumbent 16 at time 811 ms
New incumbent 17 at time 908 ms
New incumbent 18 at time 961 ms
New incumbent 19 at time 1095 ms
New incumbent 20 at time 2418 ms
New incumbent 21 at time 4167 ms
New incumbent 22 at time 5085 ms
Upper bound: 68
New incumbent 23 at time 7188 ms
New incumbent 24 at time 7189 ms
New incumbent 25 at time 7189 ms
New incumbent 26 at time 17043 ms
New incumbent 27 at time 17043 ms
New incumbent 28 at time 17043 ms
New incumbent 29 at time 24489 ms
New incumbent 30 at time 24489 ms
New incumbent 31 at time 45408 ms
New incumbent 32 at time 45408 ms
Upper bound: 67
New incumbent 33 at time 122526 ms
New incumbent 34 at time 568495 ms
New incumbent 35 at time 618203 ms
New incumbent 36 at time 618203 ms
New incumbent 37 at time 618204 ms
New incumbent 38 at time 618204 ms
Solution size 38
(0 -> 2134) (1 -> 2133) (2 -> 2211) (3 -> 2210) (4 -> 2214) (5 -> 2213) (6 -> 2246) (7 -> 2212) (8 -> 2245) (9 -> 2130) (10 -> 2131) (11 -> 2132) (13 -> 1643) (14 -> 1788) (15 -> 1789) (16 -> 1787) (17 -> 1786) (18 -> 1644) (19 -> 1645) (20 -> 1646) (21 -> 1782) (22 -> 1781) (23 -> 1647) (25 -> 1768) (26 -> 1755) (27 -> 1756) (28 -> 1758) (29 -> 1759) (30 -> 1784) (31 -> 1785) (32 -> 1764) (33 -> 1765) (41 -> 2138) (48 -> 2294) (49 -> 2136) (50 -> 2135) (51 -> 2137) (52 -> 2140) 
Peak nogood count:                  578017
Final nogood count:                 577659
Nodes:                              17473019
Time of last incumbent update (ms): 618204
CPU time (ms):                      1001010
TIMEOUT
Summary:
TIMEOUT 578017 577659 17473019 618204 1001010
