New incumbent 1 at time 939 ms
New incumbent 2 at time 939 ms
New incumbent 3 at time 939 ms
Upper bound: 77
New incumbent 4 at time 964 ms
New incumbent 5 at time 965 ms
New incumbent 6 at time 965 ms
New incumbent 7 at time 965 ms
New incumbent 8 at time 965 ms
New incumbent 9 at time 966 ms
New incumbent 10 at time 966 ms
Upper bound: 76
New incumbent 11 at time 1721 ms
New incumbent 12 at time 1721 ms
New incumbent 13 at time 1721 ms
New incumbent 14 at time 1732 ms
New incumbent 15 at time 1732 ms
New incumbent 16 at time 1732 ms
New incumbent 17 at time 5827 ms
New incumbent 18 at time 5827 ms
New incumbent 19 at time 7092 ms
New incumbent 20 at time 7092 ms
New incumbent 21 at time 11269 ms
New incumbent 22 at time 11269 ms
Upper bound: 75
New incumbent 23 at time 67358 ms
New incumbent 24 at time 72783 ms
New incumbent 25 at time 72783 ms
New incumbent 26 at time 72784 ms
New incumbent 27 at time 104956 ms
New incumbent 28 at time 110496 ms
New incumbent 29 at time 110496 ms
New incumbent 30 at time 110496 ms
New incumbent 31 at time 110496 ms
Solution size 31
(0 -> 3628) (1 -> 3629) (2 -> 3630) (3 -> 3631) (4 -> 3632) (6 -> 29) (7 -> 28) (8 -> 3626) (9 -> 3625) (10 -> 3624) (11 -> 3623) (12 -> 26) (13 -> 27) (14 -> 25) (22 -> 3622) (54 -> 3418) (56 -> 478) (57 -> 3441) (58 -> 3424) (59 -> 3423) (60 -> 3415) (61 -> 3435) (62 -> 3428) (63 -> 3429) (64 -> 3434) (65 -> 3427) (66 -> 3426) (67 -> 3425) (68 -> 3416) (69 -> 3417) (77 -> 3627) 
Peak nogood count:                  191954
Final nogood count:                 188458
Nodes:                              12675858
Time of last incumbent update (ms): 110496
CPU time (ms):                      1000731
TIMEOUT
Summary:
TIMEOUT 191954 188458 12675858 110496 1000731
