New incumbent 1 at time 1783 ms
New incumbent 2 at time 1784 ms
New incumbent 3 at time 1784 ms
New incumbent 4 at time 1784 ms
New incumbent 5 at time 1784 ms
New incumbent 6 at time 1784 ms
New incumbent 7 at time 1786 ms
New incumbent 8 at time 1806 ms
New incumbent 9 at time 1806 ms
New incumbent 10 at time 1806 ms
New incumbent 11 at time 1806 ms
New incumbent 12 at time 1894 ms
New incumbent 13 at time 2265 ms
New incumbent 14 at time 2266 ms
New incumbent 15 at time 6134 ms
New incumbent 16 at time 10773 ms
Upper bound: 23
New incumbent 17 at time 14907 ms
New incumbent 18 at time 14907 ms
New incumbent 19 at time 14907 ms
New incumbent 20 at time 14915 ms
New incumbent 21 at time 14915 ms
New incumbent 22 at time 36703 ms
Upper bound: 22
Solution size 22
(0 -> 3497) (1 -> 3508) (2 -> 3507) (3 -> 4439) (4 -> 4438) (5 -> 3505) (6 -> 3500) (7 -> 3499) (8 -> 3498) (9 -> 3504) (10 -> 3503) (11 -> 3502) (12 -> 3501) (13 -> 3488) (14 -> 3489) (15 -> 3492) (16 -> 3493) (17 -> 3506) (18 -> 4437) (20 -> 4440) (21 -> 4434) (22 -> 4435) 
Peak nogood count:                  10129
Final nogood count:                 0
Nodes:                              994697
Time of last incumbent update (ms): 36703
CPU time (ms):                      98160
Summary:
COMPLETED 10129 0 994697 36703 98160
