New incumbent 1 at time 25 ms
Upper bound: 198
Upper bound: 197
New incumbent 2 at time 54 ms
Upper bound: 196
New incumbent 3 at time 79 ms
New incumbent 4 at time 84 ms
Upper bound: 195
New incumbent 5 at time 116 ms
Upper bound: 194
New incumbent 6 at time 203 ms
New incumbent 7 at time 203 ms
Upper bound: 193
Upper bound: 192
New incumbent 8 at time 645 ms
New incumbent 9 at time 1051 ms
Upper bound: 191
New incumbent 10 at time 1774 ms
Upper bound: 190
New incumbent 11 at time 5965 ms
Upper bound: 189
New incumbent 12 at time 16662 ms
Upper bound: 188
New incumbent 13 at time 64905 ms
Upper bound: 187
New incumbent 14 at time 484125 ms
Upper bound: 186
Solution size 14
(1 -> 155) (2 -> 136) (58 -> 138) (62 -> 146) (99 -> 144) (100 -> 142) (101 -> 141) (102 -> 186) (103 -> 187) (104 -> 2) (137 -> 5) (138 -> 4) (139 -> 3) (144 -> 137) 
Peak nogood count:                  11745
Final nogood count:                 3156
Nodes:                              83163878
Time of last incumbent update (ms): 484125
CPU time (ms):                      1000008
TIMEOUT
Summary:
TIMEOUT 11745 3156 83163878 484125 1000008
