New incumbent 1 at time 340 ms
New incumbent 2 at time 341 ms
New incumbent 3 at time 341 ms
New incumbent 4 at time 349 ms
New incumbent 5 at time 353 ms
New incumbent 6 at time 353 ms
New incumbent 7 at time 354 ms
New incumbent 8 at time 414 ms
New incumbent 9 at time 414 ms
New incumbent 10 at time 414 ms
New incumbent 11 at time 414 ms
New incumbent 12 at time 414 ms
Upper bound: 146
New incumbent 13 at time 571 ms
New incumbent 14 at time 571 ms
New incumbent 15 at time 607 ms
New incumbent 16 at time 607 ms
New incumbent 17 at time 607 ms
New incumbent 18 at time 607 ms
New incumbent 19 at time 607 ms
New incumbent 20 at time 607 ms
New incumbent 21 at time 607 ms
New incumbent 22 at time 608 ms
Upper bound: 145
New incumbent 23 at time 8870 ms
New incumbent 24 at time 8870 ms
New incumbent 25 at time 10498 ms
New incumbent 26 at time 10498 ms
New incumbent 27 at time 10498 ms
Upper bound: 144
New incumbent 28 at time 363643 ms
New incumbent 29 at time 363643 ms
New incumbent 30 at time 363643 ms
New incumbent 31 at time 408024 ms
Solution size 31
(0 -> 1007) (1 -> 1006) (2 -> 1005) (3 -> 1004) (4 -> 1003) (5 -> 1002) (6 -> 1012) (7 -> 1013) (9 -> 1001) (10 -> 1000) (11 -> 1075) (12 -> 1076) (13 -> 45) (16 -> 88) (17 -> 2327) (18 -> 67) (19 -> 66) (20 -> 65) (21 -> 1026) (22 -> 1025) (23 -> 1024) (24 -> 1028) (25 -> 1027) (26 -> 1030) (28 -> 2338) (29 -> 2328) (30 -> 1029) (70 -> 1062) (106 -> 1023) (107 -> 72) (131 -> 64) 
Peak nogood count:                  260612
Final nogood count:                 260612
Nodes:                              18189034
Time of last incumbent update (ms): 408024
CPU time (ms):                      1000569
TIMEOUT
Summary:
TIMEOUT 260612 260612 18189034 408024 1000569
