New incumbent 1 at time 1807 ms
New incumbent 2 at time 1807 ms
New incumbent 3 at time 1807 ms
New incumbent 4 at time 1807 ms
New incumbent 5 at time 1807 ms
New incumbent 6 at time 1807 ms
New incumbent 7 at time 1810 ms
New incumbent 8 at time 1810 ms
New incumbent 9 at time 1810 ms
New incumbent 10 at time 1810 ms
New incumbent 11 at time 1816 ms
New incumbent 12 at time 1816 ms
New incumbent 13 at time 1824 ms
New incumbent 14 at time 3891 ms
New incumbent 15 at time 3891 ms
New incumbent 16 at time 9576 ms
Upper bound: 31
New incumbent 17 at time 14226 ms
New incumbent 18 at time 24259 ms
Upper bound: 30
New incumbent 19 at time 126694 ms
New incumbent 20 at time 126694 ms
New incumbent 21 at time 126694 ms
Solution size 21
(0 -> 5676) (1 -> 488) (2 -> 489) (8 -> 1771) (11 -> 1770) (12 -> 1769) (13 -> 496) (14 -> 497) (15 -> 498) (17 -> 500) (18 -> 5675) (19 -> 499) (23 -> 493) (24 -> 449) (25 -> 448) (26 -> 451) (27 -> 450) (28 -> 492) (29 -> 1768) (30 -> 487) (31 -> 486) 
Peak nogood count:                  233795
Final nogood count:                 233795
Nodes:                              7949016
Time of last incumbent update (ms): 126694
CPU time (ms):                      1000413
TIMEOUT
Summary:
TIMEOUT 233795 233795 7949016 126694 1000413
