New incumbent 1 at time 561 ms
New incumbent 2 at time 565 ms
New incumbent 3 at time 565 ms
New incumbent 4 at time 565 ms
New incumbent 5 at time 565 ms
New incumbent 6 at time 566 ms
New incumbent 7 at time 569 ms
New incumbent 8 at time 569 ms
New incumbent 9 at time 569 ms
New incumbent 10 at time 569 ms
New incumbent 11 at time 578 ms
Upper bound: 145
New incumbent 12 at time 840 ms
New incumbent 13 at time 1359 ms
New incumbent 14 at time 1597 ms
New incumbent 15 at time 1977 ms
New incumbent 16 at time 1977 ms
New incumbent 17 at time 1977 ms
New incumbent 18 at time 1977 ms
Upper bound: 144
New incumbent 19 at time 17688 ms
Upper bound: 143
New incumbent 20 at time 29749 ms
New incumbent 21 at time 35907 ms
New incumbent 22 at time 51864 ms
New incumbent 23 at time 94086 ms
New incumbent 24 at time 94086 ms
New incumbent 25 at time 94086 ms
Upper bound: 142
New incumbent 26 at time 232599 ms
New incumbent 27 at time 260666 ms
New incumbent 28 at time 380751 ms
New incumbent 29 at time 380751 ms
New incumbent 30 at time 770306 ms
New incumbent 31 at time 770306 ms
New incumbent 32 at time 770306 ms
Solution size 32
(17 -> 1898) (18 -> 1899) (19 -> 1900) (20 -> 1901) (21 -> 1902) (22 -> 1895) (23 -> 1894) (24 -> 93) (25 -> 94) (26 -> 95) (27 -> 96) (29 -> 104) (30 -> 1690) (31 -> 103) (32 -> 102) (33 -> 101) (34 -> 100) (35 -> 2657) (98 -> 1701) (100 -> 85) (101 -> 2656) (102 -> 2655) (103 -> 78) (108 -> 1889) (109 -> 1893) (111 -> 1694) (112 -> 1693) (113 -> 644) (119 -> 1886) (139 -> 99) (140 -> 98) (141 -> 2660) 
Peak nogood count:                  100541
Final nogood count:                 90215
Nodes:                              20043341
Time of last incumbent update (ms): 770306
CPU time (ms):                      1000126
TIMEOUT
Summary:
TIMEOUT 100541 90215 20043341 770306 1000126
