New incumbent 1 at time 684 ms
New incumbent 2 at time 685 ms
New incumbent 3 at time 685 ms
New incumbent 4 at time 685 ms
New incumbent 5 at time 692 ms
New incumbent 6 at time 692 ms
New incumbent 7 at time 760 ms
New incumbent 8 at time 925 ms
New incumbent 9 at time 925 ms
New incumbent 10 at time 925 ms
Upper bound: 89
New incumbent 11 at time 1176 ms
New incumbent 12 at time 1255 ms
New incumbent 13 at time 1255 ms
New incumbent 14 at time 4118 ms
Upper bound: 88
New incumbent 15 at time 8915 ms
New incumbent 16 at time 8915 ms
New incumbent 17 at time 8917 ms
New incumbent 18 at time 8917 ms
New incumbent 19 at time 11552 ms
New incumbent 20 at time 11552 ms
Upper bound: 87
New incumbent 21 at time 64169 ms
New incumbent 22 at time 64332 ms
New incumbent 23 at time 64332 ms
New incumbent 24 at time 64332 ms
New incumbent 25 at time 64333 ms
New incumbent 26 at time 303593 ms
Upper bound: 86
New incumbent 27 at time 597904 ms
Solution size 27
(0 -> 2241) (1 -> 2340) (2 -> 2341) (4 -> 826) (5 -> 825) (11 -> 2897) (12 -> 827) (13 -> 828) (14 -> 903) (18 -> 843) (19 -> 3311) (20 -> 3312) (21 -> 3313) (22 -> 3314) (23 -> 829) (24 -> 830) (26 -> 2348) (27 -> 2345) (28 -> 2344) (29 -> 2235) (30 -> 2236) (31 -> 2237) (32 -> 2238) (36 -> 824) (86 -> 2342) (87 -> 2240) (89 -> 2242) 
Peak nogood count:                  60537
Final nogood count:                 60537
Nodes:                              15242636
Time of last incumbent update (ms): 597904
CPU time (ms):                      1000105
TIMEOUT
Summary:
TIMEOUT 60537 60537 15242636 597904 1000105
