New incumbent 1 at time 190 ms
New incumbent 2 at time 190 ms
New incumbent 3 at time 207 ms
New incumbent 4 at time 207 ms
New incumbent 5 at time 207 ms
Upper bound: 105
New incumbent 6 at time 294 ms
New incumbent 7 at time 294 ms
New incumbent 8 at time 294 ms
New incumbent 9 at time 294 ms
New incumbent 10 at time 294 ms
New incumbent 11 at time 379 ms
New incumbent 12 at time 380 ms
New incumbent 13 at time 725 ms
New incumbent 14 at time 725 ms
New incumbent 15 at time 725 ms
Upper bound: 104
New incumbent 16 at time 4552 ms
New incumbent 17 at time 11925 ms
Upper bound: 103
New incumbent 18 at time 14459 ms
New incumbent 19 at time 15411 ms
New incumbent 20 at time 15411 ms
New incumbent 21 at time 25895 ms
New incumbent 22 at time 25896 ms
New incumbent 23 at time 26416 ms
New incumbent 24 at time 59942 ms
New incumbent 25 at time 147261 ms
Upper bound: 102
New incumbent 26 at time 589926 ms
New incumbent 27 at time 589926 ms
New incumbent 28 at time 589926 ms
New incumbent 29 at time 589926 ms
New incumbent 30 at time 774350 ms
New incumbent 31 at time 774352 ms
Solution size 31
(0 -> 861) (1 -> 1549) (2 -> 840) (3 -> 839) (4 -> 838) (5 -> 1581) (7 -> 834) (8 -> 1447) (9 -> 835) (10 -> 836) (11 -> 837) (12 -> 1589) (13 -> 1588) (14 -> 831) (16 -> 1398) (17 -> 1399) (18 -> 1396) (19 -> 1397) (20 -> 1401) (21 -> 832) (22 -> 1448) (23 -> 1382) (24 -> 1381) (25 -> 1380) (29 -> 1379) (31 -> 823) (43 -> 860) (47 -> 862) (64 -> 1385) (65 -> 1446) (75 -> 841) 
Peak nogood count:                  22138
Final nogood count:                 16169
Nodes:                              26880018
Time of last incumbent update (ms): 774352
CPU time (ms):                      1000025
TIMEOUT
Summary:
TIMEOUT 22138 16169 26880018 774352 1000025
