New incumbent 1 at time 184 ms
New incumbent 2 at time 185 ms
New incumbent 3 at time 185 ms
New incumbent 4 at time 185 ms
New incumbent 5 at time 185 ms
New incumbent 6 at time 186 ms
New incumbent 7 at time 196 ms
New incumbent 8 at time 196 ms
New incumbent 9 at time 196 ms
New incumbent 10 at time 223 ms
New incumbent 11 at time 223 ms
New incumbent 12 at time 228 ms
New incumbent 13 at time 228 ms
Upper bound: 96
New incumbent 14 at time 348 ms
New incumbent 15 at time 836 ms
New incumbent 16 at time 836 ms
Upper bound: 95
New incumbent 17 at time 2293 ms
New incumbent 18 at time 2293 ms
New incumbent 19 at time 2293 ms
New incumbent 20 at time 2293 ms
New incumbent 21 at time 2293 ms
New incumbent 22 at time 2551 ms
Upper bound: 94
New incumbent 23 at time 13771 ms
New incumbent 24 at time 13771 ms
New incumbent 25 at time 13772 ms
New incumbent 26 at time 21347 ms
New incumbent 27 at time 21358 ms
Upper bound: 93
New incumbent 28 at time 157457 ms
New incumbent 29 at time 157457 ms
New incumbent 30 at time 157457 ms
New incumbent 31 at time 157457 ms
New incumbent 32 at time 157457 ms
Solution size 32
(9 -> 765) (14 -> 766) (15 -> 767) (16 -> 1123) (17 -> 757) (18 -> 756) (19 -> 771) (21 -> 1085) (22 -> 1044) (23 -> 1045) (24 -> 1046) (26 -> 772) (27 -> 773) (38 -> 774) (72 -> 1047) (74 -> 1037) (75 -> 1039) (76 -> 1043) (77 -> 1042) (78 -> 1040) (79 -> 1098) (80 -> 1091) (81 -> 1092) (82 -> 1093) (83 -> 1099) (84 -> 761) (85 -> 760) (86 -> 759) (88 -> 1096) (89 -> 1095) (90 -> 706) (96 -> 1084) 
Peak nogood count:                  103224
Final nogood count:                 102309
Nodes:                              25293484
Time of last incumbent update (ms): 157457
CPU time (ms):                      1000141
TIMEOUT
Summary:
TIMEOUT 103224 102309 25293484 157457 1000141
