New incumbent 1 at time 535 ms
New incumbent 2 at time 592 ms
Upper bound: 81
Upper bound: 80
New incumbent 3 at time 1363 ms
Upper bound: 79
Upper bound: 78
New incumbent 4 at time 3210 ms
Upper bound: 77
New incumbent 5 at time 4303 ms
Upper bound: 76
Upper bound: 75
New incumbent 6 at time 16187 ms
Upper bound: 74
New incumbent 7 at time 51151 ms
Solution size 7
(0 -> 869) (1 -> 870) (3 -> 868) (5 -> 872) (8 -> 832) (19 -> 717) (81 -> 871) 
Peak nogood count:                  14683
Final nogood count:                 6134
Nodes:                              14478291
Time of last incumbent update (ms): 51151
CPU time (ms):                      1000016
TIMEOUT
Summary:
TIMEOUT 14683 6134 14478291 51151 1000016
