New incumbent 1 at time 143 ms
New incumbent 2 at time 144 ms
New incumbent 3 at time 144 ms
New incumbent 4 at time 144 ms
New incumbent 5 at time 144 ms
New incumbent 6 at time 158 ms
New incumbent 7 at time 178 ms
New incumbent 8 at time 178 ms
Upper bound: 52
New incumbent 9 at time 214 ms
New incumbent 10 at time 215 ms
New incumbent 11 at time 215 ms
New incumbent 12 at time 215 ms
New incumbent 13 at time 217 ms
New incumbent 14 at time 218 ms
New incumbent 15 at time 491 ms
New incumbent 16 at time 491 ms
New incumbent 17 at time 491 ms
New incumbent 18 at time 1098 ms
New incumbent 19 at time 1098 ms
New incumbent 20 at time 1098 ms
Upper bound: 51
New incumbent 21 at time 1333 ms
New incumbent 22 at time 1333 ms
New incumbent 23 at time 1333 ms
New incumbent 24 at time 1333 ms
New incumbent 25 at time 1333 ms
New incumbent 26 at time 1334 ms
New incumbent 27 at time 1334 ms
New incumbent 28 at time 1334 ms
New incumbent 29 at time 1338 ms
New incumbent 30 at time 2383 ms
New incumbent 31 at time 2383 ms
New incumbent 32 at time 2383 ms
New incumbent 33 at time 2383 ms
New incumbent 34 at time 2383 ms
New incumbent 35 at time 2383 ms
New incumbent 36 at time 13892 ms
New incumbent 37 at time 14458 ms
New incumbent 38 at time 14458 ms
Upper bound: 50
New incumbent 39 at time 26426 ms
New incumbent 40 at time 26443 ms
New incumbent 41 at time 26443 ms
New incumbent 42 at time 26473 ms
New incumbent 43 at time 26473 ms
New incumbent 44 at time 26473 ms
New incumbent 45 at time 26473 ms
New incumbent 46 at time 26473 ms
New incumbent 47 at time 584660 ms
Solution size 47
(0 -> 337) (1 -> 336) (2 -> 231) (3 -> 341) (4 -> 338) (6 -> 1250) (7 -> 1069) (8 -> 1070) (12 -> 1078) (14 -> 1121) (15 -> 1122) (16 -> 1077) (17 -> 1076) (18 -> 1075) (19 -> 1074) (20 -> 1073) (21 -> 1071) (22 -> 1251) (23 -> 1065) (24 -> 1064) (25 -> 1110) (26 -> 278) (27 -> 277) (28 -> 292) (29 -> 275) (30 -> 276) (31 -> 279) (33 -> 274) (34 -> 251) (35 -> 250) (36 -> 255) (37 -> 253) (38 -> 254) (39 -> 256) (40 -> 270) (41 -> 271) (42 -> 272) (43 -> 220) (44 -> 219) (45 -> 916) (46 -> 915) (47 -> 224) (48 -> 225) (49 -> 226) (50 -> 233) (51 -> 232) (52 -> 342) 
Peak nogood count:                  102772
Final nogood count:                 102772
Nodes:                              41277103
Time of last incumbent update (ms): 584660
CPU time (ms):                      1000369
TIMEOUT
Summary:
TIMEOUT 102772 102772 41277103 584660 1000369
