New incumbent 1 at time 164 ms
New incumbent 2 at time 166 ms
New incumbent 3 at time 168 ms
New incumbent 4 at time 169 ms
New incumbent 5 at time 188 ms
New incumbent 6 at time 188 ms
Upper bound: 143
New incumbent 7 at time 252 ms
New incumbent 8 at time 253 ms
New incumbent 9 at time 253 ms
New incumbent 10 at time 285 ms
New incumbent 11 at time 293 ms
New incumbent 12 at time 293 ms
New incumbent 13 at time 293 ms
New incumbent 14 at time 386 ms
New incumbent 15 at time 386 ms
New incumbent 16 at time 386 ms
New incumbent 17 at time 386 ms
New incumbent 18 at time 386 ms
New incumbent 19 at time 386 ms
New incumbent 20 at time 386 ms
New incumbent 21 at time 386 ms
Upper bound: 142
New incumbent 22 at time 3973 ms
New incumbent 23 at time 6062 ms
New incumbent 24 at time 6062 ms
New incumbent 25 at time 11045 ms
New incumbent 26 at time 15082 ms
Upper bound: 141
New incumbent 27 at time 213187 ms
New incumbent 28 at time 213187 ms
Solution size 28
(5 -> 17) (18 -> 11) (19 -> 10) (20 -> 1214) (21 -> 1212) (22 -> 1211) (23 -> 1210) (24 -> 1215) (25 -> 1216) (26 -> 1217) (27 -> 1218) (32 -> 1270) (33 -> 1272) (34 -> 1273) (35 -> 1274) (36 -> 1275) (37 -> 1277) (38 -> 1278) (44 -> 62) (57 -> 1208) (58 -> 1209) (59 -> 52) (60 -> 53) (61 -> 51) (62 -> 1276) (63 -> 1271) (141 -> 9) (142 -> 1213) 
Peak nogood count:                  632756
Final nogood count:                 632756
Nodes:                              26442883
Time of last incumbent update (ms): 213187
CPU time (ms):                      1001051
TIMEOUT
Summary:
TIMEOUT 632756 632756 26442883 213187 1001051
