New incumbent 1 at time 476 ms
New incumbent 2 at time 478 ms
Upper bound: 198
Upper bound: 197
New incumbent 3 at time 1768 ms
Upper bound: 196
New incumbent 4 at time 2260 ms
Upper bound: 195
New incumbent 5 at time 2976 ms
New incumbent 6 at time 2980 ms
Upper bound: 194
New incumbent 7 at time 4056 ms
New incumbent 8 at time 4315 ms
New incumbent 9 at time 4315 ms
Upper bound: 193
New incumbent 10 at time 11518 ms
Upper bound: 192
New incumbent 11 at time 39650 ms
New incumbent 12 at time 42881 ms
Upper bound: 191
New incumbent 13 at time 92678 ms
Upper bound: 190
New incumbent 14 at time 456068 ms
Upper bound: 189
Solution size 14
(1 -> 543) (2 -> 506) (3 -> 507) (4 -> 582) (5 -> 466) (6 -> 465) (26 -> 542) (27 -> 505) (55 -> 469) (58 -> 510) (145 -> 509) (146 -> 508) (147 -> 468) (180 -> 503) 
Peak nogood count:                  18734
Final nogood count:                 18489
Nodes:                              27583478
Time of last incumbent update (ms): 456068
CPU time (ms):                      1000042
TIMEOUT
Summary:
TIMEOUT 18734 18489 27583478 456068 1000042
