New incumbent 1 at time 143 ms
New incumbent 2 at time 145 ms
New incumbent 3 at time 145 ms
New incumbent 4 at time 145 ms
New incumbent 5 at time 145 ms
New incumbent 6 at time 147 ms
New incumbent 7 at time 147 ms
New incumbent 8 at time 147 ms
Upper bound: 66
New incumbent 9 at time 242 ms
New incumbent 10 at time 242 ms
New incumbent 11 at time 242 ms
New incumbent 12 at time 275 ms
New incumbent 13 at time 308 ms
New incumbent 14 at time 308 ms
New incumbent 15 at time 1801 ms
New incumbent 16 at time 1801 ms
New incumbent 17 at time 1801 ms
Upper bound: 65
New incumbent 18 at time 3612 ms
New incumbent 19 at time 4046 ms
New incumbent 20 at time 4749 ms
New incumbent 21 at time 11368 ms
New incumbent 22 at time 12240 ms
New incumbent 23 at time 12889 ms
Upper bound: 64
New incumbent 24 at time 21024 ms
New incumbent 25 at time 43689 ms
New incumbent 26 at time 86372 ms
New incumbent 27 at time 91698 ms
New incumbent 28 at time 91698 ms
New incumbent 29 at time 91698 ms
New incumbent 30 at time 134197 ms
Upper bound: 63
New incumbent 31 at time 425985 ms
New incumbent 32 at time 425986 ms
Solution size 32
(4 -> 938) (5 -> 937) (6 -> 936) (8 -> 1143) (9 -> 1179) (10 -> 1151) (11 -> 1152) (12 -> 1153) (13 -> 1154) (14 -> 1169) (15 -> 1168) (16 -> 1167) (17 -> 1166) (18 -> 949) (19 -> 950) (20 -> 951) (23 -> 1201) (31 -> 977) (32 -> 974) (33 -> 971) (34 -> 970) (38 -> 973) (40 -> 1165) (41 -> 1164) (42 -> 1157) (43 -> 1158) (56 -> 1156) (57 -> 972) (62 -> 1147) (63 -> 1150) (65 -> 1170) (66 -> 1171) 
Peak nogood count:                  374425
Final nogood count:                 374247
Nodes:                              32088816
Time of last incumbent update (ms): 425986
CPU time (ms):                      1000725
TIMEOUT
Summary:
TIMEOUT 374425 374247 32088816 425986 1000725
