New incumbent 1 at time 1764 ms
New incumbent 2 at time 1765 ms
New incumbent 3 at time 1765 ms
New incumbent 4 at time 1776 ms
New incumbent 5 at time 1776 ms
New incumbent 6 at time 1776 ms
Upper bound: 95
New incumbent 7 at time 2804 ms
New incumbent 8 at time 2804 ms
New incumbent 9 at time 2804 ms
New incumbent 10 at time 2933 ms
New incumbent 11 at time 2933 ms
New incumbent 12 at time 2951 ms
New incumbent 13 at time 2956 ms
New incumbent 14 at time 2957 ms
New incumbent 15 at time 3106 ms
New incumbent 16 at time 4608 ms
New incumbent 17 at time 4608 ms
New incumbent 18 at time 4609 ms
New incumbent 19 at time 4609 ms
New incumbent 20 at time 4609 ms
New incumbent 21 at time 7811 ms
New incumbent 22 at time 7811 ms
Upper bound: 94
New incumbent 23 at time 34387 ms
New incumbent 24 at time 41348 ms
New incumbent 25 at time 49319 ms
New incumbent 26 at time 49320 ms
New incumbent 27 at time 49320 ms
New incumbent 28 at time 49321 ms
New incumbent 29 at time 346511 ms
New incumbent 30 at time 346511 ms
New incumbent 31 at time 346512 ms
New incumbent 32 at time 346512 ms
New incumbent 33 at time 346515 ms
New incumbent 34 at time 346515 ms
Upper bound: 93
Solution size 34
(0 -> 1843) (1 -> 1842) (2 -> 1841) (3 -> 1840) (4 -> 1839) (5 -> 2355) (6 -> 2354) (15 -> 1959) (49 -> 2060) (50 -> 2061) (51 -> 2062) (52 -> 2063) (53 -> 2064) (65 -> 1831) (66 -> 1832) (67 -> 1833) (68 -> 1834) (69 -> 1835) (70 -> 1836) (80 -> 1958) (81 -> 1953) (83 -> 1957) (84 -> 1968) (85 -> 1967) (86 -> 1966) (87 -> 2039) (88 -> 2038) (89 -> 1965) (90 -> 1964) (91 -> 2047) (92 -> 2046) (93 -> 1963) (94 -> 1857) (95 -> 1844) 
Peak nogood count:                  8521
Final nogood count:                 6618
Nodes:                              10110039
Time of last incumbent update (ms): 346515
CPU time (ms):                      1000043
TIMEOUT
Summary:
TIMEOUT 8521 6618 10110039 346515 1000043
