New incumbent 1 at time 1741 ms
New incumbent 2 at time 1741 ms
New incumbent 3 at time 1741 ms
New incumbent 4 at time 1741 ms
New incumbent 5 at time 1741 ms
New incumbent 6 at time 1742 ms
New incumbent 7 at time 1742 ms
New incumbent 8 at time 1743 ms
New incumbent 9 at time 1749 ms
New incumbent 10 at time 1749 ms
New incumbent 11 at time 1839 ms
New incumbent 12 at time 2509 ms
New incumbent 13 at time 2509 ms
New incumbent 14 at time 4427 ms
Upper bound: 23
New incumbent 15 at time 11907 ms
New incumbent 16 at time 12869 ms
New incumbent 17 at time 12880 ms
New incumbent 18 at time 12880 ms
New incumbent 19 at time 14666 ms
New incumbent 20 at time 14666 ms
New incumbent 21 at time 14666 ms
New incumbent 22 at time 14667 ms
New incumbent 23 at time 14667 ms
Solution size 23
(0 -> 1385) (1 -> 1401) (2 -> 1400) (3 -> 1399) (5 -> 1403) (6 -> 1404) (7 -> 5246) (8 -> 1384) (9 -> 1374) (10 -> 1373) (11 -> 1406) (12 -> 1405) (13 -> 1408) (14 -> 1407) (15 -> 1383) (16 -> 1375) (17 -> 1402) (18 -> 1414) (19 -> 1413) (20 -> 1398) (21 -> 1412) (22 -> 1415) (23 -> 1411) 
Peak nogood count:                  5181
Final nogood count:                 200
Nodes:                              119958
Time of last incumbent update (ms): 14667
CPU time (ms):                      14686
Summary:
COMPLETED 5181 200 119958 14667 14686
