New incumbent 1 at time 527 ms
New incumbent 2 at time 528 ms
New incumbent 3 at time 546 ms
New incumbent 4 at time 546 ms
New incumbent 5 at time 672 ms
Upper bound: 80
New incumbent 6 at time 776 ms
New incumbent 7 at time 778 ms
New incumbent 8 at time 778 ms
New incumbent 9 at time 786 ms
New incumbent 10 at time 804 ms
New incumbent 11 at time 805 ms
New incumbent 12 at time 1220 ms
New incumbent 13 at time 1881 ms
New incumbent 14 at time 1881 ms
Upper bound: 79
New incumbent 15 at time 5970 ms
New incumbent 16 at time 5971 ms
New incumbent 17 at time 7380 ms
New incumbent 18 at time 7380 ms
New incumbent 19 at time 7381 ms
New incumbent 20 at time 15544 ms
New incumbent 21 at time 15544 ms
Upper bound: 78
New incumbent 22 at time 44853 ms
New incumbent 23 at time 51528 ms
New incumbent 24 at time 72921 ms
New incumbent 25 at time 81336 ms
New incumbent 26 at time 264847 ms
Upper bound: 77
New incumbent 27 at time 459222 ms
New incumbent 28 at time 459222 ms
Solution size 28
(19 -> 2829) (29 -> 2828) (30 -> 2827) (31 -> 2826) (32 -> 2825) (33 -> 2843) (34 -> 2824) (35 -> 315) (36 -> 316) (37 -> 165) (38 -> 166) (44 -> 2836) (46 -> 2793) (47 -> 163) (48 -> 164) (49 -> 162) (50 -> 2930) (52 -> 153) (53 -> 152) (54 -> 151) (60 -> 2927) (61 -> 2926) (62 -> 2925) (63 -> 172) (64 -> 171) (65 -> 170) (66 -> 169) (80 -> 2929) 
Peak nogood count:                  211665
Final nogood count:                 211299
Nodes:                              19203086
Time of last incumbent update (ms): 459222
CPU time (ms):                      1000449
TIMEOUT
Summary:
TIMEOUT 211665 211299 19203086 459222 1000449
