New incumbent 1 at time 564 ms
New incumbent 2 at time 565 ms
New incumbent 3 at time 565 ms
New incumbent 4 at time 567 ms
New incumbent 5 at time 575 ms
New incumbent 6 at time 575 ms
New incumbent 7 at time 575 ms
New incumbent 8 at time 575 ms
New incumbent 9 at time 575 ms
New incumbent 10 at time 576 ms
New incumbent 11 at time 576 ms
New incumbent 12 at time 583 ms
New incumbent 13 at time 593 ms
Upper bound: 147
New incumbent 14 at time 1128 ms
New incumbent 15 at time 1164 ms
New incumbent 16 at time 1165 ms
New incumbent 17 at time 2248 ms
New incumbent 18 at time 2248 ms
New incumbent 19 at time 2816 ms
New incumbent 20 at time 8114 ms
New incumbent 21 at time 8115 ms
New incumbent 22 at time 8115 ms
Upper bound: 146
New incumbent 23 at time 23364 ms
New incumbent 24 at time 231106 ms
New incumbent 25 at time 231107 ms
Solution size 25
(0 -> 776) (1 -> 775) (2 -> 2973) (4 -> 777) (5 -> 774) (6 -> 773) (7 -> 772) (8 -> 770) (9 -> 769) (11 -> 766) (12 -> 767) (13 -> 768) (14 -> 755) (15 -> 754) (16 -> 2389) (17 -> 2390) (18 -> 2593) (21 -> 2392) (22 -> 2391) (23 -> 771) (36 -> 2387) (76 -> 765) (85 -> 756) (87 -> 753) (147 -> 2566) 
Peak nogood count:                  102467
Final nogood count:                 92622
Nodes:                              13856820
Time of last incumbent update (ms): 231107
CPU time (ms):                      1000136
TIMEOUT
Summary:
TIMEOUT 102467 92622 13856820 231107 1000136
