New incumbent 1 at time 260 ms
New incumbent 2 at time 260 ms
New incumbent 3 at time 261 ms
New incumbent 4 at time 263 ms
New incumbent 5 at time 263 ms
New incumbent 6 at time 265 ms
New incumbent 7 at time 265 ms
New incumbent 8 at time 281 ms
New incumbent 9 at time 281 ms
New incumbent 10 at time 281 ms
New incumbent 11 at time 281 ms
New incumbent 12 at time 281 ms
Upper bound: 69
New incumbent 13 at time 465 ms
New incumbent 14 at time 569 ms
New incumbent 15 at time 569 ms
New incumbent 16 at time 740 ms
New incumbent 17 at time 741 ms
New incumbent 18 at time 741 ms
New incumbent 19 at time 741 ms
New incumbent 20 at time 741 ms
New incumbent 21 at time 741 ms
New incumbent 22 at time 875 ms
Upper bound: 68
New incumbent 23 at time 4232 ms
New incumbent 24 at time 4232 ms
New incumbent 25 at time 4232 ms
New incumbent 26 at time 5488 ms
New incumbent 27 at time 11457 ms
New incumbent 28 at time 12001 ms
New incumbent 29 at time 12001 ms
New incumbent 30 at time 30402 ms
Upper bound: 67
New incumbent 31 at time 51845 ms
New incumbent 32 at time 55545 ms
New incumbent 33 at time 140452 ms
New incumbent 34 at time 140452 ms
New incumbent 35 at time 140452 ms
New incumbent 36 at time 237557 ms
Solution size 36
(0 -> 679) (1 -> 680) (2 -> 667) (3 -> 668) (4 -> 664) (5 -> 665) (6 -> 1692) (7 -> 666) (8 -> 1691) (9 -> 1690) (10 -> 682) (11 -> 681) (13 -> 589) (14 -> 588) (15 -> 623) (16 -> 587) (17 -> 586) (18 -> 1710) (19 -> 1709) (20 -> 1708) (21 -> 1711) (22 -> 1712) (23 -> 1707) (25 -> 268) (26 -> 267) (27 -> 1735) (28 -> 1715) (29 -> 1714) (30 -> 1713) (31 -> 585) (32 -> 1734) (33 -> 1736) (48 -> 676) (49 -> 677) (50 -> 678) (51 -> 674) 
Peak nogood count:                  741394
Final nogood count:                 741394
Nodes:                              21499965
Time of last incumbent update (ms): 237557
CPU time (ms):                      1001370
TIMEOUT
Summary:
TIMEOUT 741394 741394 21499965 237557 1001370
