New incumbent 1 at time 1779 ms
New incumbent 2 at time 1780 ms
New incumbent 3 at time 1780 ms
New incumbent 4 at time 1780 ms
New incumbent 5 at time 1781 ms
New incumbent 6 at time 1781 ms
New incumbent 7 at time 1781 ms
New incumbent 8 at time 1781 ms
New incumbent 9 at time 1781 ms
New incumbent 10 at time 1782 ms
New incumbent 11 at time 1782 ms
New incumbent 12 at time 2612 ms
New incumbent 13 at time 2612 ms
Upper bound: 145
New incumbent 14 at time 4479 ms
New incumbent 15 at time 9424 ms
New incumbent 16 at time 10586 ms
New incumbent 17 at time 23714 ms
Upper bound: 144
New incumbent 18 at time 43649 ms
New incumbent 19 at time 44168 ms
New incumbent 20 at time 66438 ms
New incumbent 21 at time 91163 ms
New incumbent 22 at time 94930 ms
New incumbent 23 at time 162501 ms
Upper bound: 143
New incumbent 24 at time 225776 ms
New incumbent 25 at time 225777 ms
New incumbent 26 at time 434439 ms
New incumbent 27 at time 537706 ms
New incumbent 28 at time 600996 ms
New incumbent 29 at time 600996 ms
New incumbent 30 at time 600996 ms
Solution size 30
(0 -> 4655) (1 -> 4705) (2 -> 4701) (3 -> 4702) (4 -> 4703) (5 -> 4704) (6 -> 4656) (7 -> 4657) (8 -> 4658) (10 -> 335) (11 -> 4684) (12 -> 4683) (13 -> 4682) (15 -> 4706) (16 -> 288) (17 -> 289) (53 -> 340) (66 -> 282) (67 -> 285) (86 -> 348) (87 -> 341) (88 -> 342) (89 -> 343) (90 -> 344) (91 -> 333) (92 -> 332) (94 -> 334) (143 -> 4681) (144 -> 4661) (145 -> 4660) 
Peak nogood count:                  8001
Final nogood count:                 6360
Nodes:                              11040269
Time of last incumbent update (ms): 600996
CPU time (ms):                      1000048
TIMEOUT
Summary:
TIMEOUT 8001 6360 11040269 600996 1000048
