New incumbent 1 at time 822 ms
New incumbent 2 at time 827 ms
New incumbent 3 at time 855 ms
New incumbent 4 at time 883 ms
Upper bound: 162
New incumbent 5 at time 964 ms
New incumbent 6 at time 965 ms
New incumbent 7 at time 1056 ms
New incumbent 8 at time 1056 ms
New incumbent 9 at time 1059 ms
New incumbent 10 at time 1066 ms
New incumbent 11 at time 1066 ms
New incumbent 12 at time 1066 ms
New incumbent 13 at time 1103 ms
New incumbent 14 at time 1103 ms
New incumbent 15 at time 1109 ms
New incumbent 16 at time 1109 ms
New incumbent 17 at time 1109 ms
New incumbent 18 at time 1125 ms
New incumbent 19 at time 1125 ms
New incumbent 20 at time 1125 ms
New incumbent 21 at time 1125 ms
New incumbent 22 at time 1125 ms
New incumbent 23 at time 1125 ms
New incumbent 24 at time 1125 ms
New incumbent 25 at time 1126 ms
New incumbent 26 at time 1126 ms
New incumbent 27 at time 1707 ms
New incumbent 28 at time 1707 ms
Upper bound: 161
New incumbent 29 at time 2397 ms
New incumbent 30 at time 2397 ms
New incumbent 31 at time 2397 ms
New incumbent 32 at time 2397 ms
New incumbent 33 at time 2397 ms
New incumbent 34 at time 2397 ms
New incumbent 35 at time 110706 ms
New incumbent 36 at time 110706 ms
New incumbent 37 at time 121446 ms
New incumbent 38 at time 121446 ms
New incumbent 39 at time 121449 ms
New incumbent 40 at time 121449 ms
New incumbent 41 at time 121449 ms
New incumbent 42 at time 121449 ms
New incumbent 43 at time 121449 ms
New incumbent 44 at time 121449 ms
New incumbent 45 at time 121462 ms
New incumbent 46 at time 121462 ms
New incumbent 47 at time 121462 ms
New incumbent 48 at time 121462 ms
New incumbent 49 at time 121462 ms
New incumbent 50 at time 121462 ms
New incumbent 51 at time 121462 ms
New incumbent 52 at time 121462 ms
New incumbent 53 at time 121462 ms
New incumbent 54 at time 121462 ms
New incumbent 55 at time 121462 ms
New incumbent 56 at time 121463 ms
New incumbent 57 at time 121463 ms
New incumbent 58 at time 121463 ms
New incumbent 59 at time 121463 ms
New incumbent 60 at time 121463 ms
New incumbent 61 at time 121508 ms
New incumbent 62 at time 121508 ms
New incumbent 63 at time 121508 ms
New incumbent 64 at time 121508 ms
New incumbent 65 at time 122005 ms
New incumbent 66 at time 122005 ms
New incumbent 67 at time 122005 ms
New incumbent 68 at time 122005 ms
New incumbent 69 at time 122006 ms
New incumbent 70 at time 122006 ms
New incumbent 71 at time 122006 ms
New incumbent 72 at time 122012 ms
New incumbent 73 at time 122012 ms
New incumbent 74 at time 122012 ms
New incumbent 75 at time 122012 ms
New incumbent 76 at time 122039 ms
New incumbent 77 at time 122040 ms
New incumbent 78 at time 122042 ms
New incumbent 79 at time 122042 ms
New incumbent 80 at time 122042 ms
New incumbent 81 at time 122043 ms
New incumbent 82 at time 132818 ms
New incumbent 83 at time 135130 ms
New incumbent 84 at time 135130 ms
New incumbent 85 at time 135131 ms
New incumbent 86 at time 135131 ms
New incumbent 87 at time 135131 ms
New incumbent 88 at time 135131 ms
New incumbent 89 at time 135138 ms
New incumbent 90 at time 135143 ms
New incumbent 91 at time 135143 ms
New incumbent 92 at time 135143 ms
New incumbent 93 at time 139044 ms
New incumbent 94 at time 139044 ms
New incumbent 95 at time 139044 ms
New incumbent 96 at time 139044 ms
New incumbent 97 at time 139044 ms
New incumbent 98 at time 139044 ms
New incumbent 99 at time 139044 ms
New incumbent 100 at time 139044 ms
New incumbent 101 at time 139045 ms
New incumbent 102 at time 139045 ms
New incumbent 103 at time 139045 ms
New incumbent 104 at time 139045 ms
New incumbent 105 at time 139045 ms
New incumbent 106 at time 139045 ms
New incumbent 107 at time 139045 ms
New incumbent 108 at time 139045 ms
New incumbent 109 at time 139046 ms
New incumbent 110 at time 139047 ms
New incumbent 111 at time 140095 ms
New incumbent 112 at time 140181 ms
New incumbent 113 at time 768065 ms
New incumbent 114 at time 768065 ms
New incumbent 115 at time 768065 ms
New incumbent 116 at time 768065 ms
New incumbent 117 at time 768065 ms
New incumbent 118 at time 768065 ms
New incumbent 119 at time 768065 ms
New incumbent 120 at time 768065 ms
New incumbent 121 at time 768065 ms
New incumbent 122 at time 768066 ms
Solution size 122
(5 -> 239) (6 -> 240) (7 -> 33) (8 -> 32) (9 -> 2121) (10 -> 13) (11 -> 1) (12 -> 0) (13 -> 19) (14 -> 2114) (15 -> 223) (16 -> 222) (17 -> 321) (18 -> 322) (19 -> 323) (20 -> 327) (21 -> 328) (22 -> 330) (23 -> 331) (24 -> 335) (25 -> 336) (26 -> 337) (27 -> 347) (28 -> 346) (29 -> 344) (30 -> 343) (31 -> 770) (32 -> 772) (33 -> 774) (34 -> 2038) (36 -> 15) (39 -> 338) (40 -> 341) (41 -> 315) (42 -> 316) (43 -> 313) (44 -> 312) (45 -> 311) (46 -> 352) (47 -> 353) (48 -> 354) (49 -> 86) (50 -> 87) (51 -> 88) (52 -> 89) (53 -> 118) (54 -> 117) (55 -> 116) (56 -> 351) (57 -> 350) (58 -> 765) (59 -> 596) (60 -> 595) (61 -> 590) (62 -> 591) (63 -> 592) (64 -> 224) (65 -> 225) (66 -> 24) (67 -> 227) (68 -> 226) (69 -> 295) (70 -> 294) (71 -> 228) (72 -> 291) (73 -> 290) (74 -> 298) (75 -> 297) (76 -> 307) (77 -> 23) (78 -> 5) (79 -> 6) (80 -> 7) (81 -> 2127) (82 -> 2126) (83 -> 2) (84 -> 11) (85 -> 31) (86 -> 238) (87 -> 48) (88 -> 49) (89 -> 47) (90 -> 53) (91 -> 52) (92 -> 51) (93 -> 243) (94 -> 244) (95 -> 247) (96 -> 248) (97 -> 249) (98 -> 250) (99 -> 259) (100 -> 258) (101 -> 2027) (102 -> 2026) (103 -> 263) (104 -> 274) (105 -> 275) (106 -> 276) (107 -> 2023) (108 -> 2022) (109 -> 786) (110 -> 57) (111 -> 60) (112 -> 59) (113 -> 255) (114 -> 256) (115 -> 61) (116 -> 62) (117 -> 63) (118 -> 64) (119 -> 65) (120 -> 66) (121 -> 54) (122 -> 46) (125 -> 1839) (126 -> 1840) (127 -> 1841) (128 -> 1833) (130 -> 1852) (131 -> 1842) (132 -> 1878) 
Peak nogood count:                  36104
Final nogood count:                 36104
Nodes:                              15331038
Time of last incumbent update (ms): 768066
CPU time (ms):                      1000143
TIMEOUT
Summary:
TIMEOUT 36104 36104 15331038 768066 1000143
