New incumbent 1 at time 48 ms
New incumbent 2 at time 52 ms
Upper bound: 198
Upper bound: 197
New incumbent 3 at time 107 ms
Upper bound: 196
New incumbent 4 at time 140 ms
Upper bound: 195
New incumbent 5 at time 195 ms
New incumbent 6 at time 232 ms
Upper bound: 194
New incumbent 7 at time 289 ms
Upper bound: 193
New incumbent 8 at time 550 ms
Upper bound: 192
New incumbent 9 at time 1607 ms
New incumbent 10 at time 2857 ms
Upper bound: 191
New incumbent 11 at time 6080 ms
Upper bound: 190
New incumbent 12 at time 11205 ms
New incumbent 13 at time 20644 ms
New incumbent 14 at time 20644 ms
Upper bound: 189
New incumbent 15 at time 96748 ms
New incumbent 16 at time 96748 ms
New incumbent 17 at time 96748 ms
Upper bound: 188
New incumbent 18 at time 277167 ms
New incumbent 19 at time 277167 ms
Upper bound: 187
Solution size 19
(0 -> 166) (1 -> 475) (23 -> 193) (31 -> 375) (32 -> 195) (33 -> 196) (62 -> 374) (66 -> 378) (92 -> 306) (93 -> 307) (94 -> 308) (95 -> 386) (96 -> 381) (97 -> 382) (98 -> 373) (99 -> 199) (100 -> 200) (101 -> 201) (178 -> 376) 
Peak nogood count:                  12324
Final nogood count:                 4537
Nodes:                              74935421
Time of last incumbent update (ms): 277167
CPU time (ms):                      1000011
TIMEOUT
Summary:
TIMEOUT 12324 4537 74935421 277167 1000011
