New incumbent 1 at time 129 ms
New incumbent 2 at time 134 ms
Upper bound: 198
Upper bound: 197
New incumbent 3 at time 332 ms
Upper bound: 196
New incumbent 4 at time 418 ms
Upper bound: 195
New incumbent 5 at time 592 ms
New incumbent 6 at time 592 ms
Upper bound: 194
New incumbent 7 at time 875 ms
New incumbent 8 at time 1123 ms
Upper bound: 193
New incumbent 9 at time 1989 ms
Upper bound: 192
New incumbent 10 at time 4803 ms
New incumbent 11 at time 6535 ms
Upper bound: 191
New incumbent 12 at time 14961 ms
New incumbent 13 at time 14961 ms
Upper bound: 190
New incumbent 14 at time 51156 ms
Upper bound: 189
New incumbent 15 at time 397703 ms
New incumbent 16 at time 402886 ms
New incumbent 17 at time 402903 ms
Upper bound: 188
Solution size 17
(1 -> 427) (2 -> 420) (3 -> 419) (4 -> 434) (55 -> 431) (56 -> 432) (106 -> 450) (109 -> 444) (132 -> 445) (133 -> 516) (134 -> 447) (135 -> 514) (136 -> 449) (137 -> 451) (138 -> 512) (139 -> 453) (146 -> 433) 
Peak nogood count:                  13952
Final nogood count:                 13917
Nodes:                              41159615
Time of last incumbent update (ms): 402903
CPU time (ms):                      1000025
TIMEOUT
Summary:
TIMEOUT 13952 13917 41159615 402903 1000025
