New incumbent 1 at time 428 ms
New incumbent 2 at time 429 ms
New incumbent 3 at time 429 ms
New incumbent 4 at time 429 ms
Upper bound: 80
New incumbent 5 at time 656 ms
New incumbent 6 at time 656 ms
New incumbent 7 at time 656 ms
New incumbent 8 at time 656 ms
New incumbent 9 at time 673 ms
New incumbent 10 at time 673 ms
New incumbent 11 at time 972 ms
New incumbent 12 at time 972 ms
New incumbent 13 at time 972 ms
New incumbent 14 at time 972 ms
New incumbent 15 at time 2316 ms
New incumbent 16 at time 5165 ms
New incumbent 17 at time 5165 ms
Upper bound: 79
New incumbent 18 at time 7260 ms
New incumbent 19 at time 9478 ms
New incumbent 20 at time 10786 ms
Upper bound: 78
New incumbent 21 at time 50065 ms
New incumbent 22 at time 53975 ms
New incumbent 23 at time 55233 ms
New incumbent 24 at time 94218 ms
New incumbent 25 at time 107082 ms
New incumbent 26 at time 107082 ms
New incumbent 27 at time 107082 ms
Upper bound: 77
New incumbent 28 at time 382320 ms
New incumbent 29 at time 382320 ms
New incumbent 30 at time 724062 ms
New incumbent 31 at time 724062 ms
Solution size 31
(17 -> 2346) (18 -> 2345) (19 -> 1485) (20 -> 1486) (29 -> 1484) (30 -> 1483) (37 -> 2337) (39 -> 1569) (40 -> 1568) (42 -> 1566) (43 -> 1565) (44 -> 1564) (45 -> 1567) (46 -> 2331) (47 -> 2335) (48 -> 2336) (49 -> 1471) (54 -> 1585) (55 -> 2340) (56 -> 2332) (57 -> 2333) (58 -> 2339) (59 -> 1586) (60 -> 1587) (61 -> 2324) (62 -> 2325) (63 -> 1593) (64 -> 1592) (65 -> 1589) (66 -> 1590) (80 -> 1588) 
Peak nogood count:                  191638
Final nogood count:                 191638
Nodes:                              20548574
Time of last incumbent update (ms): 724062
CPU time (ms):                      1000336
TIMEOUT
Summary:
TIMEOUT 191638 191638 20548574 724062 1000336
