New incumbent 1 at time 1389 ms
New incumbent 2 at time 1389 ms
New incumbent 3 at time 1389 ms
New incumbent 4 at time 1389 ms
New incumbent 5 at time 1389 ms
New incumbent 6 at time 1389 ms
New incumbent 7 at time 1389 ms
Upper bound: 146
New incumbent 8 at time 1445 ms
New incumbent 9 at time 1445 ms
New incumbent 10 at time 1445 ms
New incumbent 11 at time 1446 ms
New incumbent 12 at time 1446 ms
New incumbent 13 at time 1446 ms
New incumbent 14 at time 1446 ms
Upper bound: 145
New incumbent 15 at time 2689 ms
New incumbent 16 at time 2795 ms
New incumbent 17 at time 3181 ms
New incumbent 18 at time 52066 ms
New incumbent 19 at time 52066 ms
New incumbent 20 at time 52066 ms
New incumbent 21 at time 52067 ms
New incumbent 22 at time 52067 ms
New incumbent 23 at time 52067 ms
Upper bound: 144
New incumbent 24 at time 98881 ms
New incumbent 25 at time 98881 ms
New incumbent 26 at time 286443 ms
New incumbent 27 at time 353291 ms
Solution size 27
(0 -> 4531) (1 -> 4497) (2 -> 4496) (3 -> 4495) (4 -> 4494) (6 -> 4656) (7 -> 4658) (8 -> 4659) (9 -> 4660) (10 -> 4664) (84 -> 4499) (85 -> 4498) (87 -> 4473) (88 -> 4474) (89 -> 4475) (90 -> 4476) (91 -> 4477) (92 -> 4478) (93 -> 4529) (94 -> 4527) (95 -> 4526) (96 -> 4525) (97 -> 4524) (98 -> 4523) (99 -> 4519) (120 -> 4665) (121 -> 4657) 
Peak nogood count:                  88417
Final nogood count:                 54951
Nodes:                              10462284
Time of last incumbent update (ms): 353291
CPU time (ms):                      1000141
TIMEOUT
Summary:
TIMEOUT 88417 54951 10462284 353291 1000141
