New incumbent 1 at time 105 ms
New incumbent 2 at time 105 ms
Upper bound: 198
Upper bound: 197
Upper bound: 196
New incumbent 3 at time 549 ms
New incumbent 4 at time 549 ms
Upper bound: 195
Upper bound: 194
New incumbent 5 at time 1745 ms
Upper bound: 193
New incumbent 6 at time 3077 ms
Upper bound: 192
New incumbent 7 at time 5931 ms
Upper bound: 191
Upper bound: 190
New incumbent 8 at time 21389 ms
New incumbent 9 at time 21389 ms
Upper bound: 189
New incumbent 10 at time 112940 ms
New incumbent 11 at time 112940 ms
Upper bound: 188
New incumbent 12 at time 600574 ms
Solution size 12
(0 -> 1) (44 -> 238) (72 -> 204) (75 -> 193) (76 -> 194) (77 -> 196) (78 -> 198) (79 -> 200) (80 -> 202) (118 -> 232) (141 -> 234) (142 -> 236) 
Peak nogood count:                  7490
Final nogood count:                 6751
Nodes:                              52497151
Time of last incumbent update (ms): 600574
CPU time (ms):                      1000015
TIMEOUT
Summary:
TIMEOUT 7490 6751 52497151 600574 1000015
