New incumbent 1 at time 561 ms
New incumbent 2 at time 561 ms
New incumbent 3 at time 561 ms
New incumbent 4 at time 561 ms
New incumbent 5 at time 562 ms
New incumbent 6 at time 563 ms
New incumbent 7 at time 590 ms
New incumbent 8 at time 655 ms
New incumbent 9 at time 655 ms
New incumbent 10 at time 655 ms
New incumbent 11 at time 655 ms
New incumbent 12 at time 655 ms
New incumbent 13 at time 655 ms
New incumbent 14 at time 655 ms
New incumbent 15 at time 3080 ms
New incumbent 16 at time 3531 ms
Upper bound: 20
New incumbent 17 at time 3797 ms
New incumbent 18 at time 6961 ms
New incumbent 19 at time 9481 ms
New incumbent 20 at time 15975 ms
Solution size 20
(0 -> 2879) (1 -> 2878) (2 -> 2919) (3 -> 2918) (4 -> 2917) (5 -> 2920) (6 -> 2880) (7 -> 2881) (8 -> 2882) (9 -> 2883) (10 -> 2884) (11 -> 2886) (12 -> 2887) (14 -> 2847) (15 -> 2848) (16 -> 2875) (17 -> 2849) (18 -> 2850) (19 -> 2877) (20 -> 2874) 
Peak nogood count:                  3035
Final nogood count:                 2906
Nodes:                              283085
Time of last incumbent update (ms): 15975
CPU time (ms):                      15980
Summary:
COMPLETED 3035 2906 283085 15975 15980
