New incumbent 1 at time 221 ms
New incumbent 2 at time 223 ms
New incumbent 3 at time 223 ms
New incumbent 4 at time 223 ms
New incumbent 5 at time 223 ms
New incumbent 6 at time 224 ms
New incumbent 7 at time 224 ms
New incumbent 8 at time 224 ms
New incumbent 9 at time 224 ms
New incumbent 10 at time 224 ms
New incumbent 11 at time 224 ms
New incumbent 12 at time 224 ms
New incumbent 13 at time 224 ms
New incumbent 14 at time 224 ms
Upper bound: 147
New incumbent 15 at time 688 ms
New incumbent 16 at time 688 ms
New incumbent 17 at time 1345 ms
New incumbent 18 at time 1895 ms
New incumbent 19 at time 1895 ms
New incumbent 20 at time 1895 ms
Upper bound: 146
New incumbent 21 at time 14459 ms
New incumbent 22 at time 31570 ms
New incumbent 23 at time 31570 ms
New incumbent 24 at time 31570 ms
New incumbent 25 at time 108964 ms
Upper bound: 145
New incumbent 26 at time 485276 ms
New incumbent 27 at time 485277 ms
New incumbent 28 at time 738184 ms
Solution size 28
(0 -> 1397) (1 -> 1226) (2 -> 1225) (4 -> 1396) (5 -> 1227) (6 -> 1273) (7 -> 1272) (9 -> 1471) (10 -> 1399) (11 -> 1400) (14 -> 1278) (15 -> 1260) (16 -> 1261) (17 -> 1262) (18 -> 1263) (19 -> 1264) (20 -> 1265) (21 -> 1266) (22 -> 1269) (23 -> 1270) (24 -> 1267) (25 -> 1221) (26 -> 1220) (27 -> 685) (29 -> 1219) (36 -> 1279) (87 -> 1259) (147 -> 1398) 
Peak nogood count:                  100655
Final nogood count:                 100655
Nodes:                              24476681
Time of last incumbent update (ms): 738184
CPU time (ms):                      1000134
TIMEOUT
Summary:
TIMEOUT 100655 100655 24476681 738184 1000134
