New incumbent 1 at time 246 ms
New incumbent 2 at time 246 ms
New incumbent 3 at time 246 ms
New incumbent 4 at time 247 ms
New incumbent 5 at time 247 ms
New incumbent 6 at time 247 ms
Upper bound: 107
New incumbent 7 at time 385 ms
New incumbent 8 at time 385 ms
New incumbent 9 at time 387 ms
New incumbent 10 at time 387 ms
New incumbent 11 at time 402 ms
New incumbent 12 at time 402 ms
New incumbent 13 at time 402 ms
New incumbent 14 at time 402 ms
New incumbent 15 at time 440 ms
New incumbent 16 at time 440 ms
New incumbent 17 at time 440 ms
New incumbent 18 at time 440 ms
New incumbent 19 at time 463 ms
New incumbent 20 at time 699 ms
Upper bound: 106
New incumbent 21 at time 3499 ms
New incumbent 22 at time 3583 ms
New incumbent 23 at time 21147 ms
New incumbent 24 at time 22663 ms
Upper bound: 105
New incumbent 25 at time 31738 ms
New incumbent 26 at time 31738 ms
New incumbent 27 at time 31738 ms
New incumbent 28 at time 76062 ms
New incumbent 29 at time 76062 ms
New incumbent 30 at time 76092 ms
Upper bound: 104
New incumbent 31 at time 338666 ms
Solution size 31
(0 -> 1773) (1 -> 1774) (3 -> 1784) (4 -> 1785) (5 -> 1786) (6 -> 1760) (7 -> 1759) (8 -> 1758) (9 -> 1757) (10 -> 105) (12 -> 107) (13 -> 108) (14 -> 109) (17 -> 1933) (29 -> 1797) (30 -> 1796) (31 -> 1795) (32 -> 1744) (33 -> 1745) (34 -> 1746) (51 -> 102) (53 -> 1792) (54 -> 1754) (55 -> 1755) (68 -> 1743) (70 -> 1799) (81 -> 110) (82 -> 106) (83 -> 1761) (102 -> 1766) (103 -> 1787) 
Peak nogood count:                  189589
Final nogood count:                 189589
Nodes:                              23024264
Time of last incumbent update (ms): 338666
CPU time (ms):                      1000345
TIMEOUT
Summary:
TIMEOUT 189589 189589 23024264 338666 1000345
