Upper bound: 269
New incumbent 1 at time 28 ms
New incumbent 2 at time 28 ms
Upper bound: 268
New incumbent 3 at time 60 ms
Upper bound: 267
Upper bound: 266
Upper bound: 265
New incumbent 4 at time 267 ms
Upper bound: 264
Upper bound: 263
New incumbent 5 at time 720 ms
Upper bound: 262
Upper bound: 261
Upper bound: 260
New incumbent 6 at time 3505 ms
Upper bound: 259
Upper bound: 258
Upper bound: 257
Upper bound: 256
New incumbent 7 at time 26194 ms
Upper bound: 255
Upper bound: 254
Upper bound: 253
Upper bound: 252
New incumbent 8 at time 188462 ms
Upper bound: 251
Upper bound: 250
Upper bound: 249
Upper bound: 248
Solution size 8
(41 -> 247) (47 -> 282) (83 -> 293) (97 -> 272) (105 -> 263) (114 -> 278) (179 -> 288) (198 -> 215) 
Peak nogood count:                  8036
Final nogood count:                 2212
Nodes:                              74962866
Time of last incumbent update (ms): 188462
CPU time (ms):                      1000006
TIMEOUT
Summary:
TIMEOUT 8036 2212 74962866 188462 1000006
