New incumbent 1 at time 1 ms
New incumbent 2 at time 1 ms
New incumbent 3 at time 1 ms
New incumbent 4 at time 2 ms
Upper bound: 63
Upper bound: 62
Upper bound: 61
New incumbent 5 at time 26 ms
Upper bound: 60
Upper bound: 59
New incumbent 6 at time 285 ms
Upper bound: 58
Upper bound: 57
New incumbent 7 at time 5950 ms
Upper bound: 56
New incumbent 8 at time 32839 ms
New incumbent 9 at time 37780 ms
Upper bound: 55
New incumbent 10 at time 208233 ms
Upper bound: 54
Solution size 10
(0 -> 20) (1 -> 67) (3 -> 25) (7 -> 61) (8 -> 64) (10 -> 10) (11 -> 60) (12 -> 44) (18 -> 41) (56 -> 24) 
Peak nogood count:                  7717
Final nogood count:                 3988
Nodes:                              291133755
Time of last incumbent update (ms): 208233
CPU time (ms):                      1000006
TIMEOUT
Summary:
TIMEOUT 7717 3988 291133755 208233 1000006
