New incumbent 1 at time 1437 ms
New incumbent 2 at time 1437 ms
New incumbent 3 at time 1437 ms
New incumbent 4 at time 1437 ms
New incumbent 5 at time 1439 ms
New incumbent 6 at time 1440 ms
New incumbent 7 at time 1440 ms
New incumbent 8 at time 1443 ms
New incumbent 9 at time 1443 ms
New incumbent 10 at time 1454 ms
New incumbent 11 at time 1544 ms
New incumbent 12 at time 1736 ms
New incumbent 13 at time 1736 ms
New incumbent 14 at time 2166 ms
Upper bound: 63
New incumbent 15 at time 23988 ms
New incumbent 16 at time 23988 ms
New incumbent 17 at time 24338 ms
New incumbent 18 at time 27572 ms
Upper bound: 62
New incumbent 19 at time 149660 ms
New incumbent 20 at time 149661 ms
New incumbent 21 at time 183370 ms
New incumbent 22 at time 296827 ms
New incumbent 23 at time 296827 ms
New incumbent 24 at time 296828 ms
New incumbent 25 at time 296841 ms
New incumbent 26 at time 296841 ms
Solution size 26
(0 -> 2298) (1 -> 2149) (2 -> 2632) (3 -> 1632) (4 -> 2026) (5 -> 2001) (8 -> 3942) (9 -> 1320) (11 -> 1281) (12 -> 3579) (13 -> 4068) (19 -> 858) (20 -> 2536) (21 -> 2199) (43 -> 699) (44 -> 1234) (48 -> 283) (49 -> 512) (51 -> 861) (52 -> 2379) (56 -> 454) (57 -> 3317) (58 -> 3775) (59 -> 1511) (60 -> 3867) (61 -> 1423) 
Peak nogood count:                  6508
Final nogood count:                 4508
Nodes:                              13950193
Time of last incumbent update (ms): 296841
CPU time (ms):                      1000018
TIMEOUT
Summary:
TIMEOUT 6508 4508 13950193 296841 1000018
