New incumbent 1 at time 2 ms
New incumbent 2 at time 2 ms
New incumbent 3 at time 2 ms
New incumbent 4 at time 2 ms
New incumbent 5 at time 2 ms
New incumbent 6 at time 3 ms
New incumbent 7 at time 3 ms
New incumbent 8 at time 3 ms
New incumbent 9 at time 6 ms
New incumbent 10 at time 62 ms
Upper bound: 63
New incumbent 11 at time 3401 ms
Upper bound: 62
New incumbent 12 at time 37648 ms
Upper bound: 61
New incumbent 13 at time 259301 ms
New incumbent 14 at time 610957 ms
Solution size 14
(2 -> 71) (3 -> 87) (6 -> 60) (7 -> 25) (8 -> 119) (12 -> 43) (13 -> 84) (18 -> 91) (19 -> 69) (22 -> 101) (23 -> 34) (25 -> 48) (29 -> 121) (39 -> 112) 
Peak nogood count:                  2774
Final nogood count:                 316
Nodes:                              160170503
Time of last incumbent update (ms): 610957
CPU time (ms):                      1000002
TIMEOUT
Summary:
TIMEOUT 2774 316 160170503 610957 1000002
