New incumbent 1 at time 641 ms
Upper bound: 63
Upper bound: 62
Upper bound: 61
Upper bound: 60
Upper bound: 59
Upper bound: 58
New incumbent 2 at time 7348 ms
Upper bound: 57
New incumbent 3 at time 8442 ms
Upper bound: 56
Upper bound: 55
Upper bound: 54
Upper bound: 53
New incumbent 4 at time 20818 ms
Upper bound: 52
Upper bound: 51
Upper bound: 50
Upper bound: 49
Upper bound: 48
Upper bound: 47
New incumbent 5 at time 230220 ms
Upper bound: 46
New incumbent 6 at time 451813 ms
Upper bound: 45
Solution size 6
(1 -> 604) (7 -> 2867) (21 -> 1579) (24 -> 1439) (33 -> 248) (35 -> 1221) 
Peak nogood count:                  46688
Final nogood count:                 23526
Nodes:                              20142261
Time of last incumbent update (ms): 451813
CPU time (ms):                      1000022
TIMEOUT
Summary:
TIMEOUT 46688 23526 20142261 451813 1000022
