New incumbent 1 at time 1756 ms
Upper bound: 63
Upper bound: 62
New incumbent 2 at time 4049 ms
Upper bound: 61
New incumbent 3 at time 6368 ms
Upper bound: 60
Upper bound: 59
Upper bound: 58
Upper bound: 57
Upper bound: 56
Upper bound: 55
New incumbent 4 at time 63220 ms
Upper bound: 54
Upper bound: 53
Upper bound: 52
Upper bound: 51
Upper bound: 50
Solution size 4
(19 -> 3153) (26 -> 3578) (27 -> 2854) (35 -> 1220) 
Peak nogood count:                  74914
Final nogood count:                 17867
Nodes:                              11349693
Time of last incumbent update (ms): 63220
CPU time (ms):                      1000028
TIMEOUT
Summary:
TIMEOUT 74914 17867 11349693 63220 1000028
