New incumbent 1 at time 89 ms
Upper bound: 63
Upper bound: 62
Upper bound: 61
Upper bound: 60
Upper bound: 59
New incumbent 2 at time 504 ms
Upper bound: 58
Upper bound: 57
Upper bound: 56
Upper bound: 55
Upper bound: 54
Upper bound: 53
New incumbent 3 at time 4187 ms
Upper bound: 52
Upper bound: 51
Upper bound: 50
Upper bound: 49
Upper bound: 48
New incumbent 4 at time 70158 ms
Upper bound: 47
Upper bound: 46
Upper bound: 45
Upper bound: 44
Solution size 4
(27 -> 891) (28 -> 902) (34 -> 1022) (37 -> 901) 
Peak nogood count:                  18213
Final nogood count:                 6867
Nodes:                              55863743
Time of last incumbent update (ms): 70158
CPU time (ms):                      1000008
TIMEOUT
Summary:
TIMEOUT 18213 6867 55863743 70158 1000008
