New incumbent 1 at time 13 ms
New incumbent 2 at time 13 ms
Upper bound: 63
New incumbent 3 at time 20 ms
Upper bound: 62
Upper bound: 61
Upper bound: 60
Upper bound: 59
Upper bound: 58
Upper bound: 57
New incumbent 4 at time 234 ms
Upper bound: 56
Upper bound: 55
Upper bound: 54
Upper bound: 53
Upper bound: 52
New incumbent 5 at time 2149 ms
Upper bound: 51
Upper bound: 50
Upper bound: 49
Upper bound: 48
Upper bound: 47
New incumbent 6 at time 18116 ms
Upper bound: 46
Upper bound: 45
Upper bound: 44
Upper bound: 43
New incumbent 7 at time 106923 ms
Upper bound: 42
Upper bound: 41
Upper bound: 40
Upper bound: 39
Upper bound: 38
New incumbent 8 at time 960984 ms
Solution size 8
(3 -> 151) (4 -> 202) (8 -> 43) (10 -> 275) (17 -> 149) (18 -> 258) (22 -> 113) (26 -> 243) 
Peak nogood count:                  5480
Final nogood count:                 1843
Nodes:                              144399422
Time of last incumbent update (ms): 960984
CPU time (ms):                      1000002
TIMEOUT
Summary:
TIMEOUT 5480 1843 144399422 960984 1000002
