New incumbent 1 at time 650 ms
New incumbent 2 at time 650 ms
New incumbent 3 at time 653 ms
New incumbent 4 at time 654 ms
Upper bound: 66
New incumbent 5 at time 1132 ms
New incumbent 6 at time 1132 ms
New incumbent 7 at time 1140 ms
New incumbent 8 at time 1140 ms
Upper bound: 65
New incumbent 9 at time 3834 ms
New incumbent 10 at time 3837 ms
New incumbent 11 at time 3939 ms
New incumbent 12 at time 4379 ms
New incumbent 13 at time 4380 ms
New incumbent 14 at time 4380 ms
New incumbent 15 at time 12037 ms
Upper bound: 64
New incumbent 16 at time 336517 ms
New incumbent 17 at time 663469 ms
Solution size 17
(4 -> 2025) (6 -> 472) (7 -> 663) (13 -> 1572) (15 -> 142) (24 -> 1290) (28 -> 86) (29 -> 3223) (32 -> 2023) (41 -> 2691) (45 -> 1665) (46 -> 1885) (51 -> 3093) (58 -> 1666) (61 -> 2637) (64 -> 445) (66 -> 3083) 
Peak nogood count:                  3871
Final nogood count:                 3769
Nodes:                              18195742
Time of last incumbent update (ms): 663469
CPU time (ms):                      1000016
TIMEOUT
Summary:
TIMEOUT 3871 3769 18195742 663469 1000016
