New incumbent 1 at time 8 ms
New incumbent 2 at time 8 ms
New incumbent 3 at time 8 ms
New incumbent 4 at time 8 ms
New incumbent 5 at time 8 ms
New incumbent 6 at time 9 ms
New incumbent 7 at time 9 ms
Upper bound: 72
Upper bound: 71
New incumbent 8 at time 93 ms
New incumbent 9 at time 423 ms
Upper bound: 70
New incumbent 10 at time 2739 ms
New incumbent 11 at time 2751 ms
New incumbent 12 at time 3456 ms
Upper bound: 69
New incumbent 13 at time 12383 ms
New incumbent 14 at time 12383 ms
New incumbent 15 at time 14291 ms
New incumbent 16 at time 14291 ms
New incumbent 17 at time 14291 ms
New incumbent 18 at time 14291 ms
New incumbent 19 at time 14291 ms
New incumbent 20 at time 19181 ms
New incumbent 21 at time 19181 ms
New incumbent 22 at time 19181 ms
New incumbent 23 at time 19181 ms
New incumbent 24 at time 19181 ms
Upper bound: 68
Solution size 24
(1 -> 53) (2 -> 20) (6 -> 119) (7 -> 19) (8 -> 60) (12 -> 145) (13 -> 182) (16 -> 22) (20 -> 6) (22 -> 27) (24 -> 144) (29 -> 80) (35 -> 77) (36 -> 87) (40 -> 73) (42 -> 21) (50 -> 36) (51 -> 193) (59 -> 74) (61 -> 136) (64 -> 79) (67 -> 13) (70 -> 24) (71 -> 172) 
Peak nogood count:                  5977
Final nogood count:                 1435
Nodes:                              173955467
Time of last incumbent update (ms): 19181
CPU time (ms):                      1000004
TIMEOUT
Summary:
TIMEOUT 5977 1435 173955467 19181 1000004
