New incumbent 1 at time 163 ms
New incumbent 2 at time 164 ms
New incumbent 3 at time 164 ms
New incumbent 4 at time 164 ms
New incumbent 5 at time 169 ms
New incumbent 6 at time 174 ms
New incumbent 7 at time 174 ms
Upper bound: 96
New incumbent 8 at time 346 ms
New incumbent 9 at time 351 ms
New incumbent 10 at time 351 ms
New incumbent 11 at time 351 ms
New incumbent 12 at time 351 ms
New incumbent 13 at time 351 ms
New incumbent 14 at time 351 ms
New incumbent 15 at time 351 ms
New incumbent 16 at time 352 ms
New incumbent 17 at time 939 ms
New incumbent 18 at time 183003 ms
New incumbent 19 at time 183003 ms
New incumbent 20 at time 183003 ms
New incumbent 21 at time 183003 ms
New incumbent 22 at time 183003 ms
New incumbent 23 at time 183003 ms
New incumbent 24 at time 183003 ms
New incumbent 25 at time 183104 ms
Solution size 25
(7 -> 491) (8 -> 594) (9 -> 694) (10 -> 453) (19 -> 697) (20 -> 664) (21 -> 530) (22 -> 489) (23 -> 451) (24 -> 635) (25 -> 490) (38 -> 565) (39 -> 455) (40 -> 137) (41 -> 230) (42 -> 493) (43 -> 636) (44 -> 349) (54 -> 122) (55 -> 147) (60 -> 346) (61 -> 109) (62 -> 121) (81 -> 12) (84 -> 377) 
Peak nogood count:                  25766
Final nogood count:                 25766
Nodes:                              36805383
Time of last incumbent update (ms): 183104
CPU time (ms):                      1000085
TIMEOUT
Summary:
TIMEOUT 25766 25766 36805383 183104 1000085
