New incumbent 1 at time 27 ms
New incumbent 2 at time 28 ms
Upper bound: 99
Upper bound: 98
Upper bound: 97
Upper bound: 96
Upper bound: 95
New incumbent 3 at time 714 ms
Upper bound: 94
New incumbent 4 at time 1172 ms
Upper bound: 93
Upper bound: 92
New incumbent 5 at time 8016 ms
Upper bound: 91
Upper bound: 90
Upper bound: 89
Upper bound: 88
New incumbent 6 at time 233089 ms
Upper bound: 87
Solution size 6
(0 -> 562) (30 -> 525) (42 -> 305) (47 -> 577) (60 -> 571) (73 -> 576) 
Peak nogood count:                  5866
Final nogood count:                 3110
Nodes:                              75671051
Time of last incumbent update (ms): 233089
CPU time (ms):                      1000005
TIMEOUT
Summary:
TIMEOUT 5866 3110 75671051 233089 1000005
