New incumbent 1 at time 9 ms
Upper bound: 99
Upper bound: 98
Upper bound: 97
Upper bound: 96
Upper bound: 95
Upper bound: 94
Upper bound: 93
Upper bound: 92
Upper bound: 91
Upper bound: 90
Upper bound: 89
Upper bound: 88
Upper bound: 87
Upper bound: 86
Upper bound: 85
Upper bound: 84
Upper bound: 83
Upper bound: 82
Upper bound: 81
New incumbent 2 at time 535 ms
Upper bound: 80
Upper bound: 79
Upper bound: 78
Upper bound: 77
Upper bound: 76
Upper bound: 75
Upper bound: 74
New incumbent 3 at time 2800 ms
Upper bound: 73
Upper bound: 72
Upper bound: 71
Upper bound: 70
Upper bound: 69
Upper bound: 68
Upper bound: 67
New incumbent 4 at time 173084 ms
Upper bound: 66
Upper bound: 65
Upper bound: 64
Upper bound: 63
Upper bound: 62
Upper bound: 61
New incumbent 5 at time 998761 ms
Solution size 5
(25 -> 214) (29 -> 6) (40 -> 44) (58 -> 224) (72 -> 69) 
Peak nogood count:                  14582
Final nogood count:                 4738
Nodes:                              116249605
Time of last incumbent update (ms): 998761
CPU time (ms):                      1000010
TIMEOUT
Summary:
TIMEOUT 14582 4738 116249605 998761 1000010
