Upper bound: 99
Upper bound: 98
Upper bound: 97
Upper bound: 96
Upper bound: 95
Upper bound: 94
Upper bound: 93
Upper bound: 92
New incumbent 1 at time 212 ms
New incumbent 2 at time 212 ms
Upper bound: 91
Upper bound: 90
New incumbent 3 at time 430 ms
Upper bound: 89
New incumbent 4 at time 715 ms
Upper bound: 88
Upper bound: 87
Upper bound: 86
New incumbent 5 at time 2117 ms
Upper bound: 85
Upper bound: 84
Upper bound: 83
Upper bound: 82
New incumbent 6 at time 8484 ms
Upper bound: 81
Upper bound: 80
Upper bound: 79
Upper bound: 78
New incumbent 7 at time 29641 ms
Upper bound: 77
Upper bound: 76
New incumbent 8 at time 81232 ms
Upper bound: 75
Upper bound: 74
Upper bound: 73
Upper bound: 72
Upper bound: 71
Upper bound: 70
Solution size 8
(5 -> 878) (16 -> 833) (19 -> 507) (39 -> 898) (61 -> 842) (73 -> 876) (74 -> 76) (96 -> 1001) 
Peak nogood count:                  25848
Final nogood count:                 5303
Nodes:                              44066315
Time of last incumbent update (ms): 81232
CPU time (ms):                      1000011
TIMEOUT
Summary:
TIMEOUT 25848 5303 44066315 81232 1000011
