New incumbent 1 at time 23 ms
New incumbent 2 at time 23 ms
New incumbent 3 at time 23 ms
New incumbent 4 at time 23 ms
New incumbent 5 at time 23 ms
New incumbent 6 at time 23 ms
Upper bound: 119
New incumbent 7 at time 144 ms
Upper bound: 118
New incumbent 8 at time 739 ms
Upper bound: 117
New incumbent 9 at time 3304 ms
New incumbent 10 at time 3313 ms
New incumbent 11 at time 3313 ms
New incumbent 12 at time 3313 ms
Upper bound: 116
New incumbent 13 at time 16948 ms
Upper bound: 115
New incumbent 14 at time 209350 ms
New incumbent 15 at time 259238 ms
New incumbent 16 at time 929845 ms
Solution size 16
(1 -> 449) (5 -> 23) (6 -> 431) (7 -> 29) (8 -> 233) (10 -> 36) (21 -> 500) (60 -> 282) (61 -> 133) (62 -> 298) (63 -> 338) (65 -> 312) (67 -> 0) (68 -> 63) (70 -> 230) (81 -> 427) 
Peak nogood count:                  29358
Final nogood count:                 24473
Nodes:                              87354877
Time of last incumbent update (ms): 929845
CPU time (ms):                      1000023
TIMEOUT
Summary:
TIMEOUT 29358 24473 87354877 929845 1000023
