New incumbent 1 at time 4 ms
Upper bound: 119
New incumbent 2 at time 7 ms
Upper bound: 118
Upper bound: 117
Upper bound: 116
Upper bound: 115
Upper bound: 114
New incumbent 3 at time 35 ms
Upper bound: 113
Upper bound: 112
Upper bound: 111
Upper bound: 110
Upper bound: 109
New incumbent 4 at time 638 ms
Upper bound: 108
Upper bound: 107
New incumbent 5 at time 4107 ms
Upper bound: 106
Upper bound: 105
Upper bound: 104
Upper bound: 103
Upper bound: 102
Solution size 5
(0 -> 25) (1 -> 84) (2 -> 16) (5 -> 14) (20 -> 86) 
Peak nogood count:                  21818
Final nogood count:                 7837
Nodes:                              173084528
Time of last incumbent update (ms): 4107
CPU time (ms):                      1000020
TIMEOUT
Summary:
TIMEOUT 21818 7837 173084528 4107 1000020
