New incumbent 1 at time 622 ms
New incumbent 2 at time 622 ms
New incumbent 3 at time 622 ms
New incumbent 4 at time 628 ms
New incumbent 5 at time 639 ms
New incumbent 6 at time 778 ms
Upper bound: 119
New incumbent 7 at time 1729 ms
New incumbent 8 at time 1908 ms
New incumbent 9 at time 2009 ms
Upper bound: 118
New incumbent 10 at time 11063 ms
New incumbent 11 at time 11356 ms
New incumbent 12 at time 11463 ms
New incumbent 13 at time 19886 ms
Upper bound: 117
New incumbent 14 at time 133007 ms
New incumbent 15 at time 147924 ms
Upper bound: 116
Solution size 15
(3 -> 2177) (6 -> 2899) (9 -> 1827) (11 -> 1821) (17 -> 1934) (20 -> 29) (33 -> 1113) (55 -> 3174) (63 -> 2718) (71 -> 3006) (83 -> 1537) (96 -> 3281) (108 -> 2153) (118 -> 3246) (119 -> 1179) 
Peak nogood count:                  7954
Final nogood count:                 1177
Nodes:                              18476826
Time of last incumbent update (ms): 147924
CPU time (ms):                      1000022
TIMEOUT
Summary:
TIMEOUT 7954 1177 18476826 147924 1000022
