New incumbent 1 at time 10 ms
Upper bound: 120
Upper bound: 119
Upper bound: 118
Upper bound: 117
Upper bound: 116
Upper bound: 115
Upper bound: 114
Upper bound: 113
Upper bound: 112
Upper bound: 111
Upper bound: 110
Upper bound: 109
Upper bound: 108
Upper bound: 107
Upper bound: 106
Upper bound: 105
Upper bound: 104
New incumbent 2 at time 486 ms
Upper bound: 103
Upper bound: 102
Upper bound: 101
Upper bound: 100
Upper bound: 99
Upper bound: 98
Upper bound: 97
Upper bound: 96
Upper bound: 95
Upper bound: 94
Upper bound: 93
Upper bound: 92
Upper bound: 91
Upper bound: 90
Upper bound: 89
Upper bound: 88
Upper bound: 87
Upper bound: 86
Upper bound: 85
New incumbent 3 at time 4523 ms
Upper bound: 84
Upper bound: 83
Upper bound: 82
New incumbent 4 at time 6216 ms
Upper bound: 81
Upper bound: 80
Upper bound: 79
Upper bound: 78
Upper bound: 77
Upper bound: 76
Upper bound: 75
Upper bound: 74
New incumbent 5 at time 58766 ms
Upper bound: 73
Upper bound: 72
Upper bound: 71
Upper bound: 70
New incumbent 6 at time 174557 ms
Upper bound: 69
Upper bound: 68
Upper bound: 67
Upper bound: 66
New incumbent 7 at time 496664 ms
Upper bound: 65
Upper bound: 64
Solution size 7
(8 -> 17) (10 -> 247) (88 -> 31) (96 -> 276) (110 -> 88) (112 -> 4) (119 -> 5) 
Peak nogood count:                  11949
Final nogood count:                 5294
Nodes:                              133089836
Time of last incumbent update (ms): 496664
CPU time (ms):                      1000005
TIMEOUT
Summary:
TIMEOUT 11949 5294 133089836 496664 1000005
