New incumbent 1 at time 33 ms
New incumbent 2 at time 33 ms
New incumbent 3 at time 245 ms
Upper bound: 127
Upper bound: 126
Upper bound: 125
New incumbent 4 at time 45712 ms
Upper bound: 124
Upper bound: 123
Upper bound: 122
Upper bound: 121
Solution size 4
(40 -> 46) (81 -> 447) (113 -> 38) (114 -> 555) 
Peak nogood count:                  17539
Final nogood count:                 6374
Nodes:                              71629336
Time of last incumbent update (ms): 45712
CPU time (ms):                      1000008
TIMEOUT
Summary:
TIMEOUT 17539 6374 71629336 45712 1000008
