Upper bound: 127
Upper bound: 126
Upper bound: 125
Upper bound: 124
Upper bound: 123
Upper bound: 122
Upper bound: 121
Upper bound: 120
Upper bound: 119
New incumbent 1 at time 14 ms
New incumbent 2 at time 14 ms
New incumbent 3 at time 14 ms
New incumbent 4 at time 15 ms
New incumbent 5 at time 24 ms
New incumbent 6 at time 24 ms
New incumbent 7 at time 24 ms
New incumbent 8 at time 24 ms
New incumbent 9 at time 24 ms
New incumbent 10 at time 24 ms
New incumbent 11 at time 24 ms
Upper bound: 118
New incumbent 12 at time 148 ms
New incumbent 13 at time 148 ms
Upper bound: 117
New incumbent 14 at time 469 ms
New incumbent 15 at time 469 ms
New incumbent 16 at time 469 ms
New incumbent 17 at time 469 ms
New incumbent 18 at time 469 ms
New incumbent 19 at time 469 ms
New incumbent 20 at time 469 ms
New incumbent 21 at time 469 ms
New incumbent 22 at time 469 ms
New incumbent 23 at time 469 ms
New incumbent 24 at time 469 ms
New incumbent 25 at time 469 ms
New incumbent 26 at time 469 ms
New incumbent 27 at time 469 ms
New incumbent 28 at time 469 ms
New incumbent 29 at time 469 ms
New incumbent 30 at time 469 ms
Upper bound: 116
New incumbent 31 at time 1093 ms
New incumbent 32 at time 1093 ms
New incumbent 33 at time 1093 ms
New incumbent 34 at time 1093 ms
New incumbent 35 at time 1093 ms
New incumbent 36 at time 1093 ms
New incumbent 37 at time 1093 ms
New incumbent 38 at time 1094 ms
New incumbent 39 at time 1094 ms
New incumbent 40 at time 1094 ms
New incumbent 41 at time 1094 ms
New incumbent 42 at time 1094 ms
New incumbent 43 at time 1094 ms
New incumbent 44 at time 1094 ms
New incumbent 45 at time 1094 ms
New incumbent 46 at time 1094 ms
New incumbent 47 at time 1094 ms
New incumbent 48 at time 1094 ms
New incumbent 49 at time 1094 ms
New incumbent 50 at time 1094 ms
New incumbent 51 at time 1094 ms
New incumbent 52 at time 1094 ms
Upper bound: 115
New incumbent 53 at time 2516 ms
New incumbent 54 at time 2516 ms
New incumbent 55 at time 2516 ms
New incumbent 56 at time 2516 ms
New incumbent 57 at time 2516 ms
New incumbent 58 at time 2516 ms
New incumbent 59 at time 2516 ms
New incumbent 60 at time 2516 ms
New incumbent 61 at time 2516 ms
Upper bound: 114
New incumbent 62 at time 5661 ms
New incumbent 63 at time 5661 ms
New incumbent 64 at time 5661 ms
New incumbent 65 at time 5661 ms
New incumbent 66 at time 5661 ms
New incumbent 67 at time 5661 ms
New incumbent 68 at time 5661 ms
New incumbent 69 at time 5661 ms
New incumbent 70 at time 5661 ms
New incumbent 71 at time 5661 ms
New incumbent 72 at time 5661 ms
New incumbent 73 at time 5661 ms
New incumbent 74 at time 5661 ms
New incumbent 75 at time 5661 ms
New incumbent 76 at time 5661 ms
New incumbent 77 at time 5661 ms
New incumbent 78 at time 5661 ms
New incumbent 79 at time 5661 ms
New incumbent 80 at time 5661 ms
New incumbent 81 at time 5661 ms
New incumbent 82 at time 5661 ms
New incumbent 83 at time 5661 ms
New incumbent 84 at time 5661 ms
New incumbent 85 at time 5661 ms
New incumbent 86 at time 5661 ms
New incumbent 87 at time 5661 ms
New incumbent 88 at time 5661 ms
New incumbent 89 at time 5661 ms
New incumbent 90 at time 5661 ms
New incumbent 91 at time 5661 ms
New incumbent 92 at time 5661 ms
New incumbent 93 at time 5661 ms
New incumbent 94 at time 5661 ms
New incumbent 95 at time 5661 ms
New incumbent 96 at time 5662 ms
New incumbent 97 at time 5662 ms
New incumbent 98 at time 5662 ms
New incumbent 99 at time 5662 ms
New incumbent 100 at time 5662 ms
New incumbent 101 at time 5662 ms
New incumbent 102 at time 5662 ms
New incumbent 103 at time 5662 ms
New incumbent 104 at time 5662 ms
New incumbent 105 at time 5662 ms
New incumbent 106 at time 5662 ms
New incumbent 107 at time 5662 ms
New incumbent 108 at time 5662 ms
New incumbent 109 at time 5662 ms
New incumbent 110 at time 5662 ms
New incumbent 111 at time 5662 ms
New incumbent 112 at time 5662 ms
New incumbent 113 at time 5662 ms
New incumbent 114 at time 5662 ms
Solution size 114
(0 -> 4) (1 -> 1) (2 -> 2) (3 -> 3) (4 -> 0) (6 -> 6) (7 -> 7) (8 -> 8) (9 -> 9) (10 -> 10) (11 -> 11) (12 -> 12) (13 -> 13) (14 -> 14) (15 -> 5) (16 -> 16) (17 -> 17) (18 -> 18) (19 -> 19) (20 -> 20) (21 -> 21) (22 -> 22) (23 -> 23) (24 -> 24) (25 -> 25) (26 -> 26) (27 -> 27) (28 -> 28) (29 -> 29) (30 -> 30) (31 -> 31) (32 -> 32) (33 -> 33) (34 -> 34) (35 -> 35) (36 -> 36) (37 -> 37) (38 -> 38) (39 -> 39) (40 -> 40) (42 -> 42) (43 -> 43) (44 -> 44) (45 -> 45) (46 -> 46) (47 -> 47) (48 -> 48) (49 -> 49) (50 -> 50) (51 -> 51) (52 -> 52) (53 -> 53) (54 -> 54) (55 -> 55) (56 -> 56) (57 -> 57) (58 -> 58) (59 -> 59) (62 -> 62) (63 -> 63) (64 -> 64) (65 -> 65) (67 -> 67) (68 -> 68) (69 -> 69) (70 -> 70) (71 -> 71) (72 -> 72) (73 -> 73) (74 -> 74) (75 -> 75) (76 -> 76) (77 -> 77) (78 -> 78) (79 -> 79) (80 -> 80) (81 -> 81) (82 -> 82) (84 -> 84) (85 -> 85) (86 -> 86) (87 -> 87) (90 -> 90) (91 -> 91) (92 -> 92) (93 -> 93) (94 -> 94) (96 -> 96) (97 -> 97) (98 -> 98) (99 -> 99) (100 -> 100) (101 -> 101) (102 -> 102) (103 -> 103) (104 -> 104) (105 -> 105) (106 -> 106) (107 -> 107) (108 -> 108) (109 -> 109) (111 -> 111) (112 -> 112) (113 -> 113) (114 -> 114) (115 -> 115) (116 -> 116) (117 -> 117) (118 -> 118) (119 -> 119) (121 -> 121) (122 -> 122) (123 -> 123) (124 -> 124) 
Peak nogood count:                  1154
Final nogood count:                 0
Nodes:                              780427
Time of last incumbent update (ms): 5662
CPU time (ms):                      5663
Summary:
COMPLETED 1154 0 780427 5662 5663
