Upper bound: 127
Upper bound: 126
Upper bound: 125
Upper bound: 124
Upper bound: 123
Upper bound: 122
Upper bound: 121
Upper bound: 120
Upper bound: 119
New incumbent 1 at time 397 ms
Upper bound: 118
Upper bound: 117
Upper bound: 116
Upper bound: 115
Upper bound: 114
Upper bound: 113
Upper bound: 112
Upper bound: 111
Upper bound: 110
Upper bound: 109
Upper bound: 108
New incumbent 2 at time 7239 ms
Upper bound: 107
Upper bound: 106
Upper bound: 105
Upper bound: 104
New incumbent 3 at time 12969 ms
Upper bound: 103
Upper bound: 102
New incumbent 4 at time 17055 ms
Upper bound: 101
New incumbent 5 at time 23442 ms
Upper bound: 100
New incumbent 6 at time 25047 ms
Upper bound: 99
New incumbent 7 at time 32344 ms
Upper bound: 98
New incumbent 8 at time 44185 ms
Upper bound: 97
Upper bound: 96
New incumbent 9 at time 157892 ms
New incumbent 10 at time 160415 ms
Upper bound: 95
Upper bound: 94
Solution size 10
(12 -> 818) (14 -> 633) (22 -> 1163) (24 -> 1172) (26 -> 1289) (53 -> 1965) (62 -> 426) (74 -> 1599) (100 -> 846) (104 -> 994) 
Peak nogood count:                  42040
Final nogood count:                 27847
Nodes:                              27488497
Time of last incumbent update (ms): 160415
CPU time (ms):                      1000032
TIMEOUT
Summary:
TIMEOUT 42040 27847 27488497 160415 1000032
