New incumbent 1 at time 10 ms
New incumbent 2 at time 10 ms
Upper bound: 127
Upper bound: 126
Upper bound: 125
Upper bound: 124
Upper bound: 123
Upper bound: 122
Upper bound: 121
Upper bound: 120
Upper bound: 119
New incumbent 3 at time 928 ms
Upper bound: 118
Upper bound: 117
Upper bound: 116
New incumbent 4 at time 4046 ms
Upper bound: 115
Upper bound: 114
Upper bound: 113
New incumbent 5 at time 22454 ms
Upper bound: 112
New incumbent 6 at time 35674 ms
Upper bound: 111
Upper bound: 110
New incumbent 7 at time 782078 ms
Upper bound: 109
Solution size 7
(4 -> 206) (32 -> 123) (47 -> 96) (48 -> 251) (62 -> 107) (103 -> 118) (120 -> 215) 
Peak nogood count:                  5693
Final nogood count:                 3513
Nodes:                              136181968
Time of last incumbent update (ms): 782078
CPU time (ms):                      1000005
TIMEOUT
Summary:
TIMEOUT 5693 3513 136181968 782078 1000005
