New incumbent 1 at time 798 ms
New incumbent 2 at time 799 ms
Upper bound: 127
New incumbent 3 at time 1089 ms
Upper bound: 126
Upper bound: 125
Upper bound: 124
New incumbent 4 at time 3782 ms
Upper bound: 123
Upper bound: 122
New incumbent 5 at time 8174 ms
Upper bound: 121
Upper bound: 120
New incumbent 6 at time 20639 ms
Upper bound: 119
New incumbent 7 at time 34396 ms
New incumbent 8 at time 34399 ms
Upper bound: 118
New incumbent 9 at time 278695 ms
New incumbent 10 at time 278705 ms
New incumbent 11 at time 278705 ms
Solution size 11
(3 -> 3053) (8 -> 1596) (16 -> 524) (17 -> 1092) (20 -> 1066) (25 -> 1165) (49 -> 2323) (62 -> 1218) (103 -> 1982) (111 -> 2863) (123 -> 302) 
Peak nogood count:                  23306
Final nogood count:                 7855
Nodes:                              18628433
Time of last incumbent update (ms): 278705
CPU time (ms):                      1000032
TIMEOUT
Summary:
TIMEOUT 23306 7855 18628433 278705 1000032
