New incumbent 1 at time 1 ms
New incumbent 2 at time 1 ms
New incumbent 3 at time 1 ms
New incumbent 4 at time 1 ms
New incumbent 5 at time 1 ms
New incumbent 6 at time 1 ms
New incumbent 7 at time 1 ms
New incumbent 8 at time 1 ms
New incumbent 9 at time 1 ms
New incumbent 10 at time 1 ms
New incumbent 11 at time 1 ms
New incumbent 12 at time 1 ms
New incumbent 13 at time 3 ms
New incumbent 14 at time 4 ms
New incumbent 15 at time 8 ms
New incumbent 16 at time 8 ms
New incumbent 17 at time 47 ms
New incumbent 18 at time 47 ms
New incumbent 19 at time 47 ms
Solution size 19
(0 -> 7) (1 -> 81) (2 -> 56) (3 -> 52) (4 -> 13) (5 -> 50) (6 -> 85) (7 -> 82) (8 -> 24) (9 -> 1) (10 -> 49) (11 -> 35) (12 -> 32) (13 -> 10) (14 -> 9) (15 -> 18) (16 -> 61) (17 -> 60) (18 -> 58) 
Peak nogood count:                  41
Final nogood count:                 41
Nodes:                              9842
Time of last incumbent update (ms): 47
CPU time (ms):                      47
Summary:
COMPLETED 41 41 9842 47 47
