New incumbent 1 at time 4 ms
New incumbent 2 at time 4 ms
New incumbent 3 at time 4 ms
New incumbent 4 at time 4 ms
Upper bound: 18
New incumbent 5 at time 45 ms
New incumbent 6 at time 45 ms
New incumbent 7 at time 45 ms
New incumbent 8 at time 45 ms
New incumbent 9 at time 45 ms
Upper bound: 17
New incumbent 10 at time 322 ms
New incumbent 11 at time 334 ms
New incumbent 12 at time 9733 ms
Upper bound: 16
New incumbent 13 at time 42391 ms
New incumbent 14 at time 42428 ms
New incumbent 15 at time 42428 ms
New incumbent 16 at time 42428 ms
Solution size 16
(0 -> 153) (2 -> 136) (3 -> 127) (4 -> 56) (5 -> 31) (6 -> 224) (7 -> 214) (8 -> 102) (9 -> 151) (10 -> 227) (11 -> 105) (12 -> 9) (13 -> 169) (14 -> 163) (15 -> 216) (18 -> 200) 
Peak nogood count:                  3287
Final nogood count:                 52
Nodes:                              7633863
Time of last incumbent update (ms): 42428
CPU time (ms):                      42429
Summary:
COMPLETED 3287 52 7633863 42428 42429
