New incumbent 1 at time 2 ms
New incumbent 2 at time 2 ms
New incumbent 3 at time 2 ms
New incumbent 4 at time 2 ms
New incumbent 5 at time 2 ms
New incumbent 6 at time 2 ms
New incumbent 7 at time 2 ms
New incumbent 8 at time 2 ms
New incumbent 9 at time 2 ms
New incumbent 10 at time 155 ms
New incumbent 11 at time 2914 ms
Upper bound: 29
Solution size 11
(4 -> 71) (5 -> 81) (6 -> 65) (7 -> 77) (10 -> 98) (11 -> 110) (16 -> 32) (17 -> 3) (22 -> 19) (24 -> 74) (25 -> 124) 
Peak nogood count:                  8836
Final nogood count:                 8570
Nodes:                              133657547
Time of last incumbent update (ms): 2914
CPU time (ms):                      1000009
TIMEOUT
Summary:
TIMEOUT 8836 8570 133657547 2914 1000009
