New incumbent 1 at time 3 ms
New incumbent 2 at time 4 ms
New incumbent 3 at time 4 ms
New incumbent 4 at time 4 ms
New incumbent 5 at time 4 ms
New incumbent 6 at time 4 ms
New incumbent 7 at time 4 ms
New incumbent 8 at time 30 ms
New incumbent 9 at time 12832 ms
Upper bound: 29
Solution size 9
(1 -> 29) (3 -> 135) (6 -> 70) (9 -> 114) (11 -> 3) (14 -> 125) (15 -> 96) (24 -> 83) (26 -> 65) 
Peak nogood count:                  7249
Final nogood count:                 6933
Nodes:                              113848079
Time of last incumbent update (ms): 12832
CPU time (ms):                      1000006
TIMEOUT
Summary:
TIMEOUT 7249 6933 113848079 12832 1000006
