New incumbent 1 at time 3 ms
New incumbent 2 at time 3 ms
New incumbent 3 at time 3 ms
New incumbent 4 at time 3 ms
New incumbent 5 at time 3 ms
New incumbent 6 at time 3 ms
New incumbent 7 at time 3 ms
New incumbent 8 at time 3 ms
New incumbent 9 at time 4 ms
New incumbent 10 at time 4 ms
New incumbent 11 at time 4 ms
New incumbent 12 at time 5 ms
New incumbent 13 at time 10 ms
New incumbent 14 at time 34 ms
New incumbent 15 at time 87 ms
New incumbent 16 at time 1205 ms
New incumbent 17 at time 1648 ms
New incumbent 18 at time 1648 ms
New incumbent 19 at time 1648 ms
New incumbent 20 at time 1648 ms
New incumbent 21 at time 1648 ms
New incumbent 22 at time 1648 ms
New incumbent 23 at time 1648 ms
New incumbent 24 at time 1648 ms
New incumbent 25 at time 1648 ms
New incumbent 26 at time 1648 ms
New incumbent 27 at time 1648 ms
New incumbent 28 at time 1648 ms
New incumbent 29 at time 1648 ms
New incumbent 30 at time 1648 ms
New incumbent 31 at time 1648 ms
New incumbent 32 at time 1648 ms
New incumbent 33 at time 1648 ms
New incumbent 34 at time 1648 ms
New incumbent 35 at time 1648 ms
New incumbent 36 at time 1648 ms
New incumbent 37 at time 1648 ms
New incumbent 38 at time 1648 ms
New incumbent 39 at time 1648 ms
New incumbent 40 at time 1648 ms
Solution size 40
(0 -> 54) (1 -> 86) (2 -> 78) (3 -> 129) (4 -> 99) (5 -> 33) (6 -> 101) (7 -> 152) (8 -> 191) (9 -> 158) (10 -> 136) (11 -> 43) (12 -> 87) (13 -> 100) (14 -> 116) (15 -> 23) (16 -> 111) (17 -> 70) (18 -> 148) (19 -> 140) (20 -> 159) (21 -> 1) (22 -> 117) (23 -> 123) (24 -> 24) (25 -> 143) (26 -> 12) (27 -> 163) (28 -> 59) (29 -> 185) (30 -> 130) (31 -> 29) (32 -> 10) (33 -> 45) (34 -> 181) (35 -> 94) (36 -> 145) (37 -> 25) (38 -> 146) (39 -> 107) 
Peak nogood count:                  155
Final nogood count:                 97
Nodes:                              201754
Time of last incumbent update (ms): 1648
CPU time (ms):                      1649
Summary:
COMPLETED 155 97 201754 1648 1649
