New incumbent 1 at time 25 ms
New incumbent 2 at time 25 ms
New incumbent 3 at time 25 ms
New incumbent 4 at time 25 ms
New incumbent 5 at time 25 ms
New incumbent 6 at time 25 ms
New incumbent 7 at time 25 ms
New incumbent 8 at time 25 ms
New incumbent 9 at time 29 ms
New incumbent 10 at time 42 ms
New incumbent 11 at time 43 ms
New incumbent 12 at time 43 ms
New incumbent 13 at time 44 ms
New incumbent 14 at time 52 ms
New incumbent 15 at time 52 ms
New incumbent 16 at time 61 ms
New incumbent 17 at time 61 ms
New incumbent 18 at time 69 ms
New incumbent 19 at time 134 ms
New incumbent 20 at time 139 ms
New incumbent 21 at time 139 ms
New incumbent 22 at time 165 ms
New incumbent 23 at time 165 ms
New incumbent 24 at time 165 ms
New incumbent 25 at time 166 ms
New incumbent 26 at time 166 ms
New incumbent 27 at time 166 ms
New incumbent 28 at time 166 ms
New incumbent 29 at time 1824 ms
New incumbent 30 at time 1824 ms
New incumbent 31 at time 1824 ms
New incumbent 32 at time 3726 ms
New incumbent 33 at time 3726 ms
New incumbent 34 at time 3751 ms
New incumbent 35 at time 3751 ms
New incumbent 36 at time 35498 ms
New incumbent 37 at time 35498 ms
New incumbent 38 at time 35498 ms
New incumbent 39 at time 35499 ms
New incumbent 40 at time 35499 ms
New incumbent 41 at time 35499 ms
New incumbent 42 at time 35499 ms
New incumbent 43 at time 35499 ms
New incumbent 44 at time 35499 ms
New incumbent 45 at time 35499 ms
New incumbent 46 at time 35499 ms
New incumbent 47 at time 35499 ms
New incumbent 48 at time 35499 ms
New incumbent 49 at time 35499 ms
New incumbent 50 at time 35499 ms
New incumbent 51 at time 35499 ms
New incumbent 52 at time 35499 ms
New incumbent 53 at time 35499 ms
New incumbent 54 at time 35499 ms
New incumbent 55 at time 35499 ms
New incumbent 56 at time 35499 ms
New incumbent 57 at time 35499 ms
New incumbent 58 at time 35500 ms
New incumbent 59 at time 35500 ms
New incumbent 60 at time 35500 ms
New incumbent 61 at time 35500 ms
New incumbent 62 at time 35500 ms
New incumbent 63 at time 35500 ms
New incumbent 64 at time 35500 ms
New incumbent 65 at time 35500 ms
New incumbent 66 at time 35500 ms
New incumbent 67 at time 35500 ms
New incumbent 68 at time 35500 ms
New incumbent 69 at time 35500 ms
New incumbent 70 at time 35500 ms
New incumbent 71 at time 35500 ms
New incumbent 72 at time 35500 ms
New incumbent 73 at time 35500 ms
New incumbent 74 at time 35500 ms
New incumbent 75 at time 35500 ms
New incumbent 76 at time 35500 ms
New incumbent 77 at time 35500 ms
New incumbent 78 at time 35500 ms
New incumbent 79 at time 35500 ms
New incumbent 80 at time 35500 ms
Solution size 80
(0 -> 17) (1 -> 62) (2 -> 272) (3 -> 329) (4 -> 330) (5 -> 172) (6 -> 150) (7 -> 255) (8 -> 83) (9 -> 141) (10 -> 106) (11 -> 122) (12 -> 51) (13 -> 235) (14 -> 61) (15 -> 239) (16 -> 282) (17 -> 230) (18 -> 86) (19 -> 14) (20 -> 232) (21 -> 298) (22 -> 9) (23 -> 52) (24 -> 214) (25 -> 300) (26 -> 274) (27 -> 394) (28 -> 2) (29 -> 134) (30 -> 125) (31 -> 189) (32 -> 15) (33 -> 132) (34 -> 168) (35 -> 359) (36 -> 234) (37 -> 308) (38 -> 13) (39 -> 212) (40 -> 215) (41 -> 221) (42 -> 33) (43 -> 192) (44 -> 65) (45 -> 108) (46 -> 102) (47 -> 70) (48 -> 278) (49 -> 40) (50 -> 143) (51 -> 98) (52 -> 335) (53 -> 205) (54 -> 319) (55 -> 229) (56 -> 347) (57 -> 303) (58 -> 60) (59 -> 270) (60 -> 320) (61 -> 177) (62 -> 238) (63 -> 63) (64 -> 74) (65 -> 385) (66 -> 331) (67 -> 317) (68 -> 30) (69 -> 100) (70 -> 398) (71 -> 386) (72 -> 186) (73 -> 350) (74 -> 201) (75 -> 56) (76 -> 285) (77 -> 399) (78 -> 216) (79 -> 323) 
Peak nogood count:                  1358
Final nogood count:                 1352
Nodes:                              3463247
Time of last incumbent update (ms): 35500
CPU time (ms):                      35503
Summary:
COMPLETED 1358 1352 3463247 35500 35503
