New incumbent 1 at time 9 ms
New incumbent 2 at time 10 ms
New incumbent 3 at time 10 ms
New incumbent 4 at time 10 ms
New incumbent 5 at time 10 ms
New incumbent 6 at time 10 ms
New incumbent 7 at time 10 ms
New incumbent 8 at time 10 ms
New incumbent 9 at time 10 ms
New incumbent 10 at time 10 ms
New incumbent 11 at time 10 ms
New incumbent 12 at time 10 ms
New incumbent 13 at time 10 ms
New incumbent 14 at time 10 ms
New incumbent 15 at time 10 ms
New incumbent 16 at time 10 ms
New incumbent 17 at time 10 ms
New incumbent 18 at time 10 ms
New incumbent 19 at time 10 ms
New incumbent 20 at time 10 ms
New incumbent 21 at time 10 ms
New incumbent 22 at time 10 ms
New incumbent 23 at time 10 ms
New incumbent 24 at time 10 ms
New incumbent 25 at time 10 ms
New incumbent 26 at time 10 ms
New incumbent 27 at time 10 ms
New incumbent 28 at time 10 ms
New incumbent 29 at time 10 ms
New incumbent 30 at time 10 ms
New incumbent 31 at time 10 ms
New incumbent 32 at time 10 ms
New incumbent 33 at time 10 ms
New incumbent 34 at time 10 ms
New incumbent 35 at time 10 ms
New incumbent 36 at time 10 ms
New incumbent 37 at time 10 ms
New incumbent 38 at time 11 ms
New incumbent 39 at time 11 ms
New incumbent 40 at time 11 ms
New incumbent 41 at time 11 ms
New incumbent 42 at time 11 ms
New incumbent 43 at time 11 ms
New incumbent 44 at time 11 ms
New incumbent 45 at time 11 ms
New incumbent 46 at time 11 ms
New incumbent 47 at time 11 ms
New incumbent 48 at time 11 ms
New incumbent 49 at time 11 ms
New incumbent 50 at time 11 ms
New incumbent 51 at time 11 ms
New incumbent 52 at time 11 ms
New incumbent 53 at time 11 ms
New incumbent 54 at time 11 ms
New incumbent 55 at time 11 ms
New incumbent 56 at time 11 ms
New incumbent 57 at time 11 ms
New incumbent 58 at time 11 ms
New incumbent 59 at time 11 ms
New incumbent 60 at time 11 ms
New incumbent 61 at time 11 ms
New incumbent 62 at time 11 ms
New incumbent 63 at time 11 ms
New incumbent 64 at time 11 ms
New incumbent 65 at time 11 ms
New incumbent 66 at time 11 ms
New incumbent 67 at time 11 ms
New incumbent 68 at time 11 ms
New incumbent 69 at time 11 ms
New incumbent 70 at time 11 ms
New incumbent 71 at time 11 ms
New incumbent 72 at time 11 ms
New incumbent 73 at time 11 ms
New incumbent 74 at time 11 ms
New incumbent 75 at time 11 ms
New incumbent 76 at time 11 ms
New incumbent 77 at time 11 ms
New incumbent 78 at time 11 ms
New incumbent 79 at time 11 ms
New incumbent 80 at time 11 ms
Solution size 80
(0 -> 164) (1 -> 89) (2 -> 42) (3 -> 63) (4 -> 55) (5 -> 78) (6 -> 143) (7 -> 173) (8 -> 105) (9 -> 186) (10 -> 97) (11 -> 161) (12 -> 145) (13 -> 32) (14 -> 166) (15 -> 123) (16 -> 131) (17 -> 0) (18 -> 153) (19 -> 30) (20 -> 71) (21 -> 9) (22 -> 96) (23 -> 154) (24 -> 47) (25 -> 187) (26 -> 120) (27 -> 94) (28 -> 84) (29 -> 38) (30 -> 183) (31 -> 182) (32 -> 45) (33 -> 141) (34 -> 195) (35 -> 75) (36 -> 3) (37 -> 43) (38 -> 112) (39 -> 4) (40 -> 165) (41 -> 162) (42 -> 22) (43 -> 8) (44 -> 198) (45 -> 111) (46 -> 46) (47 -> 53) (48 -> 104) (49 -> 17) (50 -> 118) (51 -> 70) (52 -> 54) (53 -> 139) (54 -> 25) (55 -> 18) (56 -> 152) (57 -> 128) (58 -> 132) (59 -> 56) (60 -> 21) (61 -> 68) (62 -> 130) (63 -> 157) (64 -> 149) (65 -> 87) (66 -> 66) (67 -> 163) (68 -> 99) (69 -> 113) (70 -> 191) (71 -> 1) (72 -> 74) (73 -> 92) (74 -> 13) (75 -> 61) (76 -> 109) (77 -> 93) (78 -> 16) (79 -> 147) 
Peak nogood count:                  0
Final nogood count:                 0
Nodes:                              84
Time of last incumbent update (ms): 11
CPU time (ms):                      13
Summary:
COMPLETED 0 0 84 11 13
