New incumbent 1 at time 7 ms
New incumbent 2 at time 7 ms
New incumbent 3 at time 7 ms
New incumbent 4 at time 7 ms
New incumbent 5 at time 7 ms
New incumbent 6 at time 7 ms
New incumbent 7 at time 7 ms
New incumbent 8 at time 7 ms
New incumbent 9 at time 7 ms
New incumbent 10 at time 7 ms
New incumbent 11 at time 7 ms
New incumbent 12 at time 7 ms
New incumbent 13 at time 8 ms
New incumbent 14 at time 8 ms
New incumbent 15 at time 8 ms
New incumbent 16 at time 8 ms
New incumbent 17 at time 8 ms
New incumbent 18 at time 8 ms
New incumbent 19 at time 8 ms
New incumbent 20 at time 8 ms
New incumbent 21 at time 8 ms
New incumbent 22 at time 8 ms
New incumbent 23 at time 8 ms
New incumbent 24 at time 8 ms
New incumbent 25 at time 8 ms
New incumbent 26 at time 8 ms
New incumbent 27 at time 8 ms
New incumbent 28 at time 8 ms
New incumbent 29 at time 8 ms
New incumbent 30 at time 8 ms
New incumbent 31 at time 8 ms
New incumbent 32 at time 8 ms
New incumbent 33 at time 8 ms
New incumbent 34 at time 8 ms
New incumbent 35 at time 8 ms
New incumbent 36 at time 8 ms
New incumbent 37 at time 8 ms
New incumbent 38 at time 8 ms
New incumbent 39 at time 8 ms
New incumbent 40 at time 8 ms
New incumbent 41 at time 8 ms
New incumbent 42 at time 8 ms
New incumbent 43 at time 8 ms
New incumbent 44 at time 8 ms
New incumbent 45 at time 8 ms
New incumbent 46 at time 8 ms
New incumbent 47 at time 8 ms
New incumbent 48 at time 8 ms
New incumbent 49 at time 8 ms
New incumbent 50 at time 8 ms
New incumbent 51 at time 8 ms
New incumbent 52 at time 8 ms
New incumbent 53 at time 8 ms
New incumbent 54 at time 8 ms
New incumbent 55 at time 8 ms
New incumbent 56 at time 8 ms
New incumbent 57 at time 8 ms
New incumbent 58 at time 8 ms
New incumbent 59 at time 8 ms
New incumbent 60 at time 9 ms
New incumbent 61 at time 9 ms
New incumbent 62 at time 9 ms
New incumbent 63 at time 9 ms
New incumbent 64 at time 9 ms
New incumbent 65 at time 9 ms
New incumbent 66 at time 9 ms
New incumbent 67 at time 9 ms
New incumbent 68 at time 9 ms
New incumbent 69 at time 9 ms
New incumbent 70 at time 9 ms
New incumbent 71 at time 9 ms
New incumbent 72 at time 9 ms
New incumbent 73 at time 9 ms
New incumbent 74 at time 9 ms
New incumbent 75 at time 9 ms
New incumbent 76 at time 9 ms
New incumbent 77 at time 9 ms
New incumbent 78 at time 9 ms
New incumbent 79 at time 9 ms
New incumbent 80 at time 9 ms
New incumbent 81 at time 9 ms
New incumbent 82 at time 9 ms
New incumbent 83 at time 9 ms
New incumbent 84 at time 9 ms
New incumbent 85 at time 9 ms
New incumbent 86 at time 9 ms
New incumbent 87 at time 9 ms
New incumbent 88 at time 9 ms
New incumbent 89 at time 9 ms
New incumbent 90 at time 9 ms
New incumbent 91 at time 9 ms
New incumbent 92 at time 9 ms
New incumbent 93 at time 9 ms
New incumbent 94 at time 9 ms
New incumbent 95 at time 9 ms
New incumbent 96 at time 9 ms
New incumbent 97 at time 9 ms
New incumbent 98 at time 9 ms
New incumbent 99 at time 9 ms
New incumbent 100 at time 9 ms
New incumbent 101 at time 9 ms
New incumbent 102 at time 9 ms
New incumbent 103 at time 9 ms
New incumbent 104 at time 9 ms
New incumbent 105 at time 9 ms
New incumbent 106 at time 9 ms
New incumbent 107 at time 9 ms
New incumbent 108 at time 9 ms
New incumbent 109 at time 9 ms
New incumbent 110 at time 9 ms
New incumbent 111 at time 9 ms
New incumbent 112 at time 9 ms
New incumbent 113 at time 9 ms
New incumbent 114 at time 9 ms
New incumbent 115 at time 9 ms
New incumbent 116 at time 9 ms
New incumbent 117 at time 9 ms
New incumbent 118 at time 9 ms
New incumbent 119 at time 9 ms
New incumbent 120 at time 9 ms
Solution size 120
(0 -> 0) (1 -> 3) (2 -> 27) (3 -> 38) (4 -> 44) (5 -> 56) (6 -> 110) (7 -> 165) (8 -> 169) (9 -> 179) (10 -> 183) (11 -> 7) (12 -> 24) (13 -> 59) (14 -> 85) (15 -> 119) (16 -> 123) (17 -> 128) (18 -> 162) (19 -> 176) (20 -> 188) (21 -> 192) (22 -> 12) (23 -> 28) (24 -> 72) (25 -> 79) (26 -> 189) (27 -> 17) (28 -> 22) (29 -> 65) (30 -> 151) (31 -> 158) (32 -> 55) (33 -> 69) (34 -> 84) (35 -> 100) (36 -> 141) (37 -> 175) (38 -> 10) (39 -> 187) (40 -> 11) (41 -> 34) (42 -> 193) (43 -> 120) (44 -> 1) (45 -> 6) (46 -> 13) (47 -> 73) (48 -> 146) (49 -> 130) (50 -> 68) (51 -> 78) (52 -> 101) (53 -> 39) (54 -> 153) (55 -> 156) (56 -> 177) (57 -> 198) (58 -> 134) (59 -> 147) (60 -> 23) (61 -> 41) (62 -> 108) (63 -> 184) (64 -> 40) (65 -> 63) (66 -> 133) (67 -> 104) (68 -> 124) (69 -> 159) (70 -> 29) (71 -> 82) (72 -> 92) (73 -> 164) (74 -> 4) (75 -> 20) (76 -> 30) (77 -> 2) (78 -> 31) (79 -> 126) (80 -> 18) (81 -> 114) (82 -> 77) (83 -> 51) (84 -> 168) (85 -> 181) (86 -> 5) (87 -> 105) (88 -> 35) (89 -> 197) (90 -> 36) (91 -> 47) (92 -> 137) (93 -> 49) (94 -> 94) (95 -> 135) (96 -> 43) (97 -> 140) (98 -> 25) (99 -> 194) (100 -> 54) (101 -> 107) (102 -> 112) (103 -> 37) (104 -> 8) (105 -> 16) (106 -> 53) (107 -> 80) (108 -> 89) (109 -> 106) (110 -> 125) (111 -> 136) (112 -> 186) (113 -> 15) (114 -> 32) (115 -> 142) (116 -> 171) (117 -> 174) (118 -> 76) (119 -> 96) 
Peak nogood count:                  0
Final nogood count:                 0
Nodes:                              218
Time of last incumbent update (ms): 9
CPU time (ms):                      11
Summary:
COMPLETED 0 0 218 9 11
