New incumbent 1 at time 189 ms
New incumbent 2 at time 189 ms
New incumbent 3 at time 190 ms
New incumbent 4 at time 190 ms
New incumbent 5 at time 190 ms
New incumbent 6 at time 190 ms
New incumbent 7 at time 190 ms
New incumbent 8 at time 190 ms
New incumbent 9 at time 190 ms
New incumbent 10 at time 190 ms
New incumbent 11 at time 190 ms
New incumbent 12 at time 190 ms
New incumbent 13 at time 191 ms
New incumbent 14 at time 191 ms
New incumbent 15 at time 191 ms
New incumbent 16 at time 191 ms
New incumbent 17 at time 191 ms
New incumbent 18 at time 191 ms
New incumbent 19 at time 191 ms
New incumbent 20 at time 191 ms
New incumbent 21 at time 191 ms
New incumbent 22 at time 191 ms
New incumbent 23 at time 191 ms
New incumbent 24 at time 191 ms
New incumbent 25 at time 191 ms
New incumbent 26 at time 191 ms
New incumbent 27 at time 192 ms
New incumbent 28 at time 192 ms
New incumbent 29 at time 192 ms
New incumbent 30 at time 192 ms
New incumbent 31 at time 192 ms
New incumbent 32 at time 192 ms
New incumbent 33 at time 192 ms
New incumbent 34 at time 192 ms
New incumbent 35 at time 192 ms
New incumbent 36 at time 192 ms
New incumbent 37 at time 192 ms
New incumbent 38 at time 193 ms
New incumbent 39 at time 193 ms
New incumbent 40 at time 193 ms
New incumbent 41 at time 193 ms
New incumbent 42 at time 193 ms
New incumbent 43 at time 193 ms
New incumbent 44 at time 193 ms
New incumbent 45 at time 193 ms
New incumbent 46 at time 193 ms
New incumbent 47 at time 194 ms
New incumbent 48 at time 194 ms
New incumbent 49 at time 194 ms
New incumbent 50 at time 194 ms
New incumbent 51 at time 194 ms
New incumbent 52 at time 194 ms
New incumbent 53 at time 194 ms
New incumbent 54 at time 194 ms
New incumbent 55 at time 195 ms
New incumbent 56 at time 195 ms
New incumbent 57 at time 195 ms
New incumbent 58 at time 195 ms
New incumbent 59 at time 195 ms
New incumbent 60 at time 195 ms
New incumbent 61 at time 195 ms
New incumbent 62 at time 195 ms
New incumbent 63 at time 196 ms
New incumbent 64 at time 196 ms
New incumbent 65 at time 196 ms
New incumbent 66 at time 196 ms
New incumbent 67 at time 196 ms
New incumbent 68 at time 196 ms
New incumbent 69 at time 196 ms
New incumbent 70 at time 197 ms
New incumbent 71 at time 197 ms
New incumbent 72 at time 197 ms
New incumbent 73 at time 197 ms
New incumbent 74 at time 197 ms
New incumbent 75 at time 197 ms
New incumbent 76 at time 197 ms
New incumbent 77 at time 198 ms
New incumbent 78 at time 198 ms
New incumbent 79 at time 198 ms
New incumbent 80 at time 198 ms
New incumbent 81 at time 198 ms
New incumbent 82 at time 198 ms
New incumbent 83 at time 198 ms
New incumbent 84 at time 199 ms
New incumbent 85 at time 199 ms
New incumbent 86 at time 199 ms
New incumbent 87 at time 199 ms
New incumbent 88 at time 199 ms
New incumbent 89 at time 199 ms
New incumbent 90 at time 199 ms
New incumbent 91 at time 200 ms
New incumbent 92 at time 200 ms
New incumbent 93 at time 200 ms
New incumbent 94 at time 200 ms
New incumbent 95 at time 200 ms
New incumbent 96 at time 200 ms
New incumbent 97 at time 201 ms
New incumbent 98 at time 201 ms
New incumbent 99 at time 201 ms
New incumbent 100 at time 201 ms
New incumbent 101 at time 201 ms
New incumbent 102 at time 201 ms
New incumbent 103 at time 202 ms
New incumbent 104 at time 202 ms
New incumbent 105 at time 202 ms
New incumbent 106 at time 202 ms
New incumbent 107 at time 202 ms
New incumbent 108 at time 202 ms
New incumbent 109 at time 203 ms
New incumbent 110 at time 203 ms
New incumbent 111 at time 203 ms
New incumbent 112 at time 203 ms
New incumbent 113 at time 203 ms
New incumbent 114 at time 203 ms
New incumbent 115 at time 204 ms
New incumbent 116 at time 204 ms
New incumbent 117 at time 204 ms
New incumbent 118 at time 204 ms
New incumbent 119 at time 204 ms
New incumbent 120 at time 205 ms
New incumbent 121 at time 205 ms
New incumbent 122 at time 205 ms
New incumbent 123 at time 205 ms
New incumbent 124 at time 205 ms
New incumbent 125 at time 205 ms
New incumbent 126 at time 206 ms
New incumbent 127 at time 206 ms
New incumbent 128 at time 206 ms
New incumbent 129 at time 206 ms
New incumbent 130 at time 206 ms
New incumbent 131 at time 206 ms
New incumbent 132 at time 207 ms
New incumbent 133 at time 207 ms
New incumbent 134 at time 207 ms
New incumbent 135 at time 207 ms
New incumbent 136 at time 207 ms
New incumbent 137 at time 208 ms
New incumbent 138 at time 208 ms
New incumbent 139 at time 208 ms
New incumbent 140 at time 208 ms
New incumbent 141 at time 208 ms
New incumbent 142 at time 208 ms
New incumbent 143 at time 209 ms
New incumbent 144 at time 209 ms
New incumbent 145 at time 209 ms
New incumbent 146 at time 209 ms
New incumbent 147 at time 209 ms
New incumbent 148 at time 210 ms
New incumbent 149 at time 210 ms
New incumbent 150 at time 210 ms
New incumbent 151 at time 210 ms
New incumbent 152 at time 210 ms
New incumbent 153 at time 210 ms
New incumbent 154 at time 211 ms
New incumbent 155 at time 211 ms
New incumbent 156 at time 211 ms
New incumbent 157 at time 211 ms
New incumbent 158 at time 211 ms
New incumbent 159 at time 211 ms
New incumbent 160 at time 212 ms
New incumbent 161 at time 212 ms
New incumbent 162 at time 212 ms
New incumbent 163 at time 212 ms
New incumbent 164 at time 212 ms
New incumbent 165 at time 212 ms
New incumbent 166 at time 213 ms
New incumbent 167 at time 213 ms
New incumbent 168 at time 213 ms
New incumbent 169 at time 213 ms
New incumbent 170 at time 213 ms
New incumbent 171 at time 214 ms
New incumbent 172 at time 214 ms
New incumbent 173 at time 214 ms
New incumbent 174 at time 214 ms
New incumbent 175 at time 214 ms
New incumbent 176 at time 214 ms
New incumbent 177 at time 215 ms
New incumbent 178 at time 215 ms
New incumbent 179 at time 215 ms
New incumbent 180 at time 215 ms
New incumbent 181 at time 215 ms
New incumbent 182 at time 215 ms
New incumbent 183 at time 216 ms
New incumbent 184 at time 216 ms
New incumbent 185 at time 216 ms
New incumbent 186 at time 216 ms
New incumbent 187 at time 216 ms
New incumbent 188 at time 216 ms
New incumbent 189 at time 217 ms
New incumbent 190 at time 217 ms
New incumbent 191 at time 217 ms
New incumbent 192 at time 217 ms
New incumbent 193 at time 217 ms
New incumbent 194 at time 217 ms
New incumbent 195 at time 218 ms
New incumbent 196 at time 218 ms
New incumbent 197 at time 218 ms
New incumbent 198 at time 218 ms
New incumbent 199 at time 218 ms
New incumbent 200 at time 218 ms
New incumbent 201 at time 218 ms
New incumbent 202 at time 219 ms
New incumbent 203 at time 219 ms
New incumbent 204 at time 219 ms
New incumbent 205 at time 219 ms
New incumbent 206 at time 219 ms
New incumbent 207 at time 219 ms
New incumbent 208 at time 220 ms
New incumbent 209 at time 220 ms
New incumbent 210 at time 220 ms
New incumbent 211 at time 220 ms
New incumbent 212 at time 220 ms
New incumbent 213 at time 220 ms
New incumbent 214 at time 221 ms
New incumbent 215 at time 221 ms
New incumbent 216 at time 221 ms
New incumbent 217 at time 221 ms
New incumbent 218 at time 221 ms
New incumbent 219 at time 221 ms
New incumbent 220 at time 222 ms
New incumbent 221 at time 222 ms
New incumbent 222 at time 222 ms
New incumbent 223 at time 222 ms
New incumbent 224 at time 222 ms
New incumbent 225 at time 222 ms
New incumbent 226 at time 222 ms
New incumbent 227 at time 223 ms
New incumbent 228 at time 223 ms
New incumbent 229 at time 223 ms
New incumbent 230 at time 223 ms
New incumbent 231 at time 223 ms
New incumbent 232 at time 223 ms
New incumbent 233 at time 224 ms
New incumbent 234 at time 224 ms
New incumbent 235 at time 224 ms
New incumbent 236 at time 224 ms
New incumbent 237 at time 224 ms
New incumbent 238 at time 224 ms
New incumbent 239 at time 224 ms
New incumbent 240 at time 225 ms
New incumbent 241 at time 225 ms
New incumbent 242 at time 225 ms
New incumbent 243 at time 225 ms
New incumbent 244 at time 225 ms
New incumbent 245 at time 225 ms
New incumbent 246 at time 225 ms
New incumbent 247 at time 226 ms
New incumbent 248 at time 226 ms
New incumbent 249 at time 226 ms
New incumbent 250 at time 226 ms
New incumbent 251 at time 226 ms
New incumbent 252 at time 226 ms
New incumbent 253 at time 227 ms
New incumbent 254 at time 227 ms
New incumbent 255 at time 227 ms
New incumbent 256 at time 227 ms
New incumbent 257 at time 227 ms
New incumbent 258 at time 227 ms
New incumbent 259 at time 227 ms
New incumbent 260 at time 227 ms
New incumbent 261 at time 228 ms
New incumbent 262 at time 228 ms
New incumbent 263 at time 228 ms
New incumbent 264 at time 228 ms
New incumbent 265 at time 228 ms
New incumbent 266 at time 228 ms
New incumbent 267 at time 228 ms
New incumbent 268 at time 229 ms
New incumbent 269 at time 229 ms
New incumbent 270 at time 229 ms
New incumbent 271 at time 229 ms
New incumbent 272 at time 229 ms
New incumbent 273 at time 229 ms
New incumbent 274 at time 229 ms
New incumbent 275 at time 230 ms
New incumbent 276 at time 230 ms
New incumbent 277 at time 230 ms
New incumbent 278 at time 230 ms
New incumbent 279 at time 230 ms
New incumbent 280 at time 230 ms
New incumbent 281 at time 230 ms
New incumbent 282 at time 230 ms
New incumbent 283 at time 231 ms
New incumbent 284 at time 231 ms
New incumbent 285 at time 231 ms
New incumbent 286 at time 231 ms
New incumbent 287 at time 231 ms
New incumbent 288 at time 231 ms
New incumbent 289 at time 231 ms
New incumbent 290 at time 231 ms
New incumbent 291 at time 232 ms
New incumbent 292 at time 232 ms
New incumbent 293 at time 232 ms
New incumbent 294 at time 232 ms
New incumbent 295 at time 232 ms
New incumbent 296 at time 232 ms
New incumbent 297 at time 232 ms
New incumbent 298 at time 232 ms
New incumbent 299 at time 233 ms
New incumbent 300 at time 233 ms
New incumbent 301 at time 233 ms
New incumbent 302 at time 233 ms
New incumbent 303 at time 233 ms
New incumbent 304 at time 233 ms
New incumbent 305 at time 233 ms
New incumbent 306 at time 233 ms
New incumbent 307 at time 233 ms
New incumbent 308 at time 234 ms
New incumbent 309 at time 234 ms
New incumbent 310 at time 234 ms
New incumbent 311 at time 234 ms
New incumbent 312 at time 234 ms
New incumbent 313 at time 234 ms
New incumbent 314 at time 234 ms
New incumbent 315 at time 234 ms
New incumbent 316 at time 235 ms
New incumbent 317 at time 235 ms
New incumbent 318 at time 235 ms
New incumbent 319 at time 235 ms
New incumbent 320 at time 235 ms
New incumbent 321 at time 235 ms
New incumbent 322 at time 235 ms
New incumbent 323 at time 235 ms
New incumbent 324 at time 235 ms
New incumbent 325 at time 236 ms
New incumbent 326 at time 236 ms
New incumbent 327 at time 236 ms
New incumbent 328 at time 236 ms
New incumbent 329 at time 236 ms
New incumbent 330 at time 236 ms
New incumbent 331 at time 236 ms
New incumbent 332 at time 236 ms
New incumbent 333 at time 236 ms
New incumbent 334 at time 237 ms
New incumbent 335 at time 237 ms
New incumbent 336 at time 237 ms
New incumbent 337 at time 237 ms
New incumbent 338 at time 237 ms
New incumbent 339 at time 237 ms
New incumbent 340 at time 237 ms
New incumbent 341 at time 237 ms
New incumbent 342 at time 237 ms
New incumbent 343 at time 237 ms
New incumbent 344 at time 238 ms
New incumbent 345 at time 238 ms
New incumbent 346 at time 238 ms
New incumbent 347 at time 238 ms
New incumbent 348 at time 238 ms
New incumbent 349 at time 238 ms
New incumbent 350 at time 238 ms
New incumbent 351 at time 238 ms
New incumbent 352 at time 238 ms
New incumbent 353 at time 238 ms
New incumbent 354 at time 239 ms
New incumbent 355 at time 239 ms
New incumbent 356 at time 239 ms
New incumbent 357 at time 239 ms
New incumbent 358 at time 239 ms
New incumbent 359 at time 239 ms
New incumbent 360 at time 239 ms
New incumbent 361 at time 239 ms
New incumbent 362 at time 239 ms
New incumbent 363 at time 239 ms
New incumbent 364 at time 239 ms
New incumbent 365 at time 240 ms
New incumbent 366 at time 240 ms
New incumbent 367 at time 240 ms
New incumbent 368 at time 240 ms
New incumbent 369 at time 240 ms
New incumbent 370 at time 240 ms
New incumbent 371 at time 240 ms
New incumbent 372 at time 240 ms
New incumbent 373 at time 240 ms
New incumbent 374 at time 240 ms
New incumbent 375 at time 240 ms
New incumbent 376 at time 240 ms
New incumbent 377 at time 241 ms
New incumbent 378 at time 241 ms
New incumbent 379 at time 241 ms
New incumbent 380 at time 241 ms
New incumbent 381 at time 241 ms
New incumbent 382 at time 241 ms
New incumbent 383 at time 241 ms
New incumbent 384 at time 241 ms
New incumbent 385 at time 241 ms
New incumbent 386 at time 241 ms
New incumbent 387 at time 241 ms
New incumbent 388 at time 241 ms
New incumbent 389 at time 242 ms
New incumbent 390 at time 242 ms
New incumbent 391 at time 242 ms
New incumbent 392 at time 242 ms
New incumbent 393 at time 242 ms
New incumbent 394 at time 242 ms
New incumbent 395 at time 242 ms
New incumbent 396 at time 242 ms
New incumbent 397 at time 242 ms
New incumbent 398 at time 242 ms
New incumbent 399 at time 242 ms
New incumbent 400 at time 242 ms
New incumbent 401 at time 242 ms
New incumbent 402 at time 243 ms
New incumbent 403 at time 243 ms
New incumbent 404 at time 243 ms
New incumbent 405 at time 243 ms
New incumbent 406 at time 243 ms
New incumbent 407 at time 243 ms
New incumbent 408 at time 243 ms
New incumbent 409 at time 243 ms
New incumbent 410 at time 243 ms
New incumbent 411 at time 243 ms
New incumbent 412 at time 243 ms
New incumbent 413 at time 243 ms
New incumbent 414 at time 243 ms
New incumbent 415 at time 243 ms
New incumbent 416 at time 243 ms
New incumbent 417 at time 244 ms
New incumbent 418 at time 244 ms
New incumbent 419 at time 244 ms
New incumbent 420 at time 244 ms
New incumbent 421 at time 244 ms
New incumbent 422 at time 244 ms
New incumbent 423 at time 244 ms
New incumbent 424 at time 244 ms
New incumbent 425 at time 244 ms
New incumbent 426 at time 244 ms
New incumbent 427 at time 244 ms
New incumbent 428 at time 244 ms
New incumbent 429 at time 244 ms
New incumbent 430 at time 244 ms
New incumbent 431 at time 244 ms
New incumbent 432 at time 244 ms
New incumbent 433 at time 244 ms
New incumbent 434 at time 244 ms
New incumbent 435 at time 245 ms
New incumbent 436 at time 245 ms
New incumbent 437 at time 245 ms
New incumbent 438 at time 245 ms
New incumbent 439 at time 245 ms
New incumbent 440 at time 245 ms
New incumbent 441 at time 245 ms
New incumbent 442 at time 245 ms
New incumbent 443 at time 245 ms
New incumbent 444 at time 245 ms
New incumbent 445 at time 245 ms
New incumbent 446 at time 245 ms
New incumbent 447 at time 245 ms
New incumbent 448 at time 245 ms
New incumbent 449 at time 245 ms
New incumbent 450 at time 245 ms
New incumbent 451 at time 245 ms
New incumbent 452 at time 245 ms
New incumbent 453 at time 245 ms
New incumbent 454 at time 245 ms
New incumbent 455 at time 245 ms
New incumbent 456 at time 246 ms
New incumbent 457 at time 246 ms
New incumbent 458 at time 246 ms
New incumbent 459 at time 246 ms
New incumbent 460 at time 246 ms
New incumbent 461 at time 246 ms
New incumbent 462 at time 246 ms
New incumbent 463 at time 246 ms
New incumbent 464 at time 246 ms
New incumbent 465 at time 246 ms
New incumbent 466 at time 246 ms
New incumbent 467 at time 246 ms
New incumbent 468 at time 246 ms
New incumbent 469 at time 246 ms
New incumbent 470 at time 246 ms
New incumbent 471 at time 246 ms
New incumbent 472 at time 246 ms
New incumbent 473 at time 246 ms
New incumbent 474 at time 246 ms
New incumbent 475 at time 246 ms
New incumbent 476 at time 246 ms
New incumbent 477 at time 246 ms
New incumbent 478 at time 246 ms
New incumbent 479 at time 246 ms
New incumbent 480 at time 246 ms
Solution size 480
(0 -> 0) (1 -> 7) (2 -> 8) (3 -> 50) (4 -> 91) (5 -> 112) (6 -> 141) (7 -> 238) (8 -> 253) (9 -> 277) (10 -> 288) (11 -> 349) (12 -> 381) (13 -> 387) (14 -> 501) (15 -> 512) (16 -> 524) (17 -> 548) (18 -> 570) (19 -> 602) (20 -> 678) (21 -> 770) (22 -> 776) (23 -> 784) (24 -> 10) (25 -> 36) (26 -> 95) (27 -> 163) (28 -> 216) (29 -> 224) (30 -> 264) (31 -> 278) (32 -> 320) (33 -> 365) (34 -> 371) (35 -> 486) (36 -> 494) (37 -> 499) (38 -> 561) (39 -> 564) (40 -> 621) (41 -> 649) (42 -> 710) (43 -> 720) (44 -> 757) (45 -> 6) (46 -> 35) (47 -> 109) (48 -> 119) (49 -> 158) (50 -> 168) (51 -> 251) (52 -> 276) (53 -> 388) (54 -> 397) (55 -> 440) (56 -> 473) (57 -> 509) (58 -> 598) (59 -> 625) (60 -> 668) (61 -> 725) (62 -> 732) (63 -> 742) (64 -> 2) (65 -> 86) (66 -> 96) (67 -> 169) (68 -> 376) (69 -> 448) (70 -> 463) (71 -> 555) (72 -> 608) (73 -> 736) (74 -> 1) (75 -> 498) (76 -> 13) (77 -> 16) (78 -> 60) (79 -> 210) (80 -> 614) (81 -> 654) (82 -> 705) (83 -> 12) (84 -> 239) (85 -> 437) (86 -> 464) (87 -> 624) (88 -> 781) (89 -> 77) (90 -> 117) (91 -> 142) (92 -> 336) (93 -> 455) (94 -> 693) (95 -> 722) (96 -> 176) (97 -> 318) (98 -> 367) (99 -> 390) (100 -> 438) (101 -> 536) (102 -> 684) (103 -> 93) (104 -> 354) (105 -> 540) (106 -> 748) (107 -> 762) (108 -> 67) (109 -> 68) (110 -> 191) (111 -> 258) (112 -> 331) (113 -> 647) (114 -> 692) (115 -> 116) (116 -> 385) (117 -> 451) (118 -> 542) (119 -> 656) (120 -> 25) (121 -> 3) (122 -> 104) (123 -> 82) (124 -> 103) (125 -> 341) (126 -> 401) (127 -> 477) (128 -> 558) (129 -> 590) (130 -> 728) (131 -> 223) (132 -> 352) (133 -> 418) (134 -> 544) (135 -> 663) (136 -> 696) (137 -> 773) (138 -> 52) (139 -> 53) (140 -> 329) (141 -> 342) (142 -> 377) (143 -> 752) (144 -> 782) (145 -> 17) (146 -> 312) (147 -> 357) (148 -> 407) (149 -> 551) (150 -> 688) (151 -> 15) (152 -> 201) (153 -> 247) (154 -> 382) (155 -> 495) (156 -> 525) (157 -> 600) (158 -> 9) (159 -> 85) (160 -> 113) (161 -> 256) (162 -> 280) (163 -> 4) (164 -> 20) (165 -> 83) (166 -> 120) (167 -> 218) (168 -> 372) (169 -> 497) (170 -> 581) (171 -> 46) (172 -> 75) (173 -> 81) (174 -> 194) (175 -> 209) (176 -> 234) (177 -> 338) (178 -> 470) (179 -> 485) (180 -> 515) (181 -> 546) (182 -> 666) (183 -> 676) (184 -> 24) (185 -> 122) (186 -> 180) (187 -> 203) (188 -> 227) (189 -> 274) (190 -> 391) (191 -> 400) (192 -> 439) (193 -> 522) (194 -> 537) (195 -> 567) (196 -> 572) (197 -> 703) (198 -> 708) (199 -> 30) (200 -> 56) (201 -> 189) (202 -> 325) (203 -> 413) (204 -> 644) (205 -> 648) (206 -> 735) (207 -> 466) (208 -> 538) (209 -> 670) (210 -> 14) (211 -> 21) (212 -> 380) (213 -> 443) (214 -> 568) (215 -> 123) (216 -> 179) (217 -> 185) (218 -> 304) (219 -> 582) (220 -> 449) (221 -> 715) (222 -> 788) (223 -> 225) (224 -> 323) (225 -> 681) (226 -> 267) (227 -> 514) (228 -> 763) (229 -> 54) (230 -> 80) (231 -> 441) (232 -> 706) (233 -> 719) (234 -> 730) (235 -> 31) (236 -> 409) (237 -> 685) (238 -> 724) (239 -> 738) (240 -> 511) (241 -> 57) (242 -> 148) (243 -> 174) (244 -> 212) (245 -> 504) (246 -> 682) (247 -> 756) (248 -> 48) (249 -> 184) (250 -> 328) (251 -> 700) (252 -> 750) (253 -> 18) (254 -> 40) (255 -> 405) (256 -> 500) (257 -> 506) (258 -> 398) (259 -> 491) (260 -> 556) (261 -> 792) (262 -> 102) (263 -> 38) (264 -> 172) (265 -> 193) (266 -> 270) (267 -> 424) (268 -> 667) (269 -> 683) (270 -> 252) (271 -> 345) (272 -> 505) (273 -> 606) (274 -> 39) (275 -> 47) (276 -> 144) (277 -> 200) (278 -> 369) (279 -> 420) (280 -> 467) (281 -> 78) (282 -> 138) (283 -> 230) (284 -> 268) (285 -> 290) (286 -> 306) (287 -> 335) (288 -> 469) (289 -> 569) (290 -> 578) (291 -> 609) (292 -> 636) (293 -> 641) (294 -> 698) (295 -> 746) (296 -> 766) (297 -> 65) (298 -> 105) (299 -> 427) (300 -> 475) (301 -> 662) (302 -> 303) (303 -> 479) (304 -> 550) (305 -> 560) (306 -> 665) (307 -> 751) (308 -> 37) (309 -> 42) (310 -> 51) (311 -> 474) (312 -> 618) (313 -> 635) (314 -> 231) (315 -> 368) (316 -> 653) (317 -> 745) (318 -> 64) (319 -> 79) (320 -> 533) (321 -> 106) (322 -> 170) (323 -> 235) (324 -> 468) (325 -> 484) (326 -> 519) (327 -> 543) (328 -> 111) (329 -> 664) (330 -> 133) (331 -> 731) (332 -> 760) (333 -> 159) (334 -> 275) (335 -> 403) (336 -> 446) (337 -> 679) (338 -> 58) (339 -> 84) (340 -> 695) (341 -> 726) (342 -> 161) (343 -> 208) (344 -> 379) (345 -> 386) (346 -> 33) (347 -> 107) (348 -> 146) (349 -> 255) (350 -> 445) (351 -> 396) (352 -> 516) (353 -> 11) (354 -> 553) (355 -> 749) (356 -> 771) (357 -> 796) (358 -> 70) (359 -> 182) (360 -> 694) (361 -> 723) (362 -> 26) (363 -> 45) (364 -> 202) (365 -> 250) (366 -> 297) (367 -> 375) (368 -> 459) (369 -> 674) (370 -> 714) (371 -> 787) (372 -> 63) (373 -> 190) (374 -> 285) (375 -> 332) (376 -> 339) (377 -> 585) (378 -> 610) (379 -> 717) (380 -> 114) (381 -> 128) (382 -> 301) (383 -> 444) (384 -> 97) (385 -> 374) (386 -> 672) (387 -> 761) (388 -> 74) (389 -> 593) (390 -> 599) (391 -> 764) (392 -> 775) (393 -> 66) (394 -> 149) (395 -> 214) (396 -> 226) (397 -> 263) (398 -> 353) (399 -> 383) (400 -> 457) (401 -> 483) (402 -> 576) (403 -> 741) (404 -> 73) (405 -> 90) (406 -> 171) (407 -> 219) (408 -> 359) (409 -> 415) (410 -> 423) (411 -> 632) (412 -> 727) (413 -> 729) (414 -> 791) (415 -> 43) (416 -> 100) (417 -> 166) (418 -> 240) (419 -> 248) (420 -> 351) (421 -> 425) (422 -> 487) (423 -> 488) (424 -> 517) (425 -> 565) (426 -> 72) (427 -> 249) (428 -> 62) (429 -> 29) (430 -> 98) (431 -> 130) (432 -> 188) (433 -> 324) (434 -> 355) (435 -> 490) (436 -> 629) (437 -> 638) (438 -> 691) (439 -> 765) (440 -> 143) (441 -> 580) (442 -> 780) (443 -> 134) (444 -> 282) (445 -> 701) (446 -> 645) (447 -> 89) (448 -> 139) (449 -> 689) (450 -> 220) (451 -> 326) (452 -> 461) (453 -> 160) (454 -> 314) (455 -> 655) (456 -> 744) (457 -> 759) (458 -> 783) (459 -> 334) (460 -> 389) (461 -> 429) (462 -> 508) (463 -> 71) (464 -> 658) (465 -> 711) (466 -> 778) (467 -> 395) (468 -> 313) (469 -> 532) (470 -> 607) (471 -> 27) (472 -> 587) (473 -> 798) (474 -> 233) (475 -> 286) (476 -> 620) (477 -> 651) (478 -> 793) (479 -> 753) 
Peak nogood count:                  0
Final nogood count:                 0
Nodes:                              495
Time of last incumbent update (ms): 246
CPU time (ms):                      274
Summary:
COMPLETED 0 0 495 246 274
