hostname = r2i1n33
commandline = ../glasgow/mpi_solve_subgraph_isomorphism --timeout 1000 --format lad --geometric-restarts=1.0 --restarts-constant=5400 --triggered-restarts --threads 18 ../instances/meshes-CVIU11/patterns/pattern3 ../instances/meshes-CVIU11/targets/target311
started_at = 2018-11-19 17:28:56
pattern_file = ../instances/meshes-CVIU11/patterns/pattern3
target_file = ../instances/meshes-CVIU11/targets/target311
status = true
nodes = 525083
propagations = 1257296
mapping = (0 -> 198) (1 -> 1) (2 -> 1000) (3 -> 965) (4 -> 1001) (5 -> 3301) (6 -> 3250) (7 -> 3249) (8 -> 3196) (9 -> 3247) (10 -> 3246) (11 -> 3297) (12 -> 3296) (13 -> 3343) (14 -> 3294) (15 -> 3243) (16 -> 3190) (17 -> 3137) (18 -> 3136) (19 -> 3135) (20 -> 3188) (21 -> 3187) (22 -> 3240) (23 -> 3239) (24 -> 3290) (25 -> 3339) (26 -> 3340) (27 -> 3399) (28 -> 3400) (29 -> 3401) (30 -> 3402) (31 -> 3449) (32 -> 3404) (33 -> 3403) (34 -> 3344) (35 -> 3345) (36 -> 3298) (37 -> 3347) (38 -> 3346) (39 -> 3341) (40 -> 3342) (41 -> 3293) (42 -> 3292) (43 -> 3241) (44 -> 3242) (45 -> 3189) (46 -> 3398) (47 -> 3397) (48 -> 3396) (49 -> 3338) (50 -> 3337) (51 -> 3336) (52 -> 3335) (53 -> 3284) (54 -> 3283) (55 -> 3334) (56 -> 3445) (57 -> 3492) (58 -> 3493) (59 -> 3494) (60 -> 3495) (61 -> 3450) (62 -> 3539) (63 -> 3496) (64 -> 3244) (65 -> 3191) (66 -> 3138) (67 -> 3139) (68 -> 3192) (69 -> 3245) (70 -> 3194) (71 -> 3086) (72 -> 3087) (73 -> 3088) (74 -> 3089) (75 -> 3090) (76 -> 3141) (77 -> 3085) (78 -> 3031) (79 -> 3032) (80 -> 3033) (81 -> 2991) (82 -> 2990) (83 -> 3248) (84 -> 3299) (85 -> 3195) (86 -> 3350) (87 -> 3409) (88 -> 3410) (89 -> 3408) (90 -> 3455) (91 -> 3456) (92 -> 3457) (93 -> 3458) (94 -> 3459) (95 -> 3412) (96 -> 3413) (97 -> 3460) (98 -> 3529) (99 -> 3528) (100 -> 3573) (101 -> 3574) (102 -> 3619) (103 -> 3354) (104 -> 3353) (105 -> 3304) (106 -> 3303) (107 -> 3352) (108 -> 3351) (109 -> 3302) (110 -> 3533) (111 -> 3532) (112 -> 3531) (113 -> 3576) (114 -> 3575) (115 -> 3577) (116 -> 3622) (117 -> 3621) (118 -> 3666) (119 -> 3665) (120 -> 3664) (121 -> 3534) (122 -> 3407) (123 -> 3814) (124 -> 3813) (125 -> 2747) (126 -> 2748) (127 -> 2749) (128 -> 2729) (129 -> 2730) (130 -> 2731) (131 -> 2732) (132 -> 2746) (133 -> 3382) (134 -> 3387) (135 -> 3392) (136 -> 3439) (137 -> 3438) (138 -> 3391) (139 -> 3388) (140 -> 3381) (141 -> 3380) (142 -> 3331) (143 -> 3280) (144 -> 3279) (145 -> 3278) (146 -> 3225) (147 -> 3224) (148 -> 3389) (149 -> 3390) (150 -> 3377) (151 -> 3436) (152 -> 3483) (153 -> 3506) (154 -> 3507) (155 -> 2137) (156 -> 1992) (157 -> 3838) (158 -> 1392) (159 -> 3416) (160 -> 1725) (161 -> 3490) (162 -> 1731) 
runtime = 4849
h0.t12.stop_reason = aborted
h0.t12.restarts = 2
h0.t12.nogoods_size = 1
h0.t12.nodes = 188
h0.t12.propagations = 188
h0.t16.stop_reason = aborted
h0.t16.restarts = 2
h0.t16.nogoods_size = 1
h0.t16.nodes = 339
h0.t16.propagations = 339
h0.t8.stop_reason = aborted
h0.t8.restarts = 2
h0.t8.nogoods_size = 1
h0.t8.nodes = 522
h0.t8.propagations = 522
h0.t1.stop_reason = aborted
h0.t1.restarts = 2
h0.t1.nogoods_size = 1
h0.t1.nodes = 501
h0.t1.propagations = 501
h0.t15.stop_reason = aborted
h0.t15.restarts = 2
h0.t15.nogoods_size = 1
h0.t15.nodes = 839
h0.t15.propagations = 839
h0.t10.stop_reason = aborted
h0.t10.restarts = 2
h0.t10.nogoods_size = 1
h0.t10.nodes = 317
h0.t10.propagations = 317
h0.t9.stop_reason = aborted
h0.t9.restarts = 2
h0.t9.nogoods_size = 1
h0.t9.nodes = 578
h0.t9.propagations = 578
h0.t2.stop_reason = aborted
h0.t2.restarts = 2
h0.t2.nogoods_size = 1
h0.t2.nodes = 1069
h0.t2.propagations = 1069
h0.t11.stop_reason = aborted
h0.t11.restarts = 2
h0.t11.nogoods_size = 1
h0.t11.nodes = 835
h0.t11.propagations = 835
h0.t4.stop_reason = aborted
h0.t4.restarts = 2
h0.t4.nogoods_size = 1
h0.t4.nodes = 421
h0.t4.propagations = 421
h0.t13.where = -1/-1 0/35 -1/-1 0/20 -1/-1 0/2 -1/-1 -1/-1 -1/-1 -1/-1 -1/-1 -1/-1 0/3491 -1/-1 0/4 -1/-1 0/2 -1/-1 0/2 -1/-1 -1/-1 -1/-1 0/3 -1/-1 0/2 -1/-1 -1/-1 0/2 -1/-1 0/2 -1/-1 0/2 -1/-1 0/2 -1/-1 0/3 -1/-1 0/2 -1/-1 0/2 -1/-1 0/3 -1/-1 0/2 -1/-1 0/2 -1/-1 0/3 -1/-1 0/3 -1/-1 0/3 -1/-1 0/2 -1/-1 1/3 -1/-1 0/2 -1/-1 -1/-1 -1/-1 -1/-1 -1/-1 -1/-1 0/2 -1/-1 -1/-1 0/2 -1/-1 0/2 -1/-1 0/2 -1/-1 0/2 -1/-1 0/2 -1/-1 0/2 -1/-1 0/2 -1/-1 0/3 -1/-1 -1/-1 0/2 -1/-1 0/3 -1/-1 0/2 -1/-1 0/3 -1/-1 0/3 -1/-1 0/3 -1/-1 0/2 -1/-1 0/2 -1/-1 -1/-1 -1/-1 0/2 -1/-1 0/2 -1/-1 0/2 -1/-1 -1/-1 -1/-1 0/2 -1/-1 -1/-1 0/3 -1/-1 0/3 -1/-1 0/3 -1/-1 0/3 -1/-1 0/3 -1/-1 0/2 -1/-1 0/3 -1/-1 0/3 -1/-1 0/3 -1/-1 0/3 -1/-1 0/2 -1/-1 0/2 -1/-1 0/2 -1/-1 0/3 -1/-1 0/2 -1/-1 0/2 -1/-1 0/2 -1/-1 0/3 -1/-1 0/3 -1/-1 0/3 -1/-1 0/3 -1/-1 0/3 -1/-1 0/3 -1/-1 0/3 -1/-1 0/2 -1/-1 1/3 -1/-1 0/2 -1/-1 0/3 -1/-1 0/2 -1/-1 -1/-1 0/2 -1/-1 0/2 -1/-1 0/2 -1/-1 0/2 -1/-1 0/2 -1/-1 -1/-1 0/2 -1/-1 0/2 -1/-1 0/2 -1/-1 0/3 -1/-1 0/3 -1/-1 0/3 -1/-1 0/2 -1/-1 0/2 -1/-1 0/3 -1/-1 0/3 -1/-1 0/3 -1/-1 -1/-1 0/3 -1/-1 0/2 -1/-1 0/3 -1/-1 0/3 -1/-1 0/2 -1/-1 -1/-1 0/3 -1/-1 0/2 -1/-1 0/3 -1/-1 0/3 -1/-1 0/3 -1/-1 0/3 -1/-1 0/3607 -1/-1 0/4 -1/-1 0/3 -1/-1 0/3 -1/-1 0/3 -1/-1 0/2 -1/-1 0/2 -1/-1 -1/-1 0/2 -1/-1 0/2 -1/-1 0/2 -1/-1 0/2 -1/-1 0/2 -1/-1 0/3 -1/-1 0/3 -1/-1 0/3 -1/-1 0/3 -1/-1 0/3 -1/-1 0/3 -1/-1 0/3 -1/-1 0/3 -1/-1 0/3 -1/-1 0/3845 -1/-1 0/4 -1/-1 0/3 -1/-1 0/3895 -1/-1 0/4 -1/-1 0/3894 -1/-1 0/3893 -1/-1 0/3892 -1/-1 0/3891 -1/-1 0/3890 -1/-1 0/3889 -1/-1 0/3888 -1/-1 0/3887 -1/-1 0/3886 -1/-1
h0.t13.stop_reason = satisfiable
h0.t13.restarts = 2
h0.t13.nogoods_size = 1
h0.t13.nodes = 140
h0.t13.propagations = 140
h0.t0.stop_reason = aborted
h0.t0.restarts = 2
h0.t0.nogoods_size = 1
h0.t0.nodes = 236
h0.t0.propagations = 236
h0.t6.stop_reason = aborted
h0.t6.restarts = 2
h0.t6.nogoods_size = 1
h0.t6.nodes = 369
h0.t6.propagations = 369
h0.t3.stop_reason = aborted
h0.t3.restarts = 2
h0.t3.nogoods_size = 1
h0.t3.nodes = 478
h0.t3.propagations = 478
h0.t7.stop_reason = aborted
h0.t7.restarts = 2
h0.t7.nogoods_size = 1
h0.t7.nodes = 400
h0.t7.propagations = 400
h0.t14.stop_reason = aborted
h0.t14.restarts = 2
h0.t14.nogoods_size = 1
h0.t14.nodes = 613
h0.t14.propagations = 613
h0.t17.stop_reason = aborted
h0.t17.restarts = 2
h0.t17.nogoods_size = 1
h0.t17.nodes = 120
h0.t17.propagations = 120
h0.t5.stop_reason = aborted
h0.t5.restarts = 2
h0.t5.nogoods_size = 1
h0.t5.nodes = 1005
h0.t5.propagations = 1005
h0.search_time = 1831
h0.nodes = 8970
h0.propagations = 21036
h1.t2.stop_reason = aborted
h1.t2.restarts = 2
h1.t2.nogoods_size = 1
h1.t2.nodes = 802
h1.t2.propagations = 802
h1.t14.stop_reason = aborted
h1.t14.restarts = 2
h1.t14.nogoods_size = 1
h1.t14.nodes = 1307
h1.t14.propagations = 1307
h1.t9.stop_reason = aborted
h1.t9.restarts = 2
h1.t9.nogoods_size = 1
h1.t9.nodes = 2136
h1.t9.propagations = 2136
h1.t6.stop_reason = aborted
h1.t6.restarts = 2
h1.t6.nogoods_size = 1
h1.t6.nodes = 1957
h1.t6.propagations = 1957
h1.t12.stop_reason = aborted
h1.t12.restarts = 2
h1.t12.nogoods_size = 1
h1.t12.nodes = 1905
h1.t12.propagations = 1905
h1.t8.stop_reason = aborted
h1.t8.restarts = 2
h1.t8.nogoods_size = 1
h1.t8.nodes = 1715
h1.t8.propagations = 1715
h1.t3.stop_reason = aborted
h1.t3.restarts = 2
h1.t3.nogoods_size = 1
h1.t3.nodes = 2561
h1.t3.propagations = 2561
h1.t5.stop_reason = aborted
h1.t5.restarts = 2
h1.t5.nogoods_size = 1
h1.t5.nodes = 2070
h1.t5.propagations = 2070
h1.t10.stop_reason = aborted
h1.t10.restarts = 2
h1.t10.nogoods_size = 1
h1.t10.nodes = 1454
h1.t10.propagations = 1454
h1.t7.stop_reason = aborted
h1.t7.restarts = 2
h1.t7.nogoods_size = 1
h1.t7.nodes = 1666
h1.t7.propagations = 1666
h1.t0.stop_reason = aborted
h1.t0.restarts = 2
h1.t0.nogoods_size = 1
h1.t0.nodes = 968
h1.t0.propagations = 968
h1.t1.where = -1/-1 0/35 -1/-1 0/20 -1/-1 0/2 -1/-1 -1/-1 -1/-1 -1/-1 -1/-1 -1/-1 0/3491 -1/-1 0/4 -1/-1 0/2 -1/-1 0/2 -1/-1 -1/-1 -1/-1 0/3 -1/-1 0/2 -1/-1 -1/-1 0/2 -1/-1 0/2 -1/-1 0/2 -1/-1 0/2 -1/-1 0/2 -1/-1 -1/-1 -1/-1 0/2 -1/-1 0/2 -1/-1 0/2 -1/-1 0/2 -1/-1 -1/-1 0/2 -1/-1 -1/-1 -1/-1 -1/-1 -1/-1 -1/-1 0/2 -1/-1 -1/-1 0/2 -1/-1 0/2 -1/-1 0/2 -1/-1 0/2 -1/-1 0/2 -1/-1 0/2 -1/-1 0/2 -1/-1 0/2 -1/-1 0/2 -1/-1 -1/-1 0/2 -1/-1 -1/-1 -1/-1 1/2 -1/-1 0/2 -1/-1 0/2 -1/-1 -1/-1 0/2 -1/-1 0/2 -1/-1 0/2 -1/-1 -1/-1 -1/-1 0/2 -1/-1 0/2 -1/-1 0/2 -1/-1 0/2 -1/-1 0/2 -1/-1 -1/-1 0/2 -1/-1 0/2 -1/-1 0/2 -1/-1 -1/-1 -1/-1 0/2 -1/-1 0/2 -1/-1 0/2 -1/-1 0/2 -1/-1 0/2 -1/-1 0/3 -1/-1 0/2 -1/-1 0/3 -1/-1 0/3 -1/-1 0/3 -1/-1 0/2 -1/-1 0/3 -1/-1 0/3 -1/-1 1/2 -1/-1 2/3 -1/-1 0/2 -1/-1 0/2 -1/-1 -1/-1 0/2 -1/-1 0/3 -1/-1 -1/-1 0/3 -1/-1 -1/-1 -1/-1 -1/-1 0/3 -1/-1 0/2 -1/-1 0/2 -1/-1 0/2 -1/-1 0/3 -1/-1 -1/-1 0/2 -1/-1 0/2 -1/-1 0/3 -1/-1 0/3 -1/-1 0/3 -1/-1 0/3 -1/-1 0/3 -1/-1 0/2 -1/-1 0/2 -1/-1 -1/-1 -1/-1 -1/-1 -1/-1 0/2 -1/-1 0/3 -1/-1 0/2 -1/-1 0/2 -1/-1 0/2 -1/-1 0/3 -1/-1 0/3 -1/-1 0/2 -1/-1 0/3 -1/-1 0/3 -1/-1 0/3 -1/-1 0/2 -1/-1 0/3610 -1/-1 0/4 -1/-1 0/3 -1/-1 0/3 -1/-1 0/3 -1/-1 0/3 -1/-1 0/3 -1/-1 0/19 -1/-1 0/3 -1/-1 0/3 -1/-1 0/3 -1/-1 0/3 -1/-1 0/2 -1/-1 0/2 -1/-1 0/2 -1/-1 0/14 -1/-1 0/3 -1/-1 0/3 -1/-1 0/3 -1/-1 0/3 -1/-1 0/3 -1/-1 0/3 -1/-1 0/3849 -1/-1 0/4 -1/-1 0/3 -1/-1 0/3899 -1/-1 0/4 -1/-1 0/3898 -1/-1 0/3897 -1/-1 0/3896 -1/-1 0/3895 -1/-1 0/3894 -1/-1 0/3893 -1/-1 0/3892 -1/-1 0/3891 -1/-1 0/3890 -1/-1
h1.t1.stop_reason = satisfiable
h1.t1.restarts = 2
h1.t1.nogoods_size = 1
h1.t1.nodes = 1435
h1.t1.propagations = 1435
h1.t4.stop_reason = aborted
h1.t4.restarts = 2
h1.t4.nogoods_size = 1
h1.t4.nodes = 2646
h1.t4.propagations = 2646
h1.t16.stop_reason = aborted
h1.t16.restarts = 2
h1.t16.nogoods_size = 1
h1.t16.nodes = 2392
h1.t16.propagations = 2392
h1.t11.stop_reason = aborted
h1.t11.restarts = 2
h1.t11.nogoods_size = 1
h1.t11.nodes = 2016
h1.t11.propagations = 2016
h1.t15.stop_reason = aborted
h1.t15.restarts = 2
h1.t15.nogoods_size = 1
h1.t15.nodes = 2364
h1.t15.propagations = 2364
h1.t17.stop_reason = aborted
h1.t17.restarts = 2
h1.t17.nogoods_size = 1
h1.t17.nodes = 430
h1.t17.propagations = 430
h1.t13.stop_reason = aborted
h1.t13.restarts = 2
h1.t13.nogoods_size = 1
h1.t13.nodes = 1901
h1.t13.propagations = 1901
h1.search_time = 1859
h1.nodes = 31725
h1.propagations = 77845
h2.t15.stop_reason = aborted
h2.t15.restarts = 2
h2.t15.nogoods_size = 1
h2.t15.nodes = 440
h2.t15.propagations = 440
h2.t6.stop_reason = aborted
h2.t6.restarts = 2
h2.t6.nogoods_size = 1
h2.t6.nodes = 381
h2.t6.propagations = 381
h2.t8.stop_reason = aborted
h2.t8.restarts = 2
h2.t8.nogoods_size = 1
h2.t8.nodes = 535
h2.t8.propagations = 535
h2.t12.stop_reason = aborted
h2.t12.restarts = 2
h2.t12.nogoods_size = 1
h2.t12.nodes = 1179
h2.t12.propagations = 1179
h2.t14.stop_reason = aborted
h2.t14.restarts = 2
h2.t14.nogoods_size = 1
h2.t14.nodes = 1279
h2.t14.propagations = 1279
h2.t10.stop_reason = aborted
h2.t10.restarts = 2
h2.t10.nogoods_size = 1
h2.t10.nodes = 1068
h2.t10.propagations = 1068
h2.t9.stop_reason = aborted
h2.t9.restarts = 2
h2.t9.nogoods_size = 1
h2.t9.nodes = 715
h2.t9.propagations = 715
h2.t1.stop_reason = aborted
h2.t1.restarts = 2
h2.t1.nogoods_size = 1
h2.t1.nodes = 603
h2.t1.propagations = 603
h2.t16.stop_reason = aborted
h2.t16.restarts = 2
h2.t16.nogoods_size = 1
h2.t16.nodes = 881
h2.t16.propagations = 881
h2.t5.stop_reason = aborted
h2.t5.restarts = 2
h2.t5.nogoods_size = 1
h2.t5.nodes = 993
h2.t5.propagations = 993
h2.t2.stop_reason = aborted
h2.t2.restarts = 2
h2.t2.nogoods_size = 1
h2.t2.nodes = 1153
h2.t2.propagations = 1153
h2.t11.stop_reason = aborted
h2.t11.restarts = 2
h2.t11.nogoods_size = 1
h2.t11.nodes = 725
h2.t11.propagations = 725
h2.t0.stop_reason = aborted
h2.t0.restarts = 2
h2.t0.nogoods_size = 1
h2.t0.nodes = 479
h2.t0.propagations = 479
h2.t13.stop_reason = aborted
h2.t13.restarts = 2
h2.t13.nogoods_size = 1
h2.t13.nodes = 1001
h2.t13.propagations = 1001
h2.t17.stop_reason = aborted
h2.t17.restarts = 2
h2.t17.nogoods_size = 1
h2.t17.nodes = 171
h2.t17.propagations = 171
h2.t3.stop_reason = aborted
h2.t3.restarts = 2
h2.t3.nogoods_size = 1
h2.t3.nodes = 1063
h2.t3.propagations = 1063
h2.t7.stop_reason = aborted
h2.t7.restarts = 2
h2.t7.nogoods_size = 1
h2.t7.nodes = 747
h2.t7.propagations = 747
h2.t4.where = -1/-1 0/35 -1/-1 0/20 -1/-1 0/2 -1/-1 -1/-1 -1/-1 -1/-1 -1/-1 -1/-1 0/3491 -1/-1 0/4 -1/-1 0/2 -1/-1 0/2 -1/-1 -1/-1 -1/-1 0/3 -1/-1 0/2 -1/-1 -1/-1 0/2 -1/-1 0/2 -1/-1 0/2 -1/-1 0/2 -1/-1 0/2 -1/-1 0/2 -1/-1 -1/-1 0/3 -1/-1 0/2 -1/-1 0/3 -1/-1 0/3 -1/-1 0/2 -1/-1 0/3 -1/-1 0/2 -1/-1 -1/-1 -1/-1 -1/-1 -1/-1 0/2 -1/-1 -1/-1 0/2 -1/-1 -1/-1 0/2 -1/-1 0/2 -1/-1 0/2 -1/-1 0/3 -1/-1 0/2 -1/-1 -1/-1 0/2 -1/-1 -1/-1 0/2 -1/-1 0/2 -1/-1 0/2 -1/-1 0/2 -1/-1 2/3 -1/-1 1/3 -1/-1 0/3 -1/-1 1/3 -1/-1 0/2 -1/-1 -1/-1 -1/-1 -1/-1 -1/-1 0/2 -1/-1 0/2 -1/-1 0/3 -1/-1 0/2 -1/-1 0/2 -1/-1 -1/-1 0/2 -1/-1 0/2 -1/-1 0/3 -1/-1 0/3 -1/-1 0/3 -1/-1 0/2 -1/-1 -1/-1 0/2 -1/-1 -1/-1 -1/-1 -1/-1 0/2 -1/-1 -1/-1 0/2 -1/-1 0/3 -1/-1 0/2 -1/-1 0/2 -1/-1 0/3 -1/-1 0/2 -1/-1 0/3 -1/-1 0/3 -1/-1 0/2 -1/-1 0/2 -1/-1 0/3 -1/-1 0/2 -1/-1 0/3 -1/-1 0/2 -1/-1 -1/-1 0/2 -1/-1 0/2 -1/-1 -1/-1 0/3 -1/-1 0/2 -1/-1 0/2 -1/-1 0/2 -1/-1 0/2 -1/-1 0/2 -1/-1 0/2 -1/-1 0/2 -1/-1 -1/-1 0/2 -1/-1 -1/-1 0/2 -1/-1 0/2 -1/-1 -1/-1 -1/-1 -1/-1 0/2 -1/-1 0/2 -1/-1 0/2 -1/-1 0/2 -1/-1 0/3 -1/-1 -1/-1 0/2 -1/-1 0/3 -1/-1 0/3 -1/-1 0/3 -1/-1 0/3 -1/-1 -1/-1 0/3 -1/-1 0/3607 -1/-1 0/4 -1/-1 0/3 -1/-1 0/2 -1/-1 0/2 -1/-1 0/2 -1/-1 0/3 -1/-1 0/2 -1/-1 0/2 -1/-1 0/2 -1/-1 0/2 -1/-1 0/2 -1/-1 0/2 -1/-1 0/2 -1/-1 0/2 -1/-1 0/2 -1/-1 0/2 -1/-1 0/2 -1/-1 0/2 -1/-1 -1/-1 0/2 -1/-1 0/3 -1/-1 0/3845 -1/-1 0/4 -1/-1 0/3 -1/-1 0/3895 -1/-1 0/2 -1/-1 0/3894 -1/-1 0/3893 -1/-1 0/3892 -1/-1 0/3891 -1/-1 0/3890 -1/-1 0/3889 -1/-1 0/3888 -1/-1 0/3887 -1/-1 0/3886 -1/-1
h2.t4.stop_reason = satisfiable
h2.t4.restarts = 2
h2.t4.nogoods_size = 1
h2.t4.nodes = 156
h2.t4.propagations = 156
h2.search_time = 1864
h2.nodes = 13569
h2.propagations = 31661
h3.t6.stop_reason = aborted
h3.t6.restarts = 2
h3.t6.nogoods_size = 1
h3.t6.nodes = 518
h3.t6.propagations = 518
h3.t0.stop_reason = aborted
h3.t0.restarts = 2
h3.t0.nogoods_size = 1
h3.t0.nodes = 434
h3.t0.propagations = 434
h3.t5.stop_reason = aborted
h3.t5.restarts = 2
h3.t5.nogoods_size = 1
h3.t5.nodes = 650
h3.t5.propagations = 650
h3.t7.stop_reason = aborted
h3.t7.restarts = 2
h3.t7.nogoods_size = 1
h3.t7.nodes = 394
h3.t7.propagations = 394
h3.t12.stop_reason = aborted
h3.t12.restarts = 2
h3.t12.nogoods_size = 1
h3.t12.nodes = 565
h3.t12.propagations = 565
h3.t8.stop_reason = aborted
h3.t8.restarts = 2
h3.t8.nogoods_size = 1
h3.t8.nodes = 764
h3.t8.propagations = 764
h3.t11.where = -1/-1 0/35 -1/-1 0/20 -1/-1 0/2 -1/-1 -1/-1 -1/-1 -1/-1 -1/-1 -1/-1 0/3491 -1/-1 0/4 -1/-1 0/2 -1/-1 0/2 -1/-1 -1/-1 0/2 -1/-1 0/3 -1/-1 0/2 -1/-1 0/2 -1/-1 0/2 -1/-1 -1/-1 0/2 -1/-1 0/2 -1/-1 0/2 -1/-1 0/3 -1/-1 0/2 -1/-1 0/3 -1/-1 0/3 -1/-1 0/3 -1/-1 0/3 -1/-1 0/2 -1/-1 0/3 -1/-1 0/2 -1/-1 -1/-1 -1/-1 -1/-1 0/2 -1/-1 0/2 -1/-1 0/2 -1/-1 0/2 -1/-1 0/2 -1/-1 -1/-1 0/2 -1/-1 -1/-1 0/2 -1/-1 -1/-1 0/2 -1/-1 0/2 -1/-1 0/2 -1/-1 0/3 -1/-1 -1/-1 0/2 -1/-1 0/2 -1/-1 0/2 -1/-1 0/2 -1/-1 2/3 -1/-1 -1/-1 0/2 -1/-1 -1/-1 -1/-1 -1/-1 -1/-1 -1/-1 1/2 -1/-1 0/2 -1/-1 0/2 -1/-1 -1/-1 -1/-1 0/2 -1/-1 0/2 -1/-1 0/2 -1/-1 0/2 -1/-1 -1/-1 -1/-1 -1/-1 0/2 -1/-1 0/2 -1/-1 0/2 -1/-1 0/2 -1/-1 0/3 -1/-1 0/2 -1/-1 -1/-1 0/3 -1/-1 0/2 -1/-1 0/3 -1/-1 0/2 -1/-1 0/2 -1/-1 0/3 -1/-1 0/3 -1/-1 -1/-1 0/3 -1/-1 0/2 -1/-1 0/2 -1/-1 -1/-1 0/2 -1/-1 0/3 -1/-1 0/2 -1/-1 0/3 -1/-1 0/2 -1/-1 0/3 -1/-1 0/2 -1/-1 -1/-1 -1/-1 -1/-1 -1/-1 0/2 -1/-1 0/2 -1/-1 -1/-1 0/2 -1/-1 0/2 -1/-1 0/2 -1/-1 0/2 -1/-1 0/2 -1/-1 0/2 -1/-1 -1/-1 -1/-1 -1/-1 0/2 -1/-1 0/2 -1/-1 0/2 -1/-1 0/2 -1/-1 0/3 -1/-1 0/3 -1/-1 0/3 -1/-1 0/2 -1/-1 0/2 -1/-1 0/3 -1/-1 0/3 -1/-1 0/3607 -1/-1 0/3 -1/-1 0/2 -1/-1 0/2 -1/-1 0/2 -1/-1 0/2 -1/-1 0/3 -1/-1 0/3 -1/-1 0/2 -1/-1 0/3 -1/-1 0/3 -1/-1 0/3 -1/-1 0/3 -1/-1 -1/-1 -1/-1 0/2 -1/-1 0/3 -1/-1 0/2 -1/-1 0/2 -1/-1 0/3 -1/-1 0/3 -1/-1 0/3 -1/-1 0/3845 -1/-1 0/4 -1/-1 0/3 -1/-1 0/3895 -1/-1 0/4 -1/-1 0/3894 -1/-1 0/3893 -1/-1 0/3892 -1/-1 0/3891 -1/-1 0/3890 -1/-1 0/3889 -1/-1 0/3888 -1/-1 0/3887 -1/-1 0/3886 -1/-1
h3.t11.stop_reason = satisfiable
h3.t11.restarts = 2
h3.t11.nogoods_size = 1
h3.t11.nodes = 158
h3.t11.propagations = 158
h3.t3.stop_reason = aborted
h3.t3.restarts = 2
h3.t3.nogoods_size = 1
h3.t3.nodes = 1188
h3.t3.propagations = 1188
h3.t2.stop_reason = aborted
h3.t2.restarts = 2
h3.t2.nogoods_size = 1
h3.t2.nodes = 603
h3.t2.propagations = 603
h3.t14.stop_reason = aborted
h3.t14.restarts = 2
h3.t14.nogoods_size = 1
h3.t14.nodes = 1070
h3.t14.propagations = 1070
h3.t4.stop_reason = aborted
h3.t4.restarts = 2
h3.t4.nogoods_size = 1
h3.t4.nodes = 821
h3.t4.propagations = 821
h3.t1.stop_reason = aborted
h3.t1.restarts = 2
h3.t1.nogoods_size = 1
h3.t1.nodes = 1149
h3.t1.propagations = 1149
h3.t13.stop_reason = aborted
h3.t13.restarts = 2
h3.t13.nogoods_size = 1
h3.t13.nodes = 797
h3.t13.propagations = 797
h3.t9.stop_reason = aborted
h3.t9.restarts = 2
h3.t9.nogoods_size = 1
h3.t9.nodes = 621
h3.t9.propagations = 621
h3.t17.stop_reason = aborted
h3.t17.restarts = 2
h3.t17.nogoods_size = 1
h3.t17.nodes = 324
h3.t17.propagations = 324
h3.t15.stop_reason = aborted
h3.t15.restarts = 2
h3.t15.nogoods_size = 1
h3.t15.nodes = 756
h3.t15.propagations = 756
h3.t16.stop_reason = aborted
h3.t16.restarts = 2
h3.t16.nogoods_size = 1
h3.t16.nodes = 1068
h3.t16.propagations = 1068
h3.t10.stop_reason = aborted
h3.t10.restarts = 2
h3.t10.nogoods_size = 1
h3.t10.nodes = 927
h3.t10.propagations = 927
h3.search_time = 1880
h3.nodes = 12807
h3.propagations = 29578
h4.t3.where = -1/-1 0/35 -1/-1 0/20 -1/-1 0/2 -1/-1 -1/-1 -1/-1 -1/-1 -1/-1 -1/-1 0/3491 -1/-1 0/4 -1/-1 0/2 -1/-1 0/2 -1/-1 -1/-1 0/2 -1/-1 0/3 -1/-1 0/2 -1/-1 0/2 -1/-1 0/2 -1/-1 -1/-1 0/2 -1/-1 0/3 -1/-1 0/2 -1/-1 0/2 -1/-1 0/2 -1/-1 0/3 -1/-1 0/2 -1/-1 0/3 -1/-1 0/3 -1/-1 0/2 -1/-1 0/3 -1/-1 0/2 -1/-1 -1/-1 -1/-1 -1/-1 -1/-1 1/2 -1/-1 -1/-1 0/2 -1/-1 -1/-1 -1/-1 -1/-1 -1/-1 1/2 -1/-1 1/2 -1/-1 -1/-1 -1/-1 -1/-1 -1/-1 -1/-1 -1/-1 -1/-1 -1/-1 -1/-1 -1/-1 -1/-1 0/2 -1/-1 -1/-1 0/2 -1/-1 -1/-1 -1/-1 0/2 -1/-1 -1/-1 0/2 -1/-1 0/2 -1/-1 0/2 -1/-1 0/2 -1/-1 0/2 -1/-1 -1/-1 0/2 -1/-1 -1/-1 0/2 -1/-1 0/3 -1/-1 0/3 -1/-1 0/3 -1/-1 0/2 -1/-1 -1/-1 -1/-1 -1/-1 0/3 -1/-1 0/3 -1/-1 0/3 -1/-1 0/3 -1/-1 0/3 -1/-1 0/3 -1/-1 0/3 -1/-1 0/2 -1/-1 0/3 -1/-1 0/2 -1/-1 -1/-1 0/2 -1/-1 0/3 -1/-1 0/2 -1/-1 -1/-1 0/2 -1/-1 0/3 -1/-1 0/2 -1/-1 0/2 -1/-1 0/2 -1/-1 0/2 -1/-1 -1/-1 0/3 -1/-1 0/2 -1/-1 -1/-1 0/2 -1/-1 0/3 -1/-1 0/3 -1/-1 0/3 -1/-1 -1/-1 0/2 -1/-1 0/2 -1/-1 -1/-1 0/2 -1/-1 -1/-1 0/2 -1/-1 0/2 -1/-1 0/3 -1/-1 0/3 -1/-1 0/2 -1/-1 0/3 -1/-1 0/3 -1/-1 -1/-1 0/3 -1/-1 0/7 -1/-1 -1/-1 0/3 -1/-1 0/2 -1/-1 0/3613 -1/-1 0/3 -1/-1 0/2 -1/-1 0/2 -1/-1 0/3 -1/-1 0/2 -1/-1 0/2 -1/-1 -1/-1 -1/-1 -1/-1 -1/-1 -1/-1 -1/-1 -1/-1 0/2 -1/-1 0/2 -1/-1 -1/-1 0/2 -1/-1 -1/-1 0/2 -1/-1 0/2 -1/-1 0/2 -1/-1 0/3846 -1/-1 0/4 -1/-1 0/3 -1/-1 0/3896 -1/-1 0/4 -1/-1 0/3895 -1/-1 0/3894 -1/-1 0/3893 -1/-1 0/3892 -1/-1 0/3891 -1/-1 0/3890 -1/-1 0/3889 -1/-1 0/3888 -1/-1 0/3887 -1/-1
h4.t3.stop_reason = satisfiable
h4.t3.restarts = 2
h4.t3.nogoods_size = 1
h4.t3.nodes = 271
h4.t3.propagations = 271
h4.t4.stop_reason = aborted
h4.t4.restarts = 2
h4.t4.nogoods_size = 1
h4.t4.nodes = 1378
h4.t4.propagations = 1378
h4.t0.stop_reason = aborted
h4.t0.restarts = 2
h4.t0.nogoods_size = 1
h4.t0.nodes = 473
h4.t0.propagations = 473
h4.t11.stop_reason = aborted
h4.t11.restarts = 2
h4.t11.nogoods_size = 1
h4.t11.nodes = 1464
h4.t11.propagations = 1464
h4.t6.stop_reason = aborted
h4.t6.restarts = 2
h4.t6.nogoods_size = 1
h4.t6.nodes = 538
h4.t6.propagations = 538
h4.t13.stop_reason = aborted
h4.t13.restarts = 2
h4.t13.nogoods_size = 1
h4.t13.nodes = 1569
h4.t13.propagations = 1569
h4.t9.stop_reason = aborted
h4.t9.restarts = 2
h4.t9.nogoods_size = 1
h4.t9.nodes = 1308
h4.t9.propagations = 1308
h4.t10.stop_reason = aborted
h4.t10.restarts = 2
h4.t10.nogoods_size = 1
h4.t10.nodes = 1134
h4.t10.propagations = 1134
h4.t5.stop_reason = aborted
h4.t5.restarts = 2
h4.t5.nogoods_size = 1
h4.t5.nodes = 1275
h4.t5.propagations = 1275
h4.t8.stop_reason = aborted
h4.t8.restarts = 2
h4.t8.nogoods_size = 1
h4.t8.nodes = 1042
h4.t8.propagations = 1042
h4.t14.stop_reason = aborted
h4.t14.restarts = 2
h4.t14.nogoods_size = 1
h4.t14.nodes = 737
h4.t14.propagations = 737
h4.t12.stop_reason = aborted
h4.t12.restarts = 2
h4.t12.nogoods_size = 1
h4.t12.nodes = 513
h4.t12.propagations = 513
h4.t17.stop_reason = aborted
h4.t17.restarts = 2
h4.t17.nogoods_size = 1
h4.t17.nodes = 467
h4.t17.propagations = 467
h4.t2.stop_reason = aborted
h4.t2.restarts = 2
h4.t2.nogoods_size = 1
h4.t2.nodes = 845
h4.t2.propagations = 845
h4.t1.stop_reason = aborted
h4.t1.restarts = 2
h4.t1.nogoods_size = 1
h4.t1.nodes = 1069
h4.t1.propagations = 1069
h4.t15.stop_reason = aborted
h4.t15.restarts = 2
h4.t15.nogoods_size = 1
h4.t15.nodes = 1752
h4.t15.propagations = 1752
h4.t7.stop_reason = aborted
h4.t7.restarts = 2
h4.t7.nogoods_size = 1
h4.t7.nodes = 726
h4.t7.propagations = 726
h4.t16.stop_reason = aborted
h4.t16.restarts = 2
h4.t16.nogoods_size = 1
h4.t16.nodes = 704
h4.t16.propagations = 704
h4.search_time = 1848
h4.nodes = 17265
h4.propagations = 41059
h5.t12.stop_reason = aborted
h5.t12.restarts = 2
h5.t12.nogoods_size = 1
h5.t12.nodes = 286
h5.t12.propagations = 286
h5.t17.stop_reason = aborted
h5.t17.restarts = 2
h5.t17.nogoods_size = 1
h5.t17.nodes = 231
h5.t17.propagations = 231
h5.t1.stop_reason = aborted
h5.t1.restarts = 2
h5.t1.nogoods_size = 1
h5.t1.nodes = 401
h5.t1.propagations = 401
h5.t9.stop_reason = aborted
h5.t9.restarts = 2
h5.t9.nogoods_size = 1
h5.t9.nodes = 505
h5.t9.propagations = 505
h5.t3.stop_reason = aborted
h5.t3.restarts = 2
h5.t3.nogoods_size = 1
h5.t3.nodes = 517
h5.t3.propagations = 517
h5.t14.stop_reason = aborted
h5.t14.restarts = 2
h5.t14.nogoods_size = 1
h5.t14.nodes = 795
h5.t14.propagations = 795
h5.t10.stop_reason = aborted
h5.t10.restarts = 2
h5.t10.nogoods_size = 1
h5.t10.nodes = 834
h5.t10.propagations = 834
h5.t2.stop_reason = aborted
h5.t2.restarts = 2
h5.t2.nogoods_size = 1
h5.t2.nodes = 907
h5.t2.propagations = 907
h5.t5.stop_reason = aborted
h5.t5.restarts = 2
h5.t5.nogoods_size = 1
h5.t5.nodes = 698
h5.t5.propagations = 698
h5.t8.stop_reason = aborted
h5.t8.restarts = 2
h5.t8.nogoods_size = 1
h5.t8.nodes = 902
h5.t8.propagations = 902
h5.t6.where = -1/-1 0/35 -1/-1 0/11 -1/-1 0/2 -1/-1 -1/-1 -1/-1 -1/-1 0/2 -1/-1 -1/-1 0/3491 -1/-1 0/4 -1/-1 0/2 -1/-1 0/2 -1/-1 -1/-1 -1/-1 0/3 -1/-1 0/2 -1/-1 0/2 -1/-1 0/2 -1/-1 -1/-1 0/2 -1/-1 0/3 -1/-1 -1/-1 0/2 -1/-1 0/2 -1/-1 0/2 -1/-1 0/2 -1/-1 0/2 -1/-1 0/3 -1/-1 0/3 -1/-1 0/2 -1/-1 -1/-1 0/2 -1/-1 0/2 -1/-1 0/2 -1/-1 0/2 -1/-1 0/2 -1/-1 0/2 -1/-1 0/3 -1/-1 0/2 -1/-1 -1/-1 -1/-1 -1/-1 -1/-1 0/2 -1/-1 0/2 -1/-1 0/2 -1/-1 0/2 -1/-1 0/2 -1/-1 0/2 -1/-1 0/2 -1/-1 0/3 -1/-1 -1/-1 0/2 -1/-1 1/2 -1/-1 0/3 -1/-1 1/3 -1/-1 0/3 -1/-1 0/2 -1/-1 0/2 -1/-1 -1/-1 -1/-1 0/2 -1/-1 0/2 -1/-1 0/2 -1/-1 0/2 -1/-1 -1/-1 -1/-1 0/2 -1/-1 0/2 -1/-1 -1/-1 0/2 -1/-1 -1/-1 0/2 -1/-1 0/2 -1/-1 0/2 -1/-1 0/2 -1/-1 0/3 -1/-1 0/3 -1/-1 0/3 -1/-1 0/3 -1/-1 0/3 -1/-1 0/2 -1/-1 0/2 -1/-1 0/3 -1/-1 0/3 -1/-1 0/2 -1/-1 0/3 -1/-1 0/2 -1/-1 -1/-1 0/2 -1/-1 0/2 -1/-1 -1/-1 0/2 -1/-1 0/2 -1/-1 -1/-1 -1/-1 -1/-1 -1/-1 -1/-1 -1/-1 -1/-1 -1/-1 -1/-1 0/2 -1/-1 0/2 -1/-1 0/2 -1/-1 0/2 -1/-1 -1/-1 0/2 -1/-1 0/2 -1/-1 0/2 -1/-1 0/2 -1/-1 0/3 -1/-1 0/2 -1/-1 0/2 -1/-1 0/2 -1/-1 0/2 -1/-1 0/2 -1/-1 0/2 -1/-1 -1/-1 0/2 -1/-1 0/3 -1/-1 0/2 -1/-1 0/2 -1/-1 0/2 -1/-1 0/3 -1/-1 0/3606 -1/-1 0/4 -1/-1 0/3 -1/-1 0/3 -1/-1 0/3 -1/-1 0/2 -1/-1 0/3 -1/-1 0/2 -1/-1 0/2 -1/-1 0/2 -1/-1 0/2 -1/-1 0/3 -1/-1 0/3 -1/-1 0/3 -1/-1 0/3 -1/-1 0/3 -1/-1 0/2 -1/-1 -1/-1 0/2 -1/-1 0/2 -1/-1 0/3 -1/-1 0/3 -1/-1 0/3844 -1/-1 0/4 -1/-1 0/3 -1/-1 0/3894 -1/-1 0/4 -1/-1 0/3893 -1/-1 0/3892 -1/-1 0/3891 -1/-1 0/3890 -1/-1 0/3889 -1/-1 0/3888 -1/-1 0/3887 -1/-1 0/3886 -1/-1 0/3885 -1/-1
h5.t6.stop_reason = satisfiable
h5.t6.restarts = 2
h5.t6.nogoods_size = 1
h5.t6.nodes = 141
h5.t6.propagations = 141
h5.t11.stop_reason = aborted
h5.t11.restarts = 2
h5.t11.nogoods_size = 1
h5.t11.nodes = 898
h5.t11.propagations = 898
h5.t0.stop_reason = aborted
h5.t0.restarts = 2
h5.t0.nogoods_size = 1
h5.t0.nodes = 553
h5.t0.propagations = 553
h5.t16.stop_reason = aborted
h5.t16.restarts = 2
h5.t16.nogoods_size = 1
h5.t16.nodes = 536
h5.t16.propagations = 536
h5.t7.stop_reason = aborted
h5.t7.restarts = 2
h5.t7.nogoods_size = 1
h5.t7.nodes = 726
h5.t7.propagations = 726
h5.t15.stop_reason = aborted
h5.t15.restarts = 2
h5.t15.nogoods_size = 1
h5.t15.nodes = 758
h5.t15.propagations = 758
h5.t13.stop_reason = aborted
h5.t13.restarts = 2
h5.t13.nogoods_size = 1
h5.t13.nodes = 148
h5.t13.propagations = 148
h5.t4.stop_reason = aborted
h5.t4.restarts = 2
h5.t4.nogoods_size = 1
h5.t4.nodes = 257
h5.t4.propagations = 257
h5.search_time = 1842
h5.nodes = 10093
h5.propagations = 22478
h6.t17.stop_reason = aborted
h6.t17.restarts = 2
h6.t17.nogoods_size = 1
h6.t17.nodes = 217
h6.t17.propagations = 217
h6.t0.stop_reason = aborted
h6.t0.restarts = 2
h6.t0.nogoods_size = 1
h6.t0.nodes = 319
h6.t0.propagations = 319
h6.t11.stop_reason = aborted
h6.t11.restarts = 2
h6.t11.nogoods_size = 1
h6.t11.nodes = 436
h6.t11.propagations = 436
h6.t7.stop_reason = aborted
h6.t7.restarts = 2
h6.t7.nogoods_size = 1
h6.t7.nodes = 459
h6.t7.propagations = 459
h6.t15.stop_reason = aborted
h6.t15.restarts = 2
h6.t15.nogoods_size = 1
h6.t15.nodes = 290
h6.t15.propagations = 290
h6.t12.stop_reason = aborted
h6.t12.restarts = 2
h6.t12.nogoods_size = 1
h6.t12.nodes = 427
h6.t12.propagations = 427
h6.t3.stop_reason = aborted
h6.t3.restarts = 2
h6.t3.nogoods_size = 1
h6.t3.nodes = 458
h6.t3.propagations = 458
h6.t5.stop_reason = aborted
h6.t5.restarts = 2
h6.t5.nogoods_size = 1
h6.t5.nodes = 890
h6.t5.propagations = 890
h6.t6.where = -1/-1 0/35 -1/-1 0/11 -1/-1 -1/-1 -1/-1 -1/-1 -1/-1 -1/-1 -1/-1 0/3492 -1/-1 0/4 -1/-1 0/2 -1/-1 0/2 -1/-1 -1/-1 0/2 -1/-1 0/3 -1/-1 0/2 -1/-1 -1/-1 0/2 -1/-1 0/3 -1/-1 0/2 -1/-1 0/2 -1/-1 -1/-1 0/2 -1/-1 0/2 -1/-1 0/3 -1/-1 -1/-1 0/2 -1/-1 -1/-1 0/2 -1/-1 -1/-1 -1/-1 -1/-1 -1/-1 -1/-1 0/2 -1/-1 -1/-1 -1/-1 -1/-1 0/2 -1/-1 0/2 -1/-1 0/2 -1/-1 0/2 -1/-1 0/2 -1/-1 0/2 -1/-1 0/2 -1/-1 0/3 -1/-1 0/3 -1/-1 0/3 -1/-1 1/3 -1/-1 0/3 -1/-1 1/3 -1/-1 0/3 -1/-1 -1/-1 -1/-1 -1/-1 -1/-1 0/2 -1/-1 0/2 -1/-1 0/2 -1/-1 0/2 -1/-1 -1/-1 0/3 -1/-1 -1/-1 -1/-1 -1/-1 0/3 -1/-1 0/3 -1/-1 0/3 -1/-1 -1/-1 0/2 -1/-1 0/3 -1/-1 -1/-1 0/3 -1/-1 0/3 -1/-1 0/3 -1/-1 -1/-1 1/2 -1/-1 0/2 -1/-1 1/2 -1/-1 0/3 -1/-1 -1/-1 -1/-1 -1/-1 -1/-1 -1/-1 0/3 -1/-1 0/2 -1/-1 0/3 -1/-1 0/3 -1/-1 0/3 -1/-1 0/3 -1/-1 0/2 -1/-1 0/3 -1/-1 -1/-1 0/3 -1/-1 0/3 -1/-1 0/3 -1/-1 0/4 -1/-1 0/3 -1/-1 0/2 -1/-1 -1/-1 -1/-1 -1/-1 0/2 -1/-1 -1/-1 0/2 -1/-1 -1/-1 -1/-1 -1/-1 0/2 -1/-1 0/2 -1/-1 0/2 -1/-1 0/3 -1/-1 0/2 -1/-1 0/2 -1/-1 0/2 -1/-1 0/2 -1/-1 0/2 -1/-1 0/2 -1/-1 -1/-1 0/2 -1/-1 0/2 -1/-1 0/3 -1/-1 0/3 -1/-1 0/2 -1/-1 0/2 -1/-1 0/3609 -1/-1 0/3 -1/-1 0/2 -1/-1 0/2 -1/-1 0/3 -1/-1 0/2 -1/-1 0/3 -1/-1 0/2 -1/-1 -1/-1 0/2 -1/-1 -1/-1 -1/-1 -1/-1 -1/-1 0/2 -1/-1 -1/-1 0/2 -1/-1 -1/-1 -1/-1 0/2 -1/-1 0/2 -1/-1 0/3 -1/-1 0/3847 -1/-1 -1/-1 -1/-1 0/3898 -1/-1 0/4 -1/-1 0/3897 -1/-1 0/3896 -1/-1 0/3895 -1/-1 0/3894 -1/-1 0/3893 -1/-1 0/3892 -1/-1 0/3891 -1/-1 0/3890 -1/-1 0/3889 -1/-1
h6.t6.stop_reason = satisfiable
h6.t6.restarts = 2
h6.t6.nogoods_size = 1
h6.t6.nodes = 124
h6.t6.propagations = 124
h6.t16.stop_reason = aborted
h6.t16.restarts = 2
h6.t16.nogoods_size = 1
h6.t16.nodes = 618
h6.t16.propagations = 618
h6.t9.stop_reason = aborted
h6.t9.restarts = 2
h6.t9.nogoods_size = 1
h6.t9.nodes = 617
h6.t9.propagations = 617
h6.t8.stop_reason = aborted
h6.t8.restarts = 2
h6.t8.nogoods_size = 1
h6.t8.nodes = 518
h6.t8.propagations = 518
h6.t14.stop_reason = aborted
h6.t14.restarts = 2
h6.t14.nogoods_size = 1
h6.t14.nodes = 657
h6.t14.propagations = 657
h6.t10.stop_reason = aborted
h6.t10.restarts = 2
h6.t10.nogoods_size = 1
h6.t10.nodes = 772
h6.t10.propagations = 772
h6.t4.stop_reason = aborted
h6.t4.restarts = 2
h6.t4.nogoods_size = 1
h6.t4.nodes = 1051
h6.t4.propagations = 1051
h6.t1.stop_reason = aborted
h6.t1.restarts = 2
h6.t1.nogoods_size = 1
h6.t1.nodes = 287
h6.t1.propagations = 287
h6.t13.stop_reason = aborted
h6.t13.restarts = 2
h6.t13.nogoods_size = 1
h6.t13.nodes = 702
h6.t13.propagations = 702
h6.t2.stop_reason = aborted
h6.t2.restarts = 2
h6.t2.nogoods_size = 1
h6.t2.nodes = 744
h6.t2.propagations = 744
h6.search_time = 1844
h6.nodes = 9586
h6.propagations = 22097
h7.t10.stop_reason = aborted
h7.t10.restarts = 2
h7.t10.nogoods_size = 1
h7.t10.nodes = 688
h7.t10.propagations = 688
h7.t8.stop_reason = aborted
h7.t8.restarts = 2
h7.t8.nogoods_size = 1
h7.t8.nodes = 589
h7.t8.propagations = 589
h7.t3.stop_reason = aborted
h7.t3.restarts = 2
h7.t3.nogoods_size = 1
h7.t3.nodes = 1097
h7.t3.propagations = 1097
h7.t5.stop_reason = aborted
h7.t5.restarts = 2
h7.t5.nogoods_size = 1
h7.t5.nodes = 1971
h7.t5.propagations = 1971
h7.t7.stop_reason = aborted
h7.t7.restarts = 2
h7.t7.nogoods_size = 1
h7.t7.nodes = 1634
h7.t7.propagations = 1634
h7.t9.stop_reason = aborted
h7.t9.restarts = 2
h7.t9.nogoods_size = 1
h7.t9.nodes = 1759
h7.t9.propagations = 1759
h7.t1.stop_reason = aborted
h7.t1.restarts = 2
h7.t1.nogoods_size = 1
h7.t1.nodes = 1301
h7.t1.propagations = 1301
h7.t6.stop_reason = aborted
h7.t6.restarts = 2
h7.t6.nogoods_size = 1
h7.t6.nodes = 1219
h7.t6.propagations = 1219
h7.t11.stop_reason = aborted
h7.t11.restarts = 2
h7.t11.nogoods_size = 1
h7.t11.nodes = 867
h7.t11.propagations = 867
h7.t2.stop_reason = aborted
h7.t2.restarts = 2
h7.t2.nogoods_size = 1
h7.t2.nodes = 1106
h7.t2.propagations = 1106
h7.t14.stop_reason = aborted
h7.t14.restarts = 2
h7.t14.nogoods_size = 1
h7.t14.nodes = 673
h7.t14.propagations = 673
h7.t0.where = -1/-1 0/35 -1/-1 0/20 -1/-1 0/2 -1/-1 -1/-1 -1/-1 -1/-1 -1/-1 -1/-1 0/3491 -1/-1 0/4 -1/-1 0/2 -1/-1 0/2 -1/-1 -1/-1 -1/-1 0/3 -1/-1 0/2 -1/-1 -1/-1 0/2 -1/-1 0/2 -1/-1 0/3 -1/-1 0/3 -1/-1 0/2 -1/-1 0/3 -1/-1 0/3 -1/-1 0/3 -1/-1 0/2 -1/-1 0/2 -1/-1 0/3 -1/-1 0/2 -1/-1 0/3 -1/-1 0/2 -1/-1 -1/-1 -1/-1 -1/-1 -1/-1 0/2 -1/-1 -1/-1 0/2 -1/-1 -1/-1 0/2 -1/-1 0/2 -1/-1 0/2 -1/-1 0/2 -1/-1 0/2 -1/-1 0/3 -1/-1 -1/-1 0/2 -1/-1 0/2 -1/-1 0/2 -1/-1 0/2 -1/-1 0/3 -1/-1 0/3 -1/-1 0/3 -1/-1 0/2 -1/-1 0/2 -1/-1 -1/-1 0/2 -1/-1 0/2 -1/-1 0/3 -1/-1 1/2 -1/-1 0/2 -1/-1 0/2 -1/-1 -1/-1 0/2 -1/-1 0/3 -1/-1 0/2 -1/-1 0/2 -1/-1 0/2 -1/-1 -1/-1 0/2 -1/-1 0/2 -1/-1 0/3 -1/-1 -1/-1 0/2 -1/-1 0/3 -1/-1 0/3 -1/-1 0/3 -1/-1 0/3 -1/-1 0/3 -1/-1 0/3 -1/-1 0/3 -1/-1 -1/-1 0/2 -1/-1 0/3 -1/-1 0/3 -1/-1 0/3 -1/-1 0/3 -1/-1 0/3 -1/-1 -1/-1 0/3 -1/-1 0/2 -1/-1 0/3 -1/-1 0/2 -1/-1 0/3 -1/-1 0/2 -1/-1 -1/-1 0/2 -1/-1 0/2 -1/-1 0/2 -1/-1 0/2 -1/-1 0/2 -1/-1 -1/-1 0/2 -1/-1 0/2 -1/-1 0/2 -1/-1 0/3 -1/-1 0/3 -1/-1 0/3 -1/-1 0/2 -1/-1 0/3 -1/-1 0/2 -1/-1 0/2 -1/-1 0/2 -1/-1 -1/-1 -1/-1 -1/-1 0/3 -1/-1 0/3 -1/-1 0/3 -1/-1 0/2 -1/-1 0/2 -1/-1 0/3 -1/-1 0/3 -1/-1 0/2 -1/-1 0/3 -1/-1 0/3 -1/-1 0/3608 -1/-1 0/3 -1/-1 0/2 -1/-1 0/2 -1/-1 0/3 -1/-1 0/3 -1/-1 0/3 -1/-1 0/2 -1/-1 -1/-1 -1/-1 0/2 -1/-1 -1/-1 0/2 -1/-1 0/2 -1/-1 0/2 -1/-1 0/3 -1/-1 -1/-1 0/2 -1/-1 0/2 -1/-1 0/2 -1/-1 0/2 -1/-1 0/3 -1/-1 0/3845 -1/-1 0/4 -1/-1 0/3 -1/-1 0/3895 -1/-1 0/2 -1/-1 0/3894 -1/-1 0/3893 -1/-1 0/3892 -1/-1 0/3891 -1/-1 0/3890 -1/-1 0/3889 -1/-1 0/3888 -1/-1 0/3887 -1/-1 0/3886 -1/-1
h7.t0.stop_reason = satisfiable
h7.t0.restarts = 2
h7.t0.nogoods_size = 1
h7.t0.nodes = 134
h7.t0.propagations = 134
h7.t16.stop_reason = aborted
h7.t16.restarts = 2
h7.t16.nogoods_size = 1
h7.t16.nodes = 1001
h7.t16.propagations = 1001
h7.t12.stop_reason = aborted
h7.t12.restarts = 2
h7.t12.nogoods_size = 1
h7.t12.nodes = 1048
h7.t12.propagations = 1048
h7.t13.stop_reason = aborted
h7.t13.restarts = 2
h7.t13.nogoods_size = 1
h7.t13.nodes = 1345
h7.t13.propagations = 1345
h7.t15.stop_reason = aborted
h7.t15.restarts = 2
h7.t15.nogoods_size = 1
h7.t15.nodes = 1259
h7.t15.propagations = 1259
h7.t4.stop_reason = aborted
h7.t4.restarts = 2
h7.t4.nogoods_size = 1
h7.t4.nodes = 1393
h7.t4.propagations = 1393
h7.t17.stop_reason = aborted
h7.t17.restarts = 2
h7.t17.nogoods_size = 1
h7.t17.nodes = 421
h7.t17.propagations = 421
h7.search_time = 1869
h7.nodes = 19505
h7.propagations = 46113
h8.t3.stop_reason = aborted
h8.t3.restarts = 2
h8.t3.nogoods_size = 1
h8.t3.nodes = 313
h8.t3.propagations = 313
h8.t5.stop_reason = aborted
h8.t5.restarts = 2
h8.t5.nogoods_size = 1
h8.t5.nodes = 400
h8.t5.propagations = 400
h8.t1.stop_reason = aborted
h8.t1.restarts = 2
h8.t1.nogoods_size = 1
h8.t1.nodes = 413
h8.t1.propagations = 413
h8.t8.stop_reason = aborted
h8.t8.restarts = 2
h8.t8.nogoods_size = 1
h8.t8.nodes = 277
h8.t8.propagations = 277
h8.t11.stop_reason = aborted
h8.t11.restarts = 2
h8.t11.nogoods_size = 1
h8.t11.nodes = 647
h8.t11.propagations = 647
h8.t4.stop_reason = aborted
h8.t4.restarts = 2
h8.t4.nogoods_size = 1
h8.t4.nodes = 557
h8.t4.propagations = 557
h8.t2.stop_reason = aborted
h8.t2.restarts = 2
h8.t2.nogoods_size = 1
h8.t2.nodes = 695
h8.t2.propagations = 695
h8.t9.stop_reason = aborted
h8.t9.restarts = 2
h8.t9.nogoods_size = 1
h8.t9.nodes = 392
h8.t9.propagations = 392
h8.t12.stop_reason = aborted
h8.t12.restarts = 2
h8.t12.nogoods_size = 1
h8.t12.nodes = 735
h8.t12.propagations = 735
h8.t15.where = -1/-1 0/35 -1/-1 0/20 -1/-1 0/2 -1/-1 -1/-1 -1/-1 -1/-1 -1/-1 -1/-1 0/3491 -1/-1 0/4 -1/-1 0/2 -1/-1 0/2 -1/-1 -1/-1 0/2 -1/-1 0/3 -1/-1 0/2 -1/-1 0/2 -1/-1 0/2 -1/-1 -1/-1 0/2 -1/-1 0/2 -1/-1 0/2 -1/-1 0/3 -1/-1 -1/-1 0/2 -1/-1 0/2 -1/-1 -1/-1 0/2 -1/-1 -1/-1 0/2 -1/-1 0/2 -1/-1 0/3 -1/-1 0/2 -1/-1 -1/-1 -1/-1 -1/-1 -1/-1 0/2 -1/-1 -1/-1 0/2 -1/-1 -1/-1 -1/-1 -1/-1 0/2 -1/-1 0/2 -1/-1 0/2 -1/-1 0/2 -1/-1 0/2 -1/-1 -1/-1 0/2 -1/-1 0/2 -1/-1 0/2 -1/-1 -1/-1 0/2 -1/-1 0/2 -1/-1 0/3 -1/-1 0/3 -1/-1 0/2 -1/-1 0/2 -1/-1 0/2 -1/-1 0/2 -1/-1 -1/-1 -1/-1 0/2 -1/-1 0/3 -1/-1 0/2 -1/-1 0/3 -1/-1 0/2 -1/-1 -1/-1 0/2 -1/-1 0/3 -1/-1 0/2 -1/-1 -1/-1 0/2 -1/-1 0/2 -1/-1 0/2 -1/-1 0/2 -1/-1 -1/-1 0/3 -1/-1 0/3 -1/-1 0/3 -1/-1 0/3 -1/-1 0/2 -1/-1 0/3 -1/-1 0/2 -1/-1 0/3 -1/-1 0/2 -1/-1 0/3 -1/-1 0/2 -1/-1 0/2 -1/-1 0/2 -1/-1 0/3 -1/-1 0/3 -1/-1 0/3 -1/-1 0/3 -1/-1 0/2 -1/-1 0/3 -1/-1 0/2 -1/-1 0/2 -1/-1 0/2 -1/-1 0/3 -1/-1 0/3 -1/-1 0/3 -1/-1 0/3 -1/-1 0/3 -1/-1 0/2 -1/-1 0/3 -1/-1 0/2 -1/-1 0/2 -1/-1 0/2 -1/-1 0/2 -1/-1 0/3 -1/-1 0/3 -1/-1 0/3 -1/-1 0/3 -1/-1 -1/-1 0/2 -1/-1 0/3 -1/-1 0/3 -1/-1 0/3 -1/-1 0/3 -1/-1 0/3 -1/-1 0/3 -1/-1 0/3 -1/-1 0/3 -1/-1 0/3 -1/-1 0/3607 -1/-1 0/3 -1/-1 0/2 -1/-1 0/3 -1/-1 0/2 -1/-1 0/3 -1/-1 0/3 -1/-1 0/18 -1/-1 0/3 -1/-1 0/3 -1/-1 0/3 -1/-1 0/2 -1/-1 0/2 -1/-1 0/2 -1/-1 0/3 -1/-1 0/17 -1/-1 0/3 -1/-1 0/2 -1/-1 0/3 -1/-1 0/2 -1/-1 0/2 -1/-1 0/3 -1/-1 0/3846 -1/-1 0/4 -1/-1 0/3 -1/-1 0/3896 -1/-1 0/3 -1/-1 0/3895 -1/-1 0/3894 -1/-1 0/3893 -1/-1 0/3892 -1/-1 0/3891 -1/-1 0/3890 -1/-1 0/3889 -1/-1 0/3888 -1/-1 0/3887 -1/-1
h8.t15.stop_reason = satisfiable
h8.t15.restarts = 2
h8.t15.nogoods_size = 1
h8.t15.nodes = 137
h8.t15.propagations = 137
h8.t7.stop_reason = aborted
h8.t7.restarts = 2
h8.t7.nogoods_size = 1
h8.t7.nodes = 193
h8.t7.propagations = 193
h8.t0.stop_reason = aborted
h8.t0.restarts = 2
h8.t0.nogoods_size = 1
h8.t0.nodes = 187
h8.t0.propagations = 187
h8.t13.stop_reason = aborted
h8.t13.restarts = 2
h8.t13.nogoods_size = 1
h8.t13.nodes = 361
h8.t13.propagations = 361
h8.t16.stop_reason = aborted
h8.t16.restarts = 2
h8.t16.nogoods_size = 1
h8.t16.nodes = 571
h8.t16.propagations = 571
h8.t17.stop_reason = aborted
h8.t17.restarts = 2
h8.t17.nogoods_size = 1
h8.t17.nodes = 406
h8.t17.propagations = 406
h8.t14.stop_reason = aborted
h8.t14.restarts = 2
h8.t14.nogoods_size = 1
h8.t14.nodes = 557
h8.t14.propagations = 557
h8.t10.stop_reason = aborted
h8.t10.restarts = 2
h8.t10.nogoods_size = 1
h8.t10.nodes = 649
h8.t10.propagations = 649
h8.t6.stop_reason = aborted
h8.t6.restarts = 2
h8.t6.nogoods_size = 1
h8.t6.nodes = 329
h8.t6.propagations = 329
h8.search_time = 1849
h8.nodes = 7819
h8.propagations = 17887
h9.t10.stop_reason = aborted
h9.t10.restarts = 2
h9.t10.nogoods_size = 1
h9.t10.nodes = 356
h9.t10.propagations = 356
h9.t6.stop_reason = aborted
h9.t6.restarts = 2
h9.t6.nogoods_size = 1
h9.t6.nodes = 675
h9.t6.propagations = 675
h9.t17.stop_reason = aborted
h9.t17.restarts = 2
h9.t17.nogoods_size = 1
h9.t17.nodes = 269
h9.t17.propagations = 269
h9.t9.stop_reason = aborted
h9.t9.restarts = 2
h9.t9.nogoods_size = 1
h9.t9.nodes = 346
h9.t9.propagations = 346
h9.t4.stop_reason = aborted
h9.t4.restarts = 2
h9.t4.nogoods_size = 1
h9.t4.nodes = 977
h9.t4.propagations = 977
h9.t11.stop_reason = aborted
h9.t11.restarts = 2
h9.t11.nogoods_size = 1
h9.t11.nodes = 792
h9.t11.propagations = 792
h9.t16.where = -1/-1 0/35 -1/-1 0/20 -1/-1 0/2 -1/-1 -1/-1 -1/-1 -1/-1 -1/-1 -1/-1 0/3491 -1/-1 0/4 -1/-1 0/2 -1/-1 0/2 -1/-1 -1/-1 0/2 -1/-1 0/3 -1/-1 0/2 -1/-1 -1/-1 0/2 -1/-1 0/3 -1/-1 0/3 -1/-1 0/3 -1/-1 0/2 -1/-1 0/3 -1/-1 0/2 -1/-1 0/3 -1/-1 0/2 -1/-1 0/2 -1/-1 -1/-1 0/3 -1/-1 0/2 -1/-1 -1/-1 -1/-1 -1/-1 -1/-1 0/2 -1/-1 0/2 -1/-1 0/2 -1/-1 0/2 -1/-1 0/2 -1/-1 0/3 -1/-1 -1/-1 0/2 -1/-1 0/2 -1/-1 -1/-1 0/2 -1/-1 0/2 -1/-1 0/2 -1/-1 -1/-1 0/2 -1/-1 0/3 -1/-1 0/3 -1/-1 -1/-1 1/2 -1/-1 0/2 -1/-1 0/2 -1/-1 1/3 -1/-1 0/2 -1/-1 -1/-1 -1/-1 0/2 -1/-1 0/2 -1/-1 -1/-1 -1/-1 -1/-1 0/3 -1/-1 0/2 -1/-1 0/3 -1/-1 0/3 -1/-1 0/3 -1/-1 0/3 -1/-1 0/3 -1/-1 0/3 -1/-1 0/3 -1/-1 0/3 -1/-1 0/3 -1/-1 0/3 -1/-1 0/3 -1/-1 0/2 -1/-1 0/3 -1/-1 0/3 -1/-1 -1/-1 0/2 -1/-1 0/2 -1/-1 0/3 -1/-1 0/3 -1/-1 0/3 -1/-1 0/3 -1/-1 0/3 -1/-1 0/3 -1/-1 0/3 -1/-1 0/2 -1/-1 0/2 -1/-1 0/2 -1/-1 0/2 -1/-1 0/2 -1/-1 0/2 -1/-1 0/2 -1/-1 0/2 -1/-1 0/2 -1/-1 0/2 -1/-1 0/2 -1/-1 0/3 -1/-1 0/3 -1/-1 0/2 -1/-1 0/2 -1/-1 1/2 -1/-1 0/3 -1/-1 -1/-1 0/2 -1/-1 0/2 -1/-1 0/2 -1/-1 0/2 -1/-1 1/3 -1/-1 1/2 -1/-1 0/3 -1/-1 0/2 -1/-1 0/2 -1/-1 -1/-1 0/2 -1/-1 -1/-1 0/2 -1/-1 -1/-1 -1/-1 0/3 -1/-1 0/3 -1/-1 0/3 -1/-1 0/3607 -1/-1 0/4 -1/-1 0/3 -1/-1 0/3 -1/-1 0/2 -1/-1 0/2 -1/-1 0/2 -1/-1 0/3 -1/-1 0/2 -1/-1 0/3 -1/-1 0/2 -1/-1 0/2 -1/-1 0/3 -1/-1 0/3 -1/-1 0/3 -1/-1 0/3 -1/-1 0/2 -1/-1 0/3 -1/-1 0/2 -1/-1 -1/-1 -1/-1 0/2 -1/-1 0/3845 -1/-1 0/4 -1/-1 0/3 -1/-1 0/3895 -1/-1 0/4 -1/-1 0/3894 -1/-1 0/3893 -1/-1 0/3892 -1/-1 0/3891 -1/-1 0/3890 -1/-1 0/3889 -1/-1 0/3888 -1/-1 0/3887 -1/-1 0/3886 -1/-1
h9.t16.stop_reason = satisfiable
h9.t16.restarts = 2
h9.t16.nogoods_size = 1
h9.t16.nodes = 170
h9.t16.propagations = 170
h9.t3.stop_reason = aborted
h9.t3.restarts = 2
h9.t3.nogoods_size = 1
h9.t3.nodes = 467
h9.t3.propagations = 467
h9.t0.stop_reason = aborted
h9.t0.restarts = 2
h9.t0.nogoods_size = 1
h9.t0.nodes = 337
h9.t0.propagations = 337
h9.t12.stop_reason = aborted
h9.t12.restarts = 2
h9.t12.nogoods_size = 1
h9.t12.nodes = 563
h9.t12.propagations = 563
h9.t1.stop_reason = aborted
h9.t1.restarts = 2
h9.t1.nogoods_size = 1
h9.t1.nodes = 739
h9.t1.propagations = 739
h9.t8.stop_reason = aborted
h9.t8.restarts = 2
h9.t8.nogoods_size = 1
h9.t8.nodes = 589
h9.t8.propagations = 589
h9.t13.stop_reason = aborted
h9.t13.restarts = 2
h9.t13.nogoods_size = 1
h9.t13.nodes = 779
h9.t13.propagations = 779
h9.t2.stop_reason = aborted
h9.t2.restarts = 2
h9.t2.nogoods_size = 1
h9.t2.nodes = 326
h9.t2.propagations = 326
h9.t5.stop_reason = aborted
h9.t5.restarts = 2
h9.t5.nogoods_size = 1
h9.t5.nodes = 664
h9.t5.propagations = 664
h9.t15.stop_reason = aborted
h9.t15.restarts = 2
h9.t15.nogoods_size = 1
h9.t15.nodes = 707
h9.t15.propagations = 707
h9.t7.stop_reason = aborted
h9.t7.restarts = 2
h9.t7.nogoods_size = 1
h9.t7.nodes = 709
h9.t7.propagations = 709
h9.t14.stop_reason = aborted
h9.t14.restarts = 2
h9.t14.nogoods_size = 1
h9.t14.nodes = 372
h9.t14.propagations = 372
h9.search_time = 1850
h9.nodes = 9837
h9.propagations = 22337
h10.t1.stop_reason = aborted
h10.t1.restarts = 2
h10.t1.nogoods_size = 1
h10.t1.nodes = 567
h10.t1.propagations = 567
h10.t16.stop_reason = aborted
h10.t16.restarts = 2
h10.t16.nogoods_size = 1
h10.t16.nodes = 515
h10.t16.propagations = 515
h10.t4.stop_reason = aborted
h10.t4.restarts = 2
h10.t4.nogoods_size = 1
h10.t4.nodes = 608
h10.t4.propagations = 608
h10.t17.stop_reason = aborted
h10.t17.restarts = 2
h10.t17.nogoods_size = 1
h10.t17.nodes = 512
h10.t17.propagations = 512
h10.t10.stop_reason = aborted
h10.t10.restarts = 2
h10.t10.nogoods_size = 1
h10.t10.nodes = 699
h10.t10.propagations = 699
h10.t12.where = -1/-1 0/35 -1/-1 0/20 -1/-1 0/2 -1/-1 -1/-1 -1/-1 -1/-1 -1/-1 -1/-1 0/3491 -1/-1 0/4 -1/-1 0/2 -1/-1 0/2 -1/-1 -1/-1 0/2 -1/-1 0/3 -1/-1 0/2 -1/-1 -1/-1 0/2 -1/-1 0/2 -1/-1 0/2 -1/-1 0/2 -1/-1 0/3 -1/-1 0/2 -1/-1 0/2 -1/-1 -1/-1 0/3 -1/-1 0/3 -1/-1 0/3 -1/-1 0/2 -1/-1 0/3 -1/-1 0/2 -1/-1 -1/-1 -1/-1 -1/-1 -1/-1 0/2 -1/-1 -1/-1 0/2 -1/-1 -1/-1 0/2 -1/-1 0/2 -1/-1 0/2 -1/-1 0/2 -1/-1 0/2 -1/-1 0/2 -1/-1 0/2 -1/-1 0/3 -1/-1 0/2 -1/-1 0/2 -1/-1 0/2 -1/-1 0/2 -1/-1 0/2 -1/-1 -1/-1 -1/-1 -1/-1 0/2 -1/-1 0/2 -1/-1 0/3 -1/-1 0/3 -1/-1 0/2 -1/-1 -1/-1 0/2 -1/-1 0/3 -1/-1 0/2 -1/-1 -1/-1 -1/-1 0/2 -1/-1 0/2 -1/-1 -1/-1 0/2 -1/-1 0/2 -1/-1 0/3 -1/-1 0/3 -1/-1 0/3 -1/-1 0/3 -1/-1 0/3 -1/-1 0/3 -1/-1 0/3 -1/-1 0/3 -1/-1 0/2 -1/-1 0/3 -1/-1 0/2 -1/-1 0/3 -1/-1 0/3 -1/-1 0/2 -1/-1 -1/-1 0/3 -1/-1 0/3 -1/-1 0/3 -1/-1 0/2 -1/-1 0/2 -1/-1 -1/-1 0/3 -1/-1 0/2 -1/-1 0/3 -1/-1 0/2 -1/-1 0/3 -1/-1 0/2 -1/-1 0/3 -1/-1 0/2 -1/-1 0/2 -1/-1 0/3 -1/-1 0/3 -1/-1 0/2 -1/-1 0/2 -1/-1 0/2 -1/-1 0/3 -1/-1 0/3 -1/-1 0/3 -1/-1 0/3 -1/-1 0/3 -1/-1 0/2 -1/-1 0/3 -1/-1 0/2 -1/-1 0/3 -1/-1 0/2 -1/-1 -1/-1 0/3 -1/-1 0/2 -1/-1 0/2 -1/-1 -1/-1 0/2 -1/-1 0/2 -1/-1 0/3 -1/-1 0/3 -1/-1 0/3 -1/-1 0/3607 -1/-1 0/4 -1/-1 0/3 -1/-1 0/3 -1/-1 0/3 -1/-1 0/3 -1/-1 0/3 -1/-1 0/2 -1/-1 0/2 -1/-1 0/2 -1/-1 0/2 -1/-1 0/2 -1/-1 0/2 -1/-1 0/2 -1/-1 -1/-1 -1/-1 0/2 -1/-1 -1/-1 0/2 -1/-1 0/2 -1/-1 0/3 -1/-1 0/3 -1/-1 0/3845 -1/-1 0/4 -1/-1 0/3 -1/-1 0/3895 -1/-1 0/2 -1/-1 0/3894 -1/-1 0/3893 -1/-1 0/3892 -1/-1 0/3891 -1/-1 0/3890 -1/-1 0/3889 -1/-1 0/3888 -1/-1 0/3887 -1/-1 0/3886 -1/-1
h10.t12.stop_reason = satisfiable
h10.t12.restarts = 2
h10.t12.nogoods_size = 1
h10.t12.nodes = 135
h10.t12.propagations = 135
h10.t5.stop_reason = aborted
h10.t5.restarts = 2
h10.t5.nogoods_size = 1
h10.t5.nodes = 667
h10.t5.propagations = 667
h10.t3.stop_reason = aborted
h10.t3.restarts = 2
h10.t3.nogoods_size = 1
h10.t3.nodes = 361
h10.t3.propagations = 361
h10.t13.stop_reason = aborted
h10.t13.restarts = 2
h10.t13.nogoods_size = 1
h10.t13.nodes = 741
h10.t13.propagations = 741
h10.t2.stop_reason = aborted
h10.t2.restarts = 2
h10.t2.nogoods_size = 1
h10.t2.nodes = 1484
h10.t2.propagations = 1484
h10.t9.stop_reason = aborted
h10.t9.restarts = 2
h10.t9.nogoods_size = 1
h10.t9.nodes = 761
h10.t9.propagations = 761
h10.t7.stop_reason = aborted
h10.t7.restarts = 2
h10.t7.nogoods_size = 1
h10.t7.nodes = 610
h10.t7.propagations = 610
h10.t8.stop_reason = aborted
h10.t8.restarts = 2
h10.t8.nogoods_size = 1
h10.t8.nodes = 1111
h10.t8.propagations = 1111
h10.t11.where = -1/-1 0/35 -1/-1 0/20 -1/-1 0/2 -1/-1 -1/-1 -1/-1 -1/-1 -1/-1 -1/-1 0/3491 -1/-1 0/4 -1/-1 0/2 -1/-1 0/2 -1/-1 -1/-1 -1/-1 0/3 -1/-1 0/2 -1/-1 -1/-1 0/2 -1/-1 0/2 -1/-1 0/3 -1/-1 0/2 -1/-1 0/2 -1/-1 -1/-1 0/3 -1/-1 0/2 -1/-1 0/3 -1/-1 0/3 -1/-1 0/3 -1/-1 0/2 -1/-1 1/3 -1/-1 0/2 -1/-1 -1/-1 -1/-1 -1/-1 -1/-1 0/2 -1/-1 -1/-1 0/2 -1/-1 -1/-1 0/2 -1/-1 0/2 -1/-1 0/2 -1/-1 0/2 -1/-1 0/3 -1/-1 0/3 -1/-1 0/3 -1/-1 0/3 -1/-1 0/3 -1/-1 0/3 -1/-1 1/3 -1/-1 0/2 -1/-1 0/2 -1/-1 -1/-1 1/3 -1/-1 0/2 -1/-1 1/2 -1/-1 0/2 -1/-1 -1/-1 2/3 -1/-1 0/3 -1/-1 0/3 -1/-1 0/3 -1/-1 0/2 -1/-1 0/2 -1/-1 0/3 -1/-1 0/3 -1/-1 0/3 -1/-1 0/3 -1/-1 0/3 -1/-1 0/3 -1/-1 0/3 -1/-1 0/3 -1/-1 0/3 -1/-1 0/3 -1/-1 -1/-1 0/2 -1/-1 0/2 -1/-1 0/3 -1/-1 0/2 -1/-1 0/2 -1/-1 0/3 -1/-1 0/3 -1/-1 0/3 -1/-1 0/3 -1/-1 0/2 -1/-1 0/3 -1/-1 0/3 -1/-1 0/3 -1/-1 0/3 -1/-1 0/2 -1/-1 0/3 -1/-1 0/2 -1/-1 0/3 -1/-1 0/2 -1/-1 0/3 -1/-1 0/2 -1/-1 -1/-1 0/2 -1/-1 0/2 -1/-1 0/2 -1/-1 0/2 -1/-1 -1/-1 0/2 -1/-1 0/2 -1/-1 0/2 -1/-1 0/2 -1/-1 0/3 -1/-1 0/3 -1/-1 0/2 -1/-1 0/3 -1/-1 0/2 -1/-1 0/3 -1/-1 0/2 -1/-1 0/3 -1/-1 0/3 -1/-1 0/3 -1/-1 0/3 -1/-1 0/3 -1/-1 0/3 -1/-1 0/3 -1/-1 0/3 -1/-1 0/3 -1/-1 0/3 -1/-1 0/3 -1/-1 0/3 -1/-1 0/3 -1/-1 0/3607 -1/-1 0/3 -1/-1 0/2 -1/-1 0/2 -1/-1 0/2 -1/-1 0/3 -1/-1 0/3 -1/-1 0/2 -1/-1 0/3 -1/-1 0/3 -1/-1 0/3 -1/-1 -1/-1 0/2 -1/-1 0/2 -1/-1 0/3 -1/-1 -1/-1 0/2 -1/-1 0/3 -1/-1 0/3 -1/-1 0/2 -1/-1 0/3 -1/-1 0/3 -1/-1 0/3845 -1/-1 0/4 -1/-1 0/3 -1/-1 0/3895 -1/-1 0/4 -1/-1 0/3894 -1/-1 0/3893 -1/-1 0/3892 -1/-1 0/3891 -1/-1 0/3890 -1/-1 0/3889 -1/-1 0/3888 -1/-1 0/3887 -1/-1 0/3886 -1/-1
h10.t11.stop_reason = satisfiable
h10.t11.restarts = 2
h10.t11.nogoods_size = 1
h10.t11.nodes = 155
h10.t11.propagations = 155
h10.t0.stop_reason = aborted
h10.t0.restarts = 2
h10.t0.nogoods_size = 1
h10.t0.nodes = 382
h10.t0.propagations = 382
h10.t6.stop_reason = aborted
h10.t6.restarts = 2
h10.t6.nogoods_size = 1
h10.t6.nodes = 794
h10.t6.propagations = 794
h10.t14.stop_reason = aborted
h10.t14.restarts = 2
h10.t14.nogoods_size = 1
h10.t14.nodes = 948
h10.t14.propagations = 948
h10.t15.stop_reason = aborted
h10.t15.restarts = 2
h10.t15.nogoods_size = 1
h10.t15.nodes = 799
h10.t15.propagations = 799
h10.search_time = 1817
h10.nodes = 11849
h10.propagations = 27724
h11.t4.stop_reason = aborted
h11.t4.restarts = 2
h11.t4.nogoods_size = 1
h11.t4.nodes = 1238
h11.t4.propagations = 1238
h11.t13.stop_reason = aborted
h11.t13.restarts = 2
h11.t13.nogoods_size = 1
h11.t13.nodes = 446
h11.t13.propagations = 446
h11.t0.stop_reason = aborted
h11.t0.restarts = 2
h11.t0.nogoods_size = 1
h11.t0.nodes = 246
h11.t0.propagations = 246
h11.t9.stop_reason = aborted
h11.t9.restarts = 2
h11.t9.nogoods_size = 1
h11.t9.nodes = 671
h11.t9.propagations = 671
h11.t3.where = -1/-1 0/35 -1/-1 0/20 -1/-1 0/2 -1/-1 -1/-1 -1/-1 -1/-1 -1/-1 -1/-1 0/3491 -1/-1 0/4 -1/-1 0/2 -1/-1 0/2 -1/-1 -1/-1 -1/-1 0/3 -1/-1 0/2 -1/-1 -1/-1 0/2 -1/-1 0/2 -1/-1 0/2 -1/-1 -1/-1 0/2 -1/-1 0/2 -1/-1 0/3 -1/-1 -1/-1 0/2 -1/-1 0/3 -1/-1 0/2 -1/-1 0/3 -1/-1 0/2 -1/-1 0/3 -1/-1 0/2 -1/-1 0/2 -1/-1 -1/-1 -1/-1 -1/-1 -1/-1 -1/-1 -1/-1 1/2 -1/-1 -1/-1 1/2 -1/-1 1/2 -1/-1 0/2 -1/-1 -1/-1 1/2 -1/-1 -1/-1 0/2 -1/-1 1/2 -1/-1 0/2 -1/-1 0/2 -1/-1 0/2 -1/-1 0/2 -1/-1 -1/-1 0/2 -1/-1 -1/-1 -1/-1 -1/-1 -1/-1 -1/-1 -1/-1 -1/-1 0/2 -1/-1 0/2 -1/-1 0/2 -1/-1 0/2 -1/-1 0/2 -1/-1 0/2 -1/-1 0/2 -1/-1 0/2 -1/-1 0/2 -1/-1 0/2 -1/-1 0/2 -1/-1 0/2 -1/-1 0/2 -1/-1 0/2 -1/-1 0/2 -1/-1 0/3 -1/-1 0/2 -1/-1 0/2 -1/-1 0/2 -1/-1 0/3 -1/-1 0/3 -1/-1 0/2 -1/-1 0/3 -1/-1 0/2 -1/-1 0/3 -1/-1 0/2 -1/-1 0/3 -1/-1 0/2 -1/-1 -1/-1 0/2 -1/-1 0/3 -1/-1 0/2 -1/-1 0/3 -1/-1 0/3 -1/-1 0/3 -1/-1 0/2 -1/-1 0/3 -1/-1 0/2 -1/-1 0/2 -1/-1 0/3 -1/-1 0/3 -1/-1 0/2 -1/-1 0/2 -1/-1 0/2 -1/-1 0/3 -1/-1 -1/-1 0/2 -1/-1 0/3 -1/-1 0/3 -1/-1 0/2 -1/-1 0/3 -1/-1 -1/-1 0/3 -1/-1 0/3 -1/-1 0/3 -1/-1 0/3 -1/-1 0/2 -1/-1 0/3 -1/-1 0/3 -1/-1 0/3 -1/-1 0/3 -1/-1 0/3 -1/-1 0/3 -1/-1 0/3 -1/-1 0/3607 -1/-1 0/4 -1/-1 0/3 -1/-1 0/3 -1/-1 0/2 -1/-1 0/2 -1/-1 0/2 -1/-1 -1/-1 0/2 -1/-1 -1/-1 0/2 -1/-1 0/2 -1/-1 0/2 -1/-1 -1/-1 -1/-1 -1/-1 0/2 -1/-1 0/2 -1/-1 0/2 -1/-1 0/2 -1/-1 0/3 -1/-1 0/3 -1/-1 0/3845 -1/-1 0/4 -1/-1 0/3 -1/-1 0/3895 -1/-1 0/4 -1/-1 0/3894 -1/-1 0/3893 -1/-1 0/3892 -1/-1 0/3891 -1/-1 0/3890 -1/-1 0/3889 -1/-1 0/3888 -1/-1 0/3887 -1/-1 0/3886 -1/-1
h11.t3.stop_reason = satisfiable
h11.t3.restarts = 2
h11.t3.nogoods_size = 1
h11.t3.nodes = 244
h11.t3.propagations = 244
h11.t10.stop_reason = aborted
h11.t10.restarts = 2
h11.t10.nogoods_size = 1
h11.t10.nodes = 702
h11.t10.propagations = 702
h11.t1.stop_reason = aborted
h11.t1.restarts = 2
h11.t1.nogoods_size = 1
h11.t1.nodes = 1510
h11.t1.propagations = 1510
h11.t6.stop_reason = aborted
h11.t6.restarts = 2
h11.t6.nogoods_size = 1
h11.t6.nodes = 1031
h11.t6.propagations = 1031
h11.t16.stop_reason = aborted
h11.t16.restarts = 2
h11.t16.nogoods_size = 1
h11.t16.nodes = 910
h11.t16.propagations = 910
h11.t17.stop_reason = aborted
h11.t17.restarts = 2
h11.t17.nogoods_size = 1
h11.t17.nodes = 389
h11.t17.propagations = 389
h11.t15.stop_reason = aborted
h11.t15.restarts = 2
h11.t15.nogoods_size = 1
h11.t15.nodes = 1010
h11.t15.propagations = 1010
h11.t8.stop_reason = aborted
h11.t8.restarts = 2
h11.t8.nogoods_size = 1
h11.t8.nodes = 569
h11.t8.propagations = 569
h11.t2.stop_reason = aborted
h11.t2.restarts = 2
h11.t2.nogoods_size = 1
h11.t2.nodes = 1232
h11.t2.propagations = 1232
h11.t14.stop_reason = aborted
h11.t14.restarts = 2
h11.t14.nogoods_size = 1
h11.t14.nodes = 910
h11.t14.propagations = 910
h11.t7.stop_reason = aborted
h11.t7.restarts = 2
h11.t7.nogoods_size = 1
h11.t7.nodes = 1679
h11.t7.propagations = 1679
h11.t5.stop_reason = aborted
h11.t5.restarts = 2
h11.t5.nogoods_size = 1
h11.t5.nodes = 1033
h11.t5.propagations = 1033
h11.t11.stop_reason = aborted
h11.t11.restarts = 2
h11.t11.nogoods_size = 1
h11.t11.nodes = 654
h11.t11.propagations = 654
h11.t12.stop_reason = aborted
h11.t12.restarts = 2
h11.t12.nogoods_size = 1
h11.t12.nodes = 1241
h11.t12.propagations = 1241
h11.search_time = 1868
h11.nodes = 15715
h11.propagations = 36753
h12.t17.stop_reason = aborted
h12.t17.restarts = 2
h12.t17.nogoods_size = 1
h12.t17.nodes = 474
h12.t17.propagations = 474
h12.t0.stop_reason = aborted
h12.t0.restarts = 2
h12.t0.nogoods_size = 1
h12.t0.nodes = 439
h12.t0.propagations = 439
h12.t8.stop_reason = aborted
h12.t8.restarts = 2
h12.t8.nogoods_size = 1
h12.t8.nodes = 340
h12.t8.propagations = 340
h12.t7.stop_reason = aborted
h12.t7.restarts = 2
h12.t7.nogoods_size = 1
h12.t7.nodes = 488
h12.t7.propagations = 488
h12.t3.stop_reason = aborted
h12.t3.restarts = 2
h12.t3.nogoods_size = 1
h12.t3.nodes = 1446
h12.t3.propagations = 1446
h12.t15.where = -1/-1 0/35 -1/-1 0/20 -1/-1 0/2 -1/-1 -1/-1 -1/-1 -1/-1 -1/-1 -1/-1 0/3491 -1/-1 0/4 -1/-1 0/2 -1/-1 0/2 -1/-1 -1/-1 0/2 -1/-1 0/3 -1/-1 0/2 -1/-1 -1/-1 0/2 -1/-1 0/2 -1/-1 0/2 -1/-1 0/2 -1/-1 0/3 -1/-1 0/3 -1/-1 0/2 -1/-1 0/3 -1/-1 0/3 -1/-1 0/3 -1/-1 0/3 -1/-1 0/2 -1/-1 0/3 -1/-1 0/2 -1/-1 -1/-1 -1/-1 -1/-1 -1/-1 0/2 -1/-1 -1/-1 0/2 -1/-1 0/2 -1/-1 0/2 -1/-1 0/2 -1/-1 0/2 -1/-1 0/2 -1/-1 0/2 -1/-1 0/2 -1/-1 0/2 -1/-1 0/2 -1/-1 0/2 -1/-1 0/3 -1/-1 0/3 -1/-1 0/3 -1/-1 0/3 -1/-1 0/3 -1/-1 0/3 -1/-1 0/3 -1/-1 2/3 -1/-1 0/2 -1/-1 0/3 -1/-1 0/2 -1/-1 0/2 -1/-1 0/2 -1/-1 0/2 -1/-1 0/3 -1/-1 1/3 -1/-1 0/2 -1/-1 0/2 -1/-1 -1/-1 0/2 -1/-1 0/3 -1/-1 0/2 -1/-1 0/3 -1/-1 0/2 -1/-1 -1/-1 0/2 -1/-1 -1/-1 0/2 -1/-1 0/2 -1/-1 0/3 -1/-1 -1/-1 0/2 -1/-1 0/2 -1/-1 0/3 -1/-1 0/3 -1/-1 -1/-1 0/3 -1/-1 0/3 -1/-1 0/3 -1/-1 0/3 -1/-1 0/3 -1/-1 0/2 -1/-1 0/3 -1/-1 0/2 -1/-1 -1/-1 0/2 -1/-1 0/3 -1/-1 0/2 -1/-1 -1/-1 0/2 -1/-1 0/3 -1/-1 0/3 -1/-1 0/3 -1/-1 0/3 -1/-1 0/3 -1/-1 0/2 -1/-1 0/2 -1/-1 0/2 -1/-1 0/3 -1/-1 0/3 -1/-1 0/3 -1/-1 0/2 -1/-1 0/3 -1/-1 0/3 -1/-1 0/3 -1/-1 0/3 -1/-1 0/2 -1/-1 -1/-1 0/2 -1/-1 0/2 -1/-1 0/2 -1/-1 0/2 -1/-1 0/3 -1/-1 0/3 -1/-1 0/3 -1/-1 0/3 -1/-1 0/3 -1/-1 0/3 -1/-1 0/3607 -1/-1 0/4 -1/-1 0/3 -1/-1 0/3 -1/-1 0/3 -1/-1 0/3 -1/-1 0/3 -1/-1 0/2 -1/-1 0/3 -1/-1 0/2 -1/-1 0/2 -1/-1 -1/-1 0/2 -1/-1 0/3 -1/-1 0/3 -1/-1 0/3 -1/-1 0/3 -1/-1 0/3 -1/-1 0/2 -1/-1 0/2 -1/-1 0/2 -1/-1 0/3 -1/-1 0/3845 -1/-1 0/4 -1/-1 0/3 -1/-1 0/3895 -1/-1 0/4 -1/-1 0/3894 -1/-1 0/3893 -1/-1 0/3892 -1/-1 0/3891 -1/-1 0/3890 -1/-1 0/3889 -1/-1 0/3888 -1/-1 0/3887 -1/-1 0/3886 -1/-1
h12.t15.stop_reason = satisfiable
h12.t15.restarts = 2
h12.t15.nogoods_size = 1
h12.t15.nodes = 175
h12.t15.propagations = 175
h12.t4.stop_reason = aborted
h12.t4.restarts = 2
h12.t4.nogoods_size = 1
h12.t4.nodes = 626
h12.t4.propagations = 626
h12.t12.stop_reason = aborted
h12.t12.restarts = 2
h12.t12.nogoods_size = 1
h12.t12.nodes = 779
h12.t12.propagations = 779
h12.t10.stop_reason = aborted
h12.t10.restarts = 2
h12.t10.nogoods_size = 1
h12.t10.nodes = 606
h12.t10.propagations = 606
h12.t14.stop_reason = aborted
h12.t14.restarts = 2
h12.t14.nogoods_size = 1
h12.t14.nodes = 535
h12.t14.propagations = 535
h12.t11.stop_reason = aborted
h12.t11.restarts = 2
h12.t11.nogoods_size = 1
h12.t11.nodes = 798
h12.t11.propagations = 798
h12.t1.stop_reason = aborted
h12.t1.restarts = 2
h12.t1.nogoods_size = 1
h12.t1.nodes = 1077
h12.t1.propagations = 1077
h12.t5.stop_reason = aborted
h12.t5.restarts = 2
h12.t5.nogoods_size = 1
h12.t5.nodes = 1052
h12.t5.propagations = 1052
h12.t6.stop_reason = aborted
h12.t6.restarts = 2
h12.t6.nogoods_size = 1
h12.t6.nodes = 1032
h12.t6.propagations = 1032
h12.t9.stop_reason = aborted
h12.t9.restarts = 2
h12.t9.nogoods_size = 1
h12.t9.nodes = 308
h12.t9.propagations = 308
h12.t13.stop_reason = aborted
h12.t13.restarts = 2
h12.t13.nogoods_size = 1
h12.t13.nodes = 826
h12.t13.propagations = 826
h12.t16.stop_reason = aborted
h12.t16.restarts = 2
h12.t16.nogoods_size = 1
h12.t16.nodes = 613
h12.t16.propagations = 613
h12.t2.stop_reason = aborted
h12.t2.restarts = 2
h12.t2.nogoods_size = 1
h12.t2.nodes = 479
h12.t2.propagations = 479
h12.search_time = 1842
h12.nodes = 12093
h12.propagations = 28309
h13.t17.stop_reason = aborted
h13.t17.restarts = 2
h13.t17.nogoods_size = 1
h13.t17.nodes = 579
h13.t17.propagations = 579
h13.t0.stop_reason = aborted
h13.t0.restarts = 2
h13.t0.nogoods_size = 1
h13.t0.nodes = 522
h13.t0.propagations = 522
h13.t6.stop_reason = aborted
h13.t6.restarts = 2
h13.t6.nogoods_size = 1
h13.t6.nodes = 1080
h13.t6.propagations = 1080
h13.t14.stop_reason = aborted
h13.t14.restarts = 2
h13.t14.nogoods_size = 1
h13.t14.nodes = 860
h13.t14.propagations = 860
h13.t3.stop_reason = aborted
h13.t3.restarts = 2
h13.t3.nogoods_size = 1
h13.t3.nodes = 500
h13.t3.propagations = 500
h13.t7.where = -1/-1 1/35 -1/-1 0/11 -1/-1 0/2 -1/-1 -1/-1 -1/-1 -1/-1 0/2 -1/-1 -1/-1 0/3490 -1/-1 0/4 -1/-1 0/2 -1/-1 0/2 -1/-1 -1/-1 0/2 -1/-1 0/3 -1/-1 0/2 -1/-1 -1/-1 0/2 -1/-1 0/2 -1/-1 0/2 -1/-1 0/2 -1/-1 0/3 -1/-1 0/2 -1/-1 0/2 -1/-1 0/2 -1/-1 0/3 -1/-1 0/2 -1/-1 0/2 -1/-1 -1/-1 0/2 -1/-1 -1/-1 -1/-1 -1/-1 -1/-1 -1/-1 0/2 -1/-1 -1/-1 0/2 -1/-1 -1/-1 0/2 -1/-1 0/2 -1/-1 0/2 -1/-1 0/2 -1/-1 0/2 -1/-1 0/3 -1/-1 0/2 -1/-1 0/3 -1/-1 0/3 -1/-1 2/3 -1/-1 0/2 -1/-1 0/3 -1/-1 0/2 -1/-1 0/2 -1/-1 -1/-1 -1/-1 0/2 -1/-1 0/3 -1/-1 -1/-1 0/3 -1/-1 -1/-1 -1/-1 -1/-1 0/3 -1/-1 0/2 -1/-1 0/2 -1/-1 0/2 -1/-1 0/2 -1/-1 -1/-1 0/3 -1/-1 -1/-1 0/3 -1/-1 0/2 -1/-1 0/3 -1/-1 0/3 -1/-1 0/3 -1/-1 0/3 -1/-1 0/3 -1/-1 0/3 -1/-1 0/3 -1/-1 0/2 -1/-1 -1/-1 -1/-1 0/3 -1/-1 0/2 -1/-1 -1/-1 0/3 -1/-1 0/2 -1/-1 0/3 -1/-1 0/2 -1/-1 -1/-1 0/2 -1/-1 0/3 -1/-1 0/2 -1/-1 0/3 -1/-1 0/2 -1/-1 0/3 -1/-1 0/2 -1/-1 0/2 -1/-1 0/3 -1/-1 0/2 -1/-1 0/3 -1/-1 0/2 -1/-1 0/3 -1/-1 0/3 -1/-1 0/3 -1/-1 0/3 -1/-1 0/3 -1/-1 0/3 -1/-1 0/2 -1/-1 -1/-1 0/2 -1/-1 -1/-1 0/2 -1/-1 0/2 -1/-1 0/2 -1/-1 0/3 -1/-1 0/2 -1/-1 0/3 -1/-1 0/3 -1/-1 0/3 -1/-1 0/3 -1/-1 0/3 -1/-1 0/3 -1/-1 0/3 -1/-1 0/3 -1/-1 0/3 -1/-1 0/3606 -1/-1 0/2 -1/-1 -1/-1 0/3 -1/-1 0/3 -1/-1 0/2 -1/-1 0/2 -1/-1 -1/-1 0/2 -1/-1 -1/-1 0/2 -1/-1 -1/-1 0/2 -1/-1 -1/-1 0/2 -1/-1 0/2 -1/-1 0/2 -1/-1 0/2 -1/-1 0/2 -1/-1 0/2 -1/-1 0/3 -1/-1 0/17 -1/-1 0/3844 -1/-1 0/4 -1/-1 0/3 -1/-1 0/3894 -1/-1 0/4 -1/-1 0/3893 -1/-1 0/3892 -1/-1 0/3891 -1/-1 0/3890 -1/-1 0/3889 -1/-1 0/3888 -1/-1 0/3887 -1/-1 0/3886 -1/-1 0/3885 -1/-1
h13.t7.stop_reason = satisfiable
h13.t7.restarts = 2
h13.t7.nogoods_size = 1
h13.t7.nodes = 139
h13.t7.propagations = 139
h13.t10.stop_reason = aborted
h13.t10.restarts = 2
h13.t10.nogoods_size = 1
h13.t10.nodes = 857
h13.t10.propagations = 857
h13.t4.stop_reason = aborted
h13.t4.restarts = 2
h13.t4.nogoods_size = 1
h13.t4.nodes = 765
h13.t4.propagations = 765
h13.t15.stop_reason = aborted
h13.t15.restarts = 2
h13.t15.nogoods_size = 1
h13.t15.nodes = 745
h13.t15.propagations = 745
h13.t5.stop_reason = aborted
h13.t5.restarts = 2
h13.t5.nogoods_size = 1
h13.t5.nodes = 707
h13.t5.propagations = 707
h13.t1.stop_reason = aborted
h13.t1.restarts = 2
h13.t1.nogoods_size = 1
h13.t1.nodes = 501
h13.t1.propagations = 501
h13.t9.stop_reason = aborted
h13.t9.restarts = 2
h13.t9.nogoods_size = 1
h13.t9.nodes = 1030
h13.t9.propagations = 1030
h13.t8.stop_reason = aborted
h13.t8.restarts = 2
h13.t8.nogoods_size = 1
h13.t8.nodes = 263
h13.t8.propagations = 263
h13.t11.stop_reason = aborted
h13.t11.restarts = 2
h13.t11.nogoods_size = 1
h13.t11.nodes = 267
h13.t11.propagations = 267
h13.t16.stop_reason = aborted
h13.t16.restarts = 2
h13.t16.nogoods_size = 1
h13.t16.nodes = 893
h13.t16.propagations = 893
h13.t12.stop_reason = aborted
h13.t12.restarts = 2
h13.t12.nogoods_size = 1
h13.t12.nodes = 173
h13.t12.propagations = 173
h13.t2.stop_reason = aborted
h13.t2.restarts = 2
h13.t2.nogoods_size = 1
h13.t2.nodes = 698
h13.t2.propagations = 698
h13.t13.stop_reason = aborted
h13.t13.restarts = 2
h13.t13.nogoods_size = 1
h13.t13.nodes = 430
h13.t13.propagations = 430
h13.search_time = 1891
h13.nodes = 11009
h13.propagations = 25697
h14.t5.stop_reason = aborted
h14.t5.restarts = 2
h14.t5.nogoods_size = 1
h14.t5.nodes = 175
h14.t5.propagations = 175
h14.t3.stop_reason = aborted
h14.t3.restarts = 2
h14.t3.nogoods_size = 1
h14.t3.nodes = 528
h14.t3.propagations = 528
h14.t15.stop_reason = aborted
h14.t15.restarts = 2
h14.t15.nogoods_size = 1
h14.t15.nodes = 325
h14.t15.propagations = 325
h14.t13.stop_reason = aborted
h14.t13.restarts = 2
h14.t13.nogoods_size = 1
h14.t13.nodes = 433
h14.t13.propagations = 433
h14.t10.stop_reason = aborted
h14.t10.restarts = 2
h14.t10.nogoods_size = 1
h14.t10.nodes = 443
h14.t10.propagations = 443
h14.t12.stop_reason = aborted
h14.t12.restarts = 2
h14.t12.nogoods_size = 1
h14.t12.nodes = 916
h14.t12.propagations = 916
h14.t14.stop_reason = aborted
h14.t14.restarts = 2
h14.t14.nogoods_size = 1
h14.t14.nodes = 424
h14.t14.propagations = 424
h14.t1.stop_reason = aborted
h14.t1.restarts = 2
h14.t1.nogoods_size = 1
h14.t1.nodes = 391
h14.t1.propagations = 391
h14.t6.stop_reason = aborted
h14.t6.restarts = 2
h14.t6.nogoods_size = 1
h14.t6.nodes = 827
h14.t6.propagations = 827
h14.t8.stop_reason = aborted
h14.t8.restarts = 2
h14.t8.nogoods_size = 1
h14.t8.nodes = 480
h14.t8.propagations = 480
h14.t7.stop_reason = aborted
h14.t7.restarts = 2
h14.t7.nogoods_size = 1
h14.t7.nodes = 777
h14.t7.propagations = 777
h14.t16.where = -1/-1 1/35 -1/-1 0/20 -1/-1 0/2 -1/-1 -1/-1 -1/-1 -1/-1 -1/-1 -1/-1 0/3491 -1/-1 0/4 -1/-1 0/2 -1/-1 0/2 -1/-1 -1/-1 -1/-1 0/3 -1/-1 0/2 -1/-1 -1/-1 0/2 -1/-1 0/2 -1/-1 0/3 -1/-1 0/2 -1/-1 0/2 -1/-1 0/2 -1/-1 0/2 -1/-1 0/3 -1/-1 0/2 -1/-1 0/3 -1/-1 0/2 -1/-1 0/3 -1/-1 0/2 -1/-1 -1/-1 0/2 -1/-1 0/2 -1/-1 0/3 -1/-1 0/2 -1/-1 -1/-1 -1/-1 -1/-1 0/2 -1/-1 0/2 -1/-1 0/2 -1/-1 0/3 -1/-1 0/3 -1/-1 0/3 -1/-1 0/3 -1/-1 0/3 -1/-1 0/3 -1/-1 0/3 -1/-1 0/3 -1/-1 0/2 -1/-1 1/2 -1/-1 -1/-1 0/2 -1/-1 0/2 -1/-1 -1/-1 -1/-1 -1/-1 0/2 -1/-1 -1/-1 0/2 -1/-1 0/2 -1/-1 0/2 -1/-1 -1/-1 0/2 -1/-1 0/2 -1/-1 0/2 -1/-1 0/3 -1/-1 0/3 -1/-1 -1/-1 -1/-1 -1/-1 0/3 -1/-1 0/2 -1/-1 0/3 -1/-1 0/3 -1/-1 -1/-1 0/3 -1/-1 0/2 -1/-1 0/3 -1/-1 0/2 -1/-1 0/2 -1/-1 0/2 -1/-1 0/3 -1/-1 0/2 -1/-1 0/3 -1/-1 0/3 -1/-1 0/3 -1/-1 0/3 -1/-1 0/2 -1/-1 0/3 -1/-1 0/2 -1/-1 0/3 -1/-1 0/2 -1/-1 -1/-1 1/2 -1/-1 0/3 -1/-1 0/2 -1/-1 0/2 -1/-1 -1/-1 1/2 -1/-1 1/3 -1/-1 0/2 -1/-1 0/2 -1/-1 0/2 -1/-1 0/2 -1/-1 -1/-1 0/2 -1/-1 -1/-1 0/2 -1/-1 0/2 -1/-1 -1/-1 -1/-1 -1/-1 -1/-1 -1/-1 -1/-1 -1/-1 -1/-1 -1/-1 -1/-1 -1/-1 -1/-1 0/2 -1/-1 0/3 -1/-1 0/3 -1/-1 0/3 -1/-1 0/3607 -1/-1 0/4 -1/-1 0/3 -1/-1 0/3 -1/-1 0/3 -1/-1 0/3 -1/-1 0/3 -1/-1 0/2 -1/-1 0/3 -1/-1 0/2 -1/-1 0/2 -1/-1 0/2 -1/-1 0/2 -1/-1 0/3 -1/-1 0/2 -1/-1 0/3 -1/-1 0/2 -1/-1 0/3 -1/-1 0/3 -1/-1 0/3 -1/-1 0/3 -1/-1 0/3 -1/-1 0/3845 -1/-1 0/4 -1/-1 0/3 -1/-1 0/3895 -1/-1 0/4 -1/-1 0/3894 -1/-1 0/3893 -1/-1 0/3892 -1/-1 0/3891 -1/-1 0/3890 -1/-1 0/3889 -1/-1 0/3888 -1/-1 0/3887 -1/-1 0/3886 -1/-1
h14.t16.stop_reason = satisfiable
h14.t16.restarts = 2
h14.t16.nogoods_size = 1
h14.t16.nodes = 141
h14.t16.propagations = 141
h14.t0.stop_reason = aborted
h14.t0.restarts = 2
h14.t0.nogoods_size = 1
h14.t0.nodes = 288
h14.t0.propagations = 288
h14.t9.stop_reason = aborted
h14.t9.restarts = 2
h14.t9.nogoods_size = 1
h14.t9.nodes = 764
h14.t9.propagations = 764
h14.t4.stop_reason = aborted
h14.t4.restarts = 2
h14.t4.nogoods_size = 1
h14.t4.nodes = 474
h14.t4.propagations = 474
h14.t2.stop_reason = aborted
h14.t2.restarts = 2
h14.t2.nogoods_size = 1
h14.t2.nodes = 972
h14.t2.propagations = 972
h14.t11.stop_reason = aborted
h14.t11.restarts = 2
h14.t11.nogoods_size = 1
h14.t11.nodes = 979
h14.t11.propagations = 979
h14.t17.stop_reason = aborted
h14.t17.restarts = 2
h14.t17.nogoods_size = 1
h14.t17.nodes = 228
h14.t17.propagations = 228
h14.search_time = 1842
h14.nodes = 9565
h14.propagations = 22067
h15.t17.stop_reason = aborted
h15.t17.restarts = 2
h15.t17.nogoods_size = 1
h15.t17.nodes = 1667
h15.t17.propagations = 1667
h15.t0.stop_reason = aborted
h15.t0.restarts = 2
h15.t0.nogoods_size = 1
h15.t0.nodes = 1364
h15.t0.propagations = 1364
h15.t10.stop_reason = aborted
h15.t10.restarts = 2
h15.t10.nogoods_size = 1
h15.t10.nodes = 1358
h15.t10.propagations = 1358
h15.t14.stop_reason = aborted
h15.t14.restarts = 2
h15.t14.nogoods_size = 1
h15.t14.nodes = 1930
h15.t14.propagations = 1930
h15.t16.stop_reason = aborted
h15.t16.restarts = 2
h15.t16.nogoods_size = 1
h15.t16.nodes = 1539
h15.t16.propagations = 1539
h15.t11.stop_reason = aborted
h15.t11.restarts = 2
h15.t11.nogoods_size = 1
h15.t11.nodes = 1739
h15.t11.propagations = 1739
h15.t2.stop_reason = aborted
h15.t2.restarts = 2
h15.t2.nogoods_size = 1
h15.t2.nodes = 2367
h15.t2.propagations = 2367
h15.t8.where = -1/-1 1/35 -1/-1 1/11 -1/-1 0/2 -1/-1 -1/-1 -1/-1 -1/-1 0/2 -1/-1 -1/-1 0/3490 -1/-1 0/4 -1/-1 0/2 -1/-1 0/2 -1/-1 -1/-1 -1/-1 0/3 -1/-1 0/2 -1/-1 -1/-1 0/2 -1/-1 0/2 -1/-1 0/3 -1/-1 0/2 -1/-1 -1/-1 0/3 -1/-1 0/3 -1/-1 0/3 -1/-1 0/3 -1/-1 0/3 -1/-1 0/3 -1/-1 1/2 -1/-1 0/3 -1/-1 0/2 -1/-1 -1/-1 -1/-1 -1/-1 0/2 -1/-1 0/2 -1/-1 0/2 -1/-1 0/2 -1/-1 0/2 -1/-1 0/3 -1/-1 0/3 -1/-1 0/3 -1/-1 0/3 -1/-1 0/3 -1/-1 0/3 -1/-1 0/3 -1/-1 0/3 -1/-1 0/3 -1/-1 1/2 -1/-1 0/3 -1/-1 1/2 -1/-1 1/2 -1/-1 1/2 -1/-1 1/2 -1/-1 0/2 -1/-1 -1/-1 0/2 -1/-1 1/2 -1/-1 0/2 -1/-1 0/2 -1/-1 0/2 -1/-1 -1/-1 -1/-1 -1/-1 0/2 -1/-1 -1/-1 0/3 -1/-1 0/2 -1/-1 0/2 -1/-1 -1/-1 0/2 -1/-1 0/2 -1/-1 0/2 -1/-1 0/3 -1/-1 0/3 -1/-1 0/3 -1/-1 0/3 -1/-1 0/3 -1/-1 0/3 -1/-1 -1/-1 -1/-1 0/3 -1/-1 0/2 -1/-1 -1/-1 0/3 -1/-1 0/2 -1/-1 0/3 -1/-1 0/2 -1/-1 -1/-1 0/2 -1/-1 0/2 -1/-1 0/2 -1/-1 0/2 -1/-1 1/2 -1/-1 0/2 -1/-1 -1/-1 -1/-1 0/2 -1/-1 0/2 -1/-1 -1/-1 0/2 -1/-1 0/2 -1/-1 -1/-1 0/3 -1/-1 0/2 -1/-1 -1/-1 0/2 -1/-1 -1/-1 0/2 -1/-1 0/2 -1/-1 0/2 -1/-1 0/3 -1/-1 0/2 -1/-1 0/3 -1/-1 0/3 -1/-1 0/3 -1/-1 0/3 -1/-1 0/2 -1/-1 0/2 -1/-1 0/3 -1/-1 0/2 -1/-1 0/2 -1/-1 -1/-1 0/2 -1/-1 0/3 -1/-1 0/3 -1/-1 0/3606 -1/-1 0/4 -1/-1 0/3 -1/-1 0/3 -1/-1 0/3 -1/-1 0/3 -1/-1 0/2 -1/-1 -1/-1 0/2 -1/-1 -1/-1 0/2 -1/-1 -1/-1 0/2 -1/-1 -1/-1 0/2 -1/-1 0/2 -1/-1 0/3 -1/-1 0/2 -1/-1 0/2 -1/-1 0/2 -1/-1 0/2 -1/-1 0/3 -1/-1 0/3845 -1/-1 0/4 -1/-1 0/3 -1/-1 0/3894 -1/-1 0/4 -1/-1 0/3893 -1/-1 0/3892 -1/-1 0/3891 -1/-1 0/3890 -1/-1 0/3889 -1/-1 0/3888 -1/-1 0/3887 -1/-1 0/3886 -1/-1 0/3885 -1/-1
h15.t8.stop_reason = satisfiable
h15.t8.restarts = 2
h15.t8.nogoods_size = 1
h15.t8.nodes = 1843
h15.t8.propagations = 1843
h15.t6.stop_reason = aborted
h15.t6.restarts = 2
h15.t6.nogoods_size = 1
h15.t6.nodes = 3703
h15.t6.propagations = 3703
h15.t15.stop_reason = aborted
h15.t15.restarts = 2
h15.t15.nogoods_size = 1
h15.t15.nodes = 4132
h15.t15.propagations = 4132
h15.t5.stop_reason = aborted
h15.t5.restarts = 2
h15.t5.nogoods_size = 1
h15.t5.nodes = 3269
h15.t5.propagations = 3269
h15.t13.stop_reason = aborted
h15.t13.restarts = 2
h15.t13.nogoods_size = 1
h15.t13.nodes = 3795
h15.t13.propagations = 3795
h15.t1.stop_reason = aborted
h15.t1.restarts = 2
h15.t1.nogoods_size = 1
h15.t1.nodes = 3827
h15.t1.propagations = 3827
h15.t12.stop_reason = aborted
h15.t12.restarts = 2
h15.t12.nogoods_size = 1
h15.t12.nodes = 3220
h15.t12.propagations = 3220
h15.t9.stop_reason = aborted
h15.t9.restarts = 2
h15.t9.nogoods_size = 1
h15.t9.nodes = 2998
h15.t9.propagations = 2998
h15.t4.stop_reason = aborted
h15.t4.restarts = 2
h15.t4.nogoods_size = 1
h15.t4.nodes = 1906
h15.t4.propagations = 1906
h15.t3.stop_reason = aborted
h15.t3.restarts = 2
h15.t3.nogoods_size = 1
h15.t3.nodes = 1544
h15.t3.propagations = 1544
h15.t7.stop_reason = aborted
h15.t7.restarts = 2
h15.t7.nogoods_size = 1
h15.t7.nodes = 2955
h15.t7.propagations = 2955
h15.search_time = 1892
h15.nodes = 45156
h15.propagations = 108120
h16.t3.stop_reason = aborted
h16.t3.restarts = 2
h16.t3.nogoods_size = 1
h16.t3.nodes = 4544
h16.t3.propagations = 4544
h16.t14.stop_reason = aborted
h16.t14.restarts = 2
h16.t14.nogoods_size = 1
h16.t14.nodes = 6739
h16.t14.propagations = 6739
h16.t2.stop_reason = aborted
h16.t2.restarts = 2
h16.t2.nogoods_size = 1
h16.t2.nodes = 8846
h16.t2.propagations = 8846
h16.t4.stop_reason = aborted
h16.t4.restarts = 2
h16.t4.nogoods_size = 1
h16.t4.nodes = 13665
h16.t4.propagations = 13665
h16.t16.stop_reason = aborted
h16.t16.restarts = 2
h16.t16.nogoods_size = 1
h16.t16.nodes = 6136
h16.t16.propagations = 6136
h16.t15.stop_reason = aborted
h16.t15.restarts = 2
h16.t15.nogoods_size = 1
h16.t15.nodes = 17401
h16.t15.propagations = 17401
h16.t13.stop_reason = aborted
h16.t13.restarts = 2
h16.t13.nogoods_size = 1
h16.t13.nodes = 13287
h16.t13.propagations = 13287
h16.t11.stop_reason = aborted
h16.t11.restarts = 2
h16.t11.nogoods_size = 1
h16.t11.nodes = 14501
h16.t11.propagations = 14501
h16.t7.stop_reason = aborted
h16.t7.restarts = 2
h16.t7.nogoods_size = 1
h16.t7.nodes = 14384
h16.t7.propagations = 14384
h16.t5.stop_reason = aborted
h16.t5.restarts = 2
h16.t5.nogoods_size = 1
h16.t5.nodes = 12350
h16.t5.propagations = 12350
h16.t17.stop_reason = aborted
h16.t17.restarts = 2
h16.t17.nogoods_size = 1
h16.t17.nodes = 5986
h16.t17.propagations = 5986
h16.t6.where = -1/-1 4/35 -1/-1 0/11 -1/-1 0/2 -1/-1 -1/-1 -1/-1 -1/-1 -1/-1 -1/-1 0/3491 -1/-1 0/4 -1/-1 0/2 -1/-1 0/2 -1/-1 -1/-1 0/2 -1/-1 0/3 -1/-1 0/2 -1/-1 0/2 -1/-1 -1/-1 0/3 -1/-1 0/3 -1/-1 0/2 -1/-1 0/3 -1/-1 0/3 -1/-1 0/3 -1/-1 0/2 -1/-1 0/2 -1/-1 0/3 -1/-1 0/2 -1/-1 0/3 -1/-1 0/2 -1/-1 -1/-1 -1/-1 -1/-1 0/2 -1/-1 0/2 -1/-1 0/2 -1/-1 0/3 -1/-1 0/3 -1/-1 0/3 -1/-1 0/3 -1/-1 0/3 -1/-1 0/3 -1/-1 0/3 -1/-1 0/3 -1/-1 0/3 -1/-1 0/2 -1/-1 0/3 -1/-1 1/2 -1/-1 1/2 -1/-1 1/2 -1/-1 0/2 -1/-1 -1/-1 0/3 -1/-1 0/2 -1/-1 1/2 -1/-1 0/2 -1/-1 1/2 -1/-1 0/2 -1/-1 0/2 -1/-1 0/2 -1/-1 0/2 -1/-1 0/2 -1/-1 0/2 -1/-1 0/3 -1/-1 0/2 -1/-1 0/2 -1/-1 -1/-1 0/3 -1/-1 0/3 -1/-1 0/3 -1/-1 0/2 -1/-1 0/3 -1/-1 0/2 -1/-1 0/2 -1/-1 0/3 -1/-1 0/3 -1/-1 0/3 -1/-1 0/3 -1/-1 0/3 -1/-1 -1/-1 0/3 -1/-1 0/3 -1/-1 0/2 -1/-1 0/2 -1/-1 0/2 -1/-1 0/2 -1/-1 0/3 -1/-1 0/3 -1/-1 0/3 -1/-1 0/2 -1/-1 0/2 -1/-1 -1/-1 0/3 -1/-1 0/2 -1/-1 -1/-1 1/2 -1/-1 -1/-1 0/2 -1/-1 -1/-1 -1/-1 0/2 -1/-1 0/2 -1/-1 -1/-1 0/2 -1/-1 0/2 -1/-1 -1/-1 -1/-1 0/2 -1/-1 0/2 -1/-1 0/2 -1/-1 0/2 -1/-1 0/2 -1/-1 0/2 -1/-1 0/3 -1/-1 0/2 -1/-1 -1/-1 0/3 -1/-1 0/2 -1/-1 0/2 -1/-1 -1/-1 0/2 -1/-1 0/3 -1/-1 -1/-1 0/2 -1/-1 0/3 -1/-1 0/3 -1/-1 0/3607 -1/-1 0/4 -1/-1 0/3 -1/-1 0/3 -1/-1 0/3 -1/-1 0/3 -1/-1 0/3 -1/-1 -1/-1 0/2 -1/-1 0/2 -1/-1 0/2 -1/-1 0/2 -1/-1 0/3 -1/-1 0/3 -1/-1 0/3 -1/-1 0/3 -1/-1 0/3 -1/-1 0/3 -1/-1 0/3 -1/-1 0/3 -1/-1 0/3 -1/-1 0/3 -1/-1 0/3845 -1/-1 0/4 -1/-1 0/3 -1/-1 0/3895 -1/-1 0/4 -1/-1 0/3894 -1/-1 0/3893 -1/-1 0/3892 -1/-1 0/3891 -1/-1 0/3890 -1/-1 0/3889 -1/-1 0/3888 -1/-1 0/3887 -1/-1 0/3886 -1/-1
h16.t6.stop_reason = satisfiable
h16.t6.restarts = 2
h16.t6.nogoods_size = 1
h16.t6.nodes = 15565
h16.t6.propagations = 15565
h16.t0.stop_reason = aborted
h16.t0.restarts = 2
h16.t0.nogoods_size = 1
h16.t0.nodes = 4991
h16.t0.propagations = 4991
h16.t1.stop_reason = aborted
h16.t1.restarts = 2
h16.t1.nogoods_size = 1
h16.t1.nodes = 12040
h16.t1.propagations = 12040
h16.t10.stop_reason = aborted
h16.t10.restarts = 2
h16.t10.nogoods_size = 1
h16.t10.nodes = 9607
h16.t10.propagations = 9607
h16.t8.stop_reason = aborted
h16.t8.restarts = 2
h16.t8.nogoods_size = 1
h16.t8.nodes = 26513
h16.t8.propagations = 26513
h16.t9.stop_reason = aborted
h16.t9.restarts = 2
h16.t9.nogoods_size = 1
h16.t9.nodes = 14106
h16.t9.propagations = 14106
h16.t12.stop_reason = aborted
h16.t12.restarts = 2
h16.t12.nogoods_size = 1
h16.t12.nodes = 19171
h16.t12.propagations = 19171
h16.search_time = 1839
h16.nodes = 219832
h16.propagations = 540357
h17.t17.stop_reason = aborted
h17.t17.restarts = 2
h17.t17.nogoods_size = 1
h17.t17.nodes = 884
h17.t17.propagations = 884
h17.t0.stop_reason = aborted
h17.t0.restarts = 2
h17.t0.nogoods_size = 1
h17.t0.nodes = 736
h17.t0.propagations = 736
h17.t12.where = -1/-1 0/35 -1/-1 0/20 -1/-1 0/2 -1/-1 -1/-1 -1/-1 -1/-1 -1/-1 -1/-1 0/3491 -1/-1 0/4 -1/-1 0/2 -1/-1 0/2 -1/-1 -1/-1 0/2 -1/-1 0/3 -1/-1 0/2 -1/-1 -1/-1 0/2 -1/-1 0/2 -1/-1 0/3 -1/-1 0/2 -1/-1 -1/-1 0/3 -1/-1 0/3 -1/-1 0/3 -1/-1 0/3 -1/-1 0/3 -1/-1 0/2 -1/-1 -1/-1 0/2 -1/-1 -1/-1 0/2 -1/-1 0/2 -1/-1 -1/-1 -1/-1 -1/-1 -1/-1 -1/-1 0/2 -1/-1 -1/-1 0/2 -1/-1 0/2 -1/-1 0/2 -1/-1 0/2 -1/-1 0/2 -1/-1 0/2 -1/-1 0/2 -1/-1 0/2 -1/-1 0/2 -1/-1 1/3 -1/-1 0/3 -1/-1 0/3 -1/-1 1/3 -1/-1 1/3 -1/-1 0/3 -1/-1 0/3 -1/-1 0/2 -1/-1 1/3 -1/-1 -1/-1 -1/-1 -1/-1 1/2 -1/-1 1/2 -1/-1 -1/-1 -1/-1 -1/-1 0/3 -1/-1 0/2 -1/-1 0/2 -1/-1 0/2 -1/-1 -1/-1 0/2 -1/-1 0/3 -1/-1 0/2 -1/-1 0/2 -1/-1 0/2 -1/-1 0/2 -1/-1 0/2 -1/-1 0/3 -1/-1 0/3 -1/-1 0/3 -1/-1 0/2 -1/-1 0/3 -1/-1 0/2 -1/-1 0/3 -1/-1 0/3 -1/-1 -1/-1 0/3 -1/-1 0/3 -1/-1 1/3 -1/-1 0/3 -1/-1 0/2 -1/-1 -1/-1 0/2 -1/-1 -1/-1 0/2 -1/-1 0/3 -1/-1 0/2 -1/-1 0/2 -1/-1 0/2 -1/-1 0/3 -1/-1 0/2 -1/-1 0/2 -1/-1 0/2 -1/-1 -1/-1 0/3 -1/-1 0/2 -1/-1 0/2 -1/-1 0/2 -1/-1 0/2 -1/-1 0/3 -1/-1 0/3 -1/-1 -1/-1 0/2 -1/-1 0/2 -1/-1 0/3 -1/-1 0/2 -1/-1 0/2 -1/-1 0/2 -1/-1 0/3 -1/-1 -1/-1 0/3 -1/-1 0/3 -1/-1 0/3 -1/-1 0/3 -1/-1 0/3 -1/-1 0/3607 -1/-1 0/4 -1/-1 0/3 -1/-1 0/3 -1/-1 0/2 -1/-1 0/2 -1/-1 0/3 -1/-1 0/2 -1/-1 -1/-1 0/2 -1/-1 0/2 -1/-1 0/2 -1/-1 0/2 -1/-1 0/3 -1/-1 0/3 -1/-1 0/3 -1/-1 0/2 -1/-1 0/3 -1/-1 0/2 -1/-1 0/2 -1/-1 0/2 -1/-1 0/3 -1/-1 0/3845 -1/-1 0/4 -1/-1 0/3 -1/-1 0/3895 -1/-1 0/2 -1/-1 0/3894 -1/-1 0/3893 -1/-1 0/3892 -1/-1 0/3891 -1/-1 0/3890 -1/-1 0/3889 -1/-1 0/3888 -1/-1 0/3887 -1/-1 0/3886 -1/-1
h17.t12.stop_reason = satisfiable
h17.t12.restarts = 2
h17.t12.nogoods_size = 1
h17.t12.nodes = 1427
h17.t12.propagations = 1427
h17.t3.stop_reason = aborted
h17.t3.restarts = 2
h17.t3.nogoods_size = 1
h17.t3.nodes = 979
h17.t3.propagations = 979
h17.t15.stop_reason = aborted
h17.t15.restarts = 2
h17.t15.nogoods_size = 1
h17.t15.nodes = 891
h17.t15.propagations = 891
h17.t5.stop_reason = aborted
h17.t5.restarts = 2
h17.t5.nogoods_size = 1
h17.t5.nodes = 1160
h17.t5.propagations = 1160
h17.t2.stop_reason = aborted
h17.t2.restarts = 2
h17.t2.nogoods_size = 1
h17.t2.nodes = 2259
h17.t2.propagations = 2259
h17.t16.stop_reason = aborted
h17.t16.restarts = 2
h17.t16.nogoods_size = 1
h17.t16.nodes = 2396
h17.t16.propagations = 2396
h17.t6.stop_reason = aborted
h17.t6.restarts = 2
h17.t6.nogoods_size = 1
h17.t6.nodes = 1946
h17.t6.propagations = 1946
h17.t11.stop_reason = aborted
h17.t11.restarts = 2
h17.t11.nogoods_size = 1
h17.t11.nodes = 2105
h17.t11.propagations = 2105
h17.t1.stop_reason = aborted
h17.t1.restarts = 2
h17.t1.nogoods_size = 1
h17.t1.nodes = 2279
h17.t1.propagations = 2279
h17.t7.stop_reason = aborted
h17.t7.restarts = 2
h17.t7.nogoods_size = 1
h17.t7.nodes = 2282
h17.t7.propagations = 2282
h17.t4.stop_reason = aborted
h17.t4.restarts = 2
h17.t4.nogoods_size = 1
h17.t4.nodes = 1152
h17.t4.propagations = 1152
h17.t8.stop_reason = aborted
h17.t8.restarts = 2
h17.t8.nogoods_size = 1
h17.t8.nodes = 2363
h17.t8.propagations = 2363
h17.t13.stop_reason = aborted
h17.t13.restarts = 2
h17.t13.nogoods_size = 1
h17.t13.nodes = 2462
h17.t13.propagations = 2462
h17.t10.stop_reason = aborted
h17.t10.restarts = 2
h17.t10.nogoods_size = 1
h17.t10.nodes = 1564
h17.t10.propagations = 1564
h17.t14.stop_reason = aborted
h17.t14.restarts = 2
h17.t14.nogoods_size = 1
h17.t14.nodes = 1841
h17.t14.propagations = 1841
h17.t9.stop_reason = aborted
h17.t9.restarts = 2
h17.t9.nogoods_size = 1
h17.t9.nodes = 1996
h17.t9.propagations = 1996
h17.search_time = 1885
h17.nodes = 30722
h17.propagations = 72037
h18.t3.stop_reason = aborted
h18.t3.restarts = 2
h18.t3.nogoods_size = 1
h18.t3.nodes = 609
h18.t3.propagations = 609
h18.t1.stop_reason = aborted
h18.t1.restarts = 2
h18.t1.nogoods_size = 1
h18.t1.nodes = 300
h18.t1.propagations = 300
h18.t15.stop_reason = aborted
h18.t15.restarts = 2
h18.t15.nogoods_size = 1
h18.t15.nodes = 836
h18.t15.propagations = 836
h18.t13.stop_reason = aborted
h18.t13.restarts = 2
h18.t13.nogoods_size = 1
h18.t13.nodes = 467
h18.t13.propagations = 467
h18.t14.stop_reason = aborted
h18.t14.restarts = 2
h18.t14.nogoods_size = 1
h18.t14.nodes = 773
h18.t14.propagations = 773
h18.t9.stop_reason = aborted
h18.t9.restarts = 2
h18.t9.nogoods_size = 1
h18.t9.nodes = 792
h18.t9.propagations = 792
h18.t16.stop_reason = aborted
h18.t16.restarts = 2
h18.t16.nogoods_size = 1
h18.t16.nodes = 726
h18.t16.propagations = 726
h18.t4.where = -1/-1 0/35 -1/-1 0/11 -1/-1 0/2 -1/-1 -1/-1 -1/-1 -1/-1 0/2 -1/-1 -1/-1 0/3490 -1/-1 0/4 -1/-1 0/2 -1/-1 0/2 -1/-1 -1/-1 0/2 -1/-1 0/3 -1/-1 0/2 -1/-1 0/2 -1/-1 0/2 -1/-1 -1/-1 0/2 -1/-1 0/2 -1/-1 -1/-1 0/2 -1/-1 0/2 -1/-1 0/2 -1/-1 0/3 -1/-1 0/3 -1/-1 0/2 -1/-1 0/3 -1/-1 0/2 -1/-1 -1/-1 -1/-1 -1/-1 -1/-1 0/2 -1/-1 -1/-1 0/2 -1/-1 0/2 -1/-1 0/2 -1/-1 -1/-1 -1/-1 0/2 -1/-1 0/2 -1/-1 0/2 -1/-1 0/2 -1/-1 0/2 -1/-1 0/2 -1/-1 0/2 -1/-1 0/2 -1/-1 0/3 -1/-1 0/2 -1/-1 0/3 -1/-1 0/3 -1/-1 0/3 -1/-1 0/2 -1/-1 -1/-1 0/2 -1/-1 0/2 -1/-1 0/2 -1/-1 0/2 -1/-1 0/2 -1/-1 -1/-1 0/2 -1/-1 0/2 -1/-1 -1/-1 0/2 -1/-1 0/2 -1/-1 0/3 -1/-1 0/2 -1/-1 0/2 -1/-1 -1/-1 0/3 -1/-1 0/3 -1/-1 0/3 -1/-1 0/3 -1/-1 0/3 -1/-1 0/3 -1/-1 -1/-1 0/2 -1/-1 0/2 -1/-1 0/2 -1/-1 0/2 -1/-1 0/3 -1/-1 0/3 -1/-1 0/2 -1/-1 0/2 -1/-1 0/3 -1/-1 0/3 -1/-1 0/3 -1/-1 0/3 -1/-1 0/3 -1/-1 0/2 -1/-1 -1/-1 0/2 -1/-1 0/3 -1/-1 0/2 -1/-1 0/3 -1/-1 0/2 -1/-1 0/3 -1/-1 0/3 -1/-1 0/3 -1/-1 0/3 -1/-1 0/3 -1/-1 0/2 -1/-1 0/3 -1/-1 0/2 -1/-1 0/3 -1/-1 0/3 -1/-1 0/3 -1/-1 0/3 -1/-1 -1/-1 0/2 -1/-1 0/2 -1/-1 0/2 -1/-1 0/2 -1/-1 -1/-1 0/2 -1/-1 0/3 -1/-1 0/2 -1/-1 0/3 -1/-1 0/2 -1/-1 -1/-1 0/3 -1/-1 0/3 -1/-1 0/3 -1/-1 0/3 -1/-1 0/3606 -1/-1 0/4 -1/-1 0/3 -1/-1 0/3 -1/-1 -1/-1 -1/-1 0/2 -1/-1 -1/-1 0/2 -1/-1 -1/-1 0/2 -1/-1 0/3 -1/-1 0/3 -1/-1 0/3 -1/-1 0/2 -1/-1 -1/-1 0/2 -1/-1 0/2 -1/-1 0/3 -1/-1 0/3 -1/-1 0/3 -1/-1 0/3 -1/-1 0/3844 -1/-1 0/4 -1/-1 0/3 -1/-1 0/3894 -1/-1 0/4 -1/-1 0/3893 -1/-1 0/3892 -1/-1 0/3891 -1/-1 0/3890 -1/-1 0/3889 -1/-1 0/3888 -1/-1 0/3887 -1/-1 0/3886 -1/-1 0/3885 -1/-1
h18.t4.stop_reason = satisfiable
h18.t4.restarts = 2
h18.t4.nogoods_size = 1
h18.t4.nodes = 135
h18.t4.propagations = 135
h18.t0.stop_reason = aborted
h18.t0.restarts = 2
h18.t0.nogoods_size = 1
h18.t0.nodes = 324
h18.t0.propagations = 324
h18.t2.stop_reason = aborted
h18.t2.restarts = 2
h18.t2.nogoods_size = 1
h18.t2.nodes = 926
h18.t2.propagations = 926
h18.t5.stop_reason = aborted
h18.t5.restarts = 2
h18.t5.nogoods_size = 1
h18.t5.nodes = 597
h18.t5.propagations = 597
h18.t7.stop_reason = aborted
h18.t7.restarts = 2
h18.t7.nogoods_size = 1
h18.t7.nodes = 951
h18.t7.propagations = 951
h18.t6.stop_reason = aborted
h18.t6.restarts = 2
h18.t6.nogoods_size = 1
h18.t6.nodes = 974
h18.t6.propagations = 974
h18.t11.stop_reason = aborted
h18.t11.restarts = 2
h18.t11.nogoods_size = 1
h18.t11.nodes = 756
h18.t11.propagations = 756
h18.t17.stop_reason = aborted
h18.t17.restarts = 2
h18.t17.nogoods_size = 1
h18.t17.nodes = 276
h18.t17.propagations = 276
h18.t8.stop_reason = aborted
h18.t8.restarts = 2
h18.t8.nogoods_size = 1
h18.t8.nodes = 498
h18.t8.propagations = 498
h18.t10.stop_reason = aborted
h18.t10.restarts = 2
h18.t10.nogoods_size = 1
h18.t10.nodes = 620
h18.t10.propagations = 620
h18.t12.stop_reason = aborted
h18.t12.restarts = 2
h18.t12.nogoods_size = 1
h18.t12.nodes = 467
h18.t12.propagations = 467
h18.search_time = 1869
h18.nodes = 11027
h18.propagations = 25125
h19.t7.stop_reason = aborted
h19.t7.restarts = 2
h19.t7.nogoods_size = 1
h19.t7.nodes = 652
h19.t7.propagations = 652
h19.t10.stop_reason = aborted
h19.t10.restarts = 2
h19.t10.nogoods_size = 1
h19.t10.nodes = 1427
h19.t10.propagations = 1427
h19.t4.stop_reason = aborted
h19.t4.restarts = 2
h19.t4.nogoods_size = 1
h19.t4.nodes = 846
h19.t4.propagations = 846
h19.t8.stop_reason = aborted
h19.t8.restarts = 2
h19.t8.nogoods_size = 1
h19.t8.nodes = 959
h19.t8.propagations = 959
h19.t6.stop_reason = aborted
h19.t6.restarts = 2
h19.t6.nogoods_size = 1
h19.t6.nodes = 383
h19.t6.propagations = 383
h19.t16.stop_reason = aborted
h19.t16.restarts = 2
h19.t16.nogoods_size = 1
h19.t16.nodes = 688
h19.t16.propagations = 688
h19.t5.stop_reason = aborted
h19.t5.restarts = 2
h19.t5.nogoods_size = 1
h19.t5.nodes = 2907
h19.t5.propagations = 2907
h19.t11.stop_reason = aborted
h19.t11.restarts = 2
h19.t11.nogoods_size = 1
h19.t11.nodes = 940
h19.t11.propagations = 940
h19.t14.stop_reason = aborted
h19.t14.restarts = 2
h19.t14.nogoods_size = 1
h19.t14.nodes = 591
h19.t14.propagations = 591
h19.t15.stop_reason = aborted
h19.t15.restarts = 2
h19.t15.nogoods_size = 1
h19.t15.nodes = 903
h19.t15.propagations = 903
h19.t17.where = -1/-1 0/35 -1/-1 0/11 -1/-1 0/2 -1/-1 -1/-1 -1/-1 -1/-1 0/2 -1/-1 -1/-1 0/3491 -1/-1 0/4 -1/-1 0/2 -1/-1 0/2 -1/-1 -1/-1 -1/-1 0/3 -1/-1 0/2 -1/-1 -1/-1 0/2 -1/-1 0/2 -1/-1 0/2 -1/-1 0/3 -1/-1 0/3 -1/-1 0/2 -1/-1 0/3 -1/-1 0/3 -1/-1 0/3 -1/-1 0/3 -1/-1 0/2 -1/-1 1/3 -1/-1 0/2 -1/-1 -1/-1 -1/-1 -1/-1 -1/-1 0/2 -1/-1 -1/-1 0/2 -1/-1 -1/-1 0/2 -1/-1 0/2 -1/-1 0/2 -1/-1 -1/-1 0/2 -1/-1 -1/-1 0/2 -1/-1 0/2 -1/-1 0/2 -1/-1 0/2 -1/-1 0/2 -1/-1 0/2 -1/-1 0/2 -1/-1 0/2 -1/-1 0/2 -1/-1 0/2 -1/-1 0/3 -1/-1 1/3 -1/-1 1/3 -1/-1 2/3 -1/-1 0/2 -1/-1 -1/-1 -1/-1 -1/-1 -1/-1 -1/-1 0/2 -1/-1 0/3 -1/-1 0/2 -1/-1 0/3 -1/-1 0/3 -1/-1 0/2 -1/-1 0/2 -1/-1 0/2 -1/-1 0/2 -1/-1 0/2 -1/-1 0/2 -1/-1 0/2 -1/-1 0/3 -1/-1 0/3 -1/-1 0/3 -1/-1 0/2 -1/-1 0/2 -1/-1 0/3 -1/-1 0/3 -1/-1 -1/-1 0/3 -1/-1 0/2 -1/-1 0/3 -1/-1 0/3 -1/-1 0/2 -1/-1 0/2 -1/-1 0/3 -1/-1 0/2 -1/-1 0/3 -1/-1 0/2 -1/-1 0/3 -1/-1 0/2 -1/-1 0/3 -1/-1 0/2 -1/-1 0/3 -1/-1 0/2 -1/-1 0/2 -1/-1 0/2 -1/-1 -1/-1 0/2 -1/-1 0/2 -1/-1 0/3 -1/-1 0/2 -1/-1 0/3 -1/-1 0/2 -1/-1 0/2 -1/-1 -1/-1 -1/-1 -1/-1 -1/-1 -1/-1 0/2 -1/-1 0/3 -1/-1 0/2 -1/-1 0/2 -1/-1 0/3 -1/-1 0/3 -1/-1 0/2 -1/-1 0/3 -1/-1 0/3 -1/-1 0/3 -1/-1 0/3 -1/-1 0/3606 -1/-1 0/2 -1/-1 -1/-1 0/12 -1/-1 0/23 -1/-1 0/3 -1/-1 0/5 -1/-1 0/3 -1/-1 -1/-1 0/2 -1/-1 0/3 -1/-1 0/2 -1/-1 -1/-1 0/2 -1/-1 0/2 -1/-1 0/2 -1/-1 0/14 -1/-1 -1/-1 0/3 -1/-1 0/3 -1/-1 0/3 -1/-1 0/2 -1/-1 0/3844 -1/-1 -1/-1 -1/-1 0/3895 -1/-1 0/4 -1/-1 0/3894 -1/-1 0/3893 -1/-1 0/3892 -1/-1 0/3891 -1/-1 0/3890 -1/-1 0/3889 -1/-1 0/3888 -1/-1 0/3887 -1/-1 0/3886 -1/-1
h19.t17.stop_reason = satisfiable
h19.t17.restarts = 2
h19.t17.nogoods_size = 1
h19.t17.nodes = 137
h19.t17.propagations = 137
h19.t12.stop_reason = aborted
h19.t12.restarts = 2
h19.t12.nogoods_size = 1
h19.t12.nodes = 1147
h19.t12.propagations = 1147
h19.t2.stop_reason = aborted
h19.t2.restarts = 2
h19.t2.nogoods_size = 1
h19.t2.nodes = 880
h19.t2.propagations = 880
h19.t1.stop_reason = aborted
h19.t1.restarts = 2
h19.t1.nogoods_size = 1
h19.t1.nodes = 481
h19.t1.propagations = 481
h19.t9.stop_reason = aborted
h19.t9.restarts = 2
h19.t9.nogoods_size = 1
h19.t9.nodes = 1256
h19.t9.propagations = 1256
h19.t0.stop_reason = aborted
h19.t0.restarts = 2
h19.t0.nogoods_size = 1
h19.t0.nodes = 436
h19.t0.propagations = 436
h19.t3.stop_reason = aborted
h19.t3.restarts = 2
h19.t3.nogoods_size = 1
h19.t3.nodes = 984
h19.t3.propagations = 984
h19.t13.stop_reason = aborted
h19.t13.restarts = 2
h19.t13.nogoods_size = 1
h19.t13.nodes = 1322
h19.t13.propagations = 1322
h19.search_time = 1848
h19.nodes = 16939
h19.propagations = 39016
