hostname = r1i2n4
commandline = ../glasgow/mpi_solve_subgraph_isomorphism --timeout 1000 --format lad --geometric-restarts=1.0 --restarts-constant=5400 --triggered-restarts --threads 18 ../instances/LV/g11 ../instances/LV/g49
started_at = 2018-11-19 21:01:34
pattern_file = ../instances/LV/g11
target_file = ../instances/LV/g49
status = false
nodes = 1292663572
propagations = 3578272039
runtime = 93078
h0.t17.stop_reason = aborted
h0.t17.restarts = 215
h0.t17.nogoods_size = 1265933
h0.t17.nodes = 1662442
h0.t17.propagations = 1662442
h0.t0.stop_reason = aborted
h0.t0.restarts = 215
h0.t0.nogoods_size = 1265933
h0.t0.nodes = 1152790
h0.t0.propagations = 1152790
h0.t4.stop_reason = unsatisfiable
h0.t4.restarts = 215
h0.t4.nogoods_size = 1265933
h0.t4.nodes = 3572978
h0.t4.propagations = 3572978
h0.t9.stop_reason = unsatisfiable
h0.t9.restarts = 215
h0.t9.nogoods_size = 1265933
h0.t9.nodes = 3768599
h0.t9.propagations = 3768599
h0.t1.stop_reason = aborted
h0.t1.restarts = 215
h0.t1.nogoods_size = 1265933
h0.t1.nodes = 3556833
h0.t1.propagations = 3556833
h0.t12.stop_reason = aborted
h0.t12.restarts = 215
h0.t12.nogoods_size = 1265933
h0.t12.nodes = 3698067
h0.t12.propagations = 3698067
h0.t2.stop_reason = aborted
h0.t2.restarts = 215
h0.t2.nogoods_size = 1265933
h0.t2.nodes = 3880902
h0.t2.propagations = 3880902
h0.t3.stop_reason = aborted
h0.t3.restarts = 215
h0.t3.nogoods_size = 1265933
h0.t3.nodes = 3640645
h0.t3.propagations = 3640645
h0.t10.stop_reason = aborted
h0.t10.restarts = 215
h0.t10.nogoods_size = 1265933
h0.t10.nodes = 3641971
h0.t10.propagations = 3641971
h0.t8.stop_reason = aborted
h0.t8.restarts = 215
h0.t8.nogoods_size = 1265933
h0.t8.nodes = 3746989
h0.t8.propagations = 3746989
h0.t5.stop_reason = aborted
h0.t5.restarts = 215
h0.t5.nogoods_size = 1265933
h0.t5.nodes = 3599419
h0.t5.propagations = 3599419
h0.t11.stop_reason = aborted
h0.t11.restarts = 215
h0.t11.nogoods_size = 1265933
h0.t11.nodes = 3475527
h0.t11.propagations = 3475527
h0.t7.stop_reason = aborted
h0.t7.restarts = 215
h0.t7.nogoods_size = 1265933
h0.t7.nodes = 3821858
h0.t7.propagations = 3821858
h0.t14.stop_reason = aborted
h0.t14.restarts = 215
h0.t14.nogoods_size = 1265933
h0.t14.nodes = 3771111
h0.t14.propagations = 3771111
h0.t6.stop_reason = aborted
h0.t6.restarts = 215
h0.t6.nogoods_size = 1265933
h0.t6.nodes = 3874147
h0.t6.propagations = 3874147
h0.t13.stop_reason = aborted
h0.t13.restarts = 215
h0.t13.nogoods_size = 1265933
h0.t13.nodes = 3625840
h0.t13.propagations = 3625840
h0.t15.stop_reason = aborted
h0.t15.restarts = 215
h0.t15.nogoods_size = 1265933
h0.t15.nodes = 3623242
h0.t15.propagations = 3623242
h0.t16.stop_reason = aborted
h0.t16.restarts = 215
h0.t16.nogoods_size = 1265933
h0.t16.nodes = 3772839
h0.t16.propagations = 3772839
h0.search_time = 84089
h0.nodes = 61886199
h0.propagations = 170950722
h1.t17.stop_reason = aborted
h1.t17.restarts = 215
h1.t17.nogoods_size = 1265684
h1.t17.nodes = 1681269
h1.t17.propagations = 1681269
h1.t0.stop_reason = aborted
h1.t0.restarts = 215
h1.t0.nogoods_size = 1265684
h1.t0.nodes = 1152848
h1.t0.propagations = 1152848
h1.t9.stop_reason = unsatisfiable
h1.t9.restarts = 215
h1.t9.nogoods_size = 1265684
h1.t9.nodes = 3993202
h1.t9.propagations = 3993202
h1.t13.stop_reason = aborted
h1.t13.restarts = 215
h1.t13.nogoods_size = 1265684
h1.t13.nodes = 3810106
h1.t13.propagations = 3810106
h1.t15.stop_reason = aborted
h1.t15.restarts = 215
h1.t15.nogoods_size = 1265684
h1.t15.nodes = 4175654
h1.t15.propagations = 4175654
h1.t5.stop_reason = aborted
h1.t5.restarts = 215
h1.t5.nogoods_size = 1265684
h1.t5.nodes = 3988569
h1.t5.propagations = 3988569
h1.t6.stop_reason = aborted
h1.t6.restarts = 215
h1.t6.nogoods_size = 1265684
h1.t6.nodes = 3962179
h1.t6.propagations = 3962179
h1.t8.stop_reason = aborted
h1.t8.restarts = 215
h1.t8.nogoods_size = 1265684
h1.t8.nodes = 3760472
h1.t8.propagations = 3760472
h1.t10.stop_reason = aborted
h1.t10.restarts = 215
h1.t10.nogoods_size = 1265684
h1.t10.nodes = 3824809
h1.t10.propagations = 3824809
h1.t7.stop_reason = aborted
h1.t7.restarts = 215
h1.t7.nogoods_size = 1265684
h1.t7.nodes = 3881384
h1.t7.propagations = 3881384
h1.t14.stop_reason = aborted
h1.t14.restarts = 215
h1.t14.nogoods_size = 1265684
h1.t14.nodes = 3783772
h1.t14.propagations = 3783772
h1.t4.stop_reason = aborted
h1.t4.restarts = 215
h1.t4.nogoods_size = 1265684
h1.t4.nodes = 3766429
h1.t4.propagations = 3766429
h1.t11.stop_reason = aborted
h1.t11.restarts = 215
h1.t11.nogoods_size = 1265684
h1.t11.nodes = 3645689
h1.t11.propagations = 3645689
h1.t3.stop_reason = aborted
h1.t3.restarts = 215
h1.t3.nogoods_size = 1265684
h1.t3.nodes = 3852390
h1.t3.propagations = 3852390
h1.t16.stop_reason = aborted
h1.t16.restarts = 215
h1.t16.nogoods_size = 1265684
h1.t16.nodes = 3609114
h1.t16.propagations = 3609114
h1.t2.stop_reason = aborted
h1.t2.restarts = 215
h1.t2.nogoods_size = 1265684
h1.t2.nodes = 3610850
h1.t2.propagations = 3610850
h1.t12.stop_reason = aborted
h1.t12.restarts = 215
h1.t12.nogoods_size = 1265684
h1.t12.nodes = 3944741
h1.t12.propagations = 3944741
h1.t1.stop_reason = aborted
h1.t1.restarts = 215
h1.t1.nogoods_size = 1265684
h1.t1.nodes = 3842707
h1.t1.propagations = 3842707
h1.search_time = 84106
h1.nodes = 64286184
h1.propagations = 178550228
h2.t17.stop_reason = aborted
h2.t17.restarts = 215
h2.t17.nogoods_size = 1266076
h2.t17.nodes = 1639745
h2.t17.propagations = 1639745
h2.t0.stop_reason = aborted
h2.t0.restarts = 215
h2.t0.nogoods_size = 1266076
h2.t0.nodes = 1152828
h2.t0.propagations = 1152828
h2.t10.stop_reason = unsatisfiable
h2.t10.restarts = 215
h2.t10.nogoods_size = 1266076
h2.t10.nodes = 3832378
h2.t10.propagations = 3832378
h2.t9.stop_reason = aborted
h2.t9.restarts = 215
h2.t9.nogoods_size = 1266076
h2.t9.nodes = 3570732
h2.t9.propagations = 3570732
h2.t3.stop_reason = aborted
h2.t3.restarts = 215
h2.t3.nogoods_size = 1266076
h2.t3.nodes = 3659436
h2.t3.propagations = 3659436
h2.t8.stop_reason = aborted
h2.t8.restarts = 215
h2.t8.nogoods_size = 1266076
h2.t8.nodes = 3782068
h2.t8.propagations = 3782068
h2.t7.stop_reason = aborted
h2.t7.restarts = 215
h2.t7.nogoods_size = 1266076
h2.t7.nodes = 3716519
h2.t7.propagations = 3716519
h2.t2.stop_reason = aborted
h2.t2.restarts = 215
h2.t2.nogoods_size = 1266076
h2.t2.nodes = 3726990
h2.t2.propagations = 3726990
h2.t14.stop_reason = aborted
h2.t14.restarts = 215
h2.t14.nogoods_size = 1266076
h2.t14.nodes = 3583780
h2.t14.propagations = 3583780
h2.t6.stop_reason = aborted
h2.t6.restarts = 215
h2.t6.nogoods_size = 1266076
h2.t6.nodes = 3658905
h2.t6.propagations = 3658905
h2.t11.stop_reason = aborted
h2.t11.restarts = 215
h2.t11.nogoods_size = 1266076
h2.t11.nodes = 3540569
h2.t11.propagations = 3540569
h2.t5.stop_reason = aborted
h2.t5.restarts = 215
h2.t5.nogoods_size = 1266076
h2.t5.nodes = 3571216
h2.t5.propagations = 3571216
h2.t4.stop_reason = aborted
h2.t4.restarts = 215
h2.t4.nogoods_size = 1266076
h2.t4.nodes = 3603231
h2.t4.propagations = 3603231
h2.t15.stop_reason = aborted
h2.t15.restarts = 215
h2.t15.nogoods_size = 1266076
h2.t15.nodes = 3560629
h2.t15.propagations = 3560629
h2.t16.stop_reason = aborted
h2.t16.restarts = 215
h2.t16.nogoods_size = 1266076
h2.t16.nodes = 3557255
h2.t16.propagations = 3557255
h2.t12.stop_reason = aborted
h2.t12.restarts = 215
h2.t12.nogoods_size = 1266076
h2.t12.nodes = 3576746
h2.t12.propagations = 3576746
h2.t13.stop_reason = aborted
h2.t13.restarts = 215
h2.t13.nogoods_size = 1266076
h2.t13.nodes = 3631951
h2.t13.propagations = 3631951
h2.t1.stop_reason = aborted
h2.t1.restarts = 215
h2.t1.nogoods_size = 1266076
h2.t1.nodes = 3749903
h2.t1.propagations = 3749903
h2.search_time = 84102
h2.nodes = 61114881
h2.propagations = 168651764
h3.t17.stop_reason = aborted
h3.t17.restarts = 215
h3.t17.nogoods_size = 1266318
h3.t17.nodes = 1646588
h3.t17.propagations = 1646588
h3.t0.stop_reason = aborted
h3.t0.restarts = 215
h3.t0.nogoods_size = 1266318
h3.t0.nodes = 1152882
h3.t0.propagations = 1152882
h3.t14.stop_reason = unsatisfiable
h3.t14.restarts = 215
h3.t14.nogoods_size = 1266318
h3.t14.nodes = 3518704
h3.t14.propagations = 3518704
h3.t11.stop_reason = aborted
h3.t11.restarts = 215
h3.t11.nogoods_size = 1266318
h3.t11.nodes = 3656604
h3.t11.propagations = 3656604
h3.t15.stop_reason = aborted
h3.t15.restarts = 215
h3.t15.nogoods_size = 1266318
h3.t15.nodes = 3460197
h3.t15.propagations = 3460197
h3.t9.stop_reason = aborted
h3.t9.restarts = 215
h3.t9.nogoods_size = 1266318
h3.t9.nodes = 3756387
h3.t9.propagations = 3756387
h3.t16.stop_reason = aborted
h3.t16.restarts = 215
h3.t16.nogoods_size = 1266318
h3.t16.nodes = 3673479
h3.t16.propagations = 3673479
h3.t5.stop_reason = aborted
h3.t5.restarts = 215
h3.t5.nogoods_size = 1266318
h3.t5.nodes = 3806063
h3.t5.propagations = 3806063
h3.t7.stop_reason = aborted
h3.t7.restarts = 215
h3.t7.nogoods_size = 1266318
h3.t7.nodes = 3517419
h3.t7.propagations = 3517419
h3.t8.stop_reason = aborted
h3.t8.restarts = 215
h3.t8.nogoods_size = 1266318
h3.t8.nodes = 3709544
h3.t8.propagations = 3709544
h3.t4.stop_reason = aborted
h3.t4.restarts = 215
h3.t4.nogoods_size = 1266318
h3.t4.nodes = 3992836
h3.t4.propagations = 3992836
h3.t10.stop_reason = aborted
h3.t10.restarts = 215
h3.t10.nogoods_size = 1266318
h3.t10.nodes = 3452096
h3.t10.propagations = 3452096
h3.t12.stop_reason = aborted
h3.t12.restarts = 215
h3.t12.nogoods_size = 1266318
h3.t12.nodes = 3742979
h3.t12.propagations = 3742979
h3.t3.stop_reason = aborted
h3.t3.restarts = 215
h3.t3.nogoods_size = 1266318
h3.t3.nodes = 3473400
h3.t3.propagations = 3473400
h3.t13.stop_reason = aborted
h3.t13.restarts = 215
h3.t13.nogoods_size = 1266318
h3.t13.nodes = 3705488
h3.t13.propagations = 3705488
h3.t2.stop_reason = aborted
h3.t2.restarts = 215
h3.t2.nogoods_size = 1266318
h3.t2.nodes = 3952928
h3.t2.propagations = 3952928
h3.t1.stop_reason = aborted
h3.t1.restarts = 215
h3.t1.nogoods_size = 1266318
h3.t1.nodes = 3615000
h3.t1.propagations = 3615000
h3.t6.stop_reason = aborted
h3.t6.restarts = 215
h3.t6.nogoods_size = 1266318
h3.t6.nodes = 3966158
h3.t6.propagations = 3966158
h3.search_time = 84093
h3.nodes = 61798752
h3.propagations = 171145931
h4.t17.stop_reason = aborted
h4.t17.restarts = 215
h4.t17.nogoods_size = 1265156
h4.t17.nodes = 1684515
h4.t17.propagations = 1684515
h4.t0.stop_reason = aborted
h4.t0.restarts = 215
h4.t0.nogoods_size = 1265156
h4.t0.nodes = 1152911
h4.t0.propagations = 1152911
h4.t5.stop_reason = unsatisfiable
h4.t5.restarts = 215
h4.t5.nogoods_size = 1265156
h4.t5.nodes = 3722223
h4.t5.propagations = 3722223
h4.t11.stop_reason = aborted
h4.t11.restarts = 215
h4.t11.nogoods_size = 1265156
h4.t11.nodes = 3614742
h4.t11.propagations = 3614742
h4.t6.stop_reason = aborted
h4.t6.restarts = 215
h4.t6.nogoods_size = 1265156
h4.t6.nodes = 3717317
h4.t6.propagations = 3717317
h4.t1.stop_reason = aborted
h4.t1.restarts = 215
h4.t1.nogoods_size = 1265156
h4.t1.nodes = 3603619
h4.t1.propagations = 3603619
h4.t8.stop_reason = aborted
h4.t8.restarts = 215
h4.t8.nogoods_size = 1265156
h4.t8.nodes = 3469715
h4.t8.propagations = 3469715
h4.t15.stop_reason = aborted
h4.t15.restarts = 215
h4.t15.nogoods_size = 1265156
h4.t15.nodes = 3639562
h4.t15.propagations = 3639562
h4.t12.stop_reason = aborted
h4.t12.restarts = 215
h4.t12.nogoods_size = 1265156
h4.t12.nodes = 3551649
h4.t12.propagations = 3551649
h4.t13.stop_reason = aborted
h4.t13.restarts = 215
h4.t13.nogoods_size = 1265156
h4.t13.nodes = 3804966
h4.t13.propagations = 3804966
h4.t16.stop_reason = aborted
h4.t16.restarts = 215
h4.t16.nogoods_size = 1265156
h4.t16.nodes = 3796330
h4.t16.propagations = 3796330
h4.t2.stop_reason = aborted
h4.t2.restarts = 215
h4.t2.nogoods_size = 1265156
h4.t2.nodes = 3635953
h4.t2.propagations = 3635953
h4.t9.stop_reason = aborted
h4.t9.restarts = 215
h4.t9.nogoods_size = 1265156
h4.t9.nodes = 3766105
h4.t9.propagations = 3766105
h4.t7.stop_reason = aborted
h4.t7.restarts = 215
h4.t7.nogoods_size = 1265156
h4.t7.nodes = 3615084
h4.t7.propagations = 3615084
h4.t14.stop_reason = aborted
h4.t14.restarts = 215
h4.t14.nogoods_size = 1265156
h4.t14.nodes = 3640587
h4.t14.propagations = 3640587
h4.t4.stop_reason = aborted
h4.t4.restarts = 215
h4.t4.nogoods_size = 1265156
h4.t4.nodes = 3634218
h4.t4.propagations = 3634218
h4.t10.stop_reason = aborted
h4.t10.restarts = 215
h4.t10.nogoods_size = 1265156
h4.t10.nodes = 3495985
h4.t10.propagations = 3495985
h4.t3.stop_reason = aborted
h4.t3.restarts = 215
h4.t3.nogoods_size = 1265156
h4.t3.nodes = 3576926
h4.t3.propagations = 3576926
h4.search_time = 84102
h4.nodes = 61122407
h4.propagations = 169116215
h5.t17.stop_reason = aborted
h5.t17.restarts = 215
h5.t17.nogoods_size = 1265511
h5.t17.nodes = 1679520
h5.t17.propagations = 1679520
h5.t0.stop_reason = aborted
h5.t0.restarts = 215
h5.t0.nogoods_size = 1265511
h5.t0.nodes = 1152853
h5.t0.propagations = 1152853
h5.t10.stop_reason = unsatisfiable
h5.t10.restarts = 215
h5.t10.nogoods_size = 1265511
h5.t10.nodes = 3482342
h5.t10.propagations = 3482342
h5.t1.stop_reason = aborted
h5.t1.restarts = 215
h5.t1.nogoods_size = 1265511
h5.t1.nodes = 3719665
h5.t1.propagations = 3719665
h5.t8.stop_reason = aborted
h5.t8.restarts = 215
h5.t8.nogoods_size = 1265511
h5.t8.nodes = 3413118
h5.t8.propagations = 3413118
h5.t9.stop_reason = aborted
h5.t9.restarts = 215
h5.t9.nogoods_size = 1265511
h5.t9.nodes = 3564541
h5.t9.propagations = 3564541
h5.t4.stop_reason = aborted
h5.t4.restarts = 215
h5.t4.nogoods_size = 1265511
h5.t4.nodes = 3602519
h5.t4.propagations = 3602519
h5.t16.stop_reason = aborted
h5.t16.restarts = 215
h5.t16.nogoods_size = 1265511
h5.t16.nodes = 3780835
h5.t16.propagations = 3780835
h5.t6.stop_reason = aborted
h5.t6.restarts = 215
h5.t6.nogoods_size = 1265511
h5.t6.nodes = 3692686
h5.t6.propagations = 3692686
h5.t15.stop_reason = aborted
h5.t15.restarts = 215
h5.t15.nogoods_size = 1265511
h5.t15.nodes = 3677232
h5.t15.propagations = 3677232
h5.t11.stop_reason = aborted
h5.t11.restarts = 215
h5.t11.nogoods_size = 1265511
h5.t11.nodes = 3520106
h5.t11.propagations = 3520106
h5.t14.stop_reason = aborted
h5.t14.restarts = 215
h5.t14.nogoods_size = 1265511
h5.t14.nodes = 3527414
h5.t14.propagations = 3527414
h5.t7.stop_reason = aborted
h5.t7.restarts = 215
h5.t7.nogoods_size = 1265511
h5.t7.nodes = 3600965
h5.t7.propagations = 3600965
h5.t3.stop_reason = aborted
h5.t3.restarts = 215
h5.t3.nogoods_size = 1265511
h5.t3.nodes = 3553043
h5.t3.propagations = 3553043
h5.t2.stop_reason = aborted
h5.t2.restarts = 215
h5.t2.nogoods_size = 1265511
h5.t2.nodes = 3728828
h5.t2.propagations = 3728828
h5.t5.stop_reason = aborted
h5.t5.restarts = 215
h5.t5.nogoods_size = 1265511
h5.t5.nodes = 3437807
h5.t5.propagations = 3437807
h5.t12.stop_reason = aborted
h5.t12.restarts = 215
h5.t12.nogoods_size = 1265511
h5.t12.nodes = 3483157
h5.t12.propagations = 3483157
h5.t13.stop_reason = aborted
h5.t13.restarts = 215
h5.t13.nogoods_size = 1265511
h5.t13.nodes = 3488827
h5.t13.propagations = 3488827
h5.search_time = 84093
h5.nodes = 60105458
h5.propagations = 166823433
h6.t17.stop_reason = aborted
h6.t17.restarts = 215
h6.t17.nogoods_size = 1266660
h6.t17.nodes = 1781573
h6.t17.propagations = 1781573
h6.t0.stop_reason = aborted
h6.t0.restarts = 215
h6.t0.nogoods_size = 1266660
h6.t0.nodes = 1152883
h6.t0.propagations = 1152883
h6.t5.stop_reason = unsatisfiable
h6.t5.restarts = 215
h6.t5.nogoods_size = 1266660
h6.t5.nodes = 3871385
h6.t5.propagations = 3871385
h6.t13.stop_reason = aborted
h6.t13.restarts = 215
h6.t13.nogoods_size = 1266660
h6.t13.nodes = 3791634
h6.t13.propagations = 3791634
h6.t11.stop_reason = aborted
h6.t11.restarts = 215
h6.t11.nogoods_size = 1266660
h6.t11.nodes = 4059006
h6.t11.propagations = 4059006
h6.t1.stop_reason = aborted
h6.t1.restarts = 215
h6.t1.nogoods_size = 1266660
h6.t1.nodes = 4107816
h6.t1.propagations = 4107816
h6.t3.stop_reason = aborted
h6.t3.restarts = 215
h6.t3.nogoods_size = 1266660
h6.t3.nodes = 3862159
h6.t3.propagations = 3862159
h6.t6.stop_reason = aborted
h6.t6.restarts = 215
h6.t6.nogoods_size = 1266660
h6.t6.nodes = 4234781
h6.t6.propagations = 4234781
h6.t14.stop_reason = aborted
h6.t14.restarts = 215
h6.t14.nogoods_size = 1266660
h6.t14.nodes = 3809033
h6.t14.propagations = 3809033
h6.t4.stop_reason = aborted
h6.t4.restarts = 215
h6.t4.nogoods_size = 1266660
h6.t4.nodes = 3965480
h6.t4.propagations = 3965480
h6.t9.stop_reason = aborted
h6.t9.restarts = 215
h6.t9.nogoods_size = 1266660
h6.t9.nodes = 4411021
h6.t9.propagations = 4411021
h6.t16.stop_reason = aborted
h6.t16.restarts = 215
h6.t16.nogoods_size = 1266660
h6.t16.nodes = 3853765
h6.t16.propagations = 3853765
h6.t10.stop_reason = aborted
h6.t10.restarts = 215
h6.t10.nogoods_size = 1266660
h6.t10.nodes = 3854563
h6.t10.propagations = 3854563
h6.t8.stop_reason = aborted
h6.t8.restarts = 215
h6.t8.nogoods_size = 1266660
h6.t8.nodes = 3877546
h6.t8.propagations = 3877546
h6.t12.stop_reason = aborted
h6.t12.restarts = 215
h6.t12.nogoods_size = 1266660
h6.t12.nodes = 4065886
h6.t12.propagations = 4065886
h6.t2.stop_reason = aborted
h6.t2.restarts = 215
h6.t2.nogoods_size = 1266660
h6.t2.nodes = 3896824
h6.t2.propagations = 3896824
h6.t15.stop_reason = aborted
h6.t15.restarts = 215
h6.t15.nogoods_size = 1266660
h6.t15.nodes = 4032069
h6.t15.propagations = 4032069
h6.t7.stop_reason = aborted
h6.t7.restarts = 215
h6.t7.nogoods_size = 1266660
h6.t7.nodes = 4024147
h6.t7.propagations = 4024147
h6.search_time = 84093
h6.nodes = 66651571
h6.propagations = 184857073
h7.t1.stop_reason = aborted
h7.t1.restarts = 215
h7.t1.nogoods_size = 1266039
h7.t1.nodes = 3549730
h7.t1.propagations = 3549730
h7.t16.stop_reason = aborted
h7.t16.restarts = 215
h7.t16.nogoods_size = 1266039
h7.t16.nodes = 3632044
h7.t16.propagations = 3632044
h7.t12.stop_reason = aborted
h7.t12.restarts = 215
h7.t12.nogoods_size = 1266039
h7.t12.nodes = 3538211
h7.t12.propagations = 3538211
h7.t11.stop_reason = aborted
h7.t11.restarts = 215
h7.t11.nogoods_size = 1266039
h7.t11.nodes = 3777822
h7.t11.propagations = 3777822
h7.t15.stop_reason = aborted
h7.t15.restarts = 215
h7.t15.nogoods_size = 1266039
h7.t15.nodes = 3687706
h7.t15.propagations = 3687706
h7.t7.stop_reason = aborted
h7.t7.restarts = 215
h7.t7.nogoods_size = 1266039
h7.t7.nodes = 3773205
h7.t7.propagations = 3773205
h7.t14.stop_reason = aborted
h7.t14.restarts = 215
h7.t14.nogoods_size = 1266039
h7.t14.nodes = 3722708
h7.t14.propagations = 3722708
h7.t9.stop_reason = aborted
h7.t9.restarts = 215
h7.t9.nogoods_size = 1266039
h7.t9.nodes = 3622511
h7.t9.propagations = 3622511
h7.t6.stop_reason = aborted
h7.t6.restarts = 215
h7.t6.nogoods_size = 1266039
h7.t6.nodes = 3616370
h7.t6.propagations = 3616370
h7.t2.stop_reason = aborted
h7.t2.restarts = 215
h7.t2.nogoods_size = 1266039
h7.t2.nodes = 3873034
h7.t2.propagations = 3873034
h7.t5.stop_reason = aborted
h7.t5.restarts = 215
h7.t5.nogoods_size = 1266039
h7.t5.nodes = 3856946
h7.t5.propagations = 3856946
h7.t10.stop_reason = unsatisfiable
h7.t10.restarts = 215
h7.t10.nogoods_size = 1266039
h7.t10.nodes = 3654379
h7.t10.propagations = 3654379
h7.t13.stop_reason = aborted
h7.t13.restarts = 215
h7.t13.nogoods_size = 1266039
h7.t13.nodes = 3795800
h7.t13.propagations = 3795800
h7.t3.stop_reason = aborted
h7.t3.restarts = 215
h7.t3.nogoods_size = 1266039
h7.t3.nodes = 3752085
h7.t3.propagations = 3752085
h7.t4.stop_reason = aborted
h7.t4.restarts = 215
h7.t4.nogoods_size = 1266039
h7.t4.nodes = 3606003
h7.t4.propagations = 3606003
h7.t8.stop_reason = aborted
h7.t8.restarts = 215
h7.t8.nogoods_size = 1266039
h7.t8.nodes = 3706375
h7.t8.propagations = 3706375
h7.t17.stop_reason = aborted
h7.t17.restarts = 215
h7.t17.nogoods_size = 1266039
h7.t17.nodes = 1671838
h7.t17.propagations = 1671838
h7.t0.stop_reason = aborted
h7.t0.restarts = 215
h7.t0.nogoods_size = 1266039
h7.t0.nodes = 1152857
h7.t0.propagations = 1152857
h7.search_time = 84101
h7.nodes = 61989624
h7.propagations = 171441608
h8.t17.stop_reason = aborted
h8.t17.restarts = 215
h8.t17.nogoods_size = 1266614
h8.t17.nodes = 1785677
h8.t17.propagations = 1785677
h8.t0.stop_reason = aborted
h8.t0.restarts = 215
h8.t0.nogoods_size = 1266614
h8.t0.nodes = 1152806
h8.t0.propagations = 1152806
h8.t16.stop_reason = unsatisfiable
h8.t16.restarts = 215
h8.t16.nogoods_size = 1266614
h8.t16.nodes = 4056592
h8.t16.propagations = 4056592
h8.t12.stop_reason = aborted
h8.t12.restarts = 215
h8.t12.nogoods_size = 1266614
h8.t12.nodes = 4146062
h8.t12.propagations = 4146062
h8.t14.stop_reason = aborted
h8.t14.restarts = 215
h8.t14.nogoods_size = 1266614
h8.t14.nodes = 3817634
h8.t14.propagations = 3817634
h8.t10.stop_reason = aborted
h8.t10.restarts = 215
h8.t10.nogoods_size = 1266614
h8.t10.nodes = 3710925
h8.t10.propagations = 3710925
h8.t9.stop_reason = aborted
h8.t9.restarts = 215
h8.t9.nogoods_size = 1266614
h8.t9.nodes = 3841655
h8.t9.propagations = 3841655
h8.t2.stop_reason = aborted
h8.t2.restarts = 215
h8.t2.nogoods_size = 1266614
h8.t2.nodes = 4216981
h8.t2.propagations = 4216981
h8.t1.stop_reason = aborted
h8.t1.restarts = 215
h8.t1.nogoods_size = 1266614
h8.t1.nodes = 3704378
h8.t1.propagations = 3704378
h8.t4.stop_reason = aborted
h8.t4.restarts = 215
h8.t4.nogoods_size = 1266614
h8.t4.nodes = 3942341
h8.t4.propagations = 3942341
h8.t7.stop_reason = aborted
h8.t7.restarts = 215
h8.t7.nogoods_size = 1266614
h8.t7.nodes = 3908018
h8.t7.propagations = 3908018
h8.t5.stop_reason = aborted
h8.t5.restarts = 215
h8.t5.nogoods_size = 1266614
h8.t5.nodes = 3913653
h8.t5.propagations = 3913653
h8.t15.stop_reason = aborted
h8.t15.restarts = 215
h8.t15.nogoods_size = 1266614
h8.t15.nodes = 3946261
h8.t15.propagations = 3946261
h8.t3.stop_reason = aborted
h8.t3.restarts = 215
h8.t3.nogoods_size = 1266614
h8.t3.nodes = 4169705
h8.t3.propagations = 4169705
h8.t6.stop_reason = aborted
h8.t6.restarts = 215
h8.t6.nogoods_size = 1266614
h8.t6.nodes = 3917749
h8.t6.propagations = 3917749
h8.t11.stop_reason = aborted
h8.t11.restarts = 215
h8.t11.nogoods_size = 1266614
h8.t11.nodes = 4184518
h8.t11.propagations = 4184518
h8.t13.stop_reason = aborted
h8.t13.restarts = 215
h8.t13.nogoods_size = 1266614
h8.t13.nodes = 3998690
h8.t13.propagations = 3998690
h8.t8.stop_reason = aborted
h8.t8.restarts = 215
h8.t8.nogoods_size = 1266614
h8.t8.nodes = 3836016
h8.t8.propagations = 3836016
h8.search_time = 84102
h8.nodes = 66249661
h8.propagations = 183534842
h9.t17.stop_reason = aborted
h9.t17.restarts = 215
h9.t17.nogoods_size = 1265804
h9.t17.nodes = 1719912
h9.t17.propagations = 1719912
h9.t0.stop_reason = unsatisfiable
h9.t0.restarts = 215
h9.t0.nogoods_size = 1265804
h9.t0.nodes = 1152802
h9.t0.propagations = 1152802
h9.t5.stop_reason = aborted
h9.t5.restarts = 215
h9.t5.nogoods_size = 1265804
h9.t5.nodes = 3764087
h9.t5.propagations = 3764087
h9.t8.stop_reason = aborted
h9.t8.restarts = 215
h9.t8.nogoods_size = 1265804
h9.t8.nodes = 3733089
h9.t8.propagations = 3733089
h9.t9.stop_reason = aborted
h9.t9.restarts = 215
h9.t9.nogoods_size = 1265804
h9.t9.nodes = 3906935
h9.t9.propagations = 3906935
h9.t7.stop_reason = aborted
h9.t7.restarts = 215
h9.t7.nogoods_size = 1265804
h9.t7.nodes = 3845296
h9.t7.propagations = 3845296
h9.t2.stop_reason = aborted
h9.t2.restarts = 215
h9.t2.nogoods_size = 1265804
h9.t2.nodes = 3896426
h9.t2.propagations = 3896426
h9.t1.stop_reason = aborted
h9.t1.restarts = 215
h9.t1.nogoods_size = 1265804
h9.t1.nodes = 3839620
h9.t1.propagations = 3839620
h9.t14.stop_reason = aborted
h9.t14.restarts = 215
h9.t14.nogoods_size = 1265804
h9.t14.nodes = 3673344
h9.t14.propagations = 3673344
h9.t4.stop_reason = aborted
h9.t4.restarts = 215
h9.t4.nogoods_size = 1265804
h9.t4.nodes = 3759336
h9.t4.propagations = 3759336
h9.t15.stop_reason = aborted
h9.t15.restarts = 215
h9.t15.nogoods_size = 1265804
h9.t15.nodes = 3802415
h9.t15.propagations = 3802415
h9.t10.stop_reason = aborted
h9.t10.restarts = 215
h9.t10.nogoods_size = 1265804
h9.t10.nodes = 3793545
h9.t10.propagations = 3793545
h9.t3.stop_reason = aborted
h9.t3.restarts = 215
h9.t3.nogoods_size = 1265804
h9.t3.nodes = 3643697
h9.t3.propagations = 3643697
h9.t6.stop_reason = aborted
h9.t6.restarts = 215
h9.t6.nogoods_size = 1265804
h9.t6.nodes = 3757958
h9.t6.propagations = 3757958
h9.t16.stop_reason = aborted
h9.t16.restarts = 215
h9.t16.nogoods_size = 1265804
h9.t16.nodes = 3597905
h9.t16.propagations = 3597905
h9.t12.stop_reason = aborted
h9.t12.restarts = 215
h9.t12.nogoods_size = 1265804
h9.t12.nodes = 3713153
h9.t12.propagations = 3713153
h9.t11.stop_reason = aborted
h9.t11.restarts = 215
h9.t11.nogoods_size = 1265804
h9.t11.nodes = 4023947
h9.t11.propagations = 4023947
h9.t13.stop_reason = aborted
h9.t13.restarts = 215
h9.t13.nogoods_size = 1265804
h9.t13.nodes = 3787128
h9.t13.propagations = 3787128
h9.search_time = 84093
h9.nodes = 63410595
h9.propagations = 175734349
h10.t3.stop_reason = aborted
h10.t3.restarts = 215
h10.t3.nogoods_size = 1266308
h10.t3.nodes = 4148484
h10.t3.propagations = 4148484
h10.t12.stop_reason = aborted
h10.t12.restarts = 215
h10.t12.nogoods_size = 1266308
h10.t12.nodes = 3958435
h10.t12.propagations = 3958435
h10.t8.stop_reason = aborted
h10.t8.restarts = 215
h10.t8.nogoods_size = 1266308
h10.t8.nodes = 4416397
h10.t8.propagations = 4416397
h10.t1.stop_reason = aborted
h10.t1.restarts = 215
h10.t1.nogoods_size = 1266308
h10.t1.nodes = 4177584
h10.t1.propagations = 4177584
h10.t4.stop_reason = aborted
h10.t4.restarts = 215
h10.t4.nogoods_size = 1266308
h10.t4.nodes = 4092119
h10.t4.propagations = 4092119
h10.t11.stop_reason = aborted
h10.t11.restarts = 215
h10.t11.nogoods_size = 1266308
h10.t11.nodes = 4282661
h10.t11.propagations = 4282661
h10.t6.stop_reason = aborted
h10.t6.restarts = 215
h10.t6.nogoods_size = 1266308
h10.t6.nodes = 4145241
h10.t6.propagations = 4145241
h10.t13.stop_reason = aborted
h10.t13.restarts = 215
h10.t13.nogoods_size = 1266308
h10.t13.nodes = 4268955
h10.t13.propagations = 4268955
h10.t5.stop_reason = aborted
h10.t5.restarts = 215
h10.t5.nogoods_size = 1266308
h10.t5.nodes = 4199782
h10.t5.propagations = 4199782
h10.t14.stop_reason = aborted
h10.t14.restarts = 215
h10.t14.nogoods_size = 1266308
h10.t14.nodes = 4216418
h10.t14.propagations = 4216418
h10.t10.stop_reason = aborted
h10.t10.restarts = 215
h10.t10.nogoods_size = 1266308
h10.t10.nodes = 4295129
h10.t10.propagations = 4295129
h10.t2.stop_reason = unsatisfiable
h10.t2.restarts = 215
h10.t2.nogoods_size = 1266308
h10.t2.nodes = 4424799
h10.t2.propagations = 4424799
h10.t7.stop_reason = aborted
h10.t7.restarts = 215
h10.t7.nogoods_size = 1266308
h10.t7.nodes = 4107609
h10.t7.propagations = 4107609
h10.t17.stop_reason = aborted
h10.t17.restarts = 215
h10.t17.nogoods_size = 1266308
h10.t17.nodes = 1783069
h10.t17.propagations = 1783069
h10.t15.stop_reason = aborted
h10.t15.restarts = 215
h10.t15.nogoods_size = 1266308
h10.t15.nodes = 4319735
h10.t15.propagations = 4319735
h10.t0.stop_reason = aborted
h10.t0.restarts = 215
h10.t0.nogoods_size = 1266308
h10.t0.nodes = 1152867
h10.t0.propagations = 1152867
h10.t9.stop_reason = aborted
h10.t9.restarts = 215
h10.t9.nogoods_size = 1266308
h10.t9.nodes = 4080038
h10.t9.propagations = 4080038
h10.t16.stop_reason = aborted
h10.t16.restarts = 215
h10.t16.nogoods_size = 1266308
h10.t16.nodes = 4224263
h10.t16.propagations = 4224263
h10.search_time = 84093
h10.nodes = 70293585
h10.propagations = 194266947
h11.t17.stop_reason = aborted
h11.t17.restarts = 215
h11.t17.nogoods_size = 1265475
h11.t17.nodes = 1717024
h11.t17.propagations = 1717024
h11.t0.stop_reason = aborted
h11.t0.restarts = 215
h11.t0.nogoods_size = 1265475
h11.t0.nodes = 1152862
h11.t0.propagations = 1152862
h11.t10.stop_reason = unsatisfiable
h11.t10.restarts = 215
h11.t10.nogoods_size = 1265475
h11.t10.nodes = 3767313
h11.t10.propagations = 3767313
h11.t15.stop_reason = aborted
h11.t15.restarts = 215
h11.t15.nogoods_size = 1265475
h11.t15.nodes = 3716513
h11.t15.propagations = 3716513
h11.t4.stop_reason = aborted
h11.t4.restarts = 215
h11.t4.nogoods_size = 1265475
h11.t4.nodes = 3884105
h11.t4.propagations = 3884105
h11.t8.stop_reason = aborted
h11.t8.restarts = 215
h11.t8.nogoods_size = 1265475
h11.t8.nodes = 3653468
h11.t8.propagations = 3653468
h11.t11.stop_reason = aborted
h11.t11.restarts = 215
h11.t11.nogoods_size = 1265475
h11.t11.nodes = 4037117
h11.t11.propagations = 4037117
h11.t1.stop_reason = aborted
h11.t1.restarts = 215
h11.t1.nogoods_size = 1265475
h11.t1.nodes = 3991087
h11.t1.propagations = 3991087
h11.t12.stop_reason = aborted
h11.t12.restarts = 215
h11.t12.nogoods_size = 1265475
h11.t12.nodes = 3847181
h11.t12.propagations = 3847181
h11.t3.stop_reason = aborted
h11.t3.restarts = 215
h11.t3.nogoods_size = 1265475
h11.t3.nodes = 3738081
h11.t3.propagations = 3738081
h11.t2.stop_reason = aborted
h11.t2.restarts = 215
h11.t2.nogoods_size = 1265475
h11.t2.nodes = 3819246
h11.t2.propagations = 3819246
h11.t5.stop_reason = aborted
h11.t5.restarts = 215
h11.t5.nogoods_size = 1265475
h11.t5.nodes = 4046884
h11.t5.propagations = 4046884
h11.t16.stop_reason = aborted
h11.t16.restarts = 215
h11.t16.nogoods_size = 1265475
h11.t16.nodes = 3880778
h11.t16.propagations = 3880778
h11.t7.stop_reason = aborted
h11.t7.restarts = 215
h11.t7.nogoods_size = 1265475
h11.t7.nodes = 3914554
h11.t7.propagations = 3914554
h11.t13.stop_reason = aborted
h11.t13.restarts = 215
h11.t13.nogoods_size = 1265475
h11.t13.nodes = 3691110
h11.t13.propagations = 3691110
h11.t14.stop_reason = aborted
h11.t14.restarts = 215
h11.t14.nogoods_size = 1265475
h11.t14.nodes = 3989790
h11.t14.propagations = 3989790
h11.t9.stop_reason = aborted
h11.t9.restarts = 215
h11.t9.nogoods_size = 1265475
h11.t9.nodes = 3985578
h11.t9.propagations = 3985578
h11.t6.stop_reason = aborted
h11.t6.restarts = 215
h11.t6.nogoods_size = 1265475
h11.t6.nodes = 3878730
h11.t6.propagations = 3878730
h11.search_time = 84101
h11.nodes = 64711421
h11.propagations = 178762106
h12.t2.stop_reason = aborted
h12.t2.restarts = 215
h12.t2.nogoods_size = 1265994
h12.t2.nodes = 3653562
h12.t2.propagations = 3653562
h12.t12.stop_reason = aborted
h12.t12.restarts = 215
h12.t12.nogoods_size = 1265994
h12.t12.nodes = 3942648
h12.t12.propagations = 3942648
h12.t15.stop_reason = aborted
h12.t15.restarts = 215
h12.t15.nogoods_size = 1265994
h12.t15.nodes = 3759524
h12.t15.propagations = 3759524
h12.t17.stop_reason = aborted
h12.t17.restarts = 215
h12.t17.nogoods_size = 1265994
h12.t17.nodes = 1753319
h12.t17.propagations = 1753319
h12.t4.stop_reason = aborted
h12.t4.restarts = 215
h12.t4.nogoods_size = 1265994
h12.t4.nodes = 3624659
h12.t4.propagations = 3624659
h12.t6.stop_reason = aborted
h12.t6.restarts = 215
h12.t6.nogoods_size = 1265994
h12.t6.nodes = 3738099
h12.t6.propagations = 3738099
h12.t7.stop_reason = aborted
h12.t7.restarts = 215
h12.t7.nogoods_size = 1265994
h12.t7.nodes = 3853875
h12.t7.propagations = 3853875
h12.t11.stop_reason = aborted
h12.t11.restarts = 215
h12.t11.nogoods_size = 1265994
h12.t11.nodes = 3809824
h12.t11.propagations = 3809824
h12.t10.stop_reason = aborted
h12.t10.restarts = 215
h12.t10.nogoods_size = 1265994
h12.t10.nodes = 3845628
h12.t10.propagations = 3845628
h12.t3.stop_reason = aborted
h12.t3.restarts = 215
h12.t3.nogoods_size = 1265994
h12.t3.nodes = 3888027
h12.t3.propagations = 3888027
h12.t13.stop_reason = aborted
h12.t13.restarts = 215
h12.t13.nogoods_size = 1265994
h12.t13.nodes = 3868660
h12.t13.propagations = 3868660
h12.t1.stop_reason = unsatisfiable
h12.t1.restarts = 215
h12.t1.nogoods_size = 1265994
h12.t1.nodes = 3841572
h12.t1.propagations = 3841572
h12.t14.stop_reason = aborted
h12.t14.restarts = 215
h12.t14.nogoods_size = 1265994
h12.t14.nodes = 3794445
h12.t14.propagations = 3794445
h12.t9.stop_reason = aborted
h12.t9.restarts = 215
h12.t9.nogoods_size = 1265994
h12.t9.nodes = 3887246
h12.t9.propagations = 3887246
h12.t16.stop_reason = aborted
h12.t16.restarts = 215
h12.t16.nogoods_size = 1265994
h12.t16.nodes = 3787648
h12.t16.propagations = 3787648
h12.t8.stop_reason = aborted
h12.t8.restarts = 215
h12.t8.nogoods_size = 1265994
h12.t8.nodes = 3928517
h12.t8.propagations = 3928517
h12.t0.stop_reason = aborted
h12.t0.restarts = 215
h12.t0.nogoods_size = 1265994
h12.t0.nodes = 1152812
h12.t0.propagations = 1152812
h12.t5.stop_reason = aborted
h12.t5.restarts = 215
h12.t5.nogoods_size = 1265994
h12.t5.nodes = 4037563
h12.t5.propagations = 4037563
h12.search_time = 84093
h12.nodes = 64167628
h12.propagations = 177301989
h13.t17.stop_reason = aborted
h13.t17.restarts = 215
h13.t17.nogoods_size = 1265715
h13.t17.nodes = 1870208
h13.t17.propagations = 1870208
h13.t0.stop_reason = aborted
h13.t0.restarts = 215
h13.t0.nogoods_size = 1265715
h13.t0.nodes = 1152799
h13.t0.propagations = 1152799
h13.t16.stop_reason = unsatisfiable
h13.t16.restarts = 215
h13.t16.nogoods_size = 1265715
h13.t16.nodes = 4210255
h13.t16.propagations = 4210255
h13.t2.stop_reason = aborted
h13.t2.restarts = 215
h13.t2.nogoods_size = 1265715
h13.t2.nodes = 4112275
h13.t2.propagations = 4112275
h13.t1.stop_reason = aborted
h13.t1.restarts = 215
h13.t1.nogoods_size = 1265715
h13.t1.nodes = 4165524
h13.t1.propagations = 4165524
h13.t6.stop_reason = aborted
h13.t6.restarts = 215
h13.t6.nogoods_size = 1265715
h13.t6.nodes = 3997304
h13.t6.propagations = 3997304
h13.t12.stop_reason = aborted
h13.t12.restarts = 215
h13.t12.nogoods_size = 1265715
h13.t12.nodes = 3914075
h13.t12.propagations = 3914075
h13.t11.stop_reason = aborted
h13.t11.restarts = 215
h13.t11.nogoods_size = 1265715
h13.t11.nodes = 3910189
h13.t11.propagations = 3910189
h13.t10.stop_reason = aborted
h13.t10.restarts = 215
h13.t10.nogoods_size = 1265715
h13.t10.nodes = 4021061
h13.t10.propagations = 4021061
h13.t9.stop_reason = aborted
h13.t9.restarts = 215
h13.t9.nogoods_size = 1265715
h13.t9.nodes = 3966942
h13.t9.propagations = 3966942
h13.t15.stop_reason = aborted
h13.t15.restarts = 215
h13.t15.nogoods_size = 1265715
h13.t15.nodes = 3836573
h13.t15.propagations = 3836573
h13.t5.stop_reason = aborted
h13.t5.restarts = 215
h13.t5.nogoods_size = 1265715
h13.t5.nodes = 4092861
h13.t5.propagations = 4092861
h13.t8.stop_reason = aborted
h13.t8.restarts = 215
h13.t8.nogoods_size = 1265715
h13.t8.nodes = 4022758
h13.t8.propagations = 4022758
h13.t13.stop_reason = aborted
h13.t13.restarts = 215
h13.t13.nogoods_size = 1265715
h13.t13.nodes = 4033932
h13.t13.propagations = 4033932
h13.t4.stop_reason = aborted
h13.t4.restarts = 215
h13.t4.nogoods_size = 1265715
h13.t4.nodes = 4018668
h13.t4.propagations = 4018668
h13.t3.stop_reason = aborted
h13.t3.restarts = 215
h13.t3.nogoods_size = 1265715
h13.t3.nodes = 4286258
h13.t3.propagations = 4286258
h13.t14.stop_reason = aborted
h13.t14.restarts = 215
h13.t14.nogoods_size = 1265715
h13.t14.nodes = 3743065
h13.t14.propagations = 3743065
h13.t7.stop_reason = aborted
h13.t7.restarts = 215
h13.t7.nogoods_size = 1265715
h13.t7.nodes = 4041736
h13.t7.propagations = 4041736
h13.search_time = 84100
h13.nodes = 67396483
h13.propagations = 185928689
h14.t17.stop_reason = aborted
h14.t17.restarts = 215
h14.t17.nogoods_size = 1266201
h14.t17.nodes = 1747683
h14.t17.propagations = 1747683
h14.t0.stop_reason = aborted
h14.t0.restarts = 215
h14.t0.nogoods_size = 1266201
h14.t0.nodes = 1152836
h14.t0.propagations = 1152836
h14.t8.stop_reason = unsatisfiable
h14.t8.restarts = 215
h14.t8.nogoods_size = 1266201
h14.t8.nodes = 3888508
h14.t8.propagations = 3888508
h14.t16.stop_reason = aborted
h14.t16.restarts = 215
h14.t16.nogoods_size = 1266201
h14.t16.nodes = 3738604
h14.t16.propagations = 3738604
h14.t12.stop_reason = aborted
h14.t12.restarts = 215
h14.t12.nogoods_size = 1266201
h14.t12.nodes = 3886095
h14.t12.propagations = 3886095
h14.t6.stop_reason = aborted
h14.t6.restarts = 215
h14.t6.nogoods_size = 1266201
h14.t6.nodes = 3786639
h14.t6.propagations = 3786639
h14.t5.stop_reason = aborted
h14.t5.restarts = 215
h14.t5.nogoods_size = 1266201
h14.t5.nodes = 3552342
h14.t5.propagations = 3552342
h14.t4.stop_reason = aborted
h14.t4.restarts = 215
h14.t4.nogoods_size = 1266201
h14.t4.nodes = 3704004
h14.t4.propagations = 3704004
h14.t1.stop_reason = aborted
h14.t1.restarts = 215
h14.t1.nogoods_size = 1266201
h14.t1.nodes = 3702101
h14.t1.propagations = 3702101
h14.t3.stop_reason = aborted
h14.t3.restarts = 215
h14.t3.nogoods_size = 1266201
h14.t3.nodes = 3753472
h14.t3.propagations = 3753472
h14.t9.stop_reason = aborted
h14.t9.restarts = 215
h14.t9.nogoods_size = 1266201
h14.t9.nodes = 3701882
h14.t9.propagations = 3701882
h14.t11.stop_reason = aborted
h14.t11.restarts = 215
h14.t11.nogoods_size = 1266201
h14.t11.nodes = 3725506
h14.t11.propagations = 3725506
h14.t13.stop_reason = aborted
h14.t13.restarts = 215
h14.t13.nogoods_size = 1266201
h14.t13.nodes = 3624041
h14.t13.propagations = 3624041
h14.t7.stop_reason = aborted
h14.t7.restarts = 215
h14.t7.nogoods_size = 1266201
h14.t7.nodes = 4004301
h14.t7.propagations = 4004301
h14.t10.stop_reason = aborted
h14.t10.restarts = 215
h14.t10.nogoods_size = 1266201
h14.t10.nodes = 3856742
h14.t10.propagations = 3856742
h14.t14.stop_reason = aborted
h14.t14.restarts = 215
h14.t14.nogoods_size = 1266201
h14.t14.nodes = 3753327
h14.t14.propagations = 3753327
h14.t2.stop_reason = aborted
h14.t2.restarts = 215
h14.t2.nogoods_size = 1266201
h14.t2.nodes = 3830725
h14.t2.propagations = 3830725
h14.t15.stop_reason = aborted
h14.t15.restarts = 215
h14.t15.nogoods_size = 1266201
h14.t15.nodes = 3802956
h14.t15.propagations = 3802956
h14.search_time = 84087
h14.nodes = 63211764
h14.propagations = 175115726
h15.t8.stop_reason = aborted
h15.t8.restarts = 215
h15.t8.nogoods_size = 1265330
h15.t8.nodes = 3781120
h15.t8.propagations = 3781120
h15.t5.stop_reason = aborted
h15.t5.restarts = 215
h15.t5.nogoods_size = 1265330
h15.t5.nodes = 3715575
h15.t5.propagations = 3715575
h15.t13.stop_reason = unsatisfiable
h15.t13.restarts = 215
h15.t13.nogoods_size = 1265330
h15.t13.nodes = 3743256
h15.t13.propagations = 3743256
h15.t6.stop_reason = aborted
h15.t6.restarts = 215
h15.t6.nogoods_size = 1265330
h15.t6.nodes = 3647340
h15.t6.propagations = 3647340
h15.t10.stop_reason = aborted
h15.t10.restarts = 215
h15.t10.nogoods_size = 1265330
h15.t10.nodes = 3594905
h15.t10.propagations = 3594905
h15.t3.stop_reason = aborted
h15.t3.restarts = 215
h15.t3.nogoods_size = 1265330
h15.t3.nodes = 3605961
h15.t3.propagations = 3605961
h15.t1.stop_reason = aborted
h15.t1.restarts = 215
h15.t1.nogoods_size = 1265330
h15.t1.nodes = 3671617
h15.t1.propagations = 3671617
h15.t14.stop_reason = aborted
h15.t14.restarts = 215
h15.t14.nogoods_size = 1265330
h15.t14.nodes = 3606863
h15.t14.propagations = 3606863
h15.t12.stop_reason = aborted
h15.t12.restarts = 215
h15.t12.nogoods_size = 1265330
h15.t12.nodes = 3697453
h15.t12.propagations = 3697453
h15.t11.stop_reason = aborted
h15.t11.restarts = 215
h15.t11.nogoods_size = 1265330
h15.t11.nodes = 3480075
h15.t11.propagations = 3480075
h15.t9.stop_reason = aborted
h15.t9.restarts = 215
h15.t9.nogoods_size = 1265330
h15.t9.nodes = 3629373
h15.t9.propagations = 3629373
h15.t16.stop_reason = aborted
h15.t16.restarts = 215
h15.t16.nogoods_size = 1265330
h15.t16.nodes = 3966571
h15.t16.propagations = 3966571
h15.t7.stop_reason = aborted
h15.t7.restarts = 215
h15.t7.nogoods_size = 1265330
h15.t7.nodes = 3767598
h15.t7.propagations = 3767598
h15.t15.stop_reason = aborted
h15.t15.restarts = 215
h15.t15.nogoods_size = 1265330
h15.t15.nodes = 3603419
h15.t15.propagations = 3603419
h15.t2.stop_reason = aborted
h15.t2.restarts = 215
h15.t2.nogoods_size = 1265330
h15.t2.nodes = 3781164
h15.t2.propagations = 3781164
h15.t4.stop_reason = aborted
h15.t4.restarts = 215
h15.t4.nogoods_size = 1265330
h15.t4.nodes = 3738936
h15.t4.propagations = 3738936
h15.t17.stop_reason = aborted
h15.t17.restarts = 215
h15.t17.nogoods_size = 1265330
h15.t17.nodes = 1749276
h15.t17.propagations = 1749276
h15.t0.stop_reason = aborted
h15.t0.restarts = 215
h15.t0.nogoods_size = 1265330
h15.t0.nodes = 1152876
h15.t0.propagations = 1152876
h15.search_time = 84105
h15.nodes = 61933378
h15.propagations = 171474519
h16.t17.stop_reason = aborted
h16.t17.restarts = 215
h16.t17.nogoods_size = 1267007
h16.t17.nodes = 1658991
h16.t17.propagations = 1658991
h16.t0.stop_reason = aborted
h16.t0.restarts = 215
h16.t0.nogoods_size = 1267007
h16.t0.nodes = 1152866
h16.t0.propagations = 1152866
h16.t10.stop_reason = aborted
h16.t10.restarts = 215
h16.t10.nogoods_size = 1267007
h16.t10.nodes = 4361640
h16.t10.propagations = 4361640
h16.t6.stop_reason = aborted
h16.t6.restarts = 215
h16.t6.nogoods_size = 1267007
h16.t6.nodes = 4460131
h16.t6.propagations = 4460131
h16.t7.stop_reason = aborted
h16.t7.restarts = 215
h16.t7.nogoods_size = 1267007
h16.t7.nodes = 4478836
h16.t7.propagations = 4478836
h16.t16.stop_reason = aborted
h16.t16.restarts = 215
h16.t16.nogoods_size = 1267007
h16.t16.nodes = 4318923
h16.t16.propagations = 4318923
h16.t2.stop_reason = aborted
h16.t2.restarts = 215
h16.t2.nogoods_size = 1267007
h16.t2.nodes = 4723447
h16.t2.propagations = 4723447
h16.t12.stop_reason = aborted
h16.t12.restarts = 215
h16.t12.nogoods_size = 1267007
h16.t12.nodes = 4671453
h16.t12.propagations = 4671453
h16.t1.stop_reason = aborted
h16.t1.restarts = 215
h16.t1.nogoods_size = 1267007
h16.t1.nodes = 4250576
h16.t1.propagations = 4250576
h16.t14.stop_reason = aborted
h16.t14.restarts = 215
h16.t14.nogoods_size = 1267007
h16.t14.nodes = 4284408
h16.t14.propagations = 4284408
h16.t9.stop_reason = aborted
h16.t9.restarts = 215
h16.t9.nogoods_size = 1267007
h16.t9.nodes = 4589739
h16.t9.propagations = 4589739
h16.t15.stop_reason = aborted
h16.t15.restarts = 215
h16.t15.nogoods_size = 1267007
h16.t15.nodes = 4699257
h16.t15.propagations = 4699257
h16.t11.stop_reason = aborted
h16.t11.restarts = 215
h16.t11.nogoods_size = 1267007
h16.t11.nodes = 4468734
h16.t11.propagations = 4468734
h16.t5.stop_reason = aborted
h16.t5.restarts = 215
h16.t5.nogoods_size = 1267007
h16.t5.nodes = 4700746
h16.t5.propagations = 4700746
h16.t3.stop_reason = aborted
h16.t3.restarts = 215
h16.t3.nogoods_size = 1267007
h16.t3.nodes = 4473228
h16.t3.propagations = 4473228
h16.t4.stop_reason = aborted
h16.t4.restarts = 215
h16.t4.nogoods_size = 1267007
h16.t4.nodes = 4343967
h16.t4.propagations = 4343967
h16.t8.stop_reason = unsatisfiable
h16.t8.restarts = 215
h16.t8.nogoods_size = 1267007
h16.t8.nodes = 4307001
h16.t8.propagations = 4307001
h16.t13.stop_reason = aborted
h16.t13.restarts = 215
h16.t13.nogoods_size = 1267007
h16.t13.nodes = 4359330
h16.t13.propagations = 4359330
h16.search_time = 84102
h16.nodes = 74303273
h16.propagations = 205780716
h17.t6.stop_reason = unsatisfiable
h17.t6.restarts = 215
h17.t6.nogoods_size = 1266787
h17.t6.nodes = 4301080
h17.t6.propagations = 4301080
h17.t7.stop_reason = aborted
h17.t7.restarts = 215
h17.t7.nogoods_size = 1266787
h17.t7.nodes = 4338960
h17.t7.propagations = 4338960
h17.t5.stop_reason = aborted
h17.t5.restarts = 215
h17.t5.nogoods_size = 1266787
h17.t5.nodes = 4495495
h17.t5.propagations = 4495495
h17.t10.stop_reason = aborted
h17.t10.restarts = 215
h17.t10.nogoods_size = 1266787
h17.t10.nodes = 4357812
h17.t10.propagations = 4357812
h17.t16.stop_reason = aborted
h17.t16.restarts = 215
h17.t16.nogoods_size = 1266787
h17.t16.nodes = 4441014
h17.t16.propagations = 4441014
h17.t0.stop_reason = aborted
h17.t0.restarts = 215
h17.t0.nogoods_size = 1266787
h17.t0.nodes = 1152832
h17.t0.propagations = 1152832
h17.t9.stop_reason = aborted
h17.t9.restarts = 215
h17.t9.nogoods_size = 1266787
h17.t9.nodes = 4227870
h17.t9.propagations = 4227870
h17.t15.stop_reason = aborted
h17.t15.restarts = 215
h17.t15.nogoods_size = 1266787
h17.t15.nodes = 4353010
h17.t15.propagations = 4353010
h17.t17.stop_reason = aborted
h17.t17.restarts = 215
h17.t17.nogoods_size = 1266787
h17.t17.nodes = 1669379
h17.t17.propagations = 1669379
h17.t2.stop_reason = aborted
h17.t2.restarts = 215
h17.t2.nogoods_size = 1266787
h17.t2.nodes = 4244786
h17.t2.propagations = 4244786
h17.t14.stop_reason = aborted
h17.t14.restarts = 215
h17.t14.nogoods_size = 1266787
h17.t14.nodes = 4436101
h17.t14.propagations = 4436101
h17.t8.stop_reason = aborted
h17.t8.restarts = 215
h17.t8.nogoods_size = 1266787
h17.t8.nodes = 4381459
h17.t8.propagations = 4381459
h17.t1.stop_reason = aborted
h17.t1.restarts = 215
h17.t1.nogoods_size = 1266787
h17.t1.nodes = 4144958
h17.t1.propagations = 4144958
h17.t13.stop_reason = aborted
h17.t13.restarts = 215
h17.t13.nogoods_size = 1266787
h17.t13.nodes = 4362558
h17.t13.propagations = 4362558
h17.t3.stop_reason = aborted
h17.t3.restarts = 215
h17.t3.nogoods_size = 1266787
h17.t3.nodes = 4417488
h17.t3.propagations = 4417488
h17.t4.stop_reason = aborted
h17.t4.restarts = 215
h17.t4.nogoods_size = 1266787
h17.t4.nodes = 4187832
h17.t4.propagations = 4187832
h17.t11.stop_reason = aborted
h17.t11.restarts = 215
h17.t11.nogoods_size = 1266787
h17.t11.nodes = 4607870
h17.t11.propagations = 4607870
h17.t12.stop_reason = aborted
h17.t12.restarts = 215
h17.t12.nogoods_size = 1266787
h17.t12.nodes = 4422887
h17.t12.propagations = 4422887
h17.search_time = 84093
h17.nodes = 72543391
h17.propagations = 201004021
h18.t6.stop_reason = aborted
h18.t6.restarts = 215
h18.t6.nogoods_size = 1265756
h18.t6.nodes = 3626003
h18.t6.propagations = 3626003
h18.t2.stop_reason = unsatisfiable
h18.t2.restarts = 215
h18.t2.nogoods_size = 1265756
h18.t2.nodes = 3685162
h18.t2.propagations = 3685162
h18.t9.stop_reason = aborted
h18.t9.restarts = 215
h18.t9.nogoods_size = 1265756
h18.t9.nodes = 3624658
h18.t9.propagations = 3624658
h18.t11.stop_reason = aborted
h18.t11.restarts = 215
h18.t11.nogoods_size = 1265756
h18.t11.nodes = 3298632
h18.t11.propagations = 3298632
h18.t7.stop_reason = aborted
h18.t7.restarts = 215
h18.t7.nogoods_size = 1265756
h18.t7.nodes = 3735049
h18.t7.propagations = 3735049
h18.t3.stop_reason = aborted
h18.t3.restarts = 215
h18.t3.nogoods_size = 1265756
h18.t3.nodes = 3729785
h18.t3.propagations = 3729785
h18.t16.stop_reason = aborted
h18.t16.restarts = 215
h18.t16.nogoods_size = 1265756
h18.t16.nodes = 3888348
h18.t16.propagations = 3888348
h18.t4.stop_reason = aborted
h18.t4.restarts = 215
h18.t4.nogoods_size = 1265756
h18.t4.nodes = 3537803
h18.t4.propagations = 3537803
h18.t10.stop_reason = aborted
h18.t10.restarts = 215
h18.t10.nogoods_size = 1265756
h18.t10.nodes = 3691699
h18.t10.propagations = 3691699
h18.t17.stop_reason = aborted
h18.t17.restarts = 215
h18.t17.nogoods_size = 1265756
h18.t17.nodes = 1649030
h18.t17.propagations = 1649030
h18.t0.stop_reason = aborted
h18.t0.restarts = 215
h18.t0.nogoods_size = 1265756
h18.t0.nodes = 1152916
h18.t0.propagations = 1152916
h18.t5.stop_reason = aborted
h18.t5.restarts = 215
h18.t5.nogoods_size = 1265756
h18.t5.nodes = 3515811
h18.t5.propagations = 3515811
h18.t1.stop_reason = aborted
h18.t1.restarts = 215
h18.t1.nogoods_size = 1265756
h18.t1.nodes = 3654129
h18.t1.propagations = 3654129
h18.t14.stop_reason = aborted
h18.t14.restarts = 215
h18.t14.nogoods_size = 1265756
h18.t14.nodes = 3464625
h18.t14.propagations = 3464625
h18.t13.stop_reason = aborted
h18.t13.restarts = 215
h18.t13.nogoods_size = 1265756
h18.t13.nodes = 3613963
h18.t13.propagations = 3613963
h18.t8.stop_reason = aborted
h18.t8.restarts = 215
h18.t8.nogoods_size = 1265756
h18.t8.nodes = 3623926
h18.t8.propagations = 3623926
h18.t12.stop_reason = aborted
h18.t12.restarts = 215
h18.t12.nogoods_size = 1265756
h18.t12.nodes = 3593338
h18.t12.propagations = 3593338
h18.t15.stop_reason = aborted
h18.t15.restarts = 215
h18.t15.nogoods_size = 1265756
h18.t15.nodes = 3738620
h18.t15.propagations = 3738620
h18.search_time = 84092
h18.nodes = 60823497
h18.propagations = 168551533
h19.t17.stop_reason = aborted
h19.t17.restarts = 215
h19.t17.nogoods_size = 1266045
h19.t17.nodes = 1731270
h19.t17.propagations = 1731270
h19.t0.stop_reason = aborted
h19.t0.restarts = 215
h19.t0.nogoods_size = 1266045
h19.t0.nodes = 1152857
h19.t0.propagations = 1152857
h19.t3.stop_reason = unsatisfiable
h19.t3.restarts = 215
h19.t3.nogoods_size = 1266045
h19.t3.nodes = 3905159
h19.t3.propagations = 3905159
h19.t11.stop_reason = aborted
h19.t11.restarts = 215
h19.t11.nogoods_size = 1266045
h19.t11.nodes = 3645998
h19.t11.propagations = 3645998
h19.t15.stop_reason = aborted
h19.t15.restarts = 215
h19.t15.nogoods_size = 1266045
h19.t15.nodes = 3684755
h19.t15.propagations = 3684755
h19.t10.stop_reason = aborted
h19.t10.restarts = 215
h19.t10.nogoods_size = 1266045
h19.t10.nodes = 3984860
h19.t10.propagations = 3984860
h19.t16.stop_reason = aborted
h19.t16.restarts = 215
h19.t16.nogoods_size = 1266045
h19.t16.nodes = 3925345
h19.t16.propagations = 3925345
h19.t14.stop_reason = aborted
h19.t14.restarts = 215
h19.t14.nogoods_size = 1266045
h19.t14.nodes = 3882307
h19.t14.propagations = 3882307
h19.t2.stop_reason = aborted
h19.t2.restarts = 215
h19.t2.nogoods_size = 1266045
h19.t2.nodes = 4048190
h19.t2.propagations = 4048190
h19.t12.stop_reason = aborted
h19.t12.restarts = 215
h19.t12.nogoods_size = 1266045
h19.t12.nodes = 4123976
h19.t12.propagations = 4123976
h19.t5.stop_reason = aborted
h19.t5.restarts = 215
h19.t5.nogoods_size = 1266045
h19.t5.nodes = 4048091
h19.t5.propagations = 4048091
h19.t6.stop_reason = aborted
h19.t6.restarts = 215
h19.t6.nogoods_size = 1266045
h19.t6.nodes = 3818378
h19.t6.propagations = 3818378
h19.t9.stop_reason = aborted
h19.t9.restarts = 215
h19.t9.nogoods_size = 1266045
h19.t9.nodes = 3899958
h19.t9.propagations = 3899958
h19.t7.stop_reason = aborted
h19.t7.restarts = 215
h19.t7.nogoods_size = 1266045
h19.t7.nodes = 3637852
h19.t7.propagations = 3637852
h19.t8.stop_reason = aborted
h19.t8.restarts = 215
h19.t8.nogoods_size = 1266045
h19.t8.nodes = 3750757
h19.t8.propagations = 3750757
h19.t1.stop_reason = aborted
h19.t1.restarts = 215
h19.t1.nogoods_size = 1266045
h19.t1.nodes = 3636887
h19.t1.propagations = 3636887
h19.t13.stop_reason = aborted
h19.t13.restarts = 215
h19.t13.nogoods_size = 1266045
h19.t13.nodes = 3970897
h19.t13.propagations = 3970897
h19.t4.stop_reason = aborted
h19.t4.restarts = 215
h19.t4.nogoods_size = 1266045
h19.t4.nodes = 3816283
h19.t4.propagations = 3816283
h19.search_time = 84100
h19.nodes = 64663820
h19.propagations = 179279628
