hostname = r1i2n3
commandline = ../glasgow/mpi_solve_subgraph_isomorphism --timeout 1000 --format lad --geometric-restarts=1.0 --restarts-constant=5400 --triggered-restarts --threads 18 ../instances/LV/g24 ../instances/largerGraphs/g93-normed
started_at = 2018-11-20 12:22:45
pattern_file = ../instances/LV/g24
target_file = ../instances/largerGraphs/g93-normed
status = aborted
nodes = 1860343618
propagations = 52230877783
runtime = 1135320
h0.t12.stop_reason = aborted
h0.t12.restarts = 470
h0.t12.nogoods_size = 29702057
h0.t12.nodes = 5624888
h0.t12.propagations = 5624888
h0.t0.stop_reason = aborted
h0.t0.restarts = 470
h0.t0.nogoods_size = 29702057
h0.t0.nodes = 2530909
h0.t0.propagations = 2530909
h0.t3.stop_reason = aborted
h0.t3.restarts = 470
h0.t3.nogoods_size = 29702057
h0.t3.nodes = 5626921
h0.t3.propagations = 5626921
h0.t8.stop_reason = aborted
h0.t8.restarts = 470
h0.t8.nogoods_size = 29702057
h0.t8.nodes = 5617053
h0.t8.propagations = 5617053
h0.t9.stop_reason = aborted
h0.t9.restarts = 470
h0.t9.nogoods_size = 29702057
h0.t9.nodes = 5622350
h0.t9.propagations = 5622350
h0.t11.stop_reason = aborted
h0.t11.restarts = 470
h0.t11.nogoods_size = 29702057
h0.t11.nodes = 5593448
h0.t11.propagations = 5593448
h0.t6.stop_reason = aborted
h0.t6.restarts = 470
h0.t6.nogoods_size = 29702057
h0.t6.nodes = 5601934
h0.t6.propagations = 5601934
h0.t14.stop_reason = aborted
h0.t14.restarts = 470
h0.t14.nogoods_size = 29702057
h0.t14.nodes = 5597541
h0.t14.propagations = 5597541
h0.t1.stop_reason = aborted
h0.t1.restarts = 470
h0.t1.nogoods_size = 29702057
h0.t1.nodes = 5608848
h0.t1.propagations = 5608848
h0.t7.stop_reason = aborted
h0.t7.restarts = 470
h0.t7.nogoods_size = 29702057
h0.t7.nodes = 5615558
h0.t7.propagations = 5615558
h0.t5.stop_reason = aborted
h0.t5.restarts = 470
h0.t5.nogoods_size = 29702057
h0.t5.nodes = 5612954
h0.t5.propagations = 5612954
h0.t10.stop_reason = aborted
h0.t10.restarts = 470
h0.t10.nogoods_size = 29702057
h0.t10.nodes = 5589484
h0.t10.propagations = 5589484
h0.t2.stop_reason = aborted
h0.t2.restarts = 470
h0.t2.nogoods_size = 29702057
h0.t2.nodes = 5623670
h0.t2.propagations = 5623670
h0.t13.stop_reason = aborted
h0.t13.restarts = 470
h0.t13.nogoods_size = 29702057
h0.t13.nodes = 5611742
h0.t13.propagations = 5611742
h0.t16.stop_reason = aborted
h0.t16.restarts = 470
h0.t16.nogoods_size = 29702057
h0.t16.nodes = 5610406
h0.t16.propagations = 5610406
h0.t17.stop_reason = aborted
h0.t17.restarts = 470
h0.t17.nogoods_size = 29702057
h0.t17.nodes = 2507967
h0.t17.propagations = 2507967
h0.t15.stop_reason = aborted
h0.t15.restarts = 470
h0.t15.nogoods_size = 29702057
h0.t15.nodes = 5606161
h0.t15.propagations = 5606161
h0.t4.stop_reason = aborted
h0.t4.restarts = 470
h0.t4.nogoods_size = 29702057
h0.t4.nodes = 5604888
h0.t4.propagations = 5604888
h0.search_time = 998314
h0.nodes = 94806722
h0.propagations = 2661560930
h1.t0.stop_reason = aborted
h1.t0.restarts = 470
h1.t0.nogoods_size = 29721553
h1.t0.nodes = 2533421
h1.t0.propagations = 2533421
h1.t4.stop_reason = aborted
h1.t4.restarts = 470
h1.t4.nogoods_size = 29721553
h1.t4.nodes = 5554823
h1.t4.propagations = 5554823
h1.t5.stop_reason = aborted
h1.t5.restarts = 470
h1.t5.nogoods_size = 29721553
h1.t5.nodes = 5569142
h1.t5.propagations = 5569142
h1.t2.stop_reason = aborted
h1.t2.restarts = 470
h1.t2.nogoods_size = 29721553
h1.t2.nodes = 5571527
h1.t2.propagations = 5571527
h1.t16.stop_reason = aborted
h1.t16.restarts = 470
h1.t16.nogoods_size = 29721553
h1.t16.nodes = 5552674
h1.t16.propagations = 5552674
h1.t14.stop_reason = aborted
h1.t14.restarts = 470
h1.t14.nogoods_size = 29721553
h1.t14.nodes = 5553406
h1.t14.propagations = 5553406
h1.t7.stop_reason = aborted
h1.t7.restarts = 470
h1.t7.nogoods_size = 29721553
h1.t7.nodes = 5570969
h1.t7.propagations = 5570969
h1.t9.stop_reason = aborted
h1.t9.restarts = 470
h1.t9.nogoods_size = 29721553
h1.t9.nodes = 5567466
h1.t9.propagations = 5567466
h1.t1.stop_reason = aborted
h1.t1.restarts = 470
h1.t1.nogoods_size = 29721553
h1.t1.nodes = 5551819
h1.t1.propagations = 5551819
h1.t13.stop_reason = aborted
h1.t13.restarts = 470
h1.t13.nogoods_size = 29721553
h1.t13.nodes = 5559624
h1.t13.propagations = 5559624
h1.t8.stop_reason = aborted
h1.t8.restarts = 470
h1.t8.nogoods_size = 29721553
h1.t8.nodes = 5562661
h1.t8.propagations = 5562661
h1.t10.stop_reason = aborted
h1.t10.restarts = 470
h1.t10.nogoods_size = 29721553
h1.t10.nodes = 5553223
h1.t10.propagations = 5553223
h1.t6.stop_reason = aborted
h1.t6.restarts = 470
h1.t6.nogoods_size = 29721553
h1.t6.nodes = 5560717
h1.t6.propagations = 5560717
h1.t12.stop_reason = aborted
h1.t12.restarts = 470
h1.t12.nogoods_size = 29721553
h1.t12.nodes = 5577914
h1.t12.propagations = 5577914
h1.t15.stop_reason = aborted
h1.t15.restarts = 470
h1.t15.nogoods_size = 29721553
h1.t15.nodes = 5553058
h1.t15.propagations = 5553058
h1.t3.stop_reason = aborted
h1.t3.restarts = 470
h1.t3.nogoods_size = 29721553
h1.t3.nodes = 5559269
h1.t3.propagations = 5559269
h1.t11.stop_reason = aborted
h1.t11.restarts = 470
h1.t11.nogoods_size = 29721553
h1.t11.nodes = 5554353
h1.t11.propagations = 5554353
h1.t17.stop_reason = aborted
h1.t17.restarts = 470
h1.t17.nogoods_size = 29721553
h1.t17.nodes = 2537333
h1.t17.propagations = 2537333
h1.search_time = 998313
h1.nodes = 94043399
h1.propagations = 2640477359
h2.t14.stop_reason = aborted
h2.t14.restarts = 470
h2.t14.nogoods_size = 29705271
h2.t14.nodes = 5546548
h2.t14.propagations = 5546548
h2.t0.stop_reason = aborted
h2.t0.restarts = 470
h2.t0.nogoods_size = 29705271
h2.t0.nodes = 2534158
h2.t0.propagations = 2534158
h2.t11.stop_reason = aborted
h2.t11.restarts = 470
h2.t11.nogoods_size = 29705271
h2.t11.nodes = 5517733
h2.t11.propagations = 5517733
h2.t1.stop_reason = aborted
h2.t1.restarts = 470
h2.t1.nogoods_size = 29705271
h2.t1.nodes = 5524881
h2.t1.propagations = 5524881
h2.t12.stop_reason = aborted
h2.t12.restarts = 470
h2.t12.nogoods_size = 29705271
h2.t12.nodes = 5530041
h2.t12.propagations = 5530041
h2.t6.stop_reason = aborted
h2.t6.restarts = 470
h2.t6.nogoods_size = 29705271
h2.t6.nodes = 5543778
h2.t6.propagations = 5543778
h2.t10.stop_reason = aborted
h2.t10.restarts = 470
h2.t10.nogoods_size = 29705271
h2.t10.nodes = 5525280
h2.t10.propagations = 5525280
h2.t9.stop_reason = aborted
h2.t9.restarts = 470
h2.t9.nogoods_size = 29705271
h2.t9.nodes = 5543591
h2.t9.propagations = 5543591
h2.t13.stop_reason = aborted
h2.t13.restarts = 470
h2.t13.nogoods_size = 29705271
h2.t13.nodes = 5531748
h2.t13.propagations = 5531748
h2.t17.stop_reason = aborted
h2.t17.restarts = 470
h2.t17.nogoods_size = 29705271
h2.t17.nodes = 2561985
h2.t17.propagations = 2561985
h2.t15.stop_reason = aborted
h2.t15.restarts = 470
h2.t15.nogoods_size = 29705271
h2.t15.nodes = 5504666
h2.t15.propagations = 5504666
h2.t7.stop_reason = aborted
h2.t7.restarts = 470
h2.t7.nogoods_size = 29705271
h2.t7.nodes = 5538635
h2.t7.propagations = 5538635
h2.t4.stop_reason = aborted
h2.t4.restarts = 470
h2.t4.nogoods_size = 29705271
h2.t4.nodes = 5542745
h2.t4.propagations = 5542745
h2.t2.stop_reason = aborted
h2.t2.restarts = 470
h2.t2.nogoods_size = 29705271
h2.t2.nodes = 5553540
h2.t2.propagations = 5553540
h2.t8.stop_reason = aborted
h2.t8.restarts = 470
h2.t8.nogoods_size = 29705271
h2.t8.nodes = 5528832
h2.t8.propagations = 5528832
h2.t5.stop_reason = aborted
h2.t5.restarts = 470
h2.t5.nogoods_size = 29705271
h2.t5.nodes = 5526556
h2.t5.propagations = 5526556
h2.t16.stop_reason = aborted
h2.t16.restarts = 470
h2.t16.nogoods_size = 29705271
h2.t16.nodes = 5523068
h2.t16.propagations = 5523068
h2.t3.stop_reason = aborted
h2.t3.restarts = 470
h2.t3.nogoods_size = 29705271
h2.t3.nodes = 5518494
h2.t3.propagations = 5518494
h2.search_time = 998224
h2.nodes = 93596279
h2.propagations = 2627856642
h3.t17.stop_reason = aborted
h3.t17.restarts = 470
h3.t17.nogoods_size = 29688285
h3.t17.nodes = 2563261
h3.t17.propagations = 2563261
h3.t0.stop_reason = aborted
h3.t0.restarts = 470
h3.t0.nogoods_size = 29688285
h3.t0.nodes = 2533629
h3.t0.propagations = 2533629
h3.t2.stop_reason = aborted
h3.t2.restarts = 470
h3.t2.nogoods_size = 29688285
h3.t2.nodes = 5450588
h3.t2.propagations = 5450588
h3.t15.stop_reason = aborted
h3.t15.restarts = 470
h3.t15.nogoods_size = 29688285
h3.t15.nodes = 5436124
h3.t15.propagations = 5436124
h3.t4.stop_reason = aborted
h3.t4.restarts = 470
h3.t4.nogoods_size = 29688285
h3.t4.nodes = 5467152
h3.t4.propagations = 5467152
h3.t7.stop_reason = aborted
h3.t7.restarts = 470
h3.t7.nogoods_size = 29688285
h3.t7.nodes = 5473431
h3.t7.propagations = 5473431
h3.t11.stop_reason = aborted
h3.t11.restarts = 470
h3.t11.nogoods_size = 29688285
h3.t11.nodes = 5440561
h3.t11.propagations = 5440561
h3.t16.stop_reason = aborted
h3.t16.restarts = 470
h3.t16.nogoods_size = 29688285
h3.t16.nodes = 5430903
h3.t16.propagations = 5430903
h3.t3.stop_reason = aborted
h3.t3.restarts = 470
h3.t3.nogoods_size = 29688285
h3.t3.nodes = 5450229
h3.t3.propagations = 5450229
h3.t1.stop_reason = aborted
h3.t1.restarts = 470
h3.t1.nogoods_size = 29688285
h3.t1.nodes = 5458759
h3.t1.propagations = 5458759
h3.t6.stop_reason = aborted
h3.t6.restarts = 470
h3.t6.nogoods_size = 29688285
h3.t6.nodes = 5460722
h3.t6.propagations = 5460722
h3.t14.stop_reason = aborted
h3.t14.restarts = 470
h3.t14.nogoods_size = 29688285
h3.t14.nodes = 5458460
h3.t14.propagations = 5458460
h3.t10.stop_reason = aborted
h3.t10.restarts = 470
h3.t10.nogoods_size = 29688285
h3.t10.nodes = 5424925
h3.t10.propagations = 5424925
h3.t8.stop_reason = aborted
h3.t8.restarts = 470
h3.t8.nogoods_size = 29688285
h3.t8.nodes = 5464487
h3.t8.propagations = 5464487
h3.t9.stop_reason = aborted
h3.t9.restarts = 470
h3.t9.nogoods_size = 29688285
h3.t9.nodes = 5459962
h3.t9.propagations = 5459962
h3.t5.stop_reason = aborted
h3.t5.restarts = 470
h3.t5.nogoods_size = 29688285
h3.t5.nodes = 5444124
h3.t5.propagations = 5444124
h3.t12.stop_reason = aborted
h3.t12.restarts = 470
h3.t12.nogoods_size = 29688285
h3.t12.nodes = 5456846
h3.t12.propagations = 5456846
h3.t13.stop_reason = aborted
h3.t13.restarts = 470
h3.t13.nogoods_size = 29688285
h3.t13.nodes = 5468864
h3.t13.propagations = 5468864
h3.search_time = 998203
h3.nodes = 92343027
h3.propagations = 2592533075
h4.t17.stop_reason = aborted
h4.t17.restarts = 470
h4.t17.nogoods_size = 29705256
h4.t17.nodes = 2556197
h4.t17.propagations = 2556197
h4.t0.stop_reason = aborted
h4.t0.restarts = 470
h4.t0.nogoods_size = 29705256
h4.t0.nodes = 2533700
h4.t0.propagations = 2533700
h4.t6.stop_reason = aborted
h4.t6.restarts = 470
h4.t6.nogoods_size = 29705256
h4.t6.nodes = 5504479
h4.t6.propagations = 5504479
h4.t13.stop_reason = aborted
h4.t13.restarts = 470
h4.t13.nogoods_size = 29705256
h4.t13.nodes = 5511085
h4.t13.propagations = 5511085
h4.t2.stop_reason = aborted
h4.t2.restarts = 470
h4.t2.nogoods_size = 29705256
h4.t2.nodes = 5514765
h4.t2.propagations = 5514765
h4.t11.stop_reason = aborted
h4.t11.restarts = 470
h4.t11.nogoods_size = 29705256
h4.t11.nodes = 5495319
h4.t11.propagations = 5495319
h4.t10.stop_reason = aborted
h4.t10.restarts = 470
h4.t10.nogoods_size = 29705256
h4.t10.nodes = 5488151
h4.t10.propagations = 5488151
h4.t7.stop_reason = aborted
h4.t7.restarts = 470
h4.t7.nogoods_size = 29705256
h4.t7.nodes = 5528126
h4.t7.propagations = 5528126
h4.t15.stop_reason = aborted
h4.t15.restarts = 470
h4.t15.nogoods_size = 29705256
h4.t15.nodes = 5495328
h4.t15.propagations = 5495328
h4.t8.stop_reason = aborted
h4.t8.restarts = 470
h4.t8.nogoods_size = 29705256
h4.t8.nodes = 5516005
h4.t8.propagations = 5516005
h4.t3.stop_reason = aborted
h4.t3.restarts = 470
h4.t3.nogoods_size = 29705256
h4.t3.nodes = 5505979
h4.t3.propagations = 5505979
h4.t5.stop_reason = aborted
h4.t5.restarts = 470
h4.t5.nogoods_size = 29705256
h4.t5.nodes = 5526596
h4.t5.propagations = 5526596
h4.t1.stop_reason = aborted
h4.t1.restarts = 470
h4.t1.nogoods_size = 29705256
h4.t1.nodes = 5508170
h4.t1.propagations = 5508170
h4.t9.stop_reason = aborted
h4.t9.restarts = 470
h4.t9.nogoods_size = 29705256
h4.t9.nodes = 5521637
h4.t9.propagations = 5521637
h4.t16.stop_reason = aborted
h4.t16.restarts = 470
h4.t16.nogoods_size = 29705256
h4.t16.nodes = 5504382
h4.t16.propagations = 5504382
h4.t4.stop_reason = aborted
h4.t4.restarts = 470
h4.t4.nogoods_size = 29705256
h4.t4.nodes = 5511235
h4.t4.propagations = 5511235
h4.t14.stop_reason = aborted
h4.t14.restarts = 470
h4.t14.nogoods_size = 29705256
h4.t14.nodes = 5513364
h4.t14.propagations = 5513364
h4.t12.stop_reason = aborted
h4.t12.restarts = 470
h4.t12.nogoods_size = 29705256
h4.t12.nodes = 5519312
h4.t12.propagations = 5519312
h4.search_time = 998263
h4.nodes = 93253830
h4.propagations = 2618901254
h5.t17.stop_reason = aborted
h5.t17.restarts = 470
h5.t17.nogoods_size = 29706030
h5.t17.nodes = 2548128
h5.t17.propagations = 2548128
h5.t0.stop_reason = aborted
h5.t0.restarts = 470
h5.t0.nogoods_size = 29706030
h5.t0.nodes = 2534119
h5.t0.propagations = 2534119
h5.t2.stop_reason = aborted
h5.t2.restarts = 470
h5.t2.nogoods_size = 29706030
h5.t2.nodes = 5511055
h5.t2.propagations = 5511055
h5.t7.stop_reason = aborted
h5.t7.restarts = 470
h5.t7.nogoods_size = 29706030
h5.t7.nodes = 5507818
h5.t7.propagations = 5507818
h5.t4.stop_reason = aborted
h5.t4.restarts = 470
h5.t4.nogoods_size = 29706030
h5.t4.nodes = 5513207
h5.t4.propagations = 5513207
h5.t16.stop_reason = aborted
h5.t16.restarts = 470
h5.t16.nogoods_size = 29706030
h5.t16.nodes = 5498388
h5.t16.propagations = 5498388
h5.t11.stop_reason = aborted
h5.t11.restarts = 470
h5.t11.nogoods_size = 29706030
h5.t11.nodes = 5478771
h5.t11.propagations = 5478771
h5.t9.stop_reason = aborted
h5.t9.restarts = 470
h5.t9.nogoods_size = 29706030
h5.t9.nodes = 5513088
h5.t9.propagations = 5513088
h5.t15.stop_reason = aborted
h5.t15.restarts = 470
h5.t15.nogoods_size = 29706030
h5.t15.nodes = 5489526
h5.t15.propagations = 5489526
h5.t12.stop_reason = aborted
h5.t12.restarts = 470
h5.t12.nogoods_size = 29706030
h5.t12.nodes = 5503737
h5.t12.propagations = 5503737
h5.t3.stop_reason = aborted
h5.t3.restarts = 470
h5.t3.nogoods_size = 29706030
h5.t3.nodes = 5496173
h5.t3.propagations = 5496173
h5.t1.stop_reason = aborted
h5.t1.restarts = 470
h5.t1.nogoods_size = 29706030
h5.t1.nodes = 5515260
h5.t1.propagations = 5515260
h5.t5.stop_reason = aborted
h5.t5.restarts = 470
h5.t5.nogoods_size = 29706030
h5.t5.nodes = 5510828
h5.t5.propagations = 5510828
h5.t10.stop_reason = aborted
h5.t10.restarts = 470
h5.t10.nogoods_size = 29706030
h5.t10.nodes = 5509207
h5.t10.propagations = 5509207
h5.t6.stop_reason = aborted
h5.t6.restarts = 470
h5.t6.nogoods_size = 29706030
h5.t6.nodes = 5527810
h5.t6.propagations = 5527810
h5.t13.stop_reason = aborted
h5.t13.restarts = 470
h5.t13.nogoods_size = 29706030
h5.t13.nodes = 5516599
h5.t13.propagations = 5516599
h5.t14.stop_reason = aborted
h5.t14.restarts = 470
h5.t14.nogoods_size = 29706030
h5.t14.nodes = 5530022
h5.t14.propagations = 5530022
h5.t8.stop_reason = aborted
h5.t8.restarts = 470
h5.t8.nogoods_size = 29706030
h5.t8.nodes = 5507926
h5.t8.propagations = 5507926
h5.search_time = 998263
h5.nodes = 93211662
h5.propagations = 2617374208
h6.t17.stop_reason = aborted
h6.t17.restarts = 470
h6.t17.nogoods_size = 29714863
h6.t17.nodes = 2544791
h6.t17.propagations = 2544791
h6.t0.stop_reason = aborted
h6.t0.restarts = 470
h6.t0.nogoods_size = 29714863
h6.t0.nodes = 2533702
h6.t0.propagations = 2533702
h6.t12.stop_reason = aborted
h6.t12.restarts = 470
h6.t12.nogoods_size = 29714863
h6.t12.nodes = 5498749
h6.t12.propagations = 5498749
h6.t5.stop_reason = aborted
h6.t5.restarts = 470
h6.t5.nogoods_size = 29714863
h6.t5.nodes = 5524823
h6.t5.propagations = 5524823
h6.t10.stop_reason = aborted
h6.t10.restarts = 470
h6.t10.nogoods_size = 29714863
h6.t10.nodes = 5495077
h6.t10.propagations = 5495077
h6.t2.stop_reason = aborted
h6.t2.restarts = 470
h6.t2.nogoods_size = 29714863
h6.t2.nodes = 5525565
h6.t2.propagations = 5525565
h6.t11.stop_reason = aborted
h6.t11.restarts = 470
h6.t11.nogoods_size = 29714863
h6.t11.nodes = 5514522
h6.t11.propagations = 5514522
h6.t3.stop_reason = aborted
h6.t3.restarts = 470
h6.t3.nogoods_size = 29714863
h6.t3.nodes = 5500764
h6.t3.propagations = 5500764
h6.t13.stop_reason = aborted
h6.t13.restarts = 470
h6.t13.nogoods_size = 29714863
h6.t13.nodes = 5518863
h6.t13.propagations = 5518863
h6.t15.stop_reason = aborted
h6.t15.restarts = 470
h6.t15.nogoods_size = 29714863
h6.t15.nodes = 5499850
h6.t15.propagations = 5499850
h6.t9.stop_reason = aborted
h6.t9.restarts = 470
h6.t9.nogoods_size = 29714863
h6.t9.nodes = 5497449
h6.t9.propagations = 5497449
h6.t7.stop_reason = aborted
h6.t7.restarts = 470
h6.t7.nogoods_size = 29714863
h6.t7.nodes = 5529447
h6.t7.propagations = 5529447
h6.t8.stop_reason = aborted
h6.t8.restarts = 470
h6.t8.nogoods_size = 29714863
h6.t8.nodes = 5513464
h6.t8.propagations = 5513464
h6.t6.stop_reason = aborted
h6.t6.restarts = 470
h6.t6.nogoods_size = 29714863
h6.t6.nodes = 5514178
h6.t6.propagations = 5514178
h6.t14.stop_reason = aborted
h6.t14.restarts = 470
h6.t14.nogoods_size = 29714863
h6.t14.nodes = 5514197
h6.t14.propagations = 5514197
h6.t16.stop_reason = aborted
h6.t16.restarts = 470
h6.t16.nogoods_size = 29714863
h6.t16.nodes = 5500707
h6.t16.propagations = 5500707
h6.t1.stop_reason = aborted
h6.t1.restarts = 470
h6.t1.nogoods_size = 29714863
h6.t1.nodes = 5538141
h6.t1.propagations = 5538141
h6.t4.stop_reason = aborted
h6.t4.restarts = 470
h6.t4.nogoods_size = 29714863
h6.t4.nodes = 5509063
h6.t4.propagations = 5509063
h6.search_time = 998225
h6.nodes = 93273352
h6.propagations = 2618935131
h7.t17.stop_reason = aborted
h7.t17.restarts = 470
h7.t17.nogoods_size = 29708166
h7.t17.nodes = 2538178
h7.t17.propagations = 2538178
h7.t0.stop_reason = aborted
h7.t0.restarts = 470
h7.t0.nogoods_size = 29708166
h7.t0.nodes = 2533908
h7.t0.propagations = 2533908
h7.t4.stop_reason = aborted
h7.t4.restarts = 470
h7.t4.nogoods_size = 29708166
h7.t4.nodes = 5441880
h7.t4.propagations = 5441880
h7.t2.stop_reason = aborted
h7.t2.restarts = 470
h7.t2.nogoods_size = 29708166
h7.t2.nodes = 5434794
h7.t2.propagations = 5434794
h7.t3.stop_reason = aborted
h7.t3.restarts = 470
h7.t3.nogoods_size = 29708166
h7.t3.nodes = 5449638
h7.t3.propagations = 5449638
h7.t8.stop_reason = aborted
h7.t8.restarts = 470
h7.t8.nogoods_size = 29708166
h7.t8.nodes = 5447723
h7.t8.propagations = 5447723
h7.t11.stop_reason = aborted
h7.t11.restarts = 470
h7.t11.nogoods_size = 29708166
h7.t11.nodes = 5444941
h7.t11.propagations = 5444941
h7.t16.stop_reason = aborted
h7.t16.restarts = 470
h7.t16.nogoods_size = 29708166
h7.t16.nodes = 5436219
h7.t16.propagations = 5436219
h7.t15.stop_reason = aborted
h7.t15.restarts = 470
h7.t15.nogoods_size = 29708166
h7.t15.nodes = 5423626
h7.t15.propagations = 5423626
h7.t6.stop_reason = aborted
h7.t6.restarts = 470
h7.t6.nogoods_size = 29708166
h7.t6.nodes = 5447553
h7.t6.propagations = 5447553
h7.t14.stop_reason = aborted
h7.t14.restarts = 470
h7.t14.nogoods_size = 29708166
h7.t14.nodes = 5442967
h7.t14.propagations = 5442967
h7.t10.stop_reason = aborted
h7.t10.restarts = 470
h7.t10.nogoods_size = 29708166
h7.t10.nodes = 5436893
h7.t10.propagations = 5436893
h7.t7.stop_reason = aborted
h7.t7.restarts = 470
h7.t7.nogoods_size = 29708166
h7.t7.nodes = 5448412
h7.t7.propagations = 5448412
h7.t5.stop_reason = aborted
h7.t5.restarts = 470
h7.t5.nogoods_size = 29708166
h7.t5.nodes = 5449838
h7.t5.propagations = 5449838
h7.t9.stop_reason = aborted
h7.t9.restarts = 470
h7.t9.nogoods_size = 29708166
h7.t9.nodes = 5444542
h7.t9.propagations = 5444542
h7.t13.stop_reason = aborted
h7.t13.restarts = 470
h7.t13.nogoods_size = 29708166
h7.t13.nodes = 5440463
h7.t13.propagations = 5440463
h7.t1.stop_reason = aborted
h7.t1.restarts = 470
h7.t1.nogoods_size = 29708166
h7.t1.nodes = 5450964
h7.t1.propagations = 5450964
h7.t12.stop_reason = aborted
h7.t12.restarts = 470
h7.t12.nogoods_size = 29708166
h7.t12.nodes = 5441910
h7.t12.propagations = 5441910
h7.search_time = 998218
h7.nodes = 92154449
h7.propagations = 2587318440
h8.t10.stop_reason = aborted
h8.t10.restarts = 470
h8.t10.nogoods_size = 29705705
h8.t10.nodes = 5450193
h8.t10.propagations = 5450193
h8.t0.stop_reason = aborted
h8.t0.restarts = 470
h8.t0.nogoods_size = 29705705
h8.t0.nodes = 2532947
h8.t0.propagations = 2532947
h8.t1.stop_reason = aborted
h8.t1.restarts = 470
h8.t1.nogoods_size = 29705705
h8.t1.nodes = 5482854
h8.t1.propagations = 5482854
h8.t14.stop_reason = aborted
h8.t14.restarts = 470
h8.t14.nogoods_size = 29705705
h8.t14.nodes = 5470080
h8.t14.propagations = 5470080
h8.t8.stop_reason = aborted
h8.t8.restarts = 470
h8.t8.nogoods_size = 29705705
h8.t8.nodes = 5485545
h8.t8.propagations = 5485545
h8.t4.stop_reason = aborted
h8.t4.restarts = 470
h8.t4.nogoods_size = 29705705
h8.t4.nodes = 5474170
h8.t4.propagations = 5474170
h8.t9.stop_reason = aborted
h8.t9.restarts = 470
h8.t9.nogoods_size = 29705705
h8.t9.nodes = 5500729
h8.t9.propagations = 5500729
h8.t7.stop_reason = aborted
h8.t7.restarts = 470
h8.t7.nogoods_size = 29705705
h8.t7.nodes = 5504873
h8.t7.propagations = 5504873
h8.t17.stop_reason = aborted
h8.t17.restarts = 470
h8.t17.nogoods_size = 29705705
h8.t17.nodes = 2549596
h8.t17.propagations = 2549596
h8.t15.stop_reason = aborted
h8.t15.restarts = 470
h8.t15.nogoods_size = 29705705
h8.t15.nodes = 5486537
h8.t15.propagations = 5486537
h8.t13.stop_reason = aborted
h8.t13.restarts = 470
h8.t13.nogoods_size = 29705705
h8.t13.nodes = 5489424
h8.t13.propagations = 5489424
h8.t6.stop_reason = aborted
h8.t6.restarts = 470
h8.t6.nogoods_size = 29705705
h8.t6.nodes = 5486622
h8.t6.propagations = 5486622
h8.t3.stop_reason = aborted
h8.t3.restarts = 470
h8.t3.nogoods_size = 29705705
h8.t3.nodes = 5480856
h8.t3.propagations = 5480856
h8.t5.stop_reason = aborted
h8.t5.restarts = 470
h8.t5.nogoods_size = 29705705
h8.t5.nodes = 5496533
h8.t5.propagations = 5496533
h8.t11.stop_reason = aborted
h8.t11.restarts = 470
h8.t11.nogoods_size = 29705705
h8.t11.nodes = 5457810
h8.t11.propagations = 5457810
h8.t2.stop_reason = aborted
h8.t2.restarts = 470
h8.t2.nogoods_size = 29705705
h8.t2.nodes = 5479325
h8.t2.propagations = 5479325
h8.t16.stop_reason = aborted
h8.t16.restarts = 470
h8.t16.nogoods_size = 29705705
h8.t16.nodes = 5481790
h8.t16.propagations = 5481790
h8.t12.stop_reason = aborted
h8.t12.restarts = 470
h8.t12.nogoods_size = 29705705
h8.t12.nodes = 5495566
h8.t12.propagations = 5495566
h8.search_time = 998258
h8.nodes = 92805450
h8.propagations = 2605872226
h9.t11.stop_reason = aborted
h9.t11.restarts = 470
h9.t11.nogoods_size = 29717402
h9.t11.nodes = 5484175
h9.t11.propagations = 5484175
h9.t0.stop_reason = aborted
h9.t0.restarts = 470
h9.t0.nogoods_size = 29717402
h9.t0.nodes = 2533104
h9.t0.propagations = 2533104
h9.t16.stop_reason = aborted
h9.t16.restarts = 470
h9.t16.nogoods_size = 29717402
h9.t16.nodes = 5494578
h9.t16.propagations = 5494578
h9.t2.stop_reason = aborted
h9.t2.restarts = 470
h9.t2.nogoods_size = 29717402
h9.t2.nodes = 5510764
h9.t2.propagations = 5510764
h9.t8.stop_reason = aborted
h9.t8.restarts = 470
h9.t8.nogoods_size = 29717402
h9.t8.nodes = 5512697
h9.t8.propagations = 5512697
h9.t13.stop_reason = aborted
h9.t13.restarts = 470
h9.t13.nogoods_size = 29717402
h9.t13.nodes = 5507536
h9.t13.propagations = 5507536
h9.t6.stop_reason = aborted
h9.t6.restarts = 470
h9.t6.nogoods_size = 29717402
h9.t6.nodes = 5508656
h9.t6.propagations = 5508656
h9.t14.stop_reason = aborted
h9.t14.restarts = 470
h9.t14.nogoods_size = 29717402
h9.t14.nodes = 5490466
h9.t14.propagations = 5490466
h9.t9.stop_reason = aborted
h9.t9.restarts = 470
h9.t9.nogoods_size = 29717402
h9.t9.nodes = 5498874
h9.t9.propagations = 5498874
h9.t7.stop_reason = aborted
h9.t7.restarts = 470
h9.t7.nogoods_size = 29717402
h9.t7.nodes = 5491711
h9.t7.propagations = 5491711
h9.t1.stop_reason = aborted
h9.t1.restarts = 470
h9.t1.nogoods_size = 29717402
h9.t1.nodes = 5483629
h9.t1.propagations = 5483629
h9.t3.stop_reason = aborted
h9.t3.restarts = 470
h9.t3.nogoods_size = 29717402
h9.t3.nodes = 5503234
h9.t3.propagations = 5503234
h9.t12.stop_reason = aborted
h9.t12.restarts = 470
h9.t12.nogoods_size = 29717402
h9.t12.nodes = 5498643
h9.t12.propagations = 5498643
h9.t15.stop_reason = aborted
h9.t15.restarts = 470
h9.t15.nogoods_size = 29717402
h9.t15.nodes = 5473625
h9.t15.propagations = 5473625
h9.t4.stop_reason = aborted
h9.t4.restarts = 470
h9.t4.nogoods_size = 29717402
h9.t4.nodes = 5491122
h9.t4.propagations = 5491122
h9.t5.stop_reason = aborted
h9.t5.restarts = 470
h9.t5.nogoods_size = 29717402
h9.t5.nodes = 5523381
h9.t5.propagations = 5523381
h9.t10.stop_reason = aborted
h9.t10.restarts = 470
h9.t10.nogoods_size = 29717402
h9.t10.nodes = 5481121
h9.t10.propagations = 5481121
h9.t17.stop_reason = aborted
h9.t17.restarts = 470
h9.t17.nogoods_size = 29717402
h9.t17.nodes = 2558229
h9.t17.propagations = 2558229
h9.search_time = 998254
h9.nodes = 93045545
h9.propagations = 2613234643
h10.t17.stop_reason = aborted
h10.t17.restarts = 470
h10.t17.nogoods_size = 29718545
h10.t17.nodes = 2560799
h10.t17.propagations = 2560799
h10.t0.stop_reason = aborted
h10.t0.restarts = 470
h10.t0.nogoods_size = 29718545
h10.t0.nodes = 2533269
h10.t0.propagations = 2533269
h10.t8.stop_reason = aborted
h10.t8.restarts = 470
h10.t8.nogoods_size = 29718545
h10.t8.nodes = 5538305
h10.t8.propagations = 5538305
h10.t1.stop_reason = aborted
h10.t1.restarts = 470
h10.t1.nogoods_size = 29718545
h10.t1.nodes = 5537733
h10.t1.propagations = 5537733
h10.t6.stop_reason = aborted
h10.t6.restarts = 470
h10.t6.nogoods_size = 29718545
h10.t6.nodes = 5536152
h10.t6.propagations = 5536152
h10.t13.stop_reason = aborted
h10.t13.restarts = 470
h10.t13.nogoods_size = 29718545
h10.t13.nodes = 5523588
h10.t13.propagations = 5523588
h10.t15.stop_reason = aborted
h10.t15.restarts = 470
h10.t15.nogoods_size = 29718545
h10.t15.nodes = 5516635
h10.t15.propagations = 5516635
h10.t14.stop_reason = aborted
h10.t14.restarts = 470
h10.t14.nogoods_size = 29718545
h10.t14.nodes = 5521218
h10.t14.propagations = 5521218
h10.t5.stop_reason = aborted
h10.t5.restarts = 470
h10.t5.nogoods_size = 29718545
h10.t5.nodes = 5534232
h10.t5.propagations = 5534232
h10.t2.stop_reason = aborted
h10.t2.restarts = 470
h10.t2.nogoods_size = 29718545
h10.t2.nodes = 5527646
h10.t2.propagations = 5527646
h10.t3.stop_reason = aborted
h10.t3.restarts = 470
h10.t3.nogoods_size = 29718545
h10.t3.nodes = 5524807
h10.t3.propagations = 5524807
h10.t11.stop_reason = aborted
h10.t11.restarts = 470
h10.t11.nogoods_size = 29718545
h10.t11.nodes = 5517349
h10.t11.propagations = 5517349
h10.t12.stop_reason = aborted
h10.t12.restarts = 470
h10.t12.nogoods_size = 29718545
h10.t12.nodes = 5542926
h10.t12.propagations = 5542926
h10.t4.stop_reason = aborted
h10.t4.restarts = 470
h10.t4.nogoods_size = 29718545
h10.t4.nodes = 5521400
h10.t4.propagations = 5521400
h10.t9.stop_reason = aborted
h10.t9.restarts = 470
h10.t9.nogoods_size = 29718545
h10.t9.nodes = 5523247
h10.t9.propagations = 5523247
h10.t10.stop_reason = aborted
h10.t10.restarts = 470
h10.t10.nogoods_size = 29718545
h10.t10.nodes = 5526651
h10.t10.propagations = 5526651
h10.t16.stop_reason = aborted
h10.t16.restarts = 470
h10.t16.nogoods_size = 29718545
h10.t16.nodes = 5525946
h10.t16.propagations = 5525946
h10.t7.stop_reason = aborted
h10.t7.restarts = 470
h10.t7.nogoods_size = 29718545
h10.t7.nodes = 5531342
h10.t7.propagations = 5531342
h10.search_time = 998204
h10.nodes = 93543245
h10.propagations = 2625292363
h11.t17.stop_reason = aborted
h11.t17.restarts = 470
h11.t17.nogoods_size = 29709225
h11.t17.nodes = 2532755
h11.t17.propagations = 2532755
h11.t0.stop_reason = aborted
h11.t0.restarts = 470
h11.t0.nogoods_size = 29709225
h11.t0.nodes = 2532874
h11.t0.propagations = 2532874
h11.t12.stop_reason = aborted
h11.t12.restarts = 470
h11.t12.nogoods_size = 29709225
h11.t12.nodes = 5453077
h11.t12.propagations = 5453077
h11.t4.stop_reason = aborted
h11.t4.restarts = 470
h11.t4.nogoods_size = 29709225
h11.t4.nodes = 5456084
h11.t4.propagations = 5456084
h11.t1.stop_reason = aborted
h11.t1.restarts = 470
h11.t1.nogoods_size = 29709225
h11.t1.nodes = 5462750
h11.t1.propagations = 5462750
h11.t14.stop_reason = aborted
h11.t14.restarts = 470
h11.t14.nogoods_size = 29709225
h11.t14.nodes = 5444517
h11.t14.propagations = 5444517
h11.t10.stop_reason = aborted
h11.t10.restarts = 470
h11.t10.nogoods_size = 29709225
h11.t10.nodes = 5449370
h11.t10.propagations = 5449370
h11.t2.stop_reason = aborted
h11.t2.restarts = 470
h11.t2.nogoods_size = 29709225
h11.t2.nodes = 5464542
h11.t2.propagations = 5464542
h11.t5.stop_reason = aborted
h11.t5.restarts = 470
h11.t5.nogoods_size = 29709225
h11.t5.nodes = 5473416
h11.t5.propagations = 5473416
h11.t7.stop_reason = aborted
h11.t7.restarts = 470
h11.t7.nogoods_size = 29709225
h11.t7.nodes = 5467769
h11.t7.propagations = 5467769
h11.t6.stop_reason = aborted
h11.t6.restarts = 470
h11.t6.nogoods_size = 29709225
h11.t6.nodes = 5468003
h11.t6.propagations = 5468003
h11.t16.stop_reason = aborted
h11.t16.restarts = 470
h11.t16.nogoods_size = 29709225
h11.t16.nodes = 5472128
h11.t16.propagations = 5472128
h11.t13.stop_reason = aborted
h11.t13.restarts = 470
h11.t13.nogoods_size = 29709225
h11.t13.nodes = 5473497
h11.t13.propagations = 5473497
h11.t8.stop_reason = aborted
h11.t8.restarts = 470
h11.t8.nogoods_size = 29709225
h11.t8.nodes = 5455267
h11.t8.propagations = 5455267
h11.t3.stop_reason = aborted
h11.t3.restarts = 470
h11.t3.nogoods_size = 29709225
h11.t3.nodes = 5445597
h11.t3.propagations = 5445597
h11.t9.stop_reason = aborted
h11.t9.restarts = 470
h11.t9.nogoods_size = 29709225
h11.t9.nodes = 5461475
h11.t9.propagations = 5461475
h11.t15.stop_reason = aborted
h11.t15.restarts = 470
h11.t15.nogoods_size = 29709225
h11.t15.nodes = 5455811
h11.t15.propagations = 5455811
h11.t11.stop_reason = aborted
h11.t11.restarts = 470
h11.t11.nogoods_size = 29709225
h11.t11.nodes = 5458675
h11.t11.propagations = 5458675
h11.search_time = 998204
h11.nodes = 92427607
h11.propagations = 2594251082
h12.t14.stop_reason = aborted
h12.t14.restarts = 470
h12.t14.nogoods_size = 29700951
h12.t14.nodes = 5495054
h12.t14.propagations = 5495054
h12.t0.stop_reason = aborted
h12.t0.restarts = 470
h12.t0.nogoods_size = 29700951
h12.t0.nodes = 2533020
h12.t0.propagations = 2533020
h12.t16.stop_reason = aborted
h12.t16.restarts = 470
h12.t16.nogoods_size = 29700951
h12.t16.nodes = 5479087
h12.t16.propagations = 5479087
h12.t11.stop_reason = aborted
h12.t11.restarts = 470
h12.t11.nogoods_size = 29700951
h12.t11.nodes = 5478340
h12.t11.propagations = 5478340
h12.t5.stop_reason = aborted
h12.t5.restarts = 470
h12.t5.nogoods_size = 29700951
h12.t5.nodes = 5519012
h12.t5.propagations = 5519012
h12.t3.stop_reason = aborted
h12.t3.restarts = 470
h12.t3.nogoods_size = 29700951
h12.t3.nodes = 5481397
h12.t3.propagations = 5481397
h12.t17.stop_reason = aborted
h12.t17.restarts = 470
h12.t17.nogoods_size = 29700951
h12.t17.nodes = 2541582
h12.t17.propagations = 2541582
h12.t2.stop_reason = aborted
h12.t2.restarts = 470
h12.t2.nogoods_size = 29700951
h12.t2.nodes = 5492655
h12.t2.propagations = 5492655
h12.t15.stop_reason = aborted
h12.t15.restarts = 470
h12.t15.nogoods_size = 29700951
h12.t15.nodes = 5461985
h12.t15.propagations = 5461985
h12.t9.stop_reason = aborted
h12.t9.restarts = 470
h12.t9.nogoods_size = 29700951
h12.t9.nodes = 5512527
h12.t9.propagations = 5512527
h12.t10.stop_reason = aborted
h12.t10.restarts = 470
h12.t10.nogoods_size = 29700951
h12.t10.nodes = 5471184
h12.t10.propagations = 5471184
h12.t6.stop_reason = aborted
h12.t6.restarts = 470
h12.t6.nogoods_size = 29700951
h12.t6.nodes = 5492330
h12.t6.propagations = 5492330
h12.t4.stop_reason = aborted
h12.t4.restarts = 470
h12.t4.nogoods_size = 29700951
h12.t4.nodes = 5501251
h12.t4.propagations = 5501251
h12.t12.stop_reason = aborted
h12.t12.restarts = 470
h12.t12.nogoods_size = 29700951
h12.t12.nodes = 5493599
h12.t12.propagations = 5493599
h12.t8.stop_reason = aborted
h12.t8.restarts = 470
h12.t8.nogoods_size = 29700951
h12.t8.nodes = 5500111
h12.t8.propagations = 5500111
h12.t13.stop_reason = aborted
h12.t13.restarts = 470
h12.t13.nogoods_size = 29700951
h12.t13.nodes = 5489630
h12.t13.propagations = 5489630
h12.t7.stop_reason = aborted
h12.t7.restarts = 470
h12.t7.nogoods_size = 29700951
h12.t7.nodes = 5496935
h12.t7.propagations = 5496935
h12.t1.stop_reason = aborted
h12.t1.restarts = 470
h12.t1.nogoods_size = 29700951
h12.t1.nodes = 5501561
h12.t1.propagations = 5501561
h12.search_time = 998231
h12.nodes = 92941260
h12.propagations = 2608613603
h13.t17.stop_reason = aborted
h13.t17.restarts = 470
h13.t17.nogoods_size = 29704230
h13.t17.nodes = 2551243
h13.t17.propagations = 2551243
h13.t0.stop_reason = aborted
h13.t0.restarts = 470
h13.t0.nogoods_size = 29704230
h13.t0.nodes = 2533802
h13.t0.propagations = 2533802
h13.t16.stop_reason = aborted
h13.t16.restarts = 470
h13.t16.nogoods_size = 29704230
h13.t16.nodes = 5473071
h13.t16.propagations = 5473071
h13.t1.stop_reason = aborted
h13.t1.restarts = 470
h13.t1.nogoods_size = 29704230
h13.t1.nodes = 5504750
h13.t1.propagations = 5504750
h13.t3.stop_reason = aborted
h13.t3.restarts = 470
h13.t3.nogoods_size = 29704230
h13.t3.nodes = 5486774
h13.t3.propagations = 5486774
h13.t2.stop_reason = aborted
h13.t2.restarts = 470
h13.t2.nogoods_size = 29704230
h13.t2.nodes = 5503267
h13.t2.propagations = 5503267
h13.t5.stop_reason = aborted
h13.t5.restarts = 470
h13.t5.nogoods_size = 29704230
h13.t5.nodes = 5484674
h13.t5.propagations = 5484674
h13.t4.stop_reason = aborted
h13.t4.restarts = 470
h13.t4.nogoods_size = 29704230
h13.t4.nodes = 5506964
h13.t4.propagations = 5506964
h13.t8.stop_reason = aborted
h13.t8.restarts = 470
h13.t8.nogoods_size = 29704230
h13.t8.nodes = 5509594
h13.t8.propagations = 5509594
h13.t7.stop_reason = aborted
h13.t7.restarts = 470
h13.t7.nogoods_size = 29704230
h13.t7.nodes = 5498350
h13.t7.propagations = 5498350
h13.t12.stop_reason = aborted
h13.t12.restarts = 470
h13.t12.nogoods_size = 29704230
h13.t12.nodes = 5484266
h13.t12.propagations = 5484266
h13.t9.stop_reason = aborted
h13.t9.restarts = 470
h13.t9.nogoods_size = 29704230
h13.t9.nodes = 5484093
h13.t9.propagations = 5484093
h13.t10.stop_reason = aborted
h13.t10.restarts = 470
h13.t10.nogoods_size = 29704230
h13.t10.nodes = 5482269
h13.t10.propagations = 5482269
h13.t11.stop_reason = aborted
h13.t11.restarts = 470
h13.t11.nogoods_size = 29704230
h13.t11.nodes = 5479205
h13.t11.propagations = 5479205
h13.t14.stop_reason = aborted
h13.t14.restarts = 470
h13.t14.nogoods_size = 29704230
h13.t14.nodes = 5515740
h13.t14.propagations = 5515740
h13.t6.stop_reason = aborted
h13.t6.restarts = 470
h13.t6.nogoods_size = 29704230
h13.t6.nodes = 5496212
h13.t6.propagations = 5496212
h13.t15.stop_reason = aborted
h13.t15.restarts = 470
h13.t15.nogoods_size = 29704230
h13.t15.nodes = 5471167
h13.t15.propagations = 5471167
h13.t13.stop_reason = aborted
h13.t13.restarts = 470
h13.t13.nogoods_size = 29704230
h13.t13.nodes = 5503000
h13.t13.propagations = 5503000
h13.search_time = 998273
h13.nodes = 92968441
h13.propagations = 2609435711
h14.t17.restarts = 470
h14.t17.nogoods_size = 29715792
h14.t17.nodes = 2544970
h14.t17.propagations = 2544970
h14.t15.restarts = 470
h14.t15.nogoods_size = 29715792
h14.t15.nodes = 5497147
h14.t15.propagations = 5497147
h14.t7.restarts = 470
h14.t7.nogoods_size = 29715792
h14.t7.nodes = 5491205
h14.t7.propagations = 5491205
h14.t6.restarts = 470
h14.t6.nogoods_size = 29715792
h14.t6.nodes = 5522744
h14.t6.propagations = 5522744
h14.t8.restarts = 470
h14.t8.nogoods_size = 29715792
h14.t8.nodes = 5520917
h14.t8.propagations = 5520917
h14.t3.restarts = 470
h14.t3.nogoods_size = 29715792
h14.t3.nodes = 5499493
h14.t3.propagations = 5499493
h14.t11.restarts = 470
h14.t11.nogoods_size = 29715792
h14.t11.nodes = 5488570
h14.t11.propagations = 5488570
h14.t1.restarts = 470
h14.t1.nogoods_size = 29715792
h14.t1.nodes = 5510260
h14.t1.propagations = 5510260
h14.t14.restarts = 470
h14.t14.nogoods_size = 29715792
h14.t14.nodes = 5492970
h14.t14.propagations = 5492970
h14.t12.restarts = 470
h14.t12.nogoods_size = 29715792
h14.t12.nodes = 5491347
h14.t12.propagations = 5491347
h14.t4.restarts = 470
h14.t4.nogoods_size = 29715792
h14.t4.nodes = 5488093
h14.t4.propagations = 5488093
h14.t5.restarts = 470
h14.t5.nogoods_size = 29715792
h14.t5.nodes = 5532630
h14.t5.propagations = 5532630
h14.t9.restarts = 470
h14.t9.nogoods_size = 29715792
h14.t9.nodes = 5506444
h14.t9.propagations = 5506444
h14.t2.restarts = 470
h14.t2.nogoods_size = 29715792
h14.t2.nodes = 5528999
h14.t2.propagations = 5528999
h14.t0.restarts = 470
h14.t0.nogoods_size = 29715792
h14.t0.nodes = 2536317
h14.t0.propagations = 2536317
h14.t16.restarts = 470
h14.t16.nogoods_size = 29715792
h14.t16.nodes = 5510520
h14.t16.propagations = 5510520
h14.t13.restarts = 470
h14.t13.nogoods_size = 29715792
h14.t13.nodes = 5514421
h14.t13.propagations = 5514421
h14.t10.restarts = 470
h14.t10.nogoods_size = 29715792
h14.t10.nodes = 5491303
h14.t10.propagations = 5491303
h14.search_time = 998209
h14.nodes = 93168350
h14.propagations = 2615746492
h15.t2.stop_reason = aborted
h15.t2.restarts = 470
h15.t2.nogoods_size = 29704543
h15.t2.nodes = 5458172
h15.t2.propagations = 5458172
h15.t0.stop_reason = aborted
h15.t0.restarts = 470
h15.t0.nogoods_size = 29704543
h15.t0.nodes = 2530904
h15.t0.propagations = 2530904
h15.t15.stop_reason = aborted
h15.t15.restarts = 470
h15.t15.nogoods_size = 29704543
h15.t15.nodes = 5453650
h15.t15.propagations = 5453650
h15.t9.stop_reason = aborted
h15.t9.restarts = 470
h15.t9.nogoods_size = 29704543
h15.t9.nodes = 5480717
h15.t9.propagations = 5480717
h15.t1.stop_reason = aborted
h15.t1.restarts = 470
h15.t1.nogoods_size = 29704543
h15.t1.nodes = 5476655
h15.t1.propagations = 5476655
h15.t16.stop_reason = aborted
h15.t16.restarts = 470
h15.t16.nogoods_size = 29704543
h15.t16.nodes = 5461290
h15.t16.propagations = 5461290
h15.t8.stop_reason = aborted
h15.t8.restarts = 470
h15.t8.nogoods_size = 29704543
h15.t8.nodes = 5487037
h15.t8.propagations = 5487037
h15.t4.stop_reason = aborted
h15.t4.restarts = 470
h15.t4.nogoods_size = 29704543
h15.t4.nodes = 5469731
h15.t4.propagations = 5469731
h15.t5.stop_reason = aborted
h15.t5.restarts = 470
h15.t5.nogoods_size = 29704543
h15.t5.nodes = 5467426
h15.t5.propagations = 5467426
h15.t17.stop_reason = aborted
h15.t17.restarts = 470
h15.t17.nogoods_size = 29704543
h15.t17.nodes = 2552067
h15.t17.propagations = 2552067
h15.t14.stop_reason = aborted
h15.t14.restarts = 470
h15.t14.nogoods_size = 29704543
h15.t14.nodes = 5481836
h15.t14.propagations = 5481836
h15.t7.stop_reason = aborted
h15.t7.restarts = 470
h15.t7.nogoods_size = 29704543
h15.t7.nodes = 5493412
h15.t7.propagations = 5493412
h15.t10.stop_reason = aborted
h15.t10.restarts = 470
h15.t10.nogoods_size = 29704543
h15.t10.nodes = 5462878
h15.t10.propagations = 5462878
h15.t3.stop_reason = aborted
h15.t3.restarts = 470
h15.t3.nogoods_size = 29704543
h15.t3.nodes = 5449278
h15.t3.propagations = 5449278
h15.t11.stop_reason = aborted
h15.t11.restarts = 470
h15.t11.nogoods_size = 29704543
h15.t11.nodes = 5465514
h15.t11.propagations = 5465514
h15.t6.stop_reason = aborted
h15.t6.restarts = 470
h15.t6.nogoods_size = 29704543
h15.t6.nodes = 5472215
h15.t6.propagations = 5472215
h15.t13.stop_reason = aborted
h15.t13.restarts = 470
h15.t13.nogoods_size = 29704543
h15.t13.nodes = 5461195
h15.t13.propagations = 5461195
h15.t12.stop_reason = aborted
h15.t12.restarts = 470
h15.t12.nogoods_size = 29704543
h15.t12.nodes = 5486392
h15.t12.propagations = 5486392
h15.search_time = 998228
h15.nodes = 92610369
h15.propagations = 2599885648
h16.t17.stop_reason = aborted
h16.t17.restarts = 470
h16.t17.nogoods_size = 29697917
h16.t17.nodes = 2545419
h16.t17.propagations = 2545419
h16.t0.stop_reason = aborted
h16.t0.restarts = 470
h16.t0.nogoods_size = 29697917
h16.t0.nodes = 2533431
h16.t0.propagations = 2533431
h16.t1.stop_reason = aborted
h16.t1.restarts = 470
h16.t1.nogoods_size = 29697917
h16.t1.nodes = 5482802
h16.t1.propagations = 5482802
h16.t7.stop_reason = aborted
h16.t7.restarts = 470
h16.t7.nogoods_size = 29697917
h16.t7.nodes = 5498668
h16.t7.propagations = 5498668
h16.t12.stop_reason = aborted
h16.t12.restarts = 470
h16.t12.nogoods_size = 29697917
h16.t12.nodes = 5472434
h16.t12.propagations = 5472434
h16.t11.stop_reason = aborted
h16.t11.restarts = 470
h16.t11.nogoods_size = 29697917
h16.t11.nodes = 5463602
h16.t11.propagations = 5463602
h16.t5.stop_reason = aborted
h16.t5.restarts = 470
h16.t5.nogoods_size = 29697917
h16.t5.nodes = 5495308
h16.t5.propagations = 5495308
h16.t15.stop_reason = aborted
h16.t15.restarts = 470
h16.t15.nogoods_size = 29697917
h16.t15.nodes = 5476450
h16.t15.propagations = 5476450
h16.t2.stop_reason = aborted
h16.t2.restarts = 470
h16.t2.nogoods_size = 29697917
h16.t2.nodes = 5515190
h16.t2.propagations = 5515190
h16.t6.stop_reason = aborted
h16.t6.restarts = 470
h16.t6.nogoods_size = 29697917
h16.t6.nodes = 5488955
h16.t6.propagations = 5488955
h16.t10.stop_reason = aborted
h16.t10.restarts = 470
h16.t10.nogoods_size = 29697917
h16.t10.nodes = 5474225
h16.t10.propagations = 5474225
h16.t4.stop_reason = aborted
h16.t4.restarts = 470
h16.t4.nogoods_size = 29697917
h16.t4.nodes = 5467004
h16.t4.propagations = 5467004
h16.t16.stop_reason = aborted
h16.t16.restarts = 470
h16.t16.nogoods_size = 29697917
h16.t16.nodes = 5480378
h16.t16.propagations = 5480378
h16.t3.stop_reason = aborted
h16.t3.restarts = 470
h16.t3.nogoods_size = 29697917
h16.t3.nodes = 5481233
h16.t3.propagations = 5481233
h16.t14.stop_reason = aborted
h16.t14.restarts = 470
h16.t14.nogoods_size = 29697917
h16.t14.nodes = 5461315
h16.t14.propagations = 5461315
h16.t13.stop_reason = aborted
h16.t13.restarts = 470
h16.t13.nogoods_size = 29697917
h16.t13.nodes = 5494323
h16.t13.propagations = 5494323
h16.t8.stop_reason = aborted
h16.t8.restarts = 470
h16.t8.nogoods_size = 29697917
h16.t8.nodes = 5492250
h16.t8.propagations = 5492250
h16.t9.stop_reason = aborted
h16.t9.restarts = 470
h16.t9.nogoods_size = 29697917
h16.t9.nodes = 5491889
h16.t9.propagations = 5491889
h16.search_time = 998210
h16.nodes = 92814876
h16.propagations = 2605632217
h17.t17.stop_reason = aborted
h17.t17.restarts = 470
h17.t17.nogoods_size = 29702988
h17.t17.nodes = 2521142
h17.t17.propagations = 2521142
h17.t0.stop_reason = aborted
h17.t0.restarts = 470
h17.t0.nogoods_size = 29702988
h17.t0.nodes = 2533955
h17.t0.propagations = 2533955
h17.t2.stop_reason = aborted
h17.t2.restarts = 470
h17.t2.nogoods_size = 29702988
h17.t2.nodes = 5471734
h17.t2.propagations = 5471734
h17.t14.stop_reason = aborted
h17.t14.restarts = 470
h17.t14.nogoods_size = 29702988
h17.t14.nodes = 5442173
h17.t14.propagations = 5442173
h17.t6.stop_reason = aborted
h17.t6.restarts = 470
h17.t6.nogoods_size = 29702988
h17.t6.nodes = 5460545
h17.t6.propagations = 5460545
h17.t15.stop_reason = aborted
h17.t15.restarts = 470
h17.t15.nogoods_size = 29702988
h17.t15.nodes = 5456134
h17.t15.propagations = 5456134
h17.t4.stop_reason = aborted
h17.t4.restarts = 470
h17.t4.nogoods_size = 29702988
h17.t4.nodes = 5449029
h17.t4.propagations = 5449029
h17.t10.stop_reason = aborted
h17.t10.restarts = 470
h17.t10.nogoods_size = 29702988
h17.t10.nodes = 5455157
h17.t10.propagations = 5455157
h17.t8.stop_reason = aborted
h17.t8.restarts = 470
h17.t8.nogoods_size = 29702988
h17.t8.nodes = 5483946
h17.t8.propagations = 5483946
h17.t12.stop_reason = aborted
h17.t12.restarts = 470
h17.t12.nogoods_size = 29702988
h17.t12.nodes = 5465289
h17.t12.propagations = 5465289
h17.t5.stop_reason = aborted
h17.t5.restarts = 470
h17.t5.nogoods_size = 29702988
h17.t5.nodes = 5456736
h17.t5.propagations = 5456736
h17.t3.stop_reason = aborted
h17.t3.restarts = 470
h17.t3.nogoods_size = 29702988
h17.t3.nodes = 5452581
h17.t3.propagations = 5452581
h17.t16.stop_reason = aborted
h17.t16.restarts = 470
h17.t16.nogoods_size = 29702988
h17.t16.nodes = 5467245
h17.t16.propagations = 5467245
h17.t11.stop_reason = aborted
h17.t11.restarts = 470
h17.t11.nogoods_size = 29702988
h17.t11.nodes = 5454348
h17.t11.propagations = 5454348
h17.t9.stop_reason = aborted
h17.t9.restarts = 470
h17.t9.nogoods_size = 29702988
h17.t9.nodes = 5460302
h17.t9.propagations = 5460302
h17.t13.stop_reason = aborted
h17.t13.restarts = 470
h17.t13.nogoods_size = 29702988
h17.t13.nodes = 5471911
h17.t13.propagations = 5471911
h17.t1.stop_reason = aborted
h17.t1.restarts = 470
h17.t1.nogoods_size = 29702988
h17.t1.nodes = 5459423
h17.t1.propagations = 5459423
h17.t7.stop_reason = aborted
h17.t7.restarts = 470
h17.t7.nogoods_size = 29702988
h17.t7.nodes = 5469942
h17.t7.propagations = 5469942
h17.search_time = 998210
h17.nodes = 92431592
h17.propagations = 2596579469
h18.t2.stop_reason = aborted
h18.t2.restarts = 470
h18.t2.nogoods_size = 29702016
h18.t2.nodes = 5485250
h18.t2.propagations = 5485250
h18.t0.stop_reason = aborted
h18.t0.restarts = 470
h18.t0.nogoods_size = 29702016
h18.t0.nodes = 2533908
h18.t0.propagations = 2533908
h18.t9.stop_reason = aborted
h18.t9.restarts = 470
h18.t9.nogoods_size = 29702016
h18.t9.nodes = 5472876
h18.t9.propagations = 5472876
h18.t17.stop_reason = aborted
h18.t17.restarts = 470
h18.t17.nogoods_size = 29702016
h18.t17.nodes = 2547733
h18.t17.propagations = 2547733
h18.t3.stop_reason = aborted
h18.t3.restarts = 470
h18.t3.nogoods_size = 29702016
h18.t3.nodes = 5487627
h18.t3.propagations = 5487627
h18.t7.stop_reason = aborted
h18.t7.restarts = 470
h18.t7.nogoods_size = 29702016
h18.t7.nodes = 5493914
h18.t7.propagations = 5493914
h18.t15.stop_reason = aborted
h18.t15.restarts = 470
h18.t15.nogoods_size = 29702016
h18.t15.nodes = 5465507
h18.t15.propagations = 5465507
h18.t8.stop_reason = aborted
h18.t8.restarts = 470
h18.t8.nogoods_size = 29702016
h18.t8.nodes = 5486386
h18.t8.propagations = 5486386
h18.t4.stop_reason = aborted
h18.t4.restarts = 470
h18.t4.nogoods_size = 29702016
h18.t4.nodes = 5512400
h18.t4.propagations = 5512400
h18.t10.stop_reason = aborted
h18.t10.restarts = 470
h18.t10.nogoods_size = 29702016
h18.t10.nodes = 5464254
h18.t10.propagations = 5464254
h18.t14.stop_reason = aborted
h18.t14.restarts = 470
h18.t14.nogoods_size = 29702016
h18.t14.nodes = 5510136
h18.t14.propagations = 5510136
h18.t13.stop_reason = aborted
h18.t13.restarts = 470
h18.t13.nogoods_size = 29702016
h18.t13.nodes = 5485431
h18.t13.propagations = 5485431
h18.t11.stop_reason = aborted
h18.t11.restarts = 470
h18.t11.nogoods_size = 29702016
h18.t11.nodes = 5462522
h18.t11.propagations = 5462522
h18.t6.stop_reason = aborted
h18.t6.restarts = 470
h18.t6.nogoods_size = 29702016
h18.t6.nodes = 5492897
h18.t6.propagations = 5492897
h18.t5.stop_reason = aborted
h18.t5.restarts = 470
h18.t5.nogoods_size = 29702016
h18.t5.nodes = 5486712
h18.t5.propagations = 5486712
h18.t12.stop_reason = aborted
h18.t12.restarts = 470
h18.t12.nogoods_size = 29702016
h18.t12.nodes = 5499918
h18.t12.propagations = 5499918
h18.t16.stop_reason = aborted
h18.t16.restarts = 470
h18.t16.nogoods_size = 29702016
h18.t16.nodes = 5472254
h18.t16.propagations = 5472254
h18.t1.stop_reason = aborted
h18.t1.restarts = 470
h18.t1.nogoods_size = 29702016
h18.t1.nodes = 5496176
h18.t1.propagations = 5496176
h18.search_time = 998228
h18.nodes = 92855901
h18.propagations = 2606982500
h19.t17.stop_reason = aborted
h19.t17.restarts = 470
h19.t17.nogoods_size = 29714666
h19.t17.nodes = 2540570
h19.t17.propagations = 2540570
h19.t0.stop_reason = aborted
h19.t0.restarts = 470
h19.t0.nogoods_size = 29714666
h19.t0.nodes = 2533592
h19.t0.propagations = 2533592
h19.t5.stop_reason = aborted
h19.t5.restarts = 470
h19.t5.nogoods_size = 29714666
h19.t5.nodes = 5452819
h19.t5.propagations = 5452819
h19.t8.stop_reason = aborted
h19.t8.restarts = 470
h19.t8.nogoods_size = 29714666
h19.t8.nodes = 5435307
h19.t8.propagations = 5435307
h19.t12.stop_reason = aborted
h19.t12.restarts = 470
h19.t12.nogoods_size = 29714666
h19.t12.nodes = 5435767
h19.t12.propagations = 5435767
h19.t14.stop_reason = aborted
h19.t14.restarts = 470
h19.t14.nogoods_size = 29714666
h19.t14.nodes = 5438495
h19.t14.propagations = 5438495
h19.t10.stop_reason = aborted
h19.t10.restarts = 470
h19.t10.nogoods_size = 29714666
h19.t10.nodes = 5406772
h19.t10.propagations = 5406772
h19.t4.stop_reason = aborted
h19.t4.restarts = 470
h19.t4.nogoods_size = 29714666
h19.t4.nodes = 5436715
h19.t4.propagations = 5436715
h19.t16.stop_reason = aborted
h19.t16.restarts = 470
h19.t16.nogoods_size = 29714666
h19.t16.nodes = 5435649
h19.t16.propagations = 5435649
h19.t7.stop_reason = aborted
h19.t7.restarts = 470
h19.t7.nogoods_size = 29714666
h19.t7.nodes = 5438288
h19.t7.propagations = 5438288
h19.t15.stop_reason = aborted
h19.t15.restarts = 470
h19.t15.nogoods_size = 29714666
h19.t15.nodes = 5423191
h19.t15.propagations = 5423191
h19.t11.stop_reason = aborted
h19.t11.restarts = 470
h19.t11.nogoods_size = 29714666
h19.t11.nodes = 5429850
h19.t11.propagations = 5429850
h19.t6.stop_reason = aborted
h19.t6.restarts = 470
h19.t6.nogoods_size = 29714666
h19.t6.nodes = 5438203
h19.t6.propagations = 5438203
h19.t1.stop_reason = aborted
h19.t1.restarts = 470
h19.t1.nogoods_size = 29714666
h19.t1.nodes = 5439642
h19.t1.propagations = 5439642
h19.t13.stop_reason = aborted
h19.t13.restarts = 470
h19.t13.nogoods_size = 29714666
h19.t13.nodes = 5434633
h19.t13.propagations = 5434633
h19.t9.stop_reason = aborted
h19.t9.restarts = 470
h19.t9.nogoods_size = 29714666
h19.t9.nodes = 5447797
h19.t9.propagations = 5447797
h19.t2.stop_reason = aborted
h19.t2.restarts = 470
h19.t2.nogoods_size = 29714666
h19.t2.nodes = 5445745
h19.t2.propagations = 5445745
h19.t3.stop_reason = aborted
h19.t3.restarts = 470
h19.t3.nogoods_size = 29714666
h19.t3.nodes = 5435227
h19.t3.propagations = 5435227
h19.search_time = 998203
h19.nodes = 92048262
h19.propagations = 2584394790
