hostname = r1i2n22
commandline = ../glasgow/mpi_solve_subgraph_isomorphism --timeout 1000 --format lad --geometric-restarts=1.0 --restarts-constant=5400 --triggered-restarts --threads 18 ../instances/LV/g26 ../instances/largerGraphs/g93-normed
started_at = 2018-11-19 16:10:34
pattern_file = ../instances/LV/g26
target_file = ../instances/largerGraphs/g93-normed
status = false
nodes = 7414691
propagations = 196259450
runtime = 6930
h0.t17.stop_reason = aborted
h0.t17.restarts = 4
h0.t17.nogoods_size = 118147
h0.t17.nodes = 10638
h0.t17.propagations = 10638
h0.t0.stop_reason = unsatisfiable
h0.t0.restarts = 4
h0.t0.nogoods_size = 118147
h0.t0.nodes = 10805
h0.t0.propagations = 10805
h0.t3.stop_reason = aborted
h0.t3.restarts = 4
h0.t3.nogoods_size = 118147
h0.t3.nodes = 21517
h0.t3.propagations = 21517
h0.t7.stop_reason = aborted
h0.t7.restarts = 4
h0.t7.nogoods_size = 118147
h0.t7.nodes = 22036
h0.t7.propagations = 22036
h0.t13.stop_reason = aborted
h0.t13.restarts = 4
h0.t13.nogoods_size = 118147
h0.t13.nodes = 21796
h0.t13.propagations = 21796
h0.t9.stop_reason = aborted
h0.t9.restarts = 4
h0.t9.nogoods_size = 118147
h0.t9.nodes = 21867
h0.t9.propagations = 21867
h0.t6.stop_reason = aborted
h0.t6.restarts = 4
h0.t6.nogoods_size = 118147
h0.t6.nodes = 21745
h0.t6.propagations = 21745
h0.t15.stop_reason = aborted
h0.t15.restarts = 4
h0.t15.nogoods_size = 118147
h0.t15.nodes = 21651
h0.t15.propagations = 21651
h0.t5.stop_reason = aborted
h0.t5.restarts = 4
h0.t5.nogoods_size = 118147
h0.t5.nodes = 21621
h0.t5.propagations = 21621
h0.t2.stop_reason = aborted
h0.t2.restarts = 4
h0.t2.nogoods_size = 118147
h0.t2.nodes = 21797
h0.t2.propagations = 21797
h0.t12.stop_reason = aborted
h0.t12.restarts = 4
h0.t12.nogoods_size = 118147
h0.t12.nodes = 21768
h0.t12.propagations = 21768
h0.t8.stop_reason = aborted
h0.t8.restarts = 4
h0.t8.nogoods_size = 118147
h0.t8.nodes = 21796
h0.t8.propagations = 21796
h0.t16.stop_reason = aborted
h0.t16.restarts = 4
h0.t16.nogoods_size = 118147
h0.t16.nodes = 21769
h0.t16.propagations = 21769
h0.t10.stop_reason = aborted
h0.t10.restarts = 4
h0.t10.nogoods_size = 118147
h0.t10.nodes = 21674
h0.t10.propagations = 21674
h0.t11.stop_reason = aborted
h0.t11.restarts = 4
h0.t11.nogoods_size = 118147
h0.t11.nodes = 21667
h0.t11.propagations = 21667
h0.t14.stop_reason = aborted
h0.t14.restarts = 4
h0.t14.nogoods_size = 118147
h0.t14.nodes = 21640
h0.t14.propagations = 21640
h0.t4.stop_reason = unsatisfiable
h0.t4.restarts = 4
h0.t4.nogoods_size = 118147
h0.t4.nodes = 21655
h0.t4.propagations = 21655
h0.t1.stop_reason = aborted
h0.t1.restarts = 4
h0.t1.nogoods_size = 118147
h0.t1.nodes = 21375
h0.t1.propagations = 21375
h0.search_time = 3543
h0.nodes = 368817
h0.propagations = 9764280
h1.t2.stop_reason = aborted
h1.t2.restarts = 4
h1.t2.nogoods_size = 118514
h1.t2.nodes = 22194
h1.t2.propagations = 22194
h1.t5.stop_reason = aborted
h1.t5.restarts = 4
h1.t5.nogoods_size = 118514
h1.t5.nodes = 21927
h1.t5.propagations = 21927
h1.t9.stop_reason = aborted
h1.t9.restarts = 4
h1.t9.nogoods_size = 118514
h1.t9.nodes = 21981
h1.t9.propagations = 21981
h1.t7.stop_reason = aborted
h1.t7.restarts = 4
h1.t7.nogoods_size = 118514
h1.t7.nodes = 21981
h1.t7.propagations = 21981
h1.t16.stop_reason = aborted
h1.t16.restarts = 4
h1.t16.nogoods_size = 118514
h1.t16.nodes = 21771
h1.t16.propagations = 21771
h1.t4.stop_reason = aborted
h1.t4.restarts = 4
h1.t4.nogoods_size = 118514
h1.t4.nodes = 21862
h1.t4.propagations = 21862
h1.t11.stop_reason = aborted
h1.t11.restarts = 4
h1.t11.nogoods_size = 118514
h1.t11.nodes = 21801
h1.t11.propagations = 21801
h1.t6.stop_reason = aborted
h1.t6.restarts = 4
h1.t6.nogoods_size = 118514
h1.t6.nodes = 22015
h1.t6.propagations = 22015
h1.t8.stop_reason = aborted
h1.t8.restarts = 4
h1.t8.nogoods_size = 118514
h1.t8.nodes = 21727
h1.t8.propagations = 21727
h1.t1.stop_reason = aborted
h1.t1.restarts = 4
h1.t1.nogoods_size = 118514
h1.t1.nodes = 22283
h1.t1.propagations = 22283
h1.t17.stop_reason = aborted
h1.t17.restarts = 4
h1.t17.nogoods_size = 118514
h1.t17.nodes = 10722
h1.t17.propagations = 10722
h1.t10.stop_reason = aborted
h1.t10.restarts = 4
h1.t10.nogoods_size = 118514
h1.t10.nodes = 21878
h1.t10.propagations = 21878
h1.t15.stop_reason = aborted
h1.t15.restarts = 4
h1.t15.nogoods_size = 118514
h1.t15.nodes = 21777
h1.t15.propagations = 21777
h1.t14.stop_reason = aborted
h1.t14.restarts = 4
h1.t14.nogoods_size = 118514
h1.t14.nodes = 21705
h1.t14.propagations = 21705
h1.t13.stop_reason = aborted
h1.t13.restarts = 4
h1.t13.nogoods_size = 118514
h1.t13.nodes = 21818
h1.t13.propagations = 21818
h1.t0.stop_reason = unsatisfiable
h1.t0.restarts = 4
h1.t0.nogoods_size = 118514
h1.t0.nodes = 10805
h1.t0.propagations = 10805
h1.t3.stop_reason = aborted
h1.t3.restarts = 4
h1.t3.nogoods_size = 118514
h1.t3.nodes = 21973
h1.t3.propagations = 21973
h1.t12.stop_reason = aborted
h1.t12.restarts = 4
h1.t12.nogoods_size = 118514
h1.t12.nodes = 21987
h1.t12.propagations = 21987
h1.search_time = 3541
h1.nodes = 372207
h1.propagations = 9843118
h2.t11.stop_reason = aborted
h2.t11.restarts = 4
h2.t11.nogoods_size = 117920
h2.t11.nodes = 22392
h2.t11.propagations = 22392
h2.t0.stop_reason = unsatisfiable
h2.t0.restarts = 4
h2.t0.nogoods_size = 117920
h2.t0.nodes = 10805
h2.t0.propagations = 10805
h2.t8.stop_reason = aborted
h2.t8.restarts = 4
h2.t8.nogoods_size = 117920
h2.t8.nodes = 22645
h2.t8.propagations = 22645
h2.t3.stop_reason = aborted
h2.t3.restarts = 4
h2.t3.nogoods_size = 117920
h2.t3.nodes = 22675
h2.t3.propagations = 22675
h2.t16.stop_reason = aborted
h2.t16.restarts = 4
h2.t16.nogoods_size = 117920
h2.t16.nodes = 22463
h2.t16.propagations = 22463
h2.t12.stop_reason = aborted
h2.t12.restarts = 4
h2.t12.nogoods_size = 117920
h2.t12.nodes = 22598
h2.t12.propagations = 22598
h2.t15.stop_reason = aborted
h2.t15.restarts = 4
h2.t15.nogoods_size = 117920
h2.t15.nodes = 22443
h2.t15.propagations = 22443
h2.t4.stop_reason = aborted
h2.t4.restarts = 4
h2.t4.nogoods_size = 117920
h2.t4.nodes = 22522
h2.t4.propagations = 22522
h2.t7.stop_reason = aborted
h2.t7.restarts = 4
h2.t7.nogoods_size = 117920
h2.t7.nodes = 22785
h2.t7.propagations = 22785
h2.t13.stop_reason = aborted
h2.t13.restarts = 4
h2.t13.nogoods_size = 117920
h2.t13.nodes = 22678
h2.t13.propagations = 22678
h2.t6.stop_reason = aborted
h2.t6.restarts = 4
h2.t6.nogoods_size = 117920
h2.t6.nodes = 22293
h2.t6.propagations = 22293
h2.t14.stop_reason = aborted
h2.t14.restarts = 4
h2.t14.nogoods_size = 117920
h2.t14.nodes = 22500
h2.t14.propagations = 22500
h2.t10.stop_reason = aborted
h2.t10.restarts = 4
h2.t10.nogoods_size = 117920
h2.t10.nodes = 22385
h2.t10.propagations = 22385
h2.t17.stop_reason = aborted
h2.t17.restarts = 4
h2.t17.nogoods_size = 117920
h2.t17.nodes = 10812
h2.t17.propagations = 10812
h2.t2.stop_reason = aborted
h2.t2.restarts = 4
h2.t2.nogoods_size = 117920
h2.t2.nodes = 22599
h2.t2.propagations = 22599
h2.t1.stop_reason = aborted
h2.t1.restarts = 4
h2.t1.nogoods_size = 117920
h2.t1.nodes = 22706
h2.t1.propagations = 22706
h2.t5.stop_reason = aborted
h2.t5.restarts = 4
h2.t5.nogoods_size = 117920
h2.t5.nodes = 22712
h2.t5.propagations = 22712
h2.t9.stop_reason = aborted
h2.t9.restarts = 4
h2.t9.nogoods_size = 117920
h2.t9.nodes = 22533
h2.t9.propagations = 22533
h2.search_time = 3537
h2.nodes = 382546
h2.propagations = 10099648
h3.t17.stop_reason = aborted
h3.t17.restarts = 4
h3.t17.nogoods_size = 118705
h3.t17.nodes = 10638
h3.t17.propagations = 10638
h3.t0.stop_reason = unsatisfiable
h3.t0.restarts = 4
h3.t0.nogoods_size = 118705
h3.t0.nodes = 10805
h3.t0.propagations = 10805
h3.t12.stop_reason = unsatisfiable
h3.t12.restarts = 4
h3.t12.nogoods_size = 118705
h3.t12.nodes = 21709
h3.t12.propagations = 21709
h3.t4.stop_reason = aborted
h3.t4.restarts = 4
h3.t4.nogoods_size = 118705
h3.t4.nodes = 21468
h3.t4.propagations = 21468
h3.t1.stop_reason = aborted
h3.t1.restarts = 4
h3.t1.nogoods_size = 118705
h3.t1.nodes = 21602
h3.t1.propagations = 21602
h3.t14.stop_reason = aborted
h3.t14.restarts = 4
h3.t14.nogoods_size = 118705
h3.t14.nodes = 21621
h3.t14.propagations = 21621
h3.t2.stop_reason = aborted
h3.t2.restarts = 4
h3.t2.nogoods_size = 118705
h3.t2.nodes = 21573
h3.t2.propagations = 21573
h3.t5.stop_reason = aborted
h3.t5.restarts = 4
h3.t5.nogoods_size = 118705
h3.t5.nodes = 21538
h3.t5.propagations = 21538
h3.t8.stop_reason = aborted
h3.t8.restarts = 4
h3.t8.nogoods_size = 118705
h3.t8.nodes = 21540
h3.t8.propagations = 21540
h3.t10.stop_reason = aborted
h3.t10.restarts = 4
h3.t10.nogoods_size = 118705
h3.t10.nodes = 21457
h3.t10.propagations = 21457
h3.t11.stop_reason = aborted
h3.t11.restarts = 4
h3.t11.nogoods_size = 118705
h3.t11.nodes = 21654
h3.t11.propagations = 21654
h3.t7.stop_reason = aborted
h3.t7.restarts = 4
h3.t7.nogoods_size = 118705
h3.t7.nodes = 21272
h3.t7.propagations = 21272
h3.t16.stop_reason = aborted
h3.t16.restarts = 4
h3.t16.nogoods_size = 118705
h3.t16.nodes = 21497
h3.t16.propagations = 21497
h3.t15.stop_reason = aborted
h3.t15.restarts = 4
h3.t15.nogoods_size = 118705
h3.t15.nodes = 21800
h3.t15.propagations = 21800
h3.t3.stop_reason = aborted
h3.t3.restarts = 4
h3.t3.nogoods_size = 118705
h3.t3.nodes = 21461
h3.t3.propagations = 21461
h3.t13.stop_reason = aborted
h3.t13.restarts = 4
h3.t13.nogoods_size = 118705
h3.t13.nodes = 21828
h3.t13.propagations = 21828
h3.t6.stop_reason = aborted
h3.t6.restarts = 4
h3.t6.nogoods_size = 118705
h3.t6.nodes = 21756
h3.t6.propagations = 21756
h3.t9.stop_reason = aborted
h3.t9.restarts = 4
h3.t9.nogoods_size = 118705
h3.t9.nodes = 21594
h3.t9.propagations = 21594
h3.search_time = 3592
h3.nodes = 366813
h3.propagations = 9706648
h4.t17.stop_reason = aborted
h4.t17.restarts = 4
h4.t17.nogoods_size = 118198
h4.t17.nodes = 10586
h4.t17.propagations = 10586
h4.t0.stop_reason = unsatisfiable
h4.t0.restarts = 4
h4.t0.nogoods_size = 118198
h4.t0.nodes = 10805
h4.t0.propagations = 10805
h4.t1.stop_reason = unsatisfiable
h4.t1.restarts = 4
h4.t1.nogoods_size = 118198
h4.t1.nodes = 21738
h4.t1.propagations = 21738
h4.t13.stop_reason = aborted
h4.t13.restarts = 4
h4.t13.nogoods_size = 118198
h4.t13.nodes = 21969
h4.t13.propagations = 21969
h4.t2.stop_reason = aborted
h4.t2.restarts = 4
h4.t2.nogoods_size = 118198
h4.t2.nodes = 22097
h4.t2.propagations = 22097
h4.t4.stop_reason = aborted
h4.t4.restarts = 4
h4.t4.nogoods_size = 118198
h4.t4.nodes = 21895
h4.t4.propagations = 21895
h4.t6.stop_reason = aborted
h4.t6.restarts = 4
h4.t6.nogoods_size = 118198
h4.t6.nodes = 21996
h4.t6.propagations = 21996
h4.t11.stop_reason = aborted
h4.t11.restarts = 4
h4.t11.nogoods_size = 118198
h4.t11.nodes = 21875
h4.t11.propagations = 21875
h4.t14.stop_reason = aborted
h4.t14.restarts = 4
h4.t14.nogoods_size = 118198
h4.t14.nodes = 21953
h4.t14.propagations = 21953
h4.t12.stop_reason = aborted
h4.t12.restarts = 4
h4.t12.nogoods_size = 118198
h4.t12.nodes = 22241
h4.t12.propagations = 22241
h4.t15.stop_reason = aborted
h4.t15.restarts = 4
h4.t15.nogoods_size = 118198
h4.t15.nodes = 21780
h4.t15.propagations = 21780
h4.t9.stop_reason = aborted
h4.t9.restarts = 4
h4.t9.nogoods_size = 118198
h4.t9.nodes = 22139
h4.t9.propagations = 22139
h4.t16.stop_reason = aborted
h4.t16.restarts = 4
h4.t16.nogoods_size = 118198
h4.t16.nodes = 22037
h4.t16.propagations = 22037
h4.t8.stop_reason = aborted
h4.t8.restarts = 4
h4.t8.nogoods_size = 118198
h4.t8.nodes = 22125
h4.t8.propagations = 22125
h4.t7.stop_reason = aborted
h4.t7.restarts = 4
h4.t7.nogoods_size = 118198
h4.t7.nodes = 22181
h4.t7.propagations = 22181
h4.t3.stop_reason = aborted
h4.t3.restarts = 4
h4.t3.nogoods_size = 118198
h4.t3.nodes = 21824
h4.t3.propagations = 21824
h4.t5.stop_reason = aborted
h4.t5.restarts = 4
h4.t5.nogoods_size = 118198
h4.t5.nodes = 22260
h4.t5.propagations = 22260
h4.t10.stop_reason = aborted
h4.t10.restarts = 4
h4.t10.nogoods_size = 118198
h4.t10.nodes = 22093
h4.t10.propagations = 22093
h4.search_time = 3549
h4.nodes = 373594
h4.propagations = 9865884
h5.t6.stop_reason = aborted
h5.t6.restarts = 4
h5.t6.nogoods_size = 118285
h5.t6.nodes = 21743
h5.t6.propagations = 21743
h5.t16.stop_reason = aborted
h5.t16.restarts = 4
h5.t16.nogoods_size = 118285
h5.t16.nodes = 21558
h5.t16.propagations = 21558
h5.t2.stop_reason = aborted
h5.t2.restarts = 4
h5.t2.nogoods_size = 118285
h5.t2.nodes = 21725
h5.t2.propagations = 21725
h5.t3.stop_reason = aborted
h5.t3.restarts = 4
h5.t3.nogoods_size = 118285
h5.t3.nodes = 21744
h5.t3.propagations = 21744
h5.t5.stop_reason = aborted
h5.t5.restarts = 4
h5.t5.nogoods_size = 118285
h5.t5.nodes = 21790
h5.t5.propagations = 21790
h5.t15.stop_reason = aborted
h5.t15.restarts = 4
h5.t15.nogoods_size = 118285
h5.t15.nodes = 21863
h5.t15.propagations = 21863
h5.t4.stop_reason = aborted
h5.t4.restarts = 4
h5.t4.nogoods_size = 118285
h5.t4.nodes = 21716
h5.t4.propagations = 21716
h5.t10.stop_reason = aborted
h5.t10.restarts = 4
h5.t10.nogoods_size = 118285
h5.t10.nodes = 21502
h5.t10.propagations = 21502
h5.t14.stop_reason = aborted
h5.t14.restarts = 4
h5.t14.nogoods_size = 118285
h5.t14.nodes = 21711
h5.t14.propagations = 21711
h5.t13.stop_reason = aborted
h5.t13.restarts = 4
h5.t13.nogoods_size = 118285
h5.t13.nodes = 21848
h5.t13.propagations = 21848
h5.t9.stop_reason = aborted
h5.t9.restarts = 4
h5.t9.nogoods_size = 118285
h5.t9.nodes = 21871
h5.t9.propagations = 21871
h5.t8.stop_reason = aborted
h5.t8.restarts = 4
h5.t8.nogoods_size = 118285
h5.t8.nodes = 21928
h5.t8.propagations = 21928
h5.t17.stop_reason = aborted
h5.t17.restarts = 4
h5.t17.nogoods_size = 118285
h5.t17.nodes = 10770
h5.t17.propagations = 10770
h5.t12.stop_reason = aborted
h5.t12.restarts = 4
h5.t12.nogoods_size = 118285
h5.t12.nodes = 21612
h5.t12.propagations = 21612
h5.t7.stop_reason = aborted
h5.t7.restarts = 4
h5.t7.nogoods_size = 118285
h5.t7.nodes = 21680
h5.t7.propagations = 21680
h5.t11.stop_reason = aborted
h5.t11.restarts = 4
h5.t11.nogoods_size = 118285
h5.t11.nodes = 21758
h5.t11.propagations = 21758
h5.t1.stop_reason = aborted
h5.t1.restarts = 4
h5.t1.nogoods_size = 118285
h5.t1.nodes = 22115
h5.t1.propagations = 22115
h5.t0.stop_reason = unsatisfiable
h5.t0.restarts = 4
h5.t0.nogoods_size = 118285
h5.t0.nodes = 10805
h5.t0.propagations = 10805
h5.search_time = 3525
h5.nodes = 369739
h5.propagations = 9795742
h6.t4.stop_reason = aborted
h6.t4.restarts = 4
h6.t4.nogoods_size = 117803
h6.t4.nodes = 21962
h6.t4.propagations = 21962
h6.t0.stop_reason = unsatisfiable
h6.t0.restarts = 4
h6.t0.nogoods_size = 117803
h6.t0.nodes = 10805
h6.t0.propagations = 10805
h6.t5.stop_reason = aborted
h6.t5.restarts = 4
h6.t5.nogoods_size = 117803
h6.t5.nodes = 21904
h6.t5.propagations = 21904
h6.t13.stop_reason = aborted
h6.t13.restarts = 4
h6.t13.nogoods_size = 117803
h6.t13.nodes = 22192
h6.t13.propagations = 22192
h6.t6.stop_reason = aborted
h6.t6.restarts = 4
h6.t6.nogoods_size = 117803
h6.t6.nodes = 21994
h6.t6.propagations = 21994
h6.t3.stop_reason = aborted
h6.t3.restarts = 4
h6.t3.nogoods_size = 117803
h6.t3.nodes = 21732
h6.t3.propagations = 21732
h6.t17.stop_reason = aborted
h6.t17.restarts = 4
h6.t17.nogoods_size = 117803
h6.t17.nodes = 10768
h6.t17.propagations = 10768
h6.t15.stop_reason = aborted
h6.t15.restarts = 4
h6.t15.nogoods_size = 117803
h6.t15.nodes = 21869
h6.t15.propagations = 21869
h6.t14.stop_reason = aborted
h6.t14.restarts = 4
h6.t14.nogoods_size = 117803
h6.t14.nodes = 22202
h6.t14.propagations = 22202
h6.t7.stop_reason = aborted
h6.t7.restarts = 4
h6.t7.nogoods_size = 117803
h6.t7.nodes = 22025
h6.t7.propagations = 22025
h6.t16.stop_reason = aborted
h6.t16.restarts = 4
h6.t16.nogoods_size = 117803
h6.t16.nodes = 21992
h6.t16.propagations = 21992
h6.t10.stop_reason = aborted
h6.t10.restarts = 4
h6.t10.nogoods_size = 117803
h6.t10.nodes = 21956
h6.t10.propagations = 21956
h6.t12.stop_reason = aborted
h6.t12.restarts = 4
h6.t12.nogoods_size = 117803
h6.t12.nodes = 22047
h6.t12.propagations = 22047
h6.t8.stop_reason = aborted
h6.t8.restarts = 4
h6.t8.nogoods_size = 117803
h6.t8.nodes = 22203
h6.t8.propagations = 22203
h6.t1.stop_reason = aborted
h6.t1.restarts = 4
h6.t1.nogoods_size = 117803
h6.t1.nodes = 21794
h6.t1.propagations = 21794
h6.t11.stop_reason = aborted
h6.t11.restarts = 4
h6.t11.nogoods_size = 117803
h6.t11.nodes = 22070
h6.t11.propagations = 22070
h6.t2.stop_reason = aborted
h6.t2.restarts = 4
h6.t2.nogoods_size = 117803
h6.t2.nodes = 21847
h6.t2.propagations = 21847
h6.t9.stop_reason = aborted
h6.t9.restarts = 4
h6.t9.nogoods_size = 117803
h6.t9.nodes = 21930
h6.t9.propagations = 21930
h6.search_time = 3542
h6.nodes = 373292
h6.propagations = 9855600
h7.t17.stop_reason = aborted
h7.t17.restarts = 4
h7.t17.nogoods_size = 117834
h7.t17.nodes = 10434
h7.t17.propagations = 10434
h7.t0.stop_reason = unsatisfiable
h7.t0.restarts = 4
h7.t0.nogoods_size = 117834
h7.t0.nodes = 10805
h7.t0.propagations = 10805
h7.t9.stop_reason = unsatisfiable
h7.t9.restarts = 4
h7.t9.nogoods_size = 117834
h7.t9.nodes = 21184
h7.t9.propagations = 21184
h7.t14.stop_reason = aborted
h7.t14.restarts = 4
h7.t14.nogoods_size = 117834
h7.t14.nodes = 21065
h7.t14.propagations = 21065
h7.t15.stop_reason = aborted
h7.t15.restarts = 4
h7.t15.nogoods_size = 117834
h7.t15.nodes = 21017
h7.t15.propagations = 21017
h7.t8.stop_reason = aborted
h7.t8.restarts = 4
h7.t8.nogoods_size = 117834
h7.t8.nodes = 21418
h7.t8.propagations = 21418
h7.t10.stop_reason = aborted
h7.t10.restarts = 4
h7.t10.nogoods_size = 117834
h7.t10.nodes = 21336
h7.t10.propagations = 21336
h7.t12.stop_reason = aborted
h7.t12.restarts = 4
h7.t12.nogoods_size = 117834
h7.t12.nodes = 21280
h7.t12.propagations = 21280
h7.t6.stop_reason = aborted
h7.t6.restarts = 4
h7.t6.nogoods_size = 117834
h7.t6.nodes = 21245
h7.t6.propagations = 21245
h7.t16.stop_reason = aborted
h7.t16.restarts = 4
h7.t16.nogoods_size = 117834
h7.t16.nodes = 21321
h7.t16.propagations = 21321
h7.t7.stop_reason = aborted
h7.t7.restarts = 4
h7.t7.nogoods_size = 117834
h7.t7.nodes = 21427
h7.t7.propagations = 21427
h7.t13.stop_reason = aborted
h7.t13.restarts = 4
h7.t13.nogoods_size = 117834
h7.t13.nodes = 21328
h7.t13.propagations = 21328
h7.t11.stop_reason = aborted
h7.t11.restarts = 4
h7.t11.nogoods_size = 117834
h7.t11.nodes = 21301
h7.t11.propagations = 21301
h7.t3.stop_reason = aborted
h7.t3.restarts = 4
h7.t3.nogoods_size = 117834
h7.t3.nodes = 21565
h7.t3.propagations = 21565
h7.t1.stop_reason = aborted
h7.t1.restarts = 4
h7.t1.nogoods_size = 117834
h7.t1.nodes = 21508
h7.t1.propagations = 21508
h7.t4.stop_reason = aborted
h7.t4.restarts = 4
h7.t4.nogoods_size = 117834
h7.t4.nodes = 21624
h7.t4.propagations = 21624
h7.t2.stop_reason = aborted
h7.t2.restarts = 4
h7.t2.nogoods_size = 117834
h7.t2.nodes = 21822
h7.t2.propagations = 21822
h7.t5.stop_reason = aborted
h7.t5.restarts = 4
h7.t5.nogoods_size = 117834
h7.t5.nodes = 21618
h7.t5.propagations = 21618
h7.search_time = 3541
h7.nodes = 363298
h7.propagations = 9662429
h8.t14.stop_reason = aborted
h8.t14.restarts = 4
h8.t14.nogoods_size = 117643
h8.t14.nodes = 21120
h8.t14.propagations = 21120
h8.t8.stop_reason = aborted
h8.t8.restarts = 4
h8.t8.nogoods_size = 117643
h8.t8.nodes = 21245
h8.t8.propagations = 21245
h8.t16.stop_reason = unsatisfiable
h8.t16.restarts = 4
h8.t16.nogoods_size = 117643
h8.t16.nodes = 21005
h8.t16.propagations = 21005
h8.t4.stop_reason = aborted
h8.t4.restarts = 4
h8.t4.nogoods_size = 117643
h8.t4.nodes = 21201
h8.t4.propagations = 21201
h8.t3.stop_reason = aborted
h8.t3.restarts = 4
h8.t3.nogoods_size = 117643
h8.t3.nodes = 21140
h8.t3.propagations = 21140
h8.t5.stop_reason = aborted
h8.t5.restarts = 4
h8.t5.nogoods_size = 117643
h8.t5.nodes = 21186
h8.t5.propagations = 21186
h8.t15.stop_reason = aborted
h8.t15.restarts = 4
h8.t15.nogoods_size = 117643
h8.t15.nodes = 21412
h8.t15.propagations = 21412
h8.t17.stop_reason = aborted
h8.t17.restarts = 4
h8.t17.nogoods_size = 117643
h8.t17.nodes = 10532
h8.t17.propagations = 10532
h8.t12.stop_reason = aborted
h8.t12.restarts = 4
h8.t12.nogoods_size = 117643
h8.t12.nodes = 21322
h8.t12.propagations = 21322
h8.t11.stop_reason = aborted
h8.t11.restarts = 4
h8.t11.nogoods_size = 117643
h8.t11.nodes = 21240
h8.t11.propagations = 21240
h8.t2.stop_reason = unsatisfiable
h8.t2.restarts = 4
h8.t2.nogoods_size = 117643
h8.t2.nodes = 21138
h8.t2.propagations = 21138
h8.t9.stop_reason = aborted
h8.t9.restarts = 4
h8.t9.nogoods_size = 117643
h8.t9.nodes = 21226
h8.t9.propagations = 21226
h8.t13.stop_reason = aborted
h8.t13.restarts = 4
h8.t13.nogoods_size = 117643
h8.t13.nodes = 21178
h8.t13.propagations = 21178
h8.t10.stop_reason = aborted
h8.t10.restarts = 4
h8.t10.nogoods_size = 117643
h8.t10.nodes = 21019
h8.t10.propagations = 21019
h8.t7.stop_reason = unsatisfiable
h8.t7.restarts = 4
h8.t7.nogoods_size = 117643
h8.t7.nodes = 21272
h8.t7.propagations = 21272
h8.t1.stop_reason = aborted
h8.t1.restarts = 4
h8.t1.nogoods_size = 117643
h8.t1.nodes = 21437
h8.t1.propagations = 21437
h8.t6.stop_reason = aborted
h8.t6.restarts = 4
h8.t6.nogoods_size = 117643
h8.t6.nodes = 21177
h8.t6.propagations = 21177
h8.t0.stop_reason = aborted
h8.t0.restarts = 4
h8.t0.nogoods_size = 117643
h8.t0.nodes = 10804
h8.t0.propagations = 10804
h8.search_time = 3545
h8.nodes = 360654
h8.propagations = 9566909
h9.t0.stop_reason = unsatisfiable
h9.t0.restarts = 4
h9.t0.nogoods_size = 117786
h9.t0.nodes = 10805
h9.t0.propagations = 10805
h9.t8.stop_reason = aborted
h9.t8.restarts = 4
h9.t8.nogoods_size = 117786
h9.t8.nodes = 22443
h9.t8.propagations = 22443
h9.t11.stop_reason = aborted
h9.t11.restarts = 4
h9.t11.nogoods_size = 117786
h9.t11.nodes = 22453
h9.t11.propagations = 22453
h9.t12.stop_reason = aborted
h9.t12.restarts = 4
h9.t12.nogoods_size = 117786
h9.t12.nodes = 22492
h9.t12.propagations = 22492
h9.t2.stop_reason = aborted
h9.t2.restarts = 4
h9.t2.nogoods_size = 117786
h9.t2.nodes = 22580
h9.t2.propagations = 22580
h9.t17.stop_reason = aborted
h9.t17.restarts = 4
h9.t17.nogoods_size = 117786
h9.t17.nodes = 10898
h9.t17.propagations = 10898
h9.t4.stop_reason = aborted
h9.t4.restarts = 4
h9.t4.nogoods_size = 117786
h9.t4.nodes = 22238
h9.t4.propagations = 22238
h9.t10.stop_reason = aborted
h9.t10.restarts = 4
h9.t10.nogoods_size = 117786
h9.t10.nodes = 22335
h9.t10.propagations = 22335
h9.t1.stop_reason = aborted
h9.t1.restarts = 4
h9.t1.nogoods_size = 117786
h9.t1.nodes = 22479
h9.t1.propagations = 22479
h9.t15.stop_reason = aborted
h9.t15.restarts = 4
h9.t15.nogoods_size = 117786
h9.t15.nodes = 22101
h9.t15.propagations = 22101
h9.t3.stop_reason = aborted
h9.t3.restarts = 4
h9.t3.nogoods_size = 117786
h9.t3.nodes = 22413
h9.t3.propagations = 22413
h9.t16.stop_reason = aborted
h9.t16.restarts = 4
h9.t16.nogoods_size = 117786
h9.t16.nodes = 22400
h9.t16.propagations = 22400
h9.t5.stop_reason = aborted
h9.t5.restarts = 4
h9.t5.nogoods_size = 117786
h9.t5.nodes = 22196
h9.t5.propagations = 22196
h9.t6.stop_reason = aborted
h9.t6.restarts = 4
h9.t6.nogoods_size = 117786
h9.t6.nodes = 22369
h9.t6.propagations = 22369
h9.t7.stop_reason = aborted
h9.t7.restarts = 4
h9.t7.nogoods_size = 117786
h9.t7.nodes = 22251
h9.t7.propagations = 22251
h9.t13.stop_reason = aborted
h9.t13.restarts = 4
h9.t13.nogoods_size = 117786
h9.t13.nodes = 22536
h9.t13.propagations = 22536
h9.t9.stop_reason = aborted
h9.t9.restarts = 4
h9.t9.nogoods_size = 117786
h9.t9.nodes = 22635
h9.t9.propagations = 22635
h9.t14.stop_reason = aborted
h9.t14.restarts = 4
h9.t14.nogoods_size = 117786
h9.t14.nodes = 22579
h9.t14.propagations = 22579
h9.search_time = 3564
h9.nodes = 380203
h9.propagations = 10035008
h10.t17.stop_reason = aborted
h10.t17.restarts = 4
h10.t17.nogoods_size = 118577
h10.t17.nodes = 10685
h10.t17.propagations = 10685
h10.t5.stop_reason = aborted
h10.t5.restarts = 4
h10.t5.nogoods_size = 118577
h10.t5.nodes = 21678
h10.t5.propagations = 21678
h10.t14.stop_reason = aborted
h10.t14.restarts = 4
h10.t14.nogoods_size = 118577
h10.t14.nodes = 21482
h10.t14.propagations = 21482
h10.t0.stop_reason = unsatisfiable
h10.t0.restarts = 4
h10.t0.nogoods_size = 118577
h10.t0.nodes = 10805
h10.t0.propagations = 10805
h10.t1.stop_reason = aborted
h10.t1.restarts = 4
h10.t1.nogoods_size = 118577
h10.t1.nodes = 21781
h10.t1.propagations = 21781
h10.t8.stop_reason = aborted
h10.t8.restarts = 4
h10.t8.nogoods_size = 118577
h10.t8.nodes = 21417
h10.t8.propagations = 21417
h10.t4.stop_reason = aborted
h10.t4.restarts = 4
h10.t4.nogoods_size = 118577
h10.t4.nodes = 21700
h10.t4.propagations = 21700
h10.t6.stop_reason = aborted
h10.t6.restarts = 4
h10.t6.nogoods_size = 118577
h10.t6.nodes = 21525
h10.t6.propagations = 21525
h10.t2.stop_reason = aborted
h10.t2.restarts = 4
h10.t2.nogoods_size = 118577
h10.t2.nodes = 21888
h10.t2.propagations = 21888
h10.t13.stop_reason = aborted
h10.t13.restarts = 4
h10.t13.nogoods_size = 118577
h10.t13.nodes = 21551
h10.t13.propagations = 21551
h10.t16.stop_reason = aborted
h10.t16.restarts = 4
h10.t16.nogoods_size = 118577
h10.t16.nodes = 21239
h10.t16.propagations = 21239
h10.t3.stop_reason = aborted
h10.t3.restarts = 4
h10.t3.nogoods_size = 118577
h10.t3.nodes = 21515
h10.t3.propagations = 21515
h10.t11.stop_reason = aborted
h10.t11.restarts = 4
h10.t11.nogoods_size = 118577
h10.t11.nodes = 21283
h10.t11.propagations = 21283
h10.t15.stop_reason = aborted
h10.t15.restarts = 4
h10.t15.nogoods_size = 118577
h10.t15.nodes = 21237
h10.t15.propagations = 21237
h10.t9.stop_reason = aborted
h10.t9.restarts = 4
h10.t9.nogoods_size = 118577
h10.t9.nodes = 21703
h10.t9.propagations = 21703
h10.t12.stop_reason = aborted
h10.t12.restarts = 4
h10.t12.nogoods_size = 118577
h10.t12.nodes = 21806
h10.t12.propagations = 21806
h10.t10.stop_reason = aborted
h10.t10.restarts = 4
h10.t10.nogoods_size = 118577
h10.t10.nodes = 21598
h10.t10.propagations = 21598
h10.t7.stop_reason = aborted
h10.t7.restarts = 4
h10.t7.nogoods_size = 118577
h10.t7.nodes = 21453
h10.t7.propagations = 21453
h10.search_time = 3542
h10.nodes = 366346
h10.propagations = 9696851
h11.t16.stop_reason = unsatisfiable
h11.t16.restarts = 4
h11.t16.nogoods_size = 118129
h11.t16.nodes = 21984
h11.t16.propagations = 21984
h11.t15.stop_reason = aborted
h11.t15.restarts = 4
h11.t15.nogoods_size = 118129
h11.t15.nodes = 21900
h11.t15.propagations = 21900
h11.t7.stop_reason = aborted
h11.t7.restarts = 4
h11.t7.nogoods_size = 118129
h11.t7.nodes = 21698
h11.t7.propagations = 21698
h11.t9.stop_reason = aborted
h11.t9.restarts = 4
h11.t9.nogoods_size = 118129
h11.t9.nodes = 21619
h11.t9.propagations = 21619
h11.t11.stop_reason = aborted
h11.t11.restarts = 4
h11.t11.nogoods_size = 118129
h11.t11.nodes = 22006
h11.t11.propagations = 22006
h11.t13.stop_reason = aborted
h11.t13.restarts = 4
h11.t13.nogoods_size = 118129
h11.t13.nodes = 21780
h11.t13.propagations = 21780
h11.t10.stop_reason = aborted
h11.t10.restarts = 4
h11.t10.nogoods_size = 118129
h11.t10.nodes = 21775
h11.t10.propagations = 21775
h11.t8.stop_reason = aborted
h11.t8.restarts = 4
h11.t8.nogoods_size = 118129
h11.t8.nodes = 21858
h11.t8.propagations = 21858
h11.t3.stop_reason = unsatisfiable
h11.t3.restarts = 4
h11.t3.nogoods_size = 118129
h11.t3.nodes = 22121
h11.t3.propagations = 22121
h11.t2.stop_reason = aborted
h11.t2.restarts = 4
h11.t2.nogoods_size = 118129
h11.t2.nodes = 21829
h11.t2.propagations = 21829
h11.t4.stop_reason = aborted
h11.t4.restarts = 4
h11.t4.nogoods_size = 118129
h11.t4.nodes = 21735
h11.t4.propagations = 21735
h11.t12.stop_reason = aborted
h11.t12.restarts = 4
h11.t12.nogoods_size = 118129
h11.t12.nodes = 21700
h11.t12.propagations = 21700
h11.t14.stop_reason = aborted
h11.t14.restarts = 4
h11.t14.nogoods_size = 118129
h11.t14.nodes = 21860
h11.t14.propagations = 21860
h11.t17.stop_reason = aborted
h11.t17.restarts = 4
h11.t17.nogoods_size = 118129
h11.t17.nodes = 10864
h11.t17.propagations = 10864
h11.t6.stop_reason = aborted
h11.t6.restarts = 4
h11.t6.nogoods_size = 118129
h11.t6.nodes = 21993
h11.t6.propagations = 21993
h11.t5.stop_reason = aborted
h11.t5.restarts = 4
h11.t5.nogoods_size = 118129
h11.t5.nodes = 21900
h11.t5.propagations = 21900
h11.t0.stop_reason = aborted
h11.t0.restarts = 4
h11.t0.nogoods_size = 118129
h11.t0.nodes = 10804
h11.t0.propagations = 10804
h11.t1.stop_reason = aborted
h11.t1.restarts = 4
h11.t1.nogoods_size = 118129
h11.t1.nodes = 21915
h11.t1.propagations = 21915
h11.search_time = 3560
h11.nodes = 371341
h11.propagations = 9850493
h12.t17.stop_reason = aborted
h12.t17.restarts = 4
h12.t17.nogoods_size = 118470
h12.t17.nodes = 10863
h12.t17.propagations = 10863
h12.t0.stop_reason = unsatisfiable
h12.t0.restarts = 4
h12.t0.nogoods_size = 118470
h12.t0.nodes = 10805
h12.t0.propagations = 10805
h12.t5.stop_reason = aborted
h12.t5.restarts = 4
h12.t5.nogoods_size = 118470
h12.t5.nodes = 22038
h12.t5.propagations = 22038
h12.t1.stop_reason = aborted
h12.t1.restarts = 4
h12.t1.nogoods_size = 118470
h12.t1.nodes = 22044
h12.t1.propagations = 22044
h12.t6.stop_reason = aborted
h12.t6.restarts = 4
h12.t6.nogoods_size = 118470
h12.t6.nodes = 22086
h12.t6.propagations = 22086
h12.t4.stop_reason = aborted
h12.t4.restarts = 4
h12.t4.nogoods_size = 118470
h12.t4.nodes = 21856
h12.t4.propagations = 21856
h12.t7.stop_reason = aborted
h12.t7.restarts = 4
h12.t7.nogoods_size = 118470
h12.t7.nodes = 22039
h12.t7.propagations = 22039
h12.t13.stop_reason = aborted
h12.t13.restarts = 4
h12.t13.nogoods_size = 118470
h12.t13.nodes = 21877
h12.t13.propagations = 21877
h12.t8.stop_reason = aborted
h12.t8.restarts = 4
h12.t8.nogoods_size = 118470
h12.t8.nodes = 22041
h12.t8.propagations = 22041
h12.t9.stop_reason = aborted
h12.t9.restarts = 4
h12.t9.nogoods_size = 118470
h12.t9.nodes = 21699
h12.t9.propagations = 21699
h12.t14.stop_reason = aborted
h12.t14.restarts = 4
h12.t14.nogoods_size = 118470
h12.t14.nodes = 21947
h12.t14.propagations = 21947
h12.t16.stop_reason = aborted
h12.t16.restarts = 4
h12.t16.nogoods_size = 118470
h12.t16.nodes = 21805
h12.t16.propagations = 21805
h12.t2.stop_reason = aborted
h12.t2.restarts = 4
h12.t2.nogoods_size = 118470
h12.t2.nodes = 22176
h12.t2.propagations = 22176
h12.t12.stop_reason = aborted
h12.t12.restarts = 4
h12.t12.nogoods_size = 118470
h12.t12.nodes = 21837
h12.t12.propagations = 21837
h12.t11.stop_reason = aborted
h12.t11.restarts = 4
h12.t11.nogoods_size = 118470
h12.t11.nodes = 21857
h12.t11.propagations = 21857
h12.t3.stop_reason = aborted
h12.t3.restarts = 4
h12.t3.nogoods_size = 118470
h12.t3.nodes = 22282
h12.t3.propagations = 22282
h12.t10.stop_reason = aborted
h12.t10.restarts = 4
h12.t10.nogoods_size = 118470
h12.t10.nodes = 21865
h12.t10.propagations = 21865
h12.t15.stop_reason = aborted
h12.t15.restarts = 4
h12.t15.nogoods_size = 118470
h12.t15.nodes = 21750
h12.t15.propagations = 21750
h12.search_time = 3551
h12.nodes = 372867
h12.propagations = 9875663
h13.t17.stop_reason = aborted
h13.t17.restarts = 4
h13.t17.nogoods_size = 118557
h13.t17.nodes = 10802
h13.t17.propagations = 10802
h13.t0.stop_reason = unsatisfiable
h13.t0.restarts = 4
h13.t0.nogoods_size = 118557
h13.t0.nodes = 10805
h13.t0.propagations = 10805
h13.t6.stop_reason = aborted
h13.t6.restarts = 4
h13.t6.nogoods_size = 118557
h13.t6.nodes = 21703
h13.t6.propagations = 21703
h13.t2.stop_reason = aborted
h13.t2.restarts = 4
h13.t2.nogoods_size = 118557
h13.t2.nodes = 21787
h13.t2.propagations = 21787
h13.t12.stop_reason = aborted
h13.t12.restarts = 4
h13.t12.nogoods_size = 118557
h13.t12.nodes = 21878
h13.t12.propagations = 21878
h13.t15.stop_reason = aborted
h13.t15.restarts = 4
h13.t15.nogoods_size = 118557
h13.t15.nodes = 21841
h13.t15.propagations = 21841
h13.t13.stop_reason = aborted
h13.t13.restarts = 4
h13.t13.nogoods_size = 118557
h13.t13.nodes = 22067
h13.t13.propagations = 22067
h13.t5.stop_reason = aborted
h13.t5.restarts = 4
h13.t5.nogoods_size = 118557
h13.t5.nodes = 21914
h13.t5.propagations = 21914
h13.t14.stop_reason = aborted
h13.t14.restarts = 4
h13.t14.nogoods_size = 118557
h13.t14.nodes = 21716
h13.t14.propagations = 21716
h13.t7.stop_reason = aborted
h13.t7.restarts = 4
h13.t7.nogoods_size = 118557
h13.t7.nodes = 21789
h13.t7.propagations = 21789
h13.t8.stop_reason = aborted
h13.t8.restarts = 4
h13.t8.nogoods_size = 118557
h13.t8.nodes = 21640
h13.t8.propagations = 21640
h13.t1.stop_reason = aborted
h13.t1.restarts = 4
h13.t1.nogoods_size = 118557
h13.t1.nodes = 21788
h13.t1.propagations = 21788
h13.t10.stop_reason = aborted
h13.t10.restarts = 4
h13.t10.nogoods_size = 118557
h13.t10.nodes = 21804
h13.t10.propagations = 21804
h13.t11.stop_reason = aborted
h13.t11.restarts = 4
h13.t11.nogoods_size = 118557
h13.t11.nodes = 21869
h13.t11.propagations = 21869
h13.t4.stop_reason = aborted
h13.t4.restarts = 4
h13.t4.nogoods_size = 118557
h13.t4.nodes = 21781
h13.t4.propagations = 21781
h13.t9.stop_reason = aborted
h13.t9.restarts = 4
h13.t9.nogoods_size = 118557
h13.t9.nodes = 21668
h13.t9.propagations = 21668
h13.t16.stop_reason = aborted
h13.t16.restarts = 4
h13.t16.nogoods_size = 118557
h13.t16.nodes = 21971
h13.t16.propagations = 21971
h13.t3.stop_reason = aborted
h13.t3.restarts = 4
h13.t3.nogoods_size = 118557
h13.t3.nodes = 21595
h13.t3.propagations = 21595
h13.search_time = 3573
h13.nodes = 370418
h13.propagations = 9779468
h14.t12.stop_reason = aborted
h14.t12.restarts = 4
h14.t12.nogoods_size = 118216
h14.t12.nodes = 21901
h14.t12.propagations = 21901
h14.t16.stop_reason = aborted
h14.t16.restarts = 4
h14.t16.nogoods_size = 118216
h14.t16.nodes = 21890
h14.t16.propagations = 21890
h14.t6.stop_reason = aborted
h14.t6.restarts = 4
h14.t6.nogoods_size = 118216
h14.t6.nodes = 21903
h14.t6.propagations = 21903
h14.t3.stop_reason = aborted
h14.t3.restarts = 4
h14.t3.nogoods_size = 118216
h14.t3.nodes = 21624
h14.t3.propagations = 21624
h14.t8.stop_reason = aborted
h14.t8.restarts = 4
h14.t8.nogoods_size = 118216
h14.t8.nodes = 22011
h14.t8.propagations = 22011
h14.t4.stop_reason = aborted
h14.t4.restarts = 4
h14.t4.nogoods_size = 118216
h14.t4.nodes = 21982
h14.t4.propagations = 21982
h14.t17.stop_reason = aborted
h14.t17.restarts = 4
h14.t17.nogoods_size = 118216
h14.t17.nodes = 10897
h14.t17.propagations = 10897
h14.t11.stop_reason = aborted
h14.t11.restarts = 4
h14.t11.nogoods_size = 118216
h14.t11.nodes = 21873
h14.t11.propagations = 21873
h14.t5.stop_reason = aborted
h14.t5.restarts = 4
h14.t5.nogoods_size = 118216
h14.t5.nodes = 21998
h14.t5.propagations = 21998
h14.t13.stop_reason = aborted
h14.t13.restarts = 4
h14.t13.nogoods_size = 118216
h14.t13.nodes = 21870
h14.t13.propagations = 21870
h14.t14.stop_reason = aborted
h14.t14.restarts = 4
h14.t14.nogoods_size = 118216
h14.t14.nodes = 21846
h14.t14.propagations = 21846
h14.t10.stop_reason = aborted
h14.t10.restarts = 4
h14.t10.nogoods_size = 118216
h14.t10.nodes = 21774
h14.t10.propagations = 21774
h14.t2.stop_reason = aborted
h14.t2.restarts = 4
h14.t2.nogoods_size = 118216
h14.t2.nodes = 21874
h14.t2.propagations = 21874
h14.t15.stop_reason = aborted
h14.t15.restarts = 4
h14.t15.nogoods_size = 118216
h14.t15.nodes = 21760
h14.t15.propagations = 21760
h14.t1.stop_reason = aborted
h14.t1.restarts = 4
h14.t1.nogoods_size = 118216
h14.t1.nodes = 21718
h14.t1.propagations = 21718
h14.t7.stop_reason = aborted
h14.t7.restarts = 4
h14.t7.nogoods_size = 118216
h14.t7.nodes = 21921
h14.t7.propagations = 21921
h14.t0.stop_reason = unsatisfiable
h14.t0.restarts = 4
h14.t0.nogoods_size = 118216
h14.t0.nodes = 10805
h14.t0.propagations = 10805
h14.t9.stop_reason = aborted
h14.t9.restarts = 4
h14.t9.nogoods_size = 118216
h14.t9.nodes = 21811
h14.t9.propagations = 21811
h14.search_time = 3539
h14.nodes = 371458
h14.propagations = 9838765
h15.t17.stop_reason = aborted
h15.t17.restarts = 4
h15.t17.nogoods_size = 118122
h15.t17.nodes = 10518
h15.t17.propagations = 10518
h15.t0.stop_reason = aborted
h15.t0.restarts = 4
h15.t0.nogoods_size = 118122
h15.t0.nodes = 10804
h15.t0.propagations = 10804
h15.t12.stop_reason = aborted
h15.t12.restarts = 4
h15.t12.nogoods_size = 118122
h15.t12.nodes = 21503
h15.t12.propagations = 21503
h15.t15.stop_reason = aborted
h15.t15.restarts = 4
h15.t15.nogoods_size = 118122
h15.t15.nodes = 21306
h15.t15.propagations = 21306
h15.t1.stop_reason = aborted
h15.t1.restarts = 4
h15.t1.nogoods_size = 118122
h15.t1.nodes = 21754
h15.t1.propagations = 21754
h15.t16.stop_reason = aborted
h15.t16.restarts = 4
h15.t16.nogoods_size = 118122
h15.t16.nodes = 21429
h15.t16.propagations = 21429
h15.t9.stop_reason = aborted
h15.t9.restarts = 4
h15.t9.nogoods_size = 118122
h15.t9.nodes = 21469
h15.t9.propagations = 21469
h15.t11.stop_reason = aborted
h15.t11.restarts = 4
h15.t11.nogoods_size = 118122
h15.t11.nodes = 21398
h15.t11.propagations = 21398
h15.t4.stop_reason = aborted
h15.t4.restarts = 4
h15.t4.nogoods_size = 118122
h15.t4.nodes = 21597
h15.t4.propagations = 21597
h15.t14.stop_reason = aborted
h15.t14.restarts = 4
h15.t14.nogoods_size = 118122
h15.t14.nodes = 21373
h15.t14.propagations = 21373
h15.t5.stop_reason = aborted
h15.t5.restarts = 4
h15.t5.nogoods_size = 118122
h15.t5.nodes = 21601
h15.t5.propagations = 21601
h15.t8.stop_reason = aborted
h15.t8.restarts = 4
h15.t8.nogoods_size = 118122
h15.t8.nodes = 21731
h15.t8.propagations = 21731
h15.t13.stop_reason = aborted
h15.t13.restarts = 4
h15.t13.nogoods_size = 118122
h15.t13.nodes = 21751
h15.t13.propagations = 21751
h15.t6.stop_reason = aborted
h15.t6.restarts = 4
h15.t6.nogoods_size = 118122
h15.t6.nodes = 21808
h15.t6.propagations = 21808
h15.t7.stop_reason = aborted
h15.t7.restarts = 4
h15.t7.nogoods_size = 118122
h15.t7.nodes = 21817
h15.t7.propagations = 21817
h15.t10.stop_reason = aborted
h15.t10.restarts = 4
h15.t10.nogoods_size = 118122
h15.t10.nodes = 21368
h15.t10.propagations = 21368
h15.t2.stop_reason = aborted
h15.t2.restarts = 4
h15.t2.nogoods_size = 118122
h15.t2.nodes = 21753
h15.t2.propagations = 21753
h15.t3.stop_reason = unsatisfiable
h15.t3.restarts = 4
h15.t3.nogoods_size = 118122
h15.t3.nodes = 21607
h15.t3.propagations = 21607
h15.search_time = 3538
h15.nodes = 366587
h15.propagations = 9732544
h16.t17.stop_reason = aborted
h16.t17.restarts = 4
h16.t17.nogoods_size = 118179
h16.t17.nodes = 10668
h16.t17.propagations = 10668
h16.t0.stop_reason = unsatisfiable
h16.t0.restarts = 4
h16.t0.nogoods_size = 118179
h16.t0.nodes = 10805
h16.t0.propagations = 10805
h16.t1.stop_reason = aborted
h16.t1.restarts = 4
h16.t1.nogoods_size = 118179
h16.t1.nodes = 21814
h16.t1.propagations = 21814
h16.t10.stop_reason = aborted
h16.t10.restarts = 4
h16.t10.nogoods_size = 118179
h16.t10.nodes = 21393
h16.t10.propagations = 21393
h16.t4.stop_reason = aborted
h16.t4.restarts = 4
h16.t4.nogoods_size = 118179
h16.t4.nodes = 21528
h16.t4.propagations = 21528
h16.t8.stop_reason = aborted
h16.t8.restarts = 4
h16.t8.nogoods_size = 118179
h16.t8.nodes = 21688
h16.t8.propagations = 21688
h16.t12.stop_reason = aborted
h16.t12.restarts = 4
h16.t12.nogoods_size = 118179
h16.t12.nodes = 21794
h16.t12.propagations = 21794
h16.t6.stop_reason = aborted
h16.t6.restarts = 4
h16.t6.nogoods_size = 118179
h16.t6.nodes = 21984
h16.t6.propagations = 21984
h16.t7.stop_reason = aborted
h16.t7.restarts = 4
h16.t7.nogoods_size = 118179
h16.t7.nodes = 21839
h16.t7.propagations = 21839
h16.t2.stop_reason = aborted
h16.t2.restarts = 4
h16.t2.nogoods_size = 118179
h16.t2.nodes = 21682
h16.t2.propagations = 21682
h16.t9.stop_reason = aborted
h16.t9.restarts = 4
h16.t9.nogoods_size = 118179
h16.t9.nodes = 21784
h16.t9.propagations = 21784
h16.t11.stop_reason = aborted
h16.t11.restarts = 4
h16.t11.nogoods_size = 118179
h16.t11.nodes = 21276
h16.t11.propagations = 21276
h16.t3.stop_reason = aborted
h16.t3.restarts = 4
h16.t3.nogoods_size = 118179
h16.t3.nodes = 21923
h16.t3.propagations = 21923
h16.t13.stop_reason = aborted
h16.t13.restarts = 4
h16.t13.nogoods_size = 118179
h16.t13.nodes = 21688
h16.t13.propagations = 21688
h16.t5.stop_reason = aborted
h16.t5.restarts = 4
h16.t5.nogoods_size = 118179
h16.t5.nodes = 21815
h16.t5.propagations = 21815
h16.t16.stop_reason = aborted
h16.t16.restarts = 4
h16.t16.nogoods_size = 118179
h16.t16.nodes = 21809
h16.t16.propagations = 21809
h16.t15.stop_reason = unsatisfiable
h16.t15.restarts = 4
h16.t15.nogoods_size = 118179
h16.t15.nodes = 21664
h16.t15.propagations = 21664
h16.t14.stop_reason = aborted
h16.t14.restarts = 4
h16.t14.nogoods_size = 118179
h16.t14.nodes = 21750
h16.t14.propagations = 21750
h16.search_time = 3556
h16.nodes = 368904
h16.propagations = 9779212
h17.t7.stop_reason = aborted
h17.t7.restarts = 4
h17.t7.nogoods_size = 117738
h17.t7.nodes = 21899
h17.t7.propagations = 21899
h17.t13.stop_reason = aborted
h17.t13.restarts = 4
h17.t13.nogoods_size = 117738
h17.t13.nodes = 22026
h17.t13.propagations = 22026
h17.t8.stop_reason = aborted
h17.t8.restarts = 4
h17.t8.nogoods_size = 117738
h17.t8.nodes = 22042
h17.t8.propagations = 22042
h17.t11.stop_reason = aborted
h17.t11.restarts = 4
h17.t11.nogoods_size = 117738
h17.t11.nodes = 21807
h17.t11.propagations = 21807
h17.t14.stop_reason = aborted
h17.t14.restarts = 4
h17.t14.nogoods_size = 117738
h17.t14.nodes = 21879
h17.t14.propagations = 21879
h17.t17.stop_reason = aborted
h17.t17.restarts = 4
h17.t17.nogoods_size = 117738
h17.t17.nodes = 10668
h17.t17.propagations = 10668
h17.t10.stop_reason = aborted
h17.t10.restarts = 4
h17.t10.nogoods_size = 117738
h17.t10.nodes = 21959
h17.t10.propagations = 21959
h17.t2.stop_reason = aborted
h17.t2.restarts = 4
h17.t2.nogoods_size = 117738
h17.t2.nodes = 22234
h17.t2.propagations = 22234
h17.t1.stop_reason = aborted
h17.t1.restarts = 4
h17.t1.nogoods_size = 117738
h17.t1.nodes = 21924
h17.t1.propagations = 21924
h17.t16.stop_reason = aborted
h17.t16.restarts = 4
h17.t16.nogoods_size = 117738
h17.t16.nodes = 21913
h17.t16.propagations = 21913
h17.t12.stop_reason = aborted
h17.t12.restarts = 4
h17.t12.nogoods_size = 117738
h17.t12.nodes = 21889
h17.t12.propagations = 21889
h17.t3.stop_reason = aborted
h17.t3.restarts = 4
h17.t3.nogoods_size = 117738
h17.t3.nodes = 21647
h17.t3.propagations = 21647
h17.t9.stop_reason = aborted
h17.t9.restarts = 4
h17.t9.nogoods_size = 117738
h17.t9.nodes = 21963
h17.t9.propagations = 21963
h17.t15.stop_reason = aborted
h17.t15.restarts = 4
h17.t15.nogoods_size = 117738
h17.t15.nodes = 21633
h17.t15.propagations = 21633
h17.t4.stop_reason = aborted
h17.t4.restarts = 4
h17.t4.nogoods_size = 117738
h17.t4.nodes = 21701
h17.t4.propagations = 21701
h17.t6.stop_reason = aborted
h17.t6.restarts = 4
h17.t6.nogoods_size = 117738
h17.t6.nodes = 21789
h17.t6.propagations = 21789
h17.t5.stop_reason = aborted
h17.t5.restarts = 4
h17.t5.nogoods_size = 117738
h17.t5.nodes = 21744
h17.t5.propagations = 21744
h17.t0.stop_reason = unsatisfiable
h17.t0.restarts = 4
h17.t0.nogoods_size = 117738
h17.t0.nodes = 10805
h17.t0.propagations = 10805
h17.search_time = 3531
h17.nodes = 371522
h17.propagations = 9843860
h18.t17.stop_reason = aborted
h18.t17.restarts = 4
h18.t17.nogoods_size = 117971
h18.t17.nodes = 10597
h18.t17.propagations = 10597
h18.t0.stop_reason = unsatisfiable
h18.t0.restarts = 4
h18.t0.nogoods_size = 117971
h18.t0.nodes = 10805
h18.t0.propagations = 10805
h18.t7.stop_reason = aborted
h18.t7.restarts = 4
h18.t7.nogoods_size = 117971
h18.t7.nodes = 21394
h18.t7.propagations = 21394
h18.t2.stop_reason = aborted
h18.t2.restarts = 4
h18.t2.nogoods_size = 117971
h18.t2.nodes = 21668
h18.t2.propagations = 21668
h18.t1.stop_reason = aborted
h18.t1.restarts = 4
h18.t1.nogoods_size = 117971
h18.t1.nodes = 21394
h18.t1.propagations = 21394
h18.t15.stop_reason = aborted
h18.t15.restarts = 4
h18.t15.nogoods_size = 117971
h18.t15.nodes = 21661
h18.t15.propagations = 21661
h18.t11.stop_reason = aborted
h18.t11.restarts = 4
h18.t11.nogoods_size = 117971
h18.t11.nodes = 21440
h18.t11.propagations = 21440
h18.t13.stop_reason = aborted
h18.t13.restarts = 4
h18.t13.nogoods_size = 117971
h18.t13.nodes = 21536
h18.t13.propagations = 21536
h18.t9.stop_reason = aborted
h18.t9.restarts = 4
h18.t9.nogoods_size = 117971
h18.t9.nodes = 21544
h18.t9.propagations = 21544
h18.t3.stop_reason = aborted
h18.t3.restarts = 4
h18.t3.nogoods_size = 117971
h18.t3.nodes = 21550
h18.t3.propagations = 21550
h18.t14.stop_reason = aborted
h18.t14.restarts = 4
h18.t14.nogoods_size = 117971
h18.t14.nodes = 21387
h18.t14.propagations = 21387
h18.t4.stop_reason = aborted
h18.t4.restarts = 4
h18.t4.nogoods_size = 117971
h18.t4.nodes = 21416
h18.t4.propagations = 21416
h18.t16.stop_reason = aborted
h18.t16.restarts = 4
h18.t16.nogoods_size = 117971
h18.t16.nodes = 21488
h18.t16.propagations = 21488
h18.t12.stop_reason = aborted
h18.t12.restarts = 4
h18.t12.nogoods_size = 117971
h18.t12.nodes = 21651
h18.t12.propagations = 21651
h18.t10.stop_reason = aborted
h18.t10.restarts = 4
h18.t10.nogoods_size = 117971
h18.t10.nodes = 21317
h18.t10.propagations = 21317
h18.t8.stop_reason = aborted
h18.t8.restarts = 4
h18.t8.nogoods_size = 117971
h18.t8.nodes = 21640
h18.t8.propagations = 21640
h18.t5.stop_reason = unsatisfiable
h18.t5.restarts = 4
h18.t5.nogoods_size = 117971
h18.t5.nodes = 21472
h18.t5.propagations = 21472
h18.t6.stop_reason = aborted
h18.t6.restarts = 4
h18.t6.nogoods_size = 117971
h18.t6.nodes = 21529
h18.t6.propagations = 21529
h18.search_time = 3560
h18.nodes = 365489
h18.propagations = 9682091
h19.t12.stop_reason = aborted
h19.t12.restarts = 4
h19.t12.nogoods_size = 117999
h19.t12.nodes = 22358
h19.t12.propagations = 22358
h19.t0.stop_reason = unsatisfiable
h19.t0.restarts = 4
h19.t0.nogoods_size = 117999
h19.t0.nodes = 10805
h19.t0.propagations = 10805
h19.t2.stop_reason = aborted
h19.t2.restarts = 4
h19.t2.nogoods_size = 117999
h19.t2.nodes = 22303
h19.t2.propagations = 22303
h19.t6.stop_reason = aborted
h19.t6.restarts = 4
h19.t6.nogoods_size = 117999
h19.t6.nodes = 22596
h19.t6.propagations = 22596
h19.t4.stop_reason = aborted
h19.t4.restarts = 4
h19.t4.nogoods_size = 117999
h19.t4.nodes = 22280
h19.t4.propagations = 22280
h19.t1.stop_reason = aborted
h19.t1.restarts = 4
h19.t1.nogoods_size = 117999
h19.t1.nodes = 22286
h19.t1.propagations = 22286
h19.t9.stop_reason = aborted
h19.t9.restarts = 4
h19.t9.nogoods_size = 117999
h19.t9.nodes = 22354
h19.t9.propagations = 22354
h19.t3.stop_reason = aborted
h19.t3.restarts = 4
h19.t3.nogoods_size = 117999
h19.t3.nodes = 22467
h19.t3.propagations = 22467
h19.t5.stop_reason = aborted
h19.t5.restarts = 4
h19.t5.nogoods_size = 117999
h19.t5.nodes = 22353
h19.t5.propagations = 22353
h19.t8.stop_reason = aborted
h19.t8.restarts = 4
h19.t8.nogoods_size = 117999
h19.t8.nodes = 22066
h19.t8.propagations = 22066
h19.t7.stop_reason = aborted
h19.t7.restarts = 4
h19.t7.nogoods_size = 117999
h19.t7.nodes = 22354
h19.t7.propagations = 22354
h19.t15.stop_reason = aborted
h19.t15.restarts = 4
h19.t15.nogoods_size = 117999
h19.t15.nodes = 22137
h19.t15.propagations = 22137
h19.t14.stop_reason = aborted
h19.t14.restarts = 4
h19.t14.nogoods_size = 117999
h19.t14.nodes = 22371
h19.t14.propagations = 22371
h19.t10.stop_reason = aborted
h19.t10.restarts = 4
h19.t10.nogoods_size = 117999
h19.t10.nodes = 22296
h19.t10.propagations = 22296
h19.t11.stop_reason = aborted
h19.t11.restarts = 4
h19.t11.nogoods_size = 117999
h19.t11.nodes = 22314
h19.t11.propagations = 22314
h19.t13.stop_reason = aborted
h19.t13.restarts = 4
h19.t13.nogoods_size = 117999
h19.t13.nodes = 22605
h19.t13.propagations = 22605
h19.t17.stop_reason = aborted
h19.t17.restarts = 4
h19.t17.nogoods_size = 117999
h19.t17.nodes = 10664
h19.t17.propagations = 10664
h19.t16.stop_reason = aborted
h19.t16.restarts = 4
h19.t16.nogoods_size = 117999
h19.t16.nodes = 21987
h19.t16.propagations = 21987
h19.search_time = 3562
h19.nodes = 378596
h19.propagations = 9985237
