hostname = r1i2n22
commandline = ../glasgow/mpi_solve_subgraph_isomorphism --timeout 1000 --format lad --geometric-restarts=1.0 --restarts-constant=5400 --triggered-restarts --threads 18 ../instances/LV/g6 ../instances/largerGraphs/g111
started_at = 2018-11-19 17:11:03
pattern_file = ../instances/LV/g6
target_file = ../instances/largerGraphs/g111
status = false
nodes = 4234992
propagations = 18396278
runtime = 1354
h0.t2.stop_reason = unsatisfiable
h0.t2.restarts = 3
h0.t2.nogoods_size = 19569
h0.t2.nodes = 11241
h0.t2.propagations = 11241
h0.t8.stop_reason = unsatisfiable
h0.t8.restarts = 3
h0.t8.nogoods_size = 19569
h0.t8.nodes = 11860
h0.t8.propagations = 11860
h0.t0.stop_reason = aborted
h0.t0.restarts = 3
h0.t0.nogoods_size = 19569
h0.t0.nodes = 5405
h0.t0.propagations = 5405
h0.t4.stop_reason = unsatisfiable
h0.t4.restarts = 3
h0.t4.nogoods_size = 19569
h0.t4.nodes = 13356
h0.t4.propagations = 13356
h0.t13.stop_reason = unsatisfiable
h0.t13.restarts = 3
h0.t13.nogoods_size = 19569
h0.t13.nodes = 11034
h0.t13.propagations = 11034
h0.t12.stop_reason = unsatisfiable
h0.t12.restarts = 3
h0.t12.nogoods_size = 19569
h0.t12.nodes = 9182
h0.t12.propagations = 9182
h0.t14.stop_reason = unsatisfiable
h0.t14.restarts = 3
h0.t14.nogoods_size = 19569
h0.t14.nodes = 9691
h0.t14.propagations = 9691
h0.t1.stop_reason = unsatisfiable
h0.t1.restarts = 3
h0.t1.nogoods_size = 19569
h0.t1.nodes = 8586
h0.t1.propagations = 8586
h0.t17.stop_reason = unsatisfiable
h0.t17.restarts = 3
h0.t17.nogoods_size = 19569
h0.t17.nodes = 4228
h0.t17.propagations = 4228
h0.t9.stop_reason = unsatisfiable
h0.t9.restarts = 3
h0.t9.nogoods_size = 19569
h0.t9.nodes = 9034
h0.t9.propagations = 9034
h0.t3.stop_reason = unsatisfiable
h0.t3.restarts = 3
h0.t3.nogoods_size = 19569
h0.t3.nodes = 10967
h0.t3.propagations = 10967
h0.t7.stop_reason = unsatisfiable
h0.t7.restarts = 3
h0.t7.nogoods_size = 19569
h0.t7.nodes = 11833
h0.t7.propagations = 11833
h0.t5.stop_reason = unsatisfiable
h0.t5.restarts = 3
h0.t5.nogoods_size = 19569
h0.t5.nodes = 13652
h0.t5.propagations = 13652
h0.t10.stop_reason = unsatisfiable
h0.t10.restarts = 3
h0.t10.nogoods_size = 19569
h0.t10.nodes = 13476
h0.t10.propagations = 13476
h0.t6.stop_reason = unsatisfiable
h0.t6.restarts = 3
h0.t6.nogoods_size = 19569
h0.t6.nodes = 8667
h0.t6.propagations = 8667
h0.t16.stop_reason = unsatisfiable
h0.t16.restarts = 3
h0.t16.nogoods_size = 19569
h0.t16.nodes = 13362
h0.t16.propagations = 13362
h0.t15.stop_reason = unsatisfiable
h0.t15.restarts = 3
h0.t15.nogoods_size = 19569
h0.t15.nodes = 10065
h0.t15.propagations = 10065
h0.t11.stop_reason = unsatisfiable
h0.t11.restarts = 3
h0.t11.nogoods_size = 19569
h0.t11.nodes = 10221
h0.t11.propagations = 10221
h0.search_time = 796
h0.nodes = 185860
h0.propagations = 808546
h1.t12.stop_reason = aborted
h1.t12.restarts = 3
h1.t12.nogoods_size = 19602
h1.t12.nodes = 8098
h1.t12.propagations = 8098
h1.t9.stop_reason = aborted
h1.t9.restarts = 3
h1.t9.nogoods_size = 19602
h1.t9.nodes = 8076
h1.t9.propagations = 8076
h1.t17.stop_reason = unsatisfiable
h1.t17.restarts = 3
h1.t17.nogoods_size = 19602
h1.t17.nodes = 4362
h1.t17.propagations = 4362
h1.t4.stop_reason = aborted
h1.t4.restarts = 3
h1.t4.nogoods_size = 19602
h1.t4.nodes = 7904
h1.t4.propagations = 7904
h1.t0.stop_reason = aborted
h1.t0.restarts = 3
h1.t0.nogoods_size = 19602
h1.t0.nodes = 5407
h1.t0.propagations = 5407
h1.t5.stop_reason = aborted
h1.t5.restarts = 3
h1.t5.nogoods_size = 19602
h1.t5.nodes = 9116
h1.t5.propagations = 9116
h1.t13.stop_reason = aborted
h1.t13.restarts = 3
h1.t13.nogoods_size = 19602
h1.t13.nodes = 9985
h1.t13.propagations = 9985
h1.t16.stop_reason = aborted
h1.t16.restarts = 3
h1.t16.nogoods_size = 19602
h1.t16.nodes = 8077
h1.t16.propagations = 8077
h1.t7.stop_reason = aborted
h1.t7.restarts = 3
h1.t7.nogoods_size = 19602
h1.t7.nodes = 12979
h1.t7.propagations = 12979
h1.t2.stop_reason = aborted
h1.t2.restarts = 3
h1.t2.nogoods_size = 19602
h1.t2.nodes = 8354
h1.t2.propagations = 8354
h1.t15.stop_reason = aborted
h1.t15.restarts = 3
h1.t15.nogoods_size = 19602
h1.t15.nodes = 10032
h1.t15.propagations = 10032
h1.t11.stop_reason = aborted
h1.t11.restarts = 3
h1.t11.nogoods_size = 19602
h1.t11.nodes = 11651
h1.t11.propagations = 11651
h1.t6.stop_reason = aborted
h1.t6.restarts = 3
h1.t6.nogoods_size = 19602
h1.t6.nodes = 8777
h1.t6.propagations = 8777
h1.t14.stop_reason = aborted
h1.t14.restarts = 3
h1.t14.nogoods_size = 19602
h1.t14.nodes = 7640
h1.t14.propagations = 7640
h1.t8.stop_reason = aborted
h1.t8.restarts = 3
h1.t8.nogoods_size = 19602
h1.t8.nodes = 10716
h1.t8.propagations = 10716
h1.t1.stop_reason = aborted
h1.t1.restarts = 3
h1.t1.nogoods_size = 19602
h1.t1.nodes = 8301
h1.t1.propagations = 8301
h1.t3.stop_reason = aborted
h1.t3.restarts = 3
h1.t3.nogoods_size = 19602
h1.t3.nodes = 8258
h1.t3.propagations = 8258
h1.t10.stop_reason = unsatisfiable
h1.t10.restarts = 3
h1.t10.nogoods_size = 19602
h1.t10.nodes = 7896
h1.t10.propagations = 7896
h1.search_time = 781
h1.nodes = 155629
h1.propagations = 710250
h2.t17.stop_reason = unsatisfiable
h2.t17.restarts = 3
h2.t17.nogoods_size = 19689
h2.t17.nodes = 7978
h2.t17.propagations = 7978
h2.t0.stop_reason = aborted
h2.t0.restarts = 3
h2.t0.nogoods_size = 19689
h2.t0.nodes = 5407
h2.t0.propagations = 5407
h2.t7.stop_reason = aborted
h2.t7.restarts = 3
h2.t7.nogoods_size = 19689
h2.t7.nodes = 13130
h2.t7.propagations = 13130
h2.t3.stop_reason = aborted
h2.t3.restarts = 3
h2.t3.nogoods_size = 19689
h2.t3.nodes = 14732
h2.t3.propagations = 14732
h2.t12.stop_reason = aborted
h2.t12.restarts = 3
h2.t12.nogoods_size = 19689
h2.t12.nodes = 14776
h2.t12.propagations = 14776
h2.t9.stop_reason = aborted
h2.t9.restarts = 3
h2.t9.nogoods_size = 19689
h2.t9.nodes = 12956
h2.t9.propagations = 12956
h2.t15.stop_reason = aborted
h2.t15.restarts = 3
h2.t15.nogoods_size = 19689
h2.t15.nodes = 12218
h2.t15.propagations = 12218
h2.t8.stop_reason = aborted
h2.t8.restarts = 3
h2.t8.nogoods_size = 19689
h2.t8.nodes = 13299
h2.t8.propagations = 13299
h2.t1.stop_reason = aborted
h2.t1.restarts = 3
h2.t1.nogoods_size = 19689
h2.t1.nodes = 14851
h2.t1.propagations = 14851
h2.t10.stop_reason = aborted
h2.t10.restarts = 3
h2.t10.nogoods_size = 19689
h2.t10.nodes = 12973
h2.t10.propagations = 12973
h2.t2.stop_reason = aborted
h2.t2.restarts = 3
h2.t2.nogoods_size = 19689
h2.t2.nodes = 15003
h2.t2.propagations = 15003
h2.t11.stop_reason = aborted
h2.t11.restarts = 3
h2.t11.nogoods_size = 19689
h2.t11.nodes = 15673
h2.t11.propagations = 15673
h2.t5.stop_reason = aborted
h2.t5.restarts = 3
h2.t5.nogoods_size = 19689
h2.t5.nodes = 14911
h2.t5.propagations = 14911
h2.t13.stop_reason = aborted
h2.t13.restarts = 3
h2.t13.nogoods_size = 19689
h2.t13.nodes = 13315
h2.t13.propagations = 13315
h2.t6.stop_reason = aborted
h2.t6.restarts = 3
h2.t6.nogoods_size = 19689
h2.t6.nodes = 11391
h2.t6.propagations = 11391
h2.t14.stop_reason = aborted
h2.t14.restarts = 3
h2.t14.nogoods_size = 19689
h2.t14.nodes = 12245
h2.t14.propagations = 12245
h2.t16.stop_reason = aborted
h2.t16.restarts = 3
h2.t16.nogoods_size = 19689
h2.t16.nodes = 10050
h2.t16.propagations = 10050
h2.t4.stop_reason = aborted
h2.t4.restarts = 3
h2.t4.nogoods_size = 19689
h2.t4.nodes = 13655
h2.t4.propagations = 13655
h2.search_time = 815
h2.nodes = 228563
h2.propagations = 987527
h3.t14.stop_reason = aborted
h3.t14.restarts = 3
h3.t14.nogoods_size = 19714
h3.t14.nodes = 14265
h3.t14.propagations = 14265
h3.t4.stop_reason = aborted
h3.t4.restarts = 3
h3.t4.nogoods_size = 19714
h3.t4.nodes = 10836
h3.t4.propagations = 10836
h3.t9.stop_reason = aborted
h3.t9.restarts = 3
h3.t9.nogoods_size = 19714
h3.t9.nodes = 12342
h3.t9.propagations = 12342
h3.t10.stop_reason = aborted
h3.t10.restarts = 3
h3.t10.nogoods_size = 19714
h3.t10.nodes = 14678
h3.t10.propagations = 14678
h3.t2.stop_reason = aborted
h3.t2.restarts = 3
h3.t2.nogoods_size = 19714
h3.t2.nodes = 13658
h3.t2.propagations = 13658
h3.t17.stop_reason = unsatisfiable
h3.t17.restarts = 3
h3.t17.nogoods_size = 19714
h3.t17.nodes = 6331
h3.t17.propagations = 6331
h3.t6.stop_reason = aborted
h3.t6.restarts = 3
h3.t6.nogoods_size = 19714
h3.t6.nodes = 10797
h3.t6.propagations = 10797
h3.t1.stop_reason = aborted
h3.t1.restarts = 3
h3.t1.nogoods_size = 19714
h3.t1.nodes = 12841
h3.t1.propagations = 12841
h3.t3.stop_reason = aborted
h3.t3.restarts = 3
h3.t3.nogoods_size = 19714
h3.t3.nodes = 13944
h3.t3.propagations = 13944
h3.t8.stop_reason = aborted
h3.t8.restarts = 3
h3.t8.nogoods_size = 19714
h3.t8.nodes = 10400
h3.t8.propagations = 10400
h3.t7.stop_reason = aborted
h3.t7.restarts = 3
h3.t7.nogoods_size = 19714
h3.t7.nodes = 14137
h3.t7.propagations = 14137
h3.t15.stop_reason = aborted
h3.t15.restarts = 3
h3.t15.nogoods_size = 19714
h3.t15.nodes = 10615
h3.t15.propagations = 10615
h3.t11.stop_reason = aborted
h3.t11.restarts = 3
h3.t11.nogoods_size = 19714
h3.t11.nodes = 17217
h3.t11.propagations = 17217
h3.t12.stop_reason = aborted
h3.t12.restarts = 3
h3.t12.nogoods_size = 19714
h3.t12.nodes = 15845
h3.t12.propagations = 15845
h3.t0.stop_reason = aborted
h3.t0.restarts = 3
h3.t0.nogoods_size = 19714
h3.t0.nodes = 5462
h3.t0.propagations = 5462
h3.t5.stop_reason = aborted
h3.t5.restarts = 3
h3.t5.nogoods_size = 19714
h3.t5.nodes = 13374
h3.t5.propagations = 13374
h3.t16.stop_reason = aborted
h3.t16.restarts = 3
h3.t16.nogoods_size = 19714
h3.t16.nodes = 15676
h3.t16.propagations = 15676
h3.t13.stop_reason = aborted
h3.t13.restarts = 3
h3.t13.nogoods_size = 19714
h3.t13.nodes = 12844
h3.t13.propagations = 12844
h3.search_time = 771
h3.nodes = 225262
h3.propagations = 983136
h4.t5.stop_reason = aborted
h4.t5.restarts = 3
h4.t5.nogoods_size = 19713
h4.t5.nodes = 11236
h4.t5.propagations = 11236
h4.t17.stop_reason = unsatisfiable
h4.t17.restarts = 3
h4.t17.nogoods_size = 19713
h4.t17.nodes = 7704
h4.t17.propagations = 7704
h4.t8.stop_reason = aborted
h4.t8.restarts = 3
h4.t8.nogoods_size = 19713
h4.t8.nodes = 14149
h4.t8.propagations = 14149
h4.t16.stop_reason = aborted
h4.t16.restarts = 3
h4.t16.nogoods_size = 19713
h4.t16.nodes = 13122
h4.t16.propagations = 13122
h4.t6.stop_reason = aborted
h4.t6.restarts = 3
h4.t6.nogoods_size = 19713
h4.t6.nodes = 13639
h4.t6.propagations = 13639
h4.t15.stop_reason = aborted
h4.t15.restarts = 3
h4.t15.nogoods_size = 19713
h4.t15.nodes = 13860
h4.t15.propagations = 13860
h4.t7.stop_reason = aborted
h4.t7.restarts = 3
h4.t7.nogoods_size = 19713
h4.t7.nodes = 13230
h4.t7.propagations = 13230
h4.t3.stop_reason = aborted
h4.t3.restarts = 3
h4.t3.nogoods_size = 19713
h4.t3.nodes = 13583
h4.t3.propagations = 13583
h4.t2.stop_reason = aborted
h4.t2.restarts = 3
h4.t2.nogoods_size = 19713
h4.t2.nodes = 15155
h4.t2.propagations = 15155
h4.t0.stop_reason = aborted
h4.t0.restarts = 3
h4.t0.nogoods_size = 19713
h4.t0.nodes = 5405
h4.t0.propagations = 5405
h4.t1.stop_reason = aborted
h4.t1.restarts = 3
h4.t1.nogoods_size = 19713
h4.t1.nodes = 10453
h4.t1.propagations = 10453
h4.t11.stop_reason = aborted
h4.t11.restarts = 3
h4.t11.nogoods_size = 19713
h4.t11.nodes = 10800
h4.t11.propagations = 10800
h4.t13.stop_reason = aborted
h4.t13.restarts = 3
h4.t13.nogoods_size = 19713
h4.t13.nodes = 11929
h4.t13.propagations = 11929
h4.t12.stop_reason = aborted
h4.t12.restarts = 3
h4.t12.nogoods_size = 19713
h4.t12.nodes = 13051
h4.t12.propagations = 13051
h4.t9.stop_reason = aborted
h4.t9.restarts = 3
h4.t9.nogoods_size = 19713
h4.t9.nodes = 13758
h4.t9.propagations = 13758
h4.t4.stop_reason = aborted
h4.t4.restarts = 3
h4.t4.nogoods_size = 19713
h4.t4.nodes = 15409
h4.t4.propagations = 15409
h4.t14.stop_reason = aborted
h4.t14.restarts = 3
h4.t14.nogoods_size = 19713
h4.t14.nodes = 14644
h4.t14.propagations = 14644
h4.t10.stop_reason = aborted
h4.t10.restarts = 3
h4.t10.nogoods_size = 19713
h4.t10.nodes = 14112
h4.t10.propagations = 14112
h4.search_time = 794
h4.nodes = 225239
h4.propagations = 970330
h5.t17.stop_reason = aborted
h5.t17.restarts = 3
h5.t17.nogoods_size = 19631
h5.t17.nodes = 7703
h5.t17.propagations = 7703
h5.t0.stop_reason = unsatisfiable
h5.t0.restarts = 3
h5.t0.nogoods_size = 19631
h5.t0.nodes = 5654
h5.t0.propagations = 5654
h5.t14.stop_reason = unsatisfiable
h5.t14.restarts = 3
h5.t14.nogoods_size = 19631
h5.t14.nodes = 16090
h5.t14.propagations = 16090
h5.t7.stop_reason = aborted
h5.t7.restarts = 3
h5.t7.nogoods_size = 19631
h5.t7.nodes = 13030
h5.t7.propagations = 13030
h5.t9.stop_reason = aborted
h5.t9.restarts = 3
h5.t9.nogoods_size = 19631
h5.t9.nodes = 13477
h5.t9.propagations = 13477
h5.t2.stop_reason = aborted
h5.t2.restarts = 3
h5.t2.nogoods_size = 19631
h5.t2.nodes = 11716
h5.t2.propagations = 11716
h5.t13.stop_reason = aborted
h5.t13.restarts = 3
h5.t13.nogoods_size = 19631
h5.t13.nodes = 12293
h5.t13.propagations = 12293
h5.t11.stop_reason = aborted
h5.t11.restarts = 3
h5.t11.nogoods_size = 19631
h5.t11.nodes = 16285
h5.t11.propagations = 16285
h5.t6.stop_reason = aborted
h5.t6.restarts = 3
h5.t6.nogoods_size = 19631
h5.t6.nodes = 16306
h5.t6.propagations = 16306
h5.t5.stop_reason = aborted
h5.t5.restarts = 3
h5.t5.nogoods_size = 19631
h5.t5.nodes = 13437
h5.t5.propagations = 13437
h5.t15.stop_reason = aborted
h5.t15.restarts = 3
h5.t15.nogoods_size = 19631
h5.t15.nodes = 13643
h5.t15.propagations = 13643
h5.t16.stop_reason = aborted
h5.t16.restarts = 3
h5.t16.nogoods_size = 19631
h5.t16.nodes = 13923
h5.t16.propagations = 13923
h5.t1.stop_reason = aborted
h5.t1.restarts = 3
h5.t1.nogoods_size = 19631
h5.t1.nodes = 14085
h5.t1.propagations = 14085
h5.t12.stop_reason = aborted
h5.t12.restarts = 3
h5.t12.nogoods_size = 19631
h5.t12.nodes = 11206
h5.t12.propagations = 11206
h5.t8.stop_reason = aborted
h5.t8.restarts = 3
h5.t8.nogoods_size = 19631
h5.t8.nodes = 16574
h5.t8.propagations = 16574
h5.t4.stop_reason = aborted
h5.t4.restarts = 3
h5.t4.nogoods_size = 19631
h5.t4.nodes = 17436
h5.t4.propagations = 17436
h5.t3.stop_reason = aborted
h5.t3.restarts = 3
h5.t3.nogoods_size = 19631
h5.t3.nodes = 11726
h5.t3.propagations = 11726
h5.t10.stop_reason = aborted
h5.t10.restarts = 3
h5.t10.nogoods_size = 19631
h5.t10.nodes = 16734
h5.t10.propagations = 16734
h5.search_time = 770
h5.nodes = 241318
h5.propagations = 1054073
h6.t12.stop_reason = unsatisfiable
h6.t12.restarts = 3
h6.t12.nogoods_size = 19553
h6.t12.nodes = 12985
h6.t12.propagations = 12985
h6.t15.stop_reason = unsatisfiable
h6.t15.restarts = 3
h6.t15.nogoods_size = 19553
h6.t15.nodes = 13893
h6.t15.propagations = 13893
h6.t9.stop_reason = unsatisfiable
h6.t9.restarts = 3
h6.t9.nogoods_size = 19553
h6.t9.nodes = 15145
h6.t9.propagations = 15145
h6.t0.stop_reason = aborted
h6.t0.restarts = 3
h6.t0.nogoods_size = 19553
h6.t0.nodes = 5406
h6.t0.propagations = 5406
h6.t11.stop_reason = unsatisfiable
h6.t11.restarts = 3
h6.t11.nogoods_size = 19553
h6.t11.nodes = 11425
h6.t11.propagations = 11425
h6.t13.stop_reason = unsatisfiable
h6.t13.restarts = 3
h6.t13.nogoods_size = 19553
h6.t13.nodes = 11896
h6.t13.propagations = 11896
h6.t5.stop_reason = unsatisfiable
h6.t5.restarts = 3
h6.t5.nogoods_size = 19553
h6.t5.nodes = 12914
h6.t5.propagations = 12914
h6.t14.stop_reason = unsatisfiable
h6.t14.restarts = 3
h6.t14.nogoods_size = 19553
h6.t14.nodes = 15404
h6.t14.propagations = 15404
h6.t8.stop_reason = unsatisfiable
h6.t8.restarts = 3
h6.t8.nogoods_size = 19553
h6.t8.nodes = 11139
h6.t8.propagations = 11139
h6.t7.stop_reason = unsatisfiable
h6.t7.restarts = 3
h6.t7.nogoods_size = 19553
h6.t7.nodes = 12681
h6.t7.propagations = 12681
h6.t1.stop_reason = unsatisfiable
h6.t1.restarts = 3
h6.t1.nogoods_size = 19553
h6.t1.nodes = 13580
h6.t1.propagations = 13580
h6.t16.stop_reason = unsatisfiable
h6.t16.restarts = 3
h6.t16.nogoods_size = 19553
h6.t16.nodes = 14394
h6.t16.propagations = 14394
h6.t4.stop_reason = unsatisfiable
h6.t4.restarts = 3
h6.t4.nogoods_size = 19553
h6.t4.nodes = 11511
h6.t4.propagations = 11511
h6.t6.stop_reason = unsatisfiable
h6.t6.restarts = 3
h6.t6.nogoods_size = 19553
h6.t6.nodes = 13264
h6.t6.propagations = 13264
h6.t10.stop_reason = unsatisfiable
h6.t10.restarts = 3
h6.t10.nogoods_size = 19553
h6.t10.nodes = 11233
h6.t10.propagations = 11233
h6.t2.stop_reason = unsatisfiable
h6.t2.restarts = 3
h6.t2.nogoods_size = 19553
h6.t2.nodes = 13502
h6.t2.propagations = 13502
h6.t3.stop_reason = unsatisfiable
h6.t3.restarts = 3
h6.t3.nogoods_size = 19553
h6.t3.nodes = 12935
h6.t3.propagations = 12935
h6.t17.stop_reason = unsatisfiable
h6.t17.restarts = 3
h6.t17.nogoods_size = 19553
h6.t17.nodes = 7188
h6.t17.propagations = 7188
h6.search_time = 783
h6.nodes = 220495
h6.propagations = 941485
h7.t17.stop_reason = aborted
h7.t17.restarts = 3
h7.t17.nogoods_size = 19605
h7.t17.nodes = 5347
h7.t17.propagations = 5347
h7.t0.stop_reason = aborted
h7.t0.restarts = 3
h7.t0.nogoods_size = 19605
h7.t0.nodes = 5460
h7.t0.propagations = 5460
h7.t16.stop_reason = unsatisfiable
h7.t16.restarts = 3
h7.t16.nogoods_size = 19605
h7.t16.nodes = 11164
h7.t16.propagations = 11164
h7.t7.stop_reason = unsatisfiable
h7.t7.restarts = 3
h7.t7.nogoods_size = 19605
h7.t7.nodes = 14130
h7.t7.propagations = 14130
h7.t5.stop_reason = unsatisfiable
h7.t5.restarts = 3
h7.t5.nogoods_size = 19605
h7.t5.nodes = 14357
h7.t5.propagations = 14357
h7.t1.stop_reason = unsatisfiable
h7.t1.restarts = 3
h7.t1.nogoods_size = 19605
h7.t1.nodes = 10957
h7.t1.propagations = 10957
h7.t15.stop_reason = unsatisfiable
h7.t15.restarts = 3
h7.t15.nogoods_size = 19605
h7.t15.nodes = 10355
h7.t15.propagations = 10355
h7.t9.stop_reason = unsatisfiable
h7.t9.restarts = 3
h7.t9.nogoods_size = 19605
h7.t9.nodes = 10391
h7.t9.propagations = 10391
h7.t13.stop_reason = unsatisfiable
h7.t13.restarts = 3
h7.t13.nogoods_size = 19605
h7.t13.nodes = 11339
h7.t13.propagations = 11339
h7.t6.stop_reason = unsatisfiable
h7.t6.restarts = 3
h7.t6.nogoods_size = 19605
h7.t6.nodes = 12332
h7.t6.propagations = 12332
h7.t2.stop_reason = unsatisfiable
h7.t2.restarts = 3
h7.t2.nogoods_size = 19605
h7.t2.nodes = 14433
h7.t2.propagations = 14433
h7.t14.stop_reason = unsatisfiable
h7.t14.restarts = 3
h7.t14.nogoods_size = 19605
h7.t14.nodes = 13593
h7.t14.propagations = 13593
h7.t12.stop_reason = unsatisfiable
h7.t12.restarts = 3
h7.t12.nogoods_size = 19605
h7.t12.nodes = 13842
h7.t12.propagations = 13842
h7.t4.stop_reason = unsatisfiable
h7.t4.restarts = 3
h7.t4.nogoods_size = 19605
h7.t4.nodes = 10855
h7.t4.propagations = 10855
h7.t3.stop_reason = unsatisfiable
h7.t3.restarts = 3
h7.t3.nogoods_size = 19605
h7.t3.nodes = 11740
h7.t3.propagations = 11740
h7.t8.stop_reason = unsatisfiable
h7.t8.restarts = 3
h7.t8.nogoods_size = 19605
h7.t8.nodes = 13266
h7.t8.propagations = 13266
h7.t11.stop_reason = unsatisfiable
h7.t11.restarts = 3
h7.t11.nogoods_size = 19605
h7.t11.nodes = 10012
h7.t11.propagations = 10012
h7.t10.stop_reason = unsatisfiable
h7.t10.restarts = 3
h7.t10.nogoods_size = 19605
h7.t10.nodes = 14576
h7.t10.propagations = 14576
h7.search_time = 780
h7.nodes = 208149
h7.propagations = 912151
h8.t17.stop_reason = aborted
h8.t17.restarts = 3
h8.t17.nogoods_size = 19777
h8.t17.nodes = 6226
h8.t17.propagations = 6226
h8.t10.stop_reason = unsatisfiable
h8.t10.restarts = 3
h8.t10.nogoods_size = 19777
h8.t10.nodes = 13429
h8.t10.propagations = 13429
h8.t0.stop_reason = aborted
h8.t0.restarts = 3
h8.t0.nogoods_size = 19777
h8.t0.nodes = 5573
h8.t0.propagations = 5573
h8.t1.stop_reason = aborted
h8.t1.restarts = 3
h8.t1.nogoods_size = 19777
h8.t1.nodes = 18725
h8.t1.propagations = 18725
h8.t2.stop_reason = aborted
h8.t2.restarts = 3
h8.t2.nogoods_size = 19777
h8.t2.nodes = 16087
h8.t2.propagations = 16087
h8.t13.stop_reason = aborted
h8.t13.restarts = 3
h8.t13.nogoods_size = 19777
h8.t13.nodes = 16522
h8.t13.propagations = 16522
h8.t9.stop_reason = aborted
h8.t9.restarts = 3
h8.t9.nogoods_size = 19777
h8.t9.nodes = 12298
h8.t9.propagations = 12298
h8.t3.stop_reason = aborted
h8.t3.restarts = 3
h8.t3.nogoods_size = 19777
h8.t3.nodes = 17248
h8.t3.propagations = 17248
h8.t5.stop_reason = aborted
h8.t5.restarts = 3
h8.t5.nogoods_size = 19777
h8.t5.nodes = 14888
h8.t5.propagations = 14888
h8.t4.stop_reason = aborted
h8.t4.restarts = 3
h8.t4.nogoods_size = 19777
h8.t4.nodes = 17748
h8.t4.propagations = 17748
h8.t8.stop_reason = aborted
h8.t8.restarts = 3
h8.t8.nogoods_size = 19777
h8.t8.nodes = 17097
h8.t8.propagations = 17097
h8.t7.stop_reason = unsatisfiable
h8.t7.restarts = 3
h8.t7.nogoods_size = 19777
h8.t7.nodes = 12172
h8.t7.propagations = 12172
h8.t15.stop_reason = unsatisfiable
h8.t15.restarts = 3
h8.t15.nogoods_size = 19777
h8.t15.nodes = 16974
h8.t15.propagations = 16974
h8.t12.stop_reason = unsatisfiable
h8.t12.restarts = 3
h8.t12.nogoods_size = 19777
h8.t12.nodes = 14600
h8.t12.propagations = 14600
h8.t16.stop_reason = unsatisfiable
h8.t16.restarts = 3
h8.t16.nogoods_size = 19777
h8.t16.nodes = 15847
h8.t16.propagations = 15847
h8.t6.stop_reason = unsatisfiable
h8.t6.restarts = 3
h8.t6.nogoods_size = 19777
h8.t6.nodes = 16698
h8.t6.propagations = 16698
h8.t14.stop_reason = unsatisfiable
h8.t14.restarts = 3
h8.t14.nogoods_size = 19777
h8.t14.nodes = 14905
h8.t14.propagations = 14905
h8.t11.stop_reason = aborted
h8.t11.restarts = 3
h8.t11.nogoods_size = 19777
h8.t11.nodes = 12507
h8.t11.propagations = 12507
h8.search_time = 792
h8.nodes = 259544
h8.propagations = 1122984
h9.t17.stop_reason = unsatisfiable
h9.t17.restarts = 3
h9.t17.nogoods_size = 19558
h9.t17.nodes = 3701
h9.t17.propagations = 3701
h9.t8.stop_reason = aborted
h9.t8.restarts = 3
h9.t8.nogoods_size = 19558
h9.t8.nodes = 8018
h9.t8.propagations = 8018
h9.t16.stop_reason = aborted
h9.t16.restarts = 3
h9.t16.nogoods_size = 19558
h9.t16.nodes = 7781
h9.t16.propagations = 7781
h9.t11.stop_reason = aborted
h9.t11.restarts = 3
h9.t11.nogoods_size = 19558
h9.t11.nodes = 7377
h9.t11.propagations = 7377
h9.t4.stop_reason = aborted
h9.t4.restarts = 3
h9.t4.nogoods_size = 19558
h9.t4.nodes = 8028
h9.t4.propagations = 8028
h9.t1.stop_reason = aborted
h9.t1.restarts = 3
h9.t1.nogoods_size = 19558
h9.t1.nodes = 8143
h9.t1.propagations = 8143
h9.t10.stop_reason = aborted
h9.t10.restarts = 3
h9.t10.nogoods_size = 19558
h9.t10.nodes = 12497
h9.t10.propagations = 12497
h9.t7.stop_reason = aborted
h9.t7.restarts = 3
h9.t7.nogoods_size = 19558
h9.t7.nodes = 9639
h9.t7.propagations = 9639
h9.t6.stop_reason = aborted
h9.t6.restarts = 3
h9.t6.nogoods_size = 19558
h9.t6.nodes = 11695
h9.t6.propagations = 11695
h9.t9.stop_reason = aborted
h9.t9.restarts = 3
h9.t9.nogoods_size = 19558
h9.t9.nodes = 7582
h9.t9.propagations = 7582
h9.t0.stop_reason = aborted
h9.t0.restarts = 3
h9.t0.nogoods_size = 19558
h9.t0.nodes = 5407
h9.t0.propagations = 5407
h9.t15.stop_reason = aborted
h9.t15.restarts = 3
h9.t15.nogoods_size = 19558
h9.t15.nodes = 10426
h9.t15.propagations = 10426
h9.t5.stop_reason = aborted
h9.t5.restarts = 3
h9.t5.nogoods_size = 19558
h9.t5.nodes = 10525
h9.t5.propagations = 10525
h9.t2.stop_reason = aborted
h9.t2.restarts = 3
h9.t2.nogoods_size = 19558
h9.t2.nodes = 12186
h9.t2.propagations = 12186
h9.t14.stop_reason = aborted
h9.t14.restarts = 3
h9.t14.nogoods_size = 19558
h9.t14.nodes = 9592
h9.t14.propagations = 9592
h9.t13.stop_reason = aborted
h9.t13.restarts = 3
h9.t13.nogoods_size = 19558
h9.t13.nodes = 9911
h9.t13.propagations = 9911
h9.t12.stop_reason = aborted
h9.t12.restarts = 3
h9.t12.nogoods_size = 19558
h9.t12.nodes = 10481
h9.t12.propagations = 10481
h9.t3.stop_reason = aborted
h9.t3.restarts = 3
h9.t3.nogoods_size = 19558
h9.t3.nodes = 10544
h9.t3.propagations = 10544
h9.search_time = 770
h9.nodes = 163533
h9.propagations = 714524
h10.t6.stop_reason = unsatisfiable
h10.t6.restarts = 3
h10.t6.nogoods_size = 19746
h10.t6.nodes = 13592
h10.t6.propagations = 13592
h10.t0.stop_reason = aborted
h10.t0.restarts = 3
h10.t0.nogoods_size = 19746
h10.t0.nodes = 5431
h10.t0.propagations = 5431
h10.t4.stop_reason = unsatisfiable
h10.t4.restarts = 3
h10.t4.nogoods_size = 19746
h10.t4.nodes = 14089
h10.t4.propagations = 14089
h10.t7.stop_reason = unsatisfiable
h10.t7.restarts = 3
h10.t7.nogoods_size = 19746
h10.t7.nodes = 13452
h10.t7.propagations = 13452
h10.t14.stop_reason = unsatisfiable
h10.t14.restarts = 3
h10.t14.nogoods_size = 19746
h10.t14.nodes = 11417
h10.t14.propagations = 11417
h10.t12.stop_reason = unsatisfiable
h10.t12.restarts = 3
h10.t12.nogoods_size = 19746
h10.t12.nodes = 14863
h10.t12.propagations = 14863
h10.t3.stop_reason = unsatisfiable
h10.t3.restarts = 3
h10.t3.nogoods_size = 19746
h10.t3.nodes = 14360
h10.t3.propagations = 14360
h10.t9.stop_reason = unsatisfiable
h10.t9.restarts = 3
h10.t9.nogoods_size = 19746
h10.t9.nodes = 15134
h10.t9.propagations = 15134
h10.t1.stop_reason = unsatisfiable
h10.t1.restarts = 3
h10.t1.nogoods_size = 19746
h10.t1.nodes = 14388
h10.t1.propagations = 14388
h10.t16.stop_reason = unsatisfiable
h10.t16.restarts = 3
h10.t16.nogoods_size = 19746
h10.t16.nodes = 12122
h10.t16.propagations = 12122
h10.t5.stop_reason = unsatisfiable
h10.t5.restarts = 3
h10.t5.nogoods_size = 19746
h10.t5.nodes = 15486
h10.t5.propagations = 15486
h10.t11.stop_reason = unsatisfiable
h10.t11.restarts = 3
h10.t11.nogoods_size = 19746
h10.t11.nodes = 13079
h10.t11.propagations = 13079
h10.t2.stop_reason = unsatisfiable
h10.t2.restarts = 3
h10.t2.nogoods_size = 19746
h10.t2.nodes = 12255
h10.t2.propagations = 12255
h10.t15.stop_reason = unsatisfiable
h10.t15.restarts = 3
h10.t15.nogoods_size = 19746
h10.t15.nodes = 12033
h10.t15.propagations = 12033
h10.t17.stop_reason = aborted
h10.t17.restarts = 3
h10.t17.nogoods_size = 19746
h10.t17.nodes = 5661
h10.t17.propagations = 5661
h10.t10.stop_reason = unsatisfiable
h10.t10.restarts = 3
h10.t10.nogoods_size = 19746
h10.t10.nodes = 14485
h10.t10.propagations = 14485
h10.t8.stop_reason = unsatisfiable
h10.t8.restarts = 3
h10.t8.nogoods_size = 19746
h10.t8.nodes = 14227
h10.t8.propagations = 14227
h10.t13.stop_reason = unsatisfiable
h10.t13.restarts = 3
h10.t13.nogoods_size = 19746
h10.t13.nodes = 13720
h10.t13.propagations = 13720
h10.search_time = 798
h10.nodes = 229794
h10.propagations = 997308
h11.t13.stop_reason = unsatisfiable
h11.t13.restarts = 3
h11.t13.nogoods_size = 19592
h11.t13.nodes = 11242
h11.t13.propagations = 11242
h11.t10.stop_reason = unsatisfiable
h11.t10.restarts = 3
h11.t10.nogoods_size = 19592
h11.t10.nodes = 15924
h11.t10.propagations = 15924
h11.t14.stop_reason = unsatisfiable
h11.t14.restarts = 3
h11.t14.nogoods_size = 19592
h11.t14.nodes = 12511
h11.t14.propagations = 12511
h11.t0.stop_reason = aborted
h11.t0.restarts = 3
h11.t0.nogoods_size = 19592
h11.t0.nodes = 5405
h11.t0.propagations = 5405
h11.t5.stop_reason = unsatisfiable
h11.t5.restarts = 3
h11.t5.nogoods_size = 19592
h11.t5.nodes = 11384
h11.t5.propagations = 11384
h11.t7.stop_reason = unsatisfiable
h11.t7.restarts = 3
h11.t7.nogoods_size = 19592
h11.t7.nodes = 11137
h11.t7.propagations = 11137
h11.t3.stop_reason = unsatisfiable
h11.t3.restarts = 3
h11.t3.nogoods_size = 19592
h11.t3.nodes = 14185
h11.t3.propagations = 14185
h11.t1.stop_reason = unsatisfiable
h11.t1.restarts = 3
h11.t1.nogoods_size = 19592
h11.t1.nodes = 14926
h11.t1.propagations = 14926
h11.t11.stop_reason = unsatisfiable
h11.t11.restarts = 3
h11.t11.nogoods_size = 19592
h11.t11.nodes = 11682
h11.t11.propagations = 11682
h11.t6.stop_reason = unsatisfiable
h11.t6.restarts = 3
h11.t6.nogoods_size = 19592
h11.t6.nodes = 15116
h11.t6.propagations = 15116
h11.t16.stop_reason = unsatisfiable
h11.t16.restarts = 3
h11.t16.nogoods_size = 19592
h11.t16.nodes = 14882
h11.t16.propagations = 14882
h11.t2.stop_reason = unsatisfiable
h11.t2.restarts = 3
h11.t2.nogoods_size = 19592
h11.t2.nodes = 9914
h11.t2.propagations = 9914
h11.t9.stop_reason = unsatisfiable
h11.t9.restarts = 3
h11.t9.nogoods_size = 19592
h11.t9.nodes = 14475
h11.t9.propagations = 14475
h11.t17.stop_reason = unsatisfiable
h11.t17.restarts = 3
h11.t17.nogoods_size = 19592
h11.t17.nodes = 5047
h11.t17.propagations = 5047
h11.t15.stop_reason = unsatisfiable
h11.t15.restarts = 3
h11.t15.nogoods_size = 19592
h11.t15.nodes = 11648
h11.t15.propagations = 11648
h11.t12.stop_reason = unsatisfiable
h11.t12.restarts = 3
h11.t12.nogoods_size = 19592
h11.t12.nodes = 14557
h11.t12.propagations = 14557
h11.t4.stop_reason = unsatisfiable
h11.t4.restarts = 3
h11.t4.nogoods_size = 19592
h11.t4.nodes = 14890
h11.t4.propagations = 14890
h11.t8.stop_reason = unsatisfiable
h11.t8.restarts = 3
h11.t8.nogoods_size = 19592
h11.t8.nodes = 15015
h11.t8.propagations = 15015
h11.search_time = 771
h11.nodes = 223940
h11.propagations = 955123
h12.t16.stop_reason = aborted
h12.t16.restarts = 3
h12.t16.nogoods_size = 19686
h12.t16.nodes = 15704
h12.t16.propagations = 15704
h12.t12.stop_reason = aborted
h12.t12.restarts = 3
h12.t12.nogoods_size = 19686
h12.t12.nodes = 13226
h12.t12.propagations = 13226
h12.t17.stop_reason = unsatisfiable
h12.t17.restarts = 3
h12.t17.nogoods_size = 19686
h12.t17.nodes = 4651
h12.t17.propagations = 4651
h12.t6.stop_reason = aborted
h12.t6.restarts = 3
h12.t6.nogoods_size = 19686
h12.t6.nodes = 10990
h12.t6.propagations = 10990
h12.t0.stop_reason = aborted
h12.t0.restarts = 3
h12.t0.nogoods_size = 19686
h12.t0.nodes = 5406
h12.t0.propagations = 5406
h12.t2.stop_reason = aborted
h12.t2.restarts = 3
h12.t2.nogoods_size = 19686
h12.t2.nodes = 14558
h12.t2.propagations = 14558
h12.t14.stop_reason = aborted
h12.t14.restarts = 3
h12.t14.nogoods_size = 19686
h12.t14.nodes = 11513
h12.t14.propagations = 11513
h12.t1.stop_reason = aborted
h12.t1.restarts = 3
h12.t1.nogoods_size = 19686
h12.t1.nodes = 14318
h12.t1.propagations = 14318
h12.t13.stop_reason = aborted
h12.t13.restarts = 3
h12.t13.nogoods_size = 19686
h12.t13.nodes = 10915
h12.t13.propagations = 10915
h12.t15.stop_reason = aborted
h12.t15.restarts = 3
h12.t15.nogoods_size = 19686
h12.t15.nodes = 13122
h12.t15.propagations = 13122
h12.t11.stop_reason = aborted
h12.t11.restarts = 3
h12.t11.nogoods_size = 19686
h12.t11.nodes = 13731
h12.t11.propagations = 13731
h12.t8.stop_reason = aborted
h12.t8.restarts = 3
h12.t8.nogoods_size = 19686
h12.t8.nodes = 12740
h12.t8.propagations = 12740
h12.t4.stop_reason = aborted
h12.t4.restarts = 3
h12.t4.nogoods_size = 19686
h12.t4.nodes = 12488
h12.t4.propagations = 12488
h12.t3.stop_reason = aborted
h12.t3.restarts = 3
h12.t3.nogoods_size = 19686
h12.t3.nodes = 15191
h12.t3.propagations = 15191
h12.t7.stop_reason = aborted
h12.t7.restarts = 3
h12.t7.nogoods_size = 19686
h12.t7.nodes = 11947
h12.t7.propagations = 11947
h12.t5.stop_reason = aborted
h12.t5.restarts = 3
h12.t5.nogoods_size = 19686
h12.t5.nodes = 10616
h12.t5.propagations = 10616
h12.t10.stop_reason = aborted
h12.t10.restarts = 3
h12.t10.nogoods_size = 19686
h12.t10.nodes = 15077
h12.t10.propagations = 15077
h12.t9.stop_reason = aborted
h12.t9.restarts = 3
h12.t9.nogoods_size = 19686
h12.t9.nodes = 15384
h12.t9.propagations = 15384
h12.search_time = 786
h12.nodes = 221577
h12.propagations = 962393
h13.t5.stop_reason = unsatisfiable
h13.t5.restarts = 3
h13.t5.nogoods_size = 19654
h13.t5.nodes = 13677
h13.t5.propagations = 13677
h13.t0.stop_reason = aborted
h13.t0.restarts = 3
h13.t0.nogoods_size = 19654
h13.t0.nodes = 5407
h13.t0.propagations = 5407
h13.t3.stop_reason = unsatisfiable
h13.t3.restarts = 3
h13.t3.nogoods_size = 19654
h13.t3.nodes = 15090
h13.t3.propagations = 15090
h13.t9.stop_reason = unsatisfiable
h13.t9.restarts = 3
h13.t9.nogoods_size = 19654
h13.t9.nodes = 11614
h13.t9.propagations = 11614
h13.t13.stop_reason = unsatisfiable
h13.t13.restarts = 3
h13.t13.nogoods_size = 19654
h13.t13.nodes = 15963
h13.t13.propagations = 15963
h13.t16.stop_reason = unsatisfiable
h13.t16.restarts = 3
h13.t16.nogoods_size = 19654
h13.t16.nodes = 11529
h13.t16.propagations = 11529
h13.t6.stop_reason = unsatisfiable
h13.t6.restarts = 3
h13.t6.nogoods_size = 19654
h13.t6.nodes = 11144
h13.t6.propagations = 11144
h13.t12.stop_reason = unsatisfiable
h13.t12.restarts = 3
h13.t12.nogoods_size = 19654
h13.t12.nodes = 14913
h13.t12.propagations = 14913
h13.t15.stop_reason = unsatisfiable
h13.t15.restarts = 3
h13.t15.nogoods_size = 19654
h13.t15.nodes = 11540
h13.t15.propagations = 11540
h13.t14.stop_reason = unsatisfiable
h13.t14.restarts = 3
h13.t14.nogoods_size = 19654
h13.t14.nodes = 15198
h13.t14.propagations = 15198
h13.t2.stop_reason = unsatisfiable
h13.t2.restarts = 3
h13.t2.nogoods_size = 19654
h13.t2.nodes = 14055
h13.t2.propagations = 14055
h13.t4.stop_reason = unsatisfiable
h13.t4.restarts = 3
h13.t4.nogoods_size = 19654
h13.t4.nodes = 13665
h13.t4.propagations = 13665
h13.t8.stop_reason = unsatisfiable
h13.t8.restarts = 3
h13.t8.nogoods_size = 19654
h13.t8.nodes = 15632
h13.t8.propagations = 15632
h13.t17.stop_reason = unsatisfiable
h13.t17.restarts = 3
h13.t17.nogoods_size = 19654
h13.t17.nodes = 5479
h13.t17.propagations = 5479
h13.t11.stop_reason = unsatisfiable
h13.t11.restarts = 3
h13.t11.nogoods_size = 19654
h13.t11.nodes = 15529
h13.t11.propagations = 15529
h13.t7.stop_reason = unsatisfiable
h13.t7.restarts = 3
h13.t7.nogoods_size = 19654
h13.t7.nodes = 13999
h13.t7.propagations = 13999
h13.t1.stop_reason = unsatisfiable
h13.t1.restarts = 3
h13.t1.nogoods_size = 19654
h13.t1.nodes = 15129
h13.t1.propagations = 15129
h13.t10.stop_reason = unsatisfiable
h13.t10.restarts = 3
h13.t10.nogoods_size = 19654
h13.t10.nodes = 11240
h13.t10.propagations = 11240
h13.search_time = 788
h13.nodes = 230803
h13.propagations = 987152
h14.t17.stop_reason = unsatisfiable
h14.t17.restarts = 3
h14.t17.nogoods_size = 19785
h14.t17.nodes = 6518
h14.t17.propagations = 6518
h14.t0.stop_reason = aborted
h14.t0.restarts = 3
h14.t0.nogoods_size = 19785
h14.t0.nodes = 5407
h14.t0.propagations = 5407
h14.t11.stop_reason = aborted
h14.t11.restarts = 3
h14.t11.nogoods_size = 19785
h14.t11.nodes = 15717
h14.t11.propagations = 15717
h14.t13.stop_reason = aborted
h14.t13.restarts = 3
h14.t13.nogoods_size = 19785
h14.t13.nodes = 13273
h14.t13.propagations = 13273
h14.t10.stop_reason = aborted
h14.t10.restarts = 3
h14.t10.nogoods_size = 19785
h14.t10.nodes = 14249
h14.t10.propagations = 14249
h14.t2.stop_reason = aborted
h14.t2.restarts = 3
h14.t2.nogoods_size = 19785
h14.t2.nodes = 13856
h14.t2.propagations = 13856
h14.t7.stop_reason = aborted
h14.t7.restarts = 3
h14.t7.nogoods_size = 19785
h14.t7.nodes = 14889
h14.t7.propagations = 14889
h14.t15.stop_reason = aborted
h14.t15.restarts = 3
h14.t15.nogoods_size = 19785
h14.t15.nodes = 14879
h14.t15.propagations = 14879
h14.t16.stop_reason = aborted
h14.t16.restarts = 3
h14.t16.nogoods_size = 19785
h14.t16.nodes = 11683
h14.t16.propagations = 11683
h14.t14.stop_reason = aborted
h14.t14.restarts = 3
h14.t14.nogoods_size = 19785
h14.t14.nodes = 10929
h14.t14.propagations = 10929
h14.t3.stop_reason = aborted
h14.t3.restarts = 3
h14.t3.nogoods_size = 19785
h14.t3.nodes = 13657
h14.t3.propagations = 13657
h14.t12.stop_reason = aborted
h14.t12.restarts = 3
h14.t12.nogoods_size = 19785
h14.t12.nodes = 15896
h14.t12.propagations = 15896
h14.t8.stop_reason = aborted
h14.t8.restarts = 3
h14.t8.nogoods_size = 19785
h14.t8.nodes = 13765
h14.t8.propagations = 13765
h14.t1.stop_reason = aborted
h14.t1.restarts = 3
h14.t1.nogoods_size = 19785
h14.t1.nodes = 14399
h14.t1.propagations = 14399
h14.t6.stop_reason = aborted
h14.t6.restarts = 3
h14.t6.nogoods_size = 19785
h14.t6.nodes = 10440
h14.t6.propagations = 10440
h14.t4.stop_reason = aborted
h14.t4.restarts = 3
h14.t4.nogoods_size = 19785
h14.t4.nodes = 12489
h14.t4.propagations = 12489
h14.t5.stop_reason = aborted
h14.t5.restarts = 3
h14.t5.nogoods_size = 19785
h14.t5.nodes = 15722
h14.t5.propagations = 15722
h14.t9.stop_reason = aborted
h14.t9.restarts = 3
h14.t9.nogoods_size = 19785
h14.t9.nodes = 13081
h14.t9.propagations = 13081
h14.search_time = 772
h14.nodes = 230849
h14.propagations = 1013563
h15.t17.stop_reason = unsatisfiable
h15.t17.restarts = 3
h15.t17.nogoods_size = 19728
h15.t17.nodes = 5368
h15.t17.propagations = 5368
h15.t0.stop_reason = aborted
h15.t0.restarts = 3
h15.t0.nogoods_size = 19728
h15.t0.nodes = 5407
h15.t0.propagations = 5407
h15.t15.stop_reason = aborted
h15.t15.restarts = 3
h15.t15.nogoods_size = 19728
h15.t15.nodes = 13802
h15.t15.propagations = 13802
h15.t6.stop_reason = aborted
h15.t6.restarts = 3
h15.t6.nogoods_size = 19728
h15.t6.nodes = 12919
h15.t6.propagations = 12919
h15.t12.stop_reason = aborted
h15.t12.restarts = 3
h15.t12.nogoods_size = 19728
h15.t12.nodes = 12803
h15.t12.propagations = 12803
h15.t14.stop_reason = aborted
h15.t14.restarts = 3
h15.t14.nogoods_size = 19728
h15.t14.nodes = 10632
h15.t14.propagations = 10632
h15.t9.stop_reason = aborted
h15.t9.restarts = 3
h15.t9.nogoods_size = 19728
h15.t9.nodes = 13456
h15.t9.propagations = 13456
h15.t4.stop_reason = aborted
h15.t4.restarts = 3
h15.t4.nogoods_size = 19728
h15.t4.nodes = 11392
h15.t4.propagations = 11392
h15.t1.stop_reason = aborted
h15.t1.restarts = 3
h15.t1.nogoods_size = 19728
h15.t1.nodes = 11053
h15.t1.propagations = 11053
h15.t16.stop_reason = aborted
h15.t16.restarts = 3
h15.t16.nogoods_size = 19728
h15.t16.nodes = 13266
h15.t16.propagations = 13266
h15.t7.stop_reason = aborted
h15.t7.restarts = 3
h15.t7.nogoods_size = 19728
h15.t7.nodes = 14063
h15.t7.propagations = 14063
h15.t8.stop_reason = aborted
h15.t8.restarts = 3
h15.t8.nogoods_size = 19728
h15.t8.nodes = 11110
h15.t8.propagations = 11110
h15.t5.stop_reason = aborted
h15.t5.restarts = 3
h15.t5.nogoods_size = 19728
h15.t5.nodes = 11321
h15.t5.propagations = 11321
h15.t10.stop_reason = aborted
h15.t10.restarts = 3
h15.t10.nogoods_size = 19728
h15.t10.nodes = 12880
h15.t10.propagations = 12880
h15.t2.stop_reason = aborted
h15.t2.restarts = 3
h15.t2.nogoods_size = 19728
h15.t2.nodes = 13086
h15.t2.propagations = 13086
h15.t11.stop_reason = aborted
h15.t11.restarts = 3
h15.t11.nogoods_size = 19728
h15.t11.nodes = 12180
h15.t11.propagations = 12180
h15.t3.stop_reason = aborted
h15.t3.restarts = 3
h15.t3.nogoods_size = 19728
h15.t3.nodes = 9761
h15.t3.propagations = 9761
h15.t13.stop_reason = aborted
h15.t13.restarts = 3
h15.t13.nogoods_size = 19728
h15.t13.nodes = 14170
h15.t13.propagations = 14170
h15.search_time = 795
h15.nodes = 208669
h15.propagations = 910695
h16.t3.stop_reason = unsatisfiable
h16.t3.restarts = 3
h16.t3.nogoods_size = 19712
h16.t3.nodes = 15951
h16.t3.propagations = 15951
h16.t2.stop_reason = aborted
h16.t2.restarts = 3
h16.t2.nogoods_size = 19712
h16.t2.nodes = 17010
h16.t2.propagations = 17010
h16.t1.stop_reason = aborted
h16.t1.restarts = 3
h16.t1.nogoods_size = 19712
h16.t1.nodes = 17330
h16.t1.propagations = 17330
h16.t9.stop_reason = aborted
h16.t9.restarts = 3
h16.t9.nogoods_size = 19712
h16.t9.nodes = 12995
h16.t9.propagations = 12995
h16.t12.stop_reason = aborted
h16.t12.restarts = 3
h16.t12.nogoods_size = 19712
h16.t12.nodes = 14368
h16.t12.propagations = 14368
h16.t7.stop_reason = aborted
h16.t7.restarts = 3
h16.t7.nogoods_size = 19712
h16.t7.nodes = 16046
h16.t7.propagations = 16046
h16.t5.stop_reason = aborted
h16.t5.restarts = 3
h16.t5.nogoods_size = 19712
h16.t5.nodes = 15260
h16.t5.propagations = 15260
h16.t4.stop_reason = aborted
h16.t4.restarts = 3
h16.t4.nogoods_size = 19712
h16.t4.nodes = 17752
h16.t4.propagations = 17752
h16.t11.stop_reason = aborted
h16.t11.restarts = 3
h16.t11.nogoods_size = 19712
h16.t11.nodes = 15193
h16.t11.propagations = 15193
h16.t10.stop_reason = aborted
h16.t10.restarts = 3
h16.t10.nogoods_size = 19712
h16.t10.nodes = 17065
h16.t10.propagations = 17065
h16.t14.stop_reason = aborted
h16.t14.restarts = 3
h16.t14.nogoods_size = 19712
h16.t14.nodes = 13996
h16.t14.propagations = 13996
h16.t6.stop_reason = aborted
h16.t6.restarts = 3
h16.t6.nogoods_size = 19712
h16.t6.nodes = 17197
h16.t6.propagations = 17197
h16.t13.stop_reason = aborted
h16.t13.restarts = 3
h16.t13.nogoods_size = 19712
h16.t13.nodes = 15862
h16.t13.propagations = 15862
h16.t17.stop_reason = unsatisfiable
h16.t17.restarts = 3
h16.t17.nogoods_size = 19712
h16.t17.nodes = 6409
h16.t17.propagations = 6409
h16.t0.stop_reason = unsatisfiable
h16.t0.restarts = 3
h16.t0.nogoods_size = 19712
h16.t0.nodes = 5653
h16.t0.propagations = 5653
h16.t8.stop_reason = aborted
h16.t8.restarts = 3
h16.t8.nogoods_size = 19712
h16.t8.nodes = 14775
h16.t8.propagations = 14775
h16.t16.stop_reason = aborted
h16.t16.restarts = 3
h16.t16.nogoods_size = 19712
h16.t16.nodes = 17253
h16.t16.propagations = 17253
h16.t15.stop_reason = aborted
h16.t15.restarts = 3
h16.t15.nogoods_size = 19712
h16.t15.nodes = 14520
h16.t15.propagations = 14520
h16.search_time = 784
h16.nodes = 264635
h16.propagations = 1127900
h17.t17.stop_reason = unsatisfiable
h17.t17.restarts = 3
h17.t17.nogoods_size = 19619
h17.t17.nodes = 4420
h17.t17.propagations = 4420
h17.t9.stop_reason = aborted
h17.t9.restarts = 3
h17.t9.nogoods_size = 19619
h17.t9.nodes = 10000
h17.t9.propagations = 10000
h17.t10.stop_reason = aborted
h17.t10.restarts = 3
h17.t10.nogoods_size = 19619
h17.t10.nodes = 7699
h17.t10.propagations = 7699
h17.t7.stop_reason = aborted
h17.t7.restarts = 3
h17.t7.nogoods_size = 19619
h17.t7.nodes = 9490
h17.t7.propagations = 9490
h17.t16.stop_reason = aborted
h17.t16.restarts = 3
h17.t16.nogoods_size = 19619
h17.t16.nodes = 9636
h17.t16.propagations = 9636
h17.t15.stop_reason = aborted
h17.t15.restarts = 3
h17.t15.nogoods_size = 19619
h17.t15.nodes = 11277
h17.t15.propagations = 11277
h17.t1.stop_reason = aborted
h17.t1.restarts = 3
h17.t1.nogoods_size = 19619
h17.t1.nodes = 11171
h17.t1.propagations = 11171
h17.t12.stop_reason = aborted
h17.t12.restarts = 3
h17.t12.nogoods_size = 19619
h17.t12.nodes = 8455
h17.t12.propagations = 8455
h17.t11.stop_reason = aborted
h17.t11.restarts = 3
h17.t11.nogoods_size = 19619
h17.t11.nodes = 10217
h17.t11.propagations = 10217
h17.t4.stop_reason = aborted
h17.t4.restarts = 3
h17.t4.nogoods_size = 19619
h17.t4.nodes = 8685
h17.t4.propagations = 8685
h17.t3.stop_reason = aborted
h17.t3.restarts = 3
h17.t3.nogoods_size = 19619
h17.t3.nodes = 11596
h17.t3.propagations = 11596
h17.t2.stop_reason = aborted
h17.t2.restarts = 3
h17.t2.nogoods_size = 19619
h17.t2.nodes = 8677
h17.t2.propagations = 8677
h17.t6.stop_reason = aborted
h17.t6.restarts = 3
h17.t6.nogoods_size = 19619
h17.t6.nodes = 7793
h17.t6.propagations = 7793
h17.t5.stop_reason = aborted
h17.t5.restarts = 3
h17.t5.nogoods_size = 19619
h17.t5.nodes = 9697
h17.t5.propagations = 9697
h17.t14.stop_reason = aborted
h17.t14.restarts = 3
h17.t14.nogoods_size = 19619
h17.t14.nodes = 9862
h17.t14.propagations = 9862
h17.t13.stop_reason = aborted
h17.t13.restarts = 3
h17.t13.nogoods_size = 19619
h17.t13.nodes = 9904
h17.t13.propagations = 9904
h17.t8.stop_reason = aborted
h17.t8.restarts = 3
h17.t8.nogoods_size = 19619
h17.t8.nodes = 8397
h17.t8.propagations = 8397
h17.t0.stop_reason = aborted
h17.t0.restarts = 3
h17.t0.nogoods_size = 19619
h17.t0.nodes = 5407
h17.t0.propagations = 5407
h17.search_time = 784
h17.nodes = 162383
h17.propagations = 720951
h18.t17.stop_reason = unsatisfiable
h18.t17.restarts = 3
h18.t17.nogoods_size = 19514
h18.t17.nodes = 5650
h18.t17.propagations = 5650
h18.t0.stop_reason = aborted
h18.t0.restarts = 3
h18.t0.nogoods_size = 19514
h18.t0.nodes = 5410
h18.t0.propagations = 5410
h18.t2.stop_reason = aborted
h18.t2.restarts = 3
h18.t2.nogoods_size = 19514
h18.t2.nodes = 7694
h18.t2.propagations = 7694
h18.t6.stop_reason = aborted
h18.t6.restarts = 3
h18.t6.nogoods_size = 19514
h18.t6.nodes = 7193
h18.t6.propagations = 7193
h18.t16.stop_reason = aborted
h18.t16.restarts = 3
h18.t16.nogoods_size = 19514
h18.t16.nodes = 11730
h18.t16.propagations = 11730
h18.t7.stop_reason = aborted
h18.t7.restarts = 3
h18.t7.nogoods_size = 19514
h18.t7.nodes = 7347
h18.t7.propagations = 7347
h18.t1.stop_reason = aborted
h18.t1.restarts = 3
h18.t1.nogoods_size = 19514
h18.t1.nodes = 7673
h18.t1.propagations = 7673
h18.t3.stop_reason = aborted
h18.t3.restarts = 3
h18.t3.nogoods_size = 19514
h18.t3.nodes = 8867
h18.t3.propagations = 8867
h18.t5.stop_reason = aborted
h18.t5.restarts = 3
h18.t5.nogoods_size = 19514
h18.t5.nodes = 10459
h18.t5.propagations = 10459
h18.t15.stop_reason = aborted
h18.t15.restarts = 3
h18.t15.nogoods_size = 19514
h18.t15.nodes = 7788
h18.t15.propagations = 7788
h18.t8.stop_reason = aborted
h18.t8.restarts = 3
h18.t8.nogoods_size = 19514
h18.t8.nodes = 7945
h18.t8.propagations = 7945
h18.t14.stop_reason = aborted
h18.t14.restarts = 3
h18.t14.nogoods_size = 19514
h18.t14.nodes = 12717
h18.t14.propagations = 12717
h18.t11.stop_reason = aborted
h18.t11.restarts = 3
h18.t11.nogoods_size = 19514
h18.t11.nodes = 7224
h18.t11.propagations = 7224
h18.t9.stop_reason = aborted
h18.t9.restarts = 3
h18.t9.nogoods_size = 19514
h18.t9.nodes = 12204
h18.t9.propagations = 12204
h18.t4.stop_reason = aborted
h18.t4.restarts = 3
h18.t4.nogoods_size = 19514
h18.t4.nodes = 7500
h18.t4.propagations = 7500
h18.t12.stop_reason = aborted
h18.t12.restarts = 3
h18.t12.nogoods_size = 19514
h18.t12.nodes = 7497
h18.t12.propagations = 7497
h18.t13.stop_reason = aborted
h18.t13.restarts = 3
h18.t13.nogoods_size = 19514
h18.t13.nodes = 10970
h18.t13.propagations = 10970
h18.t10.stop_reason = aborted
h18.t10.restarts = 3
h18.t10.nogoods_size = 19514
h18.t10.nodes = 9479
h18.t10.propagations = 9479
h18.search_time = 794
h18.nodes = 155347
h18.propagations = 687566
h19.t6.stop_reason = aborted
h19.t6.restarts = 3
h19.t6.nogoods_size = 19546
h19.t6.nodes = 8696
h19.t6.propagations = 8696
h19.t11.stop_reason = aborted
h19.t11.restarts = 3
h19.t11.nogoods_size = 19546
h19.t11.nodes = 13879
h19.t11.propagations = 13879
h19.t15.stop_reason = aborted
h19.t15.restarts = 3
h19.t15.nogoods_size = 19546
h19.t15.nodes = 13596
h19.t15.propagations = 13596
h19.t1.stop_reason = aborted
h19.t1.restarts = 3
h19.t1.nogoods_size = 19546
h19.t1.nodes = 12155
h19.t1.propagations = 12155
h19.t17.stop_reason = unsatisfiable
h19.t17.restarts = 3
h19.t17.nogoods_size = 19546
h19.t17.nodes = 4530
h19.t17.propagations = 4530
h19.t8.stop_reason = aborted
h19.t8.restarts = 3
h19.t8.nogoods_size = 19546
h19.t8.nodes = 9625
h19.t8.propagations = 9625
h19.t4.stop_reason = unsatisfiable
h19.t4.restarts = 3
h19.t4.nogoods_size = 19546
h19.t4.nodes = 10658
h19.t4.propagations = 10658
h19.t2.stop_reason = aborted
h19.t2.restarts = 3
h19.t2.nogoods_size = 19546
h19.t2.nodes = 10127
h19.t2.propagations = 10127
h19.t10.stop_reason = aborted
h19.t10.restarts = 3
h19.t10.nogoods_size = 19546
h19.t10.nodes = 8524
h19.t10.propagations = 8524
h19.t9.stop_reason = aborted
h19.t9.restarts = 3
h19.t9.nogoods_size = 19546
h19.t9.nodes = 13649
h19.t9.propagations = 13649
h19.t5.stop_reason = aborted
h19.t5.restarts = 3
h19.t5.nogoods_size = 19546
h19.t5.nodes = 11552
h19.t5.propagations = 11552
h19.t0.stop_reason = aborted
h19.t0.restarts = 3
h19.t0.nogoods_size = 19546
h19.t0.nodes = 5578
h19.t0.propagations = 5578
h19.t3.stop_reason = aborted
h19.t3.restarts = 3
h19.t3.nogoods_size = 19546
h19.t3.nodes = 12187
h19.t3.propagations = 12187
h19.t16.stop_reason = aborted
h19.t16.restarts = 3
h19.t16.nogoods_size = 19546
h19.t16.nodes = 13403
h19.t16.propagations = 13403
h19.t7.stop_reason = aborted
h19.t7.restarts = 3
h19.t7.nogoods_size = 19546
h19.t7.nodes = 13269
h19.t7.propagations = 13269
h19.t12.stop_reason = aborted
h19.t12.restarts = 3
h19.t12.nogoods_size = 19546
h19.t12.nodes = 11231
h19.t12.propagations = 11231
h19.t13.stop_reason = aborted
h19.t13.restarts = 3
h19.t13.nogoods_size = 19546
h19.t13.nodes = 10085
h19.t13.propagations = 10085
h19.t14.stop_reason = aborted
h19.t14.restarts = 3
h19.t14.nogoods_size = 19546
h19.t14.nodes = 10659
h19.t14.propagations = 10659
h19.search_time = 778
h19.nodes = 193403
h19.propagations = 828621
