hostname = r1i2n4
commandline = ../glasgow/mpi_solve_subgraph_isomorphism --timeout 1000 --format lad --geometric-restarts=1.0 --restarts-constant=5400 --triggered-restarts --threads 18 ../instances/phase/phase-30-150-0.78-0.72-0.74-1-pattern ../instances/phase/phase-30-150-0.78-0.72-0.74-1-target
started_at = 2018-11-20 14:35:44
pattern_file = ../instances/phase/phase-30-150-0.78-0.72-0.74-1-pattern
target_file = ../instances/phase/phase-30-150-0.78-0.72-0.74-1-target
status = true
nodes = 1235384614
propagations = 3748054969
mapping = (0 -> 45) (1 -> 147) (2 -> 91) (3 -> 71) (4 -> 105) (5 -> 43) (6 -> 146) (7 -> 143) (8 -> 33) (9 -> 16) (10 -> 27) (11 -> 32) (12 -> 103) (13 -> 118) (14 -> 38) (15 -> 61) (16 -> 113) (17 -> 99) (18 -> 22) (19 -> 20) (20 -> 89) (21 -> 3) (22 -> 114) (23 -> 67) (24 -> 21) (25 -> 119) (26 -> 14) (27 -> 142) (28 -> 34) (29 -> 23) 
runtime = 69297
h0.t17.restarts = 234
h0.t17.nogoods_size = 1658412
h0.t17.nodes = 1580867
h0.t17.propagations = 1580867
h0.t15.restarts = 234
h0.t15.nogoods_size = 1658412
h0.t15.nodes = 3317039
h0.t15.propagations = 3317039
h0.t10.restarts = 234
h0.t10.nogoods_size = 1658412
h0.t10.nodes = 3346368
h0.t10.propagations = 3346368
h0.t12.restarts = 234
h0.t12.nogoods_size = 1658412
h0.t12.nodes = 3362185
h0.t12.propagations = 3362185
h0.t9.restarts = 234
h0.t9.nogoods_size = 1658412
h0.t9.nodes = 3336046
h0.t9.propagations = 3336046
h0.t6.restarts = 234
h0.t6.nogoods_size = 1658412
h0.t6.nodes = 3350044
h0.t6.propagations = 3350044
h0.t3.restarts = 234
h0.t3.nogoods_size = 1658412
h0.t3.nodes = 3320161
h0.t3.propagations = 3320161
h0.t0.restarts = 234
h0.t0.nogoods_size = 1658412
h0.t0.nodes = 1261397
h0.t0.propagations = 1261397
h0.t16.restarts = 234
h0.t16.nogoods_size = 1658412
h0.t16.nodes = 3351581
h0.t16.propagations = 3351581
h0.t8.restarts = 234
h0.t8.nogoods_size = 1658412
h0.t8.nodes = 3375229
h0.t8.propagations = 3375229
h0.t13.restarts = 234
h0.t13.nogoods_size = 1658412
h0.t13.nodes = 3322634
h0.t13.propagations = 3322634
h0.t14.restarts = 234
h0.t14.nogoods_size = 1658412
h0.t14.nodes = 3380416
h0.t14.propagations = 3380416
h0.t7.restarts = 234
h0.t7.nogoods_size = 1658412
h0.t7.nodes = 3328781
h0.t7.propagations = 3328781
h0.t11.restarts = 234
h0.t11.nogoods_size = 1658412
h0.t11.nodes = 3333620
h0.t11.propagations = 3333620
h0.t4.restarts = 234
h0.t4.nogoods_size = 1658412
h0.t4.nodes = 3295526
h0.t4.propagations = 3295526
h0.t2.restarts = 234
h0.t2.nogoods_size = 1658412
h0.t2.nodes = 3356483
h0.t2.propagations = 3356483
h0.t5.restarts = 234
h0.t5.nogoods_size = 1658412
h0.t5.nodes = 3387695
h0.t5.propagations = 3387695
h0.t1.restarts = 234
h0.t1.nogoods_size = 1658412
h0.t1.nodes = 3337548
h0.t1.propagations = 3337548
h0.search_time = 59063
h0.nodes = 56343620
h0.propagations = 171181990
h1.t5.restarts = 234
h1.t5.nogoods_size = 1659328
h1.t5.nodes = 3612833
h1.t5.propagations = 3612833
h1.t2.restarts = 234
h1.t2.nogoods_size = 1659328
h1.t2.nodes = 3690382
h1.t2.propagations = 3690382
h1.t0.restarts = 234
h1.t0.nogoods_size = 1659328
h1.t0.nodes = 1261400
h1.t0.propagations = 1261400
h1.t15.restarts = 234
h1.t15.nogoods_size = 1659328
h1.t15.nodes = 3606017
h1.t15.propagations = 3606017
h1.t3.restarts = 234
h1.t3.nogoods_size = 1659328
h1.t3.nodes = 3679170
h1.t3.propagations = 3679170
h1.t10.restarts = 234
h1.t10.nogoods_size = 1659328
h1.t10.nodes = 3569754
h1.t10.propagations = 3569754
h1.t1.restarts = 234
h1.t1.nogoods_size = 1659328
h1.t1.nodes = 3714426
h1.t1.propagations = 3714426
h1.t7.restarts = 234
h1.t7.nogoods_size = 1659328
h1.t7.nodes = 3698352
h1.t7.propagations = 3698352
h1.t16.restarts = 234
h1.t16.nogoods_size = 1659328
h1.t16.nodes = 3638290
h1.t16.propagations = 3638290
h1.t4.restarts = 234
h1.t4.nogoods_size = 1659328
h1.t4.nodes = 3732347
h1.t4.propagations = 3732347
h1.t13.restarts = 234
h1.t13.nogoods_size = 1659328
h1.t13.nodes = 3633266
h1.t13.propagations = 3633266
h1.t8.restarts = 234
h1.t8.nogoods_size = 1659328
h1.t8.nodes = 3640875
h1.t8.propagations = 3640875
h1.t9.restarts = 234
h1.t9.nogoods_size = 1659328
h1.t9.nodes = 3651529
h1.t9.propagations = 3651529
h1.t6.restarts = 234
h1.t6.nogoods_size = 1659328
h1.t6.nodes = 3638503
h1.t6.propagations = 3638503
h1.t12.restarts = 234
h1.t12.nogoods_size = 1659328
h1.t12.nodes = 3673761
h1.t12.propagations = 3673761
h1.t14.restarts = 234
h1.t14.nogoods_size = 1659328
h1.t14.nodes = 3648666
h1.t14.propagations = 3648666
h1.t11.restarts = 234
h1.t11.nogoods_size = 1659328
h1.t11.nodes = 3657088
h1.t11.propagations = 3657088
h1.t17.restarts = 234
h1.t17.nogoods_size = 1659328
h1.t17.nodes = 1691867
h1.t17.propagations = 1691867
h1.search_time = 59067
h1.nodes = 61438526
h1.propagations = 186128648
h2.t17.stop_reason = aborted
h2.t17.restarts = 234
h2.t17.nogoods_size = 1658147
h2.t17.nodes = 1810476
h2.t17.propagations = 1810476
h2.t0.stop_reason = aborted
h2.t0.restarts = 234
h2.t0.nogoods_size = 1658147
h2.t0.nodes = 1255994
h2.t0.propagations = 1255994
h2.t14.where = 0/150 -1/-1 0/120 -1/-1 0/90 -1/-1 0/71 -1/-1 0/57 -1/-1 0/47 -1/-1 0/35 -1/-1 0/28 -1/-1 0/19 -1/-1 0/13 -1/-1 3/12 -1/-1 0/10 -1/-1 8/9 -1/-1 0/7 -1/-1 0/6 -1/-1 0/4 -1/-1 0/4 -1/-1 1/4 -1/-1 0/2 -1/-1 0/2 -1/-1 -1/-1 -1/-1 -1/-1 -1/-1 -1/-1 -1/-1 -1/-1 -1/-1 -1/-1 -1/-1
h2.t14.stop_reason = satisfiable
h2.t14.restarts = 234
h2.t14.nogoods_size = 1658147
h2.t14.nodes = 3597364
h2.t14.propagations = 3597364
h2.t15.stop_reason = aborted
h2.t15.restarts = 234
h2.t15.nogoods_size = 1658147
h2.t15.nodes = 3533656
h2.t15.propagations = 3533656
h2.t16.stop_reason = aborted
h2.t16.restarts = 234
h2.t16.nogoods_size = 1658147
h2.t16.nodes = 3650642
h2.t16.propagations = 3650642
h2.t3.stop_reason = aborted
h2.t3.restarts = 234
h2.t3.nogoods_size = 1658147
h2.t3.nodes = 3549287
h2.t3.propagations = 3549287
h2.t13.stop_reason = aborted
h2.t13.restarts = 234
h2.t13.nogoods_size = 1658147
h2.t13.nodes = 3622144
h2.t13.propagations = 3622144
h2.t11.stop_reason = aborted
h2.t11.restarts = 234
h2.t11.nogoods_size = 1658147
h2.t11.nodes = 3546172
h2.t11.propagations = 3546172
h2.t8.stop_reason = aborted
h2.t8.restarts = 234
h2.t8.nogoods_size = 1658147
h2.t8.nodes = 3533826
h2.t8.propagations = 3533826
h2.t2.stop_reason = aborted
h2.t2.restarts = 234
h2.t2.nogoods_size = 1658147
h2.t2.nodes = 3559913
h2.t2.propagations = 3559913
h2.t1.stop_reason = aborted
h2.t1.restarts = 234
h2.t1.nogoods_size = 1658147
h2.t1.nodes = 3605310
h2.t1.propagations = 3605310
h2.t6.stop_reason = aborted
h2.t6.restarts = 234
h2.t6.nogoods_size = 1658147
h2.t6.nodes = 3596426
h2.t6.propagations = 3596426
h2.t9.stop_reason = aborted
h2.t9.restarts = 234
h2.t9.nogoods_size = 1658147
h2.t9.nodes = 3624845
h2.t9.propagations = 3624845
h2.t4.stop_reason = aborted
h2.t4.restarts = 234
h2.t4.nogoods_size = 1658147
h2.t4.nodes = 3560043
h2.t4.propagations = 3560043
h2.t12.stop_reason = aborted
h2.t12.restarts = 234
h2.t12.nogoods_size = 1658147
h2.t12.nodes = 3631643
h2.t12.propagations = 3631643
h2.t10.stop_reason = aborted
h2.t10.restarts = 234
h2.t10.nogoods_size = 1658147
h2.t10.nodes = 3598951
h2.t10.propagations = 3598951
h2.t7.stop_reason = aborted
h2.t7.restarts = 234
h2.t7.nogoods_size = 1658147
h2.t7.nodes = 3577057
h2.t7.propagations = 3577057
h2.t5.stop_reason = aborted
h2.t5.restarts = 234
h2.t5.nogoods_size = 1658147
h2.t5.nodes = 3615301
h2.t5.propagations = 3615301
h2.search_time = 59044
h2.nodes = 60469050
h2.propagations = 183518159
h3.t15.restarts = 234
h3.t15.nogoods_size = 1658572
h3.t15.nodes = 3507425
h3.t15.propagations = 3507425
h3.t9.restarts = 234
h3.t9.nogoods_size = 1658572
h3.t9.nodes = 3489912
h3.t9.propagations = 3489912
h3.t10.restarts = 234
h3.t10.nogoods_size = 1658572
h3.t10.nodes = 3469533
h3.t10.propagations = 3469533
h3.t5.restarts = 234
h3.t5.nogoods_size = 1658572
h3.t5.nodes = 3465690
h3.t5.propagations = 3465690
h3.t3.restarts = 234
h3.t3.nogoods_size = 1658572
h3.t3.nodes = 3531821
h3.t3.propagations = 3531821
h3.t17.restarts = 234
h3.t17.nogoods_size = 1658572
h3.t17.nodes = 1800691
h3.t17.propagations = 1800691
h3.t4.restarts = 234
h3.t4.nogoods_size = 1658572
h3.t4.nodes = 3552292
h3.t4.propagations = 3552292
h3.t2.restarts = 234
h3.t2.nogoods_size = 1658572
h3.t2.nodes = 3553519
h3.t2.propagations = 3553519
h3.t8.restarts = 234
h3.t8.nogoods_size = 1658572
h3.t8.nodes = 3507491
h3.t8.propagations = 3507491
h3.t16.restarts = 234
h3.t16.nogoods_size = 1658572
h3.t16.nodes = 3529105
h3.t16.propagations = 3529105
h3.t12.restarts = 234
h3.t12.nogoods_size = 1658572
h3.t12.nodes = 3590728
h3.t12.propagations = 3590728
h3.t14.restarts = 234
h3.t14.nogoods_size = 1658572
h3.t14.nodes = 3502712
h3.t14.propagations = 3502712
h3.t1.restarts = 234
h3.t1.nogoods_size = 1658572
h3.t1.nodes = 3529206
h3.t1.propagations = 3529206
h3.t0.restarts = 234
h3.t0.nogoods_size = 1658572
h3.t0.nodes = 1261455
h3.t0.propagations = 1261455
h3.t7.restarts = 234
h3.t7.nogoods_size = 1658572
h3.t7.nodes = 3487277
h3.t7.propagations = 3487277
h3.t11.restarts = 234
h3.t11.nogoods_size = 1658572
h3.t11.nodes = 3460522
h3.t11.propagations = 3460522
h3.t6.restarts = 234
h3.t6.nogoods_size = 1658572
h3.t6.nodes = 3555132
h3.t6.propagations = 3555132
h3.t13.restarts = 234
h3.t13.nogoods_size = 1658572
h3.t13.nodes = 3434516
h3.t13.propagations = 3434516
h3.search_time = 59045
h3.nodes = 59229027
h3.propagations = 179943771
h4.t11.restarts = 234
h4.t11.nogoods_size = 1658054
h4.t11.nodes = 3491888
h4.t11.propagations = 3491888
h4.t16.restarts = 234
h4.t16.nogoods_size = 1658054
h4.t16.nodes = 3492257
h4.t16.propagations = 3492257
h4.t4.restarts = 234
h4.t4.nogoods_size = 1658054
h4.t4.nodes = 3457932
h4.t4.propagations = 3457932
h4.t10.restarts = 234
h4.t10.nogoods_size = 1658054
h4.t10.nodes = 3457155
h4.t10.propagations = 3457155
h4.t2.restarts = 234
h4.t2.nogoods_size = 1658054
h4.t2.nodes = 3501088
h4.t2.propagations = 3501088
h4.t13.restarts = 234
h4.t13.nogoods_size = 1658054
h4.t13.nodes = 3478833
h4.t13.propagations = 3478833
h4.t14.restarts = 234
h4.t14.nogoods_size = 1658054
h4.t14.nodes = 3419947
h4.t14.propagations = 3419947
h4.t8.restarts = 234
h4.t8.nogoods_size = 1658054
h4.t8.nodes = 3532494
h4.t8.propagations = 3532494
h4.t7.restarts = 234
h4.t7.nogoods_size = 1658054
h4.t7.nodes = 3484571
h4.t7.propagations = 3484571
h4.t15.restarts = 234
h4.t15.nogoods_size = 1658054
h4.t15.nodes = 3415489
h4.t15.propagations = 3415489
h4.t9.restarts = 234
h4.t9.nogoods_size = 1658054
h4.t9.nodes = 3507767
h4.t9.propagations = 3507767
h4.t12.restarts = 234
h4.t12.nogoods_size = 1658054
h4.t12.nodes = 3492549
h4.t12.propagations = 3492549
h4.t1.restarts = 234
h4.t1.nogoods_size = 1658054
h4.t1.nodes = 3482662
h4.t1.propagations = 3482662
h4.t3.restarts = 234
h4.t3.nogoods_size = 1658054
h4.t3.nodes = 3452747
h4.t3.propagations = 3452747
h4.t0.restarts = 234
h4.t0.nogoods_size = 1658054
h4.t0.nodes = 1261395
h4.t0.propagations = 1261395
h4.t5.restarts = 234
h4.t5.nogoods_size = 1658054
h4.t5.nodes = 3491689
h4.t5.propagations = 3491689
h4.t6.restarts = 234
h4.t6.nogoods_size = 1658054
h4.t6.nodes = 3443985
h4.t6.propagations = 3443985
h4.t17.restarts = 234
h4.t17.nogoods_size = 1658054
h4.t17.nodes = 1735996
h4.t17.propagations = 1735996
h4.search_time = 59050
h4.nodes = 58600444
h4.propagations = 177622996
h5.t1.restarts = 234
h5.t1.nogoods_size = 1658710
h5.t1.nodes = 3637136
h5.t1.propagations = 3637136
h5.t15.restarts = 234
h5.t15.nogoods_size = 1658710
h5.t15.nodes = 3608535
h5.t15.propagations = 3608535
h5.t13.restarts = 234
h5.t13.nogoods_size = 1658710
h5.t13.nodes = 3683458
h5.t13.propagations = 3683458
h5.t17.restarts = 234
h5.t17.nogoods_size = 1658710
h5.t17.nodes = 1808541
h5.t17.propagations = 1808541
h5.t8.restarts = 234
h5.t8.nogoods_size = 1658710
h5.t8.nodes = 3762322
h5.t8.propagations = 3762322
h5.t3.restarts = 234
h5.t3.nogoods_size = 1658710
h5.t3.nodes = 3709378
h5.t3.propagations = 3709378
h5.t7.restarts = 234
h5.t7.nogoods_size = 1658710
h5.t7.nodes = 3598888
h5.t7.propagations = 3598888
h5.t14.restarts = 234
h5.t14.nogoods_size = 1658710
h5.t14.nodes = 3700460
h5.t14.propagations = 3700460
h5.t10.restarts = 234
h5.t10.nogoods_size = 1658710
h5.t10.nodes = 3638154
h5.t10.propagations = 3638154
h5.t9.restarts = 234
h5.t9.nogoods_size = 1658710
h5.t9.nodes = 3648786
h5.t9.propagations = 3648786
h5.t11.restarts = 234
h5.t11.nogoods_size = 1658710
h5.t11.nodes = 3650113
h5.t11.propagations = 3650113
h5.t12.restarts = 234
h5.t12.nogoods_size = 1658710
h5.t12.nodes = 3681837
h5.t12.propagations = 3681837
h5.t2.restarts = 234
h5.t2.nogoods_size = 1658710
h5.t2.nodes = 3648672
h5.t2.propagations = 3648672
h5.t4.restarts = 234
h5.t4.nogoods_size = 1658710
h5.t4.nodes = 3667016
h5.t4.propagations = 3667016
h5.t16.restarts = 234
h5.t16.nogoods_size = 1658710
h5.t16.nodes = 3682367
h5.t16.propagations = 3682367
h5.t5.restarts = 234
h5.t5.nogoods_size = 1658710
h5.t5.nodes = 3737792
h5.t5.propagations = 3737792
h5.t0.restarts = 234
h5.t0.nogoods_size = 1658710
h5.t0.nodes = 1261391
h5.t0.propagations = 1261391
h5.t6.restarts = 234
h5.t6.nogoods_size = 1658710
h5.t6.nodes = 3704941
h5.t6.propagations = 3704941
h5.search_time = 59059
h5.nodes = 61829787
h5.propagations = 187911862
h6.t15.restarts = 234
h6.t15.nogoods_size = 1659526
h6.t15.nodes = 3729142
h6.t15.propagations = 3729142
h6.t6.restarts = 234
h6.t6.nogoods_size = 1659526
h6.t6.nodes = 3737398
h6.t6.propagations = 3737398
h6.t9.restarts = 234
h6.t9.nogoods_size = 1659526
h6.t9.nodes = 3620881
h6.t9.propagations = 3620881
h6.t4.restarts = 234
h6.t4.nogoods_size = 1659526
h6.t4.nodes = 3672296
h6.t4.propagations = 3672296
h6.t12.restarts = 234
h6.t12.nogoods_size = 1659526
h6.t12.nodes = 3790503
h6.t12.propagations = 3790503
h6.t5.restarts = 234
h6.t5.nogoods_size = 1659526
h6.t5.nodes = 3703545
h6.t5.propagations = 3703545
h6.t10.restarts = 234
h6.t10.nogoods_size = 1659526
h6.t10.nodes = 3649201
h6.t10.propagations = 3649201
h6.t14.restarts = 234
h6.t14.nogoods_size = 1659526
h6.t14.nodes = 3700116
h6.t14.propagations = 3700116
h6.t3.restarts = 234
h6.t3.nogoods_size = 1659526
h6.t3.nodes = 3654217
h6.t3.propagations = 3654217
h6.t2.restarts = 234
h6.t2.nogoods_size = 1659526
h6.t2.nodes = 3659746
h6.t2.propagations = 3659746
h6.t1.restarts = 234
h6.t1.nogoods_size = 1659526
h6.t1.nodes = 3631398
h6.t1.propagations = 3631398
h6.t8.restarts = 234
h6.t8.nogoods_size = 1659526
h6.t8.nodes = 3650072
h6.t8.propagations = 3650072
h6.t13.restarts = 234
h6.t13.nogoods_size = 1659526
h6.t13.nodes = 3699553
h6.t13.propagations = 3699553
h6.t17.restarts = 234
h6.t17.nogoods_size = 1659526
h6.t17.nodes = 1768997
h6.t17.propagations = 1768997
h6.t7.restarts = 234
h6.t7.nogoods_size = 1659526
h6.t7.nodes = 3713157
h6.t7.propagations = 3713157
h6.t16.restarts = 234
h6.t16.nogoods_size = 1659526
h6.t16.nodes = 3708287
h6.t16.propagations = 3708287
h6.t0.restarts = 234
h6.t0.nogoods_size = 1659526
h6.t0.nodes = 1261383
h6.t0.propagations = 1261383
h6.t11.restarts = 234
h6.t11.nogoods_size = 1659526
h6.t11.nodes = 3648201
h6.t11.propagations = 3648201
h6.search_time = 59044
h6.nodes = 61998093
h6.propagations = 188171118
h7.t0.restarts = 234
h7.t0.nogoods_size = 1659234
h7.t0.nodes = 1261355
h7.t0.propagations = 1261355
h7.t5.restarts = 234
h7.t5.nogoods_size = 1659234
h7.t5.nodes = 3617831
h7.t5.propagations = 3617831
h7.t13.restarts = 234
h7.t13.nogoods_size = 1659234
h7.t13.nodes = 3596679
h7.t13.propagations = 3596679
h7.t1.restarts = 234
h7.t1.nogoods_size = 1659234
h7.t1.nodes = 3654858
h7.t1.propagations = 3654858
h7.t9.restarts = 234
h7.t9.nogoods_size = 1659234
h7.t9.nodes = 3588496
h7.t9.propagations = 3588496
h7.t10.restarts = 234
h7.t10.nogoods_size = 1659234
h7.t10.nodes = 3526102
h7.t10.propagations = 3526102
h7.t11.restarts = 234
h7.t11.nogoods_size = 1659234
h7.t11.nodes = 3587574
h7.t11.propagations = 3587574
h7.t17.restarts = 234
h7.t17.nogoods_size = 1659234
h7.t17.nodes = 1762906
h7.t17.propagations = 1762906
h7.t7.restarts = 234
h7.t7.nogoods_size = 1659234
h7.t7.nodes = 3574371
h7.t7.propagations = 3574371
h7.t3.restarts = 234
h7.t3.nogoods_size = 1659234
h7.t3.nodes = 3573701
h7.t3.propagations = 3573701
h7.t2.restarts = 234
h7.t2.nogoods_size = 1659234
h7.t2.nodes = 3553520
h7.t2.propagations = 3553520
h7.t6.restarts = 234
h7.t6.nogoods_size = 1659234
h7.t6.nodes = 3660145
h7.t6.propagations = 3660145
h7.t16.restarts = 234
h7.t16.nogoods_size = 1659234
h7.t16.nodes = 3559160
h7.t16.propagations = 3559160
h7.t8.restarts = 234
h7.t8.nogoods_size = 1659234
h7.t8.nodes = 3596233
h7.t8.propagations = 3596233
h7.t15.restarts = 234
h7.t15.nogoods_size = 1659234
h7.t15.nodes = 3563719
h7.t15.propagations = 3563719
h7.t4.restarts = 234
h7.t4.nogoods_size = 1659234
h7.t4.nodes = 3577937
h7.t4.propagations = 3577937
h7.t12.restarts = 234
h7.t12.nogoods_size = 1659234
h7.t12.nodes = 3605461
h7.t12.propagations = 3605461
h7.t14.restarts = 234
h7.t14.nogoods_size = 1659234
h7.t14.nodes = 3579327
h7.t14.propagations = 3579327
h7.search_time = 59064
h7.nodes = 60439375
h7.propagations = 183294776
h8.t17.restarts = 234
h8.t17.nogoods_size = 1658881
h8.t17.nodes = 1808321
h8.t17.propagations = 1808321
h8.t12.restarts = 234
h8.t12.nogoods_size = 1658881
h8.t12.nodes = 3681527
h8.t12.propagations = 3681527
h8.t13.restarts = 234
h8.t13.nogoods_size = 1658881
h8.t13.nodes = 3671990
h8.t13.propagations = 3671990
h8.t6.restarts = 234
h8.t6.nogoods_size = 1658881
h8.t6.nodes = 3659967
h8.t6.propagations = 3659967
h8.t8.restarts = 234
h8.t8.nogoods_size = 1658881
h8.t8.nodes = 3649462
h8.t8.propagations = 3649462
h8.t2.restarts = 234
h8.t2.nogoods_size = 1658881
h8.t2.nodes = 3606694
h8.t2.propagations = 3606694
h8.t15.restarts = 234
h8.t15.nogoods_size = 1658881
h8.t15.nodes = 3606856
h8.t15.propagations = 3606856
h8.t4.restarts = 234
h8.t4.nogoods_size = 1658881
h8.t4.nodes = 3785448
h8.t4.propagations = 3785448
h8.t1.restarts = 234
h8.t1.nogoods_size = 1658881
h8.t1.nodes = 3645293
h8.t1.propagations = 3645293
h8.t16.restarts = 234
h8.t16.nogoods_size = 1658881
h8.t16.nodes = 3656367
h8.t16.propagations = 3656367
h8.t5.restarts = 234
h8.t5.nogoods_size = 1658881
h8.t5.nodes = 3624878
h8.t5.propagations = 3624878
h8.t10.restarts = 234
h8.t10.nogoods_size = 1658881
h8.t10.nodes = 3647275
h8.t10.propagations = 3647275
h8.t11.restarts = 234
h8.t11.nogoods_size = 1658881
h8.t11.nodes = 3619357
h8.t11.propagations = 3619357
h8.t9.restarts = 234
h8.t9.nogoods_size = 1658881
h8.t9.nodes = 3700521
h8.t9.propagations = 3700521
h8.t0.restarts = 234
h8.t0.nogoods_size = 1658881
h8.t0.nodes = 1261405
h8.t0.propagations = 1261405
h8.t7.restarts = 234
h8.t7.nogoods_size = 1658881
h8.t7.nodes = 3696602
h8.t7.propagations = 3696602
h8.t3.restarts = 234
h8.t3.nogoods_size = 1658881
h8.t3.nodes = 3699679
h8.t3.propagations = 3699679
h8.t14.restarts = 234
h8.t14.nogoods_size = 1658881
h8.t14.nodes = 3628261
h8.t14.propagations = 3628261
h8.search_time = 59076
h8.nodes = 61649903
h8.propagations = 187006817
h9.t14.restarts = 234
h9.t14.nogoods_size = 1658823
h9.t14.nodes = 3638000
h9.t14.propagations = 3638000
h9.t12.restarts = 234
h9.t12.nogoods_size = 1658823
h9.t12.nodes = 3607215
h9.t12.propagations = 3607215
h9.t17.restarts = 234
h9.t17.nogoods_size = 1658823
h9.t17.nodes = 1803131
h9.t17.propagations = 1803131
h9.t10.restarts = 234
h9.t10.nogoods_size = 1658823
h9.t10.nodes = 3629485
h9.t10.propagations = 3629485
h9.t3.restarts = 234
h9.t3.nogoods_size = 1658823
h9.t3.nodes = 3558266
h9.t3.propagations = 3558266
h9.t1.restarts = 234
h9.t1.nogoods_size = 1658823
h9.t1.nodes = 3617715
h9.t1.propagations = 3617715
h9.t7.restarts = 234
h9.t7.nogoods_size = 1658823
h9.t7.nodes = 3584327
h9.t7.propagations = 3584327
h9.t4.restarts = 234
h9.t4.nogoods_size = 1658823
h9.t4.nodes = 3767813
h9.t4.propagations = 3767813
h9.t8.restarts = 234
h9.t8.nogoods_size = 1658823
h9.t8.nodes = 3640979
h9.t8.propagations = 3640979
h9.t11.restarts = 234
h9.t11.nogoods_size = 1658823
h9.t11.nodes = 3629426
h9.t11.propagations = 3629426
h9.t16.restarts = 234
h9.t16.nogoods_size = 1658823
h9.t16.nodes = 3606726
h9.t16.propagations = 3606726
h9.t13.restarts = 234
h9.t13.nogoods_size = 1658823
h9.t13.nodes = 3643965
h9.t13.propagations = 3643965
h9.t5.restarts = 234
h9.t5.nogoods_size = 1658823
h9.t5.nodes = 3596579
h9.t5.propagations = 3596579
h9.t15.restarts = 234
h9.t15.nogoods_size = 1658823
h9.t15.nodes = 3620461
h9.t15.propagations = 3620461
h9.t2.restarts = 234
h9.t2.nogoods_size = 1658823
h9.t2.nodes = 3624434
h9.t2.propagations = 3624434
h9.t0.restarts = 234
h9.t0.nogoods_size = 1658823
h9.t0.nodes = 1261376
h9.t0.propagations = 1261376
h9.t9.restarts = 234
h9.t9.nogoods_size = 1658823
h9.t9.nodes = 3573827
h9.t9.propagations = 3573827
h9.t6.restarts = 234
h9.t6.nogoods_size = 1658823
h9.t6.nodes = 3576680
h9.t6.propagations = 3576680
h9.search_time = 59047
h9.nodes = 60980405
h9.propagations = 184764027
h10.t15.restarts = 234
h10.t15.nogoods_size = 1659002
h10.t15.nodes = 3551089
h10.t15.propagations = 3551089
h10.t10.restarts = 234
h10.t10.nogoods_size = 1659002
h10.t10.nodes = 3547893
h10.t10.propagations = 3547893
h10.t2.restarts = 234
h10.t2.nogoods_size = 1659002
h10.t2.nodes = 3644959
h10.t2.propagations = 3644959
h10.t6.restarts = 234
h10.t6.nogoods_size = 1659002
h10.t6.nodes = 3555711
h10.t6.propagations = 3555711
h10.t11.restarts = 234
h10.t11.nogoods_size = 1659002
h10.t11.nodes = 3545833
h10.t11.propagations = 3545833
h10.t7.restarts = 234
h10.t7.nogoods_size = 1659002
h10.t7.nodes = 3593757
h10.t7.propagations = 3593757
h10.t12.restarts = 234
h10.t12.nogoods_size = 1659002
h10.t12.nodes = 3578574
h10.t12.propagations = 3578574
h10.t17.restarts = 234
h10.t17.nogoods_size = 1659002
h10.t17.nodes = 1788512
h10.t17.propagations = 1788512
h10.t3.restarts = 234
h10.t3.nogoods_size = 1659002
h10.t3.nodes = 3645197
h10.t3.propagations = 3645197
h10.t16.restarts = 234
h10.t16.nogoods_size = 1659002
h10.t16.nodes = 3617351
h10.t16.propagations = 3617351
h10.t8.restarts = 234
h10.t8.nogoods_size = 1659002
h10.t8.nodes = 3572192
h10.t8.propagations = 3572192
h10.t4.restarts = 234
h10.t4.nogoods_size = 1659002
h10.t4.nodes = 3623983
h10.t4.propagations = 3623983
h10.t1.restarts = 234
h10.t1.nogoods_size = 1659002
h10.t1.nodes = 3623100
h10.t1.propagations = 3623100
h10.t9.restarts = 234
h10.t9.nogoods_size = 1659002
h10.t9.nodes = 3624300
h10.t9.propagations = 3624300
h10.t5.restarts = 234
h10.t5.nogoods_size = 1659002
h10.t5.nodes = 3536528
h10.t5.propagations = 3536528
h10.t14.restarts = 234
h10.t14.nogoods_size = 1659002
h10.t14.nodes = 3563359
h10.t14.propagations = 3563359
h10.t0.restarts = 234
h10.t0.nogoods_size = 1659002
h10.t0.nodes = 1261399
h10.t0.propagations = 1261399
h10.t13.restarts = 234
h10.t13.nogoods_size = 1659002
h10.t13.nodes = 3603168
h10.t13.propagations = 3603168
h10.search_time = 59067
h10.nodes = 60476905
h10.propagations = 183777794
h11.t12.restarts = 234
h11.t12.nogoods_size = 1659379
h11.t12.nodes = 3721296
h11.t12.propagations = 3721296
h11.t6.restarts = 234
h11.t6.nogoods_size = 1659379
h11.t6.nodes = 3703471
h11.t6.propagations = 3703471
h11.t11.restarts = 234
h11.t11.nogoods_size = 1659379
h11.t11.nodes = 3672070
h11.t11.propagations = 3672070
h11.t16.restarts = 234
h11.t16.nogoods_size = 1659379
h11.t16.nodes = 3607588
h11.t16.propagations = 3607588
h11.t5.restarts = 234
h11.t5.nogoods_size = 1659379
h11.t5.nodes = 3722191
h11.t5.propagations = 3722191
h11.t15.restarts = 234
h11.t15.nogoods_size = 1659379
h11.t15.nodes = 3682902
h11.t15.propagations = 3682902
h11.t3.restarts = 234
h11.t3.nogoods_size = 1659379
h11.t3.nodes = 3722760
h11.t3.propagations = 3722760
h11.t13.restarts = 234
h11.t13.nogoods_size = 1659379
h11.t13.nodes = 3704313
h11.t13.propagations = 3704313
h11.t1.restarts = 234
h11.t1.nogoods_size = 1659379
h11.t1.nodes = 3732877
h11.t1.propagations = 3732877
h11.t14.restarts = 234
h11.t14.nogoods_size = 1659379
h11.t14.nodes = 3666512
h11.t14.propagations = 3666512
h11.t7.restarts = 234
h11.t7.nogoods_size = 1659379
h11.t7.nodes = 3657655
h11.t7.propagations = 3657655
h11.t10.restarts = 234
h11.t10.nogoods_size = 1659379
h11.t10.nodes = 3720295
h11.t10.propagations = 3720295
h11.t8.restarts = 234
h11.t8.nogoods_size = 1659379
h11.t8.nodes = 3662762
h11.t8.propagations = 3662762
h11.t9.restarts = 234
h11.t9.nogoods_size = 1659379
h11.t9.nodes = 3644488
h11.t9.propagations = 3644488
h11.t4.restarts = 234
h11.t4.nogoods_size = 1659379
h11.t4.nodes = 3726126
h11.t4.propagations = 3726126
h11.t0.restarts = 234
h11.t0.nogoods_size = 1659379
h11.t0.nodes = 1261401
h11.t0.propagations = 1261401
h11.t2.restarts = 234
h11.t2.nogoods_size = 1659379
h11.t2.nodes = 3757129
h11.t2.propagations = 3757129
h11.t17.restarts = 234
h11.t17.nogoods_size = 1659379
h11.t17.nodes = 1784370
h11.t17.propagations = 1784370
h11.search_time = 59063
h11.nodes = 62150206
h11.propagations = 188608463
h12.t17.restarts = 234
h12.t17.nogoods_size = 1659485
h12.t17.nodes = 1867723
h12.t17.propagations = 1867723
h12.t14.restarts = 234
h12.t14.nogoods_size = 1659485
h12.t14.nodes = 3685040
h12.t14.propagations = 3685040
h12.t6.restarts = 234
h12.t6.nogoods_size = 1659485
h12.t6.nodes = 3693996
h12.t6.propagations = 3693996
h12.t12.restarts = 234
h12.t12.nogoods_size = 1659485
h12.t12.nodes = 3779274
h12.t12.propagations = 3779274
h12.t13.restarts = 234
h12.t13.nogoods_size = 1659485
h12.t13.nodes = 3725766
h12.t13.propagations = 3725766
h12.t16.restarts = 234
h12.t16.nogoods_size = 1659485
h12.t16.nodes = 3932727
h12.t16.propagations = 3932727
h12.t7.restarts = 234
h12.t7.nogoods_size = 1659485
h12.t7.nodes = 3718578
h12.t7.propagations = 3718578
h12.t5.restarts = 234
h12.t5.nogoods_size = 1659485
h12.t5.nodes = 3735622
h12.t5.propagations = 3735622
h12.t1.restarts = 234
h12.t1.nogoods_size = 1659485
h12.t1.nodes = 3766324
h12.t1.propagations = 3766324
h12.t9.restarts = 234
h12.t9.nogoods_size = 1659485
h12.t9.nodes = 3697753
h12.t9.propagations = 3697753
h12.t15.restarts = 234
h12.t15.nogoods_size = 1659485
h12.t15.nodes = 3706279
h12.t15.propagations = 3706279
h12.t2.restarts = 234
h12.t2.nogoods_size = 1659485
h12.t2.nodes = 3768447
h12.t2.propagations = 3768447
h12.t3.restarts = 234
h12.t3.nogoods_size = 1659485
h12.t3.nodes = 3742263
h12.t3.propagations = 3742263
h12.t8.restarts = 234
h12.t8.nogoods_size = 1659485
h12.t8.nodes = 3770853
h12.t8.propagations = 3770853
h12.t10.restarts = 234
h12.t10.nogoods_size = 1659485
h12.t10.nodes = 3663470
h12.t10.propagations = 3663470
h12.t0.restarts = 234
h12.t0.nogoods_size = 1659485
h12.t0.nodes = 1261413
h12.t0.propagations = 1261413
h12.t4.restarts = 234
h12.t4.nogoods_size = 1659485
h12.t4.nodes = 3736077
h12.t4.propagations = 3736077
h12.t11.restarts = 234
h12.t11.nogoods_size = 1659485
h12.t11.nodes = 3723600
h12.t11.propagations = 3723600
h12.search_time = 59072
h12.nodes = 62975205
h12.propagations = 190798431
h13.t15.restarts = 234
h13.t15.nogoods_size = 1658824
h13.t15.nodes = 3577282
h13.t15.propagations = 3577282
h13.t14.restarts = 234
h13.t14.nogoods_size = 1658824
h13.t14.nodes = 3544678
h13.t14.propagations = 3544678
h13.t3.restarts = 234
h13.t3.nogoods_size = 1658824
h13.t3.nodes = 3579951
h13.t3.propagations = 3579951
h13.t12.restarts = 234
h13.t12.nogoods_size = 1658824
h13.t12.nodes = 3630765
h13.t12.propagations = 3630765
h13.t16.restarts = 234
h13.t16.nogoods_size = 1658824
h13.t16.nodes = 3822759
h13.t16.propagations = 3822759
h13.t6.restarts = 234
h13.t6.nogoods_size = 1658824
h13.t6.nodes = 3556484
h13.t6.propagations = 3556484
h13.t17.restarts = 234
h13.t17.nogoods_size = 1658824
h13.t17.nodes = 1780210
h13.t17.propagations = 1780210
h13.t2.restarts = 234
h13.t2.nogoods_size = 1658824
h13.t2.nodes = 3542001
h13.t2.propagations = 3542001
h13.t8.restarts = 234
h13.t8.nogoods_size = 1658824
h13.t8.nodes = 3609840
h13.t8.propagations = 3609840
h13.t9.restarts = 234
h13.t9.nogoods_size = 1658824
h13.t9.nodes = 3548955
h13.t9.propagations = 3548955
h13.t10.restarts = 234
h13.t10.nogoods_size = 1658824
h13.t10.nodes = 3541200
h13.t10.propagations = 3541200
h13.t13.restarts = 234
h13.t13.nogoods_size = 1658824
h13.t13.nodes = 3509463
h13.t13.propagations = 3509463
h13.t1.restarts = 234
h13.t1.nogoods_size = 1658824
h13.t1.nodes = 3629994
h13.t1.propagations = 3629994
h13.t7.restarts = 234
h13.t7.nogoods_size = 1658824
h13.t7.nodes = 3572256
h13.t7.propagations = 3572256
h13.t5.restarts = 234
h13.t5.nogoods_size = 1658824
h13.t5.nodes = 3602790
h13.t5.propagations = 3602790
h13.t4.restarts = 234
h13.t4.nogoods_size = 1658824
h13.t4.nodes = 3549121
h13.t4.propagations = 3549121
h13.t0.restarts = 234
h13.t0.nogoods_size = 1658824
h13.t0.nodes = 1261413
h13.t0.propagations = 1261413
h13.t11.restarts = 234
h13.t11.nogoods_size = 1658824
h13.t11.nodes = 3569339
h13.t11.propagations = 3569339
h13.search_time = 59043
h13.nodes = 60428501
h13.propagations = 183368635
h14.t5.restarts = 234
h14.t5.nogoods_size = 1661256
h14.t5.nodes = 4355797
h14.t5.propagations = 4355797
h14.t4.restarts = 234
h14.t4.nogoods_size = 1661256
h14.t4.nodes = 4306567
h14.t4.propagations = 4306567
h14.t2.restarts = 234
h14.t2.nogoods_size = 1661256
h14.t2.nodes = 4255582
h14.t2.propagations = 4255582
h14.t13.restarts = 234
h14.t13.nogoods_size = 1661256
h14.t13.nodes = 4299108
h14.t13.propagations = 4299108
h14.t9.restarts = 234
h14.t9.nogoods_size = 1661256
h14.t9.nodes = 4370914
h14.t9.propagations = 4370914
h14.t15.restarts = 234
h14.t15.nogoods_size = 1661256
h14.t15.nodes = 4316930
h14.t15.propagations = 4316930
h14.t7.restarts = 234
h14.t7.nogoods_size = 1661256
h14.t7.nodes = 4340058
h14.t7.propagations = 4340058
h14.t1.restarts = 234
h14.t1.nogoods_size = 1661256
h14.t1.nodes = 4277868
h14.t1.propagations = 4277868
h14.t11.restarts = 234
h14.t11.nogoods_size = 1661256
h14.t11.nodes = 4278468
h14.t11.propagations = 4278468
h14.t12.restarts = 234
h14.t12.nogoods_size = 1661256
h14.t12.nodes = 4356608
h14.t12.propagations = 4356608
h14.t14.restarts = 234
h14.t14.nogoods_size = 1661256
h14.t14.nodes = 4286151
h14.t14.propagations = 4286151
h14.t16.restarts = 234
h14.t16.nogoods_size = 1661256
h14.t16.nodes = 4352340
h14.t16.propagations = 4352340
h14.t17.restarts = 234
h14.t17.nogoods_size = 1661256
h14.t17.nodes = 1674924
h14.t17.propagations = 1674924
h14.t6.restarts = 234
h14.t6.nogoods_size = 1661256
h14.t6.nodes = 4335643
h14.t6.propagations = 4335643
h14.t8.restarts = 234
h14.t8.nogoods_size = 1661256
h14.t8.nodes = 4307647
h14.t8.propagations = 4307647
h14.t10.restarts = 234
h14.t10.nogoods_size = 1661256
h14.t10.nodes = 4312865
h14.t10.propagations = 4312865
h14.t0.restarts = 234
h14.t0.nogoods_size = 1661256
h14.t0.nodes = 1261381
h14.t0.propagations = 1261381
h14.t3.restarts = 234
h14.t3.nogoods_size = 1661256
h14.t3.nodes = 4293554
h14.t3.propagations = 4293554
h14.search_time = 59061
h14.nodes = 71982405
h14.propagations = 218710493
h15.t5.restarts = 234
h15.t5.nogoods_size = 1661078
h15.t5.nodes = 4246760
h15.t5.propagations = 4246760
h15.t7.restarts = 234
h15.t7.nogoods_size = 1661078
h15.t7.nodes = 4344345
h15.t7.propagations = 4344345
h15.t10.restarts = 234
h15.t10.nogoods_size = 1661078
h15.t10.nodes = 4253048
h15.t10.propagations = 4253048
h15.t16.restarts = 234
h15.t16.nogoods_size = 1661078
h15.t16.nodes = 4317511
h15.t16.propagations = 4317511
h15.t1.restarts = 234
h15.t1.nogoods_size = 1661078
h15.t1.nodes = 4273252
h15.t1.propagations = 4273252
h15.t2.restarts = 234
h15.t2.nogoods_size = 1661078
h15.t2.nodes = 4259422
h15.t2.propagations = 4259422
h15.t0.restarts = 234
h15.t0.nogoods_size = 1661078
h15.t0.nodes = 1261359
h15.t0.propagations = 1261359
h15.t12.restarts = 234
h15.t12.nogoods_size = 1661078
h15.t12.nodes = 4337715
h15.t12.propagations = 4337715
h15.t6.restarts = 234
h15.t6.nogoods_size = 1661078
h15.t6.nodes = 4294396
h15.t6.propagations = 4294396
h15.t17.restarts = 234
h15.t17.nogoods_size = 1661078
h15.t17.nodes = 1846836
h15.t17.propagations = 1846836
h15.t8.restarts = 234
h15.t8.nogoods_size = 1661078
h15.t8.nodes = 4251558
h15.t8.propagations = 4251558
h15.t4.restarts = 234
h15.t4.nogoods_size = 1661078
h15.t4.nodes = 4406400
h15.t4.propagations = 4406400
h15.t9.restarts = 234
h15.t9.nogoods_size = 1661078
h15.t9.nodes = 4307142
h15.t9.propagations = 4307142
h15.t14.restarts = 234
h15.t14.nogoods_size = 1661078
h15.t14.nodes = 4402382
h15.t14.propagations = 4402382
h15.t15.restarts = 234
h15.t15.nogoods_size = 1661078
h15.t15.nodes = 4341653
h15.t15.propagations = 4341653
h15.t13.restarts = 234
h15.t13.nogoods_size = 1661078
h15.t13.nodes = 4354181
h15.t13.propagations = 4354181
h15.t3.restarts = 234
h15.t3.nogoods_size = 1661078
h15.t3.nodes = 4356796
h15.t3.propagations = 4356796
h15.t11.restarts = 234
h15.t11.nogoods_size = 1661078
h15.t11.nodes = 4346207
h15.t11.propagations = 4346207
h15.search_time = 59057
h15.nodes = 72200963
h15.propagations = 218905807
h16.t0.restarts = 234
h16.t0.nogoods_size = 1658659
h16.t0.nodes = 1261351
h16.t0.propagations = 1261351
h16.t15.restarts = 234
h16.t15.nogoods_size = 1658659
h16.t15.nodes = 3524276
h16.t15.propagations = 3524276
h16.t9.restarts = 234
h16.t9.nogoods_size = 1658659
h16.t9.nodes = 3598289
h16.t9.propagations = 3598289
h16.t13.restarts = 234
h16.t13.nogoods_size = 1658659
h16.t13.nodes = 3540358
h16.t13.propagations = 3540358
h16.t14.restarts = 234
h16.t14.nogoods_size = 1658659
h16.t14.nodes = 3636448
h16.t14.propagations = 3636448
h16.t6.restarts = 234
h16.t6.nogoods_size = 1658659
h16.t6.nodes = 3538804
h16.t6.propagations = 3538804
h16.t8.restarts = 234
h16.t8.nogoods_size = 1658659
h16.t8.nodes = 3578528
h16.t8.propagations = 3578528
h16.t10.restarts = 234
h16.t10.nogoods_size = 1658659
h16.t10.nodes = 3512722
h16.t10.propagations = 3512722
h16.t3.restarts = 234
h16.t3.nogoods_size = 1658659
h16.t3.nodes = 3603607
h16.t3.propagations = 3603607
h16.t17.restarts = 234
h16.t17.nogoods_size = 1658659
h16.t17.nodes = 1791961
h16.t17.propagations = 1791961
h16.t5.restarts = 234
h16.t5.nogoods_size = 1658659
h16.t5.nodes = 3629006
h16.t5.propagations = 3629006
h16.t7.restarts = 234
h16.t7.nogoods_size = 1658659
h16.t7.nodes = 3618168
h16.t7.propagations = 3618168
h16.t11.restarts = 234
h16.t11.nogoods_size = 1658659
h16.t11.nodes = 3561949
h16.t11.propagations = 3561949
h16.t2.restarts = 234
h16.t2.nogoods_size = 1658659
h16.t2.nodes = 3611009
h16.t2.propagations = 3611009
h16.t16.restarts = 234
h16.t16.nogoods_size = 1658659
h16.t16.nodes = 3550294
h16.t16.propagations = 3550294
h16.t1.restarts = 234
h16.t1.nogoods_size = 1658659
h16.t1.nodes = 3570230
h16.t1.propagations = 3570230
h16.t4.restarts = 234
h16.t4.nogoods_size = 1658659
h16.t4.nodes = 3601258
h16.t4.propagations = 3601258
h16.t12.restarts = 234
h16.t12.nogoods_size = 1658659
h16.t12.nodes = 3542011
h16.t12.propagations = 3542011
h16.search_time = 59079
h16.nodes = 60270269
h16.propagations = 182799475
h17.t12.restarts = 234
h17.t12.nogoods_size = 1658744
h17.t12.nodes = 3710402
h17.t12.propagations = 3710402
h17.t17.restarts = 234
h17.t17.nogoods_size = 1658744
h17.t17.nodes = 1770176
h17.t17.propagations = 1770176
h17.t10.restarts = 234
h17.t10.nogoods_size = 1658744
h17.t10.nodes = 3715409
h17.t10.propagations = 3715409
h17.t3.restarts = 234
h17.t3.nogoods_size = 1658744
h17.t3.nodes = 3673620
h17.t3.propagations = 3673620
h17.t5.restarts = 234
h17.t5.nogoods_size = 1658744
h17.t5.nodes = 3631362
h17.t5.propagations = 3631362
h17.t7.restarts = 234
h17.t7.nogoods_size = 1658744
h17.t7.nodes = 3682064
h17.t7.propagations = 3682064
h17.t15.restarts = 234
h17.t15.nogoods_size = 1658744
h17.t15.nodes = 3719049
h17.t15.propagations = 3719049
h17.t9.restarts = 234
h17.t9.nogoods_size = 1658744
h17.t9.nodes = 3610923
h17.t9.propagations = 3610923
h17.t13.restarts = 234
h17.t13.nogoods_size = 1658744
h17.t13.nodes = 3698660
h17.t13.propagations = 3698660
h17.t11.restarts = 234
h17.t11.nogoods_size = 1658744
h17.t11.nodes = 3631280
h17.t11.propagations = 3631280
h17.t6.restarts = 234
h17.t6.nogoods_size = 1658744
h17.t6.nodes = 3722955
h17.t6.propagations = 3722955
h17.t4.restarts = 234
h17.t4.nogoods_size = 1658744
h17.t4.nodes = 3698678
h17.t4.propagations = 3698678
h17.t16.restarts = 234
h17.t16.nogoods_size = 1658744
h17.t16.nodes = 3709683
h17.t16.propagations = 3709683
h17.t2.restarts = 234
h17.t2.nogoods_size = 1658744
h17.t2.nodes = 3671258
h17.t2.propagations = 3671258
h17.t1.restarts = 234
h17.t1.nogoods_size = 1658744
h17.t1.nodes = 3704136
h17.t1.propagations = 3704136
h17.t14.restarts = 234
h17.t14.nogoods_size = 1658744
h17.t14.nodes = 3696317
h17.t14.propagations = 3696317
h17.t8.restarts = 234
h17.t8.nogoods_size = 1658744
h17.t8.nodes = 3639491
h17.t8.propagations = 3639491
h17.t0.restarts = 234
h17.t0.nogoods_size = 1658744
h17.t0.nodes = 1261371
h17.t0.propagations = 1261371
h17.search_time = 59050
h17.nodes = 61946834
h17.propagations = 187639260
h18.t4.restarts = 234
h18.t4.nogoods_size = 1659110
h18.t4.nodes = 3522023
h18.t4.propagations = 3522023
h18.t9.restarts = 234
h18.t9.nogoods_size = 1659110
h18.t9.nodes = 3543043
h18.t9.propagations = 3543043
h18.t11.restarts = 234
h18.t11.nogoods_size = 1659110
h18.t11.nodes = 3645930
h18.t11.propagations = 3645930
h18.t8.restarts = 234
h18.t8.nogoods_size = 1659110
h18.t8.nodes = 3570327
h18.t8.propagations = 3570327
h18.t10.restarts = 234
h18.t10.nogoods_size = 1659110
h18.t10.nodes = 3530742
h18.t10.propagations = 3530742
h18.t6.restarts = 234
h18.t6.nogoods_size = 1659110
h18.t6.nodes = 3605428
h18.t6.propagations = 3605428
h18.t16.restarts = 234
h18.t16.nogoods_size = 1659110
h18.t16.nodes = 3626648
h18.t16.propagations = 3626648
h18.t12.restarts = 234
h18.t12.nogoods_size = 1659110
h18.t12.nodes = 3496921
h18.t12.propagations = 3496921
h18.t7.restarts = 234
h18.t7.nogoods_size = 1659110
h18.t7.nodes = 3608655
h18.t7.propagations = 3608655
h18.t2.restarts = 234
h18.t2.nogoods_size = 1659110
h18.t2.nodes = 3600098
h18.t2.propagations = 3600098
h18.t1.restarts = 234
h18.t1.nogoods_size = 1659110
h18.t1.nodes = 3574875
h18.t1.propagations = 3574875
h18.t3.restarts = 234
h18.t3.nogoods_size = 1659110
h18.t3.nodes = 3598072
h18.t3.propagations = 3598072
h18.t17.restarts = 234
h18.t17.nogoods_size = 1659110
h18.t17.nodes = 1712715
h18.t17.propagations = 1712715
h18.t14.restarts = 234
h18.t14.nogoods_size = 1659110
h18.t14.nodes = 3526843
h18.t14.propagations = 3526843
h18.t15.restarts = 234
h18.t15.nogoods_size = 1659110
h18.t15.nodes = 3581277
h18.t15.propagations = 3581277
h18.t13.restarts = 234
h18.t13.nogoods_size = 1659110
h18.t13.nodes = 3520590
h18.t13.propagations = 3520590
h18.t0.restarts = 234
h18.t0.nogoods_size = 1659110
h18.t0.nodes = 1261368
h18.t0.propagations = 1261368
h18.t5.restarts = 234
h18.t5.nogoods_size = 1659110
h18.t5.nodes = 3576429
h18.t5.propagations = 3576429
h18.search_time = 59062
h18.nodes = 60101984
h18.propagations = 182313686
h19.t0.restarts = 234
h19.t0.nogoods_size = 1658760
h19.t0.nodes = 1261393
h19.t0.propagations = 1261393
h19.t6.restarts = 234
h19.t6.nogoods_size = 1658760
h19.t6.nodes = 3520933
h19.t6.propagations = 3520933
h19.t1.restarts = 234
h19.t1.nogoods_size = 1658760
h19.t1.nodes = 3505567
h19.t1.propagations = 3505567
h19.t5.restarts = 234
h19.t5.nogoods_size = 1658760
h19.t5.nodes = 3557760
h19.t5.propagations = 3557760
h19.t10.restarts = 234
h19.t10.nogoods_size = 1658760
h19.t10.nodes = 3533359
h19.t10.propagations = 3533359
h19.t3.restarts = 234
h19.t3.nogoods_size = 1658760
h19.t3.nodes = 3550991
h19.t3.propagations = 3550991
h19.t11.restarts = 234
h19.t11.nogoods_size = 1658760
h19.t11.nodes = 3632911
h19.t11.propagations = 3632911
h19.t2.restarts = 234
h19.t2.nogoods_size = 1658760
h19.t2.nodes = 3569456
h19.t2.propagations = 3569456
h19.t16.restarts = 234
h19.t16.nogoods_size = 1658760
h19.t16.nodes = 3639179
h19.t16.propagations = 3639179
h19.t14.restarts = 234
h19.t14.nogoods_size = 1658760
h19.t14.nodes = 3554292
h19.t14.propagations = 3554292
h19.t13.restarts = 234
h19.t13.nogoods_size = 1658760
h19.t13.nodes = 3566186
h19.t13.propagations = 3566186
h19.t4.restarts = 234
h19.t4.nogoods_size = 1658760
h19.t4.nodes = 3534307
h19.t4.propagations = 3534307
h19.t17.restarts = 234
h19.t17.nogoods_size = 1658760
h19.t17.nodes = 1756213
h19.t17.propagations = 1756213
h19.t8.restarts = 234
h19.t8.nogoods_size = 1658760
h19.t8.nodes = 3558106
h19.t8.propagations = 3558106
h19.t9.restarts = 234
h19.t9.nogoods_size = 1658760
h19.t9.nodes = 3542626
h19.t9.propagations = 3542626
h19.t12.restarts = 234
h19.t12.nogoods_size = 1658760
h19.t12.nodes = 3524359
h19.t12.propagations = 3524359
h19.t7.restarts = 234
h19.t7.nogoods_size = 1658760
h19.t7.nodes = 3541585
h19.t7.propagations = 3541585
h19.t15.restarts = 234
h19.t15.nogoods_size = 1658760
h19.t15.nodes = 3523889
h19.t15.propagations = 3523889
h19.search_time = 59057
h19.nodes = 59873112
h19.propagations = 181588761
