hostname = r1i2n22
commandline = ../glasgow/mpi_solve_subgraph_isomorphism --timeout 1000 --format lad --geometric-restarts=1.0 --restarts-constant=5400 --triggered-restarts --threads 18 ../instances/phase/phase-30-150-0.70-0.66-0.70-8-pattern ../instances/phase/phase-30-150-0.70-0.66-0.70-8-target
started_at = 2018-11-19 16:15:07
pattern_file = ../instances/phase/phase-30-150-0.70-0.66-0.70-8-pattern
target_file = ../instances/phase/phase-30-150-0.70-0.66-0.70-8-target
status = true
nodes = 2389847
propagations = 6120792
mapping = (0 -> 141) (1 -> 109) (2 -> 56) (3 -> 30) (4 -> 111) (5 -> 39) (6 -> 123) (7 -> 143) (8 -> 61) (9 -> 82) (10 -> 94) (11 -> 93) (12 -> 106) (13 -> 138) (14 -> 91) (15 -> 142) (16 -> 3) (17 -> 148) (18 -> 137) (19 -> 104) (20 -> 145) (21 -> 18) (22 -> 92) (23 -> 38) (24 -> 135) (25 -> 107) (26 -> 57) (27 -> 33) (28 -> 126) (29 -> 15) 
runtime = 170
h0.t9.restarts = 2
h0.t9.nogoods_size = 2709
h0.t9.nodes = 5310
h0.t9.propagations = 5310
h0.t0.restarts = 2
h0.t0.nogoods_size = 2709
h0.t0.nodes = 5414
h0.t0.propagations = 5414
h0.t7.restarts = 2
h0.t7.nogoods_size = 2709
h0.t7.nodes = 5414
h0.t7.propagations = 5414
h0.t16.restarts = 2
h0.t16.nogoods_size = 2709
h0.t16.nodes = 7295
h0.t16.propagations = 7295
h0.t4.restarts = 2
h0.t4.nogoods_size = 2709
h0.t4.nodes = 5131
h0.t4.propagations = 5131
h0.t3.restarts = 2
h0.t3.nogoods_size = 2709
h0.t3.nodes = 5383
h0.t3.propagations = 5383
h0.t1.restarts = 2
h0.t1.nogoods_size = 2709
h0.t1.nodes = 6098
h0.t1.propagations = 6098
h0.t14.restarts = 2
h0.t14.nogoods_size = 2709
h0.t14.nodes = 4819
h0.t14.propagations = 4819
h0.t5.restarts = 2
h0.t5.nogoods_size = 2709
h0.t5.nodes = 5301
h0.t5.propagations = 5301
h0.t11.restarts = 2
h0.t11.nogoods_size = 2709
h0.t11.nodes = 4971
h0.t11.propagations = 4971
h0.t15.restarts = 2
h0.t15.nogoods_size = 2709
h0.t15.nodes = 4391
h0.t15.propagations = 4391
h0.t2.restarts = 2
h0.t2.nogoods_size = 2709
h0.t2.nodes = 5543
h0.t2.propagations = 5543
h0.t13.restarts = 2
h0.t13.nogoods_size = 2709
h0.t13.nodes = 4596
h0.t13.propagations = 4596
h0.t17.restarts = 2
h0.t17.nogoods_size = 2709
h0.t17.nodes = 3729
h0.t17.propagations = 3729
h0.t8.restarts = 2
h0.t8.nogoods_size = 2709
h0.t8.nodes = 5379
h0.t8.propagations = 5379
h0.t6.restarts = 2
h0.t6.nogoods_size = 2709
h0.t6.nodes = 5330
h0.t6.propagations = 5330
h0.t10.restarts = 2
h0.t10.nogoods_size = 2709
h0.t10.nodes = 4954
h0.t10.propagations = 4954
h0.t12.restarts = 2
h0.t12.nogoods_size = 2709
h0.t12.nodes = 4957
h0.t12.propagations = 4957
h0.search_time = 148
h0.nodes = 94015
h0.propagations = 239622
h1.t0.restarts = 2
h1.t0.nogoods_size = 2735
h1.t0.nodes = 5416
h1.t0.propagations = 5416
h1.t9.restarts = 2
h1.t9.nogoods_size = 2735
h1.t9.nodes = 7986
h1.t9.propagations = 7986
h1.t1.restarts = 2
h1.t1.nogoods_size = 2735
h1.t1.nodes = 7299
h1.t1.propagations = 7299
h1.t3.restarts = 2
h1.t3.nogoods_size = 2735
h1.t3.nodes = 7706
h1.t3.propagations = 7706
h1.t10.restarts = 2
h1.t10.nogoods_size = 2735
h1.t10.nodes = 7529
h1.t10.propagations = 7529
h1.t6.restarts = 2
h1.t6.nogoods_size = 2735
h1.t6.nodes = 7697
h1.t6.propagations = 7697
h1.t2.restarts = 2
h1.t2.nogoods_size = 2735
h1.t2.nodes = 7413
h1.t2.propagations = 7413
h1.t4.restarts = 2
h1.t4.nogoods_size = 2735
h1.t4.nodes = 7779
h1.t4.propagations = 7779
h1.t11.restarts = 2
h1.t11.nogoods_size = 2735
h1.t11.nodes = 7420
h1.t11.propagations = 7420
h1.t14.restarts = 2
h1.t14.nogoods_size = 2735
h1.t14.nodes = 7707
h1.t14.propagations = 7707
h1.t7.restarts = 2
h1.t7.nogoods_size = 2735
h1.t7.nodes = 7486
h1.t7.propagations = 7486
h1.t13.restarts = 2
h1.t13.nogoods_size = 2735
h1.t13.nodes = 7703
h1.t13.propagations = 7703
h1.t16.restarts = 2
h1.t16.nogoods_size = 2735
h1.t16.nodes = 7883
h1.t16.propagations = 7883
h1.t12.restarts = 2
h1.t12.nogoods_size = 2735
h1.t12.nodes = 8049
h1.t12.propagations = 8049
h1.t8.restarts = 2
h1.t8.nogoods_size = 2735
h1.t8.nodes = 7658
h1.t8.propagations = 7658
h1.t5.restarts = 2
h1.t5.nogoods_size = 2735
h1.t5.nodes = 7301
h1.t5.propagations = 7301
h1.t17.restarts = 2
h1.t17.nogoods_size = 2735
h1.t17.nodes = 16
h1.t17.propagations = 16
h1.t15.restarts = 2
h1.t15.nogoods_size = 2735
h1.t15.nodes = 7456
h1.t15.propagations = 7456
h1.search_time = 140
h1.nodes = 127504
h1.propagations = 327113
h2.t8.restarts = 2
h2.t8.nogoods_size = 2696
h2.t8.nodes = 5213
h2.t8.propagations = 5213
h2.t15.restarts = 2
h2.t15.nogoods_size = 2696
h2.t15.nodes = 5488
h2.t15.propagations = 5488
h2.t1.restarts = 2
h2.t1.nogoods_size = 2696
h2.t1.nodes = 5673
h2.t1.propagations = 5673
h2.t17.restarts = 2
h2.t17.nogoods_size = 2696
h2.t17.nodes = 14
h2.t17.propagations = 14
h2.t5.restarts = 2
h2.t5.nogoods_size = 2696
h2.t5.nodes = 5656
h2.t5.propagations = 5656
h2.t10.restarts = 2
h2.t10.nogoods_size = 2696
h2.t10.nodes = 5260
h2.t10.propagations = 5260
h2.t0.restarts = 2
h2.t0.nogoods_size = 2696
h2.t0.nodes = 5413
h2.t0.propagations = 5413
h2.t12.restarts = 2
h2.t12.nogoods_size = 2696
h2.t12.nodes = 5430
h2.t12.propagations = 5430
h2.t6.restarts = 2
h2.t6.nogoods_size = 2696
h2.t6.nodes = 5285
h2.t6.propagations = 5285
h2.t13.restarts = 2
h2.t13.nogoods_size = 2696
h2.t13.nodes = 5078
h2.t13.propagations = 5078
h2.t14.restarts = 2
h2.t14.nogoods_size = 2696
h2.t14.nodes = 5177
h2.t14.propagations = 5177
h2.t7.restarts = 2
h2.t7.nogoods_size = 2696
h2.t7.nodes = 5529
h2.t7.propagations = 5529
h2.t4.restarts = 2
h2.t4.nogoods_size = 2696
h2.t4.nodes = 5640
h2.t4.propagations = 5640
h2.t2.restarts = 2
h2.t2.nogoods_size = 2696
h2.t2.nodes = 5371
h2.t2.propagations = 5371
h2.t9.restarts = 2
h2.t9.nogoods_size = 2696
h2.t9.nodes = 5318
h2.t9.propagations = 5318
h2.t11.restarts = 2
h2.t11.nogoods_size = 2696
h2.t11.nodes = 5396
h2.t11.propagations = 5396
h2.t16.restarts = 2
h2.t16.nogoods_size = 2696
h2.t16.nodes = 5047
h2.t16.propagations = 5047
h2.t3.restarts = 2
h2.t3.nogoods_size = 2696
h2.t3.nodes = 5057
h2.t3.propagations = 5057
h2.search_time = 136
h2.nodes = 91045
h2.propagations = 233770
h3.t0.restarts = 2
h3.t0.nogoods_size = 2747
h3.t0.nodes = 5417
h3.t0.propagations = 5417
h3.t16.restarts = 2
h3.t16.nogoods_size = 2747
h3.t16.nodes = 7602
h3.t16.propagations = 7602
h3.t10.restarts = 2
h3.t10.nogoods_size = 2747
h3.t10.nodes = 7793
h3.t10.propagations = 7793
h3.t7.restarts = 2
h3.t7.nogoods_size = 2747
h3.t7.nodes = 7396
h3.t7.propagations = 7396
h3.t13.restarts = 2
h3.t13.nogoods_size = 2747
h3.t13.nodes = 7437
h3.t13.propagations = 7437
h3.t8.restarts = 2
h3.t8.nogoods_size = 2747
h3.t8.nodes = 7364
h3.t8.propagations = 7364
h3.t6.restarts = 2
h3.t6.nogoods_size = 2747
h3.t6.nodes = 7656
h3.t6.propagations = 7656
h3.t2.restarts = 2
h3.t2.nogoods_size = 2747
h3.t2.nodes = 7823
h3.t2.propagations = 7823
h3.t15.restarts = 2
h3.t15.nogoods_size = 2747
h3.t15.nodes = 7360
h3.t15.propagations = 7360
h3.t5.restarts = 2
h3.t5.nogoods_size = 2747
h3.t5.nodes = 7345
h3.t5.propagations = 7345
h3.t12.restarts = 2
h3.t12.nogoods_size = 2747
h3.t12.nodes = 7452
h3.t12.propagations = 7452
h3.t1.restarts = 2
h3.t1.nogoods_size = 2747
h3.t1.nodes = 7624
h3.t1.propagations = 7624
h3.t14.restarts = 2
h3.t14.nogoods_size = 2747
h3.t14.nodes = 7166
h3.t14.propagations = 7166
h3.t4.restarts = 2
h3.t4.nogoods_size = 2747
h3.t4.nodes = 7994
h3.t4.propagations = 7994
h3.t9.restarts = 2
h3.t9.nogoods_size = 2747
h3.t9.nodes = 7772
h3.t9.propagations = 7772
h3.t11.restarts = 2
h3.t11.nogoods_size = 2747
h3.t11.nodes = 7801
h3.t11.propagations = 7801
h3.t3.restarts = 2
h3.t3.nogoods_size = 2747
h3.t3.nodes = 7948
h3.t3.propagations = 7948
h3.t17.restarts = 2
h3.t17.nogoods_size = 2747
h3.t17.nodes = 3859
h3.t17.propagations = 3859
h3.search_time = 144
h3.nodes = 130809
h3.propagations = 335712
h4.t9.restarts = 2
h4.t9.nogoods_size = 2668
h4.t9.nodes = 1654
h4.t9.propagations = 1654
h4.t4.restarts = 2
h4.t4.nogoods_size = 2668
h4.t4.nodes = 1656
h4.t4.propagations = 1656
h4.t3.restarts = 2
h4.t3.nogoods_size = 2668
h4.t3.nodes = 1787
h4.t3.propagations = 1787
h4.t11.restarts = 2
h4.t11.nogoods_size = 2668
h4.t11.nodes = 1713
h4.t11.propagations = 1713
h4.t5.restarts = 2
h4.t5.nogoods_size = 2668
h4.t5.nodes = 1669
h4.t5.propagations = 1669
h4.t1.restarts = 2
h4.t1.nogoods_size = 2668
h4.t1.nodes = 1649
h4.t1.propagations = 1649
h4.t16.restarts = 2
h4.t16.nogoods_size = 2668
h4.t16.nodes = 1560
h4.t16.propagations = 1560
h4.t14.restarts = 2
h4.t14.nogoods_size = 2668
h4.t14.nodes = 1680
h4.t14.propagations = 1680
h4.t6.restarts = 2
h4.t6.nogoods_size = 2668
h4.t6.nodes = 1585
h4.t6.propagations = 1585
h4.t10.restarts = 2
h4.t10.nogoods_size = 2668
h4.t10.nodes = 1651
h4.t10.propagations = 1651
h4.t17.restarts = 2
h4.t17.nogoods_size = 2668
h4.t17.nodes = 18
h4.t17.propagations = 18
h4.t15.restarts = 2
h4.t15.nogoods_size = 2668
h4.t15.nodes = 1581
h4.t15.propagations = 1581
h4.t0.restarts = 2
h4.t0.nogoods_size = 2668
h4.t0.nodes = 5414
h4.t0.propagations = 5414
h4.t13.restarts = 2
h4.t13.nogoods_size = 2668
h4.t13.nodes = 1566
h4.t13.propagations = 1566
h4.t8.restarts = 2
h4.t8.nogoods_size = 2668
h4.t8.nodes = 1583
h4.t8.propagations = 1583
h4.t2.restarts = 2
h4.t2.nogoods_size = 2668
h4.t2.nodes = 1635
h4.t2.propagations = 1635
h4.t7.restarts = 2
h4.t7.nogoods_size = 2668
h4.t7.nodes = 1690
h4.t7.propagations = 1690
h4.t12.restarts = 2
h4.t12.nogoods_size = 2668
h4.t12.nodes = 1692
h4.t12.propagations = 1692
h4.search_time = 130
h4.nodes = 31783
h4.propagations = 80675
h5.t17.restarts = 2
h5.t17.nogoods_size = 2733
h5.t17.nodes = 3170
h5.t17.propagations = 3170
h5.t15.restarts = 2
h5.t15.nogoods_size = 2733
h5.t15.nodes = 11792
h5.t15.propagations = 11792
h5.t13.restarts = 2
h5.t13.nogoods_size = 2733
h5.t13.nodes = 12302
h5.t13.propagations = 12302
h5.t14.restarts = 2
h5.t14.nogoods_size = 2733
h5.t14.nodes = 11930
h5.t14.propagations = 11930
h5.t7.restarts = 2
h5.t7.nogoods_size = 2733
h5.t7.nodes = 12068
h5.t7.propagations = 12068
h5.t5.restarts = 2
h5.t5.nogoods_size = 2733
h5.t5.nodes = 12014
h5.t5.propagations = 12014
h5.t4.restarts = 2
h5.t4.nogoods_size = 2733
h5.t4.nodes = 11845
h5.t4.propagations = 11845
h5.t16.restarts = 2
h5.t16.nogoods_size = 2733
h5.t16.nodes = 12096
h5.t16.propagations = 12096
h5.t10.restarts = 2
h5.t10.nogoods_size = 2733
h5.t10.nodes = 11819
h5.t10.propagations = 11819
h5.t12.restarts = 2
h5.t12.nogoods_size = 2733
h5.t12.nodes = 12223
h5.t12.propagations = 12223
h5.t9.restarts = 2
h5.t9.nogoods_size = 2733
h5.t9.nodes = 12678
h5.t9.propagations = 12678
h5.t11.restarts = 2
h5.t11.nogoods_size = 2733
h5.t11.nodes = 11745
h5.t11.propagations = 11745
h5.t8.restarts = 2
h5.t8.nogoods_size = 2733
h5.t8.nodes = 12412
h5.t8.propagations = 12412
h5.t3.restarts = 2
h5.t3.nogoods_size = 2733
h5.t3.nodes = 12080
h5.t3.propagations = 12080
h5.t6.restarts = 2
h5.t6.nogoods_size = 2733
h5.t6.nodes = 12747
h5.t6.propagations = 12747
h5.t2.restarts = 2
h5.t2.nogoods_size = 2733
h5.t2.nodes = 12624
h5.t2.propagations = 12624
h5.t1.restarts = 2
h5.t1.nogoods_size = 2733
h5.t1.nodes = 12416
h5.t1.propagations = 12416
h5.t0.restarts = 2
h5.t0.nogoods_size = 2733
h5.t0.nodes = 5415
h5.t0.propagations = 5415
h5.search_time = 145
h5.nodes = 203376
h5.propagations = 519452
h6.t1.restarts = 2
h6.t1.nogoods_size = 2733
h6.t1.nodes = 14146
h6.t1.propagations = 14146
h6.t0.restarts = 2
h6.t0.nogoods_size = 2733
h6.t0.nodes = 5413
h6.t0.propagations = 5413
h6.t14.restarts = 2
h6.t14.nogoods_size = 2733
h6.t14.nodes = 7404
h6.t14.propagations = 7404
h6.t3.restarts = 2
h6.t3.nogoods_size = 2733
h6.t3.nodes = 7414
h6.t3.propagations = 7414
h6.t2.restarts = 2
h6.t2.nogoods_size = 2733
h6.t2.nodes = 7619
h6.t2.propagations = 7619
h6.t12.restarts = 2
h6.t12.nogoods_size = 2733
h6.t12.nodes = 7768
h6.t12.propagations = 7768
h6.t9.restarts = 2
h6.t9.nogoods_size = 2733
h6.t9.nodes = 7484
h6.t9.propagations = 7484
h6.t4.restarts = 2
h6.t4.nogoods_size = 2733
h6.t4.nodes = 7324
h6.t4.propagations = 7324
h6.t5.restarts = 2
h6.t5.nogoods_size = 2733
h6.t5.nodes = 7853
h6.t5.propagations = 7853
h6.t6.restarts = 2
h6.t6.nogoods_size = 2733
h6.t6.nodes = 7460
h6.t6.propagations = 7460
h6.t8.restarts = 2
h6.t8.nogoods_size = 2733
h6.t8.nodes = 7999
h6.t8.propagations = 7999
h6.t7.restarts = 2
h6.t7.nogoods_size = 2733
h6.t7.nodes = 7731
h6.t7.propagations = 7731
h6.t13.restarts = 2
h6.t13.nogoods_size = 2733
h6.t13.nodes = 7527
h6.t13.propagations = 7527
h6.t16.restarts = 2
h6.t16.nogoods_size = 2733
h6.t16.nodes = 7778
h6.t16.propagations = 7778
h6.t17.restarts = 2
h6.t17.nogoods_size = 2733
h6.t17.nodes = 3625
h6.t17.propagations = 3625
h6.t10.restarts = 2
h6.t10.nogoods_size = 2733
h6.t10.nodes = 7720
h6.t10.propagations = 7720
h6.t11.restarts = 2
h6.t11.nogoods_size = 2733
h6.t11.nodes = 7652
h6.t11.propagations = 7652
h6.t15.restarts = 2
h6.t15.nogoods_size = 2733
h6.t15.nodes = 7653
h6.t15.propagations = 7653
h6.search_time = 131
h6.nodes = 137570
h6.propagations = 352591
h7.t0.restarts = 2
h7.t0.nogoods_size = 2683
h7.t0.nodes = 5416
h7.t0.propagations = 5416
h7.t2.restarts = 2
h7.t2.nogoods_size = 2683
h7.t2.nodes = 5585
h7.t2.propagations = 5585
h7.t14.restarts = 2
h7.t14.nogoods_size = 2683
h7.t14.nodes = 5149
h7.t14.propagations = 5149
h7.t11.restarts = 2
h7.t11.nogoods_size = 2683
h7.t11.nodes = 5239
h7.t11.propagations = 5239
h7.t7.restarts = 2
h7.t7.nogoods_size = 2683
h7.t7.nodes = 5931
h7.t7.propagations = 5931
h7.t16.restarts = 2
h7.t16.nogoods_size = 2683
h7.t16.nodes = 7745
h7.t16.propagations = 7745
h7.t4.restarts = 2
h7.t4.nogoods_size = 2683
h7.t4.nodes = 5289
h7.t4.propagations = 5289
h7.t9.restarts = 2
h7.t9.nogoods_size = 2683
h7.t9.nodes = 5356
h7.t9.propagations = 5356
h7.t1.restarts = 2
h7.t1.nogoods_size = 2683
h7.t1.nodes = 3067
h7.t1.propagations = 3067
h7.t12.restarts = 2
h7.t12.nogoods_size = 2683
h7.t12.nodes = 5166
h7.t12.propagations = 5166
h7.t10.restarts = 2
h7.t10.nogoods_size = 2683
h7.t10.nodes = 5064
h7.t10.propagations = 5064
h7.t5.restarts = 2
h7.t5.nogoods_size = 2683
h7.t5.nodes = 5951
h7.t5.propagations = 5951
h7.t3.restarts = 2
h7.t3.nogoods_size = 2683
h7.t3.nodes = 5615
h7.t3.propagations = 5615
h7.t8.restarts = 2
h7.t8.nogoods_size = 2683
h7.t8.nodes = 5401
h7.t8.propagations = 5401
h7.t6.restarts = 2
h7.t6.nogoods_size = 2683
h7.t6.nodes = 5693
h7.t6.propagations = 5693
h7.t17.restarts = 2
h7.t17.nogoods_size = 2683
h7.t17.nodes = 990
h7.t17.propagations = 990
h7.t13.restarts = 2
h7.t13.nogoods_size = 2683
h7.t13.nodes = 5088
h7.t13.propagations = 5088
h7.t15.restarts = 2
h7.t15.nogoods_size = 2683
h7.t15.nodes = 5054
h7.t15.propagations = 5054
h7.search_time = 150
h7.nodes = 92799
h7.propagations = 237486
h8.t0.restarts = 2
h8.t0.nogoods_size = 2695
h8.t0.nodes = 5414
h8.t0.propagations = 5414
h8.t6.restarts = 2
h8.t6.nogoods_size = 2695
h8.t6.nodes = 6721
h8.t6.propagations = 6721
h8.t9.restarts = 2
h8.t9.nogoods_size = 2695
h8.t9.nodes = 6622
h8.t9.propagations = 6622
h8.t7.restarts = 2
h8.t7.nogoods_size = 2695
h8.t7.nodes = 6403
h8.t7.propagations = 6403
h8.t5.restarts = 2
h8.t5.nogoods_size = 2695
h8.t5.nodes = 6740
h8.t5.propagations = 6740
h8.t17.restarts = 2
h8.t17.nogoods_size = 2695
h8.t17.nodes = 14
h8.t17.propagations = 14
h8.t4.restarts = 2
h8.t4.nogoods_size = 2695
h8.t4.nodes = 6829
h8.t4.propagations = 6829
h8.t14.restarts = 2
h8.t14.nogoods_size = 2695
h8.t14.nodes = 6579
h8.t14.propagations = 6579
h8.t10.restarts = 2
h8.t10.nogoods_size = 2695
h8.t10.nodes = 6816
h8.t10.propagations = 6816
h8.t15.restarts = 2
h8.t15.nogoods_size = 2695
h8.t15.nodes = 6456
h8.t15.propagations = 6456
h8.t11.restarts = 2
h8.t11.nogoods_size = 2695
h8.t11.nodes = 5902
h8.t11.propagations = 5902
h8.t1.restarts = 2
h8.t1.nogoods_size = 2695
h8.t1.nodes = 9115
h8.t1.propagations = 9115
h8.t12.restarts = 2
h8.t12.nogoods_size = 2695
h8.t12.nodes = 6256
h8.t12.propagations = 6256
h8.t3.restarts = 2
h8.t3.nogoods_size = 2695
h8.t3.nodes = 6629
h8.t3.propagations = 6629
h8.t16.restarts = 2
h8.t16.nogoods_size = 2695
h8.t16.nodes = 7053
h8.t16.propagations = 7053
h8.t2.restarts = 2
h8.t2.nogoods_size = 2695
h8.t2.nodes = 6272
h8.t2.propagations = 6272
h8.t8.restarts = 2
h8.t8.nogoods_size = 2695
h8.t8.nodes = 6633
h8.t8.propagations = 6633
h8.t13.restarts = 2
h8.t13.nogoods_size = 2695
h8.t13.nodes = 6240
h8.t13.propagations = 6240
h8.search_time = 131
h8.nodes = 112694
h8.propagations = 293161
h9.t12.stop_reason = aborted
h9.t12.restarts = 2
h9.t12.nogoods_size = 1
h9.t12.nodes = 3968
h9.t12.propagations = 3968
h9.t11.where = 0/150 -1/-1 0/115 -1/-1 0/84 -1/-1 0/60 -1/-1 0/44 -1/-1 0/29 -1/-1 0/20 -1/-1 0/15 -1/-1 0/13 -1/-1 1/9 -1/-1 2/8 -1/-1 2/7 -1/-1 3/7 -1/-1 4/5 -1/-1 0/3 -1/-1 1/2 -1/-1 1/3 -1/-1 0/2 -1/-1 0/2 -1/-1 0/2 -1/-1 0/3 -1/-1 0/2 -1/-1 0/2 -1/-1 -1/-1 0/2 -1/-1 -1/-1 -1/-1 -1/-1 0/2 -1/-1 0/2 -1/-1
h9.t11.stop_reason = satisfiable
h9.t11.restarts = 2
h9.t11.nogoods_size = 1
h9.t11.nodes = 4663
h9.t11.propagations = 4663
h9.t5.stop_reason = aborted
h9.t5.restarts = 2
h9.t5.nogoods_size = 1
h9.t5.nodes = 4377
h9.t5.propagations = 4377
h9.t15.stop_reason = aborted
h9.t15.restarts = 2
h9.t15.nogoods_size = 1
h9.t15.nodes = 4134
h9.t15.propagations = 4134
h9.t7.stop_reason = aborted
h9.t7.restarts = 2
h9.t7.nogoods_size = 1
h9.t7.nodes = 4426
h9.t7.propagations = 4426
h9.t9.stop_reason = aborted
h9.t9.restarts = 2
h9.t9.nogoods_size = 1
h9.t9.nodes = 4408
h9.t9.propagations = 4408
h9.t14.stop_reason = aborted
h9.t14.restarts = 2
h9.t14.nogoods_size = 1
h9.t14.nodes = 4136
h9.t14.propagations = 4136
h9.t3.stop_reason = aborted
h9.t3.restarts = 2
h9.t3.nogoods_size = 1
h9.t3.nodes = 4707
h9.t3.propagations = 4707
h9.t4.stop_reason = aborted
h9.t4.restarts = 2
h9.t4.nogoods_size = 1
h9.t4.nodes = 4652
h9.t4.propagations = 4652
h9.t1.stop_reason = aborted
h9.t1.restarts = 2
h9.t1.nogoods_size = 1
h9.t1.nodes = 2304
h9.t1.propagations = 2304
h9.t2.stop_reason = aborted
h9.t2.restarts = 2
h9.t2.nogoods_size = 1
h9.t2.nodes = 4497
h9.t2.propagations = 4497
h9.t13.stop_reason = aborted
h9.t13.restarts = 2
h9.t13.nogoods_size = 1
h9.t13.nodes = 4354
h9.t13.propagations = 4354
h9.t6.stop_reason = aborted
h9.t6.restarts = 2
h9.t6.nogoods_size = 1
h9.t6.nodes = 4357
h9.t6.propagations = 4357
h9.t17.stop_reason = aborted
h9.t17.restarts = 2
h9.t17.nogoods_size = 1
h9.t17.nodes = 1766
h9.t17.propagations = 1766
h9.t8.stop_reason = aborted
h9.t8.restarts = 2
h9.t8.nogoods_size = 1
h9.t8.nodes = 4392
h9.t8.propagations = 4392
h9.t16.stop_reason = aborted
h9.t16.restarts = 2
h9.t16.nogoods_size = 1
h9.t16.nodes = 4764
h9.t16.propagations = 4764
h9.t10.stop_reason = aborted
h9.t10.restarts = 2
h9.t10.nogoods_size = 1
h9.t10.nodes = 4586
h9.t10.propagations = 4586
h9.t0.stop_reason = aborted
h9.t0.restarts = 2
h9.t0.nogoods_size = 1
h9.t0.nodes = 3690
h9.t0.propagations = 3690
h9.search_time = 137
h9.nodes = 74181
h9.propagations = 190007
h10.t17.restarts = 2
h10.t17.nogoods_size = 2696
h10.t17.nodes = 4214
h10.t17.propagations = 4214
h10.t5.restarts = 2
h10.t5.nogoods_size = 2696
h10.t5.nodes = 8901
h10.t5.propagations = 8901
h10.t9.restarts = 2
h10.t9.nogoods_size = 2696
h10.t9.nodes = 6287
h10.t9.propagations = 6287
h10.t4.restarts = 2
h10.t4.nogoods_size = 2696
h10.t4.nodes = 9130
h10.t4.propagations = 9130
h10.t7.restarts = 2
h10.t7.nogoods_size = 2696
h10.t7.nodes = 6359
h10.t7.propagations = 6359
h10.t13.restarts = 2
h10.t13.nogoods_size = 2696
h10.t13.nodes = 5669
h10.t13.propagations = 5669
h10.t0.restarts = 2
h10.t0.nogoods_size = 2696
h10.t0.nodes = 5413
h10.t0.propagations = 5413
h10.t11.restarts = 2
h10.t11.nogoods_size = 2696
h10.t11.nodes = 5859
h10.t11.propagations = 5859
h10.t3.restarts = 2
h10.t3.nogoods_size = 2696
h10.t3.nodes = 8969
h10.t3.propagations = 8969
h10.t8.restarts = 2
h10.t8.nogoods_size = 2696
h10.t8.nodes = 6390
h10.t8.propagations = 6390
h10.t6.restarts = 2
h10.t6.nogoods_size = 2696
h10.t6.nodes = 5826
h10.t6.propagations = 5826
h10.t15.restarts = 2
h10.t15.nogoods_size = 2696
h10.t15.nodes = 5966
h10.t15.propagations = 5966
h10.t12.restarts = 2
h10.t12.nogoods_size = 2696
h10.t12.nodes = 5989
h10.t12.propagations = 5989
h10.t10.restarts = 2
h10.t10.nogoods_size = 2696
h10.t10.nodes = 6718
h10.t10.propagations = 6718
h10.t1.restarts = 2
h10.t1.nogoods_size = 2696
h10.t1.nodes = 9969
h10.t1.propagations = 9969
h10.t14.restarts = 2
h10.t14.nogoods_size = 2696
h10.t14.nodes = 6053
h10.t14.propagations = 6053
h10.t16.restarts = 2
h10.t16.nogoods_size = 2696
h10.t16.nodes = 9184
h10.t16.propagations = 9184
h10.t2.restarts = 2
h10.t2.nogoods_size = 2696
h10.t2.nodes = 9437
h10.t2.propagations = 9437
h10.search_time = 138
h10.nodes = 126333
h10.propagations = 323426
h11.t0.restarts = 2
h11.t0.nogoods_size = 2726
h11.t0.nodes = 5414
h11.t0.propagations = 5414
h11.t1.restarts = 2
h11.t1.nogoods_size = 2726
h11.t1.nodes = 8072
h11.t1.propagations = 8072
h11.t6.restarts = 2
h11.t6.nogoods_size = 2726
h11.t6.nodes = 11841
h11.t6.propagations = 11841
h11.t16.restarts = 2
h11.t16.nogoods_size = 2726
h11.t16.nodes = 16565
h11.t16.propagations = 16565
h11.t10.restarts = 2
h11.t10.nogoods_size = 2726
h11.t10.nodes = 12724
h11.t10.propagations = 12724
h11.t14.restarts = 2
h11.t14.nogoods_size = 2726
h11.t14.nodes = 11051
h11.t14.propagations = 11051
h11.t15.restarts = 2
h11.t15.nogoods_size = 2726
h11.t15.nodes = 11180
h11.t15.propagations = 11180
h11.t9.restarts = 2
h11.t9.nogoods_size = 2726
h11.t9.nodes = 11549
h11.t9.propagations = 11549
h11.t13.restarts = 2
h11.t13.nogoods_size = 2726
h11.t13.nodes = 10427
h11.t13.propagations = 10427
h11.t4.restarts = 2
h11.t4.nogoods_size = 2726
h11.t4.nodes = 9169
h11.t4.propagations = 9169
h11.t5.restarts = 2
h11.t5.nogoods_size = 2726
h11.t5.nodes = 8935
h11.t5.propagations = 8935
h11.t2.restarts = 2
h11.t2.nogoods_size = 2726
h11.t2.nodes = 8857
h11.t2.propagations = 8857
h11.t11.restarts = 2
h11.t11.nogoods_size = 2726
h11.t11.nodes = 10531
h11.t11.propagations = 10531
h11.t7.restarts = 2
h11.t7.nogoods_size = 2726
h11.t7.nodes = 12110
h11.t7.propagations = 12110
h11.t12.restarts = 2
h11.t12.nogoods_size = 2726
h11.t12.nodes = 11198
h11.t12.propagations = 11198
h11.t3.restarts = 2
h11.t3.nogoods_size = 2726
h11.t3.nodes = 8498
h11.t3.propagations = 8498
h11.t17.restarts = 2
h11.t17.nogoods_size = 2726
h11.t17.nodes = 4978
h11.t17.propagations = 4978
h11.t8.restarts = 2
h11.t8.nogoods_size = 2726
h11.t8.nodes = 11377
h11.t8.propagations = 11377
h11.search_time = 147
h11.nodes = 184476
h11.propagations = 471592
h12.t0.restarts = 2
h12.t0.nogoods_size = 2735
h12.t0.nodes = 5415
h12.t0.propagations = 5415
h12.t6.restarts = 2
h12.t6.nogoods_size = 2735
h12.t6.nodes = 5899
h12.t6.propagations = 5899
h12.t16.restarts = 2
h12.t16.nogoods_size = 2735
h12.t16.nodes = 5789
h12.t16.propagations = 5789
h12.t11.restarts = 2
h12.t11.nogoods_size = 2735
h12.t11.nodes = 5869
h12.t11.propagations = 5869
h12.t2.restarts = 2
h12.t2.nogoods_size = 2735
h12.t2.nodes = 8562
h12.t2.propagations = 8562
h12.t10.restarts = 2
h12.t10.nogoods_size = 2735
h12.t10.nodes = 6473
h12.t10.propagations = 6473
h12.t3.restarts = 2
h12.t3.nogoods_size = 2735
h12.t3.nodes = 8508
h12.t3.propagations = 8508
h12.t4.restarts = 2
h12.t4.nogoods_size = 2735
h12.t4.nodes = 8491
h12.t4.propagations = 8491
h12.t12.restarts = 2
h12.t12.nogoods_size = 2735
h12.t12.nodes = 5832
h12.t12.propagations = 5832
h12.t13.restarts = 2
h12.t13.nogoods_size = 2735
h12.t13.nodes = 5808
h12.t13.propagations = 5808
h12.t7.restarts = 2
h12.t7.nogoods_size = 2735
h12.t7.nodes = 6136
h12.t7.propagations = 6136
h12.t1.restarts = 2
h12.t1.nogoods_size = 2735
h12.t1.nodes = 10424
h12.t1.propagations = 10424
h12.t14.restarts = 2
h12.t14.nogoods_size = 2735
h12.t14.nodes = 6134
h12.t14.propagations = 6134
h12.t8.restarts = 2
h12.t8.nogoods_size = 2735
h12.t8.nodes = 5948
h12.t8.propagations = 5948
h12.t9.restarts = 2
h12.t9.nogoods_size = 2735
h12.t9.nodes = 5733
h12.t9.propagations = 5733
h12.t15.restarts = 2
h12.t15.nogoods_size = 2735
h12.t15.nodes = 5714
h12.t15.propagations = 5714
h12.t17.restarts = 2
h12.t17.nogoods_size = 2735
h12.t17.nodes = 4266
h12.t17.propagations = 4266
h12.t5.restarts = 2
h12.t5.nogoods_size = 2735
h12.t5.nodes = 8609
h12.t5.propagations = 8609
h12.search_time = 138
h12.nodes = 119610
h12.propagations = 305672
h13.t0.restarts = 2
h13.t0.nogoods_size = 2736
h13.t0.nodes = 5412
h13.t0.propagations = 5412
h13.t13.restarts = 2
h13.t13.nogoods_size = 2736
h13.t13.nodes = 11471
h13.t13.propagations = 11471
h13.t9.restarts = 2
h13.t9.nogoods_size = 2736
h13.t9.nodes = 11912
h13.t9.propagations = 11912
h13.t16.restarts = 2
h13.t16.nogoods_size = 2736
h13.t16.nodes = 12143
h13.t16.propagations = 12143
h13.t14.restarts = 2
h13.t14.nogoods_size = 2736
h13.t14.nodes = 11625
h13.t14.propagations = 11625
h13.t5.restarts = 2
h13.t5.nogoods_size = 2736
h13.t5.nodes = 8893
h13.t5.propagations = 8893
h13.t3.restarts = 2
h13.t3.nogoods_size = 2736
h13.t3.nodes = 8720
h13.t3.propagations = 8720
h13.t1.restarts = 2
h13.t1.nogoods_size = 2736
h13.t1.nodes = 8700
h13.t1.propagations = 8700
h13.t7.restarts = 2
h13.t7.nogoods_size = 2736
h13.t7.nodes = 11962
h13.t7.propagations = 11962
h13.t11.restarts = 2
h13.t11.nogoods_size = 2736
h13.t11.nodes = 11518
h13.t11.propagations = 11518
h13.t15.restarts = 2
h13.t15.nogoods_size = 2736
h13.t15.nodes = 11156
h13.t15.propagations = 11156
h13.t4.restarts = 2
h13.t4.nogoods_size = 2736
h13.t4.nodes = 8825
h13.t4.propagations = 8825
h13.t10.restarts = 2
h13.t10.nogoods_size = 2736
h13.t10.nodes = 11964
h13.t10.propagations = 11964
h13.t2.restarts = 2
h13.t2.nogoods_size = 2736
h13.t2.nodes = 8803
h13.t2.propagations = 8803
h13.t17.restarts = 2
h13.t17.nogoods_size = 2736
h13.t17.nodes = 5020
h13.t17.propagations = 5020
h13.t6.restarts = 2
h13.t6.nogoods_size = 2736
h13.t6.nodes = 12572
h13.t6.propagations = 12572
h13.t8.restarts = 2
h13.t8.nogoods_size = 2736
h13.t8.nodes = 11591
h13.t8.propagations = 11591
h13.t12.restarts = 2
h13.t12.nogoods_size = 2736
h13.t12.nodes = 12020
h13.t12.propagations = 12020
h13.search_time = 147
h13.nodes = 184307
h13.propagations = 471125
h14.t0.restarts = 2
h14.t0.nogoods_size = 2699
h14.t0.nodes = 5412
h14.t0.propagations = 5412
h14.t8.restarts = 2
h14.t8.nogoods_size = 2699
h14.t8.nodes = 7221
h14.t8.propagations = 7221
h14.t2.restarts = 2
h14.t2.nogoods_size = 2699
h14.t2.nodes = 7209
h14.t2.propagations = 7209
h14.t12.restarts = 2
h14.t12.nogoods_size = 2699
h14.t12.nodes = 6787
h14.t12.propagations = 6787
h14.t16.restarts = 2
h14.t16.nogoods_size = 2699
h14.t16.nodes = 6759
h14.t16.propagations = 6759
h14.t5.restarts = 2
h14.t5.nogoods_size = 2699
h14.t5.nodes = 6817
h14.t5.propagations = 6817
h14.t6.restarts = 2
h14.t6.nogoods_size = 2699
h14.t6.nodes = 7262
h14.t6.propagations = 7262
h14.t9.restarts = 2
h14.t9.nogoods_size = 2699
h14.t9.nodes = 7173
h14.t9.propagations = 7173
h14.t3.restarts = 2
h14.t3.nogoods_size = 2699
h14.t3.nodes = 7277
h14.t3.propagations = 7277
h14.t7.restarts = 2
h14.t7.nogoods_size = 2699
h14.t7.nodes = 7168
h14.t7.propagations = 7168
h14.t14.restarts = 2
h14.t14.nogoods_size = 2699
h14.t14.nodes = 6948
h14.t14.propagations = 6948
h14.t11.restarts = 2
h14.t11.nogoods_size = 2699
h14.t11.nodes = 6915
h14.t11.propagations = 6915
h14.t10.restarts = 2
h14.t10.nogoods_size = 2699
h14.t10.nodes = 6672
h14.t10.propagations = 6672
h14.t13.restarts = 2
h14.t13.nogoods_size = 2699
h14.t13.nodes = 6861
h14.t13.propagations = 6861
h14.t15.restarts = 2
h14.t15.nogoods_size = 2699
h14.t15.nodes = 7145
h14.t15.propagations = 7145
h14.t1.restarts = 2
h14.t1.nogoods_size = 2699
h14.t1.nodes = 16660
h14.t1.propagations = 16660
h14.t17.restarts = 2
h14.t17.nogoods_size = 2699
h14.t17.nodes = 15
h14.t17.propagations = 15
h14.t4.restarts = 2
h14.t4.nogoods_size = 2699
h14.t4.nodes = 7369
h14.t4.propagations = 7369
h14.search_time = 139
h14.nodes = 127670
h14.propagations = 327000
h15.t0.restarts = 2
h15.t0.nogoods_size = 2722
h15.t0.nodes = 5416
h15.t0.propagations = 5416
h15.t9.restarts = 2
h15.t9.nogoods_size = 2722
h15.t9.nodes = 5639
h15.t9.propagations = 5639
h15.t2.restarts = 2
h15.t2.nogoods_size = 2722
h15.t2.nodes = 5623
h15.t2.propagations = 5623
h15.t4.restarts = 2
h15.t4.nogoods_size = 2722
h15.t4.nodes = 5852
h15.t4.propagations = 5852
h15.t3.restarts = 2
h15.t3.nogoods_size = 2722
h15.t3.nodes = 5716
h15.t3.propagations = 5716
h15.t8.restarts = 2
h15.t8.nogoods_size = 2722
h15.t8.nodes = 5520
h15.t8.propagations = 5520
h15.t6.restarts = 2
h15.t6.nogoods_size = 2722
h15.t6.nodes = 6116
h15.t6.propagations = 6116
h15.t13.restarts = 2
h15.t13.nogoods_size = 2722
h15.t13.nodes = 5473
h15.t13.propagations = 5473
h15.t5.restarts = 2
h15.t5.nogoods_size = 2722
h15.t5.nodes = 5762
h15.t5.propagations = 5762
h15.t1.restarts = 2
h15.t1.nogoods_size = 2722
h15.t1.nodes = 6411
h15.t1.propagations = 6411
h15.t7.restarts = 2
h15.t7.nogoods_size = 2722
h15.t7.nodes = 5704
h15.t7.propagations = 5704
h15.t15.restarts = 2
h15.t15.nogoods_size = 2722
h15.t15.nodes = 5529
h15.t15.propagations = 5529
h15.t11.restarts = 2
h15.t11.nogoods_size = 2722
h15.t11.nodes = 5135
h15.t11.propagations = 5135
h15.t16.restarts = 2
h15.t16.nogoods_size = 2722
h15.t16.nodes = 5813
h15.t16.propagations = 5813
h15.t14.restarts = 2
h15.t14.nogoods_size = 2722
h15.t14.nodes = 5400
h15.t14.propagations = 5400
h15.t17.restarts = 2
h15.t17.nogoods_size = 2722
h15.t17.nodes = 1780
h15.t17.propagations = 1780
h15.t12.restarts = 2
h15.t12.nogoods_size = 2722
h15.t12.nodes = 4994
h15.t12.propagations = 4994
h15.t10.restarts = 2
h15.t10.nogoods_size = 2722
h15.t10.nodes = 4964
h15.t10.propagations = 4964
h15.search_time = 147
h15.nodes = 96847
h15.propagations = 246654
h16.t0.restarts = 2
h16.t0.nogoods_size = 2638
h16.t0.nodes = 5414
h16.t0.propagations = 5414
h16.t5.restarts = 2
h16.t5.nogoods_size = 2638
h16.t5.nodes = 1490
h16.t5.propagations = 1490
h16.t1.restarts = 2
h16.t1.nogoods_size = 2638
h16.t1.nodes = 1495
h16.t1.propagations = 1495
h16.t6.restarts = 2
h16.t6.nogoods_size = 2638
h16.t6.nodes = 1493
h16.t6.propagations = 1493
h16.t12.restarts = 2
h16.t12.nogoods_size = 2638
h16.t12.nodes = 1534
h16.t12.propagations = 1534
h16.t7.restarts = 2
h16.t7.nogoods_size = 2638
h16.t7.nodes = 1539
h16.t7.propagations = 1539
h16.t14.restarts = 2
h16.t14.nogoods_size = 2638
h16.t14.nodes = 1546
h16.t14.propagations = 1546
h16.t3.restarts = 2
h16.t3.nogoods_size = 2638
h16.t3.nodes = 1528
h16.t3.propagations = 1528
h16.t4.restarts = 2
h16.t4.nogoods_size = 2638
h16.t4.nodes = 1607
h16.t4.propagations = 1607
h16.t9.restarts = 2
h16.t9.nogoods_size = 2638
h16.t9.nodes = 1544
h16.t9.propagations = 1544
h16.t2.restarts = 2
h16.t2.nogoods_size = 2638
h16.t2.nodes = 1523
h16.t2.propagations = 1523
h16.t10.restarts = 2
h16.t10.nogoods_size = 2638
h16.t10.nodes = 1539
h16.t10.propagations = 1539
h16.t8.restarts = 2
h16.t8.nogoods_size = 2638
h16.t8.nodes = 1589
h16.t8.propagations = 1589
h16.t16.restarts = 2
h16.t16.nogoods_size = 2638
h16.t16.nodes = 1431
h16.t16.propagations = 1431
h16.t15.restarts = 2
h16.t15.nogoods_size = 2638
h16.t15.nodes = 1575
h16.t15.propagations = 1575
h16.t13.restarts = 2
h16.t13.nogoods_size = 2638
h16.t13.nodes = 1539
h16.t13.propagations = 1539
h16.t17.restarts = 2
h16.t17.nogoods_size = 2638
h16.t17.nodes = 15
h16.t17.propagations = 15
h16.t11.restarts = 2
h16.t11.nogoods_size = 2638
h16.t11.nodes = 1533
h16.t11.propagations = 1533
h16.search_time = 133
h16.nodes = 29934
h16.propagations = 76308
h17.t13.restarts = 2
h17.t13.nogoods_size = 2723
h17.t13.nodes = 12598
h17.t13.propagations = 12598
h17.t10.restarts = 2
h17.t10.nogoods_size = 2723
h17.t10.nodes = 11660
h17.t10.propagations = 11660
h17.t17.restarts = 2
h17.t17.nogoods_size = 2723
h17.t17.nodes = 3239
h17.t17.propagations = 3239
h17.t14.restarts = 2
h17.t14.nogoods_size = 2723
h17.t14.nodes = 12518
h17.t14.propagations = 12518
h17.t8.restarts = 2
h17.t8.nogoods_size = 2723
h17.t8.nodes = 12141
h17.t8.propagations = 12141
h17.t0.restarts = 2
h17.t0.nogoods_size = 2723
h17.t0.nodes = 5414
h17.t0.propagations = 5414
h17.t15.restarts = 2
h17.t15.nogoods_size = 2723
h17.t15.nodes = 11462
h17.t15.propagations = 11462
h17.t11.restarts = 2
h17.t11.nogoods_size = 2723
h17.t11.nodes = 12584
h17.t11.propagations = 12584
h17.t6.restarts = 2
h17.t6.nogoods_size = 2723
h17.t6.nodes = 12606
h17.t6.propagations = 12606
h17.t16.restarts = 2
h17.t16.nogoods_size = 2723
h17.t16.nodes = 11746
h17.t16.propagations = 11746
h17.t7.restarts = 2
h17.t7.nogoods_size = 2723
h17.t7.nodes = 12313
h17.t7.propagations = 12313
h17.t4.restarts = 2
h17.t4.nogoods_size = 2723
h17.t4.nodes = 12256
h17.t4.propagations = 12256
h17.t5.restarts = 2
h17.t5.nogoods_size = 2723
h17.t5.nodes = 12360
h17.t5.propagations = 12360
h17.t12.restarts = 2
h17.t12.nogoods_size = 2723
h17.t12.nodes = 11914
h17.t12.propagations = 11914
h17.t2.restarts = 2
h17.t2.nogoods_size = 2723
h17.t2.nodes = 12724
h17.t2.propagations = 12724
h17.t3.restarts = 2
h17.t3.nogoods_size = 2723
h17.t3.nodes = 11667
h17.t3.propagations = 11667
h17.t9.restarts = 2
h17.t9.nogoods_size = 2723
h17.t9.nodes = 12400
h17.t9.propagations = 12400
h17.t1.restarts = 2
h17.t1.nogoods_size = 2723
h17.t1.nodes = 12478
h17.t1.propagations = 12478
h17.search_time = 154
h17.nodes = 204080
h17.propagations = 526520
h18.t0.restarts = 2
h18.t0.nogoods_size = 2673
h18.t0.nodes = 5415
h18.t0.propagations = 5415
h18.t15.restarts = 2
h18.t15.nogoods_size = 2673
h18.t15.nodes = 5207
h18.t15.propagations = 5207
h18.t1.restarts = 2
h18.t1.nogoods_size = 2673
h18.t1.nodes = 5170
h18.t1.propagations = 5170
h18.t3.restarts = 2
h18.t3.nogoods_size = 2673
h18.t3.nodes = 5188
h18.t3.propagations = 5188
h18.t7.restarts = 2
h18.t7.nogoods_size = 2673
h18.t7.nodes = 5555
h18.t7.propagations = 5555
h18.t9.restarts = 2
h18.t9.nogoods_size = 2673
h18.t9.nodes = 5291
h18.t9.propagations = 5291
h18.t13.restarts = 2
h18.t13.nogoods_size = 2673
h18.t13.nodes = 5259
h18.t13.propagations = 5259
h18.t4.restarts = 2
h18.t4.nogoods_size = 2673
h18.t4.nodes = 5368
h18.t4.propagations = 5368
h18.t17.restarts = 2
h18.t17.nogoods_size = 2673
h18.t17.nodes = 15
h18.t17.propagations = 15
h18.t16.restarts = 2
h18.t16.nogoods_size = 2673
h18.t16.nodes = 4995
h18.t16.propagations = 4995
h18.t5.restarts = 2
h18.t5.nogoods_size = 2673
h18.t5.nodes = 5814
h18.t5.propagations = 5814
h18.t8.restarts = 2
h18.t8.nogoods_size = 2673
h18.t8.nodes = 5850
h18.t8.propagations = 5850
h18.t6.restarts = 2
h18.t6.nogoods_size = 2673
h18.t6.nodes = 5359
h18.t6.propagations = 5359
h18.t14.restarts = 2
h18.t14.nogoods_size = 2673
h18.t14.nodes = 5388
h18.t14.propagations = 5388
h18.t10.restarts = 2
h18.t10.nogoods_size = 2673
h18.t10.nodes = 5369
h18.t10.propagations = 5369
h18.t12.restarts = 2
h18.t12.nogoods_size = 2673
h18.t12.nodes = 5628
h18.t12.propagations = 5628
h18.t2.restarts = 2
h18.t2.nogoods_size = 2673
h18.t2.nodes = 5582
h18.t2.propagations = 5582
h18.t11.restarts = 2
h18.t11.nogoods_size = 2673
h18.t11.nodes = 5372
h18.t11.propagations = 5372
h18.search_time = 137
h18.nodes = 91825
h18.propagations = 234304
h19.t3.restarts = 2
h19.t3.nogoods_size = 2713
h19.t3.nodes = 7850
h19.t3.propagations = 7850
h19.t6.restarts = 2
h19.t6.nogoods_size = 2713
h19.t6.nodes = 7495
h19.t6.propagations = 7495
h19.t17.restarts = 2
h19.t17.nogoods_size = 2713
h19.t17.nodes = 3687
h19.t17.propagations = 3687
h19.t7.restarts = 2
h19.t7.nogoods_size = 2713
h19.t7.nodes = 7734
h19.t7.propagations = 7734
h19.t13.restarts = 2
h19.t13.nogoods_size = 2713
h19.t13.nodes = 7478
h19.t13.propagations = 7478
h19.t5.restarts = 2
h19.t5.nogoods_size = 2713
h19.t5.nodes = 7597
h19.t5.propagations = 7597
h19.t9.restarts = 2
h19.t9.nogoods_size = 2713
h19.t9.nodes = 7852
h19.t9.propagations = 7852
h19.t2.restarts = 2
h19.t2.nogoods_size = 2713
h19.t2.nodes = 7719
h19.t2.propagations = 7719
h19.t11.restarts = 2
h19.t11.nogoods_size = 2713
h19.t11.nodes = 7125
h19.t11.propagations = 7125
h19.t14.restarts = 2
h19.t14.nogoods_size = 2713
h19.t14.nodes = 7399
h19.t14.propagations = 7399
h19.t8.restarts = 2
h19.t8.nogoods_size = 2713
h19.t8.nodes = 7171
h19.t8.propagations = 7171
h19.t1.restarts = 2
h19.t1.nogoods_size = 2713
h19.t1.nodes = 7882
h19.t1.propagations = 7882
h19.t15.restarts = 2
h19.t15.nogoods_size = 2713
h19.t15.nodes = 7417
h19.t15.propagations = 7417
h19.t16.restarts = 2
h19.t16.nogoods_size = 2713
h19.t16.nodes = 7387
h19.t16.propagations = 7387
h19.t10.restarts = 2
h19.t10.nogoods_size = 2713
h19.t10.nodes = 7080
h19.t10.propagations = 7080
h19.t12.restarts = 2
h19.t12.nogoods_size = 2713
h19.t12.nodes = 7014
h19.t12.propagations = 7014
h19.t0.restarts = 2
h19.t0.nogoods_size = 2713
h19.t0.nodes = 5414
h19.t0.propagations = 5414
h19.t4.restarts = 2
h19.t4.nogoods_size = 2713
h19.t4.nodes = 7688
h19.t4.propagations = 7688
h19.search_time = 145
h19.nodes = 128989
h19.propagations = 328602
