hostname = r1i1n28
commandline = ../glasgow/mpi_solve_subgraph_isomorphism --timeout 1000 --geometric-restarts=1.0 --restarts-constant=5400 --triggered-restarts --threads 18 ../instances/phase/phase-30-150-0.78-0.72-0.74-2-pattern ../instances/phase/phase-30-150-0.78-0.72-0.74-2-target
started_at = 2018-11-19 15:36:44
pattern_file = ../instances/phase/phase-30-150-0.78-0.72-0.74-2-pattern
target_file = ../instances/phase/phase-30-150-0.78-0.72-0.74-2-target
status = true
nodes = 280406267
propagations = 811481960
mapping = (0 -> 37) (1 -> 145) (2 -> 71) (3 -> 120) (4 -> 43) (5 -> 58) (6 -> 138) (7 -> 7) (8 -> 105) (9 -> 33) (10 -> 24) (11 -> 112) (12 -> 54) (13 -> 76) (14 -> 107) (15 -> 6) (16 -> 9) (17 -> 14) (18 -> 148) (19 -> 100) (20 -> 59) (21 -> 73) (22 -> 119) (23 -> 110) (24 -> 35) (25 -> 122) (26 -> 139) (27 -> 115) (28 -> 101) (29 -> 130) 
runtime = 16093
h0.t0.restarts = 65
h0.t0.nogoods_size = 460727
h0.t0.nodes = 346462
h0.t0.propagations = 346462
h0.t10.restarts = 65
h0.t10.nogoods_size = 460727
h0.t10.nodes = 966244
h0.t10.propagations = 966244
h0.t17.restarts = 65
h0.t17.nogoods_size = 460727
h0.t17.nodes = 419074
h0.t17.propagations = 419074
h0.t1.restarts = 65
h0.t1.nogoods_size = 460727
h0.t1.nodes = 951047
h0.t1.propagations = 951047
h0.t8.restarts = 65
h0.t8.nogoods_size = 460727
h0.t8.nodes = 988273
h0.t8.propagations = 988273
h0.t5.restarts = 65
h0.t5.nogoods_size = 460727
h0.t5.nodes = 957603
h0.t5.propagations = 957603
h0.t14.restarts = 65
h0.t14.nogoods_size = 460727
h0.t14.nodes = 969513
h0.t14.propagations = 969513
h0.t11.restarts = 65
h0.t11.nogoods_size = 460727
h0.t11.nodes = 986560
h0.t11.propagations = 986560
h0.t4.restarts = 65
h0.t4.nogoods_size = 460727
h0.t4.nodes = 979919
h0.t4.propagations = 979919
h0.t16.restarts = 65
h0.t16.nogoods_size = 460727
h0.t16.nodes = 953875
h0.t16.propagations = 953875
h0.t13.restarts = 65
h0.t13.nogoods_size = 460727
h0.t13.nodes = 975884
h0.t13.propagations = 975884
h0.t15.restarts = 65
h0.t15.nogoods_size = 460727
h0.t15.nodes = 979031
h0.t15.propagations = 979031
h0.t7.restarts = 65
h0.t7.nogoods_size = 460727
h0.t7.nodes = 979330
h0.t7.propagations = 979330
h0.t6.restarts = 65
h0.t6.nogoods_size = 460727
h0.t6.nodes = 957848
h0.t6.propagations = 957848
h0.t2.restarts = 65
h0.t2.nogoods_size = 460727
h0.t2.nodes = 961633
h0.t2.propagations = 961633
h0.t3.restarts = 65
h0.t3.nogoods_size = 460727
h0.t3.nodes = 950602
h0.t3.propagations = 950602
h0.t9.restarts = 65
h0.t9.nogoods_size = 460727
h0.t9.nodes = 964028
h0.t9.propagations = 964028
h0.t12.restarts = 65
h0.t12.nogoods_size = 460727
h0.t12.nodes = 991053
h0.t12.propagations = 991053
h0.search_time = 13612
h0.nodes = 16277979
h0.propagations = 47280285
h1.t15.restarts = 65
h1.t15.nogoods_size = 460872
h1.t15.nodes = 906724
h1.t15.propagations = 906724
h1.t17.restarts = 65
h1.t17.nogoods_size = 460872
h1.t17.nodes = 446890
h1.t17.propagations = 446890
h1.t11.restarts = 65
h1.t11.nogoods_size = 460872
h1.t11.nodes = 879797
h1.t11.propagations = 879797
h1.t14.restarts = 65
h1.t14.nogoods_size = 460872
h1.t14.nodes = 918515
h1.t14.propagations = 918515
h1.t0.restarts = 65
h1.t0.nogoods_size = 460872
h1.t0.nodes = 346461
h1.t0.propagations = 346461
h1.t5.restarts = 65
h1.t5.nogoods_size = 460872
h1.t5.nodes = 894237
h1.t5.propagations = 894237
h1.t2.restarts = 65
h1.t2.nogoods_size = 460872
h1.t2.nodes = 925214
h1.t2.propagations = 925214
h1.t16.restarts = 65
h1.t16.nogoods_size = 460872
h1.t16.nodes = 896995
h1.t16.propagations = 896995
h1.t4.restarts = 65
h1.t4.nogoods_size = 460872
h1.t4.nodes = 909748
h1.t4.propagations = 909748
h1.t9.restarts = 65
h1.t9.nogoods_size = 460872
h1.t9.nodes = 920647
h1.t9.propagations = 920647
h1.t8.restarts = 65
h1.t8.nogoods_size = 460872
h1.t8.nodes = 904371
h1.t8.propagations = 904371
h1.t3.restarts = 65
h1.t3.nogoods_size = 460872
h1.t3.nodes = 881951
h1.t3.propagations = 881951
h1.t12.restarts = 65
h1.t12.nogoods_size = 460872
h1.t12.nodes = 880765
h1.t12.propagations = 880765
h1.t1.restarts = 65
h1.t1.nogoods_size = 460872
h1.t1.nodes = 878283
h1.t1.propagations = 878283
h1.t10.restarts = 65
h1.t10.nogoods_size = 460872
h1.t10.nodes = 894581
h1.t10.propagations = 894581
h1.t7.restarts = 65
h1.t7.nogoods_size = 460872
h1.t7.nodes = 888559
h1.t7.propagations = 888559
h1.t6.restarts = 65
h1.t6.nogoods_size = 460872
h1.t6.nodes = 914050
h1.t6.propagations = 914050
h1.t13.restarts = 65
h1.t13.nogoods_size = 460872
h1.t13.nodes = 895235
h1.t13.propagations = 895235
h1.search_time = 13600
h1.nodes = 15183023
h1.propagations = 43922550
h2.t0.restarts = 65
h2.t0.nogoods_size = 460123
h2.t0.nodes = 346452
h2.t0.propagations = 346452
h2.t4.restarts = 65
h2.t4.nogoods_size = 460123
h2.t4.nodes = 779736
h2.t4.propagations = 779736
h2.t11.restarts = 65
h2.t11.nogoods_size = 460123
h2.t11.nodes = 794510
h2.t11.propagations = 794510
h2.t3.restarts = 65
h2.t3.nogoods_size = 460123
h2.t3.nodes = 785794
h2.t3.propagations = 785794
h2.t12.restarts = 65
h2.t12.nogoods_size = 460123
h2.t12.nodes = 798053
h2.t12.propagations = 798053
h2.t8.restarts = 65
h2.t8.nogoods_size = 460123
h2.t8.nodes = 784634
h2.t8.propagations = 784634
h2.t13.restarts = 65
h2.t13.nogoods_size = 460123
h2.t13.nodes = 786432
h2.t13.propagations = 786432
h2.t16.restarts = 65
h2.t16.nogoods_size = 460123
h2.t16.nodes = 794646
h2.t16.propagations = 794646
h2.t14.restarts = 65
h2.t14.nogoods_size = 460123
h2.t14.nodes = 795406
h2.t14.propagations = 795406
h2.t10.restarts = 65
h2.t10.nogoods_size = 460123
h2.t10.nodes = 788015
h2.t10.propagations = 788015
h2.t2.restarts = 65
h2.t2.nogoods_size = 460123
h2.t2.nodes = 795808
h2.t2.propagations = 795808
h2.t7.restarts = 65
h2.t7.nogoods_size = 460123
h2.t7.nodes = 778896
h2.t7.propagations = 778896
h2.t15.restarts = 65
h2.t15.nogoods_size = 460123
h2.t15.nodes = 794152
h2.t15.propagations = 794152
h2.t5.restarts = 65
h2.t5.nogoods_size = 460123
h2.t5.nodes = 792478
h2.t5.propagations = 792478
h2.t9.restarts = 65
h2.t9.nogoods_size = 460123
h2.t9.nodes = 795654
h2.t9.propagations = 795654
h2.t6.restarts = 65
h2.t6.nogoods_size = 460123
h2.t6.nodes = 795227
h2.t6.propagations = 795227
h2.t1.restarts = 65
h2.t1.nogoods_size = 460123
h2.t1.nodes = 795013
h2.t1.propagations = 795013
h2.t17.restarts = 65
h2.t17.nogoods_size = 460123
h2.t17.nodes = 487912
h2.t17.propagations = 487912
h2.search_time = 13616
h2.nodes = 13488818
h2.propagations = 38999134
h3.t17.restarts = 65
h3.t17.nogoods_size = 460490
h3.t17.nodes = 493486
h3.t17.propagations = 493486
h3.t16.restarts = 65
h3.t16.nogoods_size = 460490
h3.t16.nodes = 795254
h3.t16.propagations = 795254
h3.t1.restarts = 65
h3.t1.nogoods_size = 460490
h3.t1.nodes = 806848
h3.t1.propagations = 806848
h3.t2.restarts = 65
h3.t2.nogoods_size = 460490
h3.t2.nodes = 803020
h3.t2.propagations = 803020
h3.t5.restarts = 65
h3.t5.nogoods_size = 460490
h3.t5.nodes = 797563
h3.t5.propagations = 797563
h3.t4.restarts = 65
h3.t4.nogoods_size = 460490
h3.t4.nodes = 813477
h3.t4.propagations = 813477
h3.t15.restarts = 65
h3.t15.nogoods_size = 460490
h3.t15.nodes = 802793
h3.t15.propagations = 802793
h3.t12.restarts = 65
h3.t12.nogoods_size = 460490
h3.t12.nodes = 785736
h3.t12.propagations = 785736
h3.t6.restarts = 65
h3.t6.nogoods_size = 460490
h3.t6.nodes = 801004
h3.t6.propagations = 801004
h3.t11.restarts = 65
h3.t11.nogoods_size = 460490
h3.t11.nodes = 806726
h3.t11.propagations = 806726
h3.t3.restarts = 65
h3.t3.nogoods_size = 460490
h3.t3.nodes = 805644
h3.t3.propagations = 805644
h3.t13.restarts = 65
h3.t13.nogoods_size = 460490
h3.t13.nodes = 813024
h3.t13.propagations = 813024
h3.t14.restarts = 65
h3.t14.nogoods_size = 460490
h3.t14.nodes = 794447
h3.t14.propagations = 794447
h3.t7.restarts = 65
h3.t7.nogoods_size = 460490
h3.t7.nodes = 818046
h3.t7.propagations = 818046
h3.t10.restarts = 65
h3.t10.nogoods_size = 460490
h3.t10.nodes = 809300
h3.t10.propagations = 809300
h3.t8.restarts = 65
h3.t8.nogoods_size = 460490
h3.t8.nodes = 781979
h3.t8.propagations = 781979
h3.t0.restarts = 65
h3.t0.nogoods_size = 460490
h3.t0.nodes = 346455
h3.t0.propagations = 346455
h3.t9.restarts = 65
h3.t9.nogoods_size = 460490
h3.t9.nodes = 810149
h3.t9.propagations = 810149
h3.search_time = 13612
h3.nodes = 13684951
h3.propagations = 39607009
h4.t17.restarts = 65
h4.t17.nogoods_size = 460316
h4.t17.nodes = 468774
h4.t17.propagations = 468774
h4.t14.restarts = 65
h4.t14.nogoods_size = 460316
h4.t14.nodes = 774080
h4.t14.propagations = 774080
h4.t12.restarts = 65
h4.t12.nogoods_size = 460316
h4.t12.nodes = 767000
h4.t12.propagations = 767000
h4.t10.restarts = 65
h4.t10.nogoods_size = 460316
h4.t10.nodes = 771656
h4.t10.propagations = 771656
h4.t7.restarts = 65
h4.t7.nogoods_size = 460316
h4.t7.nodes = 786378
h4.t7.propagations = 786378
h4.t16.restarts = 65
h4.t16.nogoods_size = 460316
h4.t16.nodes = 772858
h4.t16.propagations = 772858
h4.t9.restarts = 65
h4.t9.nogoods_size = 460316
h4.t9.nodes = 761123
h4.t9.propagations = 761123
h4.t3.restarts = 65
h4.t3.nogoods_size = 460316
h4.t3.nodes = 754946
h4.t3.propagations = 754946
h4.t1.restarts = 65
h4.t1.nogoods_size = 460316
h4.t1.nodes = 750599
h4.t1.propagations = 750599
h4.t4.restarts = 65
h4.t4.nogoods_size = 460316
h4.t4.nodes = 748037
h4.t4.propagations = 748037
h4.t15.restarts = 65
h4.t15.nogoods_size = 460316
h4.t15.nodes = 773556
h4.t15.propagations = 773556
h4.t8.restarts = 65
h4.t8.nogoods_size = 460316
h4.t8.nodes = 768794
h4.t8.propagations = 768794
h4.t13.restarts = 65
h4.t13.nogoods_size = 460316
h4.t13.nodes = 782109
h4.t13.propagations = 782109
h4.t11.restarts = 65
h4.t11.nogoods_size = 460316
h4.t11.nodes = 761029
h4.t11.propagations = 761029
h4.t6.restarts = 65
h4.t6.nogoods_size = 460316
h4.t6.nodes = 796171
h4.t6.propagations = 796171
h4.t5.restarts = 65
h4.t5.nogoods_size = 460316
h4.t5.nodes = 757498
h4.t5.propagations = 757498
h4.t2.restarts = 65
h4.t2.nogoods_size = 460316
h4.t2.nodes = 756338
h4.t2.propagations = 756338
h4.t0.restarts = 65
h4.t0.nogoods_size = 460316
h4.t0.nodes = 346458
h4.t0.propagations = 346458
h4.search_time = 13621
h4.nodes = 13097404
h4.propagations = 37777160
h5.t10.restarts = 65
h5.t10.nogoods_size = 460566
h5.t10.nodes = 782668
h5.t10.propagations = 782668
h5.t11.restarts = 65
h5.t11.nogoods_size = 460566
h5.t11.nodes = 793959
h5.t11.propagations = 793959
h5.t1.restarts = 65
h5.t1.nogoods_size = 460566
h5.t1.nodes = 767905
h5.t1.propagations = 767905
h5.t0.restarts = 65
h5.t0.nogoods_size = 460566
h5.t0.nodes = 346449
h5.t0.propagations = 346449
h5.t14.restarts = 65
h5.t14.nogoods_size = 460566
h5.t14.nodes = 764649
h5.t14.propagations = 764649
h5.t8.restarts = 65
h5.t8.nogoods_size = 460566
h5.t8.nodes = 768138
h5.t8.propagations = 768138
h5.t7.restarts = 65
h5.t7.nogoods_size = 460566
h5.t7.nodes = 758605
h5.t7.propagations = 758605
h5.t6.restarts = 65
h5.t6.nogoods_size = 460566
h5.t6.nodes = 787518
h5.t6.propagations = 787518
h5.t13.restarts = 65
h5.t13.nogoods_size = 460566
h5.t13.nodes = 786736
h5.t13.propagations = 786736
h5.t5.restarts = 65
h5.t5.nogoods_size = 460566
h5.t5.nodes = 794065
h5.t5.propagations = 794065
h5.t15.restarts = 65
h5.t15.nogoods_size = 460566
h5.t15.nodes = 789396
h5.t15.propagations = 789396
h5.t9.restarts = 65
h5.t9.nogoods_size = 460566
h5.t9.nodes = 770093
h5.t9.propagations = 770093
h5.t3.restarts = 65
h5.t3.nogoods_size = 460566
h5.t3.nodes = 778512
h5.t3.propagations = 778512
h5.t12.restarts = 65
h5.t12.nogoods_size = 460566
h5.t12.nodes = 781759
h5.t12.propagations = 781759
h5.t16.restarts = 65
h5.t16.nogoods_size = 460566
h5.t16.nodes = 779567
h5.t16.propagations = 779567
h5.t2.restarts = 65
h5.t2.nogoods_size = 460566
h5.t2.nodes = 782759
h5.t2.propagations = 782759
h5.t17.restarts = 65
h5.t17.nogoods_size = 460566
h5.t17.nodes = 477962
h5.t17.propagations = 477962
h5.t4.restarts = 65
h5.t4.nogoods_size = 460566
h5.t4.nodes = 770572
h5.t4.propagations = 770572
h5.search_time = 13600
h5.nodes = 13281312
h5.propagations = 38510466
h6.t17.restarts = 65
h6.t17.nogoods_size = 460863
h6.t17.nodes = 502002
h6.t17.propagations = 502002
h6.t8.restarts = 65
h6.t8.nogoods_size = 460863
h6.t8.nodes = 820182
h6.t8.propagations = 820182
h6.t13.restarts = 65
h6.t13.nogoods_size = 460863
h6.t13.nodes = 801501
h6.t13.propagations = 801501
h6.t4.restarts = 65
h6.t4.nogoods_size = 460863
h6.t4.nodes = 800630
h6.t4.propagations = 800630
h6.t6.restarts = 65
h6.t6.nogoods_size = 460863
h6.t6.nodes = 797424
h6.t6.propagations = 797424
h6.t14.restarts = 65
h6.t14.nogoods_size = 460863
h6.t14.nodes = 830305
h6.t14.propagations = 830305
h6.t10.restarts = 65
h6.t10.nogoods_size = 460863
h6.t10.nodes = 822111
h6.t10.propagations = 822111
h6.t15.restarts = 65
h6.t15.nogoods_size = 460863
h6.t15.nodes = 795617
h6.t15.propagations = 795617
h6.t0.restarts = 65
h6.t0.nogoods_size = 460863
h6.t0.nodes = 346487
h6.t0.propagations = 346487
h6.t5.restarts = 65
h6.t5.nogoods_size = 460863
h6.t5.nodes = 807605
h6.t5.propagations = 807605
h6.t11.restarts = 65
h6.t11.nogoods_size = 460863
h6.t11.nodes = 803676
h6.t11.propagations = 803676
h6.t16.restarts = 65
h6.t16.nogoods_size = 460863
h6.t16.nodes = 802739
h6.t16.propagations = 802739
h6.t12.restarts = 65
h6.t12.nogoods_size = 460863
h6.t12.nodes = 812542
h6.t12.propagations = 812542
h6.t1.restarts = 65
h6.t1.nogoods_size = 460863
h6.t1.nodes = 827435
h6.t1.propagations = 827435
h6.t7.restarts = 65
h6.t7.nogoods_size = 460863
h6.t7.nodes = 808277
h6.t7.propagations = 808277
h6.t3.restarts = 65
h6.t3.nogoods_size = 460863
h6.t3.nodes = 818239
h6.t3.propagations = 818239
h6.t9.restarts = 65
h6.t9.nogoods_size = 460863
h6.t9.nodes = 813259
h6.t9.propagations = 813259
h6.t2.restarts = 65
h6.t2.nogoods_size = 460863
h6.t2.nodes = 813394
h6.t2.propagations = 813394
h6.search_time = 13615
h6.nodes = 13823425
h6.propagations = 40043960
h7.t6.restarts = 65
h7.t6.nogoods_size = 460310
h7.t6.nodes = 793654
h7.t6.propagations = 793654
h7.t11.restarts = 65
h7.t11.nogoods_size = 460310
h7.t11.nodes = 795889
h7.t11.propagations = 795889
h7.t17.restarts = 65
h7.t17.nogoods_size = 460310
h7.t17.nodes = 463558
h7.t17.propagations = 463558
h7.t15.restarts = 65
h7.t15.nogoods_size = 460310
h7.t15.nodes = 801722
h7.t15.propagations = 801722
h7.t3.restarts = 65
h7.t3.nogoods_size = 460310
h7.t3.nodes = 819622
h7.t3.propagations = 819622
h7.t2.restarts = 65
h7.t2.nogoods_size = 460310
h7.t2.nodes = 818317
h7.t2.propagations = 818317
h7.t0.restarts = 65
h7.t0.nogoods_size = 460310
h7.t0.nodes = 346468
h7.t0.propagations = 346468
h7.t5.restarts = 65
h7.t5.nogoods_size = 460310
h7.t5.nodes = 837474
h7.t5.propagations = 837474
h7.t16.restarts = 65
h7.t16.nogoods_size = 460310
h7.t16.nodes = 807521
h7.t16.propagations = 807521
h7.t9.restarts = 65
h7.t9.nogoods_size = 460310
h7.t9.nodes = 813038
h7.t9.propagations = 813038
h7.t4.restarts = 65
h7.t4.nogoods_size = 460310
h7.t4.nodes = 832716
h7.t4.propagations = 832716
h7.t14.restarts = 65
h7.t14.nogoods_size = 460310
h7.t14.nodes = 789214
h7.t14.propagations = 789214
h7.t1.restarts = 65
h7.t1.nogoods_size = 460310
h7.t1.nodes = 796327
h7.t1.propagations = 796327
h7.t12.restarts = 65
h7.t12.nogoods_size = 460310
h7.t12.nodes = 769421
h7.t12.propagations = 769421
h7.t8.restarts = 65
h7.t8.nogoods_size = 460310
h7.t8.nodes = 810130
h7.t8.propagations = 810130
h7.t13.restarts = 65
h7.t13.nogoods_size = 460310
h7.t13.nodes = 812698
h7.t13.propagations = 812698
h7.t10.restarts = 65
h7.t10.nogoods_size = 460310
h7.t10.nodes = 797643
h7.t10.propagations = 797643
h7.t7.restarts = 65
h7.t7.nogoods_size = 460310
h7.t7.nodes = 812653
h7.t7.propagations = 812653
h7.search_time = 13612
h7.nodes = 13718065
h7.propagations = 39772492
h8.t5.restarts = 65
h8.t5.nogoods_size = 460357
h8.t5.nodes = 800234
h8.t5.propagations = 800234
h8.t9.restarts = 65
h8.t9.nogoods_size = 460357
h8.t9.nodes = 801817
h8.t9.propagations = 801817
h8.t13.restarts = 65
h8.t13.nogoods_size = 460357
h8.t13.nodes = 797779
h8.t13.propagations = 797779
h8.t14.restarts = 65
h8.t14.nogoods_size = 460357
h8.t14.nodes = 799824
h8.t14.propagations = 799824
h8.t11.restarts = 65
h8.t11.nogoods_size = 460357
h8.t11.nodes = 821259
h8.t11.propagations = 821259
h8.t0.restarts = 65
h8.t0.nogoods_size = 460357
h8.t0.nodes = 346470
h8.t0.propagations = 346470
h8.t10.restarts = 65
h8.t10.nogoods_size = 460357
h8.t10.nodes = 807870
h8.t10.propagations = 807870
h8.t12.restarts = 65
h8.t12.nogoods_size = 460357
h8.t12.nodes = 801876
h8.t12.propagations = 801876
h8.t4.restarts = 65
h8.t4.nogoods_size = 460357
h8.t4.nodes = 807312
h8.t4.propagations = 807312
h8.t1.restarts = 65
h8.t1.nogoods_size = 460357
h8.t1.nodes = 794044
h8.t1.propagations = 794044
h8.t15.restarts = 65
h8.t15.nogoods_size = 460357
h8.t15.nodes = 812424
h8.t15.propagations = 812424
h8.t3.restarts = 65
h8.t3.nogoods_size = 460357
h8.t3.nodes = 795433
h8.t3.propagations = 795433
h8.t2.restarts = 65
h8.t2.nogoods_size = 460357
h8.t2.nodes = 794594
h8.t2.propagations = 794594
h8.t17.restarts = 65
h8.t17.nogoods_size = 460357
h8.t17.nodes = 485671
h8.t17.propagations = 485671
h8.t7.restarts = 65
h8.t7.nogoods_size = 460357
h8.t7.nodes = 796700
h8.t7.propagations = 796700
h8.t8.restarts = 65
h8.t8.nogoods_size = 460357
h8.t8.nodes = 813855
h8.t8.propagations = 813855
h8.t16.restarts = 65
h8.t16.nogoods_size = 460357
h8.t16.nodes = 812974
h8.t16.propagations = 812974
h8.t6.restarts = 65
h8.t6.nogoods_size = 460357
h8.t6.nodes = 790212
h8.t6.propagations = 790212
h8.search_time = 13593
h8.nodes = 13680348
h8.propagations = 39626221
h9.t9.restarts = 65
h9.t9.nogoods_size = 460417
h9.t9.nodes = 775910
h9.t9.propagations = 775910
h9.t0.restarts = 65
h9.t0.nogoods_size = 460417
h9.t0.nodes = 346457
h9.t0.propagations = 346457
h9.t7.restarts = 65
h9.t7.nogoods_size = 460417
h9.t7.nodes = 778426
h9.t7.propagations = 778426
h9.t8.restarts = 65
h9.t8.nogoods_size = 460417
h9.t8.nodes = 789727
h9.t8.propagations = 789727
h9.t17.restarts = 65
h9.t17.nogoods_size = 460417
h9.t17.nodes = 501193
h9.t17.propagations = 501193
h9.t1.restarts = 65
h9.t1.nogoods_size = 460417
h9.t1.nodes = 802259
h9.t1.propagations = 802259
h9.t2.restarts = 65
h9.t2.nogoods_size = 460417
h9.t2.nodes = 800448
h9.t2.propagations = 800448
h9.t5.restarts = 65
h9.t5.nogoods_size = 460417
h9.t5.nodes = 784959
h9.t5.propagations = 784959
h9.t13.restarts = 65
h9.t13.nogoods_size = 460417
h9.t13.nodes = 818556
h9.t13.propagations = 818556
h9.t15.restarts = 65
h9.t15.nogoods_size = 460417
h9.t15.nodes = 795733
h9.t15.propagations = 795733
h9.t3.restarts = 65
h9.t3.nogoods_size = 460417
h9.t3.nodes = 808917
h9.t3.propagations = 808917
h9.t12.restarts = 65
h9.t12.nogoods_size = 460417
h9.t12.nodes = 781935
h9.t12.propagations = 781935
h9.t16.restarts = 65
h9.t16.nogoods_size = 460417
h9.t16.nodes = 835336
h9.t16.propagations = 835336
h9.t11.restarts = 65
h9.t11.nogoods_size = 460417
h9.t11.nodes = 792329
h9.t11.propagations = 792329
h9.t14.restarts = 65
h9.t14.nogoods_size = 460417
h9.t14.nodes = 801986
h9.t14.propagations = 801986
h9.t10.restarts = 65
h9.t10.nogoods_size = 460417
h9.t10.nodes = 764940
h9.t10.propagations = 764940
h9.t6.restarts = 65
h9.t6.nogoods_size = 460417
h9.t6.nodes = 799897
h9.t6.propagations = 799897
h9.t4.restarts = 65
h9.t4.nogoods_size = 460417
h9.t4.nodes = 780533
h9.t4.propagations = 780533
h9.search_time = 13615
h9.nodes = 13559541
h9.propagations = 39213949
h10.t17.restarts = 65
h10.t17.nogoods_size = 460523
h10.t17.nodes = 501772
h10.t17.propagations = 501772
h10.t5.restarts = 65
h10.t5.nogoods_size = 460523
h10.t5.nodes = 807728
h10.t5.propagations = 807728
h10.t3.restarts = 65
h10.t3.nogoods_size = 460523
h10.t3.nodes = 805195
h10.t3.propagations = 805195
h10.t1.restarts = 65
h10.t1.nogoods_size = 460523
h10.t1.nodes = 820275
h10.t1.propagations = 820275
h10.t13.restarts = 65
h10.t13.nogoods_size = 460523
h10.t13.nodes = 807665
h10.t13.propagations = 807665
h10.t15.restarts = 65
h10.t15.nogoods_size = 460523
h10.t15.nodes = 831430
h10.t15.propagations = 831430
h10.t11.restarts = 65
h10.t11.nogoods_size = 460523
h10.t11.nodes = 802635
h10.t11.propagations = 802635
h10.t7.restarts = 65
h10.t7.nogoods_size = 460523
h10.t7.nodes = 808781
h10.t7.propagations = 808781
h10.t14.restarts = 65
h10.t14.nogoods_size = 460523
h10.t14.nodes = 832332
h10.t14.propagations = 832332
h10.t9.restarts = 65
h10.t9.nogoods_size = 460523
h10.t9.nodes = 816786
h10.t9.propagations = 816786
h10.t12.restarts = 65
h10.t12.nogoods_size = 460523
h10.t12.nodes = 816211
h10.t12.propagations = 816211
h10.t8.restarts = 65
h10.t8.nogoods_size = 460523
h10.t8.nodes = 808102
h10.t8.propagations = 808102
h10.t4.restarts = 65
h10.t4.nogoods_size = 460523
h10.t4.nodes = 809384
h10.t4.propagations = 809384
h10.t2.restarts = 65
h10.t2.nogoods_size = 460523
h10.t2.nodes = 1017931
h10.t2.propagations = 1017931
h10.t10.restarts = 65
h10.t10.nogoods_size = 460523
h10.t10.nodes = 828119
h10.t10.propagations = 828119
h10.t6.restarts = 65
h10.t6.nogoods_size = 460523
h10.t6.nodes = 840034
h10.t6.propagations = 840034
h10.t0.restarts = 65
h10.t0.nogoods_size = 460523
h10.t0.nodes = 346445
h10.t0.propagations = 346445
h10.t16.restarts = 65
h10.t16.nogoods_size = 460523
h10.t16.nodes = 822062
h10.t16.propagations = 822062
h10.search_time = 13590
h10.nodes = 14122887
h10.propagations = 40784132
h11.t5.restarts = 65
h11.t5.nogoods_size = 460464
h11.t5.nodes = 797986
h11.t5.propagations = 797986
h11.t2.restarts = 65
h11.t2.nogoods_size = 460464
h11.t2.nodes = 977453
h11.t2.propagations = 977453
h11.t1.restarts = 65
h11.t1.nogoods_size = 460464
h11.t1.nodes = 777404
h11.t1.propagations = 777404
h11.t15.restarts = 65
h11.t15.nogoods_size = 460464
h11.t15.nodes = 801721
h11.t15.propagations = 801721
h11.t7.restarts = 65
h11.t7.nogoods_size = 460464
h11.t7.nodes = 806282
h11.t7.propagations = 806282
h11.t10.restarts = 65
h11.t10.nogoods_size = 460464
h11.t10.nodes = 801361
h11.t10.propagations = 801361
h11.t0.restarts = 65
h11.t0.nogoods_size = 460464
h11.t0.nodes = 346464
h11.t0.propagations = 346464
h11.t13.restarts = 65
h11.t13.nogoods_size = 460464
h11.t13.nodes = 804048
h11.t13.propagations = 804048
h11.t4.restarts = 65
h11.t4.nogoods_size = 460464
h11.t4.nodes = 808496
h11.t4.propagations = 808496
h11.t9.restarts = 65
h11.t9.nogoods_size = 460464
h11.t9.nodes = 817782
h11.t9.propagations = 817782
h11.t14.restarts = 65
h11.t14.nogoods_size = 460464
h11.t14.nodes = 804134
h11.t14.propagations = 804134
h11.t12.restarts = 65
h11.t12.nogoods_size = 460464
h11.t12.nodes = 783853
h11.t12.propagations = 783853
h11.t11.restarts = 65
h11.t11.nogoods_size = 460464
h11.t11.nodes = 824724
h11.t11.propagations = 824724
h11.t6.restarts = 65
h11.t6.nogoods_size = 460464
h11.t6.nodes = 795436
h11.t6.propagations = 795436
h11.t17.restarts = 65
h11.t17.nogoods_size = 460464
h11.t17.nodes = 487431
h11.t17.propagations = 487431
h11.t3.restarts = 65
h11.t3.nogoods_size = 460464
h11.t3.nodes = 806853
h11.t3.propagations = 806853
h11.t8.restarts = 65
h11.t8.nogoods_size = 460464
h11.t8.nodes = 806746
h11.t8.propagations = 806746
h11.t16.restarts = 65
h11.t16.nogoods_size = 460464
h11.t16.nodes = 810003
h11.t16.propagations = 810003
h11.search_time = 13618
h11.nodes = 13858177
h11.propagations = 40003281
h12.t10.restarts = 65
h12.t10.nogoods_size = 460401
h12.t10.nodes = 828858
h12.t10.propagations = 828858
h12.t16.restarts = 65
h12.t16.nogoods_size = 460401
h12.t16.nodes = 857228
h12.t16.propagations = 857228
h12.t15.restarts = 65
h12.t15.nogoods_size = 460401
h12.t15.nodes = 816391
h12.t15.propagations = 816391
h12.t12.restarts = 65
h12.t12.nogoods_size = 460401
h12.t12.nodes = 833470
h12.t12.propagations = 833470
h12.t0.restarts = 65
h12.t0.nogoods_size = 460401
h12.t0.nodes = 346470
h12.t0.propagations = 346470
h12.t9.restarts = 65
h12.t9.nogoods_size = 460401
h12.t9.nodes = 831881
h12.t9.propagations = 831881
h12.t5.restarts = 65
h12.t5.nogoods_size = 460401
h12.t5.nodes = 819409
h12.t5.propagations = 819409
h12.t3.restarts = 65
h12.t3.nogoods_size = 460401
h12.t3.nodes = 839765
h12.t3.propagations = 839765
h12.t7.restarts = 65
h12.t7.nogoods_size = 460401
h12.t7.nodes = 821642
h12.t7.propagations = 821642
h12.t4.restarts = 65
h12.t4.nogoods_size = 460401
h12.t4.nodes = 826266
h12.t4.propagations = 826266
h12.t14.restarts = 65
h12.t14.nogoods_size = 460401
h12.t14.nodes = 818141
h12.t14.propagations = 818141
h12.t11.restarts = 65
h12.t11.nogoods_size = 460401
h12.t11.nodes = 833616
h12.t11.propagations = 833616
h12.t2.restarts = 65
h12.t2.nogoods_size = 460401
h12.t2.nodes = 840248
h12.t2.propagations = 840248
h12.t8.restarts = 65
h12.t8.nogoods_size = 460401
h12.t8.nodes = 806372
h12.t8.propagations = 806372
h12.t6.restarts = 65
h12.t6.nogoods_size = 460401
h12.t6.nodes = 844662
h12.t6.propagations = 844662
h12.t1.restarts = 65
h12.t1.nogoods_size = 460401
h12.t1.nodes = 851505
h12.t1.propagations = 851505
h12.t13.restarts = 65
h12.t13.nogoods_size = 460401
h12.t13.nodes = 849479
h12.t13.propagations = 849479
h12.t17.restarts = 65
h12.t17.nogoods_size = 460401
h12.t17.nodes = 502172
h12.t17.propagations = 502172
h12.search_time = 13601
h12.nodes = 14167575
h12.propagations = 41054604
h13.t17.stop_reason = aborted
h13.t17.restarts = 65
h13.t17.nogoods_size = 455106
h13.t17.nodes = 443949
h13.t17.propagations = 443949
h13.t15.stop_reason = aborted
h13.t15.restarts = 65
h13.t15.nogoods_size = 455106
h13.t15.nodes = 746426
h13.t15.propagations = 746426
h13.t1.where = 0/150 -1/-1 0/121 -1/-1 0/92 -1/-1 0/75 -1/-1 0/55 -1/-1 0/38 -1/-1 0/27 -1/-1 2/20 -1/-1 1/16 -1/-1 5/10 -1/-1 1/7 -1/-1 4/5 -1/-1 3/4 -1/-1 0/2 -1/-1 0/2 -1/-1 0/2 -1/-1 0/2 -1/-1 -1/-1 0/2 -1/-1 0/2 -1/-1 0/2 -1/-1 -1/-1 -1/-1 -1/-1 -1/-1 -1/-1 -1/-1 -1/-1 -1/-1 -1/-1
h13.t1.stop_reason = satisfiable
h13.t1.restarts = 65
h13.t1.nogoods_size = 455106
h13.t1.nodes = 757836
h13.t1.propagations = 757836
h13.t4.stop_reason = aborted
h13.t4.restarts = 65
h13.t4.nogoods_size = 455106
h13.t4.nodes = 755590
h13.t4.propagations = 755590
h13.t16.stop_reason = aborted
h13.t16.restarts = 65
h13.t16.nogoods_size = 455106
h13.t16.nodes = 790586
h13.t16.propagations = 790586
h13.t9.stop_reason = aborted
h13.t9.restarts = 65
h13.t9.nogoods_size = 455106
h13.t9.nodes = 751652
h13.t9.propagations = 751652
h13.t8.stop_reason = aborted
h13.t8.restarts = 65
h13.t8.nogoods_size = 455106
h13.t8.nodes = 768347
h13.t8.propagations = 768347
h13.t6.stop_reason = aborted
h13.t6.restarts = 65
h13.t6.nogoods_size = 455106
h13.t6.nodes = 743208
h13.t6.propagations = 743208
h13.t7.stop_reason = aborted
h13.t7.restarts = 65
h13.t7.nogoods_size = 455106
h13.t7.nodes = 782996
h13.t7.propagations = 782996
h13.t14.stop_reason = aborted
h13.t14.restarts = 65
h13.t14.nogoods_size = 455106
h13.t14.nodes = 752812
h13.t14.propagations = 752812
h13.t2.stop_reason = aborted
h13.t2.restarts = 65
h13.t2.nogoods_size = 455106
h13.t2.nodes = 749184
h13.t2.propagations = 749184
h13.t13.stop_reason = aborted
h13.t13.restarts = 65
h13.t13.nogoods_size = 455106
h13.t13.nodes = 753278
h13.t13.propagations = 753278
h13.t5.stop_reason = aborted
h13.t5.restarts = 65
h13.t5.nogoods_size = 455106
h13.t5.nodes = 761302
h13.t5.propagations = 761302
h13.t12.stop_reason = aborted
h13.t12.restarts = 65
h13.t12.nogoods_size = 455106
h13.t12.nodes = 766513
h13.t12.propagations = 766513
h13.t10.stop_reason = aborted
h13.t10.restarts = 65
h13.t10.nogoods_size = 455106
h13.t10.nodes = 726077
h13.t10.propagations = 726077
h13.t3.stop_reason = aborted
h13.t3.restarts = 65
h13.t3.nogoods_size = 455106
h13.t3.nodes = 777573
h13.t3.propagations = 777573
h13.t11.stop_reason = aborted
h13.t11.restarts = 65
h13.t11.nogoods_size = 455106
h13.t11.nodes = 756876
h13.t11.propagations = 756876
h13.t0.stop_reason = aborted
h13.t0.restarts = 65
h13.t0.nogoods_size = 455106
h13.t0.nodes = 343771
h13.t0.propagations = 343771
h13.search_time = 13566
h13.nodes = 12927976
h13.propagations = 37328818
h14.t3.restarts = 65
h14.t3.nogoods_size = 460166
h14.t3.nodes = 764835
h14.t3.propagations = 764835
h14.t8.restarts = 65
h14.t8.nogoods_size = 460166
h14.t8.nodes = 761212
h14.t8.propagations = 761212
h14.t7.restarts = 65
h14.t7.nogoods_size = 460166
h14.t7.nodes = 784361
h14.t7.propagations = 784361
h14.t0.restarts = 65
h14.t0.nogoods_size = 460166
h14.t0.nodes = 346459
h14.t0.propagations = 346459
h14.t12.restarts = 65
h14.t12.nogoods_size = 460166
h14.t12.nodes = 758713
h14.t12.propagations = 758713
h14.t5.restarts = 65
h14.t5.nogoods_size = 460166
h14.t5.nodes = 776121
h14.t5.propagations = 776121
h14.t10.restarts = 65
h14.t10.nogoods_size = 460166
h14.t10.nodes = 758892
h14.t10.propagations = 758892
h14.t4.restarts = 65
h14.t4.nogoods_size = 460166
h14.t4.nodes = 753360
h14.t4.propagations = 753360
h14.t11.restarts = 65
h14.t11.nogoods_size = 460166
h14.t11.nodes = 802958
h14.t11.propagations = 802958
h14.t16.restarts = 65
h14.t16.nogoods_size = 460166
h14.t16.nodes = 790649
h14.t16.propagations = 790649
h14.t15.restarts = 65
h14.t15.nogoods_size = 460166
h14.t15.nodes = 750701
h14.t15.propagations = 750701
h14.t14.restarts = 65
h14.t14.nogoods_size = 460166
h14.t14.nodes = 777832
h14.t14.propagations = 777832
h14.t6.restarts = 65
h14.t6.nogoods_size = 460166
h14.t6.nodes = 780822
h14.t6.propagations = 780822
h14.t1.restarts = 65
h14.t1.nogoods_size = 460166
h14.t1.nodes = 802061
h14.t1.propagations = 802061
h14.t17.restarts = 65
h14.t17.nogoods_size = 460166
h14.t17.nodes = 465414
h14.t17.propagations = 465414
h14.t2.restarts = 65
h14.t2.nogoods_size = 460166
h14.t2.nodes = 776158
h14.t2.propagations = 776158
h14.t9.restarts = 65
h14.t9.nogoods_size = 460166
h14.t9.nodes = 782423
h14.t9.propagations = 782423
h14.t13.restarts = 65
h14.t13.nogoods_size = 460166
h14.t13.nodes = 784629
h14.t13.propagations = 784629
h14.search_time = 13628
h14.nodes = 13217600
h14.propagations = 38143575
h15.t15.restarts = 65
h15.t15.nogoods_size = 460299
h15.t15.nodes = 726291
h15.t15.propagations = 726291
h15.t1.restarts = 65
h15.t1.nogoods_size = 460299
h15.t1.nodes = 789993
h15.t1.propagations = 789993
h15.t16.restarts = 65
h15.t16.nogoods_size = 460299
h15.t16.nodes = 765845
h15.t16.propagations = 765845
h15.t8.restarts = 65
h15.t8.nogoods_size = 460299
h15.t8.nodes = 757451
h15.t8.propagations = 757451
h15.t6.restarts = 65
h15.t6.nogoods_size = 460299
h15.t6.nodes = 734719
h15.t6.propagations = 734719
h15.t17.restarts = 65
h15.t17.nogoods_size = 460299
h15.t17.nodes = 492502
h15.t17.propagations = 492502
h15.t14.restarts = 65
h15.t14.nogoods_size = 460299
h15.t14.nodes = 749039
h15.t14.propagations = 749039
h15.t5.restarts = 65
h15.t5.nogoods_size = 460299
h15.t5.nodes = 749671
h15.t5.propagations = 749671
h15.t4.restarts = 65
h15.t4.nogoods_size = 460299
h15.t4.nodes = 774284
h15.t4.propagations = 774284
h15.t3.restarts = 65
h15.t3.nogoods_size = 460299
h15.t3.nodes = 762298
h15.t3.propagations = 762298
h15.t2.restarts = 65
h15.t2.nogoods_size = 460299
h15.t2.nodes = 771620
h15.t2.propagations = 771620
h15.t12.restarts = 65
h15.t12.nogoods_size = 460299
h15.t12.nodes = 759394
h15.t12.propagations = 759394
h15.t13.restarts = 65
h15.t13.nogoods_size = 460299
h15.t13.nodes = 762609
h15.t13.propagations = 762609
h15.t11.restarts = 65
h15.t11.nogoods_size = 460299
h15.t11.nodes = 735451
h15.t11.propagations = 735451
h15.t7.restarts = 65
h15.t7.nogoods_size = 460299
h15.t7.nodes = 770539
h15.t7.propagations = 770539
h15.t10.restarts = 65
h15.t10.nogoods_size = 460299
h15.t10.nodes = 764582
h15.t10.propagations = 764582
h15.t0.restarts = 65
h15.t0.nogoods_size = 460299
h15.t0.nodes = 346480
h15.t0.propagations = 346480
h15.t9.restarts = 65
h15.t9.nogoods_size = 460299
h15.t9.nodes = 774921
h15.t9.propagations = 774921
h15.search_time = 13600
h15.nodes = 12987689
h15.propagations = 37480869
h16.t5.restarts = 65
h16.t5.nogoods_size = 460118
h16.t5.nodes = 750093
h16.t5.propagations = 750093
h16.t11.restarts = 65
h16.t11.nogoods_size = 460118
h16.t11.nodes = 749179
h16.t11.propagations = 749179
h16.t2.restarts = 65
h16.t2.nogoods_size = 460118
h16.t2.nodes = 797455
h16.t2.propagations = 797455
h16.t12.restarts = 65
h16.t12.nogoods_size = 460118
h16.t12.nodes = 723870
h16.t12.propagations = 723870
h16.t16.restarts = 65
h16.t16.nogoods_size = 460118
h16.t16.nodes = 769807
h16.t16.propagations = 769807
h16.t1.restarts = 65
h16.t1.nogoods_size = 460118
h16.t1.nodes = 745020
h16.t1.propagations = 745020
h16.t10.restarts = 65
h16.t10.nogoods_size = 460118
h16.t10.nodes = 767044
h16.t10.propagations = 767044
h16.t9.restarts = 65
h16.t9.nogoods_size = 460118
h16.t9.nodes = 763714
h16.t9.propagations = 763714
h16.t13.restarts = 65
h16.t13.nogoods_size = 460118
h16.t13.nodes = 769809
h16.t13.propagations = 769809
h16.t6.restarts = 65
h16.t6.nogoods_size = 460118
h16.t6.nodes = 740152
h16.t6.propagations = 740152
h16.t14.restarts = 65
h16.t14.nogoods_size = 460118
h16.t14.nodes = 760923
h16.t14.propagations = 760923
h16.t8.restarts = 65
h16.t8.nogoods_size = 460118
h16.t8.nodes = 753444
h16.t8.propagations = 753444
h16.t4.restarts = 65
h16.t4.nogoods_size = 460118
h16.t4.nodes = 778334
h16.t4.propagations = 778334
h16.t3.restarts = 65
h16.t3.nogoods_size = 460118
h16.t3.nodes = 750783
h16.t3.propagations = 750783
h16.t0.restarts = 65
h16.t0.nogoods_size = 460118
h16.t0.nodes = 346443
h16.t0.propagations = 346443
h16.t7.restarts = 65
h16.t7.nogoods_size = 460118
h16.t7.nodes = 750223
h16.t7.propagations = 750223
h16.t15.restarts = 65
h16.t15.nogoods_size = 460118
h16.t15.nodes = 777575
h16.t15.propagations = 777575
h16.t17.restarts = 65
h16.t17.nogoods_size = 460118
h16.t17.nodes = 473500
h16.t17.propagations = 473500
h16.search_time = 13620
h16.nodes = 12967368
h16.propagations = 37590152
h17.t11.restarts = 65
h17.t11.nogoods_size = 460746
h17.t11.nodes = 750873
h17.t11.propagations = 750873
h17.t3.restarts = 65
h17.t3.nogoods_size = 460746
h17.t3.nodes = 765522
h17.t3.propagations = 765522
h17.t9.restarts = 65
h17.t9.nogoods_size = 460746
h17.t9.nodes = 772775
h17.t9.propagations = 772775
h17.t2.restarts = 65
h17.t2.nogoods_size = 460746
h17.t2.nodes = 802018
h17.t2.propagations = 802018
h17.t1.restarts = 65
h17.t1.nogoods_size = 460746
h17.t1.nodes = 761182
h17.t1.propagations = 761182
h17.t5.restarts = 65
h17.t5.nogoods_size = 460746
h17.t5.nodes = 774026
h17.t5.propagations = 774026
h17.t15.restarts = 65
h17.t15.nogoods_size = 460746
h17.t15.nodes = 737971
h17.t15.propagations = 737971
h17.t6.restarts = 65
h17.t6.nogoods_size = 460746
h17.t6.nodes = 770211
h17.t6.propagations = 770211
h17.t10.restarts = 65
h17.t10.nogoods_size = 460746
h17.t10.nodes = 776585
h17.t10.propagations = 776585
h17.t16.restarts = 65
h17.t16.nogoods_size = 460746
h17.t16.nodes = 753740
h17.t16.propagations = 753740
h17.t7.restarts = 65
h17.t7.nogoods_size = 460746
h17.t7.nodes = 769893
h17.t7.propagations = 769893
h17.t12.restarts = 65
h17.t12.nogoods_size = 460746
h17.t12.nodes = 766059
h17.t12.propagations = 766059
h17.t14.restarts = 65
h17.t14.nogoods_size = 460746
h17.t14.nodes = 765726
h17.t14.propagations = 765726
h17.t8.restarts = 65
h17.t8.nogoods_size = 460746
h17.t8.nodes = 778967
h17.t8.propagations = 778967
h17.t17.restarts = 65
h17.t17.nogoods_size = 460746
h17.t17.nodes = 491387
h17.t17.propagations = 491387
h17.t0.restarts = 65
h17.t0.nogoods_size = 460746
h17.t0.nodes = 346456
h17.t0.propagations = 346456
h17.t4.restarts = 65
h17.t4.nogoods_size = 460746
h17.t4.nodes = 759606
h17.t4.propagations = 759606
h17.t13.restarts = 65
h17.t13.nogoods_size = 460746
h17.t13.nodes = 754183
h17.t13.propagations = 754183
h17.search_time = 13598
h17.nodes = 13097180
h17.propagations = 37973752
h18.t5.restarts = 65
h18.t5.nogoods_size = 461239
h18.t5.nodes = 1026436
h18.t5.propagations = 1026436
h18.t15.restarts = 65
h18.t15.nogoods_size = 461239
h18.t15.nodes = 1045227
h18.t15.propagations = 1045227
h18.t2.restarts = 65
h18.t2.nogoods_size = 461239
h18.t2.nodes = 1026382
h18.t2.propagations = 1026382
h18.t7.restarts = 65
h18.t7.nogoods_size = 461239
h18.t7.nodes = 1044031
h18.t7.propagations = 1044031
h18.t9.restarts = 65
h18.t9.nogoods_size = 461239
h18.t9.nodes = 1043133
h18.t9.propagations = 1043133
h18.t12.restarts = 65
h18.t12.nogoods_size = 461239
h18.t12.nodes = 1008318
h18.t12.propagations = 1008318
h18.t1.restarts = 65
h18.t1.nogoods_size = 461239
h18.t1.nodes = 1020431
h18.t1.propagations = 1020431
h18.t13.restarts = 65
h18.t13.nogoods_size = 461239
h18.t13.nodes = 1042181
h18.t13.propagations = 1042181
h18.t0.restarts = 65
h18.t0.nogoods_size = 461239
h18.t0.nodes = 346457
h18.t0.propagations = 346457
h18.t17.restarts = 65
h18.t17.nogoods_size = 461239
h18.t17.nodes = 499343
h18.t17.propagations = 499343
h18.t11.restarts = 65
h18.t11.nogoods_size = 461239
h18.t11.nodes = 1040406
h18.t11.propagations = 1040406
h18.t16.restarts = 65
h18.t16.nogoods_size = 461239
h18.t16.nodes = 1051032
h18.t16.propagations = 1051032
h18.t10.restarts = 65
h18.t10.nogoods_size = 461239
h18.t10.nodes = 1043728
h18.t10.propagations = 1043728
h18.t6.restarts = 65
h18.t6.nogoods_size = 461239
h18.t6.nodes = 1041571
h18.t6.propagations = 1041571
h18.t3.restarts = 65
h18.t3.nogoods_size = 461239
h18.t3.nodes = 1033669
h18.t3.propagations = 1033669
h18.t4.restarts = 65
h18.t4.nogoods_size = 461239
h18.t4.nodes = 1026541
h18.t4.propagations = 1026541
h18.t8.restarts = 65
h18.t8.nogoods_size = 461239
h18.t8.nodes = 1057529
h18.t8.propagations = 1057529
h18.t14.restarts = 65
h18.t14.nogoods_size = 461239
h18.t14.nodes = 1018590
h18.t14.propagations = 1018590
h18.search_time = 13589
h18.nodes = 17415005
h18.propagations = 50465358
h19.t1.restarts = 65
h19.t1.nogoods_size = 460650
h19.t1.nodes = 946149
h19.t1.propagations = 946149
h19.t9.restarts = 65
h19.t9.nogoods_size = 460650
h19.t9.nodes = 934129
h19.t9.propagations = 934129
h19.t14.restarts = 65
h19.t14.nogoods_size = 460650
h19.t14.nodes = 929109
h19.t14.propagations = 929109
h19.t5.restarts = 65
h19.t5.nogoods_size = 460650
h19.t5.nodes = 953074
h19.t5.propagations = 953074
h19.t10.restarts = 65
h19.t10.nogoods_size = 460650
h19.t10.nodes = 924630
h19.t10.propagations = 924630
h19.t0.restarts = 65
h19.t0.nogoods_size = 460650
h19.t0.nodes = 346441
h19.t0.propagations = 346441
h19.t3.restarts = 65
h19.t3.nogoods_size = 460650
h19.t3.nodes = 960464
h19.t3.propagations = 960464
h19.t6.restarts = 65
h19.t6.nogoods_size = 460650
h19.t6.nodes = 932992
h19.t6.propagations = 932992
h19.t11.restarts = 65
h19.t11.nogoods_size = 460650
h19.t11.nodes = 926357
h19.t11.propagations = 926357
h19.t17.restarts = 65
h19.t17.nogoods_size = 460650
h19.t17.nodes = 448471
h19.t17.propagations = 448471
h19.t12.restarts = 65
h19.t12.nogoods_size = 460650
h19.t12.nodes = 932010
h19.t12.propagations = 932010
h19.t2.restarts = 65
h19.t2.nogoods_size = 460650
h19.t2.nodes = 925890
h19.t2.propagations = 925890
h19.t8.restarts = 65
h19.t8.nogoods_size = 460650
h19.t8.nodes = 952351
h19.t8.propagations = 952351
h19.t15.restarts = 65
h19.t15.nogoods_size = 460650
h19.t15.nodes = 939229
h19.t15.propagations = 939229
h19.t16.restarts = 65
h19.t16.nogoods_size = 460650
h19.t16.nodes = 954176
h19.t16.propagations = 954176
h19.t4.restarts = 65
h19.t4.nogoods_size = 460650
h19.t4.nodes = 952710
h19.t4.propagations = 952710
h19.t7.restarts = 65
h19.t7.nogoods_size = 460650
h19.t7.nodes = 937709
h19.t7.propagations = 937709
h19.t13.restarts = 65
h19.t13.nogoods_size = 460650
h19.t13.nodes = 954053
h19.t13.propagations = 954053
h19.search_time = 13611
h19.nodes = 15849944
h19.propagations = 45904193
