hostname = r1i2n17
commandline = ../glasgow/mpi_solve_subgraph_isomorphism --timeout 1000 --format lad --geometric-restarts=1.0 --restarts-constant=5400 --triggered-restarts --threads 18 ../instances/phase/phase-30-150-0.72-0.66-0.70-1-pattern ../instances/phase/phase-30-150-0.72-0.66-0.70-1-target
started_at = 2018-11-20 14:24:37
pattern_file = ../instances/phase/phase-30-150-0.72-0.66-0.70-1-pattern
target_file = ../instances/phase/phase-30-150-0.72-0.66-0.70-1-target
status = true
nodes = 229242148
propagations = 609215199
mapping = (0 -> 40) (1 -> 74) (2 -> 2) (3 -> 19) (4 -> 52) (5 -> 94) (6 -> 129) (7 -> 95) (8 -> 39) (9 -> 54) (10 -> 143) (11 -> 132) (12 -> 103) (13 -> 37) (14 -> 36) (15 -> 32) (16 -> 117) (17 -> 108) (18 -> 142) (19 -> 35) (20 -> 59) (21 -> 90) (22 -> 124) (23 -> 119) (24 -> 73) (25 -> 20) (26 -> 120) (27 -> 145) (28 -> 89) (29 -> 146) 
runtime = 12693
h0.t10.restarts = 55
h0.t10.nogoods_size = 341239
h0.t10.nodes = 579507
h0.t10.propagations = 579507
h0.t13.restarts = 55
h0.t13.nogoods_size = 341239
h0.t13.nodes = 571754
h0.t13.propagations = 571754
h0.t7.restarts = 55
h0.t7.nogoods_size = 341239
h0.t7.nodes = 562274
h0.t7.propagations = 562274
h0.t11.restarts = 55
h0.t11.nogoods_size = 341239
h0.t11.nodes = 584843
h0.t11.propagations = 584843
h0.t9.restarts = 55
h0.t9.nogoods_size = 341239
h0.t9.nodes = 579460
h0.t9.propagations = 579460
h0.t17.restarts = 55
h0.t17.nogoods_size = 341239
h0.t17.nodes = 400983
h0.t17.propagations = 400983
h0.t14.restarts = 55
h0.t14.nogoods_size = 341239
h0.t14.nodes = 577246
h0.t14.propagations = 577246
h0.t16.restarts = 55
h0.t16.nogoods_size = 341239
h0.t16.nodes = 570545
h0.t16.propagations = 570545
h0.t1.restarts = 55
h0.t1.nogoods_size = 341239
h0.t1.nodes = 558132
h0.t1.propagations = 558132
h0.t8.restarts = 55
h0.t8.nogoods_size = 341239
h0.t8.nodes = 578246
h0.t8.propagations = 578246
h0.t4.restarts = 55
h0.t4.nogoods_size = 341239
h0.t4.nodes = 578777
h0.t4.propagations = 578777
h0.t3.restarts = 55
h0.t3.nogoods_size = 341239
h0.t3.nodes = 572070
h0.t3.propagations = 572070
h0.t6.restarts = 55
h0.t6.nogoods_size = 341239
h0.t6.nodes = 576662
h0.t6.propagations = 576662
h0.t5.restarts = 55
h0.t5.nogoods_size = 341239
h0.t5.nodes = 576782
h0.t5.propagations = 576782
h0.t2.restarts = 55
h0.t2.nogoods_size = 341239
h0.t2.nodes = 624959
h0.t2.propagations = 624959
h0.t15.restarts = 55
h0.t15.nogoods_size = 341239
h0.t15.nodes = 582965
h0.t15.propagations = 582965
h0.t0.restarts = 55
h0.t0.nogoods_size = 341239
h0.t0.nodes = 292301
h0.t0.propagations = 292301
h0.t12.restarts = 55
h0.t12.nogoods_size = 341239
h0.t12.nodes = 583572
h0.t12.propagations = 583572
h0.search_time = 10802
h0.nodes = 9951078
h0.propagations = 26431153
h1.t14.restarts = 55
h1.t14.nogoods_size = 341611
h1.t14.nodes = 620553
h1.t14.propagations = 620553
h1.t7.restarts = 55
h1.t7.nogoods_size = 341611
h1.t7.nodes = 635575
h1.t7.propagations = 635575
h1.t10.restarts = 55
h1.t10.nogoods_size = 341611
h1.t10.nodes = 646033
h1.t10.propagations = 646033
h1.t9.restarts = 55
h1.t9.nogoods_size = 341611
h1.t9.nodes = 626827
h1.t9.propagations = 626827
h1.t11.restarts = 55
h1.t11.nogoods_size = 341611
h1.t11.nodes = 637718
h1.t11.propagations = 637718
h1.t2.restarts = 55
h1.t2.nogoods_size = 341611
h1.t2.nodes = 659169
h1.t2.propagations = 659169
h1.t8.restarts = 55
h1.t8.nogoods_size = 341611
h1.t8.nodes = 630648
h1.t8.propagations = 630648
h1.t6.restarts = 55
h1.t6.nogoods_size = 341611
h1.t6.nodes = 634781
h1.t6.propagations = 634781
h1.t4.restarts = 55
h1.t4.nogoods_size = 341611
h1.t4.nodes = 653995
h1.t4.propagations = 653995
h1.t5.restarts = 55
h1.t5.nogoods_size = 341611
h1.t5.nodes = 637949
h1.t5.propagations = 637949
h1.t13.restarts = 55
h1.t13.nogoods_size = 341611
h1.t13.nodes = 630612
h1.t13.propagations = 630612
h1.t17.restarts = 55
h1.t17.nogoods_size = 341611
h1.t17.nodes = 393226
h1.t17.propagations = 393226
h1.t1.restarts = 55
h1.t1.nogoods_size = 341611
h1.t1.nodes = 638330
h1.t1.propagations = 638330
h1.t12.restarts = 55
h1.t12.nogoods_size = 341611
h1.t12.nodes = 644049
h1.t12.propagations = 644049
h1.t16.restarts = 55
h1.t16.nogoods_size = 341611
h1.t16.nodes = 646148
h1.t16.propagations = 646148
h1.t3.restarts = 55
h1.t3.nogoods_size = 341611
h1.t3.nodes = 637357
h1.t3.propagations = 637357
h1.t0.restarts = 55
h1.t0.nogoods_size = 341611
h1.t0.nodes = 292290
h1.t0.propagations = 292290
h1.t15.restarts = 55
h1.t15.nogoods_size = 341611
h1.t15.nodes = 620534
h1.t15.propagations = 620534
h1.search_time = 10793
h1.nodes = 10885794
h1.propagations = 28947648
h2.t11.restarts = 55
h2.t11.nogoods_size = 341369
h2.t11.nodes = 607738
h2.t11.propagations = 607738
h2.t4.restarts = 55
h2.t4.nogoods_size = 341369
h2.t4.nodes = 608646
h2.t4.propagations = 608646
h2.t16.restarts = 55
h2.t16.nogoods_size = 341369
h2.t16.nodes = 653543
h2.t16.propagations = 653543
h2.t7.restarts = 55
h2.t7.nogoods_size = 341369
h2.t7.nodes = 586743
h2.t7.propagations = 586743
h2.t8.restarts = 55
h2.t8.nogoods_size = 341369
h2.t8.nodes = 622298
h2.t8.propagations = 622298
h2.t3.restarts = 55
h2.t3.nogoods_size = 341369
h2.t3.nodes = 606729
h2.t3.propagations = 606729
h2.t5.restarts = 55
h2.t5.nogoods_size = 341369
h2.t5.nodes = 618289
h2.t5.propagations = 618289
h2.t6.restarts = 55
h2.t6.nogoods_size = 341369
h2.t6.nodes = 593053
h2.t6.propagations = 593053
h2.t15.restarts = 55
h2.t15.nogoods_size = 341369
h2.t15.nodes = 602754
h2.t15.propagations = 602754
h2.t14.restarts = 55
h2.t14.nogoods_size = 341369
h2.t14.nodes = 597039
h2.t14.propagations = 597039
h2.t17.restarts = 55
h2.t17.nogoods_size = 341369
h2.t17.nodes = 393711
h2.t17.propagations = 393711
h2.t13.restarts = 55
h2.t13.nogoods_size = 341369
h2.t13.nodes = 591564
h2.t13.propagations = 591564
h2.t10.restarts = 55
h2.t10.nogoods_size = 341369
h2.t10.nodes = 597829
h2.t10.propagations = 597829
h2.t12.restarts = 55
h2.t12.nogoods_size = 341369
h2.t12.nodes = 611044
h2.t12.propagations = 611044
h2.t9.restarts = 55
h2.t9.nogoods_size = 341369
h2.t9.nodes = 608293
h2.t9.propagations = 608293
h2.t2.restarts = 55
h2.t2.nogoods_size = 341369
h2.t2.nodes = 593863
h2.t2.propagations = 593863
h2.t1.restarts = 55
h2.t1.nogoods_size = 341369
h2.t1.nodes = 603143
h2.t1.propagations = 603143
h2.t0.restarts = 55
h2.t0.nogoods_size = 341369
h2.t0.nodes = 292283
h2.t0.propagations = 292283
h2.search_time = 10782
h2.nodes = 10388562
h2.propagations = 27638370
h3.t2.where = 0/150 -1/-1 0/114 -1/-1 0/87 -1/-1 0/65 -1/-1 0/45 -1/-1 0/31 -1/-1 0/22 -1/-1 0/13 -1/-1 0/10 -1/-1 0/10 -1/-1 7/9 -1/-1 0/6 -1/-1 2/5 -1/-1 3/5 -1/-1 2/3 -1/-1 1/2 -1/-1 0/3 -1/-1 0/2 -1/-1 -1/-1 -1/-1 -1/-1 -1/-1 0/2 -1/-1 -1/-1 -1/-1 -1/-1 -1/-1 -1/-1 -1/-1 -1/-1
h3.t2.stop_reason = satisfiable
h3.t2.restarts = 55
h3.t2.nogoods_size = 340239
h3.t2.nodes = 593886
h3.t2.propagations = 593886
h3.t0.stop_reason = aborted
h3.t0.restarts = 55
h3.t0.nogoods_size = 340239
h3.t0.nodes = 286862
h3.t0.propagations = 286862
h3.t10.stop_reason = aborted
h3.t10.restarts = 55
h3.t10.nogoods_size = 340239
h3.t10.nodes = 597928
h3.t10.propagations = 597928
h3.t8.stop_reason = aborted
h3.t8.restarts = 55
h3.t8.nogoods_size = 340239
h3.t8.nodes = 589759
h3.t8.propagations = 589759
h3.t17.stop_reason = aborted
h3.t17.restarts = 55
h3.t17.nogoods_size = 340239
h3.t17.nodes = 387279
h3.t17.propagations = 387279
h3.t9.stop_reason = aborted
h3.t9.restarts = 55
h3.t9.nogoods_size = 340239
h3.t9.nodes = 607844
h3.t9.propagations = 607844
h3.t16.stop_reason = aborted
h3.t16.restarts = 55
h3.t16.nogoods_size = 340239
h3.t16.nodes = 646391
h3.t16.propagations = 646391
h3.t3.stop_reason = aborted
h3.t3.restarts = 55
h3.t3.nogoods_size = 340239
h3.t3.nodes = 571005
h3.t3.propagations = 571005
h3.t6.stop_reason = aborted
h3.t6.restarts = 55
h3.t6.nogoods_size = 340239
h3.t6.nodes = 583813
h3.t6.propagations = 583813
h3.t4.stop_reason = aborted
h3.t4.restarts = 55
h3.t4.nogoods_size = 340239
h3.t4.nodes = 605183
h3.t4.propagations = 605183
h3.t5.stop_reason = aborted
h3.t5.restarts = 55
h3.t5.nogoods_size = 340239
h3.t5.nodes = 599439
h3.t5.propagations = 599439
h3.t11.stop_reason = aborted
h3.t11.restarts = 55
h3.t11.nogoods_size = 340239
h3.t11.nodes = 607027
h3.t11.propagations = 607027
h3.t7.stop_reason = aborted
h3.t7.restarts = 55
h3.t7.nogoods_size = 340239
h3.t7.nodes = 603747
h3.t7.propagations = 603747
h3.t13.stop_reason = aborted
h3.t13.restarts = 55
h3.t13.nogoods_size = 340239
h3.t13.nodes = 599649
h3.t13.propagations = 599649
h3.t15.stop_reason = aborted
h3.t15.restarts = 55
h3.t15.nogoods_size = 340239
h3.t15.nodes = 604690
h3.t15.propagations = 604690
h3.t1.stop_reason = aborted
h3.t1.restarts = 55
h3.t1.nogoods_size = 340239
h3.t1.nodes = 612915
h3.t1.propagations = 612915
h3.t12.stop_reason = aborted
h3.t12.restarts = 55
h3.t12.nogoods_size = 340239
h3.t12.nodes = 599432
h3.t12.propagations = 599432
h3.t14.stop_reason = aborted
h3.t14.restarts = 55
h3.t14.nogoods_size = 340239
h3.t14.nodes = 597188
h3.t14.propagations = 597188
h3.search_time = 10790
h3.nodes = 10294037
h3.propagations = 27292126
h4.t7.restarts = 55
h4.t7.nogoods_size = 341983
h4.t7.nodes = 837950
h4.t7.propagations = 837950
h4.t4.restarts = 55
h4.t4.nogoods_size = 341983
h4.t4.nodes = 810977
h4.t4.propagations = 810977
h4.t3.restarts = 55
h4.t3.nogoods_size = 341983
h4.t3.nodes = 853541
h4.t3.propagations = 853541
h4.t8.restarts = 55
h4.t8.nogoods_size = 341983
h4.t8.nodes = 838434
h4.t8.propagations = 838434
h4.t12.restarts = 55
h4.t12.nogoods_size = 341983
h4.t12.nodes = 820919
h4.t12.propagations = 820919
h4.t1.restarts = 55
h4.t1.nogoods_size = 341983
h4.t1.nodes = 832467
h4.t1.propagations = 832467
h4.t13.restarts = 55
h4.t13.nogoods_size = 341983
h4.t13.nodes = 854517
h4.t13.propagations = 854517
h4.t5.restarts = 55
h4.t5.nogoods_size = 341983
h4.t5.nodes = 839719
h4.t5.propagations = 839719
h4.t17.restarts = 55
h4.t17.nogoods_size = 341983
h4.t17.nodes = 398197
h4.t17.propagations = 398197
h4.t11.restarts = 55
h4.t11.nogoods_size = 341983
h4.t11.nodes = 836626
h4.t11.propagations = 836626
h4.t9.restarts = 55
h4.t9.nogoods_size = 341983
h4.t9.nodes = 817664
h4.t9.propagations = 817664
h4.t14.restarts = 55
h4.t14.nogoods_size = 341983
h4.t14.nodes = 803783
h4.t14.propagations = 803783
h4.t10.restarts = 55
h4.t10.nogoods_size = 341983
h4.t10.nodes = 807867
h4.t10.propagations = 807867
h4.t2.restarts = 55
h4.t2.nogoods_size = 341983
h4.t2.nodes = 845362
h4.t2.propagations = 845362
h4.t6.restarts = 55
h4.t6.nogoods_size = 341983
h4.t6.nodes = 827824
h4.t6.propagations = 827824
h4.t0.restarts = 55
h4.t0.nogoods_size = 341983
h4.t0.nodes = 292293
h4.t0.propagations = 292293
h4.t15.restarts = 55
h4.t15.nogoods_size = 341983
h4.t15.nodes = 846988
h4.t15.propagations = 846988
h4.t16.restarts = 55
h4.t16.nogoods_size = 341983
h4.t16.nodes = 825321
h4.t16.propagations = 825321
h4.search_time = 10795
h4.nodes = 13990449
h4.propagations = 37132943
h5.t14.restarts = 55
h5.t14.nogoods_size = 341881
h5.t14.nodes = 814041
h5.t14.propagations = 814041
h5.t12.restarts = 55
h5.t12.nogoods_size = 341881
h5.t12.nodes = 825483
h5.t12.propagations = 825483
h5.t6.restarts = 55
h5.t6.nogoods_size = 341881
h5.t6.nodes = 827882
h5.t6.propagations = 827882
h5.t16.restarts = 55
h5.t16.nogoods_size = 341881
h5.t16.nodes = 819204
h5.t16.propagations = 819204
h5.t8.restarts = 55
h5.t8.nogoods_size = 341881
h5.t8.nodes = 800466
h5.t8.propagations = 800466
h5.t5.restarts = 55
h5.t5.nogoods_size = 341881
h5.t5.nodes = 808274
h5.t5.propagations = 808274
h5.t17.restarts = 55
h5.t17.nogoods_size = 341881
h5.t17.nodes = 382792
h5.t17.propagations = 382792
h5.t3.restarts = 55
h5.t3.nogoods_size = 341881
h5.t3.nodes = 820221
h5.t3.propagations = 820221
h5.t10.restarts = 55
h5.t10.nogoods_size = 341881
h5.t10.nodes = 832451
h5.t10.propagations = 832451
h5.t7.restarts = 55
h5.t7.nogoods_size = 341881
h5.t7.nodes = 830521
h5.t7.propagations = 830521
h5.t15.restarts = 55
h5.t15.nogoods_size = 341881
h5.t15.nodes = 821045
h5.t15.propagations = 821045
h5.t9.restarts = 55
h5.t9.nogoods_size = 341881
h5.t9.nodes = 821586
h5.t9.propagations = 821586
h5.t1.restarts = 55
h5.t1.nogoods_size = 341881
h5.t1.nodes = 823315
h5.t1.propagations = 823315
h5.t13.restarts = 55
h5.t13.nogoods_size = 341881
h5.t13.nodes = 812904
h5.t13.propagations = 812904
h5.t11.restarts = 55
h5.t11.nogoods_size = 341881
h5.t11.nodes = 804981
h5.t11.propagations = 804981
h5.t4.restarts = 55
h5.t4.nogoods_size = 341881
h5.t4.nodes = 839076
h5.t4.propagations = 839076
h5.t0.restarts = 55
h5.t0.nogoods_size = 341881
h5.t0.nodes = 292286
h5.t0.propagations = 292286
h5.t2.restarts = 55
h5.t2.nogoods_size = 341881
h5.t2.nodes = 796303
h5.t2.propagations = 796303
h5.search_time = 10804
h5.nodes = 13772831
h5.propagations = 36655244
h6.t2.restarts = 55
h6.t2.nogoods_size = 341790
h6.t2.nodes = 601158
h6.t2.propagations = 601158
h6.t1.restarts = 55
h6.t1.nogoods_size = 341790
h6.t1.nodes = 614628
h6.t1.propagations = 614628
h6.t8.restarts = 55
h6.t8.nogoods_size = 341790
h6.t8.nodes = 604791
h6.t8.propagations = 604791
h6.t11.restarts = 55
h6.t11.nogoods_size = 341790
h6.t11.nodes = 608499
h6.t11.propagations = 608499
h6.t15.restarts = 55
h6.t15.nogoods_size = 341790
h6.t15.nodes = 584980
h6.t15.propagations = 584980
h6.t14.restarts = 55
h6.t14.nogoods_size = 341790
h6.t14.nodes = 607216
h6.t14.propagations = 607216
h6.t17.restarts = 55
h6.t17.nogoods_size = 341790
h6.t17.nodes = 389767
h6.t17.propagations = 389767
h6.t6.restarts = 55
h6.t6.nogoods_size = 341790
h6.t6.nodes = 588519
h6.t6.propagations = 588519
h6.t7.restarts = 55
h6.t7.nogoods_size = 341790
h6.t7.nodes = 607474
h6.t7.propagations = 607474
h6.t5.restarts = 55
h6.t5.nogoods_size = 341790
h6.t5.nodes = 594169
h6.t5.propagations = 594169
h6.t9.restarts = 55
h6.t9.nogoods_size = 341790
h6.t9.nodes = 592591
h6.t9.propagations = 592591
h6.t3.restarts = 55
h6.t3.nogoods_size = 341790
h6.t3.nodes = 594093
h6.t3.propagations = 594093
h6.t10.restarts = 55
h6.t10.nogoods_size = 341790
h6.t10.nodes = 605348
h6.t10.propagations = 605348
h6.t16.restarts = 55
h6.t16.nogoods_size = 341790
h6.t16.nodes = 611561
h6.t16.propagations = 611561
h6.t0.restarts = 55
h6.t0.nogoods_size = 341790
h6.t0.nodes = 292276
h6.t0.propagations = 292276
h6.t4.restarts = 55
h6.t4.nogoods_size = 341790
h6.t4.nodes = 605125
h6.t4.propagations = 605125
h6.t12.restarts = 55
h6.t12.nogoods_size = 341790
h6.t12.nodes = 600646
h6.t12.propagations = 600646
h6.t13.restarts = 55
h6.t13.nogoods_size = 341790
h6.t13.nodes = 608063
h6.t13.propagations = 608063
h6.search_time = 10810
h6.nodes = 10310904
h6.propagations = 27437997
h7.t16.restarts = 55
h7.t16.nogoods_size = 341461
h7.t16.nodes = 608223
h7.t16.propagations = 608223
h7.t5.restarts = 55
h7.t5.nogoods_size = 341461
h7.t5.nodes = 629849
h7.t5.propagations = 629849
h7.t13.restarts = 55
h7.t13.nogoods_size = 341461
h7.t13.nodes = 620318
h7.t13.propagations = 620318
h7.t4.restarts = 55
h7.t4.nogoods_size = 341461
h7.t4.nodes = 647121
h7.t4.propagations = 647121
h7.t9.restarts = 55
h7.t9.nogoods_size = 341461
h7.t9.nodes = 628795
h7.t9.propagations = 628795
h7.t2.restarts = 55
h7.t2.nogoods_size = 341461
h7.t2.nodes = 629874
h7.t2.propagations = 629874
h7.t6.restarts = 55
h7.t6.nogoods_size = 341461
h7.t6.nodes = 637145
h7.t6.propagations = 637145
h7.t7.restarts = 55
h7.t7.nogoods_size = 341461
h7.t7.nodes = 620562
h7.t7.propagations = 620562
h7.t17.restarts = 55
h7.t17.nogoods_size = 341461
h7.t17.nodes = 398168
h7.t17.propagations = 398168
h7.t8.restarts = 55
h7.t8.nogoods_size = 341461
h7.t8.nodes = 605889
h7.t8.propagations = 605889
h7.t15.restarts = 55
h7.t15.nogoods_size = 341461
h7.t15.nodes = 602033
h7.t15.propagations = 602033
h7.t3.restarts = 55
h7.t3.nogoods_size = 341461
h7.t3.nodes = 608701
h7.t3.propagations = 608701
h7.t1.restarts = 55
h7.t1.nogoods_size = 341461
h7.t1.nodes = 641368
h7.t1.propagations = 641368
h7.t11.restarts = 55
h7.t11.nogoods_size = 341461
h7.t11.nodes = 627226
h7.t11.propagations = 627226
h7.t14.restarts = 55
h7.t14.nogoods_size = 341461
h7.t14.nodes = 620765
h7.t14.propagations = 620765
h7.t10.restarts = 55
h7.t10.nogoods_size = 341461
h7.t10.nodes = 629033
h7.t10.propagations = 629033
h7.t0.restarts = 55
h7.t0.nogoods_size = 341461
h7.t0.nodes = 292300
h7.t0.propagations = 292300
h7.t12.restarts = 55
h7.t12.nogoods_size = 341461
h7.t12.nodes = 631893
h7.t12.propagations = 631893
h7.search_time = 10820
h7.nodes = 10679263
h7.propagations = 28369596
h8.t10.restarts = 55
h8.t10.nogoods_size = 341435
h8.t10.nodes = 590565
h8.t10.propagations = 590565
h8.t16.restarts = 55
h8.t16.nogoods_size = 341435
h8.t16.nodes = 600741
h8.t16.propagations = 600741
h8.t2.restarts = 55
h8.t2.nogoods_size = 341435
h8.t2.nodes = 597070
h8.t2.propagations = 597070
h8.t9.restarts = 55
h8.t9.nogoods_size = 341435
h8.t9.nodes = 609213
h8.t9.propagations = 609213
h8.t17.restarts = 55
h8.t17.nogoods_size = 341435
h8.t17.nodes = 376220
h8.t17.propagations = 376220
h8.t1.restarts = 55
h8.t1.nogoods_size = 341435
h8.t1.nodes = 599660
h8.t1.propagations = 599660
h8.t11.restarts = 55
h8.t11.nogoods_size = 341435
h8.t11.nodes = 589092
h8.t11.propagations = 589092
h8.t5.restarts = 55
h8.t5.nogoods_size = 341435
h8.t5.nodes = 594105
h8.t5.propagations = 594105
h8.t14.restarts = 55
h8.t14.nogoods_size = 341435
h8.t14.nodes = 604351
h8.t14.propagations = 604351
h8.t15.restarts = 55
h8.t15.nogoods_size = 341435
h8.t15.nodes = 593040
h8.t15.propagations = 593040
h8.t8.restarts = 55
h8.t8.nogoods_size = 341435
h8.t8.nodes = 592978
h8.t8.propagations = 592978
h8.t12.restarts = 55
h8.t12.nogoods_size = 341435
h8.t12.nodes = 603481
h8.t12.propagations = 603481
h8.t7.restarts = 55
h8.t7.nogoods_size = 341435
h8.t7.nodes = 605334
h8.t7.propagations = 605334
h8.t13.restarts = 55
h8.t13.nogoods_size = 341435
h8.t13.nodes = 614842
h8.t13.propagations = 614842
h8.t4.restarts = 55
h8.t4.nogoods_size = 341435
h8.t4.nodes = 581721
h8.t4.propagations = 581721
h8.t0.restarts = 55
h8.t0.nogoods_size = 341435
h8.t0.nodes = 292290
h8.t0.propagations = 292290
h8.t3.restarts = 55
h8.t3.nogoods_size = 341435
h8.t3.nodes = 590451
h8.t3.propagations = 590451
h8.t6.restarts = 55
h8.t6.nogoods_size = 341435
h8.t6.nodes = 597279
h8.t6.propagations = 597279
h8.search_time = 10826
h8.nodes = 10232433
h8.propagations = 27225760
h9.t13.restarts = 55
h9.t13.nogoods_size = 341360
h9.t13.nodes = 656976
h9.t13.propagations = 656976
h9.t3.restarts = 55
h9.t3.nogoods_size = 341360
h9.t3.nodes = 650730
h9.t3.propagations = 650730
h9.t5.restarts = 55
h9.t5.nogoods_size = 341360
h9.t5.nodes = 628730
h9.t5.propagations = 628730
h9.t14.restarts = 55
h9.t14.nogoods_size = 341360
h9.t14.nodes = 654494
h9.t14.propagations = 654494
h9.t9.restarts = 55
h9.t9.nogoods_size = 341360
h9.t9.nodes = 635096
h9.t9.propagations = 635096
h9.t16.restarts = 55
h9.t16.nogoods_size = 341360
h9.t16.nodes = 636131
h9.t16.propagations = 636131
h9.t12.restarts = 55
h9.t12.nogoods_size = 341360
h9.t12.nodes = 664695
h9.t12.propagations = 664695
h9.t10.restarts = 55
h9.t10.nogoods_size = 341360
h9.t10.nodes = 632951
h9.t10.propagations = 632951
h9.t1.restarts = 55
h9.t1.nogoods_size = 341360
h9.t1.nodes = 664915
h9.t1.propagations = 664915
h9.t17.restarts = 55
h9.t17.nogoods_size = 341360
h9.t17.nodes = 400332
h9.t17.propagations = 400332
h9.t11.restarts = 55
h9.t11.nogoods_size = 341360
h9.t11.nodes = 651865
h9.t11.propagations = 651865
h9.t6.restarts = 55
h9.t6.nogoods_size = 341360
h9.t6.nodes = 647913
h9.t6.propagations = 647913
h9.t4.restarts = 55
h9.t4.nogoods_size = 341360
h9.t4.nodes = 645768
h9.t4.propagations = 645768
h9.t8.restarts = 55
h9.t8.nogoods_size = 341360
h9.t8.nodes = 639286
h9.t8.propagations = 639286
h9.t2.restarts = 55
h9.t2.nogoods_size = 341360
h9.t2.nodes = 636678
h9.t2.propagations = 636678
h9.t0.restarts = 55
h9.t0.nogoods_size = 341360
h9.t0.nodes = 292281
h9.t0.propagations = 292281
h9.t15.restarts = 55
h9.t15.nogoods_size = 341360
h9.t15.nodes = 649599
h9.t15.propagations = 649599
h9.t7.restarts = 55
h9.t7.nogoods_size = 341360
h9.t7.nodes = 635880
h9.t7.propagations = 635880
h9.search_time = 10798
h9.nodes = 11024320
h9.propagations = 29316036
h10.t16.restarts = 55
h10.t16.nogoods_size = 341914
h10.t16.nodes = 794248
h10.t16.propagations = 794248
h10.t13.restarts = 55
h10.t13.nogoods_size = 341914
h10.t13.nodes = 805767
h10.t13.propagations = 805767
h10.t5.restarts = 55
h10.t5.nogoods_size = 341914
h10.t5.nodes = 785741
h10.t5.propagations = 785741
h10.t9.restarts = 55
h10.t9.nogoods_size = 341914
h10.t9.nodes = 810403
h10.t9.propagations = 810403
h10.t3.restarts = 55
h10.t3.nogoods_size = 341914
h10.t3.nodes = 796245
h10.t3.propagations = 796245
h10.t8.restarts = 55
h10.t8.nogoods_size = 341914
h10.t8.nodes = 822458
h10.t8.propagations = 822458
h10.t15.restarts = 55
h10.t15.nogoods_size = 341914
h10.t15.nodes = 809520
h10.t15.propagations = 809520
h10.t7.restarts = 55
h10.t7.nogoods_size = 341914
h10.t7.nodes = 802212
h10.t7.propagations = 802212
h10.t11.restarts = 55
h10.t11.nogoods_size = 341914
h10.t11.nodes = 814868
h10.t11.propagations = 814868
h10.t4.restarts = 55
h10.t4.nogoods_size = 341914
h10.t4.nodes = 811376
h10.t4.propagations = 811376
h10.t2.restarts = 55
h10.t2.nogoods_size = 341914
h10.t2.nodes = 785512
h10.t2.propagations = 785512
h10.t10.restarts = 55
h10.t10.nogoods_size = 341914
h10.t10.nodes = 790100
h10.t10.propagations = 790100
h10.t6.restarts = 55
h10.t6.nogoods_size = 341914
h10.t6.nodes = 792069
h10.t6.propagations = 792069
h10.t12.restarts = 55
h10.t12.nogoods_size = 341914
h10.t12.nodes = 793656
h10.t12.propagations = 793656
h10.t1.restarts = 55
h10.t1.nogoods_size = 341914
h10.t1.nodes = 795240
h10.t1.propagations = 795240
h10.t17.restarts = 55
h10.t17.nogoods_size = 341914
h10.t17.nodes = 374708
h10.t17.propagations = 374708
h10.t0.restarts = 55
h10.t0.nogoods_size = 341914
h10.t0.nodes = 292286
h10.t0.propagations = 292286
h10.t14.restarts = 55
h10.t14.nogoods_size = 341914
h10.t14.nodes = 784090
h10.t14.propagations = 784090
h10.search_time = 10802
h10.nodes = 13460499
h10.propagations = 35762592
h11.t13.restarts = 55
h11.t13.nogoods_size = 341972
h11.t13.nodes = 779228
h11.t13.propagations = 779228
h11.t8.restarts = 55
h11.t8.nogoods_size = 341972
h11.t8.nodes = 796803
h11.t8.propagations = 796803
h11.t7.restarts = 55
h11.t7.nogoods_size = 341972
h11.t7.nodes = 794223
h11.t7.propagations = 794223
h11.t12.restarts = 55
h11.t12.nogoods_size = 341972
h11.t12.nodes = 815365
h11.t12.propagations = 815365
h11.t14.restarts = 55
h11.t14.nogoods_size = 341972
h11.t14.nodes = 813845
h11.t14.propagations = 813845
h11.t11.restarts = 55
h11.t11.nogoods_size = 341972
h11.t11.nodes = 787723
h11.t11.propagations = 787723
h11.t4.restarts = 55
h11.t4.nogoods_size = 341972
h11.t4.nodes = 808990
h11.t4.propagations = 808990
h11.t6.restarts = 55
h11.t6.nogoods_size = 341972
h11.t6.nodes = 798383
h11.t6.propagations = 798383
h11.t1.restarts = 55
h11.t1.nogoods_size = 341972
h11.t1.nodes = 811102
h11.t1.propagations = 811102
h11.t17.restarts = 55
h11.t17.nogoods_size = 341972
h11.t17.nodes = 366208
h11.t17.propagations = 366208
h11.t10.restarts = 55
h11.t10.nogoods_size = 341972
h11.t10.nodes = 772202
h11.t10.propagations = 772202
h11.t9.restarts = 55
h11.t9.nogoods_size = 341972
h11.t9.nodes = 814138
h11.t9.propagations = 814138
h11.t3.restarts = 55
h11.t3.nogoods_size = 341972
h11.t3.nodes = 814550
h11.t3.propagations = 814550
h11.t2.restarts = 55
h11.t2.nogoods_size = 341972
h11.t2.nodes = 824256
h11.t2.propagations = 824256
h11.t0.restarts = 55
h11.t0.nogoods_size = 341972
h11.t0.nodes = 292281
h11.t0.propagations = 292281
h11.t16.restarts = 55
h11.t16.nogoods_size = 341972
h11.t16.nodes = 808978
h11.t16.propagations = 808978
h11.t5.restarts = 55
h11.t5.nogoods_size = 341972
h11.t5.nodes = 809636
h11.t5.propagations = 809636
h11.t15.restarts = 55
h11.t15.nogoods_size = 341972
h11.t15.nodes = 786662
h11.t15.propagations = 786662
h11.search_time = 10793
h11.nodes = 13494573
h11.propagations = 35852612
h12.t12.restarts = 55
h12.t12.nogoods_size = 341455
h12.t12.nodes = 662135
h12.t12.propagations = 662135
h12.t6.restarts = 55
h12.t6.nogoods_size = 341455
h12.t6.nodes = 682492
h12.t6.propagations = 682492
h12.t5.restarts = 55
h12.t5.nogoods_size = 341455
h12.t5.nodes = 687723
h12.t5.propagations = 687723
h12.t1.restarts = 55
h12.t1.nogoods_size = 341455
h12.t1.nodes = 668218
h12.t1.propagations = 668218
h12.t4.restarts = 55
h12.t4.nogoods_size = 341455
h12.t4.nodes = 668471
h12.t4.propagations = 668471
h12.t3.restarts = 55
h12.t3.nogoods_size = 341455
h12.t3.nodes = 645508
h12.t3.propagations = 645508
h12.t16.restarts = 55
h12.t16.nogoods_size = 341455
h12.t16.nodes = 658219
h12.t16.propagations = 658219
h12.t0.restarts = 55
h12.t0.nogoods_size = 341455
h12.t0.nodes = 292295
h12.t0.propagations = 292295
h12.t7.restarts = 55
h12.t7.nogoods_size = 341455
h12.t7.nodes = 688781
h12.t7.propagations = 688781
h12.t14.restarts = 55
h12.t14.nogoods_size = 341455
h12.t14.nodes = 656882
h12.t14.propagations = 656882
h12.t8.restarts = 55
h12.t8.nogoods_size = 341455
h12.t8.nodes = 668453
h12.t8.propagations = 668453
h12.t9.restarts = 55
h12.t9.nogoods_size = 341455
h12.t9.nodes = 664513
h12.t9.propagations = 664513
h12.t10.restarts = 55
h12.t10.nogoods_size = 341455
h12.t10.nodes = 638986
h12.t10.propagations = 638986
h12.t15.restarts = 55
h12.t15.nogoods_size = 341455
h12.t15.nodes = 677588
h12.t15.propagations = 677588
h12.t11.restarts = 55
h12.t11.nogoods_size = 341455
h12.t11.nodes = 633468
h12.t11.propagations = 633468
h12.t2.restarts = 55
h12.t2.nogoods_size = 341455
h12.t2.nodes = 640911
h12.t2.propagations = 640911
h12.t13.restarts = 55
h12.t13.nogoods_size = 341455
h12.t13.nodes = 643129
h12.t13.propagations = 643129
h12.t17.restarts = 55
h12.t17.nogoods_size = 341455
h12.t17.nodes = 407270
h12.t17.propagations = 407270
h12.search_time = 10814
h12.nodes = 11285042
h12.propagations = 29972689
h13.t12.restarts = 55
h13.t12.nogoods_size = 341417
h13.t12.nodes = 605783
h13.t12.propagations = 605783
h13.t15.restarts = 55
h13.t15.nogoods_size = 341417
h13.t15.nodes = 607947
h13.t15.propagations = 607947
h13.t5.restarts = 55
h13.t5.nogoods_size = 341417
h13.t5.nodes = 593063
h13.t5.propagations = 593063
h13.t8.restarts = 55
h13.t8.nogoods_size = 341417
h13.t8.nodes = 603222
h13.t8.propagations = 603222
h13.t16.restarts = 55
h13.t16.nogoods_size = 341417
h13.t16.nodes = 619251
h13.t16.propagations = 619251
h13.t4.restarts = 55
h13.t4.nogoods_size = 341417
h13.t4.nodes = 604475
h13.t4.propagations = 604475
h13.t9.restarts = 55
h13.t9.nogoods_size = 341417
h13.t9.nodes = 611124
h13.t9.propagations = 611124
h13.t11.restarts = 55
h13.t11.nogoods_size = 341417
h13.t11.nodes = 599491
h13.t11.propagations = 599491
h13.t3.restarts = 55
h13.t3.nogoods_size = 341417
h13.t3.nodes = 608843
h13.t3.propagations = 608843
h13.t2.restarts = 55
h13.t2.nogoods_size = 341417
h13.t2.nodes = 606659
h13.t2.propagations = 606659
h13.t10.restarts = 55
h13.t10.nogoods_size = 341417
h13.t10.nodes = 608293
h13.t10.propagations = 608293
h13.t17.restarts = 55
h13.t17.nogoods_size = 341417
h13.t17.nodes = 394227
h13.t17.propagations = 394227
h13.t1.restarts = 55
h13.t1.nogoods_size = 341417
h13.t1.nodes = 603489
h13.t1.propagations = 603489
h13.t7.restarts = 55
h13.t7.nogoods_size = 341417
h13.t7.nodes = 612376
h13.t7.propagations = 612376
h13.t14.restarts = 55
h13.t14.nogoods_size = 341417
h13.t14.nodes = 610646
h13.t14.propagations = 610646
h13.t6.restarts = 55
h13.t6.nogoods_size = 341417
h13.t6.nodes = 592874
h13.t6.propagations = 592874
h13.t0.restarts = 55
h13.t0.nogoods_size = 341417
h13.t0.nodes = 292280
h13.t0.propagations = 292280
h13.t13.restarts = 55
h13.t13.nogoods_size = 341417
h13.t13.nodes = 597435
h13.t13.propagations = 597435
h13.search_time = 10817
h13.nodes = 10371478
h13.propagations = 27543048
h14.t0.restarts = 55
h14.t0.nogoods_size = 341196
h14.t0.nodes = 292269
h14.t0.propagations = 292269
h14.t14.restarts = 55
h14.t14.nogoods_size = 341196
h14.t14.nodes = 589976
h14.t14.propagations = 589976
h14.t9.restarts = 55
h14.t9.nogoods_size = 341196
h14.t9.nodes = 571207
h14.t9.propagations = 571207
h14.t17.restarts = 55
h14.t17.nogoods_size = 341196
h14.t17.nodes = 381832
h14.t17.propagations = 381832
h14.t13.restarts = 55
h14.t13.nogoods_size = 341196
h14.t13.nodes = 594561
h14.t13.propagations = 594561
h14.t4.restarts = 55
h14.t4.nogoods_size = 341196
h14.t4.nodes = 584250
h14.t4.propagations = 584250
h14.t2.restarts = 55
h14.t2.nogoods_size = 341196
h14.t2.nodes = 569419
h14.t2.propagations = 569419
h14.t12.restarts = 55
h14.t12.nogoods_size = 341196
h14.t12.nodes = 585072
h14.t12.propagations = 585072
h14.t16.restarts = 55
h14.t16.nogoods_size = 341196
h14.t16.nodes = 569728
h14.t16.propagations = 569728
h14.t15.restarts = 55
h14.t15.nogoods_size = 341196
h14.t15.nodes = 589098
h14.t15.propagations = 589098
h14.t5.restarts = 55
h14.t5.nogoods_size = 341196
h14.t5.nodes = 565712
h14.t5.propagations = 565712
h14.t8.restarts = 55
h14.t8.nogoods_size = 341196
h14.t8.nodes = 569703
h14.t8.propagations = 569703
h14.t7.restarts = 55
h14.t7.nogoods_size = 341196
h14.t7.nodes = 562310
h14.t7.propagations = 562310
h14.t11.restarts = 55
h14.t11.nogoods_size = 341196
h14.t11.nodes = 599866
h14.t11.propagations = 599866
h14.t6.restarts = 55
h14.t6.nogoods_size = 341196
h14.t6.nodes = 575204
h14.t6.propagations = 575204
h14.t10.restarts = 55
h14.t10.nogoods_size = 341196
h14.t10.nodes = 568578
h14.t10.propagations = 568578
h14.t3.restarts = 55
h14.t3.nogoods_size = 341196
h14.t3.nodes = 565055
h14.t3.propagations = 565055
h14.t1.restarts = 55
h14.t1.nogoods_size = 341196
h14.t1.nodes = 562971
h14.t1.propagations = 562971
h14.search_time = 10824
h14.nodes = 9896811
h14.propagations = 26270911
h15.t0.restarts = 55
h15.t0.nogoods_size = 341184
h15.t0.nodes = 292301
h15.t0.propagations = 292301
h15.t5.restarts = 55
h15.t5.nogoods_size = 341184
h15.t5.nodes = 576814
h15.t5.propagations = 576814
h15.t6.restarts = 55
h15.t6.nogoods_size = 341184
h15.t6.nodes = 573008
h15.t6.propagations = 573008
h15.t13.restarts = 55
h15.t13.nogoods_size = 341184
h15.t13.nodes = 579649
h15.t13.propagations = 579649
h15.t4.restarts = 55
h15.t4.nogoods_size = 341184
h15.t4.nodes = 564830
h15.t4.propagations = 564830
h15.t12.restarts = 55
h15.t12.nogoods_size = 341184
h15.t12.nodes = 572217
h15.t12.propagations = 572217
h15.t3.restarts = 55
h15.t3.nogoods_size = 341184
h15.t3.nodes = 581452
h15.t3.propagations = 581452
h15.t2.restarts = 55
h15.t2.nogoods_size = 341184
h15.t2.nodes = 576205
h15.t2.propagations = 576205
h15.t14.restarts = 55
h15.t14.nogoods_size = 341184
h15.t14.nodes = 582052
h15.t14.propagations = 582052
h15.t16.restarts = 55
h15.t16.nogoods_size = 341184
h15.t16.nodes = 584414
h15.t16.propagations = 584414
h15.t17.restarts = 55
h15.t17.nogoods_size = 341184
h15.t17.nodes = 381432
h15.t17.propagations = 381432
h15.t11.restarts = 55
h15.t11.nogoods_size = 341184
h15.t11.nodes = 591254
h15.t11.propagations = 591254
h15.t15.restarts = 55
h15.t15.nogoods_size = 341184
h15.t15.nodes = 573858
h15.t15.propagations = 573858
h15.t9.restarts = 55
h15.t9.nogoods_size = 341184
h15.t9.nodes = 578808
h15.t9.propagations = 578808
h15.t1.restarts = 55
h15.t1.nogoods_size = 341184
h15.t1.nodes = 588580
h15.t1.propagations = 588580
h15.t10.restarts = 55
h15.t10.nogoods_size = 341184
h15.t10.nodes = 603801
h15.t10.propagations = 603801
h15.t7.restarts = 55
h15.t7.nogoods_size = 341184
h15.t7.nodes = 569959
h15.t7.propagations = 569959
h15.t8.restarts = 55
h15.t8.nogoods_size = 341184
h15.t8.nodes = 611252
h15.t8.propagations = 611252
h15.search_time = 10821
h15.nodes = 9981886
h15.propagations = 26533929
h16.t16.restarts = 55
h16.t16.nogoods_size = 341441
h16.t16.nodes = 582178
h16.t16.propagations = 582178
h16.t17.restarts = 55
h16.t17.nogoods_size = 341441
h16.t17.nodes = 380592
h16.t17.propagations = 380592
h16.t14.restarts = 55
h16.t14.nogoods_size = 341441
h16.t14.nodes = 569095
h16.t14.propagations = 569095
h16.t1.restarts = 55
h16.t1.nogoods_size = 341441
h16.t1.nodes = 575952
h16.t1.propagations = 575952
h16.t5.restarts = 55
h16.t5.nogoods_size = 341441
h16.t5.nodes = 589557
h16.t5.propagations = 589557
h16.t4.restarts = 55
h16.t4.nogoods_size = 341441
h16.t4.nodes = 648554
h16.t4.propagations = 648554
h16.t13.restarts = 55
h16.t13.nogoods_size = 341441
h16.t13.nodes = 800479
h16.t13.propagations = 800479
h16.t2.restarts = 55
h16.t2.nogoods_size = 341441
h16.t2.nodes = 568550
h16.t2.propagations = 568550
h16.t11.restarts = 55
h16.t11.nogoods_size = 341441
h16.t11.nodes = 576362
h16.t11.propagations = 576362
h16.t6.restarts = 55
h16.t6.nogoods_size = 341441
h16.t6.nodes = 688122
h16.t6.propagations = 688122
h16.t3.restarts = 55
h16.t3.nogoods_size = 341441
h16.t3.nodes = 581782
h16.t3.propagations = 581782
h16.t15.restarts = 55
h16.t15.nogoods_size = 341441
h16.t15.nodes = 592521
h16.t15.propagations = 592521
h16.t12.restarts = 55
h16.t12.nogoods_size = 341441
h16.t12.nodes = 591743
h16.t12.propagations = 591743
h16.t8.restarts = 55
h16.t8.nogoods_size = 341441
h16.t8.nodes = 609448
h16.t8.propagations = 609448
h16.t10.restarts = 55
h16.t10.nogoods_size = 341441
h16.t10.nodes = 804740
h16.t10.propagations = 804740
h16.t7.restarts = 55
h16.t7.nogoods_size = 341441
h16.t7.nodes = 600695
h16.t7.propagations = 600695
h16.t9.restarts = 55
h16.t9.nogoods_size = 341441
h16.t9.nodes = 588454
h16.t9.propagations = 588454
h16.t0.restarts = 55
h16.t0.nogoods_size = 341441
h16.t0.nodes = 292296
h16.t0.propagations = 292296
h16.search_time = 10779
h16.nodes = 10641120
h16.propagations = 28259951
h17.t5.restarts = 55
h17.t5.nogoods_size = 341349
h17.t5.nodes = 577691
h17.t5.propagations = 577691
h17.t14.restarts = 55
h17.t14.nogoods_size = 341349
h17.t14.nodes = 603894
h17.t14.propagations = 603894
h17.t1.restarts = 55
h17.t1.nogoods_size = 341349
h17.t1.nodes = 550450
h17.t1.propagations = 550450
h17.t16.restarts = 55
h17.t16.nogoods_size = 341349
h17.t16.nodes = 586596
h17.t16.propagations = 586596
h17.t6.restarts = 55
h17.t6.nogoods_size = 341349
h17.t6.nodes = 686430
h17.t6.propagations = 686430
h17.t13.restarts = 55
h17.t13.nogoods_size = 341349
h17.t13.nodes = 777916
h17.t13.propagations = 777916
h17.t2.restarts = 55
h17.t2.nogoods_size = 341349
h17.t2.nodes = 561277
h17.t2.propagations = 561277
h17.t4.restarts = 55
h17.t4.nogoods_size = 341349
h17.t4.nodes = 586068
h17.t4.propagations = 586068
h17.t17.restarts = 55
h17.t17.nogoods_size = 341349
h17.t17.nodes = 377744
h17.t17.propagations = 377744
h17.t11.restarts = 55
h17.t11.nogoods_size = 341349
h17.t11.nodes = 552108
h17.t11.propagations = 552108
h17.t8.restarts = 55
h17.t8.nogoods_size = 341349
h17.t8.nodes = 569995
h17.t8.propagations = 569995
h17.t15.restarts = 55
h17.t15.nogoods_size = 341349
h17.t15.nodes = 554675
h17.t15.propagations = 554675
h17.t3.restarts = 55
h17.t3.nogoods_size = 341349
h17.t3.nodes = 569760
h17.t3.propagations = 569760
h17.t7.restarts = 55
h17.t7.nogoods_size = 341349
h17.t7.nodes = 549470
h17.t7.propagations = 549470
h17.t12.restarts = 55
h17.t12.nogoods_size = 341349
h17.t12.nodes = 550496
h17.t12.propagations = 550496
h17.t0.restarts = 55
h17.t0.nogoods_size = 341349
h17.t0.nodes = 292288
h17.t0.propagations = 292288
h17.t9.restarts = 55
h17.t9.nogoods_size = 341349
h17.t9.nodes = 558393
h17.t9.propagations = 558393
h17.t10.restarts = 55
h17.t10.nogoods_size = 341349
h17.t10.nodes = 816498
h17.t10.propagations = 816498
h17.search_time = 10798
h17.nodes = 10321749
h17.propagations = 27451795
h18.t16.restarts = 55
h18.t16.nogoods_size = 341683
h18.t16.nodes = 855768
h18.t16.propagations = 855768
h18.t14.restarts = 55
h18.t14.nogoods_size = 341683
h18.t14.nodes = 856276
h18.t14.propagations = 856276
h18.t12.restarts = 55
h18.t12.nogoods_size = 341683
h18.t12.nodes = 856474
h18.t12.propagations = 856474
h18.t10.restarts = 55
h18.t10.nogoods_size = 341683
h18.t10.nodes = 854665
h18.t10.propagations = 854665
h18.t7.restarts = 55
h18.t7.nogoods_size = 341683
h18.t7.nodes = 861900
h18.t7.propagations = 861900
h18.t11.restarts = 55
h18.t11.nogoods_size = 341683
h18.t11.nodes = 859290
h18.t11.propagations = 859290
h18.t6.restarts = 55
h18.t6.nogoods_size = 341683
h18.t6.nodes = 867790
h18.t6.propagations = 867790
h18.t2.restarts = 55
h18.t2.nogoods_size = 341683
h18.t2.nodes = 859435
h18.t2.propagations = 859435
h18.t4.restarts = 55
h18.t4.nogoods_size = 341683
h18.t4.nodes = 858176
h18.t4.propagations = 858176
h18.t5.restarts = 55
h18.t5.nogoods_size = 341683
h18.t5.nodes = 853183
h18.t5.propagations = 853183
h18.t1.restarts = 55
h18.t1.nogoods_size = 341683
h18.t1.nodes = 858817
h18.t1.propagations = 858817
h18.t17.restarts = 55
h18.t17.nogoods_size = 341683
h18.t17.nodes = 370351
h18.t17.propagations = 370351
h18.t13.restarts = 55
h18.t13.nogoods_size = 341683
h18.t13.nodes = 860765
h18.t13.propagations = 860765
h18.t8.restarts = 55
h18.t8.nogoods_size = 341683
h18.t8.nodes = 848458
h18.t8.propagations = 848458
h18.t9.restarts = 55
h18.t9.nogoods_size = 341683
h18.t9.nodes = 856417
h18.t9.propagations = 856417
h18.t3.restarts = 55
h18.t3.nogoods_size = 341683
h18.t3.nodes = 837500
h18.t3.propagations = 837500
h18.t15.restarts = 55
h18.t15.nogoods_size = 341683
h18.t15.nodes = 849857
h18.t15.propagations = 849857
h18.t0.restarts = 55
h18.t0.nogoods_size = 341683
h18.t0.nodes = 292289
h18.t0.propagations = 292289
h18.search_time = 10799
h18.nodes = 14357411
h18.propagations = 38196197
h19.t2.restarts = 55
h19.t2.nogoods_size = 341616
h19.t2.nodes = 832638
h19.t2.propagations = 832638
h19.t11.restarts = 55
h19.t11.nogoods_size = 341616
h19.t11.nodes = 827845
h19.t11.propagations = 827845
h19.t12.restarts = 55
h19.t12.nogoods_size = 341616
h19.t12.nodes = 815573
h19.t12.propagations = 815573
h19.t6.restarts = 55
h19.t6.nogoods_size = 341616
h19.t6.nodes = 833873
h19.t6.propagations = 833873
h19.t8.restarts = 55
h19.t8.nogoods_size = 341616
h19.t8.nodes = 830028
h19.t8.propagations = 830028
h19.t7.restarts = 55
h19.t7.nogoods_size = 341616
h19.t7.nodes = 818746
h19.t7.propagations = 818746
h19.t17.restarts = 55
h19.t17.nogoods_size = 341616
h19.t17.nodes = 387751
h19.t17.propagations = 387751
h19.t15.restarts = 55
h19.t15.nogoods_size = 341616
h19.t15.nodes = 827709
h19.t15.propagations = 827709
h19.t16.restarts = 55
h19.t16.nogoods_size = 341616
h19.t16.nodes = 834933
h19.t16.propagations = 834933
h19.t4.restarts = 55
h19.t4.nogoods_size = 341616
h19.t4.nodes = 830338
h19.t4.propagations = 830338
h19.t9.restarts = 55
h19.t9.nogoods_size = 341616
h19.t9.nodes = 826350
h19.t9.propagations = 826350
h19.t10.restarts = 55
h19.t10.nogoods_size = 341616
h19.t10.nodes = 819609
h19.t10.propagations = 819609
h19.t5.restarts = 55
h19.t5.nogoods_size = 341616
h19.t5.nodes = 829050
h19.t5.propagations = 829050
h19.t14.restarts = 55
h19.t14.nogoods_size = 341616
h19.t14.nodes = 825861
h19.t14.propagations = 825861
h19.t13.restarts = 55
h19.t13.nogoods_size = 341616
h19.t13.nodes = 826245
h19.t13.propagations = 826245
h19.t0.restarts = 55
h19.t0.nogoods_size = 341616
h19.t0.nodes = 292293
h19.t0.propagations = 292293
h19.t3.restarts = 55
h19.t3.nogoods_size = 341616
h19.t3.nodes = 832108
h19.t3.propagations = 832108
h19.t1.restarts = 55
h19.t1.nogoods_size = 341616
h19.t1.nodes = 810958
h19.t1.propagations = 810958
h19.search_time = 10780
h19.nodes = 13901908
h19.propagations = 36924602
