hostname = r1i2n22
commandline = ../glasgow/mpi_solve_subgraph_isomorphism --timeout 1000 --format lad --geometric-restarts=1.0 --restarts-constant=5400 --triggered-restarts --threads 18 ../instances/si/si2_rand_r01_400/si2_r01_m400.02/pattern ../instances/si/si2_rand_r01_400/si2_r01_m400.02/target
started_at = 2018-11-19 16:03:33
pattern_file = ../instances/si/si2_rand_r01_400/si2_r01_m400.02/pattern
target_file = ../instances/si/si2_rand_r01_400/si2_r01_m400.02/target
status = true
nodes = 25990245
propagations = 69300944
mapping = (0 -> 49) (1 -> 217) (2 -> 26) (3 -> 399) (4 -> 132) (5 -> 290) (6 -> 185) (7 -> 67) (8 -> 123) (9 -> 117) (10 -> 6) (11 -> 70) (12 -> 149) (13 -> 306) (14 -> 68) (15 -> 66) (16 -> 299) (17 -> 202) (18 -> 250) (19 -> 354) (20 -> 18) (21 -> 111) (22 -> 126) (23 -> 369) (24 -> 262) (25 -> 296) (26 -> 327) (27 -> 226) (28 -> 146) (29 -> 82) (30 -> 346) (31 -> 65) (32 -> 363) (33 -> 154) (34 -> 297) (35 -> 194) (36 -> 27) (37 -> 23) (38 -> 189) (39 -> 271) (40 -> 87) (41 -> 288) (42 -> 60) (43 -> 55) (44 -> 93) (45 -> 119) (46 -> 30) (47 -> 381) (48 -> 152) (49 -> 316) (50 -> 197) (51 -> 256) (52 -> 51) (53 -> 348) (54 -> 294) (55 -> 195) (56 -> 83) (57 -> 155) (58 -> 367) (59 -> 141) (60 -> 12) (61 -> 273) (62 -> 398) (63 -> 358) (64 -> 53) (65 -> 138) (66 -> 355) (67 -> 267) (68 -> 295) (69 -> 161) (70 -> 196) (71 -> 335) (72 -> 9) (73 -> 213) (74 -> 277) (75 -> 11) (76 -> 305) (77 -> 379) (78 -> 375) (79 -> 72) 
runtime = 2863
h0.t2.restarts = 8
h0.t2.nogoods_size = 92895
h0.t2.nodes = 76847
h0.t2.propagations = 76847
h0.t15.restarts = 8
h0.t15.nogoods_size = 92895
h0.t15.nodes = 76450
h0.t15.propagations = 76450
h0.t8.restarts = 8
h0.t8.nogoods_size = 92895
h0.t8.nodes = 75575
h0.t8.propagations = 75575
h0.t4.restarts = 8
h0.t4.nogoods_size = 92895
h0.t4.nodes = 74796
h0.t4.propagations = 74796
h0.t13.restarts = 8
h0.t13.nogoods_size = 92895
h0.t13.nodes = 75683
h0.t13.propagations = 75683
h0.t3.restarts = 8
h0.t3.nogoods_size = 92895
h0.t3.nodes = 74728
h0.t3.propagations = 74728
h0.t14.restarts = 8
h0.t14.nogoods_size = 92895
h0.t14.nodes = 74689
h0.t14.propagations = 74689
h0.t7.restarts = 8
h0.t7.nogoods_size = 92895
h0.t7.nodes = 76889
h0.t7.propagations = 76889
h0.t11.restarts = 8
h0.t11.nogoods_size = 92895
h0.t11.nodes = 74986
h0.t11.propagations = 74986
h0.t1.restarts = 8
h0.t1.nogoods_size = 92895
h0.t1.nodes = 78088
h0.t1.propagations = 78088
h0.t0.restarts = 8
h0.t0.nogoods_size = 92895
h0.t0.nodes = 37844
h0.t0.propagations = 37844
h0.t12.restarts = 8
h0.t12.nogoods_size = 92895
h0.t12.nodes = 76367
h0.t12.propagations = 76367
h0.t9.restarts = 8
h0.t9.nogoods_size = 92895
h0.t9.nodes = 75896
h0.t9.propagations = 75896
h0.t6.restarts = 8
h0.t6.nogoods_size = 92895
h0.t6.nodes = 74896
h0.t6.propagations = 74896
h0.t5.restarts = 8
h0.t5.nogoods_size = 92895
h0.t5.nodes = 74998
h0.t5.propagations = 74998
h0.t17.restarts = 8
h0.t17.nogoods_size = 92895
h0.t17.nodes = 40014
h0.t17.propagations = 40014
h0.t16.restarts = 8
h0.t16.nogoods_size = 92895
h0.t16.nodes = 73472
h0.t16.propagations = 73472
h0.t10.restarts = 8
h0.t10.nogoods_size = 92895
h0.t10.nodes = 74919
h0.t10.propagations = 74919
h0.search_time = 2363
h0.nodes = 1287137
h0.propagations = 3433198
h1.t1.restarts = 8
h1.t1.nogoods_size = 92767
h1.t1.nodes = 77682
h1.t1.propagations = 77682
h1.t15.restarts = 8
h1.t15.nogoods_size = 92767
h1.t15.nodes = 79113
h1.t15.propagations = 79113
h1.t13.restarts = 8
h1.t13.nogoods_size = 92767
h1.t13.nodes = 78225
h1.t13.propagations = 78225
h1.t11.restarts = 8
h1.t11.nogoods_size = 92767
h1.t11.nodes = 78362
h1.t11.propagations = 78362
h1.t8.restarts = 8
h1.t8.nogoods_size = 92767
h1.t8.nodes = 77865
h1.t8.propagations = 77865
h1.t0.restarts = 8
h1.t0.nogoods_size = 92767
h1.t0.nodes = 37833
h1.t0.propagations = 37833
h1.t12.restarts = 8
h1.t12.nogoods_size = 92767
h1.t12.nodes = 79275
h1.t12.propagations = 79275
h1.t10.restarts = 8
h1.t10.nogoods_size = 92767
h1.t10.nodes = 78618
h1.t10.propagations = 78618
h1.t16.restarts = 8
h1.t16.nogoods_size = 92767
h1.t16.nodes = 80089
h1.t16.propagations = 80089
h1.t17.restarts = 8
h1.t17.nogoods_size = 92767
h1.t17.nodes = 38561
h1.t17.propagations = 38561
h1.t6.restarts = 8
h1.t6.nogoods_size = 92767
h1.t6.nodes = 79881
h1.t6.propagations = 79881
h1.t3.restarts = 8
h1.t3.nogoods_size = 92767
h1.t3.nodes = 79262
h1.t3.propagations = 79262
h1.t2.restarts = 8
h1.t2.nogoods_size = 92767
h1.t2.nodes = 76699
h1.t2.propagations = 76699
h1.t4.restarts = 8
h1.t4.nogoods_size = 92767
h1.t4.nodes = 79361
h1.t4.propagations = 79361
h1.t7.restarts = 8
h1.t7.nogoods_size = 92767
h1.t7.nodes = 78826
h1.t7.propagations = 78826
h1.t14.restarts = 8
h1.t14.nogoods_size = 92767
h1.t14.nodes = 78620
h1.t14.propagations = 78620
h1.t5.restarts = 8
h1.t5.nogoods_size = 92767
h1.t5.nodes = 79553
h1.t5.propagations = 79553
h1.t9.restarts = 8
h1.t9.nogoods_size = 92767
h1.t9.nodes = 77880
h1.t9.propagations = 77880
h1.search_time = 2380
h1.nodes = 1335705
h1.propagations = 3561269
h2.t5.restarts = 8
h2.t5.nogoods_size = 93119
h2.t5.nodes = 78949
h2.t5.propagations = 78949
h2.t12.restarts = 8
h2.t12.nogoods_size = 93119
h2.t12.nodes = 78688
h2.t12.propagations = 78688
h2.t14.restarts = 8
h2.t14.nogoods_size = 93119
h2.t14.nodes = 79762
h2.t14.propagations = 79762
h2.t10.restarts = 8
h2.t10.nogoods_size = 93119
h2.t10.nodes = 79518
h2.t10.propagations = 79518
h2.t3.restarts = 8
h2.t3.nogoods_size = 93119
h2.t3.nodes = 81046
h2.t3.propagations = 81046
h2.t0.restarts = 8
h2.t0.nogoods_size = 93119
h2.t0.nodes = 37832
h2.t0.propagations = 37832
h2.t1.restarts = 8
h2.t1.nogoods_size = 93119
h2.t1.nodes = 79218
h2.t1.propagations = 79218
h2.t8.restarts = 8
h2.t8.nogoods_size = 93119
h2.t8.nodes = 80200
h2.t8.propagations = 80200
h2.t7.restarts = 8
h2.t7.nogoods_size = 93119
h2.t7.nodes = 80410
h2.t7.propagations = 80410
h2.t17.restarts = 8
h2.t17.nogoods_size = 93119
h2.t17.nodes = 39646
h2.t17.propagations = 39646
h2.t4.restarts = 8
h2.t4.nogoods_size = 93119
h2.t4.nodes = 80079
h2.t4.propagations = 80079
h2.t11.restarts = 8
h2.t11.nogoods_size = 93119
h2.t11.nodes = 80390
h2.t11.propagations = 80390
h2.t2.restarts = 8
h2.t2.nogoods_size = 93119
h2.t2.nodes = 79675
h2.t2.propagations = 79675
h2.t6.restarts = 8
h2.t6.nogoods_size = 93119
h2.t6.nodes = 80176
h2.t6.propagations = 80176
h2.t13.restarts = 8
h2.t13.nogoods_size = 93119
h2.t13.nodes = 80292
h2.t13.propagations = 80292
h2.t15.restarts = 8
h2.t15.nogoods_size = 93119
h2.t15.nodes = 79396
h2.t15.propagations = 79396
h2.t9.restarts = 8
h2.t9.nogoods_size = 93119
h2.t9.nodes = 80159
h2.t9.propagations = 80159
h2.t16.restarts = 8
h2.t16.nogoods_size = 93119
h2.t16.nodes = 79881
h2.t16.propagations = 79881
h2.search_time = 2386
h2.nodes = 1355317
h2.propagations = 3614001
h3.t17.restarts = 8
h3.t17.nogoods_size = 93151
h3.t17.nodes = 42143
h3.t17.propagations = 42143
h3.t8.restarts = 8
h3.t8.nogoods_size = 93151
h3.t8.nodes = 79059
h3.t8.propagations = 79059
h3.t3.restarts = 8
h3.t3.nogoods_size = 93151
h3.t3.nodes = 79022
h3.t3.propagations = 79022
h3.t11.restarts = 8
h3.t11.nogoods_size = 93151
h3.t11.nodes = 78592
h3.t11.propagations = 78592
h3.t10.restarts = 8
h3.t10.nogoods_size = 93151
h3.t10.nodes = 80478
h3.t10.propagations = 80478
h3.t5.restarts = 8
h3.t5.nogoods_size = 93151
h3.t5.nodes = 79680
h3.t5.propagations = 79680
h3.t13.restarts = 8
h3.t13.nogoods_size = 93151
h3.t13.nodes = 79549
h3.t13.propagations = 79549
h3.t12.restarts = 8
h3.t12.nogoods_size = 93151
h3.t12.nodes = 79442
h3.t12.propagations = 79442
h3.t14.restarts = 8
h3.t14.nogoods_size = 93151
h3.t14.nodes = 78670
h3.t14.propagations = 78670
h3.t6.restarts = 8
h3.t6.nogoods_size = 93151
h3.t6.nodes = 78939
h3.t6.propagations = 78939
h3.t2.restarts = 8
h3.t2.nogoods_size = 93151
h3.t2.nodes = 79770
h3.t2.propagations = 79770
h3.t15.restarts = 8
h3.t15.nogoods_size = 93151
h3.t15.nodes = 79553
h3.t15.propagations = 79553
h3.t16.restarts = 8
h3.t16.nogoods_size = 93151
h3.t16.nodes = 78974
h3.t16.propagations = 78974
h3.t4.restarts = 8
h3.t4.nogoods_size = 93151
h3.t4.nodes = 78586
h3.t4.propagations = 78586
h3.t1.restarts = 8
h3.t1.nogoods_size = 93151
h3.t1.nodes = 79619
h3.t1.propagations = 79619
h3.t7.restarts = 8
h3.t7.nogoods_size = 93151
h3.t7.nodes = 79660
h3.t7.propagations = 79660
h3.t9.restarts = 8
h3.t9.nogoods_size = 93151
h3.t9.nodes = 79384
h3.t9.propagations = 79384
h3.t0.restarts = 8
h3.t0.nogoods_size = 93151
h3.t0.nodes = 37843
h3.t0.propagations = 37843
h3.search_time = 2362
h3.nodes = 1348963
h3.propagations = 3595739
h4.t0.restarts = 8
h4.t0.nogoods_size = 92807
h4.t0.nodes = 37835
h4.t0.propagations = 37835
h4.t10.restarts = 8
h4.t10.nogoods_size = 92807
h4.t10.nodes = 76603
h4.t10.propagations = 76603
h4.t5.restarts = 8
h4.t5.nogoods_size = 92807
h4.t5.nodes = 75540
h4.t5.propagations = 75540
h4.t4.restarts = 8
h4.t4.nogoods_size = 92807
h4.t4.nodes = 75930
h4.t4.propagations = 75930
h4.t3.restarts = 8
h4.t3.nogoods_size = 92807
h4.t3.nodes = 75375
h4.t3.propagations = 75375
h4.t6.restarts = 8
h4.t6.nogoods_size = 92807
h4.t6.nodes = 75416
h4.t6.propagations = 75416
h4.t9.restarts = 8
h4.t9.nogoods_size = 92807
h4.t9.nodes = 76925
h4.t9.propagations = 76925
h4.t12.restarts = 8
h4.t12.nogoods_size = 92807
h4.t12.nodes = 76156
h4.t12.propagations = 76156
h4.t16.restarts = 8
h4.t16.nogoods_size = 92807
h4.t16.nodes = 75614
h4.t16.propagations = 75614
h4.t2.restarts = 8
h4.t2.nogoods_size = 92807
h4.t2.nodes = 77465
h4.t2.propagations = 77465
h4.t7.restarts = 8
h4.t7.nogoods_size = 92807
h4.t7.nodes = 76946
h4.t7.propagations = 76946
h4.t14.restarts = 8
h4.t14.nogoods_size = 92807
h4.t14.nodes = 76511
h4.t14.propagations = 76511
h4.t11.restarts = 8
h4.t11.nogoods_size = 92807
h4.t11.nodes = 76010
h4.t11.propagations = 76010
h4.t15.restarts = 8
h4.t15.nogoods_size = 92807
h4.t15.nodes = 76136
h4.t15.propagations = 76136
h4.t1.restarts = 8
h4.t1.nogoods_size = 92807
h4.t1.nodes = 76943
h4.t1.propagations = 76943
h4.t17.restarts = 8
h4.t17.nogoods_size = 92807
h4.t17.nodes = 38535
h4.t17.propagations = 38535
h4.t13.restarts = 8
h4.t13.nogoods_size = 92807
h4.t13.nodes = 77621
h4.t13.propagations = 77621
h4.t8.restarts = 8
h4.t8.nogoods_size = 92807
h4.t8.nodes = 76447
h4.t8.propagations = 76447
h4.search_time = 2365
h4.nodes = 1298008
h4.propagations = 3460922
h5.t0.restarts = 8
h5.t0.nogoods_size = 92699
h5.t0.nodes = 37832
h5.t0.propagations = 37832
h5.t10.restarts = 8
h5.t10.nogoods_size = 92699
h5.t10.nodes = 78037
h5.t10.propagations = 78037
h5.t9.restarts = 8
h5.t9.nogoods_size = 92699
h5.t9.nodes = 77532
h5.t9.propagations = 77532
h5.t8.restarts = 8
h5.t8.nogoods_size = 92699
h5.t8.nodes = 78334
h5.t8.propagations = 78334
h5.t16.restarts = 8
h5.t16.nogoods_size = 92699
h5.t16.nodes = 78819
h5.t16.propagations = 78819
h5.t5.restarts = 8
h5.t5.nogoods_size = 92699
h5.t5.nodes = 78965
h5.t5.propagations = 78965
h5.t4.restarts = 8
h5.t4.nogoods_size = 92699
h5.t4.nodes = 78841
h5.t4.propagations = 78841
h5.t12.restarts = 8
h5.t12.nogoods_size = 92699
h5.t12.nodes = 79033
h5.t12.propagations = 79033
h5.t14.restarts = 8
h5.t14.nogoods_size = 92699
h5.t14.nodes = 78145
h5.t14.propagations = 78145
h5.t3.restarts = 8
h5.t3.nogoods_size = 92699
h5.t3.nodes = 79163
h5.t3.propagations = 79163
h5.t2.restarts = 8
h5.t2.nogoods_size = 92699
h5.t2.nodes = 78253
h5.t2.propagations = 78253
h5.t7.restarts = 8
h5.t7.nogoods_size = 92699
h5.t7.nodes = 78358
h5.t7.propagations = 78358
h5.t11.restarts = 8
h5.t11.nogoods_size = 92699
h5.t11.nodes = 77308
h5.t11.propagations = 77308
h5.t1.restarts = 8
h5.t1.nogoods_size = 92699
h5.t1.nodes = 77957
h5.t1.propagations = 77957
h5.t15.restarts = 8
h5.t15.nogoods_size = 92699
h5.t15.nodes = 78546
h5.t15.propagations = 78546
h5.t17.restarts = 8
h5.t17.nogoods_size = 92699
h5.t17.nodes = 40435
h5.t17.propagations = 40435
h5.t13.restarts = 8
h5.t13.nogoods_size = 92699
h5.t13.nodes = 77807
h5.t13.propagations = 77807
h5.t6.restarts = 8
h5.t6.nogoods_size = 92699
h5.t6.nodes = 79567
h5.t6.propagations = 79567
h5.search_time = 2371
h5.nodes = 1332932
h5.propagations = 3553880
h6.t7.restarts = 8
h6.t7.nogoods_size = 92866
h6.t7.nodes = 79927
h6.t7.propagations = 79927
h6.t5.restarts = 8
h6.t5.nogoods_size = 92866
h6.t5.nodes = 79589
h6.t5.propagations = 79589
h6.t17.restarts = 8
h6.t17.nogoods_size = 92866
h6.t17.nodes = 40333
h6.t17.propagations = 40333
h6.t3.restarts = 8
h6.t3.nogoods_size = 92866
h6.t3.nodes = 80240
h6.t3.propagations = 80240
h6.t9.restarts = 8
h6.t9.nogoods_size = 92866
h6.t9.nodes = 79681
h6.t9.propagations = 79681
h6.t2.restarts = 8
h6.t2.nogoods_size = 92866
h6.t2.nodes = 79524
h6.t2.propagations = 79524
h6.t16.restarts = 8
h6.t16.nogoods_size = 92866
h6.t16.nodes = 78055
h6.t16.propagations = 78055
h6.t1.restarts = 8
h6.t1.nogoods_size = 92866
h6.t1.nodes = 79357
h6.t1.propagations = 79357
h6.t8.restarts = 8
h6.t8.nogoods_size = 92866
h6.t8.nodes = 78996
h6.t8.propagations = 78996
h6.t6.restarts = 8
h6.t6.nogoods_size = 92866
h6.t6.nodes = 79077
h6.t6.propagations = 79077
h6.t10.restarts = 8
h6.t10.nogoods_size = 92866
h6.t10.nodes = 79321
h6.t10.propagations = 79321
h6.t11.restarts = 8
h6.t11.nogoods_size = 92866
h6.t11.nodes = 78712
h6.t11.propagations = 78712
h6.t15.restarts = 8
h6.t15.nogoods_size = 92866
h6.t15.nodes = 77763
h6.t15.propagations = 77763
h6.t12.restarts = 8
h6.t12.nogoods_size = 92866
h6.t12.nodes = 79921
h6.t12.propagations = 79921
h6.t0.restarts = 8
h6.t0.nogoods_size = 92866
h6.t0.nodes = 37832
h6.t0.propagations = 37832
h6.t13.restarts = 8
h6.t13.nogoods_size = 92866
h6.t13.nodes = 79278
h6.t13.propagations = 79278
h6.t14.restarts = 8
h6.t14.nogoods_size = 92866
h6.t14.nodes = 79216
h6.t14.propagations = 79216
h6.t4.restarts = 8
h6.t4.nogoods_size = 92866
h6.t4.nodes = 79148
h6.t4.propagations = 79148
h6.search_time = 2363
h6.nodes = 1345970
h6.propagations = 3587905
h7.t16.restarts = 8
h7.t16.nogoods_size = 92760
h7.t16.nodes = 78965
h7.t16.propagations = 78965
h7.t1.restarts = 8
h7.t1.nogoods_size = 92760
h7.t1.nodes = 78371
h7.t1.propagations = 78371
h7.t12.restarts = 8
h7.t12.nogoods_size = 92760
h7.t12.nodes = 78916
h7.t12.propagations = 78916
h7.t15.restarts = 8
h7.t15.nogoods_size = 92760
h7.t15.nodes = 80409
h7.t15.propagations = 80409
h7.t2.restarts = 8
h7.t2.nogoods_size = 92760
h7.t2.nodes = 78188
h7.t2.propagations = 78188
h7.t5.restarts = 8
h7.t5.nogoods_size = 92760
h7.t5.nodes = 78622
h7.t5.propagations = 78622
h7.t4.restarts = 8
h7.t4.nogoods_size = 92760
h7.t4.nodes = 79669
h7.t4.propagations = 79669
h7.t3.restarts = 8
h7.t3.nogoods_size = 92760
h7.t3.nodes = 77856
h7.t3.propagations = 77856
h7.t11.restarts = 8
h7.t11.nogoods_size = 92760
h7.t11.nodes = 79572
h7.t11.propagations = 79572
h7.t8.restarts = 8
h7.t8.nogoods_size = 92760
h7.t8.nodes = 78964
h7.t8.propagations = 78964
h7.t6.restarts = 8
h7.t6.nogoods_size = 92760
h7.t6.nodes = 79285
h7.t6.propagations = 79285
h7.t14.restarts = 8
h7.t14.nogoods_size = 92760
h7.t14.nodes = 78557
h7.t14.propagations = 78557
h7.t0.restarts = 8
h7.t0.nogoods_size = 92760
h7.t0.nodes = 37835
h7.t0.propagations = 37835
h7.t9.restarts = 8
h7.t9.nogoods_size = 92760
h7.t9.nodes = 78746
h7.t9.propagations = 78746
h7.t10.restarts = 8
h7.t10.nogoods_size = 92760
h7.t10.nodes = 78425
h7.t10.propagations = 78425
h7.t7.restarts = 8
h7.t7.nogoods_size = 92760
h7.t7.nodes = 78863
h7.t7.propagations = 78863
h7.t17.restarts = 8
h7.t17.nogoods_size = 92760
h7.t17.nodes = 40904
h7.t17.propagations = 40904
h7.t13.restarts = 8
h7.t13.nogoods_size = 92760
h7.t13.nodes = 77714
h7.t13.propagations = 77714
h7.search_time = 2386
h7.nodes = 1339861
h7.propagations = 3572381
h8.t5.restarts = 8
h8.t5.nogoods_size = 93090
h8.t5.nodes = 74060
h8.t5.propagations = 74060
h8.t7.restarts = 8
h8.t7.nogoods_size = 93090
h8.t7.nodes = 72361
h8.t7.propagations = 72361
h8.t13.restarts = 8
h8.t13.nogoods_size = 93090
h8.t13.nodes = 73839
h8.t13.propagations = 73839
h8.t3.restarts = 8
h8.t3.nogoods_size = 93090
h8.t3.nodes = 73474
h8.t3.propagations = 73474
h8.t0.restarts = 8
h8.t0.nogoods_size = 93090
h8.t0.nodes = 37834
h8.t0.propagations = 37834
h8.t8.restarts = 8
h8.t8.nogoods_size = 93090
h8.t8.nodes = 72517
h8.t8.propagations = 72517
h8.t1.restarts = 8
h8.t1.nogoods_size = 93090
h8.t1.nodes = 74111
h8.t1.propagations = 74111
h8.t6.restarts = 8
h8.t6.nogoods_size = 93090
h8.t6.nodes = 73252
h8.t6.propagations = 73252
h8.t9.restarts = 8
h8.t9.nogoods_size = 93090
h8.t9.nodes = 72618
h8.t9.propagations = 72618
h8.t10.restarts = 8
h8.t10.nogoods_size = 93090
h8.t10.nodes = 72399
h8.t10.propagations = 72399
h8.t14.restarts = 8
h8.t14.nogoods_size = 93090
h8.t14.nodes = 74339
h8.t14.propagations = 74339
h8.t4.restarts = 8
h8.t4.nogoods_size = 93090
h8.t4.nodes = 72911
h8.t4.propagations = 72911
h8.t17.restarts = 8
h8.t17.nogoods_size = 93090
h8.t17.nodes = 41749
h8.t17.propagations = 41749
h8.t12.restarts = 8
h8.t12.nogoods_size = 93090
h8.t12.nodes = 73086
h8.t12.propagations = 73086
h8.t15.restarts = 8
h8.t15.nogoods_size = 93090
h8.t15.nodes = 74334
h8.t15.propagations = 74334
h8.t2.restarts = 8
h8.t2.nogoods_size = 93090
h8.t2.nodes = 72020
h8.t2.propagations = 72020
h8.t16.restarts = 8
h8.t16.nogoods_size = 93090
h8.t16.nodes = 74325
h8.t16.propagations = 74325
h8.t11.restarts = 8
h8.t11.nogoods_size = 93090
h8.t11.nodes = 72483
h8.t11.propagations = 72483
h8.search_time = 2380
h8.nodes = 1251712
h8.propagations = 3342129
h9.t17.restarts = 8
h9.t17.nogoods_size = 92615
h9.t17.nodes = 40704
h9.t17.propagations = 40704
h9.t4.restarts = 8
h9.t4.nogoods_size = 92615
h9.t4.nodes = 70792
h9.t4.propagations = 70792
h9.t1.restarts = 8
h9.t1.nogoods_size = 92615
h9.t1.nodes = 71376
h9.t1.propagations = 71376
h9.t13.restarts = 8
h9.t13.nogoods_size = 92615
h9.t13.nodes = 70929
h9.t13.propagations = 70929
h9.t2.restarts = 8
h9.t2.nogoods_size = 92615
h9.t2.nodes = 73476
h9.t2.propagations = 73476
h9.t9.restarts = 8
h9.t9.nogoods_size = 92615
h9.t9.nodes = 71355
h9.t9.propagations = 71355
h9.t3.restarts = 8
h9.t3.nogoods_size = 92615
h9.t3.nodes = 75023
h9.t3.propagations = 75023
h9.t8.restarts = 8
h9.t8.nogoods_size = 92615
h9.t8.nodes = 70128
h9.t8.propagations = 70128
h9.t12.restarts = 8
h9.t12.nogoods_size = 92615
h9.t12.nodes = 69963
h9.t12.propagations = 69963
h9.t6.restarts = 8
h9.t6.nogoods_size = 92615
h9.t6.nodes = 69248
h9.t6.propagations = 69248
h9.t7.restarts = 8
h9.t7.nogoods_size = 92615
h9.t7.nodes = 72217
h9.t7.propagations = 72217
h9.t14.restarts = 8
h9.t14.nogoods_size = 92615
h9.t14.nodes = 73328
h9.t14.propagations = 73328
h9.t5.restarts = 8
h9.t5.nogoods_size = 92615
h9.t5.nodes = 70545
h9.t5.propagations = 70545
h9.t10.restarts = 8
h9.t10.nogoods_size = 92615
h9.t10.nodes = 70878
h9.t10.propagations = 70878
h9.t16.restarts = 8
h9.t16.nogoods_size = 92615
h9.t16.nodes = 70169
h9.t16.propagations = 70169
h9.t0.restarts = 8
h9.t0.nogoods_size = 92615
h9.t0.nodes = 37838
h9.t0.propagations = 37838
h9.t11.restarts = 8
h9.t11.nogoods_size = 92615
h9.t11.nodes = 70825
h9.t11.propagations = 70825
h9.t15.restarts = 8
h9.t15.nogoods_size = 92615
h9.t15.nodes = 69892
h9.t15.propagations = 69892
h9.search_time = 2377
h9.nodes = 1218686
h9.propagations = 3247221
h10.t17.restarts = 8
h10.t17.nogoods_size = 92893
h10.t17.nodes = 41611
h10.t17.propagations = 41611
h10.t9.restarts = 8
h10.t9.nogoods_size = 92893
h10.t9.nodes = 77556
h10.t9.propagations = 77556
h10.t6.restarts = 8
h10.t6.nogoods_size = 92893
h10.t6.nodes = 76241
h10.t6.propagations = 76241
h10.t5.restarts = 8
h10.t5.nogoods_size = 92893
h10.t5.nodes = 76999
h10.t5.propagations = 76999
h10.t12.restarts = 8
h10.t12.nogoods_size = 92893
h10.t12.nodes = 76856
h10.t12.propagations = 76856
h10.t15.restarts = 8
h10.t15.nogoods_size = 92893
h10.t15.nodes = 76493
h10.t15.propagations = 76493
h10.t10.restarts = 8
h10.t10.nogoods_size = 92893
h10.t10.nodes = 76704
h10.t10.propagations = 76704
h10.t13.restarts = 8
h10.t13.nogoods_size = 92893
h10.t13.nodes = 76468
h10.t13.propagations = 76468
h10.t3.restarts = 8
h10.t3.nogoods_size = 92893
h10.t3.nodes = 76081
h10.t3.propagations = 76081
h10.t14.restarts = 8
h10.t14.nogoods_size = 92893
h10.t14.nodes = 77087
h10.t14.propagations = 77087
h10.t11.restarts = 8
h10.t11.nogoods_size = 92893
h10.t11.nodes = 77456
h10.t11.propagations = 77456
h10.t16.restarts = 8
h10.t16.nogoods_size = 92893
h10.t16.nodes = 76794
h10.t16.propagations = 76794
h10.t1.restarts = 8
h10.t1.nogoods_size = 92893
h10.t1.nodes = 75556
h10.t1.propagations = 75556
h10.t7.restarts = 8
h10.t7.nogoods_size = 92893
h10.t7.nodes = 77622
h10.t7.propagations = 77622
h10.t2.restarts = 8
h10.t2.nogoods_size = 92893
h10.t2.nodes = 75729
h10.t2.propagations = 75729
h10.t8.restarts = 8
h10.t8.nogoods_size = 92893
h10.t8.nodes = 78027
h10.t8.propagations = 78027
h10.t0.restarts = 8
h10.t0.nogoods_size = 92893
h10.t0.nodes = 37832
h10.t0.propagations = 37832
h10.t4.restarts = 8
h10.t4.nogoods_size = 92893
h10.t4.nodes = 75275
h10.t4.propagations = 75275
h10.search_time = 2379
h10.nodes = 1306387
h10.propagations = 3480061
h11.t14.where = 0/178 -1/-1 21/70 -1/-1 1/11 -1/-1 1/2 -1/-1 1/4 -1/-1 0/2 -1/-1 -1/-1 0/2 -1/-1 0/3 -1/-1 -1/-1 -1/-1 -1/-1 -1/-1 -1/-1 -1/-1 -1/-1 -1/-1 -1/-1 -1/-1 -1/-1 -1/-1 -1/-1 -1/-1 -1/-1 -1/-1 -1/-1 -1/-1 -1/-1 -1/-1 -1/-1 -1/-1 -1/-1 -1/-1 -1/-1 -1/-1 -1/-1 -1/-1 -1/-1 -1/-1 -1/-1 -1/-1 -1/-1 -1/-1 -1/-1 -1/-1 -1/-1 -1/-1 -1/-1 -1/-1 -1/-1 -1/-1 -1/-1 -1/-1 -1/-1 -1/-1 -1/-1 -1/-1 -1/-1 -1/-1 -1/-1 -1/-1 -1/-1 -1/-1 -1/-1 -1/-1 -1/-1 -1/-1 -1/-1 -1/-1 -1/-1 -1/-1 -1/-1 -1/-1 -1/-1 -1/-1 -1/-1 -1/-1 -1/-1 -1/-1 -1/-1
h11.t14.stop_reason = satisfiable
h11.t14.restarts = 8
h11.t14.nogoods_size = 85372
h11.t14.nodes = 65430
h11.t14.propagations = 65430
h11.t0.stop_reason = aborted
h11.t0.restarts = 8
h11.t0.nogoods_size = 85372
h11.t0.nodes = 33775
h11.t0.propagations = 33775
h11.t16.stop_reason = aborted
h11.t16.restarts = 8
h11.t16.nogoods_size = 85372
h11.t16.nodes = 65986
h11.t16.propagations = 65986
h11.t15.stop_reason = aborted
h11.t15.restarts = 8
h11.t15.nogoods_size = 85372
h11.t15.nodes = 65017
h11.t15.propagations = 65017
h11.t4.stop_reason = aborted
h11.t4.restarts = 8
h11.t4.nogoods_size = 85372
h11.t4.nodes = 65227
h11.t4.propagations = 65227
h11.t9.stop_reason = aborted
h11.t9.restarts = 8
h11.t9.nogoods_size = 85372
h11.t9.nodes = 64720
h11.t9.propagations = 64720
h11.t2.stop_reason = aborted
h11.t2.restarts = 8
h11.t2.nogoods_size = 85372
h11.t2.nodes = 66379
h11.t2.propagations = 66379
h11.t8.stop_reason = aborted
h11.t8.restarts = 8
h11.t8.nogoods_size = 85372
h11.t8.nodes = 66354
h11.t8.propagations = 66354
h11.t6.stop_reason = aborted
h11.t6.restarts = 8
h11.t6.nogoods_size = 85372
h11.t6.nodes = 66453
h11.t6.propagations = 66453
h11.t1.stop_reason = aborted
h11.t1.restarts = 8
h11.t1.nogoods_size = 85372
h11.t1.nodes = 65822
h11.t1.propagations = 65822
h11.t7.stop_reason = aborted
h11.t7.restarts = 8
h11.t7.nogoods_size = 85372
h11.t7.nodes = 66777
h11.t7.propagations = 66777
h11.t10.stop_reason = aborted
h11.t10.restarts = 8
h11.t10.nogoods_size = 85372
h11.t10.nodes = 65156
h11.t10.propagations = 65156
h11.t12.stop_reason = aborted
h11.t12.restarts = 8
h11.t12.nogoods_size = 85372
h11.t12.nodes = 65622
h11.t12.propagations = 65622
h11.t5.stop_reason = aborted
h11.t5.restarts = 8
h11.t5.nogoods_size = 85372
h11.t5.nodes = 66554
h11.t5.propagations = 66554
h11.t13.stop_reason = aborted
h11.t13.restarts = 8
h11.t13.nogoods_size = 85372
h11.t13.nodes = 65419
h11.t13.propagations = 65419
h11.t3.stop_reason = aborted
h11.t3.restarts = 8
h11.t3.nogoods_size = 85372
h11.t3.nodes = 66504
h11.t3.propagations = 66504
h11.t11.stop_reason = aborted
h11.t11.restarts = 8
h11.t11.nogoods_size = 85372
h11.t11.nodes = 65235
h11.t11.propagations = 65235
h11.t17.stop_reason = aborted
h11.t17.restarts = 8
h11.t17.nogoods_size = 85372
h11.t17.nodes = 37527
h11.t17.propagations = 37527
h11.search_time = 2336
h11.nodes = 1123957
h11.propagations = 2991336
h12.t7.restarts = 8
h12.t7.nogoods_size = 92778
h12.t7.nodes = 76829
h12.t7.propagations = 76829
h12.t3.restarts = 8
h12.t3.nogoods_size = 92778
h12.t3.nodes = 76477
h12.t3.propagations = 76477
h12.t16.restarts = 8
h12.t16.nogoods_size = 92778
h12.t16.nodes = 75662
h12.t16.propagations = 75662
h12.t5.restarts = 8
h12.t5.nogoods_size = 92778
h12.t5.nodes = 76015
h12.t5.propagations = 76015
h12.t13.restarts = 8
h12.t13.nogoods_size = 92778
h12.t13.nodes = 75578
h12.t13.propagations = 75578
h12.t14.restarts = 8
h12.t14.nogoods_size = 92778
h12.t14.nodes = 76226
h12.t14.propagations = 76226
h12.t9.restarts = 8
h12.t9.nogoods_size = 92778
h12.t9.nodes = 75812
h12.t9.propagations = 75812
h12.t1.restarts = 8
h12.t1.nogoods_size = 92778
h12.t1.nodes = 73527
h12.t1.propagations = 73527
h12.t11.restarts = 8
h12.t11.nogoods_size = 92778
h12.t11.nodes = 74614
h12.t11.propagations = 74614
h12.t15.restarts = 8
h12.t15.nogoods_size = 92778
h12.t15.nodes = 75338
h12.t15.propagations = 75338
h12.t12.restarts = 8
h12.t12.nogoods_size = 92778
h12.t12.nodes = 74353
h12.t12.propagations = 74353
h12.t2.restarts = 8
h12.t2.nogoods_size = 92778
h12.t2.nodes = 75929
h12.t2.propagations = 75929
h12.t8.restarts = 8
h12.t8.nogoods_size = 92778
h12.t8.nodes = 75441
h12.t8.propagations = 75441
h12.t0.restarts = 8
h12.t0.nogoods_size = 92778
h12.t0.nodes = 37837
h12.t0.propagations = 37837
h12.t17.restarts = 8
h12.t17.nogoods_size = 92778
h12.t17.nodes = 41518
h12.t17.propagations = 41518
h12.t6.restarts = 8
h12.t6.nogoods_size = 92778
h12.t6.nodes = 75343
h12.t6.propagations = 75343
h12.t10.restarts = 8
h12.t10.nogoods_size = 92778
h12.t10.nodes = 75326
h12.t10.propagations = 75326
h12.t4.restarts = 8
h12.t4.nogoods_size = 92778
h12.t4.nodes = 75435
h12.t4.propagations = 75435
h12.search_time = 2381
h12.nodes = 1287260
h12.propagations = 3430993
h13.t17.restarts = 8
h13.t17.nogoods_size = 93279
h13.t17.nodes = 40595
h13.t17.propagations = 40595
h13.t13.restarts = 8
h13.t13.nogoods_size = 93279
h13.t13.nodes = 75180
h13.t13.propagations = 75180
h13.t8.restarts = 8
h13.t8.nogoods_size = 93279
h13.t8.nodes = 75811
h13.t8.propagations = 75811
h13.t16.restarts = 8
h13.t16.nogoods_size = 93279
h13.t16.nodes = 74280
h13.t16.propagations = 74280
h13.t4.restarts = 8
h13.t4.nogoods_size = 93279
h13.t4.nodes = 76222
h13.t4.propagations = 76222
h13.t5.restarts = 8
h13.t5.nogoods_size = 93279
h13.t5.nodes = 74900
h13.t5.propagations = 74900
h13.t10.restarts = 8
h13.t10.nogoods_size = 93279
h13.t10.nodes = 75229
h13.t10.propagations = 75229
h13.t15.restarts = 8
h13.t15.nogoods_size = 93279
h13.t15.nodes = 75100
h13.t15.propagations = 75100
h13.t9.restarts = 8
h13.t9.nogoods_size = 93279
h13.t9.nodes = 74658
h13.t9.propagations = 74658
h13.t2.restarts = 8
h13.t2.nogoods_size = 93279
h13.t2.nodes = 73922
h13.t2.propagations = 73922
h13.t7.restarts = 8
h13.t7.nogoods_size = 93279
h13.t7.nodes = 75742
h13.t7.propagations = 75742
h13.t1.restarts = 8
h13.t1.nogoods_size = 93279
h13.t1.nodes = 75808
h13.t1.propagations = 75808
h13.t11.restarts = 8
h13.t11.nogoods_size = 93279
h13.t11.nodes = 74839
h13.t11.propagations = 74839
h13.t3.restarts = 8
h13.t3.nogoods_size = 93279
h13.t3.nodes = 74538
h13.t3.propagations = 74538
h13.t12.restarts = 8
h13.t12.nogoods_size = 93279
h13.t12.nodes = 74996
h13.t12.propagations = 74996
h13.t14.restarts = 8
h13.t14.nogoods_size = 93279
h13.t14.nodes = 72195
h13.t14.propagations = 72195
h13.t0.restarts = 8
h13.t0.nogoods_size = 93279
h13.t0.nodes = 37836
h13.t0.propagations = 37836
h13.t6.restarts = 8
h13.t6.nogoods_size = 93279
h13.t6.nodes = 75135
h13.t6.propagations = 75135
h13.search_time = 2379
h13.nodes = 1276986
h13.propagations = 3405067
h14.t1.restarts = 8
h14.t1.nogoods_size = 92792
h14.t1.nodes = 74264
h14.t1.propagations = 74264
h14.t12.restarts = 8
h14.t12.nogoods_size = 92792
h14.t12.nodes = 74842
h14.t12.propagations = 74842
h14.t15.restarts = 8
h14.t15.nogoods_size = 92792
h14.t15.nodes = 74748
h14.t15.propagations = 74748
h14.t7.restarts = 8
h14.t7.nogoods_size = 92792
h14.t7.nodes = 73446
h14.t7.propagations = 73446
h14.t16.restarts = 8
h14.t16.nogoods_size = 92792
h14.t16.nodes = 76594
h14.t16.propagations = 76594
h14.t6.restarts = 8
h14.t6.nogoods_size = 92792
h14.t6.nodes = 74626
h14.t6.propagations = 74626
h14.t2.restarts = 8
h14.t2.nogoods_size = 92792
h14.t2.nodes = 75182
h14.t2.propagations = 75182
h14.t14.restarts = 8
h14.t14.nogoods_size = 92792
h14.t14.nodes = 74990
h14.t14.propagations = 74990
h14.t11.restarts = 8
h14.t11.nogoods_size = 92792
h14.t11.nodes = 74563
h14.t11.propagations = 74563
h14.t5.restarts = 8
h14.t5.nogoods_size = 92792
h14.t5.nodes = 74414
h14.t5.propagations = 74414
h14.t9.restarts = 8
h14.t9.nogoods_size = 92792
h14.t9.nodes = 73466
h14.t9.propagations = 73466
h14.t3.restarts = 8
h14.t3.nogoods_size = 92792
h14.t3.nodes = 74423
h14.t3.propagations = 74423
h14.t10.restarts = 8
h14.t10.nogoods_size = 92792
h14.t10.nodes = 74270
h14.t10.propagations = 74270
h14.t0.restarts = 8
h14.t0.nogoods_size = 92792
h14.t0.nodes = 37837
h14.t0.propagations = 37837
h14.t4.restarts = 8
h14.t4.nogoods_size = 92792
h14.t4.nodes = 74220
h14.t4.propagations = 74220
h14.t8.restarts = 8
h14.t8.nogoods_size = 92792
h14.t8.nodes = 74121
h14.t8.propagations = 74121
h14.t17.restarts = 8
h14.t17.nogoods_size = 92792
h14.t17.nodes = 40637
h14.t17.propagations = 40637
h14.t13.restarts = 8
h14.t13.nogoods_size = 92792
h14.t13.nodes = 75169
h14.t13.propagations = 75169
h14.search_time = 2369
h14.nodes = 1271812
h14.propagations = 3390313
h15.t17.restarts = 8
h15.t17.nogoods_size = 93345
h15.t17.nodes = 42980
h15.t17.propagations = 42980
h15.t1.restarts = 8
h15.t1.nogoods_size = 93345
h15.t1.nodes = 75105
h15.t1.propagations = 75105
h15.t8.restarts = 8
h15.t8.nogoods_size = 93345
h15.t8.nodes = 74393
h15.t8.propagations = 74393
h15.t12.restarts = 8
h15.t12.nogoods_size = 93345
h15.t12.nodes = 73847
h15.t12.propagations = 73847
h15.t7.restarts = 8
h15.t7.nogoods_size = 93345
h15.t7.nodes = 75231
h15.t7.propagations = 75231
h15.t16.restarts = 8
h15.t16.nogoods_size = 93345
h15.t16.nodes = 75256
h15.t16.propagations = 75256
h15.t9.restarts = 8
h15.t9.nogoods_size = 93345
h15.t9.nodes = 77333
h15.t9.propagations = 77333
h15.t15.restarts = 8
h15.t15.nogoods_size = 93345
h15.t15.nodes = 73223
h15.t15.propagations = 73223
h15.t14.restarts = 8
h15.t14.nogoods_size = 93345
h15.t14.nodes = 74349
h15.t14.propagations = 74349
h15.t5.restarts = 8
h15.t5.nogoods_size = 93345
h15.t5.nodes = 75043
h15.t5.propagations = 75043
h15.t2.restarts = 8
h15.t2.nogoods_size = 93345
h15.t2.nodes = 75669
h15.t2.propagations = 75669
h15.t4.restarts = 8
h15.t4.nogoods_size = 93345
h15.t4.nodes = 74775
h15.t4.propagations = 74775
h15.t13.restarts = 8
h15.t13.nogoods_size = 93345
h15.t13.nodes = 72798
h15.t13.propagations = 72798
h15.t11.restarts = 8
h15.t11.nogoods_size = 93345
h15.t11.nodes = 75174
h15.t11.propagations = 75174
h15.t10.restarts = 8
h15.t10.nogoods_size = 93345
h15.t10.nodes = 75024
h15.t10.propagations = 75024
h15.t0.restarts = 8
h15.t0.nogoods_size = 93345
h15.t0.nodes = 37832
h15.t0.propagations = 37832
h15.t3.restarts = 8
h15.t3.nogoods_size = 93345
h15.t3.nodes = 74500
h15.t3.propagations = 74500
h15.t6.restarts = 8
h15.t6.nogoods_size = 93345
h15.t6.nodes = 75113
h15.t6.propagations = 75113
h15.search_time = 2389
h15.nodes = 1277645
h15.propagations = 3407262
h16.t1.restarts = 8
h16.t1.nogoods_size = 92763
h16.t1.nodes = 76632
h16.t1.propagations = 76632
h16.t8.restarts = 8
h16.t8.nogoods_size = 92763
h16.t8.nodes = 76768
h16.t8.propagations = 76768
h16.t4.restarts = 8
h16.t4.nogoods_size = 92763
h16.t4.nodes = 77999
h16.t4.propagations = 77999
h16.t16.restarts = 8
h16.t16.nogoods_size = 92763
h16.t16.nodes = 78098
h16.t16.propagations = 78098
h16.t10.restarts = 8
h16.t10.nogoods_size = 92763
h16.t10.nodes = 78129
h16.t10.propagations = 78129
h16.t14.restarts = 8
h16.t14.nogoods_size = 92763
h16.t14.nodes = 79416
h16.t14.propagations = 79416
h16.t7.restarts = 8
h16.t7.nogoods_size = 92763
h16.t7.nodes = 77991
h16.t7.propagations = 77991
h16.t17.restarts = 8
h16.t17.nogoods_size = 92763
h16.t17.nodes = 39354
h16.t17.propagations = 39354
h16.t5.restarts = 8
h16.t5.nogoods_size = 92763
h16.t5.nodes = 77225
h16.t5.propagations = 77225
h16.t3.restarts = 8
h16.t3.nogoods_size = 92763
h16.t3.nodes = 78020
h16.t3.propagations = 78020
h16.t11.restarts = 8
h16.t11.nogoods_size = 92763
h16.t11.nodes = 77783
h16.t11.propagations = 77783
h16.t0.restarts = 8
h16.t0.nogoods_size = 92763
h16.t0.nodes = 37834
h16.t0.propagations = 37834
h16.t12.restarts = 8
h16.t12.nogoods_size = 92763
h16.t12.nodes = 78619
h16.t12.propagations = 78619
h16.t9.restarts = 8
h16.t9.nogoods_size = 92763
h16.t9.nodes = 77776
h16.t9.propagations = 77776
h16.t13.restarts = 8
h16.t13.nogoods_size = 92763
h16.t13.nodes = 79007
h16.t13.propagations = 79007
h16.t6.restarts = 8
h16.t6.nogoods_size = 92763
h16.t6.nodes = 77042
h16.t6.propagations = 77042
h16.t15.restarts = 8
h16.t15.nogoods_size = 92763
h16.t15.nodes = 78949
h16.t15.propagations = 78949
h16.t2.restarts = 8
h16.t2.nogoods_size = 92763
h16.t2.nodes = 76927
h16.t2.propagations = 76927
h16.search_time = 2370
h16.nodes = 1323569
h16.propagations = 3528918
h17.t8.restarts = 8
h17.t8.nogoods_size = 92694
h17.t8.nodes = 80114
h17.t8.propagations = 80114
h17.t0.restarts = 8
h17.t0.nogoods_size = 92694
h17.t0.nodes = 37832
h17.t0.propagations = 37832
h17.t12.restarts = 8
h17.t12.nogoods_size = 92694
h17.t12.nodes = 77256
h17.t12.propagations = 77256
h17.t5.restarts = 8
h17.t5.nogoods_size = 92694
h17.t5.nodes = 79745
h17.t5.propagations = 79745
h17.t4.restarts = 8
h17.t4.nogoods_size = 92694
h17.t4.nodes = 79447
h17.t4.propagations = 79447
h17.t1.restarts = 8
h17.t1.nogoods_size = 92694
h17.t1.nodes = 80212
h17.t1.propagations = 80212
h17.t13.restarts = 8
h17.t13.nogoods_size = 92694
h17.t13.nodes = 78951
h17.t13.propagations = 78951
h17.t9.restarts = 8
h17.t9.nogoods_size = 92694
h17.t9.nodes = 78934
h17.t9.propagations = 78934
h17.t6.restarts = 8
h17.t6.nogoods_size = 92694
h17.t6.nodes = 80165
h17.t6.propagations = 80165
h17.t3.restarts = 8
h17.t3.nogoods_size = 92694
h17.t3.nodes = 79178
h17.t3.propagations = 79178
h17.t15.restarts = 8
h17.t15.nogoods_size = 92694
h17.t15.nodes = 77621
h17.t15.propagations = 77621
h17.t10.restarts = 8
h17.t10.nogoods_size = 92694
h17.t10.nodes = 78610
h17.t10.propagations = 78610
h17.t17.restarts = 8
h17.t17.nogoods_size = 92694
h17.t17.nodes = 39915
h17.t17.propagations = 39915
h17.t2.restarts = 8
h17.t2.nogoods_size = 92694
h17.t2.nodes = 80182
h17.t2.propagations = 80182
h17.t11.restarts = 8
h17.t11.nogoods_size = 92694
h17.t11.nodes = 79015
h17.t11.propagations = 79015
h17.t16.restarts = 8
h17.t16.nogoods_size = 92694
h17.t16.nodes = 78210
h17.t16.propagations = 78210
h17.t14.restarts = 8
h17.t14.nogoods_size = 92694
h17.t14.nodes = 77058
h17.t14.propagations = 77058
h17.t7.restarts = 8
h17.t7.nogoods_size = 92694
h17.t7.nodes = 79018
h17.t7.propagations = 79018
h17.search_time = 2365
h17.nodes = 1341463
h17.propagations = 3581592
h18.t14.restarts = 8
h18.t14.nogoods_size = 92996
h18.t14.nodes = 76367
h18.t14.propagations = 76367
h18.t8.restarts = 8
h18.t8.nogoods_size = 92996
h18.t8.nodes = 77938
h18.t8.propagations = 77938
h18.t11.restarts = 8
h18.t11.nogoods_size = 92996
h18.t11.nodes = 78433
h18.t11.propagations = 78433
h18.t0.restarts = 8
h18.t0.nogoods_size = 92996
h18.t0.nodes = 37838
h18.t0.propagations = 37838
h18.t4.restarts = 8
h18.t4.nogoods_size = 92996
h18.t4.nodes = 78880
h18.t4.propagations = 78880
h18.t12.restarts = 8
h18.t12.nogoods_size = 92996
h18.t12.nodes = 76647
h18.t12.propagations = 76647
h18.t3.restarts = 8
h18.t3.nogoods_size = 92996
h18.t3.nodes = 79608
h18.t3.propagations = 79608
h18.t13.restarts = 8
h18.t13.nogoods_size = 92996
h18.t13.nodes = 79438
h18.t13.propagations = 79438
h18.t6.restarts = 8
h18.t6.nogoods_size = 92996
h18.t6.nodes = 77127
h18.t6.propagations = 77127
h18.t16.restarts = 8
h18.t16.nogoods_size = 92996
h18.t16.nodes = 77713
h18.t16.propagations = 77713
h18.t15.restarts = 8
h18.t15.nogoods_size = 92996
h18.t15.nodes = 75795
h18.t15.propagations = 75795
h18.t7.restarts = 8
h18.t7.nogoods_size = 92996
h18.t7.nodes = 76957
h18.t7.propagations = 76957
h18.t9.restarts = 8
h18.t9.nogoods_size = 92996
h18.t9.nodes = 78784
h18.t9.propagations = 78784
h18.t2.restarts = 8
h18.t2.nogoods_size = 92996
h18.t2.nodes = 75616
h18.t2.propagations = 75616
h18.t1.restarts = 8
h18.t1.nogoods_size = 92996
h18.t1.nodes = 76609
h18.t1.propagations = 76609
h18.t17.restarts = 8
h18.t17.nogoods_size = 92996
h18.t17.nodes = 38928
h18.t17.propagations = 38928
h18.t5.restarts = 8
h18.t5.nogoods_size = 92996
h18.t5.nodes = 78826
h18.t5.propagations = 78826
h18.t10.restarts = 8
h18.t10.nogoods_size = 92996
h18.t10.nodes = 77367
h18.t10.propagations = 77367
h18.search_time = 2376
h18.nodes = 1318871
h18.propagations = 3517827
h19.t4.restarts = 8
h19.t4.nogoods_size = 92902
h19.t4.nodes = 77586
h19.t4.propagations = 77586
h19.t5.restarts = 8
h19.t5.nogoods_size = 92902
h19.t5.nodes = 79053
h19.t5.propagations = 79053
h19.t10.restarts = 8
h19.t10.nogoods_size = 92902
h19.t10.nodes = 78582
h19.t10.propagations = 78582
h19.t17.restarts = 8
h19.t17.nogoods_size = 92902
h19.t17.nodes = 40956
h19.t17.propagations = 40956
h19.t14.restarts = 8
h19.t14.nogoods_size = 92902
h19.t14.nodes = 78966
h19.t14.propagations = 78966
h19.t15.restarts = 8
h19.t15.nogoods_size = 92902
h19.t15.nodes = 81061
h19.t15.propagations = 81061
h19.t16.restarts = 8
h19.t16.nogoods_size = 92902
h19.t16.nodes = 77683
h19.t16.propagations = 77683
h19.t0.restarts = 8
h19.t0.nogoods_size = 92902
h19.t0.nodes = 37836
h19.t0.propagations = 37836
h19.t11.restarts = 8
h19.t11.nogoods_size = 92902
h19.t11.nodes = 78347
h19.t11.propagations = 78347
h19.t9.restarts = 8
h19.t9.nogoods_size = 92902
h19.t9.nodes = 80068
h19.t9.propagations = 80068
h19.t1.restarts = 8
h19.t1.nogoods_size = 92902
h19.t1.nodes = 80606
h19.t1.propagations = 80606
h19.t13.restarts = 8
h19.t13.nogoods_size = 92902
h19.t13.nodes = 78313
h19.t13.propagations = 78313
h19.t3.restarts = 8
h19.t3.nogoods_size = 92902
h19.t3.nodes = 77845
h19.t3.propagations = 77845
h19.t6.restarts = 8
h19.t6.nogoods_size = 92902
h19.t6.nodes = 80537
h19.t6.propagations = 80537
h19.t8.restarts = 8
h19.t8.nogoods_size = 92902
h19.t8.nodes = 79899
h19.t8.propagations = 79899
h19.t2.restarts = 8
h19.t2.nogoods_size = 92902
h19.t2.nodes = 80052
h19.t2.propagations = 80052
h19.t7.restarts = 8
h19.t7.nogoods_size = 92902
h19.t7.nodes = 80070
h19.t7.propagations = 80070
h19.t12.restarts = 8
h19.t12.nogoods_size = 92902
h19.t12.nodes = 80544
h19.t12.propagations = 80544
h19.search_time = 2360
h19.nodes = 1348004
h19.propagations = 3598930
