hostname = r1i3n8
commandline = ../glasgow/solve_subgraph_isomorphism --value-ordering=biased --geometric-restarts=1.0 --restarts-constant=5400 --triggered-restarts --threads=36 --timeout 1000 --format lad ../instances/meshes-CVIU11/patterns/pattern3 ../instances/meshes-CVIU11/targets/target404
started_at = 2018-11-18 16:29:01
pattern_file = ../instances/meshes-CVIU11/patterns/pattern3
target_file = ../instances/meshes-CVIU11/targets/target404
status = aborted
nodes = 1217693591
propagations = 2590754400
runtime = 1067647
t21.stop_reason = aborted
t21.restarts = 6030
t21.nogoods_size = 2778196
t21.nodes = 33909662
t21.propagations = 33909662
t8.stop_reason = aborted
t8.restarts = 6030
t8.nogoods_size = 2778196
t8.nodes = 34082908
t8.propagations = 34082908
t31.stop_reason = aborted
t31.restarts = 6030
t31.nogoods_size = 2778196
t31.nodes = 33920073
t31.propagations = 33920073
t15.stop_reason = aborted
t15.restarts = 6030
t15.nogoods_size = 2778196
t15.nodes = 34104450
t15.propagations = 34104450
t16.stop_reason = aborted
t16.restarts = 6030
t16.nogoods_size = 2778196
t16.nodes = 33558436
t16.propagations = 33558436
t0.stop_reason = aborted
t0.restarts = 6030
t0.nogoods_size = 2778196
t0.nodes = 32767622
t0.propagations = 32767622
t29.stop_reason = aborted
t29.restarts = 6030
t29.nogoods_size = 2778196
t29.nodes = 33875960
t29.propagations = 33875960
t23.stop_reason = aborted
t23.restarts = 6030
t23.nogoods_size = 2778196
t23.nodes = 34003884
t23.propagations = 34003884
t1.stop_reason = aborted
t1.restarts = 6030
t1.nogoods_size = 2778196
t1.nodes = 34152148
t1.propagations = 34152148
t25.stop_reason = aborted
t25.restarts = 6030
t25.nogoods_size = 2778196
t25.nodes = 33740801
t25.propagations = 33740801
t4.stop_reason = aborted
t4.restarts = 6030
t4.nogoods_size = 2778196
t4.nodes = 33741497
t4.propagations = 33741497
t18.stop_reason = aborted
t18.restarts = 6030
t18.nogoods_size = 2778196
t18.nodes = 34070299
t18.propagations = 34070299
t33.stop_reason = aborted
t33.restarts = 6030
t33.nogoods_size = 2778196
t33.nodes = 33717422
t33.propagations = 33717422
t10.stop_reason = aborted
t10.restarts = 6030
t10.nogoods_size = 2778196
t10.nodes = 33723089
t10.propagations = 33723089
t26.stop_reason = aborted
t26.restarts = 6030
t26.nogoods_size = 2778196
t26.nodes = 33680335
t26.propagations = 33680335
t5.stop_reason = aborted
t5.restarts = 6030
t5.nogoods_size = 2778196
t5.nodes = 33954722
t5.propagations = 33954722
t14.stop_reason = aborted
t14.restarts = 6030
t14.nogoods_size = 2778196
t14.nodes = 33674558
t14.propagations = 33674558
t9.stop_reason = aborted
t9.restarts = 6030
t9.nogoods_size = 2778196
t9.nodes = 33866887
t9.propagations = 33866887
t34.stop_reason = aborted
t34.restarts = 6030
t34.nogoods_size = 2778196
t34.nodes = 33793090
t34.propagations = 33793090
t6.stop_reason = aborted
t6.restarts = 6030
t6.nogoods_size = 2778196
t6.nodes = 33837064
t6.propagations = 33837064
t20.stop_reason = aborted
t20.restarts = 6030
t20.nogoods_size = 2778196
t20.nodes = 33886995
t20.propagations = 33886995
t7.stop_reason = aborted
t7.restarts = 6030
t7.nogoods_size = 2778196
t7.nodes = 33847639
t7.propagations = 33847639
t17.stop_reason = aborted
t17.restarts = 6030
t17.nogoods_size = 2778196
t17.nodes = 34168440
t17.propagations = 34168440
t22.stop_reason = aborted
t22.restarts = 6030
t22.nogoods_size = 2778196
t22.nodes = 34051170
t22.propagations = 34051170
t3.stop_reason = aborted
t3.restarts = 6030
t3.nogoods_size = 2778196
t3.nodes = 33917877
t3.propagations = 33917877
t27.stop_reason = aborted
t27.restarts = 6030
t27.nogoods_size = 2778196
t27.nodes = 33591626
t27.propagations = 33591626
t32.stop_reason = aborted
t32.restarts = 6030
t32.nogoods_size = 2778196
t32.nodes = 33649629
t32.propagations = 33649629
t28.stop_reason = aborted
t28.restarts = 6030
t28.nogoods_size = 2778196
t28.nodes = 33532391
t28.propagations = 33532391
t13.stop_reason = aborted
t13.restarts = 6030
t13.nogoods_size = 2778196
t13.nodes = 33765380
t13.propagations = 33765380
t30.stop_reason = aborted
t30.restarts = 6030
t30.nogoods_size = 2778196
t30.nodes = 33766026
t30.propagations = 33766026
t35.stop_reason = aborted
t35.restarts = 6030
t35.nogoods_size = 2778196
t35.nodes = 33896239
t35.propagations = 33896239
t24.stop_reason = aborted
t24.restarts = 6030
t24.nogoods_size = 2778196
t24.nodes = 34002572
t24.propagations = 34002572
t12.stop_reason = aborted
t12.restarts = 6030
t12.nogoods_size = 2778196
t12.nodes = 34047980
t12.propagations = 34047980
t11.stop_reason = aborted
t11.restarts = 6030
t11.nogoods_size = 2778196
t11.nodes = 33792232
t11.propagations = 33792232
t2.stop_reason = aborted
t2.restarts = 6030
t2.nogoods_size = 2778196
t2.nodes = 33719930
t2.propagations = 33719930
t19.stop_reason = aborted
t19.restarts = 6030
t19.nogoods_size = 2778196
t19.nodes = 33882558
t19.propagations = 33882558
search_time = 999851
