hostname = r1i0n19
commandline = ../glasgow/solve_subgraph_isomorphism --value-ordering=biased --geometric-restarts=1.0 --restarts-constant=5400 --triggered-restarts --threads=36 --timeout 1000 --format lad ../instances/LV/g19 ../instances/LV/g30
started_at = 2018-11-18 13:45:18
pattern_file = ../instances/LV/g19
target_file = ../instances/LV/g30
status = false
nodes = 1104712556
propagations = 2648715718
runtime = 336692
t7.stop_reason = unsatisfiable
t7.restarts = 5472
t7.nogoods_size = 2627173
t7.nodes = 31424154
t7.propagations = 31424154
t35.stop_reason = aborted
t35.restarts = 5472
t35.nogoods_size = 2627173
t35.nodes = 30790267
t35.propagations = 30790267
t1.stop_reason = aborted
t1.restarts = 5472
t1.nogoods_size = 2627173
t1.nodes = 30772806
t1.propagations = 30772806
t26.stop_reason = aborted
t26.restarts = 5472
t26.nogoods_size = 2627173
t26.nodes = 30479674
t26.propagations = 30479674
t5.stop_reason = aborted
t5.restarts = 5472
t5.nogoods_size = 2627173
t5.nodes = 30071588
t5.propagations = 30071588
t3.stop_reason = aborted
t3.restarts = 5472
t3.nogoods_size = 2627173
t3.nodes = 31198703
t3.propagations = 31198703
t25.stop_reason = aborted
t25.restarts = 5472
t25.nogoods_size = 2627173
t25.nodes = 30291026
t25.propagations = 30291026
t21.stop_reason = aborted
t21.restarts = 5472
t21.nogoods_size = 2627173
t21.nodes = 30563213
t21.propagations = 30563213
t16.stop_reason = aborted
t16.restarts = 5472
t16.nogoods_size = 2627173
t16.nodes = 31268135
t16.propagations = 31268135
t10.stop_reason = aborted
t10.restarts = 5472
t10.nogoods_size = 2627173
t10.nodes = 31081473
t10.propagations = 31081473
t6.stop_reason = aborted
t6.restarts = 5472
t6.nogoods_size = 2627173
t6.nodes = 30551914
t6.propagations = 30551914
t11.stop_reason = aborted
t11.restarts = 5472
t11.nogoods_size = 2627173
t11.nodes = 29693884
t11.propagations = 29693884
t28.stop_reason = aborted
t28.restarts = 5472
t28.nogoods_size = 2627173
t28.nodes = 30877900
t28.propagations = 30877900
t17.stop_reason = aborted
t17.restarts = 5472
t17.nogoods_size = 2627173
t17.nodes = 31439762
t17.propagations = 31439762
t2.stop_reason = unsatisfiable
t2.restarts = 5472
t2.nogoods_size = 2627173
t2.nodes = 30919988
t2.propagations = 30919988
t14.stop_reason = aborted
t14.restarts = 5472
t14.nogoods_size = 2627173
t14.nodes = 29475846
t14.propagations = 29475846
t22.stop_reason = aborted
t22.restarts = 5472
t22.nogoods_size = 2627173
t22.nodes = 30416694
t22.propagations = 30416694
t31.stop_reason = aborted
t31.restarts = 5472
t31.nogoods_size = 2627173
t31.nodes = 30287770
t31.propagations = 30287770
t33.stop_reason = unsatisfiable
t33.restarts = 5472
t33.nogoods_size = 2627173
t33.nodes = 30717118
t33.propagations = 30717118
t34.stop_reason = aborted
t34.restarts = 5472
t34.nogoods_size = 2627173
t34.nodes = 30884930
t34.propagations = 30884930
t27.stop_reason = aborted
t27.restarts = 5472
t27.nogoods_size = 2627173
t27.nodes = 31041945
t27.propagations = 31041945
t9.stop_reason = aborted
t9.restarts = 5472
t9.nogoods_size = 2627173
t9.nodes = 31165164
t9.propagations = 31165164
t12.stop_reason = unsatisfiable
t12.restarts = 5472
t12.nogoods_size = 2627173
t12.nodes = 30857441
t12.propagations = 30857441
t32.stop_reason = aborted
t32.restarts = 5472
t32.nogoods_size = 2627173
t32.nodes = 30878951
t32.propagations = 30878951
t18.stop_reason = aborted
t18.restarts = 5472
t18.nogoods_size = 2627173
t18.nodes = 31034421
t18.propagations = 31034421
t29.stop_reason = aborted
t29.restarts = 5472
t29.nogoods_size = 2627173
t29.nodes = 30099441
t29.propagations = 30099441
t24.stop_reason = aborted
t24.restarts = 5472
t24.nogoods_size = 2627173
t24.nodes = 30891766
t24.propagations = 30891766
t19.stop_reason = aborted
t19.restarts = 5472
t19.nogoods_size = 2627173
t19.nodes = 30196975
t19.propagations = 30196975
t23.stop_reason = aborted
t23.restarts = 5472
t23.nogoods_size = 2627173
t23.nodes = 30999286
t23.propagations = 30999286
t15.stop_reason = aborted
t15.restarts = 5472
t15.nogoods_size = 2627173
t15.nodes = 31091265
t15.propagations = 31091265
t20.stop_reason = aborted
t20.restarts = 5472
t20.nogoods_size = 2627173
t20.nodes = 30703995
t20.propagations = 30703995
t8.stop_reason = aborted
t8.restarts = 5472
t8.nogoods_size = 2627173
t8.nodes = 31344857
t8.propagations = 31344857
t4.stop_reason = unsatisfiable
t4.restarts = 5472
t4.nogoods_size = 2627173
t4.nodes = 31192427
t4.propagations = 31192427
t13.stop_reason = aborted
t13.restarts = 5472
t13.nogoods_size = 2627173
t13.nodes = 29986824
t13.propagations = 29986824
t0.stop_reason = aborted
t0.restarts = 5472
t0.nogoods_size = 2627173
t0.nodes = 29603204
t0.propagations = 29603204
t30.stop_reason = aborted
t30.restarts = 5472
t30.nogoods_size = 2627173
t30.nodes = 30417749
t30.propagations = 30417749
search_time = 308625
