hostname = r1i1n30
commandline = ../glasgow/solve_subgraph_isomorphism --value-ordering=biased --geometric-restarts=1.0 --restarts-constant=5400 --triggered-restarts --threads=36 --timeout 1000 --format lad ../instances/LV/g28 ../instances/largerGraphs/g55
started_at = 2018-11-18 13:38:35
pattern_file = ../instances/LV/g28
target_file = ../instances/largerGraphs/g55
status = false
nodes = 616294
propagations = 1838569
runtime = 134
t28.stop_reason = unsatisfiable
t28.restarts = 6
t28.nogoods_size = 1851
t28.nodes = 22094
t28.propagations = 22094
t14.stop_reason = aborted
t14.restarts = 6
t14.nogoods_size = 1851
t14.nodes = 11920
t14.propagations = 11920
t19.stop_reason = aborted
t19.restarts = 6
t19.nogoods_size = 1851
t19.nodes = 20071
t19.propagations = 20071
t27.stop_reason = aborted
t27.restarts = 6
t27.nogoods_size = 1851
t27.nodes = 11890
t27.propagations = 11890
t2.stop_reason = aborted
t2.restarts = 6
t2.nogoods_size = 1851
t2.nodes = 20902
t2.propagations = 20902
t22.stop_reason = aborted
t22.restarts = 6
t22.nogoods_size = 1851
t22.nodes = 11948
t22.propagations = 11948
t29.stop_reason = aborted
t29.restarts = 6
t29.nogoods_size = 1851
t29.nodes = 19289
t29.propagations = 19289
t26.stop_reason = aborted
t26.restarts = 6
t26.nogoods_size = 1851
t26.nodes = 19328
t26.propagations = 19328
t5.stop_reason = aborted
t5.restarts = 6
t5.nogoods_size = 1851
t5.nodes = 20785
t5.propagations = 20785
t30.stop_reason = aborted
t30.restarts = 6
t30.nogoods_size = 1851
t30.nodes = 20838
t30.propagations = 20838
t12.stop_reason = aborted
t12.restarts = 6
t12.nogoods_size = 1851
t12.nodes = 11707
t12.propagations = 11707
t8.stop_reason = aborted
t8.restarts = 6
t8.nogoods_size = 1851
t8.nodes = 13016
t8.propagations = 13016
t15.stop_reason = aborted
t15.restarts = 6
t15.nogoods_size = 1851
t15.nodes = 20348
t15.propagations = 20348
t34.stop_reason = aborted
t34.restarts = 6
t34.nogoods_size = 1851
t34.nodes = 19984
t34.propagations = 19984
t6.stop_reason = aborted
t6.restarts = 6
t6.nogoods_size = 1851
t6.nodes = 20338
t6.propagations = 20338
t24.stop_reason = aborted
t24.restarts = 6
t24.nogoods_size = 1851
t24.nodes = 10995
t24.propagations = 10995
t7.stop_reason = aborted
t7.restarts = 6
t7.nogoods_size = 1851
t7.nodes = 22054
t7.propagations = 22054
t11.stop_reason = aborted
t11.restarts = 6
t11.nogoods_size = 1851
t11.nodes = 10658
t11.propagations = 10658
t16.stop_reason = aborted
t16.restarts = 6
t16.nogoods_size = 1851
t16.nodes = 11486
t16.propagations = 11486
t0.stop_reason = aborted
t0.restarts = 6
t0.nogoods_size = 1851
t0.nodes = 21786
t0.propagations = 21786
t25.stop_reason = aborted
t25.restarts = 6
t25.nogoods_size = 1851
t25.nodes = 19907
t25.propagations = 19907
t10.stop_reason = aborted
t10.restarts = 6
t10.nogoods_size = 1851
t10.nodes = 19827
t10.propagations = 19827
t17.stop_reason = aborted
t17.restarts = 6
t17.nogoods_size = 1851
t17.nodes = 10816
t17.propagations = 10816
t4.stop_reason = aborted
t4.restarts = 6
t4.nogoods_size = 1851
t4.nodes = 13608
t4.propagations = 13608
t20.stop_reason = aborted
t20.restarts = 6
t20.nogoods_size = 1851
t20.nodes = 12483
t20.propagations = 12483
t32.stop_reason = aborted
t32.restarts = 6
t32.nogoods_size = 1851
t32.nodes = 20382
t32.propagations = 20382
t23.stop_reason = aborted
t23.restarts = 6
t23.nogoods_size = 1851
t23.nodes = 10634
t23.propagations = 10634
t33.stop_reason = aborted
t33.restarts = 6
t33.nogoods_size = 1851
t33.nodes = 21116
t33.propagations = 21116
t35.stop_reason = aborted
t35.restarts = 6
t35.nogoods_size = 1851
t35.nodes = 19548
t35.propagations = 19548
t9.stop_reason = aborted
t9.restarts = 6
t9.nogoods_size = 1851
t9.nodes = 20720
t9.propagations = 20720
t13.stop_reason = aborted
t13.restarts = 6
t13.nogoods_size = 1851
t13.nodes = 21664
t13.propagations = 21664
t31.stop_reason = aborted
t31.restarts = 6
t31.nogoods_size = 1851
t31.nodes = 18965
t31.propagations = 18965
t21.stop_reason = aborted
t21.restarts = 6
t21.nogoods_size = 1851
t21.nodes = 11223
t21.propagations = 11223
t3.stop_reason = aborted
t3.restarts = 6
t3.nogoods_size = 1851
t3.nodes = 21182
t3.propagations = 21182
t18.stop_reason = aborted
t18.restarts = 6
t18.nogoods_size = 1851
t18.nodes = 11547
t18.propagations = 11547
t1.stop_reason = aborted
t1.restarts = 6
t1.nogoods_size = 1851
t1.nodes = 21235
t1.propagations = 21235
search_time = 120
