hostname = r1i1n30
commandline = ../glasgow/solve_subgraph_isomorphism --value-ordering=biased --geometric-restarts=1.0 --restarts-constant=5400 --triggered-restarts --threads=36 --timeout 1000 --format lad ../instances/LV/g3 ../instances/largerGraphs/g112
started_at = 2018-11-18 13:38:37
pattern_file = ../instances/LV/g3
target_file = ../instances/largerGraphs/g112
status = false
nodes = 205446
propagations = 649114
runtime = 584
t23.stop_reason = unsatisfiable
t23.restarts = 3
t23.nogoods_size = 16780
t23.nodes = 6443
t23.propagations = 6443
t26.stop_reason = aborted
t26.restarts = 3
t26.nogoods_size = 16780
t26.nodes = 6872
t26.propagations = 6872
t22.stop_reason = aborted
t22.restarts = 3
t22.nogoods_size = 16780
t22.nodes = 6869
t22.propagations = 6869
t9.stop_reason = aborted
t9.restarts = 3
t9.nogoods_size = 16780
t9.nodes = 6902
t9.propagations = 6902
t17.stop_reason = aborted
t17.restarts = 3
t17.nogoods_size = 16780
t17.nodes = 3170
t17.propagations = 3170
t33.stop_reason = aborted
t33.restarts = 3
t33.nogoods_size = 16780
t33.nodes = 6842
t33.propagations = 6842
t0.stop_reason = aborted
t0.restarts = 3
t0.nogoods_size = 16780
t0.nodes = 7055
t0.propagations = 7055
t20.stop_reason = aborted
t20.restarts = 3
t20.nogoods_size = 16780
t20.nodes = 6817
t20.propagations = 6817
t6.stop_reason = aborted
t6.restarts = 3
t6.nogoods_size = 16780
t6.nodes = 7082
t6.propagations = 7082
t25.stop_reason = aborted
t25.restarts = 3
t25.nogoods_size = 16780
t25.nodes = 6881
t25.propagations = 6881
t13.stop_reason = aborted
t13.restarts = 3
t13.nogoods_size = 16780
t13.nodes = 6317
t13.propagations = 6317
t35.stop_reason = aborted
t35.restarts = 3
t35.nogoods_size = 16780
t35.nodes = 2845
t35.propagations = 2845
t15.stop_reason = aborted
t15.restarts = 3
t15.nogoods_size = 16780
t15.nodes = 6888
t15.propagations = 6888
t32.stop_reason = aborted
t32.restarts = 3
t32.nogoods_size = 16780
t32.nodes = 6766
t32.propagations = 6766
t21.stop_reason = aborted
t21.restarts = 3
t21.nogoods_size = 16780
t21.nodes = 6223
t21.propagations = 6223
t30.stop_reason = aborted
t30.restarts = 3
t30.nogoods_size = 16780
t30.nodes = 6793
t30.propagations = 6793
t11.stop_reason = aborted
t11.restarts = 3
t11.nogoods_size = 16780
t11.nodes = 6464
t11.propagations = 6464
t3.stop_reason = aborted
t3.restarts = 3
t3.nogoods_size = 16780
t3.nodes = 3166
t3.propagations = 3166
t24.stop_reason = aborted
t24.restarts = 3
t24.nogoods_size = 16780
t24.nodes = 6354
t24.propagations = 6354
t16.stop_reason = aborted
t16.restarts = 3
t16.nogoods_size = 16780
t16.nodes = 6367
t16.propagations = 6367
t1.stop_reason = aborted
t1.restarts = 3
t1.nogoods_size = 16780
t1.nodes = 3256
t1.propagations = 3256
t7.stop_reason = aborted
t7.restarts = 3
t7.nogoods_size = 16780
t7.nodes = 3200
t7.propagations = 3200
t34.stop_reason = aborted
t34.restarts = 3
t34.nogoods_size = 16780
t34.nodes = 6192
t34.propagations = 6192
t4.stop_reason = aborted
t4.restarts = 3
t4.nogoods_size = 16780
t4.nodes = 3612
t4.propagations = 3612
t12.stop_reason = aborted
t12.restarts = 3
t12.nogoods_size = 16780
t12.nodes = 3266
t12.propagations = 3266
t5.stop_reason = aborted
t5.restarts = 3
t5.nogoods_size = 16780
t5.nodes = 6425
t5.propagations = 6425
t28.stop_reason = aborted
t28.restarts = 3
t28.nogoods_size = 16780
t28.nodes = 6773
t28.propagations = 6773
t27.stop_reason = aborted
t27.restarts = 3
t27.nogoods_size = 16780
t27.nodes = 6084
t27.propagations = 6084
t31.stop_reason = aborted
t31.restarts = 3
t31.nogoods_size = 16780
t31.nodes = 2781
t31.propagations = 2781
t8.stop_reason = aborted
t8.restarts = 3
t8.nogoods_size = 16780
t8.nodes = 3595
t8.propagations = 3595
t10.stop_reason = aborted
t10.restarts = 3
t10.nogoods_size = 16780
t10.nodes = 3234
t10.propagations = 3234
t29.stop_reason = aborted
t29.restarts = 3
t29.nogoods_size = 16780
t29.nodes = 6159
t29.propagations = 6159
t14.stop_reason = aborted
t14.restarts = 3
t14.nogoods_size = 16780
t14.nodes = 6949
t14.propagations = 6949
t19.stop_reason = aborted
t19.restarts = 3
t19.nogoods_size = 16780
t19.nodes = 6872
t19.propagations = 6872
t2.stop_reason = aborted
t2.restarts = 3
t2.nogoods_size = 16780
t2.nodes = 6986
t2.propagations = 6986
t18.stop_reason = aborted
t18.restarts = 3
t18.nogoods_size = 16780
t18.nodes = 6946
t18.propagations = 6946
search_time = 175
