hostname = r1i4n6
commandline = ../glasgow/solve_subgraph_isomorphism --value-ordering=biased --geometric-restarts=1.0 --restarts-constant=5400 --triggered-restarts --threads=36 --timeout 1000 --format lad ../instances/LV/g35 ../instances/largerGraphs/g60-normed
started_at = 2018-11-18 15:15:40
pattern_file = ../instances/LV/g35
target_file = ../instances/largerGraphs/g60-normed
status = aborted
nodes = 1183285867
propagations = 3352087203
runtime = 1027094
t4.stop_reason = aborted
t4.restarts = 4912
t4.nogoods_size = 2295152
t4.nodes = 33184429
t4.propagations = 33184429
t10.stop_reason = aborted
t10.restarts = 4912
t10.nogoods_size = 2295152
t10.nodes = 33224899
t10.propagations = 33224899
t23.stop_reason = aborted
t23.restarts = 4912
t23.nogoods_size = 2295152
t23.nodes = 32958439
t23.propagations = 32958439
t18.stop_reason = aborted
t18.restarts = 4912
t18.nogoods_size = 2295152
t18.nodes = 32689048
t18.propagations = 32689048
t7.stop_reason = aborted
t7.restarts = 4912
t7.nogoods_size = 2295152
t7.nodes = 33941432
t7.propagations = 33941432
t11.stop_reason = aborted
t11.restarts = 4912
t11.nogoods_size = 2295152
t11.nodes = 32567413
t11.propagations = 32567413
t16.stop_reason = aborted
t16.restarts = 4912
t16.nogoods_size = 2295152
t16.nodes = 32955491
t16.propagations = 32955491
t3.stop_reason = aborted
t3.restarts = 4912
t3.nogoods_size = 2295152
t3.nodes = 32394000
t3.propagations = 32394000
t33.stop_reason = aborted
t33.restarts = 4912
t33.nogoods_size = 2295152
t33.nodes = 33810681
t33.propagations = 33810681
t2.stop_reason = aborted
t2.restarts = 4912
t2.nogoods_size = 2295152
t2.nodes = 33021942
t2.propagations = 33021942
t20.stop_reason = aborted
t20.restarts = 4912
t20.nogoods_size = 2295152
t20.nodes = 32732395
t20.propagations = 32732395
t15.stop_reason = aborted
t15.restarts = 4912
t15.nogoods_size = 2295152
t15.nodes = 33354285
t15.propagations = 33354285
t22.stop_reason = aborted
t22.restarts = 4912
t22.nogoods_size = 2295152
t22.nodes = 33323635
t22.propagations = 33323635
t8.stop_reason = aborted
t8.restarts = 4912
t8.nogoods_size = 2295152
t8.nodes = 32674997
t8.propagations = 32674997
t9.stop_reason = aborted
t9.restarts = 4912
t9.nogoods_size = 2295152
t9.nodes = 33371103
t9.propagations = 33371103
t14.stop_reason = aborted
t14.restarts = 4912
t14.nogoods_size = 2295152
t14.nodes = 33673394
t14.propagations = 33673394
t35.stop_reason = aborted
t35.restarts = 4912
t35.nogoods_size = 2295152
t35.nodes = 32973259
t35.propagations = 32973259
t28.stop_reason = aborted
t28.restarts = 4912
t28.nogoods_size = 2295152
t28.nodes = 33863970
t28.propagations = 33863970
t0.stop_reason = aborted
t0.restarts = 4912
t0.nogoods_size = 2295152
t0.nodes = 26622948
t0.propagations = 26622948
t12.stop_reason = aborted
t12.restarts = 4912
t12.nogoods_size = 2295152
t12.nodes = 32783826
t12.propagations = 32783826
t30.stop_reason = aborted
t30.restarts = 4912
t30.nogoods_size = 2295152
t30.nodes = 32087471
t30.propagations = 32087471
t27.stop_reason = aborted
t27.restarts = 4912
t27.nogoods_size = 2295152
t27.nodes = 32020442
t27.propagations = 32020442
t29.stop_reason = aborted
t29.restarts = 4912
t29.nogoods_size = 2295152
t29.nodes = 32090537
t29.propagations = 32090537
t26.stop_reason = aborted
t26.restarts = 4912
t26.nogoods_size = 2295152
t26.nodes = 33106877
t26.propagations = 33106877
t19.stop_reason = aborted
t19.restarts = 4912
t19.nogoods_size = 2295152
t19.nodes = 32190312
t19.propagations = 32190312
t13.stop_reason = aborted
t13.restarts = 4912
t13.nogoods_size = 2295152
t13.nodes = 33296418
t13.propagations = 33296418
t5.stop_reason = aborted
t5.restarts = 4912
t5.nogoods_size = 2295152
t5.nodes = 33655694
t5.propagations = 33655694
t1.stop_reason = aborted
t1.restarts = 4912
t1.nogoods_size = 2295152
t1.nodes = 32452921
t1.propagations = 32452921
t17.stop_reason = aborted
t17.restarts = 4912
t17.nogoods_size = 2295152
t17.nodes = 34459931
t17.propagations = 34459931
t21.stop_reason = aborted
t21.restarts = 4912
t21.nogoods_size = 2295152
t21.nodes = 32622719
t21.propagations = 32622719
t24.stop_reason = aborted
t24.restarts = 4912
t24.nogoods_size = 2295152
t24.nodes = 33544862
t24.propagations = 33544862
t6.stop_reason = aborted
t6.restarts = 4912
t6.nogoods_size = 2295152
t6.nodes = 33154373
t6.propagations = 33154373
t34.stop_reason = aborted
t34.restarts = 4912
t34.nogoods_size = 2295152
t34.nodes = 33334165
t34.propagations = 33334165
t31.stop_reason = aborted
t31.restarts = 4912
t31.nogoods_size = 2295152
t31.nodes = 33146725
t31.propagations = 33146725
t32.stop_reason = aborted
t32.restarts = 4912
t32.nogoods_size = 2295152
t32.nodes = 33064584
t32.propagations = 33064584
t25.stop_reason = aborted
t25.restarts = 4912
t25.nogoods_size = 2295152
t25.nodes = 32936250
t25.propagations = 32936250
search_time = 1000129
