hostname = r1i5n10
commandline = ../glasgow/solve_subgraph_isomorphism --value-ordering=biased --geometric-restarts=1.0 --restarts-constant=5400 --triggered-restarts --threads=36 --timeout 1000 --format lad ../instances/phase/phase-30-150-0.50-0.52-0.54-2-pattern ../instances/phase/phase-30-150-0.50-0.52-0.54-2-target
started_at = 2018-11-18 15:38:42
pattern_file = ../instances/phase/phase-30-150-0.50-0.52-0.54-2-pattern
target_file = ../instances/phase/phase-30-150-0.50-0.52-0.54-2-target
status = aborted
nodes = 2053670773
propagations = 5078344042
runtime = 1030655
t26.stop_reason = aborted
t26.restarts = 6840
t26.nogoods_size = 2697474
t26.nodes = 55986988
t26.propagations = 55986988
t2.restarts = 6840
t2.nogoods_size = 2697474
t2.nodes = 57080875
t2.propagations = 57080875
t32.restarts = 6840
t32.nogoods_size = 2697474
t32.nodes = 59285161
t32.propagations = 59285161
t11.restarts = 6840
t11.nogoods_size = 2697474
t11.nodes = 57290649
t11.propagations = 57290649
t17.restarts = 6840
t17.nogoods_size = 2697474
t17.nodes = 59064279
t17.propagations = 59064279
t15.restarts = 6840
t15.nogoods_size = 2697474
t15.nodes = 58437023
t15.propagations = 58437023
t10.restarts = 6840
t10.nogoods_size = 2697474
t10.nodes = 56878061
t10.propagations = 56878061
t23.restarts = 6840
t23.nogoods_size = 2697474
t23.nodes = 58338646
t23.propagations = 58338646
t7.restarts = 6840
t7.nogoods_size = 2697474
t7.nodes = 58256527
t7.propagations = 58256527
t1.restarts = 6840
t1.nogoods_size = 2697474
t1.nodes = 60595019
t1.propagations = 60595019
t16.restarts = 6840
t16.nogoods_size = 2697474
t16.nodes = 59050353
t16.propagations = 59050353
t12.restarts = 6840
t12.nogoods_size = 2697474
t12.nodes = 55581688
t12.propagations = 55581688
t9.restarts = 6840
t9.nogoods_size = 2697474
t9.nodes = 57316154
t9.propagations = 57316154
t21.restarts = 6840
t21.nogoods_size = 2697474
t21.nodes = 57003398
t21.propagations = 57003398
t34.restarts = 6840
t34.nogoods_size = 2697474
t34.nodes = 55325665
t34.propagations = 55325665
t25.restarts = 6840
t25.nogoods_size = 2697474
t25.nodes = 58492546
t25.propagations = 58492546
t0.restarts = 6840
t0.nogoods_size = 2697474
t0.nodes = 37008323
t0.propagations = 37008323
t6.restarts = 6840
t6.nogoods_size = 2697474
t6.nodes = 56024362
t6.propagations = 56024362
t18.restarts = 6840
t18.nogoods_size = 2697474
t18.nodes = 55919218
t18.propagations = 55919218
t35.restarts = 6840
t35.nogoods_size = 2697474
t35.nodes = 56552215
t35.propagations = 56552215
t33.restarts = 6840
t33.nogoods_size = 2697474
t33.nodes = 60154086
t33.propagations = 60154086
t24.restarts = 6840
t24.nogoods_size = 2697474
t24.nodes = 55126752
t24.propagations = 55126752
t5.restarts = 6840
t5.nogoods_size = 2697474
t5.nodes = 58738809
t5.propagations = 58738809
t28.restarts = 6840
t28.nogoods_size = 2697474
t28.nodes = 59902789
t28.propagations = 59902789
t8.restarts = 6840
t8.nogoods_size = 2697474
t8.nodes = 55929745
t8.propagations = 55929745
t14.restarts = 6840
t14.nogoods_size = 2697474
t14.nodes = 56695404
t14.propagations = 56695404
t22.restarts = 6840
t22.nogoods_size = 2697474
t22.nodes = 55866765
t22.propagations = 55866765
t30.restarts = 6840
t30.nogoods_size = 2697474
t30.nodes = 57361999
t30.propagations = 57361999
t4.restarts = 6840
t4.nogoods_size = 2697474
t4.nodes = 56366131
t4.propagations = 56366131
t19.restarts = 6840
t19.nogoods_size = 2697474
t19.nodes = 58356592
t19.propagations = 58356592
t13.restarts = 6840
t13.nogoods_size = 2697474
t13.nodes = 57792648
t13.propagations = 57792648
t27.restarts = 6840
t27.nogoods_size = 2697474
t27.nodes = 57654506
t27.propagations = 57654506
t3.restarts = 6840
t3.nogoods_size = 2697474
t3.nodes = 59026883
t3.propagations = 59026883
t20.restarts = 6840
t20.nogoods_size = 2697474
t20.nodes = 55999714
t20.propagations = 55999714
t31.restarts = 6840
t31.nogoods_size = 2697474
t31.nodes = 57630084
t31.propagations = 57630084
t29.restarts = 6840
t29.nogoods_size = 2697474
t29.nodes = 61580716
t29.propagations = 61580716
search_time = 1000017
