hostname = r1i0n18
commandline = ../glasgow/solve_subgraph_isomorphism --value-ordering=biased --geometric-restarts=1.0 --restarts-constant=5400 --triggered-restarts --threads=36 --timeout 1000 --format lad ../instances/phase/phase-30-150-0.76-0.70-0.72-1-pattern ../instances/phase/phase-30-150-0.76-0.70-0.72-1-target
started_at = 2018-11-18 16:13:27
pattern_file = ../instances/phase/phase-30-150-0.76-0.70-0.72-1-pattern
target_file = ../instances/phase/phase-30-150-0.76-0.70-0.72-1-target
status = aborted
nodes = 2099395532
propagations = 6134838295
runtime = 1032010
t21.stop_reason = aborted
t21.restarts = 5843
t21.nogoods_size = 2848649
t21.nodes = 50616193
t21.propagations = 50616193
t3.stop_reason = aborted
t3.restarts = 5843
t3.nogoods_size = 2848649
t3.nodes = 62004936
t3.propagations = 62004936
t10.stop_reason = aborted
t10.restarts = 5843
t10.nogoods_size = 2848649
t10.nodes = 59920164
t10.propagations = 59920164
t9.stop_reason = aborted
t9.restarts = 5843
t9.nogoods_size = 2848649
t9.nodes = 61120396
t9.propagations = 61120396
t25.stop_reason = aborted
t25.restarts = 5843
t25.nogoods_size = 2848649
t25.nodes = 57091716
t25.propagations = 57091716
t31.stop_reason = aborted
t31.restarts = 5843
t31.nogoods_size = 2848649
t31.nodes = 56699070
t31.propagations = 56699070
t19.stop_reason = aborted
t19.restarts = 5843
t19.nogoods_size = 2848649
t19.nodes = 60482476
t19.propagations = 60482476
t4.stop_reason = aborted
t4.restarts = 5843
t4.nogoods_size = 2848649
t4.nodes = 63361699
t4.propagations = 63361699
t5.stop_reason = aborted
t5.restarts = 5843
t5.nogoods_size = 2848649
t5.nodes = 57669755
t5.propagations = 57669755
t20.stop_reason = aborted
t20.restarts = 5843
t20.nogoods_size = 2848649
t20.nodes = 59846980
t20.propagations = 59846980
t2.stop_reason = aborted
t2.restarts = 5843
t2.nogoods_size = 2848649
t2.nodes = 57658079
t2.propagations = 57658079
t26.stop_reason = aborted
t26.restarts = 5843
t26.nogoods_size = 2848649
t26.nodes = 58365955
t26.propagations = 58365955
t16.stop_reason = aborted
t16.restarts = 5843
t16.nogoods_size = 2848649
t16.nodes = 60700394
t16.propagations = 60700394
t14.stop_reason = aborted
t14.restarts = 5843
t14.nogoods_size = 2848649
t14.nodes = 58536289
t14.propagations = 58536289
t28.stop_reason = aborted
t28.restarts = 5843
t28.nogoods_size = 2848649
t28.nodes = 60626861
t28.propagations = 60626861
t13.stop_reason = aborted
t13.restarts = 5843
t13.nogoods_size = 2848649
t13.nodes = 58035631
t13.propagations = 58035631
t23.stop_reason = aborted
t23.restarts = 5843
t23.nogoods_size = 2848649
t23.nodes = 67478786
t23.propagations = 67478786
t30.stop_reason = aborted
t30.restarts = 5843
t30.nogoods_size = 2848649
t30.nodes = 59823528
t30.propagations = 59823528
t32.stop_reason = aborted
t32.restarts = 5843
t32.nogoods_size = 2848649
t32.nodes = 57630301
t32.propagations = 57630301
t15.stop_reason = aborted
t15.restarts = 5843
t15.nogoods_size = 2848649
t15.nodes = 61837511
t15.propagations = 61837511
t22.stop_reason = aborted
t22.restarts = 5843
t22.nogoods_size = 2848649
t22.nodes = 59387790
t22.propagations = 59387790
t17.stop_reason = aborted
t17.restarts = 5843
t17.nogoods_size = 2848649
t17.nodes = 61023249
t17.propagations = 61023249
t18.stop_reason = aborted
t18.restarts = 5843
t18.nogoods_size = 2848649
t18.nodes = 58561219
t18.propagations = 58561219
t8.stop_reason = aborted
t8.restarts = 5843
t8.nogoods_size = 2848649
t8.nodes = 60765686
t8.propagations = 60765686
t0.stop_reason = aborted
t0.restarts = 5843
t0.nogoods_size = 2848649
t0.nodes = 31613220
t0.propagations = 31613220
t11.stop_reason = aborted
t11.restarts = 5843
t11.nogoods_size = 2848649
t11.nodes = 60580742
t11.propagations = 60580742
t24.stop_reason = aborted
t24.restarts = 5843
t24.nogoods_size = 2848649
t24.nodes = 60586807
t24.propagations = 60586807
t12.stop_reason = aborted
t12.restarts = 5843
t12.nogoods_size = 2848649
t12.nodes = 59981200
t12.propagations = 59981200
t35.stop_reason = aborted
t35.restarts = 5843
t35.nogoods_size = 2848649
t35.nodes = 61035205
t35.propagations = 61035205
t1.stop_reason = aborted
t1.restarts = 5843
t1.nogoods_size = 2848649
t1.nodes = 58101191
t1.propagations = 58101191
t29.stop_reason = aborted
t29.restarts = 5843
t29.nogoods_size = 2848649
t29.nodes = 56760722
t29.propagations = 56760722
t7.stop_reason = aborted
t7.restarts = 5843
t7.nogoods_size = 2848649
t7.nodes = 59661880
t7.propagations = 59661880
t33.stop_reason = aborted
t33.restarts = 5843
t33.nogoods_size = 2848649
t33.nodes = 59001409
t33.propagations = 59001409
t6.stop_reason = aborted
t6.restarts = 5843
t6.nogoods_size = 2848649
t6.nodes = 58806697
t6.propagations = 58806697
t34.stop_reason = aborted
t34.restarts = 5843
t34.nogoods_size = 2848649
t34.nodes = 47758038
t34.propagations = 47758038
t27.stop_reason = aborted
t27.restarts = 5843
t27.nogoods_size = 2848649
t27.nodes = 56263757
t27.propagations = 56263757
search_time = 1000112
