hostname = r1i0n12
commandline = ../glasgow/mpi_solve_subgraph_isomorphism --timeout 1000 --format lad --geometric-restarts=1.0 --restarts-constant=5400 --triggered-restarts --threads 18 ../instances/LV/g19 ../instances/largerGraphs/g111
started_at = 2018-11-19 20:22:19
pattern_file = ../instances/LV/g19
target_file = ../instances/largerGraphs/g111
status = false
nodes = 3663114
propagations = 15534160
runtime = 2776
h0.t17.stop_reason = unsatisfiable
h0.t17.restarts = 4
h0.t17.nogoods_size = 16540
h0.t17.nodes = 10996
h0.t17.propagations = 10996
h0.t0.stop_reason = unsatisfiable
h0.t0.restarts = 4
h0.t0.nogoods_size = 16540
h0.t0.nodes = 10813
h0.t0.propagations = 10813
h0.t9.stop_reason = unsatisfiable
h0.t9.restarts = 4
h0.t9.nogoods_size = 16540
h0.t9.nodes = 23363
h0.t9.propagations = 23363
h0.t7.stop_reason = unsatisfiable
h0.t7.restarts = 4
h0.t7.nogoods_size = 16540
h0.t7.nodes = 21265
h0.t7.propagations = 21265
h0.t3.stop_reason = unsatisfiable
h0.t3.restarts = 4
h0.t3.nogoods_size = 16540
h0.t3.nodes = 23248
h0.t3.propagations = 23248
h0.t15.stop_reason = unsatisfiable
h0.t15.restarts = 4
h0.t15.nogoods_size = 16540
h0.t15.nodes = 20766
h0.t15.propagations = 20766
h0.t13.stop_reason = unsatisfiable
h0.t13.restarts = 4
h0.t13.nogoods_size = 16540
h0.t13.nodes = 22369
h0.t13.propagations = 22369
h0.t12.stop_reason = unsatisfiable
h0.t12.restarts = 4
h0.t12.nogoods_size = 16540
h0.t12.nodes = 21666
h0.t12.propagations = 21666
h0.t1.stop_reason = unsatisfiable
h0.t1.restarts = 4
h0.t1.nogoods_size = 16540
h0.t1.nodes = 22517
h0.t1.propagations = 22517
h0.t4.stop_reason = unsatisfiable
h0.t4.restarts = 4
h0.t4.nogoods_size = 16540
h0.t4.nodes = 20089
h0.t4.propagations = 20089
h0.t11.stop_reason = unsatisfiable
h0.t11.restarts = 4
h0.t11.nogoods_size = 16540
h0.t11.nodes = 22254
h0.t11.propagations = 22254
h0.t16.stop_reason = unsatisfiable
h0.t16.restarts = 4
h0.t16.nogoods_size = 16540
h0.t16.nodes = 22776
h0.t16.propagations = 22776
h0.t2.stop_reason = unsatisfiable
h0.t2.restarts = 4
h0.t2.nogoods_size = 16540
h0.t2.nodes = 22453
h0.t2.propagations = 22453
h0.t5.stop_reason = unsatisfiable
h0.t5.restarts = 4
h0.t5.nogoods_size = 16540
h0.t5.nodes = 22635
h0.t5.propagations = 22635
h0.t14.stop_reason = unsatisfiable
h0.t14.restarts = 4
h0.t14.nogoods_size = 16540
h0.t14.nodes = 21587
h0.t14.propagations = 21587
h0.t6.stop_reason = unsatisfiable
h0.t6.restarts = 4
h0.t6.nogoods_size = 16540
h0.t6.nodes = 20870
h0.t6.propagations = 20870
h0.t8.stop_reason = unsatisfiable
h0.t8.restarts = 4
h0.t8.nogoods_size = 16540
h0.t8.nodes = 20861
h0.t8.propagations = 20861
h0.t10.stop_reason = unsatisfiable
h0.t10.restarts = 4
h0.t10.nogoods_size = 16540
h0.t10.nodes = 20139
h0.t10.propagations = 20139
h0.search_time = 2439
h0.nodes = 370667
h0.propagations = 1576851
h1.t17.stop_reason = unsatisfiable
h1.t17.restarts = 4
h1.t17.nogoods_size = 16081
h1.t17.nodes = 12323
h1.t17.propagations = 12323
h1.t0.stop_reason = unsatisfiable
h1.t0.restarts = 4
h1.t0.nogoods_size = 16081
h1.t0.nodes = 10815
h1.t0.propagations = 10815
h1.t16.stop_reason = unsatisfiable
h1.t16.restarts = 4
h1.t16.nogoods_size = 16081
h1.t16.nodes = 19675
h1.t16.propagations = 19675
h1.t4.stop_reason = unsatisfiable
h1.t4.restarts = 4
h1.t4.nogoods_size = 16081
h1.t4.nodes = 21690
h1.t4.propagations = 21690
h1.t1.stop_reason = unsatisfiable
h1.t1.restarts = 4
h1.t1.nogoods_size = 16081
h1.t1.nodes = 21885
h1.t1.propagations = 21885
h1.t12.stop_reason = unsatisfiable
h1.t12.restarts = 4
h1.t12.nogoods_size = 16081
h1.t12.nodes = 20540
h1.t12.propagations = 20540
h1.t14.stop_reason = unsatisfiable
h1.t14.restarts = 4
h1.t14.nogoods_size = 16081
h1.t14.nodes = 18476
h1.t14.propagations = 18476
h1.t2.stop_reason = unsatisfiable
h1.t2.restarts = 4
h1.t2.nogoods_size = 16081
h1.t2.nodes = 19032
h1.t2.propagations = 19032
h1.t13.stop_reason = unsatisfiable
h1.t13.restarts = 4
h1.t13.nogoods_size = 16081
h1.t13.nodes = 18759
h1.t13.propagations = 18759
h1.t3.stop_reason = unsatisfiable
h1.t3.restarts = 4
h1.t3.nogoods_size = 16081
h1.t3.nodes = 21101
h1.t3.propagations = 21101
h1.t11.stop_reason = unsatisfiable
h1.t11.restarts = 4
h1.t11.nogoods_size = 16081
h1.t11.nodes = 19415
h1.t11.propagations = 19415
h1.t15.stop_reason = unsatisfiable
h1.t15.restarts = 4
h1.t15.nogoods_size = 16081
h1.t15.nodes = 20627
h1.t15.propagations = 20627
h1.t6.stop_reason = unsatisfiable
h1.t6.restarts = 4
h1.t6.nogoods_size = 16081
h1.t6.nodes = 20314
h1.t6.propagations = 20314
h1.t9.stop_reason = unsatisfiable
h1.t9.restarts = 4
h1.t9.nogoods_size = 16081
h1.t9.nodes = 23184
h1.t9.propagations = 23184
h1.t10.stop_reason = unsatisfiable
h1.t10.restarts = 4
h1.t10.nogoods_size = 16081
h1.t10.nodes = 20761
h1.t10.propagations = 20761
h1.t5.stop_reason = unsatisfiable
h1.t5.restarts = 4
h1.t5.nogoods_size = 16081
h1.t5.nodes = 21457
h1.t5.propagations = 21457
h1.t7.stop_reason = unsatisfiable
h1.t7.restarts = 4
h1.t7.nogoods_size = 16081
h1.t7.nodes = 19623
h1.t7.propagations = 19623
h1.t8.stop_reason = unsatisfiable
h1.t8.restarts = 4
h1.t8.nogoods_size = 16081
h1.t8.nodes = 21229
h1.t8.propagations = 21229
h1.search_time = 2437
h1.nodes = 350906
h1.propagations = 1451131
h2.t0.stop_reason = unsatisfiable
h2.t0.restarts = 4
h2.t0.nogoods_size = 16878
h2.t0.nodes = 10816
h2.t0.propagations = 10816
h2.t9.stop_reason = unsatisfiable
h2.t9.restarts = 4
h2.t9.nogoods_size = 16878
h2.t9.nodes = 25474
h2.t9.propagations = 25474
h2.t11.stop_reason = unsatisfiable
h2.t11.restarts = 4
h2.t11.nogoods_size = 16878
h2.t11.nodes = 24943
h2.t11.propagations = 24943
h2.t13.stop_reason = unsatisfiable
h2.t13.restarts = 4
h2.t13.nogoods_size = 16878
h2.t13.nodes = 25218
h2.t13.propagations = 25218
h2.t2.stop_reason = unsatisfiable
h2.t2.restarts = 4
h2.t2.nogoods_size = 16878
h2.t2.nodes = 26099
h2.t2.propagations = 26099
h2.t4.stop_reason = unsatisfiable
h2.t4.restarts = 4
h2.t4.nogoods_size = 16878
h2.t4.nodes = 24499
h2.t4.propagations = 24499
h2.t3.stop_reason = unsatisfiable
h2.t3.restarts = 4
h2.t3.nogoods_size = 16878
h2.t3.nodes = 23832
h2.t3.propagations = 23832
h2.t5.stop_reason = unsatisfiable
h2.t5.restarts = 4
h2.t5.nogoods_size = 16878
h2.t5.nodes = 27100
h2.t5.propagations = 27100
h2.t7.stop_reason = unsatisfiable
h2.t7.restarts = 4
h2.t7.nogoods_size = 16878
h2.t7.nodes = 25617
h2.t7.propagations = 25617
h2.t17.stop_reason = unsatisfiable
h2.t17.restarts = 4
h2.t17.nogoods_size = 16878
h2.t17.nodes = 12087
h2.t17.propagations = 12087
h2.t10.stop_reason = unsatisfiable
h2.t10.restarts = 4
h2.t10.nogoods_size = 16878
h2.t10.nodes = 25438
h2.t10.propagations = 25438
h2.t16.stop_reason = unsatisfiable
h2.t16.restarts = 4
h2.t16.nogoods_size = 16878
h2.t16.nodes = 24204
h2.t16.propagations = 24204
h2.t1.stop_reason = unsatisfiable
h2.t1.restarts = 4
h2.t1.nogoods_size = 16878
h2.t1.nodes = 25385
h2.t1.propagations = 25385
h2.t14.stop_reason = unsatisfiable
h2.t14.restarts = 4
h2.t14.nogoods_size = 16878
h2.t14.nodes = 27722
h2.t14.propagations = 27722
h2.t6.stop_reason = unsatisfiable
h2.t6.restarts = 4
h2.t6.nogoods_size = 16878
h2.t6.nodes = 24702
h2.t6.propagations = 24702
h2.t12.stop_reason = unsatisfiable
h2.t12.restarts = 4
h2.t12.nogoods_size = 16878
h2.t12.nodes = 24776
h2.t12.propagations = 24776
h2.t15.stop_reason = unsatisfiable
h2.t15.restarts = 4
h2.t15.nogoods_size = 16878
h2.t15.nodes = 24818
h2.t15.propagations = 24818
h2.t8.stop_reason = unsatisfiable
h2.t8.restarts = 4
h2.t8.nogoods_size = 16878
h2.t8.nodes = 23832
h2.t8.propagations = 23832
h2.search_time = 2478
h2.nodes = 426562
h2.propagations = 1867588
h3.t2.stop_reason = unsatisfiable
h3.t2.restarts = 4
h3.t2.nogoods_size = 16905
h3.t2.nodes = 24906
h3.t2.propagations = 24906
h3.t15.stop_reason = unsatisfiable
h3.t15.restarts = 4
h3.t15.nogoods_size = 16905
h3.t15.nodes = 24992
h3.t15.propagations = 24992
h3.t7.stop_reason = unsatisfiable
h3.t7.restarts = 4
h3.t7.nogoods_size = 16905
h3.t7.nodes = 27179
h3.t7.propagations = 27179
h3.t6.stop_reason = unsatisfiable
h3.t6.restarts = 4
h3.t6.nogoods_size = 16905
h3.t6.nodes = 25360
h3.t6.propagations = 25360
h3.t8.stop_reason = unsatisfiable
h3.t8.restarts = 4
h3.t8.nogoods_size = 16905
h3.t8.nodes = 25777
h3.t8.propagations = 25777
h3.t16.stop_reason = unsatisfiable
h3.t16.restarts = 4
h3.t16.nogoods_size = 16905
h3.t16.nodes = 27356
h3.t16.propagations = 27356
h3.t11.stop_reason = unsatisfiable
h3.t11.restarts = 4
h3.t11.nogoods_size = 16905
h3.t11.nodes = 24842
h3.t11.propagations = 24842
h3.t12.stop_reason = unsatisfiable
h3.t12.restarts = 4
h3.t12.nogoods_size = 16905
h3.t12.nodes = 25883
h3.t12.propagations = 25883
h3.t0.stop_reason = unsatisfiable
h3.t0.restarts = 4
h3.t0.nogoods_size = 16905
h3.t0.nodes = 10812
h3.t0.propagations = 10812
h3.t5.stop_reason = unsatisfiable
h3.t5.restarts = 4
h3.t5.nogoods_size = 16905
h3.t5.nodes = 27853
h3.t5.propagations = 27853
h3.t14.stop_reason = unsatisfiable
h3.t14.restarts = 4
h3.t14.nogoods_size = 16905
h3.t14.nodes = 25680
h3.t14.propagations = 25680
h3.t13.stop_reason = unsatisfiable
h3.t13.restarts = 4
h3.t13.nogoods_size = 16905
h3.t13.nodes = 25701
h3.t13.propagations = 25701
h3.t9.stop_reason = unsatisfiable
h3.t9.restarts = 4
h3.t9.nogoods_size = 16905
h3.t9.nodes = 26054
h3.t9.propagations = 26054
h3.t10.stop_reason = unsatisfiable
h3.t10.restarts = 4
h3.t10.nogoods_size = 16905
h3.t10.nodes = 27241
h3.t10.propagations = 27241
h3.t4.stop_reason = unsatisfiable
h3.t4.restarts = 4
h3.t4.nogoods_size = 16905
h3.t4.nodes = 25946
h3.t4.propagations = 25946
h3.t17.stop_reason = unsatisfiable
h3.t17.restarts = 4
h3.t17.nogoods_size = 16905
h3.t17.nodes = 15282
h3.t17.propagations = 15282
h3.t1.stop_reason = unsatisfiable
h3.t1.restarts = 4
h3.t1.nogoods_size = 16905
h3.t1.nodes = 23512
h3.t1.propagations = 23512
h3.t3.stop_reason = unsatisfiable
h3.t3.restarts = 4
h3.t3.nogoods_size = 16905
h3.t3.nodes = 22998
h3.t3.propagations = 22998
h3.search_time = 2466
h3.nodes = 437374
h3.propagations = 1895120
h4.t17.stop_reason = unsatisfiable
h4.t17.restarts = 4
h4.t17.nogoods_size = 16238
h4.t17.nodes = 11922
h4.t17.propagations = 11922
h4.t0.stop_reason = unsatisfiable
h4.t0.restarts = 4
h4.t0.nogoods_size = 16238
h4.t0.nodes = 10815
h4.t0.propagations = 10815
h4.t15.stop_reason = unsatisfiable
h4.t15.restarts = 4
h4.t15.nogoods_size = 16238
h4.t15.nodes = 23273
h4.t15.propagations = 23273
h4.t11.stop_reason = unsatisfiable
h4.t11.restarts = 4
h4.t11.nogoods_size = 16238
h4.t11.nodes = 24964
h4.t11.propagations = 24964
h4.t4.stop_reason = unsatisfiable
h4.t4.restarts = 4
h4.t4.nogoods_size = 16238
h4.t4.nodes = 23916
h4.t4.propagations = 23916
h4.t3.stop_reason = unsatisfiable
h4.t3.restarts = 4
h4.t3.nogoods_size = 16238
h4.t3.nodes = 24085
h4.t3.propagations = 24085
h4.t14.stop_reason = unsatisfiable
h4.t14.restarts = 4
h4.t14.nogoods_size = 16238
h4.t14.nodes = 23811
h4.t14.propagations = 23811
h4.t5.stop_reason = unsatisfiable
h4.t5.restarts = 4
h4.t5.nogoods_size = 16238
h4.t5.nodes = 23832
h4.t5.propagations = 23832
h4.t1.stop_reason = unsatisfiable
h4.t1.restarts = 4
h4.t1.nogoods_size = 16238
h4.t1.nodes = 23351
h4.t1.propagations = 23351
h4.t6.stop_reason = unsatisfiable
h4.t6.restarts = 4
h4.t6.nogoods_size = 16238
h4.t6.nodes = 23257
h4.t6.propagations = 23257
h4.t7.stop_reason = unsatisfiable
h4.t7.restarts = 4
h4.t7.nogoods_size = 16238
h4.t7.nodes = 23584
h4.t7.propagations = 23584
h4.t9.stop_reason = unsatisfiable
h4.t9.restarts = 4
h4.t9.nogoods_size = 16238
h4.t9.nodes = 22658
h4.t9.propagations = 22658
h4.t16.stop_reason = unsatisfiable
h4.t16.restarts = 4
h4.t16.nogoods_size = 16238
h4.t16.nodes = 22421
h4.t16.propagations = 22421
h4.t13.stop_reason = unsatisfiable
h4.t13.restarts = 4
h4.t13.nogoods_size = 16238
h4.t13.nodes = 23483
h4.t13.propagations = 23483
h4.t8.stop_reason = unsatisfiable
h4.t8.restarts = 4
h4.t8.nogoods_size = 16238
h4.t8.nodes = 23486
h4.t8.propagations = 23486
h4.t12.stop_reason = unsatisfiable
h4.t12.restarts = 4
h4.t12.nogoods_size = 16238
h4.t12.nodes = 24642
h4.t12.propagations = 24642
h4.t2.stop_reason = unsatisfiable
h4.t2.restarts = 4
h4.t2.nogoods_size = 16238
h4.t2.nodes = 23660
h4.t2.propagations = 23660
h4.t10.stop_reason = unsatisfiable
h4.t10.restarts = 4
h4.t10.nogoods_size = 16238
h4.t10.nodes = 23136
h4.t10.propagations = 23136
h4.search_time = 2471
h4.nodes = 400296
h4.propagations = 1683367
h5.t15.stop_reason = unsatisfiable
h5.t15.restarts = 4
h5.t15.nogoods_size = 15911
h5.t15.nodes = 20147
h5.t15.propagations = 20147
h5.t3.stop_reason = unsatisfiable
h5.t3.restarts = 4
h5.t3.nogoods_size = 15911
h5.t3.nodes = 20055
h5.t3.propagations = 20055
h5.t7.stop_reason = unsatisfiable
h5.t7.restarts = 4
h5.t7.nogoods_size = 15911
h5.t7.nodes = 20144
h5.t7.propagations = 20144
h5.t16.stop_reason = unsatisfiable
h5.t16.restarts = 4
h5.t16.nogoods_size = 15911
h5.t16.nodes = 20012
h5.t16.propagations = 20012
h5.t13.stop_reason = unsatisfiable
h5.t13.restarts = 4
h5.t13.nogoods_size = 15911
h5.t13.nodes = 20660
h5.t13.propagations = 20660
h5.t14.stop_reason = unsatisfiable
h5.t14.restarts = 4
h5.t14.nogoods_size = 15911
h5.t14.nodes = 20746
h5.t14.propagations = 20746
h5.t2.stop_reason = unsatisfiable
h5.t2.restarts = 4
h5.t2.nogoods_size = 15911
h5.t2.nodes = 20708
h5.t2.propagations = 20708
h5.t5.stop_reason = unsatisfiable
h5.t5.restarts = 4
h5.t5.nogoods_size = 15911
h5.t5.nodes = 18142
h5.t5.propagations = 18142
h5.t1.stop_reason = unsatisfiable
h5.t1.restarts = 4
h5.t1.nogoods_size = 15911
h5.t1.nodes = 20891
h5.t1.propagations = 20891
h5.t11.stop_reason = unsatisfiable
h5.t11.restarts = 4
h5.t11.nogoods_size = 15911
h5.t11.nodes = 20736
h5.t11.propagations = 20736
h5.t10.stop_reason = unsatisfiable
h5.t10.restarts = 4
h5.t10.nogoods_size = 15911
h5.t10.nodes = 20802
h5.t10.propagations = 20802
h5.t6.stop_reason = unsatisfiable
h5.t6.restarts = 4
h5.t6.nogoods_size = 15911
h5.t6.nodes = 20261
h5.t6.propagations = 20261
h5.t0.stop_reason = unsatisfiable
h5.t0.restarts = 4
h5.t0.nogoods_size = 15911
h5.t0.nodes = 10817
h5.t0.propagations = 10817
h5.t8.stop_reason = unsatisfiable
h5.t8.restarts = 4
h5.t8.nogoods_size = 15911
h5.t8.nodes = 19177
h5.t8.propagations = 19177
h5.t4.stop_reason = unsatisfiable
h5.t4.restarts = 4
h5.t4.nogoods_size = 15911
h5.t4.nodes = 19822
h5.t4.propagations = 19822
h5.t9.stop_reason = unsatisfiable
h5.t9.restarts = 4
h5.t9.nogoods_size = 15911
h5.t9.nodes = 18804
h5.t9.propagations = 18804
h5.t17.stop_reason = unsatisfiable
h5.t17.restarts = 4
h5.t17.nogoods_size = 15911
h5.t17.nodes = 10798
h5.t17.propagations = 10798
h5.t12.stop_reason = unsatisfiable
h5.t12.restarts = 4
h5.t12.nogoods_size = 15911
h5.t12.nodes = 20696
h5.t12.propagations = 20696
h5.search_time = 2463
h5.nodes = 343418
h5.propagations = 1396763
h6.t16.stop_reason = unsatisfiable
h6.t16.restarts = 4
h6.t16.nogoods_size = 16009
h6.t16.nodes = 16276
h6.t16.propagations = 16276
h6.t9.stop_reason = unsatisfiable
h6.t9.restarts = 4
h6.t9.nogoods_size = 16009
h6.t9.nodes = 16980
h6.t9.propagations = 16980
h6.t1.stop_reason = unsatisfiable
h6.t1.restarts = 4
h6.t1.nogoods_size = 16009
h6.t1.nodes = 17645
h6.t1.propagations = 17645
h6.t8.stop_reason = unsatisfiable
h6.t8.restarts = 4
h6.t8.nogoods_size = 16009
h6.t8.nodes = 18831
h6.t8.propagations = 18831
h6.t17.stop_reason = unsatisfiable
h6.t17.restarts = 4
h6.t17.nogoods_size = 16009
h6.t17.nodes = 7136
h6.t17.propagations = 7136
h6.t10.stop_reason = unsatisfiable
h6.t10.restarts = 4
h6.t10.nogoods_size = 16009
h6.t10.nodes = 17334
h6.t10.propagations = 17334
h6.t15.stop_reason = unsatisfiable
h6.t15.restarts = 4
h6.t15.nogoods_size = 16009
h6.t15.nodes = 18870
h6.t15.propagations = 18870
h6.t3.stop_reason = unsatisfiable
h6.t3.restarts = 4
h6.t3.nogoods_size = 16009
h6.t3.nodes = 18014
h6.t3.propagations = 18014
h6.t7.stop_reason = unsatisfiable
h6.t7.restarts = 4
h6.t7.nogoods_size = 16009
h6.t7.nodes = 18588
h6.t7.propagations = 18588
h6.t5.stop_reason = unsatisfiable
h6.t5.restarts = 4
h6.t5.nogoods_size = 16009
h6.t5.nodes = 15290
h6.t5.propagations = 15290
h6.t13.stop_reason = unsatisfiable
h6.t13.restarts = 4
h6.t13.nogoods_size = 16009
h6.t13.nodes = 18670
h6.t13.propagations = 18670
h6.t2.stop_reason = unsatisfiable
h6.t2.restarts = 4
h6.t2.nogoods_size = 16009
h6.t2.nodes = 15334
h6.t2.propagations = 15334
h6.t14.stop_reason = unsatisfiable
h6.t14.restarts = 4
h6.t14.nogoods_size = 16009
h6.t14.nodes = 16687
h6.t14.propagations = 16687
h6.t12.stop_reason = unsatisfiable
h6.t12.restarts = 4
h6.t12.nogoods_size = 16009
h6.t12.nodes = 19216
h6.t12.propagations = 19216
h6.t0.stop_reason = unsatisfiable
h6.t0.restarts = 4
h6.t0.nogoods_size = 16009
h6.t0.nodes = 10814
h6.t0.propagations = 10814
h6.t4.stop_reason = unsatisfiable
h6.t4.restarts = 4
h6.t4.nogoods_size = 16009
h6.t4.nodes = 17732
h6.t4.propagations = 17732
h6.t6.stop_reason = unsatisfiable
h6.t6.restarts = 4
h6.t6.nogoods_size = 16009
h6.t6.nodes = 15882
h6.t6.propagations = 15882
h6.t11.stop_reason = unsatisfiable
h6.t11.restarts = 4
h6.t11.nogoods_size = 16009
h6.t11.nodes = 17171
h6.t11.propagations = 17171
h6.search_time = 2481
h6.nodes = 296470
h6.propagations = 1272767
h7.t17.stop_reason = unsatisfiable
h7.t17.restarts = 4
h7.t17.nogoods_size = 16154
h7.t17.nodes = 8007
h7.t17.propagations = 8007
h7.t0.stop_reason = unsatisfiable
h7.t0.restarts = 4
h7.t0.nogoods_size = 16154
h7.t0.nodes = 10810
h7.t0.propagations = 10810
h7.t14.stop_reason = unsatisfiable
h7.t14.restarts = 4
h7.t14.nogoods_size = 16154
h7.t14.nodes = 18844
h7.t14.propagations = 18844
h7.t15.stop_reason = unsatisfiable
h7.t15.restarts = 4
h7.t15.nogoods_size = 16154
h7.t15.nodes = 19356
h7.t15.propagations = 19356
h7.t13.stop_reason = unsatisfiable
h7.t13.restarts = 4
h7.t13.nogoods_size = 16154
h7.t13.nodes = 19229
h7.t13.propagations = 19229
h7.t6.stop_reason = unsatisfiable
h7.t6.restarts = 4
h7.t6.nogoods_size = 16154
h7.t6.nodes = 18216
h7.t6.propagations = 18216
h7.t7.stop_reason = unsatisfiable
h7.t7.restarts = 4
h7.t7.nogoods_size = 16154
h7.t7.nodes = 20165
h7.t7.propagations = 20165
h7.t3.stop_reason = unsatisfiable
h7.t3.restarts = 4
h7.t3.nogoods_size = 16154
h7.t3.nodes = 19930
h7.t3.propagations = 19930
h7.t8.stop_reason = unsatisfiable
h7.t8.restarts = 4
h7.t8.nogoods_size = 16154
h7.t8.nodes = 21314
h7.t8.propagations = 21314
h7.t2.stop_reason = unsatisfiable
h7.t2.restarts = 4
h7.t2.nogoods_size = 16154
h7.t2.nodes = 20158
h7.t2.propagations = 20158
h7.t1.stop_reason = unsatisfiable
h7.t1.restarts = 4
h7.t1.nogoods_size = 16154
h7.t1.nodes = 18526
h7.t1.propagations = 18526
h7.t9.stop_reason = unsatisfiable
h7.t9.restarts = 4
h7.t9.nogoods_size = 16154
h7.t9.nodes = 17208
h7.t9.propagations = 17208
h7.t12.stop_reason = unsatisfiable
h7.t12.restarts = 4
h7.t12.nogoods_size = 16154
h7.t12.nodes = 16980
h7.t12.propagations = 16980
h7.t5.stop_reason = unsatisfiable
h7.t5.restarts = 4
h7.t5.nogoods_size = 16154
h7.t5.nodes = 20093
h7.t5.propagations = 20093
h7.t16.stop_reason = unsatisfiable
h7.t16.restarts = 4
h7.t16.nogoods_size = 16154
h7.t16.nodes = 17333
h7.t16.propagations = 17333
h7.t11.stop_reason = unsatisfiable
h7.t11.restarts = 4
h7.t11.nogoods_size = 16154
h7.t11.nodes = 19711
h7.t11.propagations = 19711
h7.t4.stop_reason = unsatisfiable
h7.t4.restarts = 4
h7.t4.nogoods_size = 16154
h7.t4.nodes = 20816
h7.t4.propagations = 20816
h7.t10.stop_reason = unsatisfiable
h7.t10.restarts = 4
h7.t10.nogoods_size = 16154
h7.t10.nodes = 19133
h7.t10.propagations = 19133
h7.search_time = 2470
h7.nodes = 325829
h7.propagations = 1373692
h8.t17.stop_reason = unsatisfiable
h8.t17.restarts = 4
h8.t17.nogoods_size = 16339
h8.t17.nodes = 9435
h8.t17.propagations = 9435
h8.t0.stop_reason = unsatisfiable
h8.t0.restarts = 4
h8.t0.nogoods_size = 16339
h8.t0.nodes = 10815
h8.t0.propagations = 10815
h8.t1.stop_reason = unsatisfiable
h8.t1.restarts = 4
h8.t1.nogoods_size = 16339
h8.t1.nodes = 21124
h8.t1.propagations = 21124
h8.t8.stop_reason = unsatisfiable
h8.t8.restarts = 4
h8.t8.nogoods_size = 16339
h8.t8.nodes = 20828
h8.t8.propagations = 20828
h8.t15.stop_reason = unsatisfiable
h8.t15.restarts = 4
h8.t15.nogoods_size = 16339
h8.t15.nodes = 20996
h8.t15.propagations = 20996
h8.t3.stop_reason = unsatisfiable
h8.t3.restarts = 4
h8.t3.nogoods_size = 16339
h8.t3.nodes = 18780
h8.t3.propagations = 18780
h8.t6.stop_reason = unsatisfiable
h8.t6.restarts = 4
h8.t6.nogoods_size = 16339
h8.t6.nodes = 21297
h8.t6.propagations = 21297
h8.t2.stop_reason = unsatisfiable
h8.t2.restarts = 4
h8.t2.nogoods_size = 16339
h8.t2.nodes = 21305
h8.t2.propagations = 21305
h8.t16.stop_reason = unsatisfiable
h8.t16.restarts = 4
h8.t16.nogoods_size = 16339
h8.t16.nodes = 20378
h8.t16.propagations = 20378
h8.t4.stop_reason = unsatisfiable
h8.t4.restarts = 4
h8.t4.nogoods_size = 16339
h8.t4.nodes = 20969
h8.t4.propagations = 20969
h8.t7.stop_reason = unsatisfiable
h8.t7.restarts = 4
h8.t7.nogoods_size = 16339
h8.t7.nodes = 19071
h8.t7.propagations = 19071
h8.t9.stop_reason = unsatisfiable
h8.t9.restarts = 4
h8.t9.nogoods_size = 16339
h8.t9.nodes = 21948
h8.t9.propagations = 21948
h8.t10.stop_reason = unsatisfiable
h8.t10.restarts = 4
h8.t10.nogoods_size = 16339
h8.t10.nodes = 21683
h8.t10.propagations = 21683
h8.t14.stop_reason = unsatisfiable
h8.t14.restarts = 4
h8.t14.nogoods_size = 16339
h8.t14.nodes = 20450
h8.t14.propagations = 20450
h8.t5.stop_reason = unsatisfiable
h8.t5.restarts = 4
h8.t5.nogoods_size = 16339
h8.t5.nodes = 20960
h8.t5.propagations = 20960
h8.t11.stop_reason = unsatisfiable
h8.t11.restarts = 4
h8.t11.nogoods_size = 16339
h8.t11.nodes = 19820
h8.t11.propagations = 19820
h8.t13.stop_reason = unsatisfiable
h8.t13.restarts = 4
h8.t13.nogoods_size = 16339
h8.t13.nodes = 19647
h8.t13.propagations = 19647
h8.t12.stop_reason = unsatisfiable
h8.t12.restarts = 4
h8.t12.nogoods_size = 16339
h8.t12.nodes = 22936
h8.t12.propagations = 22936
h8.search_time = 2450
h8.nodes = 352442
h8.propagations = 1494647
h9.t17.stop_reason = unsatisfiable
h9.t17.restarts = 4
h9.t17.nogoods_size = 16162
h9.t17.nodes = 10227
h9.t17.propagations = 10227
h9.t0.stop_reason = unsatisfiable
h9.t0.restarts = 4
h9.t0.nogoods_size = 16162
h9.t0.nodes = 10813
h9.t0.propagations = 10813
h9.t3.stop_reason = unsatisfiable
h9.t3.restarts = 4
h9.t3.nogoods_size = 16162
h9.t3.nodes = 19523
h9.t3.propagations = 19523
h9.t2.stop_reason = unsatisfiable
h9.t2.restarts = 4
h9.t2.nogoods_size = 16162
h9.t2.nodes = 19082
h9.t2.propagations = 19082
h9.t11.stop_reason = unsatisfiable
h9.t11.restarts = 4
h9.t11.nogoods_size = 16162
h9.t11.nodes = 19249
h9.t11.propagations = 19249
h9.t13.stop_reason = unsatisfiable
h9.t13.restarts = 4
h9.t13.nogoods_size = 16162
h9.t13.nodes = 22876
h9.t13.propagations = 22876
h9.t8.stop_reason = unsatisfiable
h9.t8.restarts = 4
h9.t8.nogoods_size = 16162
h9.t8.nodes = 20849
h9.t8.propagations = 20849
h9.t5.stop_reason = unsatisfiable
h9.t5.restarts = 4
h9.t5.nogoods_size = 16162
h9.t5.nodes = 21601
h9.t5.propagations = 21601
h9.t12.stop_reason = unsatisfiable
h9.t12.restarts = 4
h9.t12.nogoods_size = 16162
h9.t12.nodes = 21875
h9.t12.propagations = 21875
h9.t1.stop_reason = unsatisfiable
h9.t1.restarts = 4
h9.t1.nogoods_size = 16162
h9.t1.nodes = 19819
h9.t1.propagations = 19819
h9.t6.stop_reason = unsatisfiable
h9.t6.restarts = 4
h9.t6.nogoods_size = 16162
h9.t6.nodes = 21832
h9.t6.propagations = 21832
h9.t4.stop_reason = unsatisfiable
h9.t4.restarts = 4
h9.t4.nogoods_size = 16162
h9.t4.nodes = 19349
h9.t4.propagations = 19349
h9.t14.stop_reason = unsatisfiable
h9.t14.restarts = 4
h9.t14.nogoods_size = 16162
h9.t14.nodes = 23881
h9.t14.propagations = 23881
h9.t16.stop_reason = unsatisfiable
h9.t16.restarts = 4
h9.t16.nogoods_size = 16162
h9.t16.nodes = 18550
h9.t16.propagations = 18550
h9.t9.stop_reason = unsatisfiable
h9.t9.restarts = 4
h9.t9.nogoods_size = 16162
h9.t9.nodes = 20619
h9.t9.propagations = 20619
h9.t10.stop_reason = unsatisfiable
h9.t10.restarts = 4
h9.t10.nogoods_size = 16162
h9.t10.nodes = 21300
h9.t10.propagations = 21300
h9.t15.stop_reason = unsatisfiable
h9.t15.restarts = 4
h9.t15.nogoods_size = 16162
h9.t15.nodes = 23482
h9.t15.propagations = 23482
h9.t7.stop_reason = unsatisfiable
h9.t7.restarts = 4
h9.t7.nogoods_size = 16162
h9.t7.nodes = 24223
h9.t7.propagations = 24223
h9.search_time = 2455
h9.nodes = 359150
h9.propagations = 1522234
