hostname = r1i0n32
commandline = ../glasgow/mpi_solve_subgraph_isomorphism --timeout 1000 --format lad --geometric-restarts=1.0 --restarts-constant=5400 --triggered-restarts --threads 18 ../instances/LV/g28 ../instances/largerGraphs/g58-normed
started_at = 2018-11-20 02:50:24
pattern_file = ../instances/LV/g28
target_file = ../instances/largerGraphs/g58-normed
status = aborted
nodes = 9355520284
propagations = 41739133737
runtime = 1019968
h0.t14.stop_reason = aborted
h0.t14.restarts = 2287
h0.t14.nogoods_size = 5057099
h0.t14.nodes = 60620435
h0.t14.propagations = 60620435
h0.t7.stop_reason = aborted
h0.t7.restarts = 2287
h0.t7.nogoods_size = 5057099
h0.t7.nodes = 61674408
h0.t7.propagations = 61674408
h0.t1.stop_reason = aborted
h0.t1.restarts = 2287
h0.t1.nogoods_size = 5057099
h0.t1.nodes = 62139095
h0.t1.propagations = 62139095
h0.t11.stop_reason = aborted
h0.t11.restarts = 2287
h0.t11.nogoods_size = 5057099
h0.t11.nodes = 61482301
h0.t11.propagations = 61482301
h0.t10.stop_reason = aborted
h0.t10.restarts = 2287
h0.t10.nogoods_size = 5057099
h0.t10.nodes = 61150390
h0.t10.propagations = 61150390
h0.t3.stop_reason = aborted
h0.t3.restarts = 2287
h0.t3.nogoods_size = 5057099
h0.t3.nodes = 62067485
h0.t3.propagations = 62067485
h0.t12.stop_reason = aborted
h0.t12.restarts = 2287
h0.t12.nogoods_size = 5057099
h0.t12.nodes = 62115011
h0.t12.propagations = 62115011
h0.t8.stop_reason = aborted
h0.t8.restarts = 2287
h0.t8.nogoods_size = 5057099
h0.t8.nodes = 62517912
h0.t8.propagations = 62517912
h0.t9.stop_reason = aborted
h0.t9.restarts = 2287
h0.t9.nogoods_size = 5057099
h0.t9.nodes = 61230639
h0.t9.propagations = 61230639
h0.t2.stop_reason = aborted
h0.t2.restarts = 2287
h0.t2.nogoods_size = 5057099
h0.t2.nodes = 61961937
h0.t2.propagations = 61961937
h0.t4.stop_reason = aborted
h0.t4.restarts = 2287
h0.t4.nogoods_size = 5057099
h0.t4.nodes = 61196611
h0.t4.propagations = 61196611
h0.t6.stop_reason = aborted
h0.t6.restarts = 2287
h0.t6.nogoods_size = 5057099
h0.t6.nodes = 62665893
h0.t6.propagations = 62665893
h0.t17.stop_reason = aborted
h0.t17.restarts = 2287
h0.t17.nogoods_size = 5057099
h0.t17.nodes = 22814312
h0.t17.propagations = 22814312
h0.t5.stop_reason = aborted
h0.t5.restarts = 2287
h0.t5.nogoods_size = 5057099
h0.t5.nodes = 61844632
h0.t5.propagations = 61844632
h0.t16.stop_reason = aborted
h0.t16.restarts = 2287
h0.t16.nogoods_size = 5057099
h0.t16.nodes = 60679645
h0.t16.propagations = 60679645
h0.t0.stop_reason = aborted
h0.t0.restarts = 2287
h0.t0.nogoods_size = 5057099
h0.t0.nodes = 12382237
h0.t0.propagations = 12382237
h0.t15.stop_reason = aborted
h0.t15.restarts = 2287
h0.t15.nogoods_size = 5057099
h0.t15.nodes = 60371358
h0.t15.propagations = 60371358
h0.t13.stop_reason = aborted
h0.t13.restarts = 2287
h0.t13.nogoods_size = 5057099
h0.t13.nodes = 60862204
h0.t13.propagations = 60862204
h0.search_time = 1000078
h0.nodes = 1019776505
h0.propagations = 4565715535
h1.t17.stop_reason = aborted
h1.t17.restarts = 2287
h1.t17.nogoods_size = 5053711
h1.t17.nodes = 22455602
h1.t17.propagations = 22455602
h1.t10.stop_reason = aborted
h1.t10.restarts = 2287
h1.t10.nogoods_size = 5053711
h1.t10.nodes = 59553518
h1.t10.propagations = 59553518
h1.t2.stop_reason = aborted
h1.t2.restarts = 2287
h1.t2.nogoods_size = 5053711
h1.t2.nodes = 60922109
h1.t2.propagations = 60922109
h1.t14.stop_reason = aborted
h1.t14.restarts = 2287
h1.t14.nogoods_size = 5053711
h1.t14.nodes = 60544690
h1.t14.propagations = 60544690
h1.t3.stop_reason = aborted
h1.t3.restarts = 2287
h1.t3.nogoods_size = 5053711
h1.t3.nodes = 59859867
h1.t3.propagations = 59859867
h1.t5.stop_reason = aborted
h1.t5.restarts = 2287
h1.t5.nogoods_size = 5053711
h1.t5.nodes = 60120945
h1.t5.propagations = 60120945
h1.t4.stop_reason = aborted
h1.t4.restarts = 2287
h1.t4.nogoods_size = 5053711
h1.t4.nodes = 59829676
h1.t4.propagations = 59829676
h1.t6.stop_reason = aborted
h1.t6.restarts = 2287
h1.t6.nogoods_size = 5053711
h1.t6.nodes = 60368065
h1.t6.propagations = 60368065
h1.t16.stop_reason = aborted
h1.t16.restarts = 2287
h1.t16.nogoods_size = 5053711
h1.t16.nodes = 59718060
h1.t16.propagations = 59718060
h1.t8.stop_reason = aborted
h1.t8.restarts = 2287
h1.t8.nogoods_size = 5053711
h1.t8.nodes = 61537445
h1.t8.propagations = 61537445
h1.t11.stop_reason = aborted
h1.t11.restarts = 2287
h1.t11.nogoods_size = 5053711
h1.t11.nodes = 60820013
h1.t11.propagations = 60820013
h1.t7.stop_reason = aborted
h1.t7.restarts = 2287
h1.t7.nogoods_size = 5053711
h1.t7.nodes = 60267060
h1.t7.propagations = 60267060
h1.t1.stop_reason = aborted
h1.t1.restarts = 2287
h1.t1.nogoods_size = 5053711
h1.t1.nodes = 61913390
h1.t1.propagations = 61913390
h1.t15.stop_reason = aborted
h1.t15.restarts = 2287
h1.t15.nogoods_size = 5053711
h1.t15.nodes = 61401975
h1.t15.propagations = 61401975
h1.t12.stop_reason = aborted
h1.t12.restarts = 2287
h1.t12.nogoods_size = 5053711
h1.t12.nodes = 60466898
h1.t12.propagations = 60466898
h1.t13.stop_reason = aborted
h1.t13.restarts = 2287
h1.t13.nogoods_size = 5053711
h1.t13.nodes = 59210537
h1.t13.propagations = 59210537
h1.t9.stop_reason = aborted
h1.t9.restarts = 2287
h1.t9.nogoods_size = 5053711
h1.t9.nodes = 59199586
h1.t9.propagations = 59199586
h1.t0.stop_reason = aborted
h1.t0.restarts = 2287
h1.t0.nogoods_size = 5053711
h1.t0.nodes = 12382197
h1.t0.propagations = 12382197
h1.search_time = 1000081
h1.nodes = 1000571633
h1.propagations = 4492087069
h2.t14.restarts = 2287
h2.t14.nogoods_size = 5039185
h2.t14.nodes = 52847602
h2.t14.propagations = 52847602
h2.t0.restarts = 2287
h2.t0.nogoods_size = 5039185
h2.t0.nodes = 12387287
h2.t0.propagations = 12387287
h2.t5.restarts = 2287
h2.t5.nogoods_size = 5039185
h2.t5.nodes = 54189304
h2.t5.propagations = 54189304
h2.t13.restarts = 2287
h2.t13.nogoods_size = 5039185
h2.t13.nodes = 54670203
h2.t13.propagations = 54670203
h2.t4.restarts = 2287
h2.t4.nogoods_size = 5039185
h2.t4.nodes = 53412924
h2.t4.propagations = 53412924
h2.t12.restarts = 2287
h2.t12.nogoods_size = 5039185
h2.t12.nodes = 52671439
h2.t12.propagations = 52671439
h2.t8.restarts = 2287
h2.t8.nogoods_size = 5039185
h2.t8.nodes = 53476385
h2.t8.propagations = 53476385
h2.t15.restarts = 2287
h2.t15.nogoods_size = 5039185
h2.t15.nodes = 53231256
h2.t15.propagations = 53231256
h2.t1.restarts = 2287
h2.t1.nogoods_size = 5039185
h2.t1.nodes = 53997712
h2.t1.propagations = 53997712
h2.t16.restarts = 2287
h2.t16.nogoods_size = 5039185
h2.t16.nodes = 54224763
h2.t16.propagations = 54224763
h2.t10.restarts = 2287
h2.t10.nogoods_size = 5039185
h2.t10.nodes = 54658834
h2.t10.propagations = 54658834
h2.t17.restarts = 2287
h2.t17.nogoods_size = 5039185
h2.t17.nodes = 22927556
h2.t17.propagations = 22927556
h2.t7.restarts = 2287
h2.t7.nogoods_size = 5039185
h2.t7.nodes = 53863712
h2.t7.propagations = 53863712
h2.t11.restarts = 2287
h2.t11.nogoods_size = 5039185
h2.t11.nodes = 52789220
h2.t11.propagations = 52789220
h2.t9.restarts = 2287
h2.t9.nogoods_size = 5039185
h2.t9.nodes = 54120493
h2.t9.propagations = 54120493
h2.t3.restarts = 2287
h2.t3.nogoods_size = 5039185
h2.t3.nodes = 52890794
h2.t3.propagations = 52890794
h2.t2.restarts = 2287
h2.t2.nogoods_size = 5039185
h2.t2.nodes = 52865423
h2.t2.propagations = 52865423
h2.t6.restarts = 2287
h2.t6.nogoods_size = 5039185
h2.t6.nodes = 53306800
h2.t6.propagations = 53306800
h2.search_time = 1000080
h2.nodes = 892531707
h2.propagations = 3991280363
h3.t2.restarts = 2287
h3.t2.nogoods_size = 5043661
h3.t2.nodes = 53823218
h3.t2.propagations = 53823218
h3.t12.restarts = 2287
h3.t12.nogoods_size = 5043661
h3.t12.nodes = 52314569
h3.t12.propagations = 52314569
h3.t17.restarts = 2287
h3.t17.nogoods_size = 5043661
h3.t17.nodes = 22422453
h3.t17.propagations = 22422453
h3.t7.restarts = 2287
h3.t7.nogoods_size = 5043661
h3.t7.nodes = 51691386
h3.t7.propagations = 51691386
h3.t13.restarts = 2287
h3.t13.nogoods_size = 5043661
h3.t13.nodes = 52413882
h3.t13.propagations = 52413882
h3.t16.restarts = 2287
h3.t16.nogoods_size = 5043661
h3.t16.nodes = 52361555
h3.t16.propagations = 52361555
h3.t4.restarts = 2287
h3.t4.nogoods_size = 5043661
h3.t4.nodes = 51575658
h3.t4.propagations = 51575658
h3.t14.restarts = 2287
h3.t14.nogoods_size = 5043661
h3.t14.nodes = 52306999
h3.t14.propagations = 52306999
h3.t3.restarts = 2287
h3.t3.nogoods_size = 5043661
h3.t3.nodes = 51541532
h3.t3.propagations = 51541532
h3.t15.restarts = 2287
h3.t15.nogoods_size = 5043661
h3.t15.nodes = 51461442
h3.t15.propagations = 51461442
h3.t11.restarts = 2287
h3.t11.nogoods_size = 5043661
h3.t11.nodes = 52763511
h3.t11.propagations = 52763511
h3.t0.restarts = 2287
h3.t0.nogoods_size = 5043661
h3.t0.nodes = 12387478
h3.t0.propagations = 12387478
h3.t1.restarts = 2287
h3.t1.nogoods_size = 5043661
h3.t1.nodes = 52947362
h3.t1.propagations = 52947362
h3.t8.restarts = 2287
h3.t8.nogoods_size = 5043661
h3.t8.nodes = 52134978
h3.t8.propagations = 52134978
h3.t9.restarts = 2287
h3.t9.nogoods_size = 5043661
h3.t9.nodes = 51522685
h3.t9.propagations = 51522685
h3.t5.restarts = 2287
h3.t5.nogoods_size = 5043661
h3.t5.nodes = 53113802
h3.t5.propagations = 53113802
h3.t6.restarts = 2287
h3.t6.nogoods_size = 5043661
h3.t6.nodes = 52101648
h3.t6.propagations = 52101648
h3.t10.restarts = 2287
h3.t10.nogoods_size = 5043661
h3.t10.nodes = 51608078
h3.t10.propagations = 51608078
h3.search_time = 1000078
h3.nodes = 870492236
h3.propagations = 3993984280
h4.t10.restarts = 2287
h4.t10.nogoods_size = 5041688
h4.t10.nodes = 50394729
h4.t10.propagations = 50394729
h4.t17.restarts = 2287
h4.t17.nogoods_size = 5041688
h4.t17.nodes = 22621114
h4.t17.propagations = 22621114
h4.t15.restarts = 2287
h4.t15.nogoods_size = 5041688
h4.t15.nodes = 50209690
h4.t15.propagations = 50209690
h4.t1.restarts = 2287
h4.t1.nogoods_size = 5041688
h4.t1.nodes = 51536580
h4.t1.propagations = 51536580
h4.t8.restarts = 2287
h4.t8.nogoods_size = 5041688
h4.t8.nodes = 50618288
h4.t8.propagations = 50618288
h4.t11.restarts = 2287
h4.t11.nogoods_size = 5041688
h4.t11.nodes = 50481913
h4.t11.propagations = 50481913
h4.t12.restarts = 2287
h4.t12.nogoods_size = 5041688
h4.t12.nodes = 50654384
h4.t12.propagations = 50654384
h4.t4.restarts = 2287
h4.t4.nogoods_size = 5041688
h4.t4.nodes = 52095563
h4.t4.propagations = 52095563
h4.t5.restarts = 2287
h4.t5.nogoods_size = 5041688
h4.t5.nodes = 51379779
h4.t5.propagations = 51379779
h4.t6.restarts = 2287
h4.t6.nogoods_size = 5041688
h4.t6.nodes = 52028822
h4.t6.propagations = 52028822
h4.t16.restarts = 2287
h4.t16.nogoods_size = 5041688
h4.t16.nodes = 51619480
h4.t16.propagations = 51619480
h4.t7.restarts = 2287
h4.t7.nogoods_size = 5041688
h4.t7.nodes = 52031986
h4.t7.propagations = 52031986
h4.t2.restarts = 2287
h4.t2.nogoods_size = 5041688
h4.t2.nodes = 51234289
h4.t2.propagations = 51234289
h4.t14.restarts = 2287
h4.t14.nogoods_size = 5041688
h4.t14.nodes = 50770786
h4.t14.propagations = 50770786
h4.t13.restarts = 2287
h4.t13.nogoods_size = 5041688
h4.t13.nodes = 51534660
h4.t13.propagations = 51534660
h4.t3.restarts = 2287
h4.t3.nogoods_size = 5041688
h4.t3.nodes = 51567785
h4.t3.propagations = 51567785
h4.t9.restarts = 2287
h4.t9.nogoods_size = 5041688
h4.t9.nodes = 51248402
h4.t9.propagations = 51248402
h4.t0.restarts = 2287
h4.t0.nogoods_size = 5041688
h4.t0.nodes = 12387486
h4.t0.propagations = 12387486
h4.search_time = 1000080
h4.nodes = 854415736
h4.propagations = 3881394137
h5.t14.restarts = 2287
h5.t14.nogoods_size = 5042524
h5.t14.nodes = 67872991
h5.t14.propagations = 67872991
h5.t13.restarts = 2287
h5.t13.nogoods_size = 5042524
h5.t13.nodes = 66505861
h5.t13.propagations = 66505861
h5.t3.restarts = 2287
h5.t3.nogoods_size = 5042524
h5.t3.nodes = 67188139
h5.t3.propagations = 67188139
h5.t4.restarts = 2287
h5.t4.nogoods_size = 5042524
h5.t4.nodes = 67577396
h5.t4.propagations = 67577396
h5.t11.restarts = 2287
h5.t11.nogoods_size = 5042524
h5.t11.nodes = 67813117
h5.t11.propagations = 67813117
h5.t10.restarts = 2287
h5.t10.nogoods_size = 5042524
h5.t10.nodes = 67317060
h5.t10.propagations = 67317060
h5.t2.restarts = 2287
h5.t2.nogoods_size = 5042524
h5.t2.nodes = 67680645
h5.t2.propagations = 67680645
h5.t15.restarts = 2287
h5.t15.nogoods_size = 5042524
h5.t15.nodes = 67061922
h5.t15.propagations = 67061922
h5.t1.restarts = 2287
h5.t1.nogoods_size = 5042524
h5.t1.nodes = 65688688
h5.t1.propagations = 65688688
h5.t8.restarts = 2287
h5.t8.nogoods_size = 5042524
h5.t8.nodes = 65222442
h5.t8.propagations = 65222442
h5.t17.restarts = 2287
h5.t17.nogoods_size = 5042524
h5.t17.nodes = 29889579
h5.t17.propagations = 29889579
h5.t7.restarts = 2287
h5.t7.nogoods_size = 5042524
h5.t7.nodes = 67447557
h5.t7.propagations = 67447557
h5.t5.restarts = 2287
h5.t5.nogoods_size = 5042524
h5.t5.nodes = 67913874
h5.t5.propagations = 67913874
h5.t6.restarts = 2287
h5.t6.nogoods_size = 5042524
h5.t6.nodes = 67496728
h5.t6.propagations = 67496728
h5.t16.restarts = 2287
h5.t16.nogoods_size = 5042524
h5.t16.nodes = 68360206
h5.t16.propagations = 68360206
h5.t9.restarts = 2287
h5.t9.nogoods_size = 5042524
h5.t9.nodes = 68177559
h5.t9.propagations = 68177559
h5.t0.restarts = 2287
h5.t0.nogoods_size = 5042524
h5.t0.nodes = 12387372
h5.t0.propagations = 12387372
h5.t12.restarts = 2287
h5.t12.nogoods_size = 5042524
h5.t12.nodes = 67692076
h5.t12.propagations = 67692076
h5.search_time = 1000079
h5.nodes = 1119293212
h5.propagations = 4711978709
h6.t9.restarts = 2287
h6.t9.nogoods_size = 5041342
h6.t9.nodes = 51551193
h6.t9.propagations = 51551193
h6.t13.restarts = 2287
h6.t13.nogoods_size = 5041342
h6.t13.nodes = 51840028
h6.t13.propagations = 51840028
h6.t5.restarts = 2287
h6.t5.nogoods_size = 5041342
h6.t5.nodes = 51993937
h6.t5.propagations = 51993937
h6.t14.restarts = 2287
h6.t14.nogoods_size = 5041342
h6.t14.nodes = 51342247
h6.t14.propagations = 51342247
h6.t7.restarts = 2287
h6.t7.nogoods_size = 5041342
h6.t7.nodes = 52564528
h6.t7.propagations = 52564528
h6.t11.restarts = 2287
h6.t11.nogoods_size = 5041342
h6.t11.nodes = 51541617
h6.t11.propagations = 51541617
h6.t6.restarts = 2287
h6.t6.nogoods_size = 5041342
h6.t6.nodes = 52029863
h6.t6.propagations = 52029863
h6.t15.restarts = 2287
h6.t15.nogoods_size = 5041342
h6.t15.nodes = 51207501
h6.t15.propagations = 51207501
h6.t1.restarts = 2287
h6.t1.nogoods_size = 5041342
h6.t1.nodes = 51941652
h6.t1.propagations = 51941652
h6.t4.restarts = 2287
h6.t4.nogoods_size = 5041342
h6.t4.nodes = 51819996
h6.t4.propagations = 51819996
h6.t3.restarts = 2287
h6.t3.nogoods_size = 5041342
h6.t3.nodes = 51216631
h6.t3.propagations = 51216631
h6.t17.restarts = 2287
h6.t17.nogoods_size = 5041342
h6.t17.nodes = 21770234
h6.t17.propagations = 21770234
h6.t10.restarts = 2287
h6.t10.nogoods_size = 5041342
h6.t10.nodes = 51151676
h6.t10.propagations = 51151676
h6.t12.restarts = 2287
h6.t12.nogoods_size = 5041342
h6.t12.nodes = 52239511
h6.t12.propagations = 52239511
h6.t8.restarts = 2287
h6.t8.nogoods_size = 5041342
h6.t8.nodes = 51995140
h6.t8.propagations = 51995140
h6.t0.restarts = 2287
h6.t0.nogoods_size = 5041342
h6.t0.nodes = 12387487
h6.t0.propagations = 12387487
h6.t2.restarts = 2287
h6.t2.nogoods_size = 5041342
h6.t2.nodes = 51813248
h6.t2.propagations = 51813248
h6.t16.restarts = 2287
h6.t16.nogoods_size = 5041342
h6.t16.nodes = 52986777
h6.t16.propagations = 52986777
h6.search_time = 1000079
h6.nodes = 863393266
h6.propagations = 3918535879
h7.t9.restarts = 2287
h7.t9.nogoods_size = 5041964
h7.t9.nodes = 52460387
h7.t9.propagations = 52460387
h7.t15.restarts = 2287
h7.t15.nogoods_size = 5041964
h7.t15.nodes = 51409166
h7.t15.propagations = 51409166
h7.t7.restarts = 2287
h7.t7.nogoods_size = 5041964
h7.t7.nodes = 52200233
h7.t7.propagations = 52200233
h7.t17.restarts = 2287
h7.t17.nogoods_size = 5041964
h7.t17.nodes = 22289918
h7.t17.propagations = 22289918
h7.t3.restarts = 2287
h7.t3.nogoods_size = 5041964
h7.t3.nodes = 52683408
h7.t3.propagations = 52683408
h7.t6.restarts = 2287
h7.t6.nogoods_size = 5041964
h7.t6.nodes = 52706635
h7.t6.propagations = 52706635
h7.t16.restarts = 2287
h7.t16.nogoods_size = 5041964
h7.t16.nodes = 52666749
h7.t16.propagations = 52666749
h7.t13.restarts = 2287
h7.t13.nogoods_size = 5041964
h7.t13.nodes = 52487569
h7.t13.propagations = 52487569
h7.t4.restarts = 2287
h7.t4.nogoods_size = 5041964
h7.t4.nodes = 52391474
h7.t4.propagations = 52391474
h7.t8.restarts = 2287
h7.t8.nogoods_size = 5041964
h7.t8.nodes = 51255407
h7.t8.propagations = 51255407
h7.t12.restarts = 2287
h7.t12.nogoods_size = 5041964
h7.t12.nodes = 51830135
h7.t12.propagations = 51830135
h7.t2.restarts = 2287
h7.t2.nogoods_size = 5041964
h7.t2.nodes = 52086066
h7.t2.propagations = 52086066
h7.t5.restarts = 2287
h7.t5.nogoods_size = 5041964
h7.t5.nodes = 52662108
h7.t5.propagations = 52662108
h7.t10.restarts = 2287
h7.t10.nogoods_size = 5041964
h7.t10.nodes = 50850986
h7.t10.propagations = 50850986
h7.t11.restarts = 2287
h7.t11.nogoods_size = 5041964
h7.t11.nodes = 52389305
h7.t11.propagations = 52389305
h7.t14.restarts = 2287
h7.t14.nogoods_size = 5041964
h7.t14.nodes = 52995496
h7.t14.propagations = 52995496
h7.t0.restarts = 2287
h7.t0.nogoods_size = 5041964
h7.t0.nodes = 12387479
h7.t0.propagations = 12387479
h7.t1.restarts = 2287
h7.t1.nogoods_size = 5041964
h7.t1.nodes = 51670640
h7.t1.propagations = 51670640
h7.search_time = 1000077
h7.nodes = 869423161
h7.propagations = 3976254767
h8.t1.restarts = 2287
h8.t1.nogoods_size = 5037689
h8.t1.nodes = 49017047
h8.t1.propagations = 49017047
h8.t7.restarts = 2287
h8.t7.nogoods_size = 5037689
h8.t7.nodes = 49314427
h8.t7.propagations = 49314427
h8.t11.restarts = 2287
h8.t11.nogoods_size = 5037689
h8.t11.nodes = 47733844
h8.t11.propagations = 47733844
h8.t16.restarts = 2287
h8.t16.nogoods_size = 5037689
h8.t16.nodes = 48844574
h8.t16.propagations = 48844574
h8.t10.restarts = 2287
h8.t10.nogoods_size = 5037689
h8.t10.nodes = 48003654
h8.t10.propagations = 48003654
h8.t13.restarts = 2287
h8.t13.nogoods_size = 5037689
h8.t13.nodes = 48833837
h8.t13.propagations = 48833837
h8.t2.restarts = 2287
h8.t2.nogoods_size = 5037689
h8.t2.nodes = 49581759
h8.t2.propagations = 49581759
h8.t12.restarts = 2287
h8.t12.nogoods_size = 5037689
h8.t12.nodes = 48269728
h8.t12.propagations = 48269728
h8.t8.restarts = 2287
h8.t8.nogoods_size = 5037689
h8.t8.nodes = 51016985
h8.t8.propagations = 51016985
h8.t9.restarts = 2287
h8.t9.nogoods_size = 5037689
h8.t9.nodes = 48696123
h8.t9.propagations = 48696123
h8.t15.restarts = 2287
h8.t15.nogoods_size = 5037689
h8.t15.nodes = 48688473
h8.t15.propagations = 48688473
h8.t14.restarts = 2287
h8.t14.nogoods_size = 5037689
h8.t14.nodes = 48446455
h8.t14.propagations = 48446455
h8.t17.restarts = 2287
h8.t17.nogoods_size = 5037689
h8.t17.nodes = 21035487
h8.t17.propagations = 21035487
h8.t3.restarts = 2287
h8.t3.nogoods_size = 5037689
h8.t3.nodes = 49081276
h8.t3.propagations = 49081276
h8.t5.restarts = 2287
h8.t5.nogoods_size = 5037689
h8.t5.nodes = 49287240
h8.t5.propagations = 49287240
h8.t6.restarts = 2287
h8.t6.nogoods_size = 5037689
h8.t6.nodes = 49120019
h8.t6.propagations = 49120019
h8.t4.restarts = 2287
h8.t4.nogoods_size = 5037689
h8.t4.nodes = 47882333
h8.t4.propagations = 47882333
h8.t0.restarts = 2287
h8.t0.nogoods_size = 5037689
h8.t0.nodes = 12387396
h8.t0.propagations = 12387396
h8.search_time = 1000079
h8.nodes = 815240657
h8.propagations = 3721576874
h9.t6.restarts = 2287
h9.t6.nogoods_size = 5040484
h9.t6.nodes = 63594456
h9.t6.propagations = 63594456
h9.t2.restarts = 2287
h9.t2.nogoods_size = 5040484
h9.t2.nodes = 63360044
h9.t2.propagations = 63360044
h9.t8.restarts = 2287
h9.t8.nogoods_size = 5040484
h9.t8.nodes = 63743531
h9.t8.propagations = 63743531
h9.t17.restarts = 2287
h9.t17.nogoods_size = 5040484
h9.t17.nodes = 27936775
h9.t17.propagations = 27936775
h9.t13.restarts = 2287
h9.t13.nogoods_size = 5040484
h9.t13.nodes = 63015990
h9.t13.propagations = 63015990
h9.t1.restarts = 2287
h9.t1.nogoods_size = 5040484
h9.t1.nodes = 64424340
h9.t1.propagations = 64424340
h9.t9.restarts = 2287
h9.t9.nogoods_size = 5040484
h9.t9.nodes = 64954614
h9.t9.propagations = 64954614
h9.t3.restarts = 2287
h9.t3.nogoods_size = 5040484
h9.t3.nodes = 63459069
h9.t3.propagations = 63459069
h9.t11.restarts = 2287
h9.t11.nogoods_size = 5040484
h9.t11.nodes = 64132824
h9.t11.propagations = 64132824
h9.t4.restarts = 2287
h9.t4.nogoods_size = 5040484
h9.t4.nodes = 64851311
h9.t4.propagations = 64851311
h9.t0.restarts = 2287
h9.t0.nogoods_size = 5040484
h9.t0.nodes = 12387301
h9.t0.propagations = 12387301
h9.t16.restarts = 2287
h9.t16.nogoods_size = 5040484
h9.t16.nodes = 63672773
h9.t16.propagations = 63672773
h9.t15.restarts = 2287
h9.t15.nogoods_size = 5040484
h9.t15.nodes = 63018255
h9.t15.propagations = 63018255
h9.t12.restarts = 2287
h9.t12.nogoods_size = 5040484
h9.t12.nodes = 64812155
h9.t12.propagations = 64812155
h9.t5.restarts = 2287
h9.t5.nogoods_size = 5040484
h9.t5.nodes = 64098619
h9.t5.propagations = 64098619
h9.t10.restarts = 2287
h9.t10.nogoods_size = 5040484
h9.t10.nodes = 63257007
h9.t10.propagations = 63257007
h9.t7.restarts = 2287
h9.t7.nogoods_size = 5040484
h9.t7.nodes = 51470269
h9.t7.propagations = 51470269
h9.t14.restarts = 2287
h9.t14.nogoods_size = 5040484
h9.t14.nodes = 64192838
h9.t14.propagations = 64192838
h9.search_time = 1000077
h9.nodes = 1050382171
h9.propagations = 4486326124
