hostname = r1i0n32
commandline = ../glasgow/mpi_solve_subgraph_isomorphism --timeout 1000 --format lad --geometric-restarts=1.0 --restarts-constant=5400 --triggered-restarts --threads 18 ../instances/LV/g42 ../instances/LV/g49
started_at = 2018-11-19 23:27:14
pattern_file = ../instances/LV/g42
target_file = ../instances/LV/g49
status = aborted
nodes = 9040452742
propagations = 26094269688
runtime = 1039653
h0.t8.restarts = 2654
h0.t8.nogoods_size = 9217055
h0.t8.nodes = 61529358
h0.t8.propagations = 61529358
h0.t13.restarts = 2654
h0.t13.nogoods_size = 9217055
h0.t13.nodes = 60386443
h0.t13.propagations = 60386443
h0.t4.restarts = 2654
h0.t4.nogoods_size = 9217055
h0.t4.nodes = 60942804
h0.t4.propagations = 60942804
h0.t5.restarts = 2654
h0.t5.nogoods_size = 9217055
h0.t5.nodes = 60867671
h0.t5.propagations = 60867671
h0.t2.restarts = 2654
h0.t2.nogoods_size = 9217055
h0.t2.nodes = 61198101
h0.t2.propagations = 61198101
h0.t0.restarts = 2654
h0.t0.nogoods_size = 9217055
h0.t0.nodes = 14393814
h0.t0.propagations = 14393814
h0.t15.restarts = 2654
h0.t15.nogoods_size = 9217055
h0.t15.nodes = 60332702
h0.t15.propagations = 60332702
h0.t10.restarts = 2654
h0.t10.nogoods_size = 9217055
h0.t10.nodes = 61868079
h0.t10.propagations = 61868079
h0.t16.restarts = 2654
h0.t16.nogoods_size = 9217055
h0.t16.nodes = 60942507
h0.t16.propagations = 60942507
h0.t11.restarts = 2654
h0.t11.nogoods_size = 9217055
h0.t11.nodes = 59930374
h0.t11.propagations = 59930374
h0.t9.restarts = 2654
h0.t9.nogoods_size = 9217055
h0.t9.nodes = 60525358
h0.t9.propagations = 60525358
h0.t3.restarts = 2654
h0.t3.nogoods_size = 9217055
h0.t3.nodes = 61560296
h0.t3.propagations = 61560296
h0.t6.restarts = 2654
h0.t6.nogoods_size = 9217055
h0.t6.nodes = 60955214
h0.t6.propagations = 60955214
h0.t17.restarts = 2654
h0.t17.nogoods_size = 9217055
h0.t17.nodes = 22453138
h0.t17.propagations = 22453138
h0.t14.restarts = 2654
h0.t14.nogoods_size = 9217055
h0.t14.nodes = 60937391
h0.t14.propagations = 60937391
h0.t7.restarts = 2654
h0.t7.nogoods_size = 9217055
h0.t7.nodes = 61140224
h0.t7.propagations = 61140224
h0.t12.restarts = 2654
h0.t12.nogoods_size = 9217055
h0.t12.nodes = 60076107
h0.t12.propagations = 60076107
h0.t1.restarts = 2654
h0.t1.nogoods_size = 9217055
h0.t1.nodes = 60819226
h0.t1.propagations = 60819226
h0.search_time = 1000008
h0.nodes = 1010858807
h0.propagations = 2922744115
h1.t17.restarts = 2654
h1.t17.nogoods_size = 9213020
h1.t17.nodes = 22248829
h1.t17.propagations = 22248829
h1.t0.restarts = 2654
h1.t0.nogoods_size = 9213020
h1.t0.nodes = 14395074
h1.t0.propagations = 14395074
h1.t9.restarts = 2654
h1.t9.nogoods_size = 9213020
h1.t9.nodes = 60239244
h1.t9.propagations = 60239244
h1.t2.restarts = 2654
h1.t2.nogoods_size = 9213020
h1.t2.nodes = 59417329
h1.t2.propagations = 59417329
h1.t1.restarts = 2654
h1.t1.nogoods_size = 9213020
h1.t1.nodes = 60556579
h1.t1.propagations = 60556579
h1.t11.restarts = 2654
h1.t11.nogoods_size = 9213020
h1.t11.nodes = 59550931
h1.t11.propagations = 59550931
h1.t13.restarts = 2654
h1.t13.nogoods_size = 9213020
h1.t13.nodes = 60726845
h1.t13.propagations = 60726845
h1.t6.restarts = 2654
h1.t6.nogoods_size = 9213020
h1.t6.nodes = 60896847
h1.t6.propagations = 60896847
h1.t8.restarts = 2654
h1.t8.nogoods_size = 9213020
h1.t8.nodes = 61156814
h1.t8.propagations = 61156814
h1.t14.restarts = 2654
h1.t14.nogoods_size = 9213020
h1.t14.nodes = 60844206
h1.t14.propagations = 60844206
h1.t3.restarts = 2654
h1.t3.nogoods_size = 9213020
h1.t3.nodes = 59635220
h1.t3.propagations = 59635220
h1.t4.restarts = 2654
h1.t4.nogoods_size = 9213020
h1.t4.nodes = 59954100
h1.t4.propagations = 59954100
h1.t5.restarts = 2654
h1.t5.nogoods_size = 9213020
h1.t5.nodes = 60203195
h1.t5.propagations = 60203195
h1.t7.restarts = 2654
h1.t7.nogoods_size = 9213020
h1.t7.nodes = 60011105
h1.t7.propagations = 60011105
h1.t16.restarts = 2654
h1.t16.nogoods_size = 9213020
h1.t16.nodes = 59856327
h1.t16.propagations = 59856327
h1.t15.restarts = 2654
h1.t15.nogoods_size = 9213020
h1.t15.nodes = 59150549
h1.t15.propagations = 59150549
h1.t10.restarts = 2654
h1.t10.nogoods_size = 9213020
h1.t10.nodes = 59286379
h1.t10.propagations = 59286379
h1.t12.restarts = 2654
h1.t12.nogoods_size = 9213020
h1.t12.nodes = 60528591
h1.t12.propagations = 60528591
h1.search_time = 1000010
h1.nodes = 998658164
h1.propagations = 2881183993
h2.t17.stop_reason = aborted
h2.t17.restarts = 2654
h2.t17.nogoods_size = 9192144
h2.t17.nodes = 22181880
h2.t17.propagations = 22181880
h2.t14.stop_reason = aborted
h2.t14.restarts = 2654
h2.t14.nogoods_size = 9192144
h2.t14.nodes = 51591937
h2.t14.propagations = 51591937
h2.t6.stop_reason = aborted
h2.t6.restarts = 2654
h2.t6.nogoods_size = 9192144
h2.t6.nodes = 51999862
h2.t6.propagations = 51999862
h2.t9.stop_reason = aborted
h2.t9.restarts = 2654
h2.t9.nogoods_size = 9192144
h2.t9.nodes = 50987989
h2.t9.propagations = 50987989
h2.t11.stop_reason = aborted
h2.t11.restarts = 2654
h2.t11.nogoods_size = 9192144
h2.t11.nodes = 51289168
h2.t11.propagations = 51289168
h2.t15.stop_reason = aborted
h2.t15.restarts = 2654
h2.t15.nogoods_size = 9192144
h2.t15.nodes = 50308846
h2.t15.propagations = 50308846
h2.t4.stop_reason = aborted
h2.t4.restarts = 2654
h2.t4.nogoods_size = 9192144
h2.t4.nodes = 52797004
h2.t4.propagations = 52797004
h2.t5.stop_reason = aborted
h2.t5.restarts = 2654
h2.t5.nogoods_size = 9192144
h2.t5.nodes = 50779989
h2.t5.propagations = 50779989
h2.t16.stop_reason = aborted
h2.t16.restarts = 2654
h2.t16.nogoods_size = 9192144
h2.t16.nodes = 51279405
h2.t16.propagations = 51279405
h2.t1.stop_reason = aborted
h2.t1.restarts = 2654
h2.t1.nogoods_size = 9192144
h2.t1.nodes = 51694698
h2.t1.propagations = 51694698
h2.t0.stop_reason = aborted
h2.t0.restarts = 2654
h2.t0.nogoods_size = 9192144
h2.t0.nodes = 14388418
h2.t0.propagations = 14388418
h2.t10.stop_reason = aborted
h2.t10.restarts = 2654
h2.t10.nogoods_size = 9192144
h2.t10.nodes = 50478355
h2.t10.propagations = 50478355
h2.t3.stop_reason = aborted
h2.t3.restarts = 2654
h2.t3.nogoods_size = 9192144
h2.t3.nodes = 51038370
h2.t3.propagations = 51038370
h2.t2.stop_reason = aborted
h2.t2.restarts = 2654
h2.t2.nogoods_size = 9192144
h2.t2.nodes = 51825282
h2.t2.propagations = 51825282
h2.t7.stop_reason = aborted
h2.t7.restarts = 2654
h2.t7.nogoods_size = 9192144
h2.t7.nodes = 51894813
h2.t7.propagations = 51894813
h2.t8.stop_reason = aborted
h2.t8.restarts = 2654
h2.t8.nogoods_size = 9192144
h2.t8.nodes = 51297300
h2.t8.propagations = 51297300
h2.t12.stop_reason = aborted
h2.t12.restarts = 2654
h2.t12.nogoods_size = 9192144
h2.t12.nodes = 51961671
h2.t12.propagations = 51961671
h2.t13.stop_reason = aborted
h2.t13.restarts = 2654
h2.t13.nogoods_size = 9192144
h2.t13.nodes = 50891054
h2.t13.propagations = 50891054
h2.search_time = 1000003
h2.nodes = 858686041
h2.propagations = 2476598122
h3.t6.stop_reason = aborted
h3.t6.restarts = 2654
h3.t6.nogoods_size = 9195973
h3.t6.nodes = 54580118
h3.t6.propagations = 54580118
h3.t17.stop_reason = aborted
h3.t17.restarts = 2654
h3.t17.nogoods_size = 9195973
h3.t17.nodes = 21973243
h3.t17.propagations = 21973243
h3.t13.stop_reason = aborted
h3.t13.restarts = 2654
h3.t13.nogoods_size = 9195973
h3.t13.nodes = 54077987
h3.t13.propagations = 54077987
h3.t14.stop_reason = aborted
h3.t14.restarts = 2654
h3.t14.nogoods_size = 9195973
h3.t14.nodes = 53585942
h3.t14.propagations = 53585942
h3.t4.stop_reason = aborted
h3.t4.restarts = 2654
h3.t4.nogoods_size = 9195973
h3.t4.nodes = 54221124
h3.t4.propagations = 54221124
h3.t9.stop_reason = aborted
h3.t9.restarts = 2654
h3.t9.nogoods_size = 9195973
h3.t9.nodes = 54684015
h3.t9.propagations = 54684015
h3.t15.stop_reason = aborted
h3.t15.restarts = 2654
h3.t15.nogoods_size = 9195973
h3.t15.nodes = 54164024
h3.t15.propagations = 54164024
h3.t8.stop_reason = aborted
h3.t8.restarts = 2654
h3.t8.nogoods_size = 9195973
h3.t8.nodes = 54897267
h3.t8.propagations = 54897267
h3.t16.stop_reason = aborted
h3.t16.restarts = 2654
h3.t16.nogoods_size = 9195973
h3.t16.nodes = 53982573
h3.t16.propagations = 53982573
h3.t7.stop_reason = aborted
h3.t7.restarts = 2654
h3.t7.nogoods_size = 9195973
h3.t7.nodes = 55109186
h3.t7.propagations = 55109186
h3.t10.stop_reason = aborted
h3.t10.restarts = 2654
h3.t10.nogoods_size = 9195973
h3.t10.nodes = 54681998
h3.t10.propagations = 54681998
h3.t11.stop_reason = aborted
h3.t11.restarts = 2654
h3.t11.nogoods_size = 9195973
h3.t11.nodes = 54278174
h3.t11.propagations = 54278174
h3.t2.stop_reason = aborted
h3.t2.restarts = 2654
h3.t2.nogoods_size = 9195973
h3.t2.nodes = 54528445
h3.t2.propagations = 54528445
h3.t3.stop_reason = aborted
h3.t3.restarts = 2654
h3.t3.nogoods_size = 9195973
h3.t3.nodes = 54431715
h3.t3.propagations = 54431715
h3.t12.stop_reason = aborted
h3.t12.restarts = 2654
h3.t12.nogoods_size = 9195973
h3.t12.nodes = 54451367
h3.t12.propagations = 54451367
h3.t0.stop_reason = aborted
h3.t0.restarts = 2654
h3.t0.nogoods_size = 9195973
h3.t0.nodes = 14389923
h3.t0.propagations = 14389923
h3.t1.stop_reason = aborted
h3.t1.restarts = 2654
h3.t1.nogoods_size = 9195973
h3.t1.nodes = 54791661
h3.t1.propagations = 54791661
h3.t5.stop_reason = aborted
h3.t5.restarts = 2654
h3.t5.nogoods_size = 9195973
h3.t5.nodes = 54023210
h3.t5.propagations = 54023210
h3.search_time = 1000005
h3.nodes = 906851972
h3.propagations = 2616577703
h4.t1.restarts = 2654
h4.t1.nogoods_size = 9195392
h4.t1.nodes = 52220187
h4.t1.propagations = 52220187
h4.t16.restarts = 2654
h4.t16.nogoods_size = 9195392
h4.t16.nodes = 51515088
h4.t16.propagations = 51515088
h4.t3.restarts = 2654
h4.t3.nogoods_size = 9195392
h4.t3.nodes = 52038402
h4.t3.propagations = 52038402
h4.t17.restarts = 2654
h4.t17.nogoods_size = 9195392
h4.t17.nodes = 22102775
h4.t17.propagations = 22102775
h4.t13.restarts = 2654
h4.t13.nogoods_size = 9195392
h4.t13.nodes = 51800989
h4.t13.propagations = 51800989
h4.t15.restarts = 2654
h4.t15.nogoods_size = 9195392
h4.t15.nodes = 51491151
h4.t15.propagations = 51491151
h4.t10.restarts = 2654
h4.t10.nogoods_size = 9195392
h4.t10.nodes = 50520635
h4.t10.propagations = 50520635
h4.t12.restarts = 2654
h4.t12.nogoods_size = 9195392
h4.t12.nodes = 51089615
h4.t12.propagations = 51089615
h4.t9.restarts = 2654
h4.t9.nogoods_size = 9195392
h4.t9.nodes = 51821105
h4.t9.propagations = 51821105
h4.t0.restarts = 2654
h4.t0.nogoods_size = 9195392
h4.t0.nodes = 14394327
h4.t0.propagations = 14394327
h4.t7.restarts = 2654
h4.t7.nogoods_size = 9195392
h4.t7.nodes = 50586560
h4.t7.propagations = 50586560
h4.t4.restarts = 2654
h4.t4.nogoods_size = 9195392
h4.t4.nodes = 50539871
h4.t4.propagations = 50539871
h4.t5.restarts = 2654
h4.t5.nogoods_size = 9195392
h4.t5.nodes = 52036887
h4.t5.propagations = 52036887
h4.t14.restarts = 2654
h4.t14.nogoods_size = 9195392
h4.t14.nodes = 51906156
h4.t14.propagations = 51906156
h4.t2.restarts = 2654
h4.t2.nogoods_size = 9195392
h4.t2.nodes = 51186751
h4.t2.propagations = 51186751
h4.t8.restarts = 2654
h4.t8.nogoods_size = 9195392
h4.t8.nodes = 51903682
h4.t8.propagations = 51903682
h4.t11.restarts = 2654
h4.t11.nogoods_size = 9195392
h4.t11.nodes = 50786558
h4.t11.propagations = 50786558
h4.t6.restarts = 2654
h4.t6.nogoods_size = 9195392
h4.t6.nodes = 50940583
h4.t6.propagations = 50940583
h4.search_time = 1000011
h4.nodes = 858881322
h4.propagations = 2481844150
h5.t12.restarts = 2654
h5.t12.nogoods_size = 9190514
h5.t12.nodes = 53512672
h5.t12.propagations = 53512672
h5.t8.restarts = 2654
h5.t8.nogoods_size = 9190514
h5.t8.nodes = 53466724
h5.t8.propagations = 53466724
h5.t13.restarts = 2654
h5.t13.nogoods_size = 9190514
h5.t13.nodes = 53290729
h5.t13.propagations = 53290729
h5.t17.restarts = 2654
h5.t17.nogoods_size = 9190514
h5.t17.nodes = 21784035
h5.t17.propagations = 21784035
h5.t5.restarts = 2654
h5.t5.nogoods_size = 9190514
h5.t5.nodes = 53382832
h5.t5.propagations = 53382832
h5.t4.restarts = 2654
h5.t4.nogoods_size = 9190514
h5.t4.nodes = 52540817
h5.t4.propagations = 52540817
h5.t15.restarts = 2654
h5.t15.nogoods_size = 9190514
h5.t15.nodes = 52066315
h5.t15.propagations = 52066315
h5.t1.restarts = 2654
h5.t1.nogoods_size = 9190514
h5.t1.nodes = 53312262
h5.t1.propagations = 53312262
h5.t14.restarts = 2654
h5.t14.nogoods_size = 9190514
h5.t14.nodes = 52194111
h5.t14.propagations = 52194111
h5.t10.restarts = 2654
h5.t10.nogoods_size = 9190514
h5.t10.nodes = 53751635
h5.t10.propagations = 53751635
h5.t11.restarts = 2654
h5.t11.nogoods_size = 9190514
h5.t11.nodes = 52330170
h5.t11.propagations = 52330170
h5.t3.restarts = 2654
h5.t3.nogoods_size = 9190514
h5.t3.nodes = 52977629
h5.t3.propagations = 52977629
h5.t6.restarts = 2654
h5.t6.nogoods_size = 9190514
h5.t6.nodes = 53302084
h5.t6.propagations = 53302084
h5.t9.restarts = 2654
h5.t9.nogoods_size = 9190514
h5.t9.nodes = 52723601
h5.t9.propagations = 52723601
h5.t7.restarts = 2654
h5.t7.nogoods_size = 9190514
h5.t7.nodes = 53095906
h5.t7.propagations = 53095906
h5.t0.restarts = 2654
h5.t0.nogoods_size = 9190514
h5.t0.nodes = 14394349
h5.t0.propagations = 14394349
h5.t2.restarts = 2654
h5.t2.nogoods_size = 9190514
h5.t2.nodes = 53500455
h5.t2.propagations = 53500455
h5.t16.restarts = 2654
h5.t16.nogoods_size = 9190514
h5.t16.nodes = 52627822
h5.t16.propagations = 52627822
h5.search_time = 1000006
h5.nodes = 884254148
h5.propagations = 2548495492
h6.t17.stop_reason = aborted
h6.t17.restarts = 2654
h6.t17.nogoods_size = 9190124
h6.t17.nodes = 21391315
h6.t17.propagations = 21391315
h6.t0.stop_reason = aborted
h6.t0.restarts = 2654
h6.t0.nogoods_size = 9190124
h6.t0.nodes = 14388489
h6.t0.propagations = 14388489
h6.t1.stop_reason = aborted
h6.t1.restarts = 2654
h6.t1.nogoods_size = 9190124
h6.t1.nodes = 50728553
h6.t1.propagations = 50728553
h6.t9.stop_reason = aborted
h6.t9.restarts = 2654
h6.t9.nogoods_size = 9190124
h6.t9.nodes = 51085147
h6.t9.propagations = 51085147
h6.t7.stop_reason = aborted
h6.t7.restarts = 2654
h6.t7.nogoods_size = 9190124
h6.t7.nodes = 51724509
h6.t7.propagations = 51724509
h6.t10.stop_reason = aborted
h6.t10.restarts = 2654
h6.t10.nogoods_size = 9190124
h6.t10.nodes = 50290429
h6.t10.propagations = 50290429
h6.t12.stop_reason = aborted
h6.t12.restarts = 2654
h6.t12.nogoods_size = 9190124
h6.t12.nodes = 50641505
h6.t12.propagations = 50641505
h6.t8.stop_reason = aborted
h6.t8.restarts = 2654
h6.t8.nogoods_size = 9190124
h6.t8.nodes = 50700821
h6.t8.propagations = 50700821
h6.t3.stop_reason = aborted
h6.t3.restarts = 2654
h6.t3.nogoods_size = 9190124
h6.t3.nodes = 51348423
h6.t3.propagations = 51348423
h6.t4.stop_reason = aborted
h6.t4.restarts = 2654
h6.t4.nogoods_size = 9190124
h6.t4.nodes = 50341899
h6.t4.propagations = 50341899
h6.t14.stop_reason = aborted
h6.t14.restarts = 2654
h6.t14.nogoods_size = 9190124
h6.t14.nodes = 49682719
h6.t14.propagations = 49682719
h6.t5.stop_reason = aborted
h6.t5.restarts = 2654
h6.t5.nogoods_size = 9190124
h6.t5.nodes = 51421571
h6.t5.propagations = 51421571
h6.t6.stop_reason = aborted
h6.t6.restarts = 2654
h6.t6.nogoods_size = 9190124
h6.t6.nodes = 50988495
h6.t6.propagations = 50988495
h6.t11.stop_reason = aborted
h6.t11.restarts = 2654
h6.t11.nogoods_size = 9190124
h6.t11.nodes = 50859380
h6.t11.propagations = 50859380
h6.t16.stop_reason = aborted
h6.t16.restarts = 2654
h6.t16.nogoods_size = 9190124
h6.t16.nodes = 50910206
h6.t16.propagations = 50910206
h6.t2.stop_reason = aborted
h6.t2.restarts = 2654
h6.t2.nogoods_size = 9190124
h6.t2.nodes = 50740025
h6.t2.propagations = 50740025
h6.t13.stop_reason = aborted
h6.t13.restarts = 2654
h6.t13.nogoods_size = 9190124
h6.t13.nodes = 51230991
h6.t13.propagations = 51230991
h6.t15.stop_reason = aborted
h6.t15.restarts = 2654
h6.t15.nogoods_size = 9190124
h6.t15.nodes = 50684232
h6.t15.propagations = 50684232
h6.search_time = 1000008
h6.nodes = 849158709
h6.propagations = 2447247544
h7.t13.restarts = 2654
h7.t13.nogoods_size = 9194072
h7.t13.nodes = 54279099
h7.t13.propagations = 54279099
h7.t12.restarts = 2654
h7.t12.nogoods_size = 9194072
h7.t12.nodes = 54361847
h7.t12.propagations = 54361847
h7.t16.restarts = 2654
h7.t16.nogoods_size = 9194072
h7.t16.nodes = 52956164
h7.t16.propagations = 52956164
h7.t2.restarts = 2654
h7.t2.nogoods_size = 9194072
h7.t2.nodes = 54216672
h7.t2.propagations = 54216672
h7.t1.restarts = 2654
h7.t1.nogoods_size = 9194072
h7.t1.nodes = 54406854
h7.t1.propagations = 54406854
h7.t10.restarts = 2654
h7.t10.nogoods_size = 9194072
h7.t10.nodes = 53796440
h7.t10.propagations = 53796440
h7.t3.restarts = 2654
h7.t3.nogoods_size = 9194072
h7.t3.nodes = 53498791
h7.t3.propagations = 53498791
h7.t5.restarts = 2654
h7.t5.nogoods_size = 9194072
h7.t5.nodes = 53429023
h7.t5.propagations = 53429023
h7.t7.restarts = 2654
h7.t7.nogoods_size = 9194072
h7.t7.nodes = 54054184
h7.t7.propagations = 54054184
h7.t11.restarts = 2654
h7.t11.nogoods_size = 9194072
h7.t11.nodes = 53555199
h7.t11.propagations = 53555199
h7.t15.restarts = 2654
h7.t15.nogoods_size = 9194072
h7.t15.nodes = 53622292
h7.t15.propagations = 53622292
h7.t14.restarts = 2654
h7.t14.nogoods_size = 9194072
h7.t14.nodes = 53959779
h7.t14.propagations = 53959779
h7.t6.restarts = 2654
h7.t6.nogoods_size = 9194072
h7.t6.nodes = 53783485
h7.t6.propagations = 53783485
h7.t4.restarts = 2654
h7.t4.nogoods_size = 9194072
h7.t4.nodes = 53894817
h7.t4.propagations = 53894817
h7.t17.restarts = 2654
h7.t17.nogoods_size = 9194072
h7.t17.nodes = 22561330
h7.t17.propagations = 22561330
h7.t8.restarts = 2654
h7.t8.nogoods_size = 9194072
h7.t8.nodes = 54215134
h7.t8.propagations = 54215134
h7.t0.restarts = 2654
h7.t0.nogoods_size = 9194072
h7.t0.nodes = 14394317
h7.t0.propagations = 14394317
h7.t9.restarts = 2654
h7.t9.nogoods_size = 9194072
h7.t9.nodes = 53666024
h7.t9.propagations = 53666024
h7.search_time = 1000009
h7.nodes = 898651451
h7.propagations = 2591749728
h8.t15.stop_reason = aborted
h8.t15.restarts = 2654
h8.t15.nogoods_size = 9195682
h8.t15.nodes = 53874469
h8.t15.propagations = 53874469
h8.t3.stop_reason = aborted
h8.t3.restarts = 2654
h8.t3.nogoods_size = 9195682
h8.t3.nodes = 52610709
h8.t3.propagations = 52610709
h8.t7.stop_reason = aborted
h8.t7.restarts = 2654
h8.t7.nogoods_size = 9195682
h8.t7.nodes = 51227178
h8.t7.propagations = 51227178
h8.t11.stop_reason = aborted
h8.t11.restarts = 2654
h8.t11.nogoods_size = 9195682
h8.t11.nodes = 51256949
h8.t11.propagations = 51256949
h8.t17.stop_reason = aborted
h8.t17.restarts = 2654
h8.t17.nogoods_size = 9195682
h8.t17.nodes = 21653412
h8.t17.propagations = 21653412
h8.t5.stop_reason = aborted
h8.t5.restarts = 2654
h8.t5.nogoods_size = 9195682
h8.t5.nodes = 52652874
h8.t5.propagations = 52652874
h8.t1.stop_reason = aborted
h8.t1.restarts = 2654
h8.t1.nogoods_size = 9195682
h8.t1.nodes = 53053314
h8.t1.propagations = 53053314
h8.t6.stop_reason = aborted
h8.t6.restarts = 2654
h8.t6.nogoods_size = 9195682
h8.t6.nodes = 52045687
h8.t6.propagations = 52045687
h8.t4.stop_reason = aborted
h8.t4.restarts = 2654
h8.t4.nogoods_size = 9195682
h8.t4.nodes = 51787226
h8.t4.propagations = 51787226
h8.t8.stop_reason = aborted
h8.t8.restarts = 2654
h8.t8.nogoods_size = 9195682
h8.t8.nodes = 51048457
h8.t8.propagations = 51048457
h8.t13.stop_reason = aborted
h8.t13.restarts = 2654
h8.t13.nogoods_size = 9195682
h8.t13.nodes = 54196148
h8.t13.propagations = 54196148
h8.t16.stop_reason = aborted
h8.t16.restarts = 2654
h8.t16.nogoods_size = 9195682
h8.t16.nodes = 51497158
h8.t16.propagations = 51497158
h8.t12.stop_reason = aborted
h8.t12.restarts = 2654
h8.t12.nogoods_size = 9195682
h8.t12.nodes = 55262819
h8.t12.propagations = 55262819
h8.t2.stop_reason = aborted
h8.t2.restarts = 2654
h8.t2.nogoods_size = 9195682
h8.t2.nodes = 51851152
h8.t2.propagations = 51851152
h8.t10.stop_reason = aborted
h8.t10.restarts = 2654
h8.t10.nogoods_size = 9195682
h8.t10.nodes = 51592269
h8.t10.propagations = 51592269
h8.t14.stop_reason = aborted
h8.t14.restarts = 2654
h8.t14.nogoods_size = 9195682
h8.t14.nodes = 51911119
h8.t14.propagations = 51911119
h8.t0.stop_reason = aborted
h8.t0.restarts = 2654
h8.t0.nogoods_size = 9195682
h8.t0.nodes = 14393459
h8.t0.propagations = 14393459
h8.t9.stop_reason = aborted
h8.t9.restarts = 2654
h8.t9.nogoods_size = 9195682
h8.t9.nodes = 51831642
h8.t9.propagations = 51831642
h8.search_time = 1000009
h8.nodes = 873746041
h8.propagations = 2523627482
h9.t17.stop_reason = aborted
h9.t17.restarts = 2654
h9.t17.nogoods_size = 9191071
h9.t17.nodes = 22401909
h9.t17.propagations = 22401909
h9.t0.stop_reason = aborted
h9.t0.restarts = 2654
h9.t0.nogoods_size = 9191071
h9.t0.nodes = 14387998
h9.t0.propagations = 14387998
h9.t7.stop_reason = aborted
h9.t7.restarts = 2654
h9.t7.nogoods_size = 9191071
h9.t7.nodes = 53868362
h9.t7.propagations = 53868362
h9.t12.stop_reason = aborted
h9.t12.restarts = 2654
h9.t12.nogoods_size = 9191071
h9.t12.nodes = 54238432
h9.t12.propagations = 54238432
h9.t15.stop_reason = aborted
h9.t15.restarts = 2654
h9.t15.nogoods_size = 9191071
h9.t15.nodes = 53431595
h9.t15.propagations = 53431595
h9.t11.stop_reason = aborted
h9.t11.restarts = 2654
h9.t11.nogoods_size = 9191071
h9.t11.nodes = 55821331
h9.t11.propagations = 55821331
h9.t8.stop_reason = aborted
h9.t8.restarts = 2654
h9.t8.nogoods_size = 9191071
h9.t8.nodes = 54010252
h9.t8.propagations = 54010252
h9.t1.stop_reason = aborted
h9.t1.restarts = 2654
h9.t1.nogoods_size = 9191071
h9.t1.nodes = 53196040
h9.t1.propagations = 53196040
h9.t13.stop_reason = aborted
h9.t13.restarts = 2654
h9.t13.nogoods_size = 9191071
h9.t13.nodes = 53418753
h9.t13.propagations = 53418753
h9.t6.stop_reason = aborted
h9.t6.restarts = 2654
h9.t6.nogoods_size = 9191071
h9.t6.nodes = 54990705
h9.t6.propagations = 54990705
h9.t10.stop_reason = aborted
h9.t10.restarts = 2654
h9.t10.nogoods_size = 9191071
h9.t10.nodes = 52302492
h9.t10.propagations = 52302492
h9.t5.stop_reason = aborted
h9.t5.restarts = 2654
h9.t5.nogoods_size = 9191071
h9.t5.nodes = 53838278
h9.t5.propagations = 53838278
h9.t9.stop_reason = aborted
h9.t9.restarts = 2654
h9.t9.nogoods_size = 9191071
h9.t9.nodes = 54479440
h9.t9.propagations = 54479440
h9.t3.stop_reason = aborted
h9.t3.restarts = 2654
h9.t3.nogoods_size = 9191071
h9.t3.nodes = 53881410
h9.t3.propagations = 53881410
h9.t4.stop_reason = aborted
h9.t4.restarts = 2654
h9.t4.nogoods_size = 9191071
h9.t4.nodes = 54577650
h9.t4.propagations = 54577650
h9.t14.stop_reason = aborted
h9.t14.restarts = 2654
h9.t14.nogoods_size = 9191071
h9.t14.nodes = 55012363
h9.t14.propagations = 55012363
h9.t2.stop_reason = aborted
h9.t2.restarts = 2654
h9.t2.nogoods_size = 9191071
h9.t2.nodes = 52696930
h9.t2.propagations = 52696930
h9.t16.stop_reason = aborted
h9.t16.restarts = 2654
h9.t16.nogoods_size = 9191071
h9.t16.nodes = 54152147
h9.t16.propagations = 54152147
h9.search_time = 1000006
h9.nodes = 900706087
h9.propagations = 2604201359
