hostname = r1i3n33
commandline = ../glasgow/mpi_solve_subgraph_isomorphism --timeout 1000 --format lad --geometric-restarts=1.0 --restarts-constant=5400 --triggered-restarts --threads 18 ../instances/phase/phase-30-150-0.78-0.72-0.74-3-pattern ../instances/phase/phase-30-150-0.78-0.72-0.74-3-target
started_at = 2018-11-19 20:59:47
pattern_file = ../instances/phase/phase-30-150-0.78-0.72-0.74-3-pattern
target_file = ../instances/phase/phase-30-150-0.78-0.72-0.74-3-target
status = true
nodes = 7510435
propagations = 20219755
mapping = (0 -> 135) (1 -> 122) (2 -> 63) (3 -> 49) (4 -> 139) (5 -> 69) (6 -> 97) (7 -> 35) (8 -> 29) (9 -> 119) (10 -> 126) (11 -> 54) (12 -> 36) (13 -> 87) (14 -> 145) (15 -> 22) (16 -> 37) (17 -> 125) (18 -> 118) (19 -> 64) (20 -> 131) (21 -> 73) (22 -> 59) (23 -> 7) (24 -> 24) (25 -> 141) (26 -> 143) (27 -> 68) (28 -> 13) (29 -> 149) 
runtime = 309
h0.t17.stop_reason = aborted
h0.t17.restarts = 5
h0.t17.nogoods_size = 10142
h0.t17.nodes = 25622
h0.t17.propagations = 25622
h0.t0.stop_reason = aborted
h0.t0.restarts = 5
h0.t0.nogoods_size = 10142
h0.t0.nodes = 16248
h0.t0.propagations = 16248
h0.t10.where = 0/150 -1/-1 0/118 -1/-1 0/92 -1/-1 0/72 -1/-1 0/52 -1/-1 0/40 -1/-1 0/32 -1/-1 0/23 -1/-1 0/16 -1/-1 9/11 -1/-1 0/10 -1/-1 0/4 -1/-1 2/3 -1/-1 1/3 -1/-1 0/2 -1/-1 -1/-1 0/2 -1/-1 -1/-1 -1/-1 -1/-1 -1/-1 -1/-1 -1/-1 -1/-1 -1/-1 -1/-1 -1/-1 -1/-1 -1/-1 -1/-1
h0.t10.stop_reason = satisfiable
h0.t10.restarts = 5
h0.t10.nogoods_size = 10142
h0.t10.nodes = 29037
h0.t10.propagations = 29037
h0.t12.stop_reason = aborted
h0.t12.restarts = 5
h0.t12.nogoods_size = 10142
h0.t12.nodes = 27670
h0.t12.propagations = 27670
h0.t2.stop_reason = aborted
h0.t2.restarts = 5
h0.t2.nogoods_size = 10142
h0.t2.nodes = 38435
h0.t2.propagations = 38435
h0.t6.stop_reason = aborted
h0.t6.restarts = 5
h0.t6.nogoods_size = 10142
h0.t6.nodes = 32565
h0.t6.propagations = 32565
h0.t13.stop_reason = aborted
h0.t13.restarts = 5
h0.t13.nogoods_size = 10142
h0.t13.nodes = 32374
h0.t13.propagations = 32374
h0.t9.stop_reason = aborted
h0.t9.restarts = 5
h0.t9.nogoods_size = 10142
h0.t9.nodes = 37362
h0.t9.propagations = 37362
h0.t7.stop_reason = aborted
h0.t7.restarts = 5
h0.t7.nogoods_size = 10142
h0.t7.nodes = 30169
h0.t7.propagations = 30169
h0.t4.stop_reason = aborted
h0.t4.restarts = 5
h0.t4.nogoods_size = 10142
h0.t4.nodes = 36100
h0.t4.propagations = 36100
h0.t16.stop_reason = aborted
h0.t16.restarts = 5
h0.t16.nogoods_size = 10142
h0.t16.nodes = 40204
h0.t16.propagations = 40204
h0.t15.stop_reason = aborted
h0.t15.restarts = 5
h0.t15.nogoods_size = 10142
h0.t15.nodes = 27753
h0.t15.propagations = 27753
h0.t1.stop_reason = aborted
h0.t1.restarts = 5
h0.t1.nogoods_size = 10142
h0.t1.nodes = 31957
h0.t1.propagations = 31957
h0.t5.stop_reason = aborted
h0.t5.restarts = 5
h0.t5.nogoods_size = 10142
h0.t5.nodes = 29184
h0.t5.propagations = 29184
h0.t8.stop_reason = aborted
h0.t8.restarts = 5
h0.t8.nogoods_size = 10142
h0.t8.nodes = 33850
h0.t8.propagations = 33850
h0.t3.stop_reason = aborted
h0.t3.restarts = 5
h0.t3.nogoods_size = 10142
h0.t3.nodes = 35044
h0.t3.propagations = 35044
h0.t14.stop_reason = aborted
h0.t14.restarts = 5
h0.t14.nogoods_size = 10142
h0.t14.nodes = 32430
h0.t14.propagations = 32430
h0.t11.stop_reason = aborted
h0.t11.restarts = 5
h0.t11.nogoods_size = 10142
h0.t11.nodes = 27398
h0.t11.propagations = 27398
h0.search_time = 267
h0.nodes = 563402
h0.propagations = 1509337
h1.t14.restarts = 5
h1.t14.nogoods_size = 10574
h1.t14.nodes = 53488
h1.t14.propagations = 53488
h1.t9.restarts = 5
h1.t9.nogoods_size = 10574
h1.t9.nodes = 52593
h1.t9.propagations = 52593
h1.t11.restarts = 5
h1.t11.nogoods_size = 10574
h1.t11.nodes = 47998
h1.t11.propagations = 47998
h1.t16.restarts = 5
h1.t16.nogoods_size = 10574
h1.t16.nodes = 52903
h1.t16.propagations = 52903
h1.t3.restarts = 5
h1.t3.nogoods_size = 10574
h1.t3.nodes = 52538
h1.t3.propagations = 52538
h1.t6.restarts = 5
h1.t6.nogoods_size = 10574
h1.t6.nodes = 45527
h1.t6.propagations = 45527
h1.t8.restarts = 5
h1.t8.nogoods_size = 10574
h1.t8.nodes = 57390
h1.t8.propagations = 57390
h1.t13.restarts = 5
h1.t13.nogoods_size = 10574
h1.t13.nodes = 45871
h1.t13.propagations = 45871
h1.t5.restarts = 5
h1.t5.nogoods_size = 10574
h1.t5.nodes = 44759
h1.t5.propagations = 44759
h1.t7.restarts = 5
h1.t7.nogoods_size = 10574
h1.t7.nodes = 55005
h1.t7.propagations = 55005
h1.t17.restarts = 5
h1.t17.nogoods_size = 10574
h1.t17.nodes = 36253
h1.t17.propagations = 36253
h1.t15.restarts = 5
h1.t15.nogoods_size = 10574
h1.t15.nodes = 56957
h1.t15.propagations = 56957
h1.t12.restarts = 5
h1.t12.nogoods_size = 10574
h1.t12.nodes = 46354
h1.t12.propagations = 46354
h1.t1.restarts = 5
h1.t1.nogoods_size = 10574
h1.t1.nodes = 57494
h1.t1.propagations = 57494
h1.t10.restarts = 5
h1.t10.nogoods_size = 10574
h1.t10.nodes = 50786
h1.t10.propagations = 50786
h1.t0.restarts = 5
h1.t0.nogoods_size = 10574
h1.t0.nodes = 21655
h1.t0.propagations = 21655
h1.t2.restarts = 5
h1.t2.nogoods_size = 10574
h1.t2.nodes = 48519
h1.t2.propagations = 48519
h1.t4.restarts = 5
h1.t4.nogoods_size = 10574
h1.t4.nodes = 57988
h1.t4.propagations = 57988
h1.search_time = 270
h1.nodes = 884078
h1.propagations = 2387362
h2.t1.restarts = 5
h2.t1.nogoods_size = 10522
h2.t1.nodes = 58084
h2.t1.propagations = 58084
h2.t8.restarts = 5
h2.t8.nogoods_size = 10522
h2.t8.nodes = 55676
h2.t8.propagations = 55676
h2.t3.restarts = 5
h2.t3.nogoods_size = 10522
h2.t3.nodes = 62617
h2.t3.propagations = 62617
h2.t14.restarts = 5
h2.t14.nogoods_size = 10522
h2.t14.nodes = 48599
h2.t14.propagations = 48599
h2.t12.restarts = 5
h2.t12.nogoods_size = 10522
h2.t12.nodes = 53681
h2.t12.propagations = 53681
h2.t16.restarts = 5
h2.t16.nogoods_size = 10522
h2.t16.nodes = 60209
h2.t16.propagations = 60209
h2.t17.restarts = 5
h2.t17.nogoods_size = 10522
h2.t17.nodes = 35089
h2.t17.propagations = 35089
h2.t7.restarts = 5
h2.t7.nogoods_size = 10522
h2.t7.nodes = 55630
h2.t7.propagations = 55630
h2.t9.restarts = 5
h2.t9.nogoods_size = 10522
h2.t9.nodes = 62983
h2.t9.propagations = 62983
h2.t2.restarts = 5
h2.t2.nogoods_size = 10522
h2.t2.nodes = 58184
h2.t2.propagations = 58184
h2.t10.restarts = 5
h2.t10.nogoods_size = 10522
h2.t10.nodes = 55540
h2.t10.propagations = 55540
h2.t13.restarts = 5
h2.t13.nogoods_size = 10522
h2.t13.nodes = 54742
h2.t13.propagations = 54742
h2.t11.restarts = 5
h2.t11.nogoods_size = 10522
h2.t11.nodes = 55301
h2.t11.propagations = 55301
h2.t4.restarts = 5
h2.t4.nogoods_size = 10522
h2.t4.nodes = 57125
h2.t4.propagations = 57125
h2.t15.restarts = 5
h2.t15.nogoods_size = 10522
h2.t15.nodes = 45301
h2.t15.propagations = 45301
h2.t5.restarts = 5
h2.t5.nogoods_size = 10522
h2.t5.nodes = 55761
h2.t5.propagations = 55761
h2.t6.restarts = 5
h2.t6.nogoods_size = 10522
h2.t6.nodes = 53238
h2.t6.propagations = 53238
h2.t0.restarts = 5
h2.t0.nogoods_size = 10522
h2.t0.nodes = 21651
h2.t0.propagations = 21651
h2.search_time = 264
h2.nodes = 949411
h2.propagations = 2554971
h3.t6.restarts = 5
h3.t6.nogoods_size = 10538
h3.t6.nodes = 35741
h3.t6.propagations = 35741
h3.t3.restarts = 5
h3.t3.nogoods_size = 10538
h3.t3.nodes = 42815
h3.t3.propagations = 42815
h3.t7.restarts = 5
h3.t7.nogoods_size = 10538
h3.t7.nodes = 41649
h3.t7.propagations = 41649
h3.t17.restarts = 5
h3.t17.nogoods_size = 10538
h3.t17.nodes = 31982
h3.t17.propagations = 31982
h3.t16.restarts = 5
h3.t16.nogoods_size = 10538
h3.t16.nodes = 42242
h3.t16.propagations = 42242
h3.t15.restarts = 5
h3.t15.nogoods_size = 10538
h3.t15.nodes = 34674
h3.t15.propagations = 34674
h3.t9.restarts = 5
h3.t9.nogoods_size = 10538
h3.t9.nodes = 34188
h3.t9.propagations = 34188
h3.t8.restarts = 5
h3.t8.nogoods_size = 10538
h3.t8.nodes = 41154
h3.t8.propagations = 41154
h3.t12.restarts = 5
h3.t12.nogoods_size = 10538
h3.t12.nodes = 60047
h3.t12.propagations = 60047
h3.t1.restarts = 5
h3.t1.nogoods_size = 10538
h3.t1.nodes = 43658
h3.t1.propagations = 43658
h3.t5.restarts = 5
h3.t5.nogoods_size = 10538
h3.t5.nodes = 41134
h3.t5.propagations = 41134
h3.t0.restarts = 5
h3.t0.nogoods_size = 10538
h3.t0.nodes = 21659
h3.t0.propagations = 21659
h3.t4.restarts = 5
h3.t4.nogoods_size = 10538
h3.t4.nodes = 40775
h3.t4.propagations = 40775
h3.t10.restarts = 5
h3.t10.nogoods_size = 10538
h3.t10.nodes = 43315
h3.t10.propagations = 43315
h3.t2.restarts = 5
h3.t2.nogoods_size = 10538
h3.t2.nodes = 43185
h3.t2.propagations = 43185
h3.t13.restarts = 5
h3.t13.nogoods_size = 10538
h3.t13.nodes = 42244
h3.t13.propagations = 42244
h3.t11.restarts = 5
h3.t11.nogoods_size = 10538
h3.t11.nodes = 35604
h3.t11.propagations = 35604
h3.t14.restarts = 5
h3.t14.nogoods_size = 10538
h3.t14.nodes = 34495
h3.t14.propagations = 34495
h3.search_time = 263
h3.nodes = 710561
h3.propagations = 1925467
h4.t13.restarts = 5
h4.t13.nogoods_size = 10577
h4.t13.nodes = 42044
h4.t13.propagations = 42044
h4.t10.restarts = 5
h4.t10.nogoods_size = 10577
h4.t10.nodes = 42789
h4.t10.propagations = 42789
h4.t2.restarts = 5
h4.t2.nogoods_size = 10577
h4.t2.nodes = 41509
h4.t2.propagations = 41509
h4.t1.restarts = 5
h4.t1.nogoods_size = 10577
h4.t1.nodes = 44401
h4.t1.propagations = 44401
h4.t8.restarts = 5
h4.t8.nogoods_size = 10577
h4.t8.nodes = 62301
h4.t8.propagations = 62301
h4.t11.restarts = 5
h4.t11.nogoods_size = 10577
h4.t11.nodes = 42782
h4.t11.propagations = 42782
h4.t4.restarts = 5
h4.t4.nogoods_size = 10577
h4.t4.nodes = 44708
h4.t4.propagations = 44708
h4.t5.restarts = 5
h4.t5.nogoods_size = 10577
h4.t5.nodes = 42707
h4.t5.propagations = 42707
h4.t15.restarts = 5
h4.t15.nogoods_size = 10577
h4.t15.nodes = 37269
h4.t15.propagations = 37269
h4.t3.restarts = 5
h4.t3.nogoods_size = 10577
h4.t3.nodes = 41642
h4.t3.propagations = 41642
h4.t16.restarts = 5
h4.t16.nogoods_size = 10577
h4.t16.nodes = 37534
h4.t16.propagations = 37534
h4.t9.restarts = 5
h4.t9.nogoods_size = 10577
h4.t9.nodes = 41859
h4.t9.propagations = 41859
h4.t17.restarts = 5
h4.t17.nogoods_size = 10577
h4.t17.nodes = 32171
h4.t17.propagations = 32171
h4.t7.restarts = 5
h4.t7.nogoods_size = 10577
h4.t7.nodes = 42110
h4.t7.propagations = 42110
h4.t6.restarts = 5
h4.t6.nogoods_size = 10577
h4.t6.nodes = 40622
h4.t6.propagations = 40622
h4.t0.restarts = 5
h4.t0.nogoods_size = 10577
h4.t0.nodes = 21660
h4.t0.propagations = 21660
h4.t14.restarts = 5
h4.t14.nogoods_size = 10577
h4.t14.nodes = 42150
h4.t14.propagations = 42150
h4.t12.restarts = 5
h4.t12.nogoods_size = 10577
h4.t12.nodes = 41599
h4.t12.propagations = 41599
h4.search_time = 271
h4.nodes = 741857
h4.propagations = 2006468
h5.t6.restarts = 5
h5.t6.nogoods_size = 10505
h5.t6.nodes = 45270
h5.t6.propagations = 45270
h5.t10.restarts = 5
h5.t10.nogoods_size = 10505
h5.t10.nodes = 44635
h5.t10.propagations = 44635
h5.t2.restarts = 5
h5.t2.nogoods_size = 10505
h5.t2.nodes = 53338
h5.t2.propagations = 53338
h5.t5.restarts = 5
h5.t5.nogoods_size = 10505
h5.t5.nodes = 45086
h5.t5.propagations = 45086
h5.t0.restarts = 5
h5.t0.nogoods_size = 10505
h5.t0.nodes = 21654
h5.t0.propagations = 21654
h5.t7.restarts = 5
h5.t7.nogoods_size = 10505
h5.t7.nodes = 44796
h5.t7.propagations = 44796
h5.t13.restarts = 5
h5.t13.nogoods_size = 10505
h5.t13.nodes = 45049
h5.t13.propagations = 45049
h5.t17.restarts = 5
h5.t17.nogoods_size = 10505
h5.t17.nodes = 29279
h5.t17.propagations = 29279
h5.t11.restarts = 5
h5.t11.nogoods_size = 10505
h5.t11.nodes = 45398
h5.t11.propagations = 45398
h5.t15.restarts = 5
h5.t15.nogoods_size = 10505
h5.t15.nodes = 43635
h5.t15.propagations = 43635
h5.t4.restarts = 5
h5.t4.nogoods_size = 10505
h5.t4.nodes = 44893
h5.t4.propagations = 44893
h5.t3.restarts = 5
h5.t3.nogoods_size = 10505
h5.t3.nodes = 44885
h5.t3.propagations = 44885
h5.t1.restarts = 5
h5.t1.nogoods_size = 10505
h5.t1.nodes = 43530
h5.t1.propagations = 43530
h5.t14.restarts = 5
h5.t14.nogoods_size = 10505
h5.t14.nodes = 44024
h5.t14.propagations = 44024
h5.t9.restarts = 5
h5.t9.nogoods_size = 10505
h5.t9.nodes = 44485
h5.t9.propagations = 44485
h5.t12.restarts = 5
h5.t12.nogoods_size = 10505
h5.t12.nodes = 43178
h5.t12.propagations = 43178
h5.t16.restarts = 5
h5.t16.nogoods_size = 10505
h5.t16.nodes = 48836
h5.t16.propagations = 48836
h5.t8.restarts = 5
h5.t8.nogoods_size = 10505
h5.t8.nodes = 45319
h5.t8.propagations = 45319
h5.search_time = 264
h5.nodes = 777290
h5.propagations = 2089401
h6.t9.restarts = 5
h6.t9.nogoods_size = 10550
h6.t9.nodes = 47651
h6.t9.propagations = 47651
h6.t10.restarts = 5
h6.t10.nogoods_size = 10550
h6.t10.nodes = 44748
h6.t10.propagations = 44748
h6.t14.restarts = 5
h6.t14.nogoods_size = 10550
h6.t14.nodes = 44650
h6.t14.propagations = 44650
h6.t2.restarts = 5
h6.t2.nogoods_size = 10550
h6.t2.nodes = 44466
h6.t2.propagations = 44466
h6.t1.restarts = 5
h6.t1.nogoods_size = 10550
h6.t1.nodes = 45348
h6.t1.propagations = 45348
h6.t5.restarts = 5
h6.t5.nogoods_size = 10550
h6.t5.nodes = 46388
h6.t5.propagations = 46388
h6.t3.restarts = 5
h6.t3.nogoods_size = 10550
h6.t3.nodes = 45055
h6.t3.propagations = 45055
h6.t12.restarts = 5
h6.t12.nogoods_size = 10550
h6.t12.nodes = 46318
h6.t12.propagations = 46318
h6.t16.restarts = 5
h6.t16.nogoods_size = 10550
h6.t16.nodes = 45759
h6.t16.propagations = 45759
h6.t8.restarts = 5
h6.t8.nogoods_size = 10550
h6.t8.nodes = 45044
h6.t8.propagations = 45044
h6.t6.restarts = 5
h6.t6.nogoods_size = 10550
h6.t6.nodes = 42985
h6.t6.propagations = 42985
h6.t7.restarts = 5
h6.t7.nogoods_size = 10550
h6.t7.nodes = 45348
h6.t7.propagations = 45348
h6.t4.restarts = 5
h6.t4.nogoods_size = 10550
h6.t4.nodes = 43847
h6.t4.propagations = 43847
h6.t15.restarts = 5
h6.t15.nogoods_size = 10550
h6.t15.nodes = 42801
h6.t15.propagations = 42801
h6.t0.restarts = 5
h6.t0.nogoods_size = 10550
h6.t0.nodes = 21655
h6.t0.propagations = 21655
h6.t11.restarts = 5
h6.t11.nogoods_size = 10550
h6.t11.nodes = 45183
h6.t11.propagations = 45183
h6.t17.restarts = 5
h6.t17.nogoods_size = 10550
h6.t17.nodes = 32376
h6.t17.propagations = 32376
h6.t13.restarts = 5
h6.t13.nogoods_size = 10550
h6.t13.nodes = 43717
h6.t13.propagations = 43717
h6.search_time = 271
h6.nodes = 773339
h6.propagations = 2086386
h7.t13.restarts = 5
h7.t13.nogoods_size = 10474
h7.t13.nodes = 35552
h7.t13.propagations = 35552
h7.t12.restarts = 5
h7.t12.nogoods_size = 10474
h7.t12.nodes = 35048
h7.t12.propagations = 35048
h7.t10.restarts = 5
h7.t10.nogoods_size = 10474
h7.t10.nodes = 29602
h7.t10.propagations = 29602
h7.t0.restarts = 5
h7.t0.nogoods_size = 10474
h7.t0.nodes = 21654
h7.t0.propagations = 21654
h7.t3.restarts = 5
h7.t3.nogoods_size = 10474
h7.t3.nodes = 30297
h7.t3.propagations = 30297
h7.t14.restarts = 5
h7.t14.nogoods_size = 10474
h7.t14.nodes = 28641
h7.t14.propagations = 28641
h7.t8.restarts = 5
h7.t8.nogoods_size = 10474
h7.t8.nodes = 37643
h7.t8.propagations = 37643
h7.t7.restarts = 5
h7.t7.nogoods_size = 10474
h7.t7.nodes = 28061
h7.t7.propagations = 28061
h7.t6.restarts = 5
h7.t6.nogoods_size = 10474
h7.t6.nodes = 39574
h7.t6.propagations = 39574
h7.t9.restarts = 5
h7.t9.nogoods_size = 10474
h7.t9.nodes = 28263
h7.t9.propagations = 28263
h7.t1.restarts = 5
h7.t1.nogoods_size = 10474
h7.t1.nodes = 31423
h7.t1.propagations = 31423
h7.t16.restarts = 5
h7.t16.nogoods_size = 10474
h7.t16.nodes = 37928
h7.t16.propagations = 37928
h7.t17.restarts = 5
h7.t17.nogoods_size = 10474
h7.t17.nodes = 29265
h7.t17.propagations = 29265
h7.t4.restarts = 5
h7.t4.nogoods_size = 10474
h7.t4.nodes = 29028
h7.t4.propagations = 29028
h7.t11.restarts = 5
h7.t11.nogoods_size = 10474
h7.t11.nodes = 29940
h7.t11.propagations = 29940
h7.t5.restarts = 5
h7.t5.nogoods_size = 10474
h7.t5.nodes = 28314
h7.t5.propagations = 28314
h7.t2.restarts = 5
h7.t2.nogoods_size = 10474
h7.t2.nodes = 35038
h7.t2.propagations = 35038
h7.t15.restarts = 5
h7.t15.nogoods_size = 10474
h7.t15.nodes = 33383
h7.t15.propagations = 33383
h7.search_time = 266
h7.nodes = 568654
h7.propagations = 1536391
h8.t12.restarts = 5
h8.t12.nogoods_size = 10508
h8.t12.nodes = 60724
h8.t12.propagations = 60724
h8.t2.restarts = 5
h8.t2.nogoods_size = 10508
h8.t2.nodes = 61249
h8.t2.propagations = 61249
h8.t15.restarts = 5
h8.t15.nogoods_size = 10508
h8.t15.nodes = 40245
h8.t15.propagations = 40245
h8.t3.restarts = 5
h8.t3.nogoods_size = 10508
h8.t3.nodes = 41445
h8.t3.propagations = 41445
h8.t16.restarts = 5
h8.t16.nogoods_size = 10508
h8.t16.nodes = 43037
h8.t16.propagations = 43037
h8.t1.restarts = 5
h8.t1.nogoods_size = 10508
h8.t1.nodes = 42704
h8.t1.propagations = 42704
h8.t9.restarts = 5
h8.t9.nogoods_size = 10508
h8.t9.nodes = 42791
h8.t9.propagations = 42791
h8.t17.restarts = 5
h8.t17.nogoods_size = 10508
h8.t17.nodes = 33015
h8.t17.propagations = 33015
h8.t10.restarts = 5
h8.t10.nogoods_size = 10508
h8.t10.nodes = 45477
h8.t10.propagations = 45477
h8.t0.restarts = 5
h8.t0.nogoods_size = 10508
h8.t0.nodes = 21657
h8.t0.propagations = 21657
h8.t4.restarts = 5
h8.t4.nogoods_size = 10508
h8.t4.nodes = 42857
h8.t4.propagations = 42857
h8.t7.restarts = 5
h8.t7.nogoods_size = 10508
h8.t7.nodes = 44589
h8.t7.propagations = 44589
h8.t8.restarts = 5
h8.t8.nogoods_size = 10508
h8.t8.nodes = 43017
h8.t8.propagations = 43017
h8.t6.restarts = 5
h8.t6.nogoods_size = 10508
h8.t6.nodes = 44857
h8.t6.propagations = 44857
h8.t13.restarts = 5
h8.t13.nogoods_size = 10508
h8.t13.nodes = 41512
h8.t13.propagations = 41512
h8.t14.restarts = 5
h8.t14.nogoods_size = 10508
h8.t14.nodes = 41560
h8.t14.propagations = 41560
h8.t5.restarts = 5
h8.t5.nogoods_size = 10508
h8.t5.nodes = 42716
h8.t5.propagations = 42716
h8.t11.restarts = 5
h8.t11.nogoods_size = 10508
h8.t11.nodes = 40233
h8.t11.propagations = 40233
h8.search_time = 271
h8.nodes = 773685
h8.propagations = 2067058
h9.t3.restarts = 5
h9.t3.nogoods_size = 10508
h9.t3.nodes = 44728
h9.t3.propagations = 44728
h9.t7.restarts = 5
h9.t7.nogoods_size = 10508
h9.t7.nodes = 44682
h9.t7.propagations = 44682
h9.t10.restarts = 5
h9.t10.nogoods_size = 10508
h9.t10.nodes = 44614
h9.t10.propagations = 44614
h9.t1.restarts = 5
h9.t1.nogoods_size = 10508
h9.t1.nodes = 45635
h9.t1.propagations = 45635
h9.t9.restarts = 5
h9.t9.nogoods_size = 10508
h9.t9.nodes = 47464
h9.t9.propagations = 47464
h9.t14.restarts = 5
h9.t14.nogoods_size = 10508
h9.t14.nodes = 46333
h9.t14.propagations = 46333
h9.t5.restarts = 5
h9.t5.nogoods_size = 10508
h9.t5.nodes = 35442
h9.t5.propagations = 35442
h9.t12.restarts = 5
h9.t12.nogoods_size = 10508
h9.t12.nodes = 43625
h9.t12.propagations = 43625
h9.t16.restarts = 5
h9.t16.nogoods_size = 10508
h9.t16.nodes = 46776
h9.t16.propagations = 46776
h9.t8.restarts = 5
h9.t8.nogoods_size = 10508
h9.t8.nodes = 43780
h9.t8.propagations = 43780
h9.t4.restarts = 5
h9.t4.nogoods_size = 10508
h9.t4.nodes = 47719
h9.t4.propagations = 47719
h9.t2.restarts = 5
h9.t2.nogoods_size = 10508
h9.t2.nodes = 45164
h9.t2.propagations = 45164
h9.t11.restarts = 5
h9.t11.nogoods_size = 10508
h9.t11.nodes = 43627
h9.t11.propagations = 43627
h9.t17.restarts = 5
h9.t17.nogoods_size = 10508
h9.t17.nodes = 31572
h9.t17.propagations = 31572
h9.t15.restarts = 5
h9.t15.nogoods_size = 10508
h9.t15.nodes = 45441
h9.t15.propagations = 45441
h9.t6.restarts = 5
h9.t6.nogoods_size = 10508
h9.t6.nodes = 45993
h9.t6.propagations = 45993
h9.t13.restarts = 5
h9.t13.nogoods_size = 10508
h9.t13.nodes = 43909
h9.t13.propagations = 43909
h9.t0.restarts = 5
h9.t0.nogoods_size = 10508
h9.t0.nodes = 21654
h9.t0.propagations = 21654
h9.search_time = 265
h9.nodes = 768158
h9.propagations = 2056914
