hostname = r1i3n33
commandline = ../glasgow/mpi_solve_subgraph_isomorphism --timeout 1000 --format lad --geometric-restarts=1.0 --restarts-constant=5400 --triggered-restarts --threads 18 ../instances/si/si2_rand_r01_400/si2_r01_m400.05/pattern ../instances/si/si2_rand_r01_400/si2_r01_m400.05/target
started_at = 2018-11-19 20:52:38
pattern_file = ../instances/si/si2_rand_r01_400/si2_r01_m400.05/pattern
target_file = ../instances/si/si2_rand_r01_400/si2_r01_m400.05/target
status = true
nodes = 23442069
propagations = 67129652
mapping = (0 -> 158) (1 -> 366) (2 -> 6) (3 -> 236) (4 -> 53) (5 -> 304) (6 -> 105) (7 -> 252) (8 -> 233) (9 -> 56) (10 -> 23) (11 -> 96) (12 -> 221) (13 -> 193) (14 -> 215) (15 -> 134) (16 -> 232) (17 -> 12) (18 -> 166) (19 -> 5) (20 -> 341) (21 -> 383) (22 -> 86) (23 -> 308) (24 -> 360) (25 -> 288) (26 -> 385) (27 -> 78) (28 -> 170) (29 -> 173) (30 -> 243) (31 -> 26) (32 -> 42) (33 -> 117) (34 -> 89) (35 -> 112) (36 -> 120) (37 -> 367) (38 -> 64) (39 -> 60) (40 -> 342) (41 -> 58) (42 -> 163) (43 -> 319) (44 -> 347) (45 -> 4) (46 -> 395) (47 -> 369) (48 -> 159) (49 -> 28) (50 -> 230) (51 -> 255) (52 -> 140) (53 -> 363) (54 -> 73) (55 -> 337) (56 -> 355) (57 -> 234) (58 -> 335) (59 -> 387) (60 -> 317) (61 -> 152) (62 -> 74) (63 -> 256) (64 -> 81) (65 -> 9) (66 -> 285) (67 -> 32) (68 -> 84) (69 -> 44) (70 -> 213) (71 -> 16) (72 -> 242) (73 -> 262) (74 -> 108) (75 -> 40) (76 -> 118) (77 -> 368) (78 -> 249) (79 -> 30) 
runtime = 2107
h0.t12.restarts = 14
h0.t12.nogoods_size = 62824
h0.t12.nodes = 150999
h0.t12.propagations = 150999
h0.t10.restarts = 14
h0.t10.nogoods_size = 62824
h0.t10.nodes = 151480
h0.t10.propagations = 151480
h0.t5.restarts = 14
h0.t5.nogoods_size = 62824
h0.t5.nodes = 151125
h0.t5.propagations = 151125
h0.t7.restarts = 14
h0.t7.nogoods_size = 62824
h0.t7.nodes = 150659
h0.t7.propagations = 150659
h0.t0.restarts = 14
h0.t0.nogoods_size = 62824
h0.t0.nodes = 70281
h0.t0.propagations = 70281
h0.t16.restarts = 14
h0.t16.nogoods_size = 62824
h0.t16.nodes = 151763
h0.t16.propagations = 151763
h0.t15.restarts = 14
h0.t15.nogoods_size = 62824
h0.t15.nodes = 152444
h0.t15.propagations = 152444
h0.t17.restarts = 14
h0.t17.nogoods_size = 62824
h0.t17.nodes = 81705
h0.t17.propagations = 81705
h0.t8.restarts = 14
h0.t8.nogoods_size = 62824
h0.t8.nodes = 151914
h0.t8.propagations = 151914
h0.t2.restarts = 14
h0.t2.nogoods_size = 62824
h0.t2.nodes = 152651
h0.t2.propagations = 152651
h0.t13.restarts = 14
h0.t13.nogoods_size = 62824
h0.t13.nodes = 150846
h0.t13.propagations = 150846
h0.t4.restarts = 14
h0.t4.nogoods_size = 62824
h0.t4.nodes = 151490
h0.t4.propagations = 151490
h0.t9.restarts = 14
h0.t9.nogoods_size = 62824
h0.t9.nodes = 152049
h0.t9.propagations = 152049
h0.t1.restarts = 14
h0.t1.nogoods_size = 62824
h0.t1.nodes = 151180
h0.t1.propagations = 151180
h0.t3.restarts = 14
h0.t3.nogoods_size = 62824
h0.t3.nodes = 149938
h0.t3.propagations = 149938
h0.t14.restarts = 14
h0.t14.nogoods_size = 62824
h0.t14.nodes = 151647
h0.t14.propagations = 151647
h0.t11.restarts = 14
h0.t11.nogoods_size = 62824
h0.t11.nodes = 152632
h0.t11.propagations = 152632
h0.t6.restarts = 14
h0.t6.nogoods_size = 62824
h0.t6.nodes = 151811
h0.t6.propagations = 151811
h0.search_time = 1896
h0.nodes = 2576614
h0.propagations = 7371802
h1.t13.restarts = 14
h1.t13.nogoods_size = 62621
h1.t13.nodes = 137410
h1.t13.propagations = 137410
h1.t12.restarts = 14
h1.t12.nogoods_size = 62621
h1.t12.nodes = 137707
h1.t12.propagations = 137707
h1.t11.restarts = 14
h1.t11.nogoods_size = 62621
h1.t11.nodes = 138690
h1.t11.propagations = 138690
h1.t3.restarts = 14
h1.t3.nogoods_size = 62621
h1.t3.nodes = 139592
h1.t3.propagations = 139592
h1.t10.restarts = 14
h1.t10.nogoods_size = 62621
h1.t10.nodes = 137036
h1.t10.propagations = 137036
h1.t16.restarts = 14
h1.t16.nogoods_size = 62621
h1.t16.nodes = 139437
h1.t16.propagations = 139437
h1.t6.restarts = 14
h1.t6.nogoods_size = 62621
h1.t6.nodes = 138518
h1.t6.propagations = 138518
h1.t2.restarts = 14
h1.t2.nogoods_size = 62621
h1.t2.nodes = 140185
h1.t2.propagations = 140185
h1.t14.restarts = 14
h1.t14.nogoods_size = 62621
h1.t14.nodes = 138943
h1.t14.propagations = 138943
h1.t9.restarts = 14
h1.t9.nogoods_size = 62621
h1.t9.nodes = 138885
h1.t9.propagations = 138885
h1.t15.restarts = 14
h1.t15.nogoods_size = 62621
h1.t15.nodes = 138442
h1.t15.propagations = 138442
h1.t1.restarts = 14
h1.t1.nogoods_size = 62621
h1.t1.nodes = 136976
h1.t1.propagations = 136976
h1.t5.restarts = 14
h1.t5.nogoods_size = 62621
h1.t5.nodes = 140367
h1.t5.propagations = 140367
h1.t17.restarts = 14
h1.t17.nogoods_size = 62621
h1.t17.nodes = 79379
h1.t17.propagations = 79379
h1.t8.restarts = 14
h1.t8.nogoods_size = 62621
h1.t8.nodes = 137321
h1.t8.propagations = 137321
h1.t0.restarts = 14
h1.t0.nogoods_size = 62621
h1.t0.nodes = 70275
h1.t0.propagations = 70275
h1.t7.restarts = 14
h1.t7.nogoods_size = 62621
h1.t7.nodes = 141849
h1.t7.propagations = 141849
h1.t4.restarts = 14
h1.t4.nogoods_size = 62621
h1.t4.nodes = 137796
h1.t4.propagations = 137796
h1.search_time = 1896
h1.nodes = 2368808
h1.propagations = 6789085
h2.t6.restarts = 14
h2.t6.nogoods_size = 62452
h2.t6.nodes = 135914
h2.t6.propagations = 135914
h2.t11.restarts = 14
h2.t11.nogoods_size = 62452
h2.t11.nodes = 136418
h2.t11.propagations = 136418
h2.t12.restarts = 14
h2.t12.nogoods_size = 62452
h2.t12.nodes = 138200
h2.t12.propagations = 138200
h2.t1.restarts = 14
h2.t1.nogoods_size = 62452
h2.t1.nodes = 139003
h2.t1.propagations = 139003
h2.t13.restarts = 14
h2.t13.nogoods_size = 62452
h2.t13.nodes = 133075
h2.t13.propagations = 133075
h2.t16.restarts = 14
h2.t16.nogoods_size = 62452
h2.t16.nodes = 128361
h2.t16.propagations = 128361
h2.t9.restarts = 14
h2.t9.nogoods_size = 62452
h2.t9.nodes = 135498
h2.t9.propagations = 135498
h2.t2.restarts = 14
h2.t2.nogoods_size = 62452
h2.t2.nodes = 139652
h2.t2.propagations = 139652
h2.t3.restarts = 14
h2.t3.nogoods_size = 62452
h2.t3.nodes = 138830
h2.t3.propagations = 138830
h2.t15.restarts = 14
h2.t15.nogoods_size = 62452
h2.t15.nodes = 135716
h2.t15.propagations = 135716
h2.t10.restarts = 14
h2.t10.nogoods_size = 62452
h2.t10.nodes = 136851
h2.t10.propagations = 136851
h2.t5.restarts = 14
h2.t5.nogoods_size = 62452
h2.t5.nodes = 130124
h2.t5.propagations = 130124
h2.t7.restarts = 14
h2.t7.nogoods_size = 62452
h2.t7.nodes = 135768
h2.t7.propagations = 135768
h2.t14.restarts = 14
h2.t14.nogoods_size = 62452
h2.t14.nodes = 127593
h2.t14.propagations = 127593
h2.t4.restarts = 14
h2.t4.nogoods_size = 62452
h2.t4.nodes = 136582
h2.t4.propagations = 136582
h2.t8.restarts = 14
h2.t8.nogoods_size = 62452
h2.t8.nodes = 128777
h2.t8.propagations = 128777
h2.t0.restarts = 14
h2.t0.nogoods_size = 62452
h2.t0.nodes = 70282
h2.t0.propagations = 70282
h2.t17.restarts = 14
h2.t17.nogoods_size = 62452
h2.t17.nodes = 80018
h2.t17.propagations = 80018
h2.search_time = 1897
h2.nodes = 2306662
h2.propagations = 6619400
h3.t6.restarts = 14
h3.t6.nogoods_size = 62845
h3.t6.nodes = 137397
h3.t6.propagations = 137397
h3.t8.restarts = 14
h3.t8.nogoods_size = 62845
h3.t8.nodes = 137118
h3.t8.propagations = 137118
h3.t16.restarts = 14
h3.t16.nogoods_size = 62845
h3.t16.nodes = 139021
h3.t16.propagations = 139021
h3.t1.restarts = 14
h3.t1.nogoods_size = 62845
h3.t1.nodes = 138514
h3.t1.propagations = 138514
h3.t2.restarts = 14
h3.t2.nogoods_size = 62845
h3.t2.nodes = 138170
h3.t2.propagations = 138170
h3.t14.restarts = 14
h3.t14.nogoods_size = 62845
h3.t14.nodes = 139452
h3.t14.propagations = 139452
h3.t5.restarts = 14
h3.t5.nogoods_size = 62845
h3.t5.nodes = 145074
h3.t5.propagations = 145074
h3.t4.restarts = 14
h3.t4.nogoods_size = 62845
h3.t4.nodes = 140159
h3.t4.propagations = 140159
h3.t9.restarts = 14
h3.t9.nogoods_size = 62845
h3.t9.nodes = 135215
h3.t9.propagations = 135215
h3.t7.restarts = 14
h3.t7.nogoods_size = 62845
h3.t7.nodes = 135161
h3.t7.propagations = 135161
h3.t12.restarts = 14
h3.t12.nogoods_size = 62845
h3.t12.nodes = 142034
h3.t12.propagations = 142034
h3.t15.restarts = 14
h3.t15.nogoods_size = 62845
h3.t15.nodes = 143847
h3.t15.propagations = 143847
h3.t17.restarts = 14
h3.t17.nogoods_size = 62845
h3.t17.nodes = 79869
h3.t17.propagations = 79869
h3.t10.restarts = 14
h3.t10.nogoods_size = 62845
h3.t10.nodes = 139227
h3.t10.propagations = 139227
h3.t0.restarts = 14
h3.t0.nogoods_size = 62845
h3.t0.nodes = 70279
h3.t0.propagations = 70279
h3.t11.restarts = 14
h3.t11.nogoods_size = 62845
h3.t11.nodes = 141424
h3.t11.propagations = 141424
h3.t3.restarts = 14
h3.t3.nogoods_size = 62845
h3.t3.nodes = 141281
h3.t3.propagations = 141281
h3.t13.restarts = 14
h3.t13.nogoods_size = 62845
h3.t13.nodes = 141626
h3.t13.propagations = 141626
h3.search_time = 1893
h3.nodes = 2384868
h3.propagations = 6818987
h4.t1.restarts = 14
h4.t1.nogoods_size = 62744
h4.t1.nodes = 149683
h4.t1.propagations = 149683
h4.t4.restarts = 14
h4.t4.nogoods_size = 62744
h4.t4.nodes = 145532
h4.t4.propagations = 145532
h4.t3.restarts = 14
h4.t3.nogoods_size = 62744
h4.t3.nodes = 145513
h4.t3.propagations = 145513
h4.t2.restarts = 14
h4.t2.nogoods_size = 62744
h4.t2.nodes = 143615
h4.t2.propagations = 143615
h4.t15.restarts = 14
h4.t15.nogoods_size = 62744
h4.t15.nodes = 138302
h4.t15.propagations = 138302
h4.t7.restarts = 14
h4.t7.nogoods_size = 62744
h4.t7.nodes = 147038
h4.t7.propagations = 147038
h4.t12.restarts = 14
h4.t12.nogoods_size = 62744
h4.t12.nodes = 150463
h4.t12.propagations = 150463
h4.t9.restarts = 14
h4.t9.nogoods_size = 62744
h4.t9.nodes = 149658
h4.t9.propagations = 149658
h4.t14.restarts = 14
h4.t14.nogoods_size = 62744
h4.t14.nodes = 146373
h4.t14.propagations = 146373
h4.t16.restarts = 14
h4.t16.nogoods_size = 62744
h4.t16.nodes = 148219
h4.t16.propagations = 148219
h4.t8.restarts = 14
h4.t8.nogoods_size = 62744
h4.t8.nodes = 143429
h4.t8.propagations = 143429
h4.t6.restarts = 14
h4.t6.nogoods_size = 62744
h4.t6.nodes = 146087
h4.t6.propagations = 146087
h4.t10.restarts = 14
h4.t10.nogoods_size = 62744
h4.t10.nodes = 144315
h4.t10.propagations = 144315
h4.t5.restarts = 14
h4.t5.nogoods_size = 62744
h4.t5.nodes = 143223
h4.t5.propagations = 143223
h4.t13.restarts = 14
h4.t13.nogoods_size = 62744
h4.t13.nodes = 142808
h4.t13.propagations = 142808
h4.t17.restarts = 14
h4.t17.nogoods_size = 62744
h4.t17.nodes = 81661
h4.t17.propagations = 81661
h4.t0.restarts = 14
h4.t0.nogoods_size = 62744
h4.t0.nodes = 70272
h4.t0.propagations = 70272
h4.t11.restarts = 14
h4.t11.nogoods_size = 62744
h4.t11.nodes = 146382
h4.t11.propagations = 146382
h4.search_time = 1897
h4.nodes = 2482573
h4.propagations = 7105459
h5.t3.restarts = 14
h5.t3.nogoods_size = 62612
h5.t3.nodes = 137273
h5.t3.propagations = 137273
h5.t15.restarts = 14
h5.t15.nogoods_size = 62612
h5.t15.nodes = 133963
h5.t15.propagations = 133963
h5.t8.restarts = 14
h5.t8.nogoods_size = 62612
h5.t8.nodes = 136601
h5.t8.propagations = 136601
h5.t16.restarts = 14
h5.t16.nogoods_size = 62612
h5.t16.nodes = 132444
h5.t16.propagations = 132444
h5.t14.restarts = 14
h5.t14.nogoods_size = 62612
h5.t14.nodes = 136046
h5.t14.propagations = 136046
h5.t5.restarts = 14
h5.t5.nogoods_size = 62612
h5.t5.nodes = 127600
h5.t5.propagations = 127600
h5.t13.restarts = 14
h5.t13.nogoods_size = 62612
h5.t13.nodes = 130311
h5.t13.propagations = 130311
h5.t2.restarts = 14
h5.t2.nogoods_size = 62612
h5.t2.nodes = 135930
h5.t2.propagations = 135930
h5.t7.restarts = 14
h5.t7.nogoods_size = 62612
h5.t7.nodes = 130936
h5.t7.propagations = 130936
h5.t4.restarts = 14
h5.t4.nogoods_size = 62612
h5.t4.nodes = 128801
h5.t4.propagations = 128801
h5.t9.restarts = 14
h5.t9.nogoods_size = 62612
h5.t9.nodes = 131766
h5.t9.propagations = 131766
h5.t10.restarts = 14
h5.t10.nogoods_size = 62612
h5.t10.nodes = 128882
h5.t10.propagations = 128882
h5.t6.restarts = 14
h5.t6.nogoods_size = 62612
h5.t6.nodes = 134427
h5.t6.propagations = 134427
h5.t17.restarts = 14
h5.t17.nogoods_size = 62612
h5.t17.nodes = 77519
h5.t17.propagations = 77519
h5.t0.restarts = 14
h5.t0.nogoods_size = 62612
h5.t0.nodes = 70276
h5.t0.propagations = 70276
h5.t11.restarts = 14
h5.t11.nogoods_size = 62612
h5.t11.nodes = 134775
h5.t11.propagations = 134775
h5.t12.restarts = 14
h5.t12.nogoods_size = 62612
h5.t12.nodes = 134719
h5.t12.propagations = 134719
h5.t1.restarts = 14
h5.t1.nogoods_size = 62612
h5.t1.nodes = 138497
h5.t1.propagations = 138497
h5.search_time = 1890
h5.nodes = 2280766
h5.propagations = 6531092
h6.t9.where = 0/380 -1/-1 9/75 -1/-1 11/19 -1/-1 2/15 -1/-1 0/4 -1/-1 1/2 -1/-1 0/3 -1/-1 -1/-1 -1/-1 -1/-1 -1/-1 -1/-1 -1/-1 -1/-1 -1/-1 -1/-1 -1/-1 -1/-1 -1/-1 -1/-1 -1/-1 -1/-1 -1/-1 -1/-1 -1/-1 -1/-1 -1/-1 -1/-1 -1/-1 -1/-1 -1/-1 -1/-1 -1/-1 -1/-1 -1/-1 -1/-1 -1/-1 -1/-1 -1/-1 -1/-1 -1/-1 -1/-1 -1/-1 -1/-1 -1/-1 -1/-1 -1/-1 -1/-1 -1/-1 -1/-1 -1/-1 -1/-1 -1/-1 -1/-1 -1/-1 -1/-1 -1/-1 -1/-1 -1/-1 -1/-1 -1/-1 -1/-1 -1/-1 -1/-1 -1/-1 -1/-1 -1/-1 -1/-1 -1/-1 -1/-1 -1/-1 -1/-1 -1/-1 -1/-1 -1/-1 -1/-1 -1/-1 -1/-1 -1/-1 -1/-1
h6.t9.stop_reason = satisfiable
h6.t9.restarts = 14
h6.t9.nogoods_size = 59231
h6.t9.nodes = 133108
h6.t9.propagations = 133108
h6.t13.stop_reason = aborted
h6.t13.restarts = 14
h6.t13.nogoods_size = 59231
h6.t13.nodes = 134662
h6.t13.propagations = 134662
h6.t12.stop_reason = aborted
h6.t12.restarts = 14
h6.t12.nogoods_size = 59231
h6.t12.nodes = 126506
h6.t12.propagations = 126506
h6.t3.stop_reason = aborted
h6.t3.restarts = 14
h6.t3.nogoods_size = 59231
h6.t3.nodes = 133002
h6.t3.propagations = 133002
h6.t14.stop_reason = aborted
h6.t14.restarts = 14
h6.t14.nogoods_size = 59231
h6.t14.nodes = 128430
h6.t14.propagations = 128430
h6.t7.stop_reason = aborted
h6.t7.restarts = 14
h6.t7.nogoods_size = 59231
h6.t7.nodes = 136480
h6.t7.propagations = 136480
h6.t16.stop_reason = aborted
h6.t16.restarts = 14
h6.t16.nogoods_size = 59231
h6.t16.nodes = 130385
h6.t16.propagations = 130385
h6.t5.stop_reason = aborted
h6.t5.restarts = 14
h6.t5.nogoods_size = 59231
h6.t5.nodes = 124299
h6.t5.propagations = 124299
h6.t10.stop_reason = aborted
h6.t10.restarts = 14
h6.t10.nogoods_size = 59231
h6.t10.nodes = 125573
h6.t10.propagations = 125573
h6.t2.stop_reason = aborted
h6.t2.restarts = 14
h6.t2.nogoods_size = 59231
h6.t2.nodes = 128486
h6.t2.propagations = 128486
h6.t6.stop_reason = aborted
h6.t6.restarts = 14
h6.t6.nogoods_size = 59231
h6.t6.nodes = 125677
h6.t6.propagations = 125677
h6.t11.stop_reason = aborted
h6.t11.restarts = 14
h6.t11.nogoods_size = 59231
h6.t11.nodes = 127992
h6.t11.propagations = 127992
h6.t8.stop_reason = aborted
h6.t8.restarts = 14
h6.t8.nogoods_size = 59231
h6.t8.nodes = 126447
h6.t8.propagations = 126447
h6.t17.stop_reason = aborted
h6.t17.restarts = 14
h6.t17.nogoods_size = 59231
h6.t17.nodes = 78740
h6.t17.propagations = 78740
h6.t1.stop_reason = aborted
h6.t1.restarts = 14
h6.t1.nogoods_size = 59231
h6.t1.nodes = 125424
h6.t1.propagations = 125424
h6.t4.stop_reason = aborted
h6.t4.restarts = 14
h6.t4.nogoods_size = 59231
h6.t4.nodes = 126674
h6.t4.propagations = 126674
h6.t15.stop_reason = aborted
h6.t15.restarts = 14
h6.t15.nogoods_size = 59231
h6.t15.nodes = 125644
h6.t15.propagations = 125644
h6.t0.stop_reason = aborted
h6.t0.restarts = 14
h6.t0.nogoods_size = 59231
h6.t0.nodes = 68641
h6.t0.propagations = 68641
h6.search_time = 1881
h6.nodes = 2206170
h6.propagations = 6315486
h7.t1.restarts = 14
h7.t1.nogoods_size = 62599
h7.t1.nodes = 134680
h7.t1.propagations = 134680
h7.t12.restarts = 14
h7.t12.nogoods_size = 62599
h7.t12.nodes = 132011
h7.t12.propagations = 132011
h7.t2.restarts = 14
h7.t2.nogoods_size = 62599
h7.t2.nodes = 137461
h7.t2.propagations = 137461
h7.t15.restarts = 14
h7.t15.nogoods_size = 62599
h7.t15.nodes = 133541
h7.t15.propagations = 133541
h7.t10.restarts = 14
h7.t10.nogoods_size = 62599
h7.t10.nodes = 131438
h7.t10.propagations = 131438
h7.t7.restarts = 14
h7.t7.nogoods_size = 62599
h7.t7.nodes = 130931
h7.t7.propagations = 130931
h7.t11.restarts = 14
h7.t11.nogoods_size = 62599
h7.t11.nodes = 133500
h7.t11.propagations = 133500
h7.t17.restarts = 14
h7.t17.nogoods_size = 62599
h7.t17.nodes = 78966
h7.t17.propagations = 78966
h7.t14.restarts = 14
h7.t14.nogoods_size = 62599
h7.t14.nodes = 136345
h7.t14.propagations = 136345
h7.t9.restarts = 14
h7.t9.nogoods_size = 62599
h7.t9.nodes = 139107
h7.t9.propagations = 139107
h7.t8.restarts = 14
h7.t8.nogoods_size = 62599
h7.t8.nodes = 128148
h7.t8.propagations = 128148
h7.t16.restarts = 14
h7.t16.nogoods_size = 62599
h7.t16.nodes = 135378
h7.t16.propagations = 135378
h7.t6.restarts = 14
h7.t6.nogoods_size = 62599
h7.t6.nodes = 134409
h7.t6.propagations = 134409
h7.t4.restarts = 14
h7.t4.nogoods_size = 62599
h7.t4.nodes = 139230
h7.t4.propagations = 139230
h7.t3.restarts = 14
h7.t3.nogoods_size = 62599
h7.t3.nodes = 135047
h7.t3.propagations = 135047
h7.t5.restarts = 14
h7.t5.nogoods_size = 62599
h7.t5.nodes = 133232
h7.t5.propagations = 133232
h7.t13.restarts = 14
h7.t13.nogoods_size = 62599
h7.t13.nodes = 134864
h7.t13.propagations = 134864
h7.t0.restarts = 14
h7.t0.nogoods_size = 62599
h7.t0.nodes = 70273
h7.t0.propagations = 70273
h7.search_time = 1890
h7.nodes = 2298561
h7.propagations = 6585164
h8.t17.restarts = 14
h8.t17.nogoods_size = 62625
h8.t17.nodes = 80076
h8.t17.propagations = 80076
h8.t0.restarts = 14
h8.t0.nogoods_size = 62625
h8.t0.nodes = 70270
h8.t0.propagations = 70270
h8.t1.restarts = 14
h8.t1.nogoods_size = 62625
h8.t1.nodes = 137649
h8.t1.propagations = 137649
h8.t11.restarts = 14
h8.t11.nogoods_size = 62625
h8.t11.nodes = 137067
h8.t11.propagations = 137067
h8.t13.restarts = 14
h8.t13.nogoods_size = 62625
h8.t13.nodes = 137648
h8.t13.propagations = 137648
h8.t9.restarts = 14
h8.t9.nogoods_size = 62625
h8.t9.nodes = 127311
h8.t9.propagations = 127311
h8.t16.restarts = 14
h8.t16.nogoods_size = 62625
h8.t16.nodes = 129511
h8.t16.propagations = 129511
h8.t12.restarts = 14
h8.t12.nogoods_size = 62625
h8.t12.nodes = 136352
h8.t12.propagations = 136352
h8.t3.restarts = 14
h8.t3.nogoods_size = 62625
h8.t3.nodes = 122752
h8.t3.propagations = 122752
h8.t7.restarts = 14
h8.t7.nogoods_size = 62625
h8.t7.nodes = 132167
h8.t7.propagations = 132167
h8.t8.restarts = 14
h8.t8.nogoods_size = 62625
h8.t8.nodes = 130714
h8.t8.propagations = 130714
h8.t5.restarts = 14
h8.t5.nogoods_size = 62625
h8.t5.nodes = 135214
h8.t5.propagations = 135214
h8.t2.restarts = 14
h8.t2.nogoods_size = 62625
h8.t2.nodes = 130370
h8.t2.propagations = 130370
h8.t6.restarts = 14
h8.t6.nogoods_size = 62625
h8.t6.nodes = 138965
h8.t6.propagations = 138965
h8.t10.restarts = 14
h8.t10.nogoods_size = 62625
h8.t10.nodes = 125921
h8.t10.propagations = 125921
h8.t4.restarts = 14
h8.t4.nogoods_size = 62625
h8.t4.nodes = 129495
h8.t4.propagations = 129495
h8.t14.restarts = 14
h8.t14.nogoods_size = 62625
h8.t14.nodes = 133395
h8.t14.propagations = 133395
h8.t15.restarts = 14
h8.t15.nogoods_size = 62625
h8.t15.nodes = 136394
h8.t15.propagations = 136394
h8.search_time = 1892
h8.nodes = 2271271
h8.propagations = 6506186
h9.t5.restarts = 14
h9.t5.nogoods_size = 62382
h9.t5.nodes = 130366
h9.t5.propagations = 130366
h9.t11.restarts = 14
h9.t11.nogoods_size = 62382
h9.t11.nodes = 126001
h9.t11.propagations = 126001
h9.t12.restarts = 14
h9.t12.nogoods_size = 62382
h9.t12.nodes = 130712
h9.t12.propagations = 130712
h9.t9.restarts = 14
h9.t9.nogoods_size = 62382
h9.t9.nodes = 131888
h9.t9.propagations = 131888
h9.t10.restarts = 14
h9.t10.nogoods_size = 62382
h9.t10.nodes = 134365
h9.t10.propagations = 134365
h9.t8.restarts = 14
h9.t8.nogoods_size = 62382
h9.t8.nodes = 125814
h9.t8.propagations = 125814
h9.t13.restarts = 14
h9.t13.nogoods_size = 62382
h9.t13.nodes = 132825
h9.t13.propagations = 132825
h9.t15.restarts = 14
h9.t15.nogoods_size = 62382
h9.t15.nodes = 128835
h9.t15.propagations = 128835
h9.t4.restarts = 14
h9.t4.nogoods_size = 62382
h9.t4.nodes = 132049
h9.t4.propagations = 132049
h9.t1.restarts = 14
h9.t1.nogoods_size = 62382
h9.t1.nodes = 132912
h9.t1.propagations = 132912
h9.t2.restarts = 14
h9.t2.nogoods_size = 62382
h9.t2.nodes = 132319
h9.t2.propagations = 132319
h9.t14.restarts = 14
h9.t14.nogoods_size = 62382
h9.t14.nodes = 131356
h9.t14.propagations = 131356
h9.t17.restarts = 14
h9.t17.nogoods_size = 62382
h9.t17.nodes = 79171
h9.t17.propagations = 79171
h9.t16.restarts = 14
h9.t16.nogoods_size = 62382
h9.t16.nodes = 142072
h9.t16.propagations = 142072
h9.t7.restarts = 14
h9.t7.nogoods_size = 62382
h9.t7.nodes = 139393
h9.t7.propagations = 139393
h9.t3.restarts = 14
h9.t3.nogoods_size = 62382
h9.t3.nodes = 130739
h9.t3.propagations = 130739
h9.t0.restarts = 14
h9.t0.nogoods_size = 62382
h9.t0.nodes = 70267
h9.t0.propagations = 70267
h9.t6.restarts = 14
h9.t6.nogoods_size = 62382
h9.t6.nodes = 134692
h9.t6.propagations = 134692
h9.search_time = 1892
h9.nodes = 2265776
h9.propagations = 6486991
