hostname = r1i0n12
commandline = ../glasgow/mpi_solve_subgraph_isomorphism --timeout 1000 --format lad --geometric-restarts=1.0 --restarts-constant=5400 --triggered-restarts --threads 18 ../instances/si/si6_rand_r01_600/si6_r01_m600.07/pattern ../instances/si/si6_rand_r01_600/si6_r01_m600.07/target
started_at = 2018-11-19 20:17:46
pattern_file = ../instances/si/si6_rand_r01_600/si6_r01_m600.07/pattern
target_file = ../instances/si/si6_rand_r01_600/si6_r01_m600.07/target
status = true
nodes = 1962807
propagations = 9350304
mapping = (0 -> 270) (1 -> 318) (2 -> 76) (3 -> 296) (4 -> 271) (5 -> 465) (6 -> 496) (7 -> 74) (8 -> 17) (9 -> 273) (10 -> 155) (11 -> 92) (12 -> 471) (13 -> 458) (14 -> 192) (15 -> 118) (16 -> 215) (17 -> 453) (18 -> 264) (19 -> 107) (20 -> 579) (21 -> 13) (22 -> 218) (23 -> 565) (24 -> 530) (25 -> 243) (26 -> 514) (27 -> 394) (28 -> 79) (29 -> 379) (30 -> 21) (31 -> 350) (32 -> 10) (33 -> 61) (34 -> 401) (35 -> 399) (36 -> 307) (37 -> 176) (38 -> 49) (39 -> 331) (40 -> 147) (41 -> 381) (42 -> 460) (43 -> 16) (44 -> 95) (45 -> 67) (46 -> 165) (47 -> 539) (48 -> 463) (49 -> 408) (50 -> 82) (51 -> 297) (52 -> 64) (53 -> 392) (54 -> 339) (55 -> 432) (56 -> 472) (57 -> 128) (58 -> 573) (59 -> 104) (60 -> 574) (61 -> 53) (62 -> 577) (63 -> 162) (64 -> 268) (65 -> 255) (66 -> 33) (67 -> 60) (68 -> 52) (69 -> 25) (70 -> 427) (71 -> 588) (72 -> 334) (73 -> 508) (74 -> 538) (75 -> 224) (76 -> 36) (77 -> 193) (78 -> 286) (79 -> 415) (80 -> 452) (81 -> 559) (82 -> 485) (83 -> 213) (84 -> 375) (85 -> 111) (86 -> 583) (87 -> 388) (88 -> 571) (89 -> 30) (90 -> 2) (91 -> 411) (92 -> 525) (93 -> 212) (94 -> 509) (95 -> 181) (96 -> 517) (97 -> 377) (98 -> 83) (99 -> 363) (100 -> 31) (101 -> 469) (102 -> 153) (103 -> 489) (104 -> 248) (105 -> 44) (106 -> 11) (107 -> 89) (108 -> 332) (109 -> 327) (110 -> 545) (111 -> 566) (112 -> 495) (113 -> 63) (114 -> 172) (115 -> 216) (116 -> 418) (117 -> 103) (118 -> 414) (119 -> 98) (120 -> 239) (121 -> 347) (122 -> 337) (123 -> 135) (124 -> 455) (125 -> 201) (126 -> 41) (127 -> 195) (128 -> 278) (129 -> 437) (130 -> 100) (131 -> 532) (132 -> 551) (133 -> 424) (134 -> 560) (135 -> 479) (136 -> 136) (137 -> 277) (138 -> 443) (139 -> 407) (140 -> 324) (141 -> 122) (142 -> 28) (143 -> 396) (144 -> 419) (145 -> 580) (146 -> 217) (147 -> 526) (148 -> 81) (149 -> 314) (150 -> 493) (151 -> 70) (152 -> 313) (153 -> 492) (154 -> 386) (155 -> 203) (156 -> 351) (157 -> 416) (158 -> 12) (159 -> 145) (160 -> 37) (161 -> 149) (162 -> 382) (163 -> 276) (164 -> 123) (165 -> 325) (166 -> 547) (167 -> 481) (168 -> 504) (169 -> 544) (170 -> 71) (171 -> 121) (172 -> 272) (173 -> 251) (174 -> 138) (175 -> 343) (176 -> 417) (177 -> 299) (178 -> 445) (179 -> 389) (180 -> 429) (181 -> 3) (182 -> 354) (183 -> 322) (184 -> 306) (185 -> 308) (186 -> 39) (187 -> 546) (188 -> 279) (189 -> 295) (190 -> 397) (191 -> 448) (192 -> 242) (193 -> 431) (194 -> 205) (195 -> 319) (196 -> 346) (197 -> 232) (198 -> 360) (199 -> 537) (200 -> 129) (201 -> 51) (202 -> 384) (203 -> 535) (204 -> 48) (205 -> 344) (206 -> 404) (207 -> 38) (208 -> 223) (209 -> 374) (210 -> 475) (211 -> 302) (212 -> 598) (213 -> 72) (214 -> 68) (215 -> 110) (216 -> 125) (217 -> 146) (218 -> 19) (219 -> 124) (220 -> 282) (221 -> 235) (222 -> 498) (223 -> 371) (224 -> 596) (225 -> 209) (226 -> 589) (227 -> 225) (228 -> 316) (229 -> 78) (230 -> 487) (231 -> 315) (232 -> 0) (233 -> 97) (234 -> 265) (235 -> 287) (236 -> 207) (237 -> 55) (238 -> 18) (239 -> 505) (240 -> 468) (241 -> 108) (242 -> 199) (243 -> 142) (244 -> 238) (245 -> 57) (246 -> 65) (247 -> 116) (248 -> 385) (249 -> 222) (250 -> 211) (251 -> 561) (252 -> 586) (253 -> 171) (254 -> 303) (255 -> 373) (256 -> 587) (257 -> 6) (258 -> 43) (259 -> 198) (260 -> 228) (261 -> 241) (262 -> 520) (263 -> 484) (264 -> 529) (265 -> 301) (266 -> 581) (267 -> 511) (268 -> 572) (269 -> 159) (270 -> 364) (271 -> 56) (272 -> 590) (273 -> 594) (274 -> 229) (275 -> 473) (276 -> 197) (277 -> 476) (278 -> 80) (279 -> 502) (280 -> 467) (281 -> 180) (282 -> 422) (283 -> 233) (284 -> 439) (285 -> 27) (286 -> 499) (287 -> 435) (288 -> 403) (289 -> 139) (290 -> 483) (291 -> 237) (292 -> 513) (293 -> 310) (294 -> 202) (295 -> 85) (296 -> 86) (297 -> 548) (298 -> 208) (299 -> 220) (300 -> 62) (301 -> 226) (302 -> 230) (303 -> 582) (304 -> 323) (305 -> 349) (306 -> 552) (307 -> 550) (308 -> 127) (309 -> 182) (310 -> 1) (311 -> 433) (312 -> 366) (313 -> 179) (314 -> 101) (315 -> 289) (316 -> 291) (317 -> 474) (318 -> 87) (319 -> 96) (320 -> 523) (321 -> 423) (322 -> 156) (323 -> 14) (324 -> 20) (325 -> 457) (326 -> 406) (327 -> 357) (328 -> 480) (329 -> 456) (330 -> 491) (331 -> 269) (332 -> 421) (333 -> 113) (334 -> 280) (335 -> 45) (336 -> 340) (337 -> 275) (338 -> 534) (339 -> 240) (340 -> 35) (341 -> 274) (342 -> 140) (343 -> 575) (344 -> 533) (345 -> 236) (346 -> 576) (347 -> 440) (348 -> 536) (349 -> 252) (350 -> 359) (351 -> 9) (352 -> 170) (353 -> 54) (354 -> 348) (355 -> 402) (356 -> 309) (357 -> 26) (358 -> 293) (359 -> 409) 
runtime = 2407
h0.t13.stop_reason = aborted
h0.t13.restarts = 3
h0.t13.nogoods_size = 21603
h0.t13.nodes = 11758
h0.t13.propagations = 11758
h0.t1.stop_reason = aborted
h0.t1.restarts = 3
h0.t1.nogoods_size = 21603
h0.t1.nodes = 11682
h0.t1.propagations = 11682
h0.t15.where = 1/591 -1/-1 16/133 -1/-1 1/22 -1/-1 0/3 -1/-1 -1/-1 -1/-1 -1/-1 -1/-1 -1/-1 -1/-1 -1/-1 -1/-1 -1/-1 -1/-1 -1/-1 -1/-1 -1/-1 -1/-1 -1/-1 -1/-1 -1/-1 -1/-1 -1/-1 -1/-1 -1/-1 -1/-1 -1/-1 -1/-1 -1/-1 -1/-1 -1/-1 -1/-1 -1/-1 -1/-1 -1/-1 -1/-1 -1/-1 -1/-1 -1/-1 -1/-1 -1/-1 -1/-1 -1/-1 -1/-1 -1/-1 -1/-1 -1/-1 -1/-1 -1/-1 -1/-1 -1/-1 -1/-1 -1/-1 -1/-1 -1/-1 -1/-1 -1/-1 -1/-1 -1/-1 -1/-1 -1/-1 -1/-1 -1/-1 -1/-1 -1/-1 -1/-1 -1/-1 -1/-1 -1/-1 -1/-1 -1/-1 -1/-1 -1/-1 -1/-1 -1/-1 -1/-1 -1/-1 -1/-1 -1/-1 -1/-1 -1/-1 -1/-1 -1/-1 -1/-1 -1/-1 -1/-1 -1/-1 -1/-1 -1/-1 -1/-1 -1/-1 -1/-1 -1/-1 -1/-1 -1/-1 -1/-1 -1/-1 -1/-1 -1/-1 -1/-1 -1/-1 -1/-1 -1/-1 -1/-1 -1/-1 -1/-1 -1/-1 -1/-1 -1/-1 -1/-1 -1/-1 -1/-1 -1/-1 -1/-1 -1/-1 -1/-1 -1/-1 -1/-1 -1/-1 -1/-1 -1/-1 -1/-1 -1/-1 -1/-1 -1/-1 -1/-1 -1/-1 -1/-1 -1/-1 -1/-1 -1/-1 -1/-1 -1/-1 -1/-1 -1/-1 -1/-1 -1/-1 -1/-1 -1/-1 -1/-1 -1/-1 -1/-1 -1/-1 -1/-1 -1/-1 -1/-1 -1/-1 -1/-1 -1/-1 -1/-1 -1/-1 -1/-1 -1/-1 -1/-1 -1/-1 -1/-1 -1/-1 -1/-1 -1/-1 -1/-1 -1/-1 -1/-1 -1/-1 -1/-1 -1/-1 -1/-1 -1/-1 -1/-1 -1/-1 -1/-1 -1/-1 -1/-1 -1/-1 -1/-1 -1/-1 -1/-1 -1/-1 -1/-1 -1/-1 -1/-1 -1/-1 -1/-1 -1/-1 -1/-1 -1/-1 -1/-1 -1/-1 -1/-1 -1/-1 -1/-1 -1/-1 -1/-1 -1/-1 -1/-1 -1/-1 -1/-1 -1/-1 -1/-1 -1/-1 -1/-1 -1/-1 -1/-1 -1/-1 -1/-1 -1/-1 -1/-1 -1/-1 -1/-1 -1/-1 -1/-1 -1/-1 -1/-1 -1/-1 -1/-1 -1/-1 -1/-1 -1/-1 -1/-1 -1/-1 -1/-1 -1/-1 -1/-1 -1/-1 -1/-1 -1/-1 -1/-1 -1/-1 -1/-1 -1/-1 -1/-1 -1/-1 -1/-1 -1/-1 -1/-1 -1/-1 -1/-1 -1/-1 -1/-1 -1/-1 -1/-1 -1/-1 -1/-1 -1/-1 -1/-1 -1/-1 -1/-1 -1/-1 -1/-1 -1/-1 -1/-1 -1/-1 -1/-1 -1/-1 -1/-1 -1/-1 -1/-1 -1/-1 -1/-1 -1/-1 -1/-1 -1/-1 -1/-1 -1/-1 -1/-1 -1/-1 -1/-1 -1/-1 -1/-1 -1/-1 -1/-1 -1/-1 -1/-1 -1/-1 -1/-1 -1/-1 -1/-1 -1/-1 -1/-1 -1/-1 -1/-1 -1/-1 -1/-1 -1/-1 -1/-1 -1/-1 -1/-1 -1/-1 -1/-1 -1/-1 -1/-1 -1/-1 -1/-1 -1/-1 -1/-1 -1/-1 -1/-1 -1/-1 -1/-1 -1/-1 -1/-1 -1/-1 -1/-1 -1/-1 -1/-1 -1/-1 -1/-1 -1/-1 -1/-1 -1/-1 -1/-1 -1/-1 -1/-1 -1/-1 -1/-1 -1/-1 -1/-1 -1/-1 -1/-1 -1/-1 -1/-1 -1/-1 -1/-1 -1/-1 -1/-1 -1/-1 -1/-1 -1/-1 -1/-1 -1/-1 -1/-1 -1/-1 -1/-1 -1/-1 -1/-1 -1/-1 -1/-1 -1/-1 -1/-1 -1/-1 -1/-1 -1/-1 -1/-1 -1/-1 -1/-1 -1/-1 -1/-1 -1/-1 -1/-1 -1/-1 -1/-1 -1/-1 -1/-1 -1/-1 -1/-1 -1/-1 -1/-1 -1/-1 -1/-1 -1/-1 -1/-1
h0.t15.stop_reason = satisfiable
h0.t15.restarts = 3
h0.t15.nogoods_size = 21603
h0.t15.nodes = 11697
h0.t15.propagations = 11697
h0.t6.stop_reason = aborted
h0.t6.restarts = 3
h0.t6.nogoods_size = 21603
h0.t6.nodes = 11761
h0.t6.propagations = 11761
h0.t3.stop_reason = aborted
h0.t3.restarts = 3
h0.t3.nogoods_size = 21603
h0.t3.nodes = 11869
h0.t3.propagations = 11869
h0.t16.stop_reason = aborted
h0.t16.restarts = 3
h0.t16.nogoods_size = 21603
h0.t16.nodes = 11808
h0.t16.propagations = 11808
h0.t7.stop_reason = aborted
h0.t7.restarts = 3
h0.t7.nogoods_size = 21603
h0.t7.nodes = 11567
h0.t7.propagations = 11567
h0.t11.stop_reason = aborted
h0.t11.restarts = 3
h0.t11.nogoods_size = 21603
h0.t11.nodes = 11432
h0.t11.propagations = 11432
h0.t0.stop_reason = aborted
h0.t0.restarts = 3
h0.t0.nogoods_size = 21603
h0.t0.nodes = 5987
h0.t0.propagations = 5987
h0.t5.stop_reason = aborted
h0.t5.restarts = 3
h0.t5.nogoods_size = 21603
h0.t5.nodes = 11670
h0.t5.propagations = 11670
h0.t8.stop_reason = aborted
h0.t8.restarts = 3
h0.t8.nogoods_size = 21603
h0.t8.nodes = 11658
h0.t8.propagations = 11658
h0.t4.stop_reason = aborted
h0.t4.restarts = 3
h0.t4.nogoods_size = 21603
h0.t4.nodes = 11788
h0.t4.propagations = 11788
h0.t12.stop_reason = aborted
h0.t12.restarts = 3
h0.t12.nogoods_size = 21603
h0.t12.nodes = 11592
h0.t12.propagations = 11592
h0.t9.stop_reason = aborted
h0.t9.restarts = 3
h0.t9.nogoods_size = 21603
h0.t9.nodes = 11603
h0.t9.propagations = 11603
h0.t14.stop_reason = aborted
h0.t14.restarts = 3
h0.t14.nogoods_size = 21603
h0.t14.nodes = 11526
h0.t14.propagations = 11526
h0.t17.stop_reason = aborted
h0.t17.restarts = 3
h0.t17.nogoods_size = 21603
h0.t17.nodes = 5972
h0.t17.propagations = 5972
h0.t2.stop_reason = aborted
h0.t2.restarts = 3
h0.t2.nogoods_size = 21603
h0.t2.nodes = 11704
h0.t2.propagations = 11704
h0.t10.stop_reason = aborted
h0.t10.restarts = 3
h0.t10.nogoods_size = 21603
h0.t10.nodes = 11781
h0.t10.propagations = 11781
h0.search_time = 1494
h0.nodes = 198855
h0.propagations = 950183
h1.t3.where = 0/591 -1/-1 13/133 -1/-1 2/22 -1/-1 0/3 -1/-1 -1/-1 -1/-1 -1/-1 -1/-1 -1/-1 -1/-1 -1/-1 -1/-1 -1/-1 -1/-1 -1/-1 -1/-1 -1/-1 -1/-1 -1/-1 -1/-1 -1/-1 -1/-1 -1/-1 -1/-1 -1/-1 -1/-1 -1/-1 -1/-1 -1/-1 -1/-1 -1/-1 -1/-1 -1/-1 -1/-1 -1/-1 -1/-1 -1/-1 -1/-1 -1/-1 -1/-1 -1/-1 -1/-1 -1/-1 -1/-1 -1/-1 -1/-1 -1/-1 -1/-1 -1/-1 -1/-1 -1/-1 -1/-1 -1/-1 -1/-1 -1/-1 -1/-1 -1/-1 -1/-1 -1/-1 -1/-1 -1/-1 -1/-1 -1/-1 -1/-1 -1/-1 -1/-1 -1/-1 -1/-1 -1/-1 -1/-1 -1/-1 -1/-1 -1/-1 -1/-1 -1/-1 -1/-1 -1/-1 -1/-1 -1/-1 -1/-1 -1/-1 -1/-1 -1/-1 -1/-1 -1/-1 -1/-1 -1/-1 -1/-1 -1/-1 -1/-1 -1/-1 -1/-1 -1/-1 -1/-1 -1/-1 -1/-1 -1/-1 -1/-1 -1/-1 -1/-1 -1/-1 -1/-1 -1/-1 -1/-1 -1/-1 -1/-1 -1/-1 -1/-1 -1/-1 -1/-1 -1/-1 -1/-1 -1/-1 -1/-1 -1/-1 -1/-1 -1/-1 -1/-1 -1/-1 -1/-1 -1/-1 -1/-1 -1/-1 -1/-1 -1/-1 -1/-1 -1/-1 -1/-1 -1/-1 -1/-1 -1/-1 -1/-1 -1/-1 -1/-1 -1/-1 -1/-1 -1/-1 -1/-1 -1/-1 -1/-1 -1/-1 -1/-1 -1/-1 -1/-1 -1/-1 -1/-1 -1/-1 -1/-1 -1/-1 -1/-1 -1/-1 -1/-1 -1/-1 -1/-1 -1/-1 -1/-1 -1/-1 -1/-1 -1/-1 -1/-1 -1/-1 -1/-1 -1/-1 -1/-1 -1/-1 -1/-1 -1/-1 -1/-1 -1/-1 -1/-1 -1/-1 -1/-1 -1/-1 -1/-1 -1/-1 -1/-1 -1/-1 -1/-1 -1/-1 -1/-1 -1/-1 -1/-1 -1/-1 -1/-1 -1/-1 -1/-1 -1/-1 -1/-1 -1/-1 -1/-1 -1/-1 -1/-1 -1/-1 -1/-1 -1/-1 -1/-1 -1/-1 -1/-1 -1/-1 -1/-1 -1/-1 -1/-1 -1/-1 -1/-1 -1/-1 -1/-1 -1/-1 -1/-1 -1/-1 -1/-1 -1/-1 -1/-1 -1/-1 -1/-1 -1/-1 -1/-1 -1/-1 -1/-1 -1/-1 -1/-1 -1/-1 -1/-1 -1/-1 -1/-1 -1/-1 -1/-1 -1/-1 -1/-1 -1/-1 -1/-1 -1/-1 -1/-1 -1/-1 -1/-1 -1/-1 -1/-1 -1/-1 -1/-1 -1/-1 -1/-1 -1/-1 -1/-1 -1/-1 -1/-1 -1/-1 -1/-1 -1/-1 -1/-1 -1/-1 -1/-1 -1/-1 -1/-1 -1/-1 -1/-1 -1/-1 -1/-1 -1/-1 -1/-1 -1/-1 -1/-1 -1/-1 -1/-1 -1/-1 -1/-1 -1/-1 -1/-1 -1/-1 -1/-1 -1/-1 -1/-1 -1/-1 -1/-1 -1/-1 -1/-1 -1/-1 -1/-1 -1/-1 -1/-1 -1/-1 -1/-1 -1/-1 -1/-1 -1/-1 -1/-1 -1/-1 -1/-1 -1/-1 -1/-1 -1/-1 -1/-1 -1/-1 -1/-1 -1/-1 -1/-1 -1/-1 -1/-1 -1/-1 -1/-1 -1/-1 -1/-1 -1/-1 -1/-1 -1/-1 -1/-1 -1/-1 -1/-1 -1/-1 -1/-1 -1/-1 -1/-1 -1/-1 -1/-1 -1/-1 -1/-1 -1/-1 -1/-1 -1/-1 -1/-1 -1/-1 -1/-1 -1/-1 -1/-1 -1/-1 -1/-1 -1/-1 -1/-1 -1/-1 -1/-1 -1/-1 -1/-1 -1/-1 -1/-1 -1/-1 -1/-1 -1/-1 -1/-1 -1/-1 -1/-1 -1/-1 -1/-1 -1/-1 -1/-1 -1/-1 -1/-1 -1/-1 -1/-1 -1/-1 -1/-1 -1/-1 -1/-1 -1/-1 -1/-1 -1/-1 -1/-1 -1/-1 -1/-1 -1/-1 -1/-1 -1/-1 -1/-1
h1.t3.stop_reason = satisfiable
h1.t3.restarts = 3
h1.t3.nogoods_size = 21758
h1.t3.nodes = 11136
h1.t3.propagations = 11136
h1.t10.stop_reason = aborted
h1.t10.restarts = 3
h1.t10.nogoods_size = 21758
h1.t10.nodes = 11312
h1.t10.propagations = 11312
h1.t6.stop_reason = aborted
h1.t6.restarts = 3
h1.t6.nogoods_size = 21758
h1.t6.nodes = 11296
h1.t6.propagations = 11296
h1.t12.stop_reason = aborted
h1.t12.restarts = 3
h1.t12.nogoods_size = 21758
h1.t12.nodes = 11216
h1.t12.propagations = 11216
h1.t5.stop_reason = aborted
h1.t5.restarts = 3
h1.t5.nogoods_size = 21758
h1.t5.nodes = 11034
h1.t5.propagations = 11034
h1.t1.stop_reason = aborted
h1.t1.restarts = 3
h1.t1.nogoods_size = 21758
h1.t1.nodes = 11032
h1.t1.propagations = 11032
h1.t8.stop_reason = aborted
h1.t8.restarts = 3
h1.t8.nogoods_size = 21758
h1.t8.nodes = 11089
h1.t8.propagations = 11089
h1.t13.stop_reason = aborted
h1.t13.restarts = 3
h1.t13.nogoods_size = 21758
h1.t13.nodes = 11105
h1.t13.propagations = 11105
h1.t4.stop_reason = aborted
h1.t4.restarts = 3
h1.t4.nogoods_size = 21758
h1.t4.nodes = 11197
h1.t4.propagations = 11197
h1.t15.stop_reason = aborted
h1.t15.restarts = 3
h1.t15.nogoods_size = 21758
h1.t15.nodes = 11201
h1.t15.propagations = 11201
h1.t2.stop_reason = aborted
h1.t2.restarts = 3
h1.t2.nogoods_size = 21758
h1.t2.nodes = 11190
h1.t2.propagations = 11190
h1.t9.stop_reason = aborted
h1.t9.restarts = 3
h1.t9.nogoods_size = 21758
h1.t9.nodes = 11331
h1.t9.propagations = 11331
h1.t16.stop_reason = aborted
h1.t16.restarts = 3
h1.t16.nogoods_size = 21758
h1.t16.nodes = 10950
h1.t16.propagations = 10950
h1.t14.stop_reason = aborted
h1.t14.restarts = 3
h1.t14.nogoods_size = 21758
h1.t14.nodes = 11203
h1.t14.propagations = 11203
h1.t17.stop_reason = aborted
h1.t17.restarts = 3
h1.t17.nogoods_size = 21758
h1.t17.nodes = 5755
h1.t17.propagations = 5755
h1.t11.stop_reason = aborted
h1.t11.restarts = 3
h1.t11.nogoods_size = 21758
h1.t11.nodes = 11240
h1.t11.propagations = 11240
h1.t7.stop_reason = aborted
h1.t7.restarts = 3
h1.t7.nogoods_size = 21758
h1.t7.nodes = 11236
h1.t7.propagations = 11236
h1.t0.stop_reason = aborted
h1.t0.restarts = 3
h1.t0.nogoods_size = 21758
h1.t0.nodes = 5756
h1.t0.propagations = 5756
h1.search_time = 1509
h1.nodes = 190279
h1.propagations = 905669
h2.t10.stop_reason = aborted
h2.t10.restarts = 3
h2.t10.nogoods_size = 21427
h2.t10.nodes = 10920
h2.t10.propagations = 10920
h2.t14.stop_reason = aborted
h2.t14.restarts = 3
h2.t14.nogoods_size = 21427
h2.t14.nodes = 10951
h2.t14.propagations = 10951
h2.t11.where = 0/591 -1/-1 13/133 -1/-1 1/22 -1/-1 0/3 -1/-1 -1/-1 -1/-1 -1/-1 -1/-1 -1/-1 -1/-1 -1/-1 -1/-1 -1/-1 -1/-1 -1/-1 -1/-1 -1/-1 -1/-1 -1/-1 -1/-1 -1/-1 -1/-1 -1/-1 -1/-1 -1/-1 -1/-1 -1/-1 -1/-1 -1/-1 -1/-1 -1/-1 -1/-1 -1/-1 -1/-1 -1/-1 -1/-1 -1/-1 -1/-1 -1/-1 -1/-1 -1/-1 -1/-1 -1/-1 -1/-1 -1/-1 -1/-1 -1/-1 -1/-1 -1/-1 -1/-1 -1/-1 -1/-1 -1/-1 -1/-1 -1/-1 -1/-1 -1/-1 -1/-1 -1/-1 -1/-1 -1/-1 -1/-1 -1/-1 -1/-1 -1/-1 -1/-1 -1/-1 -1/-1 -1/-1 -1/-1 -1/-1 -1/-1 -1/-1 -1/-1 -1/-1 -1/-1 -1/-1 -1/-1 -1/-1 -1/-1 -1/-1 -1/-1 -1/-1 -1/-1 -1/-1 -1/-1 -1/-1 -1/-1 -1/-1 -1/-1 -1/-1 -1/-1 -1/-1 -1/-1 -1/-1 -1/-1 -1/-1 -1/-1 -1/-1 -1/-1 -1/-1 -1/-1 -1/-1 -1/-1 -1/-1 -1/-1 -1/-1 -1/-1 -1/-1 -1/-1 -1/-1 -1/-1 -1/-1 -1/-1 -1/-1 -1/-1 -1/-1 -1/-1 -1/-1 -1/-1 -1/-1 -1/-1 -1/-1 -1/-1 -1/-1 -1/-1 -1/-1 -1/-1 -1/-1 -1/-1 -1/-1 -1/-1 -1/-1 -1/-1 -1/-1 -1/-1 -1/-1 -1/-1 -1/-1 -1/-1 -1/-1 -1/-1 -1/-1 -1/-1 -1/-1 -1/-1 -1/-1 -1/-1 -1/-1 -1/-1 -1/-1 -1/-1 -1/-1 -1/-1 -1/-1 -1/-1 -1/-1 -1/-1 -1/-1 -1/-1 -1/-1 -1/-1 -1/-1 -1/-1 -1/-1 -1/-1 -1/-1 -1/-1 -1/-1 -1/-1 -1/-1 -1/-1 -1/-1 -1/-1 -1/-1 -1/-1 -1/-1 -1/-1 -1/-1 -1/-1 -1/-1 -1/-1 -1/-1 -1/-1 -1/-1 -1/-1 -1/-1 -1/-1 -1/-1 -1/-1 -1/-1 -1/-1 -1/-1 -1/-1 -1/-1 -1/-1 -1/-1 -1/-1 -1/-1 -1/-1 -1/-1 -1/-1 -1/-1 -1/-1 -1/-1 -1/-1 -1/-1 -1/-1 -1/-1 -1/-1 -1/-1 -1/-1 -1/-1 -1/-1 -1/-1 -1/-1 -1/-1 -1/-1 -1/-1 -1/-1 -1/-1 -1/-1 -1/-1 -1/-1 -1/-1 -1/-1 -1/-1 -1/-1 -1/-1 -1/-1 -1/-1 -1/-1 -1/-1 -1/-1 -1/-1 -1/-1 -1/-1 -1/-1 -1/-1 -1/-1 -1/-1 -1/-1 -1/-1 -1/-1 -1/-1 -1/-1 -1/-1 -1/-1 -1/-1 -1/-1 -1/-1 -1/-1 -1/-1 -1/-1 -1/-1 -1/-1 -1/-1 -1/-1 -1/-1 -1/-1 -1/-1 -1/-1 -1/-1 -1/-1 -1/-1 -1/-1 -1/-1 -1/-1 -1/-1 -1/-1 -1/-1 -1/-1 -1/-1 -1/-1 -1/-1 -1/-1 -1/-1 -1/-1 -1/-1 -1/-1 -1/-1 -1/-1 -1/-1 -1/-1 -1/-1 -1/-1 -1/-1 -1/-1 -1/-1 -1/-1 -1/-1 -1/-1 -1/-1 -1/-1 -1/-1 -1/-1 -1/-1 -1/-1 -1/-1 -1/-1 -1/-1 -1/-1 -1/-1 -1/-1 -1/-1 -1/-1 -1/-1 -1/-1 -1/-1 -1/-1 -1/-1 -1/-1 -1/-1 -1/-1 -1/-1 -1/-1 -1/-1 -1/-1 -1/-1 -1/-1 -1/-1 -1/-1 -1/-1 -1/-1 -1/-1 -1/-1 -1/-1 -1/-1 -1/-1 -1/-1 -1/-1 -1/-1 -1/-1 -1/-1 -1/-1 -1/-1 -1/-1 -1/-1 -1/-1 -1/-1 -1/-1 -1/-1 -1/-1 -1/-1 -1/-1 -1/-1 -1/-1 -1/-1 -1/-1 -1/-1 -1/-1 -1/-1 -1/-1 -1/-1 -1/-1 -1/-1 -1/-1 -1/-1 -1/-1 -1/-1
h2.t11.stop_reason = satisfiable
h2.t11.restarts = 3
h2.t11.nogoods_size = 21427
h2.t11.nodes = 10869
h2.t11.propagations = 10869
h2.t2.stop_reason = aborted
h2.t2.restarts = 3
h2.t2.nogoods_size = 21427
h2.t2.nodes = 11047
h2.t2.propagations = 11047
h2.t4.stop_reason = aborted
h2.t4.restarts = 3
h2.t4.nogoods_size = 21427
h2.t4.nodes = 10890
h2.t4.propagations = 10890
h2.t12.stop_reason = aborted
h2.t12.restarts = 3
h2.t12.nogoods_size = 21427
h2.t12.nodes = 10742
h2.t12.propagations = 10742
h2.t7.stop_reason = aborted
h2.t7.restarts = 3
h2.t7.nogoods_size = 21427
h2.t7.nodes = 10917
h2.t7.propagations = 10917
h2.t16.stop_reason = aborted
h2.t16.restarts = 3
h2.t16.nogoods_size = 21427
h2.t16.nodes = 10920
h2.t16.propagations = 10920
h2.t6.stop_reason = aborted
h2.t6.restarts = 3
h2.t6.nogoods_size = 21427
h2.t6.nodes = 10999
h2.t6.propagations = 10999
h2.t9.stop_reason = aborted
h2.t9.restarts = 3
h2.t9.nogoods_size = 21427
h2.t9.nodes = 10968
h2.t9.propagations = 10968
h2.t15.stop_reason = aborted
h2.t15.restarts = 3
h2.t15.nogoods_size = 21427
h2.t15.nodes = 10774
h2.t15.propagations = 10774
h2.t5.stop_reason = aborted
h2.t5.restarts = 3
h2.t5.nogoods_size = 21427
h2.t5.nodes = 10804
h2.t5.propagations = 10804
h2.t13.stop_reason = aborted
h2.t13.restarts = 3
h2.t13.nogoods_size = 21427
h2.t13.nodes = 10921
h2.t13.propagations = 10921
h2.t3.stop_reason = aborted
h2.t3.restarts = 3
h2.t3.nogoods_size = 21427
h2.t3.nodes = 10803
h2.t3.propagations = 10803
h2.t8.stop_reason = aborted
h2.t8.restarts = 3
h2.t8.nogoods_size = 21427
h2.t8.nodes = 10923
h2.t8.propagations = 10923
h2.t17.stop_reason = aborted
h2.t17.restarts = 3
h2.t17.nogoods_size = 21427
h2.t17.nodes = 5736
h2.t17.propagations = 5736
h2.t0.stop_reason = aborted
h2.t0.restarts = 3
h2.t0.nogoods_size = 21427
h2.t0.nodes = 5710
h2.t0.propagations = 5710
h2.t1.stop_reason = aborted
h2.t1.restarts = 3
h2.t1.nogoods_size = 21427
h2.t1.nodes = 11054
h2.t1.propagations = 11054
h2.search_time = 1511
h2.nodes = 185948
h2.propagations = 887516
h3.t13.stop_reason = aborted
h3.t13.restarts = 3
h3.t13.nogoods_size = 21755
h3.t13.nodes = 10998
h3.t13.propagations = 10998
h3.t7.stop_reason = aborted
h3.t7.restarts = 3
h3.t7.nogoods_size = 21755
h3.t7.nodes = 11064
h3.t7.propagations = 11064
h3.t4.stop_reason = aborted
h3.t4.restarts = 3
h3.t4.nogoods_size = 21755
h3.t4.nodes = 11100
h3.t4.propagations = 11100
h3.t14.stop_reason = aborted
h3.t14.restarts = 3
h3.t14.nogoods_size = 21755
h3.t14.nodes = 11062
h3.t14.propagations = 11062
h3.t5.stop_reason = aborted
h3.t5.restarts = 3
h3.t5.nogoods_size = 21755
h3.t5.nodes = 11094
h3.t5.propagations = 11094
h3.t16.stop_reason = aborted
h3.t16.restarts = 3
h3.t16.nogoods_size = 21755
h3.t16.nodes = 10980
h3.t16.propagations = 10980
h3.t9.stop_reason = aborted
h3.t9.restarts = 3
h3.t9.nogoods_size = 21755
h3.t9.nodes = 11241
h3.t9.propagations = 11241
h3.t2.where = 0/591 -1/-1 10/133 -1/-1 1/22 -1/-1 0/3 -1/-1 -1/-1 -1/-1 -1/-1 -1/-1 -1/-1 -1/-1 -1/-1 -1/-1 -1/-1 -1/-1 -1/-1 -1/-1 -1/-1 -1/-1 -1/-1 -1/-1 -1/-1 -1/-1 -1/-1 -1/-1 -1/-1 -1/-1 -1/-1 -1/-1 -1/-1 -1/-1 -1/-1 -1/-1 -1/-1 -1/-1 -1/-1 -1/-1 -1/-1 -1/-1 -1/-1 -1/-1 -1/-1 -1/-1 -1/-1 -1/-1 -1/-1 -1/-1 -1/-1 -1/-1 -1/-1 -1/-1 -1/-1 -1/-1 -1/-1 -1/-1 -1/-1 -1/-1 -1/-1 -1/-1 -1/-1 -1/-1 -1/-1 -1/-1 -1/-1 -1/-1 -1/-1 -1/-1 -1/-1 -1/-1 -1/-1 -1/-1 -1/-1 -1/-1 -1/-1 -1/-1 -1/-1 -1/-1 -1/-1 -1/-1 -1/-1 -1/-1 -1/-1 -1/-1 -1/-1 -1/-1 -1/-1 -1/-1 -1/-1 -1/-1 -1/-1 -1/-1 -1/-1 -1/-1 -1/-1 -1/-1 -1/-1 -1/-1 -1/-1 -1/-1 -1/-1 -1/-1 -1/-1 -1/-1 -1/-1 -1/-1 -1/-1 -1/-1 -1/-1 -1/-1 -1/-1 -1/-1 -1/-1 -1/-1 -1/-1 -1/-1 -1/-1 -1/-1 -1/-1 -1/-1 -1/-1 -1/-1 -1/-1 -1/-1 -1/-1 -1/-1 -1/-1 -1/-1 -1/-1 -1/-1 -1/-1 -1/-1 -1/-1 -1/-1 -1/-1 -1/-1 -1/-1 -1/-1 -1/-1 -1/-1 -1/-1 -1/-1 -1/-1 -1/-1 -1/-1 -1/-1 -1/-1 -1/-1 -1/-1 -1/-1 -1/-1 -1/-1 -1/-1 -1/-1 -1/-1 -1/-1 -1/-1 -1/-1 -1/-1 -1/-1 -1/-1 -1/-1 -1/-1 -1/-1 -1/-1 -1/-1 -1/-1 -1/-1 -1/-1 -1/-1 -1/-1 -1/-1 -1/-1 -1/-1 -1/-1 -1/-1 -1/-1 -1/-1 -1/-1 -1/-1 -1/-1 -1/-1 -1/-1 -1/-1 -1/-1 -1/-1 -1/-1 -1/-1 -1/-1 -1/-1 -1/-1 -1/-1 -1/-1 -1/-1 -1/-1 -1/-1 -1/-1 -1/-1 -1/-1 -1/-1 -1/-1 -1/-1 -1/-1 -1/-1 -1/-1 -1/-1 -1/-1 -1/-1 -1/-1 -1/-1 -1/-1 -1/-1 -1/-1 -1/-1 -1/-1 -1/-1 -1/-1 -1/-1 -1/-1 -1/-1 -1/-1 -1/-1 -1/-1 -1/-1 -1/-1 -1/-1 -1/-1 -1/-1 -1/-1 -1/-1 -1/-1 -1/-1 -1/-1 -1/-1 -1/-1 -1/-1 -1/-1 -1/-1 -1/-1 -1/-1 -1/-1 -1/-1 -1/-1 -1/-1 -1/-1 -1/-1 -1/-1 -1/-1 -1/-1 -1/-1 -1/-1 -1/-1 -1/-1 -1/-1 -1/-1 -1/-1 -1/-1 -1/-1 -1/-1 -1/-1 -1/-1 -1/-1 -1/-1 -1/-1 -1/-1 -1/-1 -1/-1 -1/-1 -1/-1 -1/-1 -1/-1 -1/-1 -1/-1 -1/-1 -1/-1 -1/-1 -1/-1 -1/-1 -1/-1 -1/-1 -1/-1 -1/-1 -1/-1 -1/-1 -1/-1 -1/-1 -1/-1 -1/-1 -1/-1 -1/-1 -1/-1 -1/-1 -1/-1 -1/-1 -1/-1 -1/-1 -1/-1 -1/-1 -1/-1 -1/-1 -1/-1 -1/-1 -1/-1 -1/-1 -1/-1 -1/-1 -1/-1 -1/-1 -1/-1 -1/-1 -1/-1 -1/-1 -1/-1 -1/-1 -1/-1 -1/-1 -1/-1 -1/-1 -1/-1 -1/-1 -1/-1 -1/-1 -1/-1 -1/-1 -1/-1 -1/-1 -1/-1 -1/-1 -1/-1 -1/-1 -1/-1 -1/-1 -1/-1 -1/-1 -1/-1 -1/-1 -1/-1 -1/-1 -1/-1 -1/-1 -1/-1 -1/-1 -1/-1 -1/-1 -1/-1 -1/-1 -1/-1 -1/-1 -1/-1 -1/-1 -1/-1 -1/-1 -1/-1 -1/-1 -1/-1 -1/-1 -1/-1 -1/-1 -1/-1 -1/-1 -1/-1 -1/-1
h3.t2.stop_reason = satisfiable
h3.t2.restarts = 3
h3.t2.nogoods_size = 21755
h3.t2.nodes = 11046
h3.t2.propagations = 11046
h3.t11.stop_reason = aborted
h3.t11.restarts = 3
h3.t11.nogoods_size = 21755
h3.t11.nodes = 10956
h3.t11.propagations = 10956
h3.t8.stop_reason = aborted
h3.t8.restarts = 3
h3.t8.nogoods_size = 21755
h3.t8.nodes = 11017
h3.t8.propagations = 11017
h3.t17.stop_reason = aborted
h3.t17.restarts = 3
h3.t17.nogoods_size = 21755
h3.t17.nodes = 5617
h3.t17.propagations = 5617
h3.t15.stop_reason = aborted
h3.t15.restarts = 3
h3.t15.nogoods_size = 21755
h3.t15.nodes = 10897
h3.t15.propagations = 10897
h3.t3.stop_reason = aborted
h3.t3.restarts = 3
h3.t3.nogoods_size = 21755
h3.t3.nodes = 11120
h3.t3.propagations = 11120
h3.t1.stop_reason = aborted
h3.t1.restarts = 3
h3.t1.nogoods_size = 21755
h3.t1.nodes = 11057
h3.t1.propagations = 11057
h3.t10.stop_reason = aborted
h3.t10.restarts = 3
h3.t10.nogoods_size = 21755
h3.t10.nodes = 11052
h3.t10.propagations = 11052
h3.t12.stop_reason = aborted
h3.t12.restarts = 3
h3.t12.nogoods_size = 21755
h3.t12.nodes = 11132
h3.t12.propagations = 11132
h3.t0.stop_reason = aborted
h3.t0.restarts = 3
h3.t0.nogoods_size = 21755
h3.t0.nodes = 5711
h3.t0.propagations = 5711
h3.t6.stop_reason = aborted
h3.t6.restarts = 3
h3.t6.nogoods_size = 21755
h3.t6.nodes = 11053
h3.t6.propagations = 11053
h3.search_time = 1513
h3.nodes = 188197
h3.propagations = 896288
h4.t0.stop_reason = aborted
h4.t0.restarts = 3
h4.t0.nogoods_size = 21507
h4.t0.nodes = 6429
h4.t0.propagations = 6429
h4.t11.stop_reason = aborted
h4.t11.restarts = 3
h4.t11.nogoods_size = 21507
h4.t11.nodes = 12603
h4.t11.propagations = 12603
h4.t12.stop_reason = aborted
h4.t12.restarts = 3
h4.t12.nogoods_size = 21507
h4.t12.nodes = 12661
h4.t12.propagations = 12661
h4.t9.stop_reason = aborted
h4.t9.restarts = 3
h4.t9.nogoods_size = 21507
h4.t9.nodes = 12664
h4.t9.propagations = 12664
h4.t3.stop_reason = aborted
h4.t3.restarts = 3
h4.t3.nogoods_size = 21507
h4.t3.nodes = 12718
h4.t3.propagations = 12718
h4.t8.stop_reason = aborted
h4.t8.restarts = 3
h4.t8.nogoods_size = 21507
h4.t8.nodes = 12592
h4.t8.propagations = 12592
h4.t15.stop_reason = aborted
h4.t15.restarts = 3
h4.t15.nogoods_size = 21507
h4.t15.nodes = 12519
h4.t15.propagations = 12519
h4.t10.stop_reason = aborted
h4.t10.restarts = 3
h4.t10.nogoods_size = 21507
h4.t10.nodes = 12830
h4.t10.propagations = 12830
h4.t17.where = 1/591 -1/-1 14/133 -1/-1 2/22 -1/-1 0/3 -1/-1 -1/-1 -1/-1 -1/-1 -1/-1 -1/-1 -1/-1 -1/-1 -1/-1 -1/-1 -1/-1 -1/-1 -1/-1 -1/-1 -1/-1 -1/-1 -1/-1 -1/-1 -1/-1 -1/-1 -1/-1 -1/-1 -1/-1 -1/-1 -1/-1 -1/-1 -1/-1 -1/-1 -1/-1 -1/-1 -1/-1 -1/-1 -1/-1 -1/-1 -1/-1 -1/-1 -1/-1 -1/-1 -1/-1 -1/-1 -1/-1 -1/-1 -1/-1 -1/-1 -1/-1 -1/-1 -1/-1 -1/-1 -1/-1 -1/-1 -1/-1 -1/-1 -1/-1 -1/-1 -1/-1 -1/-1 -1/-1 -1/-1 -1/-1 -1/-1 -1/-1 -1/-1 -1/-1 -1/-1 -1/-1 -1/-1 -1/-1 -1/-1 -1/-1 -1/-1 -1/-1 -1/-1 -1/-1 -1/-1 -1/-1 -1/-1 -1/-1 -1/-1 -1/-1 -1/-1 -1/-1 -1/-1 -1/-1 -1/-1 -1/-1 -1/-1 -1/-1 -1/-1 -1/-1 -1/-1 -1/-1 -1/-1 -1/-1 -1/-1 -1/-1 -1/-1 -1/-1 -1/-1 -1/-1 -1/-1 -1/-1 -1/-1 -1/-1 -1/-1 -1/-1 -1/-1 -1/-1 -1/-1 -1/-1 -1/-1 -1/-1 -1/-1 -1/-1 -1/-1 -1/-1 -1/-1 -1/-1 -1/-1 -1/-1 -1/-1 -1/-1 -1/-1 -1/-1 -1/-1 -1/-1 -1/-1 -1/-1 -1/-1 -1/-1 -1/-1 -1/-1 -1/-1 -1/-1 -1/-1 -1/-1 -1/-1 -1/-1 -1/-1 -1/-1 -1/-1 -1/-1 -1/-1 -1/-1 -1/-1 -1/-1 -1/-1 -1/-1 -1/-1 -1/-1 -1/-1 -1/-1 -1/-1 -1/-1 -1/-1 -1/-1 -1/-1 -1/-1 -1/-1 -1/-1 -1/-1 -1/-1 -1/-1 -1/-1 -1/-1 -1/-1 -1/-1 -1/-1 -1/-1 -1/-1 -1/-1 -1/-1 -1/-1 -1/-1 -1/-1 -1/-1 -1/-1 -1/-1 -1/-1 -1/-1 -1/-1 -1/-1 -1/-1 -1/-1 -1/-1 -1/-1 -1/-1 -1/-1 -1/-1 -1/-1 -1/-1 -1/-1 -1/-1 -1/-1 -1/-1 -1/-1 -1/-1 -1/-1 -1/-1 -1/-1 -1/-1 -1/-1 -1/-1 -1/-1 -1/-1 -1/-1 -1/-1 -1/-1 -1/-1 -1/-1 -1/-1 -1/-1 -1/-1 -1/-1 -1/-1 -1/-1 -1/-1 -1/-1 -1/-1 -1/-1 -1/-1 -1/-1 -1/-1 -1/-1 -1/-1 -1/-1 -1/-1 -1/-1 -1/-1 -1/-1 -1/-1 -1/-1 -1/-1 -1/-1 -1/-1 -1/-1 -1/-1 -1/-1 -1/-1 -1/-1 -1/-1 -1/-1 -1/-1 -1/-1 -1/-1 -1/-1 -1/-1 -1/-1 -1/-1 -1/-1 -1/-1 -1/-1 -1/-1 -1/-1 -1/-1 -1/-1 -1/-1 -1/-1 -1/-1 -1/-1 -1/-1 -1/-1 -1/-1 -1/-1 -1/-1 -1/-1 -1/-1 -1/-1 -1/-1 -1/-1 -1/-1 -1/-1 -1/-1 -1/-1 -1/-1 -1/-1 -1/-1 -1/-1 -1/-1 -1/-1 -1/-1 -1/-1 -1/-1 -1/-1 -1/-1 -1/-1 -1/-1 -1/-1 -1/-1 -1/-1 -1/-1 -1/-1 -1/-1 -1/-1 -1/-1 -1/-1 -1/-1 -1/-1 -1/-1 -1/-1 -1/-1 -1/-1 -1/-1 -1/-1 -1/-1 -1/-1 -1/-1 -1/-1 -1/-1 -1/-1 -1/-1 -1/-1 -1/-1 -1/-1 -1/-1 -1/-1 -1/-1 -1/-1 -1/-1 -1/-1 -1/-1 -1/-1 -1/-1 -1/-1 -1/-1 -1/-1 -1/-1 -1/-1 -1/-1 -1/-1 -1/-1 -1/-1 -1/-1 -1/-1 -1/-1 -1/-1 -1/-1 -1/-1 -1/-1 -1/-1 -1/-1 -1/-1 -1/-1 -1/-1 -1/-1 -1/-1 -1/-1 -1/-1 -1/-1 -1/-1 -1/-1 -1/-1 -1/-1 -1/-1 -1/-1 -1/-1 -1/-1 -1/-1
h4.t17.stop_reason = satisfiable
h4.t17.restarts = 3
h4.t17.nogoods_size = 21507
h4.t17.nodes = 6565
h4.t17.propagations = 6565
h4.t4.stop_reason = aborted
h4.t4.restarts = 3
h4.t4.nogoods_size = 21507
h4.t4.nodes = 12738
h4.t4.propagations = 12738
h4.t5.stop_reason = aborted
h4.t5.restarts = 3
h4.t5.nogoods_size = 21507
h4.t5.nodes = 12667
h4.t5.propagations = 12667
h4.t13.stop_reason = aborted
h4.t13.restarts = 3
h4.t13.nogoods_size = 21507
h4.t13.nodes = 12748
h4.t13.propagations = 12748
h4.t16.stop_reason = aborted
h4.t16.restarts = 3
h4.t16.nogoods_size = 21507
h4.t16.nodes = 12598
h4.t16.propagations = 12598
h4.t7.stop_reason = aborted
h4.t7.restarts = 3
h4.t7.nogoods_size = 21507
h4.t7.nodes = 12865
h4.t7.propagations = 12865
h4.t6.stop_reason = aborted
h4.t6.restarts = 3
h4.t6.nogoods_size = 21507
h4.t6.nodes = 12922
h4.t6.propagations = 12922
h4.t14.stop_reason = aborted
h4.t14.restarts = 3
h4.t14.nogoods_size = 21507
h4.t14.nodes = 12770
h4.t14.propagations = 12770
h4.t2.stop_reason = aborted
h4.t2.restarts = 3
h4.t2.nogoods_size = 21507
h4.t2.nodes = 12785
h4.t2.propagations = 12785
h4.t1.stop_reason = aborted
h4.t1.restarts = 3
h4.t1.nogoods_size = 21507
h4.t1.nodes = 12948
h4.t1.propagations = 12948
h4.search_time = 1511
h4.nodes = 216622
h4.propagations = 1035717
h5.t7.where = 2/591 -1/-1 11/133 -1/-1 1/22 -1/-1 0/3 -1/-1 -1/-1 -1/-1 -1/-1 -1/-1 -1/-1 -1/-1 -1/-1 -1/-1 -1/-1 -1/-1 -1/-1 -1/-1 -1/-1 -1/-1 -1/-1 -1/-1 -1/-1 -1/-1 -1/-1 -1/-1 -1/-1 -1/-1 -1/-1 -1/-1 -1/-1 -1/-1 -1/-1 -1/-1 -1/-1 -1/-1 -1/-1 -1/-1 -1/-1 -1/-1 -1/-1 -1/-1 -1/-1 -1/-1 -1/-1 -1/-1 -1/-1 -1/-1 -1/-1 -1/-1 -1/-1 -1/-1 -1/-1 -1/-1 -1/-1 -1/-1 -1/-1 -1/-1 -1/-1 -1/-1 -1/-1 -1/-1 -1/-1 -1/-1 -1/-1 -1/-1 -1/-1 -1/-1 -1/-1 -1/-1 -1/-1 -1/-1 -1/-1 -1/-1 -1/-1 -1/-1 -1/-1 -1/-1 -1/-1 -1/-1 -1/-1 -1/-1 -1/-1 -1/-1 -1/-1 -1/-1 -1/-1 -1/-1 -1/-1 -1/-1 -1/-1 -1/-1 -1/-1 -1/-1 -1/-1 -1/-1 -1/-1 -1/-1 -1/-1 -1/-1 -1/-1 -1/-1 -1/-1 -1/-1 -1/-1 -1/-1 -1/-1 -1/-1 -1/-1 -1/-1 -1/-1 -1/-1 -1/-1 -1/-1 -1/-1 -1/-1 -1/-1 -1/-1 -1/-1 -1/-1 -1/-1 -1/-1 -1/-1 -1/-1 -1/-1 -1/-1 -1/-1 -1/-1 -1/-1 -1/-1 -1/-1 -1/-1 -1/-1 -1/-1 -1/-1 -1/-1 -1/-1 -1/-1 -1/-1 -1/-1 -1/-1 -1/-1 -1/-1 -1/-1 -1/-1 -1/-1 -1/-1 -1/-1 -1/-1 -1/-1 -1/-1 -1/-1 -1/-1 -1/-1 -1/-1 -1/-1 -1/-1 -1/-1 -1/-1 -1/-1 -1/-1 -1/-1 -1/-1 -1/-1 -1/-1 -1/-1 -1/-1 -1/-1 -1/-1 -1/-1 -1/-1 -1/-1 -1/-1 -1/-1 -1/-1 -1/-1 -1/-1 -1/-1 -1/-1 -1/-1 -1/-1 -1/-1 -1/-1 -1/-1 -1/-1 -1/-1 -1/-1 -1/-1 -1/-1 -1/-1 -1/-1 -1/-1 -1/-1 -1/-1 -1/-1 -1/-1 -1/-1 -1/-1 -1/-1 -1/-1 -1/-1 -1/-1 -1/-1 -1/-1 -1/-1 -1/-1 -1/-1 -1/-1 -1/-1 -1/-1 -1/-1 -1/-1 -1/-1 -1/-1 -1/-1 -1/-1 -1/-1 -1/-1 -1/-1 -1/-1 -1/-1 -1/-1 -1/-1 -1/-1 -1/-1 -1/-1 -1/-1 -1/-1 -1/-1 -1/-1 -1/-1 -1/-1 -1/-1 -1/-1 -1/-1 -1/-1 -1/-1 -1/-1 -1/-1 -1/-1 -1/-1 -1/-1 -1/-1 -1/-1 -1/-1 -1/-1 -1/-1 -1/-1 -1/-1 -1/-1 -1/-1 -1/-1 -1/-1 -1/-1 -1/-1 -1/-1 -1/-1 -1/-1 -1/-1 -1/-1 -1/-1 -1/-1 -1/-1 -1/-1 -1/-1 -1/-1 -1/-1 -1/-1 -1/-1 -1/-1 -1/-1 -1/-1 -1/-1 -1/-1 -1/-1 -1/-1 -1/-1 -1/-1 -1/-1 -1/-1 -1/-1 -1/-1 -1/-1 -1/-1 -1/-1 -1/-1 -1/-1 -1/-1 -1/-1 -1/-1 -1/-1 -1/-1 -1/-1 -1/-1 -1/-1 -1/-1 -1/-1 -1/-1 -1/-1 -1/-1 -1/-1 -1/-1 -1/-1 -1/-1 -1/-1 -1/-1 -1/-1 -1/-1 -1/-1 -1/-1 -1/-1 -1/-1 -1/-1 -1/-1 -1/-1 -1/-1 -1/-1 -1/-1 -1/-1 -1/-1 -1/-1 -1/-1 -1/-1 -1/-1 -1/-1 -1/-1 -1/-1 -1/-1 -1/-1 -1/-1 -1/-1 -1/-1 -1/-1 -1/-1 -1/-1 -1/-1 -1/-1 -1/-1 -1/-1 -1/-1 -1/-1 -1/-1 -1/-1 -1/-1 -1/-1 -1/-1 -1/-1 -1/-1 -1/-1 -1/-1 -1/-1 -1/-1 -1/-1 -1/-1 -1/-1 -1/-1 -1/-1 -1/-1 -1/-1 -1/-1 -1/-1 -1/-1
h5.t7.stop_reason = satisfiable
h5.t7.restarts = 3
h5.t7.nogoods_size = 21751
h5.t7.nodes = 11401
h5.t7.propagations = 11401
h5.t15.stop_reason = aborted
h5.t15.restarts = 3
h5.t15.nogoods_size = 21751
h5.t15.nodes = 11676
h5.t15.propagations = 11676
h5.t8.stop_reason = aborted
h5.t8.restarts = 3
h5.t8.nogoods_size = 21751
h5.t8.nodes = 11545
h5.t8.propagations = 11545
h5.t10.stop_reason = aborted
h5.t10.restarts = 3
h5.t10.nogoods_size = 21751
h5.t10.nodes = 11658
h5.t10.propagations = 11658
h5.t13.stop_reason = aborted
h5.t13.restarts = 3
h5.t13.nogoods_size = 21751
h5.t13.nodes = 11454
h5.t13.propagations = 11454
h5.t14.stop_reason = aborted
h5.t14.restarts = 3
h5.t14.nogoods_size = 21751
h5.t14.nodes = 11256
h5.t14.propagations = 11256
h5.t4.stop_reason = aborted
h5.t4.restarts = 3
h5.t4.nogoods_size = 21751
h5.t4.nodes = 11507
h5.t4.propagations = 11507
h5.t6.stop_reason = aborted
h5.t6.restarts = 3
h5.t6.nogoods_size = 21751
h5.t6.nodes = 11487
h5.t6.propagations = 11487
h5.t3.stop_reason = aborted
h5.t3.restarts = 3
h5.t3.nogoods_size = 21751
h5.t3.nodes = 11627
h5.t3.propagations = 11627
h5.t2.stop_reason = aborted
h5.t2.restarts = 3
h5.t2.nogoods_size = 21751
h5.t2.nodes = 11321
h5.t2.propagations = 11321
h5.t5.stop_reason = aborted
h5.t5.restarts = 3
h5.t5.nogoods_size = 21751
h5.t5.nodes = 11454
h5.t5.propagations = 11454
h5.t11.stop_reason = aborted
h5.t11.restarts = 3
h5.t11.nogoods_size = 21751
h5.t11.nodes = 11452
h5.t11.propagations = 11452
h5.t9.stop_reason = aborted
h5.t9.restarts = 3
h5.t9.nogoods_size = 21751
h5.t9.nodes = 11452
h5.t9.propagations = 11452
h5.t12.stop_reason = aborted
h5.t12.restarts = 3
h5.t12.nogoods_size = 21751
h5.t12.nodes = 11271
h5.t12.propagations = 11271
h5.t17.stop_reason = aborted
h5.t17.restarts = 3
h5.t17.nogoods_size = 21751
h5.t17.nodes = 6070
h5.t17.propagations = 6070
h5.t16.stop_reason = aborted
h5.t16.restarts = 3
h5.t16.nogoods_size = 21751
h5.t16.nodes = 11446
h5.t16.propagations = 11446
h5.t1.stop_reason = aborted
h5.t1.restarts = 3
h5.t1.nogoods_size = 21751
h5.t1.nodes = 11511
h5.t1.propagations = 11511
h5.t0.stop_reason = aborted
h5.t0.restarts = 3
h5.t0.nogoods_size = 21751
h5.t0.nodes = 5988
h5.t0.propagations = 5988
h5.search_time = 1512
h5.nodes = 195576
h5.propagations = 929623
h6.t17.stop_reason = aborted
h6.t17.restarts = 3
h6.t17.nogoods_size = 21546
h6.t17.nodes = 6227
h6.t17.propagations = 6227
h6.t0.stop_reason = aborted
h6.t0.restarts = 3
h6.t0.nogoods_size = 21546
h6.t0.nodes = 5983
h6.t0.propagations = 5983
h6.t12.where = 1/591 -1/-1 15/133 -1/-1 0/22 -1/-1 0/3 -1/-1 -1/-1 -1/-1 -1/-1 -1/-1 -1/-1 -1/-1 -1/-1 -1/-1 -1/-1 -1/-1 -1/-1 -1/-1 -1/-1 -1/-1 -1/-1 -1/-1 -1/-1 -1/-1 -1/-1 -1/-1 -1/-1 -1/-1 -1/-1 -1/-1 -1/-1 -1/-1 -1/-1 -1/-1 -1/-1 -1/-1 -1/-1 -1/-1 -1/-1 -1/-1 -1/-1 -1/-1 -1/-1 -1/-1 -1/-1 -1/-1 -1/-1 -1/-1 -1/-1 -1/-1 -1/-1 -1/-1 -1/-1 -1/-1 -1/-1 -1/-1 -1/-1 -1/-1 -1/-1 -1/-1 -1/-1 -1/-1 -1/-1 -1/-1 -1/-1 -1/-1 -1/-1 -1/-1 -1/-1 -1/-1 -1/-1 -1/-1 -1/-1 -1/-1 -1/-1 -1/-1 -1/-1 -1/-1 -1/-1 -1/-1 -1/-1 -1/-1 -1/-1 -1/-1 -1/-1 -1/-1 -1/-1 -1/-1 -1/-1 -1/-1 -1/-1 -1/-1 -1/-1 -1/-1 -1/-1 -1/-1 -1/-1 -1/-1 -1/-1 -1/-1 -1/-1 -1/-1 -1/-1 -1/-1 -1/-1 -1/-1 -1/-1 -1/-1 -1/-1 -1/-1 -1/-1 -1/-1 -1/-1 -1/-1 -1/-1 -1/-1 -1/-1 -1/-1 -1/-1 -1/-1 -1/-1 -1/-1 -1/-1 -1/-1 -1/-1 -1/-1 -1/-1 -1/-1 -1/-1 -1/-1 -1/-1 -1/-1 -1/-1 -1/-1 -1/-1 -1/-1 -1/-1 -1/-1 -1/-1 -1/-1 -1/-1 -1/-1 -1/-1 -1/-1 -1/-1 -1/-1 -1/-1 -1/-1 -1/-1 -1/-1 -1/-1 -1/-1 -1/-1 -1/-1 -1/-1 -1/-1 -1/-1 -1/-1 -1/-1 -1/-1 -1/-1 -1/-1 -1/-1 -1/-1 -1/-1 -1/-1 -1/-1 -1/-1 -1/-1 -1/-1 -1/-1 -1/-1 -1/-1 -1/-1 -1/-1 -1/-1 -1/-1 -1/-1 -1/-1 -1/-1 -1/-1 -1/-1 -1/-1 -1/-1 -1/-1 -1/-1 -1/-1 -1/-1 -1/-1 -1/-1 -1/-1 -1/-1 -1/-1 -1/-1 -1/-1 -1/-1 -1/-1 -1/-1 -1/-1 -1/-1 -1/-1 -1/-1 -1/-1 -1/-1 -1/-1 -1/-1 -1/-1 -1/-1 -1/-1 -1/-1 -1/-1 -1/-1 -1/-1 -1/-1 -1/-1 -1/-1 -1/-1 -1/-1 -1/-1 -1/-1 -1/-1 -1/-1 -1/-1 -1/-1 -1/-1 -1/-1 -1/-1 -1/-1 -1/-1 -1/-1 -1/-1 -1/-1 -1/-1 -1/-1 -1/-1 -1/-1 -1/-1 -1/-1 -1/-1 -1/-1 -1/-1 -1/-1 -1/-1 -1/-1 -1/-1 -1/-1 -1/-1 -1/-1 -1/-1 -1/-1 -1/-1 -1/-1 -1/-1 -1/-1 -1/-1 -1/-1 -1/-1 -1/-1 -1/-1 -1/-1 -1/-1 -1/-1 -1/-1 -1/-1 -1/-1 -1/-1 -1/-1 -1/-1 -1/-1 -1/-1 -1/-1 -1/-1 -1/-1 -1/-1 -1/-1 -1/-1 -1/-1 -1/-1 -1/-1 -1/-1 -1/-1 -1/-1 -1/-1 -1/-1 -1/-1 -1/-1 -1/-1 -1/-1 -1/-1 -1/-1 -1/-1 -1/-1 -1/-1 -1/-1 -1/-1 -1/-1 -1/-1 -1/-1 -1/-1 -1/-1 -1/-1 -1/-1 -1/-1 -1/-1 -1/-1 -1/-1 -1/-1 -1/-1 -1/-1 -1/-1 -1/-1 -1/-1 -1/-1 -1/-1 -1/-1 -1/-1 -1/-1 -1/-1 -1/-1 -1/-1 -1/-1 -1/-1 -1/-1 -1/-1 -1/-1 -1/-1 -1/-1 -1/-1 -1/-1 -1/-1 -1/-1 -1/-1 -1/-1 -1/-1 -1/-1 -1/-1 -1/-1 -1/-1 -1/-1 -1/-1 -1/-1 -1/-1 -1/-1 -1/-1 -1/-1 -1/-1 -1/-1 -1/-1 -1/-1 -1/-1 -1/-1 -1/-1 -1/-1 -1/-1 -1/-1 -1/-1 -1/-1 -1/-1 -1/-1 -1/-1 -1/-1 -1/-1
h6.t12.stop_reason = satisfiable
h6.t12.restarts = 3
h6.t12.nogoods_size = 21546
h6.t12.nodes = 11714
h6.t12.propagations = 11714
h6.t14.stop_reason = aborted
h6.t14.restarts = 3
h6.t14.nogoods_size = 21546
h6.t14.nodes = 11670
h6.t14.propagations = 11670
h6.t4.stop_reason = aborted
h6.t4.restarts = 3
h6.t4.nogoods_size = 21546
h6.t4.nodes = 11521
h6.t4.propagations = 11521
h6.t7.stop_reason = aborted
h6.t7.restarts = 3
h6.t7.nogoods_size = 21546
h6.t7.nodes = 11775
h6.t7.propagations = 11775
h6.t13.stop_reason = aborted
h6.t13.restarts = 3
h6.t13.nogoods_size = 21546
h6.t13.nodes = 11886
h6.t13.propagations = 11886
h6.t2.stop_reason = aborted
h6.t2.restarts = 3
h6.t2.nogoods_size = 21546
h6.t2.nodes = 11768
h6.t2.propagations = 11768
h6.t8.stop_reason = aborted
h6.t8.restarts = 3
h6.t8.nogoods_size = 21546
h6.t8.nodes = 11727
h6.t8.propagations = 11727
h6.t11.stop_reason = aborted
h6.t11.restarts = 3
h6.t11.nogoods_size = 21546
h6.t11.nodes = 11652
h6.t11.propagations = 11652
h6.t1.stop_reason = aborted
h6.t1.restarts = 3
h6.t1.nogoods_size = 21546
h6.t1.nodes = 11787
h6.t1.propagations = 11787
h6.t6.stop_reason = aborted
h6.t6.restarts = 3
h6.t6.nogoods_size = 21546
h6.t6.nodes = 11699
h6.t6.propagations = 11699
h6.t16.stop_reason = aborted
h6.t16.restarts = 3
h6.t16.nogoods_size = 21546
h6.t16.nodes = 11501
h6.t16.propagations = 11501
h6.t5.stop_reason = aborted
h6.t5.restarts = 3
h6.t5.nogoods_size = 21546
h6.t5.nodes = 11690
h6.t5.propagations = 11690
h6.t10.stop_reason = aborted
h6.t10.restarts = 3
h6.t10.nogoods_size = 21546
h6.t10.nodes = 11780
h6.t10.propagations = 11780
h6.t15.stop_reason = aborted
h6.t15.restarts = 3
h6.t15.nogoods_size = 21546
h6.t15.nodes = 11772
h6.t15.propagations = 11772
h6.t9.stop_reason = aborted
h6.t9.restarts = 3
h6.t9.nogoods_size = 21546
h6.t9.nodes = 11792
h6.t9.propagations = 11792
h6.t3.stop_reason = aborted
h6.t3.restarts = 3
h6.t3.nogoods_size = 21546
h6.t3.nodes = 11612
h6.t3.propagations = 11612
h6.search_time = 1512
h6.nodes = 199556
h6.propagations = 950167
h7.t8.where = 0/591 -1/-1 12/133 -1/-1 2/22 -1/-1 0/3 -1/-1 -1/-1 -1/-1 -1/-1 -1/-1 -1/-1 -1/-1 -1/-1 -1/-1 -1/-1 -1/-1 -1/-1 -1/-1 -1/-1 -1/-1 -1/-1 -1/-1 -1/-1 -1/-1 -1/-1 -1/-1 -1/-1 -1/-1 -1/-1 -1/-1 -1/-1 -1/-1 -1/-1 -1/-1 -1/-1 -1/-1 -1/-1 -1/-1 -1/-1 -1/-1 -1/-1 -1/-1 -1/-1 -1/-1 -1/-1 -1/-1 -1/-1 -1/-1 -1/-1 -1/-1 -1/-1 -1/-1 -1/-1 -1/-1 -1/-1 -1/-1 -1/-1 -1/-1 -1/-1 -1/-1 -1/-1 -1/-1 -1/-1 -1/-1 -1/-1 -1/-1 -1/-1 -1/-1 -1/-1 -1/-1 -1/-1 -1/-1 -1/-1 -1/-1 -1/-1 -1/-1 -1/-1 -1/-1 -1/-1 -1/-1 -1/-1 -1/-1 -1/-1 -1/-1 -1/-1 -1/-1 -1/-1 -1/-1 -1/-1 -1/-1 -1/-1 -1/-1 -1/-1 -1/-1 -1/-1 -1/-1 -1/-1 -1/-1 -1/-1 -1/-1 -1/-1 -1/-1 -1/-1 -1/-1 -1/-1 -1/-1 -1/-1 -1/-1 -1/-1 -1/-1 -1/-1 -1/-1 -1/-1 -1/-1 -1/-1 -1/-1 -1/-1 -1/-1 -1/-1 -1/-1 -1/-1 -1/-1 -1/-1 -1/-1 -1/-1 -1/-1 -1/-1 -1/-1 -1/-1 -1/-1 -1/-1 -1/-1 -1/-1 -1/-1 -1/-1 -1/-1 -1/-1 -1/-1 -1/-1 -1/-1 -1/-1 -1/-1 -1/-1 -1/-1 -1/-1 -1/-1 -1/-1 -1/-1 -1/-1 -1/-1 -1/-1 -1/-1 -1/-1 -1/-1 -1/-1 -1/-1 -1/-1 -1/-1 -1/-1 -1/-1 -1/-1 -1/-1 -1/-1 -1/-1 -1/-1 -1/-1 -1/-1 -1/-1 -1/-1 -1/-1 -1/-1 -1/-1 -1/-1 -1/-1 -1/-1 -1/-1 -1/-1 -1/-1 -1/-1 -1/-1 -1/-1 -1/-1 -1/-1 -1/-1 -1/-1 -1/-1 -1/-1 -1/-1 -1/-1 -1/-1 -1/-1 -1/-1 -1/-1 -1/-1 -1/-1 -1/-1 -1/-1 -1/-1 -1/-1 -1/-1 -1/-1 -1/-1 -1/-1 -1/-1 -1/-1 -1/-1 -1/-1 -1/-1 -1/-1 -1/-1 -1/-1 -1/-1 -1/-1 -1/-1 -1/-1 -1/-1 -1/-1 -1/-1 -1/-1 -1/-1 -1/-1 -1/-1 -1/-1 -1/-1 -1/-1 -1/-1 -1/-1 -1/-1 -1/-1 -1/-1 -1/-1 -1/-1 -1/-1 -1/-1 -1/-1 -1/-1 -1/-1 -1/-1 -1/-1 -1/-1 -1/-1 -1/-1 -1/-1 -1/-1 -1/-1 -1/-1 -1/-1 -1/-1 -1/-1 -1/-1 -1/-1 -1/-1 -1/-1 -1/-1 -1/-1 -1/-1 -1/-1 -1/-1 -1/-1 -1/-1 -1/-1 -1/-1 -1/-1 -1/-1 -1/-1 -1/-1 -1/-1 -1/-1 -1/-1 -1/-1 -1/-1 -1/-1 -1/-1 -1/-1 -1/-1 -1/-1 -1/-1 -1/-1 -1/-1 -1/-1 -1/-1 -1/-1 -1/-1 -1/-1 -1/-1 -1/-1 -1/-1 -1/-1 -1/-1 -1/-1 -1/-1 -1/-1 -1/-1 -1/-1 -1/-1 -1/-1 -1/-1 -1/-1 -1/-1 -1/-1 -1/-1 -1/-1 -1/-1 -1/-1 -1/-1 -1/-1 -1/-1 -1/-1 -1/-1 -1/-1 -1/-1 -1/-1 -1/-1 -1/-1 -1/-1 -1/-1 -1/-1 -1/-1 -1/-1 -1/-1 -1/-1 -1/-1 -1/-1 -1/-1 -1/-1 -1/-1 -1/-1 -1/-1 -1/-1 -1/-1 -1/-1 -1/-1 -1/-1 -1/-1 -1/-1 -1/-1 -1/-1 -1/-1 -1/-1 -1/-1 -1/-1 -1/-1 -1/-1 -1/-1 -1/-1 -1/-1 -1/-1 -1/-1 -1/-1 -1/-1 -1/-1 -1/-1 -1/-1 -1/-1 -1/-1 -1/-1 -1/-1 -1/-1 -1/-1 -1/-1 -1/-1 -1/-1
h7.t8.stop_reason = satisfiable
h7.t8.restarts = 3
h7.t8.nogoods_size = 21633
h7.t8.nodes = 11232
h7.t8.propagations = 11232
h7.t14.stop_reason = aborted
h7.t14.restarts = 3
h7.t14.nogoods_size = 21633
h7.t14.nodes = 11249
h7.t14.propagations = 11249
h7.t6.stop_reason = aborted
h7.t6.restarts = 3
h7.t6.nogoods_size = 21633
h7.t6.nodes = 11306
h7.t6.propagations = 11306
h7.t11.stop_reason = aborted
h7.t11.restarts = 3
h7.t11.nogoods_size = 21633
h7.t11.nodes = 11337
h7.t11.propagations = 11337
h7.t4.stop_reason = aborted
h7.t4.restarts = 3
h7.t4.nogoods_size = 21633
h7.t4.nodes = 11325
h7.t4.propagations = 11325
h7.t16.stop_reason = aborted
h7.t16.restarts = 3
h7.t16.nogoods_size = 21633
h7.t16.nodes = 11357
h7.t16.propagations = 11357
h7.t10.stop_reason = aborted
h7.t10.restarts = 3
h7.t10.nogoods_size = 21633
h7.t10.nodes = 11252
h7.t10.propagations = 11252
h7.t15.stop_reason = aborted
h7.t15.restarts = 3
h7.t15.nogoods_size = 21633
h7.t15.nodes = 11357
h7.t15.propagations = 11357
h7.t13.stop_reason = aborted
h7.t13.restarts = 3
h7.t13.nogoods_size = 21633
h7.t13.nodes = 11270
h7.t13.propagations = 11270
h7.t17.stop_reason = aborted
h7.t17.restarts = 3
h7.t17.nogoods_size = 21633
h7.t17.nodes = 5886
h7.t17.propagations = 5886
h7.t5.stop_reason = aborted
h7.t5.restarts = 3
h7.t5.nogoods_size = 21633
h7.t5.nodes = 11250
h7.t5.propagations = 11250
h7.t12.stop_reason = aborted
h7.t12.restarts = 3
h7.t12.nogoods_size = 21633
h7.t12.nodes = 11277
h7.t12.propagations = 11277
h7.t0.stop_reason = aborted
h7.t0.restarts = 3
h7.t0.nogoods_size = 21633
h7.t0.nodes = 5748
h7.t0.propagations = 5748
h7.t7.stop_reason = aborted
h7.t7.restarts = 3
h7.t7.nogoods_size = 21633
h7.t7.nodes = 11276
h7.t7.propagations = 11276
h7.t3.stop_reason = aborted
h7.t3.restarts = 3
h7.t3.nogoods_size = 21633
h7.t3.nodes = 11506
h7.t3.propagations = 11506
h7.t2.stop_reason = aborted
h7.t2.restarts = 3
h7.t2.nogoods_size = 21633
h7.t2.nodes = 11410
h7.t2.propagations = 11410
h7.t1.stop_reason = aborted
h7.t1.restarts = 3
h7.t1.nogoods_size = 21633
h7.t1.nodes = 11190
h7.t1.propagations = 11190
h7.t9.stop_reason = aborted
h7.t9.restarts = 3
h7.t9.nogoods_size = 21633
h7.t9.nodes = 11338
h7.t9.propagations = 11338
h7.search_time = 1512
h7.nodes = 192566
h7.propagations = 913584
h8.t17.stop_reason = aborted
h8.t17.restarts = 3
h8.t17.nogoods_size = 21759
h8.t17.nodes = 6069
h8.t17.propagations = 6069
h8.t0.stop_reason = aborted
h8.t0.restarts = 3
h8.t0.nogoods_size = 21759
h8.t0.nodes = 5912
h8.t0.propagations = 5912
h8.t14.where = 2/591 -1/-1 9/133 -1/-1 1/22 -1/-1 0/3 -1/-1 -1/-1 -1/-1 -1/-1 -1/-1 -1/-1 -1/-1 -1/-1 -1/-1 -1/-1 -1/-1 -1/-1 -1/-1 -1/-1 -1/-1 -1/-1 -1/-1 -1/-1 -1/-1 -1/-1 -1/-1 -1/-1 -1/-1 -1/-1 -1/-1 -1/-1 -1/-1 -1/-1 -1/-1 -1/-1 -1/-1 -1/-1 -1/-1 -1/-1 -1/-1 -1/-1 -1/-1 -1/-1 -1/-1 -1/-1 -1/-1 -1/-1 -1/-1 -1/-1 -1/-1 -1/-1 -1/-1 -1/-1 -1/-1 -1/-1 -1/-1 -1/-1 -1/-1 -1/-1 -1/-1 -1/-1 -1/-1 -1/-1 -1/-1 -1/-1 -1/-1 -1/-1 -1/-1 -1/-1 -1/-1 -1/-1 -1/-1 -1/-1 -1/-1 -1/-1 -1/-1 -1/-1 -1/-1 -1/-1 -1/-1 -1/-1 -1/-1 -1/-1 -1/-1 -1/-1 -1/-1 -1/-1 -1/-1 -1/-1 -1/-1 -1/-1 -1/-1 -1/-1 -1/-1 -1/-1 -1/-1 -1/-1 -1/-1 -1/-1 -1/-1 -1/-1 -1/-1 -1/-1 -1/-1 -1/-1 -1/-1 -1/-1 -1/-1 -1/-1 -1/-1 -1/-1 -1/-1 -1/-1 -1/-1 -1/-1 -1/-1 -1/-1 -1/-1 -1/-1 -1/-1 -1/-1 -1/-1 -1/-1 -1/-1 -1/-1 -1/-1 -1/-1 -1/-1 -1/-1 -1/-1 -1/-1 -1/-1 -1/-1 -1/-1 -1/-1 -1/-1 -1/-1 -1/-1 -1/-1 -1/-1 -1/-1 -1/-1 -1/-1 -1/-1 -1/-1 -1/-1 -1/-1 -1/-1 -1/-1 -1/-1 -1/-1 -1/-1 -1/-1 -1/-1 -1/-1 -1/-1 -1/-1 -1/-1 -1/-1 -1/-1 -1/-1 -1/-1 -1/-1 -1/-1 -1/-1 -1/-1 -1/-1 -1/-1 -1/-1 -1/-1 -1/-1 -1/-1 -1/-1 -1/-1 -1/-1 -1/-1 -1/-1 -1/-1 -1/-1 -1/-1 -1/-1 -1/-1 -1/-1 -1/-1 -1/-1 -1/-1 -1/-1 -1/-1 -1/-1 -1/-1 -1/-1 -1/-1 -1/-1 -1/-1 -1/-1 -1/-1 -1/-1 -1/-1 -1/-1 -1/-1 -1/-1 -1/-1 -1/-1 -1/-1 -1/-1 -1/-1 -1/-1 -1/-1 -1/-1 -1/-1 -1/-1 -1/-1 -1/-1 -1/-1 -1/-1 -1/-1 -1/-1 -1/-1 -1/-1 -1/-1 -1/-1 -1/-1 -1/-1 -1/-1 -1/-1 -1/-1 -1/-1 -1/-1 -1/-1 -1/-1 -1/-1 -1/-1 -1/-1 -1/-1 -1/-1 -1/-1 -1/-1 -1/-1 -1/-1 -1/-1 -1/-1 -1/-1 -1/-1 -1/-1 -1/-1 -1/-1 -1/-1 -1/-1 -1/-1 -1/-1 -1/-1 -1/-1 -1/-1 -1/-1 -1/-1 -1/-1 -1/-1 -1/-1 -1/-1 -1/-1 -1/-1 -1/-1 -1/-1 -1/-1 -1/-1 -1/-1 -1/-1 -1/-1 -1/-1 -1/-1 -1/-1 -1/-1 -1/-1 -1/-1 -1/-1 -1/-1 -1/-1 -1/-1 -1/-1 -1/-1 -1/-1 -1/-1 -1/-1 -1/-1 -1/-1 -1/-1 -1/-1 -1/-1 -1/-1 -1/-1 -1/-1 -1/-1 -1/-1 -1/-1 -1/-1 -1/-1 -1/-1 -1/-1 -1/-1 -1/-1 -1/-1 -1/-1 -1/-1 -1/-1 -1/-1 -1/-1 -1/-1 -1/-1 -1/-1 -1/-1 -1/-1 -1/-1 -1/-1 -1/-1 -1/-1 -1/-1 -1/-1 -1/-1 -1/-1 -1/-1 -1/-1 -1/-1 -1/-1 -1/-1 -1/-1 -1/-1 -1/-1 -1/-1 -1/-1 -1/-1 -1/-1 -1/-1 -1/-1 -1/-1 -1/-1 -1/-1 -1/-1 -1/-1 -1/-1 -1/-1 -1/-1 -1/-1 -1/-1 -1/-1 -1/-1 -1/-1 -1/-1 -1/-1 -1/-1 -1/-1 -1/-1 -1/-1 -1/-1 -1/-1 -1/-1 -1/-1 -1/-1 -1/-1 -1/-1 -1/-1 -1/-1 -1/-1
h8.t14.stop_reason = satisfiable
h8.t14.restarts = 3
h8.t14.nogoods_size = 21759
h8.t14.nodes = 11598
h8.t14.propagations = 11598
h8.t13.stop_reason = aborted
h8.t13.restarts = 3
h8.t13.nogoods_size = 21759
h8.t13.nodes = 11371
h8.t13.propagations = 11371
h8.t4.stop_reason = aborted
h8.t4.restarts = 3
h8.t4.nogoods_size = 21759
h8.t4.nodes = 11611
h8.t4.propagations = 11611
h8.t2.stop_reason = aborted
h8.t2.restarts = 3
h8.t2.nogoods_size = 21759
h8.t2.nodes = 11625
h8.t2.propagations = 11625
h8.t7.stop_reason = aborted
h8.t7.restarts = 3
h8.t7.nogoods_size = 21759
h8.t7.nodes = 11583
h8.t7.propagations = 11583
h8.t11.stop_reason = aborted
h8.t11.restarts = 3
h8.t11.nogoods_size = 21759
h8.t11.nodes = 11535
h8.t11.propagations = 11535
h8.t6.stop_reason = aborted
h8.t6.restarts = 3
h8.t6.nogoods_size = 21759
h8.t6.nodes = 11589
h8.t6.propagations = 11589
h8.t16.stop_reason = aborted
h8.t16.restarts = 3
h8.t16.nogoods_size = 21759
h8.t16.nodes = 11692
h8.t16.propagations = 11692
h8.t5.stop_reason = aborted
h8.t5.restarts = 3
h8.t5.nogoods_size = 21759
h8.t5.nodes = 11465
h8.t5.propagations = 11465
h8.t8.stop_reason = aborted
h8.t8.restarts = 3
h8.t8.nogoods_size = 21759
h8.t8.nodes = 11494
h8.t8.propagations = 11494
h8.t12.stop_reason = aborted
h8.t12.restarts = 3
h8.t12.nogoods_size = 21759
h8.t12.nodes = 11484
h8.t12.propagations = 11484
h8.t1.stop_reason = aborted
h8.t1.restarts = 3
h8.t1.nogoods_size = 21759
h8.t1.nodes = 11632
h8.t1.propagations = 11632
h8.t9.stop_reason = aborted
h8.t9.restarts = 3
h8.t9.nogoods_size = 21759
h8.t9.nodes = 11455
h8.t9.propagations = 11455
h8.t3.stop_reason = aborted
h8.t3.restarts = 3
h8.t3.nogoods_size = 21759
h8.t3.nodes = 11784
h8.t3.propagations = 11784
h8.t10.stop_reason = aborted
h8.t10.restarts = 3
h8.t10.nogoods_size = 21759
h8.t10.nodes = 11602
h8.t10.propagations = 11602
h8.t15.stop_reason = aborted
h8.t15.restarts = 3
h8.t15.nogoods_size = 21759
h8.t15.nodes = 11511
h8.t15.propagations = 11511
h8.search_time = 1511
h8.nodes = 197012
h8.propagations = 937357
h9.t17.stop_reason = aborted
h9.t17.restarts = 3
h9.t17.nogoods_size = 21872
h9.t17.nodes = 6041
h9.t17.propagations = 6041
h9.t0.stop_reason = aborted
h9.t0.restarts = 3
h9.t0.nogoods_size = 21872
h9.t0.nodes = 6003
h9.t0.propagations = 6003
h9.t5.where = 2/591 -1/-1 18/133 -1/-1 2/22 -1/-1 0/3 -1/-1 -1/-1 -1/-1 -1/-1 -1/-1 -1/-1 -1/-1 -1/-1 -1/-1 -1/-1 -1/-1 -1/-1 -1/-1 -1/-1 -1/-1 -1/-1 -1/-1 -1/-1 -1/-1 -1/-1 -1/-1 -1/-1 -1/-1 -1/-1 -1/-1 -1/-1 -1/-1 -1/-1 -1/-1 -1/-1 -1/-1 -1/-1 -1/-1 -1/-1 -1/-1 -1/-1 -1/-1 -1/-1 -1/-1 -1/-1 -1/-1 -1/-1 -1/-1 -1/-1 -1/-1 -1/-1 -1/-1 -1/-1 -1/-1 -1/-1 -1/-1 -1/-1 -1/-1 -1/-1 -1/-1 -1/-1 -1/-1 -1/-1 -1/-1 -1/-1 -1/-1 -1/-1 -1/-1 -1/-1 -1/-1 -1/-1 -1/-1 -1/-1 -1/-1 -1/-1 -1/-1 -1/-1 -1/-1 -1/-1 -1/-1 -1/-1 -1/-1 -1/-1 -1/-1 -1/-1 -1/-1 -1/-1 -1/-1 -1/-1 -1/-1 -1/-1 -1/-1 -1/-1 -1/-1 -1/-1 -1/-1 -1/-1 -1/-1 -1/-1 -1/-1 -1/-1 -1/-1 -1/-1 -1/-1 -1/-1 -1/-1 -1/-1 -1/-1 -1/-1 -1/-1 -1/-1 -1/-1 -1/-1 -1/-1 -1/-1 -1/-1 -1/-1 -1/-1 -1/-1 -1/-1 -1/-1 -1/-1 -1/-1 -1/-1 -1/-1 -1/-1 -1/-1 -1/-1 -1/-1 -1/-1 -1/-1 -1/-1 -1/-1 -1/-1 -1/-1 -1/-1 -1/-1 -1/-1 -1/-1 -1/-1 -1/-1 -1/-1 -1/-1 -1/-1 -1/-1 -1/-1 -1/-1 -1/-1 -1/-1 -1/-1 -1/-1 -1/-1 -1/-1 -1/-1 -1/-1 -1/-1 -1/-1 -1/-1 -1/-1 -1/-1 -1/-1 -1/-1 -1/-1 -1/-1 -1/-1 -1/-1 -1/-1 -1/-1 -1/-1 -1/-1 -1/-1 -1/-1 -1/-1 -1/-1 -1/-1 -1/-1 -1/-1 -1/-1 -1/-1 -1/-1 -1/-1 -1/-1 -1/-1 -1/-1 -1/-1 -1/-1 -1/-1 -1/-1 -1/-1 -1/-1 -1/-1 -1/-1 -1/-1 -1/-1 -1/-1 -1/-1 -1/-1 -1/-1 -1/-1 -1/-1 -1/-1 -1/-1 -1/-1 -1/-1 -1/-1 -1/-1 -1/-1 -1/-1 -1/-1 -1/-1 -1/-1 -1/-1 -1/-1 -1/-1 -1/-1 -1/-1 -1/-1 -1/-1 -1/-1 -1/-1 -1/-1 -1/-1 -1/-1 -1/-1 -1/-1 -1/-1 -1/-1 -1/-1 -1/-1 -1/-1 -1/-1 -1/-1 -1/-1 -1/-1 -1/-1 -1/-1 -1/-1 -1/-1 -1/-1 -1/-1 -1/-1 -1/-1 -1/-1 -1/-1 -1/-1 -1/-1 -1/-1 -1/-1 -1/-1 -1/-1 -1/-1 -1/-1 -1/-1 -1/-1 -1/-1 -1/-1 -1/-1 -1/-1 -1/-1 -1/-1 -1/-1 -1/-1 -1/-1 -1/-1 -1/-1 -1/-1 -1/-1 -1/-1 -1/-1 -1/-1 -1/-1 -1/-1 -1/-1 -1/-1 -1/-1 -1/-1 -1/-1 -1/-1 -1/-1 -1/-1 -1/-1 -1/-1 -1/-1 -1/-1 -1/-1 -1/-1 -1/-1 -1/-1 -1/-1 -1/-1 -1/-1 -1/-1 -1/-1 -1/-1 -1/-1 -1/-1 -1/-1 -1/-1 -1/-1 -1/-1 -1/-1 -1/-1 -1/-1 -1/-1 -1/-1 -1/-1 -1/-1 -1/-1 -1/-1 -1/-1 -1/-1 -1/-1 -1/-1 -1/-1 -1/-1 -1/-1 -1/-1 -1/-1 -1/-1 -1/-1 -1/-1 -1/-1 -1/-1 -1/-1 -1/-1 -1/-1 -1/-1 -1/-1 -1/-1 -1/-1 -1/-1 -1/-1 -1/-1 -1/-1 -1/-1 -1/-1 -1/-1 -1/-1 -1/-1 -1/-1 -1/-1 -1/-1 -1/-1 -1/-1 -1/-1 -1/-1 -1/-1 -1/-1 -1/-1 -1/-1 -1/-1 -1/-1 -1/-1 -1/-1 -1/-1 -1/-1 -1/-1 -1/-1 -1/-1 -1/-1 -1/-1 -1/-1
h9.t5.stop_reason = satisfiable
h9.t5.restarts = 3
h9.t5.nogoods_size = 21872
h9.t5.nodes = 11680
h9.t5.propagations = 11680
h9.t14.stop_reason = aborted
h9.t14.restarts = 3
h9.t14.nogoods_size = 21872
h9.t14.nodes = 11656
h9.t14.propagations = 11656
h9.t4.stop_reason = aborted
h9.t4.restarts = 3
h9.t4.nogoods_size = 21872
h9.t4.nodes = 11835
h9.t4.propagations = 11835
h9.t6.stop_reason = aborted
h9.t6.restarts = 3
h9.t6.nogoods_size = 21872
h9.t6.nodes = 11664
h9.t6.propagations = 11664
h9.t13.stop_reason = aborted
h9.t13.restarts = 3
h9.t13.nogoods_size = 21872
h9.t13.nodes = 11630
h9.t13.propagations = 11630
h9.t11.stop_reason = aborted
h9.t11.restarts = 3
h9.t11.nogoods_size = 21872
h9.t11.nodes = 11696
h9.t11.propagations = 11696
h9.t7.stop_reason = aborted
h9.t7.restarts = 3
h9.t7.nogoods_size = 21872
h9.t7.nodes = 11657
h9.t7.propagations = 11657
h9.t1.stop_reason = aborted
h9.t1.restarts = 3
h9.t1.nogoods_size = 21872
h9.t1.nodes = 11665
h9.t1.propagations = 11665
h9.t8.stop_reason = aborted
h9.t8.restarts = 3
h9.t8.nogoods_size = 21872
h9.t8.nodes = 11652
h9.t8.propagations = 11652
h9.t9.stop_reason = aborted
h9.t9.restarts = 3
h9.t9.nogoods_size = 21872
h9.t9.nodes = 11675
h9.t9.propagations = 11675
h9.t15.stop_reason = aborted
h9.t15.restarts = 3
h9.t15.nogoods_size = 21872
h9.t15.nodes = 11290
h9.t15.propagations = 11290
h9.t2.stop_reason = aborted
h9.t2.restarts = 3
h9.t2.nogoods_size = 21872
h9.t2.nodes = 11619
h9.t2.propagations = 11619
h9.t12.stop_reason = aborted
h9.t12.restarts = 3
h9.t12.nogoods_size = 21872
h9.t12.nodes = 11732
h9.t12.propagations = 11732
h9.t3.stop_reason = aborted
h9.t3.restarts = 3
h9.t3.nogoods_size = 21872
h9.t3.nodes = 11595
h9.t3.propagations = 11595
h9.t10.stop_reason = aborted
h9.t10.restarts = 3
h9.t10.nogoods_size = 21872
h9.t10.nodes = 11546
h9.t10.propagations = 11546
h9.t16.stop_reason = aborted
h9.t16.restarts = 3
h9.t16.nogoods_size = 21872
h9.t16.nodes = 11560
h9.t16.propagations = 11560
h9.search_time = 1512
h9.nodes = 198196
h9.propagations = 944200
