hostname = r1i6n34
commandline = ../glasgow/solve_subgraph_isomorphism --value-ordering=biased --geometric-restarts=1.0 --restarts-constant=10000 --triggered-restarts --threads=36 --timeout 1000 --format lad ../instances/meshes-CVIU11/patterns/pattern3 ../instances/meshes-CVIU11/targets/target96
started_at = 2018-11-16 07:23:34
pattern_file = ../instances/meshes-CVIU11/patterns/pattern3
target_file = ../instances/meshes-CVIU11/targets/target96
status = aborted
nodes = 1419655891
propagations = 2990235473
runtime = 1048956
t13.stop_reason = aborted
t13.restarts = 3875
t13.nogoods_size = 1792232
t13.nodes = 38579946
t13.propagations = 38579946
t2.stop_reason = aborted
t2.restarts = 3875
t2.nogoods_size = 1792232
t2.nodes = 39409488
t2.propagations = 39409488
t4.stop_reason = aborted
t4.restarts = 3875
t4.nogoods_size = 1792232
t4.nodes = 39774829
t4.propagations = 39774829
t18.stop_reason = aborted
t18.restarts = 3875
t18.nogoods_size = 1792232
t18.nodes = 39124872
t18.propagations = 39124872
t15.stop_reason = aborted
t15.restarts = 3875
t15.nogoods_size = 1792232
t15.nodes = 39036533
t15.propagations = 39036533
t0.stop_reason = aborted
t0.restarts = 3875
t0.nogoods_size = 1792232
t0.nodes = 38888304
t0.propagations = 38888304
t29.stop_reason = aborted
t29.restarts = 3875
t29.nogoods_size = 1792232
t29.nodes = 39540553
t29.propagations = 39540553
t25.stop_reason = aborted
t25.restarts = 3875
t25.nogoods_size = 1792232
t25.nodes = 39300450
t25.propagations = 39300450
t7.stop_reason = aborted
t7.restarts = 3875
t7.nogoods_size = 1792232
t7.nodes = 39409985
t7.propagations = 39409985
t14.stop_reason = aborted
t14.restarts = 3875
t14.nogoods_size = 1792232
t14.nodes = 39631198
t14.propagations = 39631198
t32.stop_reason = aborted
t32.restarts = 3875
t32.nogoods_size = 1792232
t32.nodes = 39465730
t32.propagations = 39465730
t19.stop_reason = aborted
t19.restarts = 3875
t19.nogoods_size = 1792232
t19.nodes = 39547598
t19.propagations = 39547598
t34.stop_reason = aborted
t34.restarts = 3875
t34.nogoods_size = 1792232
t34.nodes = 39750396
t34.propagations = 39750396
t28.stop_reason = aborted
t28.restarts = 3875
t28.nogoods_size = 1792232
t28.nodes = 39616502
t28.propagations = 39616502
t5.stop_reason = aborted
t5.restarts = 3875
t5.nogoods_size = 1792232
t5.nodes = 39968490
t5.propagations = 39968490
t24.stop_reason = aborted
t24.restarts = 3875
t24.nogoods_size = 1792232
t24.nodes = 39500218
t24.propagations = 39500218
t21.stop_reason = aborted
t21.restarts = 3875
t21.nogoods_size = 1792232
t21.nodes = 39400624
t21.propagations = 39400624
t11.stop_reason = aborted
t11.restarts = 3875
t11.nogoods_size = 1792232
t11.nodes = 39455466
t11.propagations = 39455466
t8.stop_reason = aborted
t8.restarts = 3875
t8.nogoods_size = 1792232
t8.nodes = 39674927
t8.propagations = 39674927
t3.stop_reason = aborted
t3.restarts = 3875
t3.nogoods_size = 1792232
t3.nodes = 39345869
t3.propagations = 39345869
t26.stop_reason = aborted
t26.restarts = 3875
t26.nogoods_size = 1792232
t26.nodes = 39480896
t26.propagations = 39480896
t27.stop_reason = aborted
t27.restarts = 3875
t27.nogoods_size = 1792232
t27.nodes = 39283913
t27.propagations = 39283913
t17.stop_reason = aborted
t17.restarts = 3875
t17.nogoods_size = 1792232
t17.nodes = 39289794
t17.propagations = 39289794
t20.stop_reason = aborted
t20.restarts = 3875
t20.nogoods_size = 1792232
t20.nodes = 39235210
t20.propagations = 39235210
t30.stop_reason = aborted
t30.restarts = 3875
t30.nogoods_size = 1792232
t30.nodes = 38829937
t30.propagations = 38829937
t1.stop_reason = aborted
t1.restarts = 3875
t1.nogoods_size = 1792232
t1.nodes = 39330797
t1.propagations = 39330797
t12.stop_reason = aborted
t12.restarts = 3875
t12.nogoods_size = 1792232
t12.nodes = 39355245
t12.propagations = 39355245
t6.stop_reason = aborted
t6.restarts = 3875
t6.nogoods_size = 1792232
t6.nodes = 39604320
t6.propagations = 39604320
t33.stop_reason = aborted
t33.restarts = 3875
t33.nogoods_size = 1792232
t33.nodes = 39881567
t33.propagations = 39881567
t9.stop_reason = aborted
t9.restarts = 3875
t9.nogoods_size = 1792232
t9.nodes = 39461663
t9.propagations = 39461663
t23.stop_reason = aborted
t23.restarts = 3875
t23.nogoods_size = 1792232
t23.nodes = 39269745
t23.propagations = 39269745
t31.stop_reason = aborted
t31.restarts = 3875
t31.nogoods_size = 1792232
t31.nodes = 39839085
t31.propagations = 39839085
t35.stop_reason = aborted
t35.restarts = 3875
t35.nogoods_size = 1792232
t35.nodes = 39158971
t35.propagations = 39158971
t16.stop_reason = aborted
t16.restarts = 3875
t16.nogoods_size = 1792232
t16.nodes = 39946502
t16.propagations = 39946502
t10.stop_reason = aborted
t10.restarts = 3875
t10.nogoods_size = 1792232
t10.nodes = 39528543
t10.propagations = 39528543
t22.stop_reason = aborted
t22.restarts = 3875
t22.nogoods_size = 1792232
t22.nodes = 39737725
t22.propagations = 39737725
search_time = 999917
