hostname = r1i1n33
commandline = ../glasgow/solve_subgraph_isomorphism --value-ordering=biased --geometric-restarts=1.0 --restarts-constant=10000 --triggered-restarts --threads=36 --timeout 1000 --format lad ../instances/phase/phase-30-150-0.40-0.46-0.48-8-pattern ../instances/phase/phase-30-150-0.40-0.46-0.48-8-target
started_at = 2018-11-16 05:54:16
pattern_file = ../instances/phase/phase-30-150-0.40-0.46-0.48-8-pattern
target_file = ../instances/phase/phase-30-150-0.40-0.46-0.48-8-target
status = aborted
nodes = 4516965334
propagations = 10977056471
runtime = 1075128
t27.restarts = 12991
t27.nogoods_size = 6525707
t27.nodes = 123363773
t27.propagations = 123363773
t14.restarts = 12991
t14.nogoods_size = 6525707
t14.nodes = 126136609
t14.propagations = 126136609
t3.restarts = 12991
t3.nogoods_size = 6525707
t3.nodes = 115280141
t3.propagations = 115280141
t31.restarts = 12991
t31.nogoods_size = 6525707
t31.nodes = 132014396
t31.propagations = 132014396
t2.restarts = 12991
t2.nogoods_size = 6525707
t2.nodes = 127106058
t2.propagations = 127106058
t15.restarts = 12991
t15.nogoods_size = 6525707
t15.nodes = 123154270
t15.propagations = 123154270
t21.restarts = 12991
t21.nogoods_size = 6525707
t21.nodes = 123706028
t21.propagations = 123706028
t35.stop_reason = aborted
t35.restarts = 12991
t35.nogoods_size = 6525707
t35.nodes = 130209483
t35.propagations = 130209483
t20.restarts = 12991
t20.nogoods_size = 6525707
t20.nodes = 130065385
t20.propagations = 130065385
t5.restarts = 12991
t5.nogoods_size = 6525707
t5.nodes = 129837509
t5.propagations = 129837509
t8.restarts = 12991
t8.nogoods_size = 6525707
t8.nodes = 126364801
t8.propagations = 126364801
t28.restarts = 12991
t28.nogoods_size = 6525707
t28.nodes = 125624110
t28.propagations = 125624110
t26.restarts = 12991
t26.nogoods_size = 6525707
t26.nodes = 126685610
t26.propagations = 126685610
t18.restarts = 12991
t18.nogoods_size = 6525707
t18.nodes = 127319120
t18.propagations = 127319120
t7.restarts = 12991
t7.nogoods_size = 6525707
t7.nodes = 125281279
t7.propagations = 125281279
t30.restarts = 12991
t30.nogoods_size = 6525707
t30.nodes = 126823229
t30.propagations = 126823229
t6.restarts = 12991
t6.nogoods_size = 6525707
t6.nodes = 128744243
t6.propagations = 128744243
t0.restarts = 12991
t0.nogoods_size = 6525707
t0.nodes = 130031440
t0.propagations = 130031440
t9.restarts = 12991
t9.nogoods_size = 6525707
t9.nodes = 123945959
t9.propagations = 123945959
t25.restarts = 12991
t25.nogoods_size = 6525707
t25.nodes = 121381762
t25.propagations = 121381762
t16.restarts = 12991
t16.nogoods_size = 6525707
t16.nodes = 124541409
t16.propagations = 124541409
t32.restarts = 12991
t32.nogoods_size = 6525707
t32.nodes = 129344181
t32.propagations = 129344181
t33.restarts = 12991
t33.nogoods_size = 6525707
t33.nodes = 125267956
t33.propagations = 125267956
t24.restarts = 12991
t24.nogoods_size = 6525707
t24.nodes = 128059562
t24.propagations = 128059562
t4.stop_reason = aborted
t4.restarts = 12991
t4.nogoods_size = 6525707
t4.nodes = 129139716
t4.propagations = 129139716
t17.restarts = 12991
t17.nogoods_size = 6525707
t17.nodes = 114444523
t17.propagations = 114444523
t10.restarts = 12991
t10.nogoods_size = 6525707
t10.nodes = 124605212
t10.propagations = 124605212
t22.restarts = 12991
t22.nogoods_size = 6525707
t22.nodes = 128003733
t22.propagations = 128003733
t19.restarts = 12991
t19.nogoods_size = 6525707
t19.nodes = 130613754
t19.propagations = 130613754
t1.stop_reason = aborted
t1.restarts = 12991
t1.nogoods_size = 6525707
t1.nodes = 117383384
t1.propagations = 117383384
t11.stop_reason = aborted
t11.restarts = 12991
t11.nogoods_size = 6525707
t11.nodes = 124258055
t11.propagations = 124258055
t12.stop_reason = aborted
t12.restarts = 12991
t12.nogoods_size = 6525707
t12.nodes = 125987886
t12.propagations = 125987886
t29.restarts = 12991
t29.nogoods_size = 6525707
t29.nodes = 123139470
t29.propagations = 123139470
t13.restarts = 12991
t13.nogoods_size = 6525707
t13.nodes = 124143095
t13.propagations = 124143095
t34.restarts = 12991
t34.nogoods_size = 6525707
t34.nodes = 116531441
t34.propagations = 116531441
t23.stop_reason = aborted
t23.restarts = 12991
t23.nogoods_size = 6525707
t23.nodes = 128426752
t23.propagations = 128426752
search_time = 1000004
