hostname = r2i2n30
commandline = ../glasgow/solve_subgraph_isomorphism --value-ordering=biased --geometric-restarts=1.0 --restarts-constant=10000 --triggered-restarts --threads=36 --timeout 1000 --format lad ../instances/phase/phase-30-150-0.74-0.68-0.70-8-pattern ../instances/phase/phase-30-150-0.74-0.68-0.70-8-target
started_at = 2018-11-16 06:51:37
pattern_file = ../instances/phase/phase-30-150-0.74-0.68-0.70-8-pattern
target_file = ../instances/phase/phase-30-150-0.74-0.68-0.70-8-target
status = aborted
nodes = 3674308910
propagations = 16329560417
runtime = 1091110
t34.stop_reason = aborted
t34.restarts = 10176
t34.nogoods_size = 8792889
t34.nodes = 101644642
t34.propagations = 101644642
t4.stop_reason = aborted
t4.restarts = 10176
t4.nogoods_size = 8792889
t4.nodes = 101916703
t4.propagations = 101916703
t16.stop_reason = aborted
t16.restarts = 10176
t16.nogoods_size = 8792889
t16.nodes = 100751033
t16.propagations = 100751033
t20.stop_reason = aborted
t20.restarts = 10176
t20.nogoods_size = 8792889
t20.nodes = 102793042
t20.propagations = 102793042
t8.stop_reason = aborted
t8.restarts = 10176
t8.nogoods_size = 8792889
t8.nodes = 96368235
t8.propagations = 96368235
t33.stop_reason = aborted
t33.restarts = 10176
t33.nogoods_size = 8792889
t33.nodes = 101399879
t33.propagations = 101399879
t30.stop_reason = aborted
t30.restarts = 10176
t30.nogoods_size = 8792889
t30.nodes = 103705451
t30.propagations = 103705451
t19.stop_reason = aborted
t19.restarts = 10176
t19.nogoods_size = 8792889
t19.nodes = 99986202
t19.propagations = 99986202
t27.stop_reason = aborted
t27.restarts = 10176
t27.nogoods_size = 8792889
t27.nodes = 101008320
t27.propagations = 101008320
t35.stop_reason = aborted
t35.restarts = 10176
t35.nogoods_size = 8792889
t35.nodes = 106641645
t35.propagations = 106641645
t24.stop_reason = aborted
t24.restarts = 10176
t24.nogoods_size = 8792889
t24.nodes = 105538895
t24.propagations = 105538895
t11.stop_reason = aborted
t11.restarts = 10176
t11.nogoods_size = 8792889
t11.nodes = 100900780
t11.propagations = 100900780
t26.stop_reason = aborted
t26.restarts = 10176
t26.nogoods_size = 8792889
t26.nodes = 102882292
t26.propagations = 102882292
t15.stop_reason = aborted
t15.restarts = 10176
t15.nogoods_size = 8792889
t15.nodes = 98777296
t15.propagations = 98777296
t17.stop_reason = aborted
t17.restarts = 10176
t17.nogoods_size = 8792889
t17.nodes = 106414274
t17.propagations = 106414274
t10.stop_reason = aborted
t10.restarts = 10176
t10.nogoods_size = 8792889
t10.nodes = 103055199
t10.propagations = 103055199
t23.stop_reason = aborted
t23.restarts = 10176
t23.nogoods_size = 8792889
t23.nodes = 105388833
t23.propagations = 105388833
t25.stop_reason = aborted
t25.restarts = 10176
t25.nogoods_size = 8792889
t25.nodes = 103625656
t25.propagations = 103625656
t12.stop_reason = aborted
t12.restarts = 10176
t12.nogoods_size = 8792889
t12.nodes = 104488034
t12.propagations = 104488034
t14.stop_reason = aborted
t14.restarts = 10176
t14.nogoods_size = 8792889
t14.nodes = 103576383
t14.propagations = 103576383
t18.stop_reason = aborted
t18.restarts = 10176
t18.nogoods_size = 8792889
t18.nodes = 104751723
t18.propagations = 104751723
t29.stop_reason = aborted
t29.restarts = 10176
t29.nogoods_size = 8792889
t29.nodes = 101464684
t29.propagations = 101464684
t1.stop_reason = aborted
t1.restarts = 10176
t1.nogoods_size = 8792889
t1.nodes = 106772545
t1.propagations = 106772545
t21.stop_reason = aborted
t21.restarts = 10176
t21.nogoods_size = 8792889
t21.nodes = 101630142
t21.propagations = 101630142
t6.stop_reason = aborted
t6.restarts = 10176
t6.nogoods_size = 8792889
t6.nodes = 104658769
t6.propagations = 104658769
t31.stop_reason = aborted
t31.restarts = 10176
t31.nogoods_size = 8792889
t31.nodes = 94535850
t31.propagations = 94535850
t28.stop_reason = aborted
t28.restarts = 10176
t28.nogoods_size = 8792889
t28.nodes = 97726355
t28.propagations = 97726355
t9.stop_reason = aborted
t9.restarts = 10176
t9.nogoods_size = 8792889
t9.nodes = 101130442
t9.propagations = 101130442
t5.stop_reason = aborted
t5.restarts = 10176
t5.nogoods_size = 8792889
t5.nodes = 95574905
t5.propagations = 95574905
t7.stop_reason = aborted
t7.restarts = 10176
t7.nogoods_size = 8792889
t7.nodes = 103736682
t7.propagations = 103736682
t22.stop_reason = aborted
t22.restarts = 10176
t22.nogoods_size = 8792889
t22.nodes = 100224243
t22.propagations = 100224243
t13.stop_reason = aborted
t13.restarts = 10176
t13.nogoods_size = 8792889
t13.nodes = 100819282
t13.propagations = 100819282
t3.stop_reason = aborted
t3.restarts = 10176
t3.nogoods_size = 8792889
t3.nodes = 102408318
t3.propagations = 102408318
t0.stop_reason = aborted
t0.restarts = 10176
t0.nogoods_size = 8792889
t0.nodes = 101839062
t0.propagations = 101839062
t2.stop_reason = aborted
t2.restarts = 10176
t2.nogoods_size = 8792889
t2.nodes = 100975933
t2.propagations = 100975933
t32.stop_reason = aborted
t32.restarts = 10176
t32.nogoods_size = 8792889
t32.nodes = 105197181
t32.propagations = 105197181
search_time = 1000028
