hostname = r1i1n4
commandline = ../glasgow/solve_subgraph_isomorphism --value-ordering=biased --geometric-restarts=1.0 --restarts-constant=10000 --triggered-restarts --threads=36 --timeout 1000 --format lad ../instances/phase/phase-30-150-0.70-0.66-0.70-2-pattern ../instances/phase/phase-30-150-0.70-0.66-0.70-2-target
started_at = 2018-11-16 00:20:21
pattern_file = ../instances/phase/phase-30-150-0.70-0.66-0.70-2-pattern
target_file = ../instances/phase/phase-30-150-0.70-0.66-0.70-2-target
status = true
nodes = 2932041
propagations = 7147911
mapping = (0 -> 123) (1 -> 63) (2 -> 72) (3 -> 52) (4 -> 13) (5 -> 87) (6 -> 140) (7 -> 54) (8 -> 41) (9 -> 111) (10 -> 2) (11 -> 126) (12 -> 134) (13 -> 33) (14 -> 117) (15 -> 149) (16 -> 147) (17 -> 55) (18 -> 11) (19 -> 58) (20 -> 10) (21 -> 100) (22 -> 14) (23 -> 16) (24 -> 128) (25 -> 24) (26 -> 139) (27 -> 31) (28 -> 85) (29 -> 18) 
runtime = 287
t6.where = 0/150 -1/-1 0/119 -1/-1 0/84 -1/-1 0/60 -1/-1 0/49 -1/-1 0/35 -1/-1 0/26 -1/-1 0/20 -1/-1 0/18 -1/-1 0/12 -1/-1 4/8 -1/-1 6/7 -1/-1 4/7 -1/-1 1/5 -1/-1 2/3 -1/-1 0/3 -1/-1 1/2 -1/-1 0/2 -1/-1 0/2 -1/-1 -1/-1 -1/-1 -1/-1 0/2 -1/-1 -1/-1 -1/-1 -1/-1 -1/-1 -1/-1 -1/-1 -1/-1
t6.stop_reason = satisfiable
t6.restarts = 10
t6.nogoods_size = 4498
t6.nodes = 79866
t6.propagations = 79866
t8.stop_reason = aborted
t8.restarts = 10
t8.nogoods_size = 4498
t8.nodes = 87599
t8.propagations = 87599
t25.stop_reason = aborted
t25.restarts = 10
t25.nogoods_size = 4498
t25.nodes = 78154
t25.propagations = 78154
t20.stop_reason = aborted
t20.restarts = 10
t20.nogoods_size = 4498
t20.nodes = 81580
t20.propagations = 81580
t10.stop_reason = aborted
t10.restarts = 10
t10.nogoods_size = 4498
t10.nodes = 83535
t10.propagations = 83535
t24.stop_reason = aborted
t24.restarts = 10
t24.nogoods_size = 4498
t24.nodes = 82330
t24.propagations = 82330
t23.stop_reason = aborted
t23.restarts = 10
t23.nogoods_size = 4498
t23.nodes = 77688
t23.propagations = 77688
t19.stop_reason = aborted
t19.restarts = 10
t19.nogoods_size = 4498
t19.nodes = 76983
t19.propagations = 76983
t7.stop_reason = aborted
t7.restarts = 10
t7.nogoods_size = 4498
t7.nodes = 65602
t7.propagations = 65602
t35.stop_reason = aborted
t35.restarts = 10
t35.nogoods_size = 4498
t35.nodes = 83740
t35.propagations = 83740
t13.stop_reason = aborted
t13.restarts = 10
t13.nogoods_size = 4498
t13.nodes = 85679
t13.propagations = 85679
t29.stop_reason = aborted
t29.restarts = 10
t29.nogoods_size = 4498
t29.nodes = 83909
t29.propagations = 83909
t22.stop_reason = aborted
t22.restarts = 10
t22.nogoods_size = 4498
t22.nodes = 78724
t22.propagations = 78724
t34.stop_reason = aborted
t34.restarts = 10
t34.nogoods_size = 4498
t34.nodes = 83580
t34.propagations = 83580
t27.stop_reason = aborted
t27.restarts = 10
t27.nogoods_size = 4498
t27.nodes = 78985
t27.propagations = 78985
t15.stop_reason = aborted
t15.restarts = 10
t15.nogoods_size = 4498
t15.nodes = 85732
t15.propagations = 85732
t11.stop_reason = aborted
t11.restarts = 10
t11.nogoods_size = 4498
t11.nodes = 75906
t11.propagations = 75906
t0.stop_reason = aborted
t0.restarts = 10
t0.nogoods_size = 4498
t0.nodes = 87612
t0.propagations = 87612
t33.stop_reason = aborted
t33.restarts = 10
t33.nogoods_size = 4498
t33.nodes = 84593
t33.propagations = 84593
t21.stop_reason = aborted
t21.restarts = 10
t21.nogoods_size = 4498
t21.nodes = 79540
t21.propagations = 79540
t17.stop_reason = aborted
t17.restarts = 10
t17.nogoods_size = 4498
t17.nodes = 79852
t17.propagations = 79852
t12.stop_reason = aborted
t12.restarts = 10
t12.nogoods_size = 4498
t12.nodes = 62820
t12.propagations = 62820
t16.stop_reason = aborted
t16.restarts = 10
t16.nogoods_size = 4498
t16.nodes = 85577
t16.propagations = 85577
t9.stop_reason = aborted
t9.restarts = 10
t9.nogoods_size = 4498
t9.nodes = 87700
t9.propagations = 87700
t18.stop_reason = aborted
t18.restarts = 10
t18.nogoods_size = 4498
t18.nodes = 82277
t18.propagations = 82277
t3.stop_reason = aborted
t3.restarts = 10
t3.nogoods_size = 4498
t3.nodes = 87065
t3.propagations = 87065
t28.stop_reason = aborted
t28.restarts = 10
t28.nogoods_size = 4498
t28.nodes = 84631
t28.propagations = 84631
t31.stop_reason = aborted
t31.restarts = 10
t31.nogoods_size = 4498
t31.nodes = 79254
t31.propagations = 79254
t14.stop_reason = aborted
t14.restarts = 10
t14.nogoods_size = 4498
t14.nodes = 79357
t14.propagations = 79357
t30.stop_reason = aborted
t30.restarts = 10
t30.nogoods_size = 4498
t30.nodes = 80570
t30.propagations = 80570
t4.stop_reason = aborted
t4.restarts = 10
t4.nogoods_size = 4498
t4.nodes = 85173
t4.propagations = 85173
t5.stop_reason = aborted
t5.restarts = 10
t5.nogoods_size = 4498
t5.nodes = 79262
t5.propagations = 79262
t2.stop_reason = aborted
t2.restarts = 10
t2.nogoods_size = 4498
t2.nodes = 83576
t2.propagations = 83576
t32.stop_reason = aborted
t32.restarts = 10
t32.nogoods_size = 4498
t32.nodes = 83052
t32.propagations = 83052
t26.stop_reason = aborted
t26.restarts = 10
t26.nogoods_size = 4498
t26.nodes = 82378
t26.propagations = 82378
t1.stop_reason = aborted
t1.restarts = 10
t1.nogoods_size = 4498
t1.nodes = 88160
t1.propagations = 88160
search_time = 253
