hostname = r1i1n4
commandline = ../glasgow/solve_subgraph_isomorphism --value-ordering=biased --geometric-restarts=1.0 --restarts-constant=10000 --triggered-restarts --threads=36 --timeout 1000 --format lad ../instances/phase/phase-30-150-0.54-0.56-0.58-2-pattern ../instances/phase/phase-30-150-0.54-0.56-0.58-2-target
started_at = 2018-11-16 06:22:40
pattern_file = ../instances/phase/phase-30-150-0.54-0.56-0.58-2-pattern
target_file = ../instances/phase/phase-30-150-0.54-0.56-0.58-2-target
status = aborted
nodes = 5024761292
propagations = 13302832677
runtime = 1087152
t9.stop_reason = aborted
t9.restarts = 14038
t9.nogoods_size = 8025968
t9.nodes = 140036667
t9.propagations = 140036667
t22.stop_reason = aborted
t22.restarts = 14038
t22.nogoods_size = 8025968
t22.nodes = 133878825
t22.propagations = 133878825
t23.stop_reason = aborted
t23.restarts = 14038
t23.nogoods_size = 8025968
t23.nodes = 138817091
t23.propagations = 138817091
t13.stop_reason = aborted
t13.restarts = 14038
t13.nogoods_size = 8025968
t13.nodes = 138143546
t13.propagations = 138143546
t24.stop_reason = aborted
t24.restarts = 14038
t24.nogoods_size = 8025968
t24.nodes = 134312020
t24.propagations = 134312020
t8.stop_reason = aborted
t8.restarts = 14038
t8.nogoods_size = 8025968
t8.nodes = 137831819
t8.propagations = 137831819
t16.stop_reason = aborted
t16.restarts = 14038
t16.nogoods_size = 8025968
t16.nodes = 136160789
t16.propagations = 136160789
t17.stop_reason = aborted
t17.restarts = 14038
t17.nogoods_size = 8025968
t17.nodes = 141256940
t17.propagations = 141256940
t12.stop_reason = aborted
t12.restarts = 14038
t12.nogoods_size = 8025968
t12.nodes = 136370197
t12.propagations = 136370197
t1.stop_reason = aborted
t1.restarts = 14038
t1.nogoods_size = 8025968
t1.nodes = 143433366
t1.propagations = 143433366
t25.stop_reason = aborted
t25.restarts = 14038
t25.nogoods_size = 8025968
t25.nodes = 140320976
t25.propagations = 140320976
t2.stop_reason = aborted
t2.restarts = 14038
t2.nogoods_size = 8025968
t2.nodes = 135900405
t2.propagations = 135900405
t19.stop_reason = aborted
t19.restarts = 14038
t19.nogoods_size = 8025968
t19.nodes = 142991554
t19.propagations = 142991554
t20.stop_reason = aborted
t20.restarts = 14038
t20.nogoods_size = 8025968
t20.nodes = 137318657
t20.propagations = 137318657
t31.stop_reason = aborted
t31.restarts = 14038
t31.nogoods_size = 8025968
t31.nodes = 140263544
t31.propagations = 140263544
t29.stop_reason = aborted
t29.restarts = 14038
t29.nogoods_size = 8025968
t29.nodes = 134560357
t29.propagations = 134560357
t15.stop_reason = aborted
t15.restarts = 14038
t15.nogoods_size = 8025968
t15.nodes = 144200662
t15.propagations = 144200662
t28.stop_reason = aborted
t28.restarts = 14038
t28.nogoods_size = 8025968
t28.nodes = 141494441
t28.propagations = 141494441
t0.stop_reason = aborted
t0.restarts = 14038
t0.nogoods_size = 8025968
t0.nodes = 140500572
t0.propagations = 140500572
t6.stop_reason = aborted
t6.restarts = 14038
t6.nogoods_size = 8025968
t6.nodes = 145603733
t6.propagations = 145603733
t26.stop_reason = aborted
t26.restarts = 14038
t26.nogoods_size = 8025968
t26.nodes = 130969965
t26.propagations = 130969965
t33.stop_reason = aborted
t33.restarts = 14038
t33.nogoods_size = 8025968
t33.nodes = 140394120
t33.propagations = 140394120
t4.stop_reason = aborted
t4.restarts = 14038
t4.nogoods_size = 8025968
t4.nodes = 144060055
t4.propagations = 144060055
t35.stop_reason = aborted
t35.restarts = 14038
t35.nogoods_size = 8025968
t35.nodes = 135309963
t35.propagations = 135309963
t14.stop_reason = aborted
t14.restarts = 14038
t14.nogoods_size = 8025968
t14.nodes = 144450122
t14.propagations = 144450122
t10.stop_reason = aborted
t10.restarts = 14038
t10.nogoods_size = 8025968
t10.nodes = 144074222
t10.propagations = 144074222
t3.stop_reason = aborted
t3.restarts = 14038
t3.nogoods_size = 8025968
t3.nodes = 138444602
t3.propagations = 138444602
t21.stop_reason = aborted
t21.restarts = 14038
t21.nogoods_size = 8025968
t21.nodes = 140534243
t21.propagations = 140534243
t34.stop_reason = aborted
t34.restarts = 14038
t34.nogoods_size = 8025968
t34.nodes = 143062297
t34.propagations = 143062297
t32.stop_reason = aborted
t32.restarts = 14038
t32.nogoods_size = 8025968
t32.nodes = 129916311
t32.propagations = 129916311
t27.stop_reason = aborted
t27.restarts = 14038
t27.nogoods_size = 8025968
t27.nodes = 140452689
t27.propagations = 140452689
t30.stop_reason = aborted
t30.restarts = 14038
t30.nogoods_size = 8025968
t30.nodes = 138142179
t30.propagations = 138142179
t7.stop_reason = aborted
t7.restarts = 14038
t7.nogoods_size = 8025968
t7.nodes = 140924821
t7.propagations = 140924821
t11.stop_reason = aborted
t11.restarts = 14038
t11.nogoods_size = 8025968
t11.nodes = 143111229
t11.propagations = 143111229
t5.stop_reason = aborted
t5.restarts = 14038
t5.nogoods_size = 8025968
t5.nodes = 142228315
t5.propagations = 142228315
t18.stop_reason = aborted
t18.restarts = 14038
t18.nogoods_size = 8025968
t18.nodes = 145289998
t18.propagations = 145289998
search_time = 999995
