hostname = r1i2n28
commandline = ../glasgow/solve_subgraph_isomorphism --value-ordering=biased --geometric-restarts=1.0 --restarts-constant=10000 --triggered-restarts --threads=36 --timeout 1000 --format lad ../instances/si/si4_rand_r005_200/si4_r005_m200.09/pattern ../instances/si/si4_rand_r005_200/si4_r005_m200.09/target
started_at = 2018-11-16 00:18:13
pattern_file = ../instances/si/si4_rand_r005_200/si4_r005_m200.09/pattern
target_file = ../instances/si/si4_rand_r005_200/si4_r005_m200.09/target
status = true
nodes = 3657
propagations = 10979
mapping = (0 -> 164) (1 -> 113) (2 -> 53) (3 -> 0) (4 -> 96) (5 -> 73) (6 -> 171) (7 -> 9) (8 -> 46) (9 -> 168) (10 -> 198) (11 -> 93) (12 -> 18) (13 -> 64) (14 -> 173) (15 -> 90) (16 -> 170) (17 -> 159) (18 -> 123) (19 -> 152) (20 -> 25) (21 -> 51) (22 -> 101) (23 -> 197) (24 -> 36) (25 -> 156) (26 -> 172) (27 -> 85) (28 -> 179) (29 -> 49) (30 -> 59) (31 -> 166) (32 -> 196) (33 -> 116) (34 -> 112) (35 -> 84) (36 -> 20) (37 -> 15) (38 -> 183) (39 -> 128) (40 -> 65) (41 -> 67) (42 -> 124) (43 -> 182) (44 -> 14) (45 -> 178) (46 -> 186) (47 -> 110) (48 -> 23) (49 -> 180) (50 -> 126) (51 -> 58) (52 -> 27) (53 -> 150) (54 -> 133) (55 -> 153) (56 -> 82) (57 -> 68) (58 -> 181) (59 -> 199) (60 -> 129) (61 -> 92) (62 -> 97) (63 -> 54) (64 -> 26) (65 -> 72) (66 -> 86) (67 -> 34) (68 -> 45) (69 -> 35) (70 -> 87) (71 -> 131) (72 -> 13) (73 -> 118) (74 -> 63) (75 -> 43) (76 -> 138) (77 -> 21) (78 -> 187) (79 -> 149) 
runtime = 25
t30.where = 1/171 -1/-1 1/10 -1/-1 0/4 -1/-1 0/2 -1/-1 0/2 -1/-1 -1/-1 -1/-1 -1/-1 -1/-1 -1/-1 -1/-1 -1/-1 -1/-1 -1/-1 -1/-1 -1/-1 -1/-1 -1/-1 -1/-1 -1/-1 -1/-1 -1/-1 -1/-1 -1/-1 -1/-1 -1/-1 -1/-1 -1/-1 -1/-1 -1/-1 -1/-1 -1/-1 -1/-1 -1/-1 -1/-1 -1/-1 -1/-1 -1/-1 -1/-1 -1/-1 -1/-1 -1/-1 -1/-1 -1/-1 -1/-1 -1/-1 -1/-1 -1/-1 -1/-1 -1/-1 -1/-1 -1/-1 -1/-1 -1/-1 -1/-1 -1/-1 -1/-1 -1/-1 -1/-1 -1/-1 -1/-1 -1/-1 -1/-1 -1/-1 -1/-1 -1/-1 -1/-1 -1/-1 -1/-1 -1/-1 -1/-1 -1/-1 -1/-1 -1/-1 -1/-1 -1/-1 -1/-1 -1/-1 -1/-1 0/2 -1/-1
t30.stop_reason = satisfiable
t30.restarts = 2
t30.nogoods_size = 36
t30.nodes = 57
t30.propagations = 57
t7.stop_reason = aborted
t7.restarts = 2
t7.nogoods_size = 36
t7.nodes = 85
t7.propagations = 85
t35.stop_reason = aborted
t35.restarts = 2
t35.nogoods_size = 36
t35.nodes = 34
t35.propagations = 34
t17.stop_reason = aborted
t17.restarts = 2
t17.nogoods_size = 36
t17.nodes = 110
t17.propagations = 110
t34.stop_reason = aborted
t34.restarts = 2
t34.nogoods_size = 36
t34.nodes = 42
t34.propagations = 42
t28.stop_reason = aborted
t28.restarts = 2
t28.nogoods_size = 36
t28.nodes = 39
t28.propagations = 39
t23.stop_reason = aborted
t23.restarts = 2
t23.nogoods_size = 36
t23.nodes = 89
t23.propagations = 89
t10.stop_reason = aborted
t10.restarts = 2
t10.nogoods_size = 36
t10.nodes = 132
t10.propagations = 132
t20.stop_reason = aborted
t20.restarts = 2
t20.nogoods_size = 36
t20.nodes = 91
t20.propagations = 91
t0.stop_reason = aborted
t0.restarts = 2
t0.nogoods_size = 36
t0.nodes = 193
t0.propagations = 193
t4.stop_reason = aborted
t4.restarts = 2
t4.nogoods_size = 36
t4.nodes = 107
t4.propagations = 107
t21.stop_reason = aborted
t21.restarts = 2
t21.nogoods_size = 36
t21.nodes = 99
t21.propagations = 99
t19.stop_reason = aborted
t19.restarts = 2
t19.nogoods_size = 36
t19.nodes = 96
t19.propagations = 96
t12.stop_reason = aborted
t12.restarts = 2
t12.nogoods_size = 36
t12.nodes = 120
t12.propagations = 120
t26.stop_reason = aborted
t26.restarts = 2
t26.nogoods_size = 36
t26.nodes = 78
t26.propagations = 78
t2.stop_reason = aborted
t2.restarts = 2
t2.nogoods_size = 36
t2.nodes = 179
t2.propagations = 179
t24.stop_reason = aborted
t24.restarts = 2
t24.nogoods_size = 36
t24.nodes = 71
t24.propagations = 71
t15.stop_reason = aborted
t15.restarts = 2
t15.nogoods_size = 36
t15.nodes = 113
t15.propagations = 113
t9.stop_reason = aborted
t9.restarts = 2
t9.nogoods_size = 36
t9.nodes = 98
t9.propagations = 98
t18.stop_reason = aborted
t18.restarts = 2
t18.nogoods_size = 36
t18.nodes = 111
t18.propagations = 111
t6.stop_reason = aborted
t6.restarts = 2
t6.nogoods_size = 36
t6.nodes = 139
t6.propagations = 139
t8.stop_reason = aborted
t8.restarts = 2
t8.nogoods_size = 36
t8.nodes = 135
t8.propagations = 135
t13.stop_reason = aborted
t13.restarts = 2
t13.nogoods_size = 36
t13.nodes = 123
t13.propagations = 123
t5.stop_reason = aborted
t5.restarts = 2
t5.nogoods_size = 36
t5.nodes = 152
t5.propagations = 152
t33.stop_reason = aborted
t33.restarts = 2
t33.nogoods_size = 36
t33.nodes = 75
t33.propagations = 75
t31.stop_reason = aborted
t31.restarts = 2
t31.nogoods_size = 36
t31.nodes = 64
t31.propagations = 64
t27.stop_reason = aborted
t27.restarts = 2
t27.nogoods_size = 36
t27.nodes = 80
t27.propagations = 80
t1.stop_reason = aborted
t1.restarts = 2
t1.nogoods_size = 36
t1.nodes = 224
t1.propagations = 224
t22.stop_reason = aborted
t22.restarts = 2
t22.nogoods_size = 36
t22.nodes = 79
t22.propagations = 79
t3.stop_reason = aborted
t3.restarts = 2
t3.nogoods_size = 36
t3.nodes = 187
t3.propagations = 187
t14.stop_reason = aborted
t14.restarts = 2
t14.nogoods_size = 36
t14.nodes = 122
t14.propagations = 122
t11.stop_reason = aborted
t11.restarts = 2
t11.nogoods_size = 36
t11.nodes = 85
t11.propagations = 85
t25.stop_reason = aborted
t25.restarts = 2
t25.nogoods_size = 36
t25.nodes = 68
t25.propagations = 68
t32.stop_reason = aborted
t32.restarts = 2
t32.nogoods_size = 36
t32.nodes = 31
t32.propagations = 31
t16.stop_reason = aborted
t16.restarts = 2
t16.nogoods_size = 36
t16.nodes = 115
t16.propagations = 115
t29.stop_reason = aborted
t29.restarts = 2
t29.nogoods_size = 36
t29.nodes = 34
t29.propagations = 34
search_time = 12
