hostname = r1i1n22
commandline = ../glasgow/solve_subgraph_isomorphism --value-ordering=biased --threads=36 --timeout 1000 --format lad ../instances/meshes-CVIU11/patterns/pattern3 ../instances/meshes-CVIU11/targets/target459
started_at = 2018-11-16 13:33:19
pattern_file = ../instances/meshes-CVIU11/patterns/pattern3
target_file = ../instances/meshes-CVIU11/targets/target459
status = true
nodes = 158411510
propagations = 342744187
mapping = (0 -> 85) (1 -> 1) (2 -> 1133) (3 -> 1134) (4 -> 1132) (5 -> 569) (6 -> 555) (7 -> 572) (8 -> 554) (9 -> 574) (10 -> 709) (11 -> 708) (12 -> 701) (13 -> 702) (14 -> 703) (15 -> 552) (16 -> 551) (17 -> 605) (18 -> 639) (19 -> 638) (20 -> 637) (21 -> 632) (22 -> 633) (23 -> 634) (24 -> 636) (25 -> 599) (26 -> 600) (27 -> 682) (28 -> 681) (29 -> 680) (30 -> 679) (31 -> 589) (32 -> 587) (33 -> 586) (34 -> 585) (35 -> 584) (36 -> 579) (37 -> 711) (38 -> 710) (39 -> 601) (40 -> 602) (41 -> 604) (42 -> 606) (43 -> 607) (44 -> 608) (45 -> 548) (46 -> 597) (47 -> 596) (48 -> 598) (49 -> 595) (50 -> 593) (51 -> 594) (52 -> 592) (53 -> 591) (54 -> 646) (55 -> 647) (56 -> 641) (57 -> 642) (58 -> 643) (59 -> 644) (60 -> 645) (61 -> 678) (62 -> 677) (63 -> 676) (64 -> 628) (65 -> 492) (66 -> 491) (67 -> 487) (68 -> 486) (69 -> 627) (70 -> 485) (71 -> 489) (72 -> 490) (73 -> 481) (74 -> 483) (75 -> 484) (76 -> 765) (77 -> 619) (78 -> 618) (79 -> 526) (80 -> 525) (81 -> 524) (82 -> 559) (83 -> 699) (84 -> 698) (85 -> 573) (86 -> 556) (87 -> 557) (88 -> 558) (89 -> 565) (90 -> 564) (91 -> 563) (92 -> 560) (93 -> 561) (94 -> 522) (95 -> 500) (96 -> 521) (97 -> 744) (98 -> 743) (99 -> 740) (100 -> 739) (101 -> 737) (102 -> 735) (103 -> 506) (104 -> 507) (105 -> 508) (106 -> 720) (107 -> 721) (108 -> 719) (109 -> 718) (110 -> 562) (111 -> 520) (112 -> 517) (113 -> 518) (114 -> 519) (115 -> 758) (116 -> 511) (117 -> 512) (118 -> 505) (119 -> 504) (120 -> 503) (121 -> 567) (122 -> 566) (123 -> 61) (124 -> 60) (125 -> 1704) (126 -> 1703) (127 -> 1691) (128 -> 1702) (129 -> 1701) (130 -> 1692) (131 -> 1690) (132 -> 1718) (133 -> 3584) (134 -> 3583) (135 -> 3588) (136 -> 3587) (137 -> 3590) (138 -> 3589) (139 -> 3594) (140 -> 3567) (141 -> 3566) (142 -> 3595) (143 -> 3600) (144 -> 3601) (145 -> 3564) (146 -> 3563) (147 -> 3562) (148 -> 3593) (149 -> 3596) (150 -> 3597) (151 -> 3598) (152 -> 3599) (153 -> 3602) (154 -> 3603) (155 -> 3140) (156 -> 1942) (157 -> 2469) (158 -> 3895) (159 -> 2798) (160 -> 3868) (161 -> 2545) (162 -> 2987) 
runtime = 472231
t9.stop_reason = aborted
t9.restarts = 2524
t9.nogoods_size = 1090631
t9.nodes = 4530256
t9.propagations = 4530256
t10.stop_reason = aborted
t10.restarts = 2524
t10.nogoods_size = 1090631
t10.nodes = 4472822
t10.propagations = 4472822
t16.stop_reason = aborted
t16.restarts = 2524
t16.nogoods_size = 1090631
t16.nodes = 4541712
t16.propagations = 4541712
t32.stop_reason = aborted
t32.restarts = 2524
t32.nogoods_size = 1090631
t32.nodes = 4116417
t32.propagations = 4116417
t13.stop_reason = aborted
t13.restarts = 2524
t13.nogoods_size = 1090631
t13.nodes = 4550694
t13.propagations = 4550694
t11.stop_reason = aborted
t11.restarts = 2524
t11.nogoods_size = 1090631
t11.nodes = 4375318
t11.propagations = 4375318
t14.stop_reason = aborted
t14.restarts = 2524
t14.nogoods_size = 1090631
t14.nodes = 4583733
t14.propagations = 4583733
t17.stop_reason = aborted
t17.restarts = 2524
t17.nogoods_size = 1090631
t17.nodes = 4714301
t17.propagations = 4714301
t19.stop_reason = aborted
t19.restarts = 2524
t19.nogoods_size = 1090631
t19.nodes = 4378031
t19.propagations = 4378031
t27.stop_reason = aborted
t27.restarts = 2524
t27.nogoods_size = 1090631
t27.nodes = 4669589
t27.propagations = 4669589
t28.stop_reason = aborted
t28.restarts = 2524
t28.nogoods_size = 1090631
t28.nodes = 4371428
t28.propagations = 4371428
t23.stop_reason = aborted
t23.restarts = 2524
t23.nogoods_size = 1090631
t23.nodes = 4499803
t23.propagations = 4499803
t22.stop_reason = aborted
t22.restarts = 2524
t22.nogoods_size = 1090631
t22.nodes = 4364700
t22.propagations = 4364700
t12.stop_reason = aborted
t12.restarts = 2524
t12.nogoods_size = 1090631
t12.nodes = 4466949
t12.propagations = 4466949
t34.stop_reason = aborted
t34.restarts = 2524
t34.nogoods_size = 1090631
t34.nodes = 4240412
t34.propagations = 4240412
t29.where = -1/-1 0/2 -1/-1 -1/-1 -1/-1 -1/-1 -1/-1 -1/-1 -1/-1 -1/-1 0/698 -1/-1 -1/-1 -1/-1 -1/-1 -1/-1 -1/-1 0/3 -1/-1 0/2 -1/-1 -1/-1 0/2 -1/-1 0/2 -1/-1 -1/-1 -1/-1 -1/-1 -1/-1 0/2 -1/-1 1/2 -1/-1 0/4 -1/-1 1/3 -1/-1 0/2 -1/-1 -1/-1 0/3 -1/-1 0/4 -1/-1 0/3 -1/-1 0/4 -1/-1 0/3 -1/-1 1/3 -1/-1 -1/-1 0/2 -1/-1 -1/-1 0/2 -1/-1 -1/-1 -1/-1 0/3 -1/-1 0/2 -1/-1 0/5 -1/-1 0/4 -1/-1 0/3 -1/-1 1/2 -1/-1 0/2 -1/-1 0/2 -1/-1 1/2 -1/-1 1/2 -1/-1 0/2 -1/-1 1/4 -1/-1 1/3 -1/-1 0/2 -1/-1 0/2 -1/-1 0/3 -1/-1 -1/-1 0/3 -1/-1 -1/-1 -1/-1 1/7 -1/-1 0/5 -1/-1 0/2 -1/-1 0/2 -1/-1 0/2 -1/-1 0/3 -1/-1 1/2 -1/-1 0/2 -1/-1 1/3 -1/-1 0/3 -1/-1 0/2 -1/-1 -1/-1 -1/-1 1/2 -1/-1 0/2 -1/-1 -1/-1 -1/-1 -1/-1 -1/-1 -1/-1 -1/-1 -1/-1 -1/-1 0/3 -1/-1 -1/-1 0/2 -1/-1 -1/-1 0/2 -1/-1 -1/-1 -1/-1 0/2 -1/-1 -1/-1 1/2 -1/-1 -1/-1 0/2 -1/-1 -1/-1 -1/-1 0/2 -1/-1 -1/-1 0/3 -1/-1 0/6 -1/-1 0/6 -1/-1 0/3 -1/-1 -1/-1 -1/-1 -1/-1 -1/-1 0/2 -1/-1 -1/-1 0/2 -1/-1 -1/-1 0/2 -1/-1 0/2 -1/-1 0/2 -1/-1 0/3 -1/-1 0/2 -1/-1 -1/-1 -1/-1 -1/-1 0/7 -1/-1 -1/-1 -1/-1 0/2 -1/-1 0/3 -1/-1 0/3 -1/-1 1/1802 -1/-1 0/4 -1/-1 0/3 -1/-1 0/3 -1/-1 0/2 -1/-1 0/2 -1/-1 0/3 -1/-1 0/2 -1/-1 0/2 -1/-1 0/3 -1/-1 0/3 -1/-1 -1/-1 0/2 -1/-1 0/2 -1/-1 0/3 -1/-1 0/3 -1/-1 0/3 -1/-1 0/3 -1/-1 -1/-1 0/2 -1/-1 0/3 -1/-1 0/3 -1/-1 0/2362 -1/-1 0/2 -1/-1 0/2 -1/-1 0/2837 -1/-1 0/4 -1/-1 0/2865 -1/-1 0/2864 -1/-1 0/2863 -1/-1 0/2862 -1/-1 0/2861 -1/-1 0/2860 -1/-1 0/2859 -1/-1 0/2858 -1/-1 0/2857 -1/-1
t29.stop_reason = satisfiable
t29.restarts = 2524
t29.nogoods_size = 1090631
t29.nodes = 4042871
t29.propagations = 4042871
t7.stop_reason = aborted
t7.restarts = 2524
t7.nogoods_size = 1090631
t7.nodes = 4645639
t7.propagations = 4645639
t8.stop_reason = aborted
t8.restarts = 2524
t8.nogoods_size = 1090631
t8.nodes = 4400362
t8.propagations = 4400362
t1.stop_reason = aborted
t1.restarts = 2524
t1.nogoods_size = 1090631
t1.nodes = 4364234
t1.propagations = 4364234
t4.stop_reason = aborted
t4.restarts = 2524
t4.nogoods_size = 1090631
t4.nodes = 4291839
t4.propagations = 4291839
t31.stop_reason = aborted
t31.restarts = 2524
t31.nogoods_size = 1090631
t31.nodes = 4388383
t31.propagations = 4388383
t33.stop_reason = aborted
t33.restarts = 2524
t33.nogoods_size = 1090631
t33.nodes = 4492513
t33.propagations = 4492513
t0.stop_reason = aborted
t0.restarts = 2524
t0.nogoods_size = 1090631
t0.nodes = 4496396
t0.propagations = 4496396
t15.stop_reason = aborted
t15.restarts = 2524
t15.nogoods_size = 1090631
t15.nodes = 4448258
t15.propagations = 4448258
t24.stop_reason = aborted
t24.restarts = 2524
t24.nogoods_size = 1090631
t24.nodes = 4315909
t24.propagations = 4315909
t35.stop_reason = aborted
t35.restarts = 2524
t35.nogoods_size = 1090631
t35.nodes = 4479597
t35.propagations = 4479597
t21.stop_reason = aborted
t21.restarts = 2524
t21.nogoods_size = 1090631
t21.nodes = 4113668
t21.propagations = 4113668
t6.stop_reason = aborted
t6.restarts = 2524
t6.nogoods_size = 1090631
t6.nodes = 4451991
t6.propagations = 4451991
t20.stop_reason = aborted
t20.restarts = 2524
t20.nogoods_size = 1090631
t20.nodes = 4229445
t20.propagations = 4229445
t26.stop_reason = aborted
t26.restarts = 2524
t26.nogoods_size = 1090631
t26.nodes = 4519788
t26.propagations = 4519788
t18.stop_reason = aborted
t18.restarts = 2524
t18.nogoods_size = 1090631
t18.nodes = 4171726
t18.propagations = 4171726
t30.stop_reason = aborted
t30.restarts = 2524
t30.nogoods_size = 1090631
t30.nodes = 4388387
t30.propagations = 4388387
t25.stop_reason = aborted
t25.restarts = 2524
t25.nogoods_size = 1090631
t25.nodes = 4195580
t25.propagations = 4195580
t5.stop_reason = aborted
t5.restarts = 2524
t5.nogoods_size = 1090631
t5.nodes = 4157300
t5.propagations = 4157300
t2.stop_reason = aborted
t2.restarts = 2524
t2.nogoods_size = 1090631
t2.nodes = 4661422
t2.propagations = 4661422
t3.stop_reason = aborted
t3.restarts = 2524
t3.nogoods_size = 1090631
t3.nodes = 4280037
t3.propagations = 4280037
search_time = 448104
