hostname = r1i3n30
commandline = ../glasgow/solve_subgraph_isomorphism --value-ordering=biased --threads=36 --timeout 1000 --format lad ../instances/images-CVIU11/patterns/pattern11 ../instances/images-CVIU11/targets/target59
started_at = 2018-11-16 12:24:33
pattern_file = ../instances/images-CVIU11/patterns/pattern11
target_file = ../instances/images-CVIU11/targets/target59
status = false
nodes = 2154
propagations = 49330
runtime = 223
t0.stop_reason = unsatisfiable
t0.restarts = 2
t0.nogoods_size = 36
t0.nodes = 86
t0.propagations = 86
t11.stop_reason = aborted
t11.restarts = 2
t11.nogoods_size = 36
t11.nodes = 85
t11.propagations = 85
t14.stop_reason = aborted
t14.restarts = 2
t14.nogoods_size = 36
t14.nodes = 10
t14.propagations = 10
t9.stop_reason = aborted
t9.restarts = 2
t9.nogoods_size = 36
t9.nodes = 85
t9.propagations = 85
t31.stop_reason = aborted
t31.restarts = 2
t31.nogoods_size = 36
t31.nodes = 36
t31.propagations = 36
t7.stop_reason = aborted
t7.restarts = 2
t7.nogoods_size = 36
t7.nodes = 84
t7.propagations = 84
t13.stop_reason = aborted
t13.restarts = 2
t13.nogoods_size = 36
t13.nodes = 82
t13.propagations = 82
t35.stop_reason = aborted
t35.restarts = 2
t35.nogoods_size = 36
t35.nodes = 36
t35.propagations = 36
t30.stop_reason = aborted
t30.restarts = 2
t30.nogoods_size = 36
t30.nodes = 81
t30.propagations = 81
t29.stop_reason = aborted
t29.restarts = 2
t29.nogoods_size = 36
t29.nodes = 73
t29.propagations = 73
t20.stop_reason = aborted
t20.restarts = 2
t20.nogoods_size = 36
t20.nodes = 80
t20.propagations = 80
t2.stop_reason = unsatisfiable
t2.restarts = 2
t2.nogoods_size = 36
t2.nodes = 86
t2.propagations = 86
t23.stop_reason = aborted
t23.restarts = 2
t23.nogoods_size = 36
t23.nodes = 80
t23.propagations = 80
t22.stop_reason = aborted
t22.restarts = 2
t22.nogoods_size = 36
t22.nodes = 78
t22.propagations = 78
t33.stop_reason = aborted
t33.restarts = 2
t33.nogoods_size = 36
t33.nodes = 8
t33.propagations = 8
t1.stop_reason = unsatisfiable
t1.restarts = 2
t1.nogoods_size = 36
t1.nodes = 86
t1.propagations = 86
t4.stop_reason = aborted
t4.restarts = 2
t4.nogoods_size = 36
t4.nodes = 48
t4.propagations = 48
t34.stop_reason = aborted
t34.restarts = 2
t34.nogoods_size = 36
t34.nodes = 28
t34.propagations = 28
t32.stop_reason = aborted
t32.restarts = 2
t32.nogoods_size = 36
t32.nodes = 77
t32.propagations = 77
t28.stop_reason = aborted
t28.restarts = 2
t28.nogoods_size = 36
t28.nodes = 79
t28.propagations = 79
t21.stop_reason = aborted
t21.restarts = 2
t21.nogoods_size = 36
t21.nodes = 39
t21.propagations = 39
t24.stop_reason = aborted
t24.restarts = 2
t24.nogoods_size = 36
t24.nodes = 81
t24.propagations = 81
t8.stop_reason = aborted
t8.restarts = 2
t8.nogoods_size = 36
t8.nodes = 85
t8.propagations = 85
t16.stop_reason = aborted
t16.restarts = 2
t16.nogoods_size = 36
t16.nodes = 83
t16.propagations = 83
t5.stop_reason = aborted
t5.restarts = 2
t5.nogoods_size = 36
t5.nodes = 41
t5.propagations = 41
t15.stop_reason = aborted
t15.restarts = 2
t15.nogoods_size = 36
t15.nodes = 8
t15.propagations = 8
t6.stop_reason = unsatisfiable
t6.restarts = 2
t6.nogoods_size = 36
t6.nodes = 86
t6.propagations = 86
t27.stop_reason = aborted
t27.restarts = 2
t27.nogoods_size = 36
t27.nodes = 12
t27.propagations = 12
t25.stop_reason = aborted
t25.restarts = 2
t25.nogoods_size = 36
t25.nodes = 37
t25.propagations = 37
t26.stop_reason = aborted
t26.restarts = 2
t26.nogoods_size = 36
t26.nodes = 84
t26.propagations = 84
t18.stop_reason = aborted
t18.restarts = 2
t18.nogoods_size = 36
t18.nodes = 83
t18.propagations = 83
t3.stop_reason = aborted
t3.restarts = 2
t3.nogoods_size = 36
t3.nodes = 36
t3.propagations = 36
t12.stop_reason = aborted
t12.restarts = 2
t12.nogoods_size = 36
t12.nodes = 46
t12.propagations = 46
t10.stop_reason = aborted
t10.restarts = 2
t10.nogoods_size = 36
t10.nodes = 42
t10.propagations = 42
t17.stop_reason = aborted
t17.restarts = 2
t17.nogoods_size = 36
t17.nodes = 40
t17.propagations = 40
t19.stop_reason = aborted
t19.restarts = 2
t19.nogoods_size = 36
t19.nodes = 43
t19.propagations = 43
search_time = 43
