hostname = r1i2n16
commandline = ../glasgow/solve_subgraph_isomorphism --value-ordering=biased --threads=36 --timeout 1000 --format lad ../instances/meshes-CVIU11/patterns/pattern3 ../instances/meshes-CVIU11/targets/target155
started_at = 2018-11-16 12:23:10
pattern_file = ../instances/meshes-CVIU11/patterns/pattern3
target_file = ../instances/meshes-CVIU11/targets/target155
status = true
nodes = 37706
propagations = 79281
mapping = (0 -> 2224) (1 -> 1) (2 -> 1265) (3 -> 1264) (4 -> 1261) (5 -> 513) (6 -> 480) (7 -> 481) (8 -> 482) (9 -> 515) (10 -> 548) (11 -> 549) (12 -> 516) (13 -> 517) (14 -> 484) (15 -> 485) (16 -> 518) (17 -> 519) (18 -> 520) (19 -> 521) (20 -> 522) (21 -> 555) (22 -> 588) (23 -> 587) (24 -> 620) (25 -> 653) (26 -> 652) (27 -> 651) (28 -> 650) (29 -> 649) (30 -> 648) (31 -> 647) (32 -> 646) (33 -> 613) (34 -> 580) (35 -> 581) (36 -> 582) (37 -> 615) (38 -> 614) (39 -> 619) (40 -> 618) (41 -> 617) (42 -> 584) (43 -> 585) (44 -> 552) (45 -> 551) (46 -> 654) (47 -> 655) (48 -> 656) (49 -> 688) (50 -> 687) (51 -> 686) (52 -> 685) (53 -> 684) (54 -> 683) (55 -> 682) (56 -> 621) (57 -> 622) (58 -> 589) (59 -> 590) (60 -> 591) (61 -> 592) (62 -> 593) (63 -> 560) (64 -> 486) (65 -> 487) (66 -> 488) (67 -> 455) (68 -> 454) (69 -> 453) (70 -> 452) (71 -> 456) (72 -> 457) (73 -> 458) (74 -> 459) (75 -> 492) (76 -> 525) (77 -> 489) (78 -> 490) (79 -> 491) (80 -> 524) (81 -> 523) (82 -> 556) (83 -> 550) (84 -> 583) (85 -> 483) (86 -> 514) (87 -> 545) (88 -> 544) (89 -> 546) (90 -> 577) (91 -> 576) (92 -> 575) (93 -> 542) (94 -> 543) (95 -> 510) (96 -> 509) (97 -> 476) (98 -> 477) (99 -> 478) (100 -> 511) (101 -> 512) (102 -> 479) (103 -> 508) (104 -> 475) (105 -> 474) (106 -> 507) (107 -> 506) (108 -> 473) (109 -> 472) (110 -> 609) (111 -> 610) (112 -> 643) (113 -> 644) (114 -> 645) (115 -> 641) (116 -> 608) (117 -> 607) (118 -> 606) (119 -> 573) (120 -> 572) (121 -> 578) (122 -> 579) (123 -> 2095) (124 -> 2090) (125 -> 1209) (126 -> 1208) (127 -> 1149) (128 -> 1207) (129 -> 1206) (130 -> 1205) (131 -> 1204) (132 -> 1148) (133 -> 779) (134 -> 746) (135 -> 747) (136 -> 748) (137 -> 715) (138 -> 716) (139 -> 717) (140 -> 750) (141 -> 783) (142 -> 782) (143 -> 815) (144 -> 814) (145 -> 813) (146 -> 846) (147 -> 847) (148 -> 718) (149 -> 751) (150 -> 752) (151 -> 753) (152 -> 720) (153 -> 721) (154 -> 722) (155 -> 1660) (156 -> 138) (157 -> 1679) (158 -> 1464) (159 -> 1625) (160 -> 1837) (161 -> 1987) (162 -> 393) 
runtime = 711
t30.stop_reason = aborted
t30.restarts = 4
t30.nogoods_size = 1194
t30.nodes = 2496
t30.propagations = 2496
t29.stop_reason = aborted
t29.restarts = 4
t29.nogoods_size = 1194
t29.nodes = 880
t29.propagations = 880
t28.where = -1/-1 0/4 -1/-1 0/2 -1/-1 -1/-1 -1/-1 -1/-1 -1/-1 -1/-1 -1/-1 0/1346 -1/-1 0/4 -1/-1 0/3 -1/-1 -1/-1 -1/-1 0/2 -1/-1 0/3 -1/-1 0/2 -1/-1 0/2 -1/-1 0/2 -1/-1 -1/-1 0/2 -1/-1 0/2 -1/-1 0/2 -1/-1 0/3 -1/-1 1/2 -1/-1 0/2 -1/-1 -1/-1 1/2 -1/-1 0/2 -1/-1 0/2 -1/-1 1/3 -1/-1 0/2 -1/-1 -1/-1 0/2 -1/-1 1/2 -1/-1 0/2 -1/-1 1/2 -1/-1 0/2 -1/-1 -1/-1 -1/-1 -1/-1 -1/-1 -1/-1 -1/-1 0/2 -1/-1 -1/-1 -1/-1 0/2 -1/-1 -1/-1 -1/-1 0/2 -1/-1 0/2 -1/-1 0/2 -1/-1 0/2 -1/-1 -1/-1 0/2 -1/-1 0/2 -1/-1 -1/-1 0/2 -1/-1 1/3 -1/-1 0/3 -1/-1 1/3 -1/-1 0/2 -1/-1 -1/-1 0/2 -1/-1 -1/-1 0/2 -1/-1 0/2 -1/-1 0/2 -1/-1 -1/-1 -1/-1 -1/-1 0/2 -1/-1 -1/-1 -1/-1 0/2 -1/-1 -1/-1 -1/-1 -1/-1 -1/-1 0/2 -1/-1 -1/-1 0/2 -1/-1 -1/-1 -1/-1 -1/-1 -1/-1 -1/-1 0/3 -1/-1 0/3 -1/-1 0/3 -1/-1 0/2 -1/-1 0/3 -1/-1 0/2 -1/-1 -1/-1 0/2 -1/-1 0/3 -1/-1 0/2 -1/-1 0/2 -1/-1 0/3 -1/-1 0/3 -1/-1 -1/-1 1/3 -1/-1 0/2 -1/-1 -1/-1 0/2 -1/-1 -1/-1 -1/-1 0/2 -1/-1 -1/-1 0/3 -1/-1 -1/-1 0/2 -1/-1 0/2 -1/-1 0/3 -1/-1 -1/-1 0/3 -1/-1 0/2 -1/-1 0/2 -1/-1 0/2 -1/-1 0/3 -1/-1 -1/-1 0/3 -1/-1 0/3 -1/-1 0/3 -1/-1 0/3 -1/-1 0/3 -1/-1 0/1737 -1/-1 0/4 -1/-1 0/3 -1/-1 0/3 -1/-1 0/2 -1/-1 0/2 -1/-1 0/2 -1/-1 -1/-1 0/2 -1/-1 0/2 -1/-1 0/2 -1/-1 0/3 -1/-1 0/3 -1/-1 0/3 -1/-1 0/3 -1/-1 0/3 -1/-1 0/3 -1/-1 0/3 -1/-1 0/2 -1/-1 0/2 -1/-1 0/3 -1/-1 0/3 -1/-1 0/1758 -1/-1 0/2 -1/-1 -1/-1 0/1781 -1/-1 0/4 -1/-1 0/1786 -1/-1 0/1785 -1/-1 0/1784 -1/-1 0/1783 -1/-1 0/1782 -1/-1 0/1781 -1/-1 0/1780 -1/-1 0/1779 -1/-1 0/1778 -1/-1
t28.stop_reason = satisfiable
t28.restarts = 4
t28.nogoods_size = 1194
t28.nodes = 1475
t28.propagations = 1475
t7.stop_reason = aborted
t7.restarts = 4
t7.nogoods_size = 1194
t7.nodes = 645
t7.propagations = 645
t17.stop_reason = aborted
t17.restarts = 4
t17.nogoods_size = 1194
t17.nodes = 959
t17.propagations = 959
t32.stop_reason = aborted
t32.restarts = 4
t32.nogoods_size = 1194
t32.nodes = 1043
t32.propagations = 1043
t25.stop_reason = aborted
t25.restarts = 4
t25.nogoods_size = 1194
t25.nodes = 1580
t25.propagations = 1580
t11.stop_reason = aborted
t11.restarts = 4
t11.nogoods_size = 1194
t11.nodes = 842
t11.propagations = 842
t4.stop_reason = aborted
t4.restarts = 4
t4.nogoods_size = 1194
t4.nodes = 979
t4.propagations = 979
t3.stop_reason = aborted
t3.restarts = 4
t3.nogoods_size = 1194
t3.nodes = 1551
t3.propagations = 1551
t35.stop_reason = aborted
t35.restarts = 4
t35.nogoods_size = 1194
t35.nodes = 776
t35.propagations = 776
t33.stop_reason = aborted
t33.restarts = 4
t33.nogoods_size = 1194
t33.nodes = 954
t33.propagations = 954
t15.stop_reason = aborted
t15.restarts = 4
t15.nogoods_size = 1194
t15.nodes = 636
t15.propagations = 636
t21.stop_reason = aborted
t21.restarts = 4
t21.nogoods_size = 1194
t21.nodes = 1069
t21.propagations = 1069
t8.stop_reason = aborted
t8.restarts = 4
t8.nogoods_size = 1194
t8.nodes = 755
t8.propagations = 755
t23.stop_reason = aborted
t23.restarts = 4
t23.nogoods_size = 1194
t23.nodes = 1690
t23.propagations = 1690
t13.stop_reason = aborted
t13.restarts = 4
t13.nogoods_size = 1194
t13.nodes = 944
t13.propagations = 944
t5.stop_reason = aborted
t5.restarts = 4
t5.nogoods_size = 1194
t5.nodes = 957
t5.propagations = 957
t18.stop_reason = aborted
t18.restarts = 4
t18.nogoods_size = 1194
t18.nodes = 735
t18.propagations = 735
t2.stop_reason = aborted
t2.restarts = 4
t2.nogoods_size = 1194
t2.nodes = 945
t2.propagations = 945
t0.stop_reason = aborted
t0.restarts = 4
t0.nogoods_size = 1194
t0.nodes = 610
t0.propagations = 610
t24.stop_reason = aborted
t24.restarts = 4
t24.nogoods_size = 1194
t24.nodes = 932
t24.propagations = 932
t19.stop_reason = aborted
t19.restarts = 4
t19.nogoods_size = 1194
t19.nodes = 848
t19.propagations = 848
t31.stop_reason = aborted
t31.restarts = 4
t31.nogoods_size = 1194
t31.nodes = 991
t31.propagations = 991
t22.stop_reason = aborted
t22.restarts = 4
t22.nogoods_size = 1194
t22.nodes = 1980
t22.propagations = 1980
t1.stop_reason = aborted
t1.restarts = 4
t1.nogoods_size = 1194
t1.nodes = 796
t1.propagations = 796
t27.stop_reason = aborted
t27.restarts = 4
t27.nogoods_size = 1194
t27.nodes = 954
t27.propagations = 954
t26.stop_reason = aborted
t26.restarts = 4
t26.nogoods_size = 1194
t26.nodes = 988
t26.propagations = 988
t10.stop_reason = aborted
t10.restarts = 4
t10.nogoods_size = 1194
t10.nodes = 707
t10.propagations = 707
t12.stop_reason = aborted
t12.restarts = 4
t12.nogoods_size = 1194
t12.nodes = 845
t12.propagations = 845
t9.stop_reason = aborted
t9.restarts = 4
t9.nogoods_size = 1194
t9.nodes = 1038
t9.propagations = 1038
t14.stop_reason = aborted
t14.restarts = 4
t14.nogoods_size = 1194
t14.nodes = 888
t14.propagations = 888
t16.stop_reason = aborted
t16.restarts = 4
t16.nogoods_size = 1194
t16.nodes = 791
t16.propagations = 791
t6.stop_reason = aborted
t6.restarts = 4
t6.nogoods_size = 1194
t6.nodes = 883
t6.propagations = 883
t20.stop_reason = aborted
t20.restarts = 4
t20.nogoods_size = 1194
t20.nodes = 1565
t20.propagations = 1565
t34.stop_reason = aborted
t34.restarts = 4
t34.nogoods_size = 1194
t34.nodes = 979
t34.propagations = 979
search_time = 312
