hostname = r2i1n6
commandline = ../glasgow/solve_subgraph_isomorphism --value-ordering=biased --threads=36 --timeout 1000 --format lad ../instances/meshes-CVIU11/patterns/pattern3 ../instances/meshes-CVIU11/targets/target164
started_at = 2018-11-16 13:23:07
pattern_file = ../instances/meshes-CVIU11/patterns/pattern3
target_file = ../instances/meshes-CVIU11/targets/target164
status = true
nodes = 27881255
propagations = 60073735
mapping = (0 -> 1527) (1 -> 1) (2 -> 292) (3 -> 293) (4 -> 291) (5 -> 243) (6 -> 139) (7 -> 140) (8 -> 230) (9 -> 231) (10 -> 228) (11 -> 227) (12 -> 149) (13 -> 150) (14 -> 151) (15 -> 61) (16 -> 60) (17 -> 158) (18 -> 159) (19 -> 160) (20 -> 167) (21 -> 168) (22 -> 157) (23 -> 155) (24 -> 166) (25 -> 165) (26 -> 164) (27 -> 163) (28 -> 124) (29 -> 125) (30 -> 222) (31 -> 95) (32 -> 218) (33 -> 221) (34 -> 129) (35 -> 130) (36 -> 393) (37 -> 241) (38 -> 242) (39 -> 162) (40 -> 161) (41 -> 55) (42 -> 56) (43 -> 57) (44 -> 58) (45 -> 59) (46 -> 169) (47 -> 180) (48 -> 198) (49 -> 181) (50 -> 182) (51 -> 183) (52 -> 195) (53 -> 194) (54 -> 192) (55 -> 193) (56 -> 170) (57 -> 171) (58 -> 179) (59 -> 178) (60 -> 177) (61 -> 176) (62 -> 196) (63 -> 197) (64 -> 62) (65 -> 63) (66 -> 64) (67 -> 16) (68 -> 15) (69 -> 14) (70 -> 13) (71 -> 17) (72 -> 18) (73 -> 68) (74 -> 77) (75 -> 76) (76 -> 84) (77 -> 65) (78 -> 66) (79 -> 79) (80 -> 78) (81 -> 82) (82 -> 83) (83 -> 234) (84 -> 395) (85 -> 229) (86 -> 378) (87 -> 366) (88 -> 367) (89 -> 365) (90 -> 364) (91 -> 278) (92 -> 280) (93 -> 281) (94 -> 282) (95 -> 36) (96 -> 37) (97 -> 284) (98 -> 283) (99 -> 319) (100 -> 320) (101 -> 321) (102 -> 322) (103 -> 38) (104 -> 315) (105 -> 314) (106 -> 316) (107 -> 40) (108 -> 41) (109 -> 42) (110 -> 276) (111 -> 274) (112 -> 275) (113 -> 31) (114 -> 270) (115 -> 273) (116 -> 272) (117 -> 271) (118 -> 369) (119 -> 368) (120 -> 370) (121 -> 380) (122 -> 379) (123 -> 1563) (124 -> 1562) (125 -> 1466) (126 -> 1463) (127 -> 1373) (128 -> 1462) (129 -> 1459) (130 -> 1458) (131 -> 1455) (132 -> 1467) (133 -> 783) (134 -> 782) (135 -> 780) (136 -> 781) (137 -> 763) (138 -> 762) (139 -> 761) (140 -> 760) (141 -> 759) (142 -> 758) (143 -> 757) (144 -> 756) (145 -> 755) (146 -> 788) (147 -> 789) (148 -> 785) (149 -> 784) (150 -> 786) (151 -> 787) (152 -> 754) (153 -> 794) (154 -> 793) (155 -> 1356) (156 -> 353) (157 -> 1708) (158 -> 1969) (159 -> 473) (160 -> 1313) (161 -> 1749) (162 -> 2036) 
runtime = 80067
t8.where = -1/-1 -1/-1 0/2 -1/-1 0/2 -1/-1 -1/-1 -1/-1 -1/-1 -1/-1 -1/-1 0/139 -1/-1 0/2 -1/-1 -1/-1 -1/-1 -1/-1 -1/-1 0/3 -1/-1 -1/-1 -1/-1 -1/-1 0/2 -1/-1 -1/-1 0/2 -1/-1 0/2 -1/-1 0/2 -1/-1 -1/-1 -1/-1 -1/-1 0/3 -1/-1 2/3 -1/-1 1/2 -1/-1 0/2 -1/-1 1/2 -1/-1 0/2 -1/-1 2/3 -1/-1 0/2 -1/-1 1/2 -1/-1 -1/-1 0/2 -1/-1 1/2 -1/-1 -1/-1 1/2 -1/-1 0/2 -1/-1 1/2 -1/-1 2/3 -1/-1 -1/-1 -1/-1 1/2 -1/-1 -1/-1 -1/-1 0/2 -1/-1 -1/-1 -1/-1 -1/-1 0/3 -1/-1 0/2 -1/-1 -1/-1 -1/-1 -1/-1 -1/-1 0/2 -1/-1 0/2 -1/-1 0/2 -1/-1 -1/-1 -1/-1 0/2 -1/-1 -1/-1 0/2 -1/-1 -1/-1 0/2 -1/-1 0/3 -1/-1 -1/-1 0/2 -1/-1 -1/-1 -1/-1 -1/-1 -1/-1 -1/-1 -1/-1 -1/-1 0/2 -1/-1 -1/-1 0/2 -1/-1 0/2 -1/-1 0/2 -1/-1 -1/-1 -1/-1 -1/-1 0/2 -1/-1 0/3 -1/-1 0/7 -1/-1 0/4 -1/-1 0/2 -1/-1 0/2 -1/-1 0/2 -1/-1 0/2 -1/-1 1/2 -1/-1 0/2 -1/-1 0/2 -1/-1 0/3 -1/-1 -1/-1 0/2 -1/-1 -1/-1 -1/-1 -1/-1 -1/-1 0/2 -1/-1 -1/-1 -1/-1 0/2 -1/-1 0/2 -1/-1 0/2 -1/-1 -1/-1 -1/-1 0/2 -1/-1 -1/-1 -1/-1 0/2 -1/-1 -1/-1 0/2 -1/-1 0/2 -1/-1 0/2 -1/-1 -1/-1 0/2 -1/-1 0/2 -1/-1 0/2 -1/-1 0/3 -1/-1 0/3 -1/-1 0/1227 -1/-1 0/3 -1/-1 0/2 -1/-1 0/2 -1/-1 0/2 -1/-1 -1/-1 -1/-1 0/2 -1/-1 0/2 -1/-1 -1/-1 0/2 -1/-1 -1/-1 -1/-1 -1/-1 -1/-1 -1/-1 0/2 -1/-1 -1/-1 -1/-1 -1/-1 -1/-1 -1/-1 0/1379 -1/-1 0/2 -1/-1 -1/-1 0/1519 -1/-1 0/4 -1/-1 0/1527 -1/-1 0/1526 -1/-1 0/1525 -1/-1 0/1524 -1/-1 0/1523 -1/-1 0/1522 -1/-1 0/1521 -1/-1 0/1520 -1/-1 0/1519 -1/-1
t8.stop_reason = satisfiable
t8.restarts = 512
t8.nogoods_size = 195227
t8.nodes = 746592
t8.propagations = 746592
t16.stop_reason = aborted
t16.restarts = 512
t16.nogoods_size = 195227
t16.nodes = 778952
t16.propagations = 778952
t6.stop_reason = aborted
t6.restarts = 512
t6.nogoods_size = 195227
t6.nodes = 806414
t6.propagations = 806414
t17.stop_reason = aborted
t17.restarts = 512
t17.nogoods_size = 195227
t17.nodes = 762554
t17.propagations = 762554
t19.stop_reason = aborted
t19.restarts = 512
t19.nogoods_size = 195227
t19.nodes = 836416
t19.propagations = 836416
t24.stop_reason = aborted
t24.restarts = 512
t24.nogoods_size = 195227
t24.nodes = 789169
t24.propagations = 789169
t34.stop_reason = aborted
t34.restarts = 512
t34.nogoods_size = 195227
t34.nodes = 747215
t34.propagations = 747215
t2.stop_reason = aborted
t2.restarts = 512
t2.nogoods_size = 195227
t2.nodes = 785878
t2.propagations = 785878
t12.stop_reason = aborted
t12.restarts = 512
t12.nogoods_size = 195227
t12.nodes = 807194
t12.propagations = 807194
t33.stop_reason = aborted
t33.restarts = 512
t33.nogoods_size = 195227
t33.nodes = 761800
t33.propagations = 761800
t27.stop_reason = aborted
t27.restarts = 512
t27.nogoods_size = 195227
t27.nodes = 714665
t27.propagations = 714665
t30.stop_reason = aborted
t30.restarts = 512
t30.nogoods_size = 195227
t30.nodes = 789493
t30.propagations = 789493
t7.stop_reason = aborted
t7.restarts = 512
t7.nogoods_size = 195227
t7.nodes = 781103
t7.propagations = 781103
t18.stop_reason = aborted
t18.restarts = 512
t18.nogoods_size = 195227
t18.nodes = 746278
t18.propagations = 746278
t13.stop_reason = aborted
t13.restarts = 512
t13.nogoods_size = 195227
t13.nodes = 806464
t13.propagations = 806464
t3.stop_reason = aborted
t3.restarts = 512
t3.nogoods_size = 195227
t3.nodes = 735595
t3.propagations = 735595
t4.stop_reason = aborted
t4.restarts = 512
t4.nogoods_size = 195227
t4.nodes = 760205
t4.propagations = 760205
t1.stop_reason = aborted
t1.restarts = 512
t1.nogoods_size = 195227
t1.nodes = 774506
t1.propagations = 774506
t5.stop_reason = aborted
t5.restarts = 512
t5.nogoods_size = 195227
t5.nodes = 809391
t5.propagations = 809391
t29.stop_reason = aborted
t29.restarts = 512
t29.nogoods_size = 195227
t29.nodes = 761906
t29.propagations = 761906
t22.stop_reason = aborted
t22.restarts = 512
t22.nogoods_size = 195227
t22.nodes = 788404
t22.propagations = 788404
t20.stop_reason = aborted
t20.restarts = 512
t20.nogoods_size = 195227
t20.nodes = 761224
t20.propagations = 761224
t9.stop_reason = aborted
t9.restarts = 512
t9.nogoods_size = 195227
t9.nodes = 776083
t9.propagations = 776083
t11.stop_reason = aborted
t11.restarts = 512
t11.nogoods_size = 195227
t11.nodes = 764770
t11.propagations = 764770
t35.stop_reason = aborted
t35.restarts = 512
t35.nogoods_size = 195227
t35.nodes = 748541
t35.propagations = 748541
t26.stop_reason = aborted
t26.restarts = 512
t26.nogoods_size = 195227
t26.nodes = 791936
t26.propagations = 791936
t32.stop_reason = aborted
t32.restarts = 512
t32.nogoods_size = 195227
t32.nodes = 747093
t32.propagations = 747093
t28.stop_reason = aborted
t28.restarts = 512
t28.nogoods_size = 195227
t28.nodes = 743736
t28.propagations = 743736
t31.stop_reason = aborted
t31.restarts = 512
t31.nogoods_size = 195227
t31.nodes = 717653
t31.propagations = 717653
t0.stop_reason = aborted
t0.restarts = 512
t0.nogoods_size = 195227
t0.nodes = 795299
t0.propagations = 795299
t25.stop_reason = aborted
t25.restarts = 512
t25.nogoods_size = 195227
t25.nodes = 773267
t25.propagations = 773267
t15.stop_reason = aborted
t15.restarts = 512
t15.nogoods_size = 195227
t15.nodes = 771849
t15.propagations = 771849
t23.stop_reason = aborted
t23.restarts = 512
t23.nogoods_size = 195227
t23.nodes = 765860
t23.propagations = 765860
t14.stop_reason = aborted
t14.restarts = 512
t14.nogoods_size = 195227
t14.nodes = 815180
t14.propagations = 815180
t21.stop_reason = aborted
t21.restarts = 512
t21.nogoods_size = 195227
t21.nodes = 821605
t21.propagations = 821605
t10.stop_reason = aborted
t10.restarts = 512
t10.nogoods_size = 195227
t10.nodes = 796965
t10.propagations = 796965
search_time = 77319
