hostname = r1i3n30
commandline = ../glasgow/solve_subgraph_isomorphism --value-ordering=biased --threads=36 --timeout 1000 --format lad ../instances/meshes-CVIU11/patterns/pattern3 ../instances/meshes-CVIU11/targets/target342
started_at = 2018-11-16 12:23:14
pattern_file = ../instances/meshes-CVIU11/patterns/pattern3
target_file = ../instances/meshes-CVIU11/targets/target342
status = true
nodes = 39469
propagations = 118569
mapping = (0 -> 445) (1 -> 1) (2 -> 51) (3 -> 190) (4 -> 48) (5 -> 511) (6 -> 525) (7 -> 514) (8 -> 513) (9 -> 505) (10 -> 504) (11 -> 515) (12 -> 503) (13 -> 494) (14 -> 495) (15 -> 488) (16 -> 489) (17 -> 483) (18 -> 487) (19 -> 486) (20 -> 498) (21 -> 485) (22 -> 8) (23 -> 6) (24 -> 652) (25 -> 651) (26 -> 649) (27 -> 10) (28 -> 9) (29 -> 7) (30 -> 4) (31 -> 499) (32 -> 497) (33 -> 501) (34 -> 517) (35 -> 521) (36 -> 522) (37 -> 537) (38 -> 538) (39 -> 646) (40 -> 639) (41 -> 645) (42 -> 15) (43 -> 12) (44 -> 14) (45 -> 482) (46 -> 650) (47 -> 635) (48 -> 648) (49 -> 636) (50 -> 628) (51 -> 616) (52 -> 612) (53 -> 611) (54 -> 617) (55 -> 627) (56 -> 634) (57 -> 653) (58 -> 5) (59 -> 3) (60 -> 500) (61 -> 519) (62 -> 518) (63 -> 520) (64 -> 493) (65 -> 492) (66 -> 491) (67 -> 478) (68 -> 507) (69 -> 506) (70 -> 508) (71 -> 479) (72 -> 22) (73 -> 20) (74 -> 21) (75 -> 23) (76 -> 605) (77 -> 480) (78 -> 18) (79 -> 481) (80 -> 17) (81 -> 16) (82 -> 643) (83 -> 516) (84 -> 502) (85 -> 512) (86 -> 527) (87 -> 533) (88 -> 541) (89 -> 542) (90 -> 532) (91 -> 531) (92 -> 544) (93 -> 545) (94 -> 547) (95 -> 558) (96 -> 557) (97 -> 50) (98 -> 53) (99 -> 559) (100 -> 54) (101 -> 55) (102 -> 52) (103 -> 556) (104 -> 551) (105 -> 555) (106 -> 560) (107 -> 561) (108 -> 49) (109 -> 46) (110 -> 530) (111 -> 476) (112 -> 546) (113 -> 58) (114 -> 57) (115 -> 61) (116 -> 60) (117 -> 59) (118 -> 194) (119 -> 56) (120 -> 193) (121 -> 528) (122 -> 549) (123 -> 25) (124 -> 64) (125 -> 629) (126 -> 614) (127 -> 631) (128 -> 613) (129 -> 596) (130 -> 632) (131 -> 633) (132 -> 630) (133 -> 571) (134 -> 29) (135 -> 30) (136 -> 31) (137 -> 32) (138 -> 71) (139 -> 72) (140 -> 73) (141 -> 74) (142 -> 37) (143 -> 38) (144 -> 2) (145 -> 36) (146 -> 565) (147 -> 595) (148 -> 169) (149 -> 170) (150 -> 165) (151 -> 70) (152 -> 69) (153 -> 163) (154 -> 67) (155 -> 594) (156 -> 1156) (157 -> 1000) (158 -> 474) (159 -> 665) (160 -> 929) (161 -> 47) (162 -> 749) 
runtime = 295
t2.stop_reason = aborted
t2.restarts = 4
t2.nogoods_size = 879
t2.nodes = 1676
t2.propagations = 1676
t15.stop_reason = aborted
t15.restarts = 4
t15.nogoods_size = 879
t15.nodes = 1227
t15.propagations = 1227
t21.stop_reason = aborted
t21.restarts = 4
t21.nogoods_size = 879
t21.nodes = 1258
t21.propagations = 1258
t24.stop_reason = aborted
t24.restarts = 4
t24.nogoods_size = 879
t24.nodes = 1482
t24.propagations = 1482
t27.stop_reason = aborted
t27.restarts = 4
t27.nogoods_size = 879
t27.nodes = 1544
t27.propagations = 1544
t10.stop_reason = aborted
t10.restarts = 4
t10.nogoods_size = 879
t10.nodes = 2147
t10.propagations = 2147
t35.stop_reason = aborted
t35.restarts = 4
t35.nogoods_size = 879
t35.nodes = 1309
t35.propagations = 1309
t5.stop_reason = aborted
t5.restarts = 4
t5.nogoods_size = 879
t5.nodes = 294
t5.propagations = 294
t18.where = -1/-1 0/540 -1/-1 0/6 -1/-1 0/2 -1/-1 -1/-1 -1/-1 -1/-1 -1/-1 -1/-1 0/662 -1/-1 0/6 -1/-1 0/5 -1/-1 0/4 -1/-1 0/3 -1/-1 0/2 -1/-1 0/2 -1/-1 0/3 -1/-1 0/3 -1/-1 0/3 -1/-1 0/4 -1/-1 0/4 -1/-1 0/3 -1/-1 0/2 -1/-1 0/4 -1/-1 0/4 -1/-1 0/3 -1/-1 0/2 -1/-1 -1/-1 -1/-1 -1/-1 0/2 -1/-1 -1/-1 0/3 -1/-1 0/2 -1/-1 0/3 -1/-1 0/3 -1/-1 0/3 -1/-1 0/3 -1/-1 0/4 -1/-1 0/4 -1/-1 0/3 -1/-1 0/3 -1/-1 0/4 -1/-1 0/2 -1/-1 -1/-1 0/3 -1/-1 0/4 -1/-1 0/5 -1/-1 0/3 -1/-1 -1/-1 0/3 -1/-1 0/3 -1/-1 0/3 -1/-1 0/4 -1/-1 0/3 -1/-1 0/3 -1/-1 0/4 -1/-1 0/4 -1/-1 0/4 -1/-1 1/3 -1/-1 -1/-1 0/2 -1/-1 0/4 -1/-1 0/2 -1/-1 -1/-1 -1/-1 0/2 -1/-1 -1/-1 -1/-1 -1/-1 -1/-1 0/2 -1/-1 0/2 -1/-1 -1/-1 0/3 -1/-1 0/2 -1/-1 0/3 -1/-1 0/4 -1/-1 -1/-1 0/2 -1/-1 0/4 -1/-1 0/5 -1/-1 0/4 -1/-1 -1/-1 0/4 -1/-1 0/5 -1/-1 0/5 -1/-1 0/4 -1/-1 0/4 -1/-1 0/3 -1/-1 0/2 -1/-1 0/3 -1/-1 0/4 -1/-1 0/3 -1/-1 0/3 -1/-1 0/4 -1/-1 0/4 -1/-1 0/4 -1/-1 0/3 -1/-1 1/2 -1/-1 0/2 -1/-1 0/2 -1/-1 0/2 -1/-1 0/4 -1/-1 0/2 -1/-1 0/5 -1/-1 0/4 -1/-1 0/3 -1/-1 0/4 -1/-1 0/3 -1/-1 -1/-1 -1/-1 0/3 -1/-1 0/4 -1/-1 0/5 -1/-1 0/4 -1/-1 0/2 -1/-1 0/4 -1/-1 0/2 -1/-1 0/5 -1/-1 0/2 -1/-1 0/5 -1/-1 0/4 -1/-1 0/4 -1/-1 0/4 -1/-1 0/5 -1/-1 -1/-1 0/613 -1/-1 0/4 -1/-1 0/3 -1/-1 0/3 -1/-1 0/5 -1/-1 0/4 -1/-1 0/4 -1/-1 0/3 -1/-1 0/2 -1/-1 0/3 -1/-1 0/4 -1/-1 0/3 -1/-1 0/4 -1/-1 0/4 -1/-1 0/5 -1/-1 -1/-1 0/3 -1/-1 0/4 -1/-1 0/5 -1/-1 0/2 -1/-1 0/3 -1/-1 0/5 -1/-1 0/601 -1/-1 0/4 -1/-1 0/3 -1/-1 0/669 -1/-1 0/3 -1/-1 0/907 -1/-1 0/906 -1/-1 0/905 -1/-1 0/904 -1/-1 0/903 -1/-1 0/902 -1/-1 0/901 -1/-1 0/900 -1/-1 0/899 -1/-1
t18.stop_reason = satisfiable
t18.restarts = 4
t18.nogoods_size = 879
t18.nodes = 880
t18.propagations = 880
t25.stop_reason = aborted
t25.restarts = 4
t25.nogoods_size = 879
t25.nodes = 603
t25.propagations = 603
t1.stop_reason = aborted
t1.restarts = 4
t1.nogoods_size = 879
t1.nodes = 1590
t1.propagations = 1590
t33.stop_reason = aborted
t33.restarts = 4
t33.nogoods_size = 879
t33.nodes = 513
t33.propagations = 513
t11.stop_reason = aborted
t11.restarts = 4
t11.nogoods_size = 879
t11.nodes = 1223
t11.propagations = 1223
t14.stop_reason = aborted
t14.restarts = 4
t14.nogoods_size = 879
t14.nodes = 1219
t14.propagations = 1219
t20.stop_reason = aborted
t20.restarts = 4
t20.nogoods_size = 879
t20.nodes = 1046
t20.propagations = 1046
t4.stop_reason = aborted
t4.restarts = 4
t4.nogoods_size = 879
t4.nodes = 1365
t4.propagations = 1365
t26.stop_reason = aborted
t26.restarts = 4
t26.nogoods_size = 879
t26.nodes = 1129
t26.propagations = 1129
t9.stop_reason = aborted
t9.restarts = 4
t9.nogoods_size = 879
t9.nodes = 2107
t9.propagations = 2107
t16.stop_reason = aborted
t16.restarts = 4
t16.nogoods_size = 879
t16.nodes = 1216
t16.propagations = 1216
t32.stop_reason = aborted
t32.restarts = 4
t32.nogoods_size = 879
t32.nodes = 1308
t32.propagations = 1308
t23.stop_reason = aborted
t23.restarts = 4
t23.nogoods_size = 879
t23.nodes = 682
t23.propagations = 682
t28.stop_reason = aborted
t28.restarts = 4
t28.nogoods_size = 879
t28.nodes = 433
t28.propagations = 433
t13.stop_reason = aborted
t13.restarts = 4
t13.nogoods_size = 879
t13.nodes = 1941
t13.propagations = 1941
t7.stop_reason = aborted
t7.restarts = 4
t7.nogoods_size = 879
t7.nodes = 1154
t7.propagations = 1154
t31.stop_reason = aborted
t31.restarts = 4
t31.nogoods_size = 879
t31.nodes = 848
t31.propagations = 848
t3.stop_reason = aborted
t3.restarts = 4
t3.nogoods_size = 879
t3.nodes = 778
t3.propagations = 778
t19.stop_reason = aborted
t19.restarts = 4
t19.nogoods_size = 879
t19.nodes = 673
t19.propagations = 673
t0.stop_reason = aborted
t0.restarts = 4
t0.nogoods_size = 879
t0.nodes = 1263
t0.propagations = 1263
t30.stop_reason = aborted
t30.restarts = 4
t30.nogoods_size = 879
t30.nodes = 617
t30.propagations = 617
t12.stop_reason = aborted
t12.restarts = 4
t12.nogoods_size = 879
t12.nodes = 655
t12.propagations = 655
t6.stop_reason = aborted
t6.restarts = 4
t6.nogoods_size = 879
t6.nodes = 1075
t6.propagations = 1075
t8.stop_reason = aborted
t8.restarts = 4
t8.nogoods_size = 879
t8.nodes = 761
t8.propagations = 761
t29.stop_reason = aborted
t29.restarts = 4
t29.nogoods_size = 879
t29.nodes = 553
t29.propagations = 553
t17.stop_reason = aborted
t17.restarts = 4
t17.nogoods_size = 879
t17.nodes = 765
t17.propagations = 765
t34.stop_reason = aborted
t34.restarts = 4
t34.nogoods_size = 879
t34.nodes = 555
t34.propagations = 555
t22.stop_reason = aborted
t22.restarts = 4
t22.nogoods_size = 879
t22.nodes = 1580
t22.propagations = 1580
search_time = 155
