hostname = r1i0n5
commandline = ../glasgow/solve_subgraph_isomorphism --value-ordering=biased --threads=36 --timeout 1000 --format lad ../instances/meshes-CVIU11/patterns/pattern3 ../instances/meshes-CVIU11/targets/target508
started_at = 2018-11-16 12:23:58
pattern_file = ../instances/meshes-CVIU11/patterns/pattern3
target_file = ../instances/meshes-CVIU11/targets/target508
status = true
nodes = 92078
propagations = 198803
mapping = (0 -> 1523) (1 -> 1) (2 -> 1235) (3 -> 1234) (4 -> 1236) (5 -> 228) (6 -> 229) (7 -> 224) (8 -> 223) (9 -> 230) (10 -> 8) (11 -> 7) (12 -> 43) (13 -> 42) (14 -> 51) (15 -> 50) (16 -> 73) (17 -> 80) (18 -> 103) (19 -> 102) (20 -> 111) (21 -> 112) (22 -> 113) (23 -> 100) (24 -> 83) (25 -> 84) (26 -> 69) (27 -> 54) (28 -> 39) (29 -> 15) (30 -> 16) (31 -> 13) (32 -> 233) (33 -> 232) (34 -> 231) (35 -> 9) (36 -> 10) (37 -> 11) (38 -> 12) (39 -> 70) (40 -> 53) (41 -> 40) (42 -> 41) (43 -> 52) (44 -> 71) (45 -> 72) (46 -> 99) (47 -> 114) (48 -> 115) (49 -> 129) (50 -> 128) (51 -> 127) (52 -> 116) (53 -> 97) (54 -> 96) (55 -> 87) (56 -> 98) (57 -> 85) (58 -> 68) (59 -> 55) (60 -> 56) (61 -> 57) (62 -> 58) (63 -> 65) (64 -> 49) (65 -> 48) (66 -> 47) (67 -> 76) (68 -> 75) (69 -> 74) (70 -> 79) (71 -> 77) (72 -> 78) (73 -> 105) (74 -> 108) (75 -> 107) (76 -> 136) (77 -> 46) (78 -> 2) (79 -> 3) (80 -> 227) (81 -> 226) (82 -> 197) (83 -> 6) (84 -> 44) (85 -> 200) (86 -> 225) (87 -> 198) (88 -> 199) (89 -> 195) (90 -> 194) (91 -> 193) (92 -> 170) (93 -> 163) (94 -> 162) (95 -> 141) (96 -> 142) (97 -> 143) (98 -> 144) (99 -> 145) (100 -> 146) (101 -> 157) (102 -> 156) (103 -> 131) (104 -> 132) (105 -> 133) (106 -> 134) (107 -> 139) (108 -> 164) (109 -> 165) (110 -> 192) (111 -> 201) (112 -> 202) (113 -> 203) (114 -> 190) (115 -> 222) (116 -> 221) (117 -> 220) (118 -> 219) (119 -> 234) (120 -> 235) (121 -> 169) (122 -> 196) (123 -> 1037) (124 -> 1036) (125 -> 122) (126 -> 151) (127 -> 31) (128 -> 152) (129 -> 181) (130 -> 182) (131 -> 211) (132 -> 121) (133 -> 180) (134 -> 179) (135 -> 184) (136 -> 183) (137 -> 210) (138 -> 209) (139 -> 208) (140 -> 185) (141 -> 186) (142 -> 177) (143 -> 178) (144 -> 155) (145 -> 148) (146 -> 125) (147 -> 124) (148 -> 207) (149 -> 206) (150 -> 205) (151 -> 204) (152 -> 189) (153 -> 174) (154 -> 175) (155 -> 1183) (156 -> 1200) (157 -> 1010) (158 -> 609) (159 -> 1439) (160 -> 1492) (161 -> 110) (162 -> 404) 
runtime = 582
t33.stop_reason = aborted
t33.restarts = 8
t33.nogoods_size = 2207
t33.nodes = 3374
t33.propagations = 3374
t18.stop_reason = aborted
t18.restarts = 8
t18.nogoods_size = 2207
t18.nodes = 4407
t18.propagations = 4407
t25.stop_reason = aborted
t25.restarts = 8
t25.nogoods_size = 2207
t25.nodes = 3076
t25.propagations = 3076
t32.stop_reason = aborted
t32.restarts = 8
t32.nogoods_size = 2207
t32.nodes = 4188
t32.propagations = 4188
t2.stop_reason = aborted
t2.restarts = 8
t2.nogoods_size = 2207
t2.nodes = 2395
t2.propagations = 2395
t22.stop_reason = aborted
t22.restarts = 8
t22.nogoods_size = 2207
t22.nodes = 1899
t22.propagations = 1899
t12.stop_reason = aborted
t12.restarts = 8
t12.nogoods_size = 2207
t12.nodes = 1897
t12.propagations = 1897
t23.stop_reason = aborted
t23.restarts = 8
t23.nogoods_size = 2207
t23.nodes = 1662
t23.propagations = 1662
t1.stop_reason = aborted
t1.restarts = 8
t1.nogoods_size = 2207
t1.nodes = 3366
t1.propagations = 3366
t9.stop_reason = aborted
t9.restarts = 8
t9.nogoods_size = 2207
t9.nodes = 2564
t9.propagations = 2564
t15.stop_reason = aborted
t15.restarts = 8
t15.nogoods_size = 2207
t15.nodes = 2102
t15.propagations = 2102
t13.where = -1/-1 -1/-1 0/16 -1/-1 0/2 -1/-1 -1/-1 -1/-1 -1/-1 -1/-1 -1/-1 0/213 -1/-1 0/3 -1/-1 0/2 -1/-1 0/2 -1/-1 -1/-1 -1/-1 0/3 -1/-1 0/2 -1/-1 0/2 -1/-1 0/2 -1/-1 -1/-1 0/2 -1/-1 0/2 -1/-1 0/2 -1/-1 0/2 -1/-1 0/2 -1/-1 0/3 -1/-1 0/2 -1/-1 0/3 -1/-1 0/2 -1/-1 0/3 -1/-1 0/2 -1/-1 -1/-1 0/2 -1/-1 -1/-1 -1/-1 -1/-1 -1/-1 -1/-1 -1/-1 -1/-1 -1/-1 -1/-1 0/2 -1/-1 -1/-1 0/2 -1/-1 0/2 -1/-1 0/2 -1/-1 -1/-1 0/2 -1/-1 -1/-1 0/2 -1/-1 0/2 -1/-1 -1/-1 0/2 -1/-1 -1/-1 0/3 -1/-1 0/3 -1/-1 0/3 -1/-1 0/3 -1/-1 0/3 -1/-1 0/3 -1/-1 2/3 -1/-1 0/3 -1/-1 0/2 -1/-1 0/2 -1/-1 -1/-1 0/2 -1/-1 0/2 -1/-1 0/2 -1/-1 -1/-1 -1/-1 -1/-1 -1/-1 -1/-1 0/2 -1/-1 0/2 -1/-1 0/2 -1/-1 0/2 -1/-1 0/2 -1/-1 0/2 -1/-1 0/2 -1/-1 -1/-1 0/3 -1/-1 0/3 -1/-1 0/3 -1/-1 0/2 -1/-1 0/3 -1/-1 0/2 -1/-1 -1/-1 0/2 -1/-1 -1/-1 0/2 -1/-1 0/2 -1/-1 0/3 -1/-1 0/3 -1/-1 0/3 -1/-1 0/3 -1/-1 0/2 -1/-1 0/2 -1/-1 -1/-1 0/3 -1/-1 0/2 -1/-1 0/2 -1/-1 -1/-1 0/2 -1/-1 0/2 -1/-1 0/2 -1/-1 0/2 -1/-1 0/2 -1/-1 0/3 -1/-1 0/3 -1/-1 0/3 -1/-1 -1/-1 0/3 -1/-1 0/2 -1/-1 -1/-1 -1/-1 -1/-1 0/2 -1/-1 -1/-1 0/2 -1/-1 0/3 -1/-1 -1/-1 0/3 -1/-1 0/3 -1/-1 0/3 -1/-1 0/3 -1/-1 0/114 -1/-1 0/3 -1/-1 0/2 -1/-1 0/2 -1/-1 0/2 -1/-1 0/2 -1/-1 0/3 -1/-1 0/2 -1/-1 0/2 -1/-1 0/2 -1/-1 0/2 -1/-1 -1/-1 0/2 -1/-1 0/2 -1/-1 0/2 -1/-1 0/3 -1/-1 0/3 -1/-1 0/3 -1/-1 -1/-1 0/2 -1/-1 0/3 -1/-1 0/3 -1/-1 0/1542 -1/-1 0/2 -1/-1 -1/-1 0/1553 -1/-1 0/2 -1/-1 0/1552 -1/-1 0/1551 -1/-1 0/1550 -1/-1 0/1549 -1/-1 0/1548 -1/-1 0/1547 -1/-1 0/1546 -1/-1 0/1545 -1/-1 0/1544 -1/-1
t13.stop_reason = satisfiable
t13.restarts = 8
t13.nogoods_size = 2207
t13.nodes = 2250
t13.propagations = 2250
t6.stop_reason = aborted
t6.restarts = 8
t6.nogoods_size = 2207
t6.nodes = 2691
t6.propagations = 2691
t3.stop_reason = aborted
t3.restarts = 8
t3.nogoods_size = 2207
t3.nodes = 3338
t3.propagations = 3338
t0.stop_reason = aborted
t0.restarts = 8
t0.nogoods_size = 2207
t0.nodes = 1957
t0.propagations = 1957
t26.stop_reason = aborted
t26.restarts = 8
t26.nogoods_size = 2207
t26.nodes = 4178
t26.propagations = 4178
t16.stop_reason = aborted
t16.restarts = 8
t16.nogoods_size = 2207
t16.nodes = 3427
t16.propagations = 3427
t14.stop_reason = aborted
t14.restarts = 8
t14.nogoods_size = 2207
t14.nodes = 2050
t14.propagations = 2050
t5.stop_reason = aborted
t5.restarts = 8
t5.nogoods_size = 2207
t5.nodes = 2468
t5.propagations = 2468
t35.stop_reason = aborted
t35.restarts = 8
t35.nogoods_size = 2207
t35.nodes = 2571
t35.propagations = 2571
t7.stop_reason = aborted
t7.restarts = 8
t7.nogoods_size = 2207
t7.nodes = 2620
t7.propagations = 2620
t29.stop_reason = aborted
t29.restarts = 8
t29.nogoods_size = 2207
t29.nodes = 2246
t29.propagations = 2246
t20.stop_reason = aborted
t20.restarts = 8
t20.nogoods_size = 2207
t20.nodes = 2173
t20.propagations = 2173
t21.stop_reason = aborted
t21.restarts = 8
t21.nogoods_size = 2207
t21.nodes = 1982
t21.propagations = 1982
t19.stop_reason = aborted
t19.restarts = 8
t19.nogoods_size = 2207
t19.nodes = 1906
t19.propagations = 1906
t24.stop_reason = aborted
t24.restarts = 8
t24.nogoods_size = 2207
t24.nodes = 1657
t24.propagations = 1657
t31.stop_reason = aborted
t31.restarts = 8
t31.nogoods_size = 2207
t31.nodes = 2094
t31.propagations = 2094
t8.stop_reason = aborted
t8.restarts = 8
t8.nogoods_size = 2207
t8.nodes = 1792
t8.propagations = 1792
t28.stop_reason = aborted
t28.restarts = 8
t28.nogoods_size = 2207
t28.nodes = 2586
t28.propagations = 2586
t4.stop_reason = aborted
t4.restarts = 8
t4.nogoods_size = 2207
t4.nodes = 3513
t4.propagations = 3513
t34.stop_reason = aborted
t34.restarts = 8
t34.nogoods_size = 2207
t34.nodes = 1782
t34.propagations = 1782
t10.stop_reason = aborted
t10.restarts = 8
t10.nogoods_size = 2207
t10.nodes = 1616
t10.propagations = 1616
t11.stop_reason = aborted
t11.restarts = 8
t11.nogoods_size = 2207
t11.nodes = 2249
t11.propagations = 2249
t30.stop_reason = aborted
t30.restarts = 8
t30.nogoods_size = 2207
t30.nodes = 2429
t30.propagations = 2429
t27.stop_reason = aborted
t27.restarts = 8
t27.nogoods_size = 2207
t27.nodes = 2586
t27.propagations = 2586
t17.stop_reason = aborted
t17.restarts = 8
t17.nogoods_size = 2207
t17.nodes = 2987
t17.propagations = 2987
search_time = 285
