hostname = r1i2n16
commandline = ../glasgow/solve_subgraph_isomorphism --value-ordering=biased --threads=36 --timeout 1000 --format lad ../instances/LV/g10 ../instances/largerGraphs/g68
started_at = 2018-11-16 12:21:25
pattern_file = ../instances/LV/g10
target_file = ../instances/largerGraphs/g68
status = true
nodes = 236
propagations = 280
mapping = (0 -> 113) (1 -> 115) (2 -> 50) (3 -> 124) (4 -> 121) (5 -> 114) (6 -> 122) (7 -> 14) (8 -> 51) (9 -> 49) (10 -> 104) (11 -> 234) (12 -> 318) (13 -> 53) (14 -> 48) (15 -> 153) (16 -> 156) (17 -> 194) (18 -> 174) (19 -> 237) (20 -> 192) (21 -> 227) (22 -> 229) (23 -> 180) (24 -> 244) (25 -> 245) (26 -> 195) (27 -> 188) (28 -> 158) (29 -> 160) (30 -> 190) (31 -> 155) (32 -> 149) (33 -> 169) (34 -> 175) (35 -> 424) (36 -> 185) (37 -> 164) (38 -> 417) (39 -> 176) (40 -> 162) 
runtime = 28
t1.where = 0/462 -1/-1 0/30 -1/-1 0/9 -1/-1 0/8 -1/-1 0/7 -1/-1 0/6 -1/-1 0/6 -1/-1 0/8 -1/-1 0/24 -1/-1 0/2 -1/-1 0/8 -1/-1 0/23 -1/-1 0/3 -1/-1 0/21 -1/-1 0/2 -1/-1 0/8 -1/-1 0/8 -1/-1 0/2 -1/-1 0/2 -1/-1 -1/-1 -1/-1 0/2 -1/-1 0/2 -1/-1 0/2 -1/-1 0/4 -1/-1 0/3 -1/-1 0/2 -1/-1 0/5 -1/-1 0/6 -1/-1 0/6 -1/-1 0/6 -1/-1 0/5 -1/-1 0/2 -1/-1 0/2 -1/-1 0/5 -1/-1 0/3 -1/-1 0/2 -1/-1 0/6 -1/-1 0/16 -1/-1 0/21 -1/-1 0/3 -1/-1
t1.stop_reason = satisfiable
t1.restarts = 2
t1.nogoods_size = 36
t1.nodes = 40
t1.propagations = 40
t6.stop_reason = aborted
t6.restarts = 2
t6.nogoods_size = 36
t6.nodes = 10
t6.propagations = 10
t8.stop_reason = aborted
t8.restarts = 2
t8.nogoods_size = 36
t8.nodes = 13
t8.propagations = 13
t4.where = 0/462 -1/-1 0/30 -1/-1 0/9 -1/-1 0/8 -1/-1 0/2 -1/-1 0/7 -1/-1 0/7 -1/-1 0/6 -1/-1 0/24 -1/-1 0/23 -1/-1 0/3 -1/-1 0/7 -1/-1 0/7 -1/-1 0/20 -1/-1 0/3 -1/-1 0/8 -1/-1 0/8 -1/-1 0/3 -1/-1 0/3 -1/-1 0/2 -1/-1 -1/-1 0/3 -1/-1 0/2 -1/-1 -1/-1 -1/-1 -1/-1 0/2 -1/-1 0/6 -1/-1 -1/-1 -1/-1 0/7 -1/-1 0/7 -1/-1 0/3 -1/-1 0/4 -1/-1 0/2 -1/-1 0/2 -1/-1 0/2 -1/-1 0/7 -1/-1 0/16 -1/-1 0/24 -1/-1 0/3 -1/-1
t4.stop_reason = satisfiable
t4.restarts = 2
t4.nogoods_size = 36
t4.nodes = 36
t4.propagations = 36
t0.stop_reason = aborted
t0.restarts = 2
t0.nogoods_size = 36
t0.nodes = 23
t0.propagations = 23
t9.stop_reason = aborted
t9.restarts = 2
t9.nogoods_size = 36
t9.nodes = 3
t9.propagations = 3
t7.stop_reason = aborted
t7.restarts = 2
t7.nogoods_size = 36
t7.nodes = 21
t7.propagations = 21
t13.stop_reason = aborted
t13.restarts = 2
t13.nogoods_size = 36
t13.nodes = 0
t13.propagations = 0
t5.stop_reason = aborted
t5.restarts = 2
t5.nogoods_size = 36
t5.nodes = 10
t5.propagations = 10
t3.stop_reason = aborted
t3.restarts = 2
t3.nogoods_size = 36
t3.nodes = 37
t3.propagations = 37
t2.where = 0/462 -1/-1 0/30 -1/-1 0/9 -1/-1 0/8 -1/-1 0/7 -1/-1 0/7 -1/-1 0/8 -1/-1 0/8 -1/-1 0/25 -1/-1 0/2 -1/-1 0/3 -1/-1 0/25 -1/-1 0/3 -1/-1 0/23 -1/-1 0/3 -1/-1 0/8 -1/-1 0/7 -1/-1 0/2 -1/-1 0/4 -1/-1 0/3 -1/-1 0/2 -1/-1 -1/-1 0/7 -1/-1 -1/-1 0/3 -1/-1 0/2 -1/-1 0/3 -1/-1 -1/-1 0/4 -1/-1 0/6 -1/-1 0/2 -1/-1 0/6 -1/-1 0/3 -1/-1 0/5 -1/-1 -1/-1 -1/-1 -1/-1 0/6 -1/-1 0/17 -1/-1 0/3 -1/-1 0/18 -1/-1
t2.stop_reason = satisfiable
t2.restarts = 2
t2.nogoods_size = 36
t2.nodes = 36
t2.propagations = 36
t12.stop_reason = aborted
t12.restarts = 2
t12.nogoods_size = 36
t12.nodes = 1
t12.propagations = 1
t10.stop_reason = aborted
t10.restarts = 2
t10.nogoods_size = 36
t10.nodes = 5
t10.propagations = 5
t11.stop_reason = aborted
t11.restarts = 2
t11.nogoods_size = 36
t11.nodes = 1
t11.propagations = 1
t15.stop_reason = aborted
t15.restarts = 2
t15.nogoods_size = 36
t15.nodes = 0
t15.propagations = 0
t14.stop_reason = aborted
t14.restarts = 2
t14.nogoods_size = 36
t14.nodes = 0
t14.propagations = 0
t16.stop_reason = aborted
t16.restarts = 2
t16.nogoods_size = 36
t16.nodes = 0
t16.propagations = 0
t19.stop_reason = aborted
t19.restarts = 2
t19.nogoods_size = 36
t19.nodes = 0
t19.propagations = 0
t17.stop_reason = aborted
t17.restarts = 2
t17.nogoods_size = 36
t17.nodes = 0
t17.propagations = 0
t18.stop_reason = aborted
t18.restarts = 2
t18.nogoods_size = 36
t18.nodes = 0
t18.propagations = 0
t20.stop_reason = aborted
t20.restarts = 2
t20.nogoods_size = 36
t20.nodes = 0
t20.propagations = 0
t21.stop_reason = aborted
t21.restarts = 2
t21.nogoods_size = 36
t21.nodes = 0
t21.propagations = 0
t23.stop_reason = aborted
t23.restarts = 2
t23.nogoods_size = 36
t23.nodes = 0
t23.propagations = 0
t22.stop_reason = aborted
t22.restarts = 2
t22.nogoods_size = 36
t22.nodes = 0
t22.propagations = 0
t24.stop_reason = aborted
t24.restarts = 2
t24.nogoods_size = 36
t24.nodes = 0
t24.propagations = 0
t26.stop_reason = aborted
t26.restarts = 2
t26.nogoods_size = 36
t26.nodes = 0
t26.propagations = 0
t25.stop_reason = aborted
t25.restarts = 2
t25.nogoods_size = 36
t25.nodes = 0
t25.propagations = 0
t27.stop_reason = aborted
t27.restarts = 2
t27.nogoods_size = 36
t27.nodes = 0
t27.propagations = 0
t29.stop_reason = aborted
t29.restarts = 2
t29.nogoods_size = 36
t29.nodes = 0
t29.propagations = 0
t28.stop_reason = aborted
t28.restarts = 2
t28.nogoods_size = 36
t28.nodes = 0
t28.propagations = 0
t30.stop_reason = aborted
t30.restarts = 2
t30.nogoods_size = 36
t30.nodes = 0
t30.propagations = 0
t31.stop_reason = aborted
t31.restarts = 2
t31.nogoods_size = 36
t31.nodes = 0
t31.propagations = 0
t33.stop_reason = aborted
t33.restarts = 2
t33.nogoods_size = 36
t33.nodes = 0
t33.propagations = 0
t34.stop_reason = aborted
t34.restarts = 2
t34.nogoods_size = 36
t34.nodes = 0
t34.propagations = 0
t32.stop_reason = aborted
t32.restarts = 2
t32.nogoods_size = 36
t32.nodes = 0
t32.propagations = 0
t35.stop_reason = aborted
t35.restarts = 2
t35.nogoods_size = 36
t35.nodes = 0
t35.propagations = 0
search_time = 10
