hostname = r1i2n15
commandline = ../glasgow/solve_subgraph_isomorphism --value-ordering=biased --threads=36 --timeout 1000 --format lad ../instances/LV/g11 ../instances/largerGraphs/g75
started_at = 2018-11-16 12:21:32
pattern_file = ../instances/LV/g11
target_file = ../instances/largerGraphs/g75
status = true
nodes = 421
propagations = 456
mapping = (0 -> 183) (1 -> 493) (2 -> 60) (3 -> 482) (4 -> 47) (5 -> 465) (6 -> 61) (7 -> 388) (8 -> 50) (9 -> 468) (10 -> 42) (11 -> 413) (12 -> 56) (13 -> 59) (14 -> 466) (15 -> 54) (16 -> 462) (17 -> 53) (18 -> 360) (19 -> 49) (20 -> 464) (21 -> 51) (22 -> 361) (23 -> 41) (24 -> 368) (25 -> 55) (26 -> 46) (27 -> 461) (28 -> 417) (29 -> 57) (30 -> 411) (31 -> 48) (32 -> 383) (33 -> 402) (34 -> 52) (35 -> 43) (36 -> 469) (37 -> 45) (38 -> 415) (39 -> 44) (40 -> 58) (41 -> 384) 
runtime = 39
t20.stop_reason = aborted
t20.restarts = 2
t20.nogoods_size = 36
t20.nodes = 1
t20.propagations = 1
t8.stop_reason = aborted
t8.restarts = 2
t8.nogoods_size = 36
t8.nodes = 22
t8.propagations = 22
t12.stop_reason = aborted
t12.restarts = 2
t12.nogoods_size = 36
t12.nodes = 18
t12.propagations = 18
t13.stop_reason = aborted
t13.restarts = 2
t13.nogoods_size = 36
t13.nodes = 15
t13.propagations = 15
t11.stop_reason = aborted
t11.restarts = 2
t11.nogoods_size = 36
t11.nodes = 17
t11.propagations = 17
t15.stop_reason = aborted
t15.restarts = 2
t15.nogoods_size = 36
t15.nodes = 10
t15.propagations = 10
t19.stop_reason = aborted
t19.restarts = 2
t19.nogoods_size = 36
t19.nodes = 3
t19.propagations = 3
t6.stop_reason = aborted
t6.restarts = 2
t6.nogoods_size = 36
t6.nodes = 28
t6.propagations = 28
t14.stop_reason = aborted
t14.restarts = 2
t14.nogoods_size = 36
t14.nodes = 11
t14.propagations = 11
t22.stop_reason = aborted
t22.restarts = 2
t22.nogoods_size = 36
t22.nodes = 0
t22.propagations = 0
t16.stop_reason = aborted
t16.restarts = 2
t16.nogoods_size = 36
t16.nodes = 8
t16.propagations = 8
t5.stop_reason = aborted
t5.restarts = 2
t5.nogoods_size = 36
t5.nodes = 30
t5.propagations = 30
t3.stop_reason = aborted
t3.restarts = 2
t3.nogoods_size = 36
t3.nodes = 32
t3.propagations = 32
t2.stop_reason = aborted
t2.restarts = 2
t2.nogoods_size = 36
t2.nodes = 35
t2.propagations = 35
t1.where = 0/338 -1/-1 0/128 -1/-1 0/130 -1/-1 0/129 -1/-1 0/124 -1/-1 0/78 -1/-1 0/80 -1/-1 0/80 -1/-1 0/79 -1/-1 0/109 -1/-1 0/108 -1/-1 0/111 -1/-1 0/16 -1/-1 0/15 -1/-1 0/94 -1/-1 0/68 -1/-1 0/69 -1/-1 0/69 -1/-1 0/84 -1/-1 0/12 -1/-1 0/75 -1/-1 0/18 -1/-1 0/75 -1/-1 0/75 -1/-1 0/5 -1/-1 0/72 -1/-1 0/12 -1/-1 0/71 -1/-1 0/75 -1/-1 0/78 -1/-1 0/81 -1/-1 0/9 -1/-1 0/77 -1/-1 0/5 -1/-1 0/4 -1/-1 0/52 -1/-1 0/68 -1/-1 0/74 -1/-1 0/96 -1/-1 0/100 -1/-1 0/59 -1/-1 0/102 -1/-1
t1.stop_reason = satisfiable
t1.restarts = 2
t1.nogoods_size = 36
t1.nodes = 43
t1.propagations = 43
t7.stop_reason = aborted
t7.restarts = 2
t7.nogoods_size = 36
t7.nodes = 30
t7.propagations = 30
t10.stop_reason = aborted
t10.restarts = 2
t10.nogoods_size = 36
t10.nodes = 17
t10.propagations = 17
t9.stop_reason = aborted
t9.restarts = 2
t9.nogoods_size = 36
t9.nodes = 21
t9.propagations = 21
t21.stop_reason = aborted
t21.restarts = 2
t21.nogoods_size = 36
t21.nodes = 1
t21.propagations = 1
t18.stop_reason = aborted
t18.restarts = 2
t18.nogoods_size = 36
t18.nodes = 4
t18.propagations = 4
t0.stop_reason = aborted
t0.restarts = 2
t0.nogoods_size = 36
t0.nodes = 34
t0.propagations = 34
t4.stop_reason = aborted
t4.restarts = 2
t4.nogoods_size = 36
t4.nodes = 33
t4.propagations = 33
t17.stop_reason = aborted
t17.restarts = 2
t17.nogoods_size = 36
t17.nodes = 8
t17.propagations = 8
t23.stop_reason = aborted
t23.restarts = 2
t23.nogoods_size = 36
t23.nodes = 0
t23.propagations = 0
t24.stop_reason = aborted
t24.restarts = 2
t24.nogoods_size = 36
t24.nodes = 0
t24.propagations = 0
t25.stop_reason = aborted
t25.restarts = 2
t25.nogoods_size = 36
t25.nodes = 0
t25.propagations = 0
t26.stop_reason = aborted
t26.restarts = 2
t26.nogoods_size = 36
t26.nodes = 0
t26.propagations = 0
t27.stop_reason = aborted
t27.restarts = 2
t27.nogoods_size = 36
t27.nodes = 0
t27.propagations = 0
t28.stop_reason = aborted
t28.restarts = 2
t28.nogoods_size = 36
t28.nodes = 0
t28.propagations = 0
t29.stop_reason = aborted
t29.restarts = 2
t29.nogoods_size = 36
t29.nodes = 0
t29.propagations = 0
t30.stop_reason = aborted
t30.restarts = 2
t30.nogoods_size = 36
t30.nodes = 0
t30.propagations = 0
t31.stop_reason = aborted
t31.restarts = 2
t31.nogoods_size = 36
t31.nodes = 0
t31.propagations = 0
t32.stop_reason = aborted
t32.restarts = 2
t32.nogoods_size = 36
t32.nodes = 0
t32.propagations = 0
t34.stop_reason = aborted
t34.restarts = 2
t34.nogoods_size = 36
t34.nodes = 0
t34.propagations = 0
t33.stop_reason = aborted
t33.restarts = 2
t33.nogoods_size = 36
t33.nodes = 0
t33.propagations = 0
t35.stop_reason = aborted
t35.restarts = 2
t35.nogoods_size = 36
t35.nodes = 0
t35.propagations = 0
search_time = 14
