hostname = r1i1n5
commandline = ../glasgow/solve_subgraph_isomorphism --value-ordering=biased --threads=36 --timeout 1000 --format lad ../instances/LV/g13 ../instances/largerGraphs/g93-normed
started_at = 2018-11-16 12:22:16
pattern_file = ../instances/LV/g13
target_file = ../instances/largerGraphs/g93-normed
status = false
nodes = 485577
propagations = 9632471
runtime = 2492
t2.stop_reason = aborted
t2.restarts = 16
t2.nogoods_size = 48045
t2.nodes = 12985
t2.propagations = 12985
t20.stop_reason = aborted
t20.restarts = 16
t20.nogoods_size = 48045
t20.nodes = 12941
t20.propagations = 12941
t24.stop_reason = aborted
t24.restarts = 16
t24.nogoods_size = 48045
t24.nodes = 13665
t24.propagations = 13665
t8.stop_reason = aborted
t8.restarts = 16
t8.nogoods_size = 48045
t8.nodes = 13738
t8.propagations = 13738
t25.stop_reason = aborted
t25.restarts = 16
t25.nogoods_size = 48045
t25.nodes = 13587
t25.propagations = 13587
t5.stop_reason = aborted
t5.restarts = 16
t5.nogoods_size = 48045
t5.nodes = 13770
t5.propagations = 13770
t30.stop_reason = aborted
t30.restarts = 16
t30.nogoods_size = 48045
t30.nodes = 13939
t30.propagations = 13939
t0.stop_reason = aborted
t0.restarts = 16
t0.nogoods_size = 48045
t0.nodes = 14020
t0.propagations = 14020
t27.stop_reason = aborted
t27.restarts = 16
t27.nogoods_size = 48045
t27.nodes = 13269
t27.propagations = 13269
t12.stop_reason = aborted
t12.restarts = 16
t12.nogoods_size = 48045
t12.nodes = 13781
t12.propagations = 13781
t28.stop_reason = aborted
t28.restarts = 16
t28.nogoods_size = 48045
t28.nodes = 13778
t28.propagations = 13778
t29.stop_reason = aborted
t29.restarts = 16
t29.nogoods_size = 48045
t29.nodes = 13648
t29.propagations = 13648
t35.stop_reason = aborted
t35.restarts = 16
t35.nogoods_size = 48045
t35.nodes = 10778
t35.propagations = 10778
t14.stop_reason = unsatisfiable
t14.restarts = 16
t14.nogoods_size = 48045
t14.nodes = 13617
t14.propagations = 13617
t16.stop_reason = aborted
t16.restarts = 16
t16.nogoods_size = 48045
t16.nodes = 13544
t16.propagations = 13544
t13.stop_reason = aborted
t13.restarts = 16
t13.nogoods_size = 48045
t13.nodes = 13816
t13.propagations = 13816
t21.stop_reason = aborted
t21.restarts = 16
t21.nogoods_size = 48045
t21.nodes = 13041
t21.propagations = 13041
t6.stop_reason = aborted
t6.restarts = 16
t6.nogoods_size = 48045
t6.nodes = 13447
t6.propagations = 13447
t19.stop_reason = aborted
t19.restarts = 16
t19.nogoods_size = 48045
t19.nodes = 13454
t19.propagations = 13454
t3.stop_reason = aborted
t3.restarts = 16
t3.nogoods_size = 48045
t3.nodes = 13685
t3.propagations = 13685
t1.stop_reason = aborted
t1.restarts = 16
t1.nogoods_size = 48045
t1.nodes = 11047
t1.propagations = 11047
t22.stop_reason = aborted
t22.restarts = 16
t22.nogoods_size = 48045
t22.nodes = 13796
t22.propagations = 13796
t33.stop_reason = aborted
t33.restarts = 16
t33.nogoods_size = 48045
t33.nodes = 13809
t33.propagations = 13809
t10.stop_reason = aborted
t10.restarts = 16
t10.nogoods_size = 48045
t10.nodes = 14119
t10.propagations = 14119
t18.stop_reason = aborted
t18.restarts = 16
t18.nogoods_size = 48045
t18.nodes = 13529
t18.propagations = 13529
t9.stop_reason = aborted
t9.restarts = 16
t9.nogoods_size = 48045
t9.nodes = 13179
t9.propagations = 13179
t4.stop_reason = aborted
t4.restarts = 16
t4.nogoods_size = 48045
t4.nodes = 13797
t4.propagations = 13797
t31.stop_reason = aborted
t31.restarts = 16
t31.nogoods_size = 48045
t31.nodes = 13893
t31.propagations = 13893
t7.stop_reason = aborted
t7.restarts = 16
t7.nogoods_size = 48045
t7.nodes = 13597
t7.propagations = 13597
t17.stop_reason = aborted
t17.restarts = 16
t17.nogoods_size = 48045
t17.nodes = 13798
t17.propagations = 13798
t32.stop_reason = aborted
t32.restarts = 16
t32.nogoods_size = 48045
t32.nodes = 13755
t32.propagations = 13755
t23.stop_reason = aborted
t23.restarts = 16
t23.nogoods_size = 48045
t23.nodes = 13706
t23.propagations = 13706
t34.stop_reason = aborted
t34.restarts = 16
t34.nogoods_size = 48045
t34.nodes = 14393
t34.propagations = 14393
t15.stop_reason = aborted
t15.restarts = 16
t15.nogoods_size = 48045
t15.nodes = 13220
t15.propagations = 13220
t11.stop_reason = aborted
t11.restarts = 16
t11.nogoods_size = 48045
t11.nodes = 13585
t11.propagations = 13585
t26.stop_reason = aborted
t26.restarts = 16
t26.nogoods_size = 48045
t26.nodes = 13851
t26.propagations = 13851
search_time = 713
