hostname = r1i5n18
commandline = ../glasgow/solve_subgraph_isomorphism --value-ordering=biased --threads=36 --timeout 1000 --format lad ../instances/LV/g17 ../instances/largerGraphs/g99
started_at = 2018-11-16 12:21:24
pattern_file = ../instances/LV/g17
target_file = ../instances/largerGraphs/g99
status = false
nodes = 17321
propagations = 63245
runtime = 121
t32.stop_reason = unsatisfiable
t32.restarts = 3
t32.nogoods_size = 893
t32.nodes = 563
t32.propagations = 563
t17.stop_reason = aborted
t17.restarts = 3
t17.nogoods_size = 893
t17.nodes = 408
t17.propagations = 408
t35.stop_reason = aborted
t35.restarts = 3
t35.nogoods_size = 893
t35.nodes = 578
t35.propagations = 578
t25.stop_reason = aborted
t25.restarts = 3
t25.nogoods_size = 893
t25.nodes = 611
t25.propagations = 611
t1.stop_reason = aborted
t1.restarts = 3
t1.nogoods_size = 893
t1.nodes = 712
t1.propagations = 712
t18.stop_reason = aborted
t18.restarts = 3
t18.nogoods_size = 893
t18.nodes = 360
t18.propagations = 360
t10.stop_reason = aborted
t10.restarts = 3
t10.nogoods_size = 893
t10.nodes = 584
t10.propagations = 584
t3.stop_reason = aborted
t3.restarts = 3
t3.nogoods_size = 893
t3.nodes = 568
t3.propagations = 568
t27.stop_reason = aborted
t27.restarts = 3
t27.nogoods_size = 893
t27.nodes = 366
t27.propagations = 366
t7.stop_reason = aborted
t7.restarts = 3
t7.nogoods_size = 893
t7.nodes = 680
t7.propagations = 680
t0.stop_reason = aborted
t0.restarts = 3
t0.nogoods_size = 893
t0.nodes = 435
t0.propagations = 435
t4.stop_reason = aborted
t4.restarts = 3
t4.nogoods_size = 893
t4.nodes = 392
t4.propagations = 392
t14.stop_reason = aborted
t14.restarts = 3
t14.nogoods_size = 893
t14.nodes = 371
t14.propagations = 371
t28.stop_reason = aborted
t28.restarts = 3
t28.nogoods_size = 893
t28.nodes = 605
t28.propagations = 605
t9.stop_reason = aborted
t9.restarts = 3
t9.nogoods_size = 893
t9.nodes = 397
t9.propagations = 397
t21.stop_reason = aborted
t21.restarts = 3
t21.nogoods_size = 893
t21.nodes = 216
t21.propagations = 216
t19.stop_reason = aborted
t19.restarts = 3
t19.nogoods_size = 893
t19.nodes = 235
t19.propagations = 235
t34.stop_reason = aborted
t34.restarts = 3
t34.nogoods_size = 893
t34.nodes = 336
t34.propagations = 336
t26.stop_reason = aborted
t26.restarts = 3
t26.nogoods_size = 893
t26.nodes = 349
t26.propagations = 349
t31.stop_reason = aborted
t31.restarts = 3
t31.nogoods_size = 893
t31.nodes = 584
t31.propagations = 584
t8.stop_reason = aborted
t8.restarts = 3
t8.nogoods_size = 893
t8.nodes = 429
t8.propagations = 429
t13.stop_reason = aborted
t13.restarts = 3
t13.nogoods_size = 893
t13.nodes = 641
t13.propagations = 641
t5.stop_reason = aborted
t5.restarts = 3
t5.nogoods_size = 893
t5.nodes = 431
t5.propagations = 431
t30.stop_reason = aborted
t30.restarts = 3
t30.nogoods_size = 893
t30.nodes = 573
t30.propagations = 573
t33.stop_reason = aborted
t33.restarts = 3
t33.nogoods_size = 893
t33.nodes = 334
t33.propagations = 334
t15.stop_reason = aborted
t15.restarts = 3
t15.nogoods_size = 893
t15.nodes = 357
t15.propagations = 357
t22.stop_reason = aborted
t22.restarts = 3
t22.nogoods_size = 893
t22.nodes = 612
t22.propagations = 612
t11.stop_reason = aborted
t11.restarts = 3
t11.nogoods_size = 893
t11.nodes = 360
t11.propagations = 360
t2.stop_reason = aborted
t2.restarts = 3
t2.nogoods_size = 893
t2.nodes = 415
t2.propagations = 415
t6.stop_reason = aborted
t6.restarts = 3
t6.nogoods_size = 893
t6.nodes = 688
t6.propagations = 688
t29.stop_reason = aborted
t29.restarts = 3
t29.nogoods_size = 893
t29.nodes = 604
t29.propagations = 604
t12.stop_reason = aborted
t12.restarts = 3
t12.nogoods_size = 893
t12.nodes = 529
t12.propagations = 529
t23.stop_reason = unsatisfiable
t23.restarts = 3
t23.nogoods_size = 893
t23.nodes = 627
t23.propagations = 627
t16.stop_reason = aborted
t16.restarts = 3
t16.nogoods_size = 893
t16.nodes = 379
t16.propagations = 379
t24.stop_reason = aborted
t24.restarts = 3
t24.nogoods_size = 893
t24.nodes = 344
t24.propagations = 344
t20.stop_reason = aborted
t20.restarts = 3
t20.nogoods_size = 893
t20.nodes = 648
t20.propagations = 648
search_time = 70
