hostname = r1i2n18
commandline = ../glasgow/solve_subgraph_isomorphism --value-ordering=biased --threads=36 --timeout 1000 --format lad ../instances/LV/g25 ../instances/LV/g49
started_at = 2018-11-16 12:21:20
pattern_file = ../instances/LV/g25
target_file = ../instances/LV/g49
status = false
nodes = 2942
propagations = 9047
runtime = 8
t17.restarts = 2
t17.nogoods_size = 186
t17.nodes = 6
t17.propagations = 6
t15.restarts = 2
t15.nogoods_size = 186
t15.nodes = 27
t15.propagations = 27
t0.restarts = 2
t0.nogoods_size = 186
t0.nodes = 675
t0.propagations = 675
t30.restarts = 2
t30.nogoods_size = 186
t30.nodes = 1
t30.propagations = 1
t14.restarts = 2
t14.nogoods_size = 186
t14.nodes = 51
t14.propagations = 51
t3.restarts = 2
t3.nogoods_size = 186
t3.nodes = 367
t3.propagations = 367
t31.restarts = 2
t31.nogoods_size = 186
t31.nodes = 1
t31.propagations = 1
t8.restarts = 2
t8.nogoods_size = 186
t8.nodes = 114
t8.propagations = 114
t7.restarts = 2
t7.nogoods_size = 186
t7.nodes = 99
t7.propagations = 99
t6.restarts = 2
t6.nogoods_size = 186
t6.nodes = 167
t6.propagations = 167
t13.restarts = 2
t13.nogoods_size = 186
t13.nodes = 78
t13.propagations = 78
t16.restarts = 2
t16.nogoods_size = 186
t16.nodes = 10
t16.propagations = 10
t19.restarts = 2
t19.nogoods_size = 186
t19.nodes = 1
t19.propagations = 1
t4.restarts = 2
t4.nogoods_size = 186
t4.nodes = 256
t4.propagations = 256
t2.restarts = 2
t2.nogoods_size = 186
t2.nodes = 235
t2.propagations = 235
t9.restarts = 2
t9.nogoods_size = 186
t9.nodes = 139
t9.propagations = 139
t1.restarts = 2
t1.nogoods_size = 186
t1.nodes = 301
t1.propagations = 301
t5.restarts = 2
t5.nogoods_size = 186
t5.nodes = 145
t5.propagations = 145
t18.restarts = 2
t18.nogoods_size = 186
t18.nodes = 1
t18.propagations = 1
t11.restarts = 2
t11.nogoods_size = 186
t11.nodes = 110
t11.propagations = 110
t21.restarts = 2
t21.nogoods_size = 186
t21.nodes = 1
t21.propagations = 1
t23.restarts = 2
t23.nogoods_size = 186
t23.nodes = 1
t23.propagations = 1
t10.restarts = 2
t10.nogoods_size = 186
t10.nodes = 102
t10.propagations = 102
t24.restarts = 2
t24.nogoods_size = 186
t24.nodes = 1
t24.propagations = 1
t20.restarts = 2
t20.nogoods_size = 186
t20.nodes = 1
t20.propagations = 1
t25.restarts = 2
t25.nogoods_size = 186
t25.nodes = 1
t25.propagations = 1
t12.restarts = 2
t12.nogoods_size = 186
t12.nodes = 42
t12.propagations = 42
t22.restarts = 2
t22.nogoods_size = 186
t22.nodes = 1
t22.propagations = 1
t27.restarts = 2
t27.nogoods_size = 186
t27.nodes = 1
t27.propagations = 1
t28.restarts = 2
t28.nogoods_size = 186
t28.nodes = 1
t28.propagations = 1
t26.restarts = 2
t26.nogoods_size = 186
t26.nodes = 1
t26.propagations = 1
t29.restarts = 2
t29.nogoods_size = 186
t29.nodes = 1
t29.propagations = 1
t33.restarts = 2
t33.nogoods_size = 186
t33.nodes = 1
t33.propagations = 1
t32.restarts = 2
t32.nogoods_size = 186
t32.nodes = 1
t32.propagations = 1
t34.restarts = 2
t34.nogoods_size = 186
t34.nodes = 1
t34.propagations = 1
t35.restarts = 2
t35.nogoods_size = 186
t35.nodes = 1
t35.propagations = 1
search_time = 5
