hostname = r1i2n16
commandline = ../glasgow/solve_subgraph_isomorphism --value-ordering=biased --threads=36 --timeout 1000 --format lad ../instances/LV/g28 ../instances/LV/g30
started_at = 2018-11-16 12:21:20
pattern_file = ../instances/LV/g28
target_file = ../instances/LV/g30
status = true
nodes = 493
propagations = 554
mapping = (0 -> 3) (1 -> 8) (2 -> 11) (3 -> 12) (4 -> 19) (5 -> 20) (6 -> 21) (7 -> 52) (8 -> 92) (9 -> 59) (10 -> 48) (11 -> 26) (12 -> 29) (13 -> 34) (14 -> 38) (15 -> 41) (16 -> 44) (17 -> 49) (18 -> 51) (19 -> 23) (20 -> 70) (21 -> 81) (22 -> 37) (23 -> 86) (24 -> 0) (25 -> 15) (26 -> 60) (27 -> 62) (28 -> 66) (29 -> 68) (30 -> 71) (31 -> 72) (32 -> 74) (33 -> 56) (34 -> 9) (35 -> 83) (36 -> 80) (37 -> 99) (38 -> 69) (39 -> 6) (40 -> 88) (41 -> 16) (42 -> 2) (43 -> 28) (44 -> 10) (45 -> 75) (46 -> 76) (47 -> 5) (48 -> 47) (49 -> 27) (50 -> 79) (51 -> 31) (52 -> 78) (53 -> 85) (54 -> 93) (55 -> 33) (56 -> 39) (57 -> 17) (58 -> 61) (59 -> 63) (60 -> 32) (61 -> 40) (62 -> 97) (63 -> 25) (64 -> 55) (65 -> 96) (66 -> 65) (67 -> 95) (68 -> 43) (69 -> 58) (70 -> 18) (71 -> 77) (72 -> 90) (73 -> 1) (74 -> 67) (75 -> 42) (76 -> 82) (77 -> 14) (78 -> 36) (79 -> 57) (80 -> 30) (81 -> 24) (82 -> 50) (83 -> 94) (84 -> 73) (85 -> 84) (86 -> 4) (87 -> 89) (88 -> 7) (89 -> 53) (90 -> 35) (91 -> 13) (92 -> 45) (93 -> 46) (94 -> 54) (95 -> 64) (96 -> 22) 
runtime = 9
t4.stop_reason = aborted
t4.restarts = 2
t4.nogoods_size = 36
t4.nodes = 71
t4.propagations = 71
t12.stop_reason = aborted
t12.restarts = 2
t12.nogoods_size = 36
t12.nodes = 0
t12.propagations = 0
t5.stop_reason = aborted
t5.restarts = 2
t5.nogoods_size = 36
t5.nodes = 28
t5.propagations = 28
t1.where = 0/97 -1/-1 0/31 -1/-1 0/24 -1/-1 0/7 -1/-1 0/16 -1/-1 0/15 -1/-1 0/14 -1/-1 0/13 -1/-1 0/12 -1/-1 0/11 -1/-1 0/10 -1/-1 0/9 -1/-1 0/15 -1/-1 0/7 -1/-1 0/6 -1/-1 0/17 -1/-1 0/13 -1/-1 0/12 -1/-1 0/3 -1/-1 0/2 -1/-1 0/5 -1/-1 0/4 -1/-1 0/10 -1/-1 0/9 -1/-1 0/8 -1/-1 0/7 -1/-1 0/6 -1/-1 0/5 -1/-1 0/13 -1/-1 0/12 -1/-1 0/11 -1/-1 0/10 -1/-1 0/14 -1/-1 0/12 -1/-1 0/3 -1/-1 0/3 -1/-1 0/2 -1/-1 0/12 -1/-1 0/2 -1/-1 0/4 -1/-1 0/3 -1/-1 0/11 -1/-1 0/10 -1/-1 -1/-1 0/3 -1/-1 0/2 -1/-1 0/7 -1/-1 0/9 -1/-1 0/2 -1/-1 0/2 -1/-1 0/9 -1/-1 0/3 -1/-1 0/3 -1/-1 0/2 -1/-1 0/5 -1/-1 0/4 -1/-1 0/8 -1/-1 0/7 -1/-1 0/8 -1/-1 0/7 -1/-1 0/6 -1/-1 0/5 -1/-1 0/7 -1/-1 0/8 -1/-1 0/7 -1/-1 0/8 -1/-1 0/7 -1/-1 0/6 -1/-1 0/5 -1/-1 0/4 -1/-1 0/3 -1/-1 0/2 -1/-1
t1.stop_reason = satisfiable
t1.restarts = 2
t1.nogoods_size = 36
t1.nodes = 72
t1.propagations = 72
t10.stop_reason = aborted
t10.restarts = 2
t10.nogoods_size = 36
t10.nodes = 10
t10.propagations = 10
t6.stop_reason = aborted
t6.restarts = 2
t6.nogoods_size = 36
t6.nodes = 40
t6.propagations = 40
t0.stop_reason = aborted
t0.restarts = 2
t0.nogoods_size = 36
t0.nodes = 61
t0.propagations = 61
t11.stop_reason = aborted
t11.restarts = 2
t11.nogoods_size = 36
t11.nodes = 2
t11.propagations = 2
t8.stop_reason = aborted
t8.restarts = 2
t8.nogoods_size = 36
t8.nodes = 18
t8.propagations = 18
t7.stop_reason = aborted
t7.restarts = 2
t7.nogoods_size = 36
t7.nodes = 36
t7.propagations = 36
t3.where = 0/97 -1/-1 0/31 -1/-1 0/22 -1/-1 0/9 -1/-1 0/20 -1/-1 0/21 -1/-1 0/20 -1/-1 0/6 -1/-1 0/7 -1/-1 0/19 -1/-1 0/15 -1/-1 0/2 -1/-1 0/4 -1/-1 0/3 -1/-1 0/4 -1/-1 0/15 -1/-1 0/14 -1/-1 0/2 -1/-1 0/5 -1/-1 0/4 -1/-1 0/12 -1/-1 0/2 -1/-1 -1/-1 0/3 -1/-1 0/11 -1/-1 0/9 -1/-1 0/2 -1/-1 0/6 -1/-1 0/5 -1/-1 0/9 -1/-1 0/10 -1/-1 0/9 -1/-1 0/2 -1/-1 0/4 -1/-1 0/3 -1/-1 0/7 -1/-1 0/10 -1/-1 0/9 -1/-1 0/9 -1/-1 0/8 -1/-1 0/11 -1/-1 0/10 -1/-1 0/9 -1/-1 0/8 -1/-1 0/11 -1/-1 0/3 -1/-1 0/3 -1/-1 0/8 -1/-1 0/7 -1/-1 0/6 -1/-1 0/5 -1/-1 0/8 -1/-1 0/7 -1/-1 0/6 -1/-1 0/5 -1/-1 0/4 -1/-1 0/10 -1/-1 0/9 -1/-1 0/8 -1/-1 0/7 -1/-1 0/6 -1/-1 0/5 -1/-1 0/4 -1/-1 0/11 -1/-1 0/9 -1/-1 0/8 -1/-1 0/7 -1/-1 0/6 -1/-1 0/5 -1/-1 0/4 -1/-1 0/8 -1/-1 0/7 -1/-1
t3.stop_reason = satisfiable
t3.restarts = 2
t3.nogoods_size = 36
t3.nodes = 72
t3.propagations = 72
t2.stop_reason = aborted
t2.restarts = 2
t2.nogoods_size = 36
t2.nodes = 69
t2.propagations = 69
t9.stop_reason = aborted
t9.restarts = 2
t9.nogoods_size = 36
t9.nodes = 14
t9.propagations = 14
t13.stop_reason = aborted
t13.restarts = 2
t13.nogoods_size = 36
t13.nodes = 0
t13.propagations = 0
t15.stop_reason = aborted
t15.restarts = 2
t15.nogoods_size = 36
t15.nodes = 0
t15.propagations = 0
t14.stop_reason = aborted
t14.restarts = 2
t14.nogoods_size = 36
t14.nodes = 0
t14.propagations = 0
t16.stop_reason = aborted
t16.restarts = 2
t16.nogoods_size = 36
t16.nodes = 0
t16.propagations = 0
t18.stop_reason = aborted
t18.restarts = 2
t18.nogoods_size = 36
t18.nodes = 0
t18.propagations = 0
t19.stop_reason = aborted
t19.restarts = 2
t19.nogoods_size = 36
t19.nodes = 0
t19.propagations = 0
t17.stop_reason = aborted
t17.restarts = 2
t17.nogoods_size = 36
t17.nodes = 0
t17.propagations = 0
t20.stop_reason = aborted
t20.restarts = 2
t20.nogoods_size = 36
t20.nodes = 0
t20.propagations = 0
t22.stop_reason = aborted
t22.restarts = 2
t22.nogoods_size = 36
t22.nodes = 0
t22.propagations = 0
t21.stop_reason = aborted
t21.restarts = 2
t21.nogoods_size = 36
t21.nodes = 0
t21.propagations = 0
t23.stop_reason = aborted
t23.restarts = 2
t23.nogoods_size = 36
t23.nodes = 0
t23.propagations = 0
t24.stop_reason = aborted
t24.restarts = 2
t24.nogoods_size = 36
t24.nodes = 0
t24.propagations = 0
t25.stop_reason = aborted
t25.restarts = 2
t25.nogoods_size = 36
t25.nodes = 0
t25.propagations = 0
t27.stop_reason = aborted
t27.restarts = 2
t27.nogoods_size = 36
t27.nodes = 0
t27.propagations = 0
t28.stop_reason = aborted
t28.restarts = 2
t28.nogoods_size = 36
t28.nodes = 0
t28.propagations = 0
t26.stop_reason = aborted
t26.restarts = 2
t26.nogoods_size = 36
t26.nodes = 0
t26.propagations = 0
t29.stop_reason = aborted
t29.restarts = 2
t29.nogoods_size = 36
t29.nodes = 0
t29.propagations = 0
t30.stop_reason = aborted
t30.restarts = 2
t30.nogoods_size = 36
t30.nodes = 0
t30.propagations = 0
t33.stop_reason = aborted
t33.restarts = 2
t33.nogoods_size = 36
t33.nodes = 0
t33.propagations = 0
t31.stop_reason = aborted
t31.restarts = 2
t31.nogoods_size = 36
t31.nodes = 0
t31.propagations = 0
t35.stop_reason = aborted
t35.restarts = 2
t35.nogoods_size = 36
t35.nodes = 0
t35.propagations = 0
t34.stop_reason = aborted
t34.restarts = 2
t34.nogoods_size = 36
t34.nodes = 0
t34.propagations = 0
t32.stop_reason = aborted
t32.restarts = 2
t32.nogoods_size = 36
t32.nodes = 0
t32.propagations = 0
search_time = 5
