hostname = r1i2n14
commandline = ../glasgow/solve_subgraph_isomorphism --value-ordering=biased --threads=36 --timeout 1000 --format lad ../instances/LV/g28 ../instances/largerGraphs/g107
started_at = 2018-11-16 12:35:44
pattern_file = ../instances/LV/g28
target_file = ../instances/largerGraphs/g107
status = aborted
nodes = 453542857
propagations = 1894633600
runtime = 1055518
t19.stop_reason = aborted
t19.restarts = 5182
t19.nogoods_size = 2208485
t19.nodes = 12440293
t19.propagations = 12440293
t32.stop_reason = aborted
t32.restarts = 5182
t32.nogoods_size = 2208485
t32.nodes = 12360724
t32.propagations = 12360724
t14.stop_reason = aborted
t14.restarts = 5182
t14.nogoods_size = 2208485
t14.nodes = 12391608
t14.propagations = 12391608
t20.stop_reason = aborted
t20.restarts = 5182
t20.nogoods_size = 2208485
t20.nodes = 12856036
t20.propagations = 12856036
t1.stop_reason = aborted
t1.restarts = 5182
t1.nogoods_size = 2208485
t1.nodes = 12718755
t1.propagations = 12718755
t30.stop_reason = aborted
t30.restarts = 5182
t30.nogoods_size = 2208485
t30.nodes = 13115142
t30.propagations = 13115142
t26.stop_reason = aborted
t26.restarts = 5182
t26.nogoods_size = 2208485
t26.nodes = 13199377
t26.propagations = 13199377
t29.stop_reason = aborted
t29.restarts = 5182
t29.nogoods_size = 2208485
t29.nodes = 12945875
t29.propagations = 12945875
t12.stop_reason = aborted
t12.restarts = 5182
t12.nogoods_size = 2208485
t12.nodes = 12562045
t12.propagations = 12562045
t22.stop_reason = aborted
t22.restarts = 5182
t22.nogoods_size = 2208485
t22.nodes = 12521273
t22.propagations = 12521273
t7.stop_reason = aborted
t7.restarts = 5182
t7.nogoods_size = 2208485
t7.nodes = 12581139
t7.propagations = 12581139
t0.stop_reason = aborted
t0.restarts = 5182
t0.nogoods_size = 2208485
t0.nodes = 13016001
t0.propagations = 13016001
t11.stop_reason = aborted
t11.restarts = 5182
t11.nogoods_size = 2208485
t11.nodes = 12346106
t11.propagations = 12346106
t4.stop_reason = aborted
t4.restarts = 5182
t4.nogoods_size = 2208485
t4.nodes = 12347894
t4.propagations = 12347894
t10.stop_reason = aborted
t10.restarts = 5182
t10.nogoods_size = 2208485
t10.nodes = 12415629
t10.propagations = 12415629
t18.stop_reason = aborted
t18.restarts = 5182
t18.nogoods_size = 2208485
t18.nodes = 12835878
t18.propagations = 12835878
t24.stop_reason = aborted
t24.restarts = 5182
t24.nogoods_size = 2208485
t24.nodes = 12174402
t24.propagations = 12174402
t27.stop_reason = aborted
t27.restarts = 5182
t27.nogoods_size = 2208485
t27.nodes = 12471613
t27.propagations = 12471613
t25.stop_reason = aborted
t25.restarts = 5182
t25.nogoods_size = 2208485
t25.nodes = 12253614
t25.propagations = 12253614
t13.stop_reason = aborted
t13.restarts = 5182
t13.nogoods_size = 2208485
t13.nodes = 12982129
t13.propagations = 12982129
t8.stop_reason = aborted
t8.restarts = 5182
t8.nogoods_size = 2208485
t8.nodes = 12082042
t8.propagations = 12082042
t23.stop_reason = aborted
t23.restarts = 5182
t23.nogoods_size = 2208485
t23.nodes = 12819598
t23.propagations = 12819598
t21.stop_reason = aborted
t21.restarts = 5182
t21.nogoods_size = 2208485
t21.nodes = 12237811
t21.propagations = 12237811
t5.stop_reason = aborted
t5.restarts = 5182
t5.nogoods_size = 2208485
t5.nodes = 12895992
t5.propagations = 12895992
t34.stop_reason = aborted
t34.restarts = 5182
t34.nogoods_size = 2208485
t34.nodes = 12599897
t34.propagations = 12599897
t28.stop_reason = aborted
t28.restarts = 5182
t28.nogoods_size = 2208485
t28.nodes = 12778852
t28.propagations = 12778852
t33.stop_reason = aborted
t33.restarts = 5182
t33.nogoods_size = 2208485
t33.nodes = 13132504
t33.propagations = 13132504
t31.stop_reason = aborted
t31.restarts = 5182
t31.nogoods_size = 2208485
t31.nodes = 12944078
t31.propagations = 12944078
t2.stop_reason = aborted
t2.restarts = 5182
t2.nogoods_size = 2208485
t2.nodes = 12881982
t2.propagations = 12881982
t35.stop_reason = aborted
t35.restarts = 5182
t35.nogoods_size = 2208485
t35.nodes = 12504148
t35.propagations = 12504148
t9.stop_reason = aborted
t9.restarts = 5182
t9.nogoods_size = 2208485
t9.nodes = 12183486
t9.propagations = 12183486
t16.stop_reason = aborted
t16.restarts = 5182
t16.nogoods_size = 2208485
t16.nodes = 12348132
t16.propagations = 12348132
t3.stop_reason = aborted
t3.restarts = 5182
t3.nogoods_size = 2208485
t3.nodes = 12407462
t3.propagations = 12407462
t6.stop_reason = aborted
t6.restarts = 5182
t6.nogoods_size = 2208485
t6.nodes = 12361693
t6.propagations = 12361693
t15.stop_reason = aborted
t15.restarts = 5182
t15.nogoods_size = 2208485
t15.nodes = 12621934
t15.propagations = 12621934
t17.stop_reason = aborted
t17.restarts = 5182
t17.nogoods_size = 2208485
t17.nodes = 12207713
t17.propagations = 12207713
search_time = 999820
