hostname = r2i1n6
commandline = ../glasgow/solve_subgraph_isomorphism --value-ordering=biased --threads=36 --timeout 1000 --format lad ../instances/LV/g34 ../instances/largerGraphs/g107
started_at = 2018-11-16 12:45:24
pattern_file = ../instances/LV/g34
target_file = ../instances/largerGraphs/g107
status = aborted
nodes = 166446497
propagations = 432414796
runtime = 1017771
t6.stop_reason = aborted
t6.restarts = 2047
t6.nogoods_size = 832368
t6.nodes = 4736746
t6.propagations = 4736746
t23.stop_reason = aborted
t23.restarts = 2047
t23.nogoods_size = 832368
t23.nodes = 4597865
t23.propagations = 4597865
t14.stop_reason = aborted
t14.restarts = 2047
t14.nogoods_size = 832368
t14.nodes = 4563198
t14.propagations = 4563198
t12.stop_reason = aborted
t12.restarts = 2047
t12.nogoods_size = 832368
t12.nodes = 4639920
t12.propagations = 4639920
t17.stop_reason = aborted
t17.restarts = 2047
t17.nogoods_size = 832368
t17.nodes = 4657502
t17.propagations = 4657502
t10.stop_reason = aborted
t10.restarts = 2047
t10.nogoods_size = 832368
t10.nodes = 4537098
t10.propagations = 4537098
t2.stop_reason = aborted
t2.restarts = 2047
t2.nogoods_size = 832368
t2.nodes = 4742004
t2.propagations = 4742004
t30.stop_reason = aborted
t30.restarts = 2047
t30.nogoods_size = 832368
t30.nodes = 4605801
t30.propagations = 4605801
t34.stop_reason = aborted
t34.restarts = 2047
t34.nogoods_size = 832368
t34.nodes = 4570672
t34.propagations = 4570672
t24.stop_reason = aborted
t24.restarts = 2047
t24.nogoods_size = 832368
t24.nodes = 4614963
t24.propagations = 4614963
t25.stop_reason = aborted
t25.restarts = 2047
t25.nogoods_size = 832368
t25.nodes = 4535442
t25.propagations = 4535442
t9.stop_reason = aborted
t9.restarts = 2047
t9.nogoods_size = 832368
t9.nodes = 4653575
t9.propagations = 4653575
t20.stop_reason = aborted
t20.restarts = 2047
t20.nogoods_size = 832368
t20.nodes = 4903265
t20.propagations = 4903265
t18.stop_reason = aborted
t18.restarts = 2047
t18.nogoods_size = 832368
t18.nodes = 4541856
t18.propagations = 4541856
t19.stop_reason = aborted
t19.restarts = 2047
t19.nogoods_size = 832368
t19.nodes = 4800439
t19.propagations = 4800439
t26.stop_reason = aborted
t26.restarts = 2047
t26.nogoods_size = 832368
t26.nodes = 4623929
t26.propagations = 4623929
t21.stop_reason = aborted
t21.restarts = 2047
t21.nogoods_size = 832368
t21.nodes = 4541346
t21.propagations = 4541346
t5.stop_reason = aborted
t5.restarts = 2047
t5.nogoods_size = 832368
t5.nodes = 4545800
t5.propagations = 4545800
t1.stop_reason = aborted
t1.restarts = 2047
t1.nogoods_size = 832368
t1.nodes = 4656313
t1.propagations = 4656313
t27.stop_reason = aborted
t27.restarts = 2047
t27.nogoods_size = 832368
t27.nodes = 4576884
t27.propagations = 4576884
t35.stop_reason = aborted
t35.restarts = 2047
t35.nogoods_size = 832368
t35.nodes = 4518888
t35.propagations = 4518888
t22.stop_reason = aborted
t22.restarts = 2047
t22.nogoods_size = 832368
t22.nodes = 4659947
t22.propagations = 4659947
t13.stop_reason = aborted
t13.restarts = 2047
t13.nogoods_size = 832368
t13.nodes = 4711578
t13.propagations = 4711578
t4.stop_reason = aborted
t4.restarts = 2047
t4.nogoods_size = 832368
t4.nodes = 4593410
t4.propagations = 4593410
t32.stop_reason = aborted
t32.restarts = 2047
t32.nogoods_size = 832368
t32.nodes = 4534434
t32.propagations = 4534434
t29.stop_reason = aborted
t29.restarts = 2047
t29.nogoods_size = 832368
t29.nodes = 4574661
t29.propagations = 4574661
t7.stop_reason = aborted
t7.restarts = 2047
t7.nogoods_size = 832368
t7.nodes = 4645698
t7.propagations = 4645698
t3.stop_reason = aborted
t3.restarts = 2047
t3.nogoods_size = 832368
t3.nodes = 4595761
t3.propagations = 4595761
t8.stop_reason = aborted
t8.restarts = 2047
t8.nogoods_size = 832368
t8.nodes = 4576372
t8.propagations = 4576372
t0.stop_reason = aborted
t0.restarts = 2047
t0.nogoods_size = 832368
t0.nodes = 4596149
t0.propagations = 4596149
t33.stop_reason = aborted
t33.restarts = 2047
t33.nogoods_size = 832368
t33.nodes = 4542488
t33.propagations = 4542488
t15.stop_reason = aborted
t15.restarts = 2047
t15.nogoods_size = 832368
t15.nodes = 4577048
t15.propagations = 4577048
t16.stop_reason = aborted
t16.restarts = 2047
t16.nogoods_size = 832368
t16.nodes = 4819488
t16.propagations = 4819488
t11.stop_reason = aborted
t11.restarts = 2047
t11.nogoods_size = 832368
t11.nodes = 4507685
t11.propagations = 4507685
t31.stop_reason = aborted
t31.restarts = 2047
t31.nogoods_size = 832368
t31.nodes = 4774712
t31.propagations = 4774712
t28.stop_reason = aborted
t28.restarts = 2047
t28.nogoods_size = 832368
t28.nodes = 4573560
t28.propagations = 4573560
search_time = 999796
