hostname = r2i1n8
commandline = ../glasgow/solve_subgraph_isomorphism --value-ordering=biased --threads=36 --timeout 1000 --format lad ../instances/LV/g35 ../instances/largerGraphs/g93-normed
started_at = 2018-11-16 13:08:32
pattern_file = ../instances/LV/g35
target_file = ../instances/largerGraphs/g93-normed
status = false
nodes = 489841
propagations = 9859170
runtime = 4101
t11.stop_reason = aborted
t11.restarts = 16
t11.nogoods_size = 50584
t11.nodes = 13948
t11.propagations = 13948
t5.stop_reason = aborted
t5.restarts = 16
t5.nogoods_size = 50584
t5.nodes = 13199
t5.propagations = 13199
t12.stop_reason = aborted
t12.restarts = 16
t12.nogoods_size = 50584
t12.nodes = 12246
t12.propagations = 12246
t6.stop_reason = aborted
t6.restarts = 16
t6.nogoods_size = 50584
t6.nodes = 13844
t6.propagations = 13844
t15.stop_reason = aborted
t15.restarts = 16
t15.nogoods_size = 50584
t15.nodes = 13564
t15.propagations = 13564
t25.stop_reason = aborted
t25.restarts = 16
t25.nogoods_size = 50584
t25.nodes = 13718
t25.propagations = 13718
t16.stop_reason = aborted
t16.restarts = 16
t16.nogoods_size = 50584
t16.nodes = 14166
t16.propagations = 14166
t8.stop_reason = aborted
t8.restarts = 16
t8.nogoods_size = 50584
t8.nodes = 14078
t8.propagations = 14078
t7.stop_reason = aborted
t7.restarts = 16
t7.nogoods_size = 50584
t7.nodes = 13380
t7.propagations = 13380
t35.stop_reason = aborted
t35.restarts = 16
t35.nogoods_size = 50584
t35.nodes = 14162
t35.propagations = 14162
t0.stop_reason = aborted
t0.restarts = 16
t0.nogoods_size = 50584
t0.nodes = 13427
t0.propagations = 13427
t21.stop_reason = aborted
t21.restarts = 16
t21.nogoods_size = 50584
t21.nodes = 13948
t21.propagations = 13948
t9.stop_reason = aborted
t9.restarts = 16
t9.nogoods_size = 50584
t9.nodes = 14338
t9.propagations = 14338
t17.stop_reason = aborted
t17.restarts = 16
t17.nogoods_size = 50584
t17.nodes = 13747
t17.propagations = 13747
t26.stop_reason = aborted
t26.restarts = 16
t26.nogoods_size = 50584
t26.nodes = 13736
t26.propagations = 13736
t29.stop_reason = aborted
t29.restarts = 16
t29.nogoods_size = 50584
t29.nodes = 13721
t29.propagations = 13721
t32.stop_reason = aborted
t32.restarts = 16
t32.nogoods_size = 50584
t32.nodes = 13926
t32.propagations = 13926
t3.stop_reason = aborted
t3.restarts = 16
t3.nogoods_size = 50584
t3.nodes = 13754
t3.propagations = 13754
t31.stop_reason = aborted
t31.restarts = 16
t31.nogoods_size = 50584
t31.nodes = 14150
t31.propagations = 14150
t20.stop_reason = aborted
t20.restarts = 16
t20.nogoods_size = 50584
t20.nodes = 13025
t20.propagations = 13025
t24.stop_reason = aborted
t24.restarts = 16
t24.nogoods_size = 50584
t24.nodes = 13989
t24.propagations = 13989
t33.stop_reason = aborted
t33.restarts = 16
t33.nogoods_size = 50584
t33.nodes = 12937
t33.propagations = 12937
t1.stop_reason = aborted
t1.restarts = 16
t1.nogoods_size = 50584
t1.nodes = 13700
t1.propagations = 13700
t18.stop_reason = aborted
t18.restarts = 16
t18.nogoods_size = 50584
t18.nodes = 14168
t18.propagations = 14168
t14.stop_reason = aborted
t14.restarts = 16
t14.nogoods_size = 50584
t14.nodes = 13802
t14.propagations = 13802
t34.stop_reason = aborted
t34.restarts = 16
t34.nogoods_size = 50584
t34.nodes = 12851
t34.propagations = 12851
t22.stop_reason = aborted
t22.restarts = 16
t22.nogoods_size = 50584
t22.nodes = 13547
t22.propagations = 13547
t4.stop_reason = aborted
t4.restarts = 16
t4.nogoods_size = 50584
t4.nodes = 12836
t4.propagations = 12836
t27.stop_reason = aborted
t27.restarts = 16
t27.nogoods_size = 50584
t27.nodes = 13702
t27.propagations = 13702
t2.stop_reason = aborted
t2.restarts = 16
t2.nogoods_size = 50584
t2.nodes = 14243
t2.propagations = 14243
t23.stop_reason = aborted
t23.restarts = 16
t23.nogoods_size = 50584
t23.nodes = 11786
t23.propagations = 11786
t19.stop_reason = aborted
t19.restarts = 16
t19.nogoods_size = 50584
t19.nodes = 13529
t19.propagations = 13529
t13.stop_reason = aborted
t13.restarts = 16
t13.nogoods_size = 50584
t13.nodes = 13748
t13.propagations = 13748
t28.stop_reason = aborted
t28.restarts = 16
t28.nogoods_size = 50584
t28.nodes = 13607
t28.propagations = 13607
t30.stop_reason = unsatisfiable
t30.restarts = 16
t30.nogoods_size = 50584
t30.nodes = 13387
t30.propagations = 13387
t10.stop_reason = aborted
t10.restarts = 16
t10.nogoods_size = 50584
t10.nodes = 13932
t10.propagations = 13932
search_time = 2244
