hostname = r1i2n15
commandline = ../glasgow/solve_subgraph_isomorphism --value-ordering=biased --threads=36 --timeout 1000 --format lad ../instances/LV/g36 ../instances/largerGraphs/g93-normed
started_at = 2018-11-16 13:09:15
pattern_file = ../instances/LV/g36
target_file = ../instances/largerGraphs/g93-normed
status = aborted
nodes = 547485109
propagations = 6990167909
runtime = 1091496
t13.stop_reason = aborted
t13.restarts = 5900
t13.nogoods_size = 5890174
t13.nodes = 15293010
t13.propagations = 15293010
t32.stop_reason = aborted
t32.restarts = 5900
t32.nogoods_size = 5890174
t32.nodes = 15476743
t32.propagations = 15476743
t25.stop_reason = aborted
t25.restarts = 5900
t25.nogoods_size = 5890174
t25.nodes = 15159224
t25.propagations = 15159224
t26.stop_reason = aborted
t26.restarts = 5900
t26.nogoods_size = 5890174
t26.nodes = 15636770
t26.propagations = 15636770
t5.stop_reason = aborted
t5.restarts = 5900
t5.nogoods_size = 5890174
t5.nodes = 15194708
t5.propagations = 15194708
t7.stop_reason = aborted
t7.restarts = 5900
t7.nogoods_size = 5890174
t7.nodes = 14665007
t7.propagations = 14665007
t27.stop_reason = aborted
t27.restarts = 5900
t27.nogoods_size = 5890174
t27.nodes = 15500348
t27.propagations = 15500348
t3.stop_reason = aborted
t3.restarts = 5900
t3.nogoods_size = 5890174
t3.nodes = 15062838
t3.propagations = 15062838
t1.stop_reason = aborted
t1.restarts = 5900
t1.nogoods_size = 5890174
t1.nodes = 15345076
t1.propagations = 15345076
t17.stop_reason = aborted
t17.restarts = 5900
t17.nogoods_size = 5890174
t17.nodes = 15460269
t17.propagations = 15460269
t11.stop_reason = aborted
t11.restarts = 5900
t11.nogoods_size = 5890174
t11.nodes = 15474972
t11.propagations = 15474972
t22.stop_reason = aborted
t22.restarts = 5900
t22.nogoods_size = 5890174
t22.nodes = 14613620
t22.propagations = 14613620
t10.stop_reason = aborted
t10.restarts = 5900
t10.nogoods_size = 5890174
t10.nodes = 14815886
t10.propagations = 14815886
t30.stop_reason = aborted
t30.restarts = 5900
t30.nogoods_size = 5890174
t30.nodes = 15255363
t30.propagations = 15255363
t29.stop_reason = aborted
t29.restarts = 5900
t29.nogoods_size = 5890174
t29.nodes = 14950299
t29.propagations = 14950299
t0.stop_reason = aborted
t0.restarts = 5900
t0.nogoods_size = 5890174
t0.nodes = 15255481
t0.propagations = 15255481
t14.stop_reason = aborted
t14.restarts = 5900
t14.nogoods_size = 5890174
t14.nodes = 15459146
t14.propagations = 15459146
t23.stop_reason = aborted
t23.restarts = 5900
t23.nogoods_size = 5890174
t23.nodes = 15099028
t23.propagations = 15099028
t2.stop_reason = aborted
t2.restarts = 5900
t2.nogoods_size = 5890174
t2.nodes = 14906285
t2.propagations = 14906285
t31.stop_reason = aborted
t31.restarts = 5900
t31.nogoods_size = 5890174
t31.nodes = 15120752
t31.propagations = 15120752
t19.stop_reason = aborted
t19.restarts = 5900
t19.nogoods_size = 5890174
t19.nodes = 15258712
t19.propagations = 15258712
t16.stop_reason = aborted
t16.restarts = 5900
t16.nogoods_size = 5890174
t16.nodes = 15237645
t16.propagations = 15237645
t9.stop_reason = aborted
t9.restarts = 5900
t9.nogoods_size = 5890174
t9.nodes = 15263360
t9.propagations = 15263360
t35.stop_reason = aborted
t35.restarts = 5900
t35.nogoods_size = 5890174
t35.nodes = 15061539
t35.propagations = 15061539
t21.stop_reason = aborted
t21.restarts = 5900
t21.nogoods_size = 5890174
t21.nodes = 14836722
t21.propagations = 14836722
t6.stop_reason = aborted
t6.restarts = 5900
t6.nogoods_size = 5890174
t6.nodes = 15232895
t6.propagations = 15232895
t12.stop_reason = aborted
t12.restarts = 5900
t12.nogoods_size = 5890174
t12.nodes = 15448459
t12.propagations = 15448459
t33.stop_reason = aborted
t33.restarts = 5900
t33.nogoods_size = 5890174
t33.nodes = 15297027
t33.propagations = 15297027
t15.stop_reason = aborted
t15.restarts = 5900
t15.nogoods_size = 5890174
t15.nodes = 15489327
t15.propagations = 15489327
t18.stop_reason = aborted
t18.restarts = 5900
t18.nogoods_size = 5890174
t18.nodes = 14890365
t18.propagations = 14890365
t8.stop_reason = aborted
t8.restarts = 5900
t8.nogoods_size = 5890174
t8.nodes = 15387633
t8.propagations = 15387633
t34.stop_reason = aborted
t34.restarts = 5900
t34.nogoods_size = 5890174
t34.nodes = 15131882
t34.propagations = 15131882
t24.stop_reason = aborted
t24.restarts = 5900
t24.nogoods_size = 5890174
t24.nodes = 14937097
t24.propagations = 14937097
t28.stop_reason = aborted
t28.restarts = 5900
t28.nogoods_size = 5890174
t28.nodes = 15587047
t28.propagations = 15587047
t4.stop_reason = aborted
t4.restarts = 5900
t4.nogoods_size = 5890174
t4.nodes = 15184797
t4.propagations = 15184797
t20.stop_reason = aborted
t20.restarts = 5900
t20.nogoods_size = 5890174
t20.nodes = 15495777
t20.propagations = 15495777
search_time = 998515
