hostname = r1i2n16
commandline = ../glasgow/solve_subgraph_isomorphism --value-ordering=biased --threads=36 --timeout 1000 --format lad ../instances/phase/phase-30-150-0.74-0.68-0.70-5-pattern ../instances/phase/phase-30-150-0.74-0.68-0.70-5-target
started_at = 2018-11-16 13:22:23
pattern_file = ../instances/phase/phase-30-150-0.74-0.68-0.70-5-pattern
target_file = ../instances/phase/phase-30-150-0.74-0.68-0.70-5-target
status = false
nodes = 7405
propagations = 18790
runtime = 22
t20.restarts = 2
t20.nogoods_size = 229
t20.nodes = 241
t20.propagations = 241
t5.restarts = 2
t5.nogoods_size = 229
t5.nodes = 670
t5.propagations = 670
t24.restarts = 2
t24.nogoods_size = 229
t24.nodes = 25
t24.propagations = 25
t17.restarts = 2
t17.nogoods_size = 229
t17.nodes = 296
t17.propagations = 296
t7.restarts = 2
t7.nogoods_size = 229
t7.nodes = 262
t7.propagations = 262
t27.restarts = 2
t27.nogoods_size = 229
t27.nodes = 12
t27.propagations = 12
t25.restarts = 2
t25.nogoods_size = 229
t25.nodes = 69
t25.propagations = 69
t19.restarts = 2
t19.nogoods_size = 229
t19.nodes = 203
t19.propagations = 203
t28.restarts = 2
t28.nogoods_size = 229
t28.nodes = 10
t28.propagations = 10
t32.restarts = 2
t32.nogoods_size = 229
t32.nodes = 1
t32.propagations = 1
t6.restarts = 2
t6.nogoods_size = 229
t6.nodes = 403
t6.propagations = 403
t4.restarts = 2
t4.nogoods_size = 229
t4.nodes = 673
t4.propagations = 673
t9.restarts = 2
t9.nogoods_size = 229
t9.nodes = 206
t9.propagations = 206
t10.restarts = 2
t10.nogoods_size = 229
t10.nodes = 473
t10.propagations = 473
t15.restarts = 2
t15.nogoods_size = 229
t15.nodes = 149
t15.propagations = 149
t16.restarts = 2
t16.nogoods_size = 229
t16.nodes = 346
t16.propagations = 346
t23.restarts = 2
t23.nogoods_size = 229
t23.nodes = 138
t23.propagations = 138
t22.restarts = 2
t22.nogoods_size = 229
t22.nodes = 56
t22.propagations = 56
t18.restarts = 2
t18.nogoods_size = 229
t18.nodes = 61
t18.propagations = 61
t8.restarts = 2
t8.nogoods_size = 229
t8.nodes = 337
t8.propagations = 337
t3.restarts = 2
t3.nogoods_size = 229
t3.nodes = 330
t3.propagations = 330
t13.restarts = 2
t13.nogoods_size = 229
t13.nodes = 109
t13.propagations = 109
t11.restarts = 2
t11.nogoods_size = 229
t11.nodes = 183
t11.propagations = 183
t12.restarts = 2
t12.nogoods_size = 229
t12.nodes = 441
t12.propagations = 441
t26.restarts = 2
t26.nogoods_size = 229
t26.nodes = 12
t26.propagations = 12
t30.restarts = 2
t30.nogoods_size = 229
t30.nodes = 1
t30.propagations = 1
t34.restarts = 2
t34.nogoods_size = 229
t34.nodes = 1
t34.propagations = 1
t21.restarts = 2
t21.nogoods_size = 229
t21.nodes = 204
t21.propagations = 204
t0.restarts = 2
t0.nogoods_size = 229
t0.nodes = 495
t0.propagations = 495
t1.restarts = 2
t1.nogoods_size = 229
t1.nodes = 290
t1.propagations = 290
t31.restarts = 2
t31.nogoods_size = 229
t31.nodes = 1
t31.propagations = 1
t2.restarts = 2
t2.nogoods_size = 229
t2.nodes = 272
t2.propagations = 272
t14.restarts = 2
t14.nogoods_size = 229
t14.nodes = 432
t14.propagations = 432
t33.restarts = 2
t33.nogoods_size = 229
t33.nodes = 1
t33.propagations = 1
t35.restarts = 2
t35.nogoods_size = 229
t35.nodes = 1
t35.propagations = 1
t29.restarts = 2
t29.nogoods_size = 229
t29.nodes = 1
t29.propagations = 1
search_time = 5
