hostname = r1i3n30
commandline = ../glasgow/solve_subgraph_isomorphism --value-ordering=biased --threads=36 --timeout 1000 --format lad ../instances/si/si2_rand_r01_200/si2_r01_m200.00/pattern ../instances/si/si2_rand_r01_200/si2_r01_m200.00/target
started_at = 2018-11-16 12:21:13
pattern_file = ../instances/si/si2_rand_r01_200/si2_r01_m200.00/pattern
target_file = ../instances/si/si2_rand_r01_200/si2_r01_m200.00/target
status = true
nodes = 1034876
propagations = 2746551
mapping = (0 -> 117) (1 -> 28) (2 -> 133) (3 -> 177) (4 -> 21) (5 -> 197) (6 -> 184) (7 -> 109) (8 -> 159) (9 -> 22) (10 -> 179) (11 -> 113) (12 -> 16) (13 -> 69) (14 -> 131) (15 -> 14) (16 -> 79) (17 -> 46) (18 -> 62) (19 -> 195) (20 -> 95) (21 -> 88) (22 -> 58) (23 -> 145) (24 -> 163) (25 -> 32) (26 -> 85) (27 -> 196) (28 -> 34) (29 -> 33) (30 -> 140) (31 -> 108) (32 -> 89) (33 -> 81) (34 -> 192) (35 -> 112) (36 -> 121) (37 -> 99) (38 -> 9) (39 -> 17) 
runtime = 298
t25.where = 0/162 -1/-1 13/30 -1/-1 1/8 -1/-1 1/7 -1/-1 1/4 -1/-1 -1/-1 0/2 -1/-1 0/2 -1/-1 -1/-1 0/2 -1/-1 0/2 -1/-1 -1/-1 -1/-1 -1/-1 -1/-1 -1/-1 -1/-1 -1/-1 -1/-1 -1/-1 -1/-1 -1/-1 -1/-1 -1/-1 -1/-1 -1/-1 -1/-1 -1/-1 1/2 -1/-1 0/2 -1/-1 -1/-1 -1/-1 -1/-1 0/2 -1/-1 -1/-1 0/2 -1/-1 0/2 -1/-1 0/2 -1/-1 0/2 -1/-1 0/11 -1/-1
t25.stop_reason = satisfiable
t25.restarts = 30
t25.nogoods_size = 12784
t25.nodes = 31009
t25.propagations = 31009
t29.stop_reason = aborted
t29.restarts = 30
t29.nogoods_size = 12784
t29.nodes = 32024
t29.propagations = 32024
t6.stop_reason = aborted
t6.restarts = 30
t6.nogoods_size = 12784
t6.nodes = 30079
t6.propagations = 30079
t26.stop_reason = aborted
t26.restarts = 30
t26.nogoods_size = 12784
t26.nodes = 29959
t26.propagations = 29959
t12.stop_reason = aborted
t12.restarts = 30
t12.nogoods_size = 12784
t12.nodes = 31994
t12.propagations = 31994
t16.stop_reason = aborted
t16.restarts = 30
t16.nogoods_size = 12784
t16.nodes = 20738
t16.propagations = 20738
t33.stop_reason = aborted
t33.restarts = 30
t33.nogoods_size = 12784
t33.nodes = 29650
t33.propagations = 29650
t27.stop_reason = aborted
t27.restarts = 30
t27.nogoods_size = 12784
t27.nodes = 31583
t27.propagations = 31583
t28.stop_reason = aborted
t28.restarts = 30
t28.nogoods_size = 12784
t28.nodes = 32223
t28.propagations = 32223
t24.stop_reason = aborted
t24.restarts = 30
t24.nogoods_size = 12784
t24.nodes = 32600
t24.propagations = 32600
t1.stop_reason = aborted
t1.restarts = 30
t1.nogoods_size = 12784
t1.nodes = 25635
t1.propagations = 25635
t8.stop_reason = aborted
t8.restarts = 30
t8.nogoods_size = 12784
t8.nodes = 26352
t8.propagations = 26352
t4.stop_reason = aborted
t4.restarts = 30
t4.nogoods_size = 12784
t4.nodes = 31528
t4.propagations = 31528
t7.stop_reason = aborted
t7.restarts = 30
t7.nogoods_size = 12784
t7.nodes = 32013
t7.propagations = 32013
t35.stop_reason = aborted
t35.restarts = 30
t35.nogoods_size = 12784
t35.nodes = 31477
t35.propagations = 31477
t20.stop_reason = aborted
t20.restarts = 30
t20.nogoods_size = 12784
t20.nodes = 25434
t20.propagations = 25434
t11.stop_reason = aborted
t11.restarts = 30
t11.nogoods_size = 12784
t11.nodes = 26523
t11.propagations = 26523
t34.stop_reason = aborted
t34.restarts = 30
t34.nogoods_size = 12784
t34.nodes = 29627
t34.propagations = 29627
t10.stop_reason = aborted
t10.restarts = 30
t10.nogoods_size = 12784
t10.nodes = 23959
t10.propagations = 23959
t32.stop_reason = aborted
t32.restarts = 30
t32.nogoods_size = 12784
t32.nodes = 32082
t32.propagations = 32082
t31.stop_reason = aborted
t31.restarts = 30
t31.nogoods_size = 12784
t31.nodes = 31675
t31.propagations = 31675
t23.stop_reason = aborted
t23.restarts = 30
t23.nogoods_size = 12784
t23.nodes = 31615
t23.propagations = 31615
t5.stop_reason = aborted
t5.restarts = 30
t5.nogoods_size = 12784
t5.nodes = 24098
t5.propagations = 24098
t30.stop_reason = aborted
t30.restarts = 30
t30.nogoods_size = 12784
t30.nodes = 31147
t30.propagations = 31147
t15.stop_reason = aborted
t15.restarts = 30
t15.nogoods_size = 12784
t15.nodes = 31757
t15.propagations = 31757
t13.stop_reason = aborted
t13.restarts = 30
t13.nogoods_size = 12784
t13.nodes = 24369
t13.propagations = 24369
t17.stop_reason = aborted
t17.restarts = 30
t17.nogoods_size = 12784
t17.nodes = 31170
t17.propagations = 31170
t2.stop_reason = aborted
t2.restarts = 30
t2.nogoods_size = 12784
t2.nodes = 24713
t2.propagations = 24713
t0.stop_reason = aborted
t0.restarts = 30
t0.nogoods_size = 12784
t0.nodes = 25493
t0.propagations = 25493
t9.stop_reason = aborted
t9.restarts = 30
t9.nogoods_size = 12784
t9.nodes = 31581
t9.propagations = 31581
t14.stop_reason = aborted
t14.restarts = 30
t14.nogoods_size = 12784
t14.nodes = 27590
t14.propagations = 27590
t22.stop_reason = aborted
t22.restarts = 30
t22.nogoods_size = 12784
t22.nodes = 26814
t22.propagations = 26814
t18.stop_reason = aborted
t18.restarts = 30
t18.nogoods_size = 12784
t18.nodes = 31074
t18.propagations = 31074
t21.stop_reason = aborted
t21.restarts = 30
t21.nogoods_size = 12784
t21.nodes = 24938
t21.propagations = 24938
t19.stop_reason = aborted
t19.restarts = 30
t19.nogoods_size = 12784
t19.nodes = 19711
t19.propagations = 19711
t3.stop_reason = aborted
t3.restarts = 30
t3.nogoods_size = 12784
t3.nodes = 30642
t3.propagations = 30642
search_time = 226
