hostname = r1i1n6
commandline = ../glasgow/solve_subgraph_isomorphism --value-ordering=biased --threads=36 --timeout 1000 --format lad ../instances/si/si2_bvg_b06_800/si2_b06_m800.01/pattern ../instances/si/si2_bvg_b06_800/si2_b06_m800.01/target
started_at = 2018-11-16 12:21:03
pattern_file = ../instances/si/si2_bvg_b06_800/si2_b06_m800.01/pattern
target_file = ../instances/si/si2_bvg_b06_800/si2_b06_m800.01/target
status = true
nodes = 67
propagations = 102
mapping = (0 -> 61) (1 -> 451) (2 -> 162) (3 -> 768) (4 -> 8) (5 -> 104) (6 -> 147) (7 -> 182) (8 -> 491) (9 -> 746) (10 -> 636) (11 -> 607) (12 -> 671) (13 -> 226) (14 -> 71) (15 -> 595) (16 -> 667) (17 -> 637) (18 -> 248) (19 -> 643) (20 -> 323) (21 -> 551) (22 -> 84) (23 -> 181) (24 -> 343) (25 -> 278) (26 -> 495) (27 -> 179) (28 -> 19) (29 -> 687) (30 -> 786) (31 -> 464) (32 -> 536) (33 -> 510) (34 -> 584) (35 -> 239) (36 -> 127) (37 -> 542) (38 -> 224) (39 -> 704) (40 -> 531) (41 -> 518) (42 -> 725) (43 -> 315) (44 -> 339) (45 -> 591) (46 -> 228) (47 -> 461) (48 -> 462) (49 -> 28) (50 -> 501) (51 -> 421) (52 -> 414) (53 -> 778) (54 -> 128) (55 -> 241) (56 -> 646) (57 -> 628) (58 -> 341) (59 -> 177) (60 -> 254) (61 -> 40) (62 -> 201) (63 -> 456) (64 -> 708) (65 -> 313) (66 -> 152) (67 -> 6) (68 -> 400) (69 -> 469) (70 -> 767) (71 -> 288) (72 -> 419) (73 -> 213) (74 -> 558) (75 -> 689) (76 -> 185) (77 -> 560) (78 -> 222) (79 -> 415) (80 -> 165) (81 -> 302) (82 -> 260) (83 -> 737) (84 -> 472) (85 -> 784) (86 -> 255) (87 -> 151) (88 -> 468) (89 -> 723) (90 -> 304) (91 -> 337) (92 -> 452) (93 -> 619) (94 -> 743) (95 -> 311) (96 -> 575) (97 -> 47) (98 -> 217) (99 -> 631) (100 -> 206) (101 -> 776) (102 -> 299) (103 -> 20) (104 -> 771) (105 -> 548) (106 -> 215) (107 -> 733) (108 -> 703) (109 -> 418) (110 -> 26) (111 -> 454) (112 -> 214) (113 -> 521) (114 -> 48) (115 -> 666) (116 -> 511) (117 -> 513) (118 -> 317) (119 -> 589) (120 -> 727) (121 -> 546) (122 -> 487) (123 -> 597) (124 -> 714) (125 -> 740) (126 -> 782) (127 -> 351) (128 -> 435) (129 -> 620) (130 -> 319) (131 -> 581) (132 -> 759) (133 -> 744) (134 -> 655) (135 -> 441) (136 -> 378) (137 -> 696) (138 -> 129) (139 -> 520) (140 -> 494) (141 -> 731) (142 -> 412) (143 -> 623) (144 -> 113) (145 -> 264) (146 -> 176) (147 -> 325) (148 -> 140) (149 -> 662) (150 -> 700) (151 -> 188) (152 -> 365) (153 -> 411) (154 -> 145) (155 -> 574) (156 -> 380) (157 -> 173) (158 -> 638) (159 -> 51) 
runtime = 113
t7.where = 0/800 -1/-1 0/2 -1/-1 -1/-1 -1/-1 -1/-1 -1/-1 -1/-1 -1/-1 -1/-1 -1/-1 -1/-1 -1/-1 -1/-1 -1/-1 -1/-1 -1/-1 -1/-1 -1/-1 -1/-1 -1/-1 -1/-1 -1/-1 -1/-1 -1/-1 -1/-1 -1/-1 -1/-1 -1/-1 -1/-1 -1/-1 -1/-1 -1/-1 -1/-1 -1/-1 -1/-1 -1/-1 -1/-1 -1/-1 -1/-1 -1/-1 -1/-1 -1/-1 -1/-1 -1/-1 -1/-1 -1/-1 -1/-1 -1/-1 -1/-1 -1/-1 -1/-1 -1/-1 -1/-1 -1/-1 -1/-1 -1/-1 -1/-1 -1/-1 -1/-1 -1/-1 -1/-1 -1/-1 -1/-1 -1/-1 -1/-1 -1/-1 -1/-1 -1/-1 -1/-1 -1/-1 -1/-1 -1/-1 -1/-1 -1/-1 -1/-1 -1/-1 -1/-1 -1/-1 -1/-1 -1/-1 -1/-1 -1/-1 -1/-1 -1/-1 -1/-1 -1/-1 -1/-1 -1/-1 -1/-1 -1/-1 -1/-1 -1/-1 -1/-1 -1/-1 -1/-1 -1/-1 -1/-1 -1/-1 -1/-1 -1/-1 -1/-1 -1/-1 -1/-1 -1/-1 -1/-1 -1/-1 -1/-1 -1/-1 -1/-1 -1/-1 -1/-1 -1/-1 -1/-1 -1/-1 -1/-1 -1/-1 -1/-1 -1/-1 -1/-1 -1/-1 -1/-1 -1/-1 -1/-1 -1/-1 -1/-1 -1/-1 -1/-1 -1/-1 -1/-1 -1/-1 -1/-1 -1/-1 -1/-1 -1/-1 -1/-1 -1/-1 -1/-1 -1/-1 -1/-1 -1/-1 -1/-1 -1/-1 -1/-1 -1/-1 -1/-1 -1/-1 -1/-1 -1/-1 -1/-1 -1/-1 -1/-1 -1/-1 -1/-1 -1/-1 -1/-1 -1/-1 -1/-1 -1/-1 -1/-1 -1/-1
t7.stop_reason = satisfiable
t7.restarts = 2
t7.nogoods_size = 36
t7.nodes = 3
t7.propagations = 3
t31.stop_reason = aborted
t31.restarts = 2
t31.nogoods_size = 36
t31.nodes = 1
t31.propagations = 1
t11.stop_reason = aborted
t11.restarts = 2
t11.nogoods_size = 36
t11.nodes = 2
t11.propagations = 2
t32.stop_reason = aborted
t32.restarts = 2
t32.nogoods_size = 36
t32.nodes = 1
t32.propagations = 1
t1.stop_reason = aborted
t1.restarts = 2
t1.nogoods_size = 36
t1.nodes = 2
t1.propagations = 2
t34.stop_reason = aborted
t34.restarts = 2
t34.nogoods_size = 36
t34.nodes = 1
t34.propagations = 1
t30.stop_reason = aborted
t30.restarts = 2
t30.nogoods_size = 36
t30.nodes = 1
t30.propagations = 1
t35.stop_reason = aborted
t35.restarts = 2
t35.nogoods_size = 36
t35.nodes = 1
t35.propagations = 1
t2.stop_reason = aborted
t2.restarts = 2
t2.nogoods_size = 36
t2.nodes = 2
t2.propagations = 2
t0.stop_reason = aborted
t0.restarts = 2
t0.nogoods_size = 36
t0.nodes = 2
t0.propagations = 2
t33.stop_reason = aborted
t33.restarts = 2
t33.nogoods_size = 36
t33.nodes = 1
t33.propagations = 1
t4.stop_reason = aborted
t4.restarts = 2
t4.nogoods_size = 36
t4.nodes = 2
t4.propagations = 2
t5.stop_reason = aborted
t5.restarts = 2
t5.nogoods_size = 36
t5.nodes = 2
t5.propagations = 2
t15.stop_reason = aborted
t15.restarts = 2
t15.nogoods_size = 36
t15.nodes = 2
t15.propagations = 2
t12.stop_reason = aborted
t12.restarts = 2
t12.nogoods_size = 36
t12.nodes = 2
t12.propagations = 2
t6.stop_reason = aborted
t6.restarts = 2
t6.nogoods_size = 36
t6.nodes = 2
t6.propagations = 2
t8.stop_reason = aborted
t8.restarts = 2
t8.nogoods_size = 36
t8.nodes = 2
t8.propagations = 2
t14.stop_reason = aborted
t14.restarts = 2
t14.nogoods_size = 36
t14.nodes = 2
t14.propagations = 2
t17.stop_reason = aborted
t17.restarts = 2
t17.nogoods_size = 36
t17.nodes = 2
t17.propagations = 2
t13.stop_reason = aborted
t13.restarts = 2
t13.nogoods_size = 36
t13.nodes = 2
t13.propagations = 2
t19.stop_reason = aborted
t19.restarts = 2
t19.nogoods_size = 36
t19.nodes = 2
t19.propagations = 2
t16.stop_reason = aborted
t16.restarts = 2
t16.nogoods_size = 36
t16.nodes = 2
t16.propagations = 2
t29.stop_reason = aborted
t29.restarts = 2
t29.nogoods_size = 36
t29.nodes = 2
t29.propagations = 2
t20.stop_reason = aborted
t20.restarts = 2
t20.nogoods_size = 36
t20.nodes = 2
t20.propagations = 2
t21.stop_reason = aborted
t21.restarts = 2
t21.nogoods_size = 36
t21.nodes = 2
t21.propagations = 2
t23.stop_reason = aborted
t23.restarts = 2
t23.nogoods_size = 36
t23.nodes = 2
t23.propagations = 2
t22.stop_reason = aborted
t22.restarts = 2
t22.nogoods_size = 36
t22.nodes = 2
t22.propagations = 2
t27.stop_reason = aborted
t27.restarts = 2
t27.nogoods_size = 36
t27.nodes = 2
t27.propagations = 2
t24.stop_reason = aborted
t24.restarts = 2
t24.nogoods_size = 36
t24.nodes = 2
t24.propagations = 2
t28.stop_reason = aborted
t28.restarts = 2
t28.nogoods_size = 36
t28.nodes = 2
t28.propagations = 2
t3.stop_reason = aborted
t3.restarts = 2
t3.nogoods_size = 36
t3.nodes = 2
t3.propagations = 2
t10.stop_reason = aborted
t10.restarts = 2
t10.nogoods_size = 36
t10.nodes = 2
t10.propagations = 2
t9.stop_reason = aborted
t9.restarts = 2
t9.nogoods_size = 36
t9.nodes = 2
t9.propagations = 2
t18.stop_reason = aborted
t18.restarts = 2
t18.nogoods_size = 36
t18.nodes = 2
t18.propagations = 2
t26.stop_reason = aborted
t26.restarts = 2
t26.nogoods_size = 36
t26.nodes = 2
t26.propagations = 2
t25.stop_reason = aborted
t25.restarts = 2
t25.nogoods_size = 36
t25.nodes = 2
t25.propagations = 2
search_time = 63
