hostname = r1i4n17
commandline = ../glasgow/solve_subgraph_isomorphism --value-ordering=biased --threads=36 --timeout 1000 --format lad ../instances/si/si4_rand_r005_600/si4_r005_m600.07/pattern ../instances/si/si4_rand_r005_600/si4_r005_m600.07/target
started_at = 2018-11-16 12:20:47
pattern_file = ../instances/si/si4_rand_r005_600/si4_r005_m600.07/pattern
target_file = ../instances/si/si4_rand_r005_600/si4_r005_m600.07/target
status = true
nodes = 78722
propagations = 353570
mapping = (0 -> 179) (1 -> 597) (2 -> 186) (3 -> 155) (4 -> 194) (5 -> 556) (6 -> 596) (7 -> 45) (8 -> 199) (9 -> 542) (10 -> 471) (11 -> 309) (12 -> 238) (13 -> 514) (14 -> 444) (15 -> 256) (16 -> 493) (17 -> 192) (18 -> 178) (19 -> 399) (20 -> 52) (21 -> 598) (22 -> 10) (23 -> 468) (24 -> 57) (25 -> 101) (26 -> 175) (27 -> 232) (28 -> 9) (29 -> 94) (30 -> 545) (31 -> 304) (32 -> 473) (33 -> 462) (34 -> 305) (35 -> 271) (36 -> 317) (37 -> 544) (38 -> 388) (39 -> 227) (40 -> 202) (41 -> 244) (42 -> 160) (43 -> 111) (44 -> 79) (45 -> 359) (46 -> 599) (47 -> 509) (48 -> 152) (49 -> 495) (50 -> 585) (51 -> 423) (52 -> 116) (53 -> 4) (54 -> 332) (55 -> 230) (56 -> 543) (57 -> 41) (58 -> 401) (59 -> 215) (60 -> 588) (61 -> 301) (62 -> 252) (63 -> 119) (64 -> 242) (65 -> 86) (66 -> 513) (67 -> 474) (68 -> 367) (69 -> 383) (70 -> 273) (71 -> 153) (72 -> 307) (73 -> 467) (74 -> 17) (75 -> 446) (76 -> 436) (77 -> 433) (78 -> 507) (79 -> 285) (80 -> 0) (81 -> 137) (82 -> 516) (83 -> 428) (84 -> 520) (85 -> 219) (86 -> 551) (87 -> 372) (88 -> 290) (89 -> 527) (90 -> 217) (91 -> 246) (92 -> 595) (93 -> 114) (94 -> 108) (95 -> 183) (96 -> 338) (97 -> 487) (98 -> 284) (99 -> 417) (100 -> 387) (101 -> 250) (102 -> 200) (103 -> 560) (104 -> 408) (105 -> 299) (106 -> 144) (107 -> 410) (108 -> 489) (109 -> 315) (110 -> 570) (111 -> 531) (112 -> 97) (113 -> 272) (114 -> 455) (115 -> 339) (116 -> 95) (117 -> 274) (118 -> 420) (119 -> 539) (120 -> 50) (121 -> 584) (122 -> 460) (123 -> 530) (124 -> 292) (125 -> 310) (126 -> 449) (127 -> 510) (128 -> 567) (129 -> 386) (130 -> 236) (131 -> 138) (132 -> 124) (133 -> 161) (134 -> 546) (135 -> 47) (136 -> 415) (137 -> 393) (138 -> 65) (139 -> 456) (140 -> 416) (141 -> 278) (142 -> 22) (143 -> 265) (144 -> 46) (145 -> 350) (146 -> 142) (147 -> 312) (148 -> 368) (149 -> 566) (150 -> 430) (151 -> 167) (152 -> 204) (153 -> 80) (154 -> 34) (155 -> 110) (156 -> 55) (157 -> 168) (158 -> 156) (159 -> 324) (160 -> 541) (161 -> 51) (162 -> 269) (163 -> 60) (164 -> 536) (165 -> 277) (166 -> 346) (167 -> 485) (168 -> 44) (169 -> 191) (170 -> 31) (171 -> 357) (172 -> 590) (173 -> 185) (174 -> 424) (175 -> 499) (176 -> 92) (177 -> 77) (178 -> 85) (179 -> 61) (180 -> 582) (181 -> 552) (182 -> 550) (183 -> 253) (184 -> 508) (185 -> 283) (186 -> 143) (187 -> 184) (188 -> 67) (189 -> 537) (190 -> 99) (191 -> 348) (192 -> 140) (193 -> 345) (194 -> 193) (195 -> 36) (196 -> 66) (197 -> 331) (198 -> 62) (199 -> 463) (200 -> 411) (201 -> 172) (202 -> 526) (203 -> 162) (204 -> 149) (205 -> 81) (206 -> 27) (207 -> 475) (208 -> 439) (209 -> 427) (210 -> 141) (211 -> 181) (212 -> 2) (213 -> 538) (214 -> 360) (215 -> 54) (216 -> 207) (217 -> 90) (218 -> 483) (219 -> 340) (220 -> 398) (221 -> 263) (222 -> 70) (223 -> 222) (224 -> 302) (225 -> 431) (226 -> 519) (227 -> 68) (228 -> 129) (229 -> 458) (230 -> 477) (231 -> 501) (232 -> 164) (233 -> 452) (234 -> 592) (235 -> 6) (236 -> 443) (237 -> 375) (238 -> 209) (239 -> 89) 
runtime = 630
t28.where = 1/515 -1/-1 0/60 -1/-1 0/7 -1/-1 -1/-1 0/5 -1/-1 -1/-1 -1/-1 -1/-1 -1/-1 -1/-1 -1/-1 -1/-1 -1/-1 -1/-1 -1/-1 -1/-1 -1/-1 -1/-1 -1/-1 -1/-1 -1/-1 -1/-1 -1/-1 -1/-1 -1/-1 -1/-1 -1/-1 -1/-1 -1/-1 -1/-1 -1/-1 -1/-1 -1/-1 -1/-1 -1/-1 -1/-1 -1/-1 -1/-1 -1/-1 -1/-1 -1/-1 -1/-1 -1/-1 -1/-1 -1/-1 -1/-1 -1/-1 -1/-1 -1/-1 -1/-1 -1/-1 -1/-1 -1/-1 -1/-1 -1/-1 -1/-1 -1/-1 -1/-1 -1/-1 -1/-1 -1/-1 -1/-1 -1/-1 -1/-1 -1/-1 -1/-1 -1/-1 -1/-1 -1/-1 -1/-1 -1/-1 -1/-1 -1/-1 -1/-1 -1/-1 -1/-1 -1/-1 -1/-1 -1/-1 -1/-1 -1/-1 -1/-1 -1/-1 -1/-1 -1/-1 -1/-1 -1/-1 -1/-1 -1/-1 -1/-1 -1/-1 -1/-1 -1/-1 -1/-1 -1/-1 -1/-1 -1/-1 -1/-1 -1/-1 -1/-1 -1/-1 -1/-1 -1/-1 -1/-1 -1/-1 -1/-1 -1/-1 -1/-1 -1/-1 -1/-1 -1/-1 -1/-1 -1/-1 -1/-1 -1/-1 -1/-1 -1/-1 -1/-1 -1/-1 -1/-1 -1/-1 -1/-1 -1/-1 -1/-1 -1/-1 -1/-1 -1/-1 -1/-1 -1/-1 -1/-1 -1/-1 -1/-1 -1/-1 -1/-1 -1/-1 -1/-1 -1/-1 -1/-1 -1/-1 -1/-1 -1/-1 -1/-1 -1/-1 -1/-1 -1/-1 -1/-1 -1/-1 -1/-1 -1/-1 -1/-1 -1/-1 -1/-1 -1/-1 -1/-1 -1/-1 -1/-1 -1/-1 -1/-1 -1/-1 -1/-1 -1/-1 -1/-1 -1/-1 -1/-1 -1/-1 -1/-1 -1/-1 -1/-1 -1/-1 -1/-1 -1/-1 -1/-1 -1/-1 -1/-1 -1/-1 -1/-1 -1/-1 -1/-1 -1/-1 -1/-1 -1/-1 -1/-1 -1/-1 -1/-1 -1/-1 -1/-1 -1/-1 -1/-1 -1/-1 -1/-1 -1/-1 -1/-1 -1/-1 -1/-1 -1/-1 -1/-1 -1/-1 -1/-1 -1/-1 -1/-1 -1/-1 -1/-1 -1/-1 -1/-1 -1/-1 -1/-1 -1/-1 -1/-1 -1/-1 -1/-1 -1/-1 -1/-1 -1/-1 -1/-1 -1/-1 -1/-1 -1/-1 -1/-1 -1/-1 -1/-1 -1/-1 -1/-1 -1/-1 -1/-1 -1/-1 -1/-1 -1/-1 -1/-1 -1/-1 -1/-1 -1/-1 -1/-1 -1/-1 -1/-1 -1/-1 -1/-1 -1/-1 -1/-1 -1/-1 -1/-1
t28.stop_reason = satisfiable
t28.restarts = 5
t28.nogoods_size = 3604
t28.nodes = 2590
t28.propagations = 2590
t10.stop_reason = aborted
t10.restarts = 5
t10.nogoods_size = 3604
t10.nodes = 1652
t10.propagations = 1652
t2.stop_reason = aborted
t2.restarts = 5
t2.nogoods_size = 3604
t2.nodes = 1584
t2.propagations = 1584
t25.stop_reason = aborted
t25.restarts = 5
t25.nogoods_size = 3604
t25.nodes = 2624
t25.propagations = 2624
t9.stop_reason = aborted
t9.restarts = 5
t9.nogoods_size = 3604
t9.nodes = 1543
t9.propagations = 1543
t15.stop_reason = aborted
t15.restarts = 5
t15.nogoods_size = 3604
t15.nodes = 2719
t15.propagations = 2719
t1.stop_reason = aborted
t1.restarts = 5
t1.nogoods_size = 3604
t1.nodes = 2716
t1.propagations = 2716
t16.stop_reason = aborted
t16.restarts = 5
t16.nogoods_size = 3604
t16.nodes = 2550
t16.propagations = 2550
t27.stop_reason = aborted
t27.restarts = 5
t27.nogoods_size = 3604
t27.nodes = 2649
t27.propagations = 2649
t7.stop_reason = aborted
t7.restarts = 5
t7.nogoods_size = 3604
t7.nodes = 1637
t7.propagations = 1637
t20.stop_reason = aborted
t20.restarts = 5
t20.nogoods_size = 3604
t20.nodes = 1571
t20.propagations = 1571
t31.stop_reason = aborted
t31.restarts = 5
t31.nogoods_size = 3604
t31.nodes = 2509
t31.propagations = 2509
t12.stop_reason = aborted
t12.restarts = 5
t12.nogoods_size = 3604
t12.nodes = 2587
t12.propagations = 2587
t0.stop_reason = aborted
t0.restarts = 5
t0.nogoods_size = 3604
t0.nodes = 2723
t0.propagations = 2723
t34.stop_reason = aborted
t34.restarts = 5
t34.nogoods_size = 3604
t34.nodes = 2652
t34.propagations = 2652
t5.stop_reason = aborted
t5.restarts = 5
t5.nogoods_size = 3604
t5.nodes = 1560
t5.propagations = 1560
t33.stop_reason = aborted
t33.restarts = 5
t33.nogoods_size = 3604
t33.nodes = 2688
t33.propagations = 2688
t26.stop_reason = aborted
t26.restarts = 5
t26.nogoods_size = 3604
t26.nodes = 2571
t26.propagations = 2571
t23.stop_reason = aborted
t23.restarts = 5
t23.nogoods_size = 3604
t23.nodes = 1516
t23.propagations = 1516
t35.stop_reason = aborted
t35.restarts = 5
t35.nogoods_size = 3604
t35.nodes = 2631
t35.propagations = 2631
t24.stop_reason = aborted
t24.restarts = 5
t24.nogoods_size = 3604
t24.nodes = 2575
t24.propagations = 2575
t21.stop_reason = aborted
t21.restarts = 5
t21.nogoods_size = 3604
t21.nodes = 2129
t21.propagations = 2129
t4.stop_reason = aborted
t4.restarts = 5
t4.nogoods_size = 3604
t4.nodes = 2695
t4.propagations = 2695
t22.stop_reason = aborted
t22.restarts = 5
t22.nogoods_size = 3604
t22.nodes = 2177
t22.propagations = 2177
t11.stop_reason = aborted
t11.restarts = 5
t11.nogoods_size = 3604
t11.nodes = 2165
t11.propagations = 2165
t32.stop_reason = aborted
t32.restarts = 5
t32.nogoods_size = 3604
t32.nodes = 2568
t32.propagations = 2568
t19.stop_reason = aborted
t19.restarts = 5
t19.nogoods_size = 3604
t19.nodes = 1676
t19.propagations = 1676
t13.stop_reason = aborted
t13.restarts = 5
t13.nogoods_size = 3604
t13.nodes = 1945
t13.propagations = 1945
t3.stop_reason = aborted
t3.restarts = 5
t3.nogoods_size = 3604
t3.nodes = 1592
t3.propagations = 1592
t8.stop_reason = aborted
t8.restarts = 5
t8.nogoods_size = 3604
t8.nodes = 1645
t8.propagations = 1645
t14.stop_reason = aborted
t14.restarts = 5
t14.nogoods_size = 3604
t14.nodes = 1616
t14.propagations = 1616
t18.stop_reason = aborted
t18.restarts = 5
t18.nogoods_size = 3604
t18.nodes = 1601
t18.propagations = 1601
t6.stop_reason = aborted
t6.restarts = 5
t6.nogoods_size = 3604
t6.nodes = 2635
t6.propagations = 2635
t30.stop_reason = aborted
t30.restarts = 5
t30.nogoods_size = 3604
t30.nodes = 2197
t30.propagations = 2197
t17.stop_reason = aborted
t17.restarts = 5
t17.nogoods_size = 3604
t17.nodes = 1569
t17.propagations = 1569
t29.stop_reason = aborted
t29.restarts = 5
t29.nogoods_size = 3604
t29.nodes = 2665
t29.propagations = 2665
search_time = 284
