hostname = r1i0n27
commandline = ../glasgow/solve_subgraph_isomorphism --value-ordering=biased --geometric-restarts=1.0 --restarts-constant=10000 --threads=36 --timeout 1000 --format lad ../instances/meshes-CVIU11/patterns/pattern3 ../instances/meshes-CVIU11/targets/target328
started_at = 2018-11-16 16:43:13
pattern_file = ../instances/meshes-CVIU11/patterns/pattern3
target_file = ../instances/meshes-CVIU11/targets/target328
status = true
nodes = 206904
propagations = 509522
mapping = (0 -> 1849) (1 -> 3) (2 -> 1208) (3 -> 1131) (4 -> 1285) (5 -> 1530) (6 -> 1553) (7 -> 1554) (8 -> 1558) (9 -> 1559) (10 -> 1548) (11 -> 1549) (12 -> 1406) (13 -> 1335) (14 -> 1336) (15 -> 1259) (16 -> 1260) (17 -> 1183) (18 -> 1106) (19 -> 1105) (20 -> 1036) (21 -> 1037) (22 -> 1038) (23 -> 1109) (24 -> 1110) (25 -> 1187) (26 -> 1186) (27 -> 1263) (28 -> 1264) (29 -> 1265) (30 -> 1266) (31 -> 1343) (32 -> 1342) (33 -> 1411) (34 -> 1340) (35 -> 1409) (36 -> 1408) (37 -> 1407) (38 -> 1338) (39 -> 1185) (40 -> 1108) (41 -> 1107) (42 -> 1184) (43 -> 1261) (44 -> 1262) (45 -> 1337) (46 -> 1112) (47 -> 1113) (48 -> 1114) (49 -> 1044) (50 -> 1043) (51 -> 1042) (52 -> 1041) (53 -> 977) (54 -> 976) (55 -> 919) (56 -> 1189) (57 -> 1190) (58 -> 1191) (59 -> 1192) (60 -> 1269) (61 -> 1270) (62 -> 1345) (63 -> 1268) (64 -> 1258) (65 -> 1257) (66 -> 1180) (67 -> 1255) (68 -> 1256) (69 -> 1333) (70 -> 1332) (71 -> 1254) (72 -> 1329) (73 -> 1328) (74 -> 1564) (75 -> 1402) (76 -> 1403) (77 -> 1181) (78 -> 1104) (79 -> 1179) (80 -> 1178) (81 -> 1177) (82 -> 1176) (83 -> 1550) (84 -> 1551) (85 -> 1546) (86 -> 1427) (87 -> 1528) (88 -> 1429) (89 -> 1529) (90 -> 1519) (91 -> 1518) (92 -> 1517) (93 -> 1516) (94 -> 1400) (95 -> 1401) (96 -> 1324) (97 -> 1399) (98 -> 1322) (99 -> 1323) (100 -> 1246) (101 -> 1321) (102 -> 1244) (103 -> 1325) (104 -> 1326) (105 -> 1327) (106 -> 1252) (107 -> 1251) (108 -> 1174) (109 -> 1249) (110 -> 1515) (111 -> 1520) (112 -> 1513) (113 -> 1514) (114 -> 1398) (115 -> 1521) (116 -> 1522) (117 -> 1511) (118 -> 1512) (119 -> 1396) (120 -> 1510) (121 -> 1527) (122 -> 1552) (123 -> 873) (124 -> 874) (125 -> 482) (126 -> 483) (127 -> 480) (128 -> 519) (129 -> 520) (130 -> 523) (131 -> 479) (132 -> 481) (133 -> 422) (134 -> 423) (135 -> 555) (136 -> 552) (137 -> 424) (138 -> 551) (139 -> 550) (140 -> 553) (141 -> 554) (142 -> 557) (143 -> 690) (144 -> 786) (145 -> 725) (146 -> 724) (147 -> 787) (148 -> 549) (149 -> 686) (150 -> 782) (151 -> 728) (152 -> 727) (153 -> 726) (154 -> 623) (155 -> 1194) (156 -> 502) (157 -> 672) (158 -> 650) (159 -> 1724) (160 -> 1782) (161 -> 1949) (162 -> 94) 
runtime = 699
t18.where = -1/-1 0/189 -1/-1 0/5 -1/-1 -1/-1 -1/-1 -1/-1 -1/-1 -1/-1 -1/-1 0/1688 -1/-1 0/4 -1/-1 0/2 -1/-1 0/2 -1/-1 -1/-1 0/2 -1/-1 0/3 -1/-1 0/2 -1/-1 0/2 -1/-1 -1/-1 0/2 -1/-1 0/2 -1/-1 0/2 -1/-1 0/3 -1/-1 0/2 -1/-1 0/3 -1/-1 0/2 -1/-1 0/3 -1/-1 0/2 -1/-1 0/3 -1/-1 0/2 -1/-1 0/2 -1/-1 -1/-1 -1/-1 -1/-1 -1/-1 0/2 -1/-1 0/2 -1/-1 0/2 -1/-1 0/3 -1/-1 0/3 -1/-1 0/3 -1/-1 0/3 -1/-1 0/3 -1/-1 0/3 -1/-1 1/3 -1/-1 0/3 -1/-1 0/3 -1/-1 1/2 -1/-1 0/3 -1/-1 1/2 -1/-1 0/2 -1/-1 0/2 -1/-1 1/2 -1/-1 0/2 -1/-1 0/3 -1/-1 1/2 -1/-1 1/2 -1/-1 0/2 -1/-1 0/2 -1/-1 -1/-1 -1/-1 -1/-1 -1/-1 0/2 -1/-1 0/2 -1/-1 0/2 -1/-1 0/2 -1/-1 0/3 -1/-1 0/2 -1/-1 0/3 -1/-1 0/2 -1/-1 0/3 -1/-1 0/3 -1/-1 0/3 -1/-1 0/3 -1/-1 0/3 -1/-1 0/3 -1/-1 0/2 -1/-1 0/3 -1/-1 0/2 -1/-1 0/3 -1/-1 0/3 -1/-1 0/2 -1/-1 0/3 -1/-1 0/3 -1/-1 0/3 -1/-1 0/3 -1/-1 0/3 -1/-1 0/3 -1/-1 0/3 -1/-1 0/2 -1/-1 -1/-1 0/2 -1/-1 0/3 -1/-1 0/2 -1/-1 -1/-1 0/2 -1/-1 -1/-1 0/2 -1/-1 -1/-1 0/2 -1/-1 -1/-1 0/2 -1/-1 0/2 -1/-1 -1/-1 0/2 -1/-1 0/2 -1/-1 0/2 -1/-1 0/3 -1/-1 -1/-1 0/2 -1/-1 0/3 -1/-1 0/2 -1/-1 0/3 -1/-1 0/2 -1/-1 0/3 -1/-1 0/2 -1/-1 0/2 -1/-1 0/2 -1/-1 0/2 -1/-1 0/3 -1/-1 -1/-1 0/3 -1/-1 0/3 -1/-1 0/3 -1/-1 0/3 -1/-1 0/3 -1/-1 0/1838 -1/-1 0/4 -1/-1 0/3 -1/-1 0/1835 -1/-1 0/5 -1/-1 0/4 -1/-1 0/3 -1/-1 0/2 -1/-1 0/3 -1/-1 0/3 -1/-1 0/3 -1/-1 0/2 -1/-1 0/2 -1/-1 0/2 -1/-1 0/3 -1/-1 0/3 -1/-1 -1/-1 0/3 -1/-1 0/3 -1/-1 -1/-1 0/4 -1/-1 0/4 -1/-1 0/3 -1/-1 0/2 -1/-1 0/4 -1/-1 0/1816 -1/-1 0/4 -1/-1 0/1814 -1/-1 0/1813 -1/-1 0/1812 -1/-1 0/1811 -1/-1 0/1810 -1/-1 0/1809 -1/-1 0/1808 -1/-1 0/1807 -1/-1 0/1806 -1/-1
t18.stop_reason = satisfiable
t18.restarts = 2
t18.nogoods_size = 669
t18.nodes = 6819
t18.propagations = 6819
t22.restarts = 2
t22.nogoods_size = 669
t22.nodes = 6582
t22.propagations = 6582
t23.restarts = 2
t23.nogoods_size = 669
t23.nodes = 6947
t23.propagations = 6947
t20.restarts = 2
t20.nogoods_size = 669
t20.nodes = 10079
t20.propagations = 10079
t0.restarts = 2
t0.nogoods_size = 669
t0.nodes = 9426
t0.propagations = 9426
t5.restarts = 2
t5.nogoods_size = 669
t5.nodes = 9505
t5.propagations = 9505
t13.restarts = 2
t13.nogoods_size = 669
t13.nodes = 6885
t13.propagations = 6885
t27.restarts = 2
t27.nogoods_size = 669
t27.nodes = 3316
t27.propagations = 3316
t30.restarts = 2
t30.nogoods_size = 669
t30.nodes = 2757
t30.propagations = 2757
t17.restarts = 2
t17.nogoods_size = 669
t17.nodes = 8727
t17.propagations = 8727
t26.restarts = 2
t26.nogoods_size = 669
t26.nodes = 4369
t26.propagations = 4369
t9.restarts = 2
t9.nogoods_size = 669
t9.nodes = 7777
t9.propagations = 7777
t10.restarts = 2
t10.nogoods_size = 669
t10.nodes = 5763
t10.propagations = 5763
t15.restarts = 2
t15.nogoods_size = 669
t15.nodes = 6815
t15.propagations = 6815
t31.restarts = 2
t31.nogoods_size = 669
t31.nodes = 4810
t31.propagations = 4810
t21.restarts = 2
t21.nogoods_size = 669
t21.nodes = 8897
t21.propagations = 8897
t24.restarts = 2
t24.nogoods_size = 669
t24.nodes = 6208
t24.propagations = 6208
t8.restarts = 2
t8.nogoods_size = 669
t8.nodes = 2598
t8.propagations = 2598
t4.restarts = 2
t4.nogoods_size = 669
t4.nodes = 2465
t4.propagations = 2465
t12.restarts = 2
t12.nogoods_size = 669
t12.nodes = 7369
t12.propagations = 7369
t34.restarts = 2
t34.nogoods_size = 669
t34.nodes = 6805
t34.propagations = 6805
t2.restarts = 2
t2.nogoods_size = 669
t2.nodes = 4542
t2.propagations = 4542
t25.restarts = 2
t25.nogoods_size = 669
t25.nodes = 8012
t25.propagations = 8012
t35.restarts = 2
t35.nogoods_size = 669
t35.nodes = 2542
t35.propagations = 2542
t29.restarts = 2
t29.nogoods_size = 669
t29.nodes = 4689
t29.propagations = 4689
t14.restarts = 2
t14.nogoods_size = 669
t14.nodes = 5496
t14.propagations = 5496
t32.restarts = 2
t32.nogoods_size = 669
t32.nodes = 6623
t32.propagations = 6623
t28.restarts = 2
t28.nogoods_size = 669
t28.nodes = 7199
t28.propagations = 7199
t3.restarts = 2
t3.nogoods_size = 669
t3.nodes = 4978
t3.propagations = 4978
t7.restarts = 2
t7.nogoods_size = 669
t7.nodes = 5517
t7.propagations = 5517
t19.restarts = 2
t19.nogoods_size = 669
t19.nodes = 1920
t19.propagations = 1920
t16.restarts = 2
t16.nogoods_size = 669
t16.nodes = 4439
t16.propagations = 4439
t6.restarts = 2
t6.nogoods_size = 669
t6.nodes = 4919
t6.propagations = 4919
t1.restarts = 2
t1.nogoods_size = 669
t1.nodes = 3590
t1.propagations = 3590
t11.restarts = 2
t11.nogoods_size = 669
t11.nodes = 3254
t11.propagations = 3254
t33.restarts = 2
t33.nogoods_size = 669
t33.nodes = 4265
t33.propagations = 4265
search_time = 340
