hostname = r1i7n10
commandline = ../glasgow/solve_subgraph_isomorphism --value-ordering=biased --geometric-restarts=1.0 --restarts-constant=10000 --threads=36 --timeout 1000 --format lad ../instances/LV/g22 ../instances/LV/g43
started_at = 2018-11-16 17:38:26
pattern_file = ../instances/LV/g22
target_file = ../instances/LV/g43
status = aborted
nodes = 849881827
propagations = 2798806948
runtime = 1033036
t29.stop_reason = aborted
t29.restarts = 7245
t29.nogoods_size = 2686183
t29.nodes = 23754936
t29.propagations = 23754936
t17.stop_reason = aborted
t17.restarts = 7245
t17.nogoods_size = 2686183
t17.nodes = 23109961
t17.propagations = 23109961
t6.stop_reason = aborted
t6.restarts = 7245
t6.nogoods_size = 2686183
t6.nodes = 23965073
t6.propagations = 23965073
t22.stop_reason = aborted
t22.restarts = 7245
t22.nogoods_size = 2686183
t22.nodes = 23666925
t22.propagations = 23666925
t9.stop_reason = aborted
t9.restarts = 7245
t9.nogoods_size = 2686183
t9.nodes = 23190801
t9.propagations = 23190801
t32.stop_reason = aborted
t32.restarts = 7245
t32.nogoods_size = 2686183
t32.nodes = 24035056
t32.propagations = 24035056
t14.stop_reason = aborted
t14.restarts = 7245
t14.nogoods_size = 2686183
t14.nodes = 23159167
t14.propagations = 23159167
t30.stop_reason = aborted
t30.restarts = 7245
t30.nogoods_size = 2686183
t30.nodes = 23675485
t30.propagations = 23675485
t19.stop_reason = aborted
t19.restarts = 7245
t19.nogoods_size = 2686183
t19.nodes = 23420733
t19.propagations = 23420733
t10.stop_reason = aborted
t10.restarts = 7245
t10.nogoods_size = 2686183
t10.nodes = 23581759
t10.propagations = 23581759
t21.stop_reason = aborted
t21.restarts = 7245
t21.nogoods_size = 2686183
t21.nodes = 23393888
t21.propagations = 23393888
t7.stop_reason = aborted
t7.restarts = 7245
t7.nogoods_size = 2686183
t7.nodes = 23607016
t7.propagations = 23607016
t2.stop_reason = aborted
t2.restarts = 7245
t2.nogoods_size = 2686183
t2.nodes = 23702738
t2.propagations = 23702738
t13.stop_reason = aborted
t13.restarts = 7245
t13.nogoods_size = 2686183
t13.nodes = 22836215
t13.propagations = 22836215
t3.stop_reason = aborted
t3.restarts = 7245
t3.nogoods_size = 2686183
t3.nodes = 24245525
t3.propagations = 24245525
t23.stop_reason = aborted
t23.restarts = 7245
t23.nogoods_size = 2686183
t23.nodes = 23222244
t23.propagations = 23222244
t16.stop_reason = aborted
t16.restarts = 7245
t16.nogoods_size = 2686183
t16.nodes = 23859909
t16.propagations = 23859909
t11.stop_reason = aborted
t11.restarts = 7245
t11.nogoods_size = 2686183
t11.nodes = 23168050
t11.propagations = 23168050
t33.stop_reason = aborted
t33.restarts = 7245
t33.nogoods_size = 2686183
t33.nodes = 23953962
t33.propagations = 23953962
t5.stop_reason = aborted
t5.restarts = 7245
t5.nogoods_size = 2686183
t5.nodes = 24530699
t5.propagations = 24530699
t8.stop_reason = aborted
t8.restarts = 7245
t8.nogoods_size = 2686183
t8.nodes = 23495590
t8.propagations = 23495590
t15.stop_reason = aborted
t15.restarts = 7245
t15.nogoods_size = 2686183
t15.nodes = 23012638
t15.propagations = 23012638
t0.stop_reason = aborted
t0.restarts = 7245
t0.nogoods_size = 2686183
t0.nodes = 24124566
t0.propagations = 24124566
t31.stop_reason = aborted
t31.restarts = 7245
t31.nogoods_size = 2686183
t31.nodes = 22785643
t31.propagations = 22785643
t4.stop_reason = aborted
t4.restarts = 7245
t4.nogoods_size = 2686183
t4.nodes = 24008290
t4.propagations = 24008290
t1.stop_reason = aborted
t1.restarts = 7245
t1.nogoods_size = 2686183
t1.nodes = 23397033
t1.propagations = 23397033
t12.stop_reason = aborted
t12.restarts = 7245
t12.nogoods_size = 2686183
t12.nodes = 23916710
t12.propagations = 23916710
t28.stop_reason = aborted
t28.restarts = 7245
t28.nogoods_size = 2686183
t28.nodes = 23895091
t28.propagations = 23895091
t26.stop_reason = aborted
t26.restarts = 7245
t26.nogoods_size = 2686183
t26.nodes = 22928520
t26.propagations = 22928520
t25.stop_reason = aborted
t25.restarts = 7245
t25.nogoods_size = 2686183
t25.nodes = 22749512
t25.propagations = 22749512
t27.stop_reason = aborted
t27.restarts = 7245
t27.nogoods_size = 2686183
t27.nodes = 22682618
t27.propagations = 22682618
t24.stop_reason = aborted
t24.restarts = 7245
t24.nogoods_size = 2686183
t24.nodes = 23703546
t24.propagations = 23703546
t18.stop_reason = aborted
t18.restarts = 7245
t18.nogoods_size = 2686183
t18.nodes = 24375647
t18.propagations = 24375647
t35.stop_reason = aborted
t35.restarts = 7245
t35.nogoods_size = 2686183
t35.nodes = 24603688
t35.propagations = 24603688
t20.stop_reason = aborted
t20.restarts = 7245
t20.nogoods_size = 2686183
t20.nodes = 24401275
t20.propagations = 24401275
t34.stop_reason = aborted
t34.restarts = 7245
t34.nogoods_size = 2686183
t34.nodes = 23721318
t34.propagations = 23721318
search_time = 1000085
