hostname = r1i0n28
commandline = ../glasgow/solve_subgraph_isomorphism --value-ordering=biased --geometric-restarts=1.0 --restarts-constant=10000 --threads=36 --timeout 1000 --format lad ../instances/LV/g23 ../instances/largerGraphs/g64
started_at = 2018-11-16 19:31:51
pattern_file = ../instances/LV/g23
target_file = ../instances/largerGraphs/g64
status = aborted
nodes = 2028567787
propagations = 7966166900
runtime = 1072896
t14.stop_reason = aborted
t14.restarts = 10947
t14.nogoods_size = 6245973
t14.nodes = 56858897
t14.propagations = 56858897
t11.stop_reason = aborted
t11.restarts = 10947
t11.nogoods_size = 6245973
t11.nodes = 57976473
t11.propagations = 57976473
t31.stop_reason = aborted
t31.restarts = 10947
t31.nogoods_size = 6245973
t31.nodes = 57506694
t31.propagations = 57506694
t17.stop_reason = aborted
t17.restarts = 10947
t17.nogoods_size = 6245973
t17.nodes = 57834355
t17.propagations = 57834355
t20.stop_reason = aborted
t20.restarts = 10947
t20.nogoods_size = 6245973
t20.nodes = 54480842
t20.propagations = 54480842
t5.stop_reason = aborted
t5.restarts = 10947
t5.nogoods_size = 6245973
t5.nodes = 55949846
t5.propagations = 55949846
t29.stop_reason = aborted
t29.restarts = 10947
t29.nogoods_size = 6245973
t29.nodes = 56406444
t29.propagations = 56406444
t21.stop_reason = aborted
t21.restarts = 10947
t21.nogoods_size = 6245973
t21.nodes = 57164727
t21.propagations = 57164727
t32.stop_reason = aborted
t32.restarts = 10947
t32.nogoods_size = 6245973
t32.nodes = 58025122
t32.propagations = 58025122
t25.stop_reason = aborted
t25.restarts = 10947
t25.nogoods_size = 6245973
t25.nodes = 54039273
t25.propagations = 54039273
t6.stop_reason = aborted
t6.restarts = 10947
t6.nogoods_size = 6245973
t6.nodes = 57241448
t6.propagations = 57241448
t24.stop_reason = aborted
t24.restarts = 10947
t24.nogoods_size = 6245973
t24.nodes = 57163557
t24.propagations = 57163557
t26.stop_reason = aborted
t26.restarts = 10947
t26.nogoods_size = 6245973
t26.nodes = 56931646
t26.propagations = 56931646
t2.stop_reason = aborted
t2.restarts = 10947
t2.nogoods_size = 6245973
t2.nodes = 56790201
t2.propagations = 56790201
t12.stop_reason = aborted
t12.restarts = 10947
t12.nogoods_size = 6245973
t12.nodes = 57532901
t12.propagations = 57532901
t9.stop_reason = aborted
t9.restarts = 10947
t9.nogoods_size = 6245973
t9.nodes = 58056444
t9.propagations = 58056444
t3.stop_reason = aborted
t3.restarts = 10947
t3.nogoods_size = 6245973
t3.nodes = 55172572
t3.propagations = 55172572
t1.stop_reason = aborted
t1.restarts = 10947
t1.nogoods_size = 6245973
t1.nodes = 56137538
t1.propagations = 56137538
t35.stop_reason = aborted
t35.restarts = 10947
t35.nogoods_size = 6245973
t35.nodes = 58503933
t35.propagations = 58503933
t8.stop_reason = aborted
t8.restarts = 10947
t8.nogoods_size = 6245973
t8.nodes = 56724359
t8.propagations = 56724359
t28.stop_reason = aborted
t28.restarts = 10947
t28.nogoods_size = 6245973
t28.nodes = 57958996
t28.propagations = 57958996
t7.stop_reason = aborted
t7.restarts = 10947
t7.nogoods_size = 6245973
t7.nodes = 55511437
t7.propagations = 55511437
t15.stop_reason = aborted
t15.restarts = 10947
t15.nogoods_size = 6245973
t15.nodes = 58177845
t15.propagations = 58177845
t4.stop_reason = aborted
t4.restarts = 10947
t4.nogoods_size = 6245973
t4.nodes = 55659179
t4.propagations = 55659179
t27.stop_reason = aborted
t27.restarts = 10947
t27.nogoods_size = 6245973
t27.nodes = 47177743
t27.propagations = 47177743
t23.stop_reason = aborted
t23.restarts = 10947
t23.nogoods_size = 6245973
t23.nodes = 55874331
t23.propagations = 55874331
t13.stop_reason = aborted
t13.restarts = 10947
t13.nogoods_size = 6245973
t13.nodes = 47587941
t13.propagations = 47587941
t16.stop_reason = aborted
t16.restarts = 10947
t16.nogoods_size = 6245973
t16.nodes = 57518461
t16.propagations = 57518461
t22.stop_reason = aborted
t22.restarts = 10947
t22.nogoods_size = 6245973
t22.nodes = 57569534
t22.propagations = 57569534
t33.stop_reason = aborted
t33.restarts = 10947
t33.nogoods_size = 6245973
t33.nodes = 56036210
t33.propagations = 56036210
t18.stop_reason = aborted
t18.restarts = 10947
t18.nogoods_size = 6245973
t18.nodes = 57635110
t18.propagations = 57635110
t30.stop_reason = aborted
t30.restarts = 10947
t30.nogoods_size = 6245973
t30.nodes = 57051836
t30.propagations = 57051836
t34.stop_reason = aborted
t34.restarts = 10947
t34.nogoods_size = 6245973
t34.nodes = 56968014
t34.propagations = 56968014
t19.stop_reason = aborted
t19.restarts = 10947
t19.nogoods_size = 6245973
t19.nodes = 55678107
t19.propagations = 55678107
t0.stop_reason = aborted
t0.restarts = 10947
t0.nogoods_size = 6245973
t0.nodes = 58190266
t0.propagations = 58190266
t10.stop_reason = aborted
t10.restarts = 10947
t10.nogoods_size = 6245973
t10.nodes = 57475505
t10.propagations = 57475505
search_time = 1000005
