hostname = r1i0n27
commandline = ../glasgow/solve_subgraph_isomorphism --value-ordering=biased --geometric-restarts=1.0 --restarts-constant=10000 --threads=36 --timeout 1000 --format lad ../instances/LV/g24 ../instances/LV/g30
started_at = 2018-11-16 17:45:09
pattern_file = ../instances/LV/g24
target_file = ../instances/LV/g30
status = aborted
nodes = 763051664
propagations = 5685692416
runtime = 1053898
t4.restarts = 6847
t4.nogoods_size = 4845951
t4.nodes = 21700699
t4.propagations = 21700699
t31.restarts = 6847
t31.nogoods_size = 4845951
t31.nodes = 18759446
t31.propagations = 18759446
t24.restarts = 6847
t24.nogoods_size = 4845951
t24.nodes = 21926975
t24.propagations = 21926975
t27.restarts = 6847
t27.nogoods_size = 4845951
t27.nodes = 19885220
t27.propagations = 19885220
t5.restarts = 6847
t5.nogoods_size = 4845951
t5.nodes = 21165115
t5.propagations = 21165115
t18.restarts = 6847
t18.nogoods_size = 4845951
t18.nodes = 21587644
t18.propagations = 21587644
t17.restarts = 6847
t17.nogoods_size = 4845951
t17.nodes = 21246997
t17.propagations = 21246997
t8.restarts = 6847
t8.nogoods_size = 4845951
t8.nodes = 21527879
t8.propagations = 21527879
t28.restarts = 6847
t28.nogoods_size = 4845951
t28.nodes = 21307953
t28.propagations = 21307953
t11.restarts = 6847
t11.nogoods_size = 4845951
t11.nodes = 20940220
t11.propagations = 20940220
t1.restarts = 6847
t1.nogoods_size = 4845951
t1.nodes = 20908750
t1.propagations = 20908750
t32.stop_reason = aborted
t32.restarts = 6847
t32.nogoods_size = 4845951
t32.nodes = 21863089
t32.propagations = 21863089
t30.restarts = 6847
t30.nogoods_size = 4845951
t30.nodes = 22045250
t30.propagations = 22045250
t20.restarts = 6847
t20.nogoods_size = 4845951
t20.nodes = 22059009
t20.propagations = 22059009
t2.restarts = 6847
t2.nogoods_size = 4845951
t2.nodes = 21454582
t2.propagations = 21454582
t13.restarts = 6847
t13.nogoods_size = 4845951
t13.nodes = 22676455
t13.propagations = 22676455
t15.restarts = 6847
t15.nogoods_size = 4845951
t15.nodes = 20619161
t15.propagations = 20619161
t10.restarts = 6847
t10.nogoods_size = 4845951
t10.nodes = 18824555
t10.propagations = 18824555
t6.restarts = 6847
t6.nogoods_size = 4845951
t6.nodes = 21269962
t6.propagations = 21269962
t25.restarts = 6847
t25.nogoods_size = 4845951
t25.nodes = 19910478
t25.propagations = 19910478
t7.restarts = 6847
t7.nogoods_size = 4845951
t7.nodes = 20490911
t7.propagations = 20490911
t29.restarts = 6847
t29.nogoods_size = 4845951
t29.nodes = 22242886
t29.propagations = 22242886
t23.stop_reason = aborted
t23.restarts = 6847
t23.nogoods_size = 4845951
t23.nodes = 21191061
t23.propagations = 21191061
t19.stop_reason = aborted
t19.restarts = 6847
t19.nogoods_size = 4845951
t19.nodes = 19228205
t19.propagations = 19228205
t3.stop_reason = aborted
t3.restarts = 6847
t3.nogoods_size = 4845951
t3.nodes = 21070661
t3.propagations = 21070661
t14.restarts = 6847
t14.nogoods_size = 4845951
t14.nodes = 22275736
t14.propagations = 22275736
t0.restarts = 6847
t0.nogoods_size = 4845951
t0.nodes = 22675905
t0.propagations = 22675905
t22.restarts = 6847
t22.nogoods_size = 4845951
t22.nodes = 21946569
t22.propagations = 21946569
t26.restarts = 6847
t26.nogoods_size = 4845951
t26.nodes = 22245712
t26.propagations = 22245712
t35.stop_reason = aborted
t35.restarts = 6847
t35.nogoods_size = 4845951
t35.nodes = 22869073
t35.propagations = 22869073
t16.stop_reason = aborted
t16.restarts = 6847
t16.nogoods_size = 4845951
t16.nodes = 21543330
t16.propagations = 21543330
t12.stop_reason = aborted
t12.restarts = 6847
t12.nogoods_size = 4845951
t12.nodes = 20191267
t12.propagations = 20191267
t34.stop_reason = aborted
t34.restarts = 6847
t34.nogoods_size = 4845951
t34.nodes = 21469166
t34.propagations = 21469166
t33.restarts = 6847
t33.nogoods_size = 4845951
t33.nodes = 22233579
t33.propagations = 22233579
t21.stop_reason = aborted
t21.restarts = 6847
t21.nogoods_size = 4845951
t21.nodes = 17863908
t21.propagations = 17863908
t9.restarts = 6847
t9.nogoods_size = 4845951
t9.nodes = 21834256
t9.propagations = 21834256
search_time = 1000023
