hostname = r1i1n7
commandline = ../glasgow/solve_subgraph_isomorphism --value-ordering=biased --geometric-restarts=1.0 --restarts-constant=10000 --threads=36 --timeout 1000 --format lad ../instances/phase/phase-30-150-0.54-0.56-0.58-5-pattern ../instances/phase/phase-30-150-0.54-0.56-0.58-5-target
started_at = 2018-11-17 00:42:25
pattern_file = ../instances/phase/phase-30-150-0.54-0.56-0.58-5-pattern
target_file = ../instances/phase/phase-30-150-0.54-0.56-0.58-5-target
status = aborted
nodes = 1079320608
propagations = 2729710911
runtime = 1031161
t13.stop_reason = aborted
t13.restarts = 9696
t13.nogoods_size = 2640869
t13.nodes = 31603111
t13.propagations = 31603111
t31.stop_reason = aborted
t31.restarts = 9696
t31.nogoods_size = 2640869
t31.nodes = 29278963
t31.propagations = 29278963
t10.stop_reason = aborted
t10.restarts = 9696
t10.nogoods_size = 2640869
t10.nodes = 28477534
t10.propagations = 28477534
t24.stop_reason = aborted
t24.restarts = 9696
t24.nogoods_size = 2640869
t24.nodes = 29514187
t24.propagations = 29514187
t19.stop_reason = aborted
t19.restarts = 9696
t19.nogoods_size = 2640869
t19.nodes = 30893355
t19.propagations = 30893355
t7.stop_reason = aborted
t7.restarts = 9696
t7.nogoods_size = 2640869
t7.nodes = 30747247
t7.propagations = 30747247
t28.stop_reason = aborted
t28.restarts = 9696
t28.nogoods_size = 2640869
t28.nodes = 30165953
t28.propagations = 30165953
t22.stop_reason = aborted
t22.restarts = 9696
t22.nogoods_size = 2640869
t22.nodes = 29484766
t22.propagations = 29484766
t34.stop_reason = aborted
t34.restarts = 9696
t34.nogoods_size = 2640869
t34.nodes = 26965223
t34.propagations = 26965223
t9.stop_reason = aborted
t9.restarts = 9696
t9.nogoods_size = 2640869
t9.nodes = 29909803
t9.propagations = 29909803
t11.stop_reason = aborted
t11.restarts = 9696
t11.nogoods_size = 2640869
t11.nodes = 31131842
t11.propagations = 31131842
t15.stop_reason = aborted
t15.restarts = 9696
t15.nogoods_size = 2640869
t15.nodes = 31237592
t15.propagations = 31237592
t30.stop_reason = aborted
t30.restarts = 9696
t30.nogoods_size = 2640869
t30.nodes = 30117079
t30.propagations = 30117079
t2.stop_reason = aborted
t2.restarts = 9696
t2.nogoods_size = 2640869
t2.nodes = 31384255
t2.propagations = 31384255
t4.stop_reason = aborted
t4.restarts = 9696
t4.nogoods_size = 2640869
t4.nodes = 31470070
t4.propagations = 31470070
t14.stop_reason = aborted
t14.restarts = 9696
t14.nogoods_size = 2640869
t14.nodes = 29255840
t14.propagations = 29255840
t8.stop_reason = aborted
t8.restarts = 9696
t8.nogoods_size = 2640869
t8.nodes = 30436779
t8.propagations = 30436779
t35.stop_reason = aborted
t35.restarts = 9696
t35.nogoods_size = 2640869
t35.nodes = 30972683
t35.propagations = 30972683
t17.stop_reason = aborted
t17.restarts = 9696
t17.nogoods_size = 2640869
t17.nodes = 30976160
t17.propagations = 30976160
t5.stop_reason = aborted
t5.restarts = 9696
t5.nogoods_size = 2640869
t5.nodes = 31639614
t5.propagations = 31639614
t16.stop_reason = aborted
t16.restarts = 9696
t16.nogoods_size = 2640869
t16.nodes = 30381208
t16.propagations = 30381208
t1.stop_reason = aborted
t1.restarts = 9696
t1.nogoods_size = 2640869
t1.nodes = 28218117
t1.propagations = 28218117
t29.stop_reason = aborted
t29.restarts = 9696
t29.nogoods_size = 2640869
t29.nodes = 29411471
t29.propagations = 29411471
t6.stop_reason = aborted
t6.restarts = 9696
t6.nogoods_size = 2640869
t6.nodes = 30912271
t6.propagations = 30912271
t0.stop_reason = aborted
t0.restarts = 9696
t0.nogoods_size = 2640869
t0.nodes = 29886437
t0.propagations = 29886437
t27.stop_reason = aborted
t27.restarts = 9696
t27.nogoods_size = 2640869
t27.nodes = 30736604
t27.propagations = 30736604
t12.stop_reason = aborted
t12.restarts = 9696
t12.nogoods_size = 2640869
t12.nodes = 31183724
t12.propagations = 31183724
t33.stop_reason = aborted
t33.restarts = 9696
t33.nogoods_size = 2640869
t33.nodes = 31271041
t33.propagations = 31271041
t32.stop_reason = aborted
t32.restarts = 9696
t32.nogoods_size = 2640869
t32.nodes = 30441635
t32.propagations = 30441635
t3.stop_reason = aborted
t3.restarts = 9696
t3.nogoods_size = 2640869
t3.nodes = 29852334
t3.propagations = 29852334
t25.stop_reason = aborted
t25.restarts = 9696
t25.nogoods_size = 2640869
t25.nodes = 30450980
t25.propagations = 30450980
t20.stop_reason = aborted
t20.restarts = 9696
t20.nogoods_size = 2640869
t20.nodes = 26540269
t20.propagations = 26540269
t23.stop_reason = aborted
t23.restarts = 9696
t23.nogoods_size = 2640869
t23.nodes = 26902440
t23.propagations = 26902440
t26.stop_reason = aborted
t26.restarts = 9696
t26.nogoods_size = 2640869
t26.nodes = 26190195
t26.propagations = 26190195
t18.stop_reason = aborted
t18.restarts = 9696
t18.nogoods_size = 2640869
t18.nodes = 31325444
t18.propagations = 31325444
t21.stop_reason = aborted
t21.restarts = 9696
t21.nogoods_size = 2640869
t21.nodes = 29954382
t21.propagations = 29954382
search_time = 1000243
