hostname = r1i4n19
commandline = ../glasgow/solve_subgraph_isomorphism --value-ordering=biased --geometric-restarts=1.0 --restarts-constant=10000 --threads=36 --timeout 1000 --format lad ../instances/si/si2_rand_r001_600/si2_r001_m600.05/pattern ../instances/si/si2_rand_r001_600/si2_r001_m600.05/target
started_at = 2018-11-16 16:34:10
pattern_file = ../instances/si/si2_rand_r001_600/si2_r001_m600.05/pattern
target_file = ../instances/si/si2_rand_r001_600/si2_r001_m600.05/target
status = true
nodes = 2227
propagations = 5245
mapping = (0 -> 270) (1 -> 520) (2 -> 253) (3 -> 30) (4 -> 79) (5 -> 102) (6 -> 70) (7 -> 582) (8 -> 202) (9 -> 135) (10 -> 245) (11 -> 443) (12 -> 112) (13 -> 527) (14 -> 299) (15 -> 433) (16 -> 10) (17 -> 16) (18 -> 317) (19 -> 210) (20 -> 80) (21 -> 218) (22 -> 362) (23 -> 388) (24 -> 289) (25 -> 587) (26 -> 279) (27 -> 545) (28 -> 341) (29 -> 426) (30 -> 230) (31 -> 267) (32 -> 478) (33 -> 511) (34 -> 352) (35 -> 42) (36 -> 120) (37 -> 157) (38 -> 448) (39 -> 108) (40 -> 161) (41 -> 571) (42 -> 583) (43 -> 399) (44 -> 124) (45 -> 385) (46 -> 238) (47 -> 1) (48 -> 280) (49 -> 41) (50 -> 6) (51 -> 300) (52 -> 484) (53 -> 579) (54 -> 297) (55 -> 315) (56 -> 495) (57 -> 374) (58 -> 468) (59 -> 332) (60 -> 228) (61 -> 345) (62 -> 242) (63 -> 130) (64 -> 535) (65 -> 431) (66 -> 19) (67 -> 160) (68 -> 313) (69 -> 173) (70 -> 549) (71 -> 481) (72 -> 542) (73 -> 225) (74 -> 544) (75 -> 435) (76 -> 488) (77 -> 463) (78 -> 369) (79 -> 575) (80 -> 336) (81 -> 237) (82 -> 284) (83 -> 248) (84 -> 393) (85 -> 154) (86 -> 466) (87 -> 226) (88 -> 325) (89 -> 64) (90 -> 272) (91 -> 261) (92 -> 474) (93 -> 40) (94 -> 316) (95 -> 177) (96 -> 152) (97 -> 170) (98 -> 589) (99 -> 217) (100 -> 486) (101 -> 391) (102 -> 123) (103 -> 427) (104 -> 491) (105 -> 290) (106 -> 556) (107 -> 562) (108 -> 269) (109 -> 389) (110 -> 360) (111 -> 416) (112 -> 224) (113 -> 475) (114 -> 0) (115 -> 373) (116 -> 592) (117 -> 247) (118 -> 397) (119 -> 263) 
runtime = 75
t35.stop_reason = aborted
t35.restarts = 2
t35.nogoods_size = 36
t35.nodes = 53
t35.propagations = 53
t9.stop_reason = aborted
t9.restarts = 2
t9.nogoods_size = 36
t9.nodes = 98
t9.propagations = 98
t22.stop_reason = aborted
t22.restarts = 2
t22.nogoods_size = 36
t22.nodes = 54
t22.propagations = 54
t0.stop_reason = aborted
t0.restarts = 2
t0.nogoods_size = 36
t0.nodes = 85
t0.propagations = 85
t18.stop_reason = aborted
t18.restarts = 2
t18.nogoods_size = 36
t18.nodes = 58
t18.propagations = 58
t23.stop_reason = aborted
t23.restarts = 2
t23.nogoods_size = 36
t23.nodes = 48
t23.propagations = 48
t25.stop_reason = aborted
t25.restarts = 2
t25.nogoods_size = 36
t25.nodes = 47
t25.propagations = 47
t11.stop_reason = aborted
t11.restarts = 2
t11.nogoods_size = 36
t11.nodes = 84
t11.propagations = 84
t6.stop_reason = aborted
t6.restarts = 2
t6.nogoods_size = 36
t6.nodes = 111
t6.propagations = 111
t34.stop_reason = aborted
t34.restarts = 2
t34.nogoods_size = 36
t34.nodes = 14
t34.propagations = 14
t10.stop_reason = aborted
t10.restarts = 2
t10.nogoods_size = 36
t10.nodes = 92
t10.propagations = 92
t29.stop_reason = aborted
t29.restarts = 2
t29.nogoods_size = 36
t29.nodes = 35
t29.propagations = 35
t28.stop_reason = aborted
t28.restarts = 2
t28.nogoods_size = 36
t28.nodes = 36
t28.propagations = 36
t32.stop_reason = aborted
t32.restarts = 2
t32.nogoods_size = 36
t32.nodes = 28
t32.propagations = 28
t24.stop_reason = aborted
t24.restarts = 2
t24.nogoods_size = 36
t24.nodes = 34
t24.propagations = 34
t12.stop_reason = aborted
t12.restarts = 2
t12.nogoods_size = 36
t12.nodes = 73
t12.propagations = 73
t5.stop_reason = aborted
t5.restarts = 2
t5.nogoods_size = 36
t5.nodes = 65
t5.propagations = 65
t21.stop_reason = aborted
t21.restarts = 2
t21.nogoods_size = 36
t21.nodes = 70
t21.propagations = 70
t13.stop_reason = aborted
t13.restarts = 2
t13.nogoods_size = 36
t13.nodes = 80
t13.propagations = 80
t1.stop_reason = aborted
t1.restarts = 2
t1.nogoods_size = 36
t1.nodes = 52
t1.propagations = 52
t14.stop_reason = aborted
t14.restarts = 2
t14.nogoods_size = 36
t14.nodes = 83
t14.propagations = 83
t7.stop_reason = aborted
t7.restarts = 2
t7.nogoods_size = 36
t7.nodes = 98
t7.propagations = 98
t15.stop_reason = aborted
t15.restarts = 2
t15.nogoods_size = 36
t15.nodes = 67
t15.propagations = 67
t20.stop_reason = aborted
t20.restarts = 2
t20.nogoods_size = 36
t20.nodes = 37
t20.propagations = 37
t16.stop_reason = aborted
t16.restarts = 2
t16.nogoods_size = 36
t16.nodes = 70
t16.propagations = 70
t4.stop_reason = aborted
t4.restarts = 2
t4.nogoods_size = 36
t4.nodes = 105
t4.propagations = 105
t2.stop_reason = aborted
t2.restarts = 2
t2.nogoods_size = 36
t2.nodes = 110
t2.propagations = 110
t30.stop_reason = aborted
t30.restarts = 2
t30.nogoods_size = 36
t30.nodes = 32
t30.propagations = 32
t31.stop_reason = aborted
t31.restarts = 2
t31.nogoods_size = 36
t31.nodes = 30
t31.propagations = 30
t27.stop_reason = aborted
t27.restarts = 2
t27.nogoods_size = 36
t27.nodes = 29
t27.propagations = 29
t19.stop_reason = aborted
t19.restarts = 2
t19.nogoods_size = 36
t19.nodes = 63
t19.propagations = 63
t26.stop_reason = aborted
t26.restarts = 2
t26.nogoods_size = 36
t26.nodes = 40
t26.propagations = 40
t3.stop_reason = aborted
t3.restarts = 2
t3.nogoods_size = 36
t3.nodes = 103
t3.propagations = 103
t33.stop_reason = aborted
t33.restarts = 2
t33.nogoods_size = 36
t33.nodes = 24
t33.propagations = 24
t8.stop_reason = aborted
t8.restarts = 2
t8.nogoods_size = 36
t8.nodes = 56
t8.propagations = 56
t17.where = 3/333 -1/-1 -1/-1 0/2 -1/-1 -1/-1 -1/-1 -1/-1 -1/-1 -1/-1 -1/-1 0/2 -1/-1 -1/-1 -1/-1 -1/-1 0/2 -1/-1 -1/-1 -1/-1 -1/-1 -1/-1 -1/-1 -1/-1 -1/-1 -1/-1 -1/-1 -1/-1 -1/-1 -1/-1 -1/-1 -1/-1 -1/-1 -1/-1 -1/-1 -1/-1 -1/-1 -1/-1 -1/-1 -1/-1 -1/-1 -1/-1 -1/-1 -1/-1 -1/-1 -1/-1 -1/-1 -1/-1 -1/-1 -1/-1 -1/-1 -1/-1 -1/-1 -1/-1 -1/-1 -1/-1 -1/-1 -1/-1 -1/-1 -1/-1 -1/-1 -1/-1 -1/-1 -1/-1 -1/-1 -1/-1 -1/-1 -1/-1 -1/-1 -1/-1 -1/-1 -1/-1 -1/-1 -1/-1 -1/-1 -1/-1 -1/-1 -1/-1 -1/-1 -1/-1 -1/-1 -1/-1 -1/-1 -1/-1 -1/-1 -1/-1 -1/-1 -1/-1 -1/-1 -1/-1 -1/-1 -1/-1 -1/-1 -1/-1 -1/-1 -1/-1 -1/-1 -1/-1 -1/-1 -1/-1 0/2 -1/-1 -1/-1 -1/-1 0/2 -1/-1 -1/-1 -1/-1 0/2 -1/-1 0/2 -1/-1 0/2 -1/-1 0/3 -1/-1 -1/-1 0/3 -1/-1 0/6 -1/-1 0/6 -1/-1 0/7 -1/-1 0/8 -1/-1 0/8 -1/-1 0/9 -1/-1 0/10 -1/-1 0/10 -1/-1 0/11 -1/-1 0/11 -1/-1 0/12 -1/-1 0/14 -1/-1
t17.stop_reason = satisfiable
t17.restarts = 2
t17.nogoods_size = 36
t17.nodes = 63
t17.propagations = 63
search_time = 36
