hostname = r1i7n18
commandline = ../glasgow/solve_subgraph_isomorphism --value-ordering=biased --geometric-restarts=1.0 --restarts-constant=10000 --threads=36 --timeout 1000 --format lad ../instances/si/si2_rand_r001_600/si2_r001_m600.03/pattern ../instances/si/si2_rand_r001_600/si2_r001_m600.03/target
started_at = 2018-11-16 16:34:09
pattern_file = ../instances/si/si2_rand_r001_600/si2_r001_m600.03/pattern
target_file = ../instances/si/si2_rand_r001_600/si2_r001_m600.03/target
status = true
nodes = 30701
propagations = 89995
mapping = (0 -> 328) (1 -> 104) (2 -> 143) (3 -> 271) (4 -> 552) (5 -> 322) (6 -> 269) (7 -> 455) (8 -> 421) (9 -> 48) (10 -> 287) (11 -> 39) (12 -> 379) (13 -> 182) (14 -> 190) (15 -> 227) (16 -> 120) (17 -> 317) (18 -> 335) (19 -> 164) (20 -> 479) (21 -> 293) (22 -> 180) (23 -> 198) (24 -> 184) (25 -> 305) (26 -> 278) (27 -> 226) (28 -> 17) (29 -> 302) (30 -> 102) (31 -> 253) (32 -> 412) (33 -> 362) (34 -> 594) (35 -> 115) (36 -> 381) (37 -> 526) (38 -> 511) (39 -> 590) (40 -> 597) (41 -> 464) (42 -> 3) (43 -> 566) (44 -> 71) (45 -> 527) (46 -> 469) (47 -> 133) (48 -> 1) (49 -> 488) (50 -> 200) (51 -> 127) (52 -> 567) (53 -> 169) (54 -> 210) (55 -> 377) (56 -> 149) (57 -> 548) (58 -> 298) (59 -> 78) (60 -> 113) (61 -> 27) (62 -> 263) (63 -> 250) (64 -> 591) (65 -> 308) (66 -> 205) (67 -> 223) (68 -> 370) (69 -> 93) (70 -> 57) (71 -> 63) (72 -> 524) (73 -> 375) (74 -> 266) (75 -> 340) (76 -> 330) (77 -> 8) (78 -> 262) (79 -> 46) (80 -> 358) (81 -> 114) (82 -> 577) (83 -> 544) (84 -> 167) (85 -> 95) (86 -> 442) (87 -> 582) (88 -> 222) (89 -> 275) (90 -> 128) (91 -> 336) (92 -> 165) (93 -> 303) (94 -> 272) (95 -> 118) (96 -> 535) (97 -> 247) (98 -> 153) (99 -> 281) (100 -> 4) (101 -> 515) (102 -> 388) (103 -> 384) (104 -> 477) (105 -> 280) (106 -> 531) (107 -> 162) (108 -> 428) (109 -> 465) (110 -> 172) (111 -> 555) (112 -> 141) (113 -> 542) (114 -> 122) (115 -> 472) (116 -> 326) (117 -> 341) (118 -> 116) (119 -> 221) 
runtime = 119
t11.stop_reason = aborted
t11.restarts = 2
t11.nogoods_size = 36
t11.nodes = 1025
t11.propagations = 1025
t22.stop_reason = aborted
t22.restarts = 2
t22.nogoods_size = 36
t22.nodes = 955
t22.propagations = 955
t28.stop_reason = aborted
t28.restarts = 2
t28.nogoods_size = 36
t28.nodes = 958
t28.propagations = 958
t4.where = 105/328 -1/-1 1/2 -1/-1 -1/-1 -1/-1 -1/-1 -1/-1 -1/-1 0/2 -1/-1 -1/-1 0/3 -1/-1 -1/-1 -1/-1 -1/-1 -1/-1 -1/-1 -1/-1 0/2 -1/-1 -1/-1 -1/-1 -1/-1 -1/-1 -1/-1 -1/-1 -1/-1 -1/-1 -1/-1 -1/-1 -1/-1 -1/-1 -1/-1 -1/-1 -1/-1 -1/-1 -1/-1 -1/-1 -1/-1 -1/-1 -1/-1 -1/-1 -1/-1 -1/-1 -1/-1 -1/-1 -1/-1 -1/-1 -1/-1 -1/-1 -1/-1 -1/-1 -1/-1 -1/-1 -1/-1 -1/-1 -1/-1 -1/-1 -1/-1 -1/-1 -1/-1 -1/-1 -1/-1 -1/-1 -1/-1 -1/-1 -1/-1 -1/-1 -1/-1 -1/-1 -1/-1 -1/-1 -1/-1 -1/-1 -1/-1 -1/-1 -1/-1 -1/-1 -1/-1 -1/-1 -1/-1 -1/-1 -1/-1 -1/-1 -1/-1 0/2 -1/-1 -1/-1 -1/-1 -1/-1 0/2 -1/-1 0/2 -1/-1 -1/-1 0/2 -1/-1 0/2 -1/-1 0/2 -1/-1 0/2 -1/-1 0/2 -1/-1 0/2 -1/-1 -1/-1 0/3 -1/-1 -1/-1 0/4 -1/-1 0/6 -1/-1 0/8 -1/-1 0/7 -1/-1 0/9 -1/-1 0/9 -1/-1 0/10 -1/-1 0/10 -1/-1 0/10 -1/-1 0/10 -1/-1 0/10 -1/-1 0/11 -1/-1 0/11 -1/-1 0/9 -1/-1 0/11 -1/-1 0/11 -1/-1 0/11 -1/-1 0/10 -1/-1 0/12 -1/-1 0/11 -1/-1 0/12 -1/-1 0/15 -1/-1
t4.stop_reason = satisfiable
t4.restarts = 2
t4.nogoods_size = 36
t4.nodes = 1926
t4.propagations = 1926
t18.stop_reason = aborted
t18.restarts = 2
t18.nogoods_size = 36
t18.nodes = 555
t18.propagations = 555
t20.stop_reason = aborted
t20.restarts = 2
t20.nogoods_size = 36
t20.nodes = 1041
t20.propagations = 1041
t9.stop_reason = aborted
t9.restarts = 2
t9.nogoods_size = 36
t9.nodes = 587
t9.propagations = 587
t29.stop_reason = aborted
t29.restarts = 2
t29.nogoods_size = 36
t29.nodes = 560
t29.propagations = 560
t0.stop_reason = aborted
t0.restarts = 2
t0.nogoods_size = 36
t0.nodes = 991
t0.propagations = 991
t8.stop_reason = aborted
t8.restarts = 2
t8.nogoods_size = 36
t8.nodes = 555
t8.propagations = 555
t2.stop_reason = aborted
t2.restarts = 2
t2.nogoods_size = 36
t2.nodes = 611
t2.propagations = 611
t24.stop_reason = aborted
t24.restarts = 2
t24.nogoods_size = 36
t24.nodes = 1166
t24.propagations = 1166
t19.stop_reason = aborted
t19.restarts = 2
t19.nogoods_size = 36
t19.nodes = 582
t19.propagations = 582
t17.stop_reason = aborted
t17.restarts = 2
t17.nogoods_size = 36
t17.nodes = 977
t17.propagations = 977
t27.stop_reason = aborted
t27.restarts = 2
t27.nogoods_size = 36
t27.nodes = 977
t27.propagations = 977
t13.stop_reason = aborted
t13.restarts = 2
t13.nogoods_size = 36
t13.nodes = 581
t13.propagations = 581
t7.stop_reason = aborted
t7.restarts = 2
t7.nogoods_size = 36
t7.nodes = 607
t7.propagations = 607
t1.stop_reason = aborted
t1.restarts = 2
t1.nogoods_size = 36
t1.nodes = 621
t1.propagations = 621
t15.stop_reason = aborted
t15.restarts = 2
t15.nogoods_size = 36
t15.nodes = 583
t15.propagations = 583
t12.stop_reason = aborted
t12.restarts = 2
t12.nogoods_size = 36
t12.nodes = 581
t12.propagations = 581
t6.stop_reason = aborted
t6.restarts = 2
t6.nogoods_size = 36
t6.nodes = 587
t6.propagations = 587
t34.stop_reason = aborted
t34.restarts = 2
t34.nogoods_size = 36
t34.nodes = 964
t34.propagations = 964
t14.stop_reason = aborted
t14.restarts = 2
t14.nogoods_size = 36
t14.nodes = 1092
t14.propagations = 1092
t16.stop_reason = aborted
t16.restarts = 2
t16.nogoods_size = 36
t16.nodes = 573
t16.propagations = 573
t26.stop_reason = aborted
t26.restarts = 2
t26.nogoods_size = 36
t26.nodes = 1254
t26.propagations = 1254
t31.stop_reason = aborted
t31.restarts = 2
t31.nogoods_size = 36
t31.nodes = 971
t31.propagations = 971
t25.stop_reason = aborted
t25.restarts = 2
t25.nogoods_size = 36
t25.nodes = 570
t25.propagations = 570
t35.stop_reason = aborted
t35.restarts = 2
t35.nogoods_size = 36
t35.nodes = 986
t35.propagations = 986
t10.stop_reason = aborted
t10.restarts = 2
t10.nogoods_size = 36
t10.nodes = 598
t10.propagations = 598
t32.stop_reason = aborted
t32.restarts = 2
t32.nogoods_size = 36
t32.nodes = 929
t32.propagations = 929
t30.stop_reason = aborted
t30.restarts = 2
t30.nogoods_size = 36
t30.nodes = 934
t30.propagations = 934
t5.stop_reason = aborted
t5.restarts = 2
t5.nogoods_size = 36
t5.nodes = 1194
t5.propagations = 1194
t23.stop_reason = aborted
t23.restarts = 2
t23.nogoods_size = 36
t23.nodes = 528
t23.propagations = 528
t21.stop_reason = aborted
t21.restarts = 2
t21.nogoods_size = 36
t21.nodes = 986
t21.propagations = 986
t3.stop_reason = aborted
t3.restarts = 2
t3.nogoods_size = 36
t3.nodes = 1045
t3.propagations = 1045
t33.stop_reason = aborted
t33.restarts = 2
t33.nogoods_size = 36
t33.nodes = 1051
t33.propagations = 1051
search_time = 77
