hostname = r1i7n1
commandline = ../glasgow/solve_subgraph_isomorphism --value-ordering=biased --geometric-restarts=1.0 --restarts-constant=10000 --threads=36 --timeout 1000 --format lad ../instances/si/si2_m4D_m4D_1296/si2_m4D_m1296.06/pattern ../instances/si/si2_m4D_m4D_1296/si2_m4D_m1296.06/target
started_at = 2018-11-16 16:34:15
pattern_file = ../instances/si/si2_m4D_m4D_1296/si2_m4D_m1296.06/pattern
target_file = ../instances/si/si2_m4D_m4D_1296/si2_m4D_m1296.06/target
status = true
nodes = 485
propagations = 1116
mapping = (0 -> 666) (1 -> 43) (2 -> 861) (3 -> 326) (4 -> 497) (5 -> 796) (6 -> 1233) (7 -> 837) (8 -> 50) (9 -> 754) (10 -> 670) (11 -> 973) (12 -> 495) (13 -> 653) (14 -> 656) (15 -> 999) (16 -> 551) (17 -> 564) (18 -> 777) (19 -> 12) (20 -> 568) (21 -> 636) (22 -> 1141) (23 -> 1103) (24 -> 523) (25 -> 271) (26 -> 438) (27 -> 612) (28 -> 671) (29 -> 1114) (30 -> 263) (31 -> 126) (32 -> 195) (33 -> 1144) (34 -> 1197) (35 -> 1092) (36 -> 452) (37 -> 254) (38 -> 166) (39 -> 1213) (40 -> 1150) (41 -> 62) (42 -> 806) (43 -> 424) (44 -> 584) (45 -> 1148) (46 -> 224) (47 -> 58) (48 -> 616) (49 -> 374) (50 -> 990) (51 -> 28) (52 -> 30) (53 -> 780) (54 -> 511) (55 -> 667) (56 -> 1052) (57 -> 556) (58 -> 948) (59 -> 1262) (60 -> 176) (61 -> 877) (62 -> 1270) (63 -> 1036) (64 -> 927) (65 -> 392) (66 -> 186) (67 -> 1014) (68 -> 695) (69 -> 1058) (70 -> 684) (71 -> 1027) (72 -> 1293) (73 -> 59) (74 -> 984) (75 -> 485) (76 -> 787) (77 -> 1227) (78 -> 104) (79 -> 1002) (80 -> 894) (81 -> 212) (82 -> 795) (83 -> 516) (84 -> 1234) (85 -> 520) (86 -> 931) (87 -> 880) (88 -> 968) (89 -> 109) (90 -> 90) (91 -> 1223) (92 -> 385) (93 -> 336) (94 -> 1043) (95 -> 875) (96 -> 834) (97 -> 789) (98 -> 265) (99 -> 1173) (100 -> 24) (101 -> 660) (102 -> 760) (103 -> 1206) (104 -> 1142) (105 -> 801) (106 -> 949) (107 -> 52) (108 -> 637) (109 -> 776) (110 -> 123) (111 -> 247) (112 -> 426) (113 -> 735) (114 -> 362) (115 -> 259) (116 -> 1283) (117 -> 1064) (118 -> 3) (119 -> 841) (120 -> 115) (121 -> 341) (122 -> 95) (123 -> 761) (124 -> 388) (125 -> 749) (126 -> 279) (127 -> 185) (128 -> 79) (129 -> 1195) (130 -> 1181) (131 -> 304) (132 -> 332) (133 -> 848) (134 -> 698) (135 -> 490) (136 -> 689) (137 -> 54) (138 -> 711) (139 -> 718) (140 -> 639) (141 -> 573) (142 -> 1075) (143 -> 448) (144 -> 1119) (145 -> 383) (146 -> 923) (147 -> 845) (148 -> 775) (149 -> 21) (150 -> 194) (151 -> 588) (152 -> 209) (153 -> 961) (154 -> 315) (155 -> 128) (156 -> 381) (157 -> 1057) (158 -> 53) (159 -> 939) (160 -> 144) (161 -> 705) (162 -> 1109) (163 -> 172) (164 -> 312) (165 -> 1026) (166 -> 905) (167 -> 473) (168 -> 241) (169 -> 1222) (170 -> 633) (171 -> 1) (172 -> 1126) (173 -> 120) (174 -> 987) (175 -> 710) (176 -> 1032) (177 -> 346) (178 -> 1082) (179 -> 313) (180 -> 51) (181 -> 1202) (182 -> 707) (183 -> 107) (184 -> 802) (185 -> 1159) (186 -> 781) (187 -> 873) (188 -> 863) (189 -> 285) (190 -> 396) (191 -> 161) (192 -> 135) (193 -> 528) (194 -> 124) (195 -> 1016) (196 -> 758) (197 -> 966) (198 -> 793) (199 -> 678) (200 -> 1070) (201 -> 831) (202 -> 652) (203 -> 377) (204 -> 1104) (205 -> 66) (206 -> 607) (207 -> 65) (208 -> 1085) (209 -> 250) (210 -> 105) (211 -> 463) (212 -> 1258) (213 -> 509) (214 -> 1245) (215 -> 415) (216 -> 0) (217 -> 2) (218 -> 4) (219 -> 5) (220 -> 6) (221 -> 7) (222 -> 8) (223 -> 9) (224 -> 10) (225 -> 11) (226 -> 13) (227 -> 14) (228 -> 15) (229 -> 16) (230 -> 17) (231 -> 18) (232 -> 19) (233 -> 20) (234 -> 22) (235 -> 23) (236 -> 25) (237 -> 26) (238 -> 27) (239 -> 29) (240 -> 31) (241 -> 32) (242 -> 33) (243 -> 34) (244 -> 35) (245 -> 36) (246 -> 37) (247 -> 38) (248 -> 39) (249 -> 40) (250 -> 41) (251 -> 42) (252 -> 44) (253 -> 45) (254 -> 46) (255 -> 47) (256 -> 48) (257 -> 49) (258 -> 55) 
runtime = 228
t34.stop_reason = aborted
t34.restarts = 2
t34.nogoods_size = 36
t34.nodes = 20
t34.propagations = 20
t23.stop_reason = aborted
t23.restarts = 2
t23.nogoods_size = 36
t23.nodes = 7
t23.propagations = 7
t33.stop_reason = aborted
t33.restarts = 2
t33.nogoods_size = 36
t33.nodes = 3
t33.propagations = 3
t29.stop_reason = aborted
t29.restarts = 2
t29.nogoods_size = 36
t29.nodes = 17
t29.propagations = 17
t20.stop_reason = aborted
t20.restarts = 2
t20.nogoods_size = 36
t20.nodes = 30
t20.propagations = 30
t21.stop_reason = aborted
t21.restarts = 2
t21.nogoods_size = 36
t21.nodes = 7
t21.propagations = 7
t12.stop_reason = aborted
t12.restarts = 2
t12.nogoods_size = 36
t12.nodes = 19
t12.propagations = 19
t11.where = 1/328 -1/-1 0/7 -1/-1 0/5 -1/-1 -1/-1 0/3 -1/-1 -1/-1 -1/-1 -1/-1 0/2 -1/-1 -1/-1 -1/-1 -1/-1 -1/-1 -1/-1 -1/-1 -1/-1 -1/-1 -1/-1 -1/-1 -1/-1 -1/-1 -1/-1 -1/-1 -1/-1 -1/-1 -1/-1 -1/-1 -1/-1 -1/-1 -1/-1 -1/-1 -1/-1 -1/-1 -1/-1 -1/-1 -1/-1 -1/-1 -1/-1 -1/-1 -1/-1 -1/-1 -1/-1 -1/-1 -1/-1 -1/-1 -1/-1 -1/-1 -1/-1 -1/-1 -1/-1 -1/-1 -1/-1 -1/-1 -1/-1 -1/-1 -1/-1 -1/-1 -1/-1 -1/-1 -1/-1 -1/-1 -1/-1 -1/-1 -1/-1 -1/-1 -1/-1 -1/-1 -1/-1 -1/-1 -1/-1 -1/-1 -1/-1 -1/-1 -1/-1 -1/-1 -1/-1 -1/-1 -1/-1 -1/-1 -1/-1 -1/-1 -1/-1 -1/-1 -1/-1 -1/-1 -1/-1 -1/-1 -1/-1 -1/-1 -1/-1 -1/-1 -1/-1 -1/-1 -1/-1 -1/-1 -1/-1 -1/-1 -1/-1 -1/-1 -1/-1 -1/-1 -1/-1 -1/-1 -1/-1 -1/-1 -1/-1 -1/-1 -1/-1 0/2 -1/-1 -1/-1 -1/-1 -1/-1 -1/-1 -1/-1 -1/-1 -1/-1 -1/-1 -1/-1 -1/-1 -1/-1 -1/-1 -1/-1 -1/-1 -1/-1 -1/-1 -1/-1 -1/-1 -1/-1 -1/-1 -1/-1 -1/-1 -1/-1 -1/-1 -1/-1 -1/-1 -1/-1 -1/-1 -1/-1 -1/-1 -1/-1 -1/-1 -1/-1 -1/-1 -1/-1 0/2 -1/-1 -1/-1 -1/-1 -1/-1 -1/-1 -1/-1 -1/-1 -1/-1 -1/-1 -1/-1 -1/-1 -1/-1 -1/-1 -1/-1 -1/-1 -1/-1 -1/-1 -1/-1 -1/-1 -1/-1 -1/-1 -1/-1 -1/-1 -1/-1 -1/-1 -1/-1 -1/-1 -1/-1 -1/-1 -1/-1 -1/-1 -1/-1 -1/-1 -1/-1 -1/-1 -1/-1 0/2 -1/-1 -1/-1 -1/-1 -1/-1 -1/-1 -1/-1 -1/-1 -1/-1 -1/-1 -1/-1 -1/-1 -1/-1 -1/-1 -1/-1 -1/-1 -1/-1 -1/-1 -1/-1 -1/-1 -1/-1 -1/-1 -1/-1 -1/-1 -1/-1 -1/-1 -1/-1 -1/-1 -1/-1 -1/-1 -1/-1 -1/-1 -1/-1 -1/-1 -1/-1 -1/-1 -1/-1
t11.stop_reason = satisfiable
t11.restarts = 2
t11.nogoods_size = 36
t11.nodes = 26
t11.propagations = 26
t13.stop_reason = aborted
t13.restarts = 2
t13.nogoods_size = 36
t13.nodes = 22
t13.propagations = 22
t8.stop_reason = aborted
t8.restarts = 2
t8.nogoods_size = 36
t8.nodes = 10
t8.propagations = 10
t17.stop_reason = aborted
t17.restarts = 2
t17.nogoods_size = 36
t17.nodes = 3
t17.propagations = 3
t30.stop_reason = aborted
t30.restarts = 2
t30.nogoods_size = 36
t30.nodes = 13
t30.propagations = 13
t14.stop_reason = aborted
t14.restarts = 2
t14.nogoods_size = 36
t14.nodes = 27
t14.propagations = 27
t26.stop_reason = aborted
t26.restarts = 2
t26.nogoods_size = 36
t26.nodes = 6
t26.propagations = 6
t6.stop_reason = aborted
t6.restarts = 2
t6.nogoods_size = 36
t6.nodes = 45
t6.propagations = 45
t15.stop_reason = aborted
t15.restarts = 2
t15.nogoods_size = 36
t15.nodes = 16
t15.propagations = 16
t9.stop_reason = aborted
t9.restarts = 2
t9.nogoods_size = 36
t9.nodes = 5
t9.propagations = 5
t5.stop_reason = aborted
t5.restarts = 2
t5.nogoods_size = 36
t5.nodes = 12
t5.propagations = 12
t7.stop_reason = aborted
t7.restarts = 2
t7.nogoods_size = 36
t7.nodes = 10
t7.propagations = 10
t22.stop_reason = aborted
t22.restarts = 2
t22.nogoods_size = 36
t22.nodes = 7
t22.propagations = 7
t0.stop_reason = aborted
t0.restarts = 2
t0.nogoods_size = 36
t0.nodes = 10
t0.propagations = 10
t32.stop_reason = aborted
t32.restarts = 2
t32.nogoods_size = 36
t32.nodes = 9
t32.propagations = 9
t3.stop_reason = aborted
t3.restarts = 2
t3.nogoods_size = 36
t3.nodes = 18
t3.propagations = 18
t35.stop_reason = aborted
t35.restarts = 2
t35.nogoods_size = 36
t35.nodes = 3
t35.propagations = 3
t4.stop_reason = aborted
t4.restarts = 2
t4.nogoods_size = 36
t4.nodes = 71
t4.propagations = 71
t31.stop_reason = aborted
t31.restarts = 2
t31.nogoods_size = 36
t31.nodes = 6
t31.propagations = 6
t1.stop_reason = aborted
t1.restarts = 2
t1.nogoods_size = 36
t1.nodes = 8
t1.propagations = 8
t18.stop_reason = aborted
t18.restarts = 2
t18.nogoods_size = 36
t18.nodes = 7
t18.propagations = 7
t19.stop_reason = aborted
t19.restarts = 2
t19.nogoods_size = 36
t19.nodes = 3
t19.propagations = 3
t16.stop_reason = aborted
t16.restarts = 2
t16.nogoods_size = 36
t16.nodes = 7
t16.propagations = 7
t28.stop_reason = aborted
t28.restarts = 2
t28.nogoods_size = 36
t28.nodes = 6
t28.propagations = 6
t10.stop_reason = aborted
t10.restarts = 2
t10.nogoods_size = 36
t10.nodes = 7
t10.propagations = 7
t2.stop_reason = aborted
t2.restarts = 2
t2.nogoods_size = 36
t2.nodes = 6
t2.propagations = 6
t24.stop_reason = aborted
t24.restarts = 2
t24.nogoods_size = 36
t24.nodes = 6
t24.propagations = 6
t27.stop_reason = aborted
t27.restarts = 2
t27.nogoods_size = 36
t27.nodes = 5
t27.propagations = 5
t25.stop_reason = aborted
t25.restarts = 2
t25.nogoods_size = 36
t25.nodes = 8
t25.propagations = 8
search_time = 133
