hostname = r1i7n2
commandline = ../glasgow/solve_subgraph_isomorphism --value-ordering=biased --geometric-restarts=1.0 --restarts-constant=10000 --threads=36 --timeout 1000 --format lad ../instances/si/si4_m4D_m4D_1296/si4_m4D_m1296.06/pattern ../instances/si/si4_m4D_m4D_1296/si4_m4D_m1296.06/target
started_at = 2018-11-16 16:35:54
pattern_file = ../instances/si/si4_m4D_m4D_1296/si4_m4D_m1296.06/pattern
target_file = ../instances/si/si4_m4D_m4D_1296/si4_m4D_m1296.06/target
status = true
nodes = 73
propagations = 108
mapping = (0 -> 788) (1 -> 775) (2 -> 401) (3 -> 937) (4 -> 544) (5 -> 757) (6 -> 439) (7 -> 414) (8 -> 689) (9 -> 1285) (10 -> 1111) (11 -> 916) (12 -> 503) (13 -> 1122) (14 -> 1076) (15 -> 1144) (16 -> 198) (17 -> 852) (18 -> 437) (19 -> 1108) (20 -> 1243) (21 -> 763) (22 -> 1247) (23 -> 1241) (24 -> 314) (25 -> 691) (26 -> 39) (27 -> 755) (28 -> 298) (29 -> 11) (30 -> 1286) (31 -> 851) (32 -> 1259) (33 -> 15) (34 -> 144) (35 -> 89) (36 -> 1114) (37 -> 1216) (38 -> 947) (39 -> 924) (40 -> 1203) (41 -> 951) (42 -> 113) (43 -> 958) (44 -> 207) (45 -> 829) (46 -> 74) (47 -> 738) (48 -> 218) (49 -> 1156) (50 -> 374) (51 -> 1206) (52 -> 988) (53 -> 862) (54 -> 754) (55 -> 1137) (56 -> 621) (57 -> 1193) (58 -> 192) (59 -> 5) (60 -> 814) (61 -> 1204) (62 -> 264) (63 -> 131) (64 -> 799) (65 -> 1025) (66 -> 557) (67 -> 1190) (68 -> 1162) (69 -> 109) (70 -> 1005) (71 -> 355) (72 -> 28) (73 -> 533) (74 -> 359) (75 -> 476) (76 -> 857) (77 -> 69) (78 -> 1078) (79 -> 1001) (80 -> 972) (81 -> 752) (82 -> 54) (83 -> 948) (84 -> 1192) (85 -> 625) (86 -> 1155) (87 -> 695) (88 -> 106) (89 -> 842) (90 -> 1291) (91 -> 833) (92 -> 84) (93 -> 88) (94 -> 1030) (95 -> 1181) (96 -> 256) (97 -> 1142) (98 -> 1043) (99 -> 791) (100 -> 421) (101 -> 943) (102 -> 1178) (103 -> 661) (104 -> 214) (105 -> 530) (106 -> 33) (107 -> 275) (108 -> 165) (109 -> 669) (110 -> 376) (111 -> 334) (112 -> 1246) (113 -> 79) (114 -> 1248) (115 -> 513) (116 -> 617) (117 -> 431) (118 -> 1223) (119 -> 444) (120 -> 985) (121 -> 375) (122 -> 1018) (123 -> 45) (124 -> 618) (125 -> 300) (126 -> 247) (127 -> 1004) (128 -> 1234) (129 -> 497) (130 -> 277) (131 -> 110) (132 -> 1288) (133 -> 569) (134 -> 609) (135 -> 1059) (136 -> 340) (137 -> 1072) (138 -> 484) (139 -> 741) (140 -> 96) (141 -> 1148) (142 -> 945) (143 -> 1160) (144 -> 1120) (145 -> 1205) (146 -> 717) (147 -> 1253) (148 -> 654) (149 -> 105) (150 -> 1022) (151 -> 927) (152 -> 49) (153 -> 483) (154 -> 919) (155 -> 26) (156 -> 130) (157 -> 178) (158 -> 1150) (159 -> 100) (160 -> 30) (161 -> 1176) (162 -> 1089) (163 -> 523) (164 -> 1128) (165 -> 721) (166 -> 893) (167 -> 1124) (168 -> 764) (169 -> 316) (170 -> 232) (171 -> 42) (172 -> 677) (173 -> 244) (174 -> 701) (175 -> 706) (176 -> 479) (177 -> 348) (178 -> 1019) (179 -> 1042) (180 -> 1064) (181 -> 1170) (182 -> 487) (183 -> 220) (184 -> 67) (185 -> 251) (186 -> 1110) (187 -> 90) (188 -> 159) (189 -> 591) (190 -> 539) (191 -> 607) (192 -> 880) (193 -> 453) (194 -> 432) (195 -> 200) (196 -> 406) (197 -> 140) (198 -> 187) (199 -> 805) (200 -> 632) (201 -> 143) (202 -> 946) (203 -> 331) (204 -> 996) (205 -> 575) (206 -> 719) (207 -> 732) (208 -> 209) (209 -> 671) (210 -> 642) (211 -> 882) (212 -> 216) (213 -> 759) (214 -> 184) (215 -> 156) (216 -> 1245) (217 -> 202) (218 -> 665) (219 -> 345) (220 -> 830) (221 -> 624) (222 -> 1026) (223 -> 724) (224 -> 705) (225 -> 1274) (226 -> 908) (227 -> 710) (228 -> 657) (229 -> 87) (230 -> 62) (231 -> 1230) (232 -> 731) (233 -> 80) (234 -> 1045) (235 -> 994) (236 -> 666) (237 -> 1027) (238 -> 559) (239 -> 1125) (240 -> 501) (241 -> 429) (242 -> 0) (243 -> 149) (244 -> 1033) (245 -> 593) (246 -> 229) (247 -> 213) (248 -> 798) (249 -> 845) (250 -> 1229) (251 -> 324) (252 -> 864) (253 -> 733) (254 -> 685) (255 -> 204) (256 -> 120) (257 -> 804) (258 -> 779) (259 -> 876) (260 -> 1287) (261 -> 446) (262 -> 638) (263 -> 722) (264 -> 325) (265 -> 584) (266 -> 506) (267 -> 748) (268 -> 291) (269 -> 554) (270 -> 1239) (271 -> 378) (272 -> 519) (273 -> 592) (274 -> 493) (275 -> 296) (276 -> 186) (277 -> 235) (278 -> 257) (279 -> 1077) (280 -> 410) (281 -> 68) (282 -> 435) (283 -> 1067) (284 -> 760) (285 -> 353) (286 -> 170) (287 -> 704) (288 -> 522) (289 -> 427) (290 -> 518) (291 -> 292) (292 -> 913) (293 -> 987) (294 -> 1196) (295 -> 403) (296 -> 1209) (297 -> 1217) (298 -> 226) (299 -> 538) (300 -> 351) (301 -> 683) (302 -> 652) (303 -> 1278) (304 -> 350) (305 -> 745) (306 -> 1198) (307 -> 696) (308 -> 574) (309 -> 571) (310 -> 127) (311 -> 1094) (312 -> 352) (313 -> 282) (314 -> 81) (315 -> 297) (316 -> 114) (317 -> 855) (318 -> 224) (319 -> 492) (320 -> 95) (321 -> 40) (322 -> 932) (323 -> 770) (324 -> 881) (325 -> 1063) (326 -> 1081) (327 -> 377) (328 -> 686) (329 -> 195) (330 -> 982) (331 -> 310) (332 -> 944) (333 -> 258) (334 -> 121) (335 -> 461) (336 -> 388) (337 -> 1132) (338 -> 789) (339 -> 811) (340 -> 337) (341 -> 713) (342 -> 1146) (343 -> 1129) (344 -> 472) (345 -> 343) (346 -> 46) (347 -> 1184) (348 -> 1015) (349 -> 1191) (350 -> 342) (351 -> 185) (352 -> 507) (353 -> 1) (354 -> 822) (355 -> 133) (356 -> 859) (357 -> 20) (358 -> 1119) (359 -> 742) (360 -> 1218) (361 -> 412) (362 -> 512) (363 -> 188) (364 -> 858) (365 -> 940) (366 -> 43) (367 -> 64) (368 -> 158) (369 -> 299) (370 -> 956) (371 -> 32) (372 -> 910) (373 -> 415) (374 -> 933) (375 -> 1249) (376 -> 936) (377 -> 219) (378 -> 148) (379 -> 801) (380 -> 839) (381 -> 254) (382 -> 886) (383 -> 821) (384 -> 815) (385 -> 1041) (386 -> 989) (387 -> 467) (388 -> 228) (389 -> 349) (390 -> 810) (391 -> 175) (392 -> 34) (393 -> 1268) (394 -> 1173) (395 -> 274) (396 -> 1131) (397 -> 776) (398 -> 786) (399 -> 898) (400 -> 664) (401 -> 1136) (402 -> 243) (403 -> 1213) (404 -> 370) (405 -> 941) (406 -> 702) (407 -> 366) (408 -> 645) (409 -> 636) (410 -> 151) (411 -> 1057) (412 -> 1210) (413 -> 1070) (414 -> 21) (415 -> 955) (416 -> 496) (417 -> 284) (418 -> 1113) (419 -> 928) (420 -> 1011) (421 -> 1058) (422 -> 255) (423 -> 381) (424 -> 163) (425 -> 400) (426 -> 77) (427 -> 926) (428 -> 536) (429 -> 1180) (430 -> 317) (431 -> 1000) (432 -> 227) (433 -> 730) (434 -> 718) (435 -> 502) (436 -> 997) (437 -> 249) (438 -> 1182) (439 -> 279) (440 -> 774) (441 -> 879) (442 -> 637) (443 -> 1240) (444 -> 835) (445 -> 329) (446 -> 98) (447 -> 76) (448 -> 1009) (449 -> 128) (450 -> 1109) (451 -> 266) (452 -> 1065) (453 -> 3) (454 -> 939) (455 -> 912) (456 -> 1032) (457 -> 468) (458 -> 1289) (459 -> 1255) (460 -> 965) (461 -> 1194) (462 -> 1219) (463 -> 1039) (464 -> 1252) (465 -> 653) (466 -> 72) (467 -> 362) (468 -> 1257) (469 -> 651) (470 -> 899) (471 -> 739) (472 -> 892) (473 -> 283) (474 -> 1292) (475 -> 650) (476 -> 373) (477 -> 356) (478 -> 986) (479 -> 747) (480 -> 382) (481 -> 290) (482 -> 1272) (483 -> 1068) (484 -> 10) (485 -> 756) (486 -> 556) (487 -> 44) (488 -> 61) (489 -> 690) (490 -> 442) (491 -> 78) (492 -> 1130) (493 -> 1112) (494 -> 824) (495 -> 599) (496 -> 234) (497 -> 863) (498 -> 1048) (499 -> 1164) (500 -> 177) (501 -> 561) (502 -> 9) (503 -> 950) (504 -> 861) (505 -> 1139) (506 -> 309) (507 -> 895) (508 -> 138) (509 -> 931) (510 -> 491) (511 -> 680) (512 -> 1290) (513 -> 475) (514 -> 616) (515 -> 164) (516 -> 673) (517 -> 465) 
runtime = 564
t15.where = 0/4 -1/-1 -1/-1 -1/-1 -1/-1 -1/-1 -1/-1 -1/-1 -1/-1 -1/-1 -1/-1 -1/-1 -1/-1 -1/-1 -1/-1 -1/-1 -1/-1 -1/-1 -1/-1 -1/-1 -1/-1 -1/-1 -1/-1 -1/-1 -1/-1 -1/-1 -1/-1 -1/-1 -1/-1 -1/-1 -1/-1 -1/-1 -1/-1 -1/-1 -1/-1 -1/-1 -1/-1 -1/-1 -1/-1 -1/-1 -1/-1 -1/-1 -1/-1 -1/-1 -1/-1 -1/-1 -1/-1 -1/-1 -1/-1 -1/-1 -1/-1 -1/-1 -1/-1 -1/-1 -1/-1 -1/-1 -1/-1 -1/-1 -1/-1 -1/-1 -1/-1 -1/-1 -1/-1 -1/-1 -1/-1 -1/-1 -1/-1 -1/-1 -1/-1 -1/-1 -1/-1 -1/-1 -1/-1 -1/-1 -1/-1 -1/-1 -1/-1 -1/-1 -1/-1 -1/-1 -1/-1 -1/-1 0/2 -1/-1 -1/-1 -1/-1 -1/-1 -1/-1 -1/-1 -1/-1 -1/-1 -1/-1 -1/-1 -1/-1 -1/-1 -1/-1 -1/-1 -1/-1 -1/-1 -1/-1 -1/-1 -1/-1 -1/-1 -1/-1 -1/-1 -1/-1 -1/-1 -1/-1 -1/-1 -1/-1 -1/-1 -1/-1 -1/-1 -1/-1 -1/-1 -1/-1 -1/-1 -1/-1 -1/-1 -1/-1 -1/-1 -1/-1 -1/-1 -1/-1 -1/-1 -1/-1 -1/-1 -1/-1 -1/-1 -1/-1 -1/-1 -1/-1 -1/-1 -1/-1 -1/-1 -1/-1 -1/-1 -1/-1 -1/-1 -1/-1 -1/-1 -1/-1 -1/-1 -1/-1 -1/-1 -1/-1 -1/-1 -1/-1 -1/-1 -1/-1 -1/-1 -1/-1 -1/-1 -1/-1 -1/-1 -1/-1 -1/-1 -1/-1 -1/-1 -1/-1 -1/-1 -1/-1 -1/-1 -1/-1 -1/-1 -1/-1 -1/-1 -1/-1 -1/-1 -1/-1 -1/-1 -1/-1 -1/-1 -1/-1 -1/-1 -1/-1 -1/-1 -1/-1 -1/-1 -1/-1 -1/-1 -1/-1 -1/-1 -1/-1 -1/-1 -1/-1 -1/-1 -1/-1 -1/-1 -1/-1 -1/-1 -1/-1 -1/-1 -1/-1 -1/-1 -1/-1 -1/-1 -1/-1 -1/-1 -1/-1 -1/-1 -1/-1 -1/-1 -1/-1 -1/-1 -1/-1 -1/-1 -1/-1 -1/-1 -1/-1 -1/-1 -1/-1 -1/-1 -1/-1 -1/-1 -1/-1 -1/-1 -1/-1 -1/-1 -1/-1 -1/-1 -1/-1 -1/-1 -1/-1 -1/-1 -1/-1 -1/-1 -1/-1 -1/-1 -1/-1 -1/-1 -1/-1 -1/-1 -1/-1 -1/-1 -1/-1 -1/-1 -1/-1 -1/-1 -1/-1 -1/-1 -1/-1 -1/-1 -1/-1 -1/-1 -1/-1 -1/-1 -1/-1 -1/-1 -1/-1 -1/-1 -1/-1 -1/-1 -1/-1 -1/-1 -1/-1 -1/-1 -1/-1 -1/-1 -1/-1 -1/-1 -1/-1 -1/-1 -1/-1 -1/-1 -1/-1 -1/-1 -1/-1 -1/-1 -1/-1 -1/-1 -1/-1 -1/-1 -1/-1 -1/-1 -1/-1 -1/-1 -1/-1 -1/-1 -1/-1 -1/-1 -1/-1 -1/-1 -1/-1 -1/-1 -1/-1 -1/-1 -1/-1 -1/-1 -1/-1 -1/-1 -1/-1 -1/-1 -1/-1 -1/-1 -1/-1 -1/-1 -1/-1 -1/-1 -1/-1 -1/-1 -1/-1 -1/-1 -1/-1 -1/-1 -1/-1 -1/-1 -1/-1 -1/-1 -1/-1 -1/-1 -1/-1 -1/-1 -1/-1 -1/-1 -1/-1 -1/-1 -1/-1 -1/-1 -1/-1 -1/-1 -1/-1 -1/-1 -1/-1 -1/-1 -1/-1 -1/-1 -1/-1 -1/-1 -1/-1 -1/-1 -1/-1 -1/-1 -1/-1 -1/-1 -1/-1 -1/-1 -1/-1 -1/-1 -1/-1 -1/-1 -1/-1 -1/-1 -1/-1 -1/-1 -1/-1 -1/-1 -1/-1 -1/-1 -1/-1 -1/-1 -1/-1 -1/-1 -1/-1 -1/-1 -1/-1 -1/-1 -1/-1 -1/-1 -1/-1 -1/-1 -1/-1 -1/-1 -1/-1 -1/-1 -1/-1 -1/-1 -1/-1 -1/-1 -1/-1 -1/-1 -1/-1 -1/-1 -1/-1 -1/-1 -1/-1 -1/-1 -1/-1 -1/-1 -1/-1 -1/-1 -1/-1 -1/-1 -1/-1 -1/-1 -1/-1 -1/-1 -1/-1 -1/-1 -1/-1 -1/-1 -1/-1 -1/-1 -1/-1 -1/-1 -1/-1 -1/-1 -1/-1 -1/-1 -1/-1 -1/-1 -1/-1 -1/-1 -1/-1 -1/-1 -1/-1 -1/-1 -1/-1 -1/-1 -1/-1 -1/-1 -1/-1 -1/-1 -1/-1 -1/-1 -1/-1 -1/-1 -1/-1 -1/-1 -1/-1 -1/-1 -1/-1 -1/-1 -1/-1 -1/-1 -1/-1 -1/-1 -1/-1 -1/-1 -1/-1 -1/-1 -1/-1 -1/-1 -1/-1 -1/-1 -1/-1 -1/-1 -1/-1 -1/-1 -1/-1 -1/-1 -1/-1 -1/-1 -1/-1 -1/-1 -1/-1 -1/-1 -1/-1 -1/-1 -1/-1 -1/-1 -1/-1 -1/-1 -1/-1 -1/-1 -1/-1 -1/-1 -1/-1 -1/-1 -1/-1 -1/-1 -1/-1 -1/-1 -1/-1 -1/-1 -1/-1 -1/-1 -1/-1 -1/-1 -1/-1 -1/-1 -1/-1 -1/-1 -1/-1 -1/-1 -1/-1 -1/-1 -1/-1 -1/-1 -1/-1 -1/-1 -1/-1 -1/-1 -1/-1 -1/-1 -1/-1 -1/-1 -1/-1 -1/-1 -1/-1 -1/-1 -1/-1 -1/-1 -1/-1 -1/-1 -1/-1 -1/-1 -1/-1 -1/-1 -1/-1 -1/-1 -1/-1 -1/-1 -1/-1 -1/-1 -1/-1 -1/-1 -1/-1 -1/-1 -1/-1 -1/-1 -1/-1 -1/-1 -1/-1 -1/-1 -1/-1 -1/-1 -1/-1 -1/-1 -1/-1
t15.stop_reason = satisfiable
t15.restarts = 2
t15.nogoods_size = 36
t15.nodes = 3
t15.propagations = 3
t3.stop_reason = aborted
t3.restarts = 2
t3.nogoods_size = 36
t3.nodes = 2
t3.propagations = 2
t26.stop_reason = aborted
t26.restarts = 2
t26.nogoods_size = 36
t26.nodes = 2
t26.propagations = 2
t7.stop_reason = aborted
t7.restarts = 2
t7.nogoods_size = 36
t7.nodes = 2
t7.propagations = 2
t6.stop_reason = aborted
t6.restarts = 2
t6.nogoods_size = 36
t6.nodes = 2
t6.propagations = 2
t10.stop_reason = aborted
t10.restarts = 2
t10.nogoods_size = 36
t10.nodes = 2
t10.propagations = 2
t11.stop_reason = aborted
t11.restarts = 2
t11.nogoods_size = 36
t11.nodes = 2
t11.propagations = 2
t2.stop_reason = aborted
t2.restarts = 2
t2.nogoods_size = 36
t2.nodes = 2
t2.propagations = 2
t4.stop_reason = aborted
t4.restarts = 2
t4.nogoods_size = 36
t4.nodes = 2
t4.propagations = 2
t22.stop_reason = aborted
t22.restarts = 2
t22.nogoods_size = 36
t22.nodes = 2
t22.propagations = 2
t1.stop_reason = aborted
t1.restarts = 2
t1.nogoods_size = 36
t1.nodes = 2
t1.propagations = 2
t23.stop_reason = aborted
t23.restarts = 2
t23.nogoods_size = 36
t23.nodes = 2
t23.propagations = 2
t17.stop_reason = aborted
t17.restarts = 2
t17.nogoods_size = 36
t17.nodes = 2
t17.propagations = 2
t14.stop_reason = aborted
t14.restarts = 2
t14.nogoods_size = 36
t14.nodes = 2
t14.propagations = 2
t12.stop_reason = aborted
t12.restarts = 2
t12.nogoods_size = 36
t12.nodes = 2
t12.propagations = 2
t0.stop_reason = aborted
t0.restarts = 2
t0.nogoods_size = 36
t0.nodes = 2
t0.propagations = 2
t31.stop_reason = aborted
t31.restarts = 2
t31.nogoods_size = 36
t31.nodes = 2
t31.propagations = 2
t30.stop_reason = aborted
t30.restarts = 2
t30.nogoods_size = 36
t30.nodes = 2
t30.propagations = 2
t21.stop_reason = aborted
t21.restarts = 2
t21.nogoods_size = 36
t21.nodes = 2
t21.propagations = 2
t32.stop_reason = aborted
t32.restarts = 2
t32.nogoods_size = 36
t32.nodes = 2
t32.propagations = 2
t24.stop_reason = aborted
t24.restarts = 2
t24.nogoods_size = 36
t24.nodes = 2
t24.propagations = 2
t27.stop_reason = aborted
t27.restarts = 2
t27.nogoods_size = 36
t27.nodes = 2
t27.propagations = 2
t33.stop_reason = aborted
t33.restarts = 2
t33.nogoods_size = 36
t33.nodes = 2
t33.propagations = 2
t29.stop_reason = aborted
t29.restarts = 2
t29.nogoods_size = 36
t29.nodes = 2
t29.propagations = 2
t35.stop_reason = aborted
t35.restarts = 2
t35.nogoods_size = 36
t35.nodes = 2
t35.propagations = 2
t34.stop_reason = aborted
t34.restarts = 2
t34.nogoods_size = 36
t34.nodes = 2
t34.propagations = 2
t9.stop_reason = aborted
t9.restarts = 2
t9.nogoods_size = 36
t9.nodes = 2
t9.propagations = 2
t13.stop_reason = aborted
t13.restarts = 2
t13.nogoods_size = 36
t13.nodes = 2
t13.propagations = 2
t19.stop_reason = aborted
t19.restarts = 2
t19.nogoods_size = 36
t19.nodes = 2
t19.propagations = 2
t20.stop_reason = aborted
t20.restarts = 2
t20.nogoods_size = 36
t20.nodes = 2
t20.propagations = 2
t16.stop_reason = aborted
t16.restarts = 2
t16.nogoods_size = 36
t16.nodes = 2
t16.propagations = 2
t28.stop_reason = aborted
t28.restarts = 2
t28.nogoods_size = 36
t28.nodes = 2
t28.propagations = 2
t5.stop_reason = aborted
t5.restarts = 2
t5.nogoods_size = 36
t5.nodes = 2
t5.propagations = 2
t8.stop_reason = aborted
t8.restarts = 2
t8.nogoods_size = 36
t8.nodes = 2
t8.propagations = 2
t25.stop_reason = aborted
t25.restarts = 2
t25.nogoods_size = 36
t25.nodes = 2
t25.propagations = 2
t18.stop_reason = aborted
t18.restarts = 2
t18.nogoods_size = 36
t18.nodes = 2
t18.propagations = 2
search_time = 337
