hostname = r1i4n3
commandline = ../glasgow/mpi_solve_subgraph_isomorphism --timeout 1000 --format lad --geometric-restarts=1.0 --restarts-constant=100000 --restart-timer=100 --triggered-restarts --threads 18 --value-ordering=random ../instances/meshes-CVIU11/patterns/pattern3 ../instances/meshes-CVIU11/targets/target451
started_at = 2018-11-27 07:42:53
pattern_file = ../instances/meshes-CVIU11/patterns/pattern3
target_file = ../instances/meshes-CVIU11/targets/target451
status = aborted
nodes = 911574632
propagations = 2134049355
runtime = 1041053
h0.t8.restarts = 3238
h0.t8.nogoods_size = 6234366
h0.t8.nodes = 5906278
h0.t8.propagations = 5906278
h0.t16.restarts = 3238
h0.t16.nogoods_size = 6234366
h0.t16.nodes = 5779004
h0.t16.propagations = 5779004
h0.t5.restarts = 3238
h0.t5.nogoods_size = 6234366
h0.t5.nodes = 5852558
h0.t5.propagations = 5852558
h0.t13.restarts = 3238
h0.t13.nogoods_size = 6234366
h0.t13.nodes = 5702952
h0.t13.propagations = 5702952
h0.t17.restarts = 3238
h0.t17.nogoods_size = 6234366
h0.t17.nodes = 2071050
h0.t17.propagations = 2071050
h0.t9.restarts = 3238
h0.t9.nogoods_size = 6234366
h0.t9.nodes = 5762108
h0.t9.propagations = 5762108
h0.t4.restarts = 3238
h0.t4.nogoods_size = 6234366
h0.t4.nodes = 5810816
h0.t4.propagations = 5810816
h0.t2.restarts = 3238
h0.t2.nogoods_size = 6234366
h0.t2.nodes = 5947717
h0.t2.propagations = 5947717
h0.t11.restarts = 3238
h0.t11.nogoods_size = 6234366
h0.t11.nodes = 5696759
h0.t11.propagations = 5696759
h0.t12.restarts = 3238
h0.t12.nogoods_size = 6234366
h0.t12.nodes = 5906588
h0.t12.propagations = 5906588
h0.t0.restarts = 3238
h0.t0.nogoods_size = 6234366
h0.t0.nodes = 526321
h0.t0.propagations = 526321
h0.t10.restarts = 3238
h0.t10.nogoods_size = 6234366
h0.t10.nodes = 5697025
h0.t10.propagations = 5697025
h0.t1.restarts = 3238
h0.t1.nogoods_size = 6234366
h0.t1.nodes = 5851514
h0.t1.propagations = 5851514
h0.t6.restarts = 3238
h0.t6.nogoods_size = 6234366
h0.t6.nodes = 5916516
h0.t6.propagations = 5916516
h0.t15.restarts = 3238
h0.t15.nogoods_size = 6234366
h0.t15.nodes = 5899001
h0.t15.propagations = 5899001
h0.t3.restarts = 3238
h0.t3.nogoods_size = 6234366
h0.t3.nodes = 5790240
h0.t3.propagations = 5790240
h0.t7.restarts = 3238
h0.t7.nogoods_size = 6234366
h0.t7.nodes = 5927541
h0.t7.propagations = 5927541
h0.t14.restarts = 3238
h0.t14.nogoods_size = 6234366
h0.t14.nodes = 5748246
h0.t14.propagations = 5748246
h0.search_time = 999815
h0.nodes = 95792234
h0.propagations = 224360449
h1.t16.restarts = 3238
h1.t16.nogoods_size = 6234809
h1.t16.nodes = 6012466
h1.t16.propagations = 6012466
h1.t14.restarts = 3238
h1.t14.nogoods_size = 6234809
h1.t14.nodes = 6047286
h1.t14.propagations = 6047286
h1.t3.restarts = 3238
h1.t3.nogoods_size = 6234809
h1.t3.nodes = 6097764
h1.t3.propagations = 6097764
h1.t15.restarts = 3238
h1.t15.nogoods_size = 6234809
h1.t15.nodes = 5933013
h1.t15.propagations = 5933013
h1.t1.restarts = 3238
h1.t1.nogoods_size = 6234809
h1.t1.nodes = 6117374
h1.t1.propagations = 6117374
h1.t17.restarts = 3238
h1.t17.nogoods_size = 6234809
h1.t17.nodes = 2120463
h1.t17.propagations = 2120463
h1.t6.restarts = 3238
h1.t6.nogoods_size = 6234809
h1.t6.nodes = 6068627
h1.t6.propagations = 6068627
h1.t5.restarts = 3238
h1.t5.nogoods_size = 6234809
h1.t5.nodes = 5977756
h1.t5.propagations = 5977756
h1.t4.restarts = 3238
h1.t4.nogoods_size = 6234809
h1.t4.nodes = 6192898
h1.t4.propagations = 6192898
h1.t0.restarts = 3238
h1.t0.nogoods_size = 6234809
h1.t0.nodes = 529820
h1.t0.propagations = 529820
h1.t13.restarts = 3238
h1.t13.nogoods_size = 6234809
h1.t13.nodes = 6237818
h1.t13.propagations = 6237818
h1.t8.restarts = 3238
h1.t8.nogoods_size = 6234809
h1.t8.nodes = 6004070
h1.t8.propagations = 6004070
h1.t12.restarts = 3238
h1.t12.nogoods_size = 6234809
h1.t12.nodes = 6106811
h1.t12.propagations = 6106811
h1.t9.restarts = 3238
h1.t9.nogoods_size = 6234809
h1.t9.nodes = 6146384
h1.t9.propagations = 6146384
h1.t11.restarts = 3238
h1.t11.nogoods_size = 6234809
h1.t11.nodes = 6002881
h1.t11.propagations = 6002881
h1.t2.restarts = 3238
h1.t2.nogoods_size = 6234809
h1.t2.nodes = 6102347
h1.t2.propagations = 6102347
h1.t7.restarts = 3238
h1.t7.nogoods_size = 6234809
h1.t7.nodes = 6171429
h1.t7.propagations = 6171429
h1.t10.restarts = 3238
h1.t10.nogoods_size = 6234809
h1.t10.nodes = 5981493
h1.t10.propagations = 5981493
h1.search_time = 999816
h1.nodes = 99850700
h1.propagations = 234198350
h2.t11.restarts = 3238
h2.t11.nogoods_size = 6212082
h2.t11.nodes = 4960403
h2.t11.propagations = 4960403
h2.t13.restarts = 3238
h2.t13.nogoods_size = 6212082
h2.t13.nodes = 4820993
h2.t13.propagations = 4820993
h2.t7.restarts = 3238
h2.t7.nogoods_size = 6212082
h2.t7.nodes = 4880949
h2.t7.propagations = 4880949
h2.t3.restarts = 3238
h2.t3.nogoods_size = 6212082
h2.t3.nodes = 5024171
h2.t3.propagations = 5024171
h2.t2.restarts = 3238
h2.t2.nogoods_size = 6212082
h2.t2.nodes = 4908638
h2.t2.propagations = 4908638
h2.t6.restarts = 3238
h2.t6.nogoods_size = 6212082
h2.t6.nodes = 4819606
h2.t6.propagations = 4819606
h2.t1.restarts = 3238
h2.t1.nogoods_size = 6212082
h2.t1.nodes = 4933986
h2.t1.propagations = 4933986
h2.t9.restarts = 3238
h2.t9.nogoods_size = 6212082
h2.t9.nodes = 4849129
h2.t9.propagations = 4849129
h2.t10.restarts = 3238
h2.t10.nogoods_size = 6212082
h2.t10.nodes = 4757177
h2.t10.propagations = 4757177
h2.t0.restarts = 3238
h2.t0.nogoods_size = 6212082
h2.t0.nodes = 535109
h2.t0.propagations = 535109
h2.t5.restarts = 3238
h2.t5.nogoods_size = 6212082
h2.t5.nodes = 4927013
h2.t5.propagations = 4927013
h2.t8.restarts = 3238
h2.t8.nogoods_size = 6212082
h2.t8.nodes = 4954912
h2.t8.propagations = 4954912
h2.t15.restarts = 3238
h2.t15.nogoods_size = 6212082
h2.t15.nodes = 4822682
h2.t15.propagations = 4822682
h2.t14.restarts = 3238
h2.t14.nogoods_size = 6212082
h2.t14.nodes = 4911697
h2.t14.propagations = 4911697
h2.t17.restarts = 3238
h2.t17.nogoods_size = 6212082
h2.t17.nodes = 2123870
h2.t17.propagations = 2123870
h2.t16.restarts = 3238
h2.t16.nogoods_size = 6212082
h2.t16.nodes = 4830420
h2.t16.propagations = 4830420
h2.t4.restarts = 3238
h2.t4.nogoods_size = 6212082
h2.t4.nodes = 4919032
h2.t4.propagations = 4919032
h2.t12.restarts = 3238
h2.t12.nogoods_size = 6212082
h2.t12.nodes = 4842462
h2.t12.propagations = 4842462
h2.search_time = 999783
h2.nodes = 80822249
h2.propagations = 188919146
h3.t0.stop_reason = aborted
h3.t0.restarts = 3238
h3.t0.nogoods_size = 6212426
h3.t0.nodes = 518943
h3.t0.propagations = 518943
h3.t2.stop_reason = aborted
h3.t2.restarts = 3238
h3.t2.nogoods_size = 6212426
h3.t2.nodes = 5192564
h3.t2.propagations = 5192564
h3.t5.stop_reason = aborted
h3.t5.restarts = 3238
h3.t5.nogoods_size = 6212426
h3.t5.nodes = 5220076
h3.t5.propagations = 5220076
h3.t10.stop_reason = aborted
h3.t10.restarts = 3238
h3.t10.nogoods_size = 6212426
h3.t10.nodes = 5009607
h3.t10.propagations = 5009607
h3.t16.stop_reason = aborted
h3.t16.restarts = 3238
h3.t16.nogoods_size = 6212426
h3.t16.nodes = 5170837
h3.t16.propagations = 5170837
h3.t13.stop_reason = aborted
h3.t13.restarts = 3238
h3.t13.nogoods_size = 6212426
h3.t13.nodes = 5293372
h3.t13.propagations = 5293372
h3.t12.stop_reason = aborted
h3.t12.restarts = 3238
h3.t12.nogoods_size = 6212426
h3.t12.nodes = 5211264
h3.t12.propagations = 5211264
h3.t7.stop_reason = aborted
h3.t7.restarts = 3238
h3.t7.nogoods_size = 6212426
h3.t7.nodes = 5259303
h3.t7.propagations = 5259303
h3.t14.stop_reason = aborted
h3.t14.restarts = 3238
h3.t14.nogoods_size = 6212426
h3.t14.nodes = 5090525
h3.t14.propagations = 5090525
h3.t6.stop_reason = aborted
h3.t6.restarts = 3238
h3.t6.nogoods_size = 6212426
h3.t6.nodes = 5164781
h3.t6.propagations = 5164781
h3.t1.stop_reason = aborted
h3.t1.restarts = 3238
h3.t1.nogoods_size = 6212426
h3.t1.nodes = 5135855
h3.t1.propagations = 5135855
h3.t15.stop_reason = aborted
h3.t15.restarts = 3238
h3.t15.nogoods_size = 6212426
h3.t15.nodes = 5082065
h3.t15.propagations = 5082065
h3.t9.stop_reason = aborted
h3.t9.restarts = 3238
h3.t9.nogoods_size = 6212426
h3.t9.nodes = 5246207
h3.t9.propagations = 5246207
h3.t8.stop_reason = aborted
h3.t8.restarts = 3238
h3.t8.nogoods_size = 6212426
h3.t8.nodes = 5226813
h3.t8.propagations = 5226813
h3.t3.stop_reason = aborted
h3.t3.restarts = 3238
h3.t3.nogoods_size = 6212426
h3.t3.nodes = 5267792
h3.t3.propagations = 5267792
h3.t11.stop_reason = aborted
h3.t11.restarts = 3238
h3.t11.nogoods_size = 6212426
h3.t11.nodes = 5271536
h3.t11.propagations = 5271536
h3.t4.stop_reason = aborted
h3.t4.restarts = 3238
h3.t4.nogoods_size = 6212426
h3.t4.nodes = 5165085
h3.t4.propagations = 5165085
h3.t17.stop_reason = aborted
h3.t17.restarts = 3238
h3.t17.nogoods_size = 6212426
h3.t17.nodes = 2140679
h3.t17.propagations = 2140679
h3.search_time = 999774
h3.nodes = 85667304
h3.propagations = 200400017
h4.t1.restarts = 3238
h4.t1.nogoods_size = 6207057
h4.t1.nodes = 4966039
h4.t1.propagations = 4966039
h4.t11.restarts = 3238
h4.t11.nogoods_size = 6207057
h4.t11.nodes = 4662388
h4.t11.propagations = 4662388
h4.t13.restarts = 3238
h4.t13.nogoods_size = 6207057
h4.t13.nodes = 4836068
h4.t13.propagations = 4836068
h4.t7.restarts = 3238
h4.t7.nogoods_size = 6207057
h4.t7.nodes = 4734173
h4.t7.propagations = 4734173
h4.t15.restarts = 3238
h4.t15.nogoods_size = 6207057
h4.t15.nodes = 4574353
h4.t15.propagations = 4574353
h4.t8.restarts = 3238
h4.t8.nogoods_size = 6207057
h4.t8.nodes = 4797020
h4.t8.propagations = 4797020
h4.t2.restarts = 3238
h4.t2.nogoods_size = 6207057
h4.t2.nodes = 4893132
h4.t2.propagations = 4893132
h4.t0.restarts = 3238
h4.t0.nogoods_size = 6207057
h4.t0.nodes = 542912
h4.t0.propagations = 542912
h4.t6.restarts = 3238
h4.t6.nogoods_size = 6207057
h4.t6.nodes = 4783581
h4.t6.propagations = 4783581
h4.t10.restarts = 3238
h4.t10.nogoods_size = 6207057
h4.t10.nodes = 4580986
h4.t10.propagations = 4580986
h4.t3.restarts = 3238
h4.t3.nogoods_size = 6207057
h4.t3.nodes = 4720368
h4.t3.propagations = 4720368
h4.t17.restarts = 3238
h4.t17.nogoods_size = 6207057
h4.t17.nodes = 2048218
h4.t17.propagations = 2048218
h4.t12.restarts = 3238
h4.t12.nogoods_size = 6207057
h4.t12.nodes = 4654462
h4.t12.propagations = 4654462
h4.t14.restarts = 3238
h4.t14.nogoods_size = 6207057
h4.t14.nodes = 4715325
h4.t14.propagations = 4715325
h4.t16.restarts = 3238
h4.t16.nogoods_size = 6207057
h4.t16.nodes = 4695676
h4.t16.propagations = 4695676
h4.t9.restarts = 3238
h4.t9.nogoods_size = 6207057
h4.t9.nodes = 4841619
h4.t9.propagations = 4841619
h4.t4.restarts = 3238
h4.t4.nogoods_size = 6207057
h4.t4.nodes = 4700228
h4.t4.propagations = 4700228
h4.t5.restarts = 3238
h4.t5.nogoods_size = 6207057
h4.t5.nodes = 4672731
h4.t5.propagations = 4672731
h4.search_time = 999815
h4.nodes = 78419279
h4.propagations = 183188062
h5.t17.stop_reason = aborted
h5.t17.restarts = 3238
h5.t17.nogoods_size = 6213618
h5.t17.nodes = 2113927
h5.t17.propagations = 2113927
h5.t0.stop_reason = aborted
h5.t0.restarts = 3238
h5.t0.nogoods_size = 6213618
h5.t0.nodes = 532897
h5.t0.propagations = 532897
h5.t12.stop_reason = aborted
h5.t12.restarts = 3238
h5.t12.nogoods_size = 6213618
h5.t12.nodes = 5257424
h5.t12.propagations = 5257424
h5.t8.stop_reason = aborted
h5.t8.restarts = 3238
h5.t8.nogoods_size = 6213618
h5.t8.nodes = 5281065
h5.t8.propagations = 5281065
h5.t4.stop_reason = aborted
h5.t4.restarts = 3238
h5.t4.nogoods_size = 6213618
h5.t4.nodes = 5145347
h5.t4.propagations = 5145347
h5.t5.stop_reason = aborted
h5.t5.restarts = 3238
h5.t5.nogoods_size = 6213618
h5.t5.nodes = 5199951
h5.t5.propagations = 5199951
h5.t1.stop_reason = aborted
h5.t1.restarts = 3238
h5.t1.nogoods_size = 6213618
h5.t1.nodes = 5134562
h5.t1.propagations = 5134562
h5.t3.stop_reason = aborted
h5.t3.restarts = 3238
h5.t3.nogoods_size = 6213618
h5.t3.nodes = 5068518
h5.t3.propagations = 5068518
h5.t13.stop_reason = aborted
h5.t13.restarts = 3238
h5.t13.nogoods_size = 6213618
h5.t13.nodes = 5194052
h5.t13.propagations = 5194052
h5.t15.stop_reason = aborted
h5.t15.restarts = 3238
h5.t15.nogoods_size = 6213618
h5.t15.nodes = 4984014
h5.t15.propagations = 4984014
h5.t6.stop_reason = aborted
h5.t6.restarts = 3238
h5.t6.nogoods_size = 6213618
h5.t6.nodes = 5201793
h5.t6.propagations = 5201793
h5.t11.stop_reason = aborted
h5.t11.restarts = 3238
h5.t11.nogoods_size = 6213618
h5.t11.nodes = 4972468
h5.t11.propagations = 4972468
h5.t10.stop_reason = aborted
h5.t10.restarts = 3238
h5.t10.nogoods_size = 6213618
h5.t10.nodes = 5119226
h5.t10.propagations = 5119226
h5.t14.stop_reason = aborted
h5.t14.restarts = 3238
h5.t14.nogoods_size = 6213618
h5.t14.nodes = 5048834
h5.t14.propagations = 5048834
h5.t7.stop_reason = aborted
h5.t7.restarts = 3238
h5.t7.nogoods_size = 6213618
h5.t7.nodes = 5287158
h5.t7.propagations = 5287158
h5.t2.stop_reason = aborted
h5.t2.restarts = 3238
h5.t2.nogoods_size = 6213618
h5.t2.nodes = 5290838
h5.t2.propagations = 5290838
h5.t9.stop_reason = aborted
h5.t9.restarts = 3238
h5.t9.nogoods_size = 6213618
h5.t9.nodes = 5167970
h5.t9.propagations = 5167970
h5.t16.stop_reason = aborted
h5.t16.restarts = 3238
h5.t16.nogoods_size = 6213618
h5.t16.nodes = 5125428
h5.t16.propagations = 5125428
h5.search_time = 999779
h5.nodes = 85125472
h5.propagations = 199104029
h6.t7.restarts = 3238
h6.t7.nogoods_size = 6232326
h6.t7.nodes = 5659704
h6.t7.propagations = 5659704
h6.t16.restarts = 3238
h6.t16.nogoods_size = 6232326
h6.t16.nodes = 5694519
h6.t16.propagations = 5694519
h6.t15.restarts = 3238
h6.t15.nogoods_size = 6232326
h6.t15.nodes = 5471667
h6.t15.propagations = 5471667
h6.t12.restarts = 3238
h6.t12.nogoods_size = 6232326
h6.t12.nodes = 5624741
h6.t12.propagations = 5624741
h6.t8.restarts = 3238
h6.t8.nogoods_size = 6232326
h6.t8.nodes = 5724023
h6.t8.propagations = 5724023
h6.t6.restarts = 3238
h6.t6.nogoods_size = 6232326
h6.t6.nodes = 5613631
h6.t6.propagations = 5613631
h6.t2.restarts = 3238
h6.t2.nogoods_size = 6232326
h6.t2.nodes = 5514828
h6.t2.propagations = 5514828
h6.t5.restarts = 3238
h6.t5.nogoods_size = 6232326
h6.t5.nodes = 5654560
h6.t5.propagations = 5654560
h6.t1.restarts = 3238
h6.t1.nogoods_size = 6232326
h6.t1.nodes = 5630082
h6.t1.propagations = 5630082
h6.t14.restarts = 3238
h6.t14.nogoods_size = 6232326
h6.t14.nodes = 5599024
h6.t14.propagations = 5599024
h6.t0.restarts = 3238
h6.t0.nogoods_size = 6232326
h6.t0.nodes = 552371
h6.t0.propagations = 552371
h6.t4.restarts = 3238
h6.t4.nogoods_size = 6232326
h6.t4.nodes = 5646498
h6.t4.propagations = 5646498
h6.t3.restarts = 3238
h6.t3.nogoods_size = 6232326
h6.t3.nodes = 5711405
h6.t3.propagations = 5711405
h6.t17.restarts = 3238
h6.t17.nogoods_size = 6232326
h6.t17.nodes = 2136514
h6.t17.propagations = 2136514
h6.t9.restarts = 3238
h6.t9.nogoods_size = 6232326
h6.t9.nodes = 5692337
h6.t9.propagations = 5692337
h6.t10.restarts = 3238
h6.t10.nogoods_size = 6232326
h6.t10.nodes = 5593759
h6.t10.propagations = 5593759
h6.t13.restarts = 3238
h6.t13.nogoods_size = 6232326
h6.t13.nodes = 5570909
h6.t13.propagations = 5570909
h6.t11.restarts = 3238
h6.t11.nogoods_size = 6232326
h6.t11.nodes = 5524197
h6.t11.propagations = 5524197
h6.search_time = 999798
h6.nodes = 92614769
h6.propagations = 216893444
h7.t9.restarts = 3238
h7.t9.nogoods_size = 6235855
h7.t9.nodes = 6057355
h7.t9.propagations = 6057355
h7.t13.restarts = 3238
h7.t13.nogoods_size = 6235855
h7.t13.nodes = 6106743
h7.t13.propagations = 6106743
h7.t17.restarts = 3238
h7.t17.nogoods_size = 6235855
h7.t17.nodes = 2074358
h7.t17.propagations = 2074358
h7.t4.restarts = 3238
h7.t4.nogoods_size = 6235855
h7.t4.nodes = 6209819
h7.t4.propagations = 6209819
h7.t5.restarts = 3238
h7.t5.nogoods_size = 6235855
h7.t5.nodes = 5962492
h7.t5.propagations = 5962492
h7.t3.restarts = 3238
h7.t3.nogoods_size = 6235855
h7.t3.nodes = 6015787
h7.t3.propagations = 6015787
h7.t6.restarts = 3238
h7.t6.nogoods_size = 6235855
h7.t6.nodes = 6092537
h7.t6.propagations = 6092537
h7.t1.restarts = 3238
h7.t1.nogoods_size = 6235855
h7.t1.nodes = 6004976
h7.t1.propagations = 6004976
h7.t16.restarts = 3238
h7.t16.nogoods_size = 6235855
h7.t16.nodes = 6029976
h7.t16.propagations = 6029976
h7.t2.restarts = 3238
h7.t2.nogoods_size = 6235855
h7.t2.nodes = 6063148
h7.t2.propagations = 6063148
h7.t10.restarts = 3238
h7.t10.nogoods_size = 6235855
h7.t10.nodes = 5977195
h7.t10.propagations = 5977195
h7.t11.restarts = 3238
h7.t11.nogoods_size = 6235855
h7.t11.nodes = 5991174
h7.t11.propagations = 5991174
h7.t0.restarts = 3238
h7.t0.nogoods_size = 6235855
h7.t0.nodes = 534239
h7.t0.propagations = 534239
h7.t15.restarts = 3238
h7.t15.nogoods_size = 6235855
h7.t15.nodes = 6146310
h7.t15.propagations = 6146310
h7.t7.restarts = 3238
h7.t7.nogoods_size = 6235855
h7.t7.nodes = 6162097
h7.t7.propagations = 6162097
h7.t12.restarts = 3238
h7.t12.nogoods_size = 6235855
h7.t12.nodes = 6183176
h7.t12.propagations = 6183176
h7.t14.restarts = 3238
h7.t14.nogoods_size = 6235855
h7.t14.nodes = 5918341
h7.t14.propagations = 5918341
h7.t8.restarts = 3238
h7.t8.nogoods_size = 6235855
h7.t8.nodes = 6173908
h7.t8.propagations = 6173908
h7.search_time = 999815
h7.nodes = 99703631
h7.propagations = 233536051
h8.t7.restarts = 3238
h8.t7.nogoods_size = 6229944
h8.t7.nodes = 5817177
h8.t7.propagations = 5817177
h8.t17.restarts = 3238
h8.t17.nogoods_size = 6229944
h8.t17.nodes = 2080322
h8.t17.propagations = 2080322
h8.t15.restarts = 3238
h8.t15.nogoods_size = 6229944
h8.t15.nodes = 5495220
h8.t15.propagations = 5495220
h8.t12.restarts = 3238
h8.t12.nogoods_size = 6229944
h8.t12.nodes = 5750032
h8.t12.propagations = 5750032
h8.t16.restarts = 3238
h8.t16.nogoods_size = 6229944
h8.t16.nodes = 5700841
h8.t16.propagations = 5700841
h8.t6.restarts = 3238
h8.t6.nogoods_size = 6229944
h8.t6.nodes = 5706971
h8.t6.propagations = 5706971
h8.t13.restarts = 3238
h8.t13.nogoods_size = 6229944
h8.t13.nodes = 5750756
h8.t13.propagations = 5750756
h8.t1.restarts = 3238
h8.t1.nogoods_size = 6229944
h8.t1.nodes = 5773141
h8.t1.propagations = 5773141
h8.t10.restarts = 3238
h8.t10.nogoods_size = 6229944
h8.t10.nodes = 5583864
h8.t10.propagations = 5583864
h8.t5.restarts = 3238
h8.t5.nogoods_size = 6229944
h8.t5.nodes = 5855829
h8.t5.propagations = 5855829
h8.t4.restarts = 3238
h8.t4.nogoods_size = 6229944
h8.t4.nodes = 5714151
h8.t4.propagations = 5714151
h8.t2.restarts = 3238
h8.t2.nogoods_size = 6229944
h8.t2.nodes = 5800565
h8.t2.propagations = 5800565
h8.t3.restarts = 3238
h8.t3.nogoods_size = 6229944
h8.t3.nodes = 5709085
h8.t3.propagations = 5709085
h8.t9.restarts = 3238
h8.t9.nogoods_size = 6229944
h8.t9.nodes = 5812753
h8.t9.propagations = 5812753
h8.t0.restarts = 3238
h8.t0.nogoods_size = 6229944
h8.t0.nodes = 529889
h8.t0.propagations = 529889
h8.t11.restarts = 3238
h8.t11.nogoods_size = 6229944
h8.t11.nodes = 5781329
h8.t11.propagations = 5781329
h8.t14.restarts = 3238
h8.t14.nogoods_size = 6229944
h8.t14.nodes = 5657594
h8.t14.propagations = 5657594
h8.t8.restarts = 3238
h8.t8.nogoods_size = 6229944
h8.t8.nodes = 5822653
h8.t8.propagations = 5822653
h8.search_time = 999815
h8.nodes = 94342172
h8.propagations = 221058483
h9.t14.stop_reason = aborted
h9.t14.restarts = 3238
h9.t14.nogoods_size = 6234700
h9.t14.nodes = 5937491
h9.t14.propagations = 5937491
h9.t13.stop_reason = aborted
h9.t13.restarts = 3238
h9.t13.nogoods_size = 6234700
h9.t13.nodes = 6151377
h9.t13.propagations = 6151377
h9.t5.stop_reason = aborted
h9.t5.restarts = 3238
h9.t5.nogoods_size = 6234700
h9.t5.nodes = 6106785
h9.t5.propagations = 6106785
h9.t7.stop_reason = aborted
h9.t7.restarts = 3238
h9.t7.nogoods_size = 6234700
h9.t7.nodes = 6045425
h9.t7.propagations = 6045425
h9.t9.stop_reason = aborted
h9.t9.restarts = 3238
h9.t9.nogoods_size = 6234700
h9.t9.nodes = 6211216
h9.t9.propagations = 6211216
h9.t16.stop_reason = aborted
h9.t16.restarts = 3238
h9.t16.nogoods_size = 6234700
h9.t16.nodes = 6000762
h9.t16.propagations = 6000762
h9.t6.stop_reason = aborted
h9.t6.restarts = 3238
h9.t6.nogoods_size = 6234700
h9.t6.nodes = 6042345
h9.t6.propagations = 6042345
h9.t2.stop_reason = aborted
h9.t2.restarts = 3238
h9.t2.nogoods_size = 6234700
h9.t2.nodes = 6135403
h9.t2.propagations = 6135403
h9.t3.stop_reason = aborted
h9.t3.restarts = 3238
h9.t3.nogoods_size = 6234700
h9.t3.nodes = 6004813
h9.t3.propagations = 6004813
h9.t10.stop_reason = aborted
h9.t10.restarts = 3238
h9.t10.nogoods_size = 6234700
h9.t10.nodes = 5813748
h9.t10.propagations = 5813748
h9.t8.stop_reason = aborted
h9.t8.restarts = 3238
h9.t8.nogoods_size = 6234700
h9.t8.nodes = 6050087
h9.t8.propagations = 6050087
h9.t1.stop_reason = aborted
h9.t1.restarts = 3238
h9.t1.nogoods_size = 6234700
h9.t1.nodes = 6045507
h9.t1.propagations = 6045507
h9.t11.stop_reason = aborted
h9.t11.restarts = 3238
h9.t11.nogoods_size = 6234700
h9.t11.nodes = 5904534
h9.t11.propagations = 5904534
h9.t4.stop_reason = aborted
h9.t4.restarts = 3238
h9.t4.nogoods_size = 6234700
h9.t4.nodes = 6030488
h9.t4.propagations = 6030488
h9.t17.stop_reason = aborted
h9.t17.restarts = 3238
h9.t17.nogoods_size = 6234700
h9.t17.nodes = 2101113
h9.t17.propagations = 2101113
h9.t15.stop_reason = aborted
h9.t15.restarts = 3238
h9.t15.nogoods_size = 6234700
h9.t15.nodes = 6066789
h9.t15.propagations = 6066789
h9.t0.stop_reason = aborted
h9.t0.restarts = 3238
h9.t0.nogoods_size = 6234700
h9.t0.nodes = 530524
h9.t0.propagations = 530524
h9.t12.stop_reason = aborted
h9.t12.restarts = 3238
h9.t12.nogoods_size = 6234700
h9.t12.nodes = 6058415
h9.t12.propagations = 6058415
h9.search_time = 999816
h9.nodes = 99236822
h9.propagations = 232391324
