hostname = r1i2n22
commandline = ../glasgow/mpi_solve_subgraph_isomorphism --timeout 1000 --format lad --geometric-restarts=1.0 --restarts-constant=100000 --restart-timer=100 --triggered-restarts --threads 18 --value-ordering=random ../instances/LV/g18 ../instances/LV/g46
started_at = 2018-11-26 22:15:55
pattern_file = ../instances/LV/g18
target_file = ../instances/LV/g46
status = aborted
nodes = 16875040837
propagations = 48644662547
runtime = 1078424
h0.t2.restarts = 5338
h0.t2.nogoods_size = 16637596
h0.t2.nodes = 111915691
h0.t2.propagations = 111915691
h0.t13.restarts = 5338
h0.t13.nogoods_size = 16637596
h0.t13.nodes = 111289887
h0.t13.propagations = 111289887
h0.t4.restarts = 5338
h0.t4.nogoods_size = 16637596
h0.t4.nodes = 110766227
h0.t4.propagations = 110766227
h0.t7.restarts = 5338
h0.t7.nogoods_size = 16637596
h0.t7.nodes = 112146617
h0.t7.propagations = 112146617
h0.t9.restarts = 5338
h0.t9.nogoods_size = 16637596
h0.t9.nodes = 111713954
h0.t9.propagations = 111713954
h0.t8.restarts = 5338
h0.t8.nogoods_size = 16637596
h0.t8.nodes = 111288796
h0.t8.propagations = 111288796
h0.t1.restarts = 5338
h0.t1.nogoods_size = 16637596
h0.t1.nodes = 111784856
h0.t1.propagations = 111784856
h0.t16.restarts = 5338
h0.t16.nogoods_size = 16637596
h0.t16.nodes = 111010878
h0.t16.propagations = 111010878
h0.t11.restarts = 5338
h0.t11.nogoods_size = 16637596
h0.t11.nodes = 110863211
h0.t11.propagations = 110863211
h0.t0.restarts = 5338
h0.t0.nogoods_size = 16637596
h0.t0.nodes = 25837651
h0.t0.propagations = 25837651
h0.t6.restarts = 5338
h0.t6.nogoods_size = 16637596
h0.t6.nodes = 111361104
h0.t6.propagations = 111361104
h0.t10.restarts = 5338
h0.t10.nogoods_size = 16637596
h0.t10.nodes = 109970081
h0.t10.propagations = 109970081
h0.t12.restarts = 5338
h0.t12.nogoods_size = 16637596
h0.t12.nodes = 111088314
h0.t12.propagations = 111088314
h0.t15.restarts = 5338
h0.t15.nogoods_size = 16637596
h0.t15.nodes = 110370195
h0.t15.propagations = 110370195
h0.t5.restarts = 5338
h0.t5.nogoods_size = 16637596
h0.t5.nodes = 111451773
h0.t5.propagations = 111451773
h0.t3.restarts = 5338
h0.t3.nogoods_size = 16637596
h0.t3.nodes = 110832003
h0.t3.propagations = 110832003
h0.t14.restarts = 5338
h0.t14.nogoods_size = 16637596
h0.t14.nodes = 110976306
h0.t14.propagations = 110976306
h0.t17.restarts = 5338
h0.t17.nogoods_size = 16637596
h0.t17.nodes = 40976415
h0.t17.propagations = 40976415
h0.search_time = 1000021
h0.nodes = 1845643959
h0.propagations = 5321140846
h1.t9.stop_reason = aborted
h1.t9.restarts = 5338
h1.t9.nogoods_size = 16636606
h1.t9.nodes = 112539986
h1.t9.propagations = 112539986
h1.t11.stop_reason = aborted
h1.t11.restarts = 5338
h1.t11.nogoods_size = 16636606
h1.t11.nodes = 111108279
h1.t11.propagations = 111108279
h1.t6.stop_reason = aborted
h1.t6.restarts = 5338
h1.t6.nogoods_size = 16636606
h1.t6.nodes = 112560820
h1.t6.propagations = 112560820
h1.t8.stop_reason = aborted
h1.t8.restarts = 5338
h1.t8.nogoods_size = 16636606
h1.t8.nodes = 112417390
h1.t8.propagations = 112417390
h1.t2.stop_reason = aborted
h1.t2.restarts = 5338
h1.t2.nogoods_size = 16636606
h1.t2.nodes = 112289472
h1.t2.propagations = 112289472
h1.t12.stop_reason = aborted
h1.t12.restarts = 5338
h1.t12.nogoods_size = 16636606
h1.t12.nodes = 112438940
h1.t12.propagations = 112438940
h1.t10.stop_reason = aborted
h1.t10.restarts = 5338
h1.t10.nogoods_size = 16636606
h1.t10.nodes = 110758029
h1.t10.propagations = 110758029
h1.t15.stop_reason = aborted
h1.t15.restarts = 5338
h1.t15.nogoods_size = 16636606
h1.t15.nodes = 111340885
h1.t15.propagations = 111340885
h1.t16.stop_reason = aborted
h1.t16.restarts = 5338
h1.t16.nogoods_size = 16636606
h1.t16.nodes = 111364748
h1.t16.propagations = 111364748
h1.t7.stop_reason = aborted
h1.t7.restarts = 5338
h1.t7.nogoods_size = 16636606
h1.t7.nodes = 113265566
h1.t7.propagations = 113265566
h1.t17.stop_reason = aborted
h1.t17.restarts = 5338
h1.t17.nogoods_size = 16636606
h1.t17.nodes = 39781320
h1.t17.propagations = 39781320
h1.t4.stop_reason = aborted
h1.t4.restarts = 5338
h1.t4.nogoods_size = 16636606
h1.t4.nodes = 112412503
h1.t4.propagations = 112412503
h1.t1.stop_reason = aborted
h1.t1.restarts = 5338
h1.t1.nogoods_size = 16636606
h1.t1.nodes = 112676822
h1.t1.propagations = 112676822
h1.t0.stop_reason = aborted
h1.t0.restarts = 5338
h1.t0.nogoods_size = 16636606
h1.t0.nodes = 25078474
h1.t0.propagations = 25078474
h1.t14.stop_reason = aborted
h1.t14.restarts = 5338
h1.t14.nogoods_size = 16636606
h1.t14.nodes = 112133682
h1.t14.propagations = 112133682
h1.t13.stop_reason = aborted
h1.t13.restarts = 5338
h1.t13.nogoods_size = 16636606
h1.t13.nodes = 112157749
h1.t13.propagations = 112157749
h1.t3.stop_reason = aborted
h1.t3.restarts = 5338
h1.t3.nogoods_size = 16636606
h1.t3.nodes = 111782476
h1.t3.propagations = 111782476
h1.t5.stop_reason = aborted
h1.t5.restarts = 5338
h1.t5.nogoods_size = 16636606
h1.t5.nodes = 112464640
h1.t5.propagations = 112464640
h1.search_time = 1000020
h1.nodes = 1858571781
h1.propagations = 5358588643
h2.t17.stop_reason = aborted
h2.t17.restarts = 5338
h2.t17.nogoods_size = 16636591
h2.t17.nodes = 40890650
h2.t17.propagations = 40890650
h2.t0.stop_reason = aborted
h2.t0.restarts = 5338
h2.t0.nogoods_size = 16636591
h2.t0.nodes = 26099273
h2.t0.propagations = 26099273
h2.t1.stop_reason = aborted
h2.t1.restarts = 5338
h2.t1.nogoods_size = 16636591
h2.t1.nodes = 110826540
h2.t1.propagations = 110826540
h2.t5.stop_reason = aborted
h2.t5.restarts = 5338
h2.t5.nogoods_size = 16636591
h2.t5.nodes = 111000476
h2.t5.propagations = 111000476
h2.t6.stop_reason = aborted
h2.t6.restarts = 5338
h2.t6.nogoods_size = 16636591
h2.t6.nodes = 111345410
h2.t6.propagations = 111345410
h2.t13.stop_reason = aborted
h2.t13.restarts = 5338
h2.t13.nogoods_size = 16636591
h2.t13.nodes = 110983365
h2.t13.propagations = 110983365
h2.t9.stop_reason = aborted
h2.t9.restarts = 5338
h2.t9.nogoods_size = 16636591
h2.t9.nodes = 111367442
h2.t9.propagations = 111367442
h2.t11.stop_reason = aborted
h2.t11.restarts = 5338
h2.t11.nogoods_size = 16636591
h2.t11.nodes = 110231168
h2.t11.propagations = 110231168
h2.t2.stop_reason = aborted
h2.t2.restarts = 5338
h2.t2.nogoods_size = 16636591
h2.t2.nodes = 111520262
h2.t2.propagations = 111520262
h2.t10.stop_reason = aborted
h2.t10.restarts = 5338
h2.t10.nogoods_size = 16636591
h2.t10.nodes = 110140026
h2.t10.propagations = 110140026
h2.t3.stop_reason = aborted
h2.t3.restarts = 5338
h2.t3.nogoods_size = 16636591
h2.t3.nodes = 110016611
h2.t3.propagations = 110016611
h2.t14.stop_reason = aborted
h2.t14.restarts = 5338
h2.t14.nogoods_size = 16636591
h2.t14.nodes = 111129223
h2.t14.propagations = 111129223
h2.t15.stop_reason = aborted
h2.t15.restarts = 5338
h2.t15.nogoods_size = 16636591
h2.t15.nodes = 110012169
h2.t15.propagations = 110012169
h2.t12.stop_reason = aborted
h2.t12.restarts = 5338
h2.t12.nogoods_size = 16636591
h2.t12.nodes = 110978465
h2.t12.propagations = 110978465
h2.t8.stop_reason = aborted
h2.t8.restarts = 5338
h2.t8.nogoods_size = 16636591
h2.t8.nodes = 111424922
h2.t8.propagations = 111424922
h2.t7.stop_reason = aborted
h2.t7.restarts = 5338
h2.t7.nogoods_size = 16636591
h2.t7.nodes = 111514037
h2.t7.propagations = 111514037
h2.t4.stop_reason = aborted
h2.t4.restarts = 5338
h2.t4.nogoods_size = 16636591
h2.t4.nodes = 110868541
h2.t4.propagations = 110868541
h2.t16.stop_reason = aborted
h2.t16.restarts = 5338
h2.t16.nogoods_size = 16636591
h2.t16.nodes = 109790236
h2.t16.propagations = 109790236
h2.search_time = 1000020
h2.nodes = 1840138816
h2.propagations = 5304868464
h3.t17.stop_reason = aborted
h3.t17.restarts = 5338
h3.t17.nogoods_size = 16634913
h3.t17.nodes = 40120121
h3.t17.propagations = 40120121
h3.t0.stop_reason = aborted
h3.t0.restarts = 5338
h3.t0.nogoods_size = 16634913
h3.t0.nodes = 25028550
h3.t0.propagations = 25028550
h3.t3.stop_reason = aborted
h3.t3.restarts = 5338
h3.t3.nogoods_size = 16634913
h3.t3.nodes = 111725939
h3.t3.propagations = 111725939
h3.t1.stop_reason = aborted
h3.t1.restarts = 5338
h3.t1.nogoods_size = 16634913
h3.t1.nodes = 112533185
h3.t1.propagations = 112533185
h3.t4.stop_reason = aborted
h3.t4.restarts = 5338
h3.t4.nogoods_size = 16634913
h3.t4.nodes = 112223252
h3.t4.propagations = 112223252
h3.t9.stop_reason = aborted
h3.t9.restarts = 5338
h3.t9.nogoods_size = 16634913
h3.t9.nodes = 112347046
h3.t9.propagations = 112347046
h3.t6.stop_reason = aborted
h3.t6.restarts = 5338
h3.t6.nogoods_size = 16634913
h3.t6.nodes = 112229399
h3.t6.propagations = 112229399
h3.t7.stop_reason = aborted
h3.t7.restarts = 5338
h3.t7.nogoods_size = 16634913
h3.t7.nodes = 112195834
h3.t7.propagations = 112195834
h3.t14.stop_reason = aborted
h3.t14.restarts = 5338
h3.t14.nogoods_size = 16634913
h3.t14.nodes = 111967110
h3.t14.propagations = 111967110
h3.t10.stop_reason = aborted
h3.t10.restarts = 5338
h3.t10.nogoods_size = 16634913
h3.t10.nodes = 110654621
h3.t10.propagations = 110654621
h3.t5.stop_reason = aborted
h3.t5.restarts = 5338
h3.t5.nogoods_size = 16634913
h3.t5.nodes = 112038531
h3.t5.propagations = 112038531
h3.t12.stop_reason = aborted
h3.t12.restarts = 5338
h3.t12.nogoods_size = 16634913
h3.t12.nodes = 112524700
h3.t12.propagations = 112524700
h3.t8.stop_reason = aborted
h3.t8.restarts = 5338
h3.t8.nogoods_size = 16634913
h3.t8.nodes = 112198534
h3.t8.propagations = 112198534
h3.t13.stop_reason = aborted
h3.t13.restarts = 5338
h3.t13.nogoods_size = 16634913
h3.t13.nodes = 112441418
h3.t13.propagations = 112441418
h3.t15.stop_reason = aborted
h3.t15.restarts = 5338
h3.t15.nogoods_size = 16634913
h3.t15.nodes = 111255572
h3.t15.propagations = 111255572
h3.t11.stop_reason = aborted
h3.t11.restarts = 5338
h3.t11.nogoods_size = 16634913
h3.t11.nodes = 111289899
h3.t11.propagations = 111289899
h3.t16.stop_reason = aborted
h3.t16.restarts = 5338
h3.t16.nogoods_size = 16634913
h3.t16.nodes = 111307530
h3.t16.propagations = 111307530
h3.t2.stop_reason = aborted
h3.t2.restarts = 5338
h3.t2.nogoods_size = 16634913
h3.t2.nodes = 112598473
h3.t2.propagations = 112598473
h3.search_time = 1000020
h3.nodes = 1856679714
h3.propagations = 5353236604
h4.t1.restarts = 5338
h4.t1.nogoods_size = 16609988
h4.t1.nodes = 94044989
h4.t1.propagations = 94044989
h4.t4.restarts = 5338
h4.t4.nogoods_size = 16609988
h4.t4.nodes = 93452955
h4.t4.propagations = 93452955
h4.t6.restarts = 5338
h4.t6.nogoods_size = 16609988
h4.t6.nodes = 94285772
h4.t6.propagations = 94285772
h4.t9.restarts = 5338
h4.t9.nogoods_size = 16609988
h4.t9.nodes = 94094062
h4.t9.propagations = 94094062
h4.t10.restarts = 5338
h4.t10.nogoods_size = 16609988
h4.t10.nodes = 92053128
h4.t10.propagations = 92053128
h4.t3.restarts = 5338
h4.t3.nogoods_size = 16609988
h4.t3.nodes = 93443662
h4.t3.propagations = 93443662
h4.t7.restarts = 5338
h4.t7.nogoods_size = 16609988
h4.t7.nodes = 94135236
h4.t7.propagations = 94135236
h4.t13.restarts = 5338
h4.t13.nogoods_size = 16609988
h4.t13.nodes = 93495338
h4.t13.propagations = 93495338
h4.t2.restarts = 5338
h4.t2.nogoods_size = 16609988
h4.t2.nodes = 100418742
h4.t2.propagations = 100418742
h4.t8.restarts = 5338
h4.t8.nogoods_size = 16609988
h4.t8.nodes = 94413647
h4.t8.propagations = 94413647
h4.t15.restarts = 5338
h4.t15.nogoods_size = 16609988
h4.t15.nodes = 93132438
h4.t15.propagations = 93132438
h4.t5.restarts = 5338
h4.t5.nogoods_size = 16609988
h4.t5.nodes = 93749122
h4.t5.propagations = 93749122
h4.t16.restarts = 5338
h4.t16.nogoods_size = 16609988
h4.t16.nodes = 93941528
h4.t16.propagations = 93941528
h4.t14.restarts = 5338
h4.t14.nogoods_size = 16609988
h4.t14.nodes = 94443147
h4.t14.propagations = 94443147
h4.t12.restarts = 5338
h4.t12.nogoods_size = 16609988
h4.t12.nodes = 94572010
h4.t12.propagations = 94572010
h4.t17.restarts = 5338
h4.t17.nogoods_size = 16609988
h4.t17.nodes = 41257739
h4.t17.propagations = 41257739
h4.t0.restarts = 5338
h4.t0.nogoods_size = 16609988
h4.t0.nodes = 26490802
h4.t0.propagations = 26490802
h4.t11.restarts = 5338
h4.t11.nogoods_size = 16609988
h4.t11.nodes = 92625336
h4.t11.propagations = 92625336
h4.search_time = 1000021
h4.nodes = 1574049653
h4.propagations = 4536608507
h5.t12.stop_reason = aborted
h5.t12.restarts = 5338
h5.t12.nogoods_size = 16611905
h5.t12.nodes = 95892064
h5.t12.propagations = 95892064
h5.t14.stop_reason = aborted
h5.t14.restarts = 5338
h5.t14.nogoods_size = 16611905
h5.t14.nodes = 95885426
h5.t14.propagations = 95885426
h5.t5.stop_reason = aborted
h5.t5.restarts = 5338
h5.t5.nogoods_size = 16611905
h5.t5.nodes = 95993514
h5.t5.propagations = 95993514
h5.t9.stop_reason = aborted
h5.t9.restarts = 5338
h5.t9.nogoods_size = 16611905
h5.t9.nodes = 95536492
h5.t9.propagations = 95536492
h5.t15.stop_reason = aborted
h5.t15.restarts = 5338
h5.t15.nogoods_size = 16611905
h5.t15.nodes = 94822591
h5.t15.propagations = 94822591
h5.t7.stop_reason = aborted
h5.t7.restarts = 5338
h5.t7.nogoods_size = 16611905
h5.t7.nodes = 96386729
h5.t7.propagations = 96386729
h5.t1.stop_reason = aborted
h5.t1.restarts = 5338
h5.t1.nogoods_size = 16611905
h5.t1.nodes = 95839265
h5.t1.propagations = 95839265
h5.t13.stop_reason = aborted
h5.t13.restarts = 5338
h5.t13.nogoods_size = 16611905
h5.t13.nodes = 95988365
h5.t13.propagations = 95988365
h5.t6.stop_reason = aborted
h5.t6.restarts = 5338
h5.t6.nogoods_size = 16611905
h5.t6.nodes = 96215791
h5.t6.propagations = 96215791
h5.t10.stop_reason = aborted
h5.t10.restarts = 5338
h5.t10.nogoods_size = 16611905
h5.t10.nodes = 95020728
h5.t10.propagations = 95020728
h5.t3.stop_reason = aborted
h5.t3.restarts = 5338
h5.t3.nogoods_size = 16611905
h5.t3.nodes = 95358171
h5.t3.propagations = 95358171
h5.t17.stop_reason = aborted
h5.t17.restarts = 5338
h5.t17.nogoods_size = 16611905
h5.t17.nodes = 40915789
h5.t17.propagations = 40915789
h5.t11.stop_reason = aborted
h5.t11.restarts = 5338
h5.t11.nogoods_size = 16611905
h5.t11.nodes = 94938072
h5.t11.propagations = 94938072
h5.t0.stop_reason = aborted
h5.t0.restarts = 5338
h5.t0.nogoods_size = 16611905
h5.t0.nodes = 26179310
h5.t0.propagations = 26179310
h5.t2.stop_reason = aborted
h5.t2.restarts = 5338
h5.t2.nogoods_size = 16611905
h5.t2.nodes = 95733090
h5.t2.propagations = 95733090
h5.t8.stop_reason = aborted
h5.t8.restarts = 5338
h5.t8.nogoods_size = 16611905
h5.t8.nodes = 95736792
h5.t8.propagations = 95736792
h5.t16.stop_reason = aborted
h5.t16.restarts = 5338
h5.t16.nogoods_size = 16611905
h5.t16.nodes = 96039676
h5.t16.propagations = 96039676
h5.t4.stop_reason = aborted
h5.t4.restarts = 5338
h5.t4.nogoods_size = 16611905
h5.t4.nodes = 95736957
h5.t4.propagations = 95736957
h5.search_time = 1000020
h5.nodes = 1598218822
h5.propagations = 4606414934
h6.t6.stop_reason = aborted
h6.t6.restarts = 5338
h6.t6.nogoods_size = 16610379
h6.t6.nodes = 95043281
h6.t6.propagations = 95043281
h6.t10.stop_reason = aborted
h6.t10.restarts = 5338
h6.t10.nogoods_size = 16610379
h6.t10.nodes = 92693141
h6.t10.propagations = 92693141
h6.t11.stop_reason = aborted
h6.t11.restarts = 5338
h6.t11.nogoods_size = 16610379
h6.t11.nodes = 93266266
h6.t11.propagations = 93266266
h6.t4.stop_reason = aborted
h6.t4.restarts = 5338
h6.t4.nogoods_size = 16610379
h6.t4.nodes = 93283796
h6.t4.propagations = 93283796
h6.t3.stop_reason = aborted
h6.t3.restarts = 5338
h6.t3.nogoods_size = 16610379
h6.t3.nodes = 93145474
h6.t3.propagations = 93145474
h6.t1.stop_reason = aborted
h6.t1.restarts = 5338
h6.t1.nogoods_size = 16610379
h6.t1.nodes = 94252028
h6.t1.propagations = 94252028
h6.t12.stop_reason = aborted
h6.t12.restarts = 5338
h6.t12.nogoods_size = 16610379
h6.t12.nodes = 94308398
h6.t12.propagations = 94308398
h6.t7.stop_reason = aborted
h6.t7.restarts = 5338
h6.t7.nogoods_size = 16610379
h6.t7.nodes = 94601926
h6.t7.propagations = 94601926
h6.t9.stop_reason = aborted
h6.t9.restarts = 5338
h6.t9.nogoods_size = 16610379
h6.t9.nodes = 93995018
h6.t9.propagations = 93995018
h6.t14.stop_reason = aborted
h6.t14.restarts = 5338
h6.t14.nogoods_size = 16610379
h6.t14.nodes = 92901917
h6.t14.propagations = 92901917
h6.t17.stop_reason = aborted
h6.t17.restarts = 5338
h6.t17.nogoods_size = 16610379
h6.t17.nodes = 41344996
h6.t17.propagations = 41344996
h6.t8.stop_reason = aborted
h6.t8.restarts = 5338
h6.t8.nogoods_size = 16610379
h6.t8.nodes = 94158327
h6.t8.propagations = 94158327
h6.t0.stop_reason = aborted
h6.t0.restarts = 5338
h6.t0.nogoods_size = 16610379
h6.t0.nodes = 26494121
h6.t0.propagations = 26494121
h6.t15.stop_reason = aborted
h6.t15.restarts = 5338
h6.t15.nogoods_size = 16610379
h6.t15.nodes = 92568025
h6.t15.propagations = 92568025
h6.t5.stop_reason = aborted
h6.t5.restarts = 5338
h6.t5.nogoods_size = 16610379
h6.t5.nodes = 93459004
h6.t5.propagations = 93459004
h6.t16.stop_reason = aborted
h6.t16.restarts = 5338
h6.t16.nogoods_size = 16610379
h6.t16.nodes = 93619711
h6.t16.propagations = 93619711
h6.t2.stop_reason = aborted
h6.t2.restarts = 5338
h6.t2.nogoods_size = 16610379
h6.t2.nodes = 94384698
h6.t2.propagations = 94384698
h6.t13.stop_reason = aborted
h6.t13.restarts = 5338
h6.t13.nogoods_size = 16610379
h6.t13.nodes = 93531748
h6.t13.propagations = 93531748
h6.search_time = 1000023
h6.nodes = 1567051875
h6.propagations = 4517146683
h7.t17.stop_reason = aborted
h7.t17.restarts = 5338
h7.t17.nogoods_size = 16608146
h7.t17.nodes = 41011335
h7.t17.propagations = 41011335
h7.t0.stop_reason = aborted
h7.t0.restarts = 5338
h7.t0.nogoods_size = 16608146
h7.t0.nodes = 26292302
h7.t0.propagations = 26292302
h7.t11.stop_reason = aborted
h7.t11.restarts = 5338
h7.t11.nogoods_size = 16608146
h7.t11.nodes = 94040646
h7.t11.propagations = 94040646
h7.t9.stop_reason = aborted
h7.t9.restarts = 5338
h7.t9.nogoods_size = 16608146
h7.t9.nodes = 94414572
h7.t9.propagations = 94414572
h7.t13.stop_reason = aborted
h7.t13.restarts = 5338
h7.t13.nogoods_size = 16608146
h7.t13.nodes = 94938111
h7.t13.propagations = 94938111
h7.t1.stop_reason = aborted
h7.t1.restarts = 5338
h7.t1.nogoods_size = 16608146
h7.t1.nodes = 94343825
h7.t1.propagations = 94343825
h7.t15.stop_reason = aborted
h7.t15.restarts = 5338
h7.t15.nogoods_size = 16608146
h7.t15.nodes = 93751159
h7.t15.propagations = 93751159
h7.t10.stop_reason = aborted
h7.t10.restarts = 5338
h7.t10.nogoods_size = 16608146
h7.t10.nodes = 94820624
h7.t10.propagations = 94820624
h7.t14.stop_reason = aborted
h7.t14.restarts = 5338
h7.t14.nogoods_size = 16608146
h7.t14.nodes = 93614341
h7.t14.propagations = 93614341
h7.t2.stop_reason = aborted
h7.t2.restarts = 5338
h7.t2.nogoods_size = 16608146
h7.t2.nodes = 94643508
h7.t2.propagations = 94643508
h7.t4.stop_reason = aborted
h7.t4.restarts = 5338
h7.t4.nogoods_size = 16608146
h7.t4.nodes = 93892715
h7.t4.propagations = 93892715
h7.t12.stop_reason = aborted
h7.t12.restarts = 5338
h7.t12.nogoods_size = 16608146
h7.t12.nodes = 94145828
h7.t12.propagations = 94145828
h7.t8.stop_reason = aborted
h7.t8.restarts = 5338
h7.t8.nogoods_size = 16608146
h7.t8.nodes = 94245193
h7.t8.propagations = 94245193
h7.t5.stop_reason = aborted
h7.t5.restarts = 5338
h7.t5.nogoods_size = 16608146
h7.t5.nodes = 94294042
h7.t5.propagations = 94294042
h7.t3.stop_reason = aborted
h7.t3.restarts = 5338
h7.t3.nogoods_size = 16608146
h7.t3.nodes = 93619399
h7.t3.propagations = 93619399
h7.t7.stop_reason = aborted
h7.t7.restarts = 5338
h7.t7.nogoods_size = 16608146
h7.t7.nodes = 94911399
h7.t7.propagations = 94911399
h7.t16.stop_reason = aborted
h7.t16.restarts = 5338
h7.t16.nogoods_size = 16608146
h7.t16.nodes = 94606810
h7.t16.propagations = 94606810
h7.t6.stop_reason = aborted
h7.t6.restarts = 5338
h7.t6.nogoods_size = 16608146
h7.t6.nodes = 94625253
h7.t6.propagations = 94625253
h7.search_time = 1000021
h7.nodes = 1576211062
h7.propagations = 4542646640
h8.t17.stop_reason = aborted
h8.t17.restarts = 5338
h8.t17.nogoods_size = 16611589
h8.t17.nodes = 40698143
h8.t17.propagations = 40698143
h8.t0.stop_reason = aborted
h8.t0.restarts = 5338
h8.t0.nogoods_size = 16611589
h8.t0.nodes = 26337555
h8.t0.propagations = 26337555
h8.t14.stop_reason = aborted
h8.t14.restarts = 5338
h8.t14.nogoods_size = 16611589
h8.t14.nodes = 93098230
h8.t14.propagations = 93098230
h8.t5.stop_reason = aborted
h8.t5.restarts = 5338
h8.t5.nogoods_size = 16611589
h8.t5.nodes = 94403346
h8.t5.propagations = 94403346
h8.t6.stop_reason = aborted
h8.t6.restarts = 5338
h8.t6.nogoods_size = 16611589
h8.t6.nodes = 94924511
h8.t6.propagations = 94924511
h8.t13.stop_reason = aborted
h8.t13.restarts = 5338
h8.t13.nogoods_size = 16611589
h8.t13.nodes = 94135105
h8.t13.propagations = 94135105
h8.t8.stop_reason = aborted
h8.t8.restarts = 5338
h8.t8.nogoods_size = 16611589
h8.t8.nodes = 94960088
h8.t8.propagations = 94960088
h8.t1.stop_reason = aborted
h8.t1.restarts = 5338
h8.t1.nogoods_size = 16611589
h8.t1.nodes = 95453535
h8.t1.propagations = 95453535
h8.t10.stop_reason = aborted
h8.t10.restarts = 5338
h8.t10.nogoods_size = 16611589
h8.t10.nodes = 93755263
h8.t10.propagations = 93755263
h8.t11.stop_reason = aborted
h8.t11.restarts = 5338
h8.t11.nogoods_size = 16611589
h8.t11.nodes = 93306368
h8.t11.propagations = 93306368
h8.t2.stop_reason = aborted
h8.t2.restarts = 5338
h8.t2.nogoods_size = 16611589
h8.t2.nodes = 94686876
h8.t2.propagations = 94686876
h8.t7.stop_reason = aborted
h8.t7.restarts = 5338
h8.t7.nogoods_size = 16611589
h8.t7.nodes = 94492977
h8.t7.propagations = 94492977
h8.t4.stop_reason = aborted
h8.t4.restarts = 5338
h8.t4.nogoods_size = 16611589
h8.t4.nodes = 93596947
h8.t4.propagations = 93596947
h8.t16.stop_reason = aborted
h8.t16.restarts = 5338
h8.t16.nogoods_size = 16611589
h8.t16.nodes = 94615538
h8.t16.propagations = 94615538
h8.t15.stop_reason = aborted
h8.t15.restarts = 5338
h8.t15.nogoods_size = 16611589
h8.t15.nodes = 96297744
h8.t15.propagations = 96297744
h8.t12.stop_reason = aborted
h8.t12.restarts = 5338
h8.t12.nogoods_size = 16611589
h8.t12.nodes = 94185207
h8.t12.propagations = 94185207
h8.t3.stop_reason = aborted
h8.t3.restarts = 5338
h8.t3.nogoods_size = 16611589
h8.t3.nodes = 93813322
h8.t3.propagations = 93813322
h8.t9.stop_reason = aborted
h8.t9.restarts = 5338
h8.t9.nogoods_size = 16611589
h8.t9.nodes = 93976844
h8.t9.propagations = 93976844
h8.search_time = 1000022
h8.nodes = 1576737599
h8.propagations = 4544603013
h9.t4.stop_reason = aborted
h9.t4.restarts = 5338
h9.t4.nogoods_size = 16610711
h9.t4.nodes = 94754237
h9.t4.propagations = 94754237
h9.t1.stop_reason = aborted
h9.t1.restarts = 5338
h9.t1.nogoods_size = 16610711
h9.t1.nodes = 94803329
h9.t1.propagations = 94803329
h9.t8.stop_reason = aborted
h9.t8.restarts = 5338
h9.t8.nogoods_size = 16610711
h9.t8.nodes = 94674489
h9.t8.propagations = 94674489
h9.t5.stop_reason = aborted
h9.t5.restarts = 5338
h9.t5.nogoods_size = 16610711
h9.t5.nodes = 94624135
h9.t5.propagations = 94624135
h9.t9.stop_reason = aborted
h9.t9.restarts = 5338
h9.t9.nogoods_size = 16610711
h9.t9.nodes = 95348630
h9.t9.propagations = 95348630
h9.t13.stop_reason = aborted
h9.t13.restarts = 5338
h9.t13.nogoods_size = 16610711
h9.t13.nodes = 94900861
h9.t13.propagations = 94900861
h9.t11.stop_reason = aborted
h9.t11.restarts = 5338
h9.t11.nogoods_size = 16610711
h9.t11.nodes = 93674671
h9.t11.propagations = 93674671
h9.t12.stop_reason = aborted
h9.t12.restarts = 5338
h9.t12.nogoods_size = 16610711
h9.t12.nodes = 94841605
h9.t12.propagations = 94841605
h9.t10.stop_reason = aborted
h9.t10.restarts = 5338
h9.t10.nogoods_size = 16610711
h9.t10.nodes = 93633147
h9.t10.propagations = 93633147
h9.t15.stop_reason = aborted
h9.t15.restarts = 5338
h9.t15.nogoods_size = 16610711
h9.t15.nodes = 93604402
h9.t15.propagations = 93604402
h9.t14.stop_reason = aborted
h9.t14.restarts = 5338
h9.t14.nogoods_size = 16610711
h9.t14.nodes = 94977849
h9.t14.propagations = 94977849
h9.t2.stop_reason = aborted
h9.t2.restarts = 5338
h9.t2.nogoods_size = 16610711
h9.t2.nodes = 95376855
h9.t2.propagations = 95376855
h9.t0.stop_reason = aborted
h9.t0.restarts = 5338
h9.t0.nogoods_size = 16610711
h9.t0.nodes = 26568096
h9.t0.propagations = 26568096
h9.t6.stop_reason = aborted
h9.t6.restarts = 5338
h9.t6.nogoods_size = 16610711
h9.t6.nodes = 95130263
h9.t6.propagations = 95130263
h9.t7.stop_reason = aborted
h9.t7.restarts = 5338
h9.t7.nogoods_size = 16610711
h9.t7.nodes = 94991514
h9.t7.propagations = 94991514
h9.t3.stop_reason = aborted
h9.t3.restarts = 5338
h9.t3.nogoods_size = 16610711
h9.t3.nodes = 94711756
h9.t3.propagations = 94711756
h9.t16.stop_reason = aborted
h9.t16.restarts = 5338
h9.t16.nogoods_size = 16610711
h9.t16.nodes = 93910255
h9.t16.propagations = 93910255
h9.t17.stop_reason = aborted
h9.t17.restarts = 5338
h9.t17.nogoods_size = 16610711
h9.t17.nodes = 41211462
h9.t17.propagations = 41211462
h9.search_time = 1000020
h9.nodes = 1581737556
h9.propagations = 4559408213
