hostname = r1i3n10
commandline = ../glasgow/mpi_solve_subgraph_isomorphism --timeout 1000 --format lad --geometric-restarts=1.0 --restarts-constant=100000 --restart-timer=100 --triggered-restarts --threads 18 --value-ordering=random ../instances/LV/g18 ../instances/largerGraphs/g62
started_at = 2018-11-26 20:47:21
pattern_file = ../instances/LV/g18
target_file = ../instances/largerGraphs/g62
status = false
nodes = 18732345
propagations = 46569205
runtime = 834
h0.t4.stop_reason = aborted
h0.t4.restarts = 8
h0.t4.nogoods_size = 20071
h0.t4.nodes = 108963
h0.t4.propagations = 108963
h0.t9.stop_reason = aborted
h0.t9.restarts = 8
h0.t9.nogoods_size = 20071
h0.t9.nodes = 103536
h0.t9.propagations = 103536
h0.t5.stop_reason = aborted
h0.t5.restarts = 8
h0.t5.nogoods_size = 20071
h0.t5.nodes = 115751
h0.t5.propagations = 115751
h0.t1.stop_reason = aborted
h0.t1.restarts = 8
h0.t1.nogoods_size = 20071
h0.t1.nodes = 111205
h0.t1.propagations = 111205
h0.t13.stop_reason = aborted
h0.t13.restarts = 8
h0.t13.nogoods_size = 20071
h0.t13.nodes = 109112
h0.t13.propagations = 109112
h0.t15.stop_reason = aborted
h0.t15.restarts = 8
h0.t15.nogoods_size = 20071
h0.t15.nodes = 111829
h0.t15.propagations = 111829
h0.t6.stop_reason = aborted
h0.t6.restarts = 8
h0.t6.nogoods_size = 20071
h0.t6.nodes = 109125
h0.t6.propagations = 109125
h0.t14.stop_reason = aborted
h0.t14.restarts = 8
h0.t14.nogoods_size = 20071
h0.t14.nodes = 107004
h0.t14.propagations = 107004
h0.t11.stop_reason = aborted
h0.t11.restarts = 8
h0.t11.nogoods_size = 20071
h0.t11.nodes = 108642
h0.t11.propagations = 108642
h0.t16.stop_reason = aborted
h0.t16.restarts = 8
h0.t16.nogoods_size = 20071
h0.t16.nodes = 111092
h0.t16.propagations = 111092
h0.t17.stop_reason = aborted
h0.t17.restarts = 8
h0.t17.nogoods_size = 20071
h0.t17.nodes = 62764
h0.t17.propagations = 62764
h0.t8.stop_reason = aborted
h0.t8.restarts = 8
h0.t8.nogoods_size = 20071
h0.t8.nodes = 102058
h0.t8.propagations = 102058
h0.t0.stop_reason = unsatisfiable
h0.t0.restarts = 8
h0.t0.nogoods_size = 20071
h0.t0.nodes = 53584
h0.t0.propagations = 53584
h0.t7.stop_reason = aborted
h0.t7.restarts = 8
h0.t7.nogoods_size = 20071
h0.t7.nodes = 108304
h0.t7.propagations = 108304
h0.t10.stop_reason = aborted
h0.t10.restarts = 8
h0.t10.nogoods_size = 20071
h0.t10.nodes = 111778
h0.t10.propagations = 111778
h0.t12.stop_reason = aborted
h0.t12.restarts = 8
h0.t12.nogoods_size = 20071
h0.t12.nodes = 113018
h0.t12.propagations = 113018
h0.t3.stop_reason = aborted
h0.t3.restarts = 8
h0.t3.nogoods_size = 20071
h0.t3.nodes = 112032
h0.t3.propagations = 112032
h0.t2.stop_reason = aborted
h0.t2.restarts = 8
h0.t2.nogoods_size = 20071
h0.t2.nodes = 111833
h0.t2.propagations = 111833
h0.search_time = 764
h0.nodes = 1871630
h0.propagations = 4659448
h1.t1.stop_reason = aborted
h1.t1.restarts = 8
h1.t1.nogoods_size = 20077
h1.t1.nodes = 105073
h1.t1.propagations = 105073
h1.t16.stop_reason = aborted
h1.t16.restarts = 8
h1.t16.nogoods_size = 20077
h1.t16.nodes = 110000
h1.t16.propagations = 110000
h1.t3.stop_reason = aborted
h1.t3.restarts = 8
h1.t3.nogoods_size = 20077
h1.t3.nodes = 110559
h1.t3.propagations = 110559
h1.t10.stop_reason = aborted
h1.t10.restarts = 8
h1.t10.nogoods_size = 20077
h1.t10.nodes = 104532
h1.t10.propagations = 104532
h1.t15.stop_reason = aborted
h1.t15.restarts = 8
h1.t15.nogoods_size = 20077
h1.t15.nodes = 106715
h1.t15.propagations = 106715
h1.t9.stop_reason = aborted
h1.t9.restarts = 8
h1.t9.nogoods_size = 20077
h1.t9.nodes = 115209
h1.t9.propagations = 115209
h1.t7.stop_reason = aborted
h1.t7.restarts = 8
h1.t7.nogoods_size = 20077
h1.t7.nodes = 108414
h1.t7.propagations = 108414
h1.t6.stop_reason = aborted
h1.t6.restarts = 8
h1.t6.nogoods_size = 20077
h1.t6.nodes = 108648
h1.t6.propagations = 108648
h1.t4.stop_reason = aborted
h1.t4.restarts = 8
h1.t4.nogoods_size = 20077
h1.t4.nodes = 112071
h1.t4.propagations = 112071
h1.t12.stop_reason = aborted
h1.t12.restarts = 8
h1.t12.nogoods_size = 20077
h1.t12.nodes = 104959
h1.t12.propagations = 104959
h1.t2.stop_reason = aborted
h1.t2.restarts = 8
h1.t2.nogoods_size = 20077
h1.t2.nodes = 108976
h1.t2.propagations = 108976
h1.t14.stop_reason = aborted
h1.t14.restarts = 8
h1.t14.nogoods_size = 20077
h1.t14.nodes = 104545
h1.t14.propagations = 104545
h1.t13.stop_reason = aborted
h1.t13.restarts = 8
h1.t13.nogoods_size = 20077
h1.t13.nodes = 111679
h1.t13.propagations = 111679
h1.t8.stop_reason = aborted
h1.t8.restarts = 8
h1.t8.nogoods_size = 20077
h1.t8.nodes = 114389
h1.t8.propagations = 114389
h1.t5.stop_reason = aborted
h1.t5.restarts = 8
h1.t5.nogoods_size = 20077
h1.t5.nodes = 107667
h1.t5.propagations = 107667
h1.t11.stop_reason = aborted
h1.t11.restarts = 8
h1.t11.nogoods_size = 20077
h1.t11.nodes = 111929
h1.t11.propagations = 111929
h1.t17.stop_reason = aborted
h1.t17.restarts = 8
h1.t17.nogoods_size = 20077
h1.t17.nodes = 67133
h1.t17.propagations = 67133
h1.t0.stop_reason = unsatisfiable
h1.t0.restarts = 8
h1.t0.nogoods_size = 20077
h1.t0.nodes = 59464
h1.t0.propagations = 59464
h1.search_time = 760
h1.nodes = 1871962
h1.propagations = 4656962
h2.t2.stop_reason = aborted
h2.t2.restarts = 8
h2.t2.nogoods_size = 20082
h2.t2.nodes = 111741
h2.t2.propagations = 111741
h2.t15.stop_reason = aborted
h2.t15.restarts = 8
h2.t15.nogoods_size = 20082
h2.t15.nodes = 110555
h2.t15.propagations = 110555
h2.t6.stop_reason = aborted
h2.t6.restarts = 8
h2.t6.nogoods_size = 20082
h2.t6.nodes = 103253
h2.t6.propagations = 103253
h2.t4.stop_reason = aborted
h2.t4.restarts = 8
h2.t4.nogoods_size = 20082
h2.t4.nodes = 105033
h2.t4.propagations = 105033
h2.t16.stop_reason = aborted
h2.t16.restarts = 8
h2.t16.nogoods_size = 20082
h2.t16.nodes = 106246
h2.t16.propagations = 106246
h2.t3.stop_reason = aborted
h2.t3.restarts = 8
h2.t3.nogoods_size = 20082
h2.t3.nodes = 111134
h2.t3.propagations = 111134
h2.t1.stop_reason = aborted
h2.t1.restarts = 8
h2.t1.nogoods_size = 20082
h2.t1.nodes = 105567
h2.t1.propagations = 105567
h2.t5.stop_reason = aborted
h2.t5.restarts = 8
h2.t5.nogoods_size = 20082
h2.t5.nodes = 102844
h2.t5.propagations = 102844
h2.t13.stop_reason = aborted
h2.t13.restarts = 8
h2.t13.nogoods_size = 20082
h2.t13.nodes = 105259
h2.t13.propagations = 105259
h2.t12.stop_reason = aborted
h2.t12.restarts = 8
h2.t12.nogoods_size = 20082
h2.t12.nodes = 109546
h2.t12.propagations = 109546
h2.t9.stop_reason = aborted
h2.t9.restarts = 8
h2.t9.nogoods_size = 20082
h2.t9.nodes = 105757
h2.t9.propagations = 105757
h2.t11.stop_reason = aborted
h2.t11.restarts = 8
h2.t11.nogoods_size = 20082
h2.t11.nodes = 104283
h2.t11.propagations = 104283
h2.t7.stop_reason = aborted
h2.t7.restarts = 8
h2.t7.nogoods_size = 20082
h2.t7.nodes = 108488
h2.t7.propagations = 108488
h2.t0.stop_reason = unsatisfiable
h2.t0.restarts = 8
h2.t0.nogoods_size = 20082
h2.t0.nodes = 54741
h2.t0.propagations = 54741
h2.t14.stop_reason = aborted
h2.t14.restarts = 8
h2.t14.nogoods_size = 20082
h2.t14.nodes = 111523
h2.t14.propagations = 111523
h2.t17.stop_reason = aborted
h2.t17.restarts = 8
h2.t17.nogoods_size = 20082
h2.t17.nodes = 63895
h2.t17.propagations = 63895
h2.t8.stop_reason = aborted
h2.t8.restarts = 8
h2.t8.nogoods_size = 20082
h2.t8.nodes = 110732
h2.t8.propagations = 110732
h2.t10.stop_reason = aborted
h2.t10.restarts = 8
h2.t10.nogoods_size = 20082
h2.t10.nodes = 108754
h2.t10.propagations = 108754
h2.search_time = 766
h2.nodes = 1839351
h2.propagations = 4562337
h3.t9.stop_reason = aborted
h3.t9.restarts = 8
h3.t9.nogoods_size = 20060
h3.t9.nodes = 114868
h3.t9.propagations = 114868
h3.t3.stop_reason = aborted
h3.t3.restarts = 8
h3.t3.nogoods_size = 20060
h3.t3.nodes = 114184
h3.t3.propagations = 114184
h3.t15.stop_reason = aborted
h3.t15.restarts = 8
h3.t15.nogoods_size = 20060
h3.t15.nodes = 112103
h3.t15.propagations = 112103
h3.t14.stop_reason = aborted
h3.t14.restarts = 8
h3.t14.nogoods_size = 20060
h3.t14.nodes = 108145
h3.t14.propagations = 108145
h3.t2.stop_reason = aborted
h3.t2.restarts = 8
h3.t2.nogoods_size = 20060
h3.t2.nodes = 117263
h3.t2.propagations = 117263
h3.t1.stop_reason = aborted
h3.t1.restarts = 8
h3.t1.nogoods_size = 20060
h3.t1.nodes = 113418
h3.t1.propagations = 113418
h3.t5.stop_reason = aborted
h3.t5.restarts = 8
h3.t5.nogoods_size = 20060
h3.t5.nodes = 114996
h3.t5.propagations = 114996
h3.t11.stop_reason = aborted
h3.t11.restarts = 8
h3.t11.nogoods_size = 20060
h3.t11.nodes = 105959
h3.t11.propagations = 105959
h3.t16.stop_reason = aborted
h3.t16.restarts = 8
h3.t16.nogoods_size = 20060
h3.t16.nodes = 108886
h3.t16.propagations = 108886
h3.t8.stop_reason = aborted
h3.t8.restarts = 8
h3.t8.nogoods_size = 20060
h3.t8.nodes = 115156
h3.t8.propagations = 115156
h3.t12.stop_reason = aborted
h3.t12.restarts = 8
h3.t12.nogoods_size = 20060
h3.t12.nodes = 113635
h3.t12.propagations = 113635
h3.t4.stop_reason = aborted
h3.t4.restarts = 8
h3.t4.nogoods_size = 20060
h3.t4.nodes = 113272
h3.t4.propagations = 113272
h3.t10.stop_reason = aborted
h3.t10.restarts = 8
h3.t10.nogoods_size = 20060
h3.t10.nodes = 105156
h3.t10.propagations = 105156
h3.t6.stop_reason = aborted
h3.t6.restarts = 8
h3.t6.nogoods_size = 20060
h3.t6.nodes = 111538
h3.t6.propagations = 111538
h3.t7.stop_reason = aborted
h3.t7.restarts = 8
h3.t7.nogoods_size = 20060
h3.t7.nodes = 113089
h3.t7.propagations = 113089
h3.t17.stop_reason = aborted
h3.t17.restarts = 8
h3.t17.nogoods_size = 20060
h3.t17.nodes = 63316
h3.t17.propagations = 63316
h3.t13.stop_reason = aborted
h3.t13.restarts = 8
h3.t13.nogoods_size = 20060
h3.t13.nodes = 109189
h3.t13.propagations = 109189
h3.t0.stop_reason = unsatisfiable
h3.t0.restarts = 8
h3.t0.nogoods_size = 20060
h3.t0.nodes = 56235
h3.t0.propagations = 56235
h3.search_time = 762
h3.nodes = 1910408
h3.propagations = 4743102
h4.t7.stop_reason = aborted
h4.t7.restarts = 8
h4.t7.nogoods_size = 20089
h4.t7.nodes = 99671
h4.t7.propagations = 99671
h4.t8.stop_reason = aborted
h4.t8.restarts = 8
h4.t8.nogoods_size = 20089
h4.t8.nodes = 107741
h4.t8.propagations = 107741
h4.t6.stop_reason = aborted
h4.t6.restarts = 8
h4.t6.nogoods_size = 20089
h4.t6.nodes = 100930
h4.t6.propagations = 100930
h4.t15.stop_reason = aborted
h4.t15.restarts = 8
h4.t15.nogoods_size = 20089
h4.t15.nodes = 105498
h4.t15.propagations = 105498
h4.t13.stop_reason = aborted
h4.t13.restarts = 8
h4.t13.nogoods_size = 20089
h4.t13.nodes = 107574
h4.t13.propagations = 107574
h4.t9.stop_reason = aborted
h4.t9.restarts = 8
h4.t9.nogoods_size = 20089
h4.t9.nodes = 92475
h4.t9.propagations = 92475
h4.t3.stop_reason = aborted
h4.t3.restarts = 8
h4.t3.nogoods_size = 20089
h4.t3.nodes = 102099
h4.t3.propagations = 102099
h4.t4.stop_reason = aborted
h4.t4.restarts = 8
h4.t4.nogoods_size = 20089
h4.t4.nodes = 101041
h4.t4.propagations = 101041
h4.t10.stop_reason = aborted
h4.t10.restarts = 8
h4.t10.nogoods_size = 20089
h4.t10.nodes = 107415
h4.t10.propagations = 107415
h4.t11.stop_reason = aborted
h4.t11.restarts = 8
h4.t11.nogoods_size = 20089
h4.t11.nodes = 106659
h4.t11.propagations = 106659
h4.t12.stop_reason = unsatisfiable
h4.t12.restarts = 8
h4.t12.nogoods_size = 20089
h4.t12.nodes = 106028
h4.t12.propagations = 106028
h4.t1.stop_reason = aborted
h4.t1.restarts = 8
h4.t1.nogoods_size = 20089
h4.t1.nodes = 106562
h4.t1.propagations = 106562
h4.t5.stop_reason = aborted
h4.t5.restarts = 8
h4.t5.nogoods_size = 20089
h4.t5.nodes = 103699
h4.t5.propagations = 103699
h4.t16.stop_reason = aborted
h4.t16.restarts = 8
h4.t16.nogoods_size = 20089
h4.t16.nodes = 107035
h4.t16.propagations = 107035
h4.t2.stop_reason = aborted
h4.t2.restarts = 8
h4.t2.nogoods_size = 20089
h4.t2.nodes = 107925
h4.t2.propagations = 107925
h4.t17.stop_reason = aborted
h4.t17.restarts = 8
h4.t17.nogoods_size = 20089
h4.t17.nodes = 61581
h4.t17.propagations = 61581
h4.t14.stop_reason = aborted
h4.t14.restarts = 8
h4.t14.nogoods_size = 20089
h4.t14.nodes = 102664
h4.t14.propagations = 102664
h4.t0.stop_reason = unsatisfiable
h4.t0.restarts = 8
h4.t0.nogoods_size = 20089
h4.t0.nodes = 55148
h4.t0.propagations = 55148
h4.search_time = 762
h4.nodes = 1781745
h4.propagations = 4435226
h5.t2.stop_reason = aborted
h5.t2.restarts = 8
h5.t2.nogoods_size = 20183
h5.t2.nodes = 103955
h5.t2.propagations = 103955
h5.t3.stop_reason = aborted
h5.t3.restarts = 8
h5.t3.nogoods_size = 20183
h5.t3.nodes = 100239
h5.t3.propagations = 100239
h5.t12.stop_reason = aborted
h5.t12.restarts = 8
h5.t12.nogoods_size = 20183
h5.t12.nodes = 109163
h5.t12.propagations = 109163
h5.t7.stop_reason = aborted
h5.t7.restarts = 8
h5.t7.nogoods_size = 20183
h5.t7.nodes = 102113
h5.t7.propagations = 102113
h5.t6.stop_reason = aborted
h5.t6.restarts = 8
h5.t6.nogoods_size = 20183
h5.t6.nodes = 103406
h5.t6.propagations = 103406
h5.t5.stop_reason = aborted
h5.t5.restarts = 8
h5.t5.nogoods_size = 20183
h5.t5.nodes = 107798
h5.t5.propagations = 107798
h5.t15.stop_reason = aborted
h5.t15.restarts = 8
h5.t15.nogoods_size = 20183
h5.t15.nodes = 102218
h5.t15.propagations = 102218
h5.t10.stop_reason = aborted
h5.t10.restarts = 8
h5.t10.nogoods_size = 20183
h5.t10.nodes = 110105
h5.t10.propagations = 110105
h5.t1.stop_reason = aborted
h5.t1.restarts = 8
h5.t1.nogoods_size = 20183
h5.t1.nodes = 111108
h5.t1.propagations = 111108
h5.t13.stop_reason = aborted
h5.t13.restarts = 8
h5.t13.nogoods_size = 20183
h5.t13.nodes = 96772
h5.t13.propagations = 96772
h5.t14.stop_reason = aborted
h5.t14.restarts = 8
h5.t14.nogoods_size = 20183
h5.t14.nodes = 94164
h5.t14.propagations = 94164
h5.t16.stop_reason = aborted
h5.t16.restarts = 8
h5.t16.nogoods_size = 20183
h5.t16.nodes = 106830
h5.t16.propagations = 106830
h5.t0.stop_reason = unsatisfiable
h5.t0.restarts = 8
h5.t0.nogoods_size = 20183
h5.t0.nodes = 52925
h5.t0.propagations = 52925
h5.t4.stop_reason = aborted
h5.t4.restarts = 8
h5.t4.nogoods_size = 20183
h5.t4.nodes = 108573
h5.t4.propagations = 108573
h5.t8.stop_reason = aborted
h5.t8.restarts = 8
h5.t8.nogoods_size = 20183
h5.t8.nodes = 95346
h5.t8.propagations = 95346
h5.t17.stop_reason = aborted
h5.t17.restarts = 8
h5.t17.nogoods_size = 20183
h5.t17.nodes = 62899
h5.t17.propagations = 62899
h5.t11.stop_reason = aborted
h5.t11.restarts = 8
h5.t11.nogoods_size = 20183
h5.t11.nodes = 111017
h5.t11.propagations = 111017
h5.t9.stop_reason = aborted
h5.t9.restarts = 8
h5.t9.nogoods_size = 20183
h5.t9.nodes = 108850
h5.t9.propagations = 108850
h5.search_time = 764
h5.nodes = 1787481
h5.propagations = 4437480
h6.t2.stop_reason = aborted
h6.t2.restarts = 8
h6.t2.nogoods_size = 19999
h6.t2.nodes = 99495
h6.t2.propagations = 99495
h6.t15.stop_reason = aborted
h6.t15.restarts = 8
h6.t15.nogoods_size = 19999
h6.t15.nodes = 116141
h6.t15.propagations = 116141
h6.t17.stop_reason = aborted
h6.t17.restarts = 8
h6.t17.nogoods_size = 19999
h6.t17.nodes = 61971
h6.t17.propagations = 61971
h6.t13.stop_reason = aborted
h6.t13.restarts = 8
h6.t13.nogoods_size = 19999
h6.t13.nodes = 106724
h6.t13.propagations = 106724
h6.t16.stop_reason = aborted
h6.t16.restarts = 8
h6.t16.nogoods_size = 19999
h6.t16.nodes = 112405
h6.t16.propagations = 112405
h6.t8.stop_reason = aborted
h6.t8.restarts = 8
h6.t8.nogoods_size = 19999
h6.t8.nodes = 106466
h6.t8.propagations = 106466
h6.t9.stop_reason = aborted
h6.t9.restarts = 8
h6.t9.nogoods_size = 19999
h6.t9.nodes = 107239
h6.t9.propagations = 107239
h6.t7.stop_reason = aborted
h6.t7.restarts = 8
h6.t7.nogoods_size = 19999
h6.t7.nodes = 98471
h6.t7.propagations = 98471
h6.t14.stop_reason = aborted
h6.t14.restarts = 8
h6.t14.nogoods_size = 19999
h6.t14.nodes = 115907
h6.t14.propagations = 115907
h6.t3.stop_reason = aborted
h6.t3.restarts = 8
h6.t3.nogoods_size = 19999
h6.t3.nodes = 111581
h6.t3.propagations = 111581
h6.t5.stop_reason = aborted
h6.t5.restarts = 8
h6.t5.nogoods_size = 19999
h6.t5.nodes = 114170
h6.t5.propagations = 114170
h6.t1.stop_reason = aborted
h6.t1.restarts = 8
h6.t1.nogoods_size = 19999
h6.t1.nodes = 105536
h6.t1.propagations = 105536
h6.t10.stop_reason = aborted
h6.t10.restarts = 8
h6.t10.nogoods_size = 19999
h6.t10.nodes = 102425
h6.t10.propagations = 102425
h6.t12.stop_reason = aborted
h6.t12.restarts = 8
h6.t12.nogoods_size = 19999
h6.t12.nodes = 116067
h6.t12.propagations = 116067
h6.t4.stop_reason = aborted
h6.t4.restarts = 8
h6.t4.nogoods_size = 19999
h6.t4.nodes = 99952
h6.t4.propagations = 99952
h6.t11.stop_reason = aborted
h6.t11.restarts = 8
h6.t11.nogoods_size = 19999
h6.t11.nodes = 106199
h6.t11.propagations = 106199
h6.t6.stop_reason = aborted
h6.t6.restarts = 8
h6.t6.nogoods_size = 19999
h6.t6.nodes = 113288
h6.t6.propagations = 113288
h6.t0.stop_reason = unsatisfiable
h6.t0.restarts = 8
h6.t0.nogoods_size = 19999
h6.t0.nodes = 53868
h6.t0.propagations = 53868
h6.search_time = 766
h6.nodes = 1847905
h6.propagations = 4600475
h7.t7.stop_reason = aborted
h7.t7.restarts = 8
h7.t7.nogoods_size = 19970
h7.t7.nodes = 106130
h7.t7.propagations = 106130
h7.t9.stop_reason = aborted
h7.t9.restarts = 8
h7.t9.nogoods_size = 19970
h7.t9.nodes = 110142
h7.t9.propagations = 110142
h7.t2.stop_reason = aborted
h7.t2.restarts = 8
h7.t2.nogoods_size = 19970
h7.t2.nodes = 102545
h7.t2.propagations = 102545
h7.t15.stop_reason = aborted
h7.t15.restarts = 8
h7.t15.nogoods_size = 19970
h7.t15.nodes = 107962
h7.t15.propagations = 107962
h7.t14.stop_reason = aborted
h7.t14.restarts = 8
h7.t14.nogoods_size = 19970
h7.t14.nodes = 102234
h7.t14.propagations = 102234
h7.t13.stop_reason = aborted
h7.t13.restarts = 8
h7.t13.nogoods_size = 19970
h7.t13.nodes = 109191
h7.t13.propagations = 109191
h7.t8.stop_reason = aborted
h7.t8.restarts = 8
h7.t8.nogoods_size = 19970
h7.t8.nodes = 112007
h7.t8.propagations = 112007
h7.t4.stop_reason = aborted
h7.t4.restarts = 8
h7.t4.nogoods_size = 19970
h7.t4.nodes = 104955
h7.t4.propagations = 104955
h7.t5.stop_reason = aborted
h7.t5.restarts = 8
h7.t5.nogoods_size = 19970
h7.t5.nodes = 103562
h7.t5.propagations = 103562
h7.t3.stop_reason = aborted
h7.t3.restarts = 8
h7.t3.nogoods_size = 19970
h7.t3.nodes = 105047
h7.t3.propagations = 105047
h7.t0.stop_reason = unsatisfiable
h7.t0.restarts = 8
h7.t0.nogoods_size = 19970
h7.t0.nodes = 55432
h7.t0.propagations = 55432
h7.t16.stop_reason = aborted
h7.t16.restarts = 8
h7.t16.nogoods_size = 19970
h7.t16.nodes = 111130
h7.t16.propagations = 111130
h7.t6.stop_reason = aborted
h7.t6.restarts = 8
h7.t6.nogoods_size = 19970
h7.t6.nodes = 113631
h7.t6.propagations = 113631
h7.t17.stop_reason = aborted
h7.t17.restarts = 8
h7.t17.nogoods_size = 19970
h7.t17.nodes = 62854
h7.t17.propagations = 62854
h7.t12.stop_reason = aborted
h7.t12.restarts = 8
h7.t12.nogoods_size = 19970
h7.t12.nodes = 108781
h7.t12.propagations = 108781
h7.t10.stop_reason = aborted
h7.t10.restarts = 8
h7.t10.nogoods_size = 19970
h7.t10.nodes = 94211
h7.t10.propagations = 94211
h7.t11.stop_reason = aborted
h7.t11.restarts = 8
h7.t11.nogoods_size = 19970
h7.t11.nodes = 111064
h7.t11.propagations = 111064
h7.t1.stop_reason = aborted
h7.t1.restarts = 8
h7.t1.nogoods_size = 19970
h7.t1.nodes = 110506
h7.t1.propagations = 110506
h7.search_time = 765
h7.nodes = 1831384
h7.propagations = 4540864
h8.t6.stop_reason = aborted
h8.t6.restarts = 8
h8.t6.nogoods_size = 20011
h8.t6.nodes = 114725
h8.t6.propagations = 114725
h8.t8.stop_reason = aborted
h8.t8.restarts = 8
h8.t8.nogoods_size = 20011
h8.t8.nodes = 114238
h8.t8.propagations = 114238
h8.t11.stop_reason = aborted
h8.t11.restarts = 8
h8.t11.nogoods_size = 20011
h8.t11.nodes = 113908
h8.t11.propagations = 113908
h8.t5.stop_reason = aborted
h8.t5.restarts = 8
h8.t5.nogoods_size = 20011
h8.t5.nodes = 113003
h8.t5.propagations = 113003
h8.t1.stop_reason = aborted
h8.t1.restarts = 8
h8.t1.nogoods_size = 20011
h8.t1.nodes = 114293
h8.t1.propagations = 114293
h8.t9.stop_reason = aborted
h8.t9.restarts = 8
h8.t9.nogoods_size = 20011
h8.t9.nodes = 114804
h8.t9.propagations = 114804
h8.t13.stop_reason = aborted
h8.t13.restarts = 8
h8.t13.nogoods_size = 20011
h8.t13.nodes = 112501
h8.t13.propagations = 112501
h8.t3.stop_reason = aborted
h8.t3.restarts = 8
h8.t3.nogoods_size = 20011
h8.t3.nodes = 112925
h8.t3.propagations = 112925
h8.t16.stop_reason = aborted
h8.t16.restarts = 8
h8.t16.nogoods_size = 20011
h8.t16.nodes = 113230
h8.t16.propagations = 113230
h8.t7.stop_reason = aborted
h8.t7.restarts = 8
h8.t7.nogoods_size = 20011
h8.t7.nodes = 113694
h8.t7.propagations = 113694
h8.t17.stop_reason = aborted
h8.t17.restarts = 8
h8.t17.nogoods_size = 20011
h8.t17.nodes = 65802
h8.t17.propagations = 65802
h8.t15.stop_reason = aborted
h8.t15.restarts = 8
h8.t15.nogoods_size = 20011
h8.t15.nodes = 112990
h8.t15.propagations = 112990
h8.t10.stop_reason = aborted
h8.t10.restarts = 8
h8.t10.nogoods_size = 20011
h8.t10.nodes = 111994
h8.t10.propagations = 111994
h8.t4.stop_reason = aborted
h8.t4.restarts = 8
h8.t4.nogoods_size = 20011
h8.t4.nodes = 113923
h8.t4.propagations = 113923
h8.t2.stop_reason = aborted
h8.t2.restarts = 8
h8.t2.nogoods_size = 20011
h8.t2.nodes = 112268
h8.t2.propagations = 112268
h8.t14.stop_reason = aborted
h8.t14.restarts = 8
h8.t14.nogoods_size = 20011
h8.t14.nodes = 112862
h8.t14.propagations = 112862
h8.t0.stop_reason = unsatisfiable
h8.t0.restarts = 8
h8.t0.nogoods_size = 20011
h8.t0.nodes = 56974
h8.t0.propagations = 56974
h8.t12.stop_reason = aborted
h8.t12.restarts = 8
h8.t12.nogoods_size = 20011
h8.t12.nodes = 115082
h8.t12.propagations = 115082
h8.search_time = 795
h8.nodes = 1939216
h8.propagations = 4825396
h9.t12.stop_reason = aborted
h9.t12.restarts = 8
h9.t12.nogoods_size = 20119
h9.t12.nodes = 120706
h9.t12.propagations = 120706
h9.t15.stop_reason = aborted
h9.t15.restarts = 8
h9.t15.nogoods_size = 20119
h9.t15.nodes = 123106
h9.t15.propagations = 123106
h9.t7.stop_reason = aborted
h9.t7.restarts = 8
h9.t7.nogoods_size = 20119
h9.t7.nodes = 120336
h9.t7.propagations = 120336
h9.t16.stop_reason = aborted
h9.t16.restarts = 8
h9.t16.nogoods_size = 20119
h9.t16.nodes = 119558
h9.t16.propagations = 119558
h9.t14.stop_reason = aborted
h9.t14.restarts = 8
h9.t14.nogoods_size = 20119
h9.t14.nodes = 121125
h9.t14.propagations = 121125
h9.t1.stop_reason = aborted
h9.t1.restarts = 8
h9.t1.nogoods_size = 20119
h9.t1.nodes = 120278
h9.t1.propagations = 120278
h9.t5.stop_reason = aborted
h9.t5.restarts = 8
h9.t5.nogoods_size = 20119
h9.t5.nodes = 117790
h9.t5.propagations = 117790
h9.t3.stop_reason = aborted
h9.t3.restarts = 8
h9.t3.nogoods_size = 20119
h9.t3.nodes = 121114
h9.t3.propagations = 121114
h9.t9.stop_reason = aborted
h9.t9.restarts = 8
h9.t9.nogoods_size = 20119
h9.t9.nodes = 118125
h9.t9.propagations = 118125
h9.t4.stop_reason = aborted
h9.t4.restarts = 8
h9.t4.nogoods_size = 20119
h9.t4.nodes = 119059
h9.t4.propagations = 119059
h9.t13.stop_reason = aborted
h9.t13.restarts = 8
h9.t13.nogoods_size = 20119
h9.t13.nodes = 121613
h9.t13.propagations = 121613
h9.t8.stop_reason = aborted
h9.t8.restarts = 8
h9.t8.nogoods_size = 20119
h9.t8.nodes = 119272
h9.t8.propagations = 119272
h9.t10.stop_reason = aborted
h9.t10.restarts = 8
h9.t10.nogoods_size = 20119
h9.t10.nodes = 118974
h9.t10.propagations = 118974
h9.t11.stop_reason = aborted
h9.t11.restarts = 8
h9.t11.nogoods_size = 20119
h9.t11.nodes = 120341
h9.t11.propagations = 120341
h9.t2.stop_reason = aborted
h9.t2.restarts = 8
h9.t2.nogoods_size = 20119
h9.t2.nodes = 119778
h9.t2.propagations = 119778
h9.t17.stop_reason = aborted
h9.t17.restarts = 8
h9.t17.nogoods_size = 20119
h9.t17.nodes = 67276
h9.t17.propagations = 67276
h9.t0.stop_reason = unsatisfiable
h9.t0.restarts = 8
h9.t0.nogoods_size = 20119
h9.t0.nodes = 60955
h9.t0.propagations = 60955
h9.t6.stop_reason = aborted
h9.t6.restarts = 8
h9.t6.nogoods_size = 20119
h9.t6.nodes = 121857
h9.t6.propagations = 121857
h9.search_time = 795
h9.nodes = 2051263
h9.propagations = 5107915
