hostname = r1i2n22
commandline = ../glasgow/mpi_solve_subgraph_isomorphism --timeout 1000 --format lad --geometric-restarts=1.0 --restarts-constant=100000 --restart-timer=100 --triggered-restarts --threads 18 --value-ordering=random ../instances/LV/g22 ../instances/LV/g49
started_at = 2018-11-26 23:34:41
pattern_file = ../instances/LV/g22
target_file = ../instances/LV/g49
status = aborted
nodes = 11670604659
propagations = 33607432012
runtime = 1039910
h0.t9.stop_reason = aborted
h0.t9.restarts = 3216
h0.t9.nogoods_size = 8944411
h0.t9.nodes = 76345889
h0.t9.propagations = 76345889
h0.t3.stop_reason = aborted
h0.t3.restarts = 3216
h0.t3.nogoods_size = 8944411
h0.t3.nodes = 76399001
h0.t3.propagations = 76399001
h0.t17.stop_reason = aborted
h0.t17.restarts = 3216
h0.t17.nogoods_size = 8944411
h0.t17.nodes = 19210015
h0.t17.propagations = 19210015
h0.t13.stop_reason = aborted
h0.t13.restarts = 3216
h0.t13.nogoods_size = 8944411
h0.t13.nodes = 76666714
h0.t13.propagations = 76666714
h0.t15.stop_reason = aborted
h0.t15.restarts = 3216
h0.t15.nogoods_size = 8944411
h0.t15.nodes = 75975159
h0.t15.propagations = 75975159
h0.t8.stop_reason = aborted
h0.t8.restarts = 3216
h0.t8.nogoods_size = 8944411
h0.t8.nodes = 76932695
h0.t8.propagations = 76932695
h0.t6.stop_reason = aborted
h0.t6.restarts = 3216
h0.t6.nogoods_size = 8944411
h0.t6.nodes = 77209044
h0.t6.propagations = 77209044
h0.t7.stop_reason = aborted
h0.t7.restarts = 3216
h0.t7.nogoods_size = 8944411
h0.t7.nodes = 77871647
h0.t7.propagations = 77871647
h0.t5.stop_reason = aborted
h0.t5.restarts = 3216
h0.t5.nogoods_size = 8944411
h0.t5.nodes = 76947769
h0.t5.propagations = 76947769
h0.t12.stop_reason = aborted
h0.t12.restarts = 3216
h0.t12.nogoods_size = 8944411
h0.t12.nodes = 75664338
h0.t12.propagations = 75664338
h0.t14.stop_reason = aborted
h0.t14.restarts = 3216
h0.t14.nogoods_size = 8944411
h0.t14.nodes = 74879431
h0.t14.propagations = 74879431
h0.t1.stop_reason = aborted
h0.t1.restarts = 3216
h0.t1.nogoods_size = 8944411
h0.t1.nodes = 78828418
h0.t1.propagations = 78828418
h0.t16.stop_reason = aborted
h0.t16.restarts = 3216
h0.t16.nogoods_size = 8944411
h0.t16.nodes = 77081860
h0.t16.propagations = 77081860
h0.t10.stop_reason = aborted
h0.t10.restarts = 3216
h0.t10.nogoods_size = 8944411
h0.t10.nodes = 75044964
h0.t10.propagations = 75044964
h0.t11.stop_reason = aborted
h0.t11.restarts = 3216
h0.t11.nogoods_size = 8944411
h0.t11.nodes = 76094305
h0.t11.propagations = 76094305
h0.t0.stop_reason = aborted
h0.t0.restarts = 3216
h0.t0.nogoods_size = 8944411
h0.t0.nodes = 9076151
h0.t0.propagations = 9076151
h0.t2.stop_reason = aborted
h0.t2.restarts = 3216
h0.t2.nogoods_size = 8944411
h0.t2.nodes = 77635497
h0.t2.propagations = 77635497
h0.t4.stop_reason = aborted
h0.t4.restarts = 3216
h0.t4.nogoods_size = 8944411
h0.t4.nodes = 76103596
h0.t4.propagations = 76103596
h0.search_time = 1000019
h0.nodes = 1253966493
h0.propagations = 3611685672
h1.t6.stop_reason = aborted
h1.t6.restarts = 3216
h1.t6.nogoods_size = 8932835
h1.t6.nodes = 76598712
h1.t6.propagations = 76598712
h1.t15.stop_reason = aborted
h1.t15.restarts = 3216
h1.t15.nogoods_size = 8932835
h1.t15.nodes = 74062762
h1.t15.propagations = 74062762
h1.t12.stop_reason = aborted
h1.t12.restarts = 3216
h1.t12.nogoods_size = 8932835
h1.t12.nodes = 76314672
h1.t12.propagations = 76314672
h1.t8.stop_reason = aborted
h1.t8.restarts = 3216
h1.t8.nogoods_size = 8932835
h1.t8.nodes = 76001510
h1.t8.propagations = 76001510
h1.t0.stop_reason = aborted
h1.t0.restarts = 3216
h1.t0.nogoods_size = 8932835
h1.t0.nodes = 8864661
h1.t0.propagations = 8864661
h1.t14.stop_reason = aborted
h1.t14.restarts = 3216
h1.t14.nogoods_size = 8932835
h1.t14.nodes = 76702646
h1.t14.propagations = 76702646
h1.t16.stop_reason = aborted
h1.t16.restarts = 3216
h1.t16.nogoods_size = 8932835
h1.t16.nodes = 75769672
h1.t16.propagations = 75769672
h1.t1.stop_reason = aborted
h1.t1.restarts = 3216
h1.t1.nogoods_size = 8932835
h1.t1.nodes = 75123779
h1.t1.propagations = 75123779
h1.t7.stop_reason = aborted
h1.t7.restarts = 3216
h1.t7.nogoods_size = 8932835
h1.t7.nodes = 77756062
h1.t7.propagations = 77756062
h1.t10.stop_reason = aborted
h1.t10.restarts = 3216
h1.t10.nogoods_size = 8932835
h1.t10.nodes = 75001796
h1.t10.propagations = 75001796
h1.t5.stop_reason = aborted
h1.t5.restarts = 3216
h1.t5.nogoods_size = 8932835
h1.t5.nodes = 76036394
h1.t5.propagations = 76036394
h1.t4.stop_reason = aborted
h1.t4.restarts = 3216
h1.t4.nogoods_size = 8932835
h1.t4.nodes = 76077076
h1.t4.propagations = 76077076
h1.t2.stop_reason = aborted
h1.t2.restarts = 3216
h1.t2.nogoods_size = 8932835
h1.t2.nodes = 76328825
h1.t2.propagations = 76328825
h1.t3.stop_reason = aborted
h1.t3.restarts = 3216
h1.t3.nogoods_size = 8932835
h1.t3.nodes = 75846920
h1.t3.propagations = 75846920
h1.t9.stop_reason = aborted
h1.t9.restarts = 3216
h1.t9.nogoods_size = 8932835
h1.t9.nodes = 76655968
h1.t9.propagations = 76655968
h1.t13.stop_reason = aborted
h1.t13.restarts = 3216
h1.t13.nogoods_size = 8932835
h1.t13.nodes = 77158888
h1.t13.propagations = 77158888
h1.t11.stop_reason = aborted
h1.t11.restarts = 3216
h1.t11.nogoods_size = 8932835
h1.t11.nodes = 75591942
h1.t11.propagations = 75591942
h1.t17.stop_reason = aborted
h1.t17.restarts = 3216
h1.t17.nogoods_size = 8932835
h1.t17.nodes = 18645437
h1.t17.propagations = 18645437
h1.search_time = 1000019
h1.nodes = 1244537722
h1.propagations = 3584440843
h2.t4.stop_reason = aborted
h2.t4.restarts = 3216
h2.t4.nogoods_size = 8937345
h2.t4.nodes = 72757345
h2.t4.propagations = 72757345
h2.t17.stop_reason = aborted
h2.t17.restarts = 3216
h2.t17.nogoods_size = 8937345
h2.t17.nodes = 18530093
h2.t17.propagations = 18530093
h2.t15.stop_reason = aborted
h2.t15.restarts = 3216
h2.t15.nogoods_size = 8937345
h2.t15.nodes = 71788942
h2.t15.propagations = 71788942
h2.t3.stop_reason = aborted
h2.t3.restarts = 3216
h2.t3.nogoods_size = 8937345
h2.t3.nodes = 71962852
h2.t3.propagations = 71962852
h2.t7.stop_reason = aborted
h2.t7.restarts = 3216
h2.t7.nogoods_size = 8937345
h2.t7.nodes = 74275797
h2.t7.propagations = 74275797
h2.t11.stop_reason = aborted
h2.t11.restarts = 3216
h2.t11.nogoods_size = 8937345
h2.t11.nodes = 72447986
h2.t11.propagations = 72447986
h2.t13.stop_reason = aborted
h2.t13.restarts = 3216
h2.t13.nogoods_size = 8937345
h2.t13.nodes = 73436168
h2.t13.propagations = 73436168
h2.t16.stop_reason = aborted
h2.t16.restarts = 3216
h2.t16.nogoods_size = 8937345
h2.t16.nodes = 71509337
h2.t16.propagations = 71509337
h2.t12.stop_reason = aborted
h2.t12.restarts = 3216
h2.t12.nogoods_size = 8937345
h2.t12.nodes = 72097362
h2.t12.propagations = 72097362
h2.t14.stop_reason = aborted
h2.t14.restarts = 3216
h2.t14.nogoods_size = 8937345
h2.t14.nodes = 72213206
h2.t14.propagations = 72213206
h2.t10.stop_reason = aborted
h2.t10.restarts = 3216
h2.t10.nogoods_size = 8937345
h2.t10.nodes = 70577603
h2.t10.propagations = 70577603
h2.t6.stop_reason = aborted
h2.t6.restarts = 3216
h2.t6.nogoods_size = 8937345
h2.t6.nodes = 72806855
h2.t6.propagations = 72806855
h2.t8.stop_reason = aborted
h2.t8.restarts = 3216
h2.t8.nogoods_size = 8937345
h2.t8.nodes = 73186238
h2.t8.propagations = 73186238
h2.t0.stop_reason = aborted
h2.t0.restarts = 3216
h2.t0.nogoods_size = 8937345
h2.t0.nodes = 9281990
h2.t0.propagations = 9281990
h2.t1.stop_reason = aborted
h2.t1.restarts = 3216
h2.t1.nogoods_size = 8937345
h2.t1.nodes = 73368063
h2.t1.propagations = 73368063
h2.t5.stop_reason = aborted
h2.t5.restarts = 3216
h2.t5.nogoods_size = 8937345
h2.t5.nodes = 73005767
h2.t5.propagations = 73005767
h2.t9.stop_reason = aborted
h2.t9.restarts = 3216
h2.t9.nogoods_size = 8937345
h2.t9.nodes = 72341140
h2.t9.propagations = 72341140
h2.t2.stop_reason = aborted
h2.t2.restarts = 3216
h2.t2.nogoods_size = 8937345
h2.t2.nodes = 73200732
h2.t2.propagations = 73200732
h2.search_time = 1000019
h2.nodes = 1188787476
h2.propagations = 3420104918
h3.t8.stop_reason = aborted
h3.t8.restarts = 3216
h3.t8.nogoods_size = 8938292
h3.t8.nodes = 76399779
h3.t8.propagations = 76399779
h3.t1.stop_reason = aborted
h3.t1.restarts = 3216
h3.t1.nogoods_size = 8938292
h3.t1.nodes = 78423249
h3.t1.propagations = 78423249
h3.t4.stop_reason = aborted
h3.t4.restarts = 3216
h3.t4.nogoods_size = 8938292
h3.t4.nodes = 77190826
h3.t4.propagations = 77190826
h3.t15.stop_reason = aborted
h3.t15.restarts = 3216
h3.t15.nogoods_size = 8938292
h3.t15.nodes = 76330580
h3.t15.propagations = 76330580
h3.t11.stop_reason = aborted
h3.t11.restarts = 3216
h3.t11.nogoods_size = 8938292
h3.t11.nodes = 76971535
h3.t11.propagations = 76971535
h3.t10.stop_reason = aborted
h3.t10.restarts = 3216
h3.t10.nogoods_size = 8938292
h3.t10.nodes = 74774319
h3.t10.propagations = 74774319
h3.t3.stop_reason = aborted
h3.t3.restarts = 3216
h3.t3.nogoods_size = 8938292
h3.t3.nodes = 78910177
h3.t3.propagations = 78910177
h3.t5.stop_reason = aborted
h3.t5.restarts = 3216
h3.t5.nogoods_size = 8938292
h3.t5.nodes = 77685485
h3.t5.propagations = 77685485
h3.t2.stop_reason = aborted
h3.t2.restarts = 3216
h3.t2.nogoods_size = 8938292
h3.t2.nodes = 76209569
h3.t2.propagations = 76209569
h3.t7.stop_reason = aborted
h3.t7.restarts = 3216
h3.t7.nogoods_size = 8938292
h3.t7.nodes = 78392974
h3.t7.propagations = 78392974
h3.t13.stop_reason = aborted
h3.t13.restarts = 3216
h3.t13.nogoods_size = 8938292
h3.t13.nodes = 77371539
h3.t13.propagations = 77371539
h3.t6.stop_reason = aborted
h3.t6.restarts = 3216
h3.t6.nogoods_size = 8938292
h3.t6.nodes = 77679769
h3.t6.propagations = 77679769
h3.t16.stop_reason = aborted
h3.t16.restarts = 3216
h3.t16.nogoods_size = 8938292
h3.t16.nodes = 76230734
h3.t16.propagations = 76230734
h3.t14.stop_reason = aborted
h3.t14.restarts = 3216
h3.t14.nogoods_size = 8938292
h3.t14.nodes = 78406305
h3.t14.propagations = 78406305
h3.t9.stop_reason = aborted
h3.t9.restarts = 3216
h3.t9.nogoods_size = 8938292
h3.t9.nodes = 77760135
h3.t9.propagations = 77760135
h3.t12.stop_reason = aborted
h3.t12.restarts = 3216
h3.t12.nogoods_size = 8938292
h3.t12.nodes = 76929739
h3.t12.propagations = 76929739
h3.t17.stop_reason = aborted
h3.t17.restarts = 3216
h3.t17.nogoods_size = 8938292
h3.t17.nodes = 18905088
h3.t17.propagations = 18905088
h3.t0.stop_reason = aborted
h3.t0.restarts = 3216
h3.t0.nogoods_size = 8938292
h3.t0.nodes = 8864003
h3.t0.propagations = 8864003
h3.search_time = 1000019
h3.nodes = 1263435805
h3.propagations = 3639426474
h4.t2.stop_reason = aborted
h4.t2.restarts = 3216
h4.t2.nogoods_size = 8916919
h4.t2.nodes = 64600010
h4.t2.propagations = 64600010
h4.t15.stop_reason = aborted
h4.t15.restarts = 3216
h4.t15.nogoods_size = 8916919
h4.t15.nodes = 65143027
h4.t15.propagations = 65143027
h4.t3.stop_reason = aborted
h4.t3.restarts = 3216
h4.t3.nogoods_size = 8916919
h4.t3.nodes = 65130230
h4.t3.propagations = 65130230
h4.t5.stop_reason = aborted
h4.t5.restarts = 3216
h4.t5.nogoods_size = 8916919
h4.t5.nodes = 65080945
h4.t5.propagations = 65080945
h4.t16.stop_reason = aborted
h4.t16.restarts = 3216
h4.t16.nogoods_size = 8916919
h4.t16.nodes = 64931109
h4.t16.propagations = 64931109
h4.t8.stop_reason = aborted
h4.t8.restarts = 3216
h4.t8.nogoods_size = 8916919
h4.t8.nodes = 65505871
h4.t8.propagations = 65505871
h4.t13.stop_reason = aborted
h4.t13.restarts = 3216
h4.t13.nogoods_size = 8916919
h4.t13.nodes = 64636296
h4.t13.propagations = 64636296
h4.t10.stop_reason = aborted
h4.t10.restarts = 3216
h4.t10.nogoods_size = 8916919
h4.t10.nodes = 64871605
h4.t10.propagations = 64871605
h4.t9.stop_reason = aborted
h4.t9.restarts = 3216
h4.t9.nogoods_size = 8916919
h4.t9.nodes = 65518683
h4.t9.propagations = 65518683
h4.t6.stop_reason = aborted
h4.t6.restarts = 3216
h4.t6.nogoods_size = 8916919
h4.t6.nodes = 65512788
h4.t6.propagations = 65512788
h4.t4.stop_reason = aborted
h4.t4.restarts = 3216
h4.t4.nogoods_size = 8916919
h4.t4.nodes = 65848542
h4.t4.propagations = 65848542
h4.t7.stop_reason = aborted
h4.t7.restarts = 3216
h4.t7.nogoods_size = 8916919
h4.t7.nodes = 64941974
h4.t7.propagations = 64941974
h4.t14.stop_reason = aborted
h4.t14.restarts = 3216
h4.t14.nogoods_size = 8916919
h4.t14.nodes = 66862152
h4.t14.propagations = 66862152
h4.t12.stop_reason = aborted
h4.t12.restarts = 3216
h4.t12.nogoods_size = 8916919
h4.t12.nodes = 65514233
h4.t12.propagations = 65514233
h4.t1.stop_reason = aborted
h4.t1.restarts = 3216
h4.t1.nogoods_size = 8916919
h4.t1.nodes = 67217502
h4.t1.propagations = 67217502
h4.t0.stop_reason = aborted
h4.t0.restarts = 3216
h4.t0.nogoods_size = 8916919
h4.t0.nodes = 9205802
h4.t0.propagations = 9205802
h4.t11.stop_reason = aborted
h4.t11.restarts = 3216
h4.t11.nogoods_size = 8916919
h4.t11.nodes = 65145358
h4.t11.propagations = 65145358
h4.t17.stop_reason = aborted
h4.t17.restarts = 3216
h4.t17.nogoods_size = 8916919
h4.t17.nodes = 18787445
h4.t17.propagations = 18787445
h4.search_time = 1000020
h4.nodes = 1074453572
h4.propagations = 3092566354
h5.t14.stop_reason = aborted
h5.t14.restarts = 3216
h5.t14.nogoods_size = 8917777
h5.t14.nodes = 67612274
h5.t14.propagations = 67612274
h5.t15.stop_reason = aborted
h5.t15.restarts = 3216
h5.t15.nogoods_size = 8917777
h5.t15.nodes = 66909853
h5.t15.propagations = 66909853
h5.t11.stop_reason = aborted
h5.t11.restarts = 3216
h5.t11.nogoods_size = 8917777
h5.t11.nodes = 68442859
h5.t11.propagations = 68442859
h5.t12.stop_reason = aborted
h5.t12.restarts = 3216
h5.t12.nogoods_size = 8917777
h5.t12.nodes = 69121971
h5.t12.propagations = 69121971
h5.t2.stop_reason = aborted
h5.t2.restarts = 3216
h5.t2.nogoods_size = 8917777
h5.t2.nodes = 67338272
h5.t2.propagations = 67338272
h5.t3.stop_reason = aborted
h5.t3.restarts = 3216
h5.t3.nogoods_size = 8917777
h5.t3.nodes = 68097340
h5.t3.propagations = 68097340
h5.t13.stop_reason = aborted
h5.t13.restarts = 3216
h5.t13.nogoods_size = 8917777
h5.t13.nodes = 68267383
h5.t13.propagations = 68267383
h5.t8.stop_reason = aborted
h5.t8.restarts = 3216
h5.t8.nogoods_size = 8917777
h5.t8.nodes = 70217950
h5.t8.propagations = 70217950
h5.t9.stop_reason = aborted
h5.t9.restarts = 3216
h5.t9.nogoods_size = 8917777
h5.t9.nodes = 68993704
h5.t9.propagations = 68993704
h5.t17.stop_reason = aborted
h5.t17.restarts = 3216
h5.t17.nogoods_size = 8917777
h5.t17.nodes = 20065959
h5.t17.propagations = 20065959
h5.t5.stop_reason = aborted
h5.t5.restarts = 3216
h5.t5.nogoods_size = 8917777
h5.t5.nodes = 68905864
h5.t5.propagations = 68905864
h5.t6.stop_reason = aborted
h5.t6.restarts = 3216
h5.t6.nogoods_size = 8917777
h5.t6.nodes = 68610649
h5.t6.propagations = 68610649
h5.t1.stop_reason = aborted
h5.t1.restarts = 3216
h5.t1.nogoods_size = 8917777
h5.t1.nodes = 69165533
h5.t1.propagations = 69165533
h5.t16.stop_reason = aborted
h5.t16.restarts = 3216
h5.t16.nogoods_size = 8917777
h5.t16.nodes = 67984567
h5.t16.propagations = 67984567
h5.t10.stop_reason = aborted
h5.t10.restarts = 3216
h5.t10.nogoods_size = 8917777
h5.t10.nodes = 67530086
h5.t10.propagations = 67530086
h5.t0.stop_reason = aborted
h5.t0.restarts = 3216
h5.t0.nogoods_size = 8917777
h5.t0.nodes = 9204543
h5.t0.propagations = 9204543
h5.t4.stop_reason = aborted
h5.t4.restarts = 3216
h5.t4.nogoods_size = 8917777
h5.t4.nodes = 69779102
h5.t4.propagations = 69779102
h5.t7.stop_reason = aborted
h5.t7.restarts = 3216
h5.t7.nogoods_size = 8917777
h5.t7.nodes = 69133228
h5.t7.propagations = 69133228
h5.search_time = 1000017
h5.nodes = 1125381137
h5.propagations = 3241258871
h6.t17.stop_reason = aborted
h6.t17.restarts = 3216
h6.t17.nogoods_size = 8921411
h6.t17.nodes = 19039729
h6.t17.propagations = 19039729
h6.t2.stop_reason = aborted
h6.t2.restarts = 3216
h6.t2.nogoods_size = 8921411
h6.t2.nodes = 67090583
h6.t2.propagations = 67090583
h6.t6.stop_reason = aborted
h6.t6.restarts = 3216
h6.t6.nogoods_size = 8921411
h6.t6.nodes = 68460675
h6.t6.propagations = 68460675
h6.t10.stop_reason = aborted
h6.t10.restarts = 3216
h6.t10.nogoods_size = 8921411
h6.t10.nodes = 65425332
h6.t10.propagations = 65425332
h6.t16.stop_reason = aborted
h6.t16.restarts = 3216
h6.t16.nogoods_size = 8921411
h6.t16.nodes = 67111005
h6.t16.propagations = 67111005
h6.t7.stop_reason = aborted
h6.t7.restarts = 3216
h6.t7.nogoods_size = 8921411
h6.t7.nodes = 66921750
h6.t7.propagations = 66921750
h6.t1.stop_reason = aborted
h6.t1.restarts = 3216
h6.t1.nogoods_size = 8921411
h6.t1.nodes = 69297310
h6.t1.propagations = 69297310
h6.t13.stop_reason = aborted
h6.t13.restarts = 3216
h6.t13.nogoods_size = 8921411
h6.t13.nodes = 67863078
h6.t13.propagations = 67863078
h6.t4.stop_reason = aborted
h6.t4.restarts = 3216
h6.t4.nogoods_size = 8921411
h6.t4.nodes = 66930594
h6.t4.propagations = 66930594
h6.t3.stop_reason = aborted
h6.t3.restarts = 3216
h6.t3.nogoods_size = 8921411
h6.t3.nodes = 66078272
h6.t3.propagations = 66078272
h6.t8.stop_reason = aborted
h6.t8.restarts = 3216
h6.t8.nogoods_size = 8921411
h6.t8.nodes = 68055397
h6.t8.propagations = 68055397
h6.t11.stop_reason = aborted
h6.t11.restarts = 3216
h6.t11.nogoods_size = 8921411
h6.t11.nodes = 66727037
h6.t11.propagations = 66727037
h6.t12.stop_reason = aborted
h6.t12.restarts = 3216
h6.t12.nogoods_size = 8921411
h6.t12.nodes = 66756107
h6.t12.propagations = 66756107
h6.t9.stop_reason = aborted
h6.t9.restarts = 3216
h6.t9.nogoods_size = 8921411
h6.t9.nodes = 68005301
h6.t9.propagations = 68005301
h6.t14.stop_reason = aborted
h6.t14.restarts = 3216
h6.t14.nogoods_size = 8921411
h6.t14.nodes = 66785287
h6.t14.propagations = 66785287
h6.t5.stop_reason = aborted
h6.t5.restarts = 3216
h6.t5.nogoods_size = 8921411
h6.t5.nodes = 67169233
h6.t5.propagations = 67169233
h6.t15.stop_reason = aborted
h6.t15.restarts = 3216
h6.t15.nogoods_size = 8921411
h6.t15.nodes = 67002680
h6.t15.propagations = 67002680
h6.t0.stop_reason = aborted
h6.t0.restarts = 3216
h6.t0.nogoods_size = 8921411
h6.t0.nodes = 9354771
h6.t0.propagations = 9354771
h6.search_time = 1000022
h6.nodes = 1104074141
h6.propagations = 3178754994
h7.t17.stop_reason = aborted
h7.t17.restarts = 3216
h7.t17.nogoods_size = 8919387
h7.t17.nodes = 18940274
h7.t17.propagations = 18940274
h7.t7.stop_reason = aborted
h7.t7.restarts = 3216
h7.t7.nogoods_size = 8919387
h7.t7.nodes = 69394083
h7.t7.propagations = 69394083
h7.t12.stop_reason = aborted
h7.t12.restarts = 3216
h7.t12.nogoods_size = 8919387
h7.t12.nodes = 69489124
h7.t12.propagations = 69489124
h7.t8.stop_reason = aborted
h7.t8.restarts = 3216
h7.t8.nogoods_size = 8919387
h7.t8.nodes = 69951140
h7.t8.propagations = 69951140
h7.t15.stop_reason = aborted
h7.t15.restarts = 3216
h7.t15.nogoods_size = 8919387
h7.t15.nodes = 68026884
h7.t15.propagations = 68026884
h7.t6.stop_reason = aborted
h7.t6.restarts = 3216
h7.t6.nogoods_size = 8919387
h7.t6.nodes = 71127259
h7.t6.propagations = 71127259
h7.t10.stop_reason = aborted
h7.t10.restarts = 3216
h7.t10.nogoods_size = 8919387
h7.t10.nodes = 67193402
h7.t10.propagations = 67193402
h7.t1.stop_reason = aborted
h7.t1.restarts = 3216
h7.t1.nogoods_size = 8919387
h7.t1.nodes = 70339425
h7.t1.propagations = 70339425
h7.t4.stop_reason = aborted
h7.t4.restarts = 3216
h7.t4.nogoods_size = 8919387
h7.t4.nodes = 68753659
h7.t4.propagations = 68753659
h7.t11.stop_reason = aborted
h7.t11.restarts = 3216
h7.t11.nogoods_size = 8919387
h7.t11.nodes = 68891927
h7.t11.propagations = 68891927
h7.t3.stop_reason = aborted
h7.t3.restarts = 3216
h7.t3.nogoods_size = 8919387
h7.t3.nodes = 70025569
h7.t3.propagations = 70025569
h7.t9.stop_reason = aborted
h7.t9.restarts = 3216
h7.t9.nogoods_size = 8919387
h7.t9.nodes = 70716034
h7.t9.propagations = 70716034
h7.t5.stop_reason = aborted
h7.t5.restarts = 3216
h7.t5.nogoods_size = 8919387
h7.t5.nodes = 69053571
h7.t5.propagations = 69053571
h7.t16.stop_reason = aborted
h7.t16.restarts = 3216
h7.t16.nogoods_size = 8919387
h7.t16.nodes = 67929511
h7.t16.propagations = 67929511
h7.t14.stop_reason = aborted
h7.t14.restarts = 3216
h7.t14.nogoods_size = 8919387
h7.t14.nodes = 69115208
h7.t14.propagations = 69115208
h7.t0.stop_reason = aborted
h7.t0.restarts = 3216
h7.t0.nogoods_size = 8919387
h7.t0.nodes = 9351303
h7.t0.propagations = 9351303
h7.t13.stop_reason = aborted
h7.t13.restarts = 3216
h7.t13.nogoods_size = 8919387
h7.t13.nodes = 69896503
h7.t13.propagations = 69896503
h7.t2.stop_reason = aborted
h7.t2.restarts = 3216
h7.t2.nogoods_size = 8919387
h7.t2.nodes = 69165536
h7.t2.propagations = 69165536
h7.search_time = 1000020
h7.nodes = 1137360412
h7.propagations = 3274994394
h8.t3.stop_reason = aborted
h8.t3.restarts = 3216
h8.t3.nogoods_size = 8918568
h8.t3.nodes = 68336279
h8.t3.propagations = 68336279
h8.t15.stop_reason = aborted
h8.t15.restarts = 3216
h8.t15.nogoods_size = 8918568
h8.t15.nodes = 66622491
h8.t15.propagations = 66622491
h8.t1.stop_reason = aborted
h8.t1.restarts = 3216
h8.t1.nogoods_size = 8918568
h8.t1.nodes = 68214422
h8.t1.propagations = 68214422
h8.t8.stop_reason = aborted
h8.t8.restarts = 3216
h8.t8.nogoods_size = 8918568
h8.t8.nodes = 68029039
h8.t8.propagations = 68029039
h8.t10.stop_reason = aborted
h8.t10.restarts = 3216
h8.t10.nogoods_size = 8918568
h8.t10.nodes = 67600393
h8.t10.propagations = 67600393
h8.t13.stop_reason = aborted
h8.t13.restarts = 3216
h8.t13.nogoods_size = 8918568
h8.t13.nodes = 67760034
h8.t13.propagations = 67760034
h8.t17.stop_reason = aborted
h8.t17.restarts = 3216
h8.t17.nogoods_size = 8918568
h8.t17.nodes = 18412827
h8.t17.propagations = 18412827
h8.t2.stop_reason = aborted
h8.t2.restarts = 3216
h8.t2.nogoods_size = 8918568
h8.t2.nodes = 67978842
h8.t2.propagations = 67978842
h8.t12.stop_reason = aborted
h8.t12.restarts = 3216
h8.t12.nogoods_size = 8918568
h8.t12.nodes = 69240897
h8.t12.propagations = 69240897
h8.t6.stop_reason = aborted
h8.t6.restarts = 3216
h8.t6.nogoods_size = 8918568
h8.t6.nodes = 67621771
h8.t6.propagations = 67621771
h8.t16.stop_reason = aborted
h8.t16.restarts = 3216
h8.t16.nogoods_size = 8918568
h8.t16.nodes = 67339601
h8.t16.propagations = 67339601
h8.t4.stop_reason = aborted
h8.t4.restarts = 3216
h8.t4.nogoods_size = 8918568
h8.t4.nodes = 68403764
h8.t4.propagations = 68403764
h8.t11.stop_reason = aborted
h8.t11.restarts = 3216
h8.t11.nogoods_size = 8918568
h8.t11.nodes = 67055584
h8.t11.propagations = 67055584
h8.t14.stop_reason = aborted
h8.t14.restarts = 3216
h8.t14.nogoods_size = 8918568
h8.t14.nodes = 67396992
h8.t14.propagations = 67396992
h8.t5.stop_reason = aborted
h8.t5.restarts = 3216
h8.t5.nogoods_size = 8918568
h8.t5.nodes = 69031381
h8.t5.propagations = 69031381
h8.t0.stop_reason = aborted
h8.t0.restarts = 3216
h8.t0.nogoods_size = 8918568
h8.t0.nodes = 9316237
h8.t0.propagations = 9316237
h8.t7.stop_reason = aborted
h8.t7.restarts = 3216
h8.t7.nogoods_size = 8918568
h8.t7.nodes = 67479888
h8.t7.propagations = 67479888
h8.t9.stop_reason = aborted
h8.t9.restarts = 3216
h8.t9.nogoods_size = 8918568
h8.t9.nodes = 67742887
h8.t9.propagations = 67742887
h8.search_time = 1000022
h8.nodes = 1113583329
h8.propagations = 3207044045
h9.t17.stop_reason = aborted
h9.t17.restarts = 3216
h9.t17.nogoods_size = 8924632
h9.t17.nodes = 19146428
h9.t17.propagations = 19146428
h9.t3.stop_reason = aborted
h9.t3.restarts = 3216
h9.t3.nogoods_size = 8924632
h9.t3.nodes = 70946727
h9.t3.propagations = 70946727
h9.t5.stop_reason = aborted
h9.t5.restarts = 3216
h9.t5.nogoods_size = 8924632
h9.t5.nodes = 72396655
h9.t5.propagations = 72396655
h9.t14.stop_reason = aborted
h9.t14.restarts = 3216
h9.t14.nogoods_size = 8924632
h9.t14.nodes = 71199862
h9.t14.propagations = 71199862
h9.t13.stop_reason = aborted
h9.t13.restarts = 3216
h9.t13.nogoods_size = 8924632
h9.t13.nodes = 71026189
h9.t13.propagations = 71026189
h9.t15.stop_reason = aborted
h9.t15.restarts = 3216
h9.t15.nogoods_size = 8924632
h9.t15.nodes = 70148074
h9.t15.propagations = 70148074
h9.t10.stop_reason = aborted
h9.t10.restarts = 3216
h9.t10.nogoods_size = 8924632
h9.t10.nodes = 69665535
h9.t10.propagations = 69665535
h9.t9.stop_reason = aborted
h9.t9.restarts = 3216
h9.t9.nogoods_size = 8924632
h9.t9.nodes = 71592223
h9.t9.propagations = 71592223
h9.t12.stop_reason = aborted
h9.t12.restarts = 3216
h9.t12.nogoods_size = 8924632
h9.t12.nodes = 70374357
h9.t12.propagations = 70374357
h9.t8.stop_reason = aborted
h9.t8.restarts = 3216
h9.t8.nogoods_size = 8924632
h9.t8.nodes = 71981650
h9.t8.propagations = 71981650
h9.t7.stop_reason = aborted
h9.t7.restarts = 3216
h9.t7.nogoods_size = 8924632
h9.t7.nodes = 71561548
h9.t7.propagations = 71561548
h9.t1.stop_reason = aborted
h9.t1.restarts = 3216
h9.t1.nogoods_size = 8924632
h9.t1.nodes = 71760712
h9.t1.propagations = 71760712
h9.t16.stop_reason = aborted
h9.t16.restarts = 3216
h9.t16.nogoods_size = 8924632
h9.t16.nodes = 71466515
h9.t16.propagations = 71466515
h9.t2.stop_reason = aborted
h9.t2.restarts = 3216
h9.t2.nogoods_size = 8924632
h9.t2.nodes = 70904953
h9.t2.propagations = 70904953
h9.t11.stop_reason = aborted
h9.t11.restarts = 3216
h9.t11.nogoods_size = 8924632
h9.t11.nodes = 69719253
h9.t11.propagations = 69719253
h9.t0.stop_reason = aborted
h9.t0.restarts = 3216
h9.t0.nogoods_size = 8924632
h9.t0.nodes = 9189821
h9.t0.propagations = 9189821
h9.t4.stop_reason = aborted
h9.t4.restarts = 3216
h9.t4.nogoods_size = 8924632
h9.t4.nodes = 71025175
h9.t4.propagations = 71025175
h9.t6.stop_reason = aborted
h9.t6.restarts = 3216
h9.t6.nogoods_size = 8924632
h9.t6.nodes = 70918895
h9.t6.propagations = 70918895
h9.search_time = 1000018
h9.nodes = 1165024572
h9.propagations = 3357155447
