hostname = r1i2n22
commandline = ../glasgow/mpi_solve_subgraph_isomorphism --timeout 1000 --format lad --geometric-restarts=1.0 --restarts-constant=100000 --restart-timer=100 --triggered-restarts --threads 18 --value-ordering=random ../instances/LV/g41 ../instances/largerGraphs/g60-normed
started_at = 2018-11-27 04:23:31
pattern_file = ../instances/LV/g41
target_file = ../instances/largerGraphs/g60-normed
status = aborted
nodes = 3148235266
propagations = 7849793915
runtime = 1050674
h0.t14.stop_reason = aborted
h0.t14.restarts = 4084
h0.t14.nogoods_size = 10338219
h0.t14.nodes = 21021387
h0.t14.propagations = 21021387
h0.t15.stop_reason = aborted
h0.t15.restarts = 4084
h0.t15.nogoods_size = 10338219
h0.t15.nodes = 21319925
h0.t15.propagations = 21319925
h0.t4.stop_reason = aborted
h0.t4.restarts = 4084
h0.t4.nogoods_size = 10338219
h0.t4.nodes = 21403406
h0.t4.propagations = 21403406
h0.t6.stop_reason = aborted
h0.t6.restarts = 4084
h0.t6.nogoods_size = 10338219
h0.t6.nodes = 21509677
h0.t6.propagations = 21509677
h0.t3.stop_reason = aborted
h0.t3.restarts = 4084
h0.t3.nogoods_size = 10338219
h0.t3.nodes = 21618826
h0.t3.propagations = 21618826
h0.t5.stop_reason = aborted
h0.t5.restarts = 4084
h0.t5.nogoods_size = 10338219
h0.t5.nodes = 21805402
h0.t5.propagations = 21805402
h0.t11.stop_reason = aborted
h0.t11.restarts = 4084
h0.t11.nogoods_size = 10338219
h0.t11.nodes = 21353488
h0.t11.propagations = 21353488
h0.t13.stop_reason = aborted
h0.t13.restarts = 4084
h0.t13.nogoods_size = 10338219
h0.t13.nodes = 21225214
h0.t13.propagations = 21225214
h0.t7.stop_reason = aborted
h0.t7.restarts = 4084
h0.t7.nogoods_size = 10338219
h0.t7.nodes = 21824352
h0.t7.propagations = 21824352
h0.t17.stop_reason = aborted
h0.t17.restarts = 4084
h0.t17.nogoods_size = 10338219
h0.t17.nodes = 5554729
h0.t17.propagations = 5554729
h0.t9.stop_reason = aborted
h0.t9.restarts = 4084
h0.t9.nogoods_size = 10338219
h0.t9.nodes = 21950196
h0.t9.propagations = 21950196
h0.t1.stop_reason = aborted
h0.t1.restarts = 4084
h0.t1.nogoods_size = 10338219
h0.t1.nodes = 21527140
h0.t1.propagations = 21527140
h0.t12.stop_reason = aborted
h0.t12.restarts = 4084
h0.t12.nogoods_size = 10338219
h0.t12.nodes = 21595019
h0.t12.propagations = 21595019
h0.t0.stop_reason = aborted
h0.t0.restarts = 4084
h0.t0.nogoods_size = 10338219
h0.t0.nodes = 3176661
h0.t0.propagations = 3176661
h0.t10.stop_reason = aborted
h0.t10.restarts = 4084
h0.t10.nogoods_size = 10338219
h0.t10.nodes = 21371091
h0.t10.propagations = 21371091
h0.t16.stop_reason = aborted
h0.t16.restarts = 4084
h0.t16.nogoods_size = 10338219
h0.t16.nodes = 21052849
h0.t16.propagations = 21052849
h0.t8.stop_reason = aborted
h0.t8.restarts = 4084
h0.t8.nogoods_size = 10338219
h0.t8.nodes = 21739844
h0.t8.propagations = 21739844
h0.t2.stop_reason = aborted
h0.t2.restarts = 4084
h0.t2.nogoods_size = 10338219
h0.t2.nodes = 21986744
h0.t2.propagations = 21986744
h0.search_time = 1000093
h0.nodes = 353035950
h0.propagations = 880447140
h1.t9.stop_reason = aborted
h1.t9.restarts = 4084
h1.t9.nogoods_size = 10336454
h1.t9.nodes = 21912457
h1.t9.propagations = 21912457
h1.t11.stop_reason = aborted
h1.t11.restarts = 4084
h1.t11.nogoods_size = 10336454
h1.t11.nodes = 21322085
h1.t11.propagations = 21322085
h1.t7.stop_reason = aborted
h1.t7.restarts = 4084
h1.t7.nogoods_size = 10336454
h1.t7.nodes = 21547658
h1.t7.propagations = 21547658
h1.t15.stop_reason = aborted
h1.t15.restarts = 4084
h1.t15.nogoods_size = 10336454
h1.t15.nodes = 21575573
h1.t15.propagations = 21575573
h1.t3.stop_reason = aborted
h1.t3.restarts = 4084
h1.t3.nogoods_size = 10336454
h1.t3.nodes = 21699211
h1.t3.propagations = 21699211
h1.t13.stop_reason = aborted
h1.t13.restarts = 4084
h1.t13.nogoods_size = 10336454
h1.t13.nodes = 21621341
h1.t13.propagations = 21621341
h1.t12.stop_reason = aborted
h1.t12.restarts = 4084
h1.t12.nogoods_size = 10336454
h1.t12.nodes = 21766521
h1.t12.propagations = 21766521
h1.t4.stop_reason = aborted
h1.t4.restarts = 4084
h1.t4.nogoods_size = 10336454
h1.t4.nodes = 21596832
h1.t4.propagations = 21596832
h1.t10.stop_reason = aborted
h1.t10.restarts = 4084
h1.t10.nogoods_size = 10336454
h1.t10.nodes = 21119650
h1.t10.propagations = 21119650
h1.t2.stop_reason = aborted
h1.t2.restarts = 4084
h1.t2.nogoods_size = 10336454
h1.t2.nodes = 21914746
h1.t2.propagations = 21914746
h1.t6.stop_reason = aborted
h1.t6.restarts = 4084
h1.t6.nogoods_size = 10336454
h1.t6.nodes = 21898038
h1.t6.propagations = 21898038
h1.t14.stop_reason = aborted
h1.t14.restarts = 4084
h1.t14.nogoods_size = 10336454
h1.t14.nodes = 22345696
h1.t14.propagations = 22345696
h1.t1.stop_reason = aborted
h1.t1.restarts = 4084
h1.t1.nogoods_size = 10336454
h1.t1.nodes = 21979856
h1.t1.propagations = 21979856
h1.t0.stop_reason = aborted
h1.t0.restarts = 4084
h1.t0.nogoods_size = 10336454
h1.t0.nodes = 3112361
h1.t0.propagations = 3112361
h1.t8.stop_reason = aborted
h1.t8.restarts = 4084
h1.t8.nogoods_size = 10336454
h1.t8.nodes = 21800952
h1.t8.propagations = 21800952
h1.t16.stop_reason = aborted
h1.t16.restarts = 4084
h1.t16.nogoods_size = 10336454
h1.t16.nodes = 21446050
h1.t16.propagations = 21446050
h1.t5.stop_reason = aborted
h1.t5.restarts = 4084
h1.t5.nogoods_size = 10336454
h1.t5.nodes = 21743101
h1.t5.propagations = 21743101
h1.t17.stop_reason = aborted
h1.t17.restarts = 4084
h1.t17.nogoods_size = 10336454
h1.t17.nodes = 5306042
h1.t17.propagations = 5306042
h1.search_time = 1000093
h1.nodes = 355708170
h1.propagations = 886904605
h2.t1.stop_reason = aborted
h2.t1.restarts = 4084
h2.t1.nogoods_size = 10335710
h2.t1.nodes = 21464395
h2.t1.propagations = 21464395
h2.t6.stop_reason = aborted
h2.t6.restarts = 4084
h2.t6.nogoods_size = 10335710
h2.t6.nodes = 20911060
h2.t6.propagations = 20911060
h2.t14.stop_reason = aborted
h2.t14.restarts = 4084
h2.t14.nogoods_size = 10335710
h2.t14.nodes = 21174672
h2.t14.propagations = 21174672
h2.t13.stop_reason = aborted
h2.t13.restarts = 4084
h2.t13.nogoods_size = 10335710
h2.t13.nodes = 21194793
h2.t13.propagations = 21194793
h2.t5.stop_reason = aborted
h2.t5.restarts = 4084
h2.t5.nogoods_size = 10335710
h2.t5.nodes = 21512232
h2.t5.propagations = 21512232
h2.t3.stop_reason = aborted
h2.t3.restarts = 4084
h2.t3.nogoods_size = 10335710
h2.t3.nodes = 21050798
h2.t3.propagations = 21050798
h2.t7.stop_reason = aborted
h2.t7.restarts = 4084
h2.t7.nogoods_size = 10335710
h2.t7.nodes = 21463115
h2.t7.propagations = 21463115
h2.t10.stop_reason = aborted
h2.t10.restarts = 4084
h2.t10.nogoods_size = 10335710
h2.t10.nodes = 20612053
h2.t10.propagations = 20612053
h2.t11.stop_reason = aborted
h2.t11.restarts = 4084
h2.t11.nogoods_size = 10335710
h2.t11.nodes = 20610828
h2.t11.propagations = 20610828
h2.t17.stop_reason = aborted
h2.t17.restarts = 4084
h2.t17.nogoods_size = 10335710
h2.t17.nodes = 5469068
h2.t17.propagations = 5469068
h2.t16.stop_reason = aborted
h2.t16.restarts = 4084
h2.t16.nogoods_size = 10335710
h2.t16.nodes = 21028332
h2.t16.propagations = 21028332
h2.t2.stop_reason = aborted
h2.t2.restarts = 4084
h2.t2.nogoods_size = 10335710
h2.t2.nodes = 21233853
h2.t2.propagations = 21233853
h2.t12.stop_reason = aborted
h2.t12.restarts = 4084
h2.t12.nogoods_size = 10335710
h2.t12.nodes = 21344159
h2.t12.propagations = 21344159
h2.t4.stop_reason = aborted
h2.t4.restarts = 4084
h2.t4.nogoods_size = 10335710
h2.t4.nodes = 21285130
h2.t4.propagations = 21285130
h2.t9.stop_reason = aborted
h2.t9.restarts = 4084
h2.t9.nogoods_size = 10335710
h2.t9.nodes = 21322085
h2.t9.propagations = 21322085
h2.t15.stop_reason = aborted
h2.t15.restarts = 4084
h2.t15.nogoods_size = 10335710
h2.t15.nodes = 21014566
h2.t15.propagations = 21014566
h2.t8.stop_reason = aborted
h2.t8.restarts = 4084
h2.t8.nogoods_size = 10335710
h2.t8.nodes = 21412483
h2.t8.propagations = 21412483
h2.t0.stop_reason = aborted
h2.t0.restarts = 4084
h2.t0.nogoods_size = 10335710
h2.t0.nodes = 3248382
h2.t0.propagations = 3248382
h2.search_time = 1000104
h2.nodes = 347352004
h2.propagations = 866016575
h3.t17.stop_reason = aborted
h3.t17.restarts = 4084
h3.t17.nogoods_size = 10337965
h3.t17.nodes = 5227423
h3.t17.propagations = 5227423
h3.t0.stop_reason = aborted
h3.t0.restarts = 4084
h3.t0.nogoods_size = 10337965
h3.t0.nodes = 3126107
h3.t0.propagations = 3126107
h3.t9.stop_reason = aborted
h3.t9.restarts = 4084
h3.t9.nogoods_size = 10337965
h3.t9.nodes = 22245559
h3.t9.propagations = 22245559
h3.t1.stop_reason = aborted
h3.t1.restarts = 4084
h3.t1.nogoods_size = 10337965
h3.t1.nodes = 22310718
h3.t1.propagations = 22310718
h3.t12.stop_reason = aborted
h3.t12.restarts = 4084
h3.t12.nogoods_size = 10337965
h3.t12.nodes = 22256837
h3.t12.propagations = 22256837
h3.t14.stop_reason = aborted
h3.t14.restarts = 4084
h3.t14.nogoods_size = 10337965
h3.t14.nodes = 21823946
h3.t14.propagations = 21823946
h3.t11.stop_reason = aborted
h3.t11.restarts = 4084
h3.t11.nogoods_size = 10337965
h3.t11.nodes = 21500513
h3.t11.propagations = 21500513
h3.t2.stop_reason = aborted
h3.t2.restarts = 4084
h3.t2.nogoods_size = 10337965
h3.t2.nodes = 22462930
h3.t2.propagations = 22462930
h3.t3.stop_reason = aborted
h3.t3.restarts = 4084
h3.t3.nogoods_size = 10337965
h3.t3.nodes = 21362186
h3.t3.propagations = 21362186
h3.t16.stop_reason = aborted
h3.t16.restarts = 4084
h3.t16.nogoods_size = 10337965
h3.t16.nodes = 21536799
h3.t16.propagations = 21536799
h3.t13.stop_reason = aborted
h3.t13.restarts = 4084
h3.t13.nogoods_size = 10337965
h3.t13.nodes = 22007538
h3.t13.propagations = 22007538
h3.t4.stop_reason = aborted
h3.t4.restarts = 4084
h3.t4.nogoods_size = 10337965
h3.t4.nodes = 22291869
h3.t4.propagations = 22291869
h3.t8.stop_reason = aborted
h3.t8.restarts = 4084
h3.t8.nogoods_size = 10337965
h3.t8.nodes = 21833195
h3.t8.propagations = 21833195
h3.t15.stop_reason = aborted
h3.t15.restarts = 4084
h3.t15.nogoods_size = 10337965
h3.t15.nodes = 21051047
h3.t15.propagations = 21051047
h3.t10.stop_reason = aborted
h3.t10.restarts = 4084
h3.t10.nogoods_size = 10337965
h3.t10.nodes = 21352770
h3.t10.propagations = 21352770
h3.t7.stop_reason = aborted
h3.t7.restarts = 4084
h3.t7.nogoods_size = 10337965
h3.t7.nodes = 22512918
h3.t7.propagations = 22512918
h3.t5.stop_reason = aborted
h3.t5.restarts = 4084
h3.t5.nogoods_size = 10337965
h3.t5.nodes = 22331761
h3.t5.propagations = 22331761
h3.t6.stop_reason = aborted
h3.t6.restarts = 4084
h3.t6.nogoods_size = 10337965
h3.t6.nodes = 22443518
h3.t6.propagations = 22443518
h3.search_time = 1000104
h3.nodes = 359677634
h3.propagations = 897495464
h4.t16.stop_reason = aborted
h4.t16.restarts = 4084
h4.t16.nogoods_size = 10288264
h4.t16.nodes = 16627366
h4.t16.propagations = 16627366
h4.t17.stop_reason = aborted
h4.t17.restarts = 4084
h4.t17.nogoods_size = 10288264
h4.t17.nodes = 5380268
h4.t17.propagations = 5380268
h4.t7.stop_reason = aborted
h4.t7.restarts = 4084
h4.t7.nogoods_size = 10288264
h4.t7.nodes = 17135456
h4.t7.propagations = 17135456
h4.t3.stop_reason = aborted
h4.t3.restarts = 4084
h4.t3.nogoods_size = 10288264
h4.t3.nodes = 16832790
h4.t3.propagations = 16832790
h4.t8.stop_reason = aborted
h4.t8.restarts = 4084
h4.t8.nogoods_size = 10288264
h4.t8.nodes = 17152513
h4.t8.propagations = 17152513
h4.t5.stop_reason = aborted
h4.t5.restarts = 4084
h4.t5.nogoods_size = 10288264
h4.t5.nodes = 17251697
h4.t5.propagations = 17251697
h4.t13.stop_reason = aborted
h4.t13.restarts = 4084
h4.t13.nogoods_size = 10288264
h4.t13.nodes = 17352513
h4.t13.propagations = 17352513
h4.t15.stop_reason = aborted
h4.t15.restarts = 4084
h4.t15.nogoods_size = 10288264
h4.t15.nodes = 16614108
h4.t15.propagations = 16614108
h4.t11.stop_reason = aborted
h4.t11.restarts = 4084
h4.t11.nogoods_size = 10288264
h4.t11.nodes = 16465813
h4.t11.propagations = 16465813
h4.t9.stop_reason = aborted
h4.t9.restarts = 4084
h4.t9.nogoods_size = 10288264
h4.t9.nodes = 17170626
h4.t9.propagations = 17170626
h4.t12.stop_reason = aborted
h4.t12.restarts = 4084
h4.t12.nogoods_size = 10288264
h4.t12.nodes = 16759081
h4.t12.propagations = 16759081
h4.t10.stop_reason = aborted
h4.t10.restarts = 4084
h4.t10.nogoods_size = 10288264
h4.t10.nodes = 16432221
h4.t10.propagations = 16432221
h4.t0.stop_reason = aborted
h4.t0.restarts = 4084
h4.t0.nogoods_size = 10288264
h4.t0.nodes = 3154617
h4.t0.propagations = 3154617
h4.t2.stop_reason = aborted
h4.t2.restarts = 4084
h4.t2.nogoods_size = 10288264
h4.t2.nodes = 17494729
h4.t2.propagations = 17494729
h4.t14.stop_reason = aborted
h4.t14.restarts = 4084
h4.t14.nogoods_size = 10288264
h4.t14.nodes = 17167909
h4.t14.propagations = 17167909
h4.t6.stop_reason = aborted
h4.t6.restarts = 4084
h4.t6.nogoods_size = 10288264
h4.t6.nodes = 17070083
h4.t6.propagations = 17070083
h4.t1.stop_reason = aborted
h4.t1.restarts = 4084
h4.t1.nogoods_size = 10288264
h4.t1.nodes = 17415666
h4.t1.propagations = 17415666
h4.t4.stop_reason = aborted
h4.t4.restarts = 4084
h4.t4.nogoods_size = 10288264
h4.t4.nodes = 17235187
h4.t4.propagations = 17235187
h4.search_time = 1000092
h4.nodes = 280712643
h4.propagations = 699820289
h5.t14.stop_reason = aborted
h5.t14.restarts = 4084
h5.t14.nogoods_size = 10288213
h5.t14.nodes = 17885328
h5.t14.propagations = 17885328
h5.t3.stop_reason = aborted
h5.t3.restarts = 4084
h5.t3.nogoods_size = 10288213
h5.t3.nodes = 17345086
h5.t3.propagations = 17345086
h5.t13.stop_reason = aborted
h5.t13.restarts = 4084
h5.t13.nogoods_size = 10288213
h5.t13.nodes = 17933221
h5.t13.propagations = 17933221
h5.t6.stop_reason = aborted
h5.t6.restarts = 4084
h5.t6.nogoods_size = 10288213
h5.t6.nodes = 17675029
h5.t6.propagations = 17675029
h5.t7.stop_reason = aborted
h5.t7.restarts = 4084
h5.t7.nogoods_size = 10288213
h5.t7.nodes = 18161225
h5.t7.propagations = 18161225
h5.t8.stop_reason = aborted
h5.t8.restarts = 4084
h5.t8.nogoods_size = 10288213
h5.t8.nodes = 17997161
h5.t8.propagations = 17997161
h5.t5.stop_reason = aborted
h5.t5.restarts = 4084
h5.t5.nogoods_size = 10288213
h5.t5.nodes = 17696377
h5.t5.propagations = 17696377
h5.t2.stop_reason = aborted
h5.t2.restarts = 4084
h5.t2.nogoods_size = 10288213
h5.t2.nodes = 18082564
h5.t2.propagations = 18082564
h5.t4.stop_reason = aborted
h5.t4.restarts = 4084
h5.t4.nogoods_size = 10288213
h5.t4.nodes = 17921521
h5.t4.propagations = 17921521
h5.t12.stop_reason = aborted
h5.t12.restarts = 4084
h5.t12.nogoods_size = 10288213
h5.t12.nodes = 18253301
h5.t12.propagations = 18253301
h5.t10.stop_reason = aborted
h5.t10.restarts = 4084
h5.t10.nogoods_size = 10288213
h5.t10.nodes = 17036238
h5.t10.propagations = 17036238
h5.t9.stop_reason = aborted
h5.t9.restarts = 4084
h5.t9.nogoods_size = 10288213
h5.t9.nodes = 17896786
h5.t9.propagations = 17896786
h5.t17.stop_reason = aborted
h5.t17.restarts = 4084
h5.t17.nogoods_size = 10288213
h5.t17.nodes = 5385419
h5.t17.propagations = 5385419
h5.t1.stop_reason = aborted
h5.t1.restarts = 4084
h5.t1.nogoods_size = 10288213
h5.t1.nodes = 17783780
h5.t1.propagations = 17783780
h5.t16.stop_reason = aborted
h5.t16.restarts = 4084
h5.t16.nogoods_size = 10288213
h5.t16.nodes = 17482654
h5.t16.propagations = 17482654
h5.t0.stop_reason = aborted
h5.t0.restarts = 4084
h5.t0.nogoods_size = 10288213
h5.t0.nodes = 3167298
h5.t0.propagations = 3167298
h5.t15.stop_reason = aborted
h5.t15.restarts = 4084
h5.t15.nogoods_size = 10288213
h5.t15.nodes = 17096150
h5.t15.propagations = 17096150
h5.t11.stop_reason = aborted
h5.t11.restarts = 4084
h5.t11.nogoods_size = 10288213
h5.t11.nodes = 17206855
h5.t11.propagations = 17206855
h5.search_time = 1000089
h5.nodes = 292005993
h5.propagations = 727864970
h6.t8.stop_reason = aborted
h6.t8.restarts = 4084
h6.t8.nogoods_size = 10290151
h6.t8.nodes = 17109562
h6.t8.propagations = 17109562
h6.t11.stop_reason = aborted
h6.t11.restarts = 4084
h6.t11.nogoods_size = 10290151
h6.t11.nodes = 16659768
h6.t11.propagations = 16659768
h6.t2.stop_reason = aborted
h6.t2.restarts = 4084
h6.t2.nogoods_size = 10290151
h6.t2.nodes = 17683435
h6.t2.propagations = 17683435
h6.t16.stop_reason = aborted
h6.t16.restarts = 4084
h6.t16.nogoods_size = 10290151
h6.t16.nodes = 17131839
h6.t16.propagations = 17131839
h6.t7.stop_reason = aborted
h6.t7.restarts = 4084
h6.t7.nogoods_size = 10290151
h6.t7.nodes = 17331736
h6.t7.propagations = 17331736
h6.t3.stop_reason = aborted
h6.t3.restarts = 4084
h6.t3.nogoods_size = 10290151
h6.t3.nodes = 17197159
h6.t3.propagations = 17197159
h6.t13.stop_reason = aborted
h6.t13.restarts = 4084
h6.t13.nogoods_size = 10290151
h6.t13.nodes = 16983220
h6.t13.propagations = 16983220
h6.t5.stop_reason = aborted
h6.t5.restarts = 4084
h6.t5.nogoods_size = 10290151
h6.t5.nodes = 17233372
h6.t5.propagations = 17233372
h6.t1.stop_reason = aborted
h6.t1.restarts = 4084
h6.t1.nogoods_size = 10290151
h6.t1.nodes = 17345873
h6.t1.propagations = 17345873
h6.t4.stop_reason = aborted
h6.t4.restarts = 4084
h6.t4.nogoods_size = 10290151
h6.t4.nodes = 17214180
h6.t4.propagations = 17214180
h6.t14.stop_reason = aborted
h6.t14.restarts = 4084
h6.t14.nogoods_size = 10290151
h6.t14.nodes = 16775264
h6.t14.propagations = 16775264
h6.t12.stop_reason = aborted
h6.t12.restarts = 4084
h6.t12.nogoods_size = 10290151
h6.t12.nodes = 17084013
h6.t12.propagations = 17084013
h6.t6.stop_reason = aborted
h6.t6.restarts = 4084
h6.t6.nogoods_size = 10290151
h6.t6.nodes = 17440060
h6.t6.propagations = 17440060
h6.t17.stop_reason = aborted
h6.t17.restarts = 4084
h6.t17.nogoods_size = 10290151
h6.t17.nodes = 5314059
h6.t17.propagations = 5314059
h6.t10.stop_reason = aborted
h6.t10.restarts = 4084
h6.t10.nogoods_size = 10290151
h6.t10.nodes = 16866053
h6.t10.propagations = 16866053
h6.t9.stop_reason = aborted
h6.t9.restarts = 4084
h6.t9.nogoods_size = 10290151
h6.t9.nodes = 17277652
h6.t9.propagations = 17277652
h6.t15.stop_reason = aborted
h6.t15.restarts = 4084
h6.t15.nogoods_size = 10290151
h6.t15.nodes = 16949447
h6.t15.propagations = 16949447
h6.t0.stop_reason = aborted
h6.t0.restarts = 4084
h6.t0.nogoods_size = 10290151
h6.t0.nodes = 3209889
h6.t0.propagations = 3209889
h6.search_time = 1000101
h6.nodes = 282806581
h6.propagations = 704897277
h7.t5.stop_reason = aborted
h7.t5.restarts = 4084
h7.t5.nogoods_size = 10295275
h7.t5.nodes = 18188721
h7.t5.propagations = 18188721
h7.t10.stop_reason = aborted
h7.t10.restarts = 4084
h7.t10.nogoods_size = 10295275
h7.t10.nodes = 17794248
h7.t10.propagations = 17794248
h7.t6.stop_reason = aborted
h7.t6.restarts = 4084
h7.t6.nogoods_size = 10295275
h7.t6.nodes = 18094252
h7.t6.propagations = 18094252
h7.t2.stop_reason = aborted
h7.t2.restarts = 4084
h7.t2.nogoods_size = 10295275
h7.t2.nodes = 18245565
h7.t2.propagations = 18245565
h7.t16.stop_reason = aborted
h7.t16.restarts = 4084
h7.t16.nogoods_size = 10295275
h7.t16.nodes = 17454457
h7.t16.propagations = 17454457
h7.t11.stop_reason = aborted
h7.t11.restarts = 4084
h7.t11.nogoods_size = 10295275
h7.t11.nodes = 17882942
h7.t11.propagations = 17882942
h7.t1.stop_reason = aborted
h7.t1.restarts = 4084
h7.t1.nogoods_size = 10295275
h7.t1.nodes = 18312872
h7.t1.propagations = 18312872
h7.t4.stop_reason = aborted
h7.t4.restarts = 4084
h7.t4.nogoods_size = 10295275
h7.t4.nodes = 18141998
h7.t4.propagations = 18141998
h7.t8.stop_reason = aborted
h7.t8.restarts = 4084
h7.t8.nogoods_size = 10295275
h7.t8.nodes = 17839383
h7.t8.propagations = 17839383
h7.t15.stop_reason = aborted
h7.t15.restarts = 4084
h7.t15.nogoods_size = 10295275
h7.t15.nodes = 17449159
h7.t15.propagations = 17449159
h7.t17.stop_reason = aborted
h7.t17.restarts = 4084
h7.t17.nogoods_size = 10295275
h7.t17.nodes = 5395164
h7.t17.propagations = 5395164
h7.t12.stop_reason = aborted
h7.t12.restarts = 4084
h7.t12.nogoods_size = 10295275
h7.t12.nodes = 18064915
h7.t12.propagations = 18064915
h7.t7.stop_reason = aborted
h7.t7.restarts = 4084
h7.t7.nogoods_size = 10295275
h7.t7.nodes = 18264547
h7.t7.propagations = 18264547
h7.t3.stop_reason = aborted
h7.t3.restarts = 4084
h7.t3.nogoods_size = 10295275
h7.t3.nodes = 17763404
h7.t3.propagations = 17763404
h7.t13.stop_reason = aborted
h7.t13.restarts = 4084
h7.t13.nogoods_size = 10295275
h7.t13.nodes = 17892328
h7.t13.propagations = 17892328
h7.t14.stop_reason = aborted
h7.t14.restarts = 4084
h7.t14.nogoods_size = 10295275
h7.t14.nodes = 17188014
h7.t14.propagations = 17188014
h7.t0.stop_reason = aborted
h7.t0.restarts = 4084
h7.t0.nogoods_size = 10295275
h7.t0.nodes = 3185603
h7.t0.propagations = 3185603
h7.t9.stop_reason = aborted
h7.t9.restarts = 4084
h7.t9.nogoods_size = 10295275
h7.t9.nodes = 17971472
h7.t9.propagations = 17971472
h7.search_time = 1000095
h7.nodes = 295129044
h7.propagations = 736001804
h8.t11.stop_reason = aborted
h8.t11.restarts = 4084
h8.t11.nogoods_size = 10290519
h8.t11.nodes = 17168999
h8.t11.propagations = 17168999
h8.t4.stop_reason = aborted
h8.t4.restarts = 4084
h8.t4.nogoods_size = 10290519
h8.t4.nodes = 17202143
h8.t4.propagations = 17202143
h8.t5.stop_reason = aborted
h8.t5.restarts = 4084
h8.t5.nogoods_size = 10290519
h8.t5.nodes = 17801767
h8.t5.propagations = 17801767
h8.t2.stop_reason = aborted
h8.t2.restarts = 4084
h8.t2.nogoods_size = 10290519
h8.t2.nodes = 17820699
h8.t2.propagations = 17820699
h8.t15.stop_reason = aborted
h8.t15.restarts = 4084
h8.t15.nogoods_size = 10290519
h8.t15.nodes = 17015299
h8.t15.propagations = 17015299
h8.t16.stop_reason = aborted
h8.t16.restarts = 4084
h8.t16.nogoods_size = 10290519
h8.t16.nodes = 17394759
h8.t16.propagations = 17394759
h8.t8.stop_reason = aborted
h8.t8.restarts = 4084
h8.t8.nogoods_size = 10290519
h8.t8.nodes = 17203455
h8.t8.propagations = 17203455
h8.t0.stop_reason = aborted
h8.t0.restarts = 4084
h8.t0.nogoods_size = 10290519
h8.t0.nodes = 3164945
h8.t0.propagations = 3164945
h8.t9.stop_reason = aborted
h8.t9.restarts = 4084
h8.t9.nogoods_size = 10290519
h8.t9.nodes = 17190338
h8.t9.propagations = 17190338
h8.t3.stop_reason = aborted
h8.t3.restarts = 4084
h8.t3.nogoods_size = 10290519
h8.t3.nodes = 17048984
h8.t3.propagations = 17048984
h8.t1.stop_reason = aborted
h8.t1.restarts = 4084
h8.t1.nogoods_size = 10290519
h8.t1.nodes = 17430511
h8.t1.propagations = 17430511
h8.t17.stop_reason = aborted
h8.t17.restarts = 4084
h8.t17.nogoods_size = 10290519
h8.t17.nodes = 5478956
h8.t17.propagations = 5478956
h8.t7.stop_reason = aborted
h8.t7.restarts = 4084
h8.t7.nogoods_size = 10290519
h8.t7.nodes = 17746781
h8.t7.propagations = 17746781
h8.t13.stop_reason = aborted
h8.t13.restarts = 4084
h8.t13.nogoods_size = 10290519
h8.t13.nodes = 17490935
h8.t13.propagations = 17490935
h8.t6.stop_reason = aborted
h8.t6.restarts = 4084
h8.t6.nogoods_size = 10290519
h8.t6.nodes = 17399534
h8.t6.propagations = 17399534
h8.t12.stop_reason = aborted
h8.t12.restarts = 4084
h8.t12.nogoods_size = 10290519
h8.t12.nodes = 17628762
h8.t12.propagations = 17628762
h8.t14.stop_reason = aborted
h8.t14.restarts = 4084
h8.t14.nogoods_size = 10290519
h8.t14.nodes = 17067197
h8.t14.propagations = 17067197
h8.t10.stop_reason = aborted
h8.t10.restarts = 4084
h8.t10.nogoods_size = 10290519
h8.t10.nodes = 17028580
h8.t10.propagations = 17028580
h8.search_time = 1000093
h8.nodes = 286282644
h8.propagations = 713540058
h9.t8.stop_reason = aborted
h9.t8.restarts = 4084
h9.t8.nogoods_size = 10293187
h9.t8.nodes = 18116966
h9.t8.propagations = 18116966
h9.t2.stop_reason = aborted
h9.t2.restarts = 4084
h9.t2.nogoods_size = 10293187
h9.t2.nodes = 17964658
h9.t2.propagations = 17964658
h9.t5.stop_reason = aborted
h9.t5.restarts = 4084
h9.t5.nogoods_size = 10293187
h9.t5.nodes = 18248544
h9.t5.propagations = 18248544
h9.t3.stop_reason = aborted
h9.t3.restarts = 4084
h9.t3.nogoods_size = 10293187
h9.t3.nodes = 17951657
h9.t3.propagations = 17951657
h9.t7.stop_reason = aborted
h9.t7.restarts = 4084
h9.t7.nogoods_size = 10293187
h9.t7.nodes = 17807582
h9.t7.propagations = 17807582
h9.t12.stop_reason = aborted
h9.t12.restarts = 4084
h9.t12.nogoods_size = 10293187
h9.t12.nodes = 18013453
h9.t12.propagations = 18013453
h9.t14.stop_reason = aborted
h9.t14.restarts = 4084
h9.t14.nogoods_size = 10293187
h9.t14.nodes = 18260659
h9.t14.propagations = 18260659
h9.t1.stop_reason = aborted
h9.t1.restarts = 4084
h9.t1.nogoods_size = 10293187
h9.t1.nodes = 17924584
h9.t1.propagations = 17924584
h9.t15.stop_reason = aborted
h9.t15.restarts = 4084
h9.t15.nogoods_size = 10293187
h9.t15.nodes = 17406605
h9.t15.propagations = 17406605
h9.t17.stop_reason = aborted
h9.t17.restarts = 4084
h9.t17.nogoods_size = 10293187
h9.t17.nodes = 5374263
h9.t17.propagations = 5374263
h9.t16.stop_reason = aborted
h9.t16.restarts = 4084
h9.t16.nogoods_size = 10293187
h9.t16.nodes = 17572020
h9.t16.propagations = 17572020
h9.t6.stop_reason = aborted
h9.t6.restarts = 4084
h9.t6.nogoods_size = 10293187
h9.t6.nodes = 18485611
h9.t6.propagations = 18485611
h9.t10.stop_reason = aborted
h9.t10.restarts = 4084
h9.t10.nogoods_size = 10293187
h9.t10.nodes = 17696853
h9.t10.propagations = 17696853
h9.t9.stop_reason = aborted
h9.t9.restarts = 4084
h9.t9.nogoods_size = 10293187
h9.t9.nodes = 17984709
h9.t9.propagations = 17984709
h9.t4.stop_reason = aborted
h9.t4.restarts = 4084
h9.t4.nogoods_size = 10293187
h9.t4.nodes = 17768836
h9.t4.propagations = 17768836
h9.t11.stop_reason = aborted
h9.t11.restarts = 4084
h9.t11.nogoods_size = 10293187
h9.t11.nodes = 17633667
h9.t11.propagations = 17633667
h9.t13.stop_reason = aborted
h9.t13.restarts = 4084
h9.t13.nogoods_size = 10293187
h9.t13.nodes = 18180064
h9.t13.propagations = 18180064
h9.t0.stop_reason = aborted
h9.t0.restarts = 4084
h9.t0.nogoods_size = 10293187
h9.t0.nodes = 3133872
h9.t0.propagations = 3133872
h9.search_time = 1000089
h9.nodes = 295524603
h9.propagations = 736805733
