hostname = r1i3n0
commandline = ../glasgow/mpi_solve_subgraph_isomorphism --timeout 1000 --format lad --geometric-restarts=1.0 --restarts-constant=100000 --restart-timer=100 --triggered-restarts --threads 18 --value-ordering=random ../instances/LV/g5 ../instances/largerGraphs/g93-normed
started_at = 2018-11-26 20:19:22
pattern_file = ../instances/LV/g5
target_file = ../instances/largerGraphs/g93-normed
status = true
nodes = 361
propagations = 527
mapping = (0 -> 1000) (1 -> 904) (2 -> 212) (3 -> 283) (4 -> 522) (5 -> 323) (6 -> 1392) (7 -> 943) (8 -> 192) (9 -> 932) (10 -> 1093) 
runtime = 1454
h0.t1.where = 0/1800 -1/-1 0/148 -1/-1 0/6 -1/-1 0/5 -1/-1 0/25 -1/-1 0/27 -1/-1 0/29 -1/-1 0/10 -1/-1 0/25 -1/-1 0/15 -1/-1 0/14 -1/-1
h0.t1.stop_reason = satisfiable
h0.t1.restarts = 2
h0.t1.nogoods_size = 1
h0.t1.nodes = 12
h0.t1.propagations = 12
h0.t2.stop_reason = aborted
h0.t2.restarts = 2
h0.t2.nogoods_size = 1
h0.t2.nodes = 8
h0.t2.propagations = 8
h0.t0.where = 0/1800 -1/-1 0/122 -1/-1 0/6 -1/-1 0/5 -1/-1 0/25 -1/-1 0/18 -1/-1 0/19 -1/-1 0/10 -1/-1 0/24 -1/-1 0/19 -1/-1 0/8 -1/-1
h0.t0.stop_reason = satisfiable
h0.t0.restarts = 2
h0.t0.nogoods_size = 1
h0.t0.nodes = 12
h0.t0.propagations = 12
h0.t4.stop_reason = aborted
h0.t4.restarts = 2
h0.t4.nogoods_size = 1
h0.t4.nodes = 1
h0.t4.propagations = 1
h0.t16.stop_reason = aborted
h0.t16.restarts = 2
h0.t16.nogoods_size = 1
h0.t16.nodes = 0
h0.t16.propagations = 0
h0.t8.stop_reason = aborted
h0.t8.restarts = 2
h0.t8.nogoods_size = 1
h0.t8.nodes = 0
h0.t8.propagations = 0
h0.t9.stop_reason = aborted
h0.t9.restarts = 2
h0.t9.nogoods_size = 1
h0.t9.nodes = 0
h0.t9.propagations = 0
h0.t17.stop_reason = aborted
h0.t17.restarts = 2
h0.t17.nogoods_size = 1
h0.t17.nodes = 0
h0.t17.propagations = 0
h0.t11.stop_reason = aborted
h0.t11.restarts = 2
h0.t11.nogoods_size = 1
h0.t11.nodes = 0
h0.t11.propagations = 0
h0.t6.stop_reason = aborted
h0.t6.restarts = 2
h0.t6.nogoods_size = 1
h0.t6.nodes = 0
h0.t6.propagations = 0
h0.t15.stop_reason = aborted
h0.t15.restarts = 2
h0.t15.nogoods_size = 1
h0.t15.nodes = 0
h0.t15.propagations = 0
h0.t7.stop_reason = aborted
h0.t7.restarts = 2
h0.t7.nogoods_size = 1
h0.t7.nodes = 0
h0.t7.propagations = 0
h0.t13.stop_reason = aborted
h0.t13.restarts = 2
h0.t13.nogoods_size = 1
h0.t13.nodes = 0
h0.t13.propagations = 0
h0.t5.stop_reason = aborted
h0.t5.restarts = 2
h0.t5.nogoods_size = 1
h0.t5.nodes = 0
h0.t5.propagations = 0
h0.t12.stop_reason = aborted
h0.t12.restarts = 2
h0.t12.nogoods_size = 1
h0.t12.nodes = 0
h0.t12.propagations = 0
h0.t14.stop_reason = aborted
h0.t14.restarts = 2
h0.t14.nogoods_size = 1
h0.t14.nodes = 0
h0.t14.propagations = 0
h0.t3.stop_reason = aborted
h0.t3.restarts = 2
h0.t3.nogoods_size = 1
h0.t3.nodes = 3
h0.t3.propagations = 3
h0.t10.stop_reason = aborted
h0.t10.restarts = 2
h0.t10.nogoods_size = 1
h0.t10.nodes = 0
h0.t10.propagations = 0
h0.search_time = 10
h0.nodes = 36
h0.propagations = 52
h1.t16.stop_reason = aborted
h1.t16.restarts = 2
h1.t16.nogoods_size = 1
h1.t16.nodes = 0
h1.t16.propagations = 0
h1.t0.where = 0/1800 -1/-1 0/188 -1/-1 0/38 -1/-1 0/31 -1/-1 0/5 -1/-1 0/31 -1/-1 0/25 -1/-1 0/16 -1/-1 0/31 -1/-1 0/16 -1/-1 0/6 -1/-1
h1.t0.stop_reason = satisfiable
h1.t0.restarts = 2
h1.t0.nogoods_size = 1
h1.t0.nodes = 12
h1.t0.propagations = 12
h1.t3.stop_reason = aborted
h1.t3.restarts = 2
h1.t3.nogoods_size = 1
h1.t3.nodes = 2
h1.t3.propagations = 2
h1.t2.stop_reason = aborted
h1.t2.restarts = 2
h1.t2.nogoods_size = 1
h1.t2.nodes = 3
h1.t2.propagations = 3
h1.t1.stop_reason = aborted
h1.t1.restarts = 2
h1.t1.nogoods_size = 1
h1.t1.nodes = 7
h1.t1.propagations = 7
h1.t5.stop_reason = aborted
h1.t5.restarts = 2
h1.t5.nogoods_size = 1
h1.t5.nodes = 0
h1.t5.propagations = 0
h1.t4.stop_reason = aborted
h1.t4.restarts = 2
h1.t4.nogoods_size = 1
h1.t4.nodes = 1
h1.t4.propagations = 1
h1.t6.stop_reason = aborted
h1.t6.restarts = 2
h1.t6.nogoods_size = 1
h1.t6.nodes = 0
h1.t6.propagations = 0
h1.t7.stop_reason = aborted
h1.t7.restarts = 2
h1.t7.nogoods_size = 1
h1.t7.nodes = 0
h1.t7.propagations = 0
h1.t8.stop_reason = aborted
h1.t8.restarts = 2
h1.t8.nogoods_size = 1
h1.t8.nodes = 0
h1.t8.propagations = 0
h1.t17.stop_reason = aborted
h1.t17.restarts = 2
h1.t17.nogoods_size = 1
h1.t17.nodes = 0
h1.t17.propagations = 0
h1.t9.stop_reason = aborted
h1.t9.restarts = 2
h1.t9.nogoods_size = 1
h1.t9.nodes = 0
h1.t9.propagations = 0
h1.t10.stop_reason = aborted
h1.t10.restarts = 2
h1.t10.nogoods_size = 1
h1.t10.nodes = 0
h1.t10.propagations = 0
h1.t11.stop_reason = aborted
h1.t11.restarts = 2
h1.t11.nogoods_size = 1
h1.t11.nodes = 0
h1.t11.propagations = 0
h1.t12.stop_reason = aborted
h1.t12.restarts = 2
h1.t12.nogoods_size = 1
h1.t12.nodes = 0
h1.t12.propagations = 0
h1.t13.stop_reason = aborted
h1.t13.restarts = 2
h1.t13.nogoods_size = 1
h1.t13.nodes = 0
h1.t13.propagations = 0
h1.t14.stop_reason = aborted
h1.t14.restarts = 2
h1.t14.nogoods_size = 1
h1.t14.nodes = 0
h1.t14.propagations = 0
h1.t15.stop_reason = aborted
h1.t15.restarts = 2
h1.t15.nogoods_size = 1
h1.t15.nodes = 0
h1.t15.propagations = 0
h1.search_time = 4
h1.nodes = 25
h1.propagations = 42
h2.t1.where = 0/1800 -1/-1 0/200 -1/-1 0/6 -1/-1 0/5 -1/-1 0/37 -1/-1 0/34 -1/-1 0/11 -1/-1 0/27 -1/-1 0/25 -1/-1 0/24 -1/-1 0/6 -1/-1
h2.t1.stop_reason = satisfiable
h2.t1.restarts = 2
h2.t1.nogoods_size = 1
h2.t1.nodes = 12
h2.t1.propagations = 12
h2.t3.stop_reason = aborted
h2.t3.restarts = 2
h2.t3.nogoods_size = 1
h2.t3.nodes = 2
h2.t3.propagations = 2
h2.t16.stop_reason = aborted
h2.t16.restarts = 2
h2.t16.nogoods_size = 1
h2.t16.nodes = 0
h2.t16.propagations = 0
h2.t5.stop_reason = aborted
h2.t5.restarts = 2
h2.t5.nogoods_size = 1
h2.t5.nodes = 0
h2.t5.propagations = 0
h2.t17.stop_reason = aborted
h2.t17.restarts = 2
h2.t17.nogoods_size = 1
h2.t17.nodes = 0
h2.t17.propagations = 0
h2.t4.stop_reason = aborted
h2.t4.restarts = 2
h2.t4.nogoods_size = 1
h2.t4.nodes = 1
h2.t4.propagations = 1
h2.t7.stop_reason = aborted
h2.t7.restarts = 2
h2.t7.nogoods_size = 1
h2.t7.nodes = 0
h2.t7.propagations = 0
h2.t6.stop_reason = aborted
h2.t6.restarts = 2
h2.t6.nogoods_size = 1
h2.t6.nodes = 0
h2.t6.propagations = 0
h2.t8.stop_reason = aborted
h2.t8.restarts = 2
h2.t8.nogoods_size = 1
h2.t8.nodes = 0
h2.t8.propagations = 0
h2.t9.stop_reason = aborted
h2.t9.restarts = 2
h2.t9.nogoods_size = 1
h2.t9.nodes = 0
h2.t9.propagations = 0
h2.t10.stop_reason = aborted
h2.t10.restarts = 2
h2.t10.nogoods_size = 1
h2.t10.nodes = 0
h2.t10.propagations = 0
h2.t2.stop_reason = aborted
h2.t2.restarts = 2
h2.t2.nogoods_size = 1
h2.t2.nodes = 7
h2.t2.propagations = 7
h2.t11.stop_reason = aborted
h2.t11.restarts = 2
h2.t11.nogoods_size = 1
h2.t11.nodes = 0
h2.t11.propagations = 0
h2.t12.stop_reason = aborted
h2.t12.restarts = 2
h2.t12.nogoods_size = 1
h2.t12.nodes = 0
h2.t12.propagations = 0
h2.t13.stop_reason = aborted
h2.t13.restarts = 2
h2.t13.nogoods_size = 1
h2.t13.nodes = 0
h2.t13.propagations = 0
h2.t14.stop_reason = aborted
h2.t14.restarts = 2
h2.t14.nogoods_size = 1
h2.t14.nodes = 0
h2.t14.propagations = 0
h2.t15.stop_reason = aborted
h2.t15.restarts = 2
h2.t15.nogoods_size = 1
h2.t15.nodes = 0
h2.t15.propagations = 0
h2.t0.where = 0/1800 -1/-1 0/122 -1/-1 0/20 -1/-1 0/19 -1/-1 0/5 -1/-1 0/25 -1/-1 0/19 -1/-1 0/5 -1/-1 0/19 -1/-1 0/9 -1/-1 0/9 -1/-1
h2.t0.stop_reason = satisfiable
h2.t0.restarts = 2
h2.t0.nogoods_size = 1
h2.t0.nodes = 12
h2.t0.propagations = 12
h2.search_time = 13
h2.nodes = 34
h2.propagations = 50
h3.t17.stop_reason = aborted
h3.t17.restarts = 2
h3.t17.nogoods_size = 1
h3.t17.nodes = 0
h3.t17.propagations = 0
h3.t2.stop_reason = aborted
h3.t2.restarts = 2
h3.t2.nogoods_size = 1
h3.t2.nodes = 7
h3.t2.propagations = 7
h3.t6.stop_reason = aborted
h3.t6.restarts = 2
h3.t6.nogoods_size = 1
h3.t6.nodes = 0
h3.t6.propagations = 0
h3.t16.stop_reason = aborted
h3.t16.restarts = 2
h3.t16.nogoods_size = 1
h3.t16.nodes = 0
h3.t16.propagations = 0
h3.t4.stop_reason = aborted
h3.t4.restarts = 2
h3.t4.nogoods_size = 1
h3.t4.nodes = 4
h3.t4.propagations = 4
h3.t1.stop_reason = aborted
h3.t1.restarts = 2
h3.t1.nogoods_size = 1
h3.t1.nodes = 8
h3.t1.propagations = 8
h3.t7.stop_reason = aborted
h3.t7.restarts = 2
h3.t7.nogoods_size = 1
h3.t7.nodes = 0
h3.t7.propagations = 0
h3.t3.stop_reason = aborted
h3.t3.restarts = 2
h3.t3.nogoods_size = 1
h3.t3.nodes = 4
h3.t3.propagations = 4
h3.t5.stop_reason = aborted
h3.t5.restarts = 2
h3.t5.nogoods_size = 1
h3.t5.nodes = 1
h3.t5.propagations = 1
h3.t9.stop_reason = aborted
h3.t9.restarts = 2
h3.t9.nogoods_size = 1
h3.t9.nodes = 0
h3.t9.propagations = 0
h3.t10.stop_reason = aborted
h3.t10.restarts = 2
h3.t10.nogoods_size = 1
h3.t10.nodes = 0
h3.t10.propagations = 0
h3.t11.stop_reason = aborted
h3.t11.restarts = 2
h3.t11.nogoods_size = 1
h3.t11.nodes = 0
h3.t11.propagations = 0
h3.t8.stop_reason = aborted
h3.t8.restarts = 2
h3.t8.nogoods_size = 1
h3.t8.nodes = 0
h3.t8.propagations = 0
h3.t13.stop_reason = aborted
h3.t13.restarts = 2
h3.t13.nogoods_size = 1
h3.t13.nodes = 0
h3.t13.propagations = 0
h3.t12.stop_reason = aborted
h3.t12.restarts = 2
h3.t12.nogoods_size = 1
h3.t12.nodes = 0
h3.t12.propagations = 0
h3.t14.stop_reason = aborted
h3.t14.restarts = 2
h3.t14.nogoods_size = 1
h3.t14.nodes = 0
h3.t14.propagations = 0
h3.t0.where = 0/1800 -1/-1 0/172 -1/-1 0/10 -1/-1 0/9 -1/-1 0/35 -1/-1 0/29 -1/-1 0/29 -1/-1 0/25 -1/-1 0/27 -1/-1 0/24 -1/-1 0/7 -1/-1
h3.t0.stop_reason = satisfiable
h3.t0.restarts = 2
h3.t0.nogoods_size = 1
h3.t0.nodes = 12
h3.t0.propagations = 12
h3.t15.stop_reason = aborted
h3.t15.restarts = 2
h3.t15.nogoods_size = 1
h3.t15.nodes = 0
h3.t15.propagations = 0
h3.search_time = 15
h3.nodes = 36
h3.propagations = 53
h4.t3.stop_reason = aborted
h4.t3.restarts = 2
h4.t3.nogoods_size = 1
h4.t3.nodes = 6
h4.t3.propagations = 6
h4.t4.stop_reason = aborted
h4.t4.restarts = 2
h4.t4.nogoods_size = 1
h4.t4.nodes = 3
h4.t4.propagations = 3
h4.t5.stop_reason = aborted
h4.t5.restarts = 2
h4.t5.nogoods_size = 1
h4.t5.nodes = 1
h4.t5.propagations = 1
h4.t6.stop_reason = aborted
h4.t6.restarts = 2
h4.t6.nogoods_size = 1
h4.t6.nodes = 0
h4.t6.propagations = 0
h4.t7.stop_reason = aborted
h4.t7.restarts = 2
h4.t7.nogoods_size = 1
h4.t7.nodes = 0
h4.t7.propagations = 0
h4.t2.stop_reason = aborted
h4.t2.restarts = 2
h4.t2.nogoods_size = 1
h4.t2.nodes = 10
h4.t2.propagations = 10
h4.t9.stop_reason = aborted
h4.t9.restarts = 2
h4.t9.nogoods_size = 1
h4.t9.nodes = 0
h4.t9.propagations = 0
h4.t10.stop_reason = aborted
h4.t10.restarts = 2
h4.t10.nogoods_size = 1
h4.t10.nodes = 0
h4.t10.propagations = 0
h4.t8.stop_reason = aborted
h4.t8.restarts = 2
h4.t8.nogoods_size = 1
h4.t8.nodes = 0
h4.t8.propagations = 0
h4.t11.stop_reason = aborted
h4.t11.restarts = 2
h4.t11.nogoods_size = 1
h4.t11.nodes = 0
h4.t11.propagations = 0
h4.t12.stop_reason = aborted
h4.t12.restarts = 2
h4.t12.nogoods_size = 1
h4.t12.nodes = 0
h4.t12.propagations = 0
h4.t13.stop_reason = aborted
h4.t13.restarts = 2
h4.t13.nogoods_size = 1
h4.t13.nodes = 0
h4.t13.propagations = 0
h4.t14.stop_reason = aborted
h4.t14.restarts = 2
h4.t14.nogoods_size = 1
h4.t14.nodes = 0
h4.t14.propagations = 0
h4.t15.stop_reason = aborted
h4.t15.restarts = 2
h4.t15.nogoods_size = 1
h4.t15.nodes = 0
h4.t15.propagations = 0
h4.t16.stop_reason = aborted
h4.t16.restarts = 2
h4.t16.nogoods_size = 1
h4.t16.nodes = 0
h4.t16.propagations = 0
h4.t1.where = 0/1800 -1/-1 0/268 -1/-1 0/44 -1/-1 0/17 -1/-1 0/43 -1/-1 0/42 -1/-1 0/17 -1/-1 0/37 -1/-1 0/34 -1/-1 0/24 -1/-1 0/22 -1/-1
h4.t1.stop_reason = satisfiable
h4.t1.restarts = 2
h4.t1.nogoods_size = 1
h4.t1.nodes = 12
h4.t1.propagations = 12
h4.t0.where = 0/1800 -1/-1 0/122 -1/-1 0/6 -1/-1 0/5 -1/-1 0/25 -1/-1 0/10 -1/-1 0/25 -1/-1 0/19 -1/-1 0/17 -1/-1 0/23 -1/-1 0/3 -1/-1
h4.t0.stop_reason = satisfiable
h4.t0.restarts = 2
h4.t0.nogoods_size = 1
h4.t0.nodes = 12
h4.t0.propagations = 12
h4.t17.stop_reason = aborted
h4.t17.restarts = 2
h4.t17.nogoods_size = 1
h4.t17.nodes = 0
h4.t17.propagations = 0
h4.search_time = 14
h4.nodes = 44
h4.propagations = 60
h5.t17.stop_reason = aborted
h5.t17.restarts = 2
h5.t17.nogoods_size = 1
h5.t17.nodes = 0
h5.t17.propagations = 0
h5.t1.stop_reason = aborted
h5.t1.restarts = 2
h5.t1.nogoods_size = 1
h5.t1.nodes = 4
h5.t1.propagations = 4
h5.t2.stop_reason = aborted
h5.t2.restarts = 2
h5.t2.nogoods_size = 1
h5.t2.nodes = 1
h5.t2.propagations = 1
h5.t4.stop_reason = aborted
h5.t4.restarts = 2
h5.t4.nogoods_size = 1
h5.t4.nodes = 0
h5.t4.propagations = 0
h5.t5.stop_reason = aborted
h5.t5.restarts = 2
h5.t5.nogoods_size = 1
h5.t5.nodes = 0
h5.t5.propagations = 0
h5.t16.stop_reason = aborted
h5.t16.restarts = 2
h5.t16.nogoods_size = 1
h5.t16.nodes = 0
h5.t16.propagations = 0
h5.t6.stop_reason = aborted
h5.t6.restarts = 2
h5.t6.nogoods_size = 1
h5.t6.nodes = 0
h5.t6.propagations = 0
h5.t7.stop_reason = aborted
h5.t7.restarts = 2
h5.t7.nogoods_size = 1
h5.t7.nodes = 0
h5.t7.propagations = 0
h5.t9.stop_reason = aborted
h5.t9.restarts = 2
h5.t9.nogoods_size = 1
h5.t9.nodes = 0
h5.t9.propagations = 0
h5.t8.stop_reason = aborted
h5.t8.restarts = 2
h5.t8.nogoods_size = 1
h5.t8.nodes = 0
h5.t8.propagations = 0
h5.t3.stop_reason = aborted
h5.t3.restarts = 2
h5.t3.nogoods_size = 1
h5.t3.nodes = 1
h5.t3.propagations = 1
h5.t10.stop_reason = aborted
h5.t10.restarts = 2
h5.t10.nogoods_size = 1
h5.t10.nodes = 0
h5.t10.propagations = 0
h5.t11.stop_reason = aborted
h5.t11.restarts = 2
h5.t11.nogoods_size = 1
h5.t11.nodes = 0
h5.t11.propagations = 0
h5.t12.stop_reason = aborted
h5.t12.restarts = 2
h5.t12.nogoods_size = 1
h5.t12.nodes = 0
h5.t12.propagations = 0
h5.t13.stop_reason = aborted
h5.t13.restarts = 2
h5.t13.nogoods_size = 1
h5.t13.nodes = 0
h5.t13.propagations = 0
h5.t14.stop_reason = aborted
h5.t14.restarts = 2
h5.t14.nogoods_size = 1
h5.t14.nodes = 0
h5.t14.propagations = 0
h5.t0.where = 0/1800 -1/-1 0/228 -1/-1 0/8 -1/-1 0/7 -1/-1 0/31 -1/-1 0/18 -1/-1 0/42 -1/-1 0/34 -1/-1 0/19 -1/-1 0/27 -1/-1 0/5 -1/-1
h5.t0.stop_reason = satisfiable
h5.t0.restarts = 2
h5.t0.nogoods_size = 1
h5.t0.nodes = 12
h5.t0.propagations = 12
h5.t15.stop_reason = aborted
h5.t15.restarts = 2
h5.t15.nogoods_size = 1
h5.t15.nodes = 0
h5.t15.propagations = 0
h5.search_time = 13
h5.nodes = 18
h5.propagations = 35
h6.t0.where = 0/1800 -1/-1 0/172 -1/-1 0/38 -1/-1 0/37 -1/-1 0/17 -1/-1 0/27 -1/-1 0/27 -1/-1 0/24 -1/-1 0/27 -1/-1 0/17 -1/-1 0/9 -1/-1
h6.t0.stop_reason = satisfiable
h6.t0.restarts = 2
h6.t0.nogoods_size = 1
h6.t0.nodes = 12
h6.t0.propagations = 12
h6.t17.stop_reason = aborted
h6.t17.restarts = 2
h6.t17.nogoods_size = 1
h6.t17.nodes = 0
h6.t17.propagations = 0
h6.t2.stop_reason = aborted
h6.t2.restarts = 2
h6.t2.nogoods_size = 1
h6.t2.nodes = 11
h6.t2.propagations = 11
h6.t6.stop_reason = aborted
h6.t6.restarts = 2
h6.t6.nogoods_size = 1
h6.t6.nodes = 0
h6.t6.propagations = 0
h6.t4.stop_reason = aborted
h6.t4.restarts = 2
h6.t4.nogoods_size = 1
h6.t4.nodes = 3
h6.t4.propagations = 3
h6.t3.stop_reason = aborted
h6.t3.restarts = 2
h6.t3.nogoods_size = 1
h6.t3.nodes = 7
h6.t3.propagations = 7
h6.t5.stop_reason = aborted
h6.t5.restarts = 2
h6.t5.nogoods_size = 1
h6.t5.nodes = 1
h6.t5.propagations = 1
h6.t7.stop_reason = aborted
h6.t7.restarts = 2
h6.t7.nogoods_size = 1
h6.t7.nodes = 0
h6.t7.propagations = 0
h6.t8.stop_reason = aborted
h6.t8.restarts = 2
h6.t8.nogoods_size = 1
h6.t8.nodes = 0
h6.t8.propagations = 0
h6.t9.stop_reason = aborted
h6.t9.restarts = 2
h6.t9.nogoods_size = 1
h6.t9.nodes = 0
h6.t9.propagations = 0
h6.t10.stop_reason = aborted
h6.t10.restarts = 2
h6.t10.nogoods_size = 1
h6.t10.nodes = 0
h6.t10.propagations = 0
h6.t11.stop_reason = aborted
h6.t11.restarts = 2
h6.t11.nogoods_size = 1
h6.t11.nodes = 0
h6.t11.propagations = 0
h6.t12.stop_reason = aborted
h6.t12.restarts = 2
h6.t12.nogoods_size = 1
h6.t12.nodes = 0
h6.t12.propagations = 0
h6.t13.stop_reason = aborted
h6.t13.restarts = 2
h6.t13.nogoods_size = 1
h6.t13.nodes = 0
h6.t13.propagations = 0
h6.t14.stop_reason = aborted
h6.t14.restarts = 2
h6.t14.nogoods_size = 1
h6.t14.nodes = 0
h6.t14.propagations = 0
h6.t15.stop_reason = aborted
h6.t15.restarts = 2
h6.t15.nogoods_size = 1
h6.t15.nodes = 0
h6.t15.propagations = 0
h6.t16.stop_reason = aborted
h6.t16.restarts = 2
h6.t16.nogoods_size = 1
h6.t16.nodes = 0
h6.t16.propagations = 0
h6.t1.where = 0/1800 -1/-1 0/200 -1/-1 0/38 -1/-1 0/5 -1/-1 0/37 -1/-1 0/7 -1/-1 0/35 -1/-1 0/10 -1/-1 0/27 -1/-1 0/15 -1/-1 0/13 -1/-1
h6.t1.stop_reason = satisfiable
h6.t1.restarts = 2
h6.t1.nogoods_size = 1
h6.t1.nodes = 12
h6.t1.propagations = 12
h6.search_time = 14
h6.nodes = 46
h6.propagations = 62
h7.t17.stop_reason = aborted
h7.t17.restarts = 2
h7.t17.nogoods_size = 1
h7.t17.nodes = 0
h7.t17.propagations = 0
h7.t7.stop_reason = aborted
h7.t7.restarts = 2
h7.t7.nogoods_size = 1
h7.t7.nodes = 0
h7.t7.propagations = 0
h7.t3.stop_reason = aborted
h7.t3.restarts = 2
h7.t3.nogoods_size = 1
h7.t3.nodes = 9
h7.t3.propagations = 9
h7.t4.stop_reason = aborted
h7.t4.restarts = 2
h7.t4.nogoods_size = 1
h7.t4.nodes = 1
h7.t4.propagations = 1
h7.t16.stop_reason = aborted
h7.t16.restarts = 2
h7.t16.nogoods_size = 1
h7.t16.nodes = 0
h7.t16.propagations = 0
h7.t5.stop_reason = aborted
h7.t5.restarts = 2
h7.t5.nogoods_size = 1
h7.t5.nodes = 1
h7.t5.propagations = 1
h7.t2.stop_reason = aborted
h7.t2.restarts = 2
h7.t2.nogoods_size = 1
h7.t2.nodes = 11
h7.t2.propagations = 11
h7.t9.stop_reason = aborted
h7.t9.restarts = 2
h7.t9.nogoods_size = 1
h7.t9.nodes = 0
h7.t9.propagations = 0
h7.t1.stop_reason = aborted
h7.t1.restarts = 2
h7.t1.nogoods_size = 1
h7.t1.nodes = 11
h7.t1.propagations = 11
h7.t10.stop_reason = aborted
h7.t10.restarts = 2
h7.t10.nogoods_size = 1
h7.t10.nodes = 0
h7.t10.propagations = 0
h7.t11.stop_reason = aborted
h7.t11.restarts = 2
h7.t11.nogoods_size = 1
h7.t11.nodes = 0
h7.t11.propagations = 0
h7.t8.stop_reason = aborted
h7.t8.restarts = 2
h7.t8.nogoods_size = 1
h7.t8.nodes = 0
h7.t8.propagations = 0
h7.t6.stop_reason = aborted
h7.t6.restarts = 2
h7.t6.nogoods_size = 1
h7.t6.nodes = 1
h7.t6.propagations = 1
h7.t12.stop_reason = aborted
h7.t12.restarts = 2
h7.t12.nogoods_size = 1
h7.t12.nodes = 0
h7.t12.propagations = 0
h7.t14.stop_reason = aborted
h7.t14.restarts = 2
h7.t14.nogoods_size = 1
h7.t14.nodes = 0
h7.t14.propagations = 0
h7.t15.stop_reason = aborted
h7.t15.restarts = 2
h7.t15.nogoods_size = 1
h7.t15.nodes = 0
h7.t15.propagations = 0
h7.t0.where = 0/1800 -1/-1 0/200 -1/-1 0/18 -1/-1 0/17 -1/-1 0/25 -1/-1 0/26 -1/-1 0/29 -1/-1 0/36 -1/-1 0/9 -1/-1 0/36 -1/-1 0/16 -1/-1
h7.t0.stop_reason = satisfiable
h7.t0.restarts = 2
h7.t0.nogoods_size = 1
h7.t0.nodes = 12
h7.t0.propagations = 12
h7.t13.stop_reason = aborted
h7.t13.restarts = 2
h7.t13.nogoods_size = 1
h7.t13.nodes = 0
h7.t13.propagations = 0
h7.search_time = 15
h7.nodes = 46
h7.propagations = 63
h8.t17.stop_reason = aborted
h8.t17.restarts = 2
h8.t17.nogoods_size = 1
h8.t17.nodes = 0
h8.t17.propagations = 0
h8.t1.stop_reason = aborted
h8.t1.restarts = 2
h8.t1.nogoods_size = 1
h8.t1.nodes = 11
h8.t1.propagations = 11
h8.t3.stop_reason = aborted
h8.t3.restarts = 2
h8.t3.nogoods_size = 1
h8.t3.nodes = 8
h8.t3.propagations = 8
h8.t2.stop_reason = aborted
h8.t2.restarts = 2
h8.t2.nogoods_size = 1
h8.t2.nodes = 8
h8.t2.propagations = 8
h8.t6.stop_reason = aborted
h8.t6.restarts = 2
h8.t6.nogoods_size = 1
h8.t6.nodes = 0
h8.t6.propagations = 0
h8.t16.stop_reason = aborted
h8.t16.restarts = 2
h8.t16.nogoods_size = 1
h8.t16.nodes = 0
h8.t16.propagations = 0
h8.t4.stop_reason = aborted
h8.t4.restarts = 2
h8.t4.nogoods_size = 1
h8.t4.nodes = 1
h8.t4.propagations = 1
h8.t5.stop_reason = aborted
h8.t5.restarts = 2
h8.t5.nogoods_size = 1
h8.t5.nodes = 1
h8.t5.propagations = 1
h8.t7.stop_reason = aborted
h8.t7.restarts = 2
h8.t7.nogoods_size = 1
h8.t7.nodes = 0
h8.t7.propagations = 0
h8.t8.stop_reason = aborted
h8.t8.restarts = 2
h8.t8.nogoods_size = 1
h8.t8.nodes = 0
h8.t8.propagations = 0
h8.t9.stop_reason = aborted
h8.t9.restarts = 2
h8.t9.nogoods_size = 1
h8.t9.nodes = 0
h8.t9.propagations = 0
h8.t11.stop_reason = aborted
h8.t11.restarts = 2
h8.t11.nogoods_size = 1
h8.t11.nodes = 0
h8.t11.propagations = 0
h8.t12.stop_reason = aborted
h8.t12.restarts = 2
h8.t12.nogoods_size = 1
h8.t12.nodes = 0
h8.t12.propagations = 0
h8.t13.stop_reason = aborted
h8.t13.restarts = 2
h8.t13.nogoods_size = 1
h8.t13.nodes = 0
h8.t13.propagations = 0
h8.t14.stop_reason = aborted
h8.t14.restarts = 2
h8.t14.nogoods_size = 1
h8.t14.nodes = 0
h8.t14.propagations = 0
h8.t10.stop_reason = aborted
h8.t10.restarts = 2
h8.t10.nogoods_size = 1
h8.t10.nodes = 0
h8.t10.propagations = 0
h8.t15.stop_reason = aborted
h8.t15.restarts = 2
h8.t15.nogoods_size = 1
h8.t15.nodes = 0
h8.t15.propagations = 0
h8.t0.where = 0/1800 -1/-1 0/200 -1/-1 0/10 -1/-1 0/9 -1/-1 0/37 -1/-1 0/16 -1/-1 0/27 -1/-1 0/30 -1/-1 0/34 -1/-1 0/5 -1/-1 0/15 -1/-1
h8.t0.stop_reason = satisfiable
h8.t0.restarts = 2
h8.t0.nogoods_size = 1
h8.t0.nodes = 12
h8.t0.propagations = 12
h8.search_time = 16
h8.nodes = 41
h8.propagations = 58
h9.t17.stop_reason = aborted
h9.t17.restarts = 2
h9.t17.nogoods_size = 1
h9.t17.nodes = 0
h9.t17.propagations = 0
h9.t2.stop_reason = aborted
h9.t2.restarts = 2
h9.t2.nogoods_size = 1
h9.t2.nodes = 7
h9.t2.propagations = 7
h9.t4.stop_reason = aborted
h9.t4.restarts = 2
h9.t4.nogoods_size = 1
h9.t4.nodes = 1
h9.t4.propagations = 1
h9.t3.stop_reason = aborted
h9.t3.restarts = 2
h9.t3.nogoods_size = 1
h9.t3.nodes = 3
h9.t3.propagations = 3
h9.t5.stop_reason = aborted
h9.t5.restarts = 2
h9.t5.nogoods_size = 1
h9.t5.nodes = 1
h9.t5.propagations = 1
h9.t6.stop_reason = aborted
h9.t6.restarts = 2
h9.t6.nogoods_size = 1
h9.t6.nodes = 0
h9.t6.propagations = 0
h9.t7.stop_reason = aborted
h9.t7.restarts = 2
h9.t7.nogoods_size = 1
h9.t7.nodes = 0
h9.t7.propagations = 0
h9.t1.where = 0/1800 -1/-1 0/228 -1/-1 0/20 -1/-1 0/19 -1/-1 0/27 -1/-1 0/31 -1/-1 0/35 -1/-1 0/30 -1/-1 0/28 -1/-1 0/36 -1/-1 0/13 -1/-1
h9.t1.stop_reason = satisfiable
h9.t1.restarts = 2
h9.t1.nogoods_size = 1
h9.t1.nodes = 12
h9.t1.propagations = 12
h9.t9.stop_reason = aborted
h9.t9.restarts = 2
h9.t9.nogoods_size = 1
h9.t9.nodes = 0
h9.t9.propagations = 0
h9.t8.stop_reason = aborted
h9.t8.restarts = 2
h9.t8.nogoods_size = 1
h9.t8.nodes = 0
h9.t8.propagations = 0
h9.t10.stop_reason = aborted
h9.t10.restarts = 2
h9.t10.nogoods_size = 1
h9.t10.nodes = 0
h9.t10.propagations = 0
h9.t11.stop_reason = aborted
h9.t11.restarts = 2
h9.t11.nogoods_size = 1
h9.t11.nodes = 0
h9.t11.propagations = 0
h9.t12.stop_reason = aborted
h9.t12.restarts = 2
h9.t12.nogoods_size = 1
h9.t12.nodes = 0
h9.t12.propagations = 0
h9.t13.stop_reason = aborted
h9.t13.restarts = 2
h9.t13.nogoods_size = 1
h9.t13.nodes = 0
h9.t13.propagations = 0
h9.t14.stop_reason = aborted
h9.t14.restarts = 2
h9.t14.nogoods_size = 1
h9.t14.nodes = 0
h9.t14.propagations = 0
h9.t15.stop_reason = aborted
h9.t15.restarts = 2
h9.t15.nogoods_size = 1
h9.t15.nodes = 0
h9.t15.propagations = 0
h9.t16.stop_reason = aborted
h9.t16.restarts = 2
h9.t16.nogoods_size = 1
h9.t16.nodes = 0
h9.t16.propagations = 0
h9.t0.stop_reason = aborted
h9.t0.restarts = 2
h9.t0.nogoods_size = 1
h9.t0.nodes = 11
h9.t0.propagations = 11
h9.search_time = 8
h9.nodes = 35
h9.propagations = 52
