hostname = r1i3n0
commandline = ../glasgow/mpi_solve_subgraph_isomorphism --timeout 1000 --format lad --geometric-restarts=1.0 --restarts-constant=100000 --restart-timer=100 --triggered-restarts --threads 18 --value-ordering=random ../instances/phase/phase-30-150-0.68-0.64-0.68-7-pattern ../instances/phase/phase-30-150-0.68-0.64-0.68-7-target
started_at = 2018-11-26 20:20:02
pattern_file = ../instances/phase/phase-30-150-0.68-0.64-0.68-7-pattern
target_file = ../instances/phase/phase-30-150-0.68-0.64-0.68-7-target
status = true
nodes = 24830787
propagations = 60344261
mapping = (0 -> 44) (1 -> 88) (2 -> 97) (3 -> 45) (4 -> 47) (5 -> 140) (6 -> 61) (7 -> 93) (8 -> 84) (9 -> 92) (10 -> 81) (11 -> 71) (12 -> 50) (13 -> 33) (14 -> 111) (15 -> 120) (16 -> 0) (17 -> 4) (18 -> 13) (19 -> 14) (20 -> 43) (21 -> 70) (22 -> 146) (23 -> 72) (24 -> 20) (25 -> 8) (26 -> 87) (27 -> 68) (28 -> 10) (29 -> 117) 
runtime = 573
h0.t1.restarts = 5
h0.t1.nogoods_size = 15857
h0.t1.nodes = 149617
h0.t1.propagations = 149617
h0.t10.restarts = 5
h0.t10.nogoods_size = 15857
h0.t10.nodes = 150269
h0.t10.propagations = 150269
h0.t0.restarts = 5
h0.t0.nogoods_size = 15857
h0.t0.nodes = 77240
h0.t0.propagations = 77240
h0.t7.restarts = 5
h0.t7.nogoods_size = 15857
h0.t7.nodes = 156501
h0.t7.propagations = 156501
h0.t15.restarts = 5
h0.t15.nogoods_size = 15857
h0.t15.nodes = 150941
h0.t15.propagations = 150941
h0.t14.restarts = 5
h0.t14.nogoods_size = 15857
h0.t14.nodes = 149557
h0.t14.propagations = 149557
h0.t6.restarts = 5
h0.t6.nogoods_size = 15857
h0.t6.nodes = 160429
h0.t6.propagations = 160429
h0.t9.restarts = 5
h0.t9.nogoods_size = 15857
h0.t9.nodes = 152556
h0.t9.propagations = 152556
h0.t4.restarts = 5
h0.t4.nogoods_size = 15857
h0.t4.nodes = 154343
h0.t4.propagations = 154343
h0.t11.restarts = 5
h0.t11.nogoods_size = 15857
h0.t11.nodes = 151346
h0.t11.propagations = 151346
h0.t8.restarts = 5
h0.t8.nogoods_size = 15857
h0.t8.nodes = 151633
h0.t8.propagations = 151633
h0.t12.restarts = 5
h0.t12.nogoods_size = 15857
h0.t12.nodes = 150136
h0.t12.propagations = 150136
h0.t13.restarts = 5
h0.t13.nogoods_size = 15857
h0.t13.nodes = 153044
h0.t13.propagations = 153044
h0.t16.restarts = 5
h0.t16.nogoods_size = 15857
h0.t16.nodes = 150448
h0.t16.propagations = 150448
h0.t17.restarts = 5
h0.t17.nogoods_size = 15857
h0.t17.nodes = 82828
h0.t17.propagations = 82828
h0.t5.restarts = 5
h0.t5.nogoods_size = 15857
h0.t5.nodes = 156291
h0.t5.propagations = 156291
h0.t3.restarts = 5
h0.t3.nogoods_size = 15857
h0.t3.nodes = 155869
h0.t3.propagations = 155869
h0.t2.restarts = 5
h0.t2.nogoods_size = 15857
h0.t2.nodes = 150443
h0.t2.propagations = 150443
h0.search_time = 527
h0.nodes = 2603491
h0.propagations = 6296057
h1.t7.restarts = 5
h1.t7.nogoods_size = 15873
h1.t7.nodes = 151987
h1.t7.propagations = 151987
h1.t5.restarts = 5
h1.t5.nogoods_size = 15873
h1.t5.nodes = 154901
h1.t5.propagations = 154901
h1.t15.restarts = 5
h1.t15.nogoods_size = 15873
h1.t15.nodes = 152909
h1.t15.propagations = 152909
h1.t8.restarts = 5
h1.t8.nogoods_size = 15873
h1.t8.nodes = 147160
h1.t8.propagations = 147160
h1.t9.restarts = 5
h1.t9.nogoods_size = 15873
h1.t9.nodes = 153297
h1.t9.propagations = 153297
h1.t12.restarts = 5
h1.t12.nogoods_size = 15873
h1.t12.nodes = 145040
h1.t12.propagations = 145040
h1.t10.restarts = 5
h1.t10.nogoods_size = 15873
h1.t10.nodes = 149977
h1.t10.propagations = 149977
h1.t6.restarts = 5
h1.t6.nogoods_size = 15873
h1.t6.nodes = 156374
h1.t6.propagations = 156374
h1.t16.restarts = 5
h1.t16.nogoods_size = 15873
h1.t16.nodes = 159299
h1.t16.propagations = 159299
h1.t3.restarts = 5
h1.t3.nogoods_size = 15873
h1.t3.nodes = 159763
h1.t3.propagations = 159763
h1.t17.restarts = 5
h1.t17.nogoods_size = 15873
h1.t17.nodes = 82383
h1.t17.propagations = 82383
h1.t13.restarts = 5
h1.t13.nogoods_size = 15873
h1.t13.nodes = 147015
h1.t13.propagations = 147015
h1.t2.restarts = 5
h1.t2.nogoods_size = 15873
h1.t2.nodes = 150562
h1.t2.propagations = 150562
h1.t11.restarts = 5
h1.t11.nogoods_size = 15873
h1.t11.nodes = 163984
h1.t11.propagations = 163984
h1.t0.restarts = 5
h1.t0.nogoods_size = 15873
h1.t0.nodes = 75542
h1.t0.propagations = 75542
h1.t4.restarts = 5
h1.t4.nogoods_size = 15873
h1.t4.nodes = 148873
h1.t4.propagations = 148873
h1.t14.restarts = 5
h1.t14.nogoods_size = 15873
h1.t14.nodes = 152520
h1.t14.propagations = 152520
h1.t1.restarts = 5
h1.t1.nogoods_size = 15873
h1.t1.nodes = 148848
h1.t1.propagations = 148848
h1.search_time = 529
h1.nodes = 2600434
h1.propagations = 6306714
h2.t5.restarts = 5
h2.t5.nogoods_size = 15895
h2.t5.nodes = 157214
h2.t5.propagations = 157214
h2.t7.restarts = 5
h2.t7.nogoods_size = 15895
h2.t7.nodes = 162289
h2.t7.propagations = 162289
h2.t15.restarts = 5
h2.t15.nogoods_size = 15895
h2.t15.nodes = 165030
h2.t15.propagations = 165030
h2.t11.restarts = 5
h2.t11.nogoods_size = 15895
h2.t11.nodes = 158928
h2.t11.propagations = 158928
h2.t13.restarts = 5
h2.t13.nogoods_size = 15895
h2.t13.nodes = 162896
h2.t13.propagations = 162896
h2.t10.restarts = 5
h2.t10.nogoods_size = 15895
h2.t10.nodes = 154572
h2.t10.propagations = 154572
h2.t1.restarts = 5
h2.t1.nogoods_size = 15895
h2.t1.nodes = 161252
h2.t1.propagations = 161252
h2.t6.restarts = 5
h2.t6.nogoods_size = 15895
h2.t6.nodes = 158905
h2.t6.propagations = 158905
h2.t4.restarts = 5
h2.t4.nogoods_size = 15895
h2.t4.nodes = 154603
h2.t4.propagations = 154603
h2.t17.restarts = 5
h2.t17.nogoods_size = 15895
h2.t17.nodes = 86052
h2.t17.propagations = 86052
h2.t2.restarts = 5
h2.t2.nogoods_size = 15895
h2.t2.nodes = 166541
h2.t2.propagations = 166541
h2.t8.restarts = 5
h2.t8.nogoods_size = 15895
h2.t8.nodes = 154101
h2.t8.propagations = 154101
h2.t0.restarts = 5
h2.t0.nogoods_size = 15895
h2.t0.nodes = 75791
h2.t0.propagations = 75791
h2.t14.restarts = 5
h2.t14.nogoods_size = 15895
h2.t14.nodes = 159939
h2.t14.propagations = 159939
h2.t12.restarts = 5
h2.t12.nogoods_size = 15895
h2.t12.nodes = 158178
h2.t12.propagations = 158178
h2.t16.restarts = 5
h2.t16.nogoods_size = 15895
h2.t16.nodes = 157996
h2.t16.propagations = 157996
h2.t3.restarts = 5
h2.t3.nogoods_size = 15895
h2.t3.nodes = 150764
h2.t3.propagations = 150764
h2.t9.restarts = 5
h2.t9.nogoods_size = 15895
h2.t9.nodes = 157403
h2.t9.propagations = 157403
h2.search_time = 528
h2.nodes = 2702454
h2.propagations = 6605351
h3.t11.restarts = 5
h3.t11.nogoods_size = 15811
h3.t11.nodes = 159466
h3.t11.propagations = 159466
h3.t8.restarts = 5
h3.t8.nogoods_size = 15811
h3.t8.nodes = 153937
h3.t8.propagations = 153937
h3.t7.restarts = 5
h3.t7.nogoods_size = 15811
h3.t7.nodes = 162435
h3.t7.propagations = 162435
h3.t16.restarts = 5
h3.t16.nogoods_size = 15811
h3.t16.nodes = 163817
h3.t16.propagations = 163817
h3.t4.restarts = 5
h3.t4.nogoods_size = 15811
h3.t4.nodes = 159957
h3.t4.propagations = 159957
h3.t6.restarts = 5
h3.t6.nogoods_size = 15811
h3.t6.nodes = 148635
h3.t6.propagations = 148635
h3.t1.restarts = 5
h3.t1.nogoods_size = 15811
h3.t1.nodes = 151856
h3.t1.propagations = 151856
h3.t10.restarts = 5
h3.t10.nogoods_size = 15811
h3.t10.nodes = 148934
h3.t10.propagations = 148934
h3.t15.restarts = 5
h3.t15.nogoods_size = 15811
h3.t15.nodes = 155626
h3.t15.propagations = 155626
h3.t3.restarts = 5
h3.t3.nogoods_size = 15811
h3.t3.nodes = 152262
h3.t3.propagations = 152262
h3.t5.restarts = 5
h3.t5.nogoods_size = 15811
h3.t5.nodes = 157004
h3.t5.propagations = 157004
h3.t0.restarts = 5
h3.t0.nogoods_size = 15811
h3.t0.nodes = 73841
h3.t0.propagations = 73841
h3.t9.restarts = 5
h3.t9.nogoods_size = 15811
h3.t9.nodes = 159083
h3.t9.propagations = 159083
h3.t12.restarts = 5
h3.t12.nogoods_size = 15811
h3.t12.nodes = 153912
h3.t12.propagations = 153912
h3.t14.restarts = 5
h3.t14.nogoods_size = 15811
h3.t14.nodes = 151591
h3.t14.propagations = 151591
h3.t17.restarts = 5
h3.t17.nogoods_size = 15811
h3.t17.nodes = 86404
h3.t17.propagations = 86404
h3.t2.restarts = 5
h3.t2.nogoods_size = 15811
h3.t2.nodes = 157497
h3.t2.propagations = 157497
h3.t13.restarts = 5
h3.t13.nogoods_size = 15811
h3.t13.nodes = 158659
h3.t13.propagations = 158659
h3.search_time = 529
h3.nodes = 2654916
h3.propagations = 6439907
h4.t5.restarts = 5
h4.t5.nogoods_size = 15867
h4.t5.nodes = 160423
h4.t5.propagations = 160423
h4.t1.restarts = 5
h4.t1.nogoods_size = 15867
h4.t1.nodes = 159976
h4.t1.propagations = 159976
h4.t0.restarts = 5
h4.t0.nogoods_size = 15867
h4.t0.nodes = 73423
h4.t0.propagations = 73423
h4.t8.restarts = 5
h4.t8.nogoods_size = 15867
h4.t8.nodes = 149916
h4.t8.propagations = 149916
h4.t10.restarts = 5
h4.t10.nogoods_size = 15867
h4.t10.nodes = 156551
h4.t10.propagations = 156551
h4.t2.restarts = 5
h4.t2.nogoods_size = 15867
h4.t2.nodes = 152061
h4.t2.propagations = 152061
h4.t4.restarts = 5
h4.t4.nogoods_size = 15867
h4.t4.nodes = 155768
h4.t4.propagations = 155768
h4.t16.restarts = 5
h4.t16.nogoods_size = 15867
h4.t16.nodes = 158089
h4.t16.propagations = 158089
h4.t11.restarts = 5
h4.t11.nogoods_size = 15867
h4.t11.nodes = 153127
h4.t11.propagations = 153127
h4.t17.restarts = 5
h4.t17.nogoods_size = 15867
h4.t17.nodes = 82631
h4.t17.propagations = 82631
h4.t13.restarts = 5
h4.t13.nogoods_size = 15867
h4.t13.nodes = 151576
h4.t13.propagations = 151576
h4.t6.restarts = 5
h4.t6.nogoods_size = 15867
h4.t6.nodes = 153787
h4.t6.propagations = 153787
h4.t7.restarts = 5
h4.t7.nogoods_size = 15867
h4.t7.nodes = 151641
h4.t7.propagations = 151641
h4.t14.restarts = 5
h4.t14.nogoods_size = 15867
h4.t14.nodes = 148492
h4.t14.propagations = 148492
h4.t9.restarts = 5
h4.t9.nogoods_size = 15867
h4.t9.nodes = 161803
h4.t9.propagations = 161803
h4.t3.restarts = 5
h4.t3.nogoods_size = 15867
h4.t3.nodes = 155290
h4.t3.propagations = 155290
h4.t12.restarts = 5
h4.t12.nogoods_size = 15867
h4.t12.nodes = 152392
h4.t12.propagations = 152392
h4.t15.restarts = 5
h4.t15.nogoods_size = 15867
h4.t15.nodes = 149681
h4.t15.propagations = 149681
h4.search_time = 529
h4.nodes = 2626627
h4.propagations = 6385456
h5.t9.restarts = 5
h5.t9.nogoods_size = 15847
h5.t9.nodes = 156979
h5.t9.propagations = 156979
h5.t6.restarts = 5
h5.t6.nogoods_size = 15847
h5.t6.nodes = 152583
h5.t6.propagations = 152583
h5.t1.restarts = 5
h5.t1.nogoods_size = 15847
h5.t1.nodes = 144268
h5.t1.propagations = 144268
h5.t5.restarts = 5
h5.t5.nogoods_size = 15847
h5.t5.nodes = 157937
h5.t5.propagations = 157937
h5.t7.restarts = 5
h5.t7.nogoods_size = 15847
h5.t7.nodes = 144715
h5.t7.propagations = 144715
h5.t10.restarts = 5
h5.t10.nogoods_size = 15847
h5.t10.nodes = 143631
h5.t10.propagations = 143631
h5.t11.restarts = 5
h5.t11.nogoods_size = 15847
h5.t11.nodes = 147556
h5.t11.propagations = 147556
h5.t2.restarts = 5
h5.t2.nogoods_size = 15847
h5.t2.nodes = 155516
h5.t2.propagations = 155516
h5.t17.restarts = 5
h5.t17.nogoods_size = 15847
h5.t17.nodes = 83483
h5.t17.propagations = 83483
h5.t16.restarts = 5
h5.t16.nogoods_size = 15847
h5.t16.nodes = 148172
h5.t16.propagations = 148172
h5.t14.restarts = 5
h5.t14.nogoods_size = 15847
h5.t14.nodes = 142256
h5.t14.propagations = 142256
h5.t15.restarts = 5
h5.t15.nogoods_size = 15847
h5.t15.nodes = 150015
h5.t15.propagations = 150015
h5.t0.restarts = 5
h5.t0.nogoods_size = 15847
h5.t0.nodes = 79272
h5.t0.propagations = 79272
h5.t3.restarts = 5
h5.t3.nogoods_size = 15847
h5.t3.nodes = 152281
h5.t3.propagations = 152281
h5.t8.restarts = 5
h5.t8.nogoods_size = 15847
h5.t8.nodes = 159837
h5.t8.propagations = 159837
h5.t13.restarts = 5
h5.t13.nogoods_size = 15847
h5.t13.nodes = 148944
h5.t13.propagations = 148944
h5.t12.restarts = 5
h5.t12.nogoods_size = 15847
h5.t12.nodes = 155147
h5.t12.propagations = 155147
h5.t4.restarts = 5
h5.t4.nogoods_size = 15847
h5.t4.nodes = 144261
h5.t4.propagations = 144261
h5.search_time = 529
h5.nodes = 2566853
h5.propagations = 6237975
h6.t12.restarts = 5
h6.t12.nogoods_size = 15760
h6.t12.nodes = 138911
h6.t12.propagations = 138911
h6.t10.restarts = 5
h6.t10.nogoods_size = 15760
h6.t10.nodes = 141246
h6.t10.propagations = 141246
h6.t13.restarts = 5
h6.t13.nogoods_size = 15760
h6.t13.nodes = 129858
h6.t13.propagations = 129858
h6.t17.restarts = 5
h6.t17.nogoods_size = 15760
h6.t17.nodes = 81053
h6.t17.propagations = 81053
h6.t9.restarts = 5
h6.t9.nogoods_size = 15760
h6.t9.nodes = 129996
h6.t9.propagations = 129996
h6.t3.restarts = 5
h6.t3.nogoods_size = 15760
h6.t3.nodes = 161155
h6.t3.propagations = 161155
h6.t15.restarts = 5
h6.t15.nogoods_size = 15760
h6.t15.nodes = 143408
h6.t15.propagations = 143408
h6.t16.restarts = 5
h6.t16.nogoods_size = 15760
h6.t16.nodes = 154380
h6.t16.propagations = 154380
h6.t11.restarts = 5
h6.t11.nogoods_size = 15760
h6.t11.nodes = 125895
h6.t11.propagations = 125895
h6.t8.restarts = 5
h6.t8.nogoods_size = 15760
h6.t8.nodes = 132712
h6.t8.propagations = 132712
h6.t4.restarts = 5
h6.t4.nogoods_size = 15760
h6.t4.nodes = 128174
h6.t4.propagations = 128174
h6.t7.restarts = 5
h6.t7.nogoods_size = 15760
h6.t7.nodes = 130530
h6.t7.propagations = 130530
h6.t5.restarts = 5
h6.t5.nogoods_size = 15760
h6.t5.nodes = 139999
h6.t5.propagations = 139999
h6.t1.restarts = 5
h6.t1.nogoods_size = 15760
h6.t1.nodes = 138708
h6.t1.propagations = 138708
h6.t14.restarts = 5
h6.t14.nogoods_size = 15760
h6.t14.nodes = 114920
h6.t14.propagations = 114920
h6.t6.restarts = 5
h6.t6.nogoods_size = 15760
h6.t6.nodes = 141818
h6.t6.propagations = 141818
h6.t2.restarts = 5
h6.t2.nogoods_size = 15760
h6.t2.nodes = 146867
h6.t2.propagations = 146867
h6.t0.restarts = 5
h6.t0.nogoods_size = 15760
h6.t0.nodes = 70299
h6.t0.propagations = 70299
h6.search_time = 529
h6.nodes = 2349929
h6.propagations = 5725128
h7.t7.restarts = 5
h7.t7.nogoods_size = 15852
h7.t7.nodes = 138316
h7.t7.propagations = 138316
h7.t9.restarts = 5
h7.t9.nogoods_size = 15852
h7.t9.nodes = 124463
h7.t9.propagations = 124463
h7.t5.restarts = 5
h7.t5.nogoods_size = 15852
h7.t5.nodes = 120185
h7.t5.propagations = 120185
h7.t10.restarts = 5
h7.t10.nogoods_size = 15852
h7.t10.nodes = 135769
h7.t10.propagations = 135769
h7.t11.restarts = 5
h7.t11.nogoods_size = 15852
h7.t11.nodes = 135218
h7.t11.propagations = 135218
h7.t2.restarts = 5
h7.t2.nogoods_size = 15852
h7.t2.nodes = 137721
h7.t2.propagations = 137721
h7.t15.restarts = 5
h7.t15.nogoods_size = 15852
h7.t15.nodes = 133326
h7.t15.propagations = 133326
h7.t8.restarts = 5
h7.t8.nogoods_size = 15852
h7.t8.nodes = 134821
h7.t8.propagations = 134821
h7.t6.restarts = 5
h7.t6.nogoods_size = 15852
h7.t6.nodes = 137737
h7.t6.propagations = 137737
h7.t12.restarts = 5
h7.t12.nogoods_size = 15852
h7.t12.nodes = 145241
h7.t12.propagations = 145241
h7.t16.restarts = 5
h7.t16.nogoods_size = 15852
h7.t16.nodes = 127305
h7.t16.propagations = 127305
h7.t3.restarts = 5
h7.t3.nogoods_size = 15852
h7.t3.nodes = 135925
h7.t3.propagations = 135925
h7.t17.restarts = 5
h7.t17.nogoods_size = 15852
h7.t17.nodes = 78138
h7.t17.propagations = 78138
h7.t13.restarts = 5
h7.t13.nogoods_size = 15852
h7.t13.nodes = 124453
h7.t13.propagations = 124453
h7.t0.restarts = 5
h7.t0.nogoods_size = 15852
h7.t0.nodes = 63376
h7.t0.propagations = 63376
h7.t1.restarts = 5
h7.t1.nogoods_size = 15852
h7.t1.nodes = 117874
h7.t1.propagations = 117874
h7.t14.restarts = 5
h7.t14.nogoods_size = 15852
h7.t14.nodes = 119489
h7.t14.propagations = 119489
h7.t4.restarts = 5
h7.t4.nogoods_size = 15852
h7.t4.nodes = 132968
h7.t4.propagations = 132968
h7.search_time = 524
h7.nodes = 2242325
h7.propagations = 5436744
h8.t13.stop_reason = aborted
h8.t13.restarts = 5
h8.t13.nogoods_size = 12371
h8.t13.nodes = 125173
h8.t13.propagations = 125173
h8.t1.stop_reason = aborted
h8.t1.restarts = 5
h8.t1.nogoods_size = 12371
h8.t1.nodes = 132353
h8.t1.propagations = 132353
h8.t4.stop_reason = aborted
h8.t4.restarts = 5
h8.t4.nogoods_size = 12371
h8.t4.nodes = 134041
h8.t4.propagations = 134041
h8.t17.stop_reason = aborted
h8.t17.restarts = 5
h8.t17.nogoods_size = 12371
h8.t17.nodes = 74867
h8.t17.propagations = 74867
h8.t8.stop_reason = aborted
h8.t8.restarts = 5
h8.t8.nogoods_size = 12371
h8.t8.nodes = 136088
h8.t8.propagations = 136088
h8.t15.stop_reason = aborted
h8.t15.restarts = 5
h8.t15.nogoods_size = 12371
h8.t15.nodes = 119128
h8.t15.propagations = 119128
h8.t11.stop_reason = aborted
h8.t11.restarts = 5
h8.t11.nogoods_size = 12371
h8.t11.nodes = 124177
h8.t11.propagations = 124177
h8.t5.stop_reason = aborted
h8.t5.restarts = 5
h8.t5.nogoods_size = 12371
h8.t5.nodes = 133561
h8.t5.propagations = 133561
h8.t9.stop_reason = aborted
h8.t9.restarts = 5
h8.t9.nogoods_size = 12371
h8.t9.nodes = 127635
h8.t9.propagations = 127635
h8.t16.stop_reason = aborted
h8.t16.restarts = 5
h8.t16.nogoods_size = 12371
h8.t16.nodes = 128061
h8.t16.propagations = 128061
h8.t14.stop_reason = aborted
h8.t14.restarts = 5
h8.t14.nogoods_size = 12371
h8.t14.nodes = 113851
h8.t14.propagations = 113851
h8.t10.stop_reason = aborted
h8.t10.restarts = 5
h8.t10.nogoods_size = 12371
h8.t10.nodes = 123353
h8.t10.propagations = 123353
h8.t7.stop_reason = aborted
h8.t7.restarts = 5
h8.t7.nogoods_size = 12371
h8.t7.nodes = 113625
h8.t7.propagations = 113625
h8.t3.stop_reason = aborted
h8.t3.restarts = 5
h8.t3.nogoods_size = 12371
h8.t3.nodes = 126813
h8.t3.propagations = 126813
h8.t12.stop_reason = aborted
h8.t12.restarts = 5
h8.t12.nogoods_size = 12371
h8.t12.nodes = 120434
h8.t12.propagations = 120434
h8.t6.where = 0/150 -1/-1 0/89 -1/-1 0/64 -1/-1 0/53 -1/-1 0/33 -1/-1 0/22 -1/-1 0/17 -1/-1 11/14 -1/-1 0/10 -1/-1 1/5 -1/-1 1/4 -1/-1 1/5 -1/-1 0/3 -1/-1 1/3 -1/-1 1/3 -1/-1 0/2 -1/-1 -1/-1 -1/-1 -1/-1 -1/-1 -1/-1 -1/-1 -1/-1 -1/-1 -1/-1 -1/-1 -1/-1 -1/-1 -1/-1 -1/-1
h8.t6.stop_reason = satisfiable
h8.t6.restarts = 5
h8.t6.nogoods_size = 12371
h8.t6.nodes = 132858
h8.t6.propagations = 132858
h8.t0.stop_reason = aborted
h8.t0.restarts = 5
h8.t0.nogoods_size = 12371
h8.t0.nodes = 63479
h8.t0.propagations = 63479
h8.t2.stop_reason = aborted
h8.t2.restarts = 5
h8.t2.nogoods_size = 12371
h8.t2.nodes = 134001
h8.t2.propagations = 134001
h8.search_time = 516
h8.nodes = 2163498
h8.propagations = 5257832
h9.t5.restarts = 5
h9.t5.nogoods_size = 15764
h9.t5.nodes = 122938
h9.t5.propagations = 122938
h9.t12.restarts = 5
h9.t12.nogoods_size = 15764
h9.t12.nodes = 130685
h9.t12.propagations = 130685
h9.t15.restarts = 5
h9.t15.nogoods_size = 15764
h9.t15.nodes = 128785
h9.t15.propagations = 128785
h9.t2.restarts = 5
h9.t2.nogoods_size = 15764
h9.t2.nodes = 135264
h9.t2.propagations = 135264
h9.t16.restarts = 5
h9.t16.nogoods_size = 15764
h9.t16.nodes = 146514
h9.t16.propagations = 146514
h9.t1.restarts = 5
h9.t1.nogoods_size = 15764
h9.t1.nodes = 152913
h9.t1.propagations = 152913
h9.t10.restarts = 5
h9.t10.nogoods_size = 15764
h9.t10.nodes = 129898
h9.t10.propagations = 129898
h9.t17.restarts = 5
h9.t17.nogoods_size = 15764
h9.t17.nodes = 84094
h9.t17.propagations = 84094
h9.t4.restarts = 5
h9.t4.nogoods_size = 15764
h9.t4.nodes = 132019
h9.t4.propagations = 132019
h9.t14.restarts = 5
h9.t14.nogoods_size = 15764
h9.t14.nodes = 143420
h9.t14.propagations = 143420
h9.t0.restarts = 5
h9.t0.nogoods_size = 15764
h9.t0.nodes = 75033
h9.t0.propagations = 75033
h9.t3.restarts = 5
h9.t3.nogoods_size = 15764
h9.t3.nodes = 130753
h9.t3.propagations = 130753
h9.t7.restarts = 5
h9.t7.nogoods_size = 15764
h9.t7.nodes = 136356
h9.t7.propagations = 136356
h9.t8.restarts = 5
h9.t8.nogoods_size = 15764
h9.t8.nodes = 124602
h9.t8.propagations = 124602
h9.t13.restarts = 5
h9.t13.nogoods_size = 15764
h9.t13.nodes = 127336
h9.t13.propagations = 127336
h9.t11.restarts = 5
h9.t11.nogoods_size = 15764
h9.t11.nodes = 134266
h9.t11.propagations = 134266
h9.t6.restarts = 5
h9.t6.nogoods_size = 15764
h9.t6.nodes = 146115
h9.t6.propagations = 146115
h9.t9.restarts = 5
h9.t9.nogoods_size = 15764
h9.t9.nodes = 139269
h9.t9.propagations = 139269
h9.search_time = 523
h9.nodes = 2320260
h9.propagations = 5653097
