hostname = r1i4n3
commandline = ../glasgow/mpi_solve_subgraph_isomorphism --timeout 1000 --format lad --geometric-restarts=1.0 --restarts-constant=100000 --restart-timer=100 --triggered-restarts --threads 18 --value-ordering=random ../instances/phase/phase-30-150-0.38-0.38-0.44-5-pattern ../instances/phase/phase-30-150-0.38-0.38-0.44-5-target
started_at = 2018-11-27 04:42:20
pattern_file = ../instances/phase/phase-30-150-0.38-0.38-0.44-5-pattern
target_file = ../instances/phase/phase-30-150-0.38-0.38-0.44-5-target
status = false
nodes = 369265921
propagations = 952500635
runtime = 9049
h0.t15.stop_reason = unsatisfiable
h0.t15.restarts = 64
h0.t15.nogoods_size = 295932
h0.t15.nodes = 2181962
h0.t15.propagations = 2181962
h0.t7.stop_reason = unsatisfiable
h0.t7.restarts = 64
h0.t7.nogoods_size = 295932
h0.t7.nodes = 2199089
h0.t7.propagations = 2199089
h0.t8.stop_reason = unsatisfiable
h0.t8.restarts = 64
h0.t8.nogoods_size = 295932
h0.t8.nodes = 2187906
h0.t8.propagations = 2187906
h0.t14.stop_reason = unsatisfiable
h0.t14.restarts = 64
h0.t14.nogoods_size = 295932
h0.t14.nodes = 2199981
h0.t14.propagations = 2199981
h0.t3.stop_reason = unsatisfiable
h0.t3.restarts = 64
h0.t3.nogoods_size = 295932
h0.t3.nodes = 2214086
h0.t3.propagations = 2214086
h0.t2.stop_reason = unsatisfiable
h0.t2.restarts = 64
h0.t2.nogoods_size = 295932
h0.t2.nodes = 2195528
h0.t2.propagations = 2195528
h0.t10.stop_reason = unsatisfiable
h0.t10.restarts = 64
h0.t10.nogoods_size = 295932
h0.t10.nodes = 2193474
h0.t10.propagations = 2193474
h0.t16.stop_reason = unsatisfiable
h0.t16.restarts = 64
h0.t16.nogoods_size = 295932
h0.t16.nodes = 2207729
h0.t16.propagations = 2207729
h0.t1.stop_reason = unsatisfiable
h0.t1.restarts = 64
h0.t1.nogoods_size = 295932
h0.t1.nodes = 2188693
h0.t1.propagations = 2188693
h0.t9.stop_reason = unsatisfiable
h0.t9.restarts = 64
h0.t9.nogoods_size = 295932
h0.t9.nodes = 2202236
h0.t9.propagations = 2202236
h0.t11.stop_reason = unsatisfiable
h0.t11.restarts = 64
h0.t11.nogoods_size = 295932
h0.t11.nodes = 2192609
h0.t11.propagations = 2192609
h0.t4.stop_reason = unsatisfiable
h0.t4.restarts = 64
h0.t4.nogoods_size = 295932
h0.t4.nodes = 2194938
h0.t4.propagations = 2194938
h0.t17.stop_reason = unsatisfiable
h0.t17.restarts = 64
h0.t17.nogoods_size = 295932
h0.t17.nodes = 1222567
h0.t17.propagations = 1222567
h0.t6.stop_reason = unsatisfiable
h0.t6.restarts = 64
h0.t6.nogoods_size = 295932
h0.t6.nodes = 2202298
h0.t6.propagations = 2202298
h0.t13.stop_reason = unsatisfiable
h0.t13.restarts = 64
h0.t13.nogoods_size = 295932
h0.t13.nodes = 2176685
h0.t13.propagations = 2176685
h0.t12.stop_reason = unsatisfiable
h0.t12.restarts = 64
h0.t12.nogoods_size = 295932
h0.t12.nodes = 2180628
h0.t12.propagations = 2180628
h0.t5.stop_reason = unsatisfiable
h0.t5.restarts = 64
h0.t5.nogoods_size = 295932
h0.t5.nodes = 2219859
h0.t5.propagations = 2219859
h0.t0.stop_reason = aborted
h0.t0.restarts = 64
h0.t0.nogoods_size = 295932
h0.t0.nodes = 1015450
h0.t0.propagations = 1015450
h0.search_time = 8343
h0.nodes = 37375718
h0.propagations = 96379209
h1.t15.stop_reason = unsatisfiable
h1.t15.restarts = 64
h1.t15.nogoods_size = 296513
h1.t15.nodes = 2200688
h1.t15.propagations = 2200688
h1.t9.stop_reason = unsatisfiable
h1.t9.restarts = 64
h1.t9.nogoods_size = 296513
h1.t9.nodes = 2224110
h1.t9.propagations = 2224110
h1.t5.stop_reason = unsatisfiable
h1.t5.restarts = 64
h1.t5.nogoods_size = 296513
h1.t5.nodes = 2213186
h1.t5.propagations = 2213186
h1.t11.stop_reason = unsatisfiable
h1.t11.restarts = 64
h1.t11.nogoods_size = 296513
h1.t11.nodes = 2208869
h1.t11.propagations = 2208869
h1.t16.stop_reason = unsatisfiable
h1.t16.restarts = 64
h1.t16.nogoods_size = 296513
h1.t16.nodes = 2225870
h1.t16.propagations = 2225870
h1.t1.stop_reason = unsatisfiable
h1.t1.restarts = 64
h1.t1.nogoods_size = 296513
h1.t1.nodes = 2208829
h1.t1.propagations = 2208829
h1.t10.stop_reason = unsatisfiable
h1.t10.restarts = 64
h1.t10.nogoods_size = 296513
h1.t10.nodes = 2202617
h1.t10.propagations = 2202617
h1.t12.stop_reason = unsatisfiable
h1.t12.restarts = 64
h1.t12.nogoods_size = 296513
h1.t12.nodes = 2216483
h1.t12.propagations = 2216483
h1.t17.stop_reason = unsatisfiable
h1.t17.restarts = 64
h1.t17.nogoods_size = 296513
h1.t17.nodes = 1223544
h1.t17.propagations = 1223544
h1.t7.stop_reason = unsatisfiable
h1.t7.restarts = 64
h1.t7.nogoods_size = 296513
h1.t7.nodes = 2205876
h1.t7.propagations = 2205876
h1.t2.stop_reason = unsatisfiable
h1.t2.restarts = 64
h1.t2.nogoods_size = 296513
h1.t2.nodes = 2226675
h1.t2.propagations = 2226675
h1.t4.stop_reason = unsatisfiable
h1.t4.restarts = 64
h1.t4.nogoods_size = 296513
h1.t4.nodes = 2207650
h1.t4.propagations = 2207650
h1.t13.stop_reason = unsatisfiable
h1.t13.restarts = 64
h1.t13.nogoods_size = 296513
h1.t13.nodes = 2227533
h1.t13.propagations = 2227533
h1.t6.stop_reason = unsatisfiable
h1.t6.restarts = 64
h1.t6.nogoods_size = 296513
h1.t6.nodes = 2206198
h1.t6.propagations = 2206198
h1.t8.stop_reason = unsatisfiable
h1.t8.restarts = 64
h1.t8.nogoods_size = 296513
h1.t8.nodes = 2211632
h1.t8.propagations = 2211632
h1.t3.stop_reason = unsatisfiable
h1.t3.restarts = 64
h1.t3.nogoods_size = 296513
h1.t3.nodes = 2206555
h1.t3.propagations = 2206555
h1.t0.stop_reason = aborted
h1.t0.restarts = 64
h1.t0.nogoods_size = 296513
h1.t0.nodes = 1007700
h1.t0.propagations = 1007700
h1.t14.stop_reason = unsatisfiable
h1.t14.restarts = 64
h1.t14.nogoods_size = 296513
h1.t14.nodes = 2197278
h1.t14.propagations = 2197278
h1.search_time = 8343
h1.nodes = 37621293
h1.propagations = 97054002
h2.t17.stop_reason = unsatisfiable
h2.t17.restarts = 64
h2.t17.nogoods_size = 295873
h2.t17.nodes = 1224898
h2.t17.propagations = 1224898
h2.t4.stop_reason = unsatisfiable
h2.t4.restarts = 64
h2.t4.nogoods_size = 295873
h2.t4.nodes = 2038923
h2.t4.propagations = 2038923
h2.t5.stop_reason = unsatisfiable
h2.t5.restarts = 64
h2.t5.nogoods_size = 295873
h2.t5.nodes = 2059666
h2.t5.propagations = 2059666
h2.t14.stop_reason = aborted
h2.t14.restarts = 64
h2.t14.nogoods_size = 295873
h2.t14.nodes = 2061783
h2.t14.propagations = 2061783
h2.t11.stop_reason = aborted
h2.t11.restarts = 64
h2.t11.nogoods_size = 295873
h2.t11.nodes = 2063370
h2.t11.propagations = 2063370
h2.t9.stop_reason = unsatisfiable
h2.t9.restarts = 64
h2.t9.nogoods_size = 295873
h2.t9.nodes = 2076906
h2.t9.propagations = 2076906
h2.t1.stop_reason = unsatisfiable
h2.t1.restarts = 64
h2.t1.nogoods_size = 295873
h2.t1.nodes = 2073657
h2.t1.propagations = 2073657
h2.t12.stop_reason = unsatisfiable
h2.t12.restarts = 64
h2.t12.nogoods_size = 295873
h2.t12.nodes = 2061207
h2.t12.propagations = 2061207
h2.t16.stop_reason = aborted
h2.t16.restarts = 64
h2.t16.nogoods_size = 295873
h2.t16.nodes = 2084826
h2.t16.propagations = 2084826
h2.t7.stop_reason = unsatisfiable
h2.t7.restarts = 64
h2.t7.nogoods_size = 295873
h2.t7.nodes = 2037636
h2.t7.propagations = 2037636
h2.t13.stop_reason = aborted
h2.t13.restarts = 64
h2.t13.nogoods_size = 295873
h2.t13.nodes = 2044891
h2.t13.propagations = 2044891
h2.t2.stop_reason = unsatisfiable
h2.t2.restarts = 64
h2.t2.nogoods_size = 295873
h2.t2.nodes = 2056369
h2.t2.propagations = 2056369
h2.t0.stop_reason = aborted
h2.t0.restarts = 64
h2.t0.nogoods_size = 295873
h2.t0.nodes = 1004121
h2.t0.propagations = 1004121
h2.t15.stop_reason = unsatisfiable
h2.t15.restarts = 64
h2.t15.nogoods_size = 295873
h2.t15.nodes = 2055207
h2.t15.propagations = 2055207
h2.t3.stop_reason = aborted
h2.t3.restarts = 64
h2.t3.nogoods_size = 295873
h2.t3.nodes = 2092454
h2.t3.propagations = 2092454
h2.t8.stop_reason = aborted
h2.t8.restarts = 64
h2.t8.nogoods_size = 295873
h2.t8.nodes = 2094387
h2.t8.propagations = 2094387
h2.t6.stop_reason = unsatisfiable
h2.t6.restarts = 64
h2.t6.nogoods_size = 295873
h2.t6.nodes = 2070211
h2.t6.propagations = 2070211
h2.t10.stop_reason = unsatisfiable
h2.t10.restarts = 64
h2.t10.nogoods_size = 295873
h2.t10.nodes = 2089624
h2.t10.propagations = 2089624
h2.search_time = 8343
h2.nodes = 35290136
h2.propagations = 91033854
h3.t17.stop_reason = unsatisfiable
h3.t17.restarts = 64
h3.t17.nogoods_size = 295583
h3.t17.nodes = 1216069
h3.t17.propagations = 1216069
h3.t0.stop_reason = aborted
h3.t0.restarts = 64
h3.t0.nogoods_size = 295583
h3.t0.nodes = 1020858
h3.t0.propagations = 1020858
h3.t12.stop_reason = unsatisfiable
h3.t12.restarts = 64
h3.t12.nogoods_size = 295583
h3.t12.nodes = 2081462
h3.t12.propagations = 2081462
h3.t6.stop_reason = unsatisfiable
h3.t6.restarts = 64
h3.t6.nogoods_size = 295583
h3.t6.nodes = 2098565
h3.t6.propagations = 2098565
h3.t15.stop_reason = unsatisfiable
h3.t15.restarts = 64
h3.t15.nogoods_size = 295583
h3.t15.nodes = 2142712
h3.t15.propagations = 2142712
h3.t8.stop_reason = unsatisfiable
h3.t8.restarts = 64
h3.t8.nogoods_size = 295583
h3.t8.nodes = 2075985
h3.t8.propagations = 2075985
h3.t13.stop_reason = unsatisfiable
h3.t13.restarts = 64
h3.t13.nogoods_size = 295583
h3.t13.nodes = 2112003
h3.t13.propagations = 2112003
h3.t5.stop_reason = unsatisfiable
h3.t5.restarts = 64
h3.t5.nogoods_size = 295583
h3.t5.nodes = 2106548
h3.t5.propagations = 2106548
h3.t2.stop_reason = unsatisfiable
h3.t2.restarts = 64
h3.t2.nogoods_size = 295583
h3.t2.nodes = 2112436
h3.t2.propagations = 2112436
h3.t4.stop_reason = unsatisfiable
h3.t4.restarts = 64
h3.t4.nogoods_size = 295583
h3.t4.nodes = 2151187
h3.t4.propagations = 2151187
h3.t11.stop_reason = unsatisfiable
h3.t11.restarts = 64
h3.t11.nogoods_size = 295583
h3.t11.nodes = 2103584
h3.t11.propagations = 2103584
h3.t14.stop_reason = unsatisfiable
h3.t14.restarts = 64
h3.t14.nogoods_size = 295583
h3.t14.nodes = 2096639
h3.t14.propagations = 2096639
h3.t3.stop_reason = unsatisfiable
h3.t3.restarts = 64
h3.t3.nogoods_size = 295583
h3.t3.nodes = 2132995
h3.t3.propagations = 2132995
h3.t1.stop_reason = unsatisfiable
h3.t1.restarts = 64
h3.t1.nogoods_size = 295583
h3.t1.nodes = 2124301
h3.t1.propagations = 2124301
h3.t9.stop_reason = unsatisfiable
h3.t9.restarts = 64
h3.t9.nogoods_size = 295583
h3.t9.nodes = 2130545
h3.t9.propagations = 2130545
h3.t10.stop_reason = unsatisfiable
h3.t10.restarts = 64
h3.t10.nogoods_size = 295583
h3.t10.nodes = 2077821
h3.t10.propagations = 2077821
h3.t7.stop_reason = unsatisfiable
h3.t7.restarts = 64
h3.t7.nogoods_size = 295583
h3.t7.nodes = 2045630
h3.t7.propagations = 2045630
h3.t16.stop_reason = unsatisfiable
h3.t16.restarts = 64
h3.t16.nogoods_size = 295583
h3.t16.nodes = 2114827
h3.t16.propagations = 2114827
h3.search_time = 8338
h3.nodes = 35944167
h3.propagations = 92698722
h4.t17.stop_reason = unsatisfiable
h4.t17.restarts = 64
h4.t17.nogoods_size = 296043
h4.t17.nodes = 1216459
h4.t17.propagations = 1216459
h4.t0.stop_reason = aborted
h4.t0.restarts = 64
h4.t0.nogoods_size = 296043
h4.t0.nodes = 1014125
h4.t0.propagations = 1014125
h4.t15.stop_reason = aborted
h4.t15.restarts = 64
h4.t15.nogoods_size = 296043
h4.t15.nodes = 2111004
h4.t15.propagations = 2111004
h4.t6.stop_reason = unsatisfiable
h4.t6.restarts = 64
h4.t6.nogoods_size = 296043
h4.t6.nodes = 2125130
h4.t6.propagations = 2125130
h4.t9.stop_reason = aborted
h4.t9.restarts = 64
h4.t9.nogoods_size = 296043
h4.t9.nodes = 2057422
h4.t9.propagations = 2057422
h4.t10.stop_reason = aborted
h4.t10.restarts = 64
h4.t10.nogoods_size = 296043
h4.t10.nodes = 2115381
h4.t10.propagations = 2115381
h4.t4.stop_reason = aborted
h4.t4.restarts = 64
h4.t4.nogoods_size = 296043
h4.t4.nodes = 2131582
h4.t4.propagations = 2131582
h4.t8.stop_reason = aborted
h4.t8.restarts = 64
h4.t8.nogoods_size = 296043
h4.t8.nodes = 2121287
h4.t8.propagations = 2121287
h4.t2.stop_reason = aborted
h4.t2.restarts = 64
h4.t2.nogoods_size = 296043
h4.t2.nodes = 2160040
h4.t2.propagations = 2160040
h4.t14.stop_reason = aborted
h4.t14.restarts = 64
h4.t14.nogoods_size = 296043
h4.t14.nodes = 2110859
h4.t14.propagations = 2110859
h4.t12.stop_reason = aborted
h4.t12.restarts = 64
h4.t12.nogoods_size = 296043
h4.t12.nodes = 2141228
h4.t12.propagations = 2141228
h4.t1.stop_reason = aborted
h4.t1.restarts = 64
h4.t1.nogoods_size = 296043
h4.t1.nodes = 2108634
h4.t1.propagations = 2108634
h4.t11.stop_reason = aborted
h4.t11.restarts = 64
h4.t11.nogoods_size = 296043
h4.t11.nodes = 2118925
h4.t11.propagations = 2118925
h4.t5.stop_reason = aborted
h4.t5.restarts = 64
h4.t5.nogoods_size = 296043
h4.t5.nodes = 2104926
h4.t5.propagations = 2104926
h4.t7.stop_reason = aborted
h4.t7.restarts = 64
h4.t7.nogoods_size = 296043
h4.t7.nodes = 2135746
h4.t7.propagations = 2135746
h4.t13.stop_reason = aborted
h4.t13.restarts = 64
h4.t13.nogoods_size = 296043
h4.t13.nodes = 2129654
h4.t13.propagations = 2129654
h4.t16.stop_reason = aborted
h4.t16.restarts = 64
h4.t16.nogoods_size = 296043
h4.t16.nodes = 2117690
h4.t16.propagations = 2117690
h4.t3.stop_reason = aborted
h4.t3.restarts = 64
h4.t3.nogoods_size = 296043
h4.t3.nodes = 2117633
h4.t3.propagations = 2117633
h4.search_time = 8343
h4.nodes = 36137725
h4.propagations = 93235036
h5.t6.stop_reason = unsatisfiable
h5.t6.restarts = 64
h5.t6.nogoods_size = 295584
h5.t6.nodes = 2071234
h5.t6.propagations = 2071234
h5.t14.stop_reason = unsatisfiable
h5.t14.restarts = 64
h5.t14.nogoods_size = 295584
h5.t14.nodes = 2110731
h5.t14.propagations = 2110731
h5.t4.stop_reason = unsatisfiable
h5.t4.restarts = 64
h5.t4.nogoods_size = 295584
h5.t4.nodes = 2168025
h5.t4.propagations = 2168025
h5.t1.stop_reason = unsatisfiable
h5.t1.restarts = 64
h5.t1.nogoods_size = 295584
h5.t1.nodes = 2096415
h5.t1.propagations = 2096415
h5.t2.stop_reason = unsatisfiable
h5.t2.restarts = 64
h5.t2.nogoods_size = 295584
h5.t2.nodes = 2054374
h5.t2.propagations = 2054374
h5.t7.stop_reason = unsatisfiable
h5.t7.restarts = 64
h5.t7.nogoods_size = 295584
h5.t7.nodes = 2122045
h5.t7.propagations = 2122045
h5.t13.stop_reason = unsatisfiable
h5.t13.restarts = 64
h5.t13.nogoods_size = 295584
h5.t13.nodes = 2122453
h5.t13.propagations = 2122453
h5.t3.stop_reason = unsatisfiable
h5.t3.restarts = 64
h5.t3.nogoods_size = 295584
h5.t3.nodes = 2127974
h5.t3.propagations = 2127974
h5.t12.stop_reason = unsatisfiable
h5.t12.restarts = 64
h5.t12.nogoods_size = 295584
h5.t12.nodes = 2114494
h5.t12.propagations = 2114494
h5.t16.stop_reason = unsatisfiable
h5.t16.restarts = 64
h5.t16.nogoods_size = 295584
h5.t16.nodes = 2118290
h5.t16.propagations = 2118290
h5.t0.stop_reason = unsatisfiable
h5.t0.restarts = 64
h5.t0.nogoods_size = 295584
h5.t0.nodes = 1013103
h5.t0.propagations = 1013103
h5.t5.stop_reason = unsatisfiable
h5.t5.restarts = 64
h5.t5.nogoods_size = 295584
h5.t5.nodes = 2088441
h5.t5.propagations = 2088441
h5.t8.stop_reason = unsatisfiable
h5.t8.restarts = 64
h5.t8.nogoods_size = 295584
h5.t8.nodes = 2162561
h5.t8.propagations = 2162561
h5.t10.stop_reason = unsatisfiable
h5.t10.restarts = 64
h5.t10.nogoods_size = 295584
h5.t10.nodes = 2107279
h5.t10.propagations = 2107279
h5.t17.stop_reason = aborted
h5.t17.restarts = 64
h5.t17.nogoods_size = 295584
h5.t17.nodes = 1224999
h5.t17.propagations = 1224999
h5.t15.stop_reason = unsatisfiable
h5.t15.restarts = 64
h5.t15.nogoods_size = 295584
h5.t15.nodes = 2125856
h5.t15.propagations = 2125856
h5.t11.stop_reason = unsatisfiable
h5.t11.restarts = 64
h5.t11.nogoods_size = 295584
h5.t11.nodes = 2100857
h5.t11.propagations = 2100857
h5.t9.stop_reason = unsatisfiable
h5.t9.restarts = 64
h5.t9.nogoods_size = 295584
h5.t9.nodes = 2079158
h5.t9.propagations = 2079158
h5.search_time = 8338
h5.nodes = 36008289
h5.propagations = 92851269
h6.t17.stop_reason = unsatisfiable
h6.t17.restarts = 64
h6.t17.nogoods_size = 296009
h6.t17.nodes = 1230072
h6.t17.propagations = 1230072
h6.t0.stop_reason = aborted
h6.t0.restarts = 64
h6.t0.nogoods_size = 296009
h6.t0.nodes = 1021696
h6.t0.propagations = 1021696
h6.t12.stop_reason = unsatisfiable
h6.t12.restarts = 64
h6.t12.nogoods_size = 296009
h6.t12.nodes = 2222523
h6.t12.propagations = 2222523
h6.t8.stop_reason = unsatisfiable
h6.t8.restarts = 64
h6.t8.nogoods_size = 296009
h6.t8.nodes = 2206187
h6.t8.propagations = 2206187
h6.t16.stop_reason = unsatisfiable
h6.t16.restarts = 64
h6.t16.nogoods_size = 296009
h6.t16.nodes = 2212849
h6.t16.propagations = 2212849
h6.t10.stop_reason = unsatisfiable
h6.t10.restarts = 64
h6.t10.nogoods_size = 296009
h6.t10.nodes = 2224915
h6.t10.propagations = 2224915
h6.t13.stop_reason = unsatisfiable
h6.t13.restarts = 64
h6.t13.nogoods_size = 296009
h6.t13.nodes = 2223883
h6.t13.propagations = 2223883
h6.t11.stop_reason = unsatisfiable
h6.t11.restarts = 64
h6.t11.nogoods_size = 296009
h6.t11.nodes = 2199175
h6.t11.propagations = 2199175
h6.t5.stop_reason = unsatisfiable
h6.t5.restarts = 64
h6.t5.nogoods_size = 296009
h6.t5.nodes = 2219038
h6.t5.propagations = 2219038
h6.t7.stop_reason = unsatisfiable
h6.t7.restarts = 64
h6.t7.nogoods_size = 296009
h6.t7.nodes = 2203694
h6.t7.propagations = 2203694
h6.t15.stop_reason = unsatisfiable
h6.t15.restarts = 64
h6.t15.nogoods_size = 296009
h6.t15.nodes = 2207622
h6.t15.propagations = 2207622
h6.t9.stop_reason = unsatisfiable
h6.t9.restarts = 64
h6.t9.nogoods_size = 296009
h6.t9.nodes = 2196305
h6.t9.propagations = 2196305
h6.t14.stop_reason = unsatisfiable
h6.t14.restarts = 64
h6.t14.nogoods_size = 296009
h6.t14.nodes = 2218253
h6.t14.propagations = 2218253
h6.t6.stop_reason = unsatisfiable
h6.t6.restarts = 64
h6.t6.nogoods_size = 296009
h6.t6.nodes = 2217559
h6.t6.propagations = 2217559
h6.t1.stop_reason = unsatisfiable
h6.t1.restarts = 64
h6.t1.nogoods_size = 296009
h6.t1.nodes = 2217810
h6.t1.propagations = 2217810
h6.t4.stop_reason = unsatisfiable
h6.t4.restarts = 64
h6.t4.nogoods_size = 296009
h6.t4.nodes = 2206450
h6.t4.propagations = 2206450
h6.t2.stop_reason = unsatisfiable
h6.t2.restarts = 64
h6.t2.nogoods_size = 296009
h6.t2.nodes = 2213376
h6.t2.propagations = 2213376
h6.t3.stop_reason = unsatisfiable
h6.t3.restarts = 64
h6.t3.nogoods_size = 296009
h6.t3.nodes = 2215439
h6.t3.propagations = 2215439
h6.search_time = 8343
h6.nodes = 37656846
h6.propagations = 97138148
h7.t3.stop_reason = unsatisfiable
h7.t3.restarts = 64
h7.t3.nogoods_size = 296398
h7.t3.nodes = 2215785
h7.t3.propagations = 2215785
h7.t16.stop_reason = unsatisfiable
h7.t16.restarts = 64
h7.t16.nogoods_size = 296398
h7.t16.nodes = 2224152
h7.t16.propagations = 2224152
h7.t11.stop_reason = unsatisfiable
h7.t11.restarts = 64
h7.t11.nogoods_size = 296398
h7.t11.nodes = 2247315
h7.t11.propagations = 2247315
h7.t15.stop_reason = unsatisfiable
h7.t15.restarts = 64
h7.t15.nogoods_size = 296398
h7.t15.nodes = 2243057
h7.t15.propagations = 2243057
h7.t17.stop_reason = unsatisfiable
h7.t17.restarts = 64
h7.t17.nogoods_size = 296398
h7.t17.nodes = 1225949
h7.t17.propagations = 1225949
h7.t4.stop_reason = unsatisfiable
h7.t4.restarts = 64
h7.t4.nogoods_size = 296398
h7.t4.nodes = 2222612
h7.t4.propagations = 2222612
h7.t9.stop_reason = unsatisfiable
h7.t9.restarts = 64
h7.t9.nogoods_size = 296398
h7.t9.nodes = 2218080
h7.t9.propagations = 2218080
h7.t8.stop_reason = unsatisfiable
h7.t8.restarts = 64
h7.t8.nogoods_size = 296398
h7.t8.nodes = 2225959
h7.t8.propagations = 2225959
h7.t5.stop_reason = unsatisfiable
h7.t5.restarts = 64
h7.t5.nogoods_size = 296398
h7.t5.nodes = 2222815
h7.t5.propagations = 2222815
h7.t13.stop_reason = unsatisfiable
h7.t13.restarts = 64
h7.t13.nogoods_size = 296398
h7.t13.nodes = 2231135
h7.t13.propagations = 2231135
h7.t1.stop_reason = unsatisfiable
h7.t1.restarts = 64
h7.t1.nogoods_size = 296398
h7.t1.nodes = 2227678
h7.t1.propagations = 2227678
h7.t14.stop_reason = unsatisfiable
h7.t14.restarts = 64
h7.t14.nogoods_size = 296398
h7.t14.nodes = 2199525
h7.t14.propagations = 2199525
h7.t7.stop_reason = unsatisfiable
h7.t7.restarts = 64
h7.t7.nogoods_size = 296398
h7.t7.nodes = 2252856
h7.t7.propagations = 2252856
h7.t2.stop_reason = unsatisfiable
h7.t2.restarts = 64
h7.t2.nogoods_size = 296398
h7.t2.nodes = 2231811
h7.t2.propagations = 2231811
h7.t12.stop_reason = unsatisfiable
h7.t12.restarts = 64
h7.t12.nogoods_size = 296398
h7.t12.nodes = 2242335
h7.t12.propagations = 2242335
h7.t10.stop_reason = unsatisfiable
h7.t10.restarts = 64
h7.t10.nogoods_size = 296398
h7.t10.nodes = 2223554
h7.t10.propagations = 2223554
h7.t6.stop_reason = unsatisfiable
h7.t6.restarts = 64
h7.t6.nogoods_size = 296398
h7.t6.nodes = 2217468
h7.t6.propagations = 2217468
h7.t0.stop_reason = aborted
h7.t0.restarts = 64
h7.t0.nogoods_size = 296398
h7.t0.nodes = 1009664
h7.t0.propagations = 1009664
h7.search_time = 8343
h7.nodes = 37881750
h7.propagations = 97702608
h8.t17.stop_reason = unsatisfiable
h8.t17.restarts = 64
h8.t17.nogoods_size = 296076
h8.t17.nodes = 1224630
h8.t17.propagations = 1224630
h8.t0.stop_reason = aborted
h8.t0.restarts = 64
h8.t0.nogoods_size = 296076
h8.t0.nodes = 1035674
h8.t0.propagations = 1035674
h8.t7.stop_reason = unsatisfiable
h8.t7.restarts = 64
h8.t7.nogoods_size = 296076
h8.t7.nodes = 2200295
h8.t7.propagations = 2200295
h8.t2.stop_reason = unsatisfiable
h8.t2.restarts = 64
h8.t2.nogoods_size = 296076
h8.t2.nodes = 2221621
h8.t2.propagations = 2221621
h8.t11.stop_reason = aborted
h8.t11.restarts = 64
h8.t11.nogoods_size = 296076
h8.t11.nodes = 2224450
h8.t11.propagations = 2224450
h8.t5.stop_reason = unsatisfiable
h8.t5.restarts = 64
h8.t5.nogoods_size = 296076
h8.t5.nodes = 2227265
h8.t5.propagations = 2227265
h8.t10.stop_reason = aborted
h8.t10.restarts = 64
h8.t10.nogoods_size = 296076
h8.t10.nodes = 2224698
h8.t10.propagations = 2224698
h8.t9.stop_reason = unsatisfiable
h8.t9.restarts = 64
h8.t9.nogoods_size = 296076
h8.t9.nodes = 2236825
h8.t9.propagations = 2236825
h8.t1.stop_reason = unsatisfiable
h8.t1.restarts = 64
h8.t1.nogoods_size = 296076
h8.t1.nodes = 2227302
h8.t1.propagations = 2227302
h8.t12.stop_reason = unsatisfiable
h8.t12.restarts = 64
h8.t12.nogoods_size = 296076
h8.t12.nodes = 2230342
h8.t12.propagations = 2230342
h8.t14.stop_reason = unsatisfiable
h8.t14.restarts = 64
h8.t14.nogoods_size = 296076
h8.t14.nodes = 2220729
h8.t14.propagations = 2220729
h8.t6.stop_reason = unsatisfiable
h8.t6.restarts = 64
h8.t6.nogoods_size = 296076
h8.t6.nodes = 2221029
h8.t6.propagations = 2221029
h8.t8.stop_reason = unsatisfiable
h8.t8.restarts = 64
h8.t8.nogoods_size = 296076
h8.t8.nodes = 2232171
h8.t8.propagations = 2232171
h8.t13.stop_reason = unsatisfiable
h8.t13.restarts = 64
h8.t13.nogoods_size = 296076
h8.t13.nodes = 2210760
h8.t13.propagations = 2210760
h8.t16.stop_reason = unsatisfiable
h8.t16.restarts = 64
h8.t16.nogoods_size = 296076
h8.t16.nodes = 2225018
h8.t16.propagations = 2225018
h8.t4.stop_reason = unsatisfiable
h8.t4.restarts = 64
h8.t4.nogoods_size = 296076
h8.t4.nodes = 2234517
h8.t4.propagations = 2234517
h8.t3.stop_reason = unsatisfiable
h8.t3.restarts = 64
h8.t3.nogoods_size = 296076
h8.t3.nodes = 2216485
h8.t3.propagations = 2216485
h8.t15.stop_reason = unsatisfiable
h8.t15.restarts = 64
h8.t15.nogoods_size = 296076
h8.t15.nodes = 2243171
h8.t15.propagations = 2243171
h8.search_time = 8343
h8.nodes = 37856982
h8.propagations = 97662369
h9.t17.stop_reason = unsatisfiable
h9.t17.restarts = 64
h9.t17.nogoods_size = 295879
h9.t17.nodes = 1232375
h9.t17.propagations = 1232375
h9.t8.stop_reason = unsatisfiable
h9.t8.restarts = 64
h9.t8.nogoods_size = 295879
h9.t8.nodes = 2206931
h9.t8.propagations = 2206931
h9.t7.stop_reason = unsatisfiable
h9.t7.restarts = 64
h9.t7.nogoods_size = 295879
h9.t7.nodes = 2198619
h9.t7.propagations = 2198619
h9.t1.stop_reason = unsatisfiable
h9.t1.restarts = 64
h9.t1.nogoods_size = 295879
h9.t1.nodes = 2197357
h9.t1.propagations = 2197357
h9.t15.stop_reason = unsatisfiable
h9.t15.restarts = 64
h9.t15.nogoods_size = 295879
h9.t15.nodes = 2206891
h9.t15.propagations = 2206891
h9.t12.stop_reason = unsatisfiable
h9.t12.restarts = 64
h9.t12.nogoods_size = 295879
h9.t12.nodes = 2194318
h9.t12.propagations = 2194318
h9.t5.stop_reason = unsatisfiable
h9.t5.restarts = 64
h9.t5.nogoods_size = 295879
h9.t5.nodes = 2211538
h9.t5.propagations = 2211538
h9.t9.stop_reason = unsatisfiable
h9.t9.restarts = 64
h9.t9.nogoods_size = 295879
h9.t9.nodes = 2198577
h9.t9.propagations = 2198577
h9.t14.stop_reason = unsatisfiable
h9.t14.restarts = 64
h9.t14.nogoods_size = 295879
h9.t14.nodes = 2189343
h9.t14.propagations = 2189343
h9.t2.stop_reason = unsatisfiable
h9.t2.restarts = 64
h9.t2.nogoods_size = 295879
h9.t2.nodes = 2203893
h9.t2.propagations = 2203893
h9.t13.stop_reason = unsatisfiable
h9.t13.restarts = 64
h9.t13.nogoods_size = 295879
h9.t13.nodes = 2194390
h9.t13.propagations = 2194390
h9.t16.stop_reason = unsatisfiable
h9.t16.restarts = 64
h9.t16.nogoods_size = 295879
h9.t16.nodes = 2210123
h9.t16.propagations = 2210123
h9.t6.stop_reason = unsatisfiable
h9.t6.restarts = 64
h9.t6.nogoods_size = 295879
h9.t6.nodes = 2206369
h9.t6.propagations = 2206369
h9.t3.stop_reason = unsatisfiable
h9.t3.restarts = 64
h9.t3.nogoods_size = 295879
h9.t3.nodes = 2192240
h9.t3.propagations = 2192240
h9.t10.stop_reason = unsatisfiable
h9.t10.restarts = 64
h9.t10.nogoods_size = 295879
h9.t10.nodes = 2207554
h9.t10.propagations = 2207554
h9.t11.stop_reason = unsatisfiable
h9.t11.restarts = 64
h9.t11.nogoods_size = 295879
h9.t11.nodes = 2204474
h9.t11.propagations = 2204474
h9.t4.stop_reason = unsatisfiable
h9.t4.restarts = 64
h9.t4.nogoods_size = 295879
h9.t4.nodes = 2231239
h9.t4.propagations = 2231239
h9.t0.stop_reason = aborted
h9.t0.restarts = 64
h9.t0.nogoods_size = 295879
h9.t0.nodes = 1006784
h9.t0.propagations = 1006784
h9.search_time = 8343
h9.nodes = 37493015
h9.propagations = 96745418
