hostname = r1i2n25
commandline = ../glasgow/mpi_solve_subgraph_isomorphism --timeout 1000 --format lad --geometric-restarts=1.0 --restarts-constant=100000 --restart-timer=100 --triggered-restarts --threads 18 --value-ordering=random ../instances/si/si4_rand_r01_600/si4_r01_m600.05/pattern ../instances/si/si4_rand_r01_600/si4_r01_m600.05/target
started_at = 2018-11-26 20:14:31
pattern_file = ../instances/si/si4_rand_r01_600/si4_r01_m600.05/pattern
target_file = ../instances/si/si4_rand_r01_600/si4_r01_m600.05/target
status = true
nodes = 877437
propagations = 5567531
mapping = (0 -> 119) (1 -> 21) (2 -> 341) (3 -> 535) (4 -> 258) (5 -> 239) (6 -> 506) (7 -> 199) (8 -> 172) (9 -> 267) (10 -> 362) (11 -> 383) (12 -> 380) (13 -> 504) (14 -> 596) (15 -> 269) (16 -> 65) (17 -> 162) (18 -> 293) (19 -> 493) (20 -> 25) (21 -> 102) (22 -> 51) (23 -> 77) (24 -> 197) (25 -> 158) (26 -> 171) (27 -> 201) (28 -> 339) (29 -> 69) (30 -> 310) (31 -> 289) (32 -> 577) (33 -> 311) (34 -> 465) (35 -> 127) (36 -> 223) (37 -> 586) (38 -> 124) (39 -> 72) (40 -> 248) (41 -> 452) (42 -> 408) (43 -> 6) (44 -> 236) (45 -> 498) (46 -> 367) (47 -> 401) (48 -> 396) (49 -> 191) (50 -> 403) (51 -> 387) (52 -> 525) (53 -> 363) (54 -> 345) (55 -> 342) (56 -> 547) (57 -> 492) (58 -> 395) (59 -> 222) (60 -> 332) (61 -> 563) (62 -> 374) (63 -> 365) (64 -> 364) (65 -> 530) (66 -> 184) (67 -> 57) (68 -> 335) (69 -> 34) (70 -> 352) (71 -> 513) (72 -> 333) (73 -> 564) (74 -> 109) (75 -> 164) (76 -> 544) (77 -> 418) (78 -> 281) (79 -> 425) (80 -> 361) (81 -> 14) (82 -> 53) (83 -> 229) (84 -> 485) (85 -> 429) (86 -> 1) (87 -> 295) (88 -> 286) (89 -> 235) (90 -> 343) (91 -> 133) (92 -> 534) (93 -> 10) (94 -> 265) (95 -> 165) (96 -> 518) (97 -> 542) (98 -> 543) (99 -> 430) (100 -> 455) (101 -> 574) (102 -> 261) (103 -> 594) (104 -> 294) (105 -> 368) (106 -> 595) (107 -> 30) (108 -> 70) (109 -> 478) (110 -> 193) (111 -> 114) (112 -> 230) (113 -> 509) (114 -> 180) (115 -> 52) (116 -> 179) (117 -> 186) (118 -> 211) (119 -> 285) (120 -> 11) (121 -> 523) (122 -> 416) (123 -> 58) (124 -> 80) (125 -> 515) (126 -> 372) (127 -> 240) (128 -> 413) (129 -> 292) (130 -> 392) (131 -> 390) (132 -> 369) (133 -> 40) (134 -> 462) (135 -> 225) (136 -> 437) (137 -> 190) (138 -> 536) (139 -> 399) (140 -> 177) (141 -> 39) (142 -> 207) (143 -> 472) (144 -> 82) (145 -> 527) (146 -> 37) (147 -> 326) (148 -> 4) (149 -> 13) (150 -> 451) (151 -> 27) (152 -> 449) (153 -> 15) (154 -> 540) (155 -> 496) (156 -> 541) (157 -> 196) (158 -> 291) (159 -> 497) (160 -> 599) (161 -> 385) (162 -> 424) (163 -> 476) (164 -> 537) (165 -> 153) (166 -> 244) (167 -> 61) (168 -> 157) (169 -> 159) (170 -> 152) (171 -> 436) (172 -> 170) (173 -> 300) (174 -> 404) (175 -> 22) (176 -> 74) (177 -> 406) (178 -> 187) (179 -> 215) (180 -> 421) (181 -> 142) (182 -> 19) (183 -> 412) (184 -> 568) (185 -> 495) (186 -> 237) (187 -> 466) (188 -> 446) (189 -> 250) (190 -> 325) (191 -> 562) (192 -> 103) (193 -> 95) (194 -> 494) (195 -> 242) (196 -> 260) (197 -> 38) (198 -> 259) (199 -> 54) (200 -> 113) (201 -> 146) (202 -> 381) (203 -> 167) (204 -> 419) (205 -> 379) (206 -> 313) (207 -> 444) (208 -> 283) (209 -> 176) (210 -> 559) (211 -> 231) (212 -> 550) (213 -> 227) (214 -> 100) (215 -> 218) (216 -> 389) (217 -> 232) (218 -> 255) (219 -> 461) (220 -> 519) (221 -> 514) (222 -> 9) (223 -> 59) (224 -> 471) (225 -> 150) (226 -> 238) (227 -> 210) (228 -> 317) (229 -> 482) (230 -> 581) (231 -> 105) (232 -> 264) (233 -> 97) (234 -> 111) (235 -> 557) (236 -> 17) (237 -> 409) (238 -> 468) (239 -> 256) 
runtime = 1560
h0.t1.restarts = 7
h0.t1.nogoods_size = 65945
h0.t1.nodes = 5622
h0.t1.propagations = 5622
h0.t7.restarts = 7
h0.t7.nogoods_size = 65945
h0.t7.nodes = 5964
h0.t7.propagations = 5964
h0.t6.restarts = 7
h0.t6.nogoods_size = 65945
h0.t6.nodes = 5791
h0.t6.propagations = 5791
h0.t0.restarts = 7
h0.t0.nogoods_size = 65945
h0.t0.nodes = 2474
h0.t0.propagations = 2474
h0.t16.restarts = 7
h0.t16.nogoods_size = 65945
h0.t16.nodes = 5789
h0.t16.propagations = 5789
h0.t10.restarts = 7
h0.t10.nogoods_size = 65945
h0.t10.nodes = 6129
h0.t10.propagations = 6129
h0.t2.restarts = 7
h0.t2.nogoods_size = 65945
h0.t2.nodes = 5547
h0.t2.propagations = 5547
h0.t17.restarts = 7
h0.t17.nogoods_size = 65945
h0.t17.nodes = 3205
h0.t17.propagations = 3205
h0.t5.restarts = 7
h0.t5.nogoods_size = 65945
h0.t5.nodes = 5648
h0.t5.propagations = 5648
h0.t4.restarts = 7
h0.t4.nogoods_size = 65945
h0.t4.nodes = 5634
h0.t4.propagations = 5634
h0.t8.restarts = 7
h0.t8.nogoods_size = 65945
h0.t8.nodes = 5373
h0.t8.propagations = 5373
h0.t15.restarts = 7
h0.t15.nogoods_size = 65945
h0.t15.nodes = 5429
h0.t15.propagations = 5429
h0.t13.restarts = 7
h0.t13.nogoods_size = 65945
h0.t13.nodes = 5863
h0.t13.propagations = 5863
h0.t9.restarts = 7
h0.t9.nogoods_size = 65945
h0.t9.nodes = 5331
h0.t9.propagations = 5331
h0.t11.restarts = 7
h0.t11.nogoods_size = 65945
h0.t11.nodes = 6041
h0.t11.propagations = 6041
h0.t3.restarts = 7
h0.t3.nogoods_size = 65945
h0.t3.nodes = 6297
h0.t3.propagations = 6297
h0.t12.restarts = 7
h0.t12.nogoods_size = 65945
h0.t12.nodes = 5498
h0.t12.propagations = 5498
h0.t14.restarts = 7
h0.t14.nogoods_size = 65945
h0.t14.nodes = 6110
h0.t14.propagations = 6110
h0.search_time = 944
h0.nodes = 97745
h0.propagations = 608714
h1.t9.restarts = 7
h1.t9.nogoods_size = 65855
h1.t9.nodes = 5466
h1.t9.propagations = 5466
h1.t5.restarts = 7
h1.t5.nogoods_size = 65855
h1.t5.nodes = 5487
h1.t5.propagations = 5487
h1.t4.restarts = 7
h1.t4.nogoods_size = 65855
h1.t4.nodes = 5620
h1.t4.propagations = 5620
h1.t12.restarts = 7
h1.t12.nogoods_size = 65855
h1.t12.nodes = 5938
h1.t12.propagations = 5938
h1.t3.restarts = 7
h1.t3.nogoods_size = 65855
h1.t3.nodes = 5287
h1.t3.propagations = 5287
h1.t16.restarts = 7
h1.t16.nogoods_size = 65855
h1.t16.nodes = 5906
h1.t16.propagations = 5906
h1.t15.restarts = 7
h1.t15.nogoods_size = 65855
h1.t15.nodes = 5651
h1.t15.propagations = 5651
h1.t8.restarts = 7
h1.t8.nogoods_size = 65855
h1.t8.nodes = 5436
h1.t8.propagations = 5436
h1.t6.restarts = 7
h1.t6.nogoods_size = 65855
h1.t6.nodes = 5474
h1.t6.propagations = 5474
h1.t11.restarts = 7
h1.t11.nogoods_size = 65855
h1.t11.nodes = 5277
h1.t11.propagations = 5277
h1.t17.restarts = 7
h1.t17.nogoods_size = 65855
h1.t17.nodes = 3254
h1.t17.propagations = 3254
h1.t1.restarts = 7
h1.t1.nogoods_size = 65855
h1.t1.nodes = 6001
h1.t1.propagations = 6001
h1.t14.restarts = 7
h1.t14.nogoods_size = 65855
h1.t14.nodes = 5266
h1.t14.propagations = 5266
h1.t13.restarts = 7
h1.t13.nogoods_size = 65855
h1.t13.nodes = 5214
h1.t13.propagations = 5214
h1.t10.restarts = 7
h1.t10.nogoods_size = 65855
h1.t10.nodes = 5321
h1.t10.propagations = 5321
h1.t2.restarts = 7
h1.t2.nogoods_size = 65855
h1.t2.nodes = 5197
h1.t2.propagations = 5197
h1.t7.restarts = 7
h1.t7.nogoods_size = 65855
h1.t7.nodes = 5298
h1.t7.propagations = 5298
h1.t0.restarts = 7
h1.t0.nogoods_size = 65855
h1.t0.nodes = 2828
h1.t0.propagations = 2828
h1.search_time = 945
h1.nodes = 93921
h1.propagations = 592765
h2.t11.restarts = 7
h2.t11.nogoods_size = 65882
h2.t11.nodes = 4921
h2.t11.propagations = 4921
h2.t6.restarts = 7
h2.t6.nogoods_size = 65882
h2.t6.nodes = 5257
h2.t6.propagations = 5257
h2.t3.restarts = 7
h2.t3.nogoods_size = 65882
h2.t3.nodes = 4860
h2.t3.propagations = 4860
h2.t13.restarts = 7
h2.t13.nogoods_size = 65882
h2.t13.nodes = 5214
h2.t13.propagations = 5214
h2.t16.restarts = 7
h2.t16.nogoods_size = 65882
h2.t16.nodes = 5833
h2.t16.propagations = 5833
h2.t17.restarts = 7
h2.t17.nogoods_size = 65882
h2.t17.nodes = 3044
h2.t17.propagations = 3044
h2.t14.restarts = 7
h2.t14.nogoods_size = 65882
h2.t14.nodes = 4437
h2.t14.propagations = 4437
h2.t10.restarts = 7
h2.t10.nogoods_size = 65882
h2.t10.nodes = 5449
h2.t10.propagations = 5449
h2.t12.restarts = 7
h2.t12.nogoods_size = 65882
h2.t12.nodes = 4771
h2.t12.propagations = 4771
h2.t5.restarts = 7
h2.t5.nogoods_size = 65882
h2.t5.nodes = 5491
h2.t5.propagations = 5491
h2.t7.restarts = 7
h2.t7.nogoods_size = 65882
h2.t7.nodes = 5381
h2.t7.propagations = 5381
h2.t8.restarts = 7
h2.t8.nogoods_size = 65882
h2.t8.nodes = 4810
h2.t8.propagations = 4810
h2.t9.restarts = 7
h2.t9.nogoods_size = 65882
h2.t9.nodes = 5339
h2.t9.propagations = 5339
h2.t4.restarts = 7
h2.t4.nogoods_size = 65882
h2.t4.nodes = 5922
h2.t4.propagations = 5922
h2.t1.restarts = 7
h2.t1.nogoods_size = 65882
h2.t1.nodes = 5334
h2.t1.propagations = 5334
h2.t2.restarts = 7
h2.t2.nogoods_size = 65882
h2.t2.nodes = 5532
h2.t2.propagations = 5532
h2.t0.restarts = 7
h2.t0.nogoods_size = 65882
h2.t0.nodes = 2630
h2.t0.propagations = 2630
h2.t15.restarts = 7
h2.t15.nogoods_size = 65882
h2.t15.nodes = 5253
h2.t15.propagations = 5253
h2.search_time = 945
h2.nodes = 89478
h2.propagations = 561726
h3.t15.restarts = 7
h3.t15.nogoods_size = 66155
h3.t15.nodes = 5388
h3.t15.propagations = 5388
h3.t16.restarts = 7
h3.t16.nogoods_size = 66155
h3.t16.nodes = 5274
h3.t16.propagations = 5274
h3.t11.restarts = 7
h3.t11.nogoods_size = 66155
h3.t11.nodes = 4707
h3.t11.propagations = 4707
h3.t10.restarts = 7
h3.t10.nogoods_size = 66155
h3.t10.nodes = 4789
h3.t10.propagations = 4789
h3.t7.restarts = 7
h3.t7.nogoods_size = 66155
h3.t7.nodes = 4112
h3.t7.propagations = 4112
h3.t5.restarts = 7
h3.t5.nogoods_size = 66155
h3.t5.nodes = 4834
h3.t5.propagations = 4834
h3.t2.restarts = 7
h3.t2.nogoods_size = 66155
h3.t2.nodes = 5049
h3.t2.propagations = 5049
h3.t4.restarts = 7
h3.t4.nogoods_size = 66155
h3.t4.nodes = 4936
h3.t4.propagations = 4936
h3.t6.restarts = 7
h3.t6.nogoods_size = 66155
h3.t6.nodes = 5114
h3.t6.propagations = 5114
h3.t8.restarts = 7
h3.t8.nogoods_size = 66155
h3.t8.nodes = 5073
h3.t8.propagations = 5073
h3.t3.restarts = 7
h3.t3.nogoods_size = 66155
h3.t3.nodes = 5163
h3.t3.propagations = 5163
h3.t13.restarts = 7
h3.t13.nogoods_size = 66155
h3.t13.nodes = 5043
h3.t13.propagations = 5043
h3.t12.restarts = 7
h3.t12.nogoods_size = 66155
h3.t12.nodes = 4476
h3.t12.propagations = 4476
h3.t17.restarts = 7
h3.t17.nogoods_size = 66155
h3.t17.nodes = 3009
h3.t17.propagations = 3009
h3.t14.restarts = 7
h3.t14.nogoods_size = 66155
h3.t14.nodes = 4744
h3.t14.propagations = 4744
h3.t1.restarts = 7
h3.t1.nogoods_size = 66155
h3.t1.nodes = 4962
h3.t1.propagations = 4962
h3.t0.restarts = 7
h3.t0.nogoods_size = 66155
h3.t0.nodes = 2333
h3.t0.propagations = 2333
h3.t9.restarts = 7
h3.t9.nogoods_size = 66155
h3.t9.nodes = 5013
h3.t9.propagations = 5013
h3.search_time = 943
h3.nodes = 84019
h3.propagations = 538672
h4.t11.stop_reason = aborted
h4.t11.restarts = 7
h4.t11.nogoods_size = 61348
h4.t11.nodes = 4478
h4.t11.propagations = 4478
h4.t9.stop_reason = aborted
h4.t9.restarts = 7
h4.t9.nogoods_size = 61348
h4.t9.nodes = 5416
h4.t9.propagations = 5416
h4.t13.stop_reason = aborted
h4.t13.restarts = 7
h4.t13.nogoods_size = 61348
h4.t13.nodes = 5104
h4.t13.propagations = 5104
h4.t16.where = 3/177 -1/-1 5/61 -1/-1 2/29 -1/-1 2/8 -1/-1 1/2 -1/-1 0/2 -1/-1 -1/-1 -1/-1 -1/-1 -1/-1 -1/-1 -1/-1 -1/-1 -1/-1 -1/-1 -1/-1 -1/-1 -1/-1 -1/-1 -1/-1 -1/-1 -1/-1 -1/-1 -1/-1 -1/-1 -1/-1 -1/-1 -1/-1 -1/-1 -1/-1 -1/-1 -1/-1 -1/-1 -1/-1 -1/-1 -1/-1 -1/-1 -1/-1 -1/-1 -1/-1 -1/-1 -1/-1 -1/-1 -1/-1 -1/-1 -1/-1 -1/-1 -1/-1 -1/-1 -1/-1 -1/-1 -1/-1 -1/-1 -1/-1 -1/-1 -1/-1 -1/-1 -1/-1 -1/-1 -1/-1 -1/-1 -1/-1 -1/-1 -1/-1 -1/-1 -1/-1 -1/-1 -1/-1 -1/-1 -1/-1 -1/-1 -1/-1 -1/-1 -1/-1 -1/-1 -1/-1 -1/-1 -1/-1 -1/-1 -1/-1 -1/-1 -1/-1 -1/-1 -1/-1 -1/-1 -1/-1 -1/-1 -1/-1 -1/-1 -1/-1 -1/-1 -1/-1 -1/-1 -1/-1 -1/-1 -1/-1 -1/-1 -1/-1 -1/-1 -1/-1 -1/-1 -1/-1 -1/-1 -1/-1 -1/-1 -1/-1 -1/-1 -1/-1 -1/-1 -1/-1 -1/-1 -1/-1 -1/-1 -1/-1 -1/-1 -1/-1 -1/-1 -1/-1 -1/-1 -1/-1 -1/-1 -1/-1 -1/-1 -1/-1 -1/-1 -1/-1 -1/-1 -1/-1 -1/-1 -1/-1 -1/-1 -1/-1 -1/-1 -1/-1 -1/-1 -1/-1 -1/-1 -1/-1 -1/-1 -1/-1 -1/-1 -1/-1 -1/-1 -1/-1 -1/-1 -1/-1 -1/-1 -1/-1 -1/-1 -1/-1 -1/-1 -1/-1 -1/-1 -1/-1 -1/-1 -1/-1 -1/-1 -1/-1 -1/-1 -1/-1 -1/-1 -1/-1 -1/-1 -1/-1 -1/-1 -1/-1 -1/-1 -1/-1 -1/-1 -1/-1 -1/-1 -1/-1 -1/-1 -1/-1 -1/-1 -1/-1 -1/-1 -1/-1 -1/-1 -1/-1 -1/-1 -1/-1 -1/-1 -1/-1 -1/-1 -1/-1 -1/-1 -1/-1 -1/-1 -1/-1 -1/-1 -1/-1 -1/-1 -1/-1 -1/-1 -1/-1 -1/-1 -1/-1 -1/-1 -1/-1 -1/-1 -1/-1 -1/-1 -1/-1 -1/-1 -1/-1 -1/-1 -1/-1 -1/-1 -1/-1 -1/-1 -1/-1 -1/-1 -1/-1 -1/-1 -1/-1 -1/-1 -1/-1 -1/-1 -1/-1 -1/-1 -1/-1 -1/-1 -1/-1 -1/-1 -1/-1 -1/-1 -1/-1 -1/-1 -1/-1 -1/-1 -1/-1 -1/-1 -1/-1 -1/-1 -1/-1 -1/-1 -1/-1 -1/-1 -1/-1
h4.t16.stop_reason = satisfiable
h4.t16.restarts = 7
h4.t16.nogoods_size = 61348
h4.t16.nodes = 4662
h4.t16.propagations = 4662
h4.t12.stop_reason = aborted
h4.t12.restarts = 7
h4.t12.nogoods_size = 61348
h4.t12.nodes = 4435
h4.t12.propagations = 4435
h4.t8.stop_reason = aborted
h4.t8.restarts = 7
h4.t8.nogoods_size = 61348
h4.t8.nodes = 4358
h4.t8.propagations = 4358
h4.t7.stop_reason = aborted
h4.t7.restarts = 7
h4.t7.nogoods_size = 61348
h4.t7.nodes = 4289
h4.t7.propagations = 4289
h4.t3.stop_reason = aborted
h4.t3.restarts = 7
h4.t3.nogoods_size = 61348
h4.t3.nodes = 4782
h4.t3.propagations = 4782
h4.t14.stop_reason = aborted
h4.t14.restarts = 7
h4.t14.nogoods_size = 61348
h4.t14.nodes = 5042
h4.t14.propagations = 5042
h4.t15.stop_reason = aborted
h4.t15.restarts = 7
h4.t15.nogoods_size = 61348
h4.t15.nodes = 4762
h4.t15.propagations = 4762
h4.t10.stop_reason = aborted
h4.t10.restarts = 7
h4.t10.nogoods_size = 61348
h4.t10.nodes = 4727
h4.t10.propagations = 4727
h4.t17.stop_reason = aborted
h4.t17.restarts = 7
h4.t17.nogoods_size = 61348
h4.t17.nodes = 2731
h4.t17.propagations = 2731
h4.t2.stop_reason = aborted
h4.t2.restarts = 7
h4.t2.nogoods_size = 61348
h4.t2.nodes = 4831
h4.t2.propagations = 4831
h4.t6.stop_reason = aborted
h4.t6.restarts = 7
h4.t6.nogoods_size = 61348
h4.t6.nodes = 4676
h4.t6.propagations = 4676
h4.t5.stop_reason = aborted
h4.t5.restarts = 7
h4.t5.nogoods_size = 61348
h4.t5.nodes = 4857
h4.t5.propagations = 4857
h4.t4.stop_reason = aborted
h4.t4.restarts = 7
h4.t4.nogoods_size = 61348
h4.t4.nodes = 4222
h4.t4.propagations = 4222
h4.t0.stop_reason = aborted
h4.t0.restarts = 7
h4.t0.nogoods_size = 61348
h4.t0.nodes = 2330
h4.t0.propagations = 2330
h4.t1.stop_reason = aborted
h4.t1.restarts = 7
h4.t1.nogoods_size = 61348
h4.t1.nodes = 4684
h4.t1.propagations = 4684
h4.search_time = 935
h4.nodes = 80386
h4.propagations = 518174
h5.t14.restarts = 7
h5.t14.nogoods_size = 65545
h5.t14.nodes = 4268
h5.t14.propagations = 4268
h5.t16.restarts = 7
h5.t16.nogoods_size = 65545
h5.t16.nodes = 4595
h5.t16.propagations = 4595
h5.t5.restarts = 7
h5.t5.nogoods_size = 65545
h5.t5.nodes = 4318
h5.t5.propagations = 4318
h5.t12.restarts = 7
h5.t12.nogoods_size = 65545
h5.t12.nodes = 4882
h5.t12.propagations = 4882
h5.t11.restarts = 7
h5.t11.nogoods_size = 65545
h5.t11.nodes = 4393
h5.t11.propagations = 4393
h5.t4.restarts = 7
h5.t4.nogoods_size = 65545
h5.t4.nodes = 4589
h5.t4.propagations = 4589
h5.t9.restarts = 7
h5.t9.nogoods_size = 65545
h5.t9.nodes = 4681
h5.t9.propagations = 4681
h5.t8.restarts = 7
h5.t8.nogoods_size = 65545
h5.t8.nodes = 4918
h5.t8.propagations = 4918
h5.t13.restarts = 7
h5.t13.nogoods_size = 65545
h5.t13.nodes = 5025
h5.t13.propagations = 5025
h5.t17.restarts = 7
h5.t17.nogoods_size = 65545
h5.t17.nodes = 3086
h5.t17.propagations = 3086
h5.t7.restarts = 7
h5.t7.nogoods_size = 65545
h5.t7.nodes = 4204
h5.t7.propagations = 4204
h5.t10.restarts = 7
h5.t10.nogoods_size = 65545
h5.t10.nodes = 4614
h5.t10.propagations = 4614
h5.t2.restarts = 7
h5.t2.nogoods_size = 65545
h5.t2.nodes = 4581
h5.t2.propagations = 4581
h5.t1.restarts = 7
h5.t1.nogoods_size = 65545
h5.t1.nodes = 4438
h5.t1.propagations = 4438
h5.t6.restarts = 7
h5.t6.nogoods_size = 65545
h5.t6.nodes = 4345
h5.t6.propagations = 4345
h5.t0.restarts = 7
h5.t0.nogoods_size = 65545
h5.t0.nodes = 2173
h5.t0.propagations = 2173
h5.t15.restarts = 7
h5.t15.nogoods_size = 65545
h5.t15.nodes = 4819
h5.t15.propagations = 4819
h5.t3.restarts = 7
h5.t3.nogoods_size = 65545
h5.t3.nodes = 3909
h5.t3.propagations = 3909
h5.search_time = 944
h5.nodes = 77838
h5.propagations = 490538
h6.t15.where = 0/177 -1/-1 34/61 -1/-1 3/29 -1/-1 1/8 -1/-1 1/2 -1/-1 0/2 -1/-1 -1/-1 -1/-1 -1/-1 -1/-1 -1/-1 -1/-1 -1/-1 -1/-1 -1/-1 -1/-1 -1/-1 -1/-1 -1/-1 -1/-1 -1/-1 -1/-1 -1/-1 -1/-1 -1/-1 -1/-1 -1/-1 -1/-1 -1/-1 -1/-1 -1/-1 -1/-1 -1/-1 -1/-1 -1/-1 -1/-1 -1/-1 -1/-1 -1/-1 -1/-1 -1/-1 -1/-1 -1/-1 -1/-1 -1/-1 -1/-1 -1/-1 -1/-1 -1/-1 -1/-1 -1/-1 -1/-1 -1/-1 -1/-1 -1/-1 -1/-1 -1/-1 -1/-1 -1/-1 -1/-1 -1/-1 -1/-1 -1/-1 -1/-1 -1/-1 -1/-1 -1/-1 -1/-1 -1/-1 -1/-1 -1/-1 -1/-1 -1/-1 -1/-1 -1/-1 -1/-1 -1/-1 -1/-1 -1/-1 -1/-1 -1/-1 -1/-1 -1/-1 -1/-1 -1/-1 -1/-1 -1/-1 -1/-1 -1/-1 -1/-1 -1/-1 -1/-1 -1/-1 -1/-1 -1/-1 -1/-1 -1/-1 -1/-1 -1/-1 -1/-1 -1/-1 -1/-1 -1/-1 -1/-1 -1/-1 -1/-1 -1/-1 -1/-1 -1/-1 -1/-1 -1/-1 -1/-1 -1/-1 -1/-1 -1/-1 -1/-1 -1/-1 -1/-1 -1/-1 -1/-1 -1/-1 -1/-1 -1/-1 -1/-1 -1/-1 -1/-1 -1/-1 -1/-1 -1/-1 -1/-1 -1/-1 -1/-1 -1/-1 -1/-1 -1/-1 -1/-1 -1/-1 -1/-1 -1/-1 -1/-1 -1/-1 -1/-1 -1/-1 -1/-1 -1/-1 -1/-1 -1/-1 -1/-1 -1/-1 -1/-1 -1/-1 -1/-1 -1/-1 -1/-1 -1/-1 -1/-1 -1/-1 -1/-1 -1/-1 -1/-1 -1/-1 -1/-1 -1/-1 -1/-1 -1/-1 -1/-1 -1/-1 -1/-1 -1/-1 -1/-1 -1/-1 -1/-1 -1/-1 -1/-1 -1/-1 -1/-1 -1/-1 -1/-1 -1/-1 -1/-1 -1/-1 -1/-1 -1/-1 -1/-1 -1/-1 -1/-1 -1/-1 -1/-1 -1/-1 -1/-1 -1/-1 -1/-1 -1/-1 -1/-1 -1/-1 -1/-1 -1/-1 -1/-1 -1/-1 -1/-1 -1/-1 -1/-1 -1/-1 -1/-1 -1/-1 -1/-1 -1/-1 -1/-1 -1/-1 -1/-1 -1/-1 -1/-1 -1/-1 -1/-1 -1/-1 -1/-1 -1/-1 -1/-1 -1/-1 -1/-1 -1/-1 -1/-1 -1/-1 -1/-1 -1/-1 -1/-1 -1/-1 -1/-1 -1/-1 -1/-1 -1/-1 -1/-1 -1/-1 -1/-1 -1/-1 -1/-1 -1/-1 -1/-1 -1/-1 -1/-1
h6.t15.stop_reason = satisfiable
h6.t15.restarts = 7
h6.t15.nogoods_size = 62303
h6.t15.nodes = 5885
h6.t15.propagations = 5885
h6.t16.stop_reason = aborted
h6.t16.restarts = 7
h6.t16.nogoods_size = 62303
h6.t16.nodes = 5574
h6.t16.propagations = 5574
h6.t6.stop_reason = aborted
h6.t6.restarts = 7
h6.t6.nogoods_size = 62303
h6.t6.nodes = 5349
h6.t6.propagations = 5349
h6.t5.stop_reason = aborted
h6.t5.restarts = 7
h6.t5.nogoods_size = 62303
h6.t5.nodes = 5400
h6.t5.propagations = 5400
h6.t9.stop_reason = aborted
h6.t9.restarts = 7
h6.t9.nogoods_size = 62303
h6.t9.nodes = 5365
h6.t9.propagations = 5365
h6.t17.stop_reason = aborted
h6.t17.restarts = 7
h6.t17.nogoods_size = 62303
h6.t17.nodes = 3222
h6.t17.propagations = 3222
h6.t7.stop_reason = aborted
h6.t7.restarts = 7
h6.t7.nogoods_size = 62303
h6.t7.nodes = 5175
h6.t7.propagations = 5175
h6.t13.stop_reason = aborted
h6.t13.restarts = 7
h6.t13.nogoods_size = 62303
h6.t13.nodes = 5592
h6.t13.propagations = 5592
h6.t4.stop_reason = aborted
h6.t4.restarts = 7
h6.t4.nogoods_size = 62303
h6.t4.nodes = 5655
h6.t4.propagations = 5655
h6.t1.stop_reason = aborted
h6.t1.restarts = 7
h6.t1.nogoods_size = 62303
h6.t1.nodes = 5823
h6.t1.propagations = 5823
h6.t10.stop_reason = aborted
h6.t10.restarts = 7
h6.t10.nogoods_size = 62303
h6.t10.nodes = 5691
h6.t10.propagations = 5691
h6.t2.stop_reason = aborted
h6.t2.restarts = 7
h6.t2.nogoods_size = 62303
h6.t2.nodes = 5212
h6.t2.propagations = 5212
h6.t3.stop_reason = aborted
h6.t3.restarts = 7
h6.t3.nogoods_size = 62303
h6.t3.nodes = 4915
h6.t3.propagations = 4915
h6.t12.stop_reason = aborted
h6.t12.restarts = 7
h6.t12.nogoods_size = 62303
h6.t12.nodes = 5192
h6.t12.propagations = 5192
h6.t0.stop_reason = aborted
h6.t0.restarts = 7
h6.t0.nogoods_size = 62303
h6.t0.nodes = 2395
h6.t0.propagations = 2395
h6.t14.stop_reason = aborted
h6.t14.restarts = 7
h6.t14.nogoods_size = 62303
h6.t14.nodes = 5284
h6.t14.propagations = 5284
h6.t11.stop_reason = aborted
h6.t11.restarts = 7
h6.t11.nogoods_size = 62303
h6.t11.nodes = 5680
h6.t11.propagations = 5680
h6.t8.stop_reason = aborted
h6.t8.restarts = 7
h6.t8.nogoods_size = 62303
h6.t8.nodes = 5601
h6.t8.propagations = 5601
h6.search_time = 936
h6.nodes = 93010
h6.propagations = 592164
h7.t13.restarts = 7
h7.t13.nogoods_size = 66004
h7.t13.nodes = 5494
h7.t13.propagations = 5494
h7.t6.restarts = 7
h7.t6.nogoods_size = 66004
h7.t6.nodes = 5737
h7.t6.propagations = 5737
h7.t9.restarts = 7
h7.t9.nogoods_size = 66004
h7.t9.nodes = 5449
h7.t9.propagations = 5449
h7.t16.restarts = 7
h7.t16.nogoods_size = 66004
h7.t16.nodes = 5615
h7.t16.propagations = 5615
h7.t11.restarts = 7
h7.t11.nogoods_size = 66004
h7.t11.nodes = 5355
h7.t11.propagations = 5355
h7.t2.restarts = 7
h7.t2.nogoods_size = 66004
h7.t2.nodes = 5316
h7.t2.propagations = 5316
h7.t15.restarts = 7
h7.t15.nogoods_size = 66004
h7.t15.nodes = 5455
h7.t15.propagations = 5455
h7.t10.restarts = 7
h7.t10.nogoods_size = 66004
h7.t10.nodes = 5845
h7.t10.propagations = 5845
h7.t8.restarts = 7
h7.t8.nogoods_size = 66004
h7.t8.nodes = 5571
h7.t8.propagations = 5571
h7.t7.restarts = 7
h7.t7.nogoods_size = 66004
h7.t7.nodes = 5502
h7.t7.propagations = 5502
h7.t5.restarts = 7
h7.t5.nogoods_size = 66004
h7.t5.nodes = 6483
h7.t5.propagations = 6483
h7.t17.restarts = 7
h7.t17.nogoods_size = 66004
h7.t17.nodes = 3391
h7.t17.propagations = 3391
h7.t14.restarts = 7
h7.t14.nogoods_size = 66004
h7.t14.nodes = 5555
h7.t14.propagations = 5555
h7.t3.restarts = 7
h7.t3.nogoods_size = 66004
h7.t3.nodes = 5533
h7.t3.propagations = 5533
h7.t1.restarts = 7
h7.t1.nogoods_size = 66004
h7.t1.nodes = 5742
h7.t1.propagations = 5742
h7.t0.restarts = 7
h7.t0.nogoods_size = 66004
h7.t0.nodes = 2586
h7.t0.propagations = 2586
h7.t4.restarts = 7
h7.t4.nogoods_size = 66004
h7.t4.nodes = 5308
h7.t4.propagations = 5308
h7.t12.restarts = 7
h7.t12.nogoods_size = 66004
h7.t12.nodes = 5555
h7.t12.propagations = 5555
h7.search_time = 945
h7.nodes = 95492
h7.propagations = 615210
h8.t6.restarts = 7
h8.t6.nogoods_size = 66018
h8.t6.nodes = 4447
h8.t6.propagations = 4447
h8.t12.restarts = 7
h8.t12.nogoods_size = 66018
h8.t12.nodes = 4744
h8.t12.propagations = 4744
h8.t9.restarts = 7
h8.t9.nogoods_size = 66018
h8.t9.nodes = 4854
h8.t9.propagations = 4854
h8.t4.restarts = 7
h8.t4.nogoods_size = 66018
h8.t4.nodes = 4466
h8.t4.propagations = 4466
h8.t5.restarts = 7
h8.t5.nogoods_size = 66018
h8.t5.nodes = 4919
h8.t5.propagations = 4919
h8.t17.restarts = 7
h8.t17.nogoods_size = 66018
h8.t17.nodes = 2979
h8.t17.propagations = 2979
h8.t1.restarts = 7
h8.t1.nogoods_size = 66018
h8.t1.nodes = 4904
h8.t1.propagations = 4904
h8.t8.restarts = 7
h8.t8.nogoods_size = 66018
h8.t8.nodes = 4635
h8.t8.propagations = 4635
h8.t10.restarts = 7
h8.t10.nogoods_size = 66018
h8.t10.nodes = 4980
h8.t10.propagations = 4980
h8.t7.restarts = 7
h8.t7.nogoods_size = 66018
h8.t7.nodes = 4392
h8.t7.propagations = 4392
h8.t13.restarts = 7
h8.t13.nogoods_size = 66018
h8.t13.nodes = 4680
h8.t13.propagations = 4680
h8.t14.restarts = 7
h8.t14.nogoods_size = 66018
h8.t14.nodes = 4895
h8.t14.propagations = 4895
h8.t3.restarts = 7
h8.t3.nogoods_size = 66018
h8.t3.nodes = 5013
h8.t3.propagations = 5013
h8.t16.restarts = 7
h8.t16.nogoods_size = 66018
h8.t16.nodes = 4757
h8.t16.propagations = 4757
h8.t15.restarts = 7
h8.t15.nogoods_size = 66018
h8.t15.nodes = 5481
h8.t15.propagations = 5481
h8.t11.restarts = 7
h8.t11.nogoods_size = 66018
h8.t11.nodes = 4788
h8.t11.propagations = 4788
h8.t2.restarts = 7
h8.t2.nogoods_size = 66018
h8.t2.nodes = 4537
h8.t2.propagations = 4537
h8.t0.restarts = 7
h8.t0.nogoods_size = 66018
h8.t0.nodes = 2341
h8.t0.propagations = 2341
h8.search_time = 945
h8.nodes = 81812
h8.propagations = 511611
h9.t1.restarts = 7
h9.t1.nogoods_size = 65911
h9.t1.nodes = 4739
h9.t1.propagations = 4739
h9.t13.restarts = 7
h9.t13.nogoods_size = 65911
h9.t13.nodes = 4748
h9.t13.propagations = 4748
h9.t5.restarts = 7
h9.t5.nogoods_size = 65911
h9.t5.nodes = 4868
h9.t5.propagations = 4868
h9.t10.restarts = 7
h9.t10.nogoods_size = 65911
h9.t10.nodes = 4683
h9.t10.propagations = 4683
h9.t9.restarts = 7
h9.t9.nogoods_size = 65911
h9.t9.nodes = 4844
h9.t9.propagations = 4844
h9.t11.restarts = 7
h9.t11.nogoods_size = 65911
h9.t11.nodes = 4832
h9.t11.propagations = 4832
h9.t4.restarts = 7
h9.t4.nogoods_size = 65911
h9.t4.nodes = 4561
h9.t4.propagations = 4561
h9.t6.restarts = 7
h9.t6.nogoods_size = 65911
h9.t6.nodes = 4614
h9.t6.propagations = 4614
h9.t8.restarts = 7
h9.t8.nogoods_size = 65911
h9.t8.nodes = 4835
h9.t8.propagations = 4835
h9.t17.restarts = 7
h9.t17.nogoods_size = 65911
h9.t17.nodes = 3031
h9.t17.propagations = 3031
h9.t2.restarts = 7
h9.t2.nogoods_size = 65911
h9.t2.nodes = 5466
h9.t2.propagations = 5466
h9.t15.restarts = 7
h9.t15.nogoods_size = 65911
h9.t15.nodes = 4988
h9.t15.propagations = 4988
h9.t3.restarts = 7
h9.t3.nogoods_size = 65911
h9.t3.nodes = 5196
h9.t3.propagations = 5196
h9.t12.restarts = 7
h9.t12.nogoods_size = 65911
h9.t12.nodes = 4953
h9.t12.propagations = 4953
h9.t7.restarts = 7
h9.t7.nogoods_size = 65911
h9.t7.nodes = 5020
h9.t7.propagations = 5020
h9.t14.restarts = 7
h9.t14.nogoods_size = 65911
h9.t14.nodes = 4540
h9.t14.propagations = 4540
h9.t0.restarts = 7
h9.t0.nogoods_size = 65911
h9.t0.nodes = 2402
h9.t0.propagations = 2402
h9.t16.restarts = 7
h9.t16.nogoods_size = 65911
h9.t16.nodes = 5416
h9.t16.propagations = 5416
h9.search_time = 946
h9.nodes = 83736
h9.propagations = 537957
