hostname = r1i0n4
commandline = ../glasgow/mpi_solve_subgraph_isomorphism --timeout 1000 --format lad --geometric-restarts=1.0 --restarts-constant=100000 --restart-timer=100 --triggered-restarts --threads 18 --value-ordering=biased ../instances/meshes-CVIU11/patterns/pattern3 ../instances/meshes-CVIU11/targets/target528
started_at = 2018-11-23 21:44:16
pattern_file = ../instances/meshes-CVIU11/patterns/pattern3
target_file = ../instances/meshes-CVIU11/targets/target528
status = aborted
nodes = 271074783
propagations = 571264392
runtime = 1061062
h0.t6.restarts = 4621
h0.t6.nogoods_size = 7326186
h0.t6.nodes = 1533730
h0.t6.propagations = 1533730
h0.t16.restarts = 4621
h0.t16.nogoods_size = 7326186
h0.t16.nodes = 1494415
h0.t16.propagations = 1494415
h0.t2.restarts = 4621
h0.t2.nogoods_size = 7326186
h0.t2.nodes = 1545085
h0.t2.propagations = 1545085
h0.t11.restarts = 4621
h0.t11.nogoods_size = 7326186
h0.t11.nodes = 1491057
h0.t11.propagations = 1491057
h0.t0.restarts = 4621
h0.t0.nogoods_size = 7326186
h0.t0.nodes = 399670
h0.t0.propagations = 399670
h0.t10.restarts = 4621
h0.t10.nogoods_size = 7326186
h0.t10.nodes = 1460663
h0.t10.propagations = 1460663
h0.t14.restarts = 4621
h0.t14.nogoods_size = 7326186
h0.t14.nodes = 1529608
h0.t14.propagations = 1529608
h0.t3.restarts = 4621
h0.t3.nogoods_size = 7326186
h0.t3.nodes = 1514288
h0.t3.propagations = 1514288
h0.t5.restarts = 4621
h0.t5.nogoods_size = 7326186
h0.t5.nodes = 1518494
h0.t5.propagations = 1518494
h0.t15.restarts = 4621
h0.t15.nogoods_size = 7326186
h0.t15.nodes = 1479590
h0.t15.propagations = 1479590
h0.t4.restarts = 4621
h0.t4.nogoods_size = 7326186
h0.t4.nodes = 1514010
h0.t4.propagations = 1514010
h0.t1.restarts = 4621
h0.t1.nogoods_size = 7326186
h0.t1.nodes = 1554187
h0.t1.propagations = 1554187
h0.t12.restarts = 4621
h0.t12.nogoods_size = 7326186
h0.t12.nodes = 1537060
h0.t12.propagations = 1537060
h0.t9.restarts = 4621
h0.t9.nogoods_size = 7326186
h0.t9.nodes = 1531048
h0.t9.propagations = 1531048
h0.t7.restarts = 4621
h0.t7.nogoods_size = 7326186
h0.t7.nodes = 1515287
h0.t7.propagations = 1515287
h0.t17.restarts = 4621
h0.t17.nogoods_size = 7326186
h0.t17.nodes = 805849
h0.t17.propagations = 805849
h0.t13.restarts = 4621
h0.t13.nogoods_size = 7326186
h0.t13.nodes = 1522906
h0.t13.propagations = 1522906
h0.t8.restarts = 4621
h0.t8.nogoods_size = 7326186
h0.t8.nodes = 1531453
h0.t8.propagations = 1531453
h0.search_time = 998379
h0.nodes = 25478400
h0.propagations = 53594130
h1.t8.restarts = 4621
h1.t8.nogoods_size = 7331896
h1.t8.nodes = 1582644
h1.t8.propagations = 1582644
h1.t3.restarts = 4621
h1.t3.nogoods_size = 7331896
h1.t3.nodes = 1602084
h1.t3.propagations = 1602084
h1.t5.restarts = 4621
h1.t5.nogoods_size = 7331896
h1.t5.nodes = 1609034
h1.t5.propagations = 1609034
h1.t16.restarts = 4621
h1.t16.nogoods_size = 7331896
h1.t16.nodes = 1586089
h1.t16.propagations = 1586089
h1.t1.restarts = 4621
h1.t1.nogoods_size = 7331896
h1.t1.nodes = 1611885
h1.t1.propagations = 1611885
h1.t15.restarts = 4621
h1.t15.nogoods_size = 7331896
h1.t15.nodes = 1703106
h1.t15.propagations = 1703106
h1.t9.restarts = 4621
h1.t9.nogoods_size = 7331896
h1.t9.nodes = 1606800
h1.t9.propagations = 1606800
h1.t0.restarts = 4621
h1.t0.nogoods_size = 7331896
h1.t0.nodes = 405214
h1.t0.propagations = 405214
h1.t10.restarts = 4621
h1.t10.nogoods_size = 7331896
h1.t10.nodes = 1574459
h1.t10.propagations = 1574459
h1.t7.restarts = 4621
h1.t7.nogoods_size = 7331896
h1.t7.nodes = 1605471
h1.t7.propagations = 1605471
h1.t14.restarts = 4621
h1.t14.nogoods_size = 7331896
h1.t14.nodes = 1557690
h1.t14.propagations = 1557690
h1.t11.restarts = 4621
h1.t11.nogoods_size = 7331896
h1.t11.nodes = 1576651
h1.t11.propagations = 1576651
h1.t17.restarts = 4621
h1.t17.nogoods_size = 7331896
h1.t17.nodes = 811850
h1.t17.propagations = 811850
h1.t4.restarts = 4621
h1.t4.nogoods_size = 7331896
h1.t4.nodes = 1583005
h1.t4.propagations = 1583005
h1.t12.restarts = 4621
h1.t12.nogoods_size = 7331896
h1.t12.nodes = 1598218
h1.t12.propagations = 1598218
h1.t2.restarts = 4621
h1.t2.nogoods_size = 7331896
h1.t2.nodes = 1629328
h1.t2.propagations = 1629328
h1.t13.restarts = 4621
h1.t13.nogoods_size = 7331896
h1.t13.nodes = 1600619
h1.t13.propagations = 1600619
h1.t6.restarts = 4621
h1.t6.nogoods_size = 7331896
h1.t6.nodes = 1590000
h1.t6.propagations = 1590000
h1.search_time = 998391
h1.nodes = 26834147
h1.propagations = 56507685
h2.t5.stop_reason = aborted
h2.t5.restarts = 4621
h2.t5.nogoods_size = 7350833
h2.t5.nodes = 1824986
h2.t5.propagations = 1824986
h2.t14.stop_reason = aborted
h2.t14.restarts = 4621
h2.t14.nogoods_size = 7350833
h2.t14.nodes = 1790804
h2.t14.propagations = 1790804
h2.t10.stop_reason = aborted
h2.t10.restarts = 4621
h2.t10.nogoods_size = 7350833
h2.t10.nodes = 1784039
h2.t10.propagations = 1784039
h2.t7.stop_reason = aborted
h2.t7.restarts = 4621
h2.t7.nogoods_size = 7350833
h2.t7.nodes = 1844506
h2.t7.propagations = 1844506
h2.t1.stop_reason = aborted
h2.t1.restarts = 4621
h2.t1.nogoods_size = 7350833
h2.t1.nodes = 1838020
h2.t1.propagations = 1838020
h2.t17.stop_reason = aborted
h2.t17.restarts = 4621
h2.t17.nogoods_size = 7350833
h2.t17.nodes = 796913
h2.t17.propagations = 796913
h2.t2.stop_reason = aborted
h2.t2.restarts = 4621
h2.t2.nogoods_size = 7350833
h2.t2.nodes = 1845676
h2.t2.propagations = 1845676
h2.t15.stop_reason = aborted
h2.t15.restarts = 4621
h2.t15.nogoods_size = 7350833
h2.t15.nodes = 1769762
h2.t15.propagations = 1769762
h2.t9.stop_reason = aborted
h2.t9.restarts = 4621
h2.t9.nogoods_size = 7350833
h2.t9.nodes = 1878225
h2.t9.propagations = 1878225
h2.t0.stop_reason = aborted
h2.t0.restarts = 4621
h2.t0.nogoods_size = 7350833
h2.t0.nodes = 392156
h2.t0.propagations = 392156
h2.t13.stop_reason = aborted
h2.t13.restarts = 4621
h2.t13.nogoods_size = 7350833
h2.t13.nodes = 1833639
h2.t13.propagations = 1833639
h2.t4.stop_reason = aborted
h2.t4.restarts = 4621
h2.t4.nogoods_size = 7350833
h2.t4.nodes = 1817146
h2.t4.propagations = 1817146
h2.t11.stop_reason = aborted
h2.t11.restarts = 4621
h2.t11.nogoods_size = 7350833
h2.t11.nodes = 1797825
h2.t11.propagations = 1797825
h2.t8.stop_reason = aborted
h2.t8.restarts = 4621
h2.t8.nogoods_size = 7350833
h2.t8.nodes = 1843912
h2.t8.propagations = 1843912
h2.t12.stop_reason = aborted
h2.t12.restarts = 4621
h2.t12.nogoods_size = 7350833
h2.t12.nodes = 1844213
h2.t12.propagations = 1844213
h2.t6.stop_reason = aborted
h2.t6.restarts = 4621
h2.t6.nogoods_size = 7350833
h2.t6.nodes = 1846100
h2.t6.propagations = 1846100
h2.t3.stop_reason = aborted
h2.t3.restarts = 4621
h2.t3.nogoods_size = 7350833
h2.t3.nodes = 1811292
h2.t3.propagations = 1811292
h2.t16.stop_reason = aborted
h2.t16.restarts = 4621
h2.t16.nogoods_size = 7350833
h2.t16.nodes = 1825411
h2.t16.propagations = 1825411
h2.search_time = 998423
h2.nodes = 30384625
h2.propagations = 64270243
h3.t6.restarts = 4621
h3.t6.nogoods_size = 7356336
h3.t6.nodes = 1913160
h3.t6.propagations = 1913160
h3.t5.restarts = 4621
h3.t5.nogoods_size = 7356336
h3.t5.nodes = 1911034
h3.t5.propagations = 1911034
h3.t14.restarts = 4621
h3.t14.nogoods_size = 7356336
h3.t14.nodes = 1904433
h3.t14.propagations = 1904433
h3.t12.restarts = 4621
h3.t12.nogoods_size = 7356336
h3.t12.nodes = 1937649
h3.t12.propagations = 1937649
h3.t15.restarts = 4621
h3.t15.nogoods_size = 7356336
h3.t15.nodes = 1839592
h3.t15.propagations = 1839592
h3.t2.restarts = 4621
h3.t2.nogoods_size = 7356336
h3.t2.nodes = 1940829
h3.t2.propagations = 1940829
h3.t3.restarts = 4621
h3.t3.nogoods_size = 7356336
h3.t3.nodes = 1849287
h3.t3.propagations = 1849287
h3.t10.restarts = 4621
h3.t10.nogoods_size = 7356336
h3.t10.nodes = 1868816
h3.t10.propagations = 1868816
h3.t7.restarts = 4621
h3.t7.nogoods_size = 7356336
h3.t7.nodes = 1926656
h3.t7.propagations = 1926656
h3.t11.restarts = 4621
h3.t11.nogoods_size = 7356336
h3.t11.nodes = 1846938
h3.t11.propagations = 1846938
h3.t1.restarts = 4621
h3.t1.nogoods_size = 7356336
h3.t1.nodes = 1920279
h3.t1.propagations = 1920279
h3.t17.restarts = 4621
h3.t17.nogoods_size = 7356336
h3.t17.nodes = 788825
h3.t17.propagations = 788825
h3.t8.restarts = 4621
h3.t8.nogoods_size = 7356336
h3.t8.nodes = 1929258
h3.t8.propagations = 1929258
h3.t16.restarts = 4621
h3.t16.nogoods_size = 7356336
h3.t16.nodes = 1881171
h3.t16.propagations = 1881171
h3.t4.restarts = 4621
h3.t4.nogoods_size = 7356336
h3.t4.nodes = 1939492
h3.t4.propagations = 1939492
h3.t9.restarts = 4621
h3.t9.nogoods_size = 7356336
h3.t9.nodes = 1897280
h3.t9.propagations = 1897280
h3.t13.restarts = 4621
h3.t13.nogoods_size = 7356336
h3.t13.nodes = 1914555
h3.t13.propagations = 1914555
h3.t0.restarts = 4621
h3.t0.nogoods_size = 7356336
h3.t0.nodes = 388231
h3.t0.propagations = 388231
h3.search_time = 998424
h3.nodes = 31597485
h3.propagations = 66932655
h4.t17.restarts = 4621
h4.t17.nogoods_size = 7326087
h4.t17.nodes = 797600
h4.t17.propagations = 797600
h4.t8.restarts = 4621
h4.t8.nogoods_size = 7326087
h4.t8.nodes = 1517702
h4.t8.propagations = 1517702
h4.t10.restarts = 4621
h4.t10.nogoods_size = 7326087
h4.t10.nodes = 1490403
h4.t10.propagations = 1490403
h4.t12.restarts = 4621
h4.t12.nogoods_size = 7326087
h4.t12.nodes = 1545573
h4.t12.propagations = 1545573
h4.t5.restarts = 4621
h4.t5.nogoods_size = 7326087
h4.t5.nodes = 1534848
h4.t5.propagations = 1534848
h4.t4.restarts = 4621
h4.t4.nogoods_size = 7326087
h4.t4.nodes = 1521583
h4.t4.propagations = 1521583
h4.t15.restarts = 4621
h4.t15.nogoods_size = 7326087
h4.t15.nodes = 1490119
h4.t15.propagations = 1490119
h4.t16.restarts = 4621
h4.t16.nogoods_size = 7326087
h4.t16.nodes = 1511316
h4.t16.propagations = 1511316
h4.t7.restarts = 4621
h4.t7.nogoods_size = 7326087
h4.t7.nodes = 1546654
h4.t7.propagations = 1546654
h4.t13.restarts = 4621
h4.t13.nogoods_size = 7326087
h4.t13.nodes = 1519301
h4.t13.propagations = 1519301
h4.t2.restarts = 4621
h4.t2.nogoods_size = 7326087
h4.t2.nodes = 1542971
h4.t2.propagations = 1542971
h4.t6.restarts = 4621
h4.t6.nogoods_size = 7326087
h4.t6.nodes = 1524934
h4.t6.propagations = 1524934
h4.t9.restarts = 4621
h4.t9.nogoods_size = 7326087
h4.t9.nodes = 1536379
h4.t9.propagations = 1536379
h4.t0.restarts = 4621
h4.t0.nogoods_size = 7326087
h4.t0.nodes = 407816
h4.t0.propagations = 407816
h4.t3.restarts = 4621
h4.t3.nogoods_size = 7326087
h4.t3.nodes = 1499515
h4.t3.propagations = 1499515
h4.t14.restarts = 4621
h4.t14.nogoods_size = 7326087
h4.t14.nodes = 1484799
h4.t14.propagations = 1484799
h4.t1.restarts = 4621
h4.t1.nogoods_size = 7326087
h4.t1.nodes = 1557257
h4.t1.propagations = 1557257
h4.t11.restarts = 4621
h4.t11.nogoods_size = 7326087
h4.t11.nodes = 1500630
h4.t11.propagations = 1500630
h4.search_time = 998402
h4.nodes = 25529400
h4.propagations = 53683885
h5.t15.restarts = 4621
h5.t15.nogoods_size = 7327605
h5.t15.nodes = 1541950
h5.t15.propagations = 1541950
h5.t1.restarts = 4621
h5.t1.nogoods_size = 7327605
h5.t1.nodes = 1565234
h5.t1.propagations = 1565234
h5.t0.restarts = 4621
h5.t0.nogoods_size = 7327605
h5.t0.nodes = 403552
h5.t0.propagations = 403552
h5.t4.restarts = 4621
h5.t4.nogoods_size = 7327605
h5.t4.nodes = 1559084
h5.t4.propagations = 1559084
h5.t13.restarts = 4621
h5.t13.nogoods_size = 7327605
h5.t13.nodes = 1569701
h5.t13.propagations = 1569701
h5.t17.restarts = 4621
h5.t17.nogoods_size = 7327605
h5.t17.nodes = 799268
h5.t17.propagations = 799268
h5.t2.restarts = 4621
h5.t2.nogoods_size = 7327605
h5.t2.nodes = 1556053
h5.t2.propagations = 1556053
h5.t16.restarts = 4621
h5.t16.nogoods_size = 7327605
h5.t16.nodes = 1568008
h5.t16.propagations = 1568008
h5.t6.restarts = 4621
h5.t6.nogoods_size = 7327605
h5.t6.nodes = 1589055
h5.t6.propagations = 1589055
h5.t11.restarts = 4621
h5.t11.nogoods_size = 7327605
h5.t11.nodes = 1547148
h5.t11.propagations = 1547148
h5.t12.restarts = 4621
h5.t12.nogoods_size = 7327605
h5.t12.nodes = 1587276
h5.t12.propagations = 1587276
h5.t3.restarts = 4621
h5.t3.nogoods_size = 7327605
h5.t3.nodes = 1545634
h5.t3.propagations = 1545634
h5.t5.restarts = 4621
h5.t5.nogoods_size = 7327605
h5.t5.nodes = 1584526
h5.t5.propagations = 1584526
h5.t14.restarts = 4621
h5.t14.nogoods_size = 7327605
h5.t14.nodes = 1524645
h5.t14.propagations = 1524645
h5.t9.restarts = 4621
h5.t9.nogoods_size = 7327605
h5.t9.nodes = 1582203
h5.t9.propagations = 1582203
h5.t7.restarts = 4621
h5.t7.nogoods_size = 7327605
h5.t7.nodes = 1588186
h5.t7.propagations = 1588186
h5.t8.restarts = 4621
h5.t8.nogoods_size = 7327605
h5.t8.nodes = 1564070
h5.t8.propagations = 1564070
h5.t10.restarts = 4621
h5.t10.nogoods_size = 7327605
h5.t10.nodes = 1536195
h5.t10.propagations = 1536195
h5.search_time = 998393
h5.nodes = 26211788
h5.propagations = 55159976
h6.t11.restarts = 4621
h6.t11.nogoods_size = 7329848
h6.t11.nodes = 1498866
h6.t11.propagations = 1498866
h6.t8.restarts = 4621
h6.t8.nogoods_size = 7329848
h6.t8.nodes = 1537516
h6.t8.propagations = 1537516
h6.t3.restarts = 4621
h6.t3.nogoods_size = 7329848
h6.t3.nodes = 1538242
h6.t3.propagations = 1538242
h6.t7.restarts = 4621
h6.t7.nogoods_size = 7329848
h6.t7.nodes = 1558355
h6.t7.propagations = 1558355
h6.t12.restarts = 4621
h6.t12.nogoods_size = 7329848
h6.t12.nodes = 1540488
h6.t12.propagations = 1540488
h6.t5.restarts = 4621
h6.t5.nogoods_size = 7329848
h6.t5.nodes = 1545479
h6.t5.propagations = 1545479
h6.t9.restarts = 4621
h6.t9.nogoods_size = 7329848
h6.t9.nodes = 1527571
h6.t9.propagations = 1527571
h6.t1.restarts = 4621
h6.t1.nogoods_size = 7329848
h6.t1.nodes = 1570817
h6.t1.propagations = 1570817
h6.t15.restarts = 4621
h6.t15.nogoods_size = 7329848
h6.t15.nodes = 1475763
h6.t15.propagations = 1475763
h6.t16.restarts = 4621
h6.t16.nogoods_size = 7329848
h6.t16.nodes = 1526018
h6.t16.propagations = 1526018
h6.t2.restarts = 4621
h6.t2.nogoods_size = 7329848
h6.t2.nodes = 1556975
h6.t2.propagations = 1556975
h6.t10.restarts = 4621
h6.t10.nogoods_size = 7329848
h6.t10.nodes = 1498794
h6.t10.propagations = 1498794
h6.t4.restarts = 4621
h6.t4.nogoods_size = 7329848
h6.t4.nodes = 1867444
h6.t4.propagations = 1867444
h6.t14.restarts = 4621
h6.t14.nogoods_size = 7329848
h6.t14.nodes = 1488858
h6.t14.propagations = 1488858
h6.t13.restarts = 4621
h6.t13.nogoods_size = 7329848
h6.t13.nodes = 1552470
h6.t13.propagations = 1552470
h6.t6.restarts = 4621
h6.t6.nogoods_size = 7329848
h6.t6.nodes = 1525725
h6.t6.propagations = 1525725
h6.t17.restarts = 4621
h6.t17.nogoods_size = 7329848
h6.t17.nodes = 809157
h6.t17.propagations = 809157
h6.t0.restarts = 4621
h6.t0.nogoods_size = 7329848
h6.t0.nodes = 408831
h6.t0.propagations = 408831
h6.search_time = 998396
h6.nodes = 26027369
h6.propagations = 54783837
h7.t4.restarts = 4621
h7.t4.nogoods_size = 7330339
h7.t4.nodes = 1573261
h7.t4.propagations = 1573261
h7.t13.restarts = 4621
h7.t13.nogoods_size = 7330339
h7.t13.nodes = 1587627
h7.t13.propagations = 1587627
h7.t15.restarts = 4621
h7.t15.nogoods_size = 7330339
h7.t15.nodes = 1562577
h7.t15.propagations = 1562577
h7.t9.restarts = 4621
h7.t9.nogoods_size = 7330339
h7.t9.nodes = 1604286
h7.t9.propagations = 1604286
h7.t8.restarts = 4621
h7.t8.nogoods_size = 7330339
h7.t8.nodes = 1604247
h7.t8.propagations = 1604247
h7.t5.restarts = 4621
h7.t5.nogoods_size = 7330339
h7.t5.nodes = 1580509
h7.t5.propagations = 1580509
h7.t17.restarts = 4621
h7.t17.nogoods_size = 7330339
h7.t17.nodes = 818052
h7.t17.propagations = 818052
h7.t7.restarts = 4621
h7.t7.nogoods_size = 7330339
h7.t7.nodes = 1603074
h7.t7.propagations = 1603074
h7.t1.restarts = 4621
h7.t1.nogoods_size = 7330339
h7.t1.nodes = 1579845
h7.t1.propagations = 1579845
h7.t14.restarts = 4621
h7.t14.nogoods_size = 7330339
h7.t14.nodes = 1561605
h7.t14.propagations = 1561605
h7.t10.restarts = 4621
h7.t10.nogoods_size = 7330339
h7.t10.nodes = 1560637
h7.t10.propagations = 1560637
h7.t3.restarts = 4621
h7.t3.nogoods_size = 7330339
h7.t3.nodes = 1588057
h7.t3.propagations = 1588057
h7.t6.restarts = 4621
h7.t6.nogoods_size = 7330339
h7.t6.nodes = 1594974
h7.t6.propagations = 1594974
h7.t2.restarts = 4621
h7.t2.nogoods_size = 7330339
h7.t2.nodes = 1596829
h7.t2.propagations = 1596829
h7.t0.restarts = 4621
h7.t0.nogoods_size = 7330339
h7.t0.nodes = 407002
h7.t0.propagations = 407002
h7.t12.restarts = 4621
h7.t12.nogoods_size = 7330339
h7.t12.nodes = 1601220
h7.t12.propagations = 1601220
h7.t16.restarts = 4621
h7.t16.nogoods_size = 7330339
h7.t16.nodes = 1559761
h7.t16.propagations = 1559761
h7.t11.restarts = 4621
h7.t11.nogoods_size = 7330339
h7.t11.nodes = 1543247
h7.t11.propagations = 1543247
h7.search_time = 998394
h7.nodes = 26526810
h7.propagations = 55866487
h8.t3.restarts = 4621
h8.t3.nogoods_size = 7327695
h8.t3.nodes = 1537380
h8.t3.propagations = 1537380
h8.t15.restarts = 4621
h8.t15.nogoods_size = 7327695
h8.t15.nodes = 1504560
h8.t15.propagations = 1504560
h8.t5.restarts = 4621
h8.t5.nogoods_size = 7327695
h8.t5.nodes = 1541244
h8.t5.propagations = 1541244
h8.t9.restarts = 4621
h8.t9.nogoods_size = 7327695
h8.t9.nodes = 1536214
h8.t9.propagations = 1536214
h8.t2.restarts = 4621
h8.t2.nogoods_size = 7327695
h8.t2.nodes = 1539673
h8.t2.propagations = 1539673
h8.t10.restarts = 4621
h8.t10.nogoods_size = 7327695
h8.t10.nodes = 1505255
h8.t10.propagations = 1505255
h8.t11.restarts = 4621
h8.t11.nogoods_size = 7327695
h8.t11.nodes = 1498305
h8.t11.propagations = 1498305
h8.t1.restarts = 4621
h8.t1.nogoods_size = 7327695
h8.t1.nodes = 1539913
h8.t1.propagations = 1539913
h8.t14.restarts = 4621
h8.t14.nogoods_size = 7327695
h8.t14.nodes = 1523768
h8.t14.propagations = 1523768
h8.t16.restarts = 4621
h8.t16.nogoods_size = 7327695
h8.t16.nodes = 1521965
h8.t16.propagations = 1521965
h8.t6.restarts = 4621
h8.t6.nogoods_size = 7327695
h8.t6.nodes = 1535484
h8.t6.propagations = 1535484
h8.t17.restarts = 4621
h8.t17.nogoods_size = 7327695
h8.t17.nodes = 804654
h8.t17.propagations = 804654
h8.t4.restarts = 4621
h8.t4.nogoods_size = 7327695
h8.t4.nodes = 1518677
h8.t4.propagations = 1518677
h8.t8.restarts = 4621
h8.t8.nogoods_size = 7327695
h8.t8.nodes = 1534512
h8.t8.propagations = 1534512
h8.t12.restarts = 4621
h8.t12.nogoods_size = 7327695
h8.t12.nodes = 1509797
h8.t12.propagations = 1509797
h8.t0.restarts = 4621
h8.t0.nogoods_size = 7327695
h8.t0.nodes = 400363
h8.t0.propagations = 400363
h8.t13.restarts = 4621
h8.t13.nogoods_size = 7327695
h8.t13.nodes = 1522044
h8.t13.propagations = 1522044
h8.t7.restarts = 4621
h8.t7.nogoods_size = 7327695
h8.t7.nodes = 1529572
h8.t7.propagations = 1529572
h8.search_time = 998398
h8.nodes = 25603380
h8.propagations = 53856629
h9.t9.restarts = 4621
h9.t9.nogoods_size = 7332887
h9.t9.nodes = 1595028
h9.t9.propagations = 1595028
h9.t6.restarts = 4621
h9.t6.nogoods_size = 7332887
h9.t6.nodes = 1634349
h9.t6.propagations = 1634349
h9.t11.restarts = 4621
h9.t11.nogoods_size = 7332887
h9.t11.nodes = 1567846
h9.t11.propagations = 1567846
h9.t4.restarts = 4621
h9.t4.nogoods_size = 7332887
h9.t4.nodes = 1616661
h9.t4.propagations = 1616661
h9.t14.restarts = 4621
h9.t14.nogoods_size = 7332887
h9.t14.nodes = 1605395
h9.t14.propagations = 1605395
h9.t16.restarts = 4621
h9.t16.nogoods_size = 7332887
h9.t16.nodes = 1603635
h9.t16.propagations = 1603635
h9.t12.restarts = 4621
h9.t12.nogoods_size = 7332887
h9.t12.nodes = 1622080
h9.t12.propagations = 1622080
h9.t8.restarts = 4621
h9.t8.nogoods_size = 7332887
h9.t8.nodes = 1621496
h9.t8.propagations = 1621496
h9.t7.restarts = 4621
h9.t7.nogoods_size = 7332887
h9.t7.nodes = 1615008
h9.t7.propagations = 1615008
h9.t10.restarts = 4621
h9.t10.nogoods_size = 7332887
h9.t10.nodes = 1557362
h9.t10.propagations = 1557362
h9.t5.restarts = 4621
h9.t5.nogoods_size = 7332887
h9.t5.nodes = 1609464
h9.t5.propagations = 1609464
h9.t1.restarts = 4621
h9.t1.nogoods_size = 7332887
h9.t1.nodes = 1603379
h9.t1.propagations = 1603379
h9.t0.restarts = 4621
h9.t0.nogoods_size = 7332887
h9.t0.nodes = 405055
h9.t0.propagations = 405055
h9.t13.restarts = 4621
h9.t13.nogoods_size = 7332887
h9.t13.nodes = 1610815
h9.t13.propagations = 1610815
h9.t3.restarts = 4621
h9.t3.nogoods_size = 7332887
h9.t3.nodes = 1583592
h9.t3.propagations = 1583592
h9.t15.restarts = 4621
h9.t15.nogoods_size = 7332887
h9.t15.nodes = 1572434
h9.t15.propagations = 1572434
h9.t2.restarts = 4621
h9.t2.nogoods_size = 7332887
h9.t2.nodes = 1633689
h9.t2.propagations = 1633689
h9.t17.restarts = 4621
h9.t17.nogoods_size = 7332887
h9.t17.nodes = 824091
h9.t17.propagations = 824091
h9.search_time = 998395
h9.nodes = 26881379
h9.propagations = 56608865
