hostname = r1i2n16
commandline = ../glasgow/mpi_solve_subgraph_isomorphism --timeout 1000 --format lad --geometric-restarts=1.0 --restarts-constant=100000 --restart-timer=100 --triggered-restarts --threads 18 --value-ordering=biased ../instances/meshes-CVIU11/patterns/pattern3 ../instances/meshes-CVIU11/targets/target400
started_at = 2018-11-23 21:23:39
pattern_file = ../instances/meshes-CVIU11/patterns/pattern3
target_file = ../instances/meshes-CVIU11/targets/target400
status = false
nodes = 1376454338
propagations = 3382238684
runtime = 653131
h0.t9.stop_reason = aborted
h0.t9.restarts = 1542
h0.t9.nogoods_size = 2657343
h0.t9.nodes = 8127827
h0.t9.propagations = 8127827
h0.t14.stop_reason = aborted
h0.t14.restarts = 1542
h0.t14.nogoods_size = 2657343
h0.t14.nodes = 8001407
h0.t14.propagations = 8001407
h0.t12.stop_reason = aborted
h0.t12.restarts = 1542
h0.t12.nogoods_size = 2657343
h0.t12.nodes = 8179813
h0.t12.propagations = 8179813
h0.t15.stop_reason = aborted
h0.t15.restarts = 1542
h0.t15.nogoods_size = 2657343
h0.t15.nodes = 7874321
h0.t15.propagations = 7874321
h0.t1.stop_reason = unsatisfiable
h0.t1.restarts = 1542
h0.t1.nogoods_size = 2657343
h0.t1.nodes = 8976637
h0.t1.propagations = 8976637
h0.t17.stop_reason = aborted
h0.t17.restarts = 1542
h0.t17.nogoods_size = 2657343
h0.t17.nodes = 2715875
h0.t17.propagations = 2715875
h0.t5.stop_reason = aborted
h0.t5.restarts = 1542
h0.t5.nogoods_size = 2657343
h0.t5.nodes = 7917323
h0.t5.propagations = 7917323
h0.t16.stop_reason = aborted
h0.t16.restarts = 1542
h0.t16.nogoods_size = 2657343
h0.t16.nodes = 8051032
h0.t16.propagations = 8051032
h0.t6.stop_reason = aborted
h0.t6.restarts = 1542
h0.t6.nogoods_size = 2657343
h0.t6.nodes = 8010919
h0.t6.propagations = 8010919
h0.t8.stop_reason = aborted
h0.t8.restarts = 1542
h0.t8.nogoods_size = 2657343
h0.t8.nodes = 8010618
h0.t8.propagations = 8010618
h0.t11.stop_reason = aborted
h0.t11.restarts = 1542
h0.t11.nogoods_size = 2657343
h0.t11.nodes = 7919312
h0.t11.propagations = 7919312
h0.t10.stop_reason = aborted
h0.t10.restarts = 1542
h0.t10.nogoods_size = 2657343
h0.t10.nodes = 7819892
h0.t10.propagations = 7819892
h0.t0.stop_reason = aborted
h0.t0.restarts = 1542
h0.t0.nogoods_size = 2657343
h0.t0.nodes = 274079
h0.t0.propagations = 274079
h0.t7.stop_reason = aborted
h0.t7.restarts = 1542
h0.t7.nogoods_size = 2657343
h0.t7.nodes = 8113355
h0.t7.propagations = 8113355
h0.t2.stop_reason = unsatisfiable
h0.t2.restarts = 1542
h0.t2.nogoods_size = 2657343
h0.t2.nodes = 8212606
h0.t2.propagations = 8212606
h0.t13.stop_reason = aborted
h0.t13.restarts = 1542
h0.t13.nogoods_size = 2657343
h0.t13.nodes = 8278878
h0.t13.propagations = 8278878
h0.t4.stop_reason = aborted
h0.t4.restarts = 1542
h0.t4.nogoods_size = 2657343
h0.t4.nodes = 7860670
h0.t4.propagations = 7860670
h0.t3.stop_reason = aborted
h0.t3.restarts = 1542
h0.t3.nogoods_size = 2657343
h0.t3.nodes = 7930817
h0.t3.propagations = 7930817
h0.search_time = 640811
h0.nodes = 132275381
h0.propagations = 325520919
h1.t16.stop_reason = aborted
h1.t16.restarts = 1542
h1.t16.nogoods_size = 2658816
h1.t16.nodes = 8686337
h1.t16.propagations = 8686337
h1.t1.stop_reason = unsatisfiable
h1.t1.restarts = 1542
h1.t1.nogoods_size = 2658816
h1.t1.nodes = 8580324
h1.t1.propagations = 8580324
h1.t8.stop_reason = aborted
h1.t8.restarts = 1542
h1.t8.nogoods_size = 2658816
h1.t8.nodes = 8554084
h1.t8.propagations = 8554084
h1.t14.stop_reason = unsatisfiable
h1.t14.restarts = 1542
h1.t14.nogoods_size = 2658816
h1.t14.nodes = 8749873
h1.t14.propagations = 8749873
h1.t11.stop_reason = aborted
h1.t11.restarts = 1542
h1.t11.nogoods_size = 2658816
h1.t11.nodes = 8380113
h1.t11.propagations = 8380113
h1.t4.stop_reason = aborted
h1.t4.restarts = 1542
h1.t4.nogoods_size = 2658816
h1.t4.nodes = 8376295
h1.t4.propagations = 8376295
h1.t6.stop_reason = aborted
h1.t6.restarts = 1542
h1.t6.nogoods_size = 2658816
h1.t6.nodes = 8683029
h1.t6.propagations = 8683029
h1.t9.stop_reason = aborted
h1.t9.restarts = 1542
h1.t9.nogoods_size = 2658816
h1.t9.nodes = 8507141
h1.t9.propagations = 8507141
h1.t17.stop_reason = aborted
h1.t17.restarts = 1542
h1.t17.nogoods_size = 2658816
h1.t17.nodes = 2759222
h1.t17.propagations = 2759222
h1.t10.stop_reason = aborted
h1.t10.restarts = 1542
h1.t10.nogoods_size = 2658816
h1.t10.nodes = 8242517
h1.t10.propagations = 8242517
h1.t7.stop_reason = aborted
h1.t7.restarts = 1542
h1.t7.nogoods_size = 2658816
h1.t7.nodes = 8668231
h1.t7.propagations = 8668231
h1.t13.stop_reason = unsatisfiable
h1.t13.restarts = 1542
h1.t13.nogoods_size = 2658816
h1.t13.nodes = 8454339
h1.t13.propagations = 8454339
h1.t15.stop_reason = unsatisfiable
h1.t15.restarts = 1542
h1.t15.nogoods_size = 2658816
h1.t15.nodes = 8282949
h1.t15.propagations = 8282949
h1.t2.stop_reason = aborted
h1.t2.restarts = 1542
h1.t2.nogoods_size = 2658816
h1.t2.nodes = 8782594
h1.t2.propagations = 8782594
h1.t3.stop_reason = aborted
h1.t3.restarts = 1542
h1.t3.nogoods_size = 2658816
h1.t3.nodes = 8646718
h1.t3.propagations = 8646718
h1.t12.stop_reason = aborted
h1.t12.restarts = 1542
h1.t12.nogoods_size = 2658816
h1.t12.nodes = 8483076
h1.t12.propagations = 8483076
h1.t5.stop_reason = unsatisfiable
h1.t5.restarts = 1542
h1.t5.nogoods_size = 2658816
h1.t5.nodes = 8413799
h1.t5.propagations = 8413799
h1.t0.stop_reason = aborted
h1.t0.restarts = 1542
h1.t0.nogoods_size = 2658816
h1.t0.nodes = 276400
h1.t0.propagations = 276400
h1.search_time = 640804
h1.nodes = 139527041
h1.propagations = 342718821
h2.t13.stop_reason = unsatisfiable
h2.t13.restarts = 1542
h2.t13.nogoods_size = 2656183
h2.t13.nodes = 8394144
h2.t13.propagations = 8394144
h2.t1.stop_reason = aborted
h2.t1.restarts = 1542
h2.t1.nogoods_size = 2656183
h2.t1.nodes = 8379589
h2.t1.propagations = 8379589
h2.t11.stop_reason = aborted
h2.t11.restarts = 1542
h2.t11.nogoods_size = 2656183
h2.t11.nodes = 8315208
h2.t11.propagations = 8315208
h2.t8.stop_reason = aborted
h2.t8.restarts = 1542
h2.t8.nogoods_size = 2656183
h2.t8.nodes = 8299660
h2.t8.propagations = 8299660
h2.t4.stop_reason = aborted
h2.t4.restarts = 1542
h2.t4.nogoods_size = 2656183
h2.t4.nodes = 8316551
h2.t4.propagations = 8316551
h2.t17.stop_reason = aborted
h2.t17.restarts = 1542
h2.t17.nogoods_size = 2656183
h2.t17.nodes = 2754602
h2.t17.propagations = 2754602
h2.t2.stop_reason = unsatisfiable
h2.t2.restarts = 1542
h2.t2.nogoods_size = 2656183
h2.t2.nodes = 8601911
h2.t2.propagations = 8601911
h2.t7.stop_reason = aborted
h2.t7.restarts = 1542
h2.t7.nogoods_size = 2656183
h2.t7.nodes = 8670160
h2.t7.propagations = 8670160
h2.t3.stop_reason = unsatisfiable
h2.t3.restarts = 1542
h2.t3.nogoods_size = 2656183
h2.t3.nodes = 8435330
h2.t3.propagations = 8435330
h2.t14.stop_reason = aborted
h2.t14.restarts = 1542
h2.t14.nogoods_size = 2656183
h2.t14.nodes = 8258364
h2.t14.propagations = 8258364
h2.t6.stop_reason = unsatisfiable
h2.t6.restarts = 1542
h2.t6.nogoods_size = 2656183
h2.t6.nodes = 8372494
h2.t6.propagations = 8372494
h2.t0.stop_reason = aborted
h2.t0.restarts = 1542
h2.t0.nogoods_size = 2656183
h2.t0.nodes = 287222
h2.t0.propagations = 287222
h2.t5.stop_reason = unsatisfiable
h2.t5.restarts = 1542
h2.t5.nogoods_size = 2656183
h2.t5.nodes = 8608127
h2.t5.propagations = 8608127
h2.t10.stop_reason = aborted
h2.t10.restarts = 1542
h2.t10.nogoods_size = 2656183
h2.t10.nodes = 8272867
h2.t10.propagations = 8272867
h2.t12.stop_reason = aborted
h2.t12.restarts = 1542
h2.t12.nogoods_size = 2656183
h2.t12.nodes = 8484865
h2.t12.propagations = 8484865
h2.t15.stop_reason = aborted
h2.t15.restarts = 1542
h2.t15.nogoods_size = 2656183
h2.t15.nodes = 8121243
h2.t15.propagations = 8121243
h2.t16.stop_reason = aborted
h2.t16.restarts = 1542
h2.t16.nogoods_size = 2656183
h2.t16.nodes = 8494008
h2.t16.propagations = 8494008
h2.t9.stop_reason = aborted
h2.t9.restarts = 1542
h2.t9.nogoods_size = 2656183
h2.t9.nodes = 8001304
h2.t9.propagations = 8001304
h2.search_time = 640824
h2.nodes = 137067649
h2.propagations = 336158066
h3.t13.stop_reason = aborted
h3.t13.restarts = 1542
h3.t13.nogoods_size = 2656615
h3.t13.nodes = 8355342
h3.t13.propagations = 8355342
h3.t11.stop_reason = aborted
h3.t11.restarts = 1542
h3.t11.nogoods_size = 2656615
h3.t11.nodes = 8474246
h3.t11.propagations = 8474246
h3.t10.stop_reason = aborted
h3.t10.restarts = 1542
h3.t10.nogoods_size = 2656615
h3.t10.nodes = 8135087
h3.t10.propagations = 8135087
h3.t2.stop_reason = unsatisfiable
h3.t2.restarts = 1542
h3.t2.nogoods_size = 2656615
h3.t2.nodes = 8719490
h3.t2.propagations = 8719490
h3.t5.stop_reason = aborted
h3.t5.restarts = 1542
h3.t5.nogoods_size = 2656615
h3.t5.nodes = 8523730
h3.t5.propagations = 8523730
h3.t9.stop_reason = unsatisfiable
h3.t9.restarts = 1542
h3.t9.nogoods_size = 2656615
h3.t9.nodes = 8476294
h3.t9.propagations = 8476294
h3.t15.stop_reason = aborted
h3.t15.restarts = 1542
h3.t15.nogoods_size = 2656615
h3.t15.nodes = 8533333
h3.t15.propagations = 8533333
h3.t8.stop_reason = aborted
h3.t8.restarts = 1542
h3.t8.nogoods_size = 2656615
h3.t8.nodes = 8364284
h3.t8.propagations = 8364284
h3.t1.stop_reason = aborted
h3.t1.restarts = 1542
h3.t1.nogoods_size = 2656615
h3.t1.nodes = 8487972
h3.t1.propagations = 8487972
h3.t3.stop_reason = aborted
h3.t3.restarts = 1542
h3.t3.nogoods_size = 2656615
h3.t3.nodes = 8310171
h3.t3.propagations = 8310171
h3.t12.stop_reason = aborted
h3.t12.restarts = 1542
h3.t12.nogoods_size = 2656615
h3.t12.nodes = 8471368
h3.t12.propagations = 8471368
h3.t14.stop_reason = aborted
h3.t14.restarts = 1542
h3.t14.nogoods_size = 2656615
h3.t14.nodes = 8777041
h3.t14.propagations = 8777041
h3.t16.stop_reason = aborted
h3.t16.restarts = 1542
h3.t16.nogoods_size = 2656615
h3.t16.nodes = 8566660
h3.t16.propagations = 8566660
h3.t7.stop_reason = aborted
h3.t7.restarts = 1542
h3.t7.nogoods_size = 2656615
h3.t7.nodes = 8754517
h3.t7.propagations = 8754517
h3.t4.stop_reason = aborted
h3.t4.restarts = 1542
h3.t4.nogoods_size = 2656615
h3.t4.nodes = 8573083
h3.t4.propagations = 8573083
h3.t0.stop_reason = aborted
h3.t0.restarts = 1542
h3.t0.nogoods_size = 2656615
h3.t0.nodes = 267624
h3.t0.propagations = 267624
h3.t6.stop_reason = aborted
h3.t6.restarts = 1542
h3.t6.nogoods_size = 2656615
h3.t6.nodes = 8666569
h3.t6.propagations = 8666569
h3.t17.stop_reason = aborted
h3.t17.restarts = 1542
h3.t17.nogoods_size = 2656615
h3.t17.nodes = 2738608
h3.t17.propagations = 2738608
h3.search_time = 640808
h3.nodes = 139195419
h3.propagations = 342002822
h4.t9.stop_reason = aborted
h4.t9.restarts = 1542
h4.t9.nogoods_size = 2655824
h4.t9.nodes = 7899412
h4.t9.propagations = 7899412
h4.t7.stop_reason = aborted
h4.t7.restarts = 1542
h4.t7.nogoods_size = 2655824
h4.t7.nodes = 8087575
h4.t7.propagations = 8087575
h4.t8.stop_reason = aborted
h4.t8.restarts = 1542
h4.t8.nogoods_size = 2655824
h4.t8.nodes = 8150007
h4.t8.propagations = 8150007
h4.t16.stop_reason = unsatisfiable
h4.t16.restarts = 1542
h4.t16.nogoods_size = 2655824
h4.t16.nodes = 7897127
h4.t16.propagations = 7897127
h4.t5.stop_reason = aborted
h4.t5.restarts = 1542
h4.t5.nogoods_size = 2655824
h4.t5.nodes = 8132412
h4.t5.propagations = 8132412
h4.t4.stop_reason = aborted
h4.t4.restarts = 1542
h4.t4.nogoods_size = 2655824
h4.t4.nodes = 8199258
h4.t4.propagations = 8199258
h4.t1.stop_reason = aborted
h4.t1.restarts = 1542
h4.t1.nogoods_size = 2655824
h4.t1.nodes = 8041518
h4.t1.propagations = 8041518
h4.t11.stop_reason = aborted
h4.t11.restarts = 1542
h4.t11.nogoods_size = 2655824
h4.t11.nodes = 7864257
h4.t11.propagations = 7864257
h4.t10.stop_reason = aborted
h4.t10.restarts = 1542
h4.t10.nogoods_size = 2655824
h4.t10.nodes = 7985589
h4.t10.propagations = 7985589
h4.t15.stop_reason = aborted
h4.t15.restarts = 1542
h4.t15.nogoods_size = 2655824
h4.t15.nodes = 7818822
h4.t15.propagations = 7818822
h4.t13.stop_reason = aborted
h4.t13.restarts = 1542
h4.t13.nogoods_size = 2655824
h4.t13.nodes = 8079694
h4.t13.propagations = 8079694
h4.t2.stop_reason = aborted
h4.t2.restarts = 1542
h4.t2.nogoods_size = 2655824
h4.t2.nodes = 8192149
h4.t2.propagations = 8192149
h4.t0.stop_reason = aborted
h4.t0.restarts = 1542
h4.t0.nogoods_size = 2655824
h4.t0.nodes = 273576
h4.t0.propagations = 273576
h4.t12.stop_reason = aborted
h4.t12.restarts = 1542
h4.t12.nogoods_size = 2655824
h4.t12.nodes = 8194095
h4.t12.propagations = 8194095
h4.t3.stop_reason = aborted
h4.t3.restarts = 1542
h4.t3.nogoods_size = 2655824
h4.t3.nodes = 8142417
h4.t3.propagations = 8142417
h4.t14.stop_reason = aborted
h4.t14.restarts = 1542
h4.t14.nogoods_size = 2655824
h4.t14.nodes = 8118570
h4.t14.propagations = 8118570
h4.t6.stop_reason = aborted
h4.t6.restarts = 1542
h4.t6.nogoods_size = 2655824
h4.t6.nodes = 8116291
h4.t6.propagations = 8116291
h4.t17.stop_reason = aborted
h4.t17.restarts = 1542
h4.t17.nogoods_size = 2655824
h4.t17.nodes = 2645198
h4.t17.propagations = 2645198
h4.search_time = 640832
h4.nodes = 131837967
h4.propagations = 323961046
h5.t6.stop_reason = unsatisfiable
h5.t6.restarts = 1542
h5.t6.nogoods_size = 2656510
h5.t6.nodes = 8406759
h5.t6.propagations = 8406759
h5.t13.stop_reason = aborted
h5.t13.restarts = 1542
h5.t13.nogoods_size = 2656510
h5.t13.nodes = 8277643
h5.t13.propagations = 8277643
h5.t16.stop_reason = unsatisfiable
h5.t16.restarts = 1542
h5.t16.nogoods_size = 2656510
h5.t16.nodes = 8108553
h5.t16.propagations = 8108553
h5.t4.stop_reason = unsatisfiable
h5.t4.restarts = 1542
h5.t4.nogoods_size = 2656510
h5.t4.nodes = 8301598
h5.t4.propagations = 8301598
h5.t7.stop_reason = unsatisfiable
h5.t7.restarts = 1542
h5.t7.nogoods_size = 2656510
h5.t7.nodes = 8271131
h5.t7.propagations = 8271131
h5.t15.stop_reason = aborted
h5.t15.restarts = 1542
h5.t15.nogoods_size = 2656510
h5.t15.nodes = 8211475
h5.t15.propagations = 8211475
h5.t0.stop_reason = aborted
h5.t0.restarts = 1542
h5.t0.nogoods_size = 2656510
h5.t0.nodes = 269147
h5.t0.propagations = 269147
h5.t9.stop_reason = aborted
h5.t9.restarts = 1542
h5.t9.nogoods_size = 2656510
h5.t9.nodes = 8361492
h5.t9.propagations = 8361492
h5.t5.stop_reason = aborted
h5.t5.restarts = 1542
h5.t5.nogoods_size = 2656510
h5.t5.nodes = 8576154
h5.t5.propagations = 8576154
h5.t8.stop_reason = aborted
h5.t8.restarts = 1542
h5.t8.nogoods_size = 2656510
h5.t8.nodes = 8463233
h5.t8.propagations = 8463233
h5.t1.stop_reason = aborted
h5.t1.restarts = 1542
h5.t1.nogoods_size = 2656510
h5.t1.nodes = 8287936
h5.t1.propagations = 8287936
h5.t2.stop_reason = unsatisfiable
h5.t2.restarts = 1542
h5.t2.nogoods_size = 2656510
h5.t2.nodes = 8507570
h5.t2.propagations = 8507570
h5.t3.stop_reason = aborted
h5.t3.restarts = 1542
h5.t3.nogoods_size = 2656510
h5.t3.nodes = 8392522
h5.t3.propagations = 8392522
h5.t17.stop_reason = unsatisfiable
h5.t17.restarts = 1542
h5.t17.nogoods_size = 2656510
h5.t17.nodes = 2646572
h5.t17.propagations = 2646572
h5.t14.stop_reason = aborted
h5.t14.restarts = 1542
h5.t14.nogoods_size = 2656510
h5.t14.nodes = 8151065
h5.t14.propagations = 8151065
h5.t11.stop_reason = aborted
h5.t11.restarts = 1542
h5.t11.nogoods_size = 2656510
h5.t11.nodes = 8435032
h5.t11.propagations = 8435032
h5.t10.stop_reason = aborted
h5.t10.restarts = 1542
h5.t10.nogoods_size = 2656510
h5.t10.nodes = 8238102
h5.t10.propagations = 8238102
h5.t12.stop_reason = aborted
h5.t12.restarts = 1542
h5.t12.nogoods_size = 2656510
h5.t12.nodes = 8569889
h5.t12.propagations = 8569889
h5.search_time = 640817
h5.nodes = 136475873
h5.propagations = 334907976
h6.t14.stop_reason = aborted
h6.t14.restarts = 1542
h6.t14.nogoods_size = 2663140
h6.t14.nodes = 8772555
h6.t14.propagations = 8772555
h6.t9.stop_reason = unsatisfiable
h6.t9.restarts = 1542
h6.t9.nogoods_size = 2663140
h6.t9.nodes = 9006108
h6.t9.propagations = 9006108
h6.t12.stop_reason = unsatisfiable
h6.t12.restarts = 1542
h6.t12.nogoods_size = 2663140
h6.t12.nodes = 8964053
h6.t12.propagations = 8964053
h6.t6.stop_reason = aborted
h6.t6.restarts = 1542
h6.t6.nogoods_size = 2663140
h6.t6.nodes = 9022116
h6.t6.propagations = 9022116
h6.t2.stop_reason = unsatisfiable
h6.t2.restarts = 1542
h6.t2.nogoods_size = 2663140
h6.t2.nodes = 8934284
h6.t2.propagations = 8934284
h6.t11.stop_reason = unsatisfiable
h6.t11.restarts = 1542
h6.t11.nogoods_size = 2663140
h6.t11.nodes = 8779840
h6.t11.propagations = 8779840
h6.t8.stop_reason = unsatisfiable
h6.t8.restarts = 1542
h6.t8.nogoods_size = 2663140
h6.t8.nodes = 9298168
h6.t8.propagations = 9298168
h6.t17.stop_reason = aborted
h6.t17.restarts = 1542
h6.t17.nogoods_size = 2663140
h6.t17.nodes = 2752600
h6.t17.propagations = 2752600
h6.t7.stop_reason = aborted
h6.t7.restarts = 1542
h6.t7.nogoods_size = 2663140
h6.t7.nodes = 9113712
h6.t7.propagations = 9113712
h6.t4.stop_reason = aborted
h6.t4.restarts = 1542
h6.t4.nogoods_size = 2663140
h6.t4.nodes = 8694596
h6.t4.propagations = 8694596
h6.t15.stop_reason = aborted
h6.t15.restarts = 1542
h6.t15.nogoods_size = 2663140
h6.t15.nodes = 8843514
h6.t15.propagations = 8843514
h6.t1.stop_reason = unsatisfiable
h6.t1.restarts = 1542
h6.t1.nogoods_size = 2663140
h6.t1.nodes = 8919500
h6.t1.propagations = 8919500
h6.t13.stop_reason = aborted
h6.t13.restarts = 1542
h6.t13.nogoods_size = 2663140
h6.t13.nodes = 9011563
h6.t13.propagations = 9011563
h6.t10.stop_reason = aborted
h6.t10.restarts = 1542
h6.t10.nogoods_size = 2663140
h6.t10.nodes = 8601828
h6.t10.propagations = 8601828
h6.t0.stop_reason = aborted
h6.t0.restarts = 1542
h6.t0.nogoods_size = 2663140
h6.t0.nodes = 265061
h6.t0.propagations = 265061
h6.t16.stop_reason = aborted
h6.t16.restarts = 1542
h6.t16.nogoods_size = 2663140
h6.t16.nodes = 8908883
h6.t16.propagations = 8908883
h6.t5.stop_reason = aborted
h6.t5.restarts = 1542
h6.t5.nogoods_size = 2663140
h6.t5.nodes = 9024431
h6.t5.propagations = 9024431
h6.t3.stop_reason = aborted
h6.t3.restarts = 1542
h6.t3.nogoods_size = 2663140
h6.t3.nodes = 8766152
h6.t3.propagations = 8766152
h6.search_time = 640825
h6.nodes = 145678964
h6.propagations = 358056801
h7.t14.stop_reason = aborted
h7.t14.restarts = 1542
h7.t14.nogoods_size = 2662734
h7.t14.nodes = 9037514
h7.t14.propagations = 9037514
h7.t12.stop_reason = unsatisfiable
h7.t12.restarts = 1542
h7.t12.nogoods_size = 2662734
h7.t12.nodes = 8959972
h7.t12.propagations = 8959972
h7.t16.stop_reason = unsatisfiable
h7.t16.restarts = 1542
h7.t16.nogoods_size = 2662734
h7.t16.nodes = 8687841
h7.t16.propagations = 8687841
h7.t2.stop_reason = aborted
h7.t2.restarts = 1542
h7.t2.nogoods_size = 2662734
h7.t2.nodes = 9384325
h7.t2.propagations = 9384325
h7.t1.stop_reason = aborted
h7.t1.restarts = 1542
h7.t1.nogoods_size = 2662734
h7.t1.nodes = 9059828
h7.t1.propagations = 9059828
h7.t13.stop_reason = aborted
h7.t13.restarts = 1542
h7.t13.nogoods_size = 2662734
h7.t13.nodes = 9021742
h7.t13.propagations = 9021742
h7.t5.stop_reason = aborted
h7.t5.restarts = 1542
h7.t5.nogoods_size = 2662734
h7.t5.nodes = 9195788
h7.t5.propagations = 9195788
h7.t8.stop_reason = aborted
h7.t8.restarts = 1542
h7.t8.nogoods_size = 2662734
h7.t8.nodes = 9036756
h7.t8.propagations = 9036756
h7.t4.stop_reason = aborted
h7.t4.restarts = 1542
h7.t4.nogoods_size = 2662734
h7.t4.nodes = 9085850
h7.t4.propagations = 9085850
h7.t7.stop_reason = unsatisfiable
h7.t7.restarts = 1542
h7.t7.nogoods_size = 2662734
h7.t7.nodes = 9439038
h7.t7.propagations = 9439038
h7.t6.stop_reason = aborted
h7.t6.restarts = 1542
h7.t6.nogoods_size = 2662734
h7.t6.nodes = 9114201
h7.t6.propagations = 9114201
h7.t9.stop_reason = aborted
h7.t9.restarts = 1542
h7.t9.nogoods_size = 2662734
h7.t9.nodes = 8870739
h7.t9.propagations = 8870739
h7.t17.stop_reason = aborted
h7.t17.restarts = 1542
h7.t17.nogoods_size = 2662734
h7.t17.nodes = 2721602
h7.t17.propagations = 2721602
h7.t3.stop_reason = aborted
h7.t3.restarts = 1542
h7.t3.nogoods_size = 2662734
h7.t3.nodes = 9162550
h7.t3.propagations = 9162550
h7.t11.stop_reason = aborted
h7.t11.restarts = 1542
h7.t11.nogoods_size = 2662734
h7.t11.nodes = 9192424
h7.t11.propagations = 9192424
h7.t15.stop_reason = aborted
h7.t15.restarts = 1542
h7.t15.nogoods_size = 2662734
h7.t15.nodes = 9085959
h7.t15.propagations = 9085959
h7.t0.stop_reason = aborted
h7.t0.restarts = 1542
h7.t0.nogoods_size = 2662734
h7.t0.nodes = 276977
h7.t0.propagations = 276977
h7.t10.stop_reason = unsatisfiable
h7.t10.restarts = 1542
h7.t10.nogoods_size = 2662734
h7.t10.nodes = 9117816
h7.t10.propagations = 9117816
h7.search_time = 640825
h7.nodes = 148450922
h7.propagations = 365426242
h8.t7.stop_reason = unsatisfiable
h8.t7.restarts = 1542
h8.t7.nogoods_size = 2654755
h8.t7.nodes = 7828932
h8.t7.propagations = 7828932
h8.t2.stop_reason = aborted
h8.t2.restarts = 1542
h8.t2.nogoods_size = 2654755
h8.t2.nodes = 8007118
h8.t2.propagations = 8007118
h8.t3.stop_reason = aborted
h8.t3.restarts = 1542
h8.t3.nogoods_size = 2654755
h8.t3.nodes = 7802400
h8.t3.propagations = 7802400
h8.t15.stop_reason = aborted
h8.t15.restarts = 1542
h8.t15.nogoods_size = 2654755
h8.t15.nodes = 7841772
h8.t15.propagations = 7841772
h8.t17.stop_reason = unsatisfiable
h8.t17.restarts = 1542
h8.t17.nogoods_size = 2654755
h8.t17.nodes = 2785299
h8.t17.propagations = 2785299
h8.t9.stop_reason = aborted
h8.t9.restarts = 1542
h8.t9.nogoods_size = 2654755
h8.t9.nodes = 7761286
h8.t9.propagations = 7761286
h8.t14.stop_reason = unsatisfiable
h8.t14.restarts = 1542
h8.t14.nogoods_size = 2654755
h8.t14.nodes = 7745541
h8.t14.propagations = 7745541
h8.t8.stop_reason = aborted
h8.t8.restarts = 1542
h8.t8.nogoods_size = 2654755
h8.t8.nodes = 7918825
h8.t8.propagations = 7918825
h8.t4.stop_reason = unsatisfiable
h8.t4.restarts = 1542
h8.t4.nogoods_size = 2654755
h8.t4.nodes = 7846269
h8.t4.propagations = 7846269
h8.t12.stop_reason = aborted
h8.t12.restarts = 1542
h8.t12.nogoods_size = 2654755
h8.t12.nodes = 7732402
h8.t12.propagations = 7732402
h8.t11.stop_reason = aborted
h8.t11.restarts = 1542
h8.t11.nogoods_size = 2654755
h8.t11.nodes = 7888261
h8.t11.propagations = 7888261
h8.t10.stop_reason = aborted
h8.t10.restarts = 1542
h8.t10.nogoods_size = 2654755
h8.t10.nodes = 7732814
h8.t10.propagations = 7732814
h8.t1.stop_reason = aborted
h8.t1.restarts = 1542
h8.t1.nogoods_size = 2654755
h8.t1.nodes = 7812836
h8.t1.propagations = 7812836
h8.t16.stop_reason = unsatisfiable
h8.t16.restarts = 1542
h8.t16.nogoods_size = 2654755
h8.t16.nodes = 7719914
h8.t16.propagations = 7719914
h8.t6.stop_reason = aborted
h8.t6.restarts = 1542
h8.t6.nogoods_size = 2654755
h8.t6.nodes = 7919415
h8.t6.propagations = 7919415
h8.t5.stop_reason = unsatisfiable
h8.t5.restarts = 1542
h8.t5.nogoods_size = 2654755
h8.t5.nodes = 7848191
h8.t5.propagations = 7848191
h8.t13.stop_reason = aborted
h8.t13.restarts = 1542
h8.t13.nogoods_size = 2654755
h8.t13.nodes = 8039284
h8.t13.propagations = 8039284
h8.t0.stop_reason = aborted
h8.t0.restarts = 1542
h8.t0.nogoods_size = 2654755
h8.t0.nodes = 285841
h8.t0.propagations = 285841
h8.search_time = 640825
h8.nodes = 128516400
h8.propagations = 315067189
h9.t9.stop_reason = unsatisfiable
h9.t9.restarts = 1542
h9.t9.nogoods_size = 2657478
h9.t9.nodes = 8302361
h9.t9.propagations = 8302361
h9.t16.stop_reason = aborted
h9.t16.restarts = 1542
h9.t16.nogoods_size = 2657478
h9.t16.nodes = 8272581
h9.t16.propagations = 8272581
h9.t8.stop_reason = aborted
h9.t8.restarts = 1542
h9.t8.nogoods_size = 2657478
h9.t8.nodes = 8219083
h9.t8.propagations = 8219083
h9.t17.stop_reason = unsatisfiable
h9.t17.restarts = 1542
h9.t17.nogoods_size = 2657478
h9.t17.nodes = 2718785
h9.t17.propagations = 2718785
h9.t12.stop_reason = aborted
h9.t12.restarts = 1542
h9.t12.nogoods_size = 2657478
h9.t12.nodes = 8565909
h9.t12.propagations = 8565909
h9.t11.stop_reason = unsatisfiable
h9.t11.restarts = 1542
h9.t11.nogoods_size = 2657478
h9.t11.nodes = 8351589
h9.t11.propagations = 8351589
h9.t3.stop_reason = aborted
h9.t3.restarts = 1542
h9.t3.nogoods_size = 2657478
h9.t3.nodes = 8182382
h9.t3.propagations = 8182382
h9.t5.stop_reason = aborted
h9.t5.restarts = 1542
h9.t5.nogoods_size = 2657478
h9.t5.nodes = 8291692
h9.t5.propagations = 8291692
h9.t1.stop_reason = aborted
h9.t1.restarts = 1542
h9.t1.nogoods_size = 2657478
h9.t1.nodes = 8463483
h9.t1.propagations = 8463483
h9.t15.stop_reason = aborted
h9.t15.restarts = 1542
h9.t15.nogoods_size = 2657478
h9.t15.nodes = 8992139
h9.t15.propagations = 8992139
h9.t6.stop_reason = aborted
h9.t6.restarts = 1542
h9.t6.nogoods_size = 2657478
h9.t6.nodes = 8507404
h9.t6.propagations = 8507404
h9.t0.stop_reason = aborted
h9.t0.restarts = 1542
h9.t0.nogoods_size = 2657478
h9.t0.nodes = 281533
h9.t0.propagations = 281533
h9.t14.stop_reason = aborted
h9.t14.restarts = 1542
h9.t14.nogoods_size = 2657478
h9.t14.nodes = 8102230
h9.t14.propagations = 8102230
h9.t7.stop_reason = aborted
h9.t7.restarts = 1542
h9.t7.nogoods_size = 2657478
h9.t7.nodes = 8551758
h9.t7.propagations = 8551758
h9.t10.stop_reason = aborted
h9.t10.restarts = 1542
h9.t10.nogoods_size = 2657478
h9.t10.nodes = 8250264
h9.t10.propagations = 8250264
h9.t4.stop_reason = aborted
h9.t4.restarts = 1542
h9.t4.nogoods_size = 2657478
h9.t4.nodes = 8441052
h9.t4.propagations = 8441052
h9.t2.stop_reason = aborted
h9.t2.restarts = 1542
h9.t2.nogoods_size = 2657478
h9.t2.nodes = 8474057
h9.t2.propagations = 8474057
h9.t13.stop_reason = aborted
h9.t13.restarts = 1542
h9.t13.nogoods_size = 2657478
h9.t13.nodes = 8460420
h9.t13.propagations = 8460420
h9.search_time = 640812
h9.nodes = 137428722
h9.propagations = 338418802
