hostname = r1i2n16
commandline = ../glasgow/mpi_solve_subgraph_isomorphism --timeout 1000 --format lad --geometric-restarts=1.0 --restarts-constant=100000 --restart-timer=100 --triggered-restarts --threads 18 --value-ordering=biased ../instances/LV/g10 ../instances/largerGraphs/g111
started_at = 2018-11-23 17:02:53
pattern_file = ../instances/LV/g10
target_file = ../instances/largerGraphs/g111
status = aborted
nodes = 1257341667
propagations = 3491583933
runtime = 1037024
h0.t15.stop_reason = aborted
h0.t15.restarts = 4286
h0.t15.nogoods_size = 8495426
h0.t15.nodes = 7028247
h0.t15.propagations = 7028247
h0.t3.stop_reason = aborted
h0.t3.restarts = 4286
h0.t3.nogoods_size = 8495426
h0.t3.nodes = 7132736
h0.t3.propagations = 7132736
h0.t10.stop_reason = aborted
h0.t10.restarts = 4286
h0.t10.nogoods_size = 8495426
h0.t10.nodes = 7002358
h0.t10.propagations = 7002358
h0.t6.stop_reason = aborted
h0.t6.restarts = 4286
h0.t6.nogoods_size = 8495426
h0.t6.nodes = 7100043
h0.t6.propagations = 7100043
h0.t2.stop_reason = aborted
h0.t2.restarts = 4286
h0.t2.nogoods_size = 8495426
h0.t2.nodes = 7183693
h0.t2.propagations = 7183693
h0.t0.stop_reason = aborted
h0.t0.restarts = 4286
h0.t0.nogoods_size = 8495426
h0.t0.nodes = 1900652
h0.t0.propagations = 1900652
h0.t4.stop_reason = aborted
h0.t4.restarts = 4286
h0.t4.nogoods_size = 8495426
h0.t4.nodes = 7266329
h0.t4.propagations = 7266329
h0.t14.stop_reason = aborted
h0.t14.restarts = 4286
h0.t14.nogoods_size = 8495426
h0.t14.nodes = 7149519
h0.t14.propagations = 7149519
h0.t11.stop_reason = aborted
h0.t11.restarts = 4286
h0.t11.nogoods_size = 8495426
h0.t11.nodes = 7095678
h0.t11.propagations = 7095678
h0.t17.stop_reason = aborted
h0.t17.restarts = 4286
h0.t17.nogoods_size = 8495426
h0.t17.nodes = 3789974
h0.t17.propagations = 3789974
h0.t13.stop_reason = aborted
h0.t13.restarts = 4286
h0.t13.nogoods_size = 8495426
h0.t13.nodes = 7164169
h0.t13.propagations = 7164169
h0.t12.stop_reason = aborted
h0.t12.restarts = 4286
h0.t12.nogoods_size = 8495426
h0.t12.nodes = 7202272
h0.t12.propagations = 7202272
h0.t5.stop_reason = aborted
h0.t5.restarts = 4286
h0.t5.nogoods_size = 8495426
h0.t5.nodes = 7130212
h0.t5.propagations = 7130212
h0.t16.stop_reason = aborted
h0.t16.restarts = 4286
h0.t16.nogoods_size = 8495426
h0.t16.nodes = 7167613
h0.t16.propagations = 7167613
h0.t1.stop_reason = aborted
h0.t1.restarts = 4286
h0.t1.nogoods_size = 8495426
h0.t1.nodes = 7149847
h0.t1.propagations = 7149847
h0.t9.stop_reason = aborted
h0.t9.restarts = 4286
h0.t9.nogoods_size = 8495426
h0.t9.nodes = 7289318
h0.t9.propagations = 7289318
h0.t7.stop_reason = aborted
h0.t7.restarts = 4286
h0.t7.nogoods_size = 8495426
h0.t7.nodes = 7185938
h0.t7.propagations = 7185938
h0.t8.stop_reason = aborted
h0.t8.restarts = 4286
h0.t8.nogoods_size = 8495426
h0.t8.nodes = 7136728
h0.t8.propagations = 7136728
h0.search_time = 999826
h0.nodes = 120075326
h0.propagations = 333454813
h1.t6.stop_reason = aborted
h1.t6.restarts = 4286
h1.t6.nogoods_size = 8493337
h1.t6.nodes = 7285697
h1.t6.propagations = 7285697
h1.t5.stop_reason = aborted
h1.t5.restarts = 4286
h1.t5.nogoods_size = 8493337
h1.t5.nodes = 7434107
h1.t5.propagations = 7434107
h1.t0.stop_reason = aborted
h1.t0.restarts = 4286
h1.t0.nogoods_size = 8493337
h1.t0.nodes = 1908098
h1.t0.propagations = 1908098
h1.t9.stop_reason = aborted
h1.t9.restarts = 4286
h1.t9.nogoods_size = 8493337
h1.t9.nodes = 7503923
h1.t9.propagations = 7503923
h1.t17.stop_reason = aborted
h1.t17.restarts = 4286
h1.t17.nogoods_size = 8493337
h1.t17.nodes = 3802653
h1.t17.propagations = 3802653
h1.t8.stop_reason = aborted
h1.t8.restarts = 4286
h1.t8.nogoods_size = 8493337
h1.t8.nodes = 7272838
h1.t8.propagations = 7272838
h1.t15.stop_reason = aborted
h1.t15.restarts = 4286
h1.t15.nogoods_size = 8493337
h1.t15.nodes = 7282936
h1.t15.propagations = 7282936
h1.t13.stop_reason = aborted
h1.t13.restarts = 4286
h1.t13.nogoods_size = 8493337
h1.t13.nodes = 7345904
h1.t13.propagations = 7345904
h1.t11.stop_reason = aborted
h1.t11.restarts = 4286
h1.t11.nogoods_size = 8493337
h1.t11.nodes = 7242229
h1.t11.propagations = 7242229
h1.t4.stop_reason = aborted
h1.t4.restarts = 4286
h1.t4.nogoods_size = 8493337
h1.t4.nodes = 7483302
h1.t4.propagations = 7483302
h1.t7.stop_reason = aborted
h1.t7.restarts = 4286
h1.t7.nogoods_size = 8493337
h1.t7.nodes = 7340709
h1.t7.propagations = 7340709
h1.t12.stop_reason = aborted
h1.t12.restarts = 4286
h1.t12.nogoods_size = 8493337
h1.t12.nodes = 7415351
h1.t12.propagations = 7415351
h1.t1.stop_reason = aborted
h1.t1.restarts = 4286
h1.t1.nogoods_size = 8493337
h1.t1.nodes = 7398634
h1.t1.propagations = 7398634
h1.t16.stop_reason = aborted
h1.t16.restarts = 4286
h1.t16.nogoods_size = 8493337
h1.t16.nodes = 7270019
h1.t16.propagations = 7270019
h1.t2.stop_reason = aborted
h1.t2.restarts = 4286
h1.t2.nogoods_size = 8493337
h1.t2.nodes = 7356957
h1.t2.propagations = 7356957
h1.t10.stop_reason = aborted
h1.t10.restarts = 4286
h1.t10.nogoods_size = 8493337
h1.t10.nodes = 7226882
h1.t10.propagations = 7226882
h1.t3.stop_reason = aborted
h1.t3.restarts = 4286
h1.t3.nogoods_size = 8493337
h1.t3.nodes = 7364887
h1.t3.propagations = 7364887
h1.t14.stop_reason = aborted
h1.t14.restarts = 4286
h1.t14.nogoods_size = 8493337
h1.t14.nodes = 7409688
h1.t14.propagations = 7409688
h1.search_time = 999827
h1.nodes = 123344814
h1.propagations = 342699963
h2.t10.stop_reason = aborted
h2.t10.restarts = 4286
h2.t10.nogoods_size = 8494877
h2.t10.nodes = 7063571
h2.t10.propagations = 7063571
h2.t1.stop_reason = aborted
h2.t1.restarts = 4286
h2.t1.nogoods_size = 8494877
h2.t1.nodes = 7112469
h2.t1.propagations = 7112469
h2.t5.stop_reason = aborted
h2.t5.restarts = 4286
h2.t5.nogoods_size = 8494877
h2.t5.nodes = 7228033
h2.t5.propagations = 7228033
h2.t9.stop_reason = aborted
h2.t9.restarts = 4286
h2.t9.nogoods_size = 8494877
h2.t9.nodes = 7051592
h2.t9.propagations = 7051592
h2.t13.stop_reason = aborted
h2.t13.restarts = 4286
h2.t13.nogoods_size = 8494877
h2.t13.nodes = 7086390
h2.t13.propagations = 7086390
h2.t6.stop_reason = aborted
h2.t6.restarts = 4286
h2.t6.nogoods_size = 8494877
h2.t6.nodes = 7156475
h2.t6.propagations = 7156475
h2.t4.stop_reason = aborted
h2.t4.restarts = 4286
h2.t4.nogoods_size = 8494877
h2.t4.nodes = 7129501
h2.t4.propagations = 7129501
h2.t16.stop_reason = aborted
h2.t16.restarts = 4286
h2.t16.nogoods_size = 8494877
h2.t16.nodes = 7169110
h2.t16.propagations = 7169110
h2.t15.stop_reason = aborted
h2.t15.restarts = 4286
h2.t15.nogoods_size = 8494877
h2.t15.nodes = 7007590
h2.t15.propagations = 7007590
h2.t8.stop_reason = aborted
h2.t8.restarts = 4286
h2.t8.nogoods_size = 8494877
h2.t8.nodes = 7157419
h2.t8.propagations = 7157419
h2.t7.stop_reason = aborted
h2.t7.restarts = 4286
h2.t7.nogoods_size = 8494877
h2.t7.nodes = 7291756
h2.t7.propagations = 7291756
h2.t0.stop_reason = aborted
h2.t0.restarts = 4286
h2.t0.nogoods_size = 8494877
h2.t0.nodes = 1936800
h2.t0.propagations = 1936800
h2.t12.stop_reason = aborted
h2.t12.restarts = 4286
h2.t12.nogoods_size = 8494877
h2.t12.nodes = 7131042
h2.t12.propagations = 7131042
h2.t11.stop_reason = aborted
h2.t11.restarts = 4286
h2.t11.nogoods_size = 8494877
h2.t11.nodes = 7066134
h2.t11.propagations = 7066134
h2.t17.stop_reason = aborted
h2.t17.restarts = 4286
h2.t17.nogoods_size = 8494877
h2.t17.nodes = 3786894
h2.t17.propagations = 3786894
h2.t2.stop_reason = aborted
h2.t2.restarts = 4286
h2.t2.nogoods_size = 8494877
h2.t2.nodes = 7203543
h2.t2.propagations = 7203543
h2.t3.stop_reason = aborted
h2.t3.restarts = 4286
h2.t3.nogoods_size = 8494877
h2.t3.nodes = 7171261
h2.t3.propagations = 7171261
h2.t14.stop_reason = aborted
h2.t14.restarts = 4286
h2.t14.nogoods_size = 8494877
h2.t14.nodes = 7053640
h2.t14.propagations = 7053640
h2.search_time = 999844
h2.nodes = 119803220
h2.propagations = 332932578
h3.t12.stop_reason = aborted
h3.t12.restarts = 4286
h3.t12.nogoods_size = 8491635
h3.t12.nodes = 7287174
h3.t12.propagations = 7287174
h3.t15.stop_reason = aborted
h3.t15.restarts = 4286
h3.t15.nogoods_size = 8491635
h3.t15.nodes = 7224340
h3.t15.propagations = 7224340
h3.t0.stop_reason = aborted
h3.t0.restarts = 4286
h3.t0.nogoods_size = 8491635
h3.t0.nodes = 1918153
h3.t0.propagations = 1918153
h3.t14.stop_reason = aborted
h3.t14.restarts = 4286
h3.t14.nogoods_size = 8491635
h3.t14.nodes = 7212149
h3.t14.propagations = 7212149
h3.t1.stop_reason = aborted
h3.t1.restarts = 4286
h3.t1.nogoods_size = 8491635
h3.t1.nodes = 7231087
h3.t1.propagations = 7231087
h3.t3.stop_reason = aborted
h3.t3.restarts = 4286
h3.t3.nogoods_size = 8491635
h3.t3.nodes = 7199268
h3.t3.propagations = 7199268
h3.t2.stop_reason = aborted
h3.t2.restarts = 4286
h3.t2.nogoods_size = 8491635
h3.t2.nodes = 7299854
h3.t2.propagations = 7299854
h3.t9.stop_reason = aborted
h3.t9.restarts = 4286
h3.t9.nogoods_size = 8491635
h3.t9.nodes = 7284096
h3.t9.propagations = 7284096
h3.t11.stop_reason = aborted
h3.t11.restarts = 4286
h3.t11.nogoods_size = 8491635
h3.t11.nodes = 7124505
h3.t11.propagations = 7124505
h3.t8.stop_reason = aborted
h3.t8.restarts = 4286
h3.t8.nogoods_size = 8491635
h3.t8.nodes = 7149624
h3.t8.propagations = 7149624
h3.t4.stop_reason = aborted
h3.t4.restarts = 4286
h3.t4.nogoods_size = 8491635
h3.t4.nodes = 7227042
h3.t4.propagations = 7227042
h3.t17.stop_reason = aborted
h3.t17.restarts = 4286
h3.t17.nogoods_size = 8491635
h3.t17.nodes = 3787642
h3.t17.propagations = 3787642
h3.t13.stop_reason = aborted
h3.t13.restarts = 4286
h3.t13.nogoods_size = 8491635
h3.t13.nodes = 7243995
h3.t13.propagations = 7243995
h3.t10.stop_reason = aborted
h3.t10.restarts = 4286
h3.t10.nogoods_size = 8491635
h3.t10.nodes = 7115382
h3.t10.propagations = 7115382
h3.t16.stop_reason = aborted
h3.t16.restarts = 4286
h3.t16.nogoods_size = 8491635
h3.t16.nodes = 7304123
h3.t16.propagations = 7304123
h3.t6.stop_reason = aborted
h3.t6.restarts = 4286
h3.t6.nogoods_size = 8491635
h3.t6.nodes = 7132424
h3.t6.propagations = 7132424
h3.t7.stop_reason = aborted
h3.t7.restarts = 4286
h3.t7.nogoods_size = 8491635
h3.t7.nodes = 7105910
h3.t7.propagations = 7105910
h3.t5.stop_reason = aborted
h3.t5.restarts = 4286
h3.t5.nogoods_size = 8491635
h3.t5.nodes = 7222331
h3.t5.propagations = 7222331
h3.search_time = 999848
h3.nodes = 121069099
h3.propagations = 336046875
h4.t9.stop_reason = aborted
h4.t9.restarts = 4286
h4.t9.nogoods_size = 8497963
h4.t9.nodes = 7229908
h4.t9.propagations = 7229908
h4.t5.stop_reason = aborted
h4.t5.restarts = 4286
h4.t5.nogoods_size = 8497963
h4.t5.nodes = 7199550
h4.t5.propagations = 7199550
h4.t12.stop_reason = aborted
h4.t12.restarts = 4286
h4.t12.nogoods_size = 8497963
h4.t12.nodes = 7268492
h4.t12.propagations = 7268492
h4.t2.stop_reason = aborted
h4.t2.restarts = 4286
h4.t2.nogoods_size = 8497963
h4.t2.nodes = 7275990
h4.t2.propagations = 7275990
h4.t14.stop_reason = aborted
h4.t14.restarts = 4286
h4.t14.nogoods_size = 8497963
h4.t14.nodes = 7147295
h4.t14.propagations = 7147295
h4.t6.stop_reason = aborted
h4.t6.restarts = 4286
h4.t6.nogoods_size = 8497963
h4.t6.nodes = 7175806
h4.t6.propagations = 7175806
h4.t7.stop_reason = aborted
h4.t7.restarts = 4286
h4.t7.nogoods_size = 8497963
h4.t7.nodes = 7266645
h4.t7.propagations = 7266645
h4.t16.stop_reason = aborted
h4.t16.restarts = 4286
h4.t16.nogoods_size = 8497963
h4.t16.nodes = 7229516
h4.t16.propagations = 7229516
h4.t8.stop_reason = aborted
h4.t8.restarts = 4286
h4.t8.nogoods_size = 8497963
h4.t8.nodes = 7244045
h4.t8.propagations = 7244045
h4.t1.stop_reason = aborted
h4.t1.restarts = 4286
h4.t1.nogoods_size = 8497963
h4.t1.nodes = 7339220
h4.t1.propagations = 7339220
h4.t10.stop_reason = aborted
h4.t10.restarts = 4286
h4.t10.nogoods_size = 8497963
h4.t10.nodes = 7085225
h4.t10.propagations = 7085225
h4.t3.stop_reason = aborted
h4.t3.restarts = 4286
h4.t3.nogoods_size = 8497963
h4.t3.nodes = 7166188
h4.t3.propagations = 7166188
h4.t11.stop_reason = aborted
h4.t11.restarts = 4286
h4.t11.nogoods_size = 8497963
h4.t11.nodes = 7232403
h4.t11.propagations = 7232403
h4.t13.stop_reason = aborted
h4.t13.restarts = 4286
h4.t13.nogoods_size = 8497963
h4.t13.nodes = 7222421
h4.t13.propagations = 7222421
h4.t0.stop_reason = aborted
h4.t0.restarts = 4286
h4.t0.nogoods_size = 8497963
h4.t0.nodes = 1867536
h4.t0.propagations = 1867536
h4.t4.stop_reason = aborted
h4.t4.restarts = 4286
h4.t4.nogoods_size = 8497963
h4.t4.nodes = 7289442
h4.t4.propagations = 7289442
h4.t15.stop_reason = aborted
h4.t15.restarts = 4286
h4.t15.nogoods_size = 8497963
h4.t15.nodes = 6987635
h4.t15.propagations = 6987635
h4.t17.stop_reason = aborted
h4.t17.restarts = 4286
h4.t17.nogoods_size = 8497963
h4.t17.nodes = 3864123
h4.t17.propagations = 3864123
h4.search_time = 999827
h4.nodes = 121091440
h4.propagations = 336285445
h5.t7.stop_reason = aborted
h5.t7.restarts = 4286
h5.t7.nogoods_size = 8488777
h5.t7.nodes = 7404350
h5.t7.propagations = 7404350
h5.t14.stop_reason = aborted
h5.t14.restarts = 4286
h5.t14.nogoods_size = 8488777
h5.t14.nodes = 7170726
h5.t14.propagations = 7170726
h5.t1.stop_reason = aborted
h5.t1.restarts = 4286
h5.t1.nogoods_size = 8488777
h5.t1.nodes = 7297565
h5.t1.propagations = 7297565
h5.t4.stop_reason = aborted
h5.t4.restarts = 4286
h5.t4.nogoods_size = 8488777
h5.t4.nodes = 7430140
h5.t4.propagations = 7430140
h5.t12.stop_reason = aborted
h5.t12.restarts = 4286
h5.t12.nogoods_size = 8488777
h5.t12.nodes = 7240875
h5.t12.propagations = 7240875
h5.t16.stop_reason = aborted
h5.t16.restarts = 4286
h5.t16.nogoods_size = 8488777
h5.t16.nodes = 7427029
h5.t16.propagations = 7427029
h5.t8.stop_reason = aborted
h5.t8.restarts = 4286
h5.t8.nogoods_size = 8488777
h5.t8.nodes = 7397560
h5.t8.propagations = 7397560
h5.t5.stop_reason = aborted
h5.t5.restarts = 4286
h5.t5.nogoods_size = 8488777
h5.t5.nodes = 7356116
h5.t5.propagations = 7356116
h5.t6.stop_reason = aborted
h5.t6.restarts = 4286
h5.t6.nogoods_size = 8488777
h5.t6.nodes = 7274832
h5.t6.propagations = 7274832
h5.t3.stop_reason = aborted
h5.t3.restarts = 4286
h5.t3.nogoods_size = 8488777
h5.t3.nodes = 7343061
h5.t3.propagations = 7343061
h5.t2.stop_reason = aborted
h5.t2.restarts = 4286
h5.t2.nogoods_size = 8488777
h5.t2.nodes = 7351792
h5.t2.propagations = 7351792
h5.t0.stop_reason = aborted
h5.t0.restarts = 4286
h5.t0.nogoods_size = 8488777
h5.t0.nodes = 1910903
h5.t0.propagations = 1910903
h5.t15.stop_reason = aborted
h5.t15.restarts = 4286
h5.t15.nogoods_size = 8488777
h5.t15.nodes = 7258953
h5.t15.propagations = 7258953
h5.t11.stop_reason = aborted
h5.t11.restarts = 4286
h5.t11.nogoods_size = 8488777
h5.t11.nodes = 7356549
h5.t11.propagations = 7356549
h5.t13.stop_reason = aborted
h5.t13.restarts = 4286
h5.t13.nogoods_size = 8488777
h5.t13.nodes = 7307883
h5.t13.propagations = 7307883
h5.t17.stop_reason = aborted
h5.t17.restarts = 4286
h5.t17.nogoods_size = 8488777
h5.t17.nodes = 3835707
h5.t17.propagations = 3835707
h5.t9.stop_reason = aborted
h5.t9.restarts = 4286
h5.t9.nogoods_size = 8488777
h5.t9.nodes = 7289371
h5.t9.propagations = 7289371
h5.t10.stop_reason = aborted
h5.t10.restarts = 4286
h5.t10.nogoods_size = 8488777
h5.t10.nodes = 7207245
h5.t10.propagations = 7207245
h5.search_time = 999821
h5.nodes = 122860657
h5.propagations = 341356481
h6.t3.stop_reason = aborted
h6.t3.restarts = 4286
h6.t3.nogoods_size = 8536988
h6.t3.nodes = 8748121
h6.t3.propagations = 8748121
h6.t7.stop_reason = aborted
h6.t7.restarts = 4286
h6.t7.nogoods_size = 8536988
h6.t7.nodes = 8669327
h6.t7.propagations = 8669327
h6.t16.stop_reason = aborted
h6.t16.restarts = 4286
h6.t16.nogoods_size = 8536988
h6.t16.nodes = 8728734
h6.t16.propagations = 8728734
h6.t14.stop_reason = aborted
h6.t14.restarts = 4286
h6.t14.nogoods_size = 8536988
h6.t14.nodes = 8766630
h6.t14.propagations = 8766630
h6.t6.stop_reason = aborted
h6.t6.restarts = 4286
h6.t6.nogoods_size = 8536988
h6.t6.nodes = 8737176
h6.t6.propagations = 8737176
h6.t10.stop_reason = aborted
h6.t10.restarts = 4286
h6.t10.nogoods_size = 8536988
h6.t10.nodes = 8711812
h6.t10.propagations = 8711812
h6.t5.stop_reason = aborted
h6.t5.restarts = 4286
h6.t5.nogoods_size = 8536988
h6.t5.nodes = 8638778
h6.t5.propagations = 8638778
h6.t4.stop_reason = aborted
h6.t4.restarts = 4286
h6.t4.nogoods_size = 8536988
h6.t4.nodes = 8647200
h6.t4.propagations = 8647200
h6.t13.stop_reason = aborted
h6.t13.restarts = 4286
h6.t13.nogoods_size = 8536988
h6.t13.nodes = 8799859
h6.t13.propagations = 8799859
h6.t0.stop_reason = aborted
h6.t0.restarts = 4286
h6.t0.nogoods_size = 8536988
h6.t0.nodes = 1892598
h6.t0.propagations = 1892598
h6.t2.stop_reason = aborted
h6.t2.restarts = 4286
h6.t2.nogoods_size = 8536988
h6.t2.nodes = 8796969
h6.t2.propagations = 8796969
h6.t12.stop_reason = aborted
h6.t12.restarts = 4286
h6.t12.nogoods_size = 8536988
h6.t12.nodes = 8839478
h6.t12.propagations = 8839478
h6.t8.stop_reason = aborted
h6.t8.restarts = 4286
h6.t8.nogoods_size = 8536988
h6.t8.nodes = 8746952
h6.t8.propagations = 8746952
h6.t17.stop_reason = aborted
h6.t17.restarts = 4286
h6.t17.nogoods_size = 8536988
h6.t17.nodes = 3827735
h6.t17.propagations = 3827735
h6.t11.stop_reason = aborted
h6.t11.restarts = 4286
h6.t11.nogoods_size = 8536988
h6.t11.nodes = 8678900
h6.t11.propagations = 8678900
h6.t1.stop_reason = aborted
h6.t1.restarts = 4286
h6.t1.nogoods_size = 8536988
h6.t1.nodes = 8781693
h6.t1.propagations = 8781693
h6.t15.stop_reason = aborted
h6.t15.restarts = 4286
h6.t15.nogoods_size = 8536988
h6.t15.nodes = 8676180
h6.t15.propagations = 8676180
h6.t9.stop_reason = aborted
h6.t9.restarts = 4286
h6.t9.nogoods_size = 8536988
h6.t9.nodes = 8688005
h6.t9.propagations = 8688005
h6.search_time = 999827
h6.nodes = 145376147
h6.propagations = 403510862
h7.t8.stop_reason = aborted
h7.t8.restarts = 4286
h7.t8.nogoods_size = 8525853
h7.t8.nodes = 8703063
h7.t8.propagations = 8703063
h7.t14.stop_reason = aborted
h7.t14.restarts = 4286
h7.t14.nogoods_size = 8525853
h7.t14.nodes = 8620408
h7.t14.propagations = 8620408
h7.t16.stop_reason = aborted
h7.t16.restarts = 4286
h7.t16.nogoods_size = 8525853
h7.t16.nodes = 8625966
h7.t16.propagations = 8625966
h7.t12.stop_reason = aborted
h7.t12.restarts = 4286
h7.t12.nogoods_size = 8525853
h7.t12.nodes = 8595347
h7.t12.propagations = 8595347
h7.t5.stop_reason = aborted
h7.t5.restarts = 4286
h7.t5.nogoods_size = 8525853
h7.t5.nodes = 8704064
h7.t5.propagations = 8704064
h7.t15.stop_reason = aborted
h7.t15.restarts = 4286
h7.t15.nogoods_size = 8525853
h7.t15.nodes = 8533686
h7.t15.propagations = 8533686
h7.t13.stop_reason = aborted
h7.t13.restarts = 4286
h7.t13.nogoods_size = 8525853
h7.t13.nodes = 8739171
h7.t13.propagations = 8739171
h7.t3.stop_reason = aborted
h7.t3.restarts = 4286
h7.t3.nogoods_size = 8525853
h7.t3.nodes = 8551864
h7.t3.propagations = 8551864
h7.t11.stop_reason = aborted
h7.t11.restarts = 4286
h7.t11.nogoods_size = 8525853
h7.t11.nodes = 8592906
h7.t11.propagations = 8592906
h7.t6.stop_reason = aborted
h7.t6.restarts = 4286
h7.t6.nogoods_size = 8525853
h7.t6.nodes = 8770201
h7.t6.propagations = 8770201
h7.t17.stop_reason = aborted
h7.t17.restarts = 4286
h7.t17.nogoods_size = 8525853
h7.t17.nodes = 3856911
h7.t17.propagations = 3856911
h7.t7.stop_reason = aborted
h7.t7.restarts = 4286
h7.t7.nogoods_size = 8525853
h7.t7.nodes = 8706816
h7.t7.propagations = 8706816
h7.t10.stop_reason = aborted
h7.t10.restarts = 4286
h7.t10.nogoods_size = 8525853
h7.t10.nodes = 8686444
h7.t10.propagations = 8686444
h7.t2.stop_reason = aborted
h7.t2.restarts = 4286
h7.t2.nogoods_size = 8525853
h7.t2.nodes = 8661924
h7.t2.propagations = 8661924
h7.t9.stop_reason = aborted
h7.t9.restarts = 4286
h7.t9.nogoods_size = 8525853
h7.t9.nodes = 8657624
h7.t9.propagations = 8657624
h7.t0.stop_reason = aborted
h7.t0.restarts = 4286
h7.t0.nogoods_size = 8525853
h7.t0.nodes = 1925771
h7.t0.propagations = 1925771
h7.t4.stop_reason = aborted
h7.t4.restarts = 4286
h7.t4.nogoods_size = 8525853
h7.t4.nodes = 8714420
h7.t4.propagations = 8714420
h7.t1.stop_reason = aborted
h7.t1.restarts = 4286
h7.t1.nogoods_size = 8525853
h7.t1.nodes = 8786503
h7.t1.propagations = 8786503
h7.search_time = 999825
h7.nodes = 144433089
h7.propagations = 400467121
h8.t13.stop_reason = aborted
h8.t13.restarts = 4286
h8.t13.nogoods_size = 8494731
h8.t13.nodes = 7042725
h8.t13.propagations = 7042725
h8.t7.stop_reason = aborted
h8.t7.restarts = 4286
h8.t7.nogoods_size = 8494731
h8.t7.nodes = 7005139
h8.t7.propagations = 7005139
h8.t14.stop_reason = aborted
h8.t14.restarts = 4286
h8.t14.nogoods_size = 8494731
h8.t14.nodes = 7085131
h8.t14.propagations = 7085131
h8.t8.stop_reason = aborted
h8.t8.restarts = 4286
h8.t8.nogoods_size = 8494731
h8.t8.nodes = 6907540
h8.t8.propagations = 6907540
h8.t1.stop_reason = aborted
h8.t1.restarts = 4286
h8.t1.nogoods_size = 8494731
h8.t1.nodes = 6912800
h8.t1.propagations = 6912800
h8.t12.stop_reason = aborted
h8.t12.restarts = 4286
h8.t12.nogoods_size = 8494731
h8.t12.nodes = 6949358
h8.t12.propagations = 6949358
h8.t11.stop_reason = aborted
h8.t11.restarts = 4286
h8.t11.nogoods_size = 8494731
h8.t11.nodes = 6956371
h8.t11.propagations = 6956371
h8.t3.stop_reason = aborted
h8.t3.restarts = 4286
h8.t3.nogoods_size = 8494731
h8.t3.nodes = 7483589
h8.t3.propagations = 7483589
h8.t16.stop_reason = aborted
h8.t16.restarts = 4286
h8.t16.nogoods_size = 8494731
h8.t16.nodes = 7536895
h8.t16.propagations = 7536895
h8.t0.stop_reason = aborted
h8.t0.restarts = 4286
h8.t0.nogoods_size = 8494731
h8.t0.nodes = 1928831
h8.t0.propagations = 1928831
h8.t2.stop_reason = aborted
h8.t2.restarts = 4286
h8.t2.nogoods_size = 8494731
h8.t2.nodes = 6997526
h8.t2.propagations = 6997526
h8.t6.stop_reason = aborted
h8.t6.restarts = 4286
h8.t6.nogoods_size = 8494731
h8.t6.nodes = 7056487
h8.t6.propagations = 7056487
h8.t10.stop_reason = aborted
h8.t10.restarts = 4286
h8.t10.nogoods_size = 8494731
h8.t10.nodes = 6888823
h8.t10.propagations = 6888823
h8.t17.stop_reason = aborted
h8.t17.restarts = 4286
h8.t17.nogoods_size = 8494731
h8.t17.nodes = 3755495
h8.t17.propagations = 3755495
h8.t15.stop_reason = aborted
h8.t15.restarts = 4286
h8.t15.nogoods_size = 8494731
h8.t15.nodes = 6880686
h8.t15.propagations = 6880686
h8.t9.stop_reason = aborted
h8.t9.restarts = 4286
h8.t9.nogoods_size = 8494731
h8.t9.nodes = 6994407
h8.t9.propagations = 6994407
h8.t4.stop_reason = aborted
h8.t4.restarts = 4286
h8.t4.nogoods_size = 8494731
h8.t4.nodes = 7010132
h8.t4.propagations = 7010132
h8.t5.stop_reason = aborted
h8.t5.restarts = 4286
h8.t5.nogoods_size = 8494731
h8.t5.nodes = 7001847
h8.t5.propagations = 7001847
h8.search_time = 999859
h8.nodes = 118393782
h8.propagations = 329047410
h9.t4.stop_reason = aborted
h9.t4.restarts = 4286
h9.t4.nogoods_size = 8488610
h9.t4.nodes = 7144892
h9.t4.propagations = 7144892
h9.t10.stop_reason = aborted
h9.t10.restarts = 4286
h9.t10.nogoods_size = 8488610
h9.t10.nodes = 7123521
h9.t10.propagations = 7123521
h9.t11.stop_reason = aborted
h9.t11.restarts = 4286
h9.t11.nogoods_size = 8488610
h9.t11.nodes = 7102783
h9.t11.propagations = 7102783
h9.t15.stop_reason = aborted
h9.t15.restarts = 4286
h9.t15.nogoods_size = 8488610
h9.t15.nodes = 7429493
h9.t15.propagations = 7429493
h9.t13.stop_reason = aborted
h9.t13.restarts = 4286
h9.t13.nogoods_size = 8488610
h9.t13.nodes = 7163193
h9.t13.propagations = 7163193
h9.t3.stop_reason = aborted
h9.t3.restarts = 4286
h9.t3.nogoods_size = 8488610
h9.t3.nodes = 7200284
h9.t3.propagations = 7200284
h9.t9.stop_reason = aborted
h9.t9.restarts = 4286
h9.t9.nogoods_size = 8488610
h9.t9.nodes = 7203412
h9.t9.propagations = 7203412
h9.t2.stop_reason = aborted
h9.t2.restarts = 4286
h9.t2.nogoods_size = 8488610
h9.t2.nodes = 7265329
h9.t2.propagations = 7265329
h9.t1.stop_reason = aborted
h9.t1.restarts = 4286
h9.t1.nogoods_size = 8488610
h9.t1.nodes = 7144113
h9.t1.propagations = 7144113
h9.t14.stop_reason = aborted
h9.t14.restarts = 4286
h9.t14.nogoods_size = 8488610
h9.t14.nodes = 7077902
h9.t14.propagations = 7077902
h9.t17.stop_reason = aborted
h9.t17.restarts = 4286
h9.t17.nogoods_size = 8488610
h9.t17.nodes = 3735876
h9.t17.propagations = 3735876
h9.t0.stop_reason = aborted
h9.t0.restarts = 4286
h9.t0.nogoods_size = 8488610
h9.t0.nodes = 1898569
h9.t0.propagations = 1898569
h9.t5.stop_reason = aborted
h9.t5.restarts = 4286
h9.t5.nogoods_size = 8488610
h9.t5.nodes = 7228125
h9.t5.propagations = 7228125
h9.t7.stop_reason = aborted
h9.t7.restarts = 4286
h9.t7.nogoods_size = 8488610
h9.t7.nodes = 7402054
h9.t7.propagations = 7402054
h9.t12.stop_reason = aborted
h9.t12.restarts = 4286
h9.t12.nogoods_size = 8488610
h9.t12.nodes = 7139469
h9.t12.propagations = 7139469
h9.t8.stop_reason = aborted
h9.t8.restarts = 4286
h9.t8.nogoods_size = 8488610
h9.t8.nodes = 7200917
h9.t8.propagations = 7200917
h9.t6.stop_reason = aborted
h9.t6.restarts = 4286
h9.t6.nogoods_size = 8488610
h9.t6.nodes = 7215873
h9.t6.propagations = 7215873
h9.t16.stop_reason = aborted
h9.t16.restarts = 4286
h9.t16.nogoods_size = 8488610
h9.t16.nodes = 7218288
h9.t16.propagations = 7218288
h9.search_time = 999854
h9.nodes = 120894093
h9.propagations = 335782385
