hostname = r1i4n7
commandline = ../glasgow/mpi_solve_subgraph_isomorphism --timeout 1000 --format lad --geometric-restarts=1.0 --restarts-constant=100000 --restart-timer=100 --triggered-restarts --threads 18 --value-ordering=biased ../instances/LV/g35 ../instances/largerGraphs/g106
started_at = 2018-11-23 18:18:26
pattern_file = ../instances/LV/g35
target_file = ../instances/largerGraphs/g106
status = aborted
nodes = 276680852
propagations = 919129091
runtime = 1033125
h0.t13.stop_reason = aborted
h0.t13.restarts = 3027
h0.t13.nogoods_size = 4816351
h0.t13.nodes = 1781541
h0.t13.propagations = 1781541
h0.t8.stop_reason = aborted
h0.t8.restarts = 3027
h0.t8.nogoods_size = 4816351
h0.t8.nodes = 1765133
h0.t8.propagations = 1765133
h0.t5.stop_reason = aborted
h0.t5.restarts = 3027
h0.t5.nogoods_size = 4816351
h0.t5.nodes = 1799997
h0.t5.propagations = 1799997
h0.t7.stop_reason = aborted
h0.t7.restarts = 3027
h0.t7.nogoods_size = 4816351
h0.t7.nodes = 1787436
h0.t7.propagations = 1787436
h0.t16.stop_reason = aborted
h0.t16.restarts = 3027
h0.t16.nogoods_size = 4816351
h0.t16.nodes = 1768598
h0.t16.propagations = 1768598
h0.t1.stop_reason = aborted
h0.t1.restarts = 3027
h0.t1.nogoods_size = 4816351
h0.t1.nodes = 1788254
h0.t1.propagations = 1788254
h0.t9.stop_reason = aborted
h0.t9.restarts = 3027
h0.t9.nogoods_size = 4816351
h0.t9.nodes = 1826247
h0.t9.propagations = 1826247
h0.t14.stop_reason = aborted
h0.t14.restarts = 3027
h0.t14.nogoods_size = 4816351
h0.t14.nodes = 1770915
h0.t14.propagations = 1770915
h0.t10.stop_reason = aborted
h0.t10.restarts = 3027
h0.t10.nogoods_size = 4816351
h0.t10.nodes = 1779379
h0.t10.propagations = 1779379
h0.t12.stop_reason = aborted
h0.t12.restarts = 3027
h0.t12.nogoods_size = 4816351
h0.t12.nodes = 1790203
h0.t12.propagations = 1790203
h0.t0.stop_reason = aborted
h0.t0.restarts = 3027
h0.t0.nogoods_size = 4816351
h0.t0.nodes = 276585
h0.t0.propagations = 276585
h0.t4.stop_reason = aborted
h0.t4.restarts = 3027
h0.t4.nogoods_size = 4816351
h0.t4.nodes = 1776410
h0.t4.propagations = 1776410
h0.t2.stop_reason = aborted
h0.t2.restarts = 3027
h0.t2.nogoods_size = 4816351
h0.t2.nodes = 1821071
h0.t2.propagations = 1821071
h0.t6.stop_reason = aborted
h0.t6.restarts = 3027
h0.t6.nogoods_size = 4816351
h0.t6.nodes = 1779968
h0.t6.propagations = 1779968
h0.t15.stop_reason = aborted
h0.t15.restarts = 3027
h0.t15.nogoods_size = 4816351
h0.t15.nodes = 1757497
h0.t15.propagations = 1757497
h0.t11.stop_reason = aborted
h0.t11.restarts = 3027
h0.t11.nogoods_size = 4816351
h0.t11.nodes = 1763686
h0.t11.propagations = 1763686
h0.t17.stop_reason = aborted
h0.t17.restarts = 3027
h0.t17.nogoods_size = 4816351
h0.t17.nodes = 772991
h0.t17.propagations = 772991
h0.t3.stop_reason = aborted
h0.t3.restarts = 3027
h0.t3.nogoods_size = 4816351
h0.t3.nodes = 1771034
h0.t3.propagations = 1771034
h0.search_time = 999910
h0.nodes = 29576945
h0.propagations = 98317966
h1.t17.stop_reason = aborted
h1.t17.restarts = 3027
h1.t17.nogoods_size = 4814715
h1.t17.nodes = 759103
h1.t17.propagations = 759103
h1.t0.stop_reason = aborted
h1.t0.restarts = 3027
h1.t0.nogoods_size = 4814715
h1.t0.nodes = 276758
h1.t0.propagations = 276758
h1.t6.stop_reason = aborted
h1.t6.restarts = 3027
h1.t6.nogoods_size = 4814715
h1.t6.nodes = 1823686
h1.t6.propagations = 1823686
h1.t1.stop_reason = aborted
h1.t1.restarts = 3027
h1.t1.nogoods_size = 4814715
h1.t1.nodes = 1780643
h1.t1.propagations = 1780643
h1.t12.stop_reason = aborted
h1.t12.restarts = 3027
h1.t12.nogoods_size = 4814715
h1.t12.nodes = 1799176
h1.t12.propagations = 1799176
h1.t13.stop_reason = aborted
h1.t13.restarts = 3027
h1.t13.nogoods_size = 4814715
h1.t13.nodes = 1800434
h1.t13.propagations = 1800434
h1.t7.stop_reason = aborted
h1.t7.restarts = 3027
h1.t7.nogoods_size = 4814715
h1.t7.nodes = 1841818
h1.t7.propagations = 1841818
h1.t2.stop_reason = aborted
h1.t2.restarts = 3027
h1.t2.nogoods_size = 4814715
h1.t2.nodes = 1818850
h1.t2.propagations = 1818850
h1.t9.stop_reason = aborted
h1.t9.restarts = 3027
h1.t9.nogoods_size = 4814715
h1.t9.nodes = 1812549
h1.t9.propagations = 1812549
h1.t5.stop_reason = aborted
h1.t5.restarts = 3027
h1.t5.nogoods_size = 4814715
h1.t5.nodes = 1828080
h1.t5.propagations = 1828080
h1.t16.stop_reason = aborted
h1.t16.restarts = 3027
h1.t16.nogoods_size = 4814715
h1.t16.nodes = 1775882
h1.t16.propagations = 1775882
h1.t15.stop_reason = aborted
h1.t15.restarts = 3027
h1.t15.nogoods_size = 4814715
h1.t15.nodes = 1781237
h1.t15.propagations = 1781237
h1.t11.stop_reason = aborted
h1.t11.restarts = 3027
h1.t11.nogoods_size = 4814715
h1.t11.nodes = 1782313
h1.t11.propagations = 1782313
h1.t8.stop_reason = aborted
h1.t8.restarts = 3027
h1.t8.nogoods_size = 4814715
h1.t8.nodes = 1846567
h1.t8.propagations = 1846567
h1.t14.stop_reason = aborted
h1.t14.restarts = 3027
h1.t14.nogoods_size = 4814715
h1.t14.nodes = 1805360
h1.t14.propagations = 1805360
h1.t4.stop_reason = aborted
h1.t4.restarts = 3027
h1.t4.nogoods_size = 4814715
h1.t4.nodes = 1820920
h1.t4.propagations = 1820920
h1.t3.stop_reason = aborted
h1.t3.restarts = 3027
h1.t3.nogoods_size = 4814715
h1.t3.nodes = 1807930
h1.t3.propagations = 1807930
h1.t10.stop_reason = aborted
h1.t10.restarts = 3027
h1.t10.nogoods_size = 4814715
h1.t10.nodes = 1776000
h1.t10.propagations = 1776000
h1.search_time = 999907
h1.nodes = 29937306
h1.propagations = 99477342
h2.t1.stop_reason = aborted
h2.t1.restarts = 3027
h2.t1.nogoods_size = 4797203
h2.t1.nodes = 1526379
h2.t1.propagations = 1526379
h2.t10.stop_reason = aborted
h2.t10.restarts = 3027
h2.t10.nogoods_size = 4797203
h2.t10.nodes = 1490876
h2.t10.propagations = 1490876
h2.t12.stop_reason = aborted
h2.t12.restarts = 3027
h2.t12.nogoods_size = 4797203
h2.t12.nodes = 1530976
h2.t12.propagations = 1530976
h2.t2.stop_reason = aborted
h2.t2.restarts = 3027
h2.t2.nogoods_size = 4797203
h2.t2.nodes = 1497281
h2.t2.propagations = 1497281
h2.t16.stop_reason = aborted
h2.t16.restarts = 3027
h2.t16.nogoods_size = 4797203
h2.t16.nodes = 1549300
h2.t16.propagations = 1549300
h2.t7.stop_reason = aborted
h2.t7.restarts = 3027
h2.t7.nogoods_size = 4797203
h2.t7.nodes = 1535049
h2.t7.propagations = 1535049
h2.t8.stop_reason = aborted
h2.t8.restarts = 3027
h2.t8.nogoods_size = 4797203
h2.t8.nodes = 1554523
h2.t8.propagations = 1554523
h2.t6.stop_reason = aborted
h2.t6.restarts = 3027
h2.t6.nogoods_size = 4797203
h2.t6.nodes = 1544850
h2.t6.propagations = 1544850
h2.t0.stop_reason = aborted
h2.t0.restarts = 3027
h2.t0.nogoods_size = 4797203
h2.t0.nodes = 281957
h2.t0.propagations = 281957
h2.t15.stop_reason = aborted
h2.t15.restarts = 3027
h2.t15.nogoods_size = 4797203
h2.t15.nodes = 1495292
h2.t15.propagations = 1495292
h2.t13.stop_reason = aborted
h2.t13.restarts = 3027
h2.t13.nogoods_size = 4797203
h2.t13.nodes = 1523321
h2.t13.propagations = 1523321
h2.t17.stop_reason = aborted
h2.t17.restarts = 3027
h2.t17.nogoods_size = 4797203
h2.t17.nodes = 756526
h2.t17.propagations = 756526
h2.t11.stop_reason = aborted
h2.t11.restarts = 3027
h2.t11.nogoods_size = 4797203
h2.t11.nodes = 1503084
h2.t11.propagations = 1503084
h2.t14.stop_reason = aborted
h2.t14.restarts = 3027
h2.t14.nogoods_size = 4797203
h2.t14.nodes = 1526506
h2.t14.propagations = 1526506
h2.t4.stop_reason = aborted
h2.t4.restarts = 3027
h2.t4.nogoods_size = 4797203
h2.t4.nodes = 1521166
h2.t4.propagations = 1521166
h2.t3.stop_reason = aborted
h2.t3.restarts = 3027
h2.t3.nogoods_size = 4797203
h2.t3.nodes = 1530833
h2.t3.propagations = 1530833
h2.t9.stop_reason = aborted
h2.t9.restarts = 3027
h2.t9.nogoods_size = 4797203
h2.t9.nodes = 1539202
h2.t9.propagations = 1539202
h2.t5.stop_reason = aborted
h2.t5.restarts = 3027
h2.t5.nogoods_size = 4797203
h2.t5.nodes = 1512860
h2.t5.propagations = 1512860
h2.search_time = 999908
h2.nodes = 25419981
h2.propagations = 84326548
h3.t14.stop_reason = aborted
h3.t14.restarts = 3027
h3.t14.nogoods_size = 4800866
h3.t14.nodes = 1603413
h3.t14.propagations = 1603413
h3.t15.stop_reason = aborted
h3.t15.restarts = 3027
h3.t15.nogoods_size = 4800866
h3.t15.nodes = 1617388
h3.t15.propagations = 1617388
h3.t10.stop_reason = aborted
h3.t10.restarts = 3027
h3.t10.nogoods_size = 4800866
h3.t10.nodes = 1608278
h3.t10.propagations = 1608278
h3.t2.stop_reason = aborted
h3.t2.restarts = 3027
h3.t2.nogoods_size = 4800866
h3.t2.nodes = 1626981
h3.t2.propagations = 1626981
h3.t11.stop_reason = aborted
h3.t11.restarts = 3027
h3.t11.nogoods_size = 4800866
h3.t11.nodes = 1601179
h3.t11.propagations = 1601179
h3.t7.stop_reason = aborted
h3.t7.restarts = 3027
h3.t7.nogoods_size = 4800866
h3.t7.nodes = 1622992
h3.t7.propagations = 1622992
h3.t6.stop_reason = aborted
h3.t6.restarts = 3027
h3.t6.nogoods_size = 4800866
h3.t6.nodes = 1659556
h3.t6.propagations = 1659556
h3.t17.stop_reason = aborted
h3.t17.restarts = 3027
h3.t17.nogoods_size = 4800866
h3.t17.nodes = 821704
h3.t17.propagations = 821704
h3.t12.stop_reason = aborted
h3.t12.restarts = 3027
h3.t12.nogoods_size = 4800866
h3.t12.nodes = 1663802
h3.t12.propagations = 1663802
h3.t9.stop_reason = aborted
h3.t9.restarts = 3027
h3.t9.nogoods_size = 4800866
h3.t9.nodes = 1655006
h3.t9.propagations = 1655006
h3.t4.stop_reason = aborted
h3.t4.restarts = 3027
h3.t4.nogoods_size = 4800866
h3.t4.nodes = 1677003
h3.t4.propagations = 1677003
h3.t8.stop_reason = aborted
h3.t8.restarts = 3027
h3.t8.nogoods_size = 4800866
h3.t8.nodes = 1656760
h3.t8.propagations = 1656760
h3.t3.stop_reason = aborted
h3.t3.restarts = 3027
h3.t3.nogoods_size = 4800866
h3.t3.nodes = 1644540
h3.t3.propagations = 1644540
h3.t1.stop_reason = aborted
h3.t1.restarts = 3027
h3.t1.nogoods_size = 4800866
h3.t1.nodes = 1676837
h3.t1.propagations = 1676837
h3.t0.stop_reason = aborted
h3.t0.restarts = 3027
h3.t0.nogoods_size = 4800866
h3.t0.nodes = 282624
h3.t0.propagations = 282624
h3.t5.stop_reason = aborted
h3.t5.restarts = 3027
h3.t5.nogoods_size = 4800866
h3.t5.nodes = 1648424
h3.t5.propagations = 1648424
h3.t16.stop_reason = aborted
h3.t16.restarts = 3027
h3.t16.nogoods_size = 4800866
h3.t16.nodes = 1628321
h3.t16.propagations = 1628321
h3.t13.stop_reason = aborted
h3.t13.restarts = 3027
h3.t13.nogoods_size = 4800866
h3.t13.nodes = 1642243
h3.t13.propagations = 1642243
h3.search_time = 999898
h3.nodes = 27337051
h3.propagations = 90922983
h4.t12.restarts = 3027
h4.t12.nogoods_size = 4798161
h4.t12.nodes = 1526743
h4.t12.propagations = 1526743
h4.t17.stop_reason = aborted
h4.t17.restarts = 3027
h4.t17.nogoods_size = 4798161
h4.t17.nodes = 779089
h4.t17.propagations = 779089
h4.t8.stop_reason = aborted
h4.t8.restarts = 3027
h4.t8.nogoods_size = 4798161
h4.t8.nodes = 1543078
h4.t8.propagations = 1543078
h4.t1.stop_reason = aborted
h4.t1.restarts = 3027
h4.t1.nogoods_size = 4798161
h4.t1.nodes = 1581335
h4.t1.propagations = 1581335
h4.t5.restarts = 3027
h4.t5.nogoods_size = 4798161
h4.t5.nodes = 1539252
h4.t5.propagations = 1539252
h4.t2.stop_reason = aborted
h4.t2.restarts = 3027
h4.t2.nogoods_size = 4798161
h4.t2.nodes = 1553621
h4.t2.propagations = 1553621
h4.t13.restarts = 3027
h4.t13.nogoods_size = 4798161
h4.t13.nodes = 1499889
h4.t13.propagations = 1499889
h4.t6.restarts = 3027
h4.t6.nogoods_size = 4798161
h4.t6.nodes = 1544145
h4.t6.propagations = 1544145
h4.t11.restarts = 3027
h4.t11.nogoods_size = 4798161
h4.t11.nodes = 1519322
h4.t11.propagations = 1519322
h4.t14.restarts = 3027
h4.t14.nogoods_size = 4798161
h4.t14.nodes = 1539078
h4.t14.propagations = 1539078
h4.t7.stop_reason = aborted
h4.t7.restarts = 3027
h4.t7.nogoods_size = 4798161
h4.t7.nodes = 1519030
h4.t7.propagations = 1519030
h4.t0.restarts = 3027
h4.t0.nogoods_size = 4798161
h4.t0.nodes = 280869
h4.t0.propagations = 280869
h4.t15.stop_reason = aborted
h4.t15.restarts = 3027
h4.t15.nogoods_size = 4798161
h4.t15.nodes = 1489862
h4.t15.propagations = 1489862
h4.t16.stop_reason = aborted
h4.t16.restarts = 3027
h4.t16.nogoods_size = 4798161
h4.t16.nodes = 1526432
h4.t16.propagations = 1526432
h4.t3.stop_reason = aborted
h4.t3.restarts = 3027
h4.t3.nogoods_size = 4798161
h4.t3.nodes = 1521264
h4.t3.propagations = 1521264
h4.t9.stop_reason = aborted
h4.t9.restarts = 3027
h4.t9.nogoods_size = 4798161
h4.t9.nodes = 1528661
h4.t9.propagations = 1528661
h4.t10.restarts = 3027
h4.t10.nogoods_size = 4798161
h4.t10.nodes = 1496536
h4.t10.propagations = 1496536
h4.t4.stop_reason = aborted
h4.t4.restarts = 3027
h4.t4.nogoods_size = 4798161
h4.t4.nodes = 1522849
h4.t4.propagations = 1522849
h4.search_time = 999884
h4.nodes = 25511055
h4.propagations = 84810770
h5.t3.stop_reason = aborted
h5.t3.restarts = 3027
h5.t3.nogoods_size = 4801275
h5.t3.nodes = 1662142
h5.t3.propagations = 1662142
h5.t6.stop_reason = aborted
h5.t6.restarts = 3027
h5.t6.nogoods_size = 4801275
h5.t6.nodes = 1661686
h5.t6.propagations = 1661686
h5.t16.stop_reason = aborted
h5.t16.restarts = 3027
h5.t16.nogoods_size = 4801275
h5.t16.nodes = 1672199
h5.t16.propagations = 1672199
h5.t10.stop_reason = aborted
h5.t10.restarts = 3027
h5.t10.nogoods_size = 4801275
h5.t10.nodes = 1639189
h5.t10.propagations = 1639189
h5.t8.stop_reason = aborted
h5.t8.restarts = 3027
h5.t8.nogoods_size = 4801275
h5.t8.nodes = 1624177
h5.t8.propagations = 1624177
h5.t9.stop_reason = aborted
h5.t9.restarts = 3027
h5.t9.nogoods_size = 4801275
h5.t9.nodes = 1647726
h5.t9.propagations = 1647726
h5.t17.stop_reason = aborted
h5.t17.restarts = 3027
h5.t17.nogoods_size = 4801275
h5.t17.nodes = 782674
h5.t17.propagations = 782674
h5.t2.stop_reason = aborted
h5.t2.restarts = 3027
h5.t2.nogoods_size = 4801275
h5.t2.nodes = 1676214
h5.t2.propagations = 1676214
h5.t7.stop_reason = aborted
h5.t7.restarts = 3027
h5.t7.nogoods_size = 4801275
h5.t7.nodes = 1662402
h5.t7.propagations = 1662402
h5.t13.stop_reason = aborted
h5.t13.restarts = 3027
h5.t13.nogoods_size = 4801275
h5.t13.nodes = 1687336
h5.t13.propagations = 1687336
h5.t1.stop_reason = aborted
h5.t1.restarts = 3027
h5.t1.nogoods_size = 4801275
h5.t1.nodes = 1670529
h5.t1.propagations = 1670529
h5.t5.stop_reason = aborted
h5.t5.restarts = 3027
h5.t5.nogoods_size = 4801275
h5.t5.nodes = 1674916
h5.t5.propagations = 1674916
h5.t15.stop_reason = aborted
h5.t15.restarts = 3027
h5.t15.nogoods_size = 4801275
h5.t15.nodes = 1631658
h5.t15.propagations = 1631658
h5.t12.stop_reason = aborted
h5.t12.restarts = 3027
h5.t12.nogoods_size = 4801275
h5.t12.nodes = 1619616
h5.t12.propagations = 1619616
h5.t0.stop_reason = aborted
h5.t0.restarts = 3027
h5.t0.nogoods_size = 4801275
h5.t0.nodes = 278725
h5.t0.propagations = 278725
h5.t11.stop_reason = aborted
h5.t11.restarts = 3027
h5.t11.nogoods_size = 4801275
h5.t11.nodes = 1636721
h5.t11.propagations = 1636721
h5.t4.stop_reason = aborted
h5.t4.restarts = 3027
h5.t4.nogoods_size = 4801275
h5.t4.nodes = 1639344
h5.t4.propagations = 1639344
h5.t14.stop_reason = aborted
h5.t14.restarts = 3027
h5.t14.nogoods_size = 4801275
h5.t14.nodes = 1616067
h5.t14.propagations = 1616067
h5.search_time = 999875
h5.nodes = 27483321
h5.propagations = 91061479
h6.t17.stop_reason = aborted
h6.t17.restarts = 3027
h6.t17.nogoods_size = 4800326
h6.t17.nodes = 774449
h6.t17.propagations = 774449
h6.t0.stop_reason = aborted
h6.t0.restarts = 3027
h6.t0.nogoods_size = 4800326
h6.t0.nodes = 282509
h6.t0.propagations = 282509
h6.t6.stop_reason = aborted
h6.t6.restarts = 3027
h6.t6.nogoods_size = 4800326
h6.t6.nodes = 1564147
h6.t6.propagations = 1564147
h6.t9.stop_reason = aborted
h6.t9.restarts = 3027
h6.t9.nogoods_size = 4800326
h6.t9.nodes = 1529850
h6.t9.propagations = 1529850
h6.t12.stop_reason = aborted
h6.t12.restarts = 3027
h6.t12.nogoods_size = 4800326
h6.t12.nodes = 1525898
h6.t12.propagations = 1525898
h6.t5.stop_reason = aborted
h6.t5.restarts = 3027
h6.t5.nogoods_size = 4800326
h6.t5.nodes = 1545988
h6.t5.propagations = 1545988
h6.t13.stop_reason = aborted
h6.t13.restarts = 3027
h6.t13.nogoods_size = 4800326
h6.t13.nodes = 1551881
h6.t13.propagations = 1551881
h6.t1.stop_reason = aborted
h6.t1.restarts = 3027
h6.t1.nogoods_size = 4800326
h6.t1.nodes = 1544992
h6.t1.propagations = 1544992
h6.t4.stop_reason = aborted
h6.t4.restarts = 3027
h6.t4.nogoods_size = 4800326
h6.t4.nodes = 1540400
h6.t4.propagations = 1540400
h6.t10.stop_reason = aborted
h6.t10.restarts = 3027
h6.t10.nogoods_size = 4800326
h6.t10.nodes = 1505653
h6.t10.propagations = 1505653
h6.t16.stop_reason = aborted
h6.t16.restarts = 3027
h6.t16.nogoods_size = 4800326
h6.t16.nodes = 1521318
h6.t16.propagations = 1521318
h6.t8.stop_reason = aborted
h6.t8.restarts = 3027
h6.t8.nogoods_size = 4800326
h6.t8.nodes = 1544877
h6.t8.propagations = 1544877
h6.t15.stop_reason = aborted
h6.t15.restarts = 3027
h6.t15.nogoods_size = 4800326
h6.t15.nodes = 1513409
h6.t15.propagations = 1513409
h6.t14.stop_reason = aborted
h6.t14.restarts = 3027
h6.t14.nogoods_size = 4800326
h6.t14.nodes = 1507332
h6.t14.propagations = 1507332
h6.t7.stop_reason = aborted
h6.t7.restarts = 3027
h6.t7.nogoods_size = 4800326
h6.t7.nodes = 1520167
h6.t7.propagations = 1520167
h6.t11.stop_reason = aborted
h6.t11.restarts = 3027
h6.t11.nogoods_size = 4800326
h6.t11.nodes = 1493718
h6.t11.propagations = 1493718
h6.t3.stop_reason = aborted
h6.t3.restarts = 3027
h6.t3.nogoods_size = 4800326
h6.t3.nodes = 1537665
h6.t3.propagations = 1537665
h6.t2.stop_reason = aborted
h6.t2.restarts = 3027
h6.t2.nogoods_size = 4800326
h6.t2.nodes = 1536984
h6.t2.propagations = 1536984
h6.search_time = 999904
h6.nodes = 25541237
h6.propagations = 84871405
h7.t14.stop_reason = aborted
h7.t14.restarts = 3027
h7.t14.nogoods_size = 4800148
h7.t14.nodes = 1668225
h7.t14.propagations = 1668225
h7.t9.stop_reason = aborted
h7.t9.restarts = 3027
h7.t9.nogoods_size = 4800148
h7.t9.nodes = 1657635
h7.t9.propagations = 1657635
h7.t16.stop_reason = aborted
h7.t16.restarts = 3027
h7.t16.nogoods_size = 4800148
h7.t16.nodes = 1601129
h7.t16.propagations = 1601129
h7.t2.stop_reason = aborted
h7.t2.restarts = 3027
h7.t2.nogoods_size = 4800148
h7.t2.nodes = 1651400
h7.t2.propagations = 1651400
h7.t1.stop_reason = aborted
h7.t1.restarts = 3027
h7.t1.nogoods_size = 4800148
h7.t1.nodes = 1646635
h7.t1.propagations = 1646635
h7.t0.stop_reason = aborted
h7.t0.restarts = 3027
h7.t0.nogoods_size = 4800148
h7.t0.nodes = 281219
h7.t0.propagations = 281219
h7.t5.stop_reason = aborted
h7.t5.restarts = 3027
h7.t5.nogoods_size = 4800148
h7.t5.nodes = 1587504
h7.t5.propagations = 1587504
h7.t11.stop_reason = aborted
h7.t11.restarts = 3027
h7.t11.nogoods_size = 4800148
h7.t11.nodes = 1604643
h7.t11.propagations = 1604643
h7.t12.stop_reason = aborted
h7.t12.restarts = 3027
h7.t12.nogoods_size = 4800148
h7.t12.nodes = 1636671
h7.t12.propagations = 1636671
h7.t15.stop_reason = aborted
h7.t15.restarts = 3027
h7.t15.nogoods_size = 4800148
h7.t15.nodes = 1596371
h7.t15.propagations = 1596371
h7.t6.stop_reason = aborted
h7.t6.restarts = 3027
h7.t6.nogoods_size = 4800148
h7.t6.nodes = 1614133
h7.t6.propagations = 1614133
h7.t7.stop_reason = aborted
h7.t7.restarts = 3027
h7.t7.nogoods_size = 4800148
h7.t7.nodes = 1628552
h7.t7.propagations = 1628552
h7.t8.stop_reason = aborted
h7.t8.restarts = 3027
h7.t8.nogoods_size = 4800148
h7.t8.nodes = 1628055
h7.t8.propagations = 1628055
h7.t13.stop_reason = aborted
h7.t13.restarts = 3027
h7.t13.nogoods_size = 4800148
h7.t13.nodes = 1596333
h7.t13.propagations = 1596333
h7.t17.stop_reason = aborted
h7.t17.restarts = 3027
h7.t17.nogoods_size = 4800148
h7.t17.nodes = 808307
h7.t17.propagations = 808307
h7.t10.stop_reason = aborted
h7.t10.restarts = 3027
h7.t10.nogoods_size = 4800148
h7.t10.nodes = 1592225
h7.t10.propagations = 1592225
h7.t3.stop_reason = aborted
h7.t3.restarts = 3027
h7.t3.nogoods_size = 4800148
h7.t3.nodes = 1579512
h7.t3.propagations = 1579512
h7.t4.stop_reason = aborted
h7.t4.restarts = 3027
h7.t4.nogoods_size = 4800148
h7.t4.nodes = 1610897
h7.t4.propagations = 1610897
h7.search_time = 999889
h7.nodes = 26989446
h7.propagations = 89646363
h8.t7.stop_reason = aborted
h8.t7.restarts = 3027
h8.t7.nogoods_size = 4813730
h8.t7.nodes = 1755505
h8.t7.propagations = 1755505
h8.t14.stop_reason = aborted
h8.t14.restarts = 3027
h8.t14.nogoods_size = 4813730
h8.t14.nodes = 1713481
h8.t14.propagations = 1713481
h8.t2.stop_reason = aborted
h8.t2.restarts = 3027
h8.t2.nogoods_size = 4813730
h8.t2.nodes = 1800567
h8.t2.propagations = 1800567
h8.t11.stop_reason = aborted
h8.t11.restarts = 3027
h8.t11.nogoods_size = 4813730
h8.t11.nodes = 1731661
h8.t11.propagations = 1731661
h8.t10.stop_reason = aborted
h8.t10.restarts = 3027
h8.t10.nogoods_size = 4813730
h8.t10.nodes = 1691490
h8.t10.propagations = 1691490
h8.t8.stop_reason = aborted
h8.t8.restarts = 3027
h8.t8.nogoods_size = 4813730
h8.t8.nodes = 1743695
h8.t8.propagations = 1743695
h8.t12.stop_reason = aborted
h8.t12.restarts = 3027
h8.t12.nogoods_size = 4813730
h8.t12.nodes = 1759349
h8.t12.propagations = 1759349
h8.t13.stop_reason = aborted
h8.t13.restarts = 3027
h8.t13.nogoods_size = 4813730
h8.t13.nodes = 1747627
h8.t13.propagations = 1747627
h8.t4.stop_reason = aborted
h8.t4.restarts = 3027
h8.t4.nogoods_size = 4813730
h8.t4.nodes = 1710767
h8.t4.propagations = 1710767
h8.t0.stop_reason = aborted
h8.t0.restarts = 3027
h8.t0.nogoods_size = 4813730
h8.t0.nodes = 281411
h8.t0.propagations = 281411
h8.t1.stop_reason = aborted
h8.t1.restarts = 3027
h8.t1.nogoods_size = 4813730
h8.t1.nodes = 1743024
h8.t1.propagations = 1743024
h8.t17.stop_reason = aborted
h8.t17.restarts = 3027
h8.t17.nogoods_size = 4813730
h8.t17.nodes = 740582
h8.t17.propagations = 740582
h8.t15.stop_reason = aborted
h8.t15.restarts = 3027
h8.t15.nogoods_size = 4813730
h8.t15.nodes = 1681288
h8.t15.propagations = 1681288
h8.t3.stop_reason = aborted
h8.t3.restarts = 3027
h8.t3.nogoods_size = 4813730
h8.t3.nodes = 1741140
h8.t3.propagations = 1741140
h8.t16.stop_reason = aborted
h8.t16.restarts = 3027
h8.t16.nogoods_size = 4813730
h8.t16.nodes = 1711525
h8.t16.propagations = 1711525
h8.t5.stop_reason = aborted
h8.t5.restarts = 3027
h8.t5.nogoods_size = 4813730
h8.t5.nodes = 1755520
h8.t5.propagations = 1755520
h8.t6.stop_reason = aborted
h8.t6.restarts = 3027
h8.t6.nogoods_size = 4813730
h8.t6.nodes = 1765322
h8.t6.propagations = 1765322
h8.t9.stop_reason = aborted
h8.t9.restarts = 3027
h8.t9.nogoods_size = 4813730
h8.t9.nodes = 1765581
h8.t9.propagations = 1765581
h8.search_time = 999908
h8.nodes = 28839535
h8.propagations = 95792625
h9.t7.stop_reason = aborted
h9.t7.restarts = 3027
h9.t7.nogoods_size = 4816141
h9.t7.nodes = 1839363
h9.t7.propagations = 1839363
h9.t13.stop_reason = aborted
h9.t13.restarts = 3027
h9.t13.nogoods_size = 4816141
h9.t13.nodes = 1832001
h9.t13.propagations = 1832001
h9.t16.stop_reason = aborted
h9.t16.restarts = 3027
h9.t16.nogoods_size = 4816141
h9.t16.nodes = 1789173
h9.t16.propagations = 1789173
h9.t3.stop_reason = aborted
h9.t3.restarts = 3027
h9.t3.nogoods_size = 4816141
h9.t3.nodes = 1803354
h9.t3.propagations = 1803354
h9.t2.stop_reason = aborted
h9.t2.restarts = 3027
h9.t2.nogoods_size = 4816141
h9.t2.nodes = 1832034
h9.t2.propagations = 1832034
h9.t1.stop_reason = aborted
h9.t1.restarts = 3027
h9.t1.nogoods_size = 4816141
h9.t1.nodes = 1812346
h9.t1.propagations = 1812346
h9.t11.stop_reason = aborted
h9.t11.restarts = 3027
h9.t11.nogoods_size = 4816141
h9.t11.nodes = 1794936
h9.t11.propagations = 1794936
h9.t8.stop_reason = aborted
h9.t8.restarts = 3027
h9.t8.nogoods_size = 4816141
h9.t8.nodes = 1802687
h9.t8.propagations = 1802687
h9.t14.stop_reason = aborted
h9.t14.restarts = 3027
h9.t14.nogoods_size = 4816141
h9.t14.nodes = 1809591
h9.t14.propagations = 1809591
h9.t0.stop_reason = aborted
h9.t0.restarts = 3027
h9.t0.nogoods_size = 4816141
h9.t0.nodes = 279781
h9.t0.propagations = 279781
h9.t9.stop_reason = aborted
h9.t9.restarts = 3027
h9.t9.nogoods_size = 4816141
h9.t9.nodes = 1804253
h9.t9.propagations = 1804253
h9.t6.stop_reason = aborted
h9.t6.restarts = 3027
h9.t6.nogoods_size = 4816141
h9.t6.nodes = 1861178
h9.t6.propagations = 1861178
h9.t4.stop_reason = aborted
h9.t4.restarts = 3027
h9.t4.nogoods_size = 4816141
h9.t4.nodes = 1819103
h9.t4.propagations = 1819103
h9.t17.stop_reason = aborted
h9.t17.restarts = 3027
h9.t17.nogoods_size = 4816141
h9.t17.nodes = 783176
h9.t17.propagations = 783176
h9.t12.stop_reason = aborted
h9.t12.restarts = 3027
h9.t12.nogoods_size = 4816141
h9.t12.nodes = 1819665
h9.t12.propagations = 1819665
h9.t10.stop_reason = aborted
h9.t10.restarts = 3027
h9.t10.nogoods_size = 4816141
h9.t10.nodes = 1784110
h9.t10.propagations = 1784110
h9.t5.stop_reason = aborted
h9.t5.restarts = 3027
h9.t5.nogoods_size = 4816141
h9.t5.nodes = 1820097
h9.t5.propagations = 1820097
h9.t15.stop_reason = aborted
h9.t15.restarts = 3027
h9.t15.nogoods_size = 4816141
h9.t15.nodes = 1758127
h9.t15.propagations = 1758127
h9.search_time = 999907
h9.nodes = 30044975
h9.propagations = 99901610
