hostname = r1i2n17
commandline = ../glasgow/mpi_solve_subgraph_isomorphism --timeout 1000 --format lad --geometric-restarts=1.0 --restarts-constant=100000 --restart-timer=100 --triggered-restarts --threads 18 --value-ordering=biased ../instances/LV/g39 ../instances/largerGraphs/g73-normed
started_at = 2018-11-23 19:29:38
pattern_file = ../instances/LV/g39
target_file = ../instances/largerGraphs/g73-normed
status = aborted
nodes = 934479873
propagations = 2335095411
runtime = 1023808
h0.t16.stop_reason = aborted
h0.t16.restarts = 2601
h0.t16.nogoods_size = 5005911
h0.t16.nodes = 5443274
h0.t16.propagations = 5443274
h0.t14.stop_reason = aborted
h0.t14.restarts = 2601
h0.t14.nogoods_size = 5005911
h0.t14.nodes = 5563892
h0.t14.propagations = 5563892
h0.t1.stop_reason = aborted
h0.t1.restarts = 2601
h0.t1.nogoods_size = 5005911
h0.t1.nodes = 5459930
h0.t1.propagations = 5459930
h0.t17.stop_reason = aborted
h0.t17.restarts = 2601
h0.t17.nogoods_size = 5005911
h0.t17.nodes = 1891570
h0.t17.propagations = 1891570
h0.t7.stop_reason = aborted
h0.t7.restarts = 2601
h0.t7.nogoods_size = 5005911
h0.t7.nodes = 5512083
h0.t7.propagations = 5512083
h0.t11.stop_reason = aborted
h0.t11.restarts = 2601
h0.t11.nogoods_size = 5005911
h0.t11.nodes = 5237472
h0.t11.propagations = 5237472
h0.t4.stop_reason = aborted
h0.t4.restarts = 2601
h0.t4.nogoods_size = 5005911
h0.t4.nodes = 5432587
h0.t4.propagations = 5432587
h0.t15.stop_reason = aborted
h0.t15.restarts = 2601
h0.t15.nogoods_size = 5005911
h0.t15.nodes = 5056400
h0.t15.propagations = 5056400
h0.t13.stop_reason = aborted
h0.t13.restarts = 2601
h0.t13.nogoods_size = 5005911
h0.t13.nodes = 5513794
h0.t13.propagations = 5513794
h0.t2.stop_reason = aborted
h0.t2.restarts = 2601
h0.t2.nogoods_size = 5005911
h0.t2.nodes = 5355642
h0.t2.propagations = 5355642
h0.t6.stop_reason = aborted
h0.t6.restarts = 2601
h0.t6.nogoods_size = 5005911
h0.t6.nodes = 5582969
h0.t6.propagations = 5582969
h0.t10.stop_reason = aborted
h0.t10.restarts = 2601
h0.t10.nogoods_size = 5005911
h0.t10.nodes = 5298246
h0.t10.propagations = 5298246
h0.t8.stop_reason = aborted
h0.t8.restarts = 2601
h0.t8.nogoods_size = 5005911
h0.t8.nodes = 5407685
h0.t8.propagations = 5407685
h0.t12.stop_reason = aborted
h0.t12.restarts = 2601
h0.t12.nogoods_size = 5005911
h0.t12.nodes = 5487521
h0.t12.propagations = 5487521
h0.t9.stop_reason = aborted
h0.t9.restarts = 2601
h0.t9.nogoods_size = 5005911
h0.t9.nodes = 5247125
h0.t9.propagations = 5247125
h0.t5.stop_reason = aborted
h0.t5.restarts = 2601
h0.t5.nogoods_size = 5005911
h0.t5.nodes = 5643794
h0.t5.propagations = 5643794
h0.t3.stop_reason = aborted
h0.t3.restarts = 2601
h0.t3.nogoods_size = 5005911
h0.t3.nodes = 5312658
h0.t3.propagations = 5312658
h0.t0.stop_reason = aborted
h0.t0.restarts = 2601
h0.t0.nogoods_size = 5005911
h0.t0.nodes = 712918
h0.t0.propagations = 712918
h0.search_time = 1000268
h0.nodes = 89159560
h0.propagations = 222772938
h1.t16.stop_reason = aborted
h1.t16.restarts = 2601
h1.t16.nogoods_size = 5004325
h1.t16.nodes = 5739535
h1.t16.propagations = 5739535
h1.t11.stop_reason = aborted
h1.t11.restarts = 2601
h1.t11.nogoods_size = 5004325
h1.t11.nodes = 5313109
h1.t11.propagations = 5313109
h1.t6.stop_reason = aborted
h1.t6.restarts = 2601
h1.t6.nogoods_size = 5004325
h1.t6.nodes = 5718110
h1.t6.propagations = 5718110
h1.t12.stop_reason = aborted
h1.t12.restarts = 2601
h1.t12.nogoods_size = 5004325
h1.t12.nodes = 5546496
h1.t12.propagations = 5546496
h1.t13.stop_reason = aborted
h1.t13.restarts = 2601
h1.t13.nogoods_size = 5004325
h1.t13.nodes = 5685112
h1.t13.propagations = 5685112
h1.t8.stop_reason = aborted
h1.t8.restarts = 2601
h1.t8.nogoods_size = 5004325
h1.t8.nodes = 5737263
h1.t8.propagations = 5737263
h1.t1.stop_reason = aborted
h1.t1.restarts = 2601
h1.t1.nogoods_size = 5004325
h1.t1.nodes = 5661847
h1.t1.propagations = 5661847
h1.t10.stop_reason = aborted
h1.t10.restarts = 2601
h1.t10.nogoods_size = 5004325
h1.t10.nodes = 5444273
h1.t10.propagations = 5444273
h1.t0.stop_reason = aborted
h1.t0.restarts = 2601
h1.t0.nogoods_size = 5004325
h1.t0.nodes = 719480
h1.t0.propagations = 719480
h1.t3.stop_reason = aborted
h1.t3.restarts = 2601
h1.t3.nogoods_size = 5004325
h1.t3.nodes = 5492084
h1.t3.propagations = 5492084
h1.t5.stop_reason = aborted
h1.t5.restarts = 2601
h1.t5.nogoods_size = 5004325
h1.t5.nodes = 5697140
h1.t5.propagations = 5697140
h1.t2.stop_reason = aborted
h1.t2.restarts = 2601
h1.t2.nogoods_size = 5004325
h1.t2.nodes = 5555793
h1.t2.propagations = 5555793
h1.t9.stop_reason = aborted
h1.t9.restarts = 2601
h1.t9.nogoods_size = 5004325
h1.t9.nodes = 5458894
h1.t9.propagations = 5458894
h1.t17.stop_reason = aborted
h1.t17.restarts = 2601
h1.t17.nogoods_size = 5004325
h1.t17.nodes = 1892685
h1.t17.propagations = 1892685
h1.t15.stop_reason = aborted
h1.t15.restarts = 2601
h1.t15.nogoods_size = 5004325
h1.t15.nodes = 5630617
h1.t15.propagations = 5630617
h1.t4.stop_reason = aborted
h1.t4.restarts = 2601
h1.t4.nogoods_size = 5004325
h1.t4.nodes = 5793848
h1.t4.propagations = 5793848
h1.t7.stop_reason = aborted
h1.t7.restarts = 2601
h1.t7.nogoods_size = 5004325
h1.t7.nodes = 5844629
h1.t7.propagations = 5844629
h1.t14.stop_reason = aborted
h1.t14.restarts = 2601
h1.t14.nogoods_size = 5004325
h1.t14.nodes = 5610836
h1.t14.propagations = 5610836
h1.search_time = 1000268
h1.nodes = 92541751
h1.propagations = 231151777
h2.t9.restarts = 2601
h2.t9.nogoods_size = 5002078
h2.t9.nodes = 5312823
h2.t9.propagations = 5312823
h2.t3.restarts = 2601
h2.t3.nogoods_size = 5002078
h2.t3.nodes = 5113342
h2.t3.propagations = 5113342
h2.t11.restarts = 2601
h2.t11.nogoods_size = 5002078
h2.t11.nodes = 5118822
h2.t11.propagations = 5118822
h2.t5.restarts = 2601
h2.t5.nogoods_size = 5002078
h2.t5.nodes = 5283501
h2.t5.propagations = 5283501
h2.t7.restarts = 2601
h2.t7.nogoods_size = 5002078
h2.t7.nodes = 5496948
h2.t7.propagations = 5496948
h2.t4.stop_reason = aborted
h2.t4.restarts = 2601
h2.t4.nogoods_size = 5002078
h2.t4.nodes = 5087442
h2.t4.propagations = 5087442
h2.t1.restarts = 2601
h2.t1.nogoods_size = 5002078
h2.t1.nodes = 5328153
h2.t1.propagations = 5328153
h2.t2.stop_reason = aborted
h2.t2.restarts = 2601
h2.t2.nogoods_size = 5002078
h2.t2.nodes = 4952095
h2.t2.propagations = 4952095
h2.t10.stop_reason = aborted
h2.t10.restarts = 2601
h2.t10.nogoods_size = 5002078
h2.t10.nodes = 5282048
h2.t10.propagations = 5282048
h2.t15.stop_reason = aborted
h2.t15.restarts = 2601
h2.t15.nogoods_size = 5002078
h2.t15.nodes = 5083850
h2.t15.propagations = 5083850
h2.t14.stop_reason = aborted
h2.t14.restarts = 2601
h2.t14.nogoods_size = 5002078
h2.t14.nodes = 5086310
h2.t14.propagations = 5086310
h2.t0.restarts = 2601
h2.t0.nogoods_size = 5002078
h2.t0.nodes = 733125
h2.t0.propagations = 733125
h2.t13.stop_reason = aborted
h2.t13.restarts = 2601
h2.t13.nogoods_size = 5002078
h2.t13.nodes = 5160430
h2.t13.propagations = 5160430
h2.t16.restarts = 2601
h2.t16.nogoods_size = 5002078
h2.t16.nodes = 5321636
h2.t16.propagations = 5321636
h2.t6.restarts = 2601
h2.t6.nogoods_size = 5002078
h2.t6.nodes = 5284956
h2.t6.propagations = 5284956
h2.t17.restarts = 2601
h2.t17.nogoods_size = 5002078
h2.t17.nodes = 1757466
h2.t17.propagations = 1757466
h2.t8.stop_reason = aborted
h2.t8.restarts = 2601
h2.t8.nogoods_size = 5002078
h2.t8.nodes = 5134049
h2.t8.propagations = 5134049
h2.t12.stop_reason = aborted
h2.t12.restarts = 2601
h2.t12.nogoods_size = 5002078
h2.t12.nodes = 5301866
h2.t12.propagations = 5301866
h2.search_time = 1000276
h2.nodes = 85838862
h2.propagations = 214319531
h3.t1.stop_reason = aborted
h3.t1.restarts = 2601
h3.t1.nogoods_size = 5004980
h3.t1.nodes = 5787609
h3.t1.propagations = 5787609
h3.t15.stop_reason = aborted
h3.t15.restarts = 2601
h3.t15.nogoods_size = 5004980
h3.t15.nodes = 5230057
h3.t15.propagations = 5230057
h3.t4.stop_reason = aborted
h3.t4.restarts = 2601
h3.t4.nogoods_size = 5004980
h3.t4.nodes = 5818144
h3.t4.propagations = 5818144
h3.t13.stop_reason = aborted
h3.t13.restarts = 2601
h3.t13.nogoods_size = 5004980
h3.t13.nodes = 5633149
h3.t13.propagations = 5633149
h3.t8.stop_reason = aborted
h3.t8.restarts = 2601
h3.t8.nogoods_size = 5004980
h3.t8.nodes = 5527199
h3.t8.propagations = 5527199
h3.t14.stop_reason = aborted
h3.t14.restarts = 2601
h3.t14.nogoods_size = 5004980
h3.t14.nodes = 5551708
h3.t14.propagations = 5551708
h3.t12.stop_reason = aborted
h3.t12.restarts = 2601
h3.t12.nogoods_size = 5004980
h3.t12.nodes = 5509531
h3.t12.propagations = 5509531
h3.t5.stop_reason = aborted
h3.t5.restarts = 2601
h3.t5.nogoods_size = 5004980
h3.t5.nodes = 5546071
h3.t5.propagations = 5546071
h3.t9.stop_reason = aborted
h3.t9.restarts = 2601
h3.t9.nogoods_size = 5004980
h3.t9.nodes = 5606037
h3.t9.propagations = 5606037
h3.t6.stop_reason = aborted
h3.t6.restarts = 2601
h3.t6.nogoods_size = 5004980
h3.t6.nodes = 5844113
h3.t6.propagations = 5844113
h3.t0.stop_reason = aborted
h3.t0.restarts = 2601
h3.t0.nogoods_size = 5004980
h3.t0.nodes = 725099
h3.t0.propagations = 725099
h3.t16.stop_reason = aborted
h3.t16.restarts = 2601
h3.t16.nogoods_size = 5004980
h3.t16.nodes = 5510270
h3.t16.propagations = 5510270
h3.t11.stop_reason = aborted
h3.t11.restarts = 2601
h3.t11.nogoods_size = 5004980
h3.t11.nodes = 5557474
h3.t11.propagations = 5557474
h3.t2.stop_reason = aborted
h3.t2.restarts = 2601
h3.t2.nogoods_size = 5004980
h3.t2.nodes = 5695697
h3.t2.propagations = 5695697
h3.t17.stop_reason = aborted
h3.t17.restarts = 2601
h3.t17.nogoods_size = 5004980
h3.t17.nodes = 1901994
h3.t17.propagations = 1901994
h3.t10.stop_reason = aborted
h3.t10.restarts = 2601
h3.t10.nogoods_size = 5004980
h3.t10.nodes = 5456120
h3.t10.propagations = 5456120
h3.t3.stop_reason = aborted
h3.t3.restarts = 2601
h3.t3.nogoods_size = 5004980
h3.t3.nodes = 5382395
h3.t3.propagations = 5382395
h3.t7.stop_reason = aborted
h3.t7.restarts = 2601
h3.t7.nogoods_size = 5004980
h3.t7.nodes = 5630191
h3.t7.propagations = 5630191
h3.search_time = 1000271
h3.nodes = 91912858
h3.propagations = 229695263
h4.t10.stop_reason = aborted
h4.t10.restarts = 2601
h4.t10.nogoods_size = 5028672
h4.t10.nodes = 6475854
h4.t10.propagations = 6475854
h4.t4.stop_reason = aborted
h4.t4.restarts = 2601
h4.t4.nogoods_size = 5028672
h4.t4.nodes = 6382456
h4.t4.propagations = 6382456
h4.t11.stop_reason = aborted
h4.t11.restarts = 2601
h4.t11.nogoods_size = 5028672
h4.t11.nodes = 6597278
h4.t11.propagations = 6597278
h4.t8.stop_reason = aborted
h4.t8.restarts = 2601
h4.t8.nogoods_size = 5028672
h4.t8.nodes = 6570801
h4.t8.propagations = 6570801
h4.t5.stop_reason = aborted
h4.t5.restarts = 2601
h4.t5.nogoods_size = 5028672
h4.t5.nodes = 6232586
h4.t5.propagations = 6232586
h4.t14.stop_reason = aborted
h4.t14.restarts = 2601
h4.t14.nogoods_size = 5028672
h4.t14.nodes = 6317895
h4.t14.propagations = 6317895
h4.t6.stop_reason = aborted
h4.t6.restarts = 2601
h4.t6.nogoods_size = 5028672
h4.t6.nodes = 6782801
h4.t6.propagations = 6782801
h4.t9.stop_reason = aborted
h4.t9.restarts = 2601
h4.t9.nogoods_size = 5028672
h4.t9.nodes = 6500071
h4.t9.propagations = 6500071
h4.t16.stop_reason = aborted
h4.t16.restarts = 2601
h4.t16.nogoods_size = 5028672
h4.t16.nodes = 6348085
h4.t16.propagations = 6348085
h4.t3.stop_reason = aborted
h4.t3.restarts = 2601
h4.t3.nogoods_size = 5028672
h4.t3.nodes = 6489516
h4.t3.propagations = 6489516
h4.t1.stop_reason = aborted
h4.t1.restarts = 2601
h4.t1.nogoods_size = 5028672
h4.t1.nodes = 6435001
h4.t1.propagations = 6435001
h4.t13.stop_reason = aborted
h4.t13.restarts = 2601
h4.t13.nogoods_size = 5028672
h4.t13.nodes = 6639032
h4.t13.propagations = 6639032
h4.t17.stop_reason = aborted
h4.t17.restarts = 2601
h4.t17.nogoods_size = 5028672
h4.t17.nodes = 1905643
h4.t17.propagations = 1905643
h4.t12.stop_reason = aborted
h4.t12.restarts = 2601
h4.t12.nogoods_size = 5028672
h4.t12.nodes = 6743507
h4.t12.propagations = 6743507
h4.t0.stop_reason = aborted
h4.t0.restarts = 2601
h4.t0.nogoods_size = 5028672
h4.t0.nodes = 747194
h4.t0.propagations = 747194
h4.t2.stop_reason = aborted
h4.t2.restarts = 2601
h4.t2.nogoods_size = 5028672
h4.t2.nodes = 6864174
h4.t2.propagations = 6864174
h4.t7.stop_reason = aborted
h4.t7.restarts = 2601
h4.t7.nogoods_size = 5028672
h4.t7.nodes = 6712156
h4.t7.propagations = 6712156
h4.t15.stop_reason = aborted
h4.t15.restarts = 2601
h4.t15.nogoods_size = 5028672
h4.t15.nodes = 6282772
h4.t15.propagations = 6282772
h4.search_time = 1000276
h4.nodes = 107026822
h4.propagations = 267575361
h5.t17.stop_reason = aborted
h5.t17.restarts = 2601
h5.t17.nogoods_size = 5026443
h5.t17.nodes = 1860847
h5.t17.propagations = 1860847
h5.t0.stop_reason = aborted
h5.t0.restarts = 2601
h5.t0.nogoods_size = 5026443
h5.t0.nodes = 714822
h5.t0.propagations = 714822
h5.t15.stop_reason = aborted
h5.t15.restarts = 2601
h5.t15.nogoods_size = 5026443
h5.t15.nodes = 6428385
h5.t15.propagations = 6428385
h5.t12.stop_reason = aborted
h5.t12.restarts = 2601
h5.t12.nogoods_size = 5026443
h5.t12.nodes = 6780215
h5.t12.propagations = 6780215
h5.t5.stop_reason = aborted
h5.t5.restarts = 2601
h5.t5.nogoods_size = 5026443
h5.t5.nodes = 6787345
h5.t5.propagations = 6787345
h5.t11.stop_reason = aborted
h5.t11.restarts = 2601
h5.t11.nogoods_size = 5026443
h5.t11.nodes = 6572978
h5.t11.propagations = 6572978
h5.t2.stop_reason = aborted
h5.t2.restarts = 2601
h5.t2.nogoods_size = 5026443
h5.t2.nodes = 6440742
h5.t2.propagations = 6440742
h5.t10.stop_reason = aborted
h5.t10.restarts = 2601
h5.t10.nogoods_size = 5026443
h5.t10.nodes = 6623530
h5.t10.propagations = 6623530
h5.t16.stop_reason = aborted
h5.t16.restarts = 2601
h5.t16.nogoods_size = 5026443
h5.t16.nodes = 6430849
h5.t16.propagations = 6430849
h5.t7.stop_reason = aborted
h5.t7.restarts = 2601
h5.t7.nogoods_size = 5026443
h5.t7.nodes = 6599733
h5.t7.propagations = 6599733
h5.t14.stop_reason = aborted
h5.t14.restarts = 2601
h5.t14.nogoods_size = 5026443
h5.t14.nodes = 6564062
h5.t14.propagations = 6564062
h5.t4.stop_reason = aborted
h5.t4.restarts = 2601
h5.t4.nogoods_size = 5026443
h5.t4.nodes = 6593168
h5.t4.propagations = 6593168
h5.t1.stop_reason = aborted
h5.t1.restarts = 2601
h5.t1.nogoods_size = 5026443
h5.t1.nodes = 6581730
h5.t1.propagations = 6581730
h5.t3.stop_reason = aborted
h5.t3.restarts = 2601
h5.t3.nogoods_size = 5026443
h5.t3.nodes = 6497353
h5.t3.propagations = 6497353
h5.t8.stop_reason = aborted
h5.t8.restarts = 2601
h5.t8.nogoods_size = 5026443
h5.t8.nodes = 6539809
h5.t8.propagations = 6539809
h5.t6.stop_reason = aborted
h5.t6.restarts = 2601
h5.t6.nogoods_size = 5026443
h5.t6.nodes = 6639600
h5.t6.propagations = 6639600
h5.t9.stop_reason = aborted
h5.t9.restarts = 2601
h5.t9.nogoods_size = 5026443
h5.t9.nodes = 6510629
h5.t9.propagations = 6510629
h5.t13.stop_reason = aborted
h5.t13.restarts = 2601
h5.t13.nogoods_size = 5026443
h5.t13.nodes = 6715434
h5.t13.propagations = 6715434
h5.search_time = 1000276
h5.nodes = 107881231
h5.propagations = 269876014
h6.t17.stop_reason = aborted
h6.t17.restarts = 2601
h6.t17.nogoods_size = 5002338
h6.t17.nodes = 1875920
h6.t17.propagations = 1875920
h6.t0.stop_reason = aborted
h6.t0.restarts = 2601
h6.t0.nogoods_size = 5002338
h6.t0.nodes = 722816
h6.t0.propagations = 722816
h6.t2.stop_reason = aborted
h6.t2.restarts = 2601
h6.t2.nogoods_size = 5002338
h6.t2.nodes = 5516991
h6.t2.propagations = 5516991
h6.t12.stop_reason = aborted
h6.t12.restarts = 2601
h6.t12.nogoods_size = 5002338
h6.t12.nodes = 5322888
h6.t12.propagations = 5322888
h6.t13.stop_reason = aborted
h6.t13.restarts = 2601
h6.t13.nogoods_size = 5002338
h6.t13.nodes = 5363670
h6.t13.propagations = 5363670
h6.t3.stop_reason = aborted
h6.t3.restarts = 2601
h6.t3.nogoods_size = 5002338
h6.t3.nodes = 5345590
h6.t3.propagations = 5345590
h6.t8.stop_reason = aborted
h6.t8.restarts = 2601
h6.t8.nogoods_size = 5002338
h6.t8.nodes = 5432977
h6.t8.propagations = 5432977
h6.t16.stop_reason = aborted
h6.t16.restarts = 2601
h6.t16.nogoods_size = 5002338
h6.t16.nodes = 5203356
h6.t16.propagations = 5203356
h6.t6.stop_reason = aborted
h6.t6.restarts = 2601
h6.t6.nogoods_size = 5002338
h6.t6.nodes = 5288862
h6.t6.propagations = 5288862
h6.t14.stop_reason = aborted
h6.t14.restarts = 2601
h6.t14.nogoods_size = 5002338
h6.t14.nodes = 5237345
h6.t14.propagations = 5237345
h6.t9.stop_reason = aborted
h6.t9.restarts = 2601
h6.t9.nogoods_size = 5002338
h6.t9.nodes = 5384388
h6.t9.propagations = 5384388
h6.t11.stop_reason = aborted
h6.t11.restarts = 2601
h6.t11.nogoods_size = 5002338
h6.t11.nodes = 5040112
h6.t11.propagations = 5040112
h6.t1.stop_reason = aborted
h6.t1.restarts = 2601
h6.t1.nogoods_size = 5002338
h6.t1.nodes = 5342452
h6.t1.propagations = 5342452
h6.t4.stop_reason = aborted
h6.t4.restarts = 2601
h6.t4.nogoods_size = 5002338
h6.t4.nodes = 5288279
h6.t4.propagations = 5288279
h6.t15.stop_reason = aborted
h6.t15.restarts = 2601
h6.t15.nogoods_size = 5002338
h6.t15.nodes = 5249686
h6.t15.propagations = 5249686
h6.t10.stop_reason = aborted
h6.t10.restarts = 2601
h6.t10.nogoods_size = 5002338
h6.t10.nodes = 4929194
h6.t10.propagations = 4929194
h6.t7.stop_reason = aborted
h6.t7.restarts = 2601
h6.t7.nogoods_size = 5002338
h6.t7.nodes = 5069152
h6.t7.propagations = 5069152
h6.t5.stop_reason = aborted
h6.t5.restarts = 2601
h6.t5.nogoods_size = 5002338
h6.t5.nodes = 5401515
h6.t5.propagations = 5401515
h6.search_time = 1000275
h6.nodes = 87015193
h6.propagations = 217286446
h7.t1.restarts = 2601
h7.t1.nogoods_size = 5003047
h7.t1.nodes = 5822040
h7.t1.propagations = 5822040
h7.t4.stop_reason = aborted
h7.t4.restarts = 2601
h7.t4.nogoods_size = 5003047
h7.t4.nodes = 5566809
h7.t4.propagations = 5566809
h7.t15.stop_reason = aborted
h7.t15.restarts = 2601
h7.t15.nogoods_size = 5003047
h7.t15.nodes = 5545086
h7.t15.propagations = 5545086
h7.t5.stop_reason = aborted
h7.t5.restarts = 2601
h7.t5.nogoods_size = 5003047
h7.t5.nodes = 5632759
h7.t5.propagations = 5632759
h7.t3.stop_reason = aborted
h7.t3.restarts = 2601
h7.t3.nogoods_size = 5003047
h7.t3.nodes = 5724237
h7.t3.propagations = 5724237
h7.t11.stop_reason = aborted
h7.t11.restarts = 2601
h7.t11.nogoods_size = 5003047
h7.t11.nodes = 5417342
h7.t11.propagations = 5417342
h7.t2.stop_reason = aborted
h7.t2.restarts = 2601
h7.t2.nogoods_size = 5003047
h7.t2.nodes = 5911089
h7.t2.propagations = 5911089
h7.t7.restarts = 2601
h7.t7.nogoods_size = 5003047
h7.t7.nodes = 5786795
h7.t7.propagations = 5786795
h7.t0.restarts = 2601
h7.t0.nogoods_size = 5003047
h7.t0.nodes = 735900
h7.t0.propagations = 735900
h7.t10.stop_reason = aborted
h7.t10.restarts = 2601
h7.t10.nogoods_size = 5003047
h7.t10.nodes = 5283937
h7.t10.propagations = 5283937
h7.t16.stop_reason = aborted
h7.t16.restarts = 2601
h7.t16.nogoods_size = 5003047
h7.t16.nodes = 5569135
h7.t16.propagations = 5569135
h7.t17.stop_reason = aborted
h7.t17.restarts = 2601
h7.t17.nogoods_size = 5003047
h7.t17.nodes = 1896302
h7.t17.propagations = 1896302
h7.t12.stop_reason = aborted
h7.t12.restarts = 2601
h7.t12.nogoods_size = 5003047
h7.t12.nodes = 5707898
h7.t12.propagations = 5707898
h7.t14.restarts = 2601
h7.t14.nogoods_size = 5003047
h7.t14.nodes = 5388464
h7.t14.propagations = 5388464
h7.t8.stop_reason = aborted
h7.t8.restarts = 2601
h7.t8.nogoods_size = 5003047
h7.t8.nodes = 5545328
h7.t8.propagations = 5545328
h7.t6.restarts = 2601
h7.t6.nogoods_size = 5003047
h7.t6.nodes = 5545691
h7.t6.propagations = 5545691
h7.t9.restarts = 2601
h7.t9.nogoods_size = 5003047
h7.t9.nodes = 5786458
h7.t9.propagations = 5786458
h7.t13.restarts = 2601
h7.t13.nogoods_size = 5003047
h7.t13.nodes = 5665349
h7.t13.propagations = 5665349
h7.search_time = 1000268
h7.nodes = 92530619
h7.propagations = 231155696
h8.t2.stop_reason = aborted
h8.t2.restarts = 2601
h8.t2.nogoods_size = 5005996
h8.t2.nodes = 5533561
h8.t2.propagations = 5533561
h8.t1.stop_reason = aborted
h8.t1.restarts = 2601
h8.t1.nogoods_size = 5005996
h8.t1.nodes = 5348500
h8.t1.propagations = 5348500
h8.t8.stop_reason = aborted
h8.t8.restarts = 2601
h8.t8.nogoods_size = 5005996
h8.t8.nodes = 5532450
h8.t8.propagations = 5532450
h8.t11.stop_reason = aborted
h8.t11.restarts = 2601
h8.t11.nogoods_size = 5005996
h8.t11.nodes = 5372778
h8.t11.propagations = 5372778
h8.t6.stop_reason = aborted
h8.t6.restarts = 2601
h8.t6.nogoods_size = 5005996
h8.t6.nodes = 5524240
h8.t6.propagations = 5524240
h8.t7.stop_reason = aborted
h8.t7.restarts = 2601
h8.t7.nogoods_size = 5005996
h8.t7.nodes = 5444141
h8.t7.propagations = 5444141
h8.t4.stop_reason = aborted
h8.t4.restarts = 2601
h8.t4.nogoods_size = 5005996
h8.t4.nodes = 5429183
h8.t4.propagations = 5429183
h8.t5.stop_reason = aborted
h8.t5.restarts = 2601
h8.t5.nogoods_size = 5005996
h8.t5.nodes = 5431990
h8.t5.propagations = 5431990
h8.t14.stop_reason = aborted
h8.t14.restarts = 2601
h8.t14.nogoods_size = 5005996
h8.t14.nodes = 5596972
h8.t14.propagations = 5596972
h8.t9.stop_reason = aborted
h8.t9.restarts = 2601
h8.t9.nogoods_size = 5005996
h8.t9.nodes = 5405095
h8.t9.propagations = 5405095
h8.t0.stop_reason = aborted
h8.t0.restarts = 2601
h8.t0.nogoods_size = 5005996
h8.t0.nodes = 719114
h8.t0.propagations = 719114
h8.t12.stop_reason = aborted
h8.t12.restarts = 2601
h8.t12.nogoods_size = 5005996
h8.t12.nodes = 5622131
h8.t12.propagations = 5622131
h8.t3.stop_reason = aborted
h8.t3.restarts = 2601
h8.t3.nogoods_size = 5005996
h8.t3.nodes = 5226536
h8.t3.propagations = 5226536
h8.t13.stop_reason = aborted
h8.t13.restarts = 2601
h8.t13.nogoods_size = 5005996
h8.t13.nodes = 5437768
h8.t13.propagations = 5437768
h8.t15.stop_reason = aborted
h8.t15.restarts = 2601
h8.t15.nogoods_size = 5005996
h8.t15.nodes = 5108285
h8.t15.propagations = 5108285
h8.t10.stop_reason = aborted
h8.t10.restarts = 2601
h8.t10.nogoods_size = 5005996
h8.t10.nodes = 5222007
h8.t10.propagations = 5222007
h8.t16.stop_reason = aborted
h8.t16.restarts = 2601
h8.t16.nogoods_size = 5005996
h8.t16.nodes = 5428044
h8.t16.propagations = 5428044
h8.t17.stop_reason = aborted
h8.t17.restarts = 2601
h8.t17.nogoods_size = 5005996
h8.t17.nodes = 1904289
h8.t17.propagations = 1904289
h8.search_time = 1000275
h8.nodes = 89287084
h8.propagations = 223151321
h9.t4.stop_reason = aborted
h9.t4.restarts = 2601
h9.t4.nogoods_size = 5005246
h9.t4.nodes = 5171584
h9.t4.propagations = 5171584
h9.t14.stop_reason = aborted
h9.t14.restarts = 2601
h9.t14.nogoods_size = 5005246
h9.t14.nodes = 5627043
h9.t14.propagations = 5627043
h9.t2.stop_reason = aborted
h9.t2.restarts = 2601
h9.t2.nogoods_size = 5005246
h9.t2.nodes = 5546874
h9.t2.propagations = 5546874
h9.t16.stop_reason = aborted
h9.t16.restarts = 2601
h9.t16.nogoods_size = 5005246
h9.t16.nodes = 5650059
h9.t16.propagations = 5650059
h9.t6.stop_reason = aborted
h9.t6.restarts = 2601
h9.t6.nogoods_size = 5005246
h9.t6.nodes = 5358010
h9.t6.propagations = 5358010
h9.t8.stop_reason = aborted
h9.t8.restarts = 2601
h9.t8.nogoods_size = 5005246
h9.t8.nodes = 5491705
h9.t8.propagations = 5491705
h9.t13.stop_reason = aborted
h9.t13.restarts = 2601
h9.t13.nogoods_size = 5005246
h9.t13.nodes = 5433234
h9.t13.propagations = 5433234
h9.t5.stop_reason = aborted
h9.t5.restarts = 2601
h9.t5.nogoods_size = 5005246
h9.t5.nodes = 5822827
h9.t5.propagations = 5822827
h9.t15.stop_reason = aborted
h9.t15.restarts = 2601
h9.t15.nogoods_size = 5005246
h9.t15.nodes = 5457385
h9.t15.propagations = 5457385
h9.t3.stop_reason = aborted
h9.t3.restarts = 2601
h9.t3.nogoods_size = 5005246
h9.t3.nodes = 5529531
h9.t3.propagations = 5529531
h9.t17.stop_reason = aborted
h9.t17.restarts = 2601
h9.t17.nogoods_size = 5005246
h9.t17.nodes = 1855907
h9.t17.propagations = 1855907
h9.t12.stop_reason = aborted
h9.t12.restarts = 2601
h9.t12.nogoods_size = 5005246
h9.t12.nodes = 5786081
h9.t12.propagations = 5786081
h9.t10.stop_reason = aborted
h9.t10.restarts = 2601
h9.t10.nogoods_size = 5005246
h9.t10.nodes = 5387261
h9.t10.propagations = 5387261
h9.t7.stop_reason = aborted
h9.t7.restarts = 2601
h9.t7.nogoods_size = 5005246
h9.t7.nodes = 5539157
h9.t7.propagations = 5539157
h9.t9.stop_reason = aborted
h9.t9.restarts = 2601
h9.t9.nogoods_size = 5005246
h9.t9.nodes = 5660628
h9.t9.propagations = 5660628
h9.t1.stop_reason = aborted
h9.t1.restarts = 2601
h9.t1.nogoods_size = 5005246
h9.t1.nodes = 5737261
h9.t1.propagations = 5737261
h9.t0.stop_reason = aborted
h9.t0.restarts = 2601
h9.t0.nogoods_size = 5005246
h9.t0.nodes = 710355
h9.t0.propagations = 710355
h9.t11.stop_reason = aborted
h9.t11.restarts = 2601
h9.t11.nogoods_size = 5005246
h9.t11.nodes = 5520991
h9.t11.propagations = 5520991
h9.search_time = 1000268
h9.nodes = 91285893
h9.propagations = 228111064
