hostname = r1i4n7
commandline = ../glasgow/mpi_solve_subgraph_isomorphism --timeout 1000 --format lad --geometric-restarts=1.0 --restarts-constant=100000 --restart-timer=100 --triggered-restarts --threads 18 --value-ordering=biased ../instances/phase/phase-30-150-0.66-0.64-0.66-2-pattern ../instances/phase/phase-30-150-0.66-0.64-0.66-2-target
started_at = 2018-11-23 20:39:41
pattern_file = ../instances/phase/phase-30-150-0.66-0.64-0.66-2-pattern
target_file = ../instances/phase/phase-30-150-0.66-0.64-0.66-2-target
status = true
nodes = 9168564629
propagations = 23598459596
mapping = (0 -> 146) (1 -> 19) (2 -> 138) (3 -> 29) (4 -> 118) (5 -> 89) (6 -> 56) (7 -> 0) (8 -> 62) (9 -> 129) (10 -> 40) (11 -> 39) (12 -> 85) (13 -> 24) (14 -> 27) (15 -> 135) (16 -> 69) (17 -> 28) (18 -> 82) (19 -> 57) (20 -> 92) (21 -> 13) (22 -> 37) (23 -> 81) (24 -> 2) (25 -> 23) (26 -> 12) (27 -> 64) (28 -> 76) (29 -> 107) 
runtime = 595734
h0.t1.restarts = 2075
h0.t1.nogoods_size = 6268547
h0.t1.nodes = 60244059
h0.t1.propagations = 60244059
h0.t11.restarts = 2075
h0.t11.nogoods_size = 6268547
h0.t11.nodes = 59593174
h0.t11.propagations = 59593174
h0.t2.restarts = 2075
h0.t2.nogoods_size = 6268547
h0.t2.nodes = 60354317
h0.t2.propagations = 60354317
h0.t3.restarts = 2075
h0.t3.nogoods_size = 6268547
h0.t3.nodes = 59666893
h0.t3.propagations = 59666893
h0.t13.restarts = 2075
h0.t13.nogoods_size = 6268547
h0.t13.nodes = 60750453
h0.t13.propagations = 60750453
h0.t15.restarts = 2075
h0.t15.nogoods_size = 6268547
h0.t15.nodes = 59016544
h0.t15.propagations = 59016544
h0.t16.restarts = 2075
h0.t16.nogoods_size = 6268547
h0.t16.nodes = 58711456
h0.t16.propagations = 58711456
h0.t6.restarts = 2075
h0.t6.nogoods_size = 6268547
h0.t6.nodes = 60521612
h0.t6.propagations = 60521612
h0.t17.restarts = 2075
h0.t17.nogoods_size = 6268547
h0.t17.nodes = 19887418
h0.t17.propagations = 19887418
h0.t7.restarts = 2075
h0.t7.nogoods_size = 6268547
h0.t7.nodes = 59570296
h0.t7.propagations = 59570296
h0.t12.restarts = 2075
h0.t12.nogoods_size = 6268547
h0.t12.nodes = 59930652
h0.t12.propagations = 59930652
h0.t10.restarts = 2075
h0.t10.nogoods_size = 6268547
h0.t10.nodes = 59637710
h0.t10.propagations = 59637710
h0.t5.restarts = 2075
h0.t5.nogoods_size = 6268547
h0.t5.nodes = 61541083
h0.t5.propagations = 61541083
h0.t9.restarts = 2075
h0.t9.nogoods_size = 6268547
h0.t9.nodes = 60467016
h0.t9.propagations = 60467016
h0.t4.restarts = 2075
h0.t4.nogoods_size = 6268547
h0.t4.nodes = 59611669
h0.t4.propagations = 59611669
h0.t8.restarts = 2075
h0.t8.nogoods_size = 6268547
h0.t8.nodes = 59215627
h0.t8.propagations = 59215627
h0.t0.restarts = 2075
h0.t0.nogoods_size = 6268547
h0.t0.nodes = 8557844
h0.t0.propagations = 8557844
h0.t14.restarts = 2075
h0.t14.nogoods_size = 6268547
h0.t14.nodes = 59896552
h0.t14.propagations = 59896552
h0.search_time = 570730
h0.nodes = 987174375
h0.propagations = 2541068408
h1.t13.restarts = 2075
h1.t13.nogoods_size = 6265074
h1.t13.nodes = 61444323
h1.t13.propagations = 61444323
h1.t7.restarts = 2075
h1.t7.nogoods_size = 6265074
h1.t7.nodes = 62908115
h1.t7.propagations = 62908115
h1.t16.restarts = 2075
h1.t16.nogoods_size = 6265074
h1.t16.nodes = 61115805
h1.t16.propagations = 61115805
h1.t1.restarts = 2075
h1.t1.nogoods_size = 6265074
h1.t1.nodes = 61858377
h1.t1.propagations = 61858377
h1.t5.restarts = 2075
h1.t5.nogoods_size = 6265074
h1.t5.nodes = 62944083
h1.t5.propagations = 62944083
h1.t15.restarts = 2075
h1.t15.nogoods_size = 6265074
h1.t15.nodes = 61210993
h1.t15.propagations = 61210993
h1.t6.restarts = 2075
h1.t6.nogoods_size = 6265074
h1.t6.nodes = 62152929
h1.t6.propagations = 62152929
h1.t11.restarts = 2075
h1.t11.nogoods_size = 6265074
h1.t11.nodes = 62237779
h1.t11.propagations = 62237779
h1.t3.restarts = 2075
h1.t3.nogoods_size = 6265074
h1.t3.nodes = 61056287
h1.t3.propagations = 61056287
h1.t4.restarts = 2075
h1.t4.nogoods_size = 6265074
h1.t4.nodes = 61263054
h1.t4.propagations = 61263054
h1.t2.restarts = 2075
h1.t2.nogoods_size = 6265074
h1.t2.nodes = 62655915
h1.t2.propagations = 62655915
h1.t12.restarts = 2075
h1.t12.nogoods_size = 6265074
h1.t12.nodes = 62154715
h1.t12.propagations = 62154715
h1.t10.restarts = 2075
h1.t10.nogoods_size = 6265074
h1.t10.nodes = 60461448
h1.t10.propagations = 60461448
h1.t17.restarts = 2075
h1.t17.nogoods_size = 6265074
h1.t17.nodes = 20415420
h1.t17.propagations = 20415420
h1.t0.restarts = 2075
h1.t0.nogoods_size = 6265074
h1.t0.nodes = 8147256
h1.t0.propagations = 8147256
h1.t9.restarts = 2075
h1.t9.nogoods_size = 6265074
h1.t9.nodes = 61750622
h1.t9.propagations = 61750622
h1.t14.restarts = 2075
h1.t14.nogoods_size = 6265074
h1.t14.nodes = 61605219
h1.t14.propagations = 61605219
h1.t8.restarts = 2075
h1.t8.nogoods_size = 6265074
h1.t8.nodes = 61942368
h1.t8.propagations = 61942368
h1.search_time = 570728
h1.nodes = 1017324708
h1.propagations = 2618670576
h2.t17.restarts = 2075
h2.t17.nogoods_size = 6239730
h2.t17.nodes = 18811823
h2.t17.propagations = 18811823
h2.t9.restarts = 2075
h2.t9.nogoods_size = 6239730
h2.t9.nodes = 49512370
h2.t9.propagations = 49512370
h2.t15.restarts = 2075
h2.t15.nogoods_size = 6239730
h2.t15.nodes = 50256339
h2.t15.propagations = 50256339
h2.t1.restarts = 2075
h2.t1.nogoods_size = 6239730
h2.t1.nodes = 51447994
h2.t1.propagations = 51447994
h2.t8.restarts = 2075
h2.t8.nogoods_size = 6239730
h2.t8.nodes = 50708366
h2.t8.propagations = 50708366
h2.t14.restarts = 2075
h2.t14.nogoods_size = 6239730
h2.t14.nodes = 51041134
h2.t14.propagations = 51041134
h2.t2.restarts = 2075
h2.t2.nogoods_size = 6239730
h2.t2.nodes = 50752579
h2.t2.propagations = 50752579
h2.t6.restarts = 2075
h2.t6.nogoods_size = 6239730
h2.t6.nodes = 50288281
h2.t6.propagations = 50288281
h2.t11.restarts = 2075
h2.t11.nogoods_size = 6239730
h2.t11.nodes = 51273381
h2.t11.propagations = 51273381
h2.t7.restarts = 2075
h2.t7.nogoods_size = 6239730
h2.t7.nodes = 50736773
h2.t7.propagations = 50736773
h2.t10.restarts = 2075
h2.t10.nogoods_size = 6239730
h2.t10.nodes = 50084658
h2.t10.propagations = 50084658
h2.t4.restarts = 2075
h2.t4.nogoods_size = 6239730
h2.t4.nodes = 50581199
h2.t4.propagations = 50581199
h2.t13.restarts = 2075
h2.t13.nogoods_size = 6239730
h2.t13.nodes = 51109181
h2.t13.propagations = 51109181
h2.t16.restarts = 2075
h2.t16.nogoods_size = 6239730
h2.t16.nodes = 51286906
h2.t16.propagations = 51286906
h2.t5.restarts = 2075
h2.t5.nogoods_size = 6239730
h2.t5.nodes = 50227752
h2.t5.propagations = 50227752
h2.t3.restarts = 2075
h2.t3.nogoods_size = 6239730
h2.t3.nodes = 50776840
h2.t3.propagations = 50776840
h2.t12.restarts = 2075
h2.t12.nogoods_size = 6239730
h2.t12.nodes = 51155158
h2.t12.propagations = 51155158
h2.t0.restarts = 2075
h2.t0.nogoods_size = 6239730
h2.t0.nodes = 8584653
h2.t0.propagations = 8584653
h2.search_time = 570730
h2.nodes = 838635387
h2.propagations = 2158602400
h3.t0.restarts = 2075
h3.t0.nogoods_size = 6249299
h3.t0.nodes = 8618868
h3.t0.propagations = 8618868
h3.t8.restarts = 2075
h3.t8.nogoods_size = 6249299
h3.t8.nodes = 54902052
h3.t8.propagations = 54902052
h3.t15.restarts = 2075
h3.t15.nogoods_size = 6249299
h3.t15.nodes = 54672759
h3.t15.propagations = 54672759
h3.t11.restarts = 2075
h3.t11.nogoods_size = 6249299
h3.t11.nodes = 54077577
h3.t11.propagations = 54077577
h3.t1.restarts = 2075
h3.t1.nogoods_size = 6249299
h3.t1.nodes = 55552072
h3.t1.propagations = 55552072
h3.t6.restarts = 2075
h3.t6.nogoods_size = 6249299
h3.t6.nodes = 54439212
h3.t6.propagations = 54439212
h3.t7.restarts = 2075
h3.t7.nogoods_size = 6249299
h3.t7.nodes = 55710701
h3.t7.propagations = 55710701
h3.t16.restarts = 2075
h3.t16.nogoods_size = 6249299
h3.t16.nodes = 54981783
h3.t16.propagations = 54981783
h3.t13.restarts = 2075
h3.t13.nogoods_size = 6249299
h3.t13.nodes = 54775163
h3.t13.propagations = 54775163
h3.t5.restarts = 2075
h3.t5.nogoods_size = 6249299
h3.t5.nodes = 55171911
h3.t5.propagations = 55171911
h3.t9.restarts = 2075
h3.t9.nogoods_size = 6249299
h3.t9.nodes = 54415521
h3.t9.propagations = 54415521
h3.t12.restarts = 2075
h3.t12.nogoods_size = 6249299
h3.t12.nodes = 59264169
h3.t12.propagations = 59264169
h3.t14.restarts = 2075
h3.t14.nogoods_size = 6249299
h3.t14.nodes = 53493588
h3.t14.propagations = 53493588
h3.t3.restarts = 2075
h3.t3.nogoods_size = 6249299
h3.t3.nodes = 54700126
h3.t3.propagations = 54700126
h3.t17.restarts = 2075
h3.t17.nogoods_size = 6249299
h3.t17.nodes = 20710406
h3.t17.propagations = 20710406
h3.t2.restarts = 2075
h3.t2.nogoods_size = 6249299
h3.t2.nodes = 55341874
h3.t2.propagations = 55341874
h3.t4.restarts = 2075
h3.t4.nogoods_size = 6249299
h3.t4.nodes = 55607377
h3.t4.propagations = 55607377
h3.t10.restarts = 2075
h3.t10.nogoods_size = 6249299
h3.t10.nodes = 54304974
h3.t10.propagations = 54304974
h3.search_time = 570727
h3.nodes = 910740133
h3.propagations = 2344444216
h4.t17.restarts = 2075
h4.t17.nogoods_size = 6243283
h4.t17.nodes = 19978890
h4.t17.propagations = 19978890
h4.t10.restarts = 2075
h4.t10.nogoods_size = 6243283
h4.t10.nodes = 52606757
h4.t10.propagations = 52606757
h4.t16.restarts = 2075
h4.t16.nogoods_size = 6243283
h4.t16.nodes = 52065341
h4.t16.propagations = 52065341
h4.t14.restarts = 2075
h4.t14.nogoods_size = 6243283
h4.t14.nodes = 51446443
h4.t14.propagations = 51446443
h4.t0.restarts = 2075
h4.t0.nogoods_size = 6243283
h4.t0.nodes = 8546905
h4.t0.propagations = 8546905
h4.t8.restarts = 2075
h4.t8.nogoods_size = 6243283
h4.t8.nodes = 52892345
h4.t8.propagations = 52892345
h4.t15.restarts = 2075
h4.t15.nogoods_size = 6243283
h4.t15.nodes = 51797002
h4.t15.propagations = 51797002
h4.t3.restarts = 2075
h4.t3.nogoods_size = 6243283
h4.t3.nodes = 51564365
h4.t3.propagations = 51564365
h4.t11.restarts = 2075
h4.t11.nogoods_size = 6243283
h4.t11.nodes = 51555845
h4.t11.propagations = 51555845
h4.t7.restarts = 2075
h4.t7.nogoods_size = 6243283
h4.t7.nodes = 52032418
h4.t7.propagations = 52032418
h4.t2.restarts = 2075
h4.t2.nogoods_size = 6243283
h4.t2.nodes = 52482137
h4.t2.propagations = 52482137
h4.t9.restarts = 2075
h4.t9.nogoods_size = 6243283
h4.t9.nodes = 52502169
h4.t9.propagations = 52502169
h4.t4.restarts = 2075
h4.t4.nogoods_size = 6243283
h4.t4.nodes = 52842368
h4.t4.propagations = 52842368
h4.t5.restarts = 2075
h4.t5.nogoods_size = 6243283
h4.t5.nodes = 52068264
h4.t5.propagations = 52068264
h4.t1.restarts = 2075
h4.t1.nogoods_size = 6243283
h4.t1.nodes = 53084658
h4.t1.propagations = 53084658
h4.t13.restarts = 2075
h4.t13.nogoods_size = 6243283
h4.t13.nodes = 52790970
h4.t13.propagations = 52790970
h4.t12.restarts = 2075
h4.t12.nogoods_size = 6243283
h4.t12.nodes = 52208369
h4.t12.propagations = 52208369
h4.t6.restarts = 2075
h4.t6.nogoods_size = 6243283
h4.t6.nodes = 52098651
h4.t6.propagations = 52098651
h4.search_time = 570730
h4.nodes = 864563897
h4.propagations = 2224906335
h5.t10.restarts = 2075
h5.t10.nogoods_size = 6239325
h5.t10.nodes = 51798740
h5.t10.propagations = 51798740
h5.t12.restarts = 2075
h5.t12.nogoods_size = 6239325
h5.t12.nodes = 52758019
h5.t12.propagations = 52758019
h5.t3.restarts = 2075
h5.t3.nogoods_size = 6239325
h5.t3.nodes = 53580760
h5.t3.propagations = 53580760
h5.t15.restarts = 2075
h5.t15.nogoods_size = 6239325
h5.t15.nodes = 51198221
h5.t15.propagations = 51198221
h5.t5.restarts = 2075
h5.t5.nogoods_size = 6239325
h5.t5.nodes = 53083033
h5.t5.propagations = 53083033
h5.t7.restarts = 2075
h5.t7.nogoods_size = 6239325
h5.t7.nodes = 52248446
h5.t7.propagations = 52248446
h5.t16.restarts = 2075
h5.t16.nogoods_size = 6239325
h5.t16.nodes = 52925814
h5.t16.propagations = 52925814
h5.t17.restarts = 2075
h5.t17.nogoods_size = 6239325
h5.t17.nodes = 19228993
h5.t17.propagations = 19228993
h5.t13.restarts = 2075
h5.t13.nogoods_size = 6239325
h5.t13.nodes = 52190666
h5.t13.propagations = 52190666
h5.t0.restarts = 2075
h5.t0.nogoods_size = 6239325
h5.t0.nodes = 8419313
h5.t0.propagations = 8419313
h5.t4.restarts = 2075
h5.t4.nogoods_size = 6239325
h5.t4.nodes = 52791557
h5.t4.propagations = 52791557
h5.t2.restarts = 2075
h5.t2.nogoods_size = 6239325
h5.t2.nodes = 52537401
h5.t2.propagations = 52537401
h5.t14.restarts = 2075
h5.t14.nogoods_size = 6239325
h5.t14.nodes = 51792597
h5.t14.propagations = 51792597
h5.t1.restarts = 2075
h5.t1.nogoods_size = 6239325
h5.t1.nodes = 51868502
h5.t1.propagations = 51868502
h5.t6.restarts = 2075
h5.t6.nogoods_size = 6239325
h5.t6.nodes = 52774778
h5.t6.propagations = 52774778
h5.t11.restarts = 2075
h5.t11.nogoods_size = 6239325
h5.t11.nodes = 52296503
h5.t11.propagations = 52296503
h5.t9.restarts = 2075
h5.t9.nogoods_size = 6239325
h5.t9.nodes = 51565249
h5.t9.propagations = 51565249
h5.t8.restarts = 2075
h5.t8.nogoods_size = 6239325
h5.t8.nodes = 53663958
h5.t8.propagations = 53663958
h5.search_time = 570723
h5.nodes = 866722550
h5.propagations = 2231142912
h6.t4.where = 0/150 -1/-1 0/108 -1/-1 0/75 -1/-1 0/53 -1/-1 0/34 -1/-1 0/24 -1/-1 0/19 -1/-1 4/11 -1/-1 1/9 -1/-1 4/9 -1/-1 7/8 -1/-1 2/5 -1/-1 3/5 -1/-1 1/4 -1/-1 1/3 -1/-1 -1/-1 -1/-1 -1/-1 -1/-1 -1/-1 -1/-1 -1/-1 -1/-1 -1/-1 -1/-1 -1/-1 -1/-1 -1/-1 -1/-1 0/2 -1/-1
h6.t4.stop_reason = satisfiable
h6.t4.restarts = 2075
h6.t4.nogoods_size = 6236700
h6.t4.nodes = 50414854
h6.t4.propagations = 50414854
h6.t9.stop_reason = aborted
h6.t9.restarts = 2075
h6.t9.nogoods_size = 6236700
h6.t9.nodes = 51733808
h6.t9.propagations = 51733808
h6.t16.stop_reason = aborted
h6.t16.restarts = 2075
h6.t16.nogoods_size = 6236700
h6.t16.nodes = 52267432
h6.t16.propagations = 52267432
h6.t15.stop_reason = aborted
h6.t15.restarts = 2075
h6.t15.nogoods_size = 6236700
h6.t15.nodes = 51286322
h6.t15.propagations = 51286322
h6.t12.stop_reason = aborted
h6.t12.restarts = 2075
h6.t12.nogoods_size = 6236700
h6.t12.nodes = 50395990
h6.t12.propagations = 50395990
h6.t8.stop_reason = aborted
h6.t8.restarts = 2075
h6.t8.nogoods_size = 6236700
h6.t8.nodes = 51696119
h6.t8.propagations = 51696119
h6.t2.stop_reason = aborted
h6.t2.restarts = 2075
h6.t2.nogoods_size = 6236700
h6.t2.nodes = 51069943
h6.t2.propagations = 51069943
h6.t13.stop_reason = aborted
h6.t13.restarts = 2075
h6.t13.nogoods_size = 6236700
h6.t13.nodes = 51408681
h6.t13.propagations = 51408681
h6.t14.stop_reason = aborted
h6.t14.restarts = 2075
h6.t14.nogoods_size = 6236700
h6.t14.nodes = 50250688
h6.t14.propagations = 50250688
h6.t7.stop_reason = aborted
h6.t7.restarts = 2075
h6.t7.nogoods_size = 6236700
h6.t7.nodes = 51688666
h6.t7.propagations = 51688666
h6.t17.stop_reason = aborted
h6.t17.restarts = 2075
h6.t17.nogoods_size = 6236700
h6.t17.nodes = 19266403
h6.t17.propagations = 19266403
h6.t10.stop_reason = aborted
h6.t10.restarts = 2075
h6.t10.nogoods_size = 6236700
h6.t10.nodes = 49963246
h6.t10.propagations = 49963246
h6.t5.stop_reason = aborted
h6.t5.restarts = 2075
h6.t5.nogoods_size = 6236700
h6.t5.nodes = 52387008
h6.t5.propagations = 52387008
h6.t3.stop_reason = aborted
h6.t3.restarts = 2075
h6.t3.nogoods_size = 6236700
h6.t3.nodes = 51089455
h6.t3.propagations = 51089455
h6.t11.stop_reason = aborted
h6.t11.restarts = 2075
h6.t11.nogoods_size = 6236700
h6.t11.nodes = 50204915
h6.t11.propagations = 50204915
h6.t6.stop_reason = aborted
h6.t6.restarts = 2075
h6.t6.nogoods_size = 6236700
h6.t6.nodes = 50999081
h6.t6.propagations = 50999081
h6.t1.stop_reason = aborted
h6.t1.restarts = 2075
h6.t1.nogoods_size = 6236700
h6.t1.nodes = 50876011
h6.t1.propagations = 50876011
h6.t0.stop_reason = aborted
h6.t0.restarts = 2075
h6.t0.nogoods_size = 6236700
h6.t0.nodes = 8687473
h6.t0.propagations = 8687473
h6.search_time = 570722
h6.nodes = 845686095
h6.propagations = 2176465620
h7.t6.restarts = 2075
h7.t6.nogoods_size = 6235533
h7.t6.nodes = 51857183
h7.t6.propagations = 51857183
h7.t11.restarts = 2075
h7.t11.nogoods_size = 6235533
h7.t11.nodes = 51152058
h7.t11.propagations = 51152058
h7.t2.restarts = 2075
h7.t2.nogoods_size = 6235533
h7.t2.nodes = 51141030
h7.t2.propagations = 51141030
h7.t16.restarts = 2075
h7.t16.nogoods_size = 6235533
h7.t16.nodes = 51704517
h7.t16.propagations = 51704517
h7.t7.restarts = 2075
h7.t7.nogoods_size = 6235533
h7.t7.nodes = 51711446
h7.t7.propagations = 51711446
h7.t12.restarts = 2075
h7.t12.nogoods_size = 6235533
h7.t12.nodes = 52122249
h7.t12.propagations = 52122249
h7.t1.restarts = 2075
h7.t1.nogoods_size = 6235533
h7.t1.nodes = 51623757
h7.t1.propagations = 51623757
h7.t15.restarts = 2075
h7.t15.nogoods_size = 6235533
h7.t15.nodes = 50877525
h7.t15.propagations = 50877525
h7.t10.restarts = 2075
h7.t10.nogoods_size = 6235533
h7.t10.nodes = 51458333
h7.t10.propagations = 51458333
h7.t3.restarts = 2075
h7.t3.nogoods_size = 6235533
h7.t3.nodes = 52447574
h7.t3.propagations = 52447574
h7.t5.restarts = 2075
h7.t5.nogoods_size = 6235533
h7.t5.nodes = 51585580
h7.t5.propagations = 51585580
h7.t9.restarts = 2075
h7.t9.nogoods_size = 6235533
h7.t9.nodes = 51941022
h7.t9.propagations = 51941022
h7.t4.restarts = 2075
h7.t4.nogoods_size = 6235533
h7.t4.nodes = 52249233
h7.t4.propagations = 52249233
h7.t17.restarts = 2075
h7.t17.nogoods_size = 6235533
h7.t17.nodes = 19463297
h7.t17.propagations = 19463297
h7.t14.restarts = 2075
h7.t14.nogoods_size = 6235533
h7.t14.nodes = 50703294
h7.t14.propagations = 50703294
h7.t0.restarts = 2075
h7.t0.nogoods_size = 6235533
h7.t0.nodes = 8573050
h7.t0.propagations = 8573050
h7.t13.restarts = 2075
h7.t13.nogoods_size = 6235533
h7.t13.nodes = 51037470
h7.t13.propagations = 51037470
h7.t8.restarts = 2075
h7.t8.nogoods_size = 6235533
h7.t8.nodes = 52314899
h7.t8.propagations = 52314899
h7.search_time = 570724
h7.nodes = 853963517
h7.propagations = 2197622902
h8.t8.restarts = 2075
h8.t8.nogoods_size = 6264812
h8.t8.nodes = 60366735
h8.t8.propagations = 60366735
h8.t12.restarts = 2075
h8.t12.nogoods_size = 6264812
h8.t12.nodes = 59273740
h8.t12.propagations = 59273740
h8.t9.restarts = 2075
h8.t9.nogoods_size = 6264812
h8.t9.nodes = 59148155
h8.t9.propagations = 59148155
h8.t7.restarts = 2075
h8.t7.nogoods_size = 6264812
h8.t7.nodes = 60106590
h8.t7.propagations = 60106590
h8.t11.restarts = 2075
h8.t11.nogoods_size = 6264812
h8.t11.nodes = 58744399
h8.t11.propagations = 58744399
h8.t16.restarts = 2075
h8.t16.nogoods_size = 6264812
h8.t16.nodes = 59158670
h8.t16.propagations = 59158670
h8.t13.restarts = 2075
h8.t13.nogoods_size = 6264812
h8.t13.nodes = 59358714
h8.t13.propagations = 59358714
h8.t2.restarts = 2075
h8.t2.nogoods_size = 6264812
h8.t2.nodes = 59407746
h8.t2.propagations = 59407746
h8.t6.restarts = 2075
h8.t6.nogoods_size = 6264812
h8.t6.nodes = 59949498
h8.t6.propagations = 59949498
h8.t5.restarts = 2075
h8.t5.nogoods_size = 6264812
h8.t5.nodes = 59198323
h8.t5.propagations = 59198323
h8.t1.restarts = 2075
h8.t1.nogoods_size = 6264812
h8.t1.nodes = 58806613
h8.t1.propagations = 58806613
h8.t4.restarts = 2075
h8.t4.nogoods_size = 6264812
h8.t4.nodes = 59458765
h8.t4.propagations = 59458765
h8.t3.restarts = 2075
h8.t3.nogoods_size = 6264812
h8.t3.nodes = 59704121
h8.t3.propagations = 59704121
h8.t17.restarts = 2075
h8.t17.nogoods_size = 6264812
h8.t17.nodes = 19312515
h8.t17.propagations = 19312515
h8.t14.restarts = 2075
h8.t14.nogoods_size = 6264812
h8.t14.nodes = 59231246
h8.t14.propagations = 59231246
h8.t10.restarts = 2075
h8.t10.nogoods_size = 6264812
h8.t10.nodes = 58529104
h8.t10.propagations = 58529104
h8.t15.restarts = 2075
h8.t15.nogoods_size = 6264812
h8.t15.nodes = 58815085
h8.t15.propagations = 58815085
h8.t0.restarts = 2075
h8.t0.nogoods_size = 6264812
h8.t0.nodes = 8014253
h8.t0.propagations = 8014253
h8.search_time = 570730
h8.nodes = 976584272
h8.propagations = 2513166547
h9.t4.restarts = 2075
h9.t4.nogoods_size = 6266665
h9.t4.nodes = 61242279
h9.t4.propagations = 61242279
h9.t17.restarts = 2075
h9.t17.nogoods_size = 6266665
h9.t17.nodes = 19835301
h9.t17.propagations = 19835301
h9.t14.restarts = 2075
h9.t14.nogoods_size = 6266665
h9.t14.nodes = 61119898
h9.t14.propagations = 61119898
h9.t6.restarts = 2075
h9.t6.nogoods_size = 6266665
h9.t6.nodes = 61174902
h9.t6.propagations = 61174902
h9.t11.restarts = 2075
h9.t11.nogoods_size = 6266665
h9.t11.nodes = 60957740
h9.t11.propagations = 60957740
h9.t15.restarts = 2075
h9.t15.nogoods_size = 6266665
h9.t15.nodes = 60176732
h9.t15.propagations = 60176732
h9.t10.restarts = 2075
h9.t10.nogoods_size = 6266665
h9.t10.nodes = 60897860
h9.t10.propagations = 60897860
h9.t12.restarts = 2075
h9.t12.nogoods_size = 6266665
h9.t12.nodes = 62229433
h9.t12.propagations = 62229433
h9.t0.restarts = 2075
h9.t0.nogoods_size = 6266665
h9.t0.nodes = 8394947
h9.t0.propagations = 8394947
h9.t5.restarts = 2075
h9.t5.nogoods_size = 6266665
h9.t5.nodes = 61186758
h9.t5.propagations = 61186758
h9.t7.restarts = 2075
h9.t7.nogoods_size = 6266665
h9.t7.nodes = 61707622
h9.t7.propagations = 61707622
h9.t13.restarts = 2075
h9.t13.nogoods_size = 6266665
h9.t13.nodes = 61011539
h9.t13.propagations = 61011539
h9.t16.restarts = 2075
h9.t16.nogoods_size = 6266665
h9.t16.nodes = 59699502
h9.t16.propagations = 59699502
h9.t3.restarts = 2075
h9.t3.nogoods_size = 6266665
h9.t3.nodes = 61554003
h9.t3.propagations = 61554003
h9.t9.restarts = 2075
h9.t9.nogoods_size = 6266665
h9.t9.nodes = 61687253
h9.t9.propagations = 61687253
h9.t1.restarts = 2075
h9.t1.nogoods_size = 6266665
h9.t1.nodes = 60832397
h9.t1.propagations = 60832397
h9.t8.restarts = 2075
h9.t8.nogoods_size = 6266665
h9.t8.nodes = 61498071
h9.t8.propagations = 61498071
h9.t2.restarts = 2075
h9.t2.nogoods_size = 6266665
h9.t2.nodes = 61963458
h9.t2.propagations = 61963458
h9.search_time = 570731
h9.nodes = 1007169695
h9.propagations = 2592369680
