hostname = r1i4n7
commandline = ../glasgow/mpi_solve_subgraph_isomorphism --timeout 1000 --format lad --geometric-restarts=1.0 --restarts-constant=100000 --restart-timer=100 --triggered-restarts --threads 18 --value-ordering=biased ../instances/phase/phase-30-150-0.46-0.50-0.52-2-pattern ../instances/phase/phase-30-150-0.46-0.50-0.52-2-target
started_at = 2018-11-23 15:33:49
pattern_file = ../instances/phase/phase-30-150-0.46-0.50-0.52-2-pattern
target_file = ../instances/phase/phase-30-150-0.46-0.50-0.52-2-target
status = true
nodes = 4044982
propagations = 9931779
mapping = (0 -> 14) (1 -> 79) (2 -> 11) (3 -> 18) (4 -> 35) (5 -> 94) (6 -> 76) (7 -> 144) (8 -> 139) (9 -> 56) (10 -> 105) (11 -> 89) (12 -> 66) (13 -> 141) (14 -> 108) (15 -> 2) (16 -> 17) (17 -> 24) (18 -> 110) (19 -> 122) (20 -> 16) (21 -> 142) (22 -> 102) (23 -> 149) (24 -> 38) (25 -> 106) (26 -> 120) (27 -> 59) (28 -> 123) (29 -> 29) 
runtime = 123
h0.t14.restarts = 2
h0.t14.nogoods_size = 695
h0.t14.nodes = 30460
h0.t14.propagations = 30460
h0.t5.restarts = 2
h0.t5.nogoods_size = 695
h0.t5.nodes = 31961
h0.t5.propagations = 31961
h0.t12.restarts = 2
h0.t12.nogoods_size = 695
h0.t12.nodes = 31888
h0.t12.propagations = 31888
h0.t11.restarts = 2
h0.t11.nogoods_size = 695
h0.t11.nodes = 32591
h0.t11.propagations = 32591
h0.t9.restarts = 2
h0.t9.nogoods_size = 695
h0.t9.nodes = 31720
h0.t9.propagations = 31720
h0.t1.restarts = 2
h0.t1.nogoods_size = 695
h0.t1.nodes = 35018
h0.t1.propagations = 35018
h0.t4.restarts = 2
h0.t4.nogoods_size = 695
h0.t4.nodes = 30660
h0.t4.propagations = 30660
h0.t13.restarts = 2
h0.t13.nogoods_size = 695
h0.t13.nodes = 31724
h0.t13.propagations = 31724
h0.t6.restarts = 2
h0.t6.nogoods_size = 695
h0.t6.nodes = 32429
h0.t6.propagations = 32429
h0.t3.restarts = 2
h0.t3.nogoods_size = 695
h0.t3.nodes = 32533
h0.t3.propagations = 32533
h0.t15.restarts = 2
h0.t15.nogoods_size = 695
h0.t15.nodes = 32203
h0.t15.propagations = 32203
h0.t8.restarts = 2
h0.t8.nogoods_size = 695
h0.t8.nodes = 31024
h0.t8.propagations = 31024
h0.t7.restarts = 2
h0.t7.nogoods_size = 695
h0.t7.nodes = 33029
h0.t7.propagations = 33029
h0.t16.restarts = 2
h0.t16.nogoods_size = 695
h0.t16.nodes = 33511
h0.t16.propagations = 33511
h0.t17.restarts = 2
h0.t17.nogoods_size = 695
h0.t17.nodes = 16792
h0.t17.propagations = 16792
h0.t10.restarts = 2
h0.t10.nogoods_size = 695
h0.t10.nodes = 31539
h0.t10.propagations = 31539
h0.t2.restarts = 2
h0.t2.nogoods_size = 695
h0.t2.nodes = 32296
h0.t2.propagations = 32296
h0.t0.restarts = 2
h0.t0.nogoods_size = 695
h0.t0.nodes = 17605
h0.t0.propagations = 17605
h0.search_time = 111
h0.nodes = 548983
h0.propagations = 1338258
h1.t7.stop_reason = aborted
h1.t7.restarts = 2
h1.t7.nogoods_size = 1
h1.t7.nodes = 33718
h1.t7.propagations = 33718
h1.t17.stop_reason = aborted
h1.t17.restarts = 2
h1.t17.nogoods_size = 1
h1.t17.nodes = 16100
h1.t17.propagations = 16100
h1.t4.stop_reason = aborted
h1.t4.restarts = 2
h1.t4.nogoods_size = 1
h1.t4.nodes = 33267
h1.t4.propagations = 33267
h1.t10.stop_reason = aborted
h1.t10.restarts = 2
h1.t10.nogoods_size = 1
h1.t10.nodes = 33361
h1.t10.propagations = 33361
h1.t5.stop_reason = aborted
h1.t5.restarts = 2
h1.t5.nogoods_size = 1
h1.t5.nodes = 32625
h1.t5.propagations = 32625
h1.t13.stop_reason = aborted
h1.t13.restarts = 2
h1.t13.nogoods_size = 1
h1.t13.nodes = 32732
h1.t13.propagations = 32732
h1.t14.stop_reason = aborted
h1.t14.restarts = 2
h1.t14.nogoods_size = 1
h1.t14.nodes = 32879
h1.t14.propagations = 32879
h1.t1.stop_reason = aborted
h1.t1.restarts = 2
h1.t1.nogoods_size = 1
h1.t1.nodes = 33689
h1.t1.propagations = 33689
h1.t16.stop_reason = aborted
h1.t16.restarts = 2
h1.t16.nogoods_size = 1
h1.t16.nodes = 33603
h1.t16.propagations = 33603
h1.t9.stop_reason = aborted
h1.t9.restarts = 2
h1.t9.nogoods_size = 1
h1.t9.nodes = 34073
h1.t9.propagations = 34073
h1.t6.stop_reason = aborted
h1.t6.restarts = 2
h1.t6.nogoods_size = 1
h1.t6.nodes = 32566
h1.t6.propagations = 32566
h1.t3.stop_reason = aborted
h1.t3.restarts = 2
h1.t3.nogoods_size = 1
h1.t3.nodes = 33265
h1.t3.propagations = 33265
h1.t2.stop_reason = aborted
h1.t2.restarts = 2
h1.t2.nogoods_size = 1
h1.t2.nodes = 32269
h1.t2.propagations = 32269
h1.t11.stop_reason = aborted
h1.t11.restarts = 2
h1.t11.nogoods_size = 1
h1.t11.nodes = 33345
h1.t11.propagations = 33345
h1.t15.stop_reason = aborted
h1.t15.restarts = 2
h1.t15.nogoods_size = 1
h1.t15.nodes = 33287
h1.t15.propagations = 33287
h1.t12.stop_reason = aborted
h1.t12.restarts = 2
h1.t12.nogoods_size = 1
h1.t12.nodes = 31599
h1.t12.propagations = 31599
h1.t8.where = 0/150 -1/-1 0/88 -1/-1 0/51 -1/-1 1/27 -1/-1 2/14 -1/-1 0/5 -1/-1 1/4 -1/-1 1/3 -1/-1 0/2 -1/-1 -1/-1 0/2 -1/-1 1/2 -1/-1 0/2 -1/-1 -1/-1 -1/-1 -1/-1 0/2 -1/-1 0/2 -1/-1 0/2 -1/-1 0/2 -1/-1 0/2 -1/-1 -1/-1 -1/-1 -1/-1 -1/-1 -1/-1 -1/-1 -1/-1 0/2 -1/-1 -1/-1
h1.t8.stop_reason = satisfiable
h1.t8.restarts = 2
h1.t8.nogoods_size = 1
h1.t8.nodes = 33996
h1.t8.propagations = 33996
h1.t0.stop_reason = aborted
h1.t0.restarts = 2
h1.t0.nogoods_size = 1
h1.t0.nodes = 16992
h1.t0.propagations = 16992
h1.search_time = 112
h1.nodes = 563366
h1.propagations = 1381501
h2.t11.restarts = 2
h2.t11.nogoods_size = 707
h2.t11.nodes = 21670
h2.t11.propagations = 21670
h2.t15.restarts = 2
h2.t15.nogoods_size = 707
h2.t15.nodes = 21147
h2.t15.propagations = 21147
h2.t0.restarts = 2
h2.t0.nogoods_size = 707
h2.t0.nodes = 10459
h2.t0.propagations = 10459
h2.t16.restarts = 2
h2.t16.nogoods_size = 707
h2.t16.nodes = 23967
h2.t16.propagations = 23967
h2.t9.restarts = 2
h2.t9.nogoods_size = 707
h2.t9.nodes = 20507
h2.t9.propagations = 20507
h2.t13.restarts = 2
h2.t13.nogoods_size = 707
h2.t13.nodes = 21098
h2.t13.propagations = 21098
h2.t1.restarts = 2
h2.t1.nogoods_size = 707
h2.t1.nodes = 21049
h2.t1.propagations = 21049
h2.t8.restarts = 2
h2.t8.nogoods_size = 707
h2.t8.nodes = 20832
h2.t8.propagations = 20832
h2.t17.restarts = 2
h2.t17.nogoods_size = 707
h2.t17.nodes = 9814
h2.t17.propagations = 9814
h2.t12.restarts = 2
h2.t12.nogoods_size = 707
h2.t12.nodes = 21555
h2.t12.propagations = 21555
h2.t2.restarts = 2
h2.t2.nogoods_size = 707
h2.t2.nodes = 20673
h2.t2.propagations = 20673
h2.t7.restarts = 2
h2.t7.nogoods_size = 707
h2.t7.nodes = 21596
h2.t7.propagations = 21596
h2.t6.restarts = 2
h2.t6.nogoods_size = 707
h2.t6.nodes = 21443
h2.t6.propagations = 21443
h2.t10.restarts = 2
h2.t10.nogoods_size = 707
h2.t10.nodes = 21352
h2.t10.propagations = 21352
h2.t4.restarts = 2
h2.t4.nogoods_size = 707
h2.t4.nodes = 21609
h2.t4.propagations = 21609
h2.t3.restarts = 2
h2.t3.nogoods_size = 707
h2.t3.nodes = 29898
h2.t3.propagations = 29898
h2.t14.restarts = 2
h2.t14.nogoods_size = 707
h2.t14.nodes = 20107
h2.t14.propagations = 20107
h2.t5.restarts = 2
h2.t5.nogoods_size = 707
h2.t5.nodes = 21524
h2.t5.propagations = 21524
h2.search_time = 112
h2.nodes = 370300
h2.propagations = 915163
h3.t17.restarts = 2
h3.t17.nogoods_size = 668
h3.t17.nodes = 10719
h3.t17.propagations = 10719
h3.t13.restarts = 2
h3.t13.nogoods_size = 668
h3.t13.nodes = 21608
h3.t13.propagations = 21608
h3.t15.restarts = 2
h3.t15.nogoods_size = 668
h3.t15.nodes = 20714
h3.t15.propagations = 20714
h3.t11.restarts = 2
h3.t11.nogoods_size = 668
h3.t11.nodes = 21235
h3.t11.propagations = 21235
h3.t3.restarts = 2
h3.t3.nogoods_size = 668
h3.t3.nodes = 20719
h3.t3.propagations = 20719
h3.t7.restarts = 2
h3.t7.nogoods_size = 668
h3.t7.nodes = 20883
h3.t7.propagations = 20883
h3.t10.restarts = 2
h3.t10.nogoods_size = 668
h3.t10.nodes = 21286
h3.t10.propagations = 21286
h3.t14.restarts = 2
h3.t14.nogoods_size = 668
h3.t14.nodes = 20852
h3.t14.propagations = 20852
h3.t6.restarts = 2
h3.t6.nogoods_size = 668
h3.t6.nodes = 21887
h3.t6.propagations = 21887
h3.t0.restarts = 2
h3.t0.nogoods_size = 668
h3.t0.nodes = 10683
h3.t0.propagations = 10683
h3.t16.restarts = 2
h3.t16.nogoods_size = 668
h3.t16.nodes = 21226
h3.t16.propagations = 21226
h3.t12.restarts = 2
h3.t12.nogoods_size = 668
h3.t12.nodes = 21066
h3.t12.propagations = 21066
h3.t2.restarts = 2
h3.t2.nogoods_size = 668
h3.t2.nodes = 20752
h3.t2.propagations = 20752
h3.t8.restarts = 2
h3.t8.nogoods_size = 668
h3.t8.nodes = 21385
h3.t8.propagations = 21385
h3.t5.restarts = 2
h3.t5.nogoods_size = 668
h3.t5.nodes = 20578
h3.t5.propagations = 20578
h3.t4.restarts = 2
h3.t4.nogoods_size = 668
h3.t4.nodes = 21334
h3.t4.propagations = 21334
h3.t9.restarts = 2
h3.t9.nogoods_size = 668
h3.t9.nodes = 21300
h3.t9.propagations = 21300
h3.t1.restarts = 2
h3.t1.nogoods_size = 668
h3.t1.nodes = 21072
h3.t1.propagations = 21072
h3.search_time = 109
h3.nodes = 359299
h3.propagations = 889929
h4.t1.restarts = 2
h4.t1.nogoods_size = 647
h4.t1.nodes = 35422
h4.t1.propagations = 35422
h4.t0.restarts = 2
h4.t0.nogoods_size = 647
h4.t0.nodes = 10483
h4.t0.propagations = 10483
h4.t4.restarts = 2
h4.t4.nogoods_size = 647
h4.t4.nodes = 20814
h4.t4.propagations = 20814
h4.t9.restarts = 2
h4.t9.nogoods_size = 647
h4.t9.nodes = 21671
h4.t9.propagations = 21671
h4.t2.restarts = 2
h4.t2.nogoods_size = 647
h4.t2.nodes = 21318
h4.t2.propagations = 21318
h4.t5.restarts = 2
h4.t5.nogoods_size = 647
h4.t5.nodes = 21072
h4.t5.propagations = 21072
h4.t6.restarts = 2
h4.t6.nogoods_size = 647
h4.t6.nodes = 21633
h4.t6.propagations = 21633
h4.t11.restarts = 2
h4.t11.nogoods_size = 647
h4.t11.nodes = 21559
h4.t11.propagations = 21559
h4.t15.restarts = 2
h4.t15.nogoods_size = 647
h4.t15.nodes = 19697
h4.t15.propagations = 19697
h4.t14.restarts = 2
h4.t14.nogoods_size = 647
h4.t14.nodes = 20772
h4.t14.propagations = 20772
h4.t16.restarts = 2
h4.t16.nogoods_size = 647
h4.t16.nodes = 23077
h4.t16.propagations = 23077
h4.t3.restarts = 2
h4.t3.nogoods_size = 647
h4.t3.nodes = 21679
h4.t3.propagations = 21679
h4.t8.restarts = 2
h4.t8.nogoods_size = 647
h4.t8.nodes = 20556
h4.t8.propagations = 20556
h4.t10.restarts = 2
h4.t10.nogoods_size = 647
h4.t10.nodes = 20656
h4.t10.propagations = 20656
h4.t7.restarts = 2
h4.t7.nogoods_size = 647
h4.t7.nodes = 20280
h4.t7.propagations = 20280
h4.t17.restarts = 2
h4.t17.nogoods_size = 647
h4.t17.nodes = 10574
h4.t17.propagations = 10574
h4.t13.restarts = 2
h4.t13.nogoods_size = 647
h4.t13.nodes = 20489
h4.t13.propagations = 20489
h4.t12.restarts = 2
h4.t12.nogoods_size = 647
h4.t12.nodes = 20073
h4.t12.propagations = 20073
h4.search_time = 112
h4.nodes = 371825
h4.propagations = 920069
h5.t9.restarts = 2
h5.t9.nogoods_size = 642
h5.t9.nodes = 20593
h5.t9.propagations = 20593
h5.t8.restarts = 2
h5.t8.nogoods_size = 642
h5.t8.nodes = 21216
h5.t8.propagations = 21216
h5.t6.restarts = 2
h5.t6.nogoods_size = 642
h5.t6.nodes = 21231
h5.t6.propagations = 21231
h5.t0.restarts = 2
h5.t0.nogoods_size = 642
h5.t0.nodes = 11276
h5.t0.propagations = 11276
h5.t5.restarts = 2
h5.t5.nogoods_size = 642
h5.t5.nodes = 21364
h5.t5.propagations = 21364
h5.t13.restarts = 2
h5.t13.nogoods_size = 642
h5.t13.nodes = 21148
h5.t13.propagations = 21148
h5.t10.restarts = 2
h5.t10.nogoods_size = 642
h5.t10.nodes = 20165
h5.t10.propagations = 20165
h5.t17.restarts = 2
h5.t17.nogoods_size = 642
h5.t17.nodes = 10632
h5.t17.propagations = 10632
h5.t12.restarts = 2
h5.t12.nogoods_size = 642
h5.t12.nodes = 21015
h5.t12.propagations = 21015
h5.t7.restarts = 2
h5.t7.nogoods_size = 642
h5.t7.nodes = 20416
h5.t7.propagations = 20416
h5.t15.restarts = 2
h5.t15.nogoods_size = 642
h5.t15.nodes = 20976
h5.t15.propagations = 20976
h5.t11.restarts = 2
h5.t11.nogoods_size = 642
h5.t11.nodes = 20763
h5.t11.propagations = 20763
h5.t4.restarts = 2
h5.t4.nogoods_size = 642
h5.t4.nodes = 20838
h5.t4.propagations = 20838
h5.t14.restarts = 2
h5.t14.nogoods_size = 642
h5.t14.nodes = 20982
h5.t14.propagations = 20982
h5.t16.restarts = 2
h5.t16.nogoods_size = 642
h5.t16.nodes = 20658
h5.t16.propagations = 20658
h5.t2.restarts = 2
h5.t2.nogoods_size = 642
h5.t2.nodes = 21280
h5.t2.propagations = 21280
h5.t3.restarts = 2
h5.t3.nogoods_size = 642
h5.t3.nodes = 20960
h5.t3.propagations = 20960
h5.t1.restarts = 2
h5.t1.nogoods_size = 642
h5.t1.nodes = 21064
h5.t1.propagations = 21064
h5.search_time = 109
h5.nodes = 356577
h5.propagations = 874171
h6.t10.restarts = 2
h6.t10.nogoods_size = 677
h6.t10.nodes = 20237
h6.t10.propagations = 20237
h6.t2.restarts = 2
h6.t2.nogoods_size = 677
h6.t2.nodes = 21726
h6.t2.propagations = 21726
h6.t14.restarts = 2
h6.t14.nogoods_size = 677
h6.t14.nodes = 20196
h6.t14.propagations = 20196
h6.t9.restarts = 2
h6.t9.nogoods_size = 677
h6.t9.nodes = 32976
h6.t9.propagations = 32976
h6.t16.restarts = 2
h6.t16.nogoods_size = 677
h6.t16.nodes = 22399
h6.t16.propagations = 22399
h6.t1.restarts = 2
h6.t1.nogoods_size = 677
h6.t1.nodes = 33719
h6.t1.propagations = 33719
h6.t0.restarts = 2
h6.t0.nogoods_size = 677
h6.t0.nodes = 10499
h6.t0.propagations = 10499
h6.t7.restarts = 2
h6.t7.nogoods_size = 677
h6.t7.nodes = 20135
h6.t7.propagations = 20135
h6.t4.restarts = 2
h6.t4.nogoods_size = 677
h6.t4.nodes = 21761
h6.t4.propagations = 21761
h6.t13.restarts = 2
h6.t13.nogoods_size = 677
h6.t13.nodes = 20520
h6.t13.propagations = 20520
h6.t8.restarts = 2
h6.t8.nogoods_size = 677
h6.t8.nodes = 20267
h6.t8.propagations = 20267
h6.t5.restarts = 2
h6.t5.nogoods_size = 677
h6.t5.nodes = 21181
h6.t5.propagations = 21181
h6.t6.restarts = 2
h6.t6.nogoods_size = 677
h6.t6.nodes = 20017
h6.t6.propagations = 20017
h6.t15.restarts = 2
h6.t15.nogoods_size = 677
h6.t15.nodes = 19548
h6.t15.propagations = 19548
h6.t3.restarts = 2
h6.t3.nogoods_size = 677
h6.t3.nodes = 20847
h6.t3.propagations = 20847
h6.t11.restarts = 2
h6.t11.nogoods_size = 677
h6.t11.nodes = 19655
h6.t11.propagations = 19655
h6.t17.restarts = 2
h6.t17.nogoods_size = 677
h6.t17.nodes = 10190
h6.t17.propagations = 10190
h6.t12.restarts = 2
h6.t12.nogoods_size = 677
h6.t12.nodes = 19589
h6.t12.propagations = 19589
h6.search_time = 113
h6.nodes = 375462
h6.propagations = 921091
h7.t17.restarts = 2
h7.t17.nogoods_size = 620
h7.t17.nodes = 10418
h7.t17.propagations = 10418
h7.t16.restarts = 2
h7.t16.nogoods_size = 620
h7.t16.nodes = 27173
h7.t16.propagations = 27173
h7.t12.restarts = 2
h7.t12.nogoods_size = 620
h7.t12.nodes = 20814
h7.t12.propagations = 20814
h7.t2.restarts = 2
h7.t2.nogoods_size = 620
h7.t2.nodes = 20441
h7.t2.propagations = 20441
h7.t13.restarts = 2
h7.t13.nogoods_size = 620
h7.t13.nodes = 20607
h7.t13.propagations = 20607
h7.t15.restarts = 2
h7.t15.nogoods_size = 620
h7.t15.nodes = 20950
h7.t15.propagations = 20950
h7.t8.restarts = 2
h7.t8.nogoods_size = 620
h7.t8.nodes = 20825
h7.t8.propagations = 20825
h7.t10.restarts = 2
h7.t10.nogoods_size = 620
h7.t10.nodes = 21229
h7.t10.propagations = 21229
h7.t11.restarts = 2
h7.t11.nogoods_size = 620
h7.t11.nodes = 20625
h7.t11.propagations = 20625
h7.t1.restarts = 2
h7.t1.nogoods_size = 620
h7.t1.nodes = 21902
h7.t1.propagations = 21902
h7.t3.restarts = 2
h7.t3.nogoods_size = 620
h7.t3.nodes = 21185
h7.t3.propagations = 21185
h7.t6.restarts = 2
h7.t6.nogoods_size = 620
h7.t6.nodes = 21441
h7.t6.propagations = 21441
h7.t14.restarts = 2
h7.t14.nogoods_size = 620
h7.t14.nodes = 21136
h7.t14.propagations = 21136
h7.t5.restarts = 2
h7.t5.nogoods_size = 620
h7.t5.nodes = 21228
h7.t5.propagations = 21228
h7.t9.restarts = 2
h7.t9.nogoods_size = 620
h7.t9.nodes = 20515
h7.t9.propagations = 20515
h7.t7.restarts = 2
h7.t7.nogoods_size = 620
h7.t7.nodes = 21506
h7.t7.propagations = 21506
h7.t0.restarts = 2
h7.t0.nogoods_size = 620
h7.t0.nodes = 10759
h7.t0.propagations = 10759
h7.t4.restarts = 2
h7.t4.nogoods_size = 620
h7.t4.nodes = 21311
h7.t4.propagations = 21311
h7.search_time = 108
h7.nodes = 364065
h7.propagations = 899400
h8.t10.restarts = 2
h8.t10.nogoods_size = 687
h8.t10.nodes = 19763
h8.t10.propagations = 19763
h8.t3.restarts = 2
h8.t3.nogoods_size = 687
h8.t3.nodes = 21507
h8.t3.propagations = 21507
h8.t8.restarts = 2
h8.t8.nogoods_size = 687
h8.t8.nodes = 20316
h8.t8.propagations = 20316
h8.t2.restarts = 2
h8.t2.nogoods_size = 687
h8.t2.nodes = 21283
h8.t2.propagations = 21283
h8.t0.restarts = 2
h8.t0.nogoods_size = 687
h8.t0.nodes = 10236
h8.t0.propagations = 10236
h8.t13.restarts = 2
h8.t13.nogoods_size = 687
h8.t13.nodes = 20010
h8.t13.propagations = 20010
h8.t14.restarts = 2
h8.t14.nogoods_size = 687
h8.t14.nodes = 20413
h8.t14.propagations = 20413
h8.t5.restarts = 2
h8.t5.nogoods_size = 687
h8.t5.nodes = 20207
h8.t5.propagations = 20207
h8.t9.restarts = 2
h8.t9.nogoods_size = 687
h8.t9.nodes = 20798
h8.t9.propagations = 20798
h8.t7.restarts = 2
h8.t7.nogoods_size = 687
h8.t7.nodes = 20918
h8.t7.propagations = 20918
h8.t1.restarts = 2
h8.t1.nogoods_size = 687
h8.t1.nodes = 22585
h8.t1.propagations = 22585
h8.t16.restarts = 2
h8.t16.nogoods_size = 687
h8.t16.nodes = 22695
h8.t16.propagations = 22695
h8.t4.restarts = 2
h8.t4.nogoods_size = 687
h8.t4.nodes = 21062
h8.t4.propagations = 21062
h8.t15.restarts = 2
h8.t15.nogoods_size = 687
h8.t15.nodes = 19543
h8.t15.propagations = 19543
h8.t11.restarts = 2
h8.t11.nogoods_size = 687
h8.t11.nodes = 20143
h8.t11.propagations = 20143
h8.t6.restarts = 2
h8.t6.nogoods_size = 687
h8.t6.nodes = 20514
h8.t6.propagations = 20514
h8.t12.restarts = 2
h8.t12.nogoods_size = 687
h8.t12.nodes = 20508
h8.t12.propagations = 20508
h8.t17.restarts = 2
h8.t17.nogoods_size = 687
h8.t17.nodes = 10418
h8.t17.propagations = 10418
h8.search_time = 113
h8.nodes = 352919
h8.propagations = 859312
h9.t16.restarts = 2
h9.t16.nogoods_size = 650
h9.t16.nodes = 24696
h9.t16.propagations = 24696
h9.t3.restarts = 2
h9.t3.nogoods_size = 650
h9.t3.nodes = 20721
h9.t3.propagations = 20721
h9.t0.restarts = 2
h9.t0.nogoods_size = 650
h9.t0.nodes = 10587
h9.t0.propagations = 10587
h9.t7.restarts = 2
h9.t7.nogoods_size = 650
h9.t7.nodes = 21503
h9.t7.propagations = 21503
h9.t9.restarts = 2
h9.t9.nogoods_size = 650
h9.t9.nodes = 21077
h9.t9.propagations = 21077
h9.t1.restarts = 2
h9.t1.nogoods_size = 650
h9.t1.nodes = 21545
h9.t1.propagations = 21545
h9.t11.restarts = 2
h9.t11.nogoods_size = 650
h9.t11.nodes = 28867
h9.t11.propagations = 28867
h9.t8.restarts = 2
h9.t8.nogoods_size = 650
h9.t8.nodes = 21333
h9.t8.propagations = 21333
h9.t10.restarts = 2
h9.t10.nogoods_size = 650
h9.t10.nodes = 20530
h9.t10.propagations = 20530
h9.t14.restarts = 2
h9.t14.nogoods_size = 650
h9.t14.nodes = 19855
h9.t14.propagations = 19855
h9.t15.restarts = 2
h9.t15.nogoods_size = 650
h9.t15.nodes = 20628
h9.t15.propagations = 20628
h9.t5.restarts = 2
h9.t5.nogoods_size = 650
h9.t5.nodes = 33769
h9.t5.propagations = 33769
h9.t13.restarts = 2
h9.t13.nogoods_size = 650
h9.t13.nodes = 20678
h9.t13.propagations = 20678
h9.t6.restarts = 2
h9.t6.nogoods_size = 650
h9.t6.nodes = 21417
h9.t6.propagations = 21417
h9.t17.restarts = 2
h9.t17.nogoods_size = 650
h9.t17.nodes = 10440
h9.t17.propagations = 10440
h9.t4.restarts = 2
h9.t4.nogoods_size = 650
h9.t4.nodes = 21121
h9.t4.propagations = 21121
h9.t2.restarts = 2
h9.t2.nogoods_size = 650
h9.t2.nodes = 21646
h9.t2.propagations = 21646
h9.t12.restarts = 2
h9.t12.nogoods_size = 650
h9.t12.nodes = 21773
h9.t12.propagations = 21773
h9.search_time = 113
h9.nodes = 382186
h9.propagations = 932885
