hostname = r1i4n7
commandline = ../glasgow/mpi_solve_subgraph_isomorphism --timeout 1000 --format lad --geometric-restarts=1.0 --restarts-constant=100000 --restart-timer=100 --triggered-restarts --threads 18 --value-ordering=biased ../instances/si/si2_rand_r005_400/si2_r005_m400.02/pattern ../instances/si/si2_rand_r005_400/si2_r005_m400.02/target
started_at = 2018-11-23 15:32:29
pattern_file = ../instances/si/si2_rand_r005_400/si2_r005_m400.02/pattern
target_file = ../instances/si/si2_rand_r005_400/si2_r005_m400.02/target
status = true
nodes = 16215287
propagations = 44497486
mapping = (0 -> 34) (1 -> 4) (2 -> 324) (3 -> 222) (4 -> 277) (5 -> 352) (6 -> 47) (7 -> 123) (8 -> 169) (9 -> 260) (10 -> 42) (11 -> 22) (12 -> 247) (13 -> 307) (14 -> 49) (15 -> 389) (16 -> 256) (17 -> 110) (18 -> 201) (19 -> 75) (20 -> 362) (21 -> 366) (22 -> 40) (23 -> 343) (24 -> 356) (25 -> 233) (26 -> 394) (27 -> 103) (28 -> 259) (29 -> 149) (30 -> 361) (31 -> 36) (32 -> 375) (33 -> 148) (34 -> 326) (35 -> 1) (36 -> 55) (37 -> 188) (38 -> 56) (39 -> 382) (40 -> 62) (41 -> 162) (42 -> 193) (43 -> 288) (44 -> 92) (45 -> 213) (46 -> 140) (47 -> 113) (48 -> 151) (49 -> 291) (50 -> 112) (51 -> 192) (52 -> 63) (53 -> 13) (54 -> 69) (55 -> 273) (56 -> 245) (57 -> 185) (58 -> 117) (59 -> 285) (60 -> 189) (61 -> 212) (62 -> 316) (63 -> 190) (64 -> 248) (65 -> 83) (66 -> 126) (67 -> 220) (68 -> 320) (69 -> 267) (70 -> 286) (71 -> 373) (72 -> 328) (73 -> 58) (74 -> 327) (75 -> 257) (76 -> 380) (77 -> 281) (78 -> 251) (79 -> 206) 
runtime = 1276
h0.t17.restarts = 10
h0.t17.nogoods_size = 35458
h0.t17.nodes = 60907
h0.t17.propagations = 60907
h0.t0.restarts = 10
h0.t0.nogoods_size = 35458
h0.t0.nodes = 51590
h0.t0.propagations = 51590
h0.t13.restarts = 10
h0.t13.nogoods_size = 35458
h0.t13.nodes = 107266
h0.t13.propagations = 107266
h0.t14.restarts = 10
h0.t14.nogoods_size = 35458
h0.t14.nodes = 105208
h0.t14.propagations = 105208
h0.t1.restarts = 10
h0.t1.nogoods_size = 35458
h0.t1.nodes = 106071
h0.t1.propagations = 106071
h0.t8.restarts = 10
h0.t8.nogoods_size = 35458
h0.t8.nodes = 108243
h0.t8.propagations = 108243
h0.t5.restarts = 10
h0.t5.nogoods_size = 35458
h0.t5.nodes = 105784
h0.t5.propagations = 105784
h0.t4.restarts = 10
h0.t4.nogoods_size = 35458
h0.t4.nodes = 106217
h0.t4.propagations = 106217
h0.t16.restarts = 10
h0.t16.nogoods_size = 35458
h0.t16.nodes = 106837
h0.t16.propagations = 106837
h0.t12.restarts = 10
h0.t12.nogoods_size = 35458
h0.t12.nodes = 103972
h0.t12.propagations = 103972
h0.t2.restarts = 10
h0.t2.nogoods_size = 35458
h0.t2.nodes = 108831
h0.t2.propagations = 108831
h0.t9.restarts = 10
h0.t9.nogoods_size = 35458
h0.t9.nodes = 106067
h0.t9.propagations = 106067
h0.t11.restarts = 10
h0.t11.nogoods_size = 35458
h0.t11.nodes = 107678
h0.t11.propagations = 107678
h0.t10.restarts = 10
h0.t10.nogoods_size = 35458
h0.t10.nodes = 105786
h0.t10.propagations = 105786
h0.t6.restarts = 10
h0.t6.nogoods_size = 35458
h0.t6.nodes = 105481
h0.t6.propagations = 105481
h0.t7.restarts = 10
h0.t7.nogoods_size = 35458
h0.t7.nodes = 107619
h0.t7.propagations = 107619
h0.t15.restarts = 10
h0.t15.nogoods_size = 35458
h0.t15.nodes = 107056
h0.t15.propagations = 107056
h0.t3.restarts = 10
h0.t3.nogoods_size = 35458
h0.t3.nodes = 104146
h0.t3.propagations = 104146
h0.search_time = 1154
h0.nodes = 1814759
h0.propagations = 4976285
h1.t13.where = 0/387 -1/-1 2/20 -1/-1 1/4 -1/-1 1/3 -1/-1 2/33 -1/-1 1/2 -1/-1 1/4 -1/-1 1/3 -1/-1 0/3 -1/-1 -1/-1 -1/-1 -1/-1 0/2 -1/-1 -1/-1 -1/-1 -1/-1 -1/-1 -1/-1 -1/-1 -1/-1 -1/-1 -1/-1 -1/-1 -1/-1 -1/-1 -1/-1 -1/-1 -1/-1 -1/-1 -1/-1 -1/-1 -1/-1 -1/-1 -1/-1 -1/-1 -1/-1 -1/-1 -1/-1 -1/-1 -1/-1 -1/-1 -1/-1 -1/-1 -1/-1 -1/-1 -1/-1 -1/-1 -1/-1 -1/-1 -1/-1 -1/-1 -1/-1 -1/-1 -1/-1 -1/-1 -1/-1 -1/-1 -1/-1 -1/-1 -1/-1 -1/-1 -1/-1 -1/-1 -1/-1 -1/-1 -1/-1 -1/-1 -1/-1 -1/-1 -1/-1 -1/-1 -1/-1 -1/-1 -1/-1 -1/-1 -1/-1 -1/-1 -1/-1 0/2 -1/-1 0/5 -1/-1
h1.t13.stop_reason = satisfiable
h1.t13.restarts = 10
h1.t13.nogoods_size = 34861
h1.t13.nodes = 101222
h1.t13.propagations = 101222
h1.t15.stop_reason = aborted
h1.t15.restarts = 10
h1.t15.nogoods_size = 34861
h1.t15.nodes = 100402
h1.t15.propagations = 100402
h1.t7.stop_reason = aborted
h1.t7.restarts = 10
h1.t7.nogoods_size = 34861
h1.t7.nodes = 101183
h1.t7.propagations = 101183
h1.t14.stop_reason = aborted
h1.t14.restarts = 10
h1.t14.nogoods_size = 34861
h1.t14.nodes = 100058
h1.t14.propagations = 100058
h1.t5.stop_reason = aborted
h1.t5.restarts = 10
h1.t5.nogoods_size = 34861
h1.t5.nodes = 98903
h1.t5.propagations = 98903
h1.t1.stop_reason = aborted
h1.t1.restarts = 10
h1.t1.nogoods_size = 34861
h1.t1.nodes = 98367
h1.t1.propagations = 98367
h1.t6.stop_reason = aborted
h1.t6.restarts = 10
h1.t6.nogoods_size = 34861
h1.t6.nodes = 99605
h1.t6.propagations = 99605
h1.t10.stop_reason = aborted
h1.t10.restarts = 10
h1.t10.nogoods_size = 34861
h1.t10.nodes = 98845
h1.t10.propagations = 98845
h1.t12.stop_reason = aborted
h1.t12.restarts = 10
h1.t12.nogoods_size = 34861
h1.t12.nodes = 100181
h1.t12.propagations = 100181
h1.t11.stop_reason = aborted
h1.t11.restarts = 10
h1.t11.nogoods_size = 34861
h1.t11.nodes = 97885
h1.t11.propagations = 97885
h1.t17.stop_reason = aborted
h1.t17.restarts = 10
h1.t17.nogoods_size = 34861
h1.t17.nodes = 55650
h1.t17.propagations = 55650
h1.t3.stop_reason = aborted
h1.t3.restarts = 10
h1.t3.nogoods_size = 34861
h1.t3.nodes = 98610
h1.t3.propagations = 98610
h1.t16.stop_reason = aborted
h1.t16.restarts = 10
h1.t16.nogoods_size = 34861
h1.t16.nodes = 100164
h1.t16.propagations = 100164
h1.t4.stop_reason = aborted
h1.t4.restarts = 10
h1.t4.nogoods_size = 34861
h1.t4.nodes = 100057
h1.t4.propagations = 100057
h1.t8.stop_reason = aborted
h1.t8.restarts = 10
h1.t8.nogoods_size = 34861
h1.t8.nodes = 98294
h1.t8.propagations = 98294
h1.t2.stop_reason = aborted
h1.t2.restarts = 10
h1.t2.nogoods_size = 34861
h1.t2.nodes = 98776
h1.t2.propagations = 98776
h1.t9.stop_reason = aborted
h1.t9.restarts = 10
h1.t9.nogoods_size = 34861
h1.t9.nodes = 100111
h1.t9.propagations = 100111
h1.t0.stop_reason = aborted
h1.t0.restarts = 10
h1.t0.nogoods_size = 34861
h1.t0.nodes = 46880
h1.t0.propagations = 46880
h1.search_time = 1153
h1.nodes = 1695193
h1.propagations = 4650102
h2.t13.where = 0/387 -1/-1 1/20 -1/-1 1/4 -1/-1 1/3 -1/-1 5/33 -1/-1 0/2 -1/-1 2/4 -1/-1 1/3 -1/-1 0/3 -1/-1 -1/-1 -1/-1 -1/-1 0/2 -1/-1 -1/-1 -1/-1 -1/-1 -1/-1 -1/-1 -1/-1 -1/-1 -1/-1 -1/-1 -1/-1 -1/-1 -1/-1 -1/-1 -1/-1 -1/-1 -1/-1 -1/-1 -1/-1 -1/-1 -1/-1 -1/-1 -1/-1 -1/-1 -1/-1 -1/-1 -1/-1 -1/-1 -1/-1 -1/-1 -1/-1 -1/-1 -1/-1 -1/-1 -1/-1 -1/-1 -1/-1 -1/-1 -1/-1 -1/-1 -1/-1 -1/-1 -1/-1 -1/-1 -1/-1 -1/-1 -1/-1 -1/-1 -1/-1 -1/-1 -1/-1 -1/-1 -1/-1 -1/-1 -1/-1 -1/-1 -1/-1 -1/-1 -1/-1 -1/-1 -1/-1 -1/-1 -1/-1 -1/-1 -1/-1 -1/-1 0/2 -1/-1 0/5 -1/-1
h2.t13.stop_reason = satisfiable
h2.t13.restarts = 10
h2.t13.nogoods_size = 34849
h2.t13.nodes = 89465
h2.t13.propagations = 89465
h2.t5.stop_reason = aborted
h2.t5.restarts = 10
h2.t5.nogoods_size = 34849
h2.t5.nodes = 93842
h2.t5.propagations = 93842
h2.t14.stop_reason = aborted
h2.t14.restarts = 10
h2.t14.nogoods_size = 34849
h2.t14.nodes = 90485
h2.t14.propagations = 90485
h2.t6.stop_reason = aborted
h2.t6.restarts = 10
h2.t6.nogoods_size = 34849
h2.t6.nodes = 91375
h2.t6.propagations = 91375
h2.t4.stop_reason = aborted
h2.t4.restarts = 10
h2.t4.nogoods_size = 34849
h2.t4.nodes = 95120
h2.t4.propagations = 95120
h2.t11.stop_reason = aborted
h2.t11.restarts = 10
h2.t11.nogoods_size = 34849
h2.t11.nodes = 88197
h2.t11.propagations = 88197
h2.t10.stop_reason = aborted
h2.t10.restarts = 10
h2.t10.nogoods_size = 34849
h2.t10.nodes = 90508
h2.t10.propagations = 90508
h2.t2.stop_reason = aborted
h2.t2.restarts = 10
h2.t2.nogoods_size = 34849
h2.t2.nodes = 89668
h2.t2.propagations = 89668
h2.t8.stop_reason = aborted
h2.t8.restarts = 10
h2.t8.nogoods_size = 34849
h2.t8.nodes = 95559
h2.t8.propagations = 95559
h2.t16.stop_reason = aborted
h2.t16.restarts = 10
h2.t16.nogoods_size = 34849
h2.t16.nodes = 91665
h2.t16.propagations = 91665
h2.t15.stop_reason = aborted
h2.t15.restarts = 10
h2.t15.nogoods_size = 34849
h2.t15.nodes = 96433
h2.t15.propagations = 96433
h2.t17.stop_reason = aborted
h2.t17.restarts = 10
h2.t17.nogoods_size = 34849
h2.t17.nodes = 54504
h2.t17.propagations = 54504
h2.t7.stop_reason = aborted
h2.t7.restarts = 10
h2.t7.nogoods_size = 34849
h2.t7.nodes = 88223
h2.t7.propagations = 88223
h2.t9.stop_reason = aborted
h2.t9.restarts = 10
h2.t9.nogoods_size = 34849
h2.t9.nodes = 93366
h2.t9.propagations = 93366
h2.t3.stop_reason = aborted
h2.t3.restarts = 10
h2.t3.nogoods_size = 34849
h2.t3.nodes = 92841
h2.t3.propagations = 92841
h2.t12.stop_reason = aborted
h2.t12.restarts = 10
h2.t12.nogoods_size = 34849
h2.t12.nodes = 91219
h2.t12.propagations = 91219
h2.t0.stop_reason = aborted
h2.t0.restarts = 10
h2.t0.nogoods_size = 34849
h2.t0.nodes = 46041
h2.t0.propagations = 46041
h2.t1.stop_reason = aborted
h2.t1.restarts = 10
h2.t1.nogoods_size = 34849
h2.t1.nodes = 93799
h2.t1.propagations = 93799
h2.search_time = 1153
h2.nodes = 1572310
h2.propagations = 4316749
h3.t9.restarts = 10
h3.t9.nogoods_size = 35745
h3.t9.nodes = 97411
h3.t9.propagations = 97411
h3.t17.restarts = 10
h3.t17.nogoods_size = 35745
h3.t17.nodes = 57955
h3.t17.propagations = 57955
h3.t10.restarts = 10
h3.t10.nogoods_size = 35745
h3.t10.nodes = 101191
h3.t10.propagations = 101191
h3.t12.restarts = 10
h3.t12.nogoods_size = 35745
h3.t12.nodes = 97577
h3.t12.propagations = 97577
h3.t8.restarts = 10
h3.t8.nogoods_size = 35745
h3.t8.nodes = 99625
h3.t8.propagations = 99625
h3.t15.restarts = 10
h3.t15.nogoods_size = 35745
h3.t15.nodes = 99189
h3.t15.propagations = 99189
h3.t2.restarts = 10
h3.t2.nogoods_size = 35745
h3.t2.nodes = 95336
h3.t2.propagations = 95336
h3.t11.restarts = 10
h3.t11.nogoods_size = 35745
h3.t11.nodes = 100681
h3.t11.propagations = 100681
h3.t5.restarts = 10
h3.t5.nogoods_size = 35745
h3.t5.nodes = 101813
h3.t5.propagations = 101813
h3.t1.restarts = 10
h3.t1.nogoods_size = 35745
h3.t1.nodes = 101988
h3.t1.propagations = 101988
h3.t14.restarts = 10
h3.t14.nogoods_size = 35745
h3.t14.nodes = 100119
h3.t14.propagations = 100119
h3.t13.restarts = 10
h3.t13.nogoods_size = 35745
h3.t13.nodes = 100193
h3.t13.propagations = 100193
h3.t6.restarts = 10
h3.t6.nogoods_size = 35745
h3.t6.nodes = 101132
h3.t6.propagations = 101132
h3.t3.restarts = 10
h3.t3.nogoods_size = 35745
h3.t3.nodes = 97162
h3.t3.propagations = 97162
h3.t16.restarts = 10
h3.t16.nogoods_size = 35745
h3.t16.nodes = 105196
h3.t16.propagations = 105196
h3.t7.restarts = 10
h3.t7.nogoods_size = 35745
h3.t7.nodes = 98328
h3.t7.propagations = 98328
h3.t0.restarts = 10
h3.t0.nogoods_size = 35745
h3.t0.nodes = 49130
h3.t0.propagations = 49130
h3.t4.restarts = 10
h3.t4.nogoods_size = 35745
h3.t4.nodes = 100482
h3.t4.propagations = 100482
h3.search_time = 1150
h3.nodes = 1704508
h3.propagations = 4673706
h4.t14.where = 0/387 -1/-1 0/20 -1/-1 0/4 -1/-1 1/3 -1/-1 5/33 -1/-1 1/2 -1/-1 1/4 -1/-1 1/3 -1/-1 0/3 -1/-1 -1/-1 -1/-1 -1/-1 0/2 -1/-1 -1/-1 -1/-1 -1/-1 -1/-1 -1/-1 -1/-1 -1/-1 -1/-1 -1/-1 -1/-1 -1/-1 -1/-1 -1/-1 -1/-1 -1/-1 -1/-1 -1/-1 -1/-1 -1/-1 -1/-1 -1/-1 -1/-1 -1/-1 -1/-1 -1/-1 -1/-1 -1/-1 -1/-1 -1/-1 -1/-1 -1/-1 -1/-1 -1/-1 -1/-1 -1/-1 -1/-1 -1/-1 -1/-1 -1/-1 -1/-1 -1/-1 -1/-1 -1/-1 -1/-1 -1/-1 -1/-1 -1/-1 -1/-1 -1/-1 -1/-1 -1/-1 -1/-1 -1/-1 -1/-1 -1/-1 -1/-1 -1/-1 -1/-1 -1/-1 -1/-1 -1/-1 -1/-1 -1/-1 -1/-1 -1/-1 0/2 -1/-1 0/5 -1/-1
h4.t14.stop_reason = satisfiable
h4.t14.restarts = 10
h4.t14.nogoods_size = 34712
h4.t14.nodes = 82948
h4.t14.propagations = 82948
h4.t9.stop_reason = aborted
h4.t9.restarts = 10
h4.t9.nogoods_size = 34712
h4.t9.nodes = 83811
h4.t9.propagations = 83811
h4.t13.stop_reason = aborted
h4.t13.restarts = 10
h4.t13.nogoods_size = 34712
h4.t13.nodes = 85841
h4.t13.propagations = 85841
h4.t8.stop_reason = aborted
h4.t8.restarts = 10
h4.t8.nogoods_size = 34712
h4.t8.nodes = 85266
h4.t8.propagations = 85266
h4.t7.stop_reason = aborted
h4.t7.restarts = 10
h4.t7.nogoods_size = 34712
h4.t7.nodes = 82634
h4.t7.propagations = 82634
h4.t5.stop_reason = aborted
h4.t5.restarts = 10
h4.t5.nogoods_size = 34712
h4.t5.nodes = 88018
h4.t5.propagations = 88018
h4.t3.stop_reason = aborted
h4.t3.restarts = 10
h4.t3.nogoods_size = 34712
h4.t3.nodes = 83976
h4.t3.propagations = 83976
h4.t11.stop_reason = aborted
h4.t11.restarts = 10
h4.t11.nogoods_size = 34712
h4.t11.nodes = 82396
h4.t11.propagations = 82396
h4.t6.stop_reason = aborted
h4.t6.restarts = 10
h4.t6.nogoods_size = 34712
h4.t6.nodes = 81643
h4.t6.propagations = 81643
h4.t16.stop_reason = aborted
h4.t16.restarts = 10
h4.t16.nogoods_size = 34712
h4.t16.nodes = 89235
h4.t16.propagations = 89235
h4.t17.stop_reason = aborted
h4.t17.restarts = 10
h4.t17.nogoods_size = 34712
h4.t17.nodes = 51670
h4.t17.propagations = 51670
h4.t4.stop_reason = aborted
h4.t4.restarts = 10
h4.t4.nogoods_size = 34712
h4.t4.nodes = 86105
h4.t4.propagations = 86105
h4.t2.stop_reason = aborted
h4.t2.restarts = 10
h4.t2.nogoods_size = 34712
h4.t2.nodes = 83264
h4.t2.propagations = 83264
h4.t1.stop_reason = aborted
h4.t1.restarts = 10
h4.t1.nogoods_size = 34712
h4.t1.nodes = 85155
h4.t1.propagations = 85155
h4.t15.stop_reason = aborted
h4.t15.restarts = 10
h4.t15.nogoods_size = 34712
h4.t15.nodes = 80767
h4.t15.propagations = 80767
h4.t10.stop_reason = aborted
h4.t10.restarts = 10
h4.t10.nogoods_size = 34712
h4.t10.nodes = 84868
h4.t10.propagations = 84868
h4.t0.stop_reason = aborted
h4.t0.restarts = 10
h4.t0.nogoods_size = 34712
h4.t0.nodes = 43546
h4.t0.propagations = 43546
h4.t12.stop_reason = aborted
h4.t12.restarts = 10
h4.t12.nogoods_size = 34712
h4.t12.nodes = 84553
h4.t12.propagations = 84553
h4.search_time = 1154
h4.nodes = 1445696
h4.propagations = 3966706
h5.t15.restarts = 10
h5.t15.nogoods_size = 35443
h5.t15.nodes = 92027
h5.t15.propagations = 92027
h5.t12.restarts = 10
h5.t12.nogoods_size = 35443
h5.t12.nodes = 87214
h5.t12.propagations = 87214
h5.t2.restarts = 10
h5.t2.nogoods_size = 35443
h5.t2.nodes = 79173
h5.t2.propagations = 79173
h5.t3.restarts = 10
h5.t3.nogoods_size = 35443
h5.t3.nodes = 92120
h5.t3.propagations = 92120
h5.t4.restarts = 10
h5.t4.nogoods_size = 35443
h5.t4.nodes = 90528
h5.t4.propagations = 90528
h5.t6.restarts = 10
h5.t6.nogoods_size = 35443
h5.t6.nodes = 89005
h5.t6.propagations = 89005
h5.t9.restarts = 10
h5.t9.nogoods_size = 35443
h5.t9.nodes = 90049
h5.t9.propagations = 90049
h5.t17.restarts = 10
h5.t17.nogoods_size = 35443
h5.t17.nodes = 56478
h5.t17.propagations = 56478
h5.t13.restarts = 10
h5.t13.nogoods_size = 35443
h5.t13.nodes = 95620
h5.t13.propagations = 95620
h5.t1.restarts = 10
h5.t1.nogoods_size = 35443
h5.t1.nodes = 86165
h5.t1.propagations = 86165
h5.t8.restarts = 10
h5.t8.nogoods_size = 35443
h5.t8.nodes = 87449
h5.t8.propagations = 87449
h5.t16.restarts = 10
h5.t16.nogoods_size = 35443
h5.t16.nodes = 90594
h5.t16.propagations = 90594
h5.t5.restarts = 10
h5.t5.nogoods_size = 35443
h5.t5.nodes = 84013
h5.t5.propagations = 84013
h5.t14.restarts = 10
h5.t14.nogoods_size = 35443
h5.t14.nodes = 88266
h5.t14.propagations = 88266
h5.t10.restarts = 10
h5.t10.nogoods_size = 35443
h5.t10.nodes = 86771
h5.t10.propagations = 86771
h5.t11.restarts = 10
h5.t11.nogoods_size = 35443
h5.t11.nodes = 91879
h5.t11.propagations = 91879
h5.t7.restarts = 10
h5.t7.nogoods_size = 35443
h5.t7.nodes = 88623
h5.t7.propagations = 88623
h5.t0.restarts = 10
h5.t0.nogoods_size = 35443
h5.t0.nodes = 48434
h5.t0.propagations = 48434
h5.search_time = 1144
h5.nodes = 1524408
h5.propagations = 4191126
h6.t8.restarts = 10
h6.t8.nogoods_size = 35454
h6.t8.nodes = 86359
h6.t8.propagations = 86359
h6.t14.restarts = 10
h6.t14.nogoods_size = 35454
h6.t14.nodes = 91826
h6.t14.propagations = 91826
h6.t6.restarts = 10
h6.t6.nogoods_size = 35454
h6.t6.nodes = 99080
h6.t6.propagations = 99080
h6.t5.restarts = 10
h6.t5.nogoods_size = 35454
h6.t5.nodes = 88714
h6.t5.propagations = 88714
h6.t10.restarts = 10
h6.t10.nogoods_size = 35454
h6.t10.nodes = 96658
h6.t10.propagations = 96658
h6.t1.restarts = 10
h6.t1.nogoods_size = 35454
h6.t1.nodes = 94353
h6.t1.propagations = 94353
h6.t7.restarts = 10
h6.t7.nogoods_size = 35454
h6.t7.nodes = 89358
h6.t7.propagations = 89358
h6.t13.restarts = 10
h6.t13.nogoods_size = 35454
h6.t13.nodes = 88771
h6.t13.propagations = 88771
h6.t3.restarts = 10
h6.t3.nogoods_size = 35454
h6.t3.nodes = 90960
h6.t3.propagations = 90960
h6.t12.restarts = 10
h6.t12.nogoods_size = 35454
h6.t12.nodes = 89542
h6.t12.propagations = 89542
h6.t4.restarts = 10
h6.t4.nogoods_size = 35454
h6.t4.nodes = 92112
h6.t4.propagations = 92112
h6.t15.restarts = 10
h6.t15.nogoods_size = 35454
h6.t15.nodes = 96463
h6.t15.propagations = 96463
h6.t17.restarts = 10
h6.t17.nogoods_size = 35454
h6.t17.nodes = 57758
h6.t17.propagations = 57758
h6.t2.restarts = 10
h6.t2.nogoods_size = 35454
h6.t2.nodes = 89247
h6.t2.propagations = 89247
h6.t11.restarts = 10
h6.t11.nogoods_size = 35454
h6.t11.nodes = 92464
h6.t11.propagations = 92464
h6.t16.restarts = 10
h6.t16.nogoods_size = 35454
h6.t16.nodes = 96674
h6.t16.propagations = 96674
h6.t9.restarts = 10
h6.t9.nogoods_size = 35454
h6.t9.nodes = 98177
h6.t9.propagations = 98177
h6.t0.restarts = 10
h6.t0.nogoods_size = 35454
h6.t0.nodes = 47755
h6.t0.propagations = 47755
h6.search_time = 1154
h6.nodes = 1586271
h6.propagations = 4354640
h7.t9.restarts = 10
h7.t9.nogoods_size = 35565
h7.t9.nodes = 96802
h7.t9.propagations = 96802
h7.t6.restarts = 10
h7.t6.nogoods_size = 35565
h7.t6.nodes = 103541
h7.t6.propagations = 103541
h7.t2.restarts = 10
h7.t2.nogoods_size = 35565
h7.t2.nodes = 98778
h7.t2.propagations = 98778
h7.t3.restarts = 10
h7.t3.nogoods_size = 35565
h7.t3.nodes = 96888
h7.t3.propagations = 96888
h7.t7.restarts = 10
h7.t7.nogoods_size = 35565
h7.t7.nodes = 99522
h7.t7.propagations = 99522
h7.t5.restarts = 10
h7.t5.nogoods_size = 35565
h7.t5.nodes = 97895
h7.t5.propagations = 97895
h7.t14.restarts = 10
h7.t14.nogoods_size = 35565
h7.t14.nodes = 101465
h7.t14.propagations = 101465
h7.t12.restarts = 10
h7.t12.nogoods_size = 35565
h7.t12.nodes = 99252
h7.t12.propagations = 99252
h7.t11.restarts = 10
h7.t11.nogoods_size = 35565
h7.t11.nodes = 95382
h7.t11.propagations = 95382
h7.t8.restarts = 10
h7.t8.nogoods_size = 35565
h7.t8.nodes = 100865
h7.t8.propagations = 100865
h7.t1.restarts = 10
h7.t1.nogoods_size = 35565
h7.t1.nodes = 99576
h7.t1.propagations = 99576
h7.t15.restarts = 10
h7.t15.nogoods_size = 35565
h7.t15.nodes = 97906
h7.t15.propagations = 97906
h7.t10.restarts = 10
h7.t10.nogoods_size = 35565
h7.t10.nodes = 101090
h7.t10.propagations = 101090
h7.t16.restarts = 10
h7.t16.nogoods_size = 35565
h7.t16.nodes = 100804
h7.t16.propagations = 100804
h7.t17.restarts = 10
h7.t17.nogoods_size = 35565
h7.t17.nodes = 57233
h7.t17.propagations = 57233
h7.t4.restarts = 10
h7.t4.nogoods_size = 35565
h7.t4.nodes = 94423
h7.t4.propagations = 94423
h7.t0.restarts = 10
h7.t0.nogoods_size = 35565
h7.t0.nodes = 49890
h7.t0.propagations = 49890
h7.t13.restarts = 10
h7.t13.nogoods_size = 35565
h7.t13.nodes = 97535
h7.t13.propagations = 97535
h7.search_time = 1144
h7.nodes = 1688847
h7.propagations = 4629646
h8.t2.restarts = 10
h8.t2.nogoods_size = 35600
h8.t2.nodes = 93237
h8.t2.propagations = 93237
h8.t7.restarts = 10
h8.t7.nogoods_size = 35600
h8.t7.nodes = 96656
h8.t7.propagations = 96656
h8.t9.restarts = 10
h8.t9.nogoods_size = 35600
h8.t9.nodes = 95065
h8.t9.propagations = 95065
h8.t14.restarts = 10
h8.t14.nogoods_size = 35600
h8.t14.nodes = 97816
h8.t14.propagations = 97816
h8.t6.restarts = 10
h8.t6.nogoods_size = 35600
h8.t6.nodes = 92861
h8.t6.propagations = 92861
h8.t16.restarts = 10
h8.t16.nogoods_size = 35600
h8.t16.nodes = 92173
h8.t16.propagations = 92173
h8.t1.restarts = 10
h8.t1.nogoods_size = 35600
h8.t1.nodes = 91119
h8.t1.propagations = 91119
h8.t17.restarts = 10
h8.t17.nogoods_size = 35600
h8.t17.nodes = 57430
h8.t17.propagations = 57430
h8.t13.restarts = 10
h8.t13.nogoods_size = 35600
h8.t13.nodes = 100304
h8.t13.propagations = 100304
h8.t8.restarts = 10
h8.t8.nogoods_size = 35600
h8.t8.nodes = 90887
h8.t8.propagations = 90887
h8.t4.restarts = 10
h8.t4.nogoods_size = 35600
h8.t4.nodes = 90653
h8.t4.propagations = 90653
h8.t5.restarts = 10
h8.t5.nogoods_size = 35600
h8.t5.nodes = 93605
h8.t5.propagations = 93605
h8.t15.restarts = 10
h8.t15.nogoods_size = 35600
h8.t15.nodes = 101021
h8.t15.propagations = 101021
h8.t10.restarts = 10
h8.t10.nogoods_size = 35600
h8.t10.nodes = 95808
h8.t10.propagations = 95808
h8.t12.restarts = 10
h8.t12.nogoods_size = 35600
h8.t12.nodes = 90579
h8.t12.propagations = 90579
h8.t11.restarts = 10
h8.t11.nogoods_size = 35600
h8.t11.nodes = 94432
h8.t11.propagations = 94432
h8.t3.restarts = 10
h8.t3.nogoods_size = 35600
h8.t3.nodes = 88966
h8.t3.propagations = 88966
h8.t0.restarts = 10
h8.t0.nogoods_size = 35600
h8.t0.nodes = 48988
h8.t0.propagations = 48988
h8.search_time = 1155
h8.nodes = 1611600
h8.propagations = 4422899
h9.t10.restarts = 10
h9.t10.nogoods_size = 35628
h9.t10.nodes = 88278
h9.t10.propagations = 88278
h9.t2.restarts = 10
h9.t2.nogoods_size = 35628
h9.t2.nodes = 91313
h9.t2.propagations = 91313
h9.t9.restarts = 10
h9.t9.nogoods_size = 35628
h9.t9.nodes = 95413
h9.t9.propagations = 95413
h9.t16.restarts = 10
h9.t16.nogoods_size = 35628
h9.t16.nodes = 95659
h9.t16.propagations = 95659
h9.t3.restarts = 10
h9.t3.nogoods_size = 35628
h9.t3.nodes = 93089
h9.t3.propagations = 93089
h9.t14.restarts = 10
h9.t14.nogoods_size = 35628
h9.t14.nodes = 92841
h9.t14.propagations = 92841
h9.t5.restarts = 10
h9.t5.nogoods_size = 35628
h9.t5.nodes = 89325
h9.t5.propagations = 89325
h9.t4.restarts = 10
h9.t4.nogoods_size = 35628
h9.t4.nodes = 86036
h9.t4.propagations = 86036
h9.t6.restarts = 10
h9.t6.nogoods_size = 35628
h9.t6.nodes = 97824
h9.t6.propagations = 97824
h9.t8.restarts = 10
h9.t8.nogoods_size = 35628
h9.t8.nodes = 90354
h9.t8.propagations = 90354
h9.t7.restarts = 10
h9.t7.nogoods_size = 35628
h9.t7.nodes = 92003
h9.t7.propagations = 92003
h9.t17.restarts = 10
h9.t17.nogoods_size = 35628
h9.t17.nodes = 57850
h9.t17.propagations = 57850
h9.t15.restarts = 10
h9.t15.nogoods_size = 35628
h9.t15.nodes = 93419
h9.t15.propagations = 93419
h9.t11.restarts = 10
h9.t11.nogoods_size = 35628
h9.t11.nodes = 96165
h9.t11.propagations = 96165
h9.t12.restarts = 10
h9.t12.nogoods_size = 35628
h9.t12.nodes = 91855
h9.t12.propagations = 91855
h9.t0.restarts = 10
h9.t0.nogoods_size = 35628
h9.t0.nodes = 47774
h9.t0.propagations = 47774
h9.t1.restarts = 10
h9.t1.nogoods_size = 35628
h9.t1.nodes = 81343
h9.t1.propagations = 81343
h9.t13.restarts = 10
h9.t13.nogoods_size = 35628
h9.t13.nodes = 91154
h9.t13.propagations = 91154
h9.search_time = 1148
h9.nodes = 1571695
h9.propagations = 4315627
