hostname = r1i0n1
commandline = ../glasgow/solve_subgraph_isomorphism --value-ordering=biased --geometric-restarts=1.0 --restarts-constant=5400 --threads=36 --timeout 1000 --format lad ../instances/LV/g10 ../instances/LV/g47
started_at = 2018-11-19 06:19:51
pattern_file = ../instances/LV/g10
target_file = ../instances/LV/g47
status = true
nodes = 157339
propagations = 387237
mapping = (0 -> 3) (1 -> 65) (2 -> 45) (3 -> 105) (4 -> 50) (5 -> 80) (6 -> 28) (7 -> 39) (8 -> 60) (9 -> 73) (10 -> 30) (11 -> 51) (12 -> 8) (13 -> 57) (14 -> 13) (15 -> 47) (16 -> 20) (17 -> 97) (18 -> 122) (19 -> 54) (20 -> 24) (21 -> 18) (22 -> 88) (23 -> 95) (24 -> 103) (25 -> 5) (26 -> 2) (27 -> 89) (28 -> 99) (29 -> 66) (30 -> 38) (31 -> 22) (32 -> 77) (33 -> 32) (34 -> 117) (35 -> 26) (36 -> 111) (37 -> 68) (38 -> 72) (39 -> 46) (40 -> 121) 
runtime = 38
t32.where = 0/125 -1/-1 0/20 -1/-1 -1/-1 -1/-1 -1/-1 0/2 -1/-1 0/3 -1/-1 -1/-1 1/13 -1/-1 -1/-1 0/4 -1/-1 4/7 -1/-1 1/2 -1/-1 -1/-1 -1/-1 -1/-1 -1/-1 -1/-1 -1/-1 0/2 -1/-1 -1/-1 0/2 -1/-1 -1/-1 -1/-1 -1/-1 -1/-1 0/2 -1/-1 0/2 -1/-1 0/2 -1/-1 0/2 -1/-1 -1/-1 -1/-1 0/2 -1/-1 -1/-1 -1/-1 -1/-1 0/2 -1/-1 0/3 -1/-1 0/4 -1/-1 0/2 -1/-1 0/14 -1/-1
t32.stop_reason = satisfiable
t32.restarts = 3
t32.nogoods_size = 478
t32.nodes = 4311
t32.propagations = 4311
t31.stop_reason = aborted
t31.restarts = 3
t31.nogoods_size = 478
t31.nodes = 3789
t31.propagations = 3789
t26.stop_reason = aborted
t26.restarts = 3
t26.nogoods_size = 478
t26.nodes = 2510
t26.propagations = 2510
t6.stop_reason = aborted
t6.restarts = 3
t6.nogoods_size = 478
t6.nodes = 4482
t6.propagations = 4482
t20.stop_reason = aborted
t20.restarts = 3
t20.nogoods_size = 478
t20.nodes = 4002
t20.propagations = 4002
t0.stop_reason = aborted
t0.restarts = 3
t0.nogoods_size = 478
t0.nodes = 5039
t0.propagations = 5039
t9.stop_reason = aborted
t9.restarts = 3
t9.nogoods_size = 478
t9.nodes = 4647
t9.propagations = 4647
t25.stop_reason = aborted
t25.restarts = 3
t25.nogoods_size = 478
t25.nodes = 4303
t25.propagations = 4303
t21.stop_reason = aborted
t21.restarts = 3
t21.nogoods_size = 478
t21.nodes = 4587
t21.propagations = 4587
t34.stop_reason = aborted
t34.restarts = 3
t34.nogoods_size = 478
t34.nodes = 3961
t34.propagations = 3961
t10.stop_reason = aborted
t10.restarts = 3
t10.nogoods_size = 478
t10.nodes = 4779
t10.propagations = 4779
t5.stop_reason = aborted
t5.restarts = 3
t5.nogoods_size = 478
t5.nodes = 4876
t5.propagations = 4876
t1.stop_reason = aborted
t1.restarts = 3
t1.nogoods_size = 478
t1.nodes = 4733
t1.propagations = 4733
t33.stop_reason = aborted
t33.restarts = 3
t33.nogoods_size = 478
t33.nodes = 8615
t33.propagations = 8615
t2.stop_reason = aborted
t2.restarts = 3
t2.nogoods_size = 478
t2.nodes = 5163
t2.propagations = 5163
t29.stop_reason = aborted
t29.restarts = 3
t29.nogoods_size = 478
t29.nodes = 2471
t29.propagations = 2471
t8.stop_reason = aborted
t8.restarts = 3
t8.nogoods_size = 478
t8.nodes = 4553
t8.propagations = 4553
t19.stop_reason = aborted
t19.restarts = 3
t19.nogoods_size = 478
t19.nodes = 4290
t19.propagations = 4290
t11.stop_reason = aborted
t11.restarts = 3
t11.nogoods_size = 478
t11.nodes = 4879
t11.propagations = 4879
t22.stop_reason = aborted
t22.restarts = 3
t22.nogoods_size = 478
t22.nodes = 4111
t22.propagations = 4111
t30.stop_reason = aborted
t30.restarts = 3
t30.nogoods_size = 478
t30.nodes = 4387
t30.propagations = 4387
t17.stop_reason = aborted
t17.restarts = 3
t17.nogoods_size = 478
t17.nodes = 4393
t17.propagations = 4393
t27.stop_reason = aborted
t27.restarts = 3
t27.nogoods_size = 478
t27.nodes = 4230
t27.propagations = 4230
t14.stop_reason = aborted
t14.restarts = 3
t14.nogoods_size = 478
t14.nodes = 2663
t14.propagations = 2663
t24.stop_reason = aborted
t24.restarts = 3
t24.nogoods_size = 478
t24.nodes = 3803
t24.propagations = 3803
t18.stop_reason = aborted
t18.restarts = 3
t18.nogoods_size = 478
t18.nodes = 2605
t18.propagations = 2605
t28.stop_reason = aborted
t28.restarts = 3
t28.nogoods_size = 478
t28.nodes = 3860
t28.propagations = 3860
t7.stop_reason = aborted
t7.restarts = 3
t7.nogoods_size = 478
t7.nodes = 4846
t7.propagations = 4846
t35.stop_reason = aborted
t35.restarts = 3
t35.nogoods_size = 478
t35.nodes = 4232
t35.propagations = 4232
t13.stop_reason = aborted
t13.restarts = 3
t13.nogoods_size = 478
t13.nodes = 4750
t13.propagations = 4750
t12.stop_reason = aborted
t12.restarts = 3
t12.nogoods_size = 478
t12.nodes = 4438
t12.propagations = 4438
t3.stop_reason = aborted
t3.restarts = 3
t3.nogoods_size = 478
t3.nodes = 5426
t3.propagations = 5426
t15.stop_reason = aborted
t15.restarts = 3
t15.nogoods_size = 478
t15.nodes = 2454
t15.propagations = 2454
t16.stop_reason = aborted
t16.restarts = 3
t16.nogoods_size = 478
t16.nodes = 2718
t16.propagations = 2718
t23.stop_reason = aborted
t23.restarts = 3
t23.nogoods_size = 478
t23.nodes = 4118
t23.propagations = 4118
t4.stop_reason = aborted
t4.restarts = 3
t4.nogoods_size = 478
t4.nodes = 8315
t4.propagations = 8315
search_time = 31
