hostname = r1i4n2
commandline = ../glasgow/solve_subgraph_isomorphism --value-ordering=biased --geometric-restarts=1.0 --restarts-constant=5400 --threads=36 --timeout 1000 --format lad ../instances/LV/g15 ../instances/LV/g27
started_at = 2018-11-19 06:18:38
pattern_file = ../instances/LV/g15
target_file = ../instances/LV/g27
status = false
nodes = 8670
propagations = 26195
runtime = 8
t23.stop_reason = aborted
t23.restarts = 2
t23.nogoods_size = 36
t23.nodes = 349
t23.propagations = 349
t34.stop_reason = aborted
t34.restarts = 2
t34.nogoods_size = 36
t34.nodes = 11
t34.propagations = 11
t29.stop_reason = aborted
t29.restarts = 2
t29.nogoods_size = 36
t29.nodes = 163
t29.propagations = 163
t10.stop_reason = aborted
t10.restarts = 2
t10.nogoods_size = 36
t10.nodes = 313
t10.propagations = 313
t20.stop_reason = aborted
t20.restarts = 2
t20.nogoods_size = 36
t20.nodes = 180
t20.propagations = 180
t2.stop_reason = unsatisfiable
t2.restarts = 2
t2.nogoods_size = 36
t2.nodes = 667
t2.propagations = 667
t22.stop_reason = aborted
t22.restarts = 2
t22.nogoods_size = 36
t22.nodes = 92
t22.propagations = 92
t26.stop_reason = aborted
t26.restarts = 2
t26.nogoods_size = 36
t26.nodes = 108
t26.propagations = 108
t21.stop_reason = aborted
t21.restarts = 2
t21.nogoods_size = 36
t21.nodes = 190
t21.propagations = 190
t14.stop_reason = aborted
t14.restarts = 2
t14.nogoods_size = 36
t14.nodes = 253
t14.propagations = 253
t4.stop_reason = aborted
t4.restarts = 2
t4.nogoods_size = 36
t4.nodes = 449
t4.propagations = 449
t12.stop_reason = aborted
t12.restarts = 2
t12.nogoods_size = 36
t12.nodes = 293
t12.propagations = 293
t5.stop_reason = aborted
t5.restarts = 2
t5.nogoods_size = 36
t5.nodes = 380
t5.propagations = 380
t24.stop_reason = aborted
t24.restarts = 2
t24.nogoods_size = 36
t24.nodes = 150
t24.propagations = 150
t32.stop_reason = aborted
t32.restarts = 2
t32.nogoods_size = 36
t32.nodes = 26
t32.propagations = 26
t35.stop_reason = aborted
t35.restarts = 2
t35.nogoods_size = 36
t35.nodes = 8
t35.propagations = 8
t30.stop_reason = aborted
t30.restarts = 2
t30.nogoods_size = 36
t30.nodes = 64
t30.propagations = 64
t28.stop_reason = aborted
t28.restarts = 2
t28.nogoods_size = 36
t28.nodes = 97
t28.propagations = 97
t18.stop_reason = aborted
t18.restarts = 2
t18.nogoods_size = 36
t18.nodes = 202
t18.propagations = 202
t6.stop_reason = aborted
t6.restarts = 2
t6.nogoods_size = 36
t6.nodes = 327
t6.propagations = 327
t0.stop_reason = aborted
t0.restarts = 2
t0.nogoods_size = 36
t0.nodes = 460
t0.propagations = 460
t15.stop_reason = aborted
t15.restarts = 2
t15.nogoods_size = 36
t15.nodes = 251
t15.propagations = 251
t19.stop_reason = aborted
t19.restarts = 2
t19.nogoods_size = 36
t19.nodes = 246
t19.propagations = 246
t9.stop_reason = aborted
t9.restarts = 2
t9.nogoods_size = 36
t9.nodes = 315
t9.propagations = 315
t3.stop_reason = aborted
t3.restarts = 2
t3.nogoods_size = 36
t3.nodes = 377
t3.propagations = 377
t1.stop_reason = aborted
t1.restarts = 2
t1.nogoods_size = 36
t1.nodes = 426
t1.propagations = 426
t13.stop_reason = aborted
t13.restarts = 2
t13.nogoods_size = 36
t13.nodes = 278
t13.propagations = 278
t17.stop_reason = aborted
t17.restarts = 2
t17.nogoods_size = 36
t17.nodes = 248
t17.propagations = 248
t27.stop_reason = aborted
t27.restarts = 2
t27.nogoods_size = 36
t27.nodes = 108
t27.propagations = 108
t7.stop_reason = aborted
t7.restarts = 2
t7.nogoods_size = 36
t7.nodes = 282
t7.propagations = 282
t33.stop_reason = aborted
t33.restarts = 2
t33.nogoods_size = 36
t33.nodes = 12
t33.propagations = 12
t25.stop_reason = aborted
t25.restarts = 2
t25.nogoods_size = 36
t25.nodes = 129
t25.propagations = 129
t31.stop_reason = aborted
t31.restarts = 2
t31.nogoods_size = 36
t31.nodes = 42
t31.propagations = 42
t8.stop_reason = aborted
t8.restarts = 2
t8.nogoods_size = 36
t8.nodes = 331
t8.propagations = 331
t16.stop_reason = aborted
t16.restarts = 2
t16.nogoods_size = 36
t16.nodes = 250
t16.propagations = 250
t11.stop_reason = aborted
t11.restarts = 2
t11.nogoods_size = 36
t11.nodes = 593
t11.propagations = 593
search_time = 6
