hostname = r1i1n29
commandline = ../glasgow/solve_subgraph_isomorphism --value-ordering=biased --geometric-restarts=1.0 --restarts-constant=5400 --threads=36 --timeout 1000 --format lad ../instances/LV/g18 ../instances/largerGraphs/g69
started_at = 2018-11-19 06:24:04
pattern_file = ../instances/LV/g18
target_file = ../instances/largerGraphs/g69
status = false
nodes = 130138
propagations = 348790
runtime = 110
t30.stop_reason = unsatisfiable
t30.restarts = 3
t30.nogoods_size = 3813
t30.nodes = 5500
t30.propagations = 5500
t32.stop_reason = aborted
t32.restarts = 3
t32.nogoods_size = 3813
t32.nodes = 5461
t32.propagations = 5461
t23.stop_reason = aborted
t23.restarts = 3
t23.nogoods_size = 3813
t23.nodes = 3140
t23.propagations = 3140
t34.stop_reason = aborted
t34.restarts = 3
t34.nogoods_size = 3813
t34.nodes = 5550
t34.propagations = 5550
t8.stop_reason = aborted
t8.restarts = 3
t8.nogoods_size = 3813
t8.nodes = 5667
t8.propagations = 5667
t19.stop_reason = aborted
t19.restarts = 3
t19.nogoods_size = 3813
t19.nodes = 3750
t19.propagations = 3750
t20.stop_reason = aborted
t20.restarts = 3
t20.nogoods_size = 3813
t20.nodes = 1796
t20.propagations = 1796
t10.stop_reason = aborted
t10.restarts = 3
t10.nogoods_size = 3813
t10.nodes = 3111
t10.propagations = 3111
t11.stop_reason = aborted
t11.restarts = 3
t11.nogoods_size = 3813
t11.nodes = 4321
t11.propagations = 4321
t27.stop_reason = aborted
t27.restarts = 3
t27.nogoods_size = 3813
t27.nodes = 1786
t27.propagations = 1786
t15.stop_reason = aborted
t15.restarts = 3
t15.nogoods_size = 3813
t15.nodes = 3170
t15.propagations = 3170
t16.stop_reason = aborted
t16.restarts = 3
t16.nogoods_size = 3813
t16.nodes = 5688
t16.propagations = 5688
t14.stop_reason = aborted
t14.restarts = 3
t14.nogoods_size = 3813
t14.nodes = 3096
t14.propagations = 3096
t7.stop_reason = aborted
t7.restarts = 3
t7.nogoods_size = 3813
t7.nodes = 3356
t7.propagations = 3356
t0.stop_reason = aborted
t0.restarts = 3
t0.nogoods_size = 3813
t0.nodes = 3183
t0.propagations = 3183
t24.stop_reason = aborted
t24.restarts = 3
t24.nogoods_size = 3813
t24.nodes = 5554
t24.propagations = 5554
t13.stop_reason = aborted
t13.restarts = 3
t13.nogoods_size = 3813
t13.nodes = 3095
t13.propagations = 3095
t2.stop_reason = aborted
t2.restarts = 3
t2.nogoods_size = 3813
t2.nodes = 5643
t2.propagations = 5643
t22.stop_reason = aborted
t22.restarts = 3
t22.nogoods_size = 3813
t22.nodes = 3168
t22.propagations = 3168
t6.stop_reason = aborted
t6.restarts = 3
t6.nogoods_size = 3813
t6.nodes = 4338
t6.propagations = 4338
t28.stop_reason = aborted
t28.restarts = 3
t28.nogoods_size = 3813
t28.nodes = 3052
t28.propagations = 3052
t5.stop_reason = aborted
t5.restarts = 3
t5.nogoods_size = 3813
t5.nodes = 5501
t5.propagations = 5501
t33.stop_reason = aborted
t33.restarts = 3
t33.nogoods_size = 3813
t33.nodes = 2897
t33.propagations = 2897
t9.stop_reason = aborted
t9.restarts = 3
t9.nogoods_size = 3813
t9.nodes = 3169
t9.propagations = 3169
t18.stop_reason = aborted
t18.restarts = 3
t18.nogoods_size = 3813
t18.nodes = 1815
t18.propagations = 1815
t31.stop_reason = aborted
t31.restarts = 3
t31.nogoods_size = 3813
t31.nodes = 1827
t31.propagations = 1827
t17.stop_reason = aborted
t17.restarts = 3
t17.nogoods_size = 3813
t17.nodes = 5604
t17.propagations = 5604
t1.stop_reason = aborted
t1.restarts = 3
t1.nogoods_size = 3813
t1.nodes = 3426
t1.propagations = 3426
t4.stop_reason = aborted
t4.restarts = 3
t4.nogoods_size = 3813
t4.nodes = 3186
t4.propagations = 3186
t26.stop_reason = aborted
t26.restarts = 3
t26.nogoods_size = 3813
t26.nodes = 1719
t26.propagations = 1719
t21.stop_reason = aborted
t21.restarts = 3
t21.nogoods_size = 3813
t21.nodes = 3184
t21.propagations = 3184
t25.stop_reason = aborted
t25.restarts = 3
t25.nogoods_size = 3813
t25.nodes = 2038
t25.propagations = 2038
t29.stop_reason = aborted
t29.restarts = 3
t29.nogoods_size = 3813
t29.nodes = 1701
t29.propagations = 1701
t12.stop_reason = aborted
t12.restarts = 3
t12.nogoods_size = 3813
t12.nodes = 2166
t12.propagations = 2166
t35.stop_reason = aborted
t35.restarts = 3
t35.nogoods_size = 3813
t35.nodes = 2906
t35.propagations = 2906
t3.stop_reason = unsatisfiable
t3.restarts = 3
t3.nogoods_size = 3813
t3.nodes = 5574
t3.propagations = 5574
search_time = 88
