hostname = r1i0n13
commandline = ../glasgow/solve_subgraph_isomorphism --value-ordering=biased --geometric-restarts=1.0 --restarts-constant=5400 --threads=36 --timeout 1000 --format lad ../instances/LV/g18 ../instances/largerGraphs/g61
started_at = 2018-11-19 06:16:34
pattern_file = ../instances/LV/g18
target_file = ../instances/largerGraphs/g61
status = false
nodes = 112054
propagations = 253289
runtime = 96
t33.stop_reason = aborted
t33.restarts = 3
t33.nogoods_size = 2212
t33.nodes = 2951
t33.propagations = 2951
t32.stop_reason = unsatisfiable
t32.restarts = 3
t32.nogoods_size = 2212
t32.nodes = 5014
t32.propagations = 5014
t30.stop_reason = unsatisfiable
t30.restarts = 3
t30.nogoods_size = 2212
t30.nodes = 1743
t30.propagations = 1743
t4.stop_reason = unsatisfiable
t4.restarts = 3
t4.nogoods_size = 2212
t4.nodes = 5342
t4.propagations = 5342
t0.stop_reason = unsatisfiable
t0.restarts = 3
t0.nogoods_size = 2212
t0.nodes = 3850
t0.propagations = 3850
t35.stop_reason = aborted
t35.restarts = 3
t35.nogoods_size = 2212
t35.nodes = 4125
t35.propagations = 4125
t2.stop_reason = aborted
t2.restarts = 3
t2.nogoods_size = 2212
t2.nodes = 5401
t2.propagations = 5401
t11.stop_reason = aborted
t11.restarts = 3
t11.nogoods_size = 2212
t11.nodes = 1687
t11.propagations = 1687
t7.stop_reason = unsatisfiable
t7.restarts = 3
t7.nogoods_size = 2212
t7.nodes = 5077
t7.propagations = 5077
t21.stop_reason = unsatisfiable
t21.restarts = 3
t21.nogoods_size = 2212
t21.nodes = 3963
t21.propagations = 3963
t28.stop_reason = unsatisfiable
t28.restarts = 3
t28.nogoods_size = 2212
t28.nodes = 4112
t28.propagations = 4112
t27.stop_reason = aborted
t27.restarts = 3
t27.nogoods_size = 2212
t27.nodes = 2931
t27.propagations = 2931
t19.stop_reason = aborted
t19.restarts = 3
t19.nogoods_size = 2212
t19.nodes = 1641
t19.propagations = 1641
t22.stop_reason = aborted
t22.restarts = 3
t22.nogoods_size = 2212
t22.nodes = 1751
t22.propagations = 1751
t26.stop_reason = aborted
t26.restarts = 3
t26.nogoods_size = 2212
t26.nodes = 1656
t26.propagations = 1656
t18.stop_reason = aborted
t18.restarts = 3
t18.nogoods_size = 2212
t18.nodes = 1635
t18.propagations = 1635
t20.stop_reason = unsatisfiable
t20.restarts = 3
t20.nogoods_size = 2212
t20.nodes = 5137
t20.propagations = 5137
t31.stop_reason = aborted
t31.restarts = 3
t31.nogoods_size = 2212
t31.nodes = 3021
t31.propagations = 3021
t14.stop_reason = unsatisfiable
t14.restarts = 3
t14.nogoods_size = 2212
t14.nodes = 3759
t14.propagations = 3759
t23.stop_reason = aborted
t23.restarts = 3
t23.nogoods_size = 2212
t23.nodes = 1780
t23.propagations = 1780
t3.stop_reason = unsatisfiable
t3.restarts = 3
t3.nogoods_size = 2212
t3.nodes = 3088
t3.propagations = 3088
t9.stop_reason = aborted
t9.restarts = 3
t9.nogoods_size = 2212
t9.nodes = 2951
t9.propagations = 2951
t25.stop_reason = aborted
t25.restarts = 3
t25.nogoods_size = 2212
t25.nodes = 3933
t25.propagations = 3933
t17.stop_reason = aborted
t17.restarts = 3
t17.nogoods_size = 2212
t17.nodes = 3086
t17.propagations = 3086
t15.stop_reason = aborted
t15.restarts = 3
t15.nogoods_size = 2212
t15.nodes = 1774
t15.propagations = 1774
t1.stop_reason = aborted
t1.restarts = 3
t1.nogoods_size = 2212
t1.nodes = 3865
t1.propagations = 3865
t29.stop_reason = aborted
t29.restarts = 3
t29.nogoods_size = 2212
t29.nodes = 1709
t29.propagations = 1709
t12.stop_reason = aborted
t12.restarts = 3
t12.nogoods_size = 2212
t12.nodes = 1663
t12.propagations = 1663
t16.stop_reason = aborted
t16.restarts = 3
t16.nogoods_size = 2212
t16.nodes = 3819
t16.propagations = 3819
t34.stop_reason = aborted
t34.restarts = 3
t34.nogoods_size = 2212
t34.nodes = 2982
t34.propagations = 2982
t5.stop_reason = aborted
t5.restarts = 3
t5.nogoods_size = 2212
t5.nodes = 3104
t5.propagations = 3104
t10.stop_reason = aborted
t10.restarts = 3
t10.nogoods_size = 2212
t10.nodes = 1769
t10.propagations = 1769
t24.stop_reason = aborted
t24.restarts = 3
t24.nogoods_size = 2212
t24.nodes = 2850
t24.propagations = 2850
t8.stop_reason = aborted
t8.restarts = 3
t8.nogoods_size = 2212
t8.nodes = 1760
t8.propagations = 1760
t6.stop_reason = aborted
t6.restarts = 3
t6.nogoods_size = 2212
t6.nodes = 3990
t6.propagations = 3990
t13.stop_reason = unsatisfiable
t13.restarts = 3
t13.nogoods_size = 2212
t13.nodes = 3135
t13.propagations = 3135
search_time = 84
