hostname = r1i2n17
commandline = ../glasgow/solve_subgraph_isomorphism --value-ordering=biased --geometric-restarts=1.0 --restarts-constant=5400 --threads=36 --timeout 1000 --format lad ../instances/LV/g25 ../instances/largerGraphs/g64
started_at = 2018-11-19 06:14:44
pattern_file = ../instances/LV/g25
target_file = ../instances/largerGraphs/g64
status = false
nodes = 2455159
propagations = 26934198
runtime = 1142
t22.stop_reason = propagation
t22.restarts = 17
t22.nogoods_size = 27856
t22.nodes = 70305
t22.propagations = 70305
t12.stop_reason = propagation
t12.restarts = 17
t12.nogoods_size = 27856
t12.nodes = 64626
t12.propagations = 64626
t30.stop_reason = propagation
t30.restarts = 17
t30.nogoods_size = 27856
t30.nodes = 73817
t30.propagations = 73817
t21.stop_reason = propagation
t21.restarts = 17
t21.nogoods_size = 27856
t21.nodes = 72104
t21.propagations = 72104
t4.stop_reason = propagation
t4.restarts = 17
t4.nogoods_size = 27856
t4.nodes = 75685
t4.propagations = 75685
t20.stop_reason = propagation
t20.restarts = 17
t20.nogoods_size = 27856
t20.nodes = 76317
t20.propagations = 76317
t6.stop_reason = propagation
t6.restarts = 17
t6.nogoods_size = 27856
t6.nodes = 70800
t6.propagations = 70800
t9.stop_reason = propagation
t9.restarts = 17
t9.nogoods_size = 27856
t9.nodes = 68849
t9.propagations = 68849
t10.stop_reason = propagation
t10.restarts = 17
t10.nogoods_size = 27856
t10.nodes = 70947
t10.propagations = 70947
t13.stop_reason = propagation
t13.restarts = 17
t13.nogoods_size = 27856
t13.nodes = 72185
t13.propagations = 72185
t18.stop_reason = propagation
t18.restarts = 17
t18.nogoods_size = 27856
t18.nodes = 75350
t18.propagations = 75350
t26.stop_reason = propagation
t26.restarts = 17
t26.nogoods_size = 27856
t26.nodes = 75168
t26.propagations = 75168
t33.stop_reason = propagation
t33.restarts = 17
t33.nogoods_size = 27856
t33.nodes = 75152
t33.propagations = 75152
t29.stop_reason = propagation
t29.restarts = 17
t29.nogoods_size = 27856
t29.nodes = 70474
t29.propagations = 70474
t23.stop_reason = propagation
t23.restarts = 17
t23.nogoods_size = 27856
t23.nodes = 75657
t23.propagations = 75657
t14.stop_reason = propagation
t14.restarts = 17
t14.nogoods_size = 27856
t14.nodes = 68154
t14.propagations = 68154
t17.stop_reason = propagation
t17.restarts = 17
t17.nogoods_size = 27856
t17.nodes = 69826
t17.propagations = 69826
t24.stop_reason = propagation
t24.restarts = 17
t24.nogoods_size = 27856
t24.nodes = 74510
t24.propagations = 74510
t27.stop_reason = propagation
t27.restarts = 17
t27.nogoods_size = 27856
t27.nodes = 37694
t27.propagations = 37694
t3.stop_reason = propagation
t3.restarts = 17
t3.nogoods_size = 27856
t3.nodes = 38842
t3.propagations = 38842
t7.stop_reason = propagation
t7.restarts = 17
t7.nogoods_size = 27856
t7.nodes = 73602
t7.propagations = 73602
t15.stop_reason = propagation
t15.restarts = 17
t15.nogoods_size = 27856
t15.nodes = 73647
t15.propagations = 73647
t5.stop_reason = propagation
t5.restarts = 17
t5.nogoods_size = 27856
t5.nodes = 38389
t5.propagations = 38389
t28.stop_reason = propagation
t28.restarts = 17
t28.nogoods_size = 27856
t28.nodes = 74549
t28.propagations = 74549
t34.stop_reason = propagation
t34.restarts = 17
t34.nogoods_size = 27856
t34.nodes = 71582
t34.propagations = 71582
t0.stop_reason = propagation
t0.restarts = 17
t0.nogoods_size = 27856
t0.nodes = 70275
t0.propagations = 70275
t35.stop_reason = propagation
t35.restarts = 17
t35.nogoods_size = 27856
t35.nodes = 65483
t35.propagations = 65483
t16.stop_reason = propagation
t16.restarts = 17
t16.nogoods_size = 27856
t16.nodes = 70619
t16.propagations = 70619
t1.stop_reason = propagation
t1.restarts = 17
t1.nogoods_size = 27856
t1.nodes = 66291
t1.propagations = 66291
t25.stop_reason = propagation
t25.restarts = 17
t25.nogoods_size = 27856
t25.nodes = 37516
t25.propagations = 37516
t32.stop_reason = propagation
t32.restarts = 17
t32.nogoods_size = 27856
t32.nodes = 69930
t32.propagations = 69930
t19.stop_reason = propagation
t19.restarts = 17
t19.nogoods_size = 27856
t19.nodes = 73213
t19.propagations = 73213
t31.stop_reason = propagation
t31.restarts = 17
t31.nogoods_size = 27856
t31.nodes = 70419
t31.propagations = 70419
t8.stop_reason = propagation
t8.restarts = 17
t8.nogoods_size = 27856
t8.nodes = 75315
t8.propagations = 75315
t11.stop_reason = propagation
t11.restarts = 17
t11.nogoods_size = 27856
t11.nodes = 74124
t11.propagations = 74124
t2.stop_reason = propagation
t2.restarts = 17
t2.nogoods_size = 27856
t2.nodes = 73743
t2.propagations = 73743
search_time = 918
