hostname = r1i4n11
commandline = ../glasgow/solve_subgraph_isomorphism --value-ordering=biased --geometric-restarts=1.0 --restarts-constant=5400 --threads=36 --timeout 1000 --format lad ../instances/LV/g34 ../instances/largerGraphs/g63
started_at = 2018-11-19 06:13:17
pattern_file = ../instances/LV/g34
target_file = ../instances/largerGraphs/g63
status = true
nodes = 1095698
propagations = 3202764
mapping = (0 -> 125) (1 -> 25) (2 -> 65) (3 -> 61) (4 -> 41) (5 -> 120) (6 -> 100) (7 -> 60) (8 -> 64) (9 -> 44) (10 -> 124) (11 -> 104) (12 -> 106) (13 -> 66) (14 -> 46) (15 -> 24) (16 -> 4) (17 -> 6) (18 -> 246) (19 -> 146) (20 -> 121) (21 -> 21) (22 -> 33) (23 -> 73) (24 -> 53) (25 -> 133) (26 -> 127) (27 -> 27) (28 -> 67) (29 -> 47) (30 -> 126) (31 -> 139) (32 -> 119) (33 -> 79) (34 -> 59) (35 -> 26) (36 -> 39) (37 -> 19) (38 -> 259) (39 -> 159) (40 -> 1) (41 -> 241) (42 -> 253) (43 -> 213) (44 -> 113) (45 -> 13) (46 -> 7) (47 -> 247) (48 -> 207) (49 -> 107) (50 -> 193) (51 -> 187) (52 -> 227) (53 -> 147) (54 -> 307) (55 -> 186) (56 -> 199) (57 -> 239) (58 -> 219) (59 -> 319) (60 -> 128) (61 -> 28) (62 -> 68) (63 -> 48) (64 -> 45) (65 -> 130) (66 -> 110) (67 -> 70) (68 -> 50) (69 -> 40) (70 -> 30) (71 -> 10) (72 -> 250) (73 -> 150) (74 -> 140) (75 -> 20) (76 -> 0) (77 -> 240) (78 -> 244) (79 -> 144) (80 -> 8) (81 -> 248) (82 -> 208) (83 -> 108) (84 -> 105) (85 -> 188) (86 -> 228) (87 -> 148) (88 -> 308) (89 -> 305) (90 -> 190) (91 -> 230) (92 -> 210) (93 -> 310) (94 -> 300) (95 -> 180) (96 -> 220) (97 -> 200) (98 -> 204) (99 -> 304) (100 -> 5) (101 -> 245) (102 -> 205) (103 -> 201) (104 -> 101) (105 -> 185) (106 -> 225) (107 -> 145) (108 -> 141) (109 -> 301) (110 -> 181) (111 -> 221) (112 -> 233) (113 -> 153) (114 -> 313) (115 -> 184) (116 -> 224) (117 -> 226) (118 -> 206) (119 -> 306) 
runtime = 549
t33.where = 0/400 -1/-1 0/16 -1/-1 0/15 -1/-1 0/14 -1/-1 -1/-1 0/13 -1/-1 -1/-1 -1/-1 0/10 -1/-1 -1/-1 0/9 -1/-1 0/9 -1/-1 -1/-1 0/2 -1/-1 -1/-1 0/8 -1/-1 -1/-1 0/7 -1/-1 0/8 -1/-1 -1/-1 1/7 -1/-1 -1/-1 0/2 -1/-1 0/5 -1/-1 -1/-1 -1/-1 0/4 -1/-1 -1/-1 1/2 -1/-1 -1/-1 -1/-1 -1/-1 0/2 -1/-1 -1/-1 0/3 -1/-1 -1/-1 -1/-1 0/2 -1/-1 0/3 -1/-1 -1/-1 -1/-1 -1/-1 0/2 -1/-1 0/2 -1/-1 -1/-1 -1/-1 -1/-1 0/3 -1/-1 -1/-1 -1/-1 -1/-1 -1/-1 0/4 -1/-1 -1/-1 0/5 -1/-1 -1/-1 -1/-1 -1/-1 0/5 -1/-1 -1/-1 2/7 -1/-1 -1/-1 -1/-1 0/2 -1/-1 0/4 -1/-1 -1/-1 -1/-1 -1/-1 -1/-1 -1/-1 1/7 -1/-1 -1/-1 -1/-1 1/2 -1/-1 0/3 -1/-1 0/2 -1/-1 0/2 -1/-1 -1/-1 -1/-1 -1/-1 1/5 -1/-1 -1/-1 -1/-1 -1/-1 -1/-1 -1/-1 -1/-1 -1/-1 -1/-1 -1/-1 -1/-1 -1/-1 -1/-1 -1/-1 -1/-1 -1/-1 -1/-1 -1/-1 -1/-1 -1/-1 -1/-1 -1/-1 -1/-1 -1/-1 -1/-1 -1/-1 -1/-1 -1/-1 -1/-1 -1/-1 -1/-1 -1/-1 -1/-1 -1/-1 -1/-1 -1/-1 0/2 -1/-1 -1/-1 -1/-1 -1/-1
t33.stop_reason = satisfiable
t33.restarts = 11
t33.nogoods_size = 7050
t33.nodes = 36233
t33.propagations = 36233
t0.stop_reason = aborted
t0.restarts = 11
t0.nogoods_size = 7050
t0.nodes = 41012
t0.propagations = 41012
t28.stop_reason = aborted
t28.restarts = 11
t28.nogoods_size = 7050
t28.nodes = 28041
t28.propagations = 28041
t34.stop_reason = aborted
t34.restarts = 11
t34.nogoods_size = 7050
t34.nodes = 22789
t34.propagations = 22789
t22.stop_reason = aborted
t22.restarts = 11
t22.nogoods_size = 7050
t22.nodes = 37355
t22.propagations = 37355
t18.stop_reason = aborted
t18.restarts = 11
t18.nogoods_size = 7050
t18.nodes = 28830
t18.propagations = 28830
t6.stop_reason = aborted
t6.restarts = 11
t6.nogoods_size = 7050
t6.nodes = 33774
t6.propagations = 33774
t21.stop_reason = aborted
t21.restarts = 11
t21.nogoods_size = 7050
t21.nodes = 25639
t21.propagations = 25639
t12.stop_reason = aborted
t12.restarts = 11
t12.nogoods_size = 7050
t12.nodes = 32553
t12.propagations = 32553
t30.stop_reason = aborted
t30.restarts = 11
t30.nogoods_size = 7050
t30.nodes = 24579
t30.propagations = 24579
t4.stop_reason = aborted
t4.restarts = 11
t4.nogoods_size = 7050
t4.nodes = 39272
t4.propagations = 39272
t2.stop_reason = aborted
t2.restarts = 11
t2.nogoods_size = 7050
t2.nodes = 30900
t2.propagations = 30900
t25.stop_reason = aborted
t25.restarts = 11
t25.nogoods_size = 7050
t25.nodes = 27832
t25.propagations = 27832
t29.stop_reason = aborted
t29.restarts = 11
t29.nogoods_size = 7050
t29.nodes = 24255
t29.propagations = 24255
t5.stop_reason = aborted
t5.restarts = 11
t5.nogoods_size = 7050
t5.nodes = 31246
t5.propagations = 31246
t7.stop_reason = aborted
t7.restarts = 11
t7.nogoods_size = 7050
t7.nodes = 28815
t7.propagations = 28815
t14.stop_reason = aborted
t14.restarts = 11
t14.nogoods_size = 7050
t14.nodes = 21934
t14.propagations = 21934
t8.stop_reason = aborted
t8.restarts = 11
t8.nogoods_size = 7050
t8.nodes = 35484
t8.propagations = 35484
t9.stop_reason = aborted
t9.restarts = 11
t9.nogoods_size = 7050
t9.nodes = 37188
t9.propagations = 37188
t1.stop_reason = aborted
t1.restarts = 11
t1.nogoods_size = 7050
t1.nodes = 35735
t1.propagations = 35735
t26.stop_reason = aborted
t26.restarts = 11
t26.nogoods_size = 7050
t26.nodes = 30251
t26.propagations = 30251
t23.stop_reason = aborted
t23.restarts = 11
t23.nogoods_size = 7050
t23.nodes = 28152
t23.propagations = 28152
t17.stop_reason = aborted
t17.restarts = 11
t17.nogoods_size = 7050
t17.nodes = 20395
t17.propagations = 20395
t27.stop_reason = aborted
t27.restarts = 11
t27.nogoods_size = 7050
t27.nodes = 35009
t27.propagations = 35009
t15.stop_reason = aborted
t15.restarts = 11
t15.nogoods_size = 7050
t15.nodes = 37207
t15.propagations = 37207
t32.stop_reason = aborted
t32.restarts = 11
t32.nogoods_size = 7050
t32.nodes = 26945
t32.propagations = 26945
t16.stop_reason = aborted
t16.restarts = 11
t16.nogoods_size = 7050
t16.nodes = 34452
t16.propagations = 34452
t11.stop_reason = aborted
t11.restarts = 11
t11.nogoods_size = 7050
t11.nodes = 39796
t11.propagations = 39796
t3.stop_reason = aborted
t3.restarts = 11
t3.nogoods_size = 7050
t3.nodes = 41374
t3.propagations = 41374
t13.stop_reason = aborted
t13.restarts = 11
t13.nogoods_size = 7050
t13.nodes = 33203
t13.propagations = 33203
t20.stop_reason = aborted
t20.restarts = 11
t20.nogoods_size = 7050
t20.nodes = 25428
t20.propagations = 25428
t19.stop_reason = aborted
t19.restarts = 11
t19.nogoods_size = 7050
t19.nodes = 24954
t19.propagations = 24954
t10.stop_reason = aborted
t10.restarts = 11
t10.nogoods_size = 7050
t10.nodes = 27474
t10.propagations = 27474
t35.stop_reason = aborted
t35.restarts = 11
t35.nogoods_size = 7050
t35.nodes = 22749
t35.propagations = 22749
t24.stop_reason = aborted
t24.restarts = 11
t24.nogoods_size = 7050
t24.nodes = 21366
t24.propagations = 21366
t31.stop_reason = aborted
t31.restarts = 11
t31.nogoods_size = 7050
t31.nodes = 23477
t31.propagations = 23477
search_time = 486
