hostname = r1i3n11
commandline = ../glasgow/solve_subgraph_isomorphism --value-ordering=biased --geometric-restarts=1.0 --restarts-constant=5400 --threads=36 --timeout 1000 --format lad ../instances/LV/g41 ../instances/largerGraphs/g64
started_at = 2018-11-19 06:24:54
pattern_file = ../instances/LV/g41
target_file = ../instances/largerGraphs/g64
status = true
nodes = 235501
propagations = 705632
mapping = (0 -> 74) (1 -> 87) (2 -> 383) (3 -> 194) (4 -> 91) (5 -> 4) (6 -> 7) (7 -> 120) (8 -> 56) (9 -> 73) (10 -> 382) (11 -> 291) (12 -> 63) (13 -> 386) (14 -> 184) (15 -> 83) (16 -> 71) (17 -> 264) (18 -> 66) (19 -> 13) (20 -> 11) (21 -> 59) (22 -> 232) (23 -> 45) (24 -> 19) (25 -> 223) (26 -> 344) (27 -> 139) (28 -> 131) (29 -> 180) (30 -> 176) (31 -> 2) (32 -> 398) (33 -> 384) (34 -> 262) (35 -> 186) (36 -> 396) (37 -> 113) (38 -> 127) (39 -> 156) (40 -> 121) (41 -> 82) (42 -> 106) (43 -> 62) (44 -> 41) (45 -> 281) (46 -> 14) (47 -> 274) (48 -> 98) (49 -> 16) (50 -> 267) (51 -> 67) (52 -> 107) (53 -> 43) (54 -> 3) (55 -> 256) (56 -> 182) (57 -> 26) (58 -> 134) (59 -> 102) (60 -> 220) (61 -> 141) (62 -> 58) (63 -> 240) (64 -> 84) (65 -> 381) (66 -> 104) (67 -> 47) (68 -> 286) (69 -> 142) (70 -> 100) (71 -> 54) (72 -> 81) (73 -> 0) (74 -> 60) (75 -> 101) (76 -> 154) (77 -> 33) (78 -> 124) (79 -> 18) (80 -> 271) (81 -> 241) (82 -> 99) (83 -> 20) (84 -> 263) (85 -> 153) (86 -> 76) (87 -> 39) (88 -> 123) (89 -> 183) (90 -> 46) (91 -> 6) (92 -> 266) (93 -> 327) (94 -> 103) (95 -> 44) (96 -> 380) (97 -> 38) (98 -> 261) (99 -> 64) (100 -> 80) (101 -> 42) (102 -> 51) (103 -> 122) (104 -> 86) (105 -> 144) (106 -> 24) (107 -> 22) (108 -> 164) (109 -> 140) (110 -> 53) (111 -> 78) (112 -> 126) (113 -> 21) (114 -> 93) (115 -> 146) (116 -> 284) (117 -> 27) (118 -> 136) (119 -> 23) (120 -> 40) (121 -> 343) (122 -> 280) (123 -> 138) (124 -> 61) (125 -> 5) (126 -> 1) (127 -> 227) 
runtime = 186
t27.where = 0/394 -1/-1 0/165 -1/-1 0/50 -1/-1 0/29 -1/-1 0/35 -1/-1 0/28 -1/-1 0/24 -1/-1 0/10 -1/-1 0/6 -1/-1 0/5 -1/-1 0/11 -1/-1 0/6 -1/-1 0/15 -1/-1 0/25 -1/-1 0/5 -1/-1 0/10 -1/-1 0/6 -1/-1 0/11 -1/-1 0/18 -1/-1 0/25 -1/-1 0/27 -1/-1 -1/-1 0/3 -1/-1 0/10 -1/-1 -1/-1 1/10 -1/-1 -1/-1 0/8 -1/-1 0/19 -1/-1 0/17 -1/-1 0/20 -1/-1 0/2 -1/-1 0/13 -1/-1 0/25 -1/-1 0/15 -1/-1 0/7 -1/-1 0/14 -1/-1 0/8 -1/-1 0/9 -1/-1 0/7 -1/-1 0/8 -1/-1 0/11 -1/-1 0/3 -1/-1 0/7 -1/-1 0/11 -1/-1 0/7 -1/-1 0/2 -1/-1 0/3 -1/-1 0/9 -1/-1 0/6 -1/-1 0/5 -1/-1 0/2 -1/-1 1/5 -1/-1 0/9 -1/-1 -1/-1 -1/-1 0/9 -1/-1 -1/-1 -1/-1 0/6 -1/-1 0/6 -1/-1 0/3 -1/-1 0/3 -1/-1 0/3 -1/-1 0/3 -1/-1 1/3 -1/-1 1/3 -1/-1 -1/-1 1/4 -1/-1 0/4 -1/-1 0/2 -1/-1 0/2 -1/-1 0/3 -1/-1 0/3 -1/-1 0/4 -1/-1 0/3 -1/-1 1/5 -1/-1 1/2 -1/-1 0/2 -1/-1 -1/-1 -1/-1 -1/-1 -1/-1 0/3 -1/-1 0/3 -1/-1 0/2 -1/-1 -1/-1 -1/-1 -1/-1 0/15 -1/-1 0/8 -1/-1 0/12 -1/-1 0/14 -1/-1 0/3 -1/-1 0/18 -1/-1 0/9 -1/-1 0/15 -1/-1 0/12 -1/-1 0/4 -1/-1 0/4 -1/-1 0/6 -1/-1 0/6 -1/-1 0/6 -1/-1 0/11 -1/-1 0/13 -1/-1 0/2 -1/-1 0/2 -1/-1 0/2 -1/-1 0/5 -1/-1 0/8 -1/-1 0/8 -1/-1 0/12 -1/-1 0/3 -1/-1 0/5 -1/-1 0/3 -1/-1 0/2 -1/-1 0/2 -1/-1 0/3 -1/-1 0/5 -1/-1 0/5 -1/-1 0/4 -1/-1 0/5 -1/-1 1/4 -1/-1 0/5 -1/-1 0/8 -1/-1 0/5 -1/-1 0/6 -1/-1 0/7 -1/-1
t27.stop_reason = satisfiable
t27.restarts = 4
t27.nogoods_size = 1943
t27.nodes = 8967
t27.propagations = 8967
t7.stop_reason = aborted
t7.restarts = 4
t7.nogoods_size = 1943
t7.nodes = 8489
t7.propagations = 8489
t12.stop_reason = aborted
t12.restarts = 4
t12.nogoods_size = 1943
t12.nodes = 8180
t12.propagations = 8180
t0.stop_reason = aborted
t0.restarts = 4
t0.nogoods_size = 1943
t0.nodes = 8143
t0.propagations = 8143
t34.stop_reason = aborted
t34.restarts = 4
t34.nogoods_size = 1943
t34.nodes = 8208
t34.propagations = 8208
t32.stop_reason = aborted
t32.restarts = 4
t32.nogoods_size = 1943
t32.nodes = 8050
t32.propagations = 8050
t3.stop_reason = aborted
t3.restarts = 4
t3.nogoods_size = 1943
t3.nodes = 7633
t3.propagations = 7633
t4.stop_reason = aborted
t4.restarts = 4
t4.nogoods_size = 1943
t4.nodes = 8467
t4.propagations = 8467
t15.stop_reason = aborted
t15.restarts = 4
t15.nogoods_size = 1943
t15.nodes = 9032
t15.propagations = 9032
t6.stop_reason = aborted
t6.restarts = 4
t6.nogoods_size = 1943
t6.nodes = 8773
t6.propagations = 8773
t18.stop_reason = aborted
t18.restarts = 4
t18.nogoods_size = 1943
t18.nodes = 8434
t18.propagations = 8434
t28.stop_reason = aborted
t28.restarts = 4
t28.nogoods_size = 1943
t28.nodes = 6951
t28.propagations = 6951
t24.stop_reason = aborted
t24.restarts = 4
t24.nogoods_size = 1943
t24.nodes = 10334
t24.propagations = 10334
t21.stop_reason = aborted
t21.restarts = 4
t21.nogoods_size = 1943
t21.nodes = 4644
t21.propagations = 4644
t14.stop_reason = aborted
t14.restarts = 4
t14.nogoods_size = 1943
t14.nodes = 8337
t14.propagations = 8337
t1.stop_reason = aborted
t1.restarts = 4
t1.nogoods_size = 1943
t1.nodes = 5631
t1.propagations = 5631
t2.stop_reason = aborted
t2.restarts = 4
t2.nogoods_size = 1943
t2.nodes = 5939
t2.propagations = 5939
t33.stop_reason = aborted
t33.restarts = 4
t33.nogoods_size = 1943
t33.nodes = 4212
t33.propagations = 4212
t26.stop_reason = aborted
t26.restarts = 4
t26.nogoods_size = 1943
t26.nodes = 5503
t26.propagations = 5503
t13.stop_reason = aborted
t13.restarts = 4
t13.nogoods_size = 1943
t13.nodes = 5254
t13.propagations = 5254
t22.stop_reason = aborted
t22.restarts = 4
t22.nogoods_size = 1943
t22.nodes = 3867
t22.propagations = 3867
t29.stop_reason = aborted
t29.restarts = 4
t29.nogoods_size = 1943
t29.nodes = 5656
t29.propagations = 5656
t9.stop_reason = aborted
t9.restarts = 4
t9.nogoods_size = 1943
t9.nodes = 4136
t9.propagations = 4136
t16.stop_reason = aborted
t16.restarts = 4
t16.nogoods_size = 1943
t16.nodes = 9181
t16.propagations = 9181
t20.stop_reason = aborted
t20.restarts = 4
t20.nogoods_size = 1943
t20.nodes = 5716
t20.propagations = 5716
t30.stop_reason = aborted
t30.restarts = 4
t30.nogoods_size = 1943
t30.nodes = 4296
t30.propagations = 4296
t19.stop_reason = aborted
t19.restarts = 4
t19.nogoods_size = 1943
t19.nodes = 4505
t19.propagations = 4505
t31.stop_reason = aborted
t31.restarts = 4
t31.nogoods_size = 1943
t31.nodes = 4799
t31.propagations = 4799
t10.stop_reason = aborted
t10.restarts = 4
t10.nogoods_size = 1943
t10.nodes = 5138
t10.propagations = 5138
t5.stop_reason = aborted
t5.restarts = 4
t5.nogoods_size = 1943
t5.nodes = 5018
t5.propagations = 5018
t8.stop_reason = aborted
t8.restarts = 4
t8.nogoods_size = 1943
t8.nodes = 5809
t8.propagations = 5809
t35.stop_reason = aborted
t35.restarts = 4
t35.nogoods_size = 1943
t35.nodes = 4643
t35.propagations = 4643
t25.stop_reason = aborted
t25.restarts = 4
t25.nogoods_size = 1943
t25.nodes = 8820
t25.propagations = 8820
t23.stop_reason = aborted
t23.restarts = 4
t23.nogoods_size = 1943
t23.nodes = 4699
t23.propagations = 4699
t11.stop_reason = aborted
t11.restarts = 4
t11.nogoods_size = 1943
t11.nodes = 5490
t11.propagations = 5490
t17.stop_reason = aborted
t17.restarts = 4
t17.nogoods_size = 1943
t17.nodes = 4547
t17.propagations = 4547
search_time = 122
