hostname = r1i4n3
commandline = ../glasgow/solve_subgraph_isomorphism --value-ordering=biased --geometric-restarts=1.0 --restarts-constant=5400 --threads=36 --timeout 1000 --format lad ../instances/LV/g7 ../instances/largerGraphs/g84
started_at = 2018-11-18 22:53:06
pattern_file = ../instances/LV/g7
target_file = ../instances/largerGraphs/g84
status = aborted
nodes = 3896134846
propagations = 23678005046
runtime = 1235773
t3.stop_reason = aborted
t3.restarts = 23454
t3.nogoods_size = 25001246
t3.nodes = 108877687
t3.propagations = 108877687
t35.stop_reason = aborted
t35.restarts = 23454
t35.nogoods_size = 25001246
t35.nodes = 109336001
t35.propagations = 109336001
t24.stop_reason = aborted
t24.restarts = 23454
t24.nogoods_size = 25001246
t24.nodes = 109774685
t24.propagations = 109774685
t19.stop_reason = aborted
t19.restarts = 23454
t19.nogoods_size = 25001246
t19.nodes = 109090615
t19.propagations = 109090615
t25.stop_reason = aborted
t25.restarts = 23454
t25.nogoods_size = 25001246
t25.nodes = 106474243
t25.propagations = 106474243
t21.stop_reason = aborted
t21.restarts = 23454
t21.nogoods_size = 25001246
t21.nodes = 109330266
t21.propagations = 109330266
t2.stop_reason = aborted
t2.restarts = 23454
t2.nogoods_size = 25001246
t2.nodes = 106729885
t2.propagations = 106729885
t7.stop_reason = aborted
t7.restarts = 23454
t7.nogoods_size = 25001246
t7.nodes = 106850395
t7.propagations = 106850395
t12.stop_reason = aborted
t12.restarts = 23454
t12.nogoods_size = 25001246
t12.nodes = 107915186
t12.propagations = 107915186
t28.stop_reason = aborted
t28.restarts = 23454
t28.nogoods_size = 25001246
t28.nodes = 106306065
t28.propagations = 106306065
t23.stop_reason = aborted
t23.restarts = 23454
t23.nogoods_size = 25001246
t23.nodes = 109380883
t23.propagations = 109380883
t26.stop_reason = aborted
t26.restarts = 23454
t26.nogoods_size = 25001246
t26.nodes = 107442181
t26.propagations = 107442181
t5.stop_reason = aborted
t5.restarts = 23454
t5.nogoods_size = 25001246
t5.nodes = 109981532
t5.propagations = 109981532
t33.stop_reason = aborted
t33.restarts = 23454
t33.nogoods_size = 25001246
t33.nodes = 109461194
t33.propagations = 109461194
t27.stop_reason = aborted
t27.restarts = 23454
t27.nogoods_size = 25001246
t27.nodes = 108427561
t27.propagations = 108427561
t22.stop_reason = aborted
t22.restarts = 23454
t22.nogoods_size = 25001246
t22.nodes = 108446792
t22.propagations = 108446792
t16.stop_reason = aborted
t16.restarts = 23454
t16.nogoods_size = 25001246
t16.nodes = 108931534
t16.propagations = 108931534
t29.stop_reason = aborted
t29.restarts = 23454
t29.nogoods_size = 25001246
t29.nodes = 107827215
t29.propagations = 107827215
t1.stop_reason = aborted
t1.restarts = 23454
t1.nogoods_size = 25001246
t1.nodes = 108622563
t1.propagations = 108622563
t15.stop_reason = aborted
t15.restarts = 23454
t15.nogoods_size = 25001246
t15.nodes = 107212481
t15.propagations = 107212481
t31.stop_reason = aborted
t31.restarts = 23454
t31.nogoods_size = 25001246
t31.nodes = 108626429
t31.propagations = 108626429
t13.stop_reason = aborted
t13.restarts = 23454
t13.nogoods_size = 25001246
t13.nodes = 110797510
t13.propagations = 110797510
t30.stop_reason = aborted
t30.restarts = 23454
t30.nogoods_size = 25001246
t30.nodes = 108233283
t30.propagations = 108233283
t0.stop_reason = aborted
t0.restarts = 23454
t0.nogoods_size = 25001246
t0.nodes = 110643555
t0.propagations = 110643555
t20.stop_reason = aborted
t20.restarts = 23454
t20.nogoods_size = 25001246
t20.nodes = 106630651
t20.propagations = 106630651
t6.stop_reason = aborted
t6.restarts = 23454
t6.nogoods_size = 25001246
t6.nodes = 110216318
t6.propagations = 110216318
t8.stop_reason = aborted
t8.restarts = 23454
t8.nogoods_size = 25001246
t8.nodes = 107177504
t8.propagations = 107177504
t10.stop_reason = aborted
t10.restarts = 23454
t10.nogoods_size = 25001246
t10.nodes = 106704940
t10.propagations = 106704940
t18.stop_reason = aborted
t18.restarts = 23454
t18.nogoods_size = 25001246
t18.nodes = 107195449
t18.propagations = 107195449
t9.stop_reason = aborted
t9.restarts = 23454
t9.nogoods_size = 25001246
t9.nodes = 110361503
t9.propagations = 110361503
t17.stop_reason = aborted
t17.restarts = 23454
t17.nogoods_size = 25001246
t17.nodes = 107895793
t17.propagations = 107895793
t32.stop_reason = aborted
t32.restarts = 23454
t32.nogoods_size = 25001246
t32.nodes = 107870170
t32.propagations = 107870170
t34.stop_reason = aborted
t34.restarts = 23454
t34.nogoods_size = 25001246
t34.nodes = 106804326
t34.propagations = 106804326
t4.stop_reason = aborted
t4.restarts = 23454
t4.nogoods_size = 25001246
t4.nodes = 104682153
t4.propagations = 104682153
t11.stop_reason = aborted
t11.restarts = 23454
t11.nogoods_size = 25001246
t11.nodes = 108850278
t11.propagations = 108850278
t14.stop_reason = aborted
t14.restarts = 23454
t14.nogoods_size = 25001246
t14.nodes = 107026020
t14.propagations = 107026020
search_time = 999692
