hostname = r1i0n13
commandline = ../glasgow/solve_subgraph_isomorphism --value-ordering=biased --geometric-restarts=1.0 --restarts-constant=5400 --threads=36 --timeout 1000 --format lad ../instances/phase/phase-30-150-0.48-0.50-0.54-6-pattern ../instances/phase/phase-30-150-0.48-0.50-0.54-6-target
started_at = 2018-11-19 06:21:28
pattern_file = ../instances/phase/phase-30-150-0.48-0.50-0.54-6-pattern
target_file = ../instances/phase/phase-30-150-0.48-0.50-0.54-6-target
status = true
nodes = 2386915
propagations = 5803007
mapping = (0 -> 101) (1 -> 35) (2 -> 85) (3 -> 142) (4 -> 104) (5 -> 123) (6 -> 49) (7 -> 108) (8 -> 144) (9 -> 13) (10 -> 90) (11 -> 55) (12 -> 113) (13 -> 6) (14 -> 94) (15 -> 43) (16 -> 21) (17 -> 117) (18 -> 59) (19 -> 130) (20 -> 112) (21 -> 7) (22 -> 12) (23 -> 67) (24 -> 103) (25 -> 4) (26 -> 82) (27 -> 61) (28 -> 134) (29 -> 70) 
runtime = 342
t26.stop_reason = aborted
t26.restarts = 16
t26.nogoods_size = 6463
t26.nodes = 68073
t26.propagations = 68073
t8.stop_reason = aborted
t8.restarts = 16
t8.nogoods_size = 6463
t8.nodes = 76167
t8.propagations = 76167
t7.stop_reason = aborted
t7.restarts = 16
t7.nogoods_size = 6463
t7.nodes = 64516
t7.propagations = 64516
t34.stop_reason = aborted
t34.restarts = 16
t34.nogoods_size = 6463
t34.nodes = 66962
t34.propagations = 66962
t27.stop_reason = aborted
t27.restarts = 16
t27.nogoods_size = 6463
t27.nodes = 70087
t27.propagations = 70087
t21.where = 0/150 -1/-1 0/87 -1/-1 0/54 -1/-1 0/34 -1/-1 0/25 -1/-1 0/18 -1/-1 0/13 -1/-1 1/7 -1/-1 4/7 -1/-1 1/5 -1/-1 0/5 -1/-1 2/5 -1/-1 1/3 -1/-1 0/3 -1/-1 0/2 -1/-1 1/2 -1/-1 -1/-1 -1/-1 -1/-1 -1/-1 -1/-1 -1/-1 -1/-1 -1/-1 -1/-1 -1/-1 -1/-1 -1/-1 -1/-1 -1/-1
t21.stop_reason = satisfiable
t21.restarts = 16
t21.nogoods_size = 6463
t21.nodes = 61351
t21.propagations = 61351
t2.stop_reason = aborted
t2.restarts = 16
t2.nogoods_size = 6463
t2.nodes = 71794
t2.propagations = 71794
t10.stop_reason = aborted
t10.restarts = 16
t10.nogoods_size = 6463
t10.nodes = 68909
t10.propagations = 68909
t35.stop_reason = aborted
t35.restarts = 16
t35.nogoods_size = 6463
t35.nodes = 70416
t35.propagations = 70416
t18.stop_reason = aborted
t18.restarts = 16
t18.nogoods_size = 6463
t18.nodes = 69446
t18.propagations = 69446
t3.stop_reason = aborted
t3.restarts = 16
t3.nogoods_size = 6463
t3.nodes = 73064
t3.propagations = 73064
t30.stop_reason = aborted
t30.restarts = 16
t30.nogoods_size = 6463
t30.nodes = 69652
t30.propagations = 69652
t13.stop_reason = aborted
t13.restarts = 16
t13.nogoods_size = 6463
t13.nodes = 52388
t13.propagations = 52388
t1.stop_reason = aborted
t1.restarts = 16
t1.nogoods_size = 6463
t1.nodes = 72784
t1.propagations = 72784
t14.stop_reason = aborted
t14.restarts = 16
t14.nogoods_size = 6463
t14.nodes = 66797
t14.propagations = 66797
t0.stop_reason = aborted
t0.restarts = 16
t0.nogoods_size = 6463
t0.nodes = 76646
t0.propagations = 76646
t12.stop_reason = aborted
t12.restarts = 16
t12.nogoods_size = 6463
t12.nodes = 70320
t12.propagations = 70320
t32.stop_reason = aborted
t32.restarts = 16
t32.nogoods_size = 6463
t32.nodes = 65540
t32.propagations = 65540
t19.stop_reason = aborted
t19.restarts = 16
t19.nogoods_size = 6463
t19.nodes = 42088
t19.propagations = 42088
t16.stop_reason = aborted
t16.restarts = 16
t16.nogoods_size = 6463
t16.nodes = 72076
t16.propagations = 72076
t22.stop_reason = aborted
t22.restarts = 16
t22.nogoods_size = 6463
t22.nodes = 67829
t22.propagations = 67829
t9.stop_reason = aborted
t9.restarts = 16
t9.nogoods_size = 6463
t9.nodes = 68811
t9.propagations = 68811
t23.stop_reason = aborted
t23.restarts = 16
t23.nogoods_size = 6463
t23.nodes = 69460
t23.propagations = 69460
t4.stop_reason = aborted
t4.restarts = 16
t4.nogoods_size = 6463
t4.nodes = 68396
t4.propagations = 68396
t17.stop_reason = aborted
t17.restarts = 16
t17.nogoods_size = 6463
t17.nodes = 42950
t17.propagations = 42950
t24.stop_reason = aborted
t24.restarts = 16
t24.nogoods_size = 6463
t24.nodes = 63357
t24.propagations = 63357
t25.stop_reason = aborted
t25.restarts = 16
t25.nogoods_size = 6463
t25.nodes = 66840
t25.propagations = 66840
t28.stop_reason = aborted
t28.restarts = 16
t28.nogoods_size = 6463
t28.nodes = 67979
t28.propagations = 67979
t33.stop_reason = aborted
t33.restarts = 16
t33.nogoods_size = 6463
t33.nodes = 66857
t33.propagations = 66857
t20.stop_reason = aborted
t20.restarts = 16
t20.nogoods_size = 6463
t20.nodes = 68317
t20.propagations = 68317
t6.stop_reason = aborted
t6.restarts = 16
t6.nogoods_size = 6463
t6.nodes = 53251
t6.propagations = 53251
t29.stop_reason = aborted
t29.restarts = 16
t29.nogoods_size = 6463
t29.nodes = 69431
t29.propagations = 69431
t15.stop_reason = aborted
t15.restarts = 16
t15.nogoods_size = 6463
t15.nodes = 53944
t15.propagations = 53944
t5.stop_reason = aborted
t5.restarts = 16
t5.nogoods_size = 6463
t5.nodes = 70294
t5.propagations = 70294
t11.stop_reason = aborted
t11.restarts = 16
t11.nogoods_size = 6463
t11.nodes = 70233
t11.propagations = 70233
t31.stop_reason = aborted
t31.restarts = 16
t31.nogoods_size = 6463
t31.nodes = 69890
t31.propagations = 69890
search_time = 303
