hostname = r1i4n12
commandline = ../glasgow/solve_subgraph_isomorphism --value-ordering=biased --geometric-restarts=1.0 --restarts-constant=5400 --threads=36 --timeout 1000 --format lad ../instances/phase/phase-30-150-0.84-0.74-0.76-6-pattern ../instances/phase/phase-30-150-0.84-0.74-0.76-6-target
started_at = 2018-11-19 04:59:44
pattern_file = ../instances/phase/phase-30-150-0.84-0.74-0.76-6-pattern
target_file = ../instances/phase/phase-30-150-0.84-0.74-0.76-6-target
status = aborted
nodes = 337024677
propagations = 1070428027
runtime = 1028617
t11.restarts = 9390
t11.nogoods_size = 2436225
t11.nodes = 9600763
t11.propagations = 9600763
t0.restarts = 9390
t0.nogoods_size = 2436225
t0.nodes = 10400694
t0.propagations = 10400694
t32.restarts = 9390
t32.nogoods_size = 2436225
t32.nodes = 8896414
t32.propagations = 8896414
t12.restarts = 9390
t12.nogoods_size = 2436225
t12.nodes = 9500673
t12.propagations = 9500673
t35.restarts = 9390
t35.nogoods_size = 2436225
t35.nodes = 10882615
t35.propagations = 10882615
t34.restarts = 9390
t34.nogoods_size = 2436225
t34.nodes = 8441991
t34.propagations = 8441991
t10.restarts = 9390
t10.nogoods_size = 2436225
t10.nodes = 11086473
t10.propagations = 11086473
t25.restarts = 9390
t25.nogoods_size = 2436225
t25.nodes = 9266933
t25.propagations = 9266933
t4.restarts = 9390
t4.nogoods_size = 2436225
t4.nodes = 9542852
t4.propagations = 9542852
t26.restarts = 9390
t26.nogoods_size = 2436225
t26.nodes = 8790259
t26.propagations = 8790259
t22.restarts = 9390
t22.nogoods_size = 2436225
t22.nodes = 9335358
t22.propagations = 9335358
t7.restarts = 9390
t7.nogoods_size = 2436225
t7.nodes = 8627556
t7.propagations = 8627556
t16.restarts = 9390
t16.nogoods_size = 2436225
t16.nodes = 9014518
t16.propagations = 9014518
t31.restarts = 9390
t31.nogoods_size = 2436225
t31.nodes = 9370375
t31.propagations = 9370375
t2.restarts = 9390
t2.nogoods_size = 2436225
t2.nodes = 8405100
t2.propagations = 8405100
t29.restarts = 9390
t29.nogoods_size = 2436225
t29.nodes = 9547837
t29.propagations = 9547837
t27.restarts = 9390
t27.nogoods_size = 2436225
t27.nodes = 8904948
t27.propagations = 8904948
t14.restarts = 9390
t14.nogoods_size = 2436225
t14.nodes = 9223859
t14.propagations = 9223859
t33.restarts = 9390
t33.nogoods_size = 2436225
t33.nodes = 9424802
t33.propagations = 9424802
t18.restarts = 9390
t18.nogoods_size = 2436225
t18.nodes = 8451748
t18.propagations = 8451748
t24.restarts = 9390
t24.nogoods_size = 2436225
t24.nodes = 9311015
t24.propagations = 9311015
t6.restarts = 9390
t6.nogoods_size = 2436225
t6.nodes = 11816696
t6.propagations = 11816696
t15.restarts = 9390
t15.nogoods_size = 2436225
t15.nodes = 9388049
t15.propagations = 9388049
t20.restarts = 9390
t20.nogoods_size = 2436225
t20.nodes = 9060422
t20.propagations = 9060422
t3.restarts = 9390
t3.nogoods_size = 2436225
t3.nodes = 9454409
t3.propagations = 9454409
t19.restarts = 9390
t19.nogoods_size = 2436225
t19.nodes = 9544359
t19.propagations = 9544359
t21.restarts = 9390
t21.nogoods_size = 2436225
t21.nodes = 9374568
t21.propagations = 9374568
t5.restarts = 9390
t5.nogoods_size = 2436225
t5.nodes = 8920434
t5.propagations = 8920434
t23.restarts = 9390
t23.nogoods_size = 2436225
t23.nodes = 8609256
t23.propagations = 8609256
t9.restarts = 9390
t9.nogoods_size = 2436225
t9.nodes = 8908698
t9.propagations = 8908698
t1.restarts = 9390
t1.nogoods_size = 2436225
t1.nodes = 9614556
t1.propagations = 9614556
t17.restarts = 9390
t17.nogoods_size = 2436225
t17.nodes = 9352809
t17.propagations = 9352809
t30.restarts = 9390
t30.nogoods_size = 2436225
t30.nodes = 10340861
t30.propagations = 10340861
t28.stop_reason = aborted
t28.restarts = 9390
t28.nogoods_size = 2436225
t28.nodes = 7889609
t28.propagations = 7889609
t8.restarts = 9390
t8.nogoods_size = 2436225
t8.nodes = 9098741
t8.propagations = 9098741
t13.restarts = 9390
t13.nogoods_size = 2436225
t13.nodes = 9624427
t13.propagations = 9624427
search_time = 999995
