hostname = r1i1n30
commandline = ../glasgow/solve_subgraph_isomorphism --value-ordering=biased --geometric-restarts=1.0 --restarts-constant=5400 --threads=36 --timeout 1000 --format lad ../instances/si/si2_rand_r005_600/si2_r005_m600.05/pattern ../instances/si/si2_rand_r005_600/si2_r005_m600.05/target
started_at = 2018-11-18 17:19:22
pattern_file = ../instances/si/si2_rand_r005_600/si2_r005_m600.05/pattern
target_file = ../instances/si/si2_rand_r005_600/si2_r005_m600.05/target
status = true
nodes = 17324560
propagations = 54226107
mapping = (0 -> 488) (1 -> 535) (2 -> 8) (3 -> 318) (4 -> 525) (5 -> 146) (6 -> 50) (7 -> 557) (8 -> 337) (9 -> 503) (10 -> 502) (11 -> 384) (12 -> 338) (13 -> 125) (14 -> 120) (15 -> 279) (16 -> 417) (17 -> 322) (18 -> 408) (19 -> 324) (20 -> 537) (21 -> 195) (22 -> 432) (23 -> 140) (24 -> 235) (25 -> 172) (26 -> 173) (27 -> 499) (28 -> 274) (29 -> 546) (30 -> 319) (31 -> 208) (32 -> 64) (33 -> 66) (34 -> 220) (35 -> 421) (36 -> 490) (37 -> 534) (38 -> 271) (39 -> 69) (40 -> 104) (41 -> 457) (42 -> 440) (43 -> 100) (44 -> 354) (45 -> 313) (46 -> 270) (47 -> 174) (48 -> 128) (49 -> 405) (50 -> 211) (51 -> 94) (52 -> 171) (53 -> 412) (54 -> 342) (55 -> 597) (56 -> 513) (57 -> 562) (58 -> 228) (59 -> 574) (60 -> 327) (61 -> 461) (62 -> 101) (63 -> 293) (64 -> 570) (65 -> 376) (66 -> 566) (67 -> 147) (68 -> 0) (69 -> 45) (70 -> 99) (71 -> 541) (72 -> 411) (73 -> 162) (74 -> 230) (75 -> 477) (76 -> 282) (77 -> 22) (78 -> 111) (79 -> 539) (80 -> 400) (81 -> 31) (82 -> 139) (83 -> 304) (84 -> 261) (85 -> 443) (86 -> 569) (87 -> 107) (88 -> 226) (89 -> 493) (90 -> 273) (91 -> 96) (92 -> 433) (93 -> 441) (94 -> 355) (95 -> 205) (96 -> 44) (97 -> 153) (98 -> 276) (99 -> 487) (100 -> 213) (101 -> 532) (102 -> 585) (103 -> 554) (104 -> 386) (105 -> 533) (106 -> 86) (107 -> 581) (108 -> 177) (109 -> 185) (110 -> 138) (111 -> 527) (112 -> 265) (113 -> 67) (114 -> 105) (115 -> 531) (116 -> 115) (117 -> 559) (118 -> 370) (119 -> 303) 
runtime = 11454
t5.stop_reason = aborted
t5.restarts = 95
t5.nogoods_size = 51383
t5.nodes = 479171
t5.propagations = 479171
t24.stop_reason = aborted
t24.restarts = 95
t24.nogoods_size = 51383
t24.nodes = 483140
t24.propagations = 483140
t30.stop_reason = aborted
t30.restarts = 95
t30.nogoods_size = 51383
t30.nodes = 482556
t30.propagations = 482556
t17.stop_reason = aborted
t17.restarts = 95
t17.nogoods_size = 51383
t17.nodes = 487391
t17.propagations = 487391
t22.stop_reason = aborted
t22.restarts = 95
t22.nogoods_size = 51383
t22.nodes = 488365
t22.propagations = 488365
t9.stop_reason = aborted
t9.restarts = 95
t9.nogoods_size = 51383
t9.nodes = 480327
t9.propagations = 480327
t21.stop_reason = aborted
t21.restarts = 95
t21.nogoods_size = 51383
t21.nodes = 483790
t21.propagations = 483790
t4.stop_reason = aborted
t4.restarts = 95
t4.nogoods_size = 51383
t4.nodes = 482767
t4.propagations = 482767
t26.stop_reason = aborted
t26.restarts = 95
t26.nogoods_size = 51383
t26.nodes = 481632
t26.propagations = 481632
t12.stop_reason = aborted
t12.restarts = 95
t12.nogoods_size = 51383
t12.nodes = 488979
t12.propagations = 488979
t3.stop_reason = aborted
t3.restarts = 95
t3.nogoods_size = 51383
t3.nodes = 486846
t3.propagations = 486846
t31.stop_reason = aborted
t31.restarts = 95
t31.nogoods_size = 51383
t31.nodes = 486645
t31.propagations = 486645
t6.stop_reason = aborted
t6.restarts = 95
t6.nogoods_size = 51383
t6.nodes = 483780
t6.propagations = 483780
t34.where = 0/517 -1/-1 3/41 -1/-1 2/7 -1/-1 3/6 -1/-1 2/5 -1/-1 -1/-1 0/3 -1/-1 -1/-1 0/2 -1/-1 -1/-1 -1/-1 -1/-1 -1/-1 -1/-1 -1/-1 -1/-1 -1/-1 -1/-1 -1/-1 -1/-1 -1/-1 -1/-1 -1/-1 -1/-1 -1/-1 -1/-1 -1/-1 -1/-1 -1/-1 -1/-1 -1/-1 -1/-1 -1/-1 -1/-1 -1/-1 -1/-1 -1/-1 -1/-1 -1/-1 -1/-1 -1/-1 -1/-1 -1/-1 -1/-1 -1/-1 -1/-1 -1/-1 -1/-1 -1/-1 -1/-1 -1/-1 -1/-1 -1/-1 -1/-1 -1/-1 -1/-1 -1/-1 -1/-1 -1/-1 -1/-1 -1/-1 -1/-1 -1/-1 -1/-1 -1/-1 -1/-1 -1/-1 -1/-1 -1/-1 -1/-1 -1/-1 -1/-1 -1/-1 -1/-1 -1/-1 -1/-1 -1/-1 -1/-1 -1/-1 -1/-1 -1/-1 -1/-1 -1/-1 -1/-1 -1/-1 -1/-1 -1/-1 -1/-1 -1/-1 -1/-1 -1/-1 -1/-1 -1/-1 -1/-1 -1/-1 -1/-1 -1/-1 -1/-1 -1/-1 -1/-1 -1/-1 -1/-1 -1/-1 -1/-1 -1/-1 -1/-1 -1/-1 -1/-1 -1/-1 -1/-1 -1/-1 -1/-1 -1/-1 -1/-1 -1/-1 -1/-1 -1/-1 -1/-1 -1/-1 -1/-1
t34.stop_reason = satisfiable
t34.restarts = 95
t34.nogoods_size = 51383
t34.nodes = 485181
t34.propagations = 485181
t0.stop_reason = aborted
t0.restarts = 95
t0.nogoods_size = 51383
t0.nodes = 485084
t0.propagations = 485084
t11.stop_reason = aborted
t11.restarts = 95
t11.nogoods_size = 51383
t11.nodes = 483001
t11.propagations = 483001
t19.stop_reason = aborted
t19.restarts = 95
t19.nogoods_size = 51383
t19.nodes = 481397
t19.propagations = 481397
t27.stop_reason = aborted
t27.restarts = 95
t27.nogoods_size = 51383
t27.nodes = 479984
t27.propagations = 479984
t10.stop_reason = aborted
t10.restarts = 95
t10.nogoods_size = 51383
t10.nodes = 482502
t10.propagations = 482502
t16.stop_reason = aborted
t16.restarts = 95
t16.nogoods_size = 51383
t16.nodes = 483209
t16.propagations = 483209
t18.stop_reason = aborted
t18.restarts = 95
t18.nogoods_size = 51383
t18.nodes = 482343
t18.propagations = 482343
t13.stop_reason = aborted
t13.restarts = 95
t13.nogoods_size = 51383
t13.nodes = 480899
t13.propagations = 480899
t35.stop_reason = aborted
t35.restarts = 95
t35.nogoods_size = 51383
t35.nodes = 486782
t35.propagations = 486782
t7.stop_reason = aborted
t7.restarts = 95
t7.nogoods_size = 51383
t7.nodes = 486962
t7.propagations = 486962
t8.stop_reason = aborted
t8.restarts = 95
t8.nogoods_size = 51383
t8.nodes = 485304
t8.propagations = 485304
t23.stop_reason = aborted
t23.restarts = 95
t23.nogoods_size = 51383
t23.nodes = 485628
t23.propagations = 485628
t33.stop_reason = aborted
t33.restarts = 95
t33.nogoods_size = 51383
t33.nodes = 489336
t33.propagations = 489336
t20.stop_reason = aborted
t20.restarts = 95
t20.nogoods_size = 51383
t20.nodes = 431417
t20.propagations = 431417
t28.stop_reason = aborted
t28.restarts = 95
t28.nogoods_size = 51383
t28.nodes = 484408
t28.propagations = 484408
t1.stop_reason = aborted
t1.restarts = 95
t1.nogoods_size = 51383
t1.nodes = 487815
t1.propagations = 487815
t14.stop_reason = aborted
t14.restarts = 95
t14.nogoods_size = 51383
t14.nodes = 486057
t14.propagations = 486057
t15.stop_reason = aborted
t15.restarts = 95
t15.nogoods_size = 51383
t15.nodes = 481927
t15.propagations = 481927
t29.stop_reason = aborted
t29.restarts = 95
t29.nogoods_size = 51383
t29.nodes = 481342
t29.propagations = 481342
t32.stop_reason = aborted
t32.restarts = 95
t32.nogoods_size = 51383
t32.nodes = 484768
t32.propagations = 484768
t25.stop_reason = aborted
t25.restarts = 95
t25.nogoods_size = 51383
t25.nodes = 481140
t25.propagations = 481140
t2.stop_reason = aborted
t2.restarts = 95
t2.nogoods_size = 51383
t2.nodes = 432685
t2.propagations = 432685
search_time = 10982
